[2022-04-10 12:17:42.182] corpus.train_file_list: 2
[2022-04-10 12:17:42.182]         ../data/cbt_train.txt
[2022-04-10 12:17:42.182]         ../data/adolescent_train.txt
[2022-04-10 12:17:42.183] corpus.valid_file_list: 2
[2022-04-10 12:17:42.183]         ../data/cbt_valid.txt
[2022-04-10 12:17:42.183]         ../data/adolescent_valid.txt
[2022-04-10 12:17:42.183] corpus.test_file_list: 3
[2022-04-10 12:17:42.183]         ../data/adult_test.txt
[2022-04-10 12:17:42.183]         ../data/adolescent_valid.txt
[2022-04-10 12:17:42.183]         ../data/cbt_valid.txt
[2022-04-10 12:17:42.183] corpus.subword_vocab_size: 0
[2022-04-10 12:17:42.183] corpus.subword_model = None. Corpus will not use subword.
[2022-04-10 12:17:42.183] corpus tokenize...
[2022-04-10 12:17:43.072]         train tokens: 732483  ../data/cbt_train.txt
[2022-04-10 12:17:43.520]         train tokens: 241771  ../data/adolescent_train.txt
[2022-04-10 12:17:43.867]         valid tokens: 269037  ../data/cbt_valid.txt
[2022-04-10 12:17:43.978]         valid tokens:  64138  ../data/adolescent_valid.txt
[2022-04-10 12:17:44.057]         test  tokens:  60655  ../data/adult_test.txt
[2022-04-10 12:17:44.166]         test  tokens:  64138  ../data/adolescent_valid.txt
[2022-04-10 12:17:44.505]         test  tokens: 269037  ../data/cbt_valid.txt
[2022-04-10 12:17:44.505] corpus.ntokens      : 48249
[2022-04-10 12:17:44.505] corpus.char_count   : 105
[2022-04-10 12:17:44.505] corpus.char_cnt_dict: 105
[2022-04-10 12:17:44.505] corpus.char_id_dict : 105
[2022-04-10 12:17:44.519] corpus.batchify(2 files, batch_size=20)...
[2022-04-10 12:17:44.519]         tokens_all: 974254
[2022-04-10 12:17:44.519]         batched   :  48712
[2022-04-10 12:17:44.519]         ../data/cbt_train.txt
[2022-04-10 12:17:44.519]         ../data/adolescent_train.txt
[2022-04-10 12:17:46.458] corpus.batchify(2 files, batch_size=20)...
[2022-04-10 12:17:46.458]         tokens_all: 333175
[2022-04-10 12:17:46.458]         batched   :  16658
[2022-04-10 12:17:46.458]         ../data/cbt_valid.txt
[2022-04-10 12:17:46.458]         ../data/adolescent_valid.txt
[2022-04-10 12:17:46.460] corpus.batchify(1 files, batch_size=20)...
[2022-04-10 12:17:46.460]         tokens_all:  60655
[2022-04-10 12:17:46.460]         batched   :   3032
[2022-04-10 12:17:46.460]         ../data/adult_test.txt
[2022-04-10 12:17:46.461] corpus.batchify(1 files, batch_size=20)...
[2022-04-10 12:17:46.461]         tokens_all:  64138
[2022-04-10 12:17:46.461]         batched   :   3206
[2022-04-10 12:17:46.461]         ../data/adolescent_valid.txt
[2022-04-10 12:17:46.462] corpus.batchify(1 files, batch_size=20)...
[2022-04-10 12:17:46.462]         tokens_all: 269037
[2022-04-10 12:17:46.463]         batched   :  13451
[2022-04-10 12:17:46.463]         ../data/cbt_valid.txt
[2022-04-10 12:17:46.799] RNNModel.rnn_type: LSTM
[2022-04-10 12:17:46.799] RNNModel.ntoken  : 48249
[2022-04-10 12:17:46.799] RNNModel.ninp    : 200
[2022-04-10 12:17:46.799] RNNModel.nhid    : 200
[2022-04-10 12:17:46.799] RNNModel.nlayers : 2
[2022-04-10 12:17:46.799] RNNModel.dropout : 0.2
[2022-04-10 12:17:46.799] RNNModel.tie_weights: False
[2022-04-10 12:17:46.799] RNNModel.char_mode  : 
[2022-04-10 12:17:46.799] RNNModel.char_cnt   : 106
[2022-04-10 12:17:46.799] RNNModel.char_emsize: 25
[2022-04-10 12:17:46.799] RNNModel.char_nhid  : 200
[2022-04-10 12:17:46.800] RNNModel will not use char-encoding
[2022-04-10 12:17:46.981] Epoch 001/40 ==================================================
[2022-04-10 12:17:54.898] E001 |   200/1391 batches | lr 20.0000 | loss  7.363 | ppl   1577.14
[2022-04-10 12:18:02.740] E001 |   400/1391 batches | lr 20.0000 | loss  6.135 | ppl    461.88
[2022-04-10 12:18:10.537] E001 |   600/1391 batches | lr 20.0000 | loss  5.663 | ppl    287.91
[2022-04-10 12:18:18.302] E001 |   800/1391 batches | lr 20.0000 | loss  5.412 | ppl    224.12
[2022-04-10 12:18:26.118] E001 |  1000/1391 batches | lr 20.0000 | loss  5.274 | ppl    195.14
[2022-04-10 12:18:33.939] E001 |  1200/1391 batches | lr 20.0000 | loss  5.110 | ppl    165.73
[2022-04-10 12:18:41.405] E001 |  1391/1391 batches | lr 20.0000 | loss  5.118 | ppl    166.98
[2022-04-10 12:18:50.480] End E001 | valid loss  5.335; ppl    207.39 | accu 0.1894 = 63101/333140
[2022-04-10 12:18:52.131] End E001 |  test loss  8.598; ppl   5419.82 | accu 0.0607 = 3680/60620 ../data/adult_test.txt
[2022-04-10 12:18:53.880] End E001 |  test loss  6.373; ppl    585.68 | accu 0.1516 = 9717/64100 ../data/adolescent_valid.txt
[2022-04-10 12:19:01.159] End E001 |  test loss  5.089; ppl    162.16 | accu 0.1983 = 53339/269000 ../data/cbt_valid.txt
[2022-04-10 12:19:01.159] Save: model.pt... 
[2022-04-10 12:19:01.451] Save: model.pt...Done. best_val_loss: 5.3346
[2022-04-10 12:19:01.451] Epoch 002/40 ==================================================
[2022-04-10 12:19:09.215] E002 |   200/1391 batches | lr 20.0000 | loss  5.022 | ppl    151.65
[2022-04-10 12:19:16.948] E002 |   400/1391 batches | lr 20.0000 | loss  4.949 | ppl    141.05
[2022-04-10 12:19:24.693] E002 |   600/1391 batches | lr 20.0000 | loss  4.885 | ppl    132.24
[2022-04-10 12:19:32.468] E002 |   800/1391 batches | lr 20.0000 | loss  4.822 | ppl    124.24
[2022-04-10 12:19:40.217] E002 |  1000/1391 batches | lr 20.0000 | loss  4.783 | ppl    119.44
[2022-04-10 12:19:48.026] E002 |  1200/1391 batches | lr 20.0000 | loss  4.691 | ppl    109.01
[2022-04-10 12:19:55.473] E002 |  1391/1391 batches | lr 20.0000 | loss  4.744 | ppl    114.85
[2022-04-10 12:20:04.580] End E002 | valid loss  5.127; ppl    168.57 | accu 0.2110 = 70297/333140
[2022-04-10 12:20:06.229] End E002 |  test loss  8.601; ppl   5439.33 | accu 0.0677 = 4104/60620 ../data/adult_test.txt
[2022-04-10 12:20:07.976] End E002 |  test loss  6.149; ppl    468.36 | accu 0.1762 = 11294/64100 ../data/adolescent_valid.txt
[2022-04-10 12:20:15.272] End E002 |  test loss  4.888; ppl    132.64 | accu 0.2190 = 58898/269000 ../data/cbt_valid.txt
[2022-04-10 12:20:15.273] Save: model.pt... 
[2022-04-10 12:20:15.574] Save: model.pt...Done. best_val_loss: 5.1274
[2022-04-10 12:20:15.574] Epoch 003/40 ==================================================
[2022-04-10 12:20:23.335] E003 |   200/1391 batches | lr 20.0000 | loss  4.697 | ppl    109.63
[2022-04-10 12:20:31.095] E003 |   400/1391 batches | lr 20.0000 | loss  4.649 | ppl    104.47
[2022-04-10 12:20:38.829] E003 |   600/1391 batches | lr 20.0000 | loss  4.620 | ppl    101.51
[2022-04-10 12:20:46.585] E003 |   800/1391 batches | lr 20.0000 | loss  4.574 | ppl     96.93
[2022-04-10 12:20:54.321] E003 |  1000/1391 batches | lr 20.0000 | loss  4.557 | ppl     95.29
[2022-04-10 12:21:02.077] E003 |  1200/1391 batches | lr 20.0000 | loss  4.479 | ppl     88.11
[2022-04-10 12:21:09.465] E003 |  1391/1391 batches | lr 20.0000 | loss  4.545 | ppl     94.13
[2022-04-10 12:21:18.529] End E003 | valid loss  5.045; ppl    155.31 | accu 0.2200 = 73283/333140
[2022-04-10 12:21:20.179] End E003 |  test loss  8.727; ppl   6170.17 | accu 0.0713 = 4322/60620 ../data/adult_test.txt
[2022-04-10 12:21:21.958] End E003 |  test loss  6.034; ppl    417.57 | accu 0.1940 = 12433/64100 ../data/adolescent_valid.txt
[2022-04-10 12:21:29.254] End E003 |  test loss  4.811; ppl    122.80 | accu 0.2260 = 60803/269000 ../data/cbt_valid.txt
[2022-04-10 12:21:29.254] Save: model.pt... 
[2022-04-10 12:21:29.560] Save: model.pt...Done. best_val_loss: 5.0454
[2022-04-10 12:21:29.560] Epoch 004/40 ==================================================
[2022-04-10 12:21:37.335] E004 |   200/1391 batches | lr 20.0000 | loss  4.511 | ppl     91.05
[2022-04-10 12:21:45.056] E004 |   400/1391 batches | lr 20.0000 | loss  4.474 | ppl     87.69
[2022-04-10 12:21:52.784] E004 |   600/1391 batches | lr 20.0000 | loss  4.457 | ppl     86.24
[2022-04-10 12:22:00.524] E004 |   800/1391 batches | lr 20.0000 | loss  4.421 | ppl     83.20
[2022-04-10 12:22:08.260] E004 |  1000/1391 batches | lr 20.0000 | loss  4.411 | ppl     82.37
[2022-04-10 12:22:16.022] E004 |  1200/1391 batches | lr 20.0000 | loss  4.341 | ppl     76.80
[2022-04-10 12:22:23.469] E004 |  1391/1391 batches | lr 20.0000 | loss  4.408 | ppl     82.12
[2022-04-10 12:22:32.473] End E004 | valid loss  5.015; ppl    150.72 | accu 0.2255 = 75126/333140
[2022-04-10 12:22:34.110] End E004 |  test loss  8.780; ppl   6500.58 | accu 0.0716 = 4339/60620 ../data/adult_test.txt
[2022-04-10 12:22:35.848] End E004 |  test loss  6.009; ppl    407.20 | accu 0.1956 = 12541/64100 ../data/adolescent_valid.txt
[2022-04-10 12:22:43.060] End E004 |  test loss  4.780; ppl    119.11 | accu 0.2324 = 62529/269000 ../data/cbt_valid.txt
[2022-04-10 12:22:43.061] Save: model.pt... 
[2022-04-10 12:22:43.359] Save: model.pt...Done. best_val_loss: 5.0154
[2022-04-10 12:22:43.359] Epoch 005/40 ==================================================
[2022-04-10 12:22:51.162] E005 |   200/1391 batches | lr 20.0000 | loss  4.389 | ppl     80.57
[2022-04-10 12:22:58.911] E005 |   400/1391 batches | lr 20.0000 | loss  4.353 | ppl     77.73
[2022-04-10 12:23:06.710] E005 |   600/1391 batches | lr 20.0000 | loss  4.342 | ppl     76.88
[2022-04-10 12:23:14.487] E005 |   800/1391 batches | lr 20.0000 | loss  4.310 | ppl     74.46
[2022-04-10 12:23:22.278] E005 |  1000/1391 batches | lr 20.0000 | loss  4.306 | ppl     74.12
[2022-04-10 12:23:30.092] E005 |  1200/1391 batches | lr 20.0000 | loss  4.245 | ppl     69.73
[2022-04-10 12:23:37.534] E005 |  1391/1391 batches | lr 20.0000 | loss  4.311 | ppl     74.53
[2022-04-10 12:23:46.550] End E005 | valid loss  5.001; ppl    148.53 | accu 0.2290 = 76290/333140
[2022-04-10 12:23:48.195] End E005 |  test loss  8.962; ppl   7804.20 | accu 0.0713 = 4325/60620 ../data/adult_test.txt
[2022-04-10 12:23:49.934] End E005 |  test loss  6.009; ppl    407.11 | accu 0.2038 = 13065/64100 ../data/adolescent_valid.txt
[2022-04-10 12:23:57.186] End E005 |  test loss  4.762; ppl    117.00 | accu 0.2348 = 63173/269000 ../data/cbt_valid.txt
[2022-04-10 12:23:57.186] Save: model.pt... 
[2022-04-10 12:23:57.494] Save: model.pt...Done. best_val_loss: 5.0008
[2022-04-10 12:23:57.494] Epoch 006/40 ==================================================
[2022-04-10 12:24:05.291] E006 |   200/1391 batches | lr 20.0000 | loss  4.294 | ppl     73.29
[2022-04-10 12:24:13.088] E006 |   400/1391 batches | lr 20.0000 | loss  4.263 | ppl     71.01
[2022-04-10 12:24:20.881] E006 |   600/1391 batches | lr 20.0000 | loss  4.254 | ppl     70.37
[2022-04-10 12:24:28.725] E006 |   800/1391 batches | lr 20.0000 | loss  4.225 | ppl     68.35
[2022-04-10 12:24:36.572] E006 |  1000/1391 batches | lr 20.0000 | loss  4.220 | ppl     68.03
[2022-04-10 12:24:44.451] E006 |  1200/1391 batches | lr 20.0000 | loss  4.165 | ppl     64.38
[2022-04-10 12:24:52.019] E006 |  1391/1391 batches | lr 20.0000 | loss  4.233 | ppl     68.93
[2022-04-10 12:25:01.066] End E006 | valid loss  5.006; ppl    149.28 | accu 0.2304 = 76756/333140
[2022-04-10 12:25:02.708] End E006 |  test loss  9.099; ppl   8949.93 | accu 0.0723 = 4380/60620 ../data/adult_test.txt
[2022-04-10 12:25:04.442] End E006 |  test loss  6.035; ppl    417.75 | accu 0.1990 = 12758/64100 ../data/adolescent_valid.txt
[2022-04-10 12:25:11.696] End E006 |  test loss  4.761; ppl    116.86 | accu 0.2378 = 63955/269000 ../data/cbt_valid.txt
[2022-04-10 12:25:11.696] Epoch 007/40 ==================================================
[2022-04-10 12:25:19.473] E007 |   200/1391 batches | lr 10.0000 | loss  4.171 | ppl     64.80
[2022-04-10 12:25:27.284] E007 |   400/1391 batches | lr 10.0000 | loss  4.115 | ppl     61.23
[2022-04-10 12:25:35.118] E007 |   600/1391 batches | lr 10.0000 | loss  4.089 | ppl     59.70
[2022-04-10 12:25:42.994] E007 |   800/1391 batches | lr 10.0000 | loss  4.046 | ppl     57.16
[2022-04-10 12:25:50.880] E007 |  1000/1391 batches | lr 10.0000 | loss  4.028 | ppl     56.18
[2022-04-10 12:25:58.819] E007 |  1200/1391 batches | lr 10.0000 | loss  3.964 | ppl     52.68
[2022-04-10 12:26:06.402] E007 |  1391/1391 batches | lr 10.0000 | loss  4.017 | ppl     55.52
[2022-04-10 12:26:15.465] End E007 | valid loss  4.966; ppl    143.51 | accu 0.2403 = 80060/333140
[2022-04-10 12:26:17.126] End E007 |  test loss  9.154; ppl   9448.52 | accu 0.0717 = 4345/60620 ../data/adult_test.txt
[2022-04-10 12:26:18.878] End E007 |  test loss  6.021; ppl    411.86 | accu 0.2067 = 13250/64100 ../data/adolescent_valid.txt
[2022-04-10 12:26:26.187] End E007 |  test loss  4.716; ppl    111.68 | accu 0.2482 = 66772/269000 ../data/cbt_valid.txt
[2022-04-10 12:26:26.187] Save: model.pt... 
[2022-04-10 12:26:26.499] Save: model.pt...Done. best_val_loss: 4.9664
[2022-04-10 12:26:26.500] Epoch 008/40 ==================================================
[2022-04-10 12:26:34.434] E008 |   200/1391 batches | lr 10.0000 | loss  4.064 | ppl     58.18
[2022-04-10 12:26:42.311] E008 |   400/1391 batches | lr 10.0000 | loss  4.029 | ppl     56.18
[2022-04-10 12:26:50.234] E008 |   600/1391 batches | lr 10.0000 | loss  4.017 | ppl     55.52
[2022-04-10 12:26:58.134] E008 |   800/1391 batches | lr 10.0000 | loss  3.979 | ppl     53.47
[2022-04-10 12:27:06.091] E008 |  1000/1391 batches | lr 10.0000 | loss  3.969 | ppl     52.94
[2022-04-10 12:27:14.002] E008 |  1200/1391 batches | lr 10.0000 | loss  3.916 | ppl     50.19
[2022-04-10 12:27:21.583] E008 |  1391/1391 batches | lr 10.0000 | loss  3.971 | ppl     53.06
[2022-04-10 12:27:30.610] End E008 | valid loss  4.980; ppl    145.46 | accu 0.2409 = 80252/333140
[2022-04-10 12:27:32.262] End E008 |  test loss  9.237; ppl  10267.55 | accu 0.0732 = 4438/60620 ../data/adult_test.txt
[2022-04-10 12:27:34.009] End E008 |  test loss  6.047; ppl    422.90 | accu 0.2071 = 13273/64100 ../data/adolescent_valid.txt
[2022-04-10 12:27:41.256] End E008 |  test loss  4.726; ppl    112.84 | accu 0.2487 = 66910/269000 ../data/cbt_valid.txt
[2022-04-10 12:27:41.257] Epoch 009/40 ==================================================
[2022-04-10 12:27:49.216] E009 |   200/1391 batches | lr 5.0000 | loss  3.998 | ppl     54.51
[2022-04-10 12:27:57.174] E009 |   400/1391 batches | lr 5.0000 | loss  3.949 | ppl     51.87
[2022-04-10 12:28:05.146] E009 |   600/1391 batches | lr 5.0000 | loss  3.928 | ppl     50.81
[2022-04-10 12:28:13.103] E009 |   800/1391 batches | lr 5.0000 | loss  3.882 | ppl     48.54
[2022-04-10 12:28:21.086] E009 |  1000/1391 batches | lr 5.0000 | loss  3.871 | ppl     47.99
[2022-04-10 12:28:29.038] E009 |  1200/1391 batches | lr 5.0000 | loss  3.801 | ppl     44.74
[2022-04-10 12:28:36.658] E009 |  1391/1391 batches | lr 5.0000 | loss  3.858 | ppl     47.36
[2022-04-10 12:28:45.671] End E009 | valid loss  4.967; ppl    143.61 | accu 0.2451 = 81651/333140
[2022-04-10 12:28:47.321] End E009 |  test loss  9.357; ppl  11580.66 | accu 0.0714 = 4326/60620 ../data/adult_test.txt
[2022-04-10 12:28:49.055] End E009 |  test loss  6.056; ppl    426.56 | accu 0.2071 = 13272/64100 ../data/adolescent_valid.txt
[2022-04-10 12:28:56.346] End E009 |  test loss  4.708; ppl    110.83 | accu 0.2539 = 68302/269000 ../data/cbt_valid.txt
[2022-04-10 12:28:56.346] Epoch 010/40 ==================================================
[2022-04-10 12:29:04.261] E010 |   200/1391 batches | lr 2.5000 | loss  3.936 | ppl     51.23
[2022-04-10 12:29:12.188] E010 |   400/1391 batches | lr 2.5000 | loss  3.894 | ppl     49.09
[2022-04-10 12:29:20.133] E010 |   600/1391 batches | lr 2.5000 | loss  3.874 | ppl     48.14
[2022-04-10 12:29:28.079] E010 |   800/1391 batches | lr 2.5000 | loss  3.827 | ppl     45.94
[2022-04-10 12:29:36.020] E010 |  1000/1391 batches | lr 2.5000 | loss  3.814 | ppl     45.33
[2022-04-10 12:29:43.998] E010 |  1200/1391 batches | lr 2.5000 | loss  3.742 | ppl     42.16
[2022-04-10 12:29:51.570] E010 |  1391/1391 batches | lr 2.5000 | loss  3.791 | ppl     44.32
[2022-04-10 12:30:00.643] End E010 | valid loss  4.969; ppl    143.88 | accu 0.2471 = 82327/333140
[2022-04-10 12:30:02.297] End E010 |  test loss  9.470; ppl  12970.77 | accu 0.0710 = 4304/60620 ../data/adult_test.txt
[2022-04-10 12:30:04.058] End E010 |  test loss  6.068; ppl    431.86 | accu 0.2085 = 13362/64100 ../data/adolescent_valid.txt
[2022-04-10 12:30:11.301] End E010 |  test loss  4.707; ppl    110.77 | accu 0.2562 = 68919/269000 ../data/cbt_valid.txt
[2022-04-10 12:30:11.301] Epoch 011/40 ==================================================
[2022-04-10 12:30:19.211] E011 |   200/1391 batches | lr 1.2500 | loss  3.902 | ppl     49.50
[2022-04-10 12:30:27.124] E011 |   400/1391 batches | lr 1.2500 | loss  3.861 | ppl     47.51
[2022-04-10 12:30:35.042] E011 |   600/1391 batches | lr 1.2500 | loss  3.844 | ppl     46.71
[2022-04-10 12:30:42.963] E011 |   800/1391 batches | lr 1.2500 | loss  3.796 | ppl     44.54
[2022-04-10 12:30:50.925] E011 |  1000/1391 batches | lr 1.2500 | loss  3.782 | ppl     43.89
[2022-04-10 12:30:58.858] E011 |  1200/1391 batches | lr 1.2500 | loss  3.706 | ppl     40.70
[2022-04-10 12:31:06.428] E011 |  1391/1391 batches | lr 1.2500 | loss  3.755 | ppl     42.74
[2022-04-10 12:31:15.470] End E011 | valid loss  4.968; ppl    143.81 | accu 0.2488 = 82878/333140
[2022-04-10 12:31:17.114] End E011 |  test loss  9.532; ppl  13792.22 | accu 0.0706 = 4281/60620 ../data/adult_test.txt
[2022-04-10 12:31:18.839] End E011 |  test loss  6.068; ppl    431.92 | accu 0.2094 = 13425/64100 ../data/adolescent_valid.txt
[2022-04-10 12:31:26.109] End E011 |  test loss  4.707; ppl    110.69 | accu 0.2580 = 69390/269000 ../data/cbt_valid.txt
[2022-04-10 12:31:26.109] Epoch 012/40 ==================================================
[2022-04-10 12:31:34.048] E012 |   200/1391 batches | lr 0.6250 | loss  3.887 | ppl     48.74
[2022-04-10 12:31:41.969] E012 |   400/1391 batches | lr 0.6250 | loss  3.845 | ppl     46.74
[2022-04-10 12:31:49.908] E012 |   600/1391 batches | lr 0.6250 | loss  3.824 | ppl     45.78
[2022-04-10 12:31:57.875] E012 |   800/1391 batches | lr 0.6250 | loss  3.781 | ppl     43.86
[2022-04-10 12:32:05.862] E012 |  1000/1391 batches | lr 0.6250 | loss  3.766 | ppl     43.20
[2022-04-10 12:32:13.825] E012 |  1200/1391 batches | lr 0.6250 | loss  3.691 | ppl     40.09
[2022-04-10 12:32:21.424] E012 |  1391/1391 batches | lr 0.6250 | loss  3.736 | ppl     41.92
[2022-04-10 12:32:30.502] End E012 | valid loss  4.971; ppl    144.21 | accu 0.2492 = 83021/333140
[2022-04-10 12:32:32.164] End E012 |  test loss  9.538; ppl  13881.31 | accu 0.0712 = 4317/60620 ../data/adult_test.txt
[2022-04-10 12:32:33.917] End E012 |  test loss  6.078; ppl    436.34 | accu 0.2099 = 13454/64100 ../data/adolescent_valid.txt
[2022-04-10 12:32:41.200] End E012 |  test loss  4.708; ppl    110.80 | accu 0.2584 = 69501/269000 ../data/cbt_valid.txt
[2022-04-10 12:32:41.200] Epoch 013/40 ==================================================
[2022-04-10 12:32:49.159] E013 |   200/1391 batches | lr 0.3125 | loss  3.877 | ppl     48.29
[2022-04-10 12:32:57.134] E013 |   400/1391 batches | lr 0.3125 | loss  3.838 | ppl     46.44
[2022-04-10 12:33:05.128] E013 |   600/1391 batches | lr 0.3125 | loss  3.819 | ppl     45.58
[2022-04-10 12:33:13.079] E013 |   800/1391 batches | lr 0.3125 | loss  3.775 | ppl     43.62
[2022-04-10 12:33:21.056] E013 |  1000/1391 batches | lr 0.3125 | loss  3.755 | ppl     42.75
[2022-04-10 12:33:29.010] E013 |  1200/1391 batches | lr 0.3125 | loss  3.684 | ppl     39.80
[2022-04-10 12:33:36.652] E013 |  1391/1391 batches | lr 0.3125 | loss  3.728 | ppl     41.58
[2022-04-10 12:33:45.759] End E013 | valid loss  4.971; ppl    144.21 | accu 0.2494 = 83088/333140
[2022-04-10 12:33:47.420] End E013 |  test loss  9.546; ppl  13995.60 | accu 0.0705 = 4276/60620 ../data/adult_test.txt
[2022-04-10 12:33:49.179] End E013 |  test loss  6.083; ppl    438.33 | accu 0.2104 = 13489/64100 ../data/adolescent_valid.txt
[2022-04-10 12:33:56.478] End E013 |  test loss  4.707; ppl    110.67 | accu 0.2586 = 69556/269000 ../data/cbt_valid.txt
[2022-04-10 12:33:56.478] Epoch 014/40 ==================================================
[2022-04-10 12:34:04.441] E014 |   200/1391 batches | lr 0.1562 | loss  3.874 | ppl     48.12
[2022-04-10 12:34:12.394] E014 |   400/1391 batches | lr 0.1562 | loss  3.833 | ppl     46.20
[2022-04-10 12:34:20.364] E014 |   600/1391 batches | lr 0.1562 | loss  3.812 | ppl     45.25
[2022-04-10 12:34:28.376] E014 |   800/1391 batches | lr 0.1562 | loss  3.769 | ppl     43.35
[2022-04-10 12:34:36.364] E014 |  1000/1391 batches | lr 0.1562 | loss  3.751 | ppl     42.55
[2022-04-10 12:34:44.319] E014 |  1200/1391 batches | lr 0.1562 | loss  3.680 | ppl     39.64
[2022-04-10 12:34:51.917] E014 |  1391/1391 batches | lr 0.1562 | loss  3.723 | ppl     41.39
[2022-04-10 12:35:00.988] End E014 | valid loss  4.970; ppl    144.05 | accu 0.2494 = 83087/333140
[2022-04-10 12:35:02.626] End E014 |  test loss  9.546; ppl  13994.51 | accu 0.0707 = 4285/60620 ../data/adult_test.txt
[2022-04-10 12:35:04.371] End E014 |  test loss  6.083; ppl    438.26 | accu 0.2104 = 13486/64100 ../data/adolescent_valid.txt
[2022-04-10 12:35:11.665] End E014 |  test loss  4.705; ppl    110.53 | accu 0.2586 = 69551/269000 ../data/cbt_valid.txt
[2022-04-10 12:35:11.665] Epoch 015/40 ==================================================
[2022-04-10 12:35:19.600] E015 |   200/1391 batches | lr 0.0781 | loss  3.871 | ppl     47.99
[2022-04-10 12:35:27.570] E015 |   400/1391 batches | lr 0.0781 | loss  3.829 | ppl     46.03
[2022-04-10 12:35:35.531] E015 |   600/1391 batches | lr 0.0781 | loss  3.812 | ppl     45.22
[2022-04-10 12:35:43.515] E015 |   800/1391 batches | lr 0.0781 | loss  3.770 | ppl     43.36
[2022-04-10 12:35:51.474] E015 |  1000/1391 batches | lr 0.0781 | loss  3.748 | ppl     42.42
[2022-04-10 12:35:59.472] E015 |  1200/1391 batches | lr 0.0781 | loss  3.677 | ppl     39.51
[2022-04-10 12:36:07.085] E015 |  1391/1391 batches | lr 0.0781 | loss  3.722 | ppl     41.33
[2022-04-10 12:36:16.211] End E015 | valid loss  4.970; ppl    144.07 | accu 0.2497 = 83181/333140
[2022-04-10 12:36:17.873] End E015 |  test loss  9.552; ppl  14065.89 | accu 0.0707 = 4284/60620 ../data/adult_test.txt
[2022-04-10 12:36:19.610] End E015 |  test loss  6.084; ppl    438.93 | accu 0.2107 = 13509/64100 ../data/adolescent_valid.txt
[2022-04-10 12:36:26.898] End E015 |  test loss  4.705; ppl    110.51 | accu 0.2588 = 69614/269000 ../data/cbt_valid.txt
[2022-04-10 12:36:26.898] Epoch 016/40 ==================================================
[2022-04-10 12:36:34.836] E016 |   200/1391 batches | lr 0.0391 | loss  3.867 | ppl     47.82
[2022-04-10 12:36:42.783] E016 |   400/1391 batches | lr 0.0391 | loss  3.828 | ppl     45.99
[2022-04-10 12:36:50.748] E016 |   600/1391 batches | lr 0.0391 | loss  3.810 | ppl     45.14
[2022-04-10 12:36:58.686] E016 |   800/1391 batches | lr 0.0391 | loss  3.766 | ppl     43.20
[2022-04-10 12:37:06.648] E016 |  1000/1391 batches | lr 0.0391 | loss  3.749 | ppl     42.47
[2022-04-10 12:37:14.586] E016 |  1200/1391 batches | lr 0.0391 | loss  3.674 | ppl     39.40
[2022-04-10 12:37:22.200] E016 |  1391/1391 batches | lr 0.0391 | loss  3.719 | ppl     41.23
[2022-04-10 12:37:31.298] End E016 | valid loss  4.970; ppl    144.03 | accu 0.2499 = 83255/333140
[2022-04-10 12:37:32.960] End E016 |  test loss  9.554; ppl  14098.49 | accu 0.0708 = 4293/60620 ../data/adult_test.txt
[2022-04-10 12:37:34.725] End E016 |  test loss  6.085; ppl    439.07 | accu 0.2106 = 13497/64100 ../data/adolescent_valid.txt
[2022-04-10 12:37:42.015] End E016 |  test loss  4.705; ppl    110.46 | accu 0.2591 = 69695/269000 ../data/cbt_valid.txt
[2022-04-10 12:37:42.015] Epoch 017/40 ==================================================
[2022-04-10 12:37:49.984] E017 |   200/1391 batches | lr 0.0195 | loss  3.866 | ppl     47.75
[2022-04-10 12:37:58.023] E017 |   400/1391 batches | lr 0.0195 | loss  3.828 | ppl     45.96
[2022-04-10 12:38:06.549] E017 |   600/1391 batches | lr 0.0195 | loss  3.810 | ppl     45.15
[2022-04-10 12:38:14.628] E017 |   800/1391 batches | lr 0.0195 | loss  3.765 | ppl     43.17
[2022-04-10 12:38:22.618] E017 |  1000/1391 batches | lr 0.0195 | loss  3.745 | ppl     42.32
[2022-04-10 12:38:30.583] E017 |  1200/1391 batches | lr 0.0195 | loss  3.674 | ppl     39.39
[2022-04-10 12:38:38.199] E017 |  1391/1391 batches | lr 0.0195 | loss  3.716 | ppl     41.11
[2022-04-10 12:38:47.318] End E017 | valid loss  4.970; ppl    143.97 | accu 0.2500 = 83278/333140
[2022-04-10 12:38:48.983] End E017 |  test loss  9.557; ppl  14141.58 | accu 0.0706 = 4282/60620 ../data/adult_test.txt
[2022-04-10 12:38:50.749] End E017 |  test loss  6.084; ppl    438.85 | accu 0.2106 = 13500/64100 ../data/adolescent_valid.txt
[2022-04-10 12:38:58.061] End E017 |  test loss  4.704; ppl    110.42 | accu 0.2592 = 69722/269000 ../data/cbt_valid.txt
[2022-04-10 12:38:58.061] Epoch 018/40 ==================================================
[2022-04-10 12:39:06.040] E018 |   200/1391 batches | lr 0.0098 | loss  3.869 | ppl     47.89
[2022-04-10 12:39:14.016] E018 |   400/1391 batches | lr 0.0098 | loss  3.823 | ppl     45.76
[2022-04-10 12:39:21.991] E018 |   600/1391 batches | lr 0.0098 | loss  3.810 | ppl     45.15
[2022-04-10 12:39:29.987] E018 |   800/1391 batches | lr 0.0098 | loss  3.765 | ppl     43.18
[2022-04-10 12:39:37.953] E018 |  1000/1391 batches | lr 0.0098 | loss  3.747 | ppl     42.38
[2022-04-10 12:39:45.894] E018 |  1200/1391 batches | lr 0.0098 | loss  3.673 | ppl     39.38
[2022-04-10 12:39:53.477] E018 |  1391/1391 batches | lr 0.0098 | loss  3.721 | ppl     41.29
[2022-04-10 12:40:02.545] End E018 | valid loss  4.969; ppl    143.94 | accu 0.2500 = 83295/333140
[2022-04-10 12:40:04.190] End E018 |  test loss  9.559; ppl  14169.73 | accu 0.0705 = 4276/60620 ../data/adult_test.txt
[2022-04-10 12:40:05.951] End E018 |  test loss  6.084; ppl    438.78 | accu 0.2106 = 13497/64100 ../data/adolescent_valid.txt
[2022-04-10 12:40:13.253] End E018 |  test loss  4.704; ppl    110.39 | accu 0.2593 = 69747/269000 ../data/cbt_valid.txt
[2022-04-10 12:40:13.253] Epoch 019/40 ==================================================
[2022-04-10 12:40:21.231] E019 |   200/1391 batches | lr 0.0049 | loss  3.867 | ppl     47.82
[2022-04-10 12:40:29.177] E019 |   400/1391 batches | lr 0.0049 | loss  3.827 | ppl     45.92
[2022-04-10 12:40:37.162] E019 |   600/1391 batches | lr 0.0049 | loss  3.808 | ppl     45.06
[2022-04-10 12:40:45.142] E019 |   800/1391 batches | lr 0.0049 | loss  3.762 | ppl     43.04
[2022-04-10 12:40:53.094] E019 |  1000/1391 batches | lr 0.0049 | loss  3.746 | ppl     42.34
[2022-04-10 12:41:01.072] E019 |  1200/1391 batches | lr 0.0049 | loss  3.675 | ppl     39.44
[2022-04-10 12:41:08.687] E019 |  1391/1391 batches | lr 0.0049 | loss  3.717 | ppl     41.14
[2022-04-10 12:41:17.785] End E019 | valid loss  4.969; ppl    143.92 | accu 0.2500 = 83300/333140
[2022-04-10 12:41:19.430] End E019 |  test loss  9.559; ppl  14176.63 | accu 0.0705 = 4276/60620 ../data/adult_test.txt
[2022-04-10 12:41:21.168] End E019 |  test loss  6.084; ppl    438.75 | accu 0.2105 = 13495/64100 ../data/adolescent_valid.txt
[2022-04-10 12:41:28.428] End E019 |  test loss  4.704; ppl    110.38 | accu 0.2593 = 69756/269000 ../data/cbt_valid.txt
[2022-04-10 12:41:28.428] Epoch 020/40 ==================================================
[2022-04-10 12:41:36.380] E020 |   200/1391 batches | lr 0.0024 | loss  3.867 | ppl     47.82
[2022-04-10 12:41:44.326] E020 |   400/1391 batches | lr 0.0024 | loss  3.828 | ppl     45.96
[2022-04-10 12:41:52.287] E020 |   600/1391 batches | lr 0.0024 | loss  3.809 | ppl     45.09
[2022-04-10 12:42:00.242] E020 |   800/1391 batches | lr 0.0024 | loss  3.762 | ppl     43.05
[2022-04-10 12:42:08.199] E020 |  1000/1391 batches | lr 0.0024 | loss  3.745 | ppl     42.32
[2022-04-10 12:42:16.199] E020 |  1200/1391 batches | lr 0.0024 | loss  3.673 | ppl     39.39
[2022-04-10 12:42:23.783] E020 |  1391/1391 batches | lr 0.0024 | loss  3.719 | ppl     41.22
[2022-04-10 12:42:32.852] End E020 | valid loss  4.969; ppl    143.91 | accu 0.2501 = 83306/333140
[2022-04-10 12:42:34.526] End E020 |  test loss  9.560; ppl  14181.35 | accu 0.0705 = 4275/60620 ../data/adult_test.txt
[2022-04-10 12:42:36.313] End E020 |  test loss  6.084; ppl    438.73 | accu 0.2105 = 13496/64100 ../data/adolescent_valid.txt
[2022-04-10 12:42:44.033] End E020 |  test loss  4.704; ppl    110.37 | accu 0.2593 = 69764/269000 ../data/cbt_valid.txt
[2022-04-10 12:42:44.033] Epoch 021/40 ==================================================
[2022-04-10 12:42:52.031] E021 |   200/1391 batches | lr 0.0012 | loss  3.867 | ppl     47.81
[2022-04-10 12:43:00.022] E021 |   400/1391 batches | lr 0.0012 | loss  3.828 | ppl     45.99
[2022-04-10 12:43:07.999] E021 |   600/1391 batches | lr 0.0012 | loss  3.812 | ppl     45.22
[2022-04-10 12:43:15.936] E021 |   800/1391 batches | lr 0.0012 | loss  3.764 | ppl     43.14
[2022-04-10 12:43:24.046] E021 |  1000/1391 batches | lr 0.0012 | loss  3.747 | ppl     42.39
[2022-04-10 12:43:32.033] E021 |  1200/1391 batches | lr 0.0012 | loss  3.673 | ppl     39.37
[2022-04-10 12:43:39.652] E021 |  1391/1391 batches | lr 0.0012 | loss  3.720 | ppl     41.28
[2022-04-10 12:43:48.735] End E021 | valid loss  4.969; ppl    143.90 | accu 0.2501 = 83305/333140
[2022-04-10 12:43:50.400] End E021 |  test loss  9.560; ppl  14182.52 | accu 0.0705 = 4275/60620 ../data/adult_test.txt
[2022-04-10 12:43:52.143] End E021 |  test loss  6.084; ppl    438.73 | accu 0.2105 = 13496/64100 ../data/adolescent_valid.txt
[2022-04-10 12:43:59.426] End E021 |  test loss  4.704; ppl    110.36 | accu 0.2593 = 69763/269000 ../data/cbt_valid.txt
[2022-04-10 12:43:59.426] Epoch 022/40 ==================================================
[2022-04-10 12:44:07.385] E022 |   200/1391 batches | lr 0.0006 | loss  3.866 | ppl     47.76
[2022-04-10 12:44:15.378] E022 |   400/1391 batches | lr 0.0006 | loss  3.826 | ppl     45.88
[2022-04-10 12:44:23.337] E022 |   600/1391 batches | lr 0.0006 | loss  3.809 | ppl     45.12
[2022-04-10 12:44:31.367] E022 |   800/1391 batches | lr 0.0006 | loss  3.766 | ppl     43.19
[2022-04-10 12:44:39.337] E022 |  1000/1391 batches | lr 0.0006 | loss  3.746 | ppl     42.35
[2022-04-10 12:44:47.303] E022 |  1200/1391 batches | lr 0.0006 | loss  3.672 | ppl     39.32
[2022-04-10 12:44:54.894] E022 |  1391/1391 batches | lr 0.0006 | loss  3.717 | ppl     41.16
[2022-04-10 12:45:03.946] End E022 | valid loss  4.969; ppl    143.90 | accu 0.2501 = 83308/333140
[2022-04-10 12:45:05.594] End E022 |  test loss  9.560; ppl  14183.32 | accu 0.0705 = 4275/60620 ../data/adult_test.txt
[2022-04-10 12:45:07.334] End E022 |  test loss  6.084; ppl    438.71 | accu 0.2106 = 13497/64100 ../data/adolescent_valid.txt
[2022-04-10 12:45:14.607] End E022 |  test loss  4.704; ppl    110.36 | accu 0.2593 = 69765/269000 ../data/cbt_valid.txt
[2022-04-10 12:45:14.607] Epoch 023/40 ==================================================
[2022-04-10 12:45:22.551] E023 |   200/1391 batches | lr 0.0003 | loss  3.865 | ppl     47.70
[2022-04-10 12:45:30.526] E023 |   400/1391 batches | lr 0.0003 | loss  3.825 | ppl     45.85
[2022-04-10 12:45:38.467] E023 |   600/1391 batches | lr 0.0003 | loss  3.809 | ppl     45.11
[2022-04-10 12:45:46.438] E023 |   800/1391 batches | lr 0.0003 | loss  3.763 | ppl     43.07
[2022-04-10 12:45:54.380] E023 |  1000/1391 batches | lr 0.0003 | loss  3.747 | ppl     42.41
[2022-04-10 12:46:02.367] E023 |  1200/1391 batches | lr 0.0003 | loss  3.674 | ppl     39.42
[2022-04-10 12:46:10.000] E023 |  1391/1391 batches | lr 0.0003 | loss  3.721 | ppl     41.29
[2022-04-10 12:46:19.067] End E023 | valid loss  4.969; ppl    143.90 | accu 0.2501 = 83308/333140
[2022-04-10 12:46:20.723] End E023 |  test loss  9.560; ppl  14183.99 | accu 0.0705 = 4275/60620 ../data/adult_test.txt
[2022-04-10 12:46:22.466] End E023 |  test loss  6.084; ppl    438.71 | accu 0.2106 = 13498/64100 ../data/adolescent_valid.txt
[2022-04-10 12:46:29.737] End E023 |  test loss  4.704; ppl    110.36 | accu 0.2593 = 69765/269000 ../data/cbt_valid.txt
[2022-04-10 12:46:29.737] Epoch 024/40 ==================================================
[2022-04-10 12:46:37.678] E024 |   200/1391 batches | lr 0.0002 | loss  3.866 | ppl     47.75
[2022-04-10 12:46:45.618] E024 |   400/1391 batches | lr 0.0002 | loss  3.826 | ppl     45.86
[2022-04-10 12:46:53.563] E024 |   600/1391 batches | lr 0.0002 | loss  3.810 | ppl     45.16
[2022-04-10 12:47:01.497] E024 |   800/1391 batches | lr 0.0002 | loss  3.766 | ppl     43.22
[2022-04-10 12:47:09.458] E024 |  1000/1391 batches | lr 0.0002 | loss  3.747 | ppl     42.41
[2022-04-10 12:47:17.410] E024 |  1200/1391 batches | lr 0.0002 | loss  3.676 | ppl     39.50
[2022-04-10 12:47:25.013] E024 |  1391/1391 batches | lr 0.0002 | loss  3.717 | ppl     41.12
[2022-04-10 12:47:34.122] End E024 | valid loss  4.969; ppl    143.90 | accu 0.2501 = 83307/333140
[2022-04-10 12:47:35.790] End E024 |  test loss  9.560; ppl  14184.15 | accu 0.0705 = 4275/60620 ../data/adult_test.txt
[2022-04-10 12:47:37.548] End E024 |  test loss  6.084; ppl    438.71 | accu 0.2106 = 13498/64100 ../data/adolescent_valid.txt
[2022-04-10 12:47:44.863] End E024 |  test loss  4.704; ppl    110.36 | accu 0.2593 = 69765/269000 ../data/cbt_valid.txt
[2022-04-10 12:47:44.863] Epoch 025/40 ==================================================
[2022-04-10 12:47:52.878] E025 |   200/1391 batches | lr 0.0001 | loss  3.866 | ppl     47.77
[2022-04-10 12:48:00.827] E025 |   400/1391 batches | lr 0.0001 | loss  3.826 | ppl     45.89
[2022-04-10 12:48:08.792] E025 |   600/1391 batches | lr 0.0001 | loss  3.812 | ppl     45.26
[2022-04-10 12:48:16.749] E025 |   800/1391 batches | lr 0.0001 | loss  3.766 | ppl     43.19
[2022-04-10 12:48:24.688] E025 |  1000/1391 batches | lr 0.0001 | loss  3.747 | ppl     42.39
[2022-04-10 12:48:32.655] E025 |  1200/1391 batches | lr 0.0001 | loss  3.672 | ppl     39.33
[2022-04-10 12:48:40.249] E025 |  1391/1391 batches | lr 0.0001 | loss  3.718 | ppl     41.17
[2022-04-10 12:48:49.295] End E025 | valid loss  4.969; ppl    143.90 | accu 0.2501 = 83311/333140
[2022-04-10 12:48:50.963] End E025 |  test loss  9.560; ppl  14184.25 | accu 0.0705 = 4275/60620 ../data/adult_test.txt
[2022-04-10 12:48:52.718] End E025 |  test loss  6.084; ppl    438.71 | accu 0.2106 = 13498/64100 ../data/adolescent_valid.txt
[2022-04-10 12:49:00.018] End E025 |  test loss  4.704; ppl    110.36 | accu 0.2594 = 69768/269000 ../data/cbt_valid.txt
[2022-04-10 12:49:00.018] Epoch 026/40 ==================================================
[2022-04-10 12:49:07.948] E026 |   200/1391 batches | lr 0.0000 | loss  3.864 | ppl     47.65
[2022-04-10 12:49:15.898] E026 |   400/1391 batches | lr 0.0000 | loss  3.824 | ppl     45.80
[2022-04-10 12:49:23.832] E026 |   600/1391 batches | lr 0.0000 | loss  3.811 | ppl     45.19
[2022-04-10 12:49:31.787] E026 |   800/1391 batches | lr 0.0000 | loss  3.763 | ppl     43.09
[2022-04-10 12:49:39.721] E026 |  1000/1391 batches | lr 0.0000 | loss  3.744 | ppl     42.25
[2022-04-10 12:49:47.693] E026 |  1200/1391 batches | lr 0.0000 | loss  3.672 | ppl     39.34
[2022-04-10 12:49:55.288] E026 |  1391/1391 batches | lr 0.0000 | loss  3.720 | ppl     41.25
[2022-04-10 12:50:04.346] End E026 | valid loss  4.969; ppl    143.90 | accu 0.2501 = 83311/333140
[2022-04-10 12:50:05.995] End E026 |  test loss  9.560; ppl  14184.37 | accu 0.0705 = 4275/60620 ../data/adult_test.txt
[2022-04-10 12:50:07.749] End E026 |  test loss  6.084; ppl    438.71 | accu 0.2106 = 13498/64100 ../data/adolescent_valid.txt
[2022-04-10 12:50:15.019] End E026 |  test loss  4.704; ppl    110.36 | accu 0.2594 = 69767/269000 ../data/cbt_valid.txt
[2022-04-10 12:50:15.019] Epoch 027/40 ==================================================
[2022-04-10 12:50:22.967] E027 |   200/1391 batches | lr 0.0000 | loss  3.863 | ppl     47.61
[2022-04-10 12:50:30.951] E027 |   400/1391 batches | lr 0.0000 | loss  3.824 | ppl     45.80
[2022-04-10 12:50:38.914] E027 |   600/1391 batches | lr 0.0000 | loss  3.811 | ppl     45.19
[2022-04-10 12:50:46.859] E027 |   800/1391 batches | lr 0.0000 | loss  3.766 | ppl     43.21
[2022-04-10 12:50:54.821] E027 |  1000/1391 batches | lr 0.0000 | loss  3.747 | ppl     42.40
[2022-04-10 12:51:02.804] E027 |  1200/1391 batches | lr 0.0000 | loss  3.673 | ppl     39.38
[2022-04-10 12:51:10.409] E027 |  1391/1391 batches | lr 0.0000 | loss  3.719 | ppl     41.23
[2022-04-10 12:51:19.517] End E027 | valid loss  4.969; ppl    143.90 | accu 0.2501 = 83310/333140
[2022-04-10 12:51:21.198] End E027 |  test loss  9.560; ppl  14184.43 | accu 0.0705 = 4275/60620 ../data/adult_test.txt
[2022-04-10 12:51:22.947] End E027 |  test loss  6.084; ppl    438.71 | accu 0.2106 = 13498/64100 ../data/adolescent_valid.txt
[2022-04-10 12:51:30.259] End E027 |  test loss  4.704; ppl    110.36 | accu 0.2594 = 69767/269000 ../data/cbt_valid.txt
[2022-04-10 12:51:30.259] Epoch 028/40 ==================================================
[2022-04-10 12:51:38.242] E028 |   200/1391 batches | lr 0.0000 | loss  3.868 | ppl     47.84
[2022-04-10 12:51:46.217] E028 |   400/1391 batches | lr 0.0000 | loss  3.825 | ppl     45.82
[2022-04-10 12:51:54.203] E028 |   600/1391 batches | lr 0.0000 | loss  3.807 | ppl     45.02
[2022-04-10 12:52:02.186] E028 |   800/1391 batches | lr 0.0000 | loss  3.764 | ppl     43.13
[2022-04-10 12:52:10.178] E028 |  1000/1391 batches | lr 0.0000 | loss  3.745 | ppl     42.30
[2022-04-10 12:52:18.135] E028 |  1200/1391 batches | lr 0.0000 | loss  3.674 | ppl     39.41
[2022-04-10 12:52:25.762] E028 |  1391/1391 batches | lr 0.0000 | loss  3.719 | ppl     41.23
[2022-04-10 12:52:34.874] End E028 | valid loss  4.969; ppl    143.90 | accu 0.2501 = 83310/333140
[2022-04-10 12:52:36.539] End E028 |  test loss  9.560; ppl  14184.46 | accu 0.0705 = 4275/60620 ../data/adult_test.txt
[2022-04-10 12:52:38.278] End E028 |  test loss  6.084; ppl    438.71 | accu 0.2106 = 13498/64100 ../data/adolescent_valid.txt
[2022-04-10 12:52:45.565] End E028 |  test loss  4.704; ppl    110.36 | accu 0.2594 = 69768/269000 ../data/cbt_valid.txt
[2022-04-10 12:52:45.565] Epoch 029/40 ==================================================
[2022-04-10 12:52:53.517] E029 |   200/1391 batches | lr 0.0000 | loss  3.866 | ppl     47.74
[2022-04-10 12:53:01.472] E029 |   400/1391 batches | lr 0.0000 | loss  3.826 | ppl     45.87
[2022-04-10 12:53:09.435] E029 |   600/1391 batches | lr 0.0000 | loss  3.810 | ppl     45.14
[2022-04-10 12:53:17.407] E029 |   800/1391 batches | lr 0.0000 | loss  3.767 | ppl     43.25
[2022-04-10 12:53:25.395] E029 |  1000/1391 batches | lr 0.0000 | loss  3.747 | ppl     42.39
[2022-04-10 12:53:33.372] E029 |  1200/1391 batches | lr 0.0000 | loss  3.673 | ppl     39.36
[2022-04-10 12:53:41.011] E029 |  1391/1391 batches | lr 0.0000 | loss  3.716 | ppl     41.11
[2022-04-10 12:53:50.129] End E029 | valid loss  4.969; ppl    143.90 | accu 0.2501 = 83310/333140
[2022-04-10 12:53:51.795] End E029 |  test loss  9.560; ppl  14184.47 | accu 0.0705 = 4275/60620 ../data/adult_test.txt
[2022-04-10 12:53:53.556] End E029 |  test loss  6.084; ppl    438.71 | accu 0.2106 = 13498/64100 ../data/adolescent_valid.txt
[2022-04-10 12:54:00.887] End E029 |  test loss  4.704; ppl    110.36 | accu 0.2594 = 69768/269000 ../data/cbt_valid.txt
[2022-04-10 12:54:00.887] Epoch 030/40 ==================================================
[2022-04-10 12:54:08.850] E030 |   200/1391 batches | lr 0.0000 | loss  3.866 | ppl     47.76
[2022-04-10 12:54:16.834] E030 |   400/1391 batches | lr 0.0000 | loss  3.826 | ppl     45.89
[2022-04-10 12:54:24.815] E030 |   600/1391 batches | lr 0.0000 | loss  3.808 | ppl     45.05
[2022-04-10 12:54:32.847] E030 |   800/1391 batches | lr 0.0000 | loss  3.762 | ppl     43.04
[2022-04-10 12:54:40.843] E030 |  1000/1391 batches | lr 0.0000 | loss  3.748 | ppl     42.43
[2022-04-10 12:54:48.813] E030 |  1200/1391 batches | lr 0.0000 | loss  3.671 | ppl     39.29
[2022-04-10 12:54:56.434] E030 |  1391/1391 batches | lr 0.0000 | loss  3.716 | ppl     41.10
[2022-04-10 12:55:05.554] End E030 | valid loss  4.969; ppl    143.90 | accu 0.2501 = 83310/333140
[2022-04-10 12:55:07.196] End E030 |  test loss  9.560; ppl  14184.48 | accu 0.0705 = 4275/60620 ../data/adult_test.txt
[2022-04-10 12:55:08.946] End E030 |  test loss  6.084; ppl    438.71 | accu 0.2106 = 13498/64100 ../data/adolescent_valid.txt
[2022-04-10 12:55:16.258] End E030 |  test loss  4.704; ppl    110.36 | accu 0.2594 = 69768/269000 ../data/cbt_valid.txt
[2022-04-10 12:55:16.258] Epoch 031/40 ==================================================
[2022-04-10 12:55:24.212] E031 |   200/1391 batches | lr 0.0000 | loss  3.861 | ppl     47.53
[2022-04-10 12:55:32.206] E031 |   400/1391 batches | lr 0.0000 | loss  3.826 | ppl     45.87
[2022-04-10 12:55:40.187] E031 |   600/1391 batches | lr 0.0000 | loss  3.812 | ppl     45.24
[2022-04-10 12:55:48.142] E031 |   800/1391 batches | lr 0.0000 | loss  3.766 | ppl     43.21
[2022-04-10 12:55:56.106] E031 |  1000/1391 batches | lr 0.0000 | loss  3.748 | ppl     42.42
[2022-04-10 12:56:04.057] E031 |  1200/1391 batches | lr 0.0000 | loss  3.673 | ppl     39.38
[2022-04-10 12:56:11.682] E031 |  1391/1391 batches | lr 0.0000 | loss  3.720 | ppl     41.27
[2022-04-10 12:56:20.809] End E031 | valid loss  4.969; ppl    143.90 | accu 0.2501 = 83310/333140
[2022-04-10 12:56:22.473] End E031 |  test loss  9.560; ppl  14184.48 | accu 0.0705 = 4275/60620 ../data/adult_test.txt
[2022-04-10 12:56:24.222] End E031 |  test loss  6.084; ppl    438.71 | accu 0.2106 = 13498/64100 ../data/adolescent_valid.txt
[2022-04-10 12:56:31.513] End E031 |  test loss  4.704; ppl    110.36 | accu 0.2594 = 69768/269000 ../data/cbt_valid.txt
[2022-04-10 12:56:31.514] Epoch 032/40 ==================================================
[2022-04-10 12:56:39.455] E032 |   200/1391 batches | lr 0.0000 | loss  3.865 | ppl     47.72
[2022-04-10 12:56:47.386] E032 |   400/1391 batches | lr 0.0000 | loss  3.827 | ppl     45.93
[2022-04-10 12:56:55.322] E032 |   600/1391 batches | lr 0.0000 | loss  3.811 | ppl     45.22
[2022-04-10 12:57:03.268] E032 |   800/1391 batches | lr 0.0000 | loss  3.766 | ppl     43.21
[2022-04-10 12:57:11.222] E032 |  1000/1391 batches | lr 0.0000 | loss  3.745 | ppl     42.30
[2022-04-10 12:57:19.141] E032 |  1200/1391 batches | lr 0.0000 | loss  3.672 | ppl     39.32
[2022-04-10 12:57:26.735] E032 |  1391/1391 batches | lr 0.0000 | loss  3.716 | ppl     41.09
[2022-04-10 12:57:35.805] End E032 | valid loss  4.969; ppl    143.90 | accu 0.2501 = 83310/333140
[2022-04-10 12:57:37.479] End E032 |  test loss  9.560; ppl  14184.48 | accu 0.0705 = 4275/60620 ../data/adult_test.txt
[2022-04-10 12:57:39.226] End E032 |  test loss  6.084; ppl    438.71 | accu 0.2106 = 13498/64100 ../data/adolescent_valid.txt
[2022-04-10 12:57:46.526] End E032 |  test loss  4.704; ppl    110.36 | accu 0.2594 = 69768/269000 ../data/cbt_valid.txt
[2022-04-10 12:57:46.526] Epoch 033/40 ==================================================
[2022-04-10 12:57:54.473] E033 |   200/1391 batches | lr 0.0000 | loss  3.871 | ppl     47.98
[2022-04-10 12:58:02.423] E033 |   400/1391 batches | lr 0.0000 | loss  3.823 | ppl     45.72
[2022-04-10 12:58:10.374] E033 |   600/1391 batches | lr 0.0000 | loss  3.807 | ppl     45.00
[2022-04-10 12:58:18.313] E033 |   800/1391 batches | lr 0.0000 | loss  3.765 | ppl     43.15
[2022-04-10 12:58:26.267] E033 |  1000/1391 batches | lr 0.0000 | loss  3.745 | ppl     42.32
[2022-04-10 12:58:34.211] E033 |  1200/1391 batches | lr 0.0000 | loss  3.674 | ppl     39.41
[2022-04-10 12:58:41.801] E033 |  1391/1391 batches | lr 0.0000 | loss  3.718 | ppl     41.19
[2022-04-10 12:58:50.828] End E033 | valid loss  4.969; ppl    143.90 | accu 0.2501 = 83310/333140
[2022-04-10 12:58:52.477] End E033 |  test loss  9.560; ppl  14184.48 | accu 0.0705 = 4275/60620 ../data/adult_test.txt
[2022-04-10 12:58:54.223] End E033 |  test loss  6.084; ppl    438.71 | accu 0.2106 = 13498/64100 ../data/adolescent_valid.txt
[2022-04-10 12:59:01.508] End E033 |  test loss  4.704; ppl    110.36 | accu 0.2594 = 69768/269000 ../data/cbt_valid.txt
[2022-04-10 12:59:01.509] Epoch 034/40 ==================================================
[2022-04-10 12:59:09.458] E034 |   200/1391 batches | lr 0.0000 | loss  3.867 | ppl     47.79
[2022-04-10 12:59:17.424] E034 |   400/1391 batches | lr 0.0000 | loss  3.827 | ppl     45.94
[2022-04-10 12:59:25.371] E034 |   600/1391 batches | lr 0.0000 | loss  3.810 | ppl     45.14
[2022-04-10 12:59:33.318] E034 |   800/1391 batches | lr 0.0000 | loss  3.765 | ppl     43.15
[2022-04-10 12:59:41.247] E034 |  1000/1391 batches | lr 0.0000 | loss  3.745 | ppl     42.33
[2022-04-10 12:59:49.206] E034 |  1200/1391 batches | lr 0.0000 | loss  3.675 | ppl     39.46
[2022-04-10 12:59:56.793] E034 |  1391/1391 batches | lr 0.0000 | loss  3.717 | ppl     41.13
[2022-04-10 13:00:05.864] End E034 | valid loss  4.969; ppl    143.90 | accu 0.2501 = 83310/333140
[2022-04-10 13:00:07.511] End E034 |  test loss  9.560; ppl  14184.48 | accu 0.0705 = 4275/60620 ../data/adult_test.txt
[2022-04-10 13:00:09.256] End E034 |  test loss  6.084; ppl    438.71 | accu 0.2106 = 13498/64100 ../data/adolescent_valid.txt
[2022-04-10 13:00:16.534] End E034 |  test loss  4.704; ppl    110.36 | accu 0.2594 = 69768/269000 ../data/cbt_valid.txt
[2022-04-10 13:00:16.535] Epoch 035/40 ==================================================
[2022-04-10 13:00:24.460] E035 |   200/1391 batches | lr 0.0000 | loss  3.866 | ppl     47.77
[2022-04-10 13:00:32.450] E035 |   400/1391 batches | lr 0.0000 | loss  3.823 | ppl     45.73
[2022-04-10 13:00:40.400] E035 |   600/1391 batches | lr 0.0000 | loss  3.806 | ppl     44.98
[2022-04-10 13:00:48.367] E035 |   800/1391 batches | lr 0.0000 | loss  3.765 | ppl     43.18
[2022-04-10 13:00:56.337] E035 |  1000/1391 batches | lr 0.0000 | loss  3.744 | ppl     42.27
[2022-04-10 13:01:04.331] E035 |  1200/1391 batches | lr 0.0000 | loss  3.674 | ppl     39.43
[2022-04-10 13:01:11.924] E035 |  1391/1391 batches | lr 0.0000 | loss  3.720 | ppl     41.24
[2022-04-10 13:01:20.983] End E035 | valid loss  4.969; ppl    143.90 | accu 0.2501 = 83310/333140
[2022-04-10 13:01:22.640] End E035 |  test loss  9.560; ppl  14184.48 | accu 0.0705 = 4275/60620 ../data/adult_test.txt
[2022-04-10 13:01:24.399] End E035 |  test loss  6.084; ppl    438.71 | accu 0.2106 = 13498/64100 ../data/adolescent_valid.txt
[2022-04-10 13:01:31.684] End E035 |  test loss  4.704; ppl    110.36 | accu 0.2594 = 69768/269000 ../data/cbt_valid.txt
[2022-04-10 13:01:31.684] Epoch 036/40 ==================================================
[2022-04-10 13:01:39.642] E036 |   200/1391 batches | lr 0.0000 | loss  3.866 | ppl     47.74
[2022-04-10 13:01:47.574] E036 |   400/1391 batches | lr 0.0000 | loss  3.821 | ppl     45.65
[2022-04-10 13:01:55.516] E036 |   600/1391 batches | lr 0.0000 | loss  3.811 | ppl     45.19
[2022-04-10 13:02:03.615] E036 |   800/1391 batches | lr 0.0000 | loss  3.764 | ppl     43.13
[2022-04-10 13:02:11.560] E036 |  1000/1391 batches | lr 0.0000 | loss  3.745 | ppl     42.33
[2022-04-10 13:02:19.483] E036 |  1200/1391 batches | lr 0.0000 | loss  3.677 | ppl     39.52
[2022-04-10 13:02:27.092] E036 |  1391/1391 batches | lr 0.0000 | loss  3.720 | ppl     41.27
[2022-04-10 13:02:37.026] End E036 | valid loss  4.969; ppl    143.90 | accu 0.2501 = 83310/333140
[2022-04-10 13:02:38.939] End E036 |  test loss  9.560; ppl  14184.48 | accu 0.0705 = 4275/60620 ../data/adult_test.txt
[2022-04-10 13:02:40.934] End E036 |  test loss  6.084; ppl    438.71 | accu 0.2106 = 13498/64100 ../data/adolescent_valid.txt
[2022-04-10 13:02:48.681] End E036 |  test loss  4.704; ppl    110.36 | accu 0.2594 = 69768/269000 ../data/cbt_valid.txt
[2022-04-10 13:02:48.682] Epoch 037/40 ==================================================
[2022-04-10 13:02:56.683] E037 |   200/1391 batches | lr 0.0000 | loss  3.869 | ppl     47.91
[2022-04-10 13:03:04.689] E037 |   400/1391 batches | lr 0.0000 | loss  3.827 | ppl     45.94
[2022-04-10 13:03:12.684] E037 |   600/1391 batches | lr 0.0000 | loss  3.807 | ppl     45.03
[2022-04-10 13:03:20.639] E037 |   800/1391 batches | lr 0.0000 | loss  3.766 | ppl     43.23
[2022-04-10 13:03:28.602] E037 |  1000/1391 batches | lr 0.0000 | loss  3.745 | ppl     42.30
[2022-04-10 13:03:36.561] E037 |  1200/1391 batches | lr 0.0000 | loss  3.669 | ppl     39.23
[2022-04-10 13:03:44.152] E037 |  1391/1391 batches | lr 0.0000 | loss  3.720 | ppl     41.25
[2022-04-10 13:03:53.221] End E037 | valid loss  4.969; ppl    143.90 | accu 0.2501 = 83310/333140
[2022-04-10 13:03:54.884] End E037 |  test loss  9.560; ppl  14184.48 | accu 0.0705 = 4275/60620 ../data/adult_test.txt
[2022-04-10 13:03:56.651] End E037 |  test loss  6.084; ppl    438.71 | accu 0.2106 = 13498/64100 ../data/adolescent_valid.txt
[2022-04-10 13:04:03.939] End E037 |  test loss  4.704; ppl    110.36 | accu 0.2594 = 69768/269000 ../data/cbt_valid.txt
[2022-04-10 13:04:03.939] Epoch 038/40 ==================================================
[2022-04-10 13:04:12.346] E038 |   200/1391 batches | lr 0.0000 | loss  3.866 | ppl     47.75
[2022-04-10 13:04:20.366] E038 |   400/1391 batches | lr 0.0000 | loss  3.823 | ppl     45.76
[2022-04-10 13:04:28.358] E038 |   600/1391 batches | lr 0.0000 | loss  3.807 | ppl     45.01
[2022-04-10 13:04:36.344] E038 |   800/1391 batches | lr 0.0000 | loss  3.765 | ppl     43.17
[2022-04-10 13:04:44.294] E038 |  1000/1391 batches | lr 0.0000 | loss  3.745 | ppl     42.30
[2022-04-10 13:04:52.255] E038 |  1200/1391 batches | lr 0.0000 | loss  3.674 | ppl     39.40
[2022-04-10 13:04:59.850] E038 |  1391/1391 batches | lr 0.0000 | loss  3.721 | ppl     41.29
[2022-04-10 13:05:08.943] End E038 | valid loss  4.969; ppl    143.90 | accu 0.2501 = 83310/333140
[2022-04-10 13:05:10.595] End E038 |  test loss  9.560; ppl  14184.48 | accu 0.0705 = 4275/60620 ../data/adult_test.txt
[2022-04-10 13:05:12.337] End E038 |  test loss  6.084; ppl    438.71 | accu 0.2106 = 13498/64100 ../data/adolescent_valid.txt
[2022-04-10 13:05:19.607] End E038 |  test loss  4.704; ppl    110.36 | accu 0.2594 = 69768/269000 ../data/cbt_valid.txt
[2022-04-10 13:05:19.608] Epoch 039/40 ==================================================
[2022-04-10 13:05:27.532] E039 |   200/1391 batches | lr 0.0000 | loss  3.864 | ppl     47.67
[2022-04-10 13:05:35.476] E039 |   400/1391 batches | lr 0.0000 | loss  3.824 | ppl     45.81
[2022-04-10 13:05:43.405] E039 |   600/1391 batches | lr 0.0000 | loss  3.810 | ppl     45.13
[2022-04-10 13:05:51.394] E039 |   800/1391 batches | lr 0.0000 | loss  3.764 | ppl     43.12
[2022-04-10 13:05:59.398] E039 |  1000/1391 batches | lr 0.0000 | loss  3.746 | ppl     42.33
[2022-04-10 13:06:07.642] E039 |  1200/1391 batches | lr 0.0000 | loss  3.673 | ppl     39.38
[2022-04-10 13:06:15.265] E039 |  1391/1391 batches | lr 0.0000 | loss  3.719 | ppl     41.21
[2022-04-10 13:06:24.372] End E039 | valid loss  4.969; ppl    143.90 | accu 0.2501 = 83310/333140
[2022-04-10 13:06:26.056] End E039 |  test loss  9.560; ppl  14184.48 | accu 0.0705 = 4275/60620 ../data/adult_test.txt
[2022-04-10 13:06:27.798] End E039 |  test loss  6.084; ppl    438.71 | accu 0.2106 = 13498/64100 ../data/adolescent_valid.txt
[2022-04-10 13:06:35.139] End E039 |  test loss  4.704; ppl    110.36 | accu 0.2594 = 69768/269000 ../data/cbt_valid.txt
[2022-04-10 13:06:35.140] Epoch 040/40 ==================================================
[2022-04-10 13:06:43.095] E040 |   200/1391 batches | lr 0.0000 | loss  3.867 | ppl     47.81
[2022-04-10 13:06:51.046] E040 |   400/1391 batches | lr 0.0000 | loss  3.826 | ppl     45.88
[2022-04-10 13:06:58.995] E040 |   600/1391 batches | lr 0.0000 | loss  3.814 | ppl     45.31
[2022-04-10 13:07:07.236] E040 |   800/1391 batches | lr 0.0000 | loss  3.763 | ppl     43.09
[2022-04-10 13:07:15.387] E040 |  1000/1391 batches | lr 0.0000 | loss  3.746 | ppl     42.34
[2022-04-10 13:07:23.312] E040 |  1200/1391 batches | lr 0.0000 | loss  3.672 | ppl     39.34
[2022-04-10 13:07:30.935] E040 |  1391/1391 batches | lr 0.0000 | loss  3.721 | ppl     41.31
[2022-04-10 13:07:40.060] End E040 | valid loss  4.969; ppl    143.90 | accu 0.2501 = 83310/333140
[2022-04-10 13:07:41.720] End E040 |  test loss  9.560; ppl  14184.48 | accu 0.0705 = 4275/60620 ../data/adult_test.txt
[2022-04-10 13:07:43.461] End E040 |  test loss  6.084; ppl    438.71 | accu 0.2106 = 13498/64100 ../data/adolescent_valid.txt
[2022-04-10 13:07:50.764] End E040 |  test loss  4.704; ppl    110.36 | accu 0.2594 = 69768/269000 ../data/cbt_valid.txt
[2022-04-10 13:07:52.499] End. test loss  9.15; ppl  9448.52 | accu 0.0717 = 4345/60620 ../data/adult_test.txt
[2022-04-10 13:07:54.245] End. test loss  6.02; ppl   411.86 | accu 0.2067 = 13250/64100 ../data/adolescent_valid.txt
[2022-04-10 13:08:01.539] End. test loss  4.72; ppl   111.68 | accu 0.2482 = 66772/269000 ../data/cbt_valid.txt
[2022-04-10 13:08:01.539] =========================================================================================
