[2022-04-10 14:49:51.387] corpus.train_file_list: 2
[2022-04-10 14:49:51.387]         ../data/cbt_train.txt
[2022-04-10 14:49:51.387]         ../data/adolescent_train.txt
[2022-04-10 14:49:51.387] corpus.valid_file_list: 2
[2022-04-10 14:49:51.387]         ../data/cbt_valid.txt
[2022-04-10 14:49:51.387]         ../data/adolescent_valid.txt
[2022-04-10 14:49:51.388] corpus.test_file_list: 3
[2022-04-10 14:49:51.388]         ../data/adult_test.txt
[2022-04-10 14:49:51.388]         ../data/adolescent_valid.txt
[2022-04-10 14:49:51.388]         ../data/cbt_valid.txt
[2022-04-10 14:49:51.388] corpus.subword_vocab_size: 500
[2022-04-10 14:49:51.388] corpus.subword_model.train(4 files)...
[2022-04-10 14:49:51.388]         ../data/cbt_train.txt
[2022-04-10 14:49:51.388]         ../data/adolescent_train.txt
[2022-04-10 14:49:51.388]         ../data/cbt_valid.txt
[2022-04-10 14:49:51.388]         ../data/adolescent_valid.txt
[2022-04-10 14:49:51.870] corpus.subword_model.train(4 files)...Done
[2022-04-10 14:49:51.871] corpus tokenize...
[2022-04-10 14:49:54.724]         train tokens: 1173083  ../data/cbt_train.txt
[2022-04-10 14:49:56.168]         train tokens: 512558  ../data/adolescent_train.txt
[2022-04-10 14:49:57.309]         valid tokens: 453306  ../data/cbt_valid.txt
[2022-04-10 14:49:57.669]         valid tokens: 131218  ../data/adolescent_valid.txt
[2022-04-10 14:49:58.015]         test  tokens: 142994  ../data/adult_test.txt
[2022-04-10 14:49:58.373]         test  tokens: 131218  ../data/adolescent_valid.txt
[2022-04-10 14:49:59.487]         test  tokens: 453306  ../data/cbt_valid.txt
[2022-04-10 14:49:59.488] corpus.ntokens      : 496
[2022-04-10 14:49:59.488] corpus.char_count   : 101
[2022-04-10 14:49:59.488] corpus.char_cnt_dict: 101
[2022-04-10 14:49:59.488] corpus.char_id_dict : 101
[2022-04-10 14:49:59.507] corpus.batchify(2 files, batch_size=20)...
[2022-04-10 14:49:59.507]         tokens_all: 1685641
[2022-04-10 14:49:59.507]         batched   :  84282
[2022-04-10 14:49:59.507]         ../data/cbt_train.txt
[2022-04-10 14:49:59.507]         ../data/adolescent_train.txt
[2022-04-10 14:49:59.514] corpus.batchify(2 files, batch_size=20)...
[2022-04-10 14:49:59.515]         tokens_all: 584524
[2022-04-10 14:49:59.515]         batched   :  29226
[2022-04-10 14:49:59.515]         ../data/cbt_valid.txt
[2022-04-10 14:49:59.515]         ../data/adolescent_valid.txt
[2022-04-10 14:49:59.517] corpus.batchify(1 files, batch_size=20)...
[2022-04-10 14:49:59.517]         tokens_all: 142994
[2022-04-10 14:49:59.517]         batched   :   7149
[2022-04-10 14:49:59.517]         ../data/adult_test.txt
[2022-04-10 14:49:59.519] corpus.batchify(1 files, batch_size=20)...
[2022-04-10 14:49:59.519]         tokens_all: 131218
[2022-04-10 14:49:59.519]         batched   :   6560
[2022-04-10 14:49:59.519]         ../data/adolescent_valid.txt
[2022-04-10 14:49:59.523] corpus.batchify(1 files, batch_size=20)...
[2022-04-10 14:49:59.523]         tokens_all: 453306
[2022-04-10 14:49:59.523]         batched   :  22665
[2022-04-10 14:49:59.523]         ../data/cbt_valid.txt
[2022-04-10 14:49:59.533] RNNModel.rnn_type: LSTM
[2022-04-10 14:49:59.533] RNNModel.ntoken  : 496
[2022-04-10 14:49:59.533] RNNModel.ninp    : 200
[2022-04-10 14:49:59.533] RNNModel.nhid    : 200
[2022-04-10 14:49:59.533] RNNModel.nlayers : 2
[2022-04-10 14:49:59.533] RNNModel.dropout : 0.2
[2022-04-10 14:49:59.533] RNNModel.tie_weights: False
[2022-04-10 14:49:59.533] RNNModel.char_mode  : CNN
[2022-04-10 14:49:59.533] RNNModel.char_cnt   : 102
[2022-04-10 14:49:59.533] RNNModel.char_emsize: 25
[2022-04-10 14:49:59.533] RNNModel.char_nhid  : 200
[2022-04-10 14:49:59.533] RNNModel.char_embeds: created
[2022-04-10 14:49:59.534] RNNModel.char_cnn3  : created
[2022-04-10 14:49:59.536] Epoch 001/40 ==================================================
[2022-04-10 14:50:05.924] E001 |   200/2408 batches | lr 20.0000 | loss  5.341 | ppl    208.74
[2022-04-10 14:50:12.316] E001 |   400/2408 batches | lr 20.0000 | loss  4.733 | ppl    113.68
[2022-04-10 14:50:18.708] E001 |   600/2408 batches | lr 20.0000 | loss  4.264 | ppl     71.07
[2022-04-10 14:50:25.166] E001 |   800/2408 batches | lr 20.0000 | loss  4.018 | ppl     55.59
[2022-04-10 14:50:31.711] E001 |  1000/2408 batches | lr 20.0000 | loss  3.867 | ppl     47.78
[2022-04-10 14:50:38.150] E001 |  1200/2408 batches | lr 20.0000 | loss  3.809 | ppl     45.12
[2022-04-10 14:50:44.647] E001 |  1400/2408 batches | lr 20.0000 | loss  3.724 | ppl     41.42
[2022-04-10 14:50:51.083] E001 |  1600/2408 batches | lr 20.0000 | loss  3.683 | ppl     39.76
[2022-04-10 14:50:57.562] E001 |  1800/2408 batches | lr 20.0000 | loss  3.677 | ppl     39.52
[2022-04-10 14:51:04.021] E001 |  2000/2408 batches | lr 20.0000 | loss  3.643 | ppl     38.21
[2022-04-10 14:51:10.497] E001 |  2200/2408 batches | lr 20.0000 | loss  3.651 | ppl     38.53
[2022-04-10 14:51:16.951] E001 |  2400/2408 batches | lr 20.0000 | loss  3.638 | ppl     38.00
[2022-04-10 14:51:17.208] E001 |  2408/2408 batches | lr 20.0000 | loss  3.583 | ppl     35.99
[2022-04-10 14:51:28.189] End E001 | valid loss  3.769; ppl     43.34 | accu 0.2244 = 131134/584500
[2022-04-10 14:51:30.854] End E001 |  test loss  4.835; ppl    125.84 | accu 0.1081 = 15449/142960 ../data/adult_test.txt
[2022-04-10 14:51:33.320] End E001 |  test loss  3.881; ppl     48.46 | accu 0.2031 = 26640/131180 ../data/adolescent_valid.txt
[2022-04-10 14:51:41.781] End E001 |  test loss  3.737; ppl     41.96 | accu 0.2306 = 104523/453280 ../data/cbt_valid.txt
[2022-04-10 14:51:41.781] Save: model.pt... 
[2022-04-10 14:51:41.793] Save: model.pt...Done. best_val_loss: 3.7691
[2022-04-10 14:51:41.793] Epoch 002/40 ==================================================
[2022-04-10 14:51:48.185] E002 |   200/2408 batches | lr 20.0000 | loss  3.577 | ppl     35.78
[2022-04-10 14:51:54.679] E002 |   400/2408 batches | lr 20.0000 | loss  3.585 | ppl     36.06
[2022-04-10 14:52:01.173] E002 |   600/2408 batches | lr 20.0000 | loss  3.540 | ppl     34.46
[2022-04-10 14:52:07.649] E002 |   800/2408 batches | lr 20.0000 | loss  3.533 | ppl     34.21
[2022-04-10 14:52:14.183] E002 |  1000/2408 batches | lr 20.0000 | loss  3.511 | ppl     33.49
[2022-04-10 14:52:20.669] E002 |  1200/2408 batches | lr 20.0000 | loss  3.529 | ppl     34.11
[2022-04-10 14:52:27.213] E002 |  1400/2408 batches | lr 20.0000 | loss  3.504 | ppl     33.24
[2022-04-10 14:52:33.430] E002 |  1600/2408 batches | lr 20.0000 | loss  3.483 | ppl     32.55
[2022-04-10 14:52:39.601] E002 |  1800/2408 batches | lr 20.0000 | loss  3.501 | ppl     33.16
[2022-04-10 14:52:45.762] E002 |  2000/2408 batches | lr 20.0000 | loss  3.478 | ppl     32.40
[2022-04-10 14:52:52.090] E002 |  2200/2408 batches | lr 20.0000 | loss  3.495 | ppl     32.94
[2022-04-10 14:52:58.440] E002 |  2400/2408 batches | lr 20.0000 | loss  3.491 | ppl     32.81
[2022-04-10 14:52:58.693] E002 |  2408/2408 batches | lr 20.0000 | loss  3.442 | ppl     31.24
[2022-04-10 14:53:09.697] End E002 | valid loss  3.654; ppl     38.64 | accu 0.2493 = 145696/584500
[2022-04-10 14:53:12.354] End E002 |  test loss  4.788; ppl    120.02 | accu 0.1285 = 18375/142960 ../data/adult_test.txt
[2022-04-10 14:53:14.804] End E002 |  test loss  3.786; ppl     44.06 | accu 0.2250 = 29513/131180 ../data/adolescent_valid.txt
[2022-04-10 14:53:23.305] End E002 |  test loss  3.624; ppl     37.47 | accu 0.2558 = 115958/453280 ../data/cbt_valid.txt
[2022-04-10 14:53:23.305] Save: model.pt... 
[2022-04-10 14:53:23.316] Save: model.pt...Done. best_val_loss: 3.6543
[2022-04-10 14:53:23.316] Epoch 003/40 ==================================================
[2022-04-10 14:53:29.708] E003 |   200/2408 batches | lr 20.0000 | loss  3.441 | ppl     31.23
[2022-04-10 14:53:36.269] E003 |   400/2408 batches | lr 20.0000 | loss  3.441 | ppl     31.23
[2022-04-10 14:53:42.734] E003 |   600/2408 batches | lr 20.0000 | loss  3.419 | ppl     30.53
[2022-04-10 14:53:49.202] E003 |   800/2408 batches | lr 20.0000 | loss  3.429 | ppl     30.85
[2022-04-10 14:53:55.632] E003 |  1000/2408 batches | lr 20.0000 | loss  3.409 | ppl     30.24
[2022-04-10 14:54:02.066] E003 |  1200/2408 batches | lr 20.0000 | loss  3.427 | ppl     30.80
[2022-04-10 14:54:08.487] E003 |  1400/2408 batches | lr 20.0000 | loss  3.399 | ppl     29.94
[2022-04-10 14:54:14.917] E003 |  1600/2408 batches | lr 20.0000 | loss  3.384 | ppl     29.50
[2022-04-10 14:54:21.353] E003 |  1800/2408 batches | lr 20.0000 | loss  3.397 | ppl     29.87
[2022-04-10 14:54:27.798] E003 |  2000/2408 batches | lr 20.0000 | loss  3.391 | ppl     29.69
[2022-04-10 14:54:34.194] E003 |  2200/2408 batches | lr 20.0000 | loss  3.407 | ppl     30.16
[2022-04-10 14:54:40.616] E003 |  2400/2408 batches | lr 20.0000 | loss  3.407 | ppl     30.17
[2022-04-10 14:54:40.872] E003 |  2408/2408 batches | lr 20.0000 | loss  3.331 | ppl     27.96
[2022-04-10 14:54:51.878] End E003 | valid loss  3.618; ppl     37.27 | accu 0.2598 = 151832/584500
[2022-04-10 14:54:54.565] End E003 |  test loss  4.834; ppl    125.66 | accu 0.1392 = 19902/142960 ../data/adult_test.txt
[2022-04-10 14:54:57.014] End E003 |  test loss  3.914; ppl     50.08 | accu 0.2284 = 29963/131180 ../data/adolescent_valid.txt
[2022-04-10 14:55:05.452] End E003 |  test loss  3.533; ppl     34.21 | accu 0.2689 = 121889/453280 ../data/cbt_valid.txt
[2022-04-10 14:55:05.453] Save: model.pt... 
[2022-04-10 14:55:05.464] Save: model.pt...Done. best_val_loss: 3.6182
[2022-04-10 14:55:05.464] Epoch 004/40 ==================================================
[2022-04-10 14:55:11.786] E004 |   200/2408 batches | lr 20.0000 | loss  3.364 | ppl     28.89
[2022-04-10 14:55:18.069] E004 |   400/2408 batches | lr 20.0000 | loss  3.356 | ppl     28.69
[2022-04-10 14:55:24.340] E004 |   600/2408 batches | lr 20.0000 | loss  3.340 | ppl     28.23
[2022-04-10 14:55:30.748] E004 |   800/2408 batches | lr 20.0000 | loss  3.349 | ppl     28.46
[2022-04-10 14:55:37.126] E004 |  1000/2408 batches | lr 20.0000 | loss  3.324 | ppl     27.77
[2022-04-10 14:55:43.532] E004 |  1200/2408 batches | lr 20.0000 | loss  3.358 | ppl     28.74
[2022-04-10 14:55:49.922] E004 |  1400/2408 batches | lr 20.0000 | loss  3.331 | ppl     27.96
[2022-04-10 14:55:56.340] E004 |  1600/2408 batches | lr 20.0000 | loss  3.320 | ppl     27.66
[2022-04-10 14:56:02.739] E004 |  1800/2408 batches | lr 20.0000 | loss  3.333 | ppl     28.01
[2022-04-10 14:56:09.164] E004 |  2000/2408 batches | lr 20.0000 | loss  3.322 | ppl     27.71
[2022-04-10 14:56:15.557] E004 |  2200/2408 batches | lr 20.0000 | loss  3.347 | ppl     28.43
[2022-04-10 14:56:21.968] E004 |  2400/2408 batches | lr 20.0000 | loss  3.348 | ppl     28.45
[2022-04-10 14:56:22.229] E004 |  2408/2408 batches | lr 20.0000 | loss  3.299 | ppl     27.09
[2022-04-10 14:56:33.209] End E004 | valid loss  3.552; ppl     34.87 | accu 0.2691 = 157271/584500
[2022-04-10 14:56:35.895] End E004 |  test loss  4.747; ppl    115.21 | accu 0.1446 = 20678/142960 ../data/adult_test.txt
[2022-04-10 14:56:38.351] End E004 |  test loss  3.814; ppl     45.32 | accu 0.2403 = 31518/131180 ../data/adolescent_valid.txt
[2022-04-10 14:56:46.775] End E004 |  test loss  3.483; ppl     32.55 | accu 0.2768 = 125476/453280 ../data/cbt_valid.txt
[2022-04-10 14:56:46.776] Save: model.pt... 
[2022-04-10 14:56:46.787] Save: model.pt...Done. best_val_loss: 3.5516
[2022-04-10 14:56:46.787] Epoch 005/40 ==================================================
[2022-04-10 14:56:53.065] E005 |   200/2408 batches | lr 20.0000 | loss  3.305 | ppl     27.26
[2022-04-10 14:56:59.496] E005 |   400/2408 batches | lr 20.0000 | loss  3.303 | ppl     27.20
[2022-04-10 14:57:05.881] E005 |   600/2408 batches | lr 20.0000 | loss  3.293 | ppl     26.93
[2022-04-10 14:57:12.279] E005 |   800/2408 batches | lr 20.0000 | loss  3.297 | ppl     27.03
[2022-04-10 14:57:18.609] E005 |  1000/2408 batches | lr 20.0000 | loss  3.276 | ppl     26.47
[2022-04-10 14:57:25.007] E005 |  1200/2408 batches | lr 20.0000 | loss  3.309 | ppl     27.37
[2022-04-10 14:57:31.386] E005 |  1400/2408 batches | lr 20.0000 | loss  3.285 | ppl     26.72
[2022-04-10 14:57:37.827] E005 |  1600/2408 batches | lr 20.0000 | loss  3.277 | ppl     26.49
[2022-04-10 14:57:44.199] E005 |  1800/2408 batches | lr 20.0000 | loss  3.296 | ppl     27.00
[2022-04-10 14:57:50.590] E005 |  2000/2408 batches | lr 20.0000 | loss  3.282 | ppl     26.63
[2022-04-10 14:57:56.973] E005 |  2200/2408 batches | lr 20.0000 | loss  3.316 | ppl     27.55
[2022-04-10 14:58:03.382] E005 |  2400/2408 batches | lr 20.0000 | loss  3.314 | ppl     27.51
[2022-04-10 14:58:03.635] E005 |  2408/2408 batches | lr 20.0000 | loss  3.248 | ppl     25.75
[2022-04-10 14:58:14.704] End E005 | valid loss  3.490; ppl     32.77 | accu 0.2748 = 160617/584500
[2022-04-10 14:58:17.405] End E005 |  test loss  4.909; ppl    135.51 | accu 0.1338 = 19123/142960 ../data/adult_test.txt
[2022-04-10 14:58:19.851] End E005 |  test loss  3.679; ppl     39.59 | accu 0.2486 = 32606/131180 ../data/adolescent_valid.txt
[2022-04-10 14:58:28.349] End E005 |  test loss  3.453; ppl     31.60 | accu 0.2815 = 127582/453280 ../data/cbt_valid.txt
[2022-04-10 14:58:28.349] Save: model.pt... 
[2022-04-10 14:58:28.360] Save: model.pt...Done. best_val_loss: 3.4896
[2022-04-10 14:58:28.360] Epoch 006/40 ==================================================
[2022-04-10 14:58:34.352] E006 |   200/2408 batches | lr 20.0000 | loss  3.273 | ppl     26.39
[2022-04-10 14:58:40.698] E006 |   400/2408 batches | lr 20.0000 | loss  3.272 | ppl     26.37
[2022-04-10 14:58:46.851] E006 |   600/2408 batches | lr 20.0000 | loss  3.262 | ppl     26.10
[2022-04-10 14:58:52.995] E006 |   800/2408 batches | lr 20.0000 | loss  3.268 | ppl     26.26
[2022-04-10 14:58:59.402] E006 |  1000/2408 batches | lr 20.0000 | loss  3.243 | ppl     25.61
[2022-04-10 14:59:05.766] E006 |  1200/2408 batches | lr 20.0000 | loss  3.284 | ppl     26.67
[2022-04-10 14:59:12.140] E006 |  1400/2408 batches | lr 20.0000 | loss  3.257 | ppl     25.98
[2022-04-10 14:59:18.509] E006 |  1600/2408 batches | lr 20.0000 | loss  3.245 | ppl     25.67
[2022-04-10 14:59:24.952] E006 |  1800/2408 batches | lr 20.0000 | loss  3.273 | ppl     26.38
[2022-04-10 14:59:31.320] E006 |  2000/2408 batches | lr 20.0000 | loss  3.259 | ppl     26.02
[2022-04-10 14:59:37.704] E006 |  2200/2408 batches | lr 20.0000 | loss  3.290 | ppl     26.83
[2022-04-10 14:59:44.067] E006 |  2400/2408 batches | lr 20.0000 | loss  3.292 | ppl     26.89
[2022-04-10 14:59:44.322] E006 |  2408/2408 batches | lr 20.0000 | loss  3.238 | ppl     25.49
[2022-04-10 14:59:55.316] End E006 | valid loss  3.496; ppl     32.97 | accu 0.2766 = 161701/584500
[2022-04-10 14:59:57.970] End E006 |  test loss  4.855; ppl    128.38 | accu 0.1370 = 19584/142960 ../data/adult_test.txt
[2022-04-10 15:00:00.455] End E006 |  test loss  3.751; ppl     42.56 | accu 0.2484 = 32583/131180 ../data/adolescent_valid.txt
[2022-04-10 15:00:08.928] End E006 |  test loss  3.455; ppl     31.67 | accu 0.2831 = 128325/453280 ../data/cbt_valid.txt
[2022-04-10 15:00:08.928] Epoch 007/40 ==================================================
[2022-04-10 15:00:15.217] E007 |   200/2408 batches | lr 10.0000 | loss  3.225 | ppl     25.16
[2022-04-10 15:00:21.568] E007 |   400/2408 batches | lr 10.0000 | loss  3.205 | ppl     24.64
[2022-04-10 15:00:27.915] E007 |   600/2408 batches | lr 10.0000 | loss  3.182 | ppl     24.10
[2022-04-10 15:00:34.240] E007 |   800/2408 batches | lr 10.0000 | loss  3.181 | ppl     24.08
[2022-04-10 15:00:40.619] E007 |  1000/2408 batches | lr 10.0000 | loss  3.150 | ppl     23.34
[2022-04-10 15:00:47.003] E007 |  1200/2408 batches | lr 10.0000 | loss  3.187 | ppl     24.23
[2022-04-10 15:00:53.426] E007 |  1400/2408 batches | lr 10.0000 | loss  3.163 | ppl     23.64
[2022-04-10 15:00:59.791] E007 |  1600/2408 batches | lr 10.0000 | loss  3.141 | ppl     23.14
[2022-04-10 15:01:05.991] E007 |  1800/2408 batches | lr 10.0000 | loss  3.161 | ppl     23.59
[2022-04-10 15:01:12.370] E007 |  2000/2408 batches | lr 10.0000 | loss  3.145 | ppl     23.21
[2022-04-10 15:01:18.822] E007 |  2200/2408 batches | lr 10.0000 | loss  3.169 | ppl     23.79
[2022-04-10 15:01:25.213] E007 |  2400/2408 batches | lr 10.0000 | loss  3.168 | ppl     23.77
[2022-04-10 15:01:25.469] E007 |  2408/2408 batches | lr 10.0000 | loss  3.112 | ppl     22.46
[2022-04-10 15:01:36.391] End E007 | valid loss  3.349; ppl     28.48 | accu 0.3007 = 175779/584500
[2022-04-10 15:01:39.075] End E007 |  test loss  4.979; ppl    145.31 | accu 0.1392 = 19900/142960 ../data/adult_test.txt
[2022-04-10 15:01:41.546] End E007 |  test loss  3.529; ppl     34.08 | accu 0.2784 = 36520/131180 ../data/adolescent_valid.txt
[2022-04-10 15:01:49.968] End E007 |  test loss  3.322; ppl     27.71 | accu 0.3054 = 138447/453280 ../data/cbt_valid.txt
[2022-04-10 15:01:49.968] Save: model.pt... 
[2022-04-10 15:01:49.980] Save: model.pt...Done. best_val_loss: 3.3493
[2022-04-10 15:01:49.980] Epoch 008/40 ==================================================
[2022-04-10 15:01:56.243] E008 |   200/2408 batches | lr 10.0000 | loss  3.137 | ppl     23.03
[2022-04-10 15:02:02.622] E008 |   400/2408 batches | lr 10.0000 | loss  3.136 | ppl     23.00
[2022-04-10 15:02:09.020] E008 |   600/2408 batches | lr 10.0000 | loss  3.130 | ppl     22.88
[2022-04-10 15:02:15.430] E008 |   800/2408 batches | lr 10.0000 | loss  3.136 | ppl     23.02
[2022-04-10 15:02:21.827] E008 |  1000/2408 batches | lr 10.0000 | loss  3.108 | ppl     22.38
[2022-04-10 15:02:28.205] E008 |  1200/2408 batches | lr 10.0000 | loss  3.152 | ppl     23.37
[2022-04-10 15:02:34.557] E008 |  1400/2408 batches | lr 10.0000 | loss  3.128 | ppl     22.84
[2022-04-10 15:02:40.940] E008 |  1600/2408 batches | lr 10.0000 | loss  3.112 | ppl     22.47
[2022-04-10 15:02:47.288] E008 |  1800/2408 batches | lr 10.0000 | loss  3.137 | ppl     23.04
[2022-04-10 15:02:53.666] E008 |  2000/2408 batches | lr 10.0000 | loss  3.119 | ppl     22.62
[2022-04-10 15:03:00.023] E008 |  2200/2408 batches | lr 10.0000 | loss  3.153 | ppl     23.41
[2022-04-10 15:03:06.427] E008 |  2400/2408 batches | lr 10.0000 | loss  3.149 | ppl     23.32
[2022-04-10 15:03:06.681] E008 |  2408/2408 batches | lr 10.0000 | loss  3.089 | ppl     21.96
[2022-04-10 15:03:17.619] End E008 | valid loss  3.346; ppl     28.38 | accu 0.3011 = 175972/584500
[2022-04-10 15:03:20.275] End E008 |  test loss  4.928; ppl    138.14 | accu 0.1409 = 20143/142960 ../data/adult_test.txt
[2022-04-10 15:03:22.710] End E008 |  test loss  3.539; ppl     34.42 | accu 0.2764 = 36259/131180 ../data/adolescent_valid.txt
[2022-04-10 15:03:31.138] End E008 |  test loss  3.318; ppl     27.61 | accu 0.3065 = 138917/453280 ../data/cbt_valid.txt
[2022-04-10 15:03:31.138] Save: model.pt... 
[2022-04-10 15:03:31.150] Save: model.pt...Done. best_val_loss: 3.3455
[2022-04-10 15:03:31.150] Epoch 009/40 ==================================================
[2022-04-10 15:03:37.434] E009 |   200/2408 batches | lr 10.0000 | loss  3.115 | ppl     22.53
[2022-04-10 15:03:43.724] E009 |   400/2408 batches | lr 10.0000 | loss  3.115 | ppl     22.53
[2022-04-10 15:03:50.106] E009 |   600/2408 batches | lr 10.0000 | loss  3.109 | ppl     22.40
[2022-04-10 15:03:56.468] E009 |   800/2408 batches | lr 10.0000 | loss  3.115 | ppl     22.54
[2022-04-10 15:04:02.824] E009 |  1000/2408 batches | lr 10.0000 | loss  3.092 | ppl     22.03
[2022-04-10 15:04:09.180] E009 |  1200/2408 batches | lr 10.0000 | loss  3.131 | ppl     22.89
[2022-04-10 15:04:15.537] E009 |  1400/2408 batches | lr 10.0000 | loss  3.105 | ppl     22.30
[2022-04-10 15:04:21.930] E009 |  1600/2408 batches | lr 10.0000 | loss  3.099 | ppl     22.17
[2022-04-10 15:04:28.298] E009 |  1800/2408 batches | lr 10.0000 | loss  3.121 | ppl     22.67
[2022-04-10 15:04:34.690] E009 |  2000/2408 batches | lr 10.0000 | loss  3.105 | ppl     22.31
[2022-04-10 15:04:41.072] E009 |  2200/2408 batches | lr 10.0000 | loss  3.135 | ppl     22.99
[2022-04-10 15:04:47.464] E009 |  2400/2408 batches | lr 10.0000 | loss  3.139 | ppl     23.09
[2022-04-10 15:04:47.701] E009 |  2408/2408 batches | lr 10.0000 | loss  3.094 | ppl     22.06
[2022-04-10 15:04:58.567] End E009 | valid loss  3.337; ppl     28.14 | accu 0.3037 = 177533/584500
[2022-04-10 15:05:01.252] End E009 |  test loss  4.825; ppl    124.55 | accu 0.1520 = 21728/142960 ../data/adult_test.txt
[2022-04-10 15:05:03.692] End E009 |  test loss  3.557; ppl     35.08 | accu 0.2755 = 36145/131180 ../data/adolescent_valid.txt
[2022-04-10 15:05:12.121] End E009 |  test loss  3.303; ppl     27.20 | accu 0.3100 = 140534/453280 ../data/cbt_valid.txt
[2022-04-10 15:05:12.121] Save: model.pt... 
[2022-04-10 15:05:12.132] Save: model.pt...Done. best_val_loss: 3.3374
[2022-04-10 15:05:12.132] Epoch 010/40 ==================================================
[2022-04-10 15:05:18.413] E010 |   200/2408 batches | lr 10.0000 | loss  3.099 | ppl     22.18
[2022-04-10 15:05:24.803] E010 |   400/2408 batches | lr 10.0000 | loss  3.101 | ppl     22.23
[2022-04-10 15:05:31.197] E010 |   600/2408 batches | lr 10.0000 | loss  3.096 | ppl     22.12
[2022-04-10 15:05:37.607] E010 |   800/2408 batches | lr 10.0000 | loss  3.103 | ppl     22.26
[2022-04-10 15:05:43.995] E010 |  1000/2408 batches | lr 10.0000 | loss  3.077 | ppl     21.70
[2022-04-10 15:05:50.420] E010 |  1200/2408 batches | lr 10.0000 | loss  3.115 | ppl     22.54
[2022-04-10 15:05:56.794] E010 |  1400/2408 batches | lr 10.0000 | loss  3.093 | ppl     22.05
[2022-04-10 15:06:03.206] E010 |  1600/2408 batches | lr 10.0000 | loss  3.085 | ppl     21.86
[2022-04-10 15:06:09.592] E010 |  1800/2408 batches | lr 10.0000 | loss  3.108 | ppl     22.38
[2022-04-10 15:06:15.987] E010 |  2000/2408 batches | lr 10.0000 | loss  3.094 | ppl     22.08
[2022-04-10 15:06:22.367] E010 |  2200/2408 batches | lr 10.0000 | loss  3.125 | ppl     22.77
[2022-04-10 15:06:28.758] E010 |  2400/2408 batches | lr 10.0000 | loss  3.128 | ppl     22.84
[2022-04-10 15:06:29.011] E010 |  2408/2408 batches | lr 10.0000 | loss  3.075 | ppl     21.64
[2022-04-10 15:06:39.992] End E010 | valid loss  3.326; ppl     27.84 | accu 0.3054 = 178495/584500
[2022-04-10 15:06:42.696] End E010 |  test loss  4.869; ppl    130.25 | accu 0.1494 = 21364/142960 ../data/adult_test.txt
[2022-04-10 15:06:45.151] End E010 |  test loss  3.533; ppl     34.21 | accu 0.2790 = 36603/131180 ../data/adolescent_valid.txt
[2022-04-10 15:06:53.583] End E010 |  test loss  3.295; ppl     26.96 | accu 0.3108 = 140884/453280 ../data/cbt_valid.txt
[2022-04-10 15:06:53.583] Save: model.pt... 
[2022-04-10 15:06:53.594] Save: model.pt...Done. best_val_loss: 3.3264
[2022-04-10 15:06:53.594] Epoch 011/40 ==================================================
[2022-04-10 15:06:59.951] E011 |   200/2408 batches | lr 10.0000 | loss  3.091 | ppl     21.99
[2022-04-10 15:07:06.329] E011 |   400/2408 batches | lr 10.0000 | loss  3.089 | ppl     21.97
[2022-04-10 15:07:12.724] E011 |   600/2408 batches | lr 10.0000 | loss  3.080 | ppl     21.77
[2022-04-10 15:07:19.120] E011 |   800/2408 batches | lr 10.0000 | loss  3.092 | ppl     22.01
[2022-04-10 15:07:25.499] E011 |  1000/2408 batches | lr 10.0000 | loss  3.067 | ppl     21.47
[2022-04-10 15:07:31.889] E011 |  1200/2408 batches | lr 10.0000 | loss  3.104 | ppl     22.29
[2022-04-10 15:07:38.268] E011 |  1400/2408 batches | lr 10.0000 | loss  3.081 | ppl     21.77
[2022-04-10 15:07:44.656] E011 |  1600/2408 batches | lr 10.0000 | loss  3.078 | ppl     21.72
[2022-04-10 15:07:51.050] E011 |  1800/2408 batches | lr 10.0000 | loss  3.103 | ppl     22.26
[2022-04-10 15:07:57.431] E011 |  2000/2408 batches | lr 10.0000 | loss  3.088 | ppl     21.93
[2022-04-10 15:08:03.827] E011 |  2200/2408 batches | lr 10.0000 | loss  3.116 | ppl     22.57
[2022-04-10 15:08:10.228] E011 |  2400/2408 batches | lr 10.0000 | loss  3.123 | ppl     22.72
[2022-04-10 15:08:10.486] E011 |  2408/2408 batches | lr 10.0000 | loss  3.084 | ppl     21.84
[2022-04-10 15:08:21.485] End E011 | valid loss  3.320; ppl     27.67 | accu 0.3070 = 179430/584500
[2022-04-10 15:08:24.158] End E011 |  test loss  4.898; ppl    134.04 | accu 0.1472 = 21045/142960 ../data/adult_test.txt
[2022-04-10 15:08:26.622] End E011 |  test loss  3.469; ppl     32.11 | accu 0.2844 = 37303/131180 ../data/adolescent_valid.txt
[2022-04-10 15:08:35.092] End E011 |  test loss  3.291; ppl     26.88 | accu 0.3124 = 141586/453280 ../data/cbt_valid.txt
[2022-04-10 15:08:35.092] Save: model.pt... 
[2022-04-10 15:08:35.104] Save: model.pt...Done. best_val_loss: 3.3204
[2022-04-10 15:08:35.104] Epoch 012/40 ==================================================
[2022-04-10 15:08:41.417] E012 |   200/2408 batches | lr 10.0000 | loss  3.085 | ppl     21.86
[2022-04-10 15:08:47.767] E012 |   400/2408 batches | lr 10.0000 | loss  3.082 | ppl     21.81
[2022-04-10 15:08:54.137] E012 |   600/2408 batches | lr 10.0000 | loss  3.074 | ppl     21.62
[2022-04-10 15:09:00.536] E012 |   800/2408 batches | lr 10.0000 | loss  3.083 | ppl     21.83
[2022-04-10 15:09:06.972] E012 |  1000/2408 batches | lr 10.0000 | loss  3.058 | ppl     21.30
[2022-04-10 15:09:13.378] E012 |  1200/2408 batches | lr 10.0000 | loss  3.096 | ppl     22.11
[2022-04-10 15:09:19.778] E012 |  1400/2408 batches | lr 10.0000 | loss  3.072 | ppl     21.59
[2022-04-10 15:09:26.167] E012 |  1600/2408 batches | lr 10.0000 | loss  3.070 | ppl     21.54
[2022-04-10 15:09:32.554] E012 |  1800/2408 batches | lr 10.0000 | loss  3.091 | ppl     22.01
[2022-04-10 15:09:38.948] E012 |  2000/2408 batches | lr 10.0000 | loss  3.077 | ppl     21.69
[2022-04-10 15:09:45.358] E012 |  2200/2408 batches | lr 10.0000 | loss  3.107 | ppl     22.35
[2022-04-10 15:09:51.753] E012 |  2400/2408 batches | lr 10.0000 | loss  3.112 | ppl     22.46
[2022-04-10 15:09:52.006] E012 |  2408/2408 batches | lr 10.0000 | loss  3.069 | ppl     21.52
[2022-04-10 15:10:03.037] End E012 | valid loss  3.312; ppl     27.45 | accu 0.3085 = 180317/584500
[2022-04-10 15:10:05.708] End E012 |  test loss  4.828; ppl    124.97 | accu 0.1517 = 21683/142960 ../data/adult_test.txt
[2022-04-10 15:10:08.173] End E012 |  test loss  3.414; ppl     30.40 | accu 0.2879 = 37767/131180 ../data/adolescent_valid.txt
[2022-04-10 15:10:16.649] End E012 |  test loss  3.286; ppl     26.73 | accu 0.3141 = 142378/453280 ../data/cbt_valid.txt
[2022-04-10 15:10:16.649] Save: model.pt... 
[2022-04-10 15:10:16.661] Save: model.pt...Done. best_val_loss: 3.3123
[2022-04-10 15:10:16.661] Epoch 013/40 ==================================================
[2022-04-10 15:10:22.995] E013 |   200/2408 batches | lr 10.0000 | loss  3.075 | ppl     21.64
[2022-04-10 15:10:29.370] E013 |   400/2408 batches | lr 10.0000 | loss  3.077 | ppl     21.69
[2022-04-10 15:10:35.758] E013 |   600/2408 batches | lr 10.0000 | loss  3.069 | ppl     21.52
[2022-04-10 15:10:42.163] E013 |   800/2408 batches | lr 10.0000 | loss  3.073 | ppl     21.62
[2022-04-10 15:10:48.564] E013 |  1000/2408 batches | lr 10.0000 | loss  3.053 | ppl     21.17
[2022-04-10 15:10:54.966] E013 |  1200/2408 batches | lr 10.0000 | loss  3.091 | ppl     21.99
[2022-04-10 15:11:01.424] E013 |  1400/2408 batches | lr 10.0000 | loss  3.067 | ppl     21.49
[2022-04-10 15:11:07.799] E013 |  1600/2408 batches | lr 10.0000 | loss  3.060 | ppl     21.33
[2022-04-10 15:11:14.192] E013 |  1800/2408 batches | lr 10.0000 | loss  3.082 | ppl     21.80
[2022-04-10 15:11:20.599] E013 |  2000/2408 batches | lr 10.0000 | loss  3.071 | ppl     21.57
[2022-04-10 15:11:26.994] E013 |  2200/2408 batches | lr 10.0000 | loss  3.099 | ppl     22.18
[2022-04-10 15:11:33.381] E013 |  2400/2408 batches | lr 10.0000 | loss  3.110 | ppl     22.42
[2022-04-10 15:11:33.635] E013 |  2408/2408 batches | lr 10.0000 | loss  3.060 | ppl     21.33
[2022-04-10 15:11:44.546] End E013 | valid loss  3.304; ppl     27.22 | accu 0.3095 = 180899/584500
[2022-04-10 15:11:47.199] End E013 |  test loss  4.760; ppl    116.74 | accu 0.1555 = 22236/142960 ../data/adult_test.txt
[2022-04-10 15:11:49.646] End E013 |  test loss  3.399; ppl     29.92 | accu 0.2889 = 37903/131180 ../data/adolescent_valid.txt
[2022-04-10 15:11:58.123] End E013 |  test loss  3.279; ppl     26.54 | accu 0.3151 = 142840/453280 ../data/cbt_valid.txt
[2022-04-10 15:11:58.123] Save: model.pt... 
[2022-04-10 15:11:58.134] Save: model.pt...Done. best_val_loss: 3.3041
[2022-04-10 15:11:58.135] Epoch 014/40 ==================================================
[2022-04-10 15:12:04.441] E014 |   200/2408 batches | lr 10.0000 | loss  3.067 | ppl     21.48
[2022-04-10 15:12:10.929] E014 |   400/2408 batches | lr 10.0000 | loss  3.068 | ppl     21.50
[2022-04-10 15:12:17.356] E014 |   600/2408 batches | lr 10.0000 | loss  3.056 | ppl     21.23
[2022-04-10 15:12:23.750] E014 |   800/2408 batches | lr 10.0000 | loss  3.068 | ppl     21.50
[2022-04-10 15:12:30.111] E014 |  1000/2408 batches | lr 10.0000 | loss  3.043 | ppl     20.98
[2022-04-10 15:12:36.488] E014 |  1200/2408 batches | lr 10.0000 | loss  3.080 | ppl     21.75
[2022-04-10 15:12:42.850] E014 |  1400/2408 batches | lr 10.0000 | loss  3.059 | ppl     21.30
[2022-04-10 15:12:49.224] E014 |  1600/2408 batches | lr 10.0000 | loss  3.057 | ppl     21.26
[2022-04-10 15:12:55.585] E014 |  1800/2408 batches | lr 10.0000 | loss  3.075 | ppl     21.66
[2022-04-10 15:13:01.964] E014 |  2000/2408 batches | lr 10.0000 | loss  3.068 | ppl     21.50
[2022-04-10 15:13:08.334] E014 |  2200/2408 batches | lr 10.0000 | loss  3.096 | ppl     22.11
[2022-04-10 15:13:14.697] E014 |  2400/2408 batches | lr 10.0000 | loss  3.102 | ppl     22.25
[2022-04-10 15:13:14.953] E014 |  2408/2408 batches | lr 10.0000 | loss  3.059 | ppl     21.31
[2022-04-10 15:13:25.903] End E014 | valid loss  3.301; ppl     27.15 | accu 0.3102 = 181328/584500
[2022-04-10 15:13:28.549] End E014 |  test loss  4.785; ppl    119.74 | accu 0.1526 = 21818/142960 ../data/adult_test.txt
[2022-04-10 15:13:30.979] End E014 |  test loss  3.400; ppl     29.95 | accu 0.2903 = 38079/131180 ../data/adolescent_valid.txt
[2022-04-10 15:13:39.413] End E014 |  test loss  3.275; ppl     26.45 | accu 0.3157 = 143109/453280 ../data/cbt_valid.txt
[2022-04-10 15:13:39.413] Save: model.pt... 
[2022-04-10 15:13:39.424] Save: model.pt...Done. best_val_loss: 3.3014
[2022-04-10 15:13:39.424] Epoch 015/40 ==================================================
[2022-04-10 15:13:45.628] E015 |   200/2408 batches | lr 10.0000 | loss  3.058 | ppl     21.29
[2022-04-10 15:13:52.006] E015 |   400/2408 batches | lr 10.0000 | loss  3.062 | ppl     21.37
[2022-04-10 15:13:58.274] E015 |   600/2408 batches | lr 10.0000 | loss  3.057 | ppl     21.26
[2022-04-10 15:14:04.663] E015 |   800/2408 batches | lr 10.0000 | loss  3.061 | ppl     21.34
[2022-04-10 15:14:11.057] E015 |  1000/2408 batches | lr 10.0000 | loss  3.040 | ppl     20.91
[2022-04-10 15:14:17.431] E015 |  1200/2408 batches | lr 10.0000 | loss  3.075 | ppl     21.65
[2022-04-10 15:14:23.588] E015 |  1400/2408 batches | lr 10.0000 | loss  3.055 | ppl     21.22
[2022-04-10 15:14:29.941] E015 |  1600/2408 batches | lr 10.0000 | loss  3.048 | ppl     21.08
[2022-04-10 15:14:36.286] E015 |  1800/2408 batches | lr 10.0000 | loss  3.071 | ppl     21.57
[2022-04-10 15:14:42.669] E015 |  2000/2408 batches | lr 10.0000 | loss  3.061 | ppl     21.34
[2022-04-10 15:14:49.051] E015 |  2200/2408 batches | lr 10.0000 | loss  3.092 | ppl     22.01
[2022-04-10 15:14:55.490] E015 |  2400/2408 batches | lr 10.0000 | loss  3.094 | ppl     22.07
[2022-04-10 15:14:55.747] E015 |  2408/2408 batches | lr 10.0000 | loss  3.050 | ppl     21.12
[2022-04-10 15:15:06.701] End E015 | valid loss  3.302; ppl     27.17 | accu 0.3095 = 180895/584500
[2022-04-10 15:15:09.380] End E015 |  test loss  4.721; ppl    112.30 | accu 0.1650 = 23583/142960 ../data/adult_test.txt
[2022-04-10 15:15:11.852] End E015 |  test loss  3.421; ppl     30.60 | accu 0.2886 = 37859/131180 ../data/adolescent_valid.txt
[2022-04-10 15:15:20.293] End E015 |  test loss  3.273; ppl     26.38 | accu 0.3152 = 142854/453280 ../data/cbt_valid.txt
[2022-04-10 15:15:20.293] Epoch 016/40 ==================================================
[2022-04-10 15:15:26.567] E016 |   200/2408 batches | lr 5.0000 | loss  3.050 | ppl     21.11
[2022-04-10 15:15:32.911] E016 |   400/2408 batches | lr 5.0000 | loss  3.045 | ppl     21.00
[2022-04-10 15:15:39.283] E016 |   600/2408 batches | lr 5.0000 | loss  3.029 | ppl     20.67
[2022-04-10 15:15:45.657] E016 |   800/2408 batches | lr 5.0000 | loss  3.033 | ppl     20.77
[2022-04-10 15:15:52.021] E016 |  1000/2408 batches | lr 5.0000 | loss  3.000 | ppl     20.09
[2022-04-10 15:15:58.468] E016 |  1200/2408 batches | lr 5.0000 | loss  3.040 | ppl     20.90
[2022-04-10 15:16:04.879] E016 |  1400/2408 batches | lr 5.0000 | loss  3.015 | ppl     20.39
[2022-04-10 15:16:11.236] E016 |  1600/2408 batches | lr 5.0000 | loss  3.006 | ppl     20.20
[2022-04-10 15:16:17.608] E016 |  1800/2408 batches | lr 5.0000 | loss  3.023 | ppl     20.55
[2022-04-10 15:16:23.964] E016 |  2000/2408 batches | lr 5.0000 | loss  3.008 | ppl     20.26
[2022-04-10 15:16:30.311] E016 |  2200/2408 batches | lr 5.0000 | loss  3.036 | ppl     20.82
[2022-04-10 15:16:36.648] E016 |  2400/2408 batches | lr 5.0000 | loss  3.041 | ppl     20.92
[2022-04-10 15:16:36.901] E016 |  2408/2408 batches | lr 5.0000 | loss  3.004 | ppl     20.16
[2022-04-10 15:16:47.883] End E016 | valid loss  3.256; ppl     25.94 | accu 0.3183 = 186038/584500
[2022-04-10 15:16:50.564] End E016 |  test loss  4.740; ppl    114.45 | accu 0.1654 = 23641/142960 ../data/adult_test.txt
[2022-04-10 15:16:53.011] End E016 |  test loss  3.350; ppl     28.51 | accu 0.3010 = 39481/131180 ../data/adolescent_valid.txt
[2022-04-10 15:17:01.518] End E016 |  test loss  3.232; ppl     25.32 | accu 0.3228 = 146308/453280 ../data/cbt_valid.txt
[2022-04-10 15:17:01.518] Save: model.pt... 
[2022-04-10 15:17:01.529] Save: model.pt...Done. best_val_loss: 3.2556
[2022-04-10 15:17:01.529] Epoch 017/40 ==================================================
[2022-04-10 15:17:07.811] E017 |   200/2408 batches | lr 5.0000 | loss  3.013 | ppl     20.34
[2022-04-10 15:17:14.208] E017 |   400/2408 batches | lr 5.0000 | loss  3.014 | ppl     20.38
[2022-04-10 15:17:20.618] E017 |   600/2408 batches | lr 5.0000 | loss  3.005 | ppl     20.19
[2022-04-10 15:17:26.981] E017 |   800/2408 batches | lr 5.0000 | loss  3.012 | ppl     20.33
[2022-04-10 15:17:33.354] E017 |  1000/2408 batches | lr 5.0000 | loss  2.984 | ppl     19.76
[2022-04-10 15:17:39.710] E017 |  1200/2408 batches | lr 5.0000 | loss  3.024 | ppl     20.57
[2022-04-10 15:17:46.086] E017 |  1400/2408 batches | lr 5.0000 | loss  3.003 | ppl     20.14
[2022-04-10 15:17:52.432] E017 |  1600/2408 batches | lr 5.0000 | loss  2.993 | ppl     19.94
[2022-04-10 15:17:58.798] E017 |  1800/2408 batches | lr 5.0000 | loss  3.017 | ppl     20.43
[2022-04-10 15:18:05.159] E017 |  2000/2408 batches | lr 5.0000 | loss  2.997 | ppl     20.03
[2022-04-10 15:18:11.509] E017 |  2200/2408 batches | lr 5.0000 | loss  3.029 | ppl     20.68
[2022-04-10 15:18:17.861] E017 |  2400/2408 batches | lr 5.0000 | loss  3.036 | ppl     20.82
[2022-04-10 15:18:18.115] E017 |  2408/2408 batches | lr 5.0000 | loss  2.990 | ppl     19.90
[2022-04-10 15:18:29.125] End E017 | valid loss  3.256; ppl     25.96 | accu 0.3176 = 185610/584500
[2022-04-10 15:18:31.811] End E017 |  test loss  4.702; ppl    110.21 | accu 0.1703 = 24353/142960 ../data/adult_test.txt
[2022-04-10 15:18:34.286] End E017 |  test loss  3.373; ppl     29.17 | accu 0.2966 = 38914/131180 ../data/adolescent_valid.txt
[2022-04-10 15:18:42.765] End E017 |  test loss  3.226; ppl     25.18 | accu 0.3232 = 146513/453280 ../data/cbt_valid.txt
[2022-04-10 15:18:42.765] Epoch 018/40 ==================================================
[2022-04-10 15:18:49.066] E018 |   200/2408 batches | lr 2.5000 | loss  3.002 | ppl     20.14
[2022-04-10 15:18:55.426] E018 |   400/2408 batches | lr 2.5000 | loss  3.002 | ppl     20.13
[2022-04-10 15:19:01.794] E018 |   600/2408 batches | lr 2.5000 | loss  2.997 | ppl     20.02
[2022-04-10 15:19:08.140] E018 |   800/2408 batches | lr 2.5000 | loss  2.996 | ppl     20.00
[2022-04-10 15:19:14.511] E018 |  1000/2408 batches | lr 2.5000 | loss  2.964 | ppl     19.37
[2022-04-10 15:19:20.887] E018 |  1200/2408 batches | lr 2.5000 | loss  3.003 | ppl     20.15
[2022-04-10 15:19:27.293] E018 |  1400/2408 batches | lr 2.5000 | loss  2.982 | ppl     19.73
[2022-04-10 15:19:33.679] E018 |  1600/2408 batches | lr 2.5000 | loss  2.971 | ppl     19.52
[2022-04-10 15:19:40.067] E018 |  1800/2408 batches | lr 2.5000 | loss  2.993 | ppl     19.95
[2022-04-10 15:19:46.448] E018 |  2000/2408 batches | lr 2.5000 | loss  2.971 | ppl     19.52
[2022-04-10 15:19:52.839] E018 |  2200/2408 batches | lr 2.5000 | loss  3.004 | ppl     20.16
[2022-04-10 15:19:59.198] E018 |  2400/2408 batches | lr 2.5000 | loss  3.005 | ppl     20.19
[2022-04-10 15:19:59.463] E018 |  2408/2408 batches | lr 2.5000 | loss  2.959 | ppl     19.27
[2022-04-10 15:20:10.393] End E018 | valid loss  3.231; ppl     25.29 | accu 0.3232 = 188909/584500
[2022-04-10 15:20:13.035] End E018 |  test loss  4.713; ppl    111.39 | accu 0.1689 = 24145/142960 ../data/adult_test.txt
[2022-04-10 15:20:15.538] End E018 |  test loss  3.325; ppl     27.80 | accu 0.3064 = 40191/131180 ../data/adolescent_valid.txt
[2022-04-10 15:20:23.995] End E018 |  test loss  3.206; ppl     24.69 | accu 0.3276 = 148473/453280 ../data/cbt_valid.txt
[2022-04-10 15:20:23.996] Save: model.pt... 
[2022-04-10 15:20:24.007] Save: model.pt...Done. best_val_loss: 3.2305
[2022-04-10 15:20:24.007] Epoch 019/40 ==================================================
[2022-04-10 15:20:30.322] E019 |   200/2408 batches | lr 2.5000 | loss  2.984 | ppl     19.77
[2022-04-10 15:20:36.741] E019 |   400/2408 batches | lr 2.5000 | loss  2.987 | ppl     19.83
[2022-04-10 15:20:43.142] E019 |   600/2408 batches | lr 2.5000 | loss  2.979 | ppl     19.68
[2022-04-10 15:20:49.568] E019 |   800/2408 batches | lr 2.5000 | loss  2.982 | ppl     19.73
[2022-04-10 15:20:56.279] E019 |  1000/2408 batches | lr 2.5000 | loss  2.954 | ppl     19.17
[2022-04-10 15:21:02.678] E019 |  1200/2408 batches | lr 2.5000 | loss  2.993 | ppl     19.94
[2022-04-10 15:21:09.064] E019 |  1400/2408 batches | lr 2.5000 | loss  2.974 | ppl     19.57
[2022-04-10 15:21:15.319] E019 |  1600/2408 batches | lr 2.5000 | loss  2.966 | ppl     19.42
[2022-04-10 15:21:21.678] E019 |  1800/2408 batches | lr 2.5000 | loss  2.986 | ppl     19.80
[2022-04-10 15:21:28.068] E019 |  2000/2408 batches | lr 2.5000 | loss  2.968 | ppl     19.45
[2022-04-10 15:21:34.428] E019 |  2200/2408 batches | lr 2.5000 | loss  3.002 | ppl     20.13
[2022-04-10 15:21:40.796] E019 |  2400/2408 batches | lr 2.5000 | loss  3.004 | ppl     20.16
[2022-04-10 15:21:41.052] E019 |  2408/2408 batches | lr 2.5000 | loss  2.970 | ppl     19.49
[2022-04-10 15:21:52.082] End E019 | valid loss  3.225; ppl     25.15 | accu 0.3237 = 189217/584500
[2022-04-10 15:21:54.728] End E019 |  test loss  4.736; ppl    113.99 | accu 0.1670 = 23874/142960 ../data/adult_test.txt
[2022-04-10 15:21:57.170] End E019 |  test loss  3.316; ppl     27.54 | accu 0.3070 = 40278/131180 ../data/adolescent_valid.txt
[2022-04-10 15:22:05.563] End E019 |  test loss  3.201; ppl     24.57 | accu 0.3281 = 148700/453280 ../data/cbt_valid.txt
[2022-04-10 15:22:05.563] Save: model.pt... 
[2022-04-10 15:22:05.575] Save: model.pt...Done. best_val_loss: 3.2248
[2022-04-10 15:22:05.575] Epoch 020/40 ==================================================
[2022-04-10 15:22:11.871] E020 |   200/2408 batches | lr 2.5000 | loss  2.979 | ppl     19.66
[2022-04-10 15:22:18.228] E020 |   400/2408 batches | lr 2.5000 | loss  2.981 | ppl     19.71
[2022-04-10 15:22:24.569] E020 |   600/2408 batches | lr 2.5000 | loss  2.975 | ppl     19.59
[2022-04-10 15:22:30.962] E020 |   800/2408 batches | lr 2.5000 | loss  2.980 | ppl     19.69
[2022-04-10 15:22:37.369] E020 |  1000/2408 batches | lr 2.5000 | loss  2.951 | ppl     19.13
[2022-04-10 15:22:43.782] E020 |  1200/2408 batches | lr 2.5000 | loss  2.989 | ppl     19.88
[2022-04-10 15:22:50.179] E020 |  1400/2408 batches | lr 2.5000 | loss  2.968 | ppl     19.45
[2022-04-10 15:22:56.592] E020 |  1600/2408 batches | lr 2.5000 | loss  2.959 | ppl     19.28
[2022-04-10 15:23:02.984] E020 |  1800/2408 batches | lr 2.5000 | loss  2.983 | ppl     19.75
[2022-04-10 15:23:09.404] E020 |  2000/2408 batches | lr 2.5000 | loss  2.965 | ppl     19.39
[2022-04-10 15:23:15.787] E020 |  2200/2408 batches | lr 2.5000 | loss  2.998 | ppl     20.05
[2022-04-10 15:23:22.160] E020 |  2400/2408 batches | lr 2.5000 | loss  3.004 | ppl     20.17
[2022-04-10 15:23:22.415] E020 |  2408/2408 batches | lr 2.5000 | loss  2.972 | ppl     19.54
[2022-04-10 15:23:33.351] End E020 | valid loss  3.222; ppl     25.09 | accu 0.3244 = 189586/584500
[2022-04-10 15:23:36.023] End E020 |  test loss  4.712; ppl    111.26 | accu 0.1678 = 23987/142960 ../data/adult_test.txt
[2022-04-10 15:23:38.483] End E020 |  test loss  3.306; ppl     27.27 | accu 0.3092 = 40561/131180 ../data/adolescent_valid.txt
[2022-04-10 15:23:46.887] End E020 |  test loss  3.201; ppl     24.55 | accu 0.3284 = 148845/453280 ../data/cbt_valid.txt
[2022-04-10 15:23:46.887] Save: model.pt... 
[2022-04-10 15:23:46.898] Save: model.pt...Done. best_val_loss: 3.2223
[2022-04-10 15:23:46.898] Epoch 021/40 ==================================================
[2022-04-10 15:23:53.192] E021 |   200/2408 batches | lr 2.5000 | loss  2.974 | ppl     19.57
[2022-04-10 15:23:59.566] E021 |   400/2408 batches | lr 2.5000 | loss  2.974 | ppl     19.57
[2022-04-10 15:24:05.937] E021 |   600/2408 batches | lr 2.5000 | loss  2.971 | ppl     19.51
[2022-04-10 15:24:12.457] E021 |   800/2408 batches | lr 2.5000 | loss  2.976 | ppl     19.61
[2022-04-10 15:24:18.876] E021 |  1000/2408 batches | lr 2.5000 | loss  2.945 | ppl     19.01
[2022-04-10 15:24:25.366] E021 |  1200/2408 batches | lr 2.5000 | loss  2.984 | ppl     19.77
[2022-04-10 15:24:31.782] E021 |  1400/2408 batches | lr 2.5000 | loss  2.965 | ppl     19.40
[2022-04-10 15:24:38.209] E021 |  1600/2408 batches | lr 2.5000 | loss  2.958 | ppl     19.26
[2022-04-10 15:24:44.707] E021 |  1800/2408 batches | lr 2.5000 | loss  2.977 | ppl     19.64
[2022-04-10 15:24:51.093] E021 |  2000/2408 batches | lr 2.5000 | loss  2.960 | ppl     19.31
[2022-04-10 15:24:57.478] E021 |  2200/2408 batches | lr 2.5000 | loss  2.997 | ppl     20.02
[2022-04-10 15:25:03.868] E021 |  2400/2408 batches | lr 2.5000 | loss  3.000 | ppl     20.09
[2022-04-10 15:25:04.134] E021 |  2408/2408 batches | lr 2.5000 | loss  2.973 | ppl     19.56
[2022-04-10 15:25:15.370] End E021 | valid loss  3.221; ppl     25.05 | accu 0.3251 = 190001/584500
[2022-04-10 15:25:18.043] End E021 |  test loss  4.727; ppl    112.96 | accu 0.1710 = 24444/142960 ../data/adult_test.txt
[2022-04-10 15:25:20.513] End E021 |  test loss  3.309; ppl     27.35 | accu 0.3085 = 40471/131180 ../data/adolescent_valid.txt
[2022-04-10 15:25:29.007] End E021 |  test loss  3.198; ppl     24.49 | accu 0.3295 = 149359/453280 ../data/cbt_valid.txt
[2022-04-10 15:25:29.007] Save: model.pt... 
[2022-04-10 15:25:29.018] Save: model.pt...Done. best_val_loss: 3.2209
[2022-04-10 15:25:29.018] Epoch 022/40 ==================================================
[2022-04-10 15:25:35.363] E022 |   200/2408 batches | lr 2.5000 | loss  2.966 | ppl     19.42
[2022-04-10 15:25:41.744] E022 |   400/2408 batches | lr 2.5000 | loss  2.972 | ppl     19.53
[2022-04-10 15:25:48.143] E022 |   600/2408 batches | lr 2.5000 | loss  2.963 | ppl     19.36
[2022-04-10 15:25:54.529] E022 |   800/2408 batches | lr 2.5000 | loss  2.972 | ppl     19.52
[2022-04-10 15:26:00.914] E022 |  1000/2408 batches | lr 2.5000 | loss  2.938 | ppl     18.89
[2022-04-10 15:26:07.359] E022 |  1200/2408 batches | lr 2.5000 | loss  2.984 | ppl     19.77
[2022-04-10 15:26:13.793] E022 |  1400/2408 batches | lr 2.5000 | loss  2.964 | ppl     19.38
[2022-04-10 15:26:20.244] E022 |  1600/2408 batches | lr 2.5000 | loss  2.953 | ppl     19.17
[2022-04-10 15:26:26.657] E022 |  1800/2408 batches | lr 2.5000 | loss  2.973 | ppl     19.55
[2022-04-10 15:26:33.030] E022 |  2000/2408 batches | lr 2.5000 | loss  2.956 | ppl     19.21
[2022-04-10 15:26:39.479] E022 |  2200/2408 batches | lr 2.5000 | loss  2.992 | ppl     19.92
[2022-04-10 15:26:45.860] E022 |  2400/2408 batches | lr 2.5000 | loss  2.994 | ppl     19.96
[2022-04-10 15:26:46.114] E022 |  2408/2408 batches | lr 2.5000 | loss  2.961 | ppl     19.31
[2022-04-10 15:26:57.154] End E022 | valid loss  3.219; ppl     25.01 | accu 0.3252 = 190077/584500
[2022-04-10 15:26:59.824] End E022 |  test loss  4.764; ppl    117.19 | accu 0.1656 = 23676/142960 ../data/adult_test.txt
[2022-04-10 15:27:02.297] End E022 |  test loss  3.298; ppl     27.05 | accu 0.3107 = 40755/131180 ../data/adolescent_valid.txt
[2022-04-10 15:27:10.726] End E022 |  test loss  3.199; ppl     24.50 | accu 0.3291 = 149168/453280 ../data/cbt_valid.txt
[2022-04-10 15:27:10.726] Save: model.pt... 
[2022-04-10 15:27:10.737] Save: model.pt...Done. best_val_loss: 3.2193
[2022-04-10 15:27:10.737] Epoch 023/40 ==================================================
[2022-04-10 15:27:17.122] E023 |   200/2408 batches | lr 2.5000 | loss  2.966 | ppl     19.42
[2022-04-10 15:27:23.497] E023 |   400/2408 batches | lr 2.5000 | loss  2.964 | ppl     19.37
[2022-04-10 15:27:29.879] E023 |   600/2408 batches | lr 2.5000 | loss  2.962 | ppl     19.34
[2022-04-10 15:27:36.248] E023 |   800/2408 batches | lr 2.5000 | loss  2.965 | ppl     19.40
[2022-04-10 15:27:42.708] E023 |  1000/2408 batches | lr 2.5000 | loss  2.939 | ppl     18.89
[2022-04-10 15:27:49.108] E023 |  1200/2408 batches | lr 2.5000 | loss  2.981 | ppl     19.70
[2022-04-10 15:27:55.540] E023 |  1400/2408 batches | lr 2.5000 | loss  2.958 | ppl     19.26
[2022-04-10 15:28:01.926] E023 |  1600/2408 batches | lr 2.5000 | loss  2.952 | ppl     19.15
[2022-04-10 15:28:08.300] E023 |  1800/2408 batches | lr 2.5000 | loss  2.973 | ppl     19.54
[2022-04-10 15:28:14.672] E023 |  2000/2408 batches | lr 2.5000 | loss  2.954 | ppl     19.18
[2022-04-10 15:28:21.080] E023 |  2200/2408 batches | lr 2.5000 | loss  2.992 | ppl     19.92
[2022-04-10 15:28:27.464] E023 |  2400/2408 batches | lr 2.5000 | loss  2.994 | ppl     19.97
[2022-04-10 15:28:27.720] E023 |  2408/2408 batches | lr 2.5000 | loss  2.943 | ppl     18.97
[2022-04-10 15:28:38.735] End E023 | valid loss  3.221; ppl     25.06 | accu 0.3236 = 189158/584500
[2022-04-10 15:28:41.406] End E023 |  test loss  4.718; ppl    112.00 | accu 0.1703 = 24339/142960 ../data/adult_test.txt
[2022-04-10 15:28:43.841] End E023 |  test loss  3.321; ppl     27.68 | accu 0.3040 = 39885/131180 ../data/adolescent_valid.txt
[2022-04-10 15:28:52.230] End E023 |  test loss  3.195; ppl     24.42 | accu 0.3289 = 149098/453280 ../data/cbt_valid.txt
[2022-04-10 15:28:52.231] Epoch 024/40 ==================================================
[2022-04-10 15:28:58.520] E024 |   200/2408 batches | lr 1.2500 | loss  2.966 | ppl     19.42
[2022-04-10 15:29:04.960] E024 |   400/2408 batches | lr 1.2500 | loss  2.963 | ppl     19.36
[2022-04-10 15:29:11.387] E024 |   600/2408 batches | lr 1.2500 | loss  2.959 | ppl     19.27
[2022-04-10 15:29:17.752] E024 |   800/2408 batches | lr 1.2500 | loss  2.959 | ppl     19.27
[2022-04-10 15:29:24.120] E024 |  1000/2408 batches | lr 1.2500 | loss  2.929 | ppl     18.71
[2022-04-10 15:29:30.485] E024 |  1200/2408 batches | lr 1.2500 | loss  2.967 | ppl     19.43
[2022-04-10 15:29:36.825] E024 |  1400/2408 batches | lr 1.2500 | loss  2.954 | ppl     19.19
[2022-04-10 15:29:43.182] E024 |  1600/2408 batches | lr 1.2500 | loss  2.938 | ppl     18.87
[2022-04-10 15:29:49.549] E024 |  1800/2408 batches | lr 1.2500 | loss  2.961 | ppl     19.32
[2022-04-10 15:29:55.967] E024 |  2000/2408 batches | lr 1.2500 | loss  2.940 | ppl     18.91
[2022-04-10 15:30:02.520] E024 |  2200/2408 batches | lr 1.2500 | loss  2.979 | ppl     19.66
[2022-04-10 15:30:09.085] E024 |  2400/2408 batches | lr 1.2500 | loss  2.976 | ppl     19.61
[2022-04-10 15:30:09.339] E024 |  2408/2408 batches | lr 1.2500 | loss  2.952 | ppl     19.15
[2022-04-10 15:30:21.186] End E024 | valid loss  3.207; ppl     24.71 | accu 0.3276 = 191453/584500
[2022-04-10 15:30:23.908] End E024 |  test loss  4.764; ppl    117.22 | accu 0.1666 = 23817/142960 ../data/adult_test.txt
[2022-04-10 15:30:26.392] End E024 |  test loss  3.285; ppl     26.70 | accu 0.3134 = 41118/131180 ../data/adolescent_valid.txt
[2022-04-10 15:30:35.229] End E024 |  test loss  3.187; ppl     24.22 | accu 0.3314 = 150210/453280 ../data/cbt_valid.txt
[2022-04-10 15:30:35.229] Save: model.pt... 
[2022-04-10 15:30:35.241] Save: model.pt...Done. best_val_loss: 3.2073
[2022-04-10 15:30:35.241] Epoch 025/40 ==================================================
[2022-04-10 15:30:41.562] E025 |   200/2408 batches | lr 1.2500 | loss  2.951 | ppl     19.12
[2022-04-10 15:30:47.962] E025 |   400/2408 batches | lr 1.2500 | loss  2.954 | ppl     19.19
[2022-04-10 15:30:54.386] E025 |   600/2408 batches | lr 1.2500 | loss  2.951 | ppl     19.12
[2022-04-10 15:31:00.855] E025 |   800/2408 batches | lr 1.2500 | loss  2.953 | ppl     19.16
[2022-04-10 15:31:07.240] E025 |  1000/2408 batches | lr 1.2500 | loss  2.923 | ppl     18.59
[2022-04-10 15:31:13.628] E025 |  1200/2408 batches | lr 1.2500 | loss  2.966 | ppl     19.42
[2022-04-10 15:31:20.024] E025 |  1400/2408 batches | lr 1.2500 | loss  2.949 | ppl     19.08
[2022-04-10 15:31:26.457] E025 |  1600/2408 batches | lr 1.2500 | loss  2.934 | ppl     18.80
[2022-04-10 15:31:32.866] E025 |  1800/2408 batches | lr 1.2500 | loss  2.959 | ppl     19.27
[2022-04-10 15:31:39.270] E025 |  2000/2408 batches | lr 1.2500 | loss  2.943 | ppl     18.96
[2022-04-10 15:31:45.635] E025 |  2200/2408 batches | lr 1.2500 | loss  2.974 | ppl     19.57
[2022-04-10 15:31:52.080] E025 |  2400/2408 batches | lr 1.2500 | loss  2.978 | ppl     19.64
[2022-04-10 15:31:52.333] E025 |  2408/2408 batches | lr 1.2500 | loss  2.958 | ppl     19.26
[2022-04-10 15:32:03.211] End E025 | valid loss  3.206; ppl     24.69 | accu 0.3270 = 191151/584500
[2022-04-10 15:32:05.880] End E025 |  test loss  4.720; ppl    112.15 | accu 0.1705 = 24377/142960 ../data/adult_test.txt
[2022-04-10 15:32:08.321] End E025 |  test loss  3.293; ppl     26.92 | accu 0.3128 = 41036/131180 ../data/adolescent_valid.txt
[2022-04-10 15:32:16.868] End E025 |  test loss  3.184; ppl     24.14 | accu 0.3309 = 149975/453280 ../data/cbt_valid.txt
[2022-04-10 15:32:16.868] Save: model.pt... 
[2022-04-10 15:32:16.880] Save: model.pt...Done. best_val_loss: 3.2065
[2022-04-10 15:32:16.880] Epoch 026/40 ==================================================
[2022-04-10 15:32:23.232] E026 |   200/2408 batches | lr 1.2500 | loss  2.950 | ppl     19.11
[2022-04-10 15:32:29.617] E026 |   400/2408 batches | lr 1.2500 | loss  2.952 | ppl     19.15
[2022-04-10 15:32:36.005] E026 |   600/2408 batches | lr 1.2500 | loss  2.948 | ppl     19.06
[2022-04-10 15:32:42.421] E026 |   800/2408 batches | lr 1.2500 | loss  2.949 | ppl     19.08
[2022-04-10 15:32:48.811] E026 |  1000/2408 batches | lr 1.2500 | loss  2.922 | ppl     18.58
[2022-04-10 15:32:55.223] E026 |  1200/2408 batches | lr 1.2500 | loss  2.964 | ppl     19.37
[2022-04-10 15:33:01.629] E026 |  1400/2408 batches | lr 1.2500 | loss  2.944 | ppl     19.00
[2022-04-10 15:33:08.029] E026 |  1600/2408 batches | lr 1.2500 | loss  2.937 | ppl     18.86
[2022-04-10 15:33:14.414] E026 |  1800/2408 batches | lr 1.2500 | loss  2.955 | ppl     19.20
[2022-04-10 15:33:20.823] E026 |  2000/2408 batches | lr 1.2500 | loss  2.939 | ppl     18.90
[2022-04-10 15:33:27.223] E026 |  2200/2408 batches | lr 1.2500 | loss  2.973 | ppl     19.55
[2022-04-10 15:33:33.610] E026 |  2400/2408 batches | lr 1.2500 | loss  2.975 | ppl     19.59
[2022-04-10 15:33:33.865] E026 |  2408/2408 batches | lr 1.2500 | loss  2.931 | ppl     18.75
[2022-04-10 15:33:44.823] End E026 | valid loss  3.206; ppl     24.67 | accu 0.3272 = 191243/584500
[2022-04-10 15:33:47.523] End E026 |  test loss  4.741; ppl    114.61 | accu 0.1700 = 24310/142960 ../data/adult_test.txt
[2022-04-10 15:33:49.982] End E026 |  test loss  3.290; ppl     26.86 | accu 0.3132 = 41080/131180 ../data/adolescent_valid.txt
[2022-04-10 15:33:58.477] End E026 |  test loss  3.184; ppl     24.13 | accu 0.3310 = 150049/453280 ../data/cbt_valid.txt
[2022-04-10 15:33:58.477] Save: model.pt... 
[2022-04-10 15:33:58.488] Save: model.pt...Done. best_val_loss: 3.2056
[2022-04-10 15:33:58.488] Epoch 027/40 ==================================================
[2022-04-10 15:34:04.925] E027 |   200/2408 batches | lr 1.2500 | loss  2.949 | ppl     19.08
[2022-04-10 15:34:11.299] E027 |   400/2408 batches | lr 1.2500 | loss  2.950 | ppl     19.11
[2022-04-10 15:34:17.672] E027 |   600/2408 batches | lr 1.2500 | loss  2.948 | ppl     19.07
[2022-04-10 15:34:24.038] E027 |   800/2408 batches | lr 1.2500 | loss  2.951 | ppl     19.12
[2022-04-10 15:34:30.504] E027 |  1000/2408 batches | lr 1.2500 | loss  2.921 | ppl     18.56
[2022-04-10 15:34:36.892] E027 |  1200/2408 batches | lr 1.2500 | loss  2.962 | ppl     19.33
[2022-04-10 15:34:43.308] E027 |  1400/2408 batches | lr 1.2500 | loss  2.943 | ppl     18.97
[2022-04-10 15:34:49.683] E027 |  1600/2408 batches | lr 1.2500 | loss  2.932 | ppl     18.76
[2022-04-10 15:34:56.057] E027 |  1800/2408 batches | lr 1.2500 | loss  2.955 | ppl     19.20
[2022-04-10 15:35:02.437] E027 |  2000/2408 batches | lr 1.2500 | loss  2.938 | ppl     18.89
[2022-04-10 15:35:08.828] E027 |  2200/2408 batches | lr 1.2500 | loss  2.970 | ppl     19.49
[2022-04-10 15:35:15.197] E027 |  2400/2408 batches | lr 1.2500 | loss  2.974 | ppl     19.57
[2022-04-10 15:35:15.451] E027 |  2408/2408 batches | lr 1.2500 | loss  2.946 | ppl     19.04
[2022-04-10 15:35:26.480] End E027 | valid loss  3.204; ppl     24.64 | accu 0.3273 = 191303/584500
[2022-04-10 15:35:29.154] End E027 |  test loss  4.735; ppl    113.89 | accu 0.1698 = 24271/142960 ../data/adult_test.txt
[2022-04-10 15:35:31.619] End E027 |  test loss  3.287; ppl     26.76 | accu 0.3129 = 41047/131180 ../data/adolescent_valid.txt
[2022-04-10 15:35:40.111] End E027 |  test loss  3.183; ppl     24.11 | accu 0.3312 = 150116/453280 ../data/cbt_valid.txt
[2022-04-10 15:35:40.111] Save: model.pt... 
[2022-04-10 15:35:40.122] Save: model.pt...Done. best_val_loss: 3.2043
[2022-04-10 15:35:40.122] Epoch 028/40 ==================================================
[2022-04-10 15:35:46.443] E028 |   200/2408 batches | lr 1.2500 | loss  2.950 | ppl     19.10
[2022-04-10 15:35:52.814] E028 |   400/2408 batches | lr 1.2500 | loss  2.950 | ppl     19.10
[2022-04-10 15:35:59.199] E028 |   600/2408 batches | lr 1.2500 | loss  2.941 | ppl     18.94
[2022-04-10 15:36:05.588] E028 |   800/2408 batches | lr 1.2500 | loss  2.951 | ppl     19.12
[2022-04-10 15:36:11.961] E028 |  1000/2408 batches | lr 1.2500 | loss  2.918 | ppl     18.51
[2022-04-10 15:36:18.346] E028 |  1200/2408 batches | lr 1.2500 | loss  2.961 | ppl     19.32
[2022-04-10 15:36:24.719] E028 |  1400/2408 batches | lr 1.2500 | loss  2.936 | ppl     18.85
[2022-04-10 15:36:31.106] E028 |  1600/2408 batches | lr 1.2500 | loss  2.932 | ppl     18.77
[2022-04-10 15:36:37.480] E028 |  1800/2408 batches | lr 1.2500 | loss  2.953 | ppl     19.16
[2022-04-10 15:36:43.823] E028 |  2000/2408 batches | lr 1.2500 | loss  2.935 | ppl     18.82
[2022-04-10 15:36:50.193] E028 |  2200/2408 batches | lr 1.2500 | loss  2.970 | ppl     19.50
[2022-04-10 15:36:56.602] E028 |  2400/2408 batches | lr 1.2500 | loss  2.977 | ppl     19.63
[2022-04-10 15:36:56.857] E028 |  2408/2408 batches | lr 1.2500 | loss  2.959 | ppl     19.28
[2022-04-10 15:37:07.872] End E028 | valid loss  3.204; ppl     24.64 | accu 0.3273 = 191331/584500
[2022-04-10 15:37:10.543] End E028 |  test loss  4.730; ppl    113.32 | accu 0.1702 = 24336/142960 ../data/adult_test.txt
[2022-04-10 15:37:13.012] End E028 |  test loss  3.290; ppl     26.84 | accu 0.3129 = 41048/131180 ../data/adolescent_valid.txt
[2022-04-10 15:37:21.475] End E028 |  test loss  3.182; ppl     24.09 | accu 0.3313 = 150150/453280 ../data/cbt_valid.txt
[2022-04-10 15:37:21.475] Epoch 029/40 ==================================================
[2022-04-10 15:37:27.816] E029 |   200/2408 batches | lr 0.6250 | loss  2.945 | ppl     19.01
[2022-04-10 15:37:34.216] E029 |   400/2408 batches | lr 0.6250 | loss  2.945 | ppl     19.01
[2022-04-10 15:37:40.634] E029 |   600/2408 batches | lr 0.6250 | loss  2.939 | ppl     18.90
[2022-04-10 15:37:47.029] E029 |   800/2408 batches | lr 0.6250 | loss  2.945 | ppl     19.01
[2022-04-10 15:37:53.435] E029 |  1000/2408 batches | lr 0.6250 | loss  2.916 | ppl     18.47
[2022-04-10 15:37:59.933] E029 |  1200/2408 batches | lr 0.6250 | loss  2.956 | ppl     19.22
[2022-04-10 15:38:06.319] E029 |  1400/2408 batches | lr 0.6250 | loss  2.938 | ppl     18.88
[2022-04-10 15:38:12.693] E029 |  1600/2408 batches | lr 0.6250 | loss  2.925 | ppl     18.64
[2022-04-10 15:38:19.055] E029 |  1800/2408 batches | lr 0.6250 | loss  2.950 | ppl     19.10
[2022-04-10 15:38:25.470] E029 |  2000/2408 batches | lr 0.6250 | loss  2.928 | ppl     18.69
[2022-04-10 15:38:31.947] E029 |  2200/2408 batches | lr 0.6250 | loss  2.962 | ppl     19.34
[2022-04-10 15:38:38.502] E029 |  2400/2408 batches | lr 0.6250 | loss  2.972 | ppl     19.53
[2022-04-10 15:38:38.756] E029 |  2408/2408 batches | lr 0.6250 | loss  2.948 | ppl     19.07
[2022-04-10 15:38:49.778] End E029 | valid loss  3.201; ppl     24.56 | accu 0.3281 = 191771/584500
[2022-04-10 15:38:52.449] End E029 |  test loss  4.745; ppl    115.01 | accu 0.1700 = 24303/142960 ../data/adult_test.txt
[2022-04-10 15:38:54.896] End E029 |  test loss  3.285; ppl     26.70 | accu 0.3141 = 41209/131180 ../data/adolescent_valid.txt
[2022-04-10 15:39:03.312] End E029 |  test loss  3.179; ppl     24.03 | accu 0.3319 = 150421/453280 ../data/cbt_valid.txt
[2022-04-10 15:39:03.312] Save: model.pt... 
[2022-04-10 15:39:03.323] Save: model.pt...Done. best_val_loss: 3.2012
[2022-04-10 15:39:03.323] Epoch 030/40 ==================================================
[2022-04-10 15:39:09.627] E030 |   200/2408 batches | lr 0.6250 | loss  2.945 | ppl     19.02
[2022-04-10 15:39:16.074] E030 |   400/2408 batches | lr 0.6250 | loss  2.941 | ppl     18.94
[2022-04-10 15:39:22.470] E030 |   600/2408 batches | lr 0.6250 | loss  2.937 | ppl     18.86
[2022-04-10 15:39:28.871] E030 |   800/2408 batches | lr 0.6250 | loss  2.943 | ppl     18.97
[2022-04-10 15:39:35.271] E030 |  1000/2408 batches | lr 0.6250 | loss  2.914 | ppl     18.42
[2022-04-10 15:39:41.658] E030 |  1200/2408 batches | lr 0.6250 | loss  2.951 | ppl     19.13
[2022-04-10 15:39:48.079] E030 |  1400/2408 batches | lr 0.6250 | loss  2.936 | ppl     18.84
[2022-04-10 15:39:54.414] E030 |  1600/2408 batches | lr 0.6250 | loss  2.924 | ppl     18.62
[2022-04-10 15:40:00.540] E030 |  1800/2408 batches | lr 0.6250 | loss  2.943 | ppl     18.98
[2022-04-10 15:40:06.909] E030 |  2000/2408 batches | lr 0.6250 | loss  2.929 | ppl     18.71
[2022-04-10 15:40:13.252] E030 |  2200/2408 batches | lr 0.6250 | loss  2.966 | ppl     19.41
[2022-04-10 15:40:19.620] E030 |  2400/2408 batches | lr 0.6250 | loss  2.966 | ppl     19.42
[2022-04-10 15:40:19.874] E030 |  2408/2408 batches | lr 0.6250 | loss  2.933 | ppl     18.78
[2022-04-10 15:40:30.866] End E030 | valid loss  3.200; ppl     24.52 | accu 0.3289 = 192216/584500
[2022-04-10 15:40:33.524] End E030 |  test loss  4.752; ppl    115.85 | accu 0.1694 = 24223/142960 ../data/adult_test.txt
[2022-04-10 15:40:35.968] End E030 |  test loss  3.281; ppl     26.60 | accu 0.3148 = 41300/131180 ../data/adolescent_valid.txt
[2022-04-10 15:40:44.414] End E030 |  test loss  3.178; ppl     24.01 | accu 0.3327 = 150790/453280 ../data/cbt_valid.txt
[2022-04-10 15:40:44.414] Save: model.pt... 
[2022-04-10 15:40:44.427] Save: model.pt...Done. best_val_loss: 3.1996
[2022-04-10 15:40:44.427] Epoch 031/40 ==================================================
[2022-04-10 15:40:50.745] E031 |   200/2408 batches | lr 0.6250 | loss  2.940 | ppl     18.91
[2022-04-10 15:40:57.168] E031 |   400/2408 batches | lr 0.6250 | loss  2.940 | ppl     18.91
[2022-04-10 15:41:03.557] E031 |   600/2408 batches | lr 0.6250 | loss  2.935 | ppl     18.82
[2022-04-10 15:41:09.967] E031 |   800/2408 batches | lr 0.6250 | loss  2.940 | ppl     18.91
[2022-04-10 15:41:16.361] E031 |  1000/2408 batches | lr 0.6250 | loss  2.911 | ppl     18.37
[2022-04-10 15:41:22.770] E031 |  1200/2408 batches | lr 0.6250 | loss  2.949 | ppl     19.09
[2022-04-10 15:41:29.156] E031 |  1400/2408 batches | lr 0.6250 | loss  2.931 | ppl     18.74
[2022-04-10 15:41:35.600] E031 |  1600/2408 batches | lr 0.6250 | loss  2.918 | ppl     18.50
[2022-04-10 15:41:41.990] E031 |  1800/2408 batches | lr 0.6250 | loss  2.944 | ppl     18.98
[2022-04-10 15:41:48.390] E031 |  2000/2408 batches | lr 0.6250 | loss  2.928 | ppl     18.69
[2022-04-10 15:41:54.827] E031 |  2200/2408 batches | lr 0.6250 | loss  2.961 | ppl     19.33
[2022-04-10 15:42:01.373] E031 |  2400/2408 batches | lr 0.6250 | loss  2.966 | ppl     19.41
[2022-04-10 15:42:01.626] E031 |  2408/2408 batches | lr 0.6250 | loss  2.934 | ppl     18.80
[2022-04-10 15:42:12.525] End E031 | valid loss  3.199; ppl     24.50 | accu 0.3291 = 192348/584500
[2022-04-10 15:42:15.403] End E031 |  test loss  4.778; ppl    118.84 | accu 0.1684 = 24077/142960 ../data/adult_test.txt
[2022-04-10 15:42:17.995] End E031 |  test loss  3.279; ppl     26.55 | accu 0.3153 = 41360/131180 ../data/adolescent_valid.txt
[2022-04-10 15:42:26.543] End E031 |  test loss  3.178; ppl     23.99 | accu 0.3328 = 150850/453280 ../data/cbt_valid.txt
[2022-04-10 15:42:26.544] Save: model.pt... 
[2022-04-10 15:42:26.555] Save: model.pt...Done. best_val_loss: 3.1987
[2022-04-10 15:42:26.555] Epoch 032/40 ==================================================
[2022-04-10 15:42:32.904] E032 |   200/2408 batches | lr 0.6250 | loss  2.939 | ppl     18.89
[2022-04-10 15:42:39.323] E032 |   400/2408 batches | lr 0.6250 | loss  2.940 | ppl     18.91
[2022-04-10 15:42:45.710] E032 |   600/2408 batches | lr 0.6250 | loss  2.932 | ppl     18.77
[2022-04-10 15:42:52.090] E032 |   800/2408 batches | lr 0.6250 | loss  2.936 | ppl     18.84
[2022-04-10 15:42:58.494] E032 |  1000/2408 batches | lr 0.6250 | loss  2.909 | ppl     18.35
[2022-04-10 15:43:04.868] E032 |  1200/2408 batches | lr 0.6250 | loss  2.952 | ppl     19.15
[2022-04-10 15:43:11.330] E032 |  1400/2408 batches | lr 0.6250 | loss  2.930 | ppl     18.73
[2022-04-10 15:43:17.774] E032 |  1600/2408 batches | lr 0.6250 | loss  2.923 | ppl     18.60
[2022-04-10 15:43:24.181] E032 |  1800/2408 batches | lr 0.6250 | loss  2.948 | ppl     19.06
[2022-04-10 15:43:30.566] E032 |  2000/2408 batches | lr 0.6250 | loss  2.925 | ppl     18.63
[2022-04-10 15:43:36.974] E032 |  2200/2408 batches | lr 0.6250 | loss  2.963 | ppl     19.35
[2022-04-10 15:43:43.352] E032 |  2400/2408 batches | lr 0.6250 | loss  2.966 | ppl     19.42
[2022-04-10 15:43:43.605] E032 |  2408/2408 batches | lr 0.6250 | loss  2.931 | ppl     18.75
[2022-04-10 15:43:54.523] End E032 | valid loss  3.199; ppl     24.50 | accu 0.3289 = 192225/584500
[2022-04-10 15:43:57.199] End E032 |  test loss  4.772; ppl    118.11 | accu 0.1690 = 24156/142960 ../data/adult_test.txt
[2022-04-10 15:43:59.634] End E032 |  test loss  3.281; ppl     26.60 | accu 0.3149 = 41306/131180 ../data/adolescent_valid.txt
[2022-04-10 15:44:08.079] End E032 |  test loss  3.177; ppl     23.98 | accu 0.3326 = 150739/453280 ../data/cbt_valid.txt
[2022-04-10 15:44:08.079] Save: model.pt... 
[2022-04-10 15:44:08.091] Save: model.pt...Done. best_val_loss: 3.1986
[2022-04-10 15:44:08.091] Epoch 033/40 ==================================================
[2022-04-10 15:44:14.343] E033 |   200/2408 batches | lr 0.6250 | loss  2.936 | ppl     18.85
[2022-04-10 15:44:20.773] E033 |   400/2408 batches | lr 0.6250 | loss  2.939 | ppl     18.90
[2022-04-10 15:44:27.184] E033 |   600/2408 batches | lr 0.6250 | loss  2.936 | ppl     18.84
[2022-04-10 15:44:33.568] E033 |   800/2408 batches | lr 0.6250 | loss  2.936 | ppl     18.84
[2022-04-10 15:44:39.945] E033 |  1000/2408 batches | lr 0.6250 | loss  2.909 | ppl     18.33
[2022-04-10 15:44:46.321] E033 |  1200/2408 batches | lr 0.6250 | loss  2.949 | ppl     19.09
[2022-04-10 15:44:52.741] E033 |  1400/2408 batches | lr 0.6250 | loss  2.929 | ppl     18.71
[2022-04-10 15:44:59.168] E033 |  1600/2408 batches | lr 0.6250 | loss  2.920 | ppl     18.54
[2022-04-10 15:45:05.627] E033 |  1800/2408 batches | lr 0.6250 | loss  2.942 | ppl     18.95
[2022-04-10 15:45:12.042] E033 |  2000/2408 batches | lr 0.6250 | loss  2.924 | ppl     18.62
[2022-04-10 15:45:18.457] E033 |  2200/2408 batches | lr 0.6250 | loss  2.961 | ppl     19.32
[2022-04-10 15:45:24.852] E033 |  2400/2408 batches | lr 0.6250 | loss  2.967 | ppl     19.44
[2022-04-10 15:45:25.116] E033 |  2408/2408 batches | lr 0.6250 | loss  2.931 | ppl     18.74
[2022-04-10 15:45:36.492] End E033 | valid loss  3.198; ppl     24.49 | accu 0.3289 = 192249/584500
[2022-04-10 15:45:39.162] End E033 |  test loss  4.744; ppl    114.87 | accu 0.1704 = 24362/142960 ../data/adult_test.txt
[2022-04-10 15:45:41.638] End E033 |  test loss  3.281; ppl     26.59 | accu 0.3146 = 41263/131180 ../data/adolescent_valid.txt
[2022-04-10 15:45:50.115] End E033 |  test loss  3.177; ppl     23.97 | accu 0.3327 = 150800/453280 ../data/cbt_valid.txt
[2022-04-10 15:45:50.115] Save: model.pt... 
[2022-04-10 15:45:50.127] Save: model.pt...Done. best_val_loss: 3.1982
[2022-04-10 15:45:50.127] Epoch 034/40 ==================================================
[2022-04-10 15:45:56.438] E034 |   200/2408 batches | lr 0.6250 | loss  2.935 | ppl     18.82
[2022-04-10 15:46:02.804] E034 |   400/2408 batches | lr 0.6250 | loss  2.937 | ppl     18.86
[2022-04-10 15:46:09.194] E034 |   600/2408 batches | lr 0.6250 | loss  2.929 | ppl     18.72
[2022-04-10 15:46:15.568] E034 |   800/2408 batches | lr 0.6250 | loss  2.938 | ppl     18.88
[2022-04-10 15:46:22.014] E034 |  1000/2408 batches | lr 0.6250 | loss  2.908 | ppl     18.32
[2022-04-10 15:46:28.389] E034 |  1200/2408 batches | lr 0.6250 | loss  2.949 | ppl     19.10
[2022-04-10 15:46:34.737] E034 |  1400/2408 batches | lr 0.6250 | loss  2.929 | ppl     18.70
[2022-04-10 15:46:41.136] E034 |  1600/2408 batches | lr 0.6250 | loss  2.917 | ppl     18.49
[2022-04-10 15:46:47.547] E034 |  1800/2408 batches | lr 0.6250 | loss  2.949 | ppl     19.09
[2022-04-10 15:46:53.932] E034 |  2000/2408 batches | lr 0.6250 | loss  2.925 | ppl     18.64
[2022-04-10 15:47:00.348] E034 |  2200/2408 batches | lr 0.6250 | loss  2.959 | ppl     19.27
[2022-04-10 15:47:06.724] E034 |  2400/2408 batches | lr 0.6250 | loss  2.965 | ppl     19.39
[2022-04-10 15:47:07.000] E034 |  2408/2408 batches | lr 0.6250 | loss  2.948 | ppl     19.07
[2022-04-10 15:47:18.015] End E034 | valid loss  3.198; ppl     24.47 | accu 0.3293 = 192455/584500
[2022-04-10 15:47:20.691] End E034 |  test loss  4.763; ppl    117.06 | accu 0.1696 = 24251/142960 ../data/adult_test.txt
[2022-04-10 15:47:23.147] End E034 |  test loss  3.278; ppl     26.52 | accu 0.3158 = 41426/131180 ../data/adolescent_valid.txt
[2022-04-10 15:47:31.603] End E034 |  test loss  3.177; ppl     23.97 | accu 0.3329 = 150889/453280 ../data/cbt_valid.txt
[2022-04-10 15:47:31.603] Save: model.pt... 
[2022-04-10 15:47:31.615] Save: model.pt...Done. best_val_loss: 3.1976
[2022-04-10 15:47:31.615] Epoch 035/40 ==================================================
[2022-04-10 15:47:37.915] E035 |   200/2408 batches | lr 0.6250 | loss  2.934 | ppl     18.80
[2022-04-10 15:47:44.297] E035 |   400/2408 batches | lr 0.6250 | loss  2.936 | ppl     18.84
[2022-04-10 15:47:50.786] E035 |   600/2408 batches | lr 0.6250 | loss  2.933 | ppl     18.78
[2022-04-10 15:47:57.377] E035 |   800/2408 batches | lr 0.6250 | loss  2.938 | ppl     18.87
[2022-04-10 15:48:03.752] E035 |  1000/2408 batches | lr 0.6250 | loss  2.907 | ppl     18.30
[2022-04-10 15:48:10.137] E035 |  1200/2408 batches | lr 0.6250 | loss  2.950 | ppl     19.10
[2022-04-10 15:48:16.537] E035 |  1400/2408 batches | lr 0.6250 | loss  2.927 | ppl     18.67
[2022-04-10 15:48:22.982] E035 |  1600/2408 batches | lr 0.6250 | loss  2.919 | ppl     18.52
[2022-04-10 15:48:29.401] E035 |  1800/2408 batches | lr 0.6250 | loss  2.941 | ppl     18.93
[2022-04-10 15:48:35.767] E035 |  2000/2408 batches | lr 0.6250 | loss  2.925 | ppl     18.63
[2022-04-10 15:48:42.121] E035 |  2200/2408 batches | lr 0.6250 | loss  2.960 | ppl     19.29
[2022-04-10 15:48:48.516] E035 |  2400/2408 batches | lr 0.6250 | loss  2.961 | ppl     19.32
[2022-04-10 15:48:48.770] E035 |  2408/2408 batches | lr 0.6250 | loss  2.936 | ppl     18.84
[2022-04-10 15:48:59.801] End E035 | valid loss  3.197; ppl     24.46 | accu 0.3292 = 192440/584500
[2022-04-10 15:49:02.492] End E035 |  test loss  4.769; ppl    117.75 | accu 0.1689 = 24151/142960 ../data/adult_test.txt
[2022-04-10 15:49:04.952] End E035 |  test loss  3.278; ppl     26.53 | accu 0.3156 = 41397/131180 ../data/adolescent_valid.txt
[2022-04-10 15:49:13.366] End E035 |  test loss  3.176; ppl     23.94 | accu 0.3329 = 150892/453280 ../data/cbt_valid.txt
[2022-04-10 15:49:13.366] Save: model.pt... 
[2022-04-10 15:49:13.377] Save: model.pt...Done. best_val_loss: 3.1970
[2022-04-10 15:49:13.377] Epoch 036/40 ==================================================
[2022-04-10 15:49:19.656] E036 |   200/2408 batches | lr 0.6250 | loss  2.935 | ppl     18.82
[2022-04-10 15:49:26.034] E036 |   400/2408 batches | lr 0.6250 | loss  2.937 | ppl     18.85
[2022-04-10 15:49:32.626] E036 |   600/2408 batches | lr 0.6250 | loss  2.931 | ppl     18.74
[2022-04-10 15:49:39.049] E036 |   800/2408 batches | lr 0.6250 | loss  2.931 | ppl     18.74
[2022-04-10 15:49:45.437] E036 |  1000/2408 batches | lr 0.6250 | loss  2.909 | ppl     18.33
[2022-04-10 15:49:51.840] E036 |  1200/2408 batches | lr 0.6250 | loss  2.947 | ppl     19.04
[2022-04-10 15:49:58.216] E036 |  1400/2408 batches | lr 0.6250 | loss  2.921 | ppl     18.57
[2022-04-10 15:50:04.605] E036 |  1600/2408 batches | lr 0.6250 | loss  2.920 | ppl     18.54
[2022-04-10 15:50:10.971] E036 |  1800/2408 batches | lr 0.6250 | loss  2.942 | ppl     18.95
[2022-04-10 15:50:17.371] E036 |  2000/2408 batches | lr 0.6250 | loss  2.924 | ppl     18.61
[2022-04-10 15:50:23.758] E036 |  2200/2408 batches | lr 0.6250 | loss  2.955 | ppl     19.20
[2022-04-10 15:50:30.180] E036 |  2400/2408 batches | lr 0.6250 | loss  2.961 | ppl     19.31
[2022-04-10 15:50:30.434] E036 |  2408/2408 batches | lr 0.6250 | loss  2.910 | ppl     18.36
[2022-04-10 15:50:41.484] End E036 | valid loss  3.198; ppl     24.48 | accu 0.3292 = 192390/584500
[2022-04-10 15:50:44.145] End E036 |  test loss  4.767; ppl    117.58 | accu 0.1695 = 24225/142960 ../data/adult_test.txt
[2022-04-10 15:50:46.615] End E036 |  test loss  3.281; ppl     26.60 | accu 0.3150 = 41323/131180 ../data/adolescent_valid.txt
[2022-04-10 15:50:55.113] End E036 |  test loss  3.176; ppl     23.96 | accu 0.3329 = 150886/453280 ../data/cbt_valid.txt
[2022-04-10 15:50:55.113] Epoch 037/40 ==================================================
[2022-04-10 15:51:01.533] E037 |   200/2408 batches | lr 0.3125 | loss  2.936 | ppl     18.84
[2022-04-10 15:51:07.886] E037 |   400/2408 batches | lr 0.3125 | loss  2.934 | ppl     18.81
[2022-04-10 15:51:13.992] E037 |   600/2408 batches | lr 0.3125 | loss  2.933 | ppl     18.79
[2022-04-10 15:51:20.100] E037 |   800/2408 batches | lr 0.3125 | loss  2.932 | ppl     18.77
[2022-04-10 15:51:26.168] E037 |  1000/2408 batches | lr 0.3125 | loss  2.908 | ppl     18.33
[2022-04-10 15:51:32.231] E037 |  1200/2408 batches | lr 0.3125 | loss  2.946 | ppl     19.03
[2022-04-10 15:51:38.643] E037 |  1400/2408 batches | lr 0.3125 | loss  2.927 | ppl     18.68
[2022-04-10 15:51:45.200] E037 |  1600/2408 batches | lr 0.3125 | loss  2.915 | ppl     18.45
[2022-04-10 15:51:51.673] E037 |  1800/2408 batches | lr 0.3125 | loss  2.940 | ppl     18.92
[2022-04-10 15:51:58.146] E037 |  2000/2408 batches | lr 0.3125 | loss  2.919 | ppl     18.51
[2022-04-10 15:52:04.569] E037 |  2200/2408 batches | lr 0.3125 | loss  2.953 | ppl     19.16
[2022-04-10 15:52:11.314] E037 |  2400/2408 batches | lr 0.3125 | loss  2.959 | ppl     19.28
[2022-04-10 15:52:11.574] E037 |  2408/2408 batches | lr 0.3125 | loss  2.933 | ppl     18.78
[2022-04-10 15:52:22.603] End E037 | valid loss  3.196; ppl     24.43 | accu 0.3295 = 192574/584500
[2022-04-10 15:52:25.278] End E037 |  test loss  4.761; ppl    116.91 | accu 0.1701 = 24319/142960 ../data/adult_test.txt
[2022-04-10 15:52:27.721] End E037 |  test loss  3.277; ppl     26.50 | accu 0.3156 = 41404/131180 ../data/adolescent_valid.txt
[2022-04-10 15:52:36.216] End E037 |  test loss  3.175; ppl     23.92 | accu 0.3331 = 151010/453280 ../data/cbt_valid.txt
[2022-04-10 15:52:36.216] Save: model.pt... 
[2022-04-10 15:52:36.227] Save: model.pt...Done. best_val_loss: 3.1960
[2022-04-10 15:52:36.228] Epoch 038/40 ==================================================
[2022-04-10 15:52:42.538] E038 |   200/2408 batches | lr 0.3125 | loss  2.933 | ppl     18.79
[2022-04-10 15:52:48.969] E038 |   400/2408 batches | lr 0.3125 | loss  2.931 | ppl     18.75
[2022-04-10 15:52:55.388] E038 |   600/2408 batches | lr 0.3125 | loss  2.929 | ppl     18.70
[2022-04-10 15:53:01.792] E038 |   800/2408 batches | lr 0.3125 | loss  2.930 | ppl     18.74
[2022-04-10 15:53:08.236] E038 |  1000/2408 batches | lr 0.3125 | loss  2.906 | ppl     18.28
[2022-04-10 15:53:14.649] E038 |  1200/2408 batches | lr 0.3125 | loss  2.946 | ppl     19.02
[2022-04-10 15:53:21.054] E038 |  1400/2408 batches | lr 0.3125 | loss  2.925 | ppl     18.63
[2022-04-10 15:53:27.420] E038 |  1600/2408 batches | lr 0.3125 | loss  2.916 | ppl     18.47
[2022-04-10 15:53:34.123] E038 |  1800/2408 batches | lr 0.3125 | loss  2.940 | ppl     18.92
[2022-04-10 15:53:40.489] E038 |  2000/2408 batches | lr 0.3125 | loss  2.922 | ppl     18.58
[2022-04-10 15:53:46.875] E038 |  2200/2408 batches | lr 0.3125 | loss  2.948 | ppl     19.08
[2022-04-10 15:53:53.246] E038 |  2400/2408 batches | lr 0.3125 | loss  2.957 | ppl     19.25
[2022-04-10 15:53:53.499] E038 |  2408/2408 batches | lr 0.3125 | loss  2.920 | ppl     18.53
[2022-04-10 15:54:04.428] End E038 | valid loss  3.196; ppl     24.43 | accu 0.3298 = 192754/584500
[2022-04-10 15:54:07.127] End E038 |  test loss  4.765; ppl    117.29 | accu 0.1701 = 24317/142960 ../data/adult_test.txt
[2022-04-10 15:54:09.591] End E038 |  test loss  3.278; ppl     26.52 | accu 0.3156 = 41406/131180 ../data/adolescent_valid.txt
[2022-04-10 15:54:18.157] End E038 |  test loss  3.175; ppl     23.92 | accu 0.3335 = 151175/453280 ../data/cbt_valid.txt
[2022-04-10 15:54:18.157] Save: model.pt... 
[2022-04-10 15:54:18.171] Save: model.pt...Done. best_val_loss: 3.1959
[2022-04-10 15:54:18.171] Epoch 039/40 ==================================================
[2022-04-10 15:54:24.563] E039 |   200/2408 batches | lr 0.3125 | loss  2.930 | ppl     18.73
[2022-04-10 15:54:30.955] E039 |   400/2408 batches | lr 0.3125 | loss  2.932 | ppl     18.76
[2022-04-10 15:54:37.349] E039 |   600/2408 batches | lr 0.3125 | loss  2.926 | ppl     18.66
[2022-04-10 15:54:43.757] E039 |   800/2408 batches | lr 0.3125 | loss  2.931 | ppl     18.74
[2022-04-10 15:54:50.159] E039 |  1000/2408 batches | lr 0.3125 | loss  2.901 | ppl     18.19
[2022-04-10 15:54:56.387] E039 |  1200/2408 batches | lr 0.3125 | loss  2.942 | ppl     18.95
[2022-04-10 15:55:02.803] E039 |  1400/2408 batches | lr 0.3125 | loss  2.921 | ppl     18.57
[2022-04-10 15:55:09.189] E039 |  1600/2408 batches | lr 0.3125 | loss  2.916 | ppl     18.46
[2022-04-10 15:55:15.594] E039 |  1800/2408 batches | lr 0.3125 | loss  2.941 | ppl     18.93
[2022-04-10 15:55:22.028] E039 |  2000/2408 batches | lr 0.3125 | loss  2.914 | ppl     18.42
[2022-04-10 15:55:28.446] E039 |  2200/2408 batches | lr 0.3125 | loss  2.951 | ppl     19.12
[2022-04-10 15:55:34.861] E039 |  2400/2408 batches | lr 0.3125 | loss  2.959 | ppl     19.27
[2022-04-10 15:55:35.124] E039 |  2408/2408 batches | lr 0.3125 | loss  2.909 | ppl     18.34
[2022-04-10 15:55:46.167] End E039 | valid loss  3.196; ppl     24.44 | accu 0.3297 = 192690/584500
[2022-04-10 15:55:49.150] End E039 |  test loss  4.755; ppl    116.11 | accu 0.1711 = 24466/142960 ../data/adult_test.txt
[2022-04-10 15:55:51.599] End E039 |  test loss  3.280; ppl     26.57 | accu 0.3151 = 41330/131180 ../data/adolescent_valid.txt
[2022-04-10 15:56:00.107] End E039 |  test loss  3.175; ppl     23.92 | accu 0.3336 = 151226/453280 ../data/cbt_valid.txt
[2022-04-10 15:56:00.107] Epoch 040/40 ==================================================
[2022-04-10 15:56:06.391] E040 |   200/2408 batches | lr 0.1562 | loss  2.929 | ppl     18.72
[2022-04-10 15:56:12.786] E040 |   400/2408 batches | lr 0.1562 | loss  2.930 | ppl     18.73
[2022-04-10 15:56:19.187] E040 |   600/2408 batches | lr 0.1562 | loss  2.929 | ppl     18.71
[2022-04-10 15:56:25.622] E040 |   800/2408 batches | lr 0.1562 | loss  2.931 | ppl     18.74
[2022-04-10 15:56:32.031] E040 |  1000/2408 batches | lr 0.1562 | loss  2.903 | ppl     18.22
[2022-04-10 15:56:38.415] E040 |  1200/2408 batches | lr 0.1562 | loss  2.939 | ppl     18.90
[2022-04-10 15:56:44.814] E040 |  1400/2408 batches | lr 0.1562 | loss  2.925 | ppl     18.63
[2022-04-10 15:56:51.294] E040 |  1600/2408 batches | lr 0.1562 | loss  2.912 | ppl     18.39
[2022-04-10 15:56:57.685] E040 |  1800/2408 batches | lr 0.1562 | loss  2.934 | ppl     18.81
[2022-04-10 15:57:04.091] E040 |  2000/2408 batches | lr 0.1562 | loss  2.917 | ppl     18.48
[2022-04-10 15:57:10.519] E040 |  2200/2408 batches | lr 0.1562 | loss  2.948 | ppl     19.07
[2022-04-10 15:57:16.926] E040 |  2400/2408 batches | lr 0.1562 | loss  2.954 | ppl     19.19
[2022-04-10 15:57:17.180] E040 |  2408/2408 batches | lr 0.1562 | loss  2.927 | ppl     18.67
[2022-04-10 15:57:28.146] End E040 | valid loss  3.195; ppl     24.41 | accu 0.3301 = 192934/584500
[2022-04-10 15:57:30.825] End E040 |  test loss  4.771; ppl    118.07 | accu 0.1701 = 24320/142960 ../data/adult_test.txt
[2022-04-10 15:57:33.290] End E040 |  test loss  3.276; ppl     26.46 | accu 0.3159 = 41439/131180 ../data/adolescent_valid.txt
[2022-04-10 15:57:41.812] End E040 |  test loss  3.174; ppl     23.91 | accu 0.3338 = 151303/453280 ../data/cbt_valid.txt
[2022-04-10 15:57:41.812] Save: model.pt... 
[2022-04-10 15:57:41.823] Save: model.pt...Done. best_val_loss: 3.1952
[2022-04-10 15:57:44.539] End. test loss  4.77; ppl   118.07 | accu 0.1701 = 24320/142960 ../data/adult_test.txt
[2022-04-10 15:57:47.022] End. test loss  3.28; ppl    26.46 | accu 0.3159 = 41439/131180 ../data/adolescent_valid.txt
[2022-04-10 15:57:55.515] End. test loss  3.17; ppl    23.91 | accu 0.3338 = 151303/453280 ../data/cbt_valid.txt
[2022-04-10 15:57:55.515] =========================================================================================
