[2022-04-10 13:08:01.543] corpus.train_file_list: 2
[2022-04-10 13:08:01.543]         ../data/cbt_train.txt
[2022-04-10 13:08:01.543]         ../data/adolescent_train.txt
[2022-04-10 13:08:01.543] corpus.valid_file_list: 2
[2022-04-10 13:08:01.543]         ../data/cbt_valid.txt
[2022-04-10 13:08:01.543]         ../data/adolescent_valid.txt
[2022-04-10 13:08:01.543] corpus.test_file_list: 3
[2022-04-10 13:08:01.543]         ../data/adult_test.txt
[2022-04-10 13:08:01.543]         ../data/adolescent_valid.txt
[2022-04-10 13:08:01.544]         ../data/cbt_valid.txt
[2022-04-10 13:08:01.544] corpus.subword_vocab_size: 200
[2022-04-10 13:08:01.544] corpus.subword_model.train(4 files)...
[2022-04-10 13:08:01.544]         ../data/cbt_train.txt
[2022-04-10 13:08:01.544]         ../data/adolescent_train.txt
[2022-04-10 13:08:01.544]         ../data/cbt_valid.txt
[2022-04-10 13:08:01.544]         ../data/adolescent_valid.txt
[2022-04-10 13:08:01.924] corpus.subword_model.train(4 files)...Done
[2022-04-10 13:08:01.924] corpus tokenize...
[2022-04-10 13:08:04.943]         train tokens: 1530494  ../data/cbt_train.txt
[2022-04-10 13:08:06.417]         train tokens: 652131  ../data/adolescent_train.txt
[2022-04-10 13:08:07.633]         valid tokens: 583738  ../data/cbt_valid.txt
[2022-04-10 13:08:08.009]         valid tokens: 167596  ../data/adolescent_valid.txt
[2022-04-10 13:08:08.346]         test  tokens: 181618  ../data/adult_test.txt
[2022-04-10 13:08:08.724]         test  tokens: 167596  ../data/adolescent_valid.txt
[2022-04-10 13:08:09.942]         test  tokens: 583738  ../data/cbt_valid.txt
[2022-04-10 13:08:09.943] corpus.ntokens      : 196
[2022-04-10 13:08:09.943] corpus.char_count   : 101
[2022-04-10 13:08:09.943] corpus.char_cnt_dict: 101
[2022-04-10 13:08:09.943] corpus.char_id_dict : 101
[2022-04-10 13:08:09.967] corpus.batchify(2 files, batch_size=20)...
[2022-04-10 13:08:09.967]         tokens_all: 2182625
[2022-04-10 13:08:09.967]         batched   : 109131
[2022-04-10 13:08:09.967]         ../data/cbt_train.txt
[2022-04-10 13:08:09.967]         ../data/adolescent_train.txt
[2022-04-10 13:08:09.988] corpus.batchify(2 files, batch_size=20)...
[2022-04-10 13:08:09.988]         tokens_all: 751334
[2022-04-10 13:08:09.988]         batched   :  37566
[2022-04-10 13:08:09.989]         ../data/cbt_valid.txt
[2022-04-10 13:08:09.989]         ../data/adolescent_valid.txt
[2022-04-10 13:08:09.992] corpus.batchify(1 files, batch_size=20)...
[2022-04-10 13:08:09.992]         tokens_all: 181618
[2022-04-10 13:08:09.992]         batched   :   9080
[2022-04-10 13:08:09.992]         ../data/adult_test.txt
[2022-04-10 13:08:09.994] corpus.batchify(1 files, batch_size=20)...
[2022-04-10 13:08:09.994]         tokens_all: 167596
[2022-04-10 13:08:09.994]         batched   :   8379
[2022-04-10 13:08:09.994]         ../data/adolescent_valid.txt
[2022-04-10 13:08:09.999] corpus.batchify(1 files, batch_size=20)...
[2022-04-10 13:08:09.999]         tokens_all: 583738
[2022-04-10 13:08:09.999]         batched   :  29186
[2022-04-10 13:08:09.999]         ../data/cbt_valid.txt
[2022-04-10 13:08:10.010] RNNModel.rnn_type: LSTM
[2022-04-10 13:08:10.010] RNNModel.ntoken  : 196
[2022-04-10 13:08:10.010] RNNModel.ninp    : 200
[2022-04-10 13:08:10.010] RNNModel.nhid    : 200
[2022-04-10 13:08:10.010] RNNModel.nlayers : 2
[2022-04-10 13:08:10.010] RNNModel.dropout : 0.2
[2022-04-10 13:08:10.010] RNNModel.tie_weights: False
[2022-04-10 13:08:10.011] RNNModel.char_mode  : 
[2022-04-10 13:08:10.011] RNNModel.char_cnt   : 102
[2022-04-10 13:08:10.011] RNNModel.char_emsize: 25
[2022-04-10 13:08:10.011] RNNModel.char_nhid  : 200
[2022-04-10 13:08:10.011] RNNModel will not use char-encoding
[2022-04-10 13:08:10.014] Epoch 001/40 ==================================================
[2022-04-10 13:08:13.695] E001 |   200/3118 batches | lr 20.0000 | loss  4.535 | ppl     93.23
[2022-04-10 13:08:17.173] E001 |   400/3118 batches | lr 20.0000 | loss  3.942 | ppl     51.53
[2022-04-10 13:08:20.715] E001 |   600/3118 batches | lr 20.0000 | loss  3.512 | ppl     33.52
[2022-04-10 13:08:24.128] E001 |   800/3118 batches | lr 20.0000 | loss  3.312 | ppl     27.44
[2022-04-10 13:08:27.521] E001 |  1000/3118 batches | lr 20.0000 | loss  3.187 | ppl     24.22
[2022-04-10 13:08:30.933] E001 |  1200/3118 batches | lr 20.0000 | loss  3.084 | ppl     21.83
[2022-04-10 13:08:34.338] E001 |  1400/3118 batches | lr 20.0000 | loss  3.031 | ppl     20.71
[2022-04-10 13:08:37.773] E001 |  1600/3118 batches | lr 20.0000 | loss  2.964 | ppl     19.38
[2022-04-10 13:08:41.171] E001 |  1800/3118 batches | lr 20.0000 | loss  2.937 | ppl     18.87
[2022-04-10 13:08:44.617] E001 |  2000/3118 batches | lr 20.0000 | loss  2.931 | ppl     18.75
[2022-04-10 13:08:48.045] E001 |  2200/3118 batches | lr 20.0000 | loss  2.914 | ppl     18.44
[2022-04-10 13:08:51.480] E001 |  2400/3118 batches | lr 20.0000 | loss  2.897 | ppl     18.12
[2022-04-10 13:08:54.864] E001 |  2600/3118 batches | lr 20.0000 | loss  2.851 | ppl     17.31
[2022-04-10 13:08:58.275] E001 |  2800/3118 batches | lr 20.0000 | loss  2.849 | ppl     17.26
[2022-04-10 13:09:01.790] E001 |  3000/3118 batches | lr 20.0000 | loss  2.858 | ppl     17.43
[2022-04-10 13:09:03.796] E001 |  3118/3118 batches | lr 20.0000 | loss  2.848 | ppl     17.25
[2022-04-10 13:09:16.511] End E001 | valid loss  2.893; ppl     18.06 | accu 0.3179 = 238827/751300
[2022-04-10 13:09:19.732] End E001 |  test loss  3.763; ppl     43.07 | accu 0.1956 = 35515/181580 ../data/adult_test.txt
[2022-04-10 13:09:22.595] End E001 |  test loss  3.024; ppl     20.58 | accu 0.2881 = 48266/167560 ../data/adolescent_valid.txt
[2022-04-10 13:09:32.405] End E001 |  test loss  2.856; ppl     17.39 | accu 0.3265 = 190555/583700 ../data/cbt_valid.txt
[2022-04-10 13:09:32.406] Save: model.pt... 
[2022-04-10 13:09:32.418] Save: model.pt...Done. best_val_loss: 2.8935
[2022-04-10 13:09:32.418] Epoch 002/40 ==================================================
[2022-04-10 13:09:35.866] E002 |   200/3118 batches | lr 20.0000 | loss  2.829 | ppl     16.93
[2022-04-10 13:09:39.246] E002 |   400/3118 batches | lr 20.0000 | loss  2.836 | ppl     17.05
[2022-04-10 13:09:42.794] E002 |   600/3118 batches | lr 20.0000 | loss  2.783 | ppl     16.17
[2022-04-10 13:09:46.199] E002 |   800/3118 batches | lr 20.0000 | loss  2.822 | ppl     16.81
[2022-04-10 13:09:49.628] E002 |  1000/3118 batches | lr 20.0000 | loss  2.815 | ppl     16.69
[2022-04-10 13:09:53.029] E002 |  1200/3118 batches | lr 20.0000 | loss  2.780 | ppl     16.13
[2022-04-10 13:09:56.497] E002 |  1400/3118 batches | lr 20.0000 | loss  2.777 | ppl     16.07
[2022-04-10 13:09:59.951] E002 |  1600/3118 batches | lr 20.0000 | loss  2.750 | ppl     15.65
[2022-04-10 13:10:03.403] E002 |  1800/3118 batches | lr 20.0000 | loss  2.760 | ppl     15.80
[2022-04-10 13:10:06.805] E002 |  2000/3118 batches | lr 20.0000 | loss  2.778 | ppl     16.09
[2022-04-10 13:10:10.245] E002 |  2200/3118 batches | lr 20.0000 | loss  2.770 | ppl     15.95
[2022-04-10 13:10:13.652] E002 |  2400/3118 batches | lr 20.0000 | loss  2.767 | ppl     15.90
[2022-04-10 13:10:17.084] E002 |  2600/3118 batches | lr 20.0000 | loss  2.727 | ppl     15.29
[2022-04-10 13:10:20.578] E002 |  2800/3118 batches | lr 20.0000 | loss  2.746 | ppl     15.57
[2022-04-10 13:10:23.969] E002 |  3000/3118 batches | lr 20.0000 | loss  2.760 | ppl     15.80
[2022-04-10 13:10:26.021] E002 |  3118/3118 batches | lr 20.0000 | loss  2.755 | ppl     15.72
[2022-04-10 13:10:38.613] End E002 | valid loss  2.812; ppl     16.65 | accu 0.3340 = 250914/751300
[2022-04-10 13:10:41.667] End E002 |  test loss  3.704; ppl     40.59 | accu 0.2056 = 37324/181580 ../data/adult_test.txt
[2022-04-10 13:10:44.492] End E002 |  test loss  2.930; ppl     18.73 | accu 0.3057 = 51231/167560 ../data/adolescent_valid.txt
[2022-04-10 13:10:54.210] End E002 |  test loss  2.779; ppl     16.10 | accu 0.3421 = 199680/583700 ../data/cbt_valid.txt
[2022-04-10 13:10:54.211] Save: model.pt... 
[2022-04-10 13:10:54.219] Save: model.pt...Done. best_val_loss: 2.8122
[2022-04-10 13:10:54.220] Epoch 003/40 ==================================================
[2022-04-10 13:10:57.728] E003 |   200/3118 batches | lr 20.0000 | loss  2.737 | ppl     15.44
[2022-04-10 13:11:01.193] E003 |   400/3118 batches | lr 20.0000 | loss  2.753 | ppl     15.69
[2022-04-10 13:11:04.586] E003 |   600/3118 batches | lr 20.0000 | loss  2.703 | ppl     14.93
[2022-04-10 13:11:08.002] E003 |   800/3118 batches | lr 20.0000 | loss  2.749 | ppl     15.62
[2022-04-10 13:11:11.414] E003 |  1000/3118 batches | lr 20.0000 | loss  2.742 | ppl     15.53
[2022-04-10 13:11:14.802] E003 |  1200/3118 batches | lr 20.0000 | loss  2.717 | ppl     15.14
[2022-04-10 13:11:18.265] E003 |  1400/3118 batches | lr 20.0000 | loss  2.718 | ppl     15.15
[2022-04-10 13:11:21.715] E003 |  1600/3118 batches | lr 20.0000 | loss  2.695 | ppl     14.80
[2022-04-10 13:11:25.113] E003 |  1800/3118 batches | lr 20.0000 | loss  2.712 | ppl     15.06
[2022-04-10 13:11:28.520] E003 |  2000/3118 batches | lr 20.0000 | loss  2.734 | ppl     15.40
[2022-04-10 13:11:31.921] E003 |  2200/3118 batches | lr 20.0000 | loss  2.725 | ppl     15.25
[2022-04-10 13:11:35.416] E003 |  2400/3118 batches | lr 20.0000 | loss  2.719 | ppl     15.17
[2022-04-10 13:11:39.065] E003 |  2600/3118 batches | lr 20.0000 | loss  2.694 | ppl     14.79
[2022-04-10 13:11:42.623] E003 |  2800/3118 batches | lr 20.0000 | loss  2.706 | ppl     14.96
[2022-04-10 13:11:46.007] E003 |  3000/3118 batches | lr 20.0000 | loss  2.721 | ppl     15.20
[2022-04-10 13:11:48.037] E003 |  3118/3118 batches | lr 20.0000 | loss  2.721 | ppl     15.20
[2022-04-10 13:12:00.684] End E003 | valid loss  2.784; ppl     16.18 | accu 0.3407 = 255951/751300
[2022-04-10 13:12:03.725] End E003 |  test loss  3.704; ppl     40.61 | accu 0.2097 = 38070/181580 ../data/adult_test.txt
[2022-04-10 13:12:06.521] End E003 |  test loss  2.917; ppl     18.49 | accu 0.3123 = 52328/167560 ../data/adolescent_valid.txt
[2022-04-10 13:12:16.297] End E003 |  test loss  2.747; ppl     15.59 | accu 0.3488 = 203594/583700 ../data/cbt_valid.txt
[2022-04-10 13:12:16.297] Save: model.pt... 
[2022-04-10 13:12:16.306] Save: model.pt...Done. best_val_loss: 2.7840
[2022-04-10 13:12:16.306] Epoch 004/40 ==================================================
[2022-04-10 13:12:19.736] E004 |   200/3118 batches | lr 20.0000 | loss  2.703 | ppl     14.92
[2022-04-10 13:12:23.165] E004 |   400/3118 batches | lr 20.0000 | loss  2.720 | ppl     15.18
[2022-04-10 13:12:26.617] E004 |   600/3118 batches | lr 20.0000 | loss  2.667 | ppl     14.40
[2022-04-10 13:12:30.038] E004 |   800/3118 batches | lr 20.0000 | loss  2.723 | ppl     15.22
[2022-04-10 13:12:33.457] E004 |  1000/3118 batches | lr 20.0000 | loss  2.723 | ppl     15.22
[2022-04-10 13:12:36.854] E004 |  1200/3118 batches | lr 20.0000 | loss  2.696 | ppl     14.82
[2022-04-10 13:12:40.299] E004 |  1400/3118 batches | lr 20.0000 | loss  2.699 | ppl     14.86
[2022-04-10 13:12:43.797] E004 |  1600/3118 batches | lr 20.0000 | loss  2.677 | ppl     14.54
[2022-04-10 13:12:47.203] E004 |  1800/3118 batches | lr 20.0000 | loss  2.692 | ppl     14.76
[2022-04-10 13:12:50.613] E004 |  2000/3118 batches | lr 20.0000 | loss  2.715 | ppl     15.11
[2022-04-10 13:12:54.003] E004 |  2200/3118 batches | lr 20.0000 | loss  2.712 | ppl     15.06
[2022-04-10 13:12:57.417] E004 |  2400/3118 batches | lr 20.0000 | loss  2.704 | ppl     14.94
[2022-04-10 13:13:00.821] E004 |  2600/3118 batches | lr 20.0000 | loss  2.678 | ppl     14.56
[2022-04-10 13:13:04.197] E004 |  2800/3118 batches | lr 20.0000 | loss  2.694 | ppl     14.79
[2022-04-10 13:13:07.574] E004 |  3000/3118 batches | lr 20.0000 | loss  2.706 | ppl     14.97
[2022-04-10 13:13:09.586] E004 |  3118/3118 batches | lr 20.0000 | loss  2.707 | ppl     14.98
[2022-04-10 13:13:22.069] End E004 | valid loss  2.767; ppl     15.90 | accu 0.3416 = 256633/751300
[2022-04-10 13:13:25.105] End E004 |  test loss  3.680; ppl     39.63 | accu 0.2102 = 38177/181580 ../data/adult_test.txt
[2022-04-10 13:13:27.895] End E004 |  test loss  2.893; ppl     18.05 | accu 0.3118 = 52240/167560 ../data/adolescent_valid.txt
[2022-04-10 13:13:37.672] End E004 |  test loss  2.731; ppl     15.34 | accu 0.3501 = 204366/583700 ../data/cbt_valid.txt
[2022-04-10 13:13:37.672] Save: model.pt... 
[2022-04-10 13:13:37.681] Save: model.pt...Done. best_val_loss: 2.7666
[2022-04-10 13:13:37.681] Epoch 005/40 ==================================================
[2022-04-10 13:13:41.076] E005 |   200/3118 batches | lr 20.0000 | loss  2.693 | ppl     14.77
[2022-04-10 13:13:44.470] E005 |   400/3118 batches | lr 20.0000 | loss  2.707 | ppl     14.99
[2022-04-10 13:13:47.876] E005 |   600/3118 batches | lr 20.0000 | loss  2.660 | ppl     14.29
[2022-04-10 13:13:51.285] E005 |   800/3118 batches | lr 20.0000 | loss  2.710 | ppl     15.04
[2022-04-10 13:13:54.668] E005 |  1000/3118 batches | lr 20.0000 | loss  2.709 | ppl     15.01
[2022-04-10 13:13:58.074] E005 |  1200/3118 batches | lr 20.0000 | loss  2.687 | ppl     14.69
[2022-04-10 13:14:01.485] E005 |  1400/3118 batches | lr 20.0000 | loss  2.688 | ppl     14.70
[2022-04-10 13:14:04.914] E005 |  1600/3118 batches | lr 20.0000 | loss  2.666 | ppl     14.39
[2022-04-10 13:14:08.331] E005 |  1800/3118 batches | lr 20.0000 | loss  2.679 | ppl     14.57
[2022-04-10 13:14:11.742] E005 |  2000/3118 batches | lr 20.0000 | loss  2.706 | ppl     14.97
[2022-04-10 13:14:15.151] E005 |  2200/3118 batches | lr 20.0000 | loss  2.702 | ppl     14.91
[2022-04-10 13:14:18.583] E005 |  2400/3118 batches | lr 20.0000 | loss  2.702 | ppl     14.91
[2022-04-10 13:14:22.036] E005 |  2600/3118 batches | lr 20.0000 | loss  2.675 | ppl     14.51
[2022-04-10 13:14:25.593] E005 |  2800/3118 batches | lr 20.0000 | loss  2.687 | ppl     14.69
[2022-04-10 13:14:29.011] E005 |  3000/3118 batches | lr 20.0000 | loss  2.699 | ppl     14.86
[2022-04-10 13:14:31.078] E005 |  3118/3118 batches | lr 20.0000 | loss  2.702 | ppl     14.91
[2022-04-10 13:14:44.072] End E005 | valid loss  2.761; ppl     15.81 | accu 0.3441 = 258494/751300
[2022-04-10 13:14:47.139] End E005 |  test loss  3.666; ppl     39.08 | accu 0.2152 = 39074/181580 ../data/adult_test.txt
[2022-04-10 13:14:49.969] End E005 |  test loss  2.885; ppl     17.90 | accu 0.3145 = 52703/167560 ../data/adolescent_valid.txt
[2022-04-10 13:14:59.760] End E005 |  test loss  2.725; ppl     15.26 | accu 0.3526 = 205791/583700 ../data/cbt_valid.txt
[2022-04-10 13:14:59.761] Save: model.pt... 
[2022-04-10 13:14:59.770] Save: model.pt...Done. best_val_loss: 2.7608
[2022-04-10 13:14:59.770] Epoch 006/40 ==================================================
[2022-04-10 13:15:03.190] E006 |   200/3118 batches | lr 20.0000 | loss  2.689 | ppl     14.71
[2022-04-10 13:15:06.600] E006 |   400/3118 batches | lr 20.0000 | loss  2.702 | ppl     14.91
[2022-04-10 13:15:10.046] E006 |   600/3118 batches | lr 20.0000 | loss  2.655 | ppl     14.23
[2022-04-10 13:15:13.491] E006 |   800/3118 batches | lr 20.0000 | loss  2.712 | ppl     15.06
[2022-04-10 13:15:16.910] E006 |  1000/3118 batches | lr 20.0000 | loss  2.707 | ppl     14.99
[2022-04-10 13:15:20.337] E006 |  1200/3118 batches | lr 20.0000 | loss  2.680 | ppl     14.58
[2022-04-10 13:15:23.812] E006 |  1400/3118 batches | lr 20.0000 | loss  2.687 | ppl     14.68
[2022-04-10 13:15:27.240] E006 |  1600/3118 batches | lr 20.0000 | loss  2.663 | ppl     14.34
[2022-04-10 13:15:30.677] E006 |  1800/3118 batches | lr 20.0000 | loss  2.681 | ppl     14.60
[2022-04-10 13:15:34.498] E006 |  2000/3118 batches | lr 20.0000 | loss  2.706 | ppl     14.96
[2022-04-10 13:15:38.117] E006 |  2200/3118 batches | lr 20.0000 | loss  2.702 | ppl     14.90
[2022-04-10 13:15:41.553] E006 |  2400/3118 batches | lr 20.0000 | loss  2.702 | ppl     14.91
[2022-04-10 13:15:44.970] E006 |  2600/3118 batches | lr 20.0000 | loss  2.673 | ppl     14.49
[2022-04-10 13:15:48.390] E006 |  2800/3118 batches | lr 20.0000 | loss  2.683 | ppl     14.63
[2022-04-10 13:15:51.796] E006 |  3000/3118 batches | lr 20.0000 | loss  2.697 | ppl     14.83
[2022-04-10 13:15:53.798] E006 |  3118/3118 batches | lr 20.0000 | loss  2.698 | ppl     14.84
[2022-04-10 13:16:06.483] End E006 | valid loss  2.762; ppl     15.83 | accu 0.3441 = 258485/751300
[2022-04-10 13:16:09.571] End E006 |  test loss  3.657; ppl     38.75 | accu 0.2160 = 39225/181580 ../data/adult_test.txt
[2022-04-10 13:16:12.424] End E006 |  test loss  2.887; ppl     17.93 | accu 0.3128 = 52412/167560 ../data/adolescent_valid.txt
[2022-04-10 13:16:22.358] End E006 |  test loss  2.726; ppl     15.27 | accu 0.3530 = 206047/583700 ../data/cbt_valid.txt
[2022-04-10 13:16:22.359] Epoch 007/40 ==================================================
[2022-04-10 13:16:25.863] E007 |   200/3118 batches | lr 10.0000 | loss  2.657 | ppl     14.25
[2022-04-10 13:16:29.346] E007 |   400/3118 batches | lr 10.0000 | loss  2.649 | ppl     14.14
[2022-04-10 13:16:33.019] E007 |   600/3118 batches | lr 10.0000 | loss  2.586 | ppl     13.28
[2022-04-10 13:16:36.481] E007 |   800/3118 batches | lr 10.0000 | loss  2.632 | ppl     13.90
[2022-04-10 13:16:39.976] E007 |  1000/3118 batches | lr 10.0000 | loss  2.627 | ppl     13.83
[2022-04-10 13:16:43.409] E007 |  1200/3118 batches | lr 10.0000 | loss  2.594 | ppl     13.39
[2022-04-10 13:16:46.879] E007 |  1400/3118 batches | lr 10.0000 | loss  2.591 | ppl     13.34
[2022-04-10 13:16:50.366] E007 |  1600/3118 batches | lr 10.0000 | loss  2.568 | ppl     13.04
[2022-04-10 13:16:53.858] E007 |  1800/3118 batches | lr 10.0000 | loss  2.581 | ppl     13.22
[2022-04-10 13:16:57.355] E007 |  2000/3118 batches | lr 10.0000 | loss  2.599 | ppl     13.45
[2022-04-10 13:17:00.777] E007 |  2200/3118 batches | lr 10.0000 | loss  2.596 | ppl     13.41
[2022-04-10 13:17:04.185] E007 |  2400/3118 batches | lr 10.0000 | loss  2.590 | ppl     13.33
[2022-04-10 13:17:07.621] E007 |  2600/3118 batches | lr 10.0000 | loss  2.555 | ppl     12.87
[2022-04-10 13:17:11.166] E007 |  2800/3118 batches | lr 10.0000 | loss  2.566 | ppl     13.01
[2022-04-10 13:17:14.624] E007 |  3000/3118 batches | lr 10.0000 | loss  2.579 | ppl     13.19
[2022-04-10 13:17:16.645] E007 |  3118/3118 batches | lr 10.0000 | loss  2.584 | ppl     13.25
[2022-04-10 13:17:29.361] End E007 | valid loss  2.672; ppl     14.46 | accu 0.3622 = 272155/751300
[2022-04-10 13:17:32.433] End E007 |  test loss  3.606; ppl     36.83 | accu 0.2298 = 41723/181580 ../data/adult_test.txt
[2022-04-10 13:17:35.277] End E007 |  test loss  2.798; ppl     16.41 | accu 0.3318 = 55594/167560 ../data/adolescent_valid.txt
[2022-04-10 13:17:45.970] End E007 |  test loss  2.636; ppl     13.95 | accu 0.3710 = 216535/583700 ../data/cbt_valid.txt
[2022-04-10 13:17:45.970] Save: model.pt... 
[2022-04-10 13:17:45.979] Save: model.pt...Done. best_val_loss: 2.6717
[2022-04-10 13:17:45.979] Epoch 008/40 ==================================================
[2022-04-10 13:17:49.478] E008 |   200/3118 batches | lr 10.0000 | loss  2.577 | ppl     13.15
[2022-04-10 13:17:53.002] E008 |   400/3118 batches | lr 10.0000 | loss  2.589 | ppl     13.32
[2022-04-10 13:17:56.431] E008 |   600/3118 batches | lr 10.0000 | loss  2.537 | ppl     12.64
[2022-04-10 13:17:59.846] E008 |   800/3118 batches | lr 10.0000 | loss  2.587 | ppl     13.29
[2022-04-10 13:18:03.333] E008 |  1000/3118 batches | lr 10.0000 | loss  2.588 | ppl     13.31
[2022-04-10 13:18:06.745] E008 |  1200/3118 batches | lr 10.0000 | loss  2.558 | ppl     12.91
[2022-04-10 13:18:10.168] E008 |  1400/3118 batches | lr 10.0000 | loss  2.556 | ppl     12.88
[2022-04-10 13:18:13.644] E008 |  1600/3118 batches | lr 10.0000 | loss  2.539 | ppl     12.67
[2022-04-10 13:18:17.064] E008 |  1800/3118 batches | lr 10.0000 | loss  2.552 | ppl     12.83
[2022-04-10 13:18:20.473] E008 |  2000/3118 batches | lr 10.0000 | loss  2.576 | ppl     13.14
[2022-04-10 13:18:23.926] E008 |  2200/3118 batches | lr 10.0000 | loss  2.569 | ppl     13.06
[2022-04-10 13:18:27.366] E008 |  2400/3118 batches | lr 10.0000 | loss  2.564 | ppl     12.99
[2022-04-10 13:18:30.801] E008 |  2600/3118 batches | lr 10.0000 | loss  2.536 | ppl     12.63
[2022-04-10 13:18:34.233] E008 |  2800/3118 batches | lr 10.0000 | loss  2.546 | ppl     12.75
[2022-04-10 13:18:37.692] E008 |  3000/3118 batches | lr 10.0000 | loss  2.562 | ppl     12.96
[2022-04-10 13:18:39.709] E008 |  3118/3118 batches | lr 10.0000 | loss  2.566 | ppl     13.01
[2022-04-10 13:18:52.429] End E008 | valid loss  2.657; ppl     14.25 | accu 0.3652 = 274350/751300
[2022-04-10 13:18:55.750] End E008 |  test loss  3.605; ppl     36.79 | accu 0.2308 = 41916/181580 ../data/adult_test.txt
[2022-04-10 13:18:58.611] End E008 |  test loss  2.775; ppl     16.04 | accu 0.3360 = 56294/167560 ../data/adolescent_valid.txt
[2022-04-10 13:19:08.513] End E008 |  test loss  2.623; ppl     13.78 | accu 0.3736 = 218047/583700 ../data/cbt_valid.txt
[2022-04-10 13:19:08.513] Save: model.pt... 
[2022-04-10 13:19:08.522] Save: model.pt...Done. best_val_loss: 2.6569
[2022-04-10 13:19:08.522] Epoch 009/40 ==================================================
[2022-04-10 13:19:11.983] E009 |   200/3118 batches | lr 10.0000 | loss  2.556 | ppl     12.89
[2022-04-10 13:19:15.457] E009 |   400/3118 batches | lr 10.0000 | loss  2.568 | ppl     13.04
[2022-04-10 13:19:18.862] E009 |   600/3118 batches | lr 10.0000 | loss  2.517 | ppl     12.39
[2022-04-10 13:19:22.303] E009 |   800/3118 batches | lr 10.0000 | loss  2.568 | ppl     13.04
[2022-04-10 13:19:25.814] E009 |  1000/3118 batches | lr 10.0000 | loss  2.568 | ppl     13.04
[2022-04-10 13:19:29.254] E009 |  1200/3118 batches | lr 10.0000 | loss  2.539 | ppl     12.67
[2022-04-10 13:19:32.780] E009 |  1400/3118 batches | lr 10.0000 | loss  2.542 | ppl     12.71
[2022-04-10 13:19:36.256] E009 |  1600/3118 batches | lr 10.0000 | loss  2.517 | ppl     12.39
[2022-04-10 13:19:39.675] E009 |  1800/3118 batches | lr 10.0000 | loss  2.539 | ppl     12.66
[2022-04-10 13:19:43.131] E009 |  2000/3118 batches | lr 10.0000 | loss  2.556 | ppl     12.88
[2022-04-10 13:19:46.543] E009 |  2200/3118 batches | lr 10.0000 | loss  2.554 | ppl     12.86
[2022-04-10 13:19:50.021] E009 |  2400/3118 batches | lr 10.0000 | loss  2.549 | ppl     12.80
[2022-04-10 13:19:53.505] E009 |  2600/3118 batches | lr 10.0000 | loss  2.521 | ppl     12.45
[2022-04-10 13:19:56.971] E009 |  2800/3118 batches | lr 10.0000 | loss  2.533 | ppl     12.59
[2022-04-10 13:20:00.542] E009 |  3000/3118 batches | lr 10.0000 | loss  2.550 | ppl     12.81
[2022-04-10 13:20:02.601] E009 |  3118/3118 batches | lr 10.0000 | loss  2.559 | ppl     12.92
[2022-04-10 13:20:15.294] End E009 | valid loss  2.650; ppl     14.15 | accu 0.3667 = 275512/751300
[2022-04-10 13:20:18.356] End E009 |  test loss  3.591; ppl     36.29 | accu 0.2345 = 42581/181580 ../data/adult_test.txt
[2022-04-10 13:20:21.209] End E009 |  test loss  2.771; ppl     15.97 | accu 0.3382 = 56668/167560 ../data/adolescent_valid.txt
[2022-04-10 13:20:31.176] End E009 |  test loss  2.616; ppl     13.68 | accu 0.3749 = 218822/583700 ../data/cbt_valid.txt
[2022-04-10 13:20:31.177] Save: model.pt... 
[2022-04-10 13:20:31.185] Save: model.pt...Done. best_val_loss: 2.6500
[2022-04-10 13:20:31.185] Epoch 010/40 ==================================================
[2022-04-10 13:20:34.642] E010 |   200/3118 batches | lr 10.0000 | loss  2.542 | ppl     12.70
[2022-04-10 13:20:38.073] E010 |   400/3118 batches | lr 10.0000 | loss  2.559 | ppl     12.92
[2022-04-10 13:20:41.500] E010 |   600/3118 batches | lr 10.0000 | loss  2.504 | ppl     12.23
[2022-04-10 13:20:44.895] E010 |   800/3118 batches | lr 10.0000 | loss  2.557 | ppl     12.90
[2022-04-10 13:20:48.326] E010 |  1000/3118 batches | lr 10.0000 | loss  2.554 | ppl     12.86
[2022-04-10 13:20:51.734] E010 |  1200/3118 batches | lr 10.0000 | loss  2.530 | ppl     12.55
[2022-04-10 13:20:55.154] E010 |  1400/3118 batches | lr 10.0000 | loss  2.527 | ppl     12.51
[2022-04-10 13:20:58.633] E010 |  1600/3118 batches | lr 10.0000 | loss  2.507 | ppl     12.27
[2022-04-10 13:21:02.063] E010 |  1800/3118 batches | lr 10.0000 | loss  2.526 | ppl     12.50
[2022-04-10 13:21:05.591] E010 |  2000/3118 batches | lr 10.0000 | loss  2.544 | ppl     12.73
[2022-04-10 13:21:09.015] E010 |  2200/3118 batches | lr 10.0000 | loss  2.542 | ppl     12.71
[2022-04-10 13:21:12.442] E010 |  2400/3118 batches | lr 10.0000 | loss  2.540 | ppl     12.68
[2022-04-10 13:21:15.861] E010 |  2600/3118 batches | lr 10.0000 | loss  2.513 | ppl     12.35
[2022-04-10 13:21:19.265] E010 |  2800/3118 batches | lr 10.0000 | loss  2.525 | ppl     12.50
[2022-04-10 13:21:22.730] E010 |  3000/3118 batches | lr 10.0000 | loss  2.540 | ppl     12.68
[2022-04-10 13:21:24.761] E010 |  3118/3118 batches | lr 10.0000 | loss  2.545 | ppl     12.75
[2022-04-10 13:21:37.498] End E010 | valid loss  2.639; ppl     14.00 | accu 0.3690 = 277225/751300
[2022-04-10 13:21:40.585] End E010 |  test loss  3.585; ppl     36.05 | accu 0.2342 = 42529/181580 ../data/adult_test.txt
[2022-04-10 13:21:43.410] End E010 |  test loss  2.759; ppl     15.79 | accu 0.3399 = 56956/167560 ../data/adolescent_valid.txt
[2022-04-10 13:21:53.252] End E010 |  test loss  2.605; ppl     13.53 | accu 0.3773 = 220251/583700 ../data/cbt_valid.txt
[2022-04-10 13:21:53.252] Save: model.pt... 
[2022-04-10 13:21:53.261] Save: model.pt...Done. best_val_loss: 2.6391
[2022-04-10 13:21:53.261] Epoch 011/40 ==================================================
[2022-04-10 13:21:56.698] E011 |   200/3118 batches | lr 10.0000 | loss  2.532 | ppl     12.57
[2022-04-10 13:22:00.144] E011 |   400/3118 batches | lr 10.0000 | loss  2.547 | ppl     12.77
[2022-04-10 13:22:03.682] E011 |   600/3118 batches | lr 10.0000 | loss  2.490 | ppl     12.06
[2022-04-10 13:22:07.279] E011 |   800/3118 batches | lr 10.0000 | loss  2.545 | ppl     12.74
[2022-04-10 13:22:10.681] E011 |  1000/3118 batches | lr 10.0000 | loss  2.542 | ppl     12.70
[2022-04-10 13:22:14.145] E011 |  1200/3118 batches | lr 10.0000 | loss  2.521 | ppl     12.44
[2022-04-10 13:22:17.673] E011 |  1400/3118 batches | lr 10.0000 | loss  2.517 | ppl     12.40
[2022-04-10 13:22:21.080] E011 |  1600/3118 batches | lr 10.0000 | loss  2.499 | ppl     12.17
[2022-04-10 13:22:24.501] E011 |  1800/3118 batches | lr 10.0000 | loss  2.519 | ppl     12.42
[2022-04-10 13:22:27.941] E011 |  2000/3118 batches | lr 10.0000 | loss  2.542 | ppl     12.71
[2022-04-10 13:22:31.344] E011 |  2200/3118 batches | lr 10.0000 | loss  2.536 | ppl     12.63
[2022-04-10 13:22:34.806] E011 |  2400/3118 batches | lr 10.0000 | loss  2.535 | ppl     12.62
[2022-04-10 13:22:38.250] E011 |  2600/3118 batches | lr 10.0000 | loss  2.504 | ppl     12.23
[2022-04-10 13:22:42.134] E011 |  2800/3118 batches | lr 10.0000 | loss  2.520 | ppl     12.43
[2022-04-10 13:22:45.719] E011 |  3000/3118 batches | lr 10.0000 | loss  2.532 | ppl     12.57
[2022-04-10 13:22:47.733] E011 |  3118/3118 batches | lr 10.0000 | loss  2.535 | ppl     12.62
[2022-04-10 13:23:00.580] End E011 | valid loss  2.637; ppl     13.97 | accu 0.3694 = 277533/751300
[2022-04-10 13:23:03.662] End E011 |  test loss  3.599; ppl     36.55 | accu 0.2352 = 42714/181580 ../data/adult_test.txt
[2022-04-10 13:23:06.512] End E011 |  test loss  2.756; ppl     15.74 | accu 0.3414 = 57202/167560 ../data/adolescent_valid.txt
[2022-04-10 13:23:16.758] End E011 |  test loss  2.603; ppl     13.51 | accu 0.3775 = 220320/583700 ../data/cbt_valid.txt
[2022-04-10 13:23:16.759] Save: model.pt... 
[2022-04-10 13:23:16.768] Save: model.pt...Done. best_val_loss: 2.6370
[2022-04-10 13:23:16.768] Epoch 012/40 ==================================================
[2022-04-10 13:23:20.281] E012 |   200/3118 batches | lr 10.0000 | loss  2.524 | ppl     12.48
[2022-04-10 13:23:23.674] E012 |   400/3118 batches | lr 10.0000 | loss  2.540 | ppl     12.67
[2022-04-10 13:23:27.084] E012 |   600/3118 batches | lr 10.0000 | loss  2.489 | ppl     12.04
[2022-04-10 13:23:30.496] E012 |   800/3118 batches | lr 10.0000 | loss  2.541 | ppl     12.69
[2022-04-10 13:23:33.901] E012 |  1000/3118 batches | lr 10.0000 | loss  2.538 | ppl     12.65
[2022-04-10 13:23:37.317] E012 |  1200/3118 batches | lr 10.0000 | loss  2.515 | ppl     12.37
[2022-04-10 13:23:40.794] E012 |  1400/3118 batches | lr 10.0000 | loss  2.514 | ppl     12.35
[2022-04-10 13:23:44.208] E012 |  1600/3118 batches | lr 10.0000 | loss  2.491 | ppl     12.08
[2022-04-10 13:23:47.648] E012 |  1800/3118 batches | lr 10.0000 | loss  2.510 | ppl     12.30
[2022-04-10 13:23:51.084] E012 |  2000/3118 batches | lr 10.0000 | loss  2.536 | ppl     12.62
[2022-04-10 13:23:54.497] E012 |  2200/3118 batches | lr 10.0000 | loss  2.528 | ppl     12.53
[2022-04-10 13:23:57.984] E012 |  2400/3118 batches | lr 10.0000 | loss  2.527 | ppl     12.52
[2022-04-10 13:24:01.410] E012 |  2600/3118 batches | lr 10.0000 | loss  2.498 | ppl     12.16
[2022-04-10 13:24:04.800] E012 |  2800/3118 batches | lr 10.0000 | loss  2.510 | ppl     12.31
[2022-04-10 13:24:08.218] E012 |  3000/3118 batches | lr 10.0000 | loss  2.527 | ppl     12.51
[2022-04-10 13:24:10.278] E012 |  3118/3118 batches | lr 10.0000 | loss  2.531 | ppl     12.57
[2022-04-10 13:24:22.967] End E012 | valid loss  2.636; ppl     13.96 | accu 0.3719 = 279432/751300
[2022-04-10 13:24:26.131] End E012 |  test loss  3.593; ppl     36.36 | accu 0.2357 = 42804/181580 ../data/adult_test.txt
[2022-04-10 13:24:28.950] End E012 |  test loss  2.752; ppl     15.68 | accu 0.3427 = 57424/167560 ../data/adolescent_valid.txt
[2022-04-10 13:24:38.806] End E012 |  test loss  2.604; ppl     13.51 | accu 0.3803 = 222010/583700 ../data/cbt_valid.txt
[2022-04-10 13:24:38.807] Save: model.pt... 
[2022-04-10 13:24:38.815] Save: model.pt...Done. best_val_loss: 2.6364
[2022-04-10 13:24:38.815] Epoch 013/40 ==================================================
[2022-04-10 13:24:42.298] E013 |   200/3118 batches | lr 10.0000 | loss  2.518 | ppl     12.40
[2022-04-10 13:24:45.700] E013 |   400/3118 batches | lr 10.0000 | loss  2.534 | ppl     12.60
[2022-04-10 13:24:49.076] E013 |   600/3118 batches | lr 10.0000 | loss  2.483 | ppl     11.97
[2022-04-10 13:24:52.479] E013 |   800/3118 batches | lr 10.0000 | loss  2.534 | ppl     12.61
[2022-04-10 13:24:55.959] E013 |  1000/3118 batches | lr 10.0000 | loss  2.530 | ppl     12.55
[2022-04-10 13:24:59.434] E013 |  1200/3118 batches | lr 10.0000 | loss  2.505 | ppl     12.25
[2022-04-10 13:25:02.883] E013 |  1400/3118 batches | lr 10.0000 | loss  2.508 | ppl     12.28
[2022-04-10 13:25:06.359] E013 |  1600/3118 batches | lr 10.0000 | loss  2.483 | ppl     11.98
[2022-04-10 13:25:09.741] E013 |  1800/3118 batches | lr 10.0000 | loss  2.498 | ppl     12.15
[2022-04-10 13:25:13.178] E013 |  2000/3118 batches | lr 10.0000 | loss  2.525 | ppl     12.49
[2022-04-10 13:25:16.655] E013 |  2200/3118 batches | lr 10.0000 | loss  2.520 | ppl     12.43
[2022-04-10 13:25:20.160] E013 |  2400/3118 batches | lr 10.0000 | loss  2.519 | ppl     12.41
[2022-04-10 13:25:23.710] E013 |  2600/3118 batches | lr 10.0000 | loss  2.496 | ppl     12.14
[2022-04-10 13:25:27.146] E013 |  2800/3118 batches | lr 10.0000 | loss  2.502 | ppl     12.21
[2022-04-10 13:25:30.569] E013 |  3000/3118 batches | lr 10.0000 | loss  2.520 | ppl     12.43
[2022-04-10 13:25:32.606] E013 |  3118/3118 batches | lr 10.0000 | loss  2.524 | ppl     12.48
[2022-04-10 13:25:45.311] End E013 | valid loss  2.631; ppl     13.89 | accu 0.3719 = 279414/751300
[2022-04-10 13:25:48.361] End E013 |  test loss  3.585; ppl     36.07 | accu 0.2384 = 43297/181580 ../data/adult_test.txt
[2022-04-10 13:25:51.182] End E013 |  test loss  2.749; ppl     15.63 | accu 0.3435 = 57564/167560 ../data/adolescent_valid.txt
[2022-04-10 13:26:01.000] End E013 |  test loss  2.598; ppl     13.43 | accu 0.3801 = 221856/583700 ../data/cbt_valid.txt
[2022-04-10 13:26:01.001] Save: model.pt... 
[2022-04-10 13:26:01.009] Save: model.pt...Done. best_val_loss: 2.6312
[2022-04-10 13:26:01.010] Epoch 014/40 ==================================================
[2022-04-10 13:26:04.476] E014 |   200/3118 batches | lr 10.0000 | loss  2.509 | ppl     12.30
[2022-04-10 13:26:07.984] E014 |   400/3118 batches | lr 10.0000 | loss  2.527 | ppl     12.52
[2022-04-10 13:26:11.704] E014 |   600/3118 batches | lr 10.0000 | loss  2.474 | ppl     11.87
[2022-04-10 13:26:15.147] E014 |   800/3118 batches | lr 10.0000 | loss  2.530 | ppl     12.56
[2022-04-10 13:26:18.625] E014 |  1000/3118 batches | lr 10.0000 | loss  2.524 | ppl     12.48
[2022-04-10 13:26:22.029] E014 |  1200/3118 batches | lr 10.0000 | loss  2.497 | ppl     12.15
[2022-04-10 13:26:25.506] E014 |  1400/3118 batches | lr 10.0000 | loss  2.501 | ppl     12.19
[2022-04-10 13:26:29.096] E014 |  1600/3118 batches | lr 10.0000 | loss  2.480 | ppl     11.94
[2022-04-10 13:26:32.837] E014 |  1800/3118 batches | lr 10.0000 | loss  2.499 | ppl     12.17
[2022-04-10 13:26:36.572] E014 |  2000/3118 batches | lr 10.0000 | loss  2.517 | ppl     12.39
[2022-04-10 13:26:40.102] E014 |  2200/3118 batches | lr 10.0000 | loss  2.517 | ppl     12.40
[2022-04-10 13:26:43.506] E014 |  2400/3118 batches | lr 10.0000 | loss  2.513 | ppl     12.34
[2022-04-10 13:26:46.952] E014 |  2600/3118 batches | lr 10.0000 | loss  2.491 | ppl     12.07
[2022-04-10 13:26:50.370] E014 |  2800/3118 batches | lr 10.0000 | loss  2.501 | ppl     12.20
[2022-04-10 13:26:53.794] E014 |  3000/3118 batches | lr 10.0000 | loss  2.515 | ppl     12.37
[2022-04-10 13:26:55.816] E014 |  3118/3118 batches | lr 10.0000 | loss  2.524 | ppl     12.48
[2022-04-10 13:27:08.508] End E014 | valid loss  2.626; ppl     13.82 | accu 0.3728 = 280081/751300
[2022-04-10 13:27:11.576] End E014 |  test loss  3.592; ppl     36.29 | accu 0.2366 = 42962/181580 ../data/adult_test.txt
[2022-04-10 13:27:14.417] End E014 |  test loss  2.746; ppl     15.59 | accu 0.3454 = 57878/167560 ../data/adolescent_valid.txt
[2022-04-10 13:27:24.277] End E014 |  test loss  2.592; ppl     13.36 | accu 0.3806 = 222155/583700 ../data/cbt_valid.txt
[2022-04-10 13:27:24.277] Save: model.pt... 
[2022-04-10 13:27:24.286] Save: model.pt...Done. best_val_loss: 2.6262
[2022-04-10 13:27:24.286] Epoch 015/40 ==================================================
[2022-04-10 13:27:27.729] E015 |   200/3118 batches | lr 10.0000 | loss  2.507 | ppl     12.27
[2022-04-10 13:27:31.170] E015 |   400/3118 batches | lr 10.0000 | loss  2.522 | ppl     12.46
[2022-04-10 13:27:34.597] E015 |   600/3118 batches | lr 10.0000 | loss  2.472 | ppl     11.85
[2022-04-10 13:27:38.016] E015 |   800/3118 batches | lr 10.0000 | loss  2.525 | ppl     12.49
[2022-04-10 13:27:41.450] E015 |  1000/3118 batches | lr 10.0000 | loss  2.522 | ppl     12.45
[2022-04-10 13:27:44.908] E015 |  1200/3118 batches | lr 10.0000 | loss  2.493 | ppl     12.10
[2022-04-10 13:27:48.346] E015 |  1400/3118 batches | lr 10.0000 | loss  2.496 | ppl     12.14
[2022-04-10 13:27:51.807] E015 |  1600/3118 batches | lr 10.0000 | loss  2.475 | ppl     11.88
[2022-04-10 13:27:55.212] E015 |  1800/3118 batches | lr 10.0000 | loss  2.492 | ppl     12.08
[2022-04-10 13:27:58.680] E015 |  2000/3118 batches | lr 10.0000 | loss  2.513 | ppl     12.35
[2022-04-10 13:28:02.158] E015 |  2200/3118 batches | lr 10.0000 | loss  2.514 | ppl     12.35
[2022-04-10 13:28:05.644] E015 |  2400/3118 batches | lr 10.0000 | loss  2.509 | ppl     12.29
[2022-04-10 13:28:09.109] E015 |  2600/3118 batches | lr 10.0000 | loss  2.483 | ppl     11.97
[2022-04-10 13:28:12.590] E015 |  2800/3118 batches | lr 10.0000 | loss  2.493 | ppl     12.10
[2022-04-10 13:28:16.062] E015 |  3000/3118 batches | lr 10.0000 | loss  2.506 | ppl     12.26
[2022-04-10 13:28:18.117] E015 |  3118/3118 batches | lr 10.0000 | loss  2.519 | ppl     12.42
[2022-04-10 13:28:30.940] End E015 | valid loss  2.623; ppl     13.77 | accu 0.3740 = 280952/751300
[2022-04-10 13:28:34.011] End E015 |  test loss  3.598; ppl     36.54 | accu 0.2371 = 43055/181580 ../data/adult_test.txt
[2022-04-10 13:28:36.888] End E015 |  test loss  2.742; ppl     15.52 | accu 0.3471 = 58162/167560 ../data/adolescent_valid.txt
[2022-04-10 13:28:47.353] End E015 |  test loss  2.589; ppl     13.32 | accu 0.3817 = 222788/583700 ../data/cbt_valid.txt
[2022-04-10 13:28:47.354] Save: model.pt... 
[2022-04-10 13:28:47.364] Save: model.pt...Done. best_val_loss: 2.6227
[2022-04-10 13:28:47.364] Epoch 016/40 ==================================================
[2022-04-10 13:28:51.076] E016 |   200/3118 batches | lr 10.0000 | loss  2.501 | ppl     12.19
[2022-04-10 13:28:54.501] E016 |   400/3118 batches | lr 10.0000 | loss  2.520 | ppl     12.43
[2022-04-10 13:28:57.965] E016 |   600/3118 batches | lr 10.0000 | loss  2.468 | ppl     11.80
[2022-04-10 13:29:01.375] E016 |   800/3118 batches | lr 10.0000 | loss  2.521 | ppl     12.44
[2022-04-10 13:29:04.772] E016 |  1000/3118 batches | lr 10.0000 | loss  2.518 | ppl     12.41
[2022-04-10 13:29:08.237] E016 |  1200/3118 batches | lr 10.0000 | loss  2.489 | ppl     12.05
[2022-04-10 13:29:11.664] E016 |  1400/3118 batches | lr 10.0000 | loss  2.491 | ppl     12.07
[2022-04-10 13:29:15.106] E016 |  1600/3118 batches | lr 10.0000 | loss  2.473 | ppl     11.86
[2022-04-10 13:29:18.531] E016 |  1800/3118 batches | lr 10.0000 | loss  2.490 | ppl     12.06
[2022-04-10 13:29:21.949] E016 |  2000/3118 batches | lr 10.0000 | loss  2.514 | ppl     12.36
[2022-04-10 13:29:25.372] E016 |  2200/3118 batches | lr 10.0000 | loss  2.508 | ppl     12.28
[2022-04-10 13:29:28.785] E016 |  2400/3118 batches | lr 10.0000 | loss  2.506 | ppl     12.25
[2022-04-10 13:29:32.242] E016 |  2600/3118 batches | lr 10.0000 | loss  2.483 | ppl     11.97
[2022-04-10 13:29:35.664] E016 |  2800/3118 batches | lr 10.0000 | loss  2.490 | ppl     12.07
[2022-04-10 13:29:39.083] E016 |  3000/3118 batches | lr 10.0000 | loss  2.504 | ppl     12.24
[2022-04-10 13:29:41.144] E016 |  3118/3118 batches | lr 10.0000 | loss  2.513 | ppl     12.34
[2022-04-10 13:29:53.898] End E016 | valid loss  2.618; ppl     13.70 | accu 0.3748 = 281623/751300
[2022-04-10 13:29:56.993] End E016 |  test loss  3.588; ppl     36.16 | accu 0.2377 = 43169/181580 ../data/adult_test.txt
[2022-04-10 13:29:59.855] End E016 |  test loss  2.732; ppl     15.37 | accu 0.3474 = 58211/167560 ../data/adolescent_valid.txt
[2022-04-10 13:30:09.773] End E016 |  test loss  2.585; ppl     13.27 | accu 0.3827 = 223398/583700 ../data/cbt_valid.txt
[2022-04-10 13:30:09.774] Save: model.pt... 
[2022-04-10 13:30:09.782] Save: model.pt...Done. best_val_loss: 2.6177
[2022-04-10 13:30:09.782] Epoch 017/40 ==================================================
[2022-04-10 13:30:13.231] E017 |   200/3118 batches | lr 10.0000 | loss  2.498 | ppl     12.16
[2022-04-10 13:30:16.697] E017 |   400/3118 batches | lr 10.0000 | loss  2.514 | ppl     12.35
[2022-04-10 13:30:20.165] E017 |   600/3118 batches | lr 10.0000 | loss  2.465 | ppl     11.76
[2022-04-10 13:30:23.643] E017 |   800/3118 batches | lr 10.0000 | loss  2.519 | ppl     12.41
[2022-04-10 13:30:27.103] E017 |  1000/3118 batches | lr 10.0000 | loss  2.511 | ppl     12.32
[2022-04-10 13:30:30.575] E017 |  1200/3118 batches | lr 10.0000 | loss  2.490 | ppl     12.06
[2022-04-10 13:30:34.038] E017 |  1400/3118 batches | lr 10.0000 | loss  2.487 | ppl     12.03
[2022-04-10 13:30:37.515] E017 |  1600/3118 batches | lr 10.0000 | loss  2.466 | ppl     11.77
[2022-04-10 13:30:40.987] E017 |  1800/3118 batches | lr 10.0000 | loss  2.488 | ppl     12.04
[2022-04-10 13:30:44.421] E017 |  2000/3118 batches | lr 10.0000 | loss  2.504 | ppl     12.24
[2022-04-10 13:30:47.848] E017 |  2200/3118 batches | lr 10.0000 | loss  2.507 | ppl     12.27
[2022-04-10 13:30:51.276] E017 |  2400/3118 batches | lr 10.0000 | loss  2.506 | ppl     12.26
[2022-04-10 13:30:54.709] E017 |  2600/3118 batches | lr 10.0000 | loss  2.477 | ppl     11.91
[2022-04-10 13:30:58.130] E017 |  2800/3118 batches | lr 10.0000 | loss  2.491 | ppl     12.07
[2022-04-10 13:31:01.590] E017 |  3000/3118 batches | lr 10.0000 | loss  2.505 | ppl     12.24
[2022-04-10 13:31:03.605] E017 |  3118/3118 batches | lr 10.0000 | loss  2.513 | ppl     12.34
[2022-04-10 13:31:16.304] End E017 | valid loss  2.617; ppl     13.69 | accu 0.3748 = 281610/751300
[2022-04-10 13:31:19.325] End E017 |  test loss  3.587; ppl     36.14 | accu 0.2385 = 43308/181580 ../data/adult_test.txt
[2022-04-10 13:31:22.144] End E017 |  test loss  2.731; ppl     15.35 | accu 0.3467 = 58085/167560 ../data/adolescent_valid.txt
[2022-04-10 13:31:31.847] End E017 |  test loss  2.585; ppl     13.26 | accu 0.3829 = 223491/583700 ../data/cbt_valid.txt
[2022-04-10 13:31:31.847] Save: model.pt... 
[2022-04-10 13:31:31.855] Save: model.pt...Done. best_val_loss: 2.6168
[2022-04-10 13:31:31.856] Epoch 018/40 ==================================================
[2022-04-10 13:31:35.291] E018 |   200/3118 batches | lr 10.0000 | loss  2.499 | ppl     12.17
[2022-04-10 13:31:38.681] E018 |   400/3118 batches | lr 10.0000 | loss  2.505 | ppl     12.25
[2022-04-10 13:31:42.139] E018 |   600/3118 batches | lr 10.0000 | loss  2.455 | ppl     11.64
[2022-04-10 13:31:45.553] E018 |   800/3118 batches | lr 10.0000 | loss  2.517 | ppl     12.39
[2022-04-10 13:31:49.015] E018 |  1000/3118 batches | lr 10.0000 | loss  2.511 | ppl     12.31
[2022-04-10 13:31:52.446] E018 |  1200/3118 batches | lr 10.0000 | loss  2.486 | ppl     12.01
[2022-04-10 13:31:55.873] E018 |  1400/3118 batches | lr 10.0000 | loss  2.484 | ppl     11.99
[2022-04-10 13:31:59.338] E018 |  1600/3118 batches | lr 10.0000 | loss  2.464 | ppl     11.75
[2022-04-10 13:32:02.826] E018 |  1800/3118 batches | lr 10.0000 | loss  2.482 | ppl     11.97
[2022-04-10 13:32:06.350] E018 |  2000/3118 batches | lr 10.0000 | loss  2.506 | ppl     12.26
[2022-04-10 13:32:09.870] E018 |  2200/3118 batches | lr 10.0000 | loss  2.500 | ppl     12.18
[2022-04-10 13:32:13.299] E018 |  2400/3118 batches | lr 10.0000 | loss  2.501 | ppl     12.20
[2022-04-10 13:32:16.747] E018 |  2600/3118 batches | lr 10.0000 | loss  2.472 | ppl     11.84
[2022-04-10 13:32:20.213] E018 |  2800/3118 batches | lr 10.0000 | loss  2.487 | ppl     12.03
[2022-04-10 13:32:23.642] E018 |  3000/3118 batches | lr 10.0000 | loss  2.497 | ppl     12.15
[2022-04-10 13:32:25.664] E018 |  3118/3118 batches | lr 10.0000 | loss  2.510 | ppl     12.31
[2022-04-10 13:32:38.446] End E018 | valid loss  2.618; ppl     13.71 | accu 0.3749 = 281659/751300
[2022-04-10 13:32:41.515] End E018 |  test loss  3.592; ppl     36.32 | accu 0.2376 = 43147/181580 ../data/adult_test.txt
[2022-04-10 13:32:44.377] End E018 |  test loss  2.739; ppl     15.47 | accu 0.3466 = 58082/167560 ../data/adolescent_valid.txt
[2022-04-10 13:32:54.273] End E018 |  test loss  2.585; ppl     13.26 | accu 0.3830 = 223572/583700 ../data/cbt_valid.txt
[2022-04-10 13:32:54.274] Epoch 019/40 ==================================================
[2022-04-10 13:32:57.782] E019 |   200/3118 batches | lr 5.0000 | loss  2.486 | ppl     12.01
[2022-04-10 13:33:01.209] E019 |   400/3118 batches | lr 5.0000 | loss  2.493 | ppl     12.09
[2022-04-10 13:33:04.741] E019 |   600/3118 batches | lr 5.0000 | loss  2.439 | ppl     11.46
[2022-04-10 13:33:08.180] E019 |   800/3118 batches | lr 5.0000 | loss  2.492 | ppl     12.09
[2022-04-10 13:33:11.599] E019 |  1000/3118 batches | lr 5.0000 | loss  2.481 | ppl     11.95
[2022-04-10 13:33:15.174] E019 |  1200/3118 batches | lr 5.0000 | loss  2.455 | ppl     11.65
[2022-04-10 13:33:18.766] E019 |  1400/3118 batches | lr 5.0000 | loss  2.451 | ppl     11.59
[2022-04-10 13:33:22.202] E019 |  1600/3118 batches | lr 5.0000 | loss  2.427 | ppl     11.32
[2022-04-10 13:33:25.680] E019 |  1800/3118 batches | lr 5.0000 | loss  2.445 | ppl     11.53
[2022-04-10 13:33:29.112] E019 |  2000/3118 batches | lr 5.0000 | loss  2.469 | ppl     11.81
[2022-04-10 13:33:32.521] E019 |  2200/3118 batches | lr 5.0000 | loss  2.462 | ppl     11.73
[2022-04-10 13:33:35.920] E019 |  2400/3118 batches | lr 5.0000 | loss  2.456 | ppl     11.65
[2022-04-10 13:33:39.300] E019 |  2600/3118 batches | lr 5.0000 | loss  2.425 | ppl     11.30
[2022-04-10 13:33:42.708] E019 |  2800/3118 batches | lr 5.0000 | loss  2.441 | ppl     11.49
[2022-04-10 13:33:46.134] E019 |  3000/3118 batches | lr 5.0000 | loss  2.453 | ppl     11.62
[2022-04-10 13:33:48.135] E019 |  3118/3118 batches | lr 5.0000 | loss  2.463 | ppl     11.74
[2022-04-10 13:34:00.834] End E019 | valid loss  2.587; ppl     13.29 | accu 0.3825 = 287364/751300
[2022-04-10 13:34:03.907] End E019 |  test loss  3.567; ppl     35.40 | accu 0.2447 = 44426/181580 ../data/adult_test.txt
[2022-04-10 13:34:06.753] End E019 |  test loss  2.703; ppl     14.93 | accu 0.3542 = 59357/167560 ../data/adolescent_valid.txt
[2022-04-10 13:34:16.592] End E019 |  test loss  2.554; ppl     12.86 | accu 0.3906 = 227992/583700 ../data/cbt_valid.txt
[2022-04-10 13:34:16.593] Save: model.pt... 
[2022-04-10 13:34:16.601] Save: model.pt...Done. best_val_loss: 2.5872
[2022-04-10 13:34:16.601] Epoch 020/40 ==================================================
[2022-04-10 13:34:20.012] E020 |   200/3118 batches | lr 5.0000 | loss  2.456 | ppl     11.65
[2022-04-10 13:34:23.409] E020 |   400/3118 batches | lr 5.0000 | loss  2.469 | ppl     11.81
[2022-04-10 13:34:26.957] E020 |   600/3118 batches | lr 5.0000 | loss  2.421 | ppl     11.26
[2022-04-10 13:34:30.466] E020 |   800/3118 batches | lr 5.0000 | loss  2.471 | ppl     11.84
[2022-04-10 13:34:33.879] E020 |  1000/3118 batches | lr 5.0000 | loss  2.465 | ppl     11.77
[2022-04-10 13:34:37.330] E020 |  1200/3118 batches | lr 5.0000 | loss  2.439 | ppl     11.46
[2022-04-10 13:34:40.834] E020 |  1400/3118 batches | lr 5.0000 | loss  2.439 | ppl     11.46
[2022-04-10 13:34:44.275] E020 |  1600/3118 batches | lr 5.0000 | loss  2.415 | ppl     11.19
[2022-04-10 13:34:47.726] E020 |  1800/3118 batches | lr 5.0000 | loss  2.433 | ppl     11.39
[2022-04-10 13:34:51.161] E020 |  2000/3118 batches | lr 5.0000 | loss  2.456 | ppl     11.66
[2022-04-10 13:34:54.586] E020 |  2200/3118 batches | lr 5.0000 | loss  2.454 | ppl     11.64
[2022-04-10 13:34:58.016] E020 |  2400/3118 batches | lr 5.0000 | loss  2.452 | ppl     11.62
[2022-04-10 13:35:01.538] E020 |  2600/3118 batches | lr 5.0000 | loss  2.420 | ppl     11.24
[2022-04-10 13:35:04.933] E020 |  2800/3118 batches | lr 5.0000 | loss  2.433 | ppl     11.40
[2022-04-10 13:35:08.455] E020 |  3000/3118 batches | lr 5.0000 | loss  2.447 | ppl     11.55
[2022-04-10 13:35:10.481] E020 |  3118/3118 batches | lr 5.0000 | loss  2.458 | ppl     11.68
[2022-04-10 13:35:23.041] End E020 | valid loss  2.584; ppl     13.24 | accu 0.3840 = 288533/751300
[2022-04-10 13:35:26.197] End E020 |  test loss  3.566; ppl     35.36 | accu 0.2455 = 44577/181580 ../data/adult_test.txt
[2022-04-10 13:35:29.118] End E020 |  test loss  2.699; ppl     14.86 | accu 0.3565 = 59732/167560 ../data/adolescent_valid.txt
[2022-04-10 13:35:38.965] End E020 |  test loss  2.551; ppl     12.82 | accu 0.3920 = 228805/583700 ../data/cbt_valid.txt
[2022-04-10 13:35:38.965] Save: model.pt... 
[2022-04-10 13:35:38.974] Save: model.pt...Done. best_val_loss: 2.5835
[2022-04-10 13:35:38.974] Epoch 021/40 ==================================================
[2022-04-10 13:35:42.462] E021 |   200/3118 batches | lr 5.0000 | loss  2.446 | ppl     11.55
[2022-04-10 13:35:45.936] E021 |   400/3118 batches | lr 5.0000 | loss  2.464 | ppl     11.76
[2022-04-10 13:35:49.341] E021 |   600/3118 batches | lr 5.0000 | loss  2.410 | ppl     11.13
[2022-04-10 13:35:52.800] E021 |   800/3118 batches | lr 5.0000 | loss  2.461 | ppl     11.72
[2022-04-10 13:35:56.241] E021 |  1000/3118 batches | lr 5.0000 | loss  2.456 | ppl     11.65
[2022-04-10 13:35:59.665] E021 |  1200/3118 batches | lr 5.0000 | loss  2.434 | ppl     11.41
[2022-04-10 13:36:03.128] E021 |  1400/3118 batches | lr 5.0000 | loss  2.432 | ppl     11.38
[2022-04-10 13:36:06.568] E021 |  1600/3118 batches | lr 5.0000 | loss  2.411 | ppl     11.14
[2022-04-10 13:36:10.313] E021 |  1800/3118 batches | lr 5.0000 | loss  2.426 | ppl     11.31
[2022-04-10 13:36:13.881] E021 |  2000/3118 batches | lr 5.0000 | loss  2.447 | ppl     11.55
[2022-04-10 13:36:17.399] E021 |  2200/3118 batches | lr 5.0000 | loss  2.445 | ppl     11.53
[2022-04-10 13:36:20.825] E021 |  2400/3118 batches | lr 5.0000 | loss  2.448 | ppl     11.56
[2022-04-10 13:36:24.262] E021 |  2600/3118 batches | lr 5.0000 | loss  2.414 | ppl     11.18
[2022-04-10 13:36:27.698] E021 |  2800/3118 batches | lr 5.0000 | loss  2.430 | ppl     11.35
[2022-04-10 13:36:31.111] E021 |  3000/3118 batches | lr 5.0000 | loss  2.440 | ppl     11.48
[2022-04-10 13:36:33.189] E021 |  3118/3118 batches | lr 5.0000 | loss  2.456 | ppl     11.65
[2022-04-10 13:36:45.881] End E021 | valid loss  2.578; ppl     13.17 | accu 0.3847 = 289027/751300
[2022-04-10 13:36:48.956] End E021 |  test loss  3.568; ppl     35.45 | accu 0.2442 = 44333/181580 ../data/adult_test.txt
[2022-04-10 13:36:51.817] End E021 |  test loss  2.698; ppl     14.86 | accu 0.3553 = 59540/167560 ../data/adolescent_valid.txt
[2022-04-10 13:37:01.686] End E021 |  test loss  2.544; ppl     12.73 | accu 0.3931 = 229479/583700 ../data/cbt_valid.txt
[2022-04-10 13:37:01.687] Save: model.pt... 
[2022-04-10 13:37:01.695] Save: model.pt...Done. best_val_loss: 2.5782
[2022-04-10 13:37:01.696] Epoch 022/40 ==================================================
[2022-04-10 13:37:05.134] E022 |   200/3118 batches | lr 5.0000 | loss  2.442 | ppl     11.50
[2022-04-10 13:37:08.577] E022 |   400/3118 batches | lr 5.0000 | loss  2.455 | ppl     11.64
[2022-04-10 13:37:12.018] E022 |   600/3118 batches | lr 5.0000 | loss  2.405 | ppl     11.08
[2022-04-10 13:37:15.467] E022 |   800/3118 batches | lr 5.0000 | loss  2.458 | ppl     11.68
[2022-04-10 13:37:18.911] E022 |  1000/3118 batches | lr 5.0000 | loss  2.454 | ppl     11.63
[2022-04-10 13:37:22.331] E022 |  1200/3118 batches | lr 5.0000 | loss  2.430 | ppl     11.36
[2022-04-10 13:37:25.749] E022 |  1400/3118 batches | lr 5.0000 | loss  2.424 | ppl     11.29
[2022-04-10 13:37:29.134] E022 |  1600/3118 batches | lr 5.0000 | loss  2.406 | ppl     11.09
[2022-04-10 13:37:32.558] E022 |  1800/3118 batches | lr 5.0000 | loss  2.425 | ppl     11.30
[2022-04-10 13:37:35.986] E022 |  2000/3118 batches | lr 5.0000 | loss  2.447 | ppl     11.55
[2022-04-10 13:37:39.390] E022 |  2200/3118 batches | lr 5.0000 | loss  2.443 | ppl     11.51
[2022-04-10 13:37:42.802] E022 |  2400/3118 batches | lr 5.0000 | loss  2.439 | ppl     11.46
[2022-04-10 13:37:46.243] E022 |  2600/3118 batches | lr 5.0000 | loss  2.412 | ppl     11.16
[2022-04-10 13:37:49.645] E022 |  2800/3118 batches | lr 5.0000 | loss  2.430 | ppl     11.36
[2022-04-10 13:37:53.095] E022 |  3000/3118 batches | lr 5.0000 | loss  2.440 | ppl     11.47
[2022-04-10 13:37:55.123] E022 |  3118/3118 batches | lr 5.0000 | loss  2.450 | ppl     11.58
[2022-04-10 13:38:07.821] End E022 | valid loss  2.580; ppl     13.19 | accu 0.3842 = 288652/751300
[2022-04-10 13:38:10.876] End E022 |  test loss  3.563; ppl     35.27 | accu 0.2449 = 44461/181580 ../data/adult_test.txt
[2022-04-10 13:38:13.693] End E022 |  test loss  2.694; ppl     14.80 | accu 0.3563 = 59703/167560 ../data/adolescent_valid.txt
[2022-04-10 13:38:23.501] End E022 |  test loss  2.547; ppl     12.77 | accu 0.3922 = 228933/583700 ../data/cbt_valid.txt
[2022-04-10 13:38:23.501] Epoch 023/40 ==================================================
[2022-04-10 13:38:27.018] E023 |   200/3118 batches | lr 2.5000 | loss  2.438 | ppl     11.45
[2022-04-10 13:38:30.482] E023 |   400/3118 batches | lr 2.5000 | loss  2.447 | ppl     11.56
[2022-04-10 13:38:33.901] E023 |   600/3118 batches | lr 2.5000 | loss  2.395 | ppl     10.97
[2022-04-10 13:38:37.340] E023 |   800/3118 batches | lr 2.5000 | loss  2.448 | ppl     11.56
[2022-04-10 13:38:40.765] E023 |  1000/3118 batches | lr 2.5000 | loss  2.445 | ppl     11.53
[2022-04-10 13:38:44.291] E023 |  1200/3118 batches | lr 2.5000 | loss  2.417 | ppl     11.21
[2022-04-10 13:38:47.773] E023 |  1400/3118 batches | lr 2.5000 | loss  2.412 | ppl     11.15
[2022-04-10 13:38:51.249] E023 |  1600/3118 batches | lr 2.5000 | loss  2.393 | ppl     10.95
[2022-04-10 13:38:54.727] E023 |  1800/3118 batches | lr 2.5000 | loss  2.412 | ppl     11.15
[2022-04-10 13:38:58.191] E023 |  2000/3118 batches | lr 2.5000 | loss  2.428 | ppl     11.34
[2022-04-10 13:39:01.734] E023 |  2200/3118 batches | lr 2.5000 | loss  2.425 | ppl     11.31
[2022-04-10 13:39:05.464] E023 |  2400/3118 batches | lr 2.5000 | loss  2.421 | ppl     11.26
[2022-04-10 13:39:08.933] E023 |  2600/3118 batches | lr 2.5000 | loss  2.391 | ppl     10.92
[2022-04-10 13:39:12.396] E023 |  2800/3118 batches | lr 2.5000 | loss  2.404 | ppl     11.07
[2022-04-10 13:39:15.796] E023 |  3000/3118 batches | lr 2.5000 | loss  2.418 | ppl     11.22
[2022-04-10 13:39:17.826] E023 |  3118/3118 batches | lr 2.5000 | loss  2.430 | ppl     11.36
[2022-04-10 13:39:30.523] End E023 | valid loss  2.562; ppl     12.96 | accu 0.3884 = 291825/751300
[2022-04-10 13:39:33.578] End E023 |  test loss  3.542; ppl     34.55 | accu 0.2481 = 45042/181580 ../data/adult_test.txt
[2022-04-10 13:39:36.414] End E023 |  test loss  2.678; ppl     14.56 | accu 0.3593 = 60211/167560 ../data/adolescent_valid.txt
[2022-04-10 13:39:46.246] End E023 |  test loss  2.529; ppl     12.54 | accu 0.3968 = 231615/583700 ../data/cbt_valid.txt
[2022-04-10 13:39:46.246] Save: model.pt... 
[2022-04-10 13:39:46.255] Save: model.pt...Done. best_val_loss: 2.5621
[2022-04-10 13:39:46.255] Epoch 024/40 ==================================================
[2022-04-10 13:39:49.669] E024 |   200/3118 batches | lr 2.5000 | loss  2.419 | ppl     11.23
[2022-04-10 13:39:53.078] E024 |   400/3118 batches | lr 2.5000 | loss  2.436 | ppl     11.42
[2022-04-10 13:39:56.485] E024 |   600/3118 batches | lr 2.5000 | loss  2.384 | ppl     10.84
[2022-04-10 13:39:59.878] E024 |   800/3118 batches | lr 2.5000 | loss  2.438 | ppl     11.45
[2022-04-10 13:40:03.366] E024 |  1000/3118 batches | lr 2.5000 | loss  2.432 | ppl     11.39
[2022-04-10 13:40:06.783] E024 |  1200/3118 batches | lr 2.5000 | loss  2.406 | ppl     11.08
[2022-04-10 13:40:10.236] E024 |  1400/3118 batches | lr 2.5000 | loss  2.401 | ppl     11.04
[2022-04-10 13:40:13.981] E024 |  1600/3118 batches | lr 2.5000 | loss  2.385 | ppl     10.86
[2022-04-10 13:40:17.407] E024 |  1800/3118 batches | lr 2.5000 | loss  2.401 | ppl     11.03
[2022-04-10 13:40:20.835] E024 |  2000/3118 batches | lr 2.5000 | loss  2.424 | ppl     11.29
[2022-04-10 13:40:24.247] E024 |  2200/3118 batches | lr 2.5000 | loss  2.422 | ppl     11.27
[2022-04-10 13:40:27.656] E024 |  2400/3118 batches | lr 2.5000 | loss  2.417 | ppl     11.21
[2022-04-10 13:40:31.081] E024 |  2600/3118 batches | lr 2.5000 | loss  2.387 | ppl     10.88
[2022-04-10 13:40:34.485] E024 |  2800/3118 batches | lr 2.5000 | loss  2.400 | ppl     11.03
[2022-04-10 13:40:37.938] E024 |  3000/3118 batches | lr 2.5000 | loss  2.414 | ppl     11.18
[2022-04-10 13:40:39.958] E024 |  3118/3118 batches | lr 2.5000 | loss  2.429 | ppl     11.35
[2022-04-10 13:40:52.712] End E024 | valid loss  2.560; ppl     12.94 | accu 0.3893 = 292460/751300
[2022-04-10 13:40:55.801] End E024 |  test loss  3.551; ppl     34.85 | accu 0.2480 = 45039/181580 ../data/adult_test.txt
[2022-04-10 13:40:58.661] End E024 |  test loss  2.679; ppl     14.57 | accu 0.3611 = 60504/167560 ../data/adolescent_valid.txt
[2022-04-10 13:41:08.562] End E024 |  test loss  2.527; ppl     12.51 | accu 0.3974 = 231947/583700 ../data/cbt_valid.txt
[2022-04-10 13:41:08.562] Save: model.pt... 
[2022-04-10 13:41:08.570] Save: model.pt...Done. best_val_loss: 2.5601
[2022-04-10 13:41:08.571] Epoch 025/40 ==================================================
[2022-04-10 13:41:12.109] E025 |   200/3118 batches | lr 2.5000 | loss  2.419 | ppl     11.23
[2022-04-10 13:41:15.546] E025 |   400/3118 batches | lr 2.5000 | loss  2.427 | ppl     11.32
[2022-04-10 13:41:18.946] E025 |   600/3118 batches | lr 2.5000 | loss  2.381 | ppl     10.81
[2022-04-10 13:41:22.373] E025 |   800/3118 batches | lr 2.5000 | loss  2.435 | ppl     11.41
[2022-04-10 13:41:25.817] E025 |  1000/3118 batches | lr 2.5000 | loss  2.429 | ppl     11.35
[2022-04-10 13:41:29.246] E025 |  1200/3118 batches | lr 2.5000 | loss  2.405 | ppl     11.08
[2022-04-10 13:41:32.687] E025 |  1400/3118 batches | lr 2.5000 | loss  2.399 | ppl     11.01
[2022-04-10 13:41:36.137] E025 |  1600/3118 batches | lr 2.5000 | loss  2.380 | ppl     10.81
[2022-04-10 13:41:39.570] E025 |  1800/3118 batches | lr 2.5000 | loss  2.398 | ppl     11.00
[2022-04-10 13:41:43.058] E025 |  2000/3118 batches | lr 2.5000 | loss  2.422 | ppl     11.26
[2022-04-10 13:41:46.494] E025 |  2200/3118 batches | lr 2.5000 | loss  2.417 | ppl     11.21
[2022-04-10 13:41:49.910] E025 |  2400/3118 batches | lr 2.5000 | loss  2.417 | ppl     11.21
[2022-04-10 13:41:53.346] E025 |  2600/3118 batches | lr 2.5000 | loss  2.386 | ppl     10.87
[2022-04-10 13:41:56.866] E025 |  2800/3118 batches | lr 2.5000 | loss  2.400 | ppl     11.02
[2022-04-10 13:42:00.297] E025 |  3000/3118 batches | lr 2.5000 | loss  2.415 | ppl     11.18
[2022-04-10 13:42:02.297] E025 |  3118/3118 batches | lr 2.5000 | loss  2.419 | ppl     11.24
[2022-04-10 13:42:14.852] End E025 | valid loss  2.559; ppl     12.92 | accu 0.3895 = 292622/751300
[2022-04-10 13:42:17.885] End E025 |  test loss  3.545; ppl     34.65 | accu 0.2491 = 45228/181580 ../data/adult_test.txt
[2022-04-10 13:42:20.703] End E025 |  test loss  2.676; ppl     14.53 | accu 0.3601 = 60338/167560 ../data/adolescent_valid.txt
[2022-04-10 13:42:30.458] End E025 |  test loss  2.525; ppl     12.50 | accu 0.3979 = 232279/583700 ../data/cbt_valid.txt
[2022-04-10 13:42:30.458] Save: model.pt... 
[2022-04-10 13:42:30.467] Save: model.pt...Done. best_val_loss: 2.5586
[2022-04-10 13:42:30.467] Epoch 026/40 ==================================================
[2022-04-10 13:42:33.869] E026 |   200/3118 batches | lr 2.5000 | loss  2.411 | ppl     11.15
[2022-04-10 13:42:37.276] E026 |   400/3118 batches | lr 2.5000 | loss  2.429 | ppl     11.34
[2022-04-10 13:42:40.724] E026 |   600/3118 batches | lr 2.5000 | loss  2.375 | ppl     10.75
[2022-04-10 13:42:44.138] E026 |   800/3118 batches | lr 2.5000 | loss  2.430 | ppl     11.36
[2022-04-10 13:42:47.569] E026 |  1000/3118 batches | lr 2.5000 | loss  2.426 | ppl     11.31
[2022-04-10 13:42:51.011] E026 |  1200/3118 batches | lr 2.5000 | loss  2.404 | ppl     11.07
[2022-04-10 13:42:54.501] E026 |  1400/3118 batches | lr 2.5000 | loss  2.396 | ppl     10.98
[2022-04-10 13:42:58.025] E026 |  1600/3118 batches | lr 2.5000 | loss  2.375 | ppl     10.75
[2022-04-10 13:43:01.454] E026 |  1800/3118 batches | lr 2.5000 | loss  2.393 | ppl     10.95
[2022-04-10 13:43:04.867] E026 |  2000/3118 batches | lr 2.5000 | loss  2.417 | ppl     11.21
[2022-04-10 13:43:08.322] E026 |  2200/3118 batches | lr 2.5000 | loss  2.418 | ppl     11.22
[2022-04-10 13:43:11.838] E026 |  2400/3118 batches | lr 2.5000 | loss  2.411 | ppl     11.15
[2022-04-10 13:43:15.264] E026 |  2600/3118 batches | lr 2.5000 | loss  2.384 | ppl     10.85
[2022-04-10 13:43:18.685] E026 |  2800/3118 batches | lr 2.5000 | loss  2.398 | ppl     11.00
[2022-04-10 13:43:22.291] E026 |  3000/3118 batches | lr 2.5000 | loss  2.411 | ppl     11.15
[2022-04-10 13:43:24.304] E026 |  3118/3118 batches | lr 2.5000 | loss  2.421 | ppl     11.26
[2022-04-10 13:43:36.981] End E026 | valid loss  2.557; ppl     12.90 | accu 0.3899 = 292927/751300
[2022-04-10 13:43:40.061] End E026 |  test loss  3.549; ppl     34.76 | accu 0.2494 = 45281/181580 ../data/adult_test.txt
[2022-04-10 13:43:42.912] End E026 |  test loss  2.672; ppl     14.47 | accu 0.3610 = 60483/167560 ../data/adolescent_valid.txt
[2022-04-10 13:43:52.745] End E026 |  test loss  2.525; ppl     12.49 | accu 0.3982 = 232446/583700 ../data/cbt_valid.txt
[2022-04-10 13:43:52.746] Save: model.pt... 
[2022-04-10 13:43:52.754] Save: model.pt...Done. best_val_loss: 2.5572
[2022-04-10 13:43:52.754] Epoch 027/40 ==================================================
[2022-04-10 13:43:56.175] E027 |   200/3118 batches | lr 2.5000 | loss  2.410 | ppl     11.14
[2022-04-10 13:43:59.581] E027 |   400/3118 batches | lr 2.5000 | loss  2.425 | ppl     11.31
[2022-04-10 13:44:03.008] E027 |   600/3118 batches | lr 2.5000 | loss  2.378 | ppl     10.78
[2022-04-10 13:44:06.440] E027 |   800/3118 batches | lr 2.5000 | loss  2.426 | ppl     11.31
[2022-04-10 13:44:09.886] E027 |  1000/3118 batches | lr 2.5000 | loss  2.422 | ppl     11.27
[2022-04-10 13:44:13.298] E027 |  1200/3118 batches | lr 2.5000 | loss  2.395 | ppl     10.97
[2022-04-10 13:44:16.720] E027 |  1400/3118 batches | lr 2.5000 | loss  2.392 | ppl     10.94
[2022-04-10 13:44:20.114] E027 |  1600/3118 batches | lr 2.5000 | loss  2.377 | ppl     10.78
[2022-04-10 13:44:23.515] E027 |  1800/3118 batches | lr 2.5000 | loss  2.390 | ppl     10.91
[2022-04-10 13:44:27.037] E027 |  2000/3118 batches | lr 2.5000 | loss  2.417 | ppl     11.21
[2022-04-10 13:44:30.455] E027 |  2200/3118 batches | lr 2.5000 | loss  2.414 | ppl     11.18
[2022-04-10 13:44:33.851] E027 |  2400/3118 batches | lr 2.5000 | loss  2.409 | ppl     11.12
[2022-04-10 13:44:37.282] E027 |  2600/3118 batches | lr 2.5000 | loss  2.384 | ppl     10.85
[2022-04-10 13:44:40.703] E027 |  2800/3118 batches | lr 2.5000 | loss  2.397 | ppl     10.99
[2022-04-10 13:44:44.237] E027 |  3000/3118 batches | lr 2.5000 | loss  2.409 | ppl     11.12
[2022-04-10 13:44:46.426] E027 |  3118/3118 batches | lr 2.5000 | loss  2.422 | ppl     11.27
[2022-04-10 13:44:59.344] End E027 | valid loss  2.556; ppl     12.88 | accu 0.3899 = 292930/751300
[2022-04-10 13:45:02.401] End E027 |  test loss  3.551; ppl     34.85 | accu 0.2476 = 44954/181580 ../data/adult_test.txt
[2022-04-10 13:45:05.282] End E027 |  test loss  2.674; ppl     14.49 | accu 0.3610 = 60496/167560 ../data/adolescent_valid.txt
[2022-04-10 13:45:15.201] End E027 |  test loss  2.522; ppl     12.46 | accu 0.3982 = 232430/583700 ../data/cbt_valid.txt
[2022-04-10 13:45:15.202] Save: model.pt... 
[2022-04-10 13:45:15.210] Save: model.pt...Done. best_val_loss: 2.5557
[2022-04-10 13:45:15.210] Epoch 028/40 ==================================================
[2022-04-10 13:45:18.615] E028 |   200/3118 batches | lr 2.5000 | loss  2.411 | ppl     11.14
[2022-04-10 13:45:22.057] E028 |   400/3118 batches | lr 2.5000 | loss  2.420 | ppl     11.25
[2022-04-10 13:45:25.653] E028 |   600/3118 batches | lr 2.5000 | loss  2.371 | ppl     10.70
[2022-04-10 13:45:29.086] E028 |   800/3118 batches | lr 2.5000 | loss  2.425 | ppl     11.31
[2022-04-10 13:45:32.586] E028 |  1000/3118 batches | lr 2.5000 | loss  2.423 | ppl     11.28
[2022-04-10 13:45:36.012] E028 |  1200/3118 batches | lr 2.5000 | loss  2.396 | ppl     10.98
[2022-04-10 13:45:39.422] E028 |  1400/3118 batches | lr 2.5000 | loss  2.392 | ppl     10.94
[2022-04-10 13:45:42.879] E028 |  1600/3118 batches | lr 2.5000 | loss  2.374 | ppl     10.74
[2022-04-10 13:45:46.283] E028 |  1800/3118 batches | lr 2.5000 | loss  2.391 | ppl     10.92
[2022-04-10 13:45:49.689] E028 |  2000/3118 batches | lr 2.5000 | loss  2.414 | ppl     11.18
[2022-04-10 13:45:53.239] E028 |  2200/3118 batches | lr 2.5000 | loss  2.411 | ppl     11.14
[2022-04-10 13:45:56.697] E028 |  2400/3118 batches | lr 2.5000 | loss  2.411 | ppl     11.14
[2022-04-10 13:46:00.140] E028 |  2600/3118 batches | lr 2.5000 | loss  2.380 | ppl     10.81
[2022-04-10 13:46:03.584] E028 |  2800/3118 batches | lr 2.5000 | loss  2.394 | ppl     10.96
[2022-04-10 13:46:07.079] E028 |  3000/3118 batches | lr 2.5000 | loss  2.406 | ppl     11.09
[2022-04-10 13:46:09.139] E028 |  3118/3118 batches | lr 2.5000 | loss  2.421 | ppl     11.25
[2022-04-10 13:46:21.940] End E028 | valid loss  2.554; ppl     12.86 | accu 0.3905 = 293419/751300
[2022-04-10 13:46:24.983] End E028 |  test loss  3.549; ppl     34.77 | accu 0.2500 = 45399/181580 ../data/adult_test.txt
[2022-04-10 13:46:27.791] End E028 |  test loss  2.672; ppl     14.47 | accu 0.3618 = 60620/167560 ../data/adolescent_valid.txt
[2022-04-10 13:46:37.553] End E028 |  test loss  2.521; ppl     12.44 | accu 0.3988 = 232772/583700 ../data/cbt_valid.txt
[2022-04-10 13:46:37.553] Save: model.pt... 
[2022-04-10 13:46:37.562] Save: model.pt...Done. best_val_loss: 2.5541
[2022-04-10 13:46:37.562] Epoch 029/40 ==================================================
[2022-04-10 13:46:40.996] E029 |   200/3118 batches | lr 2.5000 | loss  2.406 | ppl     11.09
[2022-04-10 13:46:44.382] E029 |   400/3118 batches | lr 2.5000 | loss  2.418 | ppl     11.22
[2022-04-10 13:46:47.794] E029 |   600/3118 batches | lr 2.5000 | loss  2.371 | ppl     10.70
[2022-04-10 13:46:51.230] E029 |   800/3118 batches | lr 2.5000 | loss  2.426 | ppl     11.31
[2022-04-10 13:46:54.623] E029 |  1000/3118 batches | lr 2.5000 | loss  2.421 | ppl     11.25
[2022-04-10 13:46:58.015] E029 |  1200/3118 batches | lr 2.5000 | loss  2.396 | ppl     10.98
[2022-04-10 13:47:01.451] E029 |  1400/3118 batches | lr 2.5000 | loss  2.391 | ppl     10.93
[2022-04-10 13:47:04.855] E029 |  1600/3118 batches | lr 2.5000 | loss  2.374 | ppl     10.74
[2022-04-10 13:47:08.345] E029 |  1800/3118 batches | lr 2.5000 | loss  2.387 | ppl     10.88
[2022-04-10 13:47:11.831] E029 |  2000/3118 batches | lr 2.5000 | loss  2.410 | ppl     11.13
[2022-04-10 13:47:15.287] E029 |  2200/3118 batches | lr 2.5000 | loss  2.411 | ppl     11.14
[2022-04-10 13:47:18.734] E029 |  2400/3118 batches | lr 2.5000 | loss  2.407 | ppl     11.10
[2022-04-10 13:47:22.152] E029 |  2600/3118 batches | lr 2.5000 | loss  2.376 | ppl     10.76
[2022-04-10 13:47:25.595] E029 |  2800/3118 batches | lr 2.5000 | loss  2.393 | ppl     10.95
[2022-04-10 13:47:29.013] E029 |  3000/3118 batches | lr 2.5000 | loss  2.406 | ppl     11.09
[2022-04-10 13:47:31.010] E029 |  3118/3118 batches | lr 2.5000 | loss  2.419 | ppl     11.24
[2022-04-10 13:47:43.688] End E029 | valid loss  2.553; ppl     12.85 | accu 0.3908 = 293612/751300
[2022-04-10 13:47:46.770] End E029 |  test loss  3.551; ppl     34.84 | accu 0.2487 = 45152/181580 ../data/adult_test.txt
[2022-04-10 13:47:49.621] End E029 |  test loss  2.668; ppl     14.42 | accu 0.3622 = 60682/167560 ../data/adolescent_valid.txt
[2022-04-10 13:47:59.491] End E029 |  test loss  2.521; ppl     12.43 | accu 0.3990 = 232901/583700 ../data/cbt_valid.txt
[2022-04-10 13:47:59.492] Save: model.pt... 
[2022-04-10 13:47:59.500] Save: model.pt...Done. best_val_loss: 2.5533
[2022-04-10 13:47:59.501] Epoch 030/40 ==================================================
[2022-04-10 13:48:02.960] E030 |   200/3118 batches | lr 2.5000 | loss  2.405 | ppl     11.08
[2022-04-10 13:48:06.425] E030 |   400/3118 batches | lr 2.5000 | loss  2.421 | ppl     11.26
[2022-04-10 13:48:09.813] E030 |   600/3118 batches | lr 2.5000 | loss  2.367 | ppl     10.66
[2022-04-10 13:48:13.260] E030 |   800/3118 batches | lr 2.5000 | loss  2.424 | ppl     11.30
[2022-04-10 13:48:16.668] E030 |  1000/3118 batches | lr 2.5000 | loss  2.418 | ppl     11.22
[2022-04-10 13:48:20.091] E030 |  1200/3118 batches | lr 2.5000 | loss  2.392 | ppl     10.93
[2022-04-10 13:48:23.483] E030 |  1400/3118 batches | lr 2.5000 | loss  2.389 | ppl     10.90
[2022-04-10 13:48:26.901] E030 |  1600/3118 batches | lr 2.5000 | loss  2.371 | ppl     10.70
[2022-04-10 13:48:30.339] E030 |  1800/3118 batches | lr 2.5000 | loss  2.387 | ppl     10.88
[2022-04-10 13:48:33.789] E030 |  2000/3118 batches | lr 2.5000 | loss  2.412 | ppl     11.16
[2022-04-10 13:48:37.185] E030 |  2200/3118 batches | lr 2.5000 | loss  2.406 | ppl     11.09
[2022-04-10 13:48:40.600] E030 |  2400/3118 batches | lr 2.5000 | loss  2.405 | ppl     11.07
[2022-04-10 13:48:43.979] E030 |  2600/3118 batches | lr 2.5000 | loss  2.375 | ppl     10.75
[2022-04-10 13:48:47.394] E030 |  2800/3118 batches | lr 2.5000 | loss  2.393 | ppl     10.95
[2022-04-10 13:48:50.785] E030 |  3000/3118 batches | lr 2.5000 | loss  2.404 | ppl     11.06
[2022-04-10 13:48:52.785] E030 |  3118/3118 batches | lr 2.5000 | loss  2.420 | ppl     11.25
[2022-04-10 13:49:05.435] End E030 | valid loss  2.553; ppl     12.84 | accu 0.3904 = 293336/751300
[2022-04-10 13:49:08.483] End E030 |  test loss  3.545; ppl     34.65 | accu 0.2495 = 45309/181580 ../data/adult_test.txt
[2022-04-10 13:49:11.319] End E030 |  test loss  2.668; ppl     14.41 | accu 0.3623 = 60703/167560 ../data/adolescent_valid.txt
[2022-04-10 13:49:21.104] End E030 |  test loss  2.520; ppl     12.43 | accu 0.3985 = 232625/583700 ../data/cbt_valid.txt
[2022-04-10 13:49:21.104] Save: model.pt... 
[2022-04-10 13:49:21.113] Save: model.pt...Done. best_val_loss: 2.5528
[2022-04-10 13:49:21.113] Epoch 031/40 ==================================================
[2022-04-10 13:49:24.604] E031 |   200/3118 batches | lr 2.5000 | loss  2.403 | ppl     11.05
[2022-04-10 13:49:28.049] E031 |   400/3118 batches | lr 2.5000 | loss  2.418 | ppl     11.22
[2022-04-10 13:49:31.603] E031 |   600/3118 batches | lr 2.5000 | loss  2.366 | ppl     10.65
[2022-04-10 13:49:35.015] E031 |   800/3118 batches | lr 2.5000 | loss  2.425 | ppl     11.30
[2022-04-10 13:49:38.450] E031 |  1000/3118 batches | lr 2.5000 | loss  2.416 | ppl     11.20
[2022-04-10 13:49:41.877] E031 |  1200/3118 batches | lr 2.5000 | loss  2.392 | ppl     10.93
[2022-04-10 13:49:45.334] E031 |  1400/3118 batches | lr 2.5000 | loss  2.385 | ppl     10.86
[2022-04-10 13:49:48.780] E031 |  1600/3118 batches | lr 2.5000 | loss  2.367 | ppl     10.67
[2022-04-10 13:49:52.232] E031 |  1800/3118 batches | lr 2.5000 | loss  2.383 | ppl     10.84
[2022-04-10 13:49:55.643] E031 |  2000/3118 batches | lr 2.5000 | loss  2.409 | ppl     11.12
[2022-04-10 13:49:59.071] E031 |  2200/3118 batches | lr 2.5000 | loss  2.409 | ppl     11.12
[2022-04-10 13:50:02.507] E031 |  2400/3118 batches | lr 2.5000 | loss  2.404 | ppl     11.07
[2022-04-10 13:50:05.956] E031 |  2600/3118 batches | lr 2.5000 | loss  2.376 | ppl     10.76
[2022-04-10 13:50:09.352] E031 |  2800/3118 batches | lr 2.5000 | loss  2.391 | ppl     10.92
[2022-04-10 13:50:12.805] E031 |  3000/3118 batches | lr 2.5000 | loss  2.405 | ppl     11.08
[2022-04-10 13:50:14.807] E031 |  3118/3118 batches | lr 2.5000 | loss  2.416 | ppl     11.20
[2022-04-10 13:50:27.479] End E031 | valid loss  2.552; ppl     12.83 | accu 0.3909 = 293648/751300
[2022-04-10 13:50:30.536] End E031 |  test loss  3.548; ppl     34.73 | accu 0.2488 = 45172/181580 ../data/adult_test.txt
[2022-04-10 13:50:33.358] End E031 |  test loss  2.668; ppl     14.41 | accu 0.3621 = 60678/167560 ../data/adolescent_valid.txt
[2022-04-10 13:50:43.206] End E031 |  test loss  2.519; ppl     12.42 | accu 0.3991 = 232927/583700 ../data/cbt_valid.txt
[2022-04-10 13:50:43.206] Save: model.pt... 
[2022-04-10 13:50:43.215] Save: model.pt...Done. best_val_loss: 2.5517
[2022-04-10 13:50:43.215] Epoch 032/40 ==================================================
[2022-04-10 13:50:46.620] E032 |   200/3118 batches | lr 2.5000 | loss  2.399 | ppl     11.01
[2022-04-10 13:50:50.036] E032 |   400/3118 batches | lr 2.5000 | loss  2.417 | ppl     11.21
[2022-04-10 13:50:53.461] E032 |   600/3118 batches | lr 2.5000 | loss  2.365 | ppl     10.64
[2022-04-10 13:50:56.950] E032 |   800/3118 batches | lr 2.5000 | loss  2.419 | ppl     11.24
[2022-04-10 13:51:00.343] E032 |  1000/3118 batches | lr 2.5000 | loss  2.413 | ppl     11.17
[2022-04-10 13:51:03.741] E032 |  1200/3118 batches | lr 2.5000 | loss  2.389 | ppl     10.90
[2022-04-10 13:51:07.138] E032 |  1400/3118 batches | lr 2.5000 | loss  2.386 | ppl     10.87
[2022-04-10 13:51:10.537] E032 |  1600/3118 batches | lr 2.5000 | loss  2.368 | ppl     10.68
[2022-04-10 13:51:13.932] E032 |  1800/3118 batches | lr 2.5000 | loss  2.387 | ppl     10.88
[2022-04-10 13:51:17.369] E032 |  2000/3118 batches | lr 2.5000 | loss  2.407 | ppl     11.10
[2022-04-10 13:51:20.785] E032 |  2200/3118 batches | lr 2.5000 | loss  2.404 | ppl     11.07
[2022-04-10 13:51:24.197] E032 |  2400/3118 batches | lr 2.5000 | loss  2.402 | ppl     11.04
[2022-04-10 13:51:27.673] E032 |  2600/3118 batches | lr 2.5000 | loss  2.374 | ppl     10.74
[2022-04-10 13:51:31.097] E032 |  2800/3118 batches | lr 2.5000 | loss  2.387 | ppl     10.88
[2022-04-10 13:51:34.497] E032 |  3000/3118 batches | lr 2.5000 | loss  2.399 | ppl     11.01
[2022-04-10 13:51:36.541] E032 |  3118/3118 batches | lr 2.5000 | loss  2.415 | ppl     11.19
[2022-04-10 13:51:49.265] End E032 | valid loss  2.552; ppl     12.83 | accu 0.3908 = 293611/751300
[2022-04-10 13:51:52.344] End E032 |  test loss  3.548; ppl     34.73 | accu 0.2494 = 45284/181580 ../data/adult_test.txt
[2022-04-10 13:51:55.201] End E032 |  test loss  2.666; ppl     14.39 | accu 0.3622 = 60683/167560 ../data/adolescent_valid.txt
[2022-04-10 13:52:05.034] End E032 |  test loss  2.519; ppl     12.42 | accu 0.3991 = 232928/583700 ../data/cbt_valid.txt
[2022-04-10 13:52:05.035] Epoch 033/40 ==================================================
[2022-04-10 13:52:08.449] E033 |   200/3118 batches | lr 1.2500 | loss  2.401 | ppl     11.03
[2022-04-10 13:52:11.861] E033 |   400/3118 batches | lr 1.2500 | loss  2.411 | ppl     11.14
[2022-04-10 13:52:15.334] E033 |   600/3118 batches | lr 1.2500 | loss  2.366 | ppl     10.66
[2022-04-10 13:52:18.750] E033 |   800/3118 batches | lr 1.2500 | loss  2.418 | ppl     11.22
[2022-04-10 13:52:22.206] E033 |  1000/3118 batches | lr 1.2500 | loss  2.412 | ppl     11.15
[2022-04-10 13:52:25.719] E033 |  1200/3118 batches | lr 1.2500 | loss  2.383 | ppl     10.84
[2022-04-10 13:52:29.120] E033 |  1400/3118 batches | lr 1.2500 | loss  2.379 | ppl     10.79
[2022-04-10 13:52:32.527] E033 |  1600/3118 batches | lr 1.2500 | loss  2.361 | ppl     10.61
[2022-04-10 13:52:36.019] E033 |  1800/3118 batches | lr 1.2500 | loss  2.378 | ppl     10.78
[2022-04-10 13:52:39.438] E033 |  2000/3118 batches | lr 1.2500 | loss  2.398 | ppl     11.00
[2022-04-10 13:52:42.864] E033 |  2200/3118 batches | lr 1.2500 | loss  2.399 | ppl     11.01
[2022-04-10 13:52:46.346] E033 |  2400/3118 batches | lr 1.2500 | loss  2.395 | ppl     10.97
[2022-04-10 13:52:49.761] E033 |  2600/3118 batches | lr 1.2500 | loss  2.363 | ppl     10.63
[2022-04-10 13:52:53.169] E033 |  2800/3118 batches | lr 1.2500 | loss  2.377 | ppl     10.77
[2022-04-10 13:52:56.576] E033 |  3000/3118 batches | lr 1.2500 | loss  2.390 | ppl     10.91
[2022-04-10 13:52:58.586] E033 |  3118/3118 batches | lr 1.2500 | loss  2.405 | ppl     11.07
[2022-04-10 13:53:11.241] End E033 | valid loss  2.545; ppl     12.74 | accu 0.3926 = 294994/751300
[2022-04-10 13:53:14.280] End E033 |  test loss  3.544; ppl     34.60 | accu 0.2504 = 45467/181580 ../data/adult_test.txt
[2022-04-10 13:53:17.107] End E033 |  test loss  2.662; ppl     14.32 | accu 0.3635 = 60914/167560 ../data/adolescent_valid.txt
[2022-04-10 13:53:26.961] End E033 |  test loss  2.512; ppl     12.33 | accu 0.4010 = 234046/583700 ../data/cbt_valid.txt
[2022-04-10 13:53:26.961] Save: model.pt... 
[2022-04-10 13:53:26.970] Save: model.pt...Done. best_val_loss: 2.5451
[2022-04-10 13:53:26.970] Epoch 034/40 ==================================================
[2022-04-10 13:53:30.386] E034 |   200/3118 batches | lr 1.2500 | loss  2.394 | ppl     10.96
[2022-04-10 13:53:33.802] E034 |   400/3118 batches | lr 1.2500 | loss  2.405 | ppl     11.08
[2022-04-10 13:53:37.229] E034 |   600/3118 batches | lr 1.2500 | loss  2.357 | ppl     10.56
[2022-04-10 13:53:40.649] E034 |   800/3118 batches | lr 1.2500 | loss  2.412 | ppl     11.15
[2022-04-10 13:53:44.050] E034 |  1000/3118 batches | lr 1.2500 | loss  2.408 | ppl     11.11
[2022-04-10 13:53:47.495] E034 |  1200/3118 batches | lr 1.2500 | loss  2.380 | ppl     10.81
[2022-04-10 13:53:50.925] E034 |  1400/3118 batches | lr 1.2500 | loss  2.373 | ppl     10.73
[2022-04-10 13:53:54.336] E034 |  1600/3118 batches | lr 1.2500 | loss  2.357 | ppl     10.56
[2022-04-10 13:53:57.738] E034 |  1800/3118 batches | lr 1.2500 | loss  2.376 | ppl     10.76
[2022-04-10 13:54:01.178] E034 |  2000/3118 batches | lr 1.2500 | loss  2.398 | ppl     11.00
[2022-04-10 13:54:04.582] E034 |  2200/3118 batches | lr 1.2500 | loss  2.397 | ppl     10.99
[2022-04-10 13:54:08.044] E034 |  2400/3118 batches | lr 1.2500 | loss  2.396 | ppl     10.98
[2022-04-10 13:54:11.485] E034 |  2600/3118 batches | lr 1.2500 | loss  2.363 | ppl     10.62
[2022-04-10 13:54:14.892] E034 |  2800/3118 batches | lr 1.2500 | loss  2.378 | ppl     10.78
[2022-04-10 13:54:18.303] E034 |  3000/3118 batches | lr 1.2500 | loss  2.389 | ppl     10.90
[2022-04-10 13:54:20.322] E034 |  3118/3118 batches | lr 1.2500 | loss  2.403 | ppl     11.05
[2022-04-10 13:54:33.079] End E034 | valid loss  2.544; ppl     12.73 | accu 0.3928 = 295086/751300
[2022-04-10 13:54:36.144] End E034 |  test loss  3.541; ppl     34.49 | accu 0.2502 = 45436/181580 ../data/adult_test.txt
[2022-04-10 13:54:38.979] End E034 |  test loss  2.661; ppl     14.31 | accu 0.3639 = 60983/167560 ../data/adolescent_valid.txt
[2022-04-10 13:54:48.820] End E034 |  test loss  2.511; ppl     12.32 | accu 0.4010 = 234049/583700 ../data/cbt_valid.txt
[2022-04-10 13:54:48.820] Save: model.pt... 
[2022-04-10 13:54:48.829] Save: model.pt...Done. best_val_loss: 2.5440
[2022-04-10 13:54:48.829] Epoch 035/40 ==================================================
[2022-04-10 13:54:52.275] E035 |   200/3118 batches | lr 1.2500 | loss  2.394 | ppl     10.95
[2022-04-10 13:54:55.806] E035 |   400/3118 batches | lr 1.2500 | loss  2.408 | ppl     11.11
[2022-04-10 13:54:59.215] E035 |   600/3118 batches | lr 1.2500 | loss  2.356 | ppl     10.55
[2022-04-10 13:55:02.626] E035 |   800/3118 batches | lr 1.2500 | loss  2.412 | ppl     11.15
[2022-04-10 13:55:06.071] E035 |  1000/3118 batches | lr 1.2500 | loss  2.405 | ppl     11.08
[2022-04-10 13:55:09.462] E035 |  1200/3118 batches | lr 1.2500 | loss  2.376 | ppl     10.77
[2022-04-10 13:55:12.901] E035 |  1400/3118 batches | lr 1.2500 | loss  2.375 | ppl     10.75
[2022-04-10 13:55:16.287] E035 |  1600/3118 batches | lr 1.2500 | loss  2.357 | ppl     10.56
[2022-04-10 13:55:19.712] E035 |  1800/3118 batches | lr 1.2500 | loss  2.371 | ppl     10.71
[2022-04-10 13:55:23.101] E035 |  2000/3118 batches | lr 1.2500 | loss  2.397 | ppl     11.00
[2022-04-10 13:55:26.529] E035 |  2200/3118 batches | lr 1.2500 | loss  2.395 | ppl     10.97
[2022-04-10 13:55:29.957] E035 |  2400/3118 batches | lr 1.2500 | loss  2.392 | ppl     10.93
[2022-04-10 13:55:34.009] E035 |  2600/3118 batches | lr 1.2500 | loss  2.362 | ppl     10.61
[2022-04-10 13:55:37.568] E035 |  2800/3118 batches | lr 1.2500 | loss  2.376 | ppl     10.76
[2022-04-10 13:55:41.163] E035 |  3000/3118 batches | lr 1.2500 | loss  2.390 | ppl     10.91
[2022-04-10 13:55:43.146] E035 |  3118/3118 batches | lr 1.2500 | loss  2.402 | ppl     11.04
[2022-04-10 13:55:56.071] End E035 | valid loss  2.543; ppl     12.72 | accu 0.3932 = 295394/751300
[2022-04-10 13:55:59.134] End E035 |  test loss  3.544; ppl     34.60 | accu 0.2502 = 45432/181580 ../data/adult_test.txt
[2022-04-10 13:56:01.957] End E035 |  test loss  2.659; ppl     14.29 | accu 0.3646 = 61092/167560 ../data/adolescent_valid.txt
[2022-04-10 13:56:11.815] End E035 |  test loss  2.511; ppl     12.31 | accu 0.4014 = 234270/583700 ../data/cbt_valid.txt
[2022-04-10 13:56:11.815] Save: model.pt... 
[2022-04-10 13:56:11.824] Save: model.pt...Done. best_val_loss: 2.5434
[2022-04-10 13:56:11.824] Epoch 036/40 ==================================================
[2022-04-10 13:56:15.254] E036 |   200/3118 batches | lr 1.2500 | loss  2.387 | ppl     10.88
[2022-04-10 13:56:18.657] E036 |   400/3118 batches | lr 1.2500 | loss  2.402 | ppl     11.05
[2022-04-10 13:56:22.128] E036 |   600/3118 batches | lr 1.2500 | loss  2.353 | ppl     10.52
[2022-04-10 13:56:25.565] E036 |   800/3118 batches | lr 1.2500 | loss  2.411 | ppl     11.14
[2022-04-10 13:56:28.975] E036 |  1000/3118 batches | lr 1.2500 | loss  2.406 | ppl     11.09
[2022-04-10 13:56:32.413] E036 |  1200/3118 batches | lr 1.2500 | loss  2.378 | ppl     10.79
[2022-04-10 13:56:35.840] E036 |  1400/3118 batches | lr 1.2500 | loss  2.371 | ppl     10.71
[2022-04-10 13:56:39.239] E036 |  1600/3118 batches | lr 1.2500 | loss  2.356 | ppl     10.55
[2022-04-10 13:56:42.681] E036 |  1800/3118 batches | lr 1.2500 | loss  2.374 | ppl     10.74
[2022-04-10 13:56:46.097] E036 |  2000/3118 batches | lr 1.2500 | loss  2.393 | ppl     10.94
[2022-04-10 13:56:49.757] E036 |  2200/3118 batches | lr 1.2500 | loss  2.396 | ppl     10.97
[2022-04-10 13:56:53.488] E036 |  2400/3118 batches | lr 1.2500 | loss  2.388 | ppl     10.89
[2022-04-10 13:56:57.013] E036 |  2600/3118 batches | lr 1.2500 | loss  2.361 | ppl     10.60
[2022-04-10 13:57:00.460] E036 |  2800/3118 batches | lr 1.2500 | loss  2.374 | ppl     10.74
[2022-04-10 13:57:03.918] E036 |  3000/3118 batches | lr 1.2500 | loss  2.392 | ppl     10.93
[2022-04-10 13:57:05.987] E036 |  3118/3118 batches | lr 1.2500 | loss  2.400 | ppl     11.03
[2022-04-10 13:57:18.620] End E036 | valid loss  2.543; ppl     12.72 | accu 0.3932 = 295429/751300
[2022-04-10 13:57:21.691] End E036 |  test loss  3.542; ppl     34.53 | accu 0.2511 = 45599/181580 ../data/adult_test.txt
[2022-04-10 13:57:24.510] End E036 |  test loss  2.658; ppl     14.26 | accu 0.3648 = 61127/167560 ../data/adolescent_valid.txt
[2022-04-10 13:57:34.334] End E036 |  test loss  2.511; ppl     12.31 | accu 0.4013 = 234258/583700 ../data/cbt_valid.txt
[2022-04-10 13:57:34.335] Save: model.pt... 
[2022-04-10 13:57:34.343] Save: model.pt...Done. best_val_loss: 2.5430
[2022-04-10 13:57:34.344] Epoch 037/40 ==================================================
[2022-04-10 13:57:37.771] E037 |   200/3118 batches | lr 1.2500 | loss  2.387 | ppl     10.88
[2022-04-10 13:57:41.169] E037 |   400/3118 batches | lr 1.2500 | loss  2.404 | ppl     11.06
[2022-04-10 13:57:44.672] E037 |   600/3118 batches | lr 1.2500 | loss  2.350 | ppl     10.49
[2022-04-10 13:57:48.154] E037 |   800/3118 batches | lr 1.2500 | loss  2.408 | ppl     11.11
[2022-04-10 13:57:51.599] E037 |  1000/3118 batches | lr 1.2500 | loss  2.402 | ppl     11.05
[2022-04-10 13:57:55.203] E037 |  1200/3118 batches | lr 1.2500 | loss  2.375 | ppl     10.75
[2022-04-10 13:57:58.710] E037 |  1400/3118 batches | lr 1.2500 | loss  2.371 | ppl     10.71
[2022-04-10 13:58:02.145] E037 |  1600/3118 batches | lr 1.2500 | loss  2.355 | ppl     10.54
[2022-04-10 13:58:05.581] E037 |  1800/3118 batches | lr 1.2500 | loss  2.370 | ppl     10.70
[2022-04-10 13:58:09.004] E037 |  2000/3118 batches | lr 1.2500 | loss  2.395 | ppl     10.97
[2022-04-10 13:58:12.438] E037 |  2200/3118 batches | lr 1.2500 | loss  2.394 | ppl     10.96
[2022-04-10 13:58:15.857] E037 |  2400/3118 batches | lr 1.2500 | loss  2.387 | ppl     10.89
[2022-04-10 13:58:19.285] E037 |  2600/3118 batches | lr 1.2500 | loss  2.356 | ppl     10.55
[2022-04-10 13:58:22.704] E037 |  2800/3118 batches | lr 1.2500 | loss  2.374 | ppl     10.74
[2022-04-10 13:58:26.144] E037 |  3000/3118 batches | lr 1.2500 | loss  2.384 | ppl     10.85
[2022-04-10 13:58:28.156] E037 |  3118/3118 batches | lr 1.2500 | loss  2.404 | ppl     11.07
[2022-04-10 13:58:40.865] End E037 | valid loss  2.544; ppl     12.73 | accu 0.3932 = 295419/751300
[2022-04-10 13:58:43.943] End E037 |  test loss  3.543; ppl     34.58 | accu 0.2507 = 45528/181580 ../data/adult_test.txt
[2022-04-10 13:58:46.776] End E037 |  test loss  2.659; ppl     14.28 | accu 0.3647 = 61116/167560 ../data/adolescent_valid.txt
[2022-04-10 13:58:56.671] End E037 |  test loss  2.511; ppl     12.32 | accu 0.4013 = 234262/583700 ../data/cbt_valid.txt
[2022-04-10 13:58:56.671] Epoch 038/40 ==================================================
[2022-04-10 13:59:00.146] E038 |   200/3118 batches | lr 0.6250 | loss  2.388 | ppl     10.89
[2022-04-10 13:59:03.572] E038 |   400/3118 batches | lr 0.6250 | loss  2.402 | ppl     11.04
[2022-04-10 13:59:06.998] E038 |   600/3118 batches | lr 0.6250 | loss  2.350 | ppl     10.48
[2022-04-10 13:59:10.442] E038 |   800/3118 batches | lr 0.6250 | loss  2.406 | ppl     11.09
[2022-04-10 13:59:13.857] E038 |  1000/3118 batches | lr 0.6250 | loss  2.400 | ppl     11.03
[2022-04-10 13:59:17.296] E038 |  1200/3118 batches | lr 0.6250 | loss  2.371 | ppl     10.71
[2022-04-10 13:59:20.715] E038 |  1400/3118 batches | lr 0.6250 | loss  2.365 | ppl     10.64
[2022-04-10 13:59:24.132] E038 |  1600/3118 batches | lr 0.6250 | loss  2.352 | ppl     10.51
[2022-04-10 13:59:27.541] E038 |  1800/3118 batches | lr 0.6250 | loss  2.369 | ppl     10.69
[2022-04-10 13:59:30.969] E038 |  2000/3118 batches | lr 0.6250 | loss  2.390 | ppl     10.92
[2022-04-10 13:59:34.373] E038 |  2200/3118 batches | lr 0.6250 | loss  2.389 | ppl     10.90
[2022-04-10 13:59:37.784] E038 |  2400/3118 batches | lr 0.6250 | loss  2.383 | ppl     10.84
[2022-04-10 13:59:41.206] E038 |  2600/3118 batches | lr 0.6250 | loss  2.355 | ppl     10.53
[2022-04-10 13:59:44.613] E038 |  2800/3118 batches | lr 0.6250 | loss  2.368 | ppl     10.67
[2022-04-10 13:59:48.012] E038 |  3000/3118 batches | lr 0.6250 | loss  2.379 | ppl     10.80
[2022-04-10 13:59:50.049] E038 |  3118/3118 batches | lr 0.6250 | loss  2.393 | ppl     10.94
[2022-04-10 14:00:02.740] End E038 | valid loss  2.541; ppl     12.69 | accu 0.3936 = 295691/751300
[2022-04-10 14:00:05.823] End E038 |  test loss  3.541; ppl     34.51 | accu 0.2515 = 45660/181580 ../data/adult_test.txt
[2022-04-10 14:00:08.685] End E038 |  test loss  2.656; ppl     14.23 | accu 0.3652 = 61188/167560 ../data/adolescent_valid.txt
[2022-04-10 14:00:18.575] End E038 |  test loss  2.508; ppl     12.28 | accu 0.4017 = 234477/583700 ../data/cbt_valid.txt
[2022-04-10 14:00:18.575] Save: model.pt... 
[2022-04-10 14:00:18.584] Save: model.pt...Done. best_val_loss: 2.5405
[2022-04-10 14:00:18.585] Epoch 039/40 ==================================================
[2022-04-10 14:00:22.008] E039 |   200/3118 batches | lr 0.6250 | loss  2.384 | ppl     10.85
[2022-04-10 14:00:25.418] E039 |   400/3118 batches | lr 0.6250 | loss  2.400 | ppl     11.02
[2022-04-10 14:00:28.826] E039 |   600/3118 batches | lr 0.6250 | loss  2.348 | ppl     10.47
[2022-04-10 14:00:32.304] E039 |   800/3118 batches | lr 0.6250 | loss  2.403 | ppl     11.06
[2022-04-10 14:00:35.784] E039 |  1000/3118 batches | lr 0.6250 | loss  2.398 | ppl     11.00
[2022-04-10 14:00:39.173] E039 |  1200/3118 batches | lr 0.6250 | loss  2.368 | ppl     10.68
[2022-04-10 14:00:42.654] E039 |  1400/3118 batches | lr 0.6250 | loss  2.364 | ppl     10.63
[2022-04-10 14:00:46.062] E039 |  1600/3118 batches | lr 0.6250 | loss  2.347 | ppl     10.46
[2022-04-10 14:00:49.468] E039 |  1800/3118 batches | lr 0.6250 | loss  2.368 | ppl     10.68
[2022-04-10 14:00:52.858] E039 |  2000/3118 batches | lr 0.6250 | loss  2.389 | ppl     10.91
[2022-04-10 14:00:56.335] E039 |  2200/3118 batches | lr 0.6250 | loss  2.389 | ppl     10.90
[2022-04-10 14:00:59.727] E039 |  2400/3118 batches | lr 0.6250 | loss  2.385 | ppl     10.86
[2022-04-10 14:01:03.152] E039 |  2600/3118 batches | lr 0.6250 | loss  2.357 | ppl     10.56
[2022-04-10 14:01:06.585] E039 |  2800/3118 batches | lr 0.6250 | loss  2.367 | ppl     10.67
[2022-04-10 14:01:09.986] E039 |  3000/3118 batches | lr 0.6250 | loss  2.380 | ppl     10.81
[2022-04-10 14:01:12.004] E039 |  3118/3118 batches | lr 0.6250 | loss  2.393 | ppl     10.95
[2022-04-10 14:01:24.597] End E039 | valid loss  2.540; ppl     12.68 | accu 0.3940 = 296026/751300
[2022-04-10 14:01:27.649] End E039 |  test loss  3.541; ppl     34.50 | accu 0.2517 = 45699/181580 ../data/adult_test.txt
[2022-04-10 14:01:30.477] End E039 |  test loss  2.655; ppl     14.23 | accu 0.3656 = 61258/167560 ../data/adolescent_valid.txt
[2022-04-10 14:01:40.277] End E039 |  test loss  2.508; ppl     12.28 | accu 0.4022 = 234745/583700 ../data/cbt_valid.txt
[2022-04-10 14:01:40.277] Save: model.pt... 
[2022-04-10 14:01:40.286] Save: model.pt...Done. best_val_loss: 2.5403
[2022-04-10 14:01:40.286] Epoch 040/40 ==================================================
[2022-04-10 14:01:43.680] E040 |   200/3118 batches | lr 0.6250 | loss  2.385 | ppl     10.86
[2022-04-10 14:01:47.162] E040 |   400/3118 batches | lr 0.6250 | loss  2.397 | ppl     10.98
[2022-04-10 14:01:50.573] E040 |   600/3118 batches | lr 0.6250 | loss  2.349 | ppl     10.48
[2022-04-10 14:01:53.987] E040 |   800/3118 batches | lr 0.6250 | loss  2.405 | ppl     11.07
[2022-04-10 14:01:57.397] E040 |  1000/3118 batches | lr 0.6250 | loss  2.395 | ppl     10.97
[2022-04-10 14:02:00.858] E040 |  1200/3118 batches | lr 0.6250 | loss  2.371 | ppl     10.71
[2022-04-10 14:02:04.292] E040 |  1400/3118 batches | lr 0.6250 | loss  2.365 | ppl     10.64
[2022-04-10 14:02:07.831] E040 |  1600/3118 batches | lr 0.6250 | loss  2.351 | ppl     10.50
[2022-04-10 14:02:11.257] E040 |  1800/3118 batches | lr 0.6250 | loss  2.363 | ppl     10.62
[2022-04-10 14:02:14.741] E040 |  2000/3118 batches | lr 0.6250 | loss  2.385 | ppl     10.85
[2022-04-10 14:02:18.221] E040 |  2200/3118 batches | lr 0.6250 | loss  2.388 | ppl     10.89
[2022-04-10 14:02:21.677] E040 |  2400/3118 batches | lr 0.6250 | loss  2.384 | ppl     10.85
[2022-04-10 14:02:25.097] E040 |  2600/3118 batches | lr 0.6250 | loss  2.355 | ppl     10.53
[2022-04-10 14:02:28.515] E040 |  2800/3118 batches | lr 0.6250 | loss  2.368 | ppl     10.67
[2022-04-10 14:02:31.951] E040 |  3000/3118 batches | lr 0.6250 | loss  2.382 | ppl     10.83
[2022-04-10 14:02:34.001] E040 |  3118/3118 batches | lr 0.6250 | loss  2.392 | ppl     10.93
[2022-04-10 14:02:46.679] End E040 | valid loss  2.540; ppl     12.67 | accu 0.3941 = 296099/751300
[2022-04-10 14:02:49.727] End E040 |  test loss  3.542; ppl     34.53 | accu 0.2519 = 45733/181580 ../data/adult_test.txt
[2022-04-10 14:02:52.567] End E040 |  test loss  2.654; ppl     14.22 | accu 0.3657 = 61278/167560 ../data/adolescent_valid.txt
[2022-04-10 14:03:02.416] End E040 |  test loss  2.507; ppl     12.27 | accu 0.4023 = 234840/583700 ../data/cbt_valid.txt
[2022-04-10 14:03:02.416] Save: model.pt... 
[2022-04-10 14:03:02.425] Save: model.pt...Done. best_val_loss: 2.5396
[2022-04-10 14:03:05.551] End. test loss  3.54; ppl    34.53 | accu 0.2519 = 45733/181580 ../data/adult_test.txt
[2022-04-10 14:03:08.390] End. test loss  2.65; ppl    14.22 | accu 0.3657 = 61278/167560 ../data/adolescent_valid.txt
[2022-04-10 14:03:18.206] End. test loss  2.51; ppl    12.27 | accu 0.4023 = 234840/583700 ../data/cbt_valid.txt
[2022-04-10 14:03:18.206] =========================================================================================
