[2022-04-10 15:55:46.010] corpus.train_file_list: 2
[2022-04-10 15:55:46.010]         ../data/cbt_train.txt
[2022-04-10 15:55:46.010]         ../data/adolescent_train.txt
[2022-04-10 15:55:46.010] corpus.valid_file_list: 2
[2022-04-10 15:55:46.010]         ../data/cbt_valid.txt
[2022-04-10 15:55:46.010]         ../data/adolescent_valid.txt
[2022-04-10 15:55:46.010] corpus.test_file_list: 3
[2022-04-10 15:55:46.010]         ../data/adult_test.txt
[2022-04-10 15:55:46.010]         ../data/adolescent_valid.txt
[2022-04-10 15:55:46.010]         ../data/cbt_valid.txt
[2022-04-10 15:55:46.010] corpus.subword_vocab_size: 10000
[2022-04-10 15:55:46.010] corpus.subword_model.train(4 files)...
[2022-04-10 15:55:46.010]         ../data/cbt_train.txt
[2022-04-10 15:55:46.010]         ../data/adolescent_train.txt
[2022-04-10 15:55:46.010]         ../data/cbt_valid.txt
[2022-04-10 15:55:46.010]         ../data/adolescent_valid.txt
[2022-04-10 15:55:47.266] corpus.subword_model.train(4 files)...Done
[2022-04-10 15:55:47.266] corpus tokenize...
[2022-04-10 15:55:49.765]         train tokens: 767028  ../data/cbt_train.txt
[2022-04-10 15:55:51.007]         train tokens: 306402  ../data/adolescent_train.txt
[2022-04-10 15:55:52.008]         valid tokens: 289758  ../data/cbt_valid.txt
[2022-04-10 15:55:52.332]         valid tokens:  81342  ../data/adolescent_valid.txt
[2022-04-10 15:55:52.618]         test  tokens:  89849  ../data/adult_test.txt
[2022-04-10 15:55:52.940]         test  tokens:  81342  ../data/adolescent_valid.txt
[2022-04-10 15:55:53.969]         test  tokens: 289758  ../data/cbt_valid.txt
[2022-04-10 15:55:53.969] corpus.ntokens      : 9615
[2022-04-10 15:55:53.970] corpus.char_count   : 101
[2022-04-10 15:55:53.970] corpus.char_cnt_dict: 101
[2022-04-10 15:55:53.970] corpus.char_id_dict : 101
[2022-04-10 15:55:53.982] corpus.batchify(2 files, batch_size=20)...
[2022-04-10 15:55:53.982]         tokens_all: 1073430
[2022-04-10 15:55:53.982]         batched   :  53671
[2022-04-10 15:55:53.982]         ../data/cbt_train.txt
[2022-04-10 15:55:53.982]         ../data/adolescent_train.txt
[2022-04-10 15:55:53.987] corpus.batchify(2 files, batch_size=20)...
[2022-04-10 15:55:53.987]         tokens_all: 371100
[2022-04-10 15:55:53.987]         batched   :  18555
[2022-04-10 15:55:53.987]         ../data/cbt_valid.txt
[2022-04-10 15:55:53.987]         ../data/adolescent_valid.txt
[2022-04-10 15:55:53.989] corpus.batchify(1 files, batch_size=20)...
[2022-04-10 15:55:53.990]         tokens_all:  89849
[2022-04-10 15:55:53.990]         batched   :   4492
[2022-04-10 15:55:53.990]         ../data/adult_test.txt
[2022-04-10 15:55:53.991] corpus.batchify(1 files, batch_size=20)...
[2022-04-10 15:55:53.991]         tokens_all:  81342
[2022-04-10 15:55:53.991]         batched   :   4067
[2022-04-10 15:55:53.991]         ../data/adolescent_valid.txt
[2022-04-10 15:55:53.994] corpus.batchify(1 files, batch_size=20)...
[2022-04-10 15:55:53.994]         tokens_all: 289758
[2022-04-10 15:55:53.994]         batched   :  14487
[2022-04-10 15:55:53.994]         ../data/cbt_valid.txt
[2022-04-10 15:55:54.058] RNNModel.rnn_type: LSTM
[2022-04-10 15:55:54.058] RNNModel.ntoken  : 9615
[2022-04-10 15:55:54.058] RNNModel.ninp    : 200
[2022-04-10 15:55:54.058] RNNModel.nhid    : 200
[2022-04-10 15:55:54.058] RNNModel.nlayers : 2
[2022-04-10 15:55:54.058] RNNModel.dropout : 0.2
[2022-04-10 15:55:54.058] RNNModel.tie_weights: False
[2022-04-10 15:55:54.058] RNNModel.char_mode  : 
[2022-04-10 15:55:54.058] RNNModel.char_cnt   : 102
[2022-04-10 15:55:54.058] RNNModel.char_emsize: 25
[2022-04-10 15:55:54.059] RNNModel.char_nhid  : 200
[2022-04-10 15:55:54.059] RNNModel will not use char-encoding
[2022-04-10 15:55:54.063] Epoch 001/40 ==================================================
[2022-04-10 15:55:58.248] E001 |   200/1533 batches | lr 20.0000 | loss  6.652 | ppl    774.30
[2022-04-10 15:56:02.398] E001 |   400/1533 batches | lr 20.0000 | loss  5.692 | ppl    296.44
[2022-04-10 15:56:06.577] E001 |   600/1533 batches | lr 20.0000 | loss  5.369 | ppl    214.56
[2022-04-10 15:56:10.736] E001 |   800/1533 batches | lr 20.0000 | loss  5.144 | ppl    171.41
[2022-04-10 15:56:14.881] E001 |  1000/1533 batches | lr 20.0000 | loss  4.971 | ppl    144.19
[2022-04-10 15:56:19.033] E001 |  1200/1533 batches | lr 20.0000 | loss  4.933 | ppl    138.84
[2022-04-10 15:56:23.213] E001 |  1400/1533 batches | lr 20.0000 | loss  4.843 | ppl    126.81
[2022-04-10 15:56:25.988] E001 |  1533/1533 batches | lr 20.0000 | loss  4.779 | ppl    119.03
[2022-04-10 15:56:33.065] End E001 | valid loss  5.133; ppl    169.58 | accu 0.1944 = 72143/371080
[2022-04-10 15:56:34.800] End E001 |  test loss  7.604; ppl   2006.74 | accu 0.0458 = 4118/89820 ../data/adult_test.txt
[2022-04-10 15:56:36.383] End E001 |  test loss  5.896; ppl    363.73 | accu 0.1452 = 11808/81320 ../data/adolescent_valid.txt
[2022-04-10 15:56:41.972] End E001 |  test loss  4.918; ppl    136.79 | accu 0.2083 = 60336/289720 ../data/cbt_valid.txt
[2022-04-10 15:56:41.972] Save: model.pt... 
[2022-04-10 15:56:42.015] Save: model.pt...Done. best_val_loss: 5.1333
[2022-04-10 15:56:42.015] Epoch 002/40 ==================================================
[2022-04-10 15:56:46.222] E002 |   200/1533 batches | lr 20.0000 | loss  4.712 | ppl    111.24
[2022-04-10 15:56:50.417] E002 |   400/1533 batches | lr 20.0000 | loss  4.644 | ppl    104.00
[2022-04-10 15:56:54.583] E002 |   600/1533 batches | lr 20.0000 | loss  4.637 | ppl    103.20
[2022-04-10 15:56:58.757] E002 |   800/1533 batches | lr 20.0000 | loss  4.590 | ppl     98.47
[2022-04-10 15:57:02.914] E002 |  1000/1533 batches | lr 20.0000 | loss  4.512 | ppl     91.09
[2022-04-10 15:57:07.085] E002 |  1200/1533 batches | lr 20.0000 | loss  4.547 | ppl     94.32
[2022-04-10 15:57:11.236] E002 |  1400/1533 batches | lr 20.0000 | loss  4.503 | ppl     90.32
[2022-04-10 15:57:13.995] E002 |  1533/1533 batches | lr 20.0000 | loss  4.468 | ppl     87.19
[2022-04-10 15:57:21.087] End E002 | valid loss  4.853; ppl    128.10 | accu 0.2191 = 81322/371080
[2022-04-10 15:57:22.815] End E002 |  test loss  9.131; ppl   9239.97 | accu 0.0015 = 134/89820 ../data/adult_test.txt
[2022-04-10 15:57:24.384] End E002 |  test loss  5.247; ppl    189.95 | accu 0.1995 = 16224/81320 ../data/adolescent_valid.txt
[2022-04-10 15:57:29.991] End E002 |  test loss  4.742; ppl    114.68 | accu 0.2247 = 65101/289720 ../data/cbt_valid.txt
[2022-04-10 15:57:29.992] Save: model.pt... 
[2022-04-10 15:57:30.035] Save: model.pt...Done. best_val_loss: 4.8528
[2022-04-10 15:57:30.036] Epoch 003/40 ==================================================
[2022-04-10 15:57:34.239] E003 |   200/1533 batches | lr 20.0000 | loss  4.441 | ppl     84.90
[2022-04-10 15:57:38.402] E003 |   400/1533 batches | lr 20.0000 | loss  4.398 | ppl     81.25
[2022-04-10 15:57:42.577] E003 |   600/1533 batches | lr 20.0000 | loss  4.417 | ppl     82.81
[2022-04-10 15:57:46.744] E003 |   800/1533 batches | lr 20.0000 | loss  4.385 | ppl     80.26
[2022-04-10 15:57:50.907] E003 |  1000/1533 batches | lr 20.0000 | loss  4.325 | ppl     75.60
[2022-04-10 15:57:55.032] E003 |  1200/1533 batches | lr 20.0000 | loss  4.377 | ppl     79.56
[2022-04-10 15:57:59.369] E003 |  1400/1533 batches | lr 20.0000 | loss  4.341 | ppl     76.76
[2022-04-10 15:58:02.181] E003 |  1533/1533 batches | lr 20.0000 | loss  4.321 | ppl     75.27
[2022-04-10 15:58:09.293] End E003 | valid loss  4.778; ppl    118.82 | accu 0.2236 = 82974/371080
[2022-04-10 15:58:11.040] End E003 |  test loss  9.049; ppl   8512.43 | accu 0.0160 = 1440/89820 ../data/adult_test.txt
[2022-04-10 15:58:12.618] End E003 |  test loss  5.160; ppl    174.13 | accu 0.2008 = 16326/81320 ../data/adolescent_valid.txt
[2022-04-10 15:58:18.223] End E003 |  test loss  4.670; ppl    106.72 | accu 0.2300 = 66631/289720 ../data/cbt_valid.txt
[2022-04-10 15:58:18.223] Save: model.pt... 
[2022-04-10 15:58:18.263] Save: model.pt...Done. best_val_loss: 4.7776
[2022-04-10 15:58:18.263] Epoch 004/40 ==================================================
[2022-04-10 15:58:22.435] E004 |   200/1533 batches | lr 20.0000 | loss  4.292 | ppl     73.13
[2022-04-10 15:58:26.635] E004 |   400/1533 batches | lr 20.0000 | loss  4.259 | ppl     70.75
[2022-04-10 15:58:30.855] E004 |   600/1533 batches | lr 20.0000 | loss  4.290 | ppl     72.93
[2022-04-10 15:58:35.034] E004 |   800/1533 batches | lr 20.0000 | loss  4.261 | ppl     70.91
[2022-04-10 15:58:39.207] E004 |  1000/1533 batches | lr 20.0000 | loss  4.207 | ppl     67.17
[2022-04-10 15:58:43.420] E004 |  1200/1533 batches | lr 20.0000 | loss  4.265 | ppl     71.15
[2022-04-10 15:58:47.744] E004 |  1400/1533 batches | lr 20.0000 | loss  4.234 | ppl     68.98
[2022-04-10 15:58:50.514] E004 |  1533/1533 batches | lr 20.0000 | loss  4.226 | ppl     68.41
[2022-04-10 15:58:57.637] End E004 | valid loss  4.734; ppl    113.78 | accu 0.2287 = 84852/371080
[2022-04-10 15:58:59.370] End E004 |  test loss  7.421; ppl   1669.88 | accu 0.0570 = 5117/89820 ../data/adult_test.txt
[2022-04-10 15:59:00.954] End E004 |  test loss  5.103; ppl    164.55 | accu 0.2071 = 16845/81320 ../data/adolescent_valid.txt
[2022-04-10 15:59:06.565] End E004 |  test loss  4.631; ppl    102.58 | accu 0.2347 = 67999/289720 ../data/cbt_valid.txt
[2022-04-10 15:59:06.565] Save: model.pt... 
[2022-04-10 15:59:06.606] Save: model.pt...Done. best_val_loss: 4.7342
[2022-04-10 15:59:06.606] Epoch 005/40 ==================================================
[2022-04-10 15:59:10.793] E005 |   200/1533 batches | lr 20.0000 | loss  4.194 | ppl     66.27
[2022-04-10 15:59:14.935] E005 |   400/1533 batches | lr 20.0000 | loss  4.161 | ppl     64.13
[2022-04-10 15:59:19.093] E005 |   600/1533 batches | lr 20.0000 | loss  4.204 | ppl     66.95
[2022-04-10 15:59:23.238] E005 |   800/1533 batches | lr 20.0000 | loss  4.172 | ppl     64.82
[2022-04-10 15:59:27.389] E005 |  1000/1533 batches | lr 20.0000 | loss  4.121 | ppl     61.61
[2022-04-10 15:59:31.589] E005 |  1200/1533 batches | lr 20.0000 | loss  4.181 | ppl     65.45
[2022-04-10 15:59:35.749] E005 |  1400/1533 batches | lr 20.0000 | loss  4.153 | ppl     63.61
[2022-04-10 15:59:38.514] E005 |  1533/1533 batches | lr 20.0000 | loss  4.149 | ppl     63.36
[2022-04-10 15:59:45.623] End E005 | valid loss  4.724; ppl    112.58 | accu 0.2311 = 85748/371080
[2022-04-10 15:59:47.365] End E005 |  test loss  7.476; ppl   1764.59 | accu 0.0685 = 6156/89820 ../data/adult_test.txt
[2022-04-10 15:59:48.950] End E005 |  test loss  5.095; ppl    163.21 | accu 0.2080 = 16914/81320 ../data/adolescent_valid.txt
[2022-04-10 15:59:54.576] End E005 |  test loss  4.619; ppl    101.42 | accu 0.2374 = 68792/289720 ../data/cbt_valid.txt
[2022-04-10 15:59:54.576] Save: model.pt... 
[2022-04-10 15:59:54.617] Save: model.pt...Done. best_val_loss: 4.7237
[2022-04-10 15:59:54.617] Epoch 006/40 ==================================================
[2022-04-10 15:59:58.944] E006 |   200/1533 batches | lr 20.0000 | loss  4.120 | ppl     61.54
[2022-04-10 16:00:03.248] E006 |   400/1533 batches | lr 20.0000 | loss  4.098 | ppl     60.22
[2022-04-10 16:00:07.476] E006 |   600/1533 batches | lr 20.0000 | loss  4.135 | ppl     62.49
[2022-04-10 16:00:11.686] E006 |   800/1533 batches | lr 20.0000 | loss  4.103 | ppl     60.51
[2022-04-10 16:00:15.870] E006 |  1000/1533 batches | lr 20.0000 | loss  4.057 | ppl     57.78
[2022-04-10 16:00:20.076] E006 |  1200/1533 batches | lr 20.0000 | loss  4.120 | ppl     61.54
[2022-04-10 16:00:24.241] E006 |  1400/1533 batches | lr 20.0000 | loss  4.096 | ppl     60.10
[2022-04-10 16:00:27.165] E006 |  1533/1533 batches | lr 20.0000 | loss  4.094 | ppl     60.00
[2022-04-10 16:00:34.257] End E006 | valid loss  4.717; ppl    111.88 | accu 0.2343 = 86944/371080
[2022-04-10 16:00:36.002] End E006 |  test loss  7.499; ppl   1807.05 | accu 0.0638 = 5729/89820 ../data/adult_test.txt
[2022-04-10 16:00:37.581] End E006 |  test loss  5.094; ppl    163.08 | accu 0.2075 = 16870/81320 ../data/adolescent_valid.txt
[2022-04-10 16:00:43.192] End E006 |  test loss  4.612; ppl    100.67 | accu 0.2416 = 69999/289720 ../data/cbt_valid.txt
[2022-04-10 16:00:43.192] Save: model.pt... 
[2022-04-10 16:00:43.222] Save: model.pt...Done. best_val_loss: 4.7174
[2022-04-10 16:00:43.223] Epoch 007/40 ==================================================
[2022-04-10 16:00:47.410] E007 |   200/1533 batches | lr 20.0000 | loss  4.064 | ppl     58.19
[2022-04-10 16:00:51.551] E007 |   400/1533 batches | lr 20.0000 | loss  4.043 | ppl     56.97
[2022-04-10 16:00:55.712] E007 |   600/1533 batches | lr 20.0000 | loss  4.083 | ppl     59.33
[2022-04-10 16:00:59.854] E007 |   800/1533 batches | lr 20.0000 | loss  4.056 | ppl     57.72
[2022-04-10 16:01:04.056] E007 |  1000/1533 batches | lr 20.0000 | loss  4.003 | ppl     54.78
[2022-04-10 16:01:08.219] E007 |  1200/1533 batches | lr 20.0000 | loss  4.070 | ppl     58.54
[2022-04-10 16:01:12.532] E007 |  1400/1533 batches | lr 20.0000 | loss  4.047 | ppl     57.24
[2022-04-10 16:01:15.295] E007 |  1533/1533 batches | lr 20.0000 | loss  4.051 | ppl     57.45
[2022-04-10 16:01:22.421] End E007 | valid loss  4.707; ppl    110.70 | accu 0.2351 = 87252/371080
[2022-04-10 16:01:24.169] End E007 |  test loss  7.497; ppl   1802.03 | accu 0.0684 = 6145/89820 ../data/adult_test.txt
[2022-04-10 16:01:25.749] End E007 |  test loss  5.078; ppl    160.44 | accu 0.2062 = 16765/81320 ../data/adolescent_valid.txt
[2022-04-10 16:01:31.375] End E007 |  test loss  4.604; ppl     99.90 | accu 0.2431 = 70419/289720 ../data/cbt_valid.txt
[2022-04-10 16:01:31.376] Save: model.pt... 
[2022-04-10 16:01:31.417] Save: model.pt...Done. best_val_loss: 4.7069
[2022-04-10 16:01:31.417] Epoch 008/40 ==================================================
[2022-04-10 16:01:35.626] E008 |   200/1533 batches | lr 20.0000 | loss  4.025 | ppl     55.95
[2022-04-10 16:01:39.781] E008 |   400/1533 batches | lr 20.0000 | loss  3.997 | ppl     54.43
[2022-04-10 16:01:43.935] E008 |   600/1533 batches | lr 20.0000 | loss  4.039 | ppl     56.77
[2022-04-10 16:01:48.122] E008 |   800/1533 batches | lr 20.0000 | loss  4.013 | ppl     55.29
[2022-04-10 16:01:52.387] E008 |  1000/1533 batches | lr 20.0000 | loss  3.969 | ppl     52.92
[2022-04-10 16:01:56.570] E008 |  1200/1533 batches | lr 20.0000 | loss  4.029 | ppl     56.19
[2022-04-10 16:02:00.763] E008 |  1400/1533 batches | lr 20.0000 | loss  4.011 | ppl     55.21
[2022-04-10 16:02:03.555] E008 |  1533/1533 batches | lr 20.0000 | loss  4.014 | ppl     55.35
[2022-04-10 16:02:10.724] End E008 | valid loss  4.706; ppl    110.66 | accu 0.2354 = 87338/371080
[2022-04-10 16:02:12.467] End E008 |  test loss  7.446; ppl   1712.51 | accu 0.0687 = 6167/89820 ../data/adult_test.txt
[2022-04-10 16:02:14.042] End E008 |  test loss  5.064; ppl    158.26 | accu 0.2116 = 17210/81320 ../data/adolescent_valid.txt
[2022-04-10 16:02:19.646] End E008 |  test loss  4.607; ppl    100.13 | accu 0.2418 = 70054/289720 ../data/cbt_valid.txt
[2022-04-10 16:02:19.646] Save: model.pt... 
[2022-04-10 16:02:19.678] Save: model.pt...Done. best_val_loss: 4.7065
[2022-04-10 16:02:19.678] Epoch 009/40 ==================================================
[2022-04-10 16:02:23.912] E009 |   200/1533 batches | lr 20.0000 | loss  3.989 | ppl     54.02
[2022-04-10 16:02:28.089] E009 |   400/1533 batches | lr 20.0000 | loss  3.966 | ppl     52.78
[2022-04-10 16:02:32.273] E009 |   600/1533 batches | lr 20.0000 | loss  4.007 | ppl     54.96
[2022-04-10 16:02:36.465] E009 |   800/1533 batches | lr 20.0000 | loss  3.981 | ppl     53.55
[2022-04-10 16:02:40.718] E009 |  1000/1533 batches | lr 20.0000 | loss  3.932 | ppl     50.99
[2022-04-10 16:02:44.888] E009 |  1200/1533 batches | lr 20.0000 | loss  3.998 | ppl     54.49
[2022-04-10 16:02:49.079] E009 |  1400/1533 batches | lr 20.0000 | loss  3.982 | ppl     53.63
[2022-04-10 16:02:51.865] E009 |  1533/1533 batches | lr 20.0000 | loss  3.987 | ppl     53.88
[2022-04-10 16:02:58.981] End E009 | valid loss  4.704; ppl    110.37 | accu 0.2370 = 87932/371080
[2022-04-10 16:03:00.741] End E009 |  test loss  7.480; ppl   1771.60 | accu 0.0724 = 6500/89820 ../data/adult_test.txt
[2022-04-10 16:03:02.315] End E009 |  test loss  5.099; ppl    163.88 | accu 0.2073 = 16856/81320 ../data/adolescent_valid.txt
[2022-04-10 16:03:07.935] End E009 |  test loss  4.594; ppl     98.86 | accu 0.2448 = 70924/289720 ../data/cbt_valid.txt
[2022-04-10 16:03:07.935] Save: model.pt... 
[2022-04-10 16:03:07.977] Save: model.pt...Done. best_val_loss: 4.7038
[2022-04-10 16:03:07.977] Epoch 010/40 ==================================================
[2022-04-10 16:03:12.187] E010 |   200/1533 batches | lr 20.0000 | loss  3.961 | ppl     52.53
[2022-04-10 16:03:16.379] E010 |   400/1533 batches | lr 20.0000 | loss  3.930 | ppl     50.93
[2022-04-10 16:03:20.573] E010 |   600/1533 batches | lr 20.0000 | loss  3.978 | ppl     53.40
[2022-04-10 16:03:24.783] E010 |   800/1533 batches | lr 20.0000 | loss  3.950 | ppl     51.92
[2022-04-10 16:03:28.973] E010 |  1000/1533 batches | lr 20.0000 | loss  3.906 | ppl     49.70
[2022-04-10 16:03:33.163] E010 |  1200/1533 batches | lr 20.0000 | loss  3.965 | ppl     52.74
[2022-04-10 16:03:37.357] E010 |  1400/1533 batches | lr 20.0000 | loss  3.951 | ppl     51.99
[2022-04-10 16:03:40.152] E010 |  1533/1533 batches | lr 20.0000 | loss  3.962 | ppl     52.58
[2022-04-10 16:03:47.244] End E010 | valid loss  4.701; ppl    110.03 | accu 0.2365 = 87777/371080
[2022-04-10 16:03:48.976] End E010 |  test loss  7.575; ppl   1949.57 | accu 0.0621 = 5582/89820 ../data/adult_test.txt
[2022-04-10 16:03:50.560] End E010 |  test loss  5.069; ppl    158.98 | accu 0.2106 = 17125/81320 ../data/adolescent_valid.txt
[2022-04-10 16:03:56.151] End E010 |  test loss  4.597; ppl     99.16 | accu 0.2438 = 70640/289720 ../data/cbt_valid.txt
[2022-04-10 16:03:56.151] Save: model.pt... 
[2022-04-10 16:03:56.183] Save: model.pt...Done. best_val_loss: 4.7008
[2022-04-10 16:03:56.183] Epoch 011/40 ==================================================
[2022-04-10 16:04:00.373] E011 |   200/1533 batches | lr 20.0000 | loss  3.932 | ppl     51.00
[2022-04-10 16:04:04.555] E011 |   400/1533 batches | lr 20.0000 | loss  3.912 | ppl     49.99
[2022-04-10 16:04:08.743] E011 |   600/1533 batches | lr 20.0000 | loss  3.954 | ppl     52.12
[2022-04-10 16:04:12.952] E011 |   800/1533 batches | lr 20.0000 | loss  3.929 | ppl     50.87
[2022-04-10 16:04:17.164] E011 |  1000/1533 batches | lr 20.0000 | loss  3.879 | ppl     48.38
[2022-04-10 16:04:21.364] E011 |  1200/1533 batches | lr 20.0000 | loss  3.947 | ppl     51.80
[2022-04-10 16:04:25.626] E011 |  1400/1533 batches | lr 20.0000 | loss  3.929 | ppl     50.86
[2022-04-10 16:04:28.409] E011 |  1533/1533 batches | lr 20.0000 | loss  3.936 | ppl     51.22
[2022-04-10 16:04:35.500] End E011 | valid loss  4.723; ppl    112.53 | accu 0.2364 = 87721/371080
[2022-04-10 16:04:37.231] End E011 |  test loss  7.559; ppl   1917.42 | accu 0.0715 = 6419/89820 ../data/adult_test.txt
[2022-04-10 16:04:38.809] End E011 |  test loss  5.088; ppl    162.15 | accu 0.2096 = 17046/81320 ../data/adolescent_valid.txt
[2022-04-10 16:04:44.426] End E011 |  test loss  4.621; ppl    101.59 | accu 0.2436 = 70585/289720 ../data/cbt_valid.txt
[2022-04-10 16:04:44.426] Epoch 012/40 ==================================================
[2022-04-10 16:04:48.724] E012 |   200/1533 batches | lr 10.0000 | loss  3.882 | ppl     48.50
[2022-04-10 16:04:52.921] E012 |   400/1533 batches | lr 10.0000 | loss  3.828 | ppl     45.97
[2022-04-10 16:04:57.129] E012 |   600/1533 batches | lr 10.0000 | loss  3.848 | ppl     46.91
[2022-04-10 16:05:01.336] E012 |   800/1533 batches | lr 10.0000 | loss  3.810 | ppl     45.13
[2022-04-10 16:05:05.532] E012 |  1000/1533 batches | lr 10.0000 | loss  3.745 | ppl     42.30
[2022-04-10 16:05:09.723] E012 |  1200/1533 batches | lr 10.0000 | loss  3.796 | ppl     44.53
[2022-04-10 16:05:13.952] E012 |  1400/1533 batches | lr 10.0000 | loss  3.763 | ppl     43.07
[2022-04-10 16:05:16.747] E012 |  1533/1533 batches | lr 10.0000 | loss  3.761 | ppl     43.01
[2022-04-10 16:05:23.818] End E012 | valid loss  4.675; ppl    107.20 | accu 0.2456 = 91134/371080
[2022-04-10 16:05:25.569] End E012 |  test loss  7.567; ppl   1933.97 | accu 0.0769 = 6906/89820 ../data/adult_test.txt
[2022-04-10 16:05:27.154] End E012 |  test loss  5.022; ppl    151.69 | accu 0.2169 = 17637/81320 ../data/adolescent_valid.txt
[2022-04-10 16:05:32.760] End E012 |  test loss  4.577; ppl     97.19 | accu 0.2536 = 73478/289720 ../data/cbt_valid.txt
[2022-04-10 16:05:32.760] Save: model.pt... 
[2022-04-10 16:05:32.802] Save: model.pt...Done. best_val_loss: 4.6747
[2022-04-10 16:05:32.802] Epoch 013/40 ==================================================
[2022-04-10 16:05:37.130] E013 |   200/1533 batches | lr 10.0000 | loss  3.792 | ppl     44.34
[2022-04-10 16:05:41.350] E013 |   400/1533 batches | lr 10.0000 | loss  3.761 | ppl     43.00
[2022-04-10 16:05:45.563] E013 |   600/1533 batches | lr 10.0000 | loss  3.793 | ppl     44.37
[2022-04-10 16:05:49.832] E013 |   800/1533 batches | lr 10.0000 | loss  3.762 | ppl     43.04
[2022-04-10 16:05:54.054] E013 |  1000/1533 batches | lr 10.0000 | loss  3.706 | ppl     40.67
[2022-04-10 16:05:58.373] E013 |  1200/1533 batches | lr 10.0000 | loss  3.764 | ppl     43.10
[2022-04-10 16:06:02.605] E013 |  1400/1533 batches | lr 10.0000 | loss  3.738 | ppl     42.01
[2022-04-10 16:06:05.472] E013 |  1533/1533 batches | lr 10.0000 | loss  3.744 | ppl     42.28
[2022-04-10 16:06:12.611] End E013 | valid loss  4.683; ppl    108.06 | accu 0.2468 = 91569/371080
[2022-04-10 16:06:14.356] End E013 |  test loss  7.621; ppl   2040.42 | accu 0.0774 = 6956/89820 ../data/adult_test.txt
[2022-04-10 16:06:15.944] End E013 |  test loss  5.059; ppl    157.49 | accu 0.2167 = 17621/81320 ../data/adolescent_valid.txt
[2022-04-10 16:06:21.558] End E013 |  test loss  4.576; ppl     97.09 | accu 0.2551 = 73894/289720 ../data/cbt_valid.txt
[2022-04-10 16:06:21.558] Epoch 014/40 ==================================================
[2022-04-10 16:06:25.784] E014 |   200/1533 batches | lr 5.0000 | loss  3.753 | ppl     42.63
[2022-04-10 16:06:30.097] E014 |   400/1533 batches | lr 5.0000 | loss  3.712 | ppl     40.95
[2022-04-10 16:06:34.310] E014 |   600/1533 batches | lr 5.0000 | loss  3.735 | ppl     41.90
[2022-04-10 16:06:38.520] E014 |   800/1533 batches | lr 5.0000 | loss  3.695 | ppl     40.24
[2022-04-10 16:06:42.719] E014 |  1000/1533 batches | lr 5.0000 | loss  3.634 | ppl     37.88
[2022-04-10 16:06:46.907] E014 |  1200/1533 batches | lr 5.0000 | loss  3.680 | ppl     39.63
[2022-04-10 16:06:51.106] E014 |  1400/1533 batches | lr 5.0000 | loss  3.651 | ppl     38.52
[2022-04-10 16:06:53.908] E014 |  1533/1533 batches | lr 5.0000 | loss  3.651 | ppl     38.52
[2022-04-10 16:07:01.034] End E014 | valid loss  4.665; ppl    106.13 | accu 0.2516 = 93363/371080
[2022-04-10 16:07:02.907] End E014 |  test loss  7.618; ppl   2034.44 | accu 0.0803 = 7213/89820 ../data/adult_test.txt
[2022-04-10 16:07:04.511] End E014 |  test loss  5.019; ppl    151.31 | accu 0.2246 = 18262/81320 ../data/adolescent_valid.txt
[2022-04-10 16:07:10.139] End E014 |  test loss  4.564; ppl     95.98 | accu 0.2592 = 75082/289720 ../data/cbt_valid.txt
[2022-04-10 16:07:10.140] Save: model.pt... 
[2022-04-10 16:07:10.181] Save: model.pt...Done. best_val_loss: 4.6647
[2022-04-10 16:07:10.181] Epoch 015/40 ==================================================
[2022-04-10 16:07:14.423] E015 |   200/1533 batches | lr 5.0000 | loss  3.702 | ppl     40.53
[2022-04-10 16:07:18.652] E015 |   400/1533 batches | lr 5.0000 | loss  3.672 | ppl     39.33
[2022-04-10 16:07:22.848] E015 |   600/1533 batches | lr 5.0000 | loss  3.698 | ppl     40.36
[2022-04-10 16:07:27.302] E015 |   800/1533 batches | lr 5.0000 | loss  3.664 | ppl     39.03
[2022-04-10 16:07:31.662] E015 |  1000/1533 batches | lr 5.0000 | loss  3.609 | ppl     36.94
[2022-04-10 16:07:35.871] E015 |  1200/1533 batches | lr 5.0000 | loss  3.662 | ppl     38.95
[2022-04-10 16:07:40.087] E015 |  1400/1533 batches | lr 5.0000 | loss  3.633 | ppl     37.82
[2022-04-10 16:07:42.889] E015 |  1533/1533 batches | lr 5.0000 | loss  3.641 | ppl     38.12
[2022-04-10 16:07:50.056] End E015 | valid loss  4.666; ppl    106.32 | accu 0.2523 = 93609/371080
[2022-04-10 16:07:51.801] End E015 |  test loss  7.618; ppl   2034.41 | accu 0.0794 = 7132/89820 ../data/adult_test.txt
[2022-04-10 16:07:53.383] End E015 |  test loss  5.021; ppl    151.53 | accu 0.2245 = 18260/81320 ../data/adolescent_valid.txt
[2022-04-10 16:07:59.004] End E015 |  test loss  4.564; ppl     96.00 | accu 0.2600 = 75314/289720 ../data/cbt_valid.txt
[2022-04-10 16:07:59.004] Epoch 016/40 ==================================================
[2022-04-10 16:08:03.235] E016 |   200/1533 batches | lr 2.5000 | loss  3.681 | ppl     39.70
[2022-04-10 16:08:07.441] E016 |   400/1533 batches | lr 2.5000 | loss  3.649 | ppl     38.44
[2022-04-10 16:08:11.652] E016 |   600/1533 batches | lr 2.5000 | loss  3.668 | ppl     39.17
[2022-04-10 16:08:15.847] E016 |   800/1533 batches | lr 2.5000 | loss  3.633 | ppl     37.84
[2022-04-10 16:08:20.064] E016 |  1000/1533 batches | lr 2.5000 | loss  3.571 | ppl     35.54
[2022-04-10 16:08:24.295] E016 |  1200/1533 batches | lr 2.5000 | loss  3.624 | ppl     37.50
[2022-04-10 16:08:28.555] E016 |  1400/1533 batches | lr 2.5000 | loss  3.587 | ppl     36.11
[2022-04-10 16:08:31.356] E016 |  1533/1533 batches | lr 2.5000 | loss  3.592 | ppl     36.29
[2022-04-10 16:08:38.432] End E016 | valid loss  4.662; ppl    105.85 | accu 0.2543 = 94365/371080
[2022-04-10 16:08:40.168] End E016 |  test loss  7.654; ppl   2109.88 | accu 0.0800 = 7182/89820 ../data/adult_test.txt
[2022-04-10 16:08:41.752] End E016 |  test loss  5.014; ppl    150.57 | accu 0.2268 = 18443/81320 ../data/adolescent_valid.txt
[2022-04-10 16:08:47.358] End E016 |  test loss  4.561; ppl     95.66 | accu 0.2620 = 75910/289720 ../data/cbt_valid.txt
[2022-04-10 16:08:47.359] Save: model.pt... 
[2022-04-10 16:08:47.399] Save: model.pt...Done. best_val_loss: 4.6620
[2022-04-10 16:08:47.399] Epoch 017/40 ==================================================
[2022-04-10 16:08:51.641] E017 |   200/1533 batches | lr 2.5000 | loss  3.657 | ppl     38.74
[2022-04-10 16:08:55.863] E017 |   400/1533 batches | lr 2.5000 | loss  3.622 | ppl     37.41
[2022-04-10 16:09:00.065] E017 |   600/1533 batches | lr 2.5000 | loss  3.648 | ppl     38.40
[2022-04-10 16:09:04.318] E017 |   800/1533 batches | lr 2.5000 | loss  3.615 | ppl     37.14
[2022-04-10 16:09:08.528] E017 |  1000/1533 batches | lr 2.5000 | loss  3.559 | ppl     35.12
[2022-04-10 16:09:12.749] E017 |  1200/1533 batches | lr 2.5000 | loss  3.609 | ppl     36.93
[2022-04-10 16:09:16.952] E017 |  1400/1533 batches | lr 2.5000 | loss  3.580 | ppl     35.89
[2022-04-10 16:09:19.745] E017 |  1533/1533 batches | lr 2.5000 | loss  3.583 | ppl     36.00
[2022-04-10 16:09:26.876] End E017 | valid loss  4.661; ppl    105.77 | accu 0.2546 = 94485/371080
[2022-04-10 16:09:28.613] End E017 |  test loss  7.651; ppl   2102.28 | accu 0.0806 = 7242/89820 ../data/adult_test.txt
[2022-04-10 16:09:30.199] End E017 |  test loss  5.011; ppl    150.05 | accu 0.2268 = 18443/81320 ../data/adolescent_valid.txt
[2022-04-10 16:09:35.811] End E017 |  test loss  4.561; ppl     95.70 | accu 0.2625 = 76039/289720 ../data/cbt_valid.txt
[2022-04-10 16:09:35.812] Save: model.pt... 
[2022-04-10 16:09:35.843] Save: model.pt...Done. best_val_loss: 4.6613
[2022-04-10 16:09:35.843] Epoch 018/40 ==================================================
[2022-04-10 16:09:40.060] E018 |   200/1533 batches | lr 2.5000 | loss  3.640 | ppl     38.10
[2022-04-10 16:09:44.229] E018 |   400/1533 batches | lr 2.5000 | loss  3.610 | ppl     36.96
[2022-04-10 16:09:48.453] E018 |   600/1533 batches | lr 2.5000 | loss  3.635 | ppl     37.91
[2022-04-10 16:09:52.669] E018 |   800/1533 batches | lr 2.5000 | loss  3.605 | ppl     36.79
[2022-04-10 16:09:56.921] E018 |  1000/1533 batches | lr 2.5000 | loss  3.549 | ppl     34.76
[2022-04-10 16:10:01.106] E018 |  1200/1533 batches | lr 2.5000 | loss  3.604 | ppl     36.73
[2022-04-10 16:10:05.312] E018 |  1400/1533 batches | lr 2.5000 | loss  3.576 | ppl     35.73
[2022-04-10 16:10:08.097] E018 |  1533/1533 batches | lr 2.5000 | loss  3.582 | ppl     35.94
[2022-04-10 16:10:15.198] End E018 | valid loss  4.660; ppl    105.59 | accu 0.2551 = 94673/371080
[2022-04-10 16:10:16.922] End E018 |  test loss  7.658; ppl   2116.90 | accu 0.0800 = 7187/89820 ../data/adult_test.txt
[2022-04-10 16:10:18.496] End E018 |  test loss  5.009; ppl    149.70 | accu 0.2277 = 18515/81320 ../data/adolescent_valid.txt
[2022-04-10 16:10:24.130] End E018 |  test loss  4.560; ppl     95.57 | accu 0.2628 = 76132/289720 ../data/cbt_valid.txt
[2022-04-10 16:10:24.130] Save: model.pt... 
[2022-04-10 16:10:24.171] Save: model.pt...Done. best_val_loss: 4.6596
[2022-04-10 16:10:24.171] Epoch 019/40 ==================================================
[2022-04-10 16:10:28.398] E019 |   200/1533 batches | lr 2.5000 | loss  3.627 | ppl     37.61
[2022-04-10 16:10:32.625] E019 |   400/1533 batches | lr 2.5000 | loss  3.598 | ppl     36.51
[2022-04-10 16:10:36.891] E019 |   600/1533 batches | lr 2.5000 | loss  3.625 | ppl     37.51
[2022-04-10 16:10:41.129] E019 |   800/1533 batches | lr 2.5000 | loss  3.596 | ppl     36.47
[2022-04-10 16:10:45.329] E019 |  1000/1533 batches | lr 2.5000 | loss  3.539 | ppl     34.42
[2022-04-10 16:10:49.601] E019 |  1200/1533 batches | lr 2.5000 | loss  3.591 | ppl     36.25
[2022-04-10 16:10:53.794] E019 |  1400/1533 batches | lr 2.5000 | loss  3.568 | ppl     35.45
[2022-04-10 16:10:56.665] E019 |  1533/1533 batches | lr 2.5000 | loss  3.579 | ppl     35.82
[2022-04-10 16:11:03.808] End E019 | valid loss  4.664; ppl    106.03 | accu 0.2554 = 94780/371080
[2022-04-10 16:11:05.558] End E019 |  test loss  7.666; ppl   2134.52 | accu 0.0796 = 7151/89820 ../data/adult_test.txt
[2022-04-10 16:11:07.141] End E019 |  test loss  5.013; ppl    150.34 | accu 0.2276 = 18510/81320 ../data/adolescent_valid.txt
[2022-04-10 16:11:12.742] End E019 |  test loss  4.563; ppl     95.85 | accu 0.2631 = 76234/289720 ../data/cbt_valid.txt
[2022-04-10 16:11:12.743] Epoch 020/40 ==================================================
[2022-04-10 16:11:16.965] E020 |   200/1533 batches | lr 1.2500 | loss  3.623 | ppl     37.45
[2022-04-10 16:11:21.169] E020 |   400/1533 batches | lr 1.2500 | loss  3.590 | ppl     36.22
[2022-04-10 16:11:25.426] E020 |   600/1533 batches | lr 1.2500 | loss  3.613 | ppl     37.06
[2022-04-10 16:11:29.629] E020 |   800/1533 batches | lr 1.2500 | loss  3.582 | ppl     35.95
[2022-04-10 16:11:33.853] E020 |  1000/1533 batches | lr 1.2500 | loss  3.518 | ppl     33.73
[2022-04-10 16:11:38.084] E020 |  1200/1533 batches | lr 1.2500 | loss  3.571 | ppl     35.56
[2022-04-10 16:11:42.390] E020 |  1400/1533 batches | lr 1.2500 | loss  3.544 | ppl     34.62
[2022-04-10 16:11:45.198] E020 |  1533/1533 batches | lr 1.2500 | loss  3.552 | ppl     34.87
[2022-04-10 16:11:52.344] End E020 | valid loss  4.663; ppl    105.90 | accu 0.2561 = 95049/371080
[2022-04-10 16:11:54.071] End E020 |  test loss  7.681; ppl   2166.29 | accu 0.0802 = 7203/89820 ../data/adult_test.txt
[2022-04-10 16:11:55.659] End E020 |  test loss  5.007; ppl    149.51 | accu 0.2285 = 18581/81320 ../data/adolescent_valid.txt
[2022-04-10 16:12:01.283] End E020 |  test loss  4.563; ppl     95.87 | accu 0.2639 = 76454/289720 ../data/cbt_valid.txt
[2022-04-10 16:12:01.283] Epoch 021/40 ==================================================
[2022-04-10 16:12:05.577] E021 |   200/1533 batches | lr 0.6250 | loss  3.613 | ppl     37.08
[2022-04-10 16:12:09.848] E021 |   400/1533 batches | lr 0.6250 | loss  3.581 | ppl     35.89
[2022-04-10 16:12:14.069] E021 |   600/1533 batches | lr 0.6250 | loss  3.604 | ppl     36.74
[2022-04-10 16:12:18.292] E021 |   800/1533 batches | lr 0.6250 | loss  3.572 | ppl     35.59
[2022-04-10 16:12:22.506] E021 |  1000/1533 batches | lr 0.6250 | loss  3.511 | ppl     33.48
[2022-04-10 16:12:26.718] E021 |  1200/1533 batches | lr 0.6250 | loss  3.561 | ppl     35.21
[2022-04-10 16:12:30.933] E021 |  1400/1533 batches | lr 0.6250 | loss  3.530 | ppl     34.13
[2022-04-10 16:12:33.726] E021 |  1533/1533 batches | lr 0.6250 | loss  3.533 | ppl     34.22
[2022-04-10 16:12:40.820] End E021 | valid loss  4.662; ppl    105.88 | accu 0.2567 = 95274/371080
[2022-04-10 16:12:42.554] End E021 |  test loss  7.676; ppl   2155.38 | accu 0.0793 = 7123/89820 ../data/adult_test.txt
[2022-04-10 16:12:44.121] End E021 |  test loss  5.009; ppl    149.68 | accu 0.2298 = 18687/81320 ../data/adolescent_valid.txt
[2022-04-10 16:12:49.729] End E021 |  test loss  4.562; ppl     95.80 | accu 0.2644 = 76615/289720 ../data/cbt_valid.txt
[2022-04-10 16:12:49.729] Epoch 022/40 ==================================================
[2022-04-10 16:12:53.975] E022 |   200/1533 batches | lr 0.3125 | loss  3.611 | ppl     37.01
[2022-04-10 16:12:58.212] E022 |   400/1533 batches | lr 0.3125 | loss  3.576 | ppl     35.73
[2022-04-10 16:13:02.443] E022 |   600/1533 batches | lr 0.3125 | loss  3.599 | ppl     36.55
[2022-04-10 16:13:06.667] E022 |   800/1533 batches | lr 0.3125 | loss  3.566 | ppl     35.36
[2022-04-10 16:13:10.871] E022 |  1000/1533 batches | lr 0.3125 | loss  3.504 | ppl     33.24
[2022-04-10 16:13:15.083] E022 |  1200/1533 batches | lr 0.3125 | loss  3.552 | ppl     34.89
[2022-04-10 16:13:19.268] E022 |  1400/1533 batches | lr 0.3125 | loss  3.523 | ppl     33.89
[2022-04-10 16:13:22.089] E022 |  1533/1533 batches | lr 0.3125 | loss  3.529 | ppl     34.07
[2022-04-10 16:13:29.228] End E022 | valid loss  4.662; ppl    105.88 | accu 0.2568 = 95307/371080
[2022-04-10 16:13:30.972] End E022 |  test loss  7.673; ppl   2149.11 | accu 0.0791 = 7102/89820 ../data/adult_test.txt
[2022-04-10 16:13:32.548] End E022 |  test loss  5.008; ppl    149.64 | accu 0.2297 = 18683/81320 ../data/adolescent_valid.txt
[2022-04-10 16:13:38.153] End E022 |  test loss  4.563; ppl     95.84 | accu 0.2645 = 76631/289720 ../data/cbt_valid.txt
[2022-04-10 16:13:38.153] Epoch 023/40 ==================================================
[2022-04-10 16:13:42.370] E023 |   200/1533 batches | lr 0.1562 | loss  3.605 | ppl     36.78
[2022-04-10 16:13:46.560] E023 |   400/1533 batches | lr 0.1562 | loss  3.574 | ppl     35.67
[2022-04-10 16:13:50.818] E023 |   600/1533 batches | lr 0.1562 | loss  3.596 | ppl     36.46
[2022-04-10 16:13:55.074] E023 |   800/1533 batches | lr 0.1562 | loss  3.564 | ppl     35.31
[2022-04-10 16:13:59.274] E023 |  1000/1533 batches | lr 0.1562 | loss  3.498 | ppl     33.04
[2022-04-10 16:14:03.476] E023 |  1200/1533 batches | lr 0.1562 | loss  3.550 | ppl     34.81
[2022-04-10 16:14:07.685] E023 |  1400/1533 batches | lr 0.1562 | loss  3.521 | ppl     33.80
[2022-04-10 16:14:10.489] E023 |  1533/1533 batches | lr 0.1562 | loss  3.522 | ppl     33.86
[2022-04-10 16:14:17.561] End E023 | valid loss  4.662; ppl    105.87 | accu 0.2570 = 95371/371080
[2022-04-10 16:14:19.299] End E023 |  test loss  7.675; ppl   2153.31 | accu 0.0788 = 7076/89820 ../data/adult_test.txt
[2022-04-10 16:14:20.879] End E023 |  test loss  5.008; ppl    149.55 | accu 0.2305 = 18742/81320 ../data/adolescent_valid.txt
[2022-04-10 16:14:26.524] End E023 |  test loss  4.563; ppl     95.85 | accu 0.2645 = 76645/289720 ../data/cbt_valid.txt
[2022-04-10 16:14:26.524] Epoch 024/40 ==================================================
[2022-04-10 16:14:30.732] E024 |   200/1533 batches | lr 0.0781 | loss  3.602 | ppl     36.67
[2022-04-10 16:14:34.941] E024 |   400/1533 batches | lr 0.0781 | loss  3.573 | ppl     35.64
[2022-04-10 16:14:39.138] E024 |   600/1533 batches | lr 0.0781 | loss  3.591 | ppl     36.28
[2022-04-10 16:14:43.358] E024 |   800/1533 batches | lr 0.0781 | loss  3.555 | ppl     35.00
[2022-04-10 16:14:47.563] E024 |  1000/1533 batches | lr 0.0781 | loss  3.501 | ppl     33.14
[2022-04-10 16:14:51.818] E024 |  1200/1533 batches | lr 0.0781 | loss  3.550 | ppl     34.80
[2022-04-10 16:14:56.057] E024 |  1400/1533 batches | lr 0.0781 | loss  3.517 | ppl     33.68
[2022-04-10 16:14:58.849] E024 |  1533/1533 batches | lr 0.0781 | loss  3.519 | ppl     33.74
[2022-04-10 16:15:05.957] End E024 | valid loss  4.662; ppl    105.82 | accu 0.2571 = 95419/371080
[2022-04-10 16:15:07.680] End E024 |  test loss  7.672; ppl   2146.43 | accu 0.0787 = 7071/89820 ../data/adult_test.txt
[2022-04-10 16:15:09.241] End E024 |  test loss  5.007; ppl    149.45 | accu 0.2302 = 18722/81320 ../data/adolescent_valid.txt
[2022-04-10 16:15:14.834] End E024 |  test loss  4.562; ppl     95.82 | accu 0.2648 = 76719/289720 ../data/cbt_valid.txt
[2022-04-10 16:15:14.835] Epoch 025/40 ==================================================
[2022-04-10 16:15:19.051] E025 |   200/1533 batches | lr 0.0391 | loss  3.604 | ppl     36.73
[2022-04-10 16:15:23.278] E025 |   400/1533 batches | lr 0.0391 | loss  3.570 | ppl     35.50
[2022-04-10 16:15:27.497] E025 |   600/1533 batches | lr 0.0391 | loss  3.595 | ppl     36.41
[2022-04-10 16:15:31.694] E025 |   800/1533 batches | lr 0.0391 | loss  3.555 | ppl     35.00
[2022-04-10 16:15:35.897] E025 |  1000/1533 batches | lr 0.0391 | loss  3.502 | ppl     33.17
[2022-04-10 16:15:40.084] E025 |  1200/1533 batches | lr 0.0391 | loss  3.550 | ppl     34.83
[2022-04-10 16:15:44.287] E025 |  1400/1533 batches | lr 0.0391 | loss  3.515 | ppl     33.62
[2022-04-10 16:15:47.085] E025 |  1533/1533 batches | lr 0.0391 | loss  3.521 | ppl     33.81
[2022-04-10 16:15:54.173] End E025 | valid loss  4.661; ppl    105.77 | accu 0.2571 = 95401/371080
[2022-04-10 16:15:55.925] End E025 |  test loss  7.668; ppl   2138.90 | accu 0.0789 = 7085/89820 ../data/adult_test.txt
[2022-04-10 16:15:57.508] End E025 |  test loss  5.007; ppl    149.49 | accu 0.2303 = 18726/81320 ../data/adolescent_valid.txt
[2022-04-10 16:16:03.133] End E025 |  test loss  4.562; ppl     95.77 | accu 0.2648 = 76713/289720 ../data/cbt_valid.txt
[2022-04-10 16:16:03.133] Epoch 026/40 ==================================================
[2022-04-10 16:16:07.347] E026 |   200/1533 batches | lr 0.0195 | loss  3.598 | ppl     36.51
[2022-04-10 16:16:11.542] E026 |   400/1533 batches | lr 0.0195 | loss  3.573 | ppl     35.63
[2022-04-10 16:16:15.722] E026 |   600/1533 batches | lr 0.0195 | loss  3.594 | ppl     36.37
[2022-04-10 16:16:19.932] E026 |   800/1533 batches | lr 0.0195 | loss  3.561 | ppl     35.21
[2022-04-10 16:16:24.141] E026 |  1000/1533 batches | lr 0.0195 | loss  3.498 | ppl     33.05
[2022-04-10 16:16:28.365] E026 |  1200/1533 batches | lr 0.0195 | loss  3.545 | ppl     34.62
[2022-04-10 16:16:32.581] E026 |  1400/1533 batches | lr 0.0195 | loss  3.514 | ppl     33.60
[2022-04-10 16:16:35.389] E026 |  1533/1533 batches | lr 0.0195 | loss  3.521 | ppl     33.80
[2022-04-10 16:16:42.520] End E026 | valid loss  4.661; ppl    105.75 | accu 0.2570 = 95383/371080
[2022-04-10 16:16:44.263] End E026 |  test loss  7.667; ppl   2137.22 | accu 0.0788 = 7078/89820 ../data/adult_test.txt
[2022-04-10 16:16:45.855] End E026 |  test loss  5.007; ppl    149.44 | accu 0.2302 = 18721/81320 ../data/adolescent_valid.txt
[2022-04-10 16:16:51.465] End E026 |  test loss  4.562; ppl     95.75 | accu 0.2647 = 76702/289720 ../data/cbt_valid.txt
[2022-04-10 16:16:51.466] Epoch 027/40 ==================================================
[2022-04-10 16:16:55.704] E027 |   200/1533 batches | lr 0.0098 | loss  3.598 | ppl     36.51
[2022-04-10 16:16:59.908] E027 |   400/1533 batches | lr 0.0098 | loss  3.568 | ppl     35.45
[2022-04-10 16:17:04.147] E027 |   600/1533 batches | lr 0.0098 | loss  3.592 | ppl     36.31
[2022-04-10 16:17:08.360] E027 |   800/1533 batches | lr 0.0098 | loss  3.556 | ppl     35.01
[2022-04-10 16:17:12.586] E027 |  1000/1533 batches | lr 0.0098 | loss  3.495 | ppl     32.95
[2022-04-10 16:17:16.800] E027 |  1200/1533 batches | lr 0.0098 | loss  3.543 | ppl     34.59
[2022-04-10 16:17:21.018] E027 |  1400/1533 batches | lr 0.0098 | loss  3.517 | ppl     33.69
[2022-04-10 16:17:23.825] E027 |  1533/1533 batches | lr 0.0098 | loss  3.521 | ppl     33.80
[2022-04-10 16:17:30.955] End E027 | valid loss  4.661; ppl    105.75 | accu 0.2570 = 95361/371080
[2022-04-10 16:17:32.692] End E027 |  test loss  7.667; ppl   2136.88 | accu 0.0787 = 7068/89820 ../data/adult_test.txt
[2022-04-10 16:17:34.279] End E027 |  test loss  5.007; ppl    149.43 | accu 0.2302 = 18718/81320 ../data/adolescent_valid.txt
[2022-04-10 16:17:39.923] End E027 |  test loss  4.562; ppl     95.75 | accu 0.2647 = 76686/289720 ../data/cbt_valid.txt
[2022-04-10 16:17:39.923] Epoch 028/40 ==================================================
[2022-04-10 16:17:44.136] E028 |   200/1533 batches | lr 0.0049 | loss  3.598 | ppl     36.54
[2022-04-10 16:17:48.351] E028 |   400/1533 batches | lr 0.0049 | loss  3.567 | ppl     35.41
[2022-04-10 16:17:52.554] E028 |   600/1533 batches | lr 0.0049 | loss  3.590 | ppl     36.23
[2022-04-10 16:17:56.768] E028 |   800/1533 batches | lr 0.0049 | loss  3.556 | ppl     35.03
[2022-04-10 16:18:00.971] E028 |  1000/1533 batches | lr 0.0049 | loss  3.501 | ppl     33.15
[2022-04-10 16:18:05.213] E028 |  1200/1533 batches | lr 0.0049 | loss  3.552 | ppl     34.87
[2022-04-10 16:18:09.665] E028 |  1400/1533 batches | lr 0.0049 | loss  3.515 | ppl     33.63
[2022-04-10 16:18:12.459] E028 |  1533/1533 batches | lr 0.0049 | loss  3.517 | ppl     33.69
[2022-04-10 16:18:19.553] End E028 | valid loss  4.661; ppl    105.75 | accu 0.2570 = 95357/371080
[2022-04-10 16:18:21.295] End E028 |  test loss  7.667; ppl   2136.36 | accu 0.0787 = 7065/89820 ../data/adult_test.txt
[2022-04-10 16:18:22.871] End E028 |  test loss  5.007; ppl    149.42 | accu 0.2302 = 18718/81320 ../data/adolescent_valid.txt
[2022-04-10 16:18:28.477] End E028 |  test loss  4.562; ppl     95.75 | accu 0.2647 = 76689/289720 ../data/cbt_valid.txt
[2022-04-10 16:18:28.477] Epoch 029/40 ==================================================
[2022-04-10 16:18:32.695] E029 |   200/1533 batches | lr 0.0024 | loss  3.597 | ppl     36.50
[2022-04-10 16:18:36.890] E029 |   400/1533 batches | lr 0.0024 | loss  3.569 | ppl     35.47
[2022-04-10 16:18:41.102] E029 |   600/1533 batches | lr 0.0024 | loss  3.591 | ppl     36.26
[2022-04-10 16:18:45.306] E029 |   800/1533 batches | lr 0.0024 | loss  3.552 | ppl     34.90
[2022-04-10 16:18:49.496] E029 |  1000/1533 batches | lr 0.0024 | loss  3.499 | ppl     33.07
[2022-04-10 16:18:53.697] E029 |  1200/1533 batches | lr 0.0024 | loss  3.544 | ppl     34.62
[2022-04-10 16:18:57.906] E029 |  1400/1533 batches | lr 0.0024 | loss  3.516 | ppl     33.64
[2022-04-10 16:19:00.711] E029 |  1533/1533 batches | lr 0.0024 | loss  3.521 | ppl     33.81
[2022-04-10 16:19:07.794] End E029 | valid loss  4.661; ppl    105.75 | accu 0.2570 = 95354/371080
[2022-04-10 16:19:09.524] End E029 |  test loss  7.667; ppl   2136.24 | accu 0.0786 = 7064/89820 ../data/adult_test.txt
[2022-04-10 16:19:11.105] End E029 |  test loss  5.007; ppl    149.42 | accu 0.2301 = 18715/81320 ../data/adolescent_valid.txt
[2022-04-10 16:19:16.714] End E029 |  test loss  4.562; ppl     95.74 | accu 0.2647 = 76687/289720 ../data/cbt_valid.txt
[2022-04-10 16:19:16.715] Epoch 030/40 ==================================================
[2022-04-10 16:19:20.952] E030 |   200/1533 batches | lr 0.0012 | loss  3.598 | ppl     36.54
[2022-04-10 16:19:25.182] E030 |   400/1533 batches | lr 0.0012 | loss  3.567 | ppl     35.42
[2022-04-10 16:19:29.404] E030 |   600/1533 batches | lr 0.0012 | loss  3.593 | ppl     36.33
[2022-04-10 16:19:33.647] E030 |   800/1533 batches | lr 0.0012 | loss  3.559 | ppl     35.12
[2022-04-10 16:19:37.873] E030 |  1000/1533 batches | lr 0.0012 | loss  3.500 | ppl     33.12
[2022-04-10 16:19:42.092] E030 |  1200/1533 batches | lr 0.0012 | loss  3.546 | ppl     34.68
[2022-04-10 16:19:46.313] E030 |  1400/1533 batches | lr 0.0012 | loss  3.514 | ppl     33.57
[2022-04-10 16:19:49.121] E030 |  1533/1533 batches | lr 0.0012 | loss  3.520 | ppl     33.78
[2022-04-10 16:19:56.254] End E030 | valid loss  4.661; ppl    105.75 | accu 0.2570 = 95358/371080
[2022-04-10 16:19:57.995] End E030 |  test loss  7.667; ppl   2136.19 | accu 0.0786 = 7064/89820 ../data/adult_test.txt
[2022-04-10 16:19:59.576] End E030 |  test loss  5.007; ppl    149.42 | accu 0.2301 = 18713/81320 ../data/adolescent_valid.txt
[2022-04-10 16:20:05.401] End E030 |  test loss  4.562; ppl     95.74 | accu 0.2647 = 76692/289720 ../data/cbt_valid.txt
[2022-04-10 16:20:05.401] Epoch 031/40 ==================================================
[2022-04-10 16:20:09.603] E031 |   200/1533 batches | lr 0.0006 | loss  3.601 | ppl     36.65
[2022-04-10 16:20:13.804] E031 |   400/1533 batches | lr 0.0006 | loss  3.567 | ppl     35.43
[2022-04-10 16:20:18.014] E031 |   600/1533 batches | lr 0.0006 | loss  3.594 | ppl     36.39
[2022-04-10 16:20:22.234] E031 |   800/1533 batches | lr 0.0006 | loss  3.559 | ppl     35.13
[2022-04-10 16:20:26.447] E031 |  1000/1533 batches | lr 0.0006 | loss  3.497 | ppl     33.00
[2022-04-10 16:20:30.665] E031 |  1200/1533 batches | lr 0.0006 | loss  3.546 | ppl     34.68
[2022-04-10 16:20:34.879] E031 |  1400/1533 batches | lr 0.0006 | loss  3.514 | ppl     33.60
[2022-04-10 16:20:37.715] E031 |  1533/1533 batches | lr 0.0006 | loss  3.522 | ppl     33.85
[2022-04-10 16:20:44.871] End E031 | valid loss  4.661; ppl    105.75 | accu 0.2570 = 95358/371080
[2022-04-10 16:20:46.619] End E031 |  test loss  7.667; ppl   2136.14 | accu 0.0786 = 7064/89820 ../data/adult_test.txt
[2022-04-10 16:20:48.202] End E031 |  test loss  5.007; ppl    149.42 | accu 0.2301 = 18714/81320 ../data/adolescent_valid.txt
[2022-04-10 16:20:53.796] End E031 |  test loss  4.562; ppl     95.74 | accu 0.2647 = 76690/289720 ../data/cbt_valid.txt
[2022-04-10 16:20:53.796] Epoch 032/40 ==================================================
[2022-04-10 16:20:58.005] E032 |   200/1533 batches | lr 0.0003 | loss  3.602 | ppl     36.69
[2022-04-10 16:21:02.207] E032 |   400/1533 batches | lr 0.0003 | loss  3.572 | ppl     35.59
[2022-04-10 16:21:06.421] E032 |   600/1533 batches | lr 0.0003 | loss  3.594 | ppl     36.39
[2022-04-10 16:21:10.610] E032 |   800/1533 batches | lr 0.0003 | loss  3.558 | ppl     35.10
[2022-04-10 16:21:14.821] E032 |  1000/1533 batches | lr 0.0003 | loss  3.499 | ppl     33.07
[2022-04-10 16:21:19.041] E032 |  1200/1533 batches | lr 0.0003 | loss  3.544 | ppl     34.59
[2022-04-10 16:21:23.285] E032 |  1400/1533 batches | lr 0.0003 | loss  3.517 | ppl     33.67
[2022-04-10 16:21:26.083] E032 |  1533/1533 batches | lr 0.0003 | loss  3.522 | ppl     33.85
[2022-04-10 16:21:33.178] End E032 | valid loss  4.661; ppl    105.75 | accu 0.2570 = 95358/371080
[2022-04-10 16:21:34.924] End E032 |  test loss  7.667; ppl   2136.10 | accu 0.0786 = 7064/89820 ../data/adult_test.txt
[2022-04-10 16:21:36.522] End E032 |  test loss  5.007; ppl    149.42 | accu 0.2301 = 18714/81320 ../data/adolescent_valid.txt
[2022-04-10 16:21:42.179] End E032 |  test loss  4.562; ppl     95.74 | accu 0.2647 = 76692/289720 ../data/cbt_valid.txt
[2022-04-10 16:21:42.179] Epoch 033/40 ==================================================
[2022-04-10 16:21:46.378] E033 |   200/1533 batches | lr 0.0002 | loss  3.600 | ppl     36.62
[2022-04-10 16:21:50.595] E033 |   400/1533 batches | lr 0.0002 | loss  3.574 | ppl     35.67
[2022-04-10 16:21:54.794] E033 |   600/1533 batches | lr 0.0002 | loss  3.594 | ppl     36.40
[2022-04-10 16:21:59.022] E033 |   800/1533 batches | lr 0.0002 | loss  3.560 | ppl     35.17
[2022-04-10 16:22:03.226] E033 |  1000/1533 batches | lr 0.0002 | loss  3.494 | ppl     32.93
[2022-04-10 16:22:07.441] E033 |  1200/1533 batches | lr 0.0002 | loss  3.544 | ppl     34.59
[2022-04-10 16:22:11.646] E033 |  1400/1533 batches | lr 0.0002 | loss  3.517 | ppl     33.68
[2022-04-10 16:22:14.438] E033 |  1533/1533 batches | lr 0.0002 | loss  3.519 | ppl     33.75
[2022-04-10 16:22:21.567] End E033 | valid loss  4.661; ppl    105.75 | accu 0.2570 = 95360/371080
[2022-04-10 16:22:23.312] End E033 |  test loss  7.667; ppl   2136.09 | accu 0.0787 = 7065/89820 ../data/adult_test.txt
[2022-04-10 16:22:24.900] End E033 |  test loss  5.007; ppl    149.42 | accu 0.2301 = 18713/81320 ../data/adolescent_valid.txt
[2022-04-10 16:22:30.535] End E033 |  test loss  4.562; ppl     95.74 | accu 0.2647 = 76694/289720 ../data/cbt_valid.txt
[2022-04-10 16:22:30.535] Epoch 034/40 ==================================================
[2022-04-10 16:22:34.757] E034 |   200/1533 batches | lr 0.0001 | loss  3.598 | ppl     36.54
[2022-04-10 16:22:38.958] E034 |   400/1533 batches | lr 0.0001 | loss  3.570 | ppl     35.50
[2022-04-10 16:22:43.203] E034 |   600/1533 batches | lr 0.0001 | loss  3.593 | ppl     36.33
[2022-04-10 16:22:47.421] E034 |   800/1533 batches | lr 0.0001 | loss  3.557 | ppl     35.06
[2022-04-10 16:22:51.642] E034 |  1000/1533 batches | lr 0.0001 | loss  3.496 | ppl     32.98
[2022-04-10 16:22:55.855] E034 |  1200/1533 batches | lr 0.0001 | loss  3.548 | ppl     34.73
[2022-04-10 16:23:00.087] E034 |  1400/1533 batches | lr 0.0001 | loss  3.514 | ppl     33.59
[2022-04-10 16:23:02.910] E034 |  1533/1533 batches | lr 0.0001 | loss  3.516 | ppl     33.64
[2022-04-10 16:23:09.995] End E034 | valid loss  4.661; ppl    105.75 | accu 0.2570 = 95359/371080
[2022-04-10 16:23:11.736] End E034 |  test loss  7.667; ppl   2136.10 | accu 0.0787 = 7065/89820 ../data/adult_test.txt
[2022-04-10 16:23:13.308] End E034 |  test loss  5.007; ppl    149.42 | accu 0.2301 = 18713/81320 ../data/adolescent_valid.txt
[2022-04-10 16:23:18.905] End E034 |  test loss  4.562; ppl     95.74 | accu 0.2647 = 76692/289720 ../data/cbt_valid.txt
[2022-04-10 16:23:18.905] Epoch 035/40 ==================================================
[2022-04-10 16:23:23.123] E035 |   200/1533 batches | lr 0.0000 | loss  3.600 | ppl     36.61
[2022-04-10 16:23:27.335] E035 |   400/1533 batches | lr 0.0000 | loss  3.566 | ppl     35.39
[2022-04-10 16:23:31.540] E035 |   600/1533 batches | lr 0.0000 | loss  3.599 | ppl     36.56
[2022-04-10 16:23:35.743] E035 |   800/1533 batches | lr 0.0000 | loss  3.554 | ppl     34.96
[2022-04-10 16:23:39.940] E035 |  1000/1533 batches | lr 0.0000 | loss  3.497 | ppl     33.00
[2022-04-10 16:23:44.145] E035 |  1200/1533 batches | lr 0.0000 | loss  3.546 | ppl     34.67
[2022-04-10 16:23:48.347] E035 |  1400/1533 batches | lr 0.0000 | loss  3.518 | ppl     33.72
[2022-04-10 16:23:51.135] E035 |  1533/1533 batches | lr 0.0000 | loss  3.517 | ppl     33.70
[2022-04-10 16:23:58.265] End E035 | valid loss  4.661; ppl    105.75 | accu 0.2570 = 95357/371080
[2022-04-10 16:24:00.012] End E035 |  test loss  7.667; ppl   2136.10 | accu 0.0787 = 7065/89820 ../data/adult_test.txt
[2022-04-10 16:24:01.598] End E035 |  test loss  5.007; ppl    149.42 | accu 0.2301 = 18713/81320 ../data/adolescent_valid.txt
[2022-04-10 16:24:07.223] End E035 |  test loss  4.562; ppl     95.74 | accu 0.2647 = 76689/289720 ../data/cbt_valid.txt
[2022-04-10 16:24:07.223] Epoch 036/40 ==================================================
[2022-04-10 16:24:11.476] E036 |   200/1533 batches | lr 0.0000 | loss  3.598 | ppl     36.52
[2022-04-10 16:24:15.681] E036 |   400/1533 batches | lr 0.0000 | loss  3.570 | ppl     35.51
[2022-04-10 16:24:19.912] E036 |   600/1533 batches | lr 0.0000 | loss  3.590 | ppl     36.24
[2022-04-10 16:24:24.108] E036 |   800/1533 batches | lr 0.0000 | loss  3.560 | ppl     35.17
[2022-04-10 16:24:28.667] E036 |  1000/1533 batches | lr 0.0000 | loss  3.498 | ppl     33.04
[2022-04-10 16:24:32.852] E036 |  1200/1533 batches | lr 0.0000 | loss  3.545 | ppl     34.63
[2022-04-10 16:24:37.053] E036 |  1400/1533 batches | lr 0.0000 | loss  3.516 | ppl     33.64
[2022-04-10 16:24:39.839] E036 |  1533/1533 batches | lr 0.0000 | loss  3.518 | ppl     33.71
[2022-04-10 16:24:46.923] End E036 | valid loss  4.661; ppl    105.75 | accu 0.2570 = 95357/371080
[2022-04-10 16:24:48.660] End E036 |  test loss  7.667; ppl   2136.11 | accu 0.0787 = 7065/89820 ../data/adult_test.txt
[2022-04-10 16:24:50.254] End E036 |  test loss  5.007; ppl    149.42 | accu 0.2301 = 18714/81320 ../data/adolescent_valid.txt
[2022-04-10 16:24:55.876] End E036 |  test loss  4.562; ppl     95.74 | accu 0.2647 = 76690/289720 ../data/cbt_valid.txt
[2022-04-10 16:24:55.877] Epoch 037/40 ==================================================
[2022-04-10 16:25:00.108] E037 |   200/1533 batches | lr 0.0000 | loss  3.600 | ppl     36.61
[2022-04-10 16:25:04.314] E037 |   400/1533 batches | lr 0.0000 | loss  3.569 | ppl     35.50
[2022-04-10 16:25:08.515] E037 |   600/1533 batches | lr 0.0000 | loss  3.593 | ppl     36.35
[2022-04-10 16:25:12.778] E037 |   800/1533 batches | lr 0.0000 | loss  3.558 | ppl     35.10
[2022-04-10 16:25:16.985] E037 |  1000/1533 batches | lr 0.0000 | loss  3.500 | ppl     33.12
[2022-04-10 16:25:21.208] E037 |  1200/1533 batches | lr 0.0000 | loss  3.546 | ppl     34.66
[2022-04-10 16:25:25.416] E037 |  1400/1533 batches | lr 0.0000 | loss  3.515 | ppl     33.62
[2022-04-10 16:25:28.222] E037 |  1533/1533 batches | lr 0.0000 | loss  3.513 | ppl     33.56
[2022-04-10 16:25:35.382] End E037 | valid loss  4.661; ppl    105.75 | accu 0.2570 = 95357/371080
[2022-04-10 16:25:37.117] End E037 |  test loss  7.667; ppl   2136.11 | accu 0.0787 = 7065/89820 ../data/adult_test.txt
[2022-04-10 16:25:38.698] End E037 |  test loss  5.007; ppl    149.42 | accu 0.2301 = 18714/81320 ../data/adolescent_valid.txt
[2022-04-10 16:25:44.319] End E037 |  test loss  4.562; ppl     95.74 | accu 0.2647 = 76690/289720 ../data/cbt_valid.txt
[2022-04-10 16:25:44.319] Epoch 038/40 ==================================================
[2022-04-10 16:25:48.562] E038 |   200/1533 batches | lr 0.0000 | loss  3.600 | ppl     36.62
[2022-04-10 16:25:52.759] E038 |   400/1533 batches | lr 0.0000 | loss  3.572 | ppl     35.57
[2022-04-10 16:25:56.949] E038 |   600/1533 batches | lr 0.0000 | loss  3.590 | ppl     36.22
[2022-04-10 16:26:01.133] E038 |   800/1533 batches | lr 0.0000 | loss  3.559 | ppl     35.12
[2022-04-10 16:26:05.328] E038 |  1000/1533 batches | lr 0.0000 | loss  3.498 | ppl     33.05
[2022-04-10 16:26:09.503] E038 |  1200/1533 batches | lr 0.0000 | loss  3.546 | ppl     34.68
[2022-04-10 16:26:13.694] E038 |  1400/1533 batches | lr 0.0000 | loss  3.517 | ppl     33.68
[2022-04-10 16:26:16.511] E038 |  1533/1533 batches | lr 0.0000 | loss  3.516 | ppl     33.64
[2022-04-10 16:26:23.622] End E038 | valid loss  4.661; ppl    105.75 | accu 0.2570 = 95357/371080
[2022-04-10 16:26:25.374] End E038 |  test loss  7.667; ppl   2136.11 | accu 0.0787 = 7065/89820 ../data/adult_test.txt
[2022-04-10 16:26:26.945] End E038 |  test loss  5.007; ppl    149.42 | accu 0.2301 = 18714/81320 ../data/adolescent_valid.txt
[2022-04-10 16:26:32.563] End E038 |  test loss  4.562; ppl     95.74 | accu 0.2647 = 76690/289720 ../data/cbt_valid.txt
[2022-04-10 16:26:32.563] Epoch 039/40 ==================================================
[2022-04-10 16:26:36.803] E039 |   200/1533 batches | lr 0.0000 | loss  3.600 | ppl     36.61
[2022-04-10 16:26:41.017] E039 |   400/1533 batches | lr 0.0000 | loss  3.569 | ppl     35.49
[2022-04-10 16:26:45.229] E039 |   600/1533 batches | lr 0.0000 | loss  3.593 | ppl     36.34
[2022-04-10 16:26:49.432] E039 |   800/1533 batches | lr 0.0000 | loss  3.557 | ppl     35.07
[2022-04-10 16:26:53.701] E039 |  1000/1533 batches | lr 0.0000 | loss  3.500 | ppl     33.10
[2022-04-10 16:26:57.917] E039 |  1200/1533 batches | lr 0.0000 | loss  3.546 | ppl     34.66
[2022-04-10 16:27:02.124] E039 |  1400/1533 batches | lr 0.0000 | loss  3.517 | ppl     33.67
[2022-04-10 16:27:04.918] E039 |  1533/1533 batches | lr 0.0000 | loss  3.520 | ppl     33.79
[2022-04-10 16:27:12.020] End E039 | valid loss  4.661; ppl    105.75 | accu 0.2570 = 95357/371080
[2022-04-10 16:27:13.752] End E039 |  test loss  7.667; ppl   2136.11 | accu 0.0787 = 7065/89820 ../data/adult_test.txt
[2022-04-10 16:27:15.328] End E039 |  test loss  5.007; ppl    149.42 | accu 0.2301 = 18714/81320 ../data/adolescent_valid.txt
[2022-04-10 16:27:20.950] End E039 |  test loss  4.562; ppl     95.74 | accu 0.2647 = 76690/289720 ../data/cbt_valid.txt
[2022-04-10 16:27:20.950] Epoch 040/40 ==================================================
[2022-04-10 16:27:25.188] E040 |   200/1533 batches | lr 0.0000 | loss  3.601 | ppl     36.62
[2022-04-10 16:27:29.378] E040 |   400/1533 batches | lr 0.0000 | loss  3.569 | ppl     35.49
[2022-04-10 16:27:33.587] E040 |   600/1533 batches | lr 0.0000 | loss  3.590 | ppl     36.23
[2022-04-10 16:27:37.792] E040 |   800/1533 batches | lr 0.0000 | loss  3.554 | ppl     34.94
[2022-04-10 16:27:41.993] E040 |  1000/1533 batches | lr 0.0000 | loss  3.501 | ppl     33.15
[2022-04-10 16:27:46.216] E040 |  1200/1533 batches | lr 0.0000 | loss  3.546 | ppl     34.69
[2022-04-10 16:27:50.431] E040 |  1400/1533 batches | lr 0.0000 | loss  3.515 | ppl     33.62
[2022-04-10 16:27:53.228] E040 |  1533/1533 batches | lr 0.0000 | loss  3.518 | ppl     33.73
[2022-04-10 16:28:00.371] End E040 | valid loss  4.661; ppl    105.75 | accu 0.2570 = 95357/371080
[2022-04-10 16:28:02.100] End E040 |  test loss  7.667; ppl   2136.11 | accu 0.0787 = 7065/89820 ../data/adult_test.txt
[2022-04-10 16:28:03.684] End E040 |  test loss  5.007; ppl    149.42 | accu 0.2301 = 18714/81320 ../data/adolescent_valid.txt
[2022-04-10 16:28:09.276] End E040 |  test loss  4.562; ppl     95.74 | accu 0.2647 = 76690/289720 ../data/cbt_valid.txt
[2022-04-10 16:28:11.031] End. test loss  7.66; ppl  2116.90 | accu 0.0800 = 7187/89820 ../data/adult_test.txt
[2022-04-10 16:28:12.601] End. test loss  5.01; ppl   149.70 | accu 0.2277 = 18515/81320 ../data/adolescent_valid.txt
[2022-04-10 16:28:18.203] End. test loss  4.56; ppl    95.57 | accu 0.2628 = 76132/289720 ../data/cbt_valid.txt
[2022-04-10 16:28:18.203] =========================================================================================
