[2022-04-10 12:16:12.118] corpus.train_file_list: 2
[2022-04-10 12:16:12.118]         ../data/cbt_train.txt
[2022-04-10 12:16:12.118]         ../data/adolescent_train.txt
[2022-04-10 12:16:12.118] corpus.valid_file_list: 2
[2022-04-10 12:16:12.118]         ../data/cbt_valid.txt
[2022-04-10 12:16:12.118]         ../data/adolescent_valid.txt
[2022-04-10 12:16:12.119] corpus.test_file_list: 3
[2022-04-10 12:16:12.119]         ../data/adult_test.txt
[2022-04-10 12:16:12.119]         ../data/adolescent_valid.txt
[2022-04-10 12:16:12.119]         ../data/cbt_valid.txt
[2022-04-10 12:16:12.119] corpus.subword_vocab_size: 0
[2022-04-10 12:16:12.119] corpus.subword_model = None. Corpus will not use subword.
[2022-04-10 12:16:12.119] corpus tokenize...
[2022-04-10 12:16:13.045]         train tokens: 732483  ../data/cbt_train.txt
[2022-04-10 12:16:13.518]         train tokens: 241771  ../data/adolescent_train.txt
[2022-04-10 12:16:13.879]         valid tokens: 269037  ../data/cbt_valid.txt
[2022-04-10 12:16:13.996]         valid tokens:  64138  ../data/adolescent_valid.txt
[2022-04-10 12:16:14.074]         test  tokens:  60655  ../data/adult_test.txt
[2022-04-10 12:16:14.191]         test  tokens:  64138  ../data/adolescent_valid.txt
[2022-04-10 12:16:14.553]         test  tokens: 269037  ../data/cbt_valid.txt
[2022-04-10 12:16:14.554] corpus.ntokens      : 48249
[2022-04-10 12:16:14.554] corpus.char_count   : 105
[2022-04-10 12:16:14.554] corpus.char_cnt_dict: 105
[2022-04-10 12:16:14.554] corpus.char_id_dict : 105
[2022-04-10 12:16:14.566] corpus.batchify(2 files, batch_size=20)...
[2022-04-10 12:16:14.566]         tokens_all: 974254
[2022-04-10 12:16:14.566]         batched   :  48712
[2022-04-10 12:16:14.566]         ../data/cbt_train.txt
[2022-04-10 12:16:14.566]         ../data/adolescent_train.txt
[2022-04-10 12:16:16.422] corpus.batchify(2 files, batch_size=20)...
[2022-04-10 12:16:16.422]         tokens_all: 333175
[2022-04-10 12:16:16.422]         batched   :  16658
[2022-04-10 12:16:16.422]         ../data/cbt_valid.txt
[2022-04-10 12:16:16.422]         ../data/adolescent_valid.txt
[2022-04-10 12:16:16.424] corpus.batchify(1 files, batch_size=20)...
[2022-04-10 12:16:16.424]         tokens_all:  60655
[2022-04-10 12:16:16.424]         batched   :   3032
[2022-04-10 12:16:16.424]         ../data/adult_test.txt
[2022-04-10 12:16:16.425] corpus.batchify(1 files, batch_size=20)...
[2022-04-10 12:16:16.425]         tokens_all:  64138
[2022-04-10 12:16:16.426]         batched   :   3206
[2022-04-10 12:16:16.426]         ../data/adolescent_valid.txt
[2022-04-10 12:16:16.428] corpus.batchify(1 files, batch_size=20)...
[2022-04-10 12:16:16.428]         tokens_all: 269037
[2022-04-10 12:16:16.428]         batched   :  13451
[2022-04-10 12:16:16.428]         ../data/cbt_valid.txt
[2022-04-10 12:16:16.789] RNNModel.rnn_type: LSTM
[2022-04-10 12:16:16.789] RNNModel.ntoken  : 48249
[2022-04-10 12:16:16.789] RNNModel.ninp    : 200
[2022-04-10 12:16:16.789] RNNModel.nhid    : 200
[2022-04-10 12:16:16.789] RNNModel.nlayers : 2
[2022-04-10 12:16:16.789] RNNModel.dropout : 0.2
[2022-04-10 12:16:16.789] RNNModel.tie_weights: False
[2022-04-10 12:16:16.789] RNNModel.char_mode  : CNN
[2022-04-10 12:16:16.789] RNNModel.char_cnt   : 106
[2022-04-10 12:16:16.789] RNNModel.char_emsize: 25
[2022-04-10 12:16:16.789] RNNModel.char_nhid  : 200
[2022-04-10 12:16:16.790] RNNModel.char_embeds: created
[2022-04-10 12:16:16.790] RNNModel.char_cnn3  : created
[2022-04-10 12:16:16.982] Epoch 001/40 ==================================================
[2022-04-10 12:16:27.934] E001 |   200/1391 batches | lr 20.0000 | loss  7.373 | ppl   1592.92
[2022-04-10 12:16:38.863] E001 |   400/1391 batches | lr 20.0000 | loss  6.159 | ppl    472.85
[2022-04-10 12:16:50.397] E001 |   600/1391 batches | lr 20.0000 | loss  5.622 | ppl    276.30
[2022-04-10 12:17:01.389] E001 |   800/1391 batches | lr 20.0000 | loss  5.369 | ppl    214.71
[2022-04-10 12:17:12.380] E001 |  1000/1391 batches | lr 20.0000 | loss  5.227 | ppl    186.16
[2022-04-10 12:17:23.286] E001 |  1200/1391 batches | lr 20.0000 | loss  5.077 | ppl    160.28
[2022-04-10 12:17:34.597] E001 |  1391/1391 batches | lr 20.0000 | loss  5.096 | ppl    163.37
[2022-04-10 12:17:45.591] End E001 | valid loss  5.293; ppl    198.88 | accu 0.1887 = 62874/333140
[2022-04-10 12:17:47.598] End E001 |  test loss  8.781; ppl   6506.45 | accu 0.0397 = 2405/60620 ../data/adult_test.txt
[2022-04-10 12:17:49.703] End E001 |  test loss  6.138; ppl    463.04 | accu 0.1854 = 11881/64100 ../data/adolescent_valid.txt
[2022-04-10 12:17:58.583] End E001 |  test loss  5.092; ppl    162.79 | accu 0.1893 = 50912/269000 ../data/cbt_valid.txt
[2022-04-10 12:17:58.583] Save: model.pt... 
[2022-04-10 12:17:58.896] Save: model.pt...Done. best_val_loss: 5.2927
[2022-04-10 12:17:58.897] Epoch 002/40 ==================================================
[2022-04-10 12:18:09.905] E002 |   200/1391 batches | lr 20.0000 | loss  4.995 | ppl    147.71
[2022-04-10 12:18:20.905] E002 |   400/1391 batches | lr 20.0000 | loss  4.918 | ppl    136.74
[2022-04-10 12:18:31.867] E002 |   600/1391 batches | lr 20.0000 | loss  4.857 | ppl    128.63
[2022-04-10 12:18:42.880] E002 |   800/1391 batches | lr 20.0000 | loss  4.810 | ppl    122.73
[2022-04-10 12:18:54.367] E002 |  1000/1391 batches | lr 20.0000 | loss  4.772 | ppl    118.16
[2022-04-10 12:19:06.248] E002 |  1200/1391 batches | lr 20.0000 | loss  4.686 | ppl    108.47
[2022-04-10 12:19:17.687] E002 |  1391/1391 batches | lr 20.0000 | loss  4.744 | ppl    114.90
[2022-04-10 12:19:27.948] End E002 | valid loss  5.104; ppl    164.70 | accu 0.2128 = 70885/333140
[2022-04-10 12:19:29.692] End E002 |  test loss  8.856; ppl   7016.94 | accu 0.0548 = 3325/60620 ../data/adult_test.txt
[2022-04-10 12:19:31.538] End E002 |  test loss  6.016; ppl    409.80 | accu 0.1893 = 12132/64100 ../data/adolescent_valid.txt
[2022-04-10 12:19:39.174] End E002 |  test loss  4.891; ppl    133.15 | accu 0.2178 = 58597/269000 ../data/cbt_valid.txt
[2022-04-10 12:19:39.174] Save: model.pt... 
[2022-04-10 12:19:39.470] Save: model.pt...Done. best_val_loss: 5.1041
[2022-04-10 12:19:39.470] Epoch 003/40 ==================================================
[2022-04-10 12:19:50.309] E003 |   200/1391 batches | lr 20.0000 | loss  4.700 | ppl    109.93
[2022-04-10 12:20:01.193] E003 |   400/1391 batches | lr 20.0000 | loss  4.652 | ppl    104.80
[2022-04-10 12:20:12.075] E003 |   600/1391 batches | lr 20.0000 | loss  4.618 | ppl    101.28
[2022-04-10 12:20:23.000] E003 |   800/1391 batches | lr 20.0000 | loss  4.583 | ppl     97.86
[2022-04-10 12:20:33.946] E003 |  1000/1391 batches | lr 20.0000 | loss  4.566 | ppl     96.14
[2022-04-10 12:20:44.909] E003 |  1200/1391 batches | lr 20.0000 | loss  4.499 | ppl     89.93
[2022-04-10 12:20:55.384] E003 |  1391/1391 batches | lr 20.0000 | loss  4.564 | ppl     95.96
[2022-04-10 12:21:05.037] End E003 | valid loss  5.048; ppl    155.76 | accu 0.2190 = 72951/333140
[2022-04-10 12:21:06.805] End E003 |  test loss  8.684; ppl   5906.97 | accu 0.0724 = 4386/60620 ../data/adult_test.txt
[2022-04-10 12:21:08.642] End E003 |  test loss  5.981; ppl    395.82 | accu 0.1897 = 12159/64100 ../data/adolescent_valid.txt
[2022-04-10 12:21:16.396] End E003 |  test loss  4.828; ppl    125.02 | accu 0.2256 = 60673/269000 ../data/cbt_valid.txt
[2022-04-10 12:21:16.396] Save: model.pt... 
[2022-04-10 12:21:16.701] Save: model.pt...Done. best_val_loss: 5.0483
[2022-04-10 12:21:16.701] Epoch 004/40 ==================================================
[2022-04-10 12:21:27.747] E004 |   200/1391 batches | lr 20.0000 | loss  4.533 | ppl     93.04
[2022-04-10 12:21:38.751] E004 |   400/1391 batches | lr 20.0000 | loss  4.492 | ppl     89.31
[2022-04-10 12:21:49.726] E004 |   600/1391 batches | lr 20.0000 | loss  4.473 | ppl     87.60
[2022-04-10 12:22:00.627] E004 |   800/1391 batches | lr 20.0000 | loss  4.445 | ppl     85.23
[2022-04-10 12:22:11.559] E004 |  1000/1391 batches | lr 20.0000 | loss  4.437 | ppl     84.52
[2022-04-10 12:22:23.417] E004 |  1200/1391 batches | lr 20.0000 | loss  4.373 | ppl     79.31
[2022-04-10 12:22:34.909] E004 |  1391/1391 batches | lr 20.0000 | loss  4.437 | ppl     84.54
[2022-04-10 12:22:45.983] End E004 | valid loss  4.982; ppl    145.82 | accu 0.2242 = 74700/333140
[2022-04-10 12:22:47.991] End E004 |  test loss  8.606; ppl   5465.64 | accu 0.0775 = 4699/60620 ../data/adult_test.txt
[2022-04-10 12:22:50.146] End E004 |  test loss  5.881; ppl    358.28 | accu 0.2020 = 12945/64100 ../data/adolescent_valid.txt
[2022-04-10 12:22:58.964] End E004 |  test loss  4.768; ppl    117.73 | accu 0.2294 = 61721/269000 ../data/cbt_valid.txt
[2022-04-10 12:22:58.965] Save: model.pt... 
[2022-04-10 12:22:59.257] Save: model.pt...Done. best_val_loss: 4.9824
[2022-04-10 12:22:59.257] Epoch 005/40 ==================================================
[2022-04-10 12:23:10.377] E005 |   200/1391 batches | lr 20.0000 | loss  4.416 | ppl     82.78
[2022-04-10 12:23:21.439] E005 |   400/1391 batches | lr 20.0000 | loss  4.378 | ppl     79.71
[2022-04-10 12:23:32.470] E005 |   600/1391 batches | lr 20.0000 | loss  4.369 | ppl     78.94
[2022-04-10 12:23:43.447] E005 |   800/1391 batches | lr 20.0000 | loss  4.336 | ppl     76.43
[2022-04-10 12:23:54.356] E005 |  1000/1391 batches | lr 20.0000 | loss  4.333 | ppl     76.21
[2022-04-10 12:24:05.742] E005 |  1200/1391 batches | lr 20.0000 | loss  4.274 | ppl     71.82
[2022-04-10 12:24:16.211] E005 |  1391/1391 batches | lr 20.0000 | loss  4.341 | ppl     76.76
[2022-04-10 12:24:26.027] End E005 | valid loss  4.972; ppl    144.29 | accu 0.2273 = 75715/333140
[2022-04-10 12:24:27.792] End E005 |  test loss  8.636; ppl   5628.38 | accu 0.0829 = 5024/60620 ../data/adult_test.txt
[2022-04-10 12:24:29.641] End E005 |  test loss  5.896; ppl    363.60 | accu 0.2009 = 12876/64100 ../data/adolescent_valid.txt
[2022-04-10 12:24:37.296] End E005 |  test loss  4.752; ppl    115.81 | accu 0.2334 = 62782/269000 ../data/cbt_valid.txt
[2022-04-10 12:24:37.297] Save: model.pt... 
[2022-04-10 12:24:37.593] Save: model.pt...Done. best_val_loss: 4.9718
[2022-04-10 12:24:37.593] Epoch 006/40 ==================================================
[2022-04-10 12:24:48.495] E006 |   200/1391 batches | lr 20.0000 | loss  4.325 | ppl     75.54
[2022-04-10 12:24:59.424] E006 |   400/1391 batches | lr 20.0000 | loss  4.288 | ppl     72.85
[2022-04-10 12:25:10.324] E006 |   600/1391 batches | lr 20.0000 | loss  4.281 | ppl     72.28
[2022-04-10 12:25:21.325] E006 |   800/1391 batches | lr 20.0000 | loss  4.257 | ppl     70.58
[2022-04-10 12:25:32.262] E006 |  1000/1391 batches | lr 20.0000 | loss  4.252 | ppl     70.24
[2022-04-10 12:25:43.301] E006 |  1200/1391 batches | lr 20.0000 | loss  4.198 | ppl     66.53
[2022-04-10 12:25:53.808] E006 |  1391/1391 batches | lr 20.0000 | loss  4.267 | ppl     71.33
[2022-04-10 12:26:04.758] End E006 | valid loss  4.946; ppl    140.58 | accu 0.2325 = 77449/333140
[2022-04-10 12:26:06.716] End E006 |  test loss  8.711; ppl   6066.33 | accu 0.0795 = 4817/60620 ../data/adult_test.txt
[2022-04-10 12:26:08.799] End E006 |  test loss  5.836; ppl    342.44 | accu 0.2143 = 13734/64100 ../data/adolescent_valid.txt
[2022-04-10 12:26:17.541] End E006 |  test loss  4.734; ppl    113.77 | accu 0.2368 = 63708/269000 ../data/cbt_valid.txt
[2022-04-10 12:26:17.542] Save: model.pt... 
[2022-04-10 12:26:17.843] Save: model.pt...Done. best_val_loss: 4.9458
[2022-04-10 12:26:17.843] Epoch 007/40 ==================================================
[2022-04-10 12:26:29.914] E007 |   200/1391 batches | lr 20.0000 | loss  4.250 | ppl     70.07
[2022-04-10 12:26:41.923] E007 |   400/1391 batches | lr 20.0000 | loss  4.214 | ppl     67.61
[2022-04-10 12:26:53.057] E007 |   600/1391 batches | lr 20.0000 | loss  4.207 | ppl     67.13
[2022-04-10 12:27:04.026] E007 |   800/1391 batches | lr 20.0000 | loss  4.184 | ppl     65.66
[2022-04-10 12:27:15.009] E007 |  1000/1391 batches | lr 20.0000 | loss  4.189 | ppl     65.98
[2022-04-10 12:27:26.083] E007 |  1200/1391 batches | lr 20.0000 | loss  4.128 | ppl     62.05
[2022-04-10 12:27:35.942] E007 |  1391/1391 batches | lr 20.0000 | loss  4.202 | ppl     66.81
[2022-04-10 12:27:45.761] End E007 | valid loss  4.949; ppl    141.01 | accu 0.2323 = 77392/333140
[2022-04-10 12:27:47.510] End E007 |  test loss  8.759; ppl   6369.46 | accu 0.0787 = 4768/60620 ../data/adult_test.txt
[2022-04-10 12:27:49.335] End E007 |  test loss  5.835; ppl    341.92 | accu 0.2117 = 13572/64100 ../data/adolescent_valid.txt
[2022-04-10 12:27:57.054] End E007 |  test loss  4.738; ppl    114.23 | accu 0.2371 = 63774/269000 ../data/cbt_valid.txt
[2022-04-10 12:27:57.055] Epoch 008/40 ==================================================
[2022-04-10 12:28:08.052] E008 |   200/1391 batches | lr 10.0000 | loss  4.132 | ppl     62.28
[2022-04-10 12:28:19.046] E008 |   400/1391 batches | lr 10.0000 | loss  4.074 | ppl     58.81
[2022-04-10 12:28:30.066] E008 |   600/1391 batches | lr 10.0000 | loss  4.051 | ppl     57.44
[2022-04-10 12:28:41.071] E008 |   800/1391 batches | lr 10.0000 | loss  4.014 | ppl     55.38
[2022-04-10 12:28:52.048] E008 |  1000/1391 batches | lr 10.0000 | loss  4.000 | ppl     54.59
[2022-04-10 12:29:03.559] E008 |  1200/1391 batches | lr 10.0000 | loss  3.938 | ppl     51.30
[2022-04-10 12:29:15.022] E008 |  1391/1391 batches | lr 10.0000 | loss  3.992 | ppl     54.16
[2022-04-10 12:29:24.738] End E008 | valid loss  4.900; ppl    134.36 | accu 0.2431 = 80982/333140
[2022-04-10 12:29:26.505] End E008 |  test loss  8.940; ppl   7633.54 | accu 0.0785 = 4757/60620 ../data/adult_test.txt
[2022-04-10 12:29:28.427] End E008 |  test loss  5.803; ppl    331.46 | accu 0.2226 = 14267/64100 ../data/adolescent_valid.txt
[2022-04-10 12:29:36.347] End E008 |  test loss  4.684; ppl    108.17 | accu 0.2479 = 66693/269000 ../data/cbt_valid.txt
[2022-04-10 12:29:36.347] Save: model.pt... 
[2022-04-10 12:29:36.663] Save: model.pt...Done. best_val_loss: 4.9005
[2022-04-10 12:29:36.663] Epoch 009/40 ==================================================
[2022-04-10 12:29:47.709] E009 |   200/1391 batches | lr 10.0000 | loss  4.035 | ppl     56.55
[2022-04-10 12:29:58.799] E009 |   400/1391 batches | lr 10.0000 | loss  3.999 | ppl     54.55
[2022-04-10 12:30:09.916] E009 |   600/1391 batches | lr 10.0000 | loss  3.982 | ppl     53.62
[2022-04-10 12:30:20.986] E009 |   800/1391 batches | lr 10.0000 | loss  3.956 | ppl     52.27
[2022-04-10 12:30:32.065] E009 |  1000/1391 batches | lr 10.0000 | loss  3.949 | ppl     51.87
[2022-04-10 12:30:43.316] E009 |  1200/1391 batches | lr 10.0000 | loss  3.893 | ppl     49.08
[2022-04-10 12:30:53.953] E009 |  1391/1391 batches | lr 10.0000 | loss  3.948 | ppl     51.82
[2022-04-10 12:31:03.695] End E009 | valid loss  4.901; ppl    134.42 | accu 0.2441 = 81333/333140
[2022-04-10 12:31:05.479] End E009 |  test loss  8.981; ppl   7954.53 | accu 0.0798 = 4840/60620 ../data/adult_test.txt
[2022-04-10 12:31:07.343] End E009 |  test loss  5.813; ppl    334.58 | accu 0.2225 = 14260/64100 ../data/adolescent_valid.txt
[2022-04-10 12:31:15.225] End E009 |  test loss  4.684; ppl    108.24 | accu 0.2493 = 67052/269000 ../data/cbt_valid.txt
[2022-04-10 12:31:15.226] Epoch 010/40 ==================================================
[2022-04-10 12:31:26.265] E010 |   200/1391 batches | lr 5.0000 | loss  3.970 | ppl     52.97
[2022-04-10 12:31:37.358] E010 |   400/1391 batches | lr 5.0000 | loss  3.922 | ppl     50.51
[2022-04-10 12:31:49.476] E010 |   600/1391 batches | lr 5.0000 | loss  3.898 | ppl     49.31
[2022-04-10 12:32:00.688] E010 |   800/1391 batches | lr 5.0000 | loss  3.866 | ppl     47.74
[2022-04-10 12:32:11.802] E010 |  1000/1391 batches | lr 5.0000 | loss  3.849 | ppl     46.95
[2022-04-10 12:32:22.915] E010 |  1200/1391 batches | lr 5.0000 | loss  3.786 | ppl     44.07
[2022-04-10 12:32:33.508] E010 |  1391/1391 batches | lr 5.0000 | loss  3.834 | ppl     46.25
[2022-04-10 12:32:43.080] End E010 | valid loss  4.883; ppl    132.03 | accu 0.2484 = 82757/333140
[2022-04-10 12:32:44.806] End E010 |  test loss  9.065; ppl   8643.34 | accu 0.0795 = 4821/60620 ../data/adult_test.txt
[2022-04-10 12:32:46.635] End E010 |  test loss  5.795; ppl    328.80 | accu 0.2246 = 14394/64100 ../data/adolescent_valid.txt
[2022-04-10 12:32:54.316] End E010 |  test loss  4.667; ppl    106.33 | accu 0.2540 = 68338/269000 ../data/cbt_valid.txt
[2022-04-10 12:32:54.317] Save: model.pt... 
[2022-04-10 12:32:54.616] Save: model.pt...Done. best_val_loss: 4.8830
[2022-04-10 12:32:54.616] Epoch 011/40 ==================================================
[2022-04-10 12:33:05.683] E011 |   200/1391 batches | lr 5.0000 | loss  3.912 | ppl     50.02
[2022-04-10 12:33:16.806] E011 |   400/1391 batches | lr 5.0000 | loss  3.870 | ppl     47.96
[2022-04-10 12:33:27.934] E011 |   600/1391 batches | lr 5.0000 | loss  3.860 | ppl     47.45
[2022-04-10 12:33:39.160] E011 |   800/1391 batches | lr 5.0000 | loss  3.830 | ppl     46.05
[2022-04-10 12:33:50.421] E011 |  1000/1391 batches | lr 5.0000 | loss  3.823 | ppl     45.72
[2022-04-10 12:34:01.625] E011 |  1200/1391 batches | lr 5.0000 | loss  3.760 | ppl     42.96
[2022-04-10 12:34:12.326] E011 |  1391/1391 batches | lr 5.0000 | loss  3.819 | ppl     45.57
[2022-04-10 12:34:22.158] End E011 | valid loss  4.888; ppl    132.74 | accu 0.2491 = 82998/333140
[2022-04-10 12:34:23.948] End E011 |  test loss  9.085; ppl   8822.62 | accu 0.0797 = 4832/60620 ../data/adult_test.txt
[2022-04-10 12:34:25.991] End E011 |  test loss  5.803; ppl    331.26 | accu 0.2251 = 14431/64100 ../data/adolescent_valid.txt
[2022-04-10 12:34:33.920] End E011 |  test loss  4.672; ppl    106.89 | accu 0.2547 = 68526/269000 ../data/cbt_valid.txt
[2022-04-10 12:34:33.920] Epoch 012/40 ==================================================
[2022-04-10 12:34:45.154] E012 |   200/1391 batches | lr 2.5000 | loss  3.874 | ppl     48.12
[2022-04-10 12:34:56.288] E012 |   400/1391 batches | lr 2.5000 | loss  3.831 | ppl     46.10
[2022-04-10 12:35:07.472] E012 |   600/1391 batches | lr 2.5000 | loss  3.814 | ppl     45.33
[2022-04-10 12:35:18.683] E012 |   800/1391 batches | lr 2.5000 | loss  3.785 | ppl     44.03
[2022-04-10 12:35:29.913] E012 |  1000/1391 batches | lr 2.5000 | loss  3.768 | ppl     43.28
[2022-04-10 12:35:41.156] E012 |  1200/1391 batches | lr 2.5000 | loss  3.704 | ppl     40.60
[2022-04-10 12:35:51.888] E012 |  1391/1391 batches | lr 2.5000 | loss  3.752 | ppl     42.60
[2022-04-10 12:36:02.037] End E012 | valid loss  4.884; ppl    132.20 | accu 0.2518 = 83898/333140
[2022-04-10 12:36:03.947] End E012 |  test loss  9.118; ppl   9117.74 | accu 0.0791 = 4797/60620 ../data/adult_test.txt
[2022-04-10 12:36:05.938] End E012 |  test loss  5.804; ppl    331.68 | accu 0.2261 = 14492/64100 ../data/adolescent_valid.txt
[2022-04-10 12:36:13.779] End E012 |  test loss  4.666; ppl    106.28 | accu 0.2580 = 69397/269000 ../data/cbt_valid.txt
[2022-04-10 12:36:13.779] Epoch 013/40 ==================================================
[2022-04-10 12:36:24.880] E013 |   200/1391 batches | lr 1.2500 | loss  3.850 | ppl     46.99
[2022-04-10 12:36:35.977] E013 |   400/1391 batches | lr 1.2500 | loss  3.805 | ppl     44.94
[2022-04-10 12:36:47.179] E013 |   600/1391 batches | lr 1.2500 | loss  3.789 | ppl     44.22
[2022-04-10 12:36:58.372] E013 |   800/1391 batches | lr 1.2500 | loss  3.759 | ppl     42.89
[2022-04-10 12:37:09.595] E013 |  1000/1391 batches | lr 1.2500 | loss  3.739 | ppl     42.07
[2022-04-10 12:37:20.843] E013 |  1200/1391 batches | lr 1.2500 | loss  3.673 | ppl     39.39
[2022-04-10 12:37:31.582] E013 |  1391/1391 batches | lr 1.2500 | loss  3.727 | ppl     41.54
[2022-04-10 12:37:41.365] End E013 | valid loss  4.883; ppl    132.05 | accu 0.2536 = 84471/333140
[2022-04-10 12:37:43.141] End E013 |  test loss  9.178; ppl   9679.33 | accu 0.0776 = 4705/60620 ../data/adult_test.txt
[2022-04-10 12:37:45.032] End E013 |  test loss  5.803; ppl    331.32 | accu 0.2290 = 14678/64100 ../data/adolescent_valid.txt
[2022-04-10 12:37:52.856] End E013 |  test loss  4.663; ppl    105.97 | accu 0.2594 = 69787/269000 ../data/cbt_valid.txt
[2022-04-10 12:37:52.857] Epoch 014/40 ==================================================
[2022-04-10 12:38:04.030] E014 |   200/1391 batches | lr 0.6250 | loss  3.835 | ppl     46.31
[2022-04-10 12:38:15.275] E014 |   400/1391 batches | lr 0.6250 | loss  3.795 | ppl     44.46
[2022-04-10 12:38:26.494] E014 |   600/1391 batches | lr 0.6250 | loss  3.773 | ppl     43.50
[2022-04-10 12:38:37.750] E014 |   800/1391 batches | lr 0.6250 | loss  3.741 | ppl     42.13
[2022-04-10 12:38:48.962] E014 |  1000/1391 batches | lr 0.6250 | loss  3.724 | ppl     41.44
[2022-04-10 12:39:00.202] E014 |  1200/1391 batches | lr 0.6250 | loss  3.661 | ppl     38.89
[2022-04-10 12:39:10.883] E014 |  1391/1391 batches | lr 0.6250 | loss  3.705 | ppl     40.66
[2022-04-10 12:39:20.791] End E014 | valid loss  4.880; ppl    131.66 | accu 0.2542 = 84681/333140
[2022-04-10 12:39:22.576] End E014 |  test loss  9.203; ppl   9922.18 | accu 0.0765 = 4639/60620 ../data/adult_test.txt
[2022-04-10 12:39:24.471] End E014 |  test loss  5.800; ppl    330.44 | accu 0.2284 = 14640/64100 ../data/adolescent_valid.txt
[2022-04-10 12:39:32.369] End E014 |  test loss  4.662; ppl    105.82 | accu 0.2602 = 70007/269000 ../data/cbt_valid.txt
[2022-04-10 12:39:32.369] Save: model.pt... 
[2022-04-10 12:39:32.680] Save: model.pt...Done. best_val_loss: 4.8802
[2022-04-10 12:39:32.680] Epoch 015/40 ==================================================
[2022-04-10 12:39:43.847] E015 |   200/1391 batches | lr 0.6250 | loss  3.825 | ppl     45.83
[2022-04-10 12:39:55.093] E015 |   400/1391 batches | lr 0.6250 | loss  3.783 | ppl     43.96
[2022-04-10 12:40:06.307] E015 |   600/1391 batches | lr 0.6250 | loss  3.765 | ppl     43.15
[2022-04-10 12:40:17.559] E015 |   800/1391 batches | lr 0.6250 | loss  3.738 | ppl     42.00
[2022-04-10 12:40:28.763] E015 |  1000/1391 batches | lr 0.6250 | loss  3.719 | ppl     41.24
[2022-04-10 12:40:40.010] E015 |  1200/1391 batches | lr 0.6250 | loss  3.657 | ppl     38.73
[2022-04-10 12:40:50.745] E015 |  1391/1391 batches | lr 0.6250 | loss  3.702 | ppl     40.54
[2022-04-10 12:41:00.686] End E015 | valid loss  4.879; ppl    131.54 | accu 0.2539 = 84592/333140
[2022-04-10 12:41:02.482] End E015 |  test loss  9.192; ppl   9819.23 | accu 0.0770 = 4666/60620 ../data/adult_test.txt
[2022-04-10 12:41:04.369] End E015 |  test loss  5.798; ppl    329.70 | accu 0.2285 = 14647/64100 ../data/adolescent_valid.txt
[2022-04-10 12:41:12.243] End E015 |  test loss  4.661; ppl    105.77 | accu 0.2599 = 69925/269000 ../data/cbt_valid.txt
[2022-04-10 12:41:12.243] Save: model.pt... 
[2022-04-10 12:41:12.569] Save: model.pt...Done. best_val_loss: 4.8793
[2022-04-10 12:41:12.569] Epoch 016/40 ==================================================
[2022-04-10 12:41:23.700] E016 |   200/1391 batches | lr 0.6250 | loss  3.816 | ppl     45.44
[2022-04-10 12:41:34.926] E016 |   400/1391 batches | lr 0.6250 | loss  3.774 | ppl     43.56
[2022-04-10 12:41:46.211] E016 |   600/1391 batches | lr 0.6250 | loss  3.756 | ppl     42.79
[2022-04-10 12:41:57.448] E016 |   800/1391 batches | lr 0.6250 | loss  3.730 | ppl     41.67
[2022-04-10 12:42:08.705] E016 |  1000/1391 batches | lr 0.6250 | loss  3.715 | ppl     41.06
[2022-04-10 12:42:19.919] E016 |  1200/1391 batches | lr 0.6250 | loss  3.656 | ppl     38.69
[2022-04-10 12:42:30.691] E016 |  1391/1391 batches | lr 0.6250 | loss  3.701 | ppl     40.48
[2022-04-10 12:42:40.563] End E016 | valid loss  4.879; ppl    131.46 | accu 0.2539 = 84600/333140
[2022-04-10 12:42:42.334] End E016 |  test loss  9.198; ppl   9878.29 | accu 0.0772 = 4680/60620 ../data/adult_test.txt
[2022-04-10 12:42:44.220] End E016 |  test loss  5.798; ppl    329.71 | accu 0.2285 = 14645/64100 ../data/adolescent_valid.txt
[2022-04-10 12:42:52.100] End E016 |  test loss  4.660; ppl    105.68 | accu 0.2600 = 69928/269000 ../data/cbt_valid.txt
[2022-04-10 12:42:52.100] Save: model.pt... 
[2022-04-10 12:42:52.408] Save: model.pt...Done. best_val_loss: 4.8787
[2022-04-10 12:42:52.408] Epoch 017/40 ==================================================
[2022-04-10 12:43:03.568] E017 |   200/1391 batches | lr 0.6250 | loss  3.815 | ppl     45.36
[2022-04-10 12:43:14.789] E017 |   400/1391 batches | lr 0.6250 | loss  3.765 | ppl     43.18
[2022-04-10 12:43:26.071] E017 |   600/1391 batches | lr 0.6250 | loss  3.756 | ppl     42.77
[2022-04-10 12:43:37.317] E017 |   800/1391 batches | lr 0.6250 | loss  3.728 | ppl     41.59
[2022-04-10 12:43:48.585] E017 |  1000/1391 batches | lr 0.6250 | loss  3.712 | ppl     40.94
[2022-04-10 12:43:59.821] E017 |  1200/1391 batches | lr 0.6250 | loss  3.654 | ppl     38.62
[2022-04-10 12:44:10.572] E017 |  1391/1391 batches | lr 0.6250 | loss  3.696 | ppl     40.29
[2022-04-10 12:44:20.436] End E017 | valid loss  4.880; ppl    131.67 | accu 0.2541 = 84641/333140
[2022-04-10 12:44:22.228] End E017 |  test loss  9.188; ppl   9781.32 | accu 0.0770 = 4670/60620 ../data/adult_test.txt
[2022-04-10 12:44:24.125] End E017 |  test loss  5.800; ppl    330.28 | accu 0.2283 = 14632/64100 ../data/adolescent_valid.txt
[2022-04-10 12:44:32.126] End E017 |  test loss  4.662; ppl    105.84 | accu 0.2602 = 69993/269000 ../data/cbt_valid.txt
[2022-04-10 12:44:32.126] Epoch 018/40 ==================================================
[2022-04-10 12:44:43.273] E018 |   200/1391 batches | lr 0.3125 | loss  3.804 | ppl     44.86
[2022-04-10 12:44:54.566] E018 |   400/1391 batches | lr 0.3125 | loss  3.765 | ppl     43.15
[2022-04-10 12:45:05.717] E018 |   600/1391 batches | lr 0.3125 | loss  3.747 | ppl     42.38
[2022-04-10 12:45:16.875] E018 |   800/1391 batches | lr 0.3125 | loss  3.723 | ppl     41.37
[2022-04-10 12:45:28.030] E018 |  1000/1391 batches | lr 0.3125 | loss  3.705 | ppl     40.64
[2022-04-10 12:45:39.207] E018 |  1200/1391 batches | lr 0.3125 | loss  3.642 | ppl     38.15
[2022-04-10 12:45:49.850] E018 |  1391/1391 batches | lr 0.3125 | loss  3.689 | ppl     39.99
[2022-04-10 12:45:59.795] End E018 | valid loss  4.881; ppl    131.79 | accu 0.2544 = 84745/333140
[2022-04-10 12:46:01.593] End E018 |  test loss  9.210; ppl   9991.84 | accu 0.0765 = 4639/60620 ../data/adult_test.txt
[2022-04-10 12:46:03.500] End E018 |  test loss  5.802; ppl    331.09 | accu 0.2289 = 14673/64100 ../data/adolescent_valid.txt
[2022-04-10 12:46:11.361] End E018 |  test loss  4.663; ppl    105.90 | accu 0.2604 = 70054/269000 ../data/cbt_valid.txt
[2022-04-10 12:46:11.361] Epoch 019/40 ==================================================
[2022-04-10 12:46:22.517] E019 |   200/1391 batches | lr 0.1562 | loss  3.808 | ppl     45.04
[2022-04-10 12:46:33.707] E019 |   400/1391 batches | lr 0.1562 | loss  3.763 | ppl     43.07
[2022-04-10 12:46:44.882] E019 |   600/1391 batches | lr 0.1562 | loss  3.744 | ppl     42.25
[2022-04-10 12:46:56.063] E019 |   800/1391 batches | lr 0.1562 | loss  3.718 | ppl     41.17
[2022-04-10 12:47:07.294] E019 |  1000/1391 batches | lr 0.1562 | loss  3.697 | ppl     40.34
[2022-04-10 12:47:18.534] E019 |  1200/1391 batches | lr 0.1562 | loss  3.636 | ppl     37.93
[2022-04-10 12:47:29.228] E019 |  1391/1391 batches | lr 0.1562 | loss  3.684 | ppl     39.81
[2022-04-10 12:47:39.093] End E019 | valid loss  4.881; ppl    131.82 | accu 0.2546 = 84801/333140
[2022-04-10 12:47:40.875] End E019 |  test loss  9.214; ppl  10037.48 | accu 0.0764 = 4632/60620 ../data/adult_test.txt
[2022-04-10 12:47:42.740] End E019 |  test loss  5.804; ppl    331.56 | accu 0.2289 = 14671/64100 ../data/adolescent_valid.txt
[2022-04-10 12:47:50.633] End E019 |  test loss  4.662; ppl    105.90 | accu 0.2606 = 70106/269000 ../data/cbt_valid.txt
[2022-04-10 12:47:50.633] Epoch 020/40 ==================================================
[2022-04-10 12:48:01.751] E020 |   200/1391 batches | lr 0.0781 | loss  3.796 | ppl     44.53
[2022-04-10 12:48:12.919] E020 |   400/1391 batches | lr 0.0781 | loss  3.760 | ppl     42.94
[2022-04-10 12:48:24.107] E020 |   600/1391 batches | lr 0.0781 | loss  3.744 | ppl     42.29
[2022-04-10 12:48:35.324] E020 |   800/1391 batches | lr 0.0781 | loss  3.712 | ppl     40.95
[2022-04-10 12:48:46.550] E020 |  1000/1391 batches | lr 0.0781 | loss  3.696 | ppl     40.29
[2022-04-10 12:48:57.761] E020 |  1200/1391 batches | lr 0.0781 | loss  3.632 | ppl     37.78
[2022-04-10 12:49:08.588] E020 |  1391/1391 batches | lr 0.0781 | loss  3.683 | ppl     39.77
[2022-04-10 12:49:18.462] End E020 | valid loss  4.881; ppl    131.78 | accu 0.2548 = 84882/333140
[2022-04-10 12:49:20.267] End E020 |  test loss  9.219; ppl  10086.28 | accu 0.0762 = 4621/60620 ../data/adult_test.txt
[2022-04-10 12:49:22.159] End E020 |  test loss  5.804; ppl    331.77 | accu 0.2290 = 14682/64100 ../data/adolescent_valid.txt
[2022-04-10 12:49:29.987] End E020 |  test loss  4.662; ppl    105.84 | accu 0.2609 = 70185/269000 ../data/cbt_valid.txt
[2022-04-10 12:49:29.988] Epoch 021/40 ==================================================
[2022-04-10 12:49:41.143] E021 |   200/1391 batches | lr 0.0391 | loss  3.798 | ppl     44.59
[2022-04-10 12:49:52.353] E021 |   400/1391 batches | lr 0.0391 | loss  3.759 | ppl     42.90
[2022-04-10 12:50:03.520] E021 |   600/1391 batches | lr 0.0391 | loss  3.745 | ppl     42.30
[2022-04-10 12:50:14.695] E021 |   800/1391 batches | lr 0.0391 | loss  3.711 | ppl     40.89
[2022-04-10 12:50:25.891] E021 |  1000/1391 batches | lr 0.0391 | loss  3.696 | ppl     40.29
[2022-04-10 12:50:37.095] E021 |  1200/1391 batches | lr 0.0391 | loss  3.637 | ppl     37.96
[2022-04-10 12:50:47.781] E021 |  1391/1391 batches | lr 0.0391 | loss  3.678 | ppl     39.57
[2022-04-10 12:50:57.611] End E021 | valid loss  4.881; ppl    131.73 | accu 0.2549 = 84927/333140
[2022-04-10 12:50:59.398] End E021 |  test loss  9.222; ppl  10114.95 | accu 0.0763 = 4625/60620 ../data/adult_test.txt
[2022-04-10 12:51:01.293] End E021 |  test loss  5.805; ppl    331.84 | accu 0.2292 = 14690/64100 ../data/adolescent_valid.txt
[2022-04-10 12:51:09.365] End E021 |  test loss  4.661; ppl    105.78 | accu 0.2611 = 70229/269000 ../data/cbt_valid.txt
[2022-04-10 12:51:09.365] Epoch 022/40 ==================================================
[2022-04-10 12:51:20.596] E022 |   200/1391 batches | lr 0.0195 | loss  3.799 | ppl     44.66
[2022-04-10 12:51:31.812] E022 |   400/1391 batches | lr 0.0195 | loss  3.760 | ppl     42.95
[2022-04-10 12:51:43.051] E022 |   600/1391 batches | lr 0.0195 | loss  3.745 | ppl     42.30
[2022-04-10 12:51:54.126] E022 |   800/1391 batches | lr 0.0195 | loss  3.712 | ppl     40.92
[2022-04-10 12:52:05.351] E022 |  1000/1391 batches | lr 0.0195 | loss  3.695 | ppl     40.23
[2022-04-10 12:52:16.728] E022 |  1200/1391 batches | lr 0.0195 | loss  3.633 | ppl     37.83
[2022-04-10 12:52:27.727] E022 |  1391/1391 batches | lr 0.0195 | loss  3.678 | ppl     39.57
[2022-04-10 12:52:37.538] End E022 | valid loss  4.881; ppl    131.70 | accu 0.2551 = 84995/333140
[2022-04-10 12:52:39.294] End E022 |  test loss  9.223; ppl  10129.35 | accu 0.0763 = 4624/60620 ../data/adult_test.txt
[2022-04-10 12:52:41.170] End E022 |  test loss  5.805; ppl    331.98 | accu 0.2293 = 14698/64100 ../data/adolescent_valid.txt
[2022-04-10 12:52:48.931] End E022 |  test loss  4.661; ppl    105.75 | accu 0.2613 = 70282/269000 ../data/cbt_valid.txt
[2022-04-10 12:52:48.931] Epoch 023/40 ==================================================
[2022-04-10 12:53:00.054] E023 |   200/1391 batches | lr 0.0098 | loss  3.798 | ppl     44.62
[2022-04-10 12:53:11.266] E023 |   400/1391 batches | lr 0.0098 | loss  3.756 | ppl     42.79
[2022-04-10 12:53:22.498] E023 |   600/1391 batches | lr 0.0098 | loss  3.743 | ppl     42.24
[2022-04-10 12:53:33.723] E023 |   800/1391 batches | lr 0.0098 | loss  3.709 | ppl     40.81
[2022-04-10 12:53:44.896] E023 |  1000/1391 batches | lr 0.0098 | loss  3.694 | ppl     40.20
[2022-04-10 12:53:56.066] E023 |  1200/1391 batches | lr 0.0098 | loss  3.631 | ppl     37.74
[2022-04-10 12:54:06.716] E023 |  1391/1391 batches | lr 0.0098 | loss  3.678 | ppl     39.55
[2022-04-10 12:54:16.562] End E023 | valid loss  4.880; ppl    131.68 | accu 0.2551 = 84983/333140
[2022-04-10 12:54:18.368] End E023 |  test loss  9.223; ppl  10131.17 | accu 0.0762 = 4622/60620 ../data/adult_test.txt
[2022-04-10 12:54:20.249] End E023 |  test loss  5.805; ppl    331.93 | accu 0.2292 = 14694/64100 ../data/adolescent_valid.txt
[2022-04-10 12:54:28.946] End E023 |  test loss  4.661; ppl    105.73 | accu 0.2612 = 70273/269000 ../data/cbt_valid.txt
[2022-04-10 12:54:28.946] Epoch 024/40 ==================================================
[2022-04-10 12:54:40.033] E024 |   200/1391 batches | lr 0.0049 | loss  3.796 | ppl     44.52
[2022-04-10 12:54:51.228] E024 |   400/1391 batches | lr 0.0049 | loss  3.758 | ppl     42.84
[2022-04-10 12:55:02.512] E024 |   600/1391 batches | lr 0.0049 | loss  3.743 | ppl     42.24
[2022-04-10 12:55:13.658] E024 |   800/1391 batches | lr 0.0049 | loss  3.711 | ppl     40.89
[2022-04-10 12:55:24.879] E024 |  1000/1391 batches | lr 0.0049 | loss  3.692 | ppl     40.14
[2022-04-10 12:55:36.120] E024 |  1200/1391 batches | lr 0.0049 | loss  3.635 | ppl     37.88
[2022-04-10 12:55:46.824] E024 |  1391/1391 batches | lr 0.0049 | loss  3.678 | ppl     39.58
[2022-04-10 12:55:56.668] End E024 | valid loss  4.880; ppl    131.66 | accu 0.2551 = 84993/333140
[2022-04-10 12:55:58.459] End E024 |  test loss  9.224; ppl  10135.53 | accu 0.0762 = 4619/60620 ../data/adult_test.txt
[2022-04-10 12:56:00.355] End E024 |  test loss  5.805; ppl    331.92 | accu 0.2291 = 14688/64100 ../data/adolescent_valid.txt
[2022-04-10 12:56:08.355] End E024 |  test loss  4.661; ppl    105.71 | accu 0.2613 = 70297/269000 ../data/cbt_valid.txt
[2022-04-10 12:56:08.355] Epoch 025/40 ==================================================
[2022-04-10 12:56:19.511] E025 |   200/1391 batches | lr 0.0024 | loss  3.797 | ppl     44.55
[2022-04-10 12:56:30.720] E025 |   400/1391 batches | lr 0.0024 | loss  3.759 | ppl     42.90
[2022-04-10 12:56:41.961] E025 |   600/1391 batches | lr 0.0024 | loss  3.741 | ppl     42.15
[2022-04-10 12:56:53.133] E025 |   800/1391 batches | lr 0.0024 | loss  3.711 | ppl     40.88
[2022-04-10 12:57:04.359] E025 |  1000/1391 batches | lr 0.0024 | loss  3.691 | ppl     40.08
[2022-04-10 12:57:15.567] E025 |  1200/1391 batches | lr 0.0024 | loss  3.630 | ppl     37.71
[2022-04-10 12:57:26.318] E025 |  1391/1391 batches | lr 0.0024 | loss  3.677 | ppl     39.52
[2022-04-10 12:57:36.683] End E025 | valid loss  4.880; ppl    131.64 | accu 0.2552 = 85009/333140
[2022-04-10 12:57:38.505] End E025 |  test loss  9.224; ppl  10132.83 | accu 0.0762 = 4620/60620 ../data/adult_test.txt
[2022-04-10 12:57:40.426] End E025 |  test loss  5.805; ppl    331.83 | accu 0.2292 = 14689/64100 ../data/adolescent_valid.txt
[2022-04-10 12:57:48.271] End E025 |  test loss  4.661; ppl    105.70 | accu 0.2614 = 70313/269000 ../data/cbt_valid.txt
[2022-04-10 12:57:48.271] Epoch 026/40 ==================================================
[2022-04-10 12:57:59.508] E026 |   200/1391 batches | lr 0.0012 | loss  3.805 | ppl     44.94
[2022-04-10 12:58:10.748] E026 |   400/1391 batches | lr 0.0012 | loss  3.757 | ppl     42.81
[2022-04-10 12:58:21.928] E026 |   600/1391 batches | lr 0.0012 | loss  3.745 | ppl     42.32
[2022-04-10 12:58:33.305] E026 |   800/1391 batches | lr 0.0012 | loss  3.709 | ppl     40.80
[2022-04-10 12:58:44.485] E026 |  1000/1391 batches | lr 0.0012 | loss  3.692 | ppl     40.13
[2022-04-10 12:58:55.629] E026 |  1200/1391 batches | lr 0.0012 | loss  3.634 | ppl     37.86
[2022-04-10 12:59:06.291] E026 |  1391/1391 batches | lr 0.0012 | loss  3.678 | ppl     39.56
[2022-04-10 12:59:16.492] End E026 | valid loss  4.880; ppl    131.63 | accu 0.2552 = 85015/333140
[2022-04-10 12:59:18.278] End E026 |  test loss  9.223; ppl  10132.25 | accu 0.0762 = 4619/60620 ../data/adult_test.txt
[2022-04-10 12:59:20.185] End E026 |  test loss  5.805; ppl    331.81 | accu 0.2292 = 14690/64100 ../data/adolescent_valid.txt
[2022-04-10 12:59:28.032] End E026 |  test loss  4.661; ppl    105.69 | accu 0.2614 = 70311/269000 ../data/cbt_valid.txt
[2022-04-10 12:59:28.032] Epoch 027/40 ==================================================
[2022-04-10 12:59:39.119] E027 |   200/1391 batches | lr 0.0006 | loss  3.799 | ppl     44.67
[2022-04-10 12:59:50.280] E027 |   400/1391 batches | lr 0.0006 | loss  3.756 | ppl     42.78
[2022-04-10 13:00:01.484] E027 |   600/1391 batches | lr 0.0006 | loss  3.745 | ppl     42.32
[2022-04-10 13:00:12.663] E027 |   800/1391 batches | lr 0.0006 | loss  3.709 | ppl     40.80
[2022-04-10 13:00:23.948] E027 |  1000/1391 batches | lr 0.0006 | loss  3.695 | ppl     40.26
[2022-04-10 13:00:35.161] E027 |  1200/1391 batches | lr 0.0006 | loss  3.635 | ppl     37.91
[2022-04-10 13:00:45.820] E027 |  1391/1391 batches | lr 0.0006 | loss  3.677 | ppl     39.53
[2022-04-10 13:00:55.655] End E027 | valid loss  4.880; ppl    131.63 | accu 0.2552 = 85012/333140
[2022-04-10 13:00:57.475] End E027 |  test loss  9.224; ppl  10132.55 | accu 0.0762 = 4620/60620 ../data/adult_test.txt
[2022-04-10 13:00:59.482] End E027 |  test loss  5.805; ppl    331.81 | accu 0.2292 = 14689/64100 ../data/adolescent_valid.txt
[2022-04-10 13:01:07.521] End E027 |  test loss  4.661; ppl    105.69 | accu 0.2614 = 70310/269000 ../data/cbt_valid.txt
[2022-04-10 13:01:07.521] Epoch 028/40 ==================================================
[2022-04-10 13:01:18.735] E028 |   200/1391 batches | lr 0.0003 | loss  3.797 | ppl     44.56
[2022-04-10 13:01:29.954] E028 |   400/1391 batches | lr 0.0003 | loss  3.761 | ppl     42.97
[2022-04-10 13:01:41.202] E028 |   600/1391 batches | lr 0.0003 | loss  3.744 | ppl     42.25
[2022-04-10 13:01:52.424] E028 |   800/1391 batches | lr 0.0003 | loss  3.711 | ppl     40.88
[2022-04-10 13:02:03.622] E028 |  1000/1391 batches | lr 0.0003 | loss  3.693 | ppl     40.16
[2022-04-10 13:02:14.721] E028 |  1200/1391 batches | lr 0.0003 | loss  3.634 | ppl     37.88
[2022-04-10 13:02:25.691] E028 |  1391/1391 batches | lr 0.0003 | loss  3.676 | ppl     39.48
[2022-04-10 13:02:35.501] End E028 | valid loss  4.880; ppl    131.63 | accu 0.2552 = 85011/333140
[2022-04-10 13:02:37.258] End E028 |  test loss  9.223; ppl  10132.26 | accu 0.0762 = 4620/60620 ../data/adult_test.txt
[2022-04-10 13:02:39.115] End E028 |  test loss  5.805; ppl    331.80 | accu 0.2292 = 14689/64100 ../data/adolescent_valid.txt
[2022-04-10 13:02:46.913] End E028 |  test loss  4.661; ppl    105.69 | accu 0.2614 = 70309/269000 ../data/cbt_valid.txt
[2022-04-10 13:02:46.913] Epoch 029/40 ==================================================
[2022-04-10 13:02:58.114] E029 |   200/1391 batches | lr 0.0002 | loss  3.795 | ppl     44.47
[2022-04-10 13:03:09.337] E029 |   400/1391 batches | lr 0.0002 | loss  3.760 | ppl     42.93
[2022-04-10 13:03:20.580] E029 |   600/1391 batches | lr 0.0002 | loss  3.738 | ppl     42.02
[2022-04-10 13:03:31.796] E029 |   800/1391 batches | lr 0.0002 | loss  3.711 | ppl     40.90
[2022-04-10 13:03:43.019] E029 |  1000/1391 batches | lr 0.0002 | loss  3.695 | ppl     40.26
[2022-04-10 13:03:54.182] E029 |  1200/1391 batches | lr 0.0002 | loss  3.633 | ppl     37.82
[2022-04-10 13:04:04.865] E029 |  1391/1391 batches | lr 0.0002 | loss  3.679 | ppl     39.59
[2022-04-10 13:04:14.635] End E029 | valid loss  4.880; ppl    131.63 | accu 0.2552 = 85010/333140
[2022-04-10 13:04:16.436] End E029 |  test loss  9.223; ppl  10132.27 | accu 0.0762 = 4620/60620 ../data/adult_test.txt
[2022-04-10 13:04:18.327] End E029 |  test loss  5.805; ppl    331.80 | accu 0.2291 = 14688/64100 ../data/adolescent_valid.txt
[2022-04-10 13:04:26.332] End E029 |  test loss  4.661; ppl    105.69 | accu 0.2614 = 70310/269000 ../data/cbt_valid.txt
[2022-04-10 13:04:26.332] Epoch 030/40 ==================================================
[2022-04-10 13:04:37.509] E030 |   200/1391 batches | lr 0.0001 | loss  3.804 | ppl     44.89
[2022-04-10 13:04:48.755] E030 |   400/1391 batches | lr 0.0001 | loss  3.757 | ppl     42.81
[2022-04-10 13:05:00.001] E030 |   600/1391 batches | lr 0.0001 | loss  3.743 | ppl     42.21
[2022-04-10 13:05:11.224] E030 |   800/1391 batches | lr 0.0001 | loss  3.709 | ppl     40.83
[2022-04-10 13:05:22.421] E030 |  1000/1391 batches | lr 0.0001 | loss  3.691 | ppl     40.07
[2022-04-10 13:05:33.643] E030 |  1200/1391 batches | lr 0.0001 | loss  3.633 | ppl     37.81
[2022-04-10 13:05:44.355] E030 |  1391/1391 batches | lr 0.0001 | loss  3.677 | ppl     39.53
[2022-04-10 13:05:54.226] End E030 | valid loss  4.880; ppl    131.63 | accu 0.2552 = 85014/333140
[2022-04-10 13:05:56.015] End E030 |  test loss  9.223; ppl  10132.41 | accu 0.0762 = 4620/60620 ../data/adult_test.txt
[2022-04-10 13:05:57.905] End E030 |  test loss  5.805; ppl    331.80 | accu 0.2292 = 14689/64100 ../data/adolescent_valid.txt
[2022-04-10 13:06:05.713] End E030 |  test loss  4.661; ppl    105.69 | accu 0.2614 = 70310/269000 ../data/cbt_valid.txt
[2022-04-10 13:06:05.713] Epoch 031/40 ==================================================
[2022-04-10 13:06:16.906] E031 |   200/1391 batches | lr 0.0000 | loss  3.805 | ppl     44.94
[2022-04-10 13:06:28.114] E031 |   400/1391 batches | lr 0.0000 | loss  3.760 | ppl     42.96
[2022-04-10 13:06:39.329] E031 |   600/1391 batches | lr 0.0000 | loss  3.745 | ppl     42.31
[2022-04-10 13:06:50.576] E031 |   800/1391 batches | lr 0.0000 | loss  3.708 | ppl     40.77
[2022-04-10 13:07:01.796] E031 |  1000/1391 batches | lr 0.0000 | loss  3.691 | ppl     40.07
[2022-04-10 13:07:12.981] E031 |  1200/1391 batches | lr 0.0000 | loss  3.633 | ppl     37.83
[2022-04-10 13:07:23.681] E031 |  1391/1391 batches | lr 0.0000 | loss  3.678 | ppl     39.57
[2022-04-10 13:07:33.513] End E031 | valid loss  4.880; ppl    131.63 | accu 0.2552 = 85014/333140
[2022-04-10 13:07:35.291] End E031 |  test loss  9.224; ppl  10132.48 | accu 0.0762 = 4620/60620 ../data/adult_test.txt
[2022-04-10 13:07:37.170] End E031 |  test loss  5.805; ppl    331.80 | accu 0.2291 = 14688/64100 ../data/adolescent_valid.txt
[2022-04-10 13:07:44.966] End E031 |  test loss  4.661; ppl    105.69 | accu 0.2614 = 70309/269000 ../data/cbt_valid.txt
[2022-04-10 13:07:44.966] Epoch 032/40 ==================================================
[2022-04-10 13:07:56.076] E032 |   200/1391 batches | lr 0.0000 | loss  3.799 | ppl     44.65
[2022-04-10 13:08:07.217] E032 |   400/1391 batches | lr 0.0000 | loss  3.758 | ppl     42.85
[2022-04-10 13:08:18.507] E032 |   600/1391 batches | lr 0.0000 | loss  3.744 | ppl     42.28
[2022-04-10 13:08:29.646] E032 |   800/1391 batches | lr 0.0000 | loss  3.709 | ppl     40.82
[2022-04-10 13:08:40.844] E032 |  1000/1391 batches | lr 0.0000 | loss  3.692 | ppl     40.14
[2022-04-10 13:08:52.166] E032 |  1200/1391 batches | lr 0.0000 | loss  3.634 | ppl     37.88
[2022-04-10 13:09:02.913] E032 |  1391/1391 batches | lr 0.0000 | loss  3.678 | ppl     39.55
[2022-04-10 13:09:12.731] End E032 | valid loss  4.880; ppl    131.63 | accu 0.2552 = 85014/333140
[2022-04-10 13:09:14.534] End E032 |  test loss  9.224; ppl  10132.52 | accu 0.0762 = 4620/60620 ../data/adult_test.txt
[2022-04-10 13:09:16.430] End E032 |  test loss  5.805; ppl    331.80 | accu 0.2291 = 14688/64100 ../data/adolescent_valid.txt
[2022-04-10 13:09:24.292] End E032 |  test loss  4.661; ppl    105.69 | accu 0.2614 = 70309/269000 ../data/cbt_valid.txt
[2022-04-10 13:09:24.292] Epoch 033/40 ==================================================
[2022-04-10 13:09:35.504] E033 |   200/1391 batches | lr 0.0000 | loss  3.794 | ppl     44.44
[2022-04-10 13:09:46.696] E033 |   400/1391 batches | lr 0.0000 | loss  3.758 | ppl     42.87
[2022-04-10 13:09:57.894] E033 |   600/1391 batches | lr 0.0000 | loss  3.742 | ppl     42.20
[2022-04-10 13:10:09.082] E033 |   800/1391 batches | lr 0.0000 | loss  3.713 | ppl     40.99
[2022-04-10 13:10:20.289] E033 |  1000/1391 batches | lr 0.0000 | loss  3.693 | ppl     40.16
[2022-04-10 13:10:31.481] E033 |  1200/1391 batches | lr 0.0000 | loss  3.632 | ppl     37.77
[2022-04-10 13:10:42.153] E033 |  1391/1391 batches | lr 0.0000 | loss  3.678 | ppl     39.57
[2022-04-10 13:10:52.780] End E033 | valid loss  4.880; ppl    131.63 | accu 0.2552 = 85013/333140
[2022-04-10 13:10:54.624] End E033 |  test loss  9.224; ppl  10132.55 | accu 0.0762 = 4620/60620 ../data/adult_test.txt
[2022-04-10 13:10:56.537] End E033 |  test loss  5.805; ppl    331.80 | accu 0.2291 = 14688/64100 ../data/adolescent_valid.txt
[2022-04-10 13:11:04.366] End E033 |  test loss  4.661; ppl    105.69 | accu 0.2614 = 70309/269000 ../data/cbt_valid.txt
[2022-04-10 13:11:04.366] Epoch 034/40 ==================================================
[2022-04-10 13:11:15.459] E034 |   200/1391 batches | lr 0.0000 | loss  3.803 | ppl     44.85
[2022-04-10 13:11:26.613] E034 |   400/1391 batches | lr 0.0000 | loss  3.757 | ppl     42.83
[2022-04-10 13:11:37.800] E034 |   600/1391 batches | lr 0.0000 | loss  3.742 | ppl     42.18
[2022-04-10 13:11:49.070] E034 |   800/1391 batches | lr 0.0000 | loss  3.711 | ppl     40.91
[2022-04-10 13:12:00.283] E034 |  1000/1391 batches | lr 0.0000 | loss  3.692 | ppl     40.14
[2022-04-10 13:12:11.435] E034 |  1200/1391 batches | lr 0.0000 | loss  3.634 | ppl     37.85
[2022-04-10 13:12:22.104] E034 |  1391/1391 batches | lr 0.0000 | loss  3.679 | ppl     39.62
[2022-04-10 13:12:31.969] End E034 | valid loss  4.880; ppl    131.63 | accu 0.2552 = 85014/333140
[2022-04-10 13:12:33.748] End E034 |  test loss  9.224; ppl  10132.56 | accu 0.0762 = 4620/60620 ../data/adult_test.txt
[2022-04-10 13:12:35.644] End E034 |  test loss  5.805; ppl    331.80 | accu 0.2291 = 14688/64100 ../data/adolescent_valid.txt
[2022-04-10 13:12:43.456] End E034 |  test loss  4.661; ppl    105.69 | accu 0.2614 = 70309/269000 ../data/cbt_valid.txt
[2022-04-10 13:12:43.457] Epoch 035/40 ==================================================
[2022-04-10 13:12:54.552] E035 |   200/1391 batches | lr 0.0000 | loss  3.804 | ppl     44.87
[2022-04-10 13:13:05.718] E035 |   400/1391 batches | lr 0.0000 | loss  3.760 | ppl     42.96
[2022-04-10 13:13:16.868] E035 |   600/1391 batches | lr 0.0000 | loss  3.743 | ppl     42.24
[2022-04-10 13:13:28.028] E035 |   800/1391 batches | lr 0.0000 | loss  3.709 | ppl     40.82
[2022-04-10 13:13:39.151] E035 |  1000/1391 batches | lr 0.0000 | loss  3.694 | ppl     40.19
[2022-04-10 13:13:50.303] E035 |  1200/1391 batches | lr 0.0000 | loss  3.636 | ppl     37.95
[2022-04-10 13:14:00.952] E035 |  1391/1391 batches | lr 0.0000 | loss  3.678 | ppl     39.56
[2022-04-10 13:14:10.795] End E035 | valid loss  4.880; ppl    131.63 | accu 0.2552 = 85014/333140
[2022-04-10 13:14:12.575] End E035 |  test loss  9.224; ppl  10132.56 | accu 0.0762 = 4620/60620 ../data/adult_test.txt
[2022-04-10 13:14:14.442] End E035 |  test loss  5.805; ppl    331.80 | accu 0.2291 = 14688/64100 ../data/adolescent_valid.txt
[2022-04-10 13:14:22.426] End E035 |  test loss  4.661; ppl    105.69 | accu 0.2614 = 70309/269000 ../data/cbt_valid.txt
[2022-04-10 13:14:22.426] Epoch 036/40 ==================================================
[2022-04-10 13:14:33.678] E036 |   200/1391 batches | lr 0.0000 | loss  3.795 | ppl     44.49
[2022-04-10 13:14:44.866] E036 |   400/1391 batches | lr 0.0000 | loss  3.759 | ppl     42.92
[2022-04-10 13:14:56.428] E036 |   600/1391 batches | lr 0.0000 | loss  3.743 | ppl     42.23
[2022-04-10 13:15:08.238] E036 |   800/1391 batches | lr 0.0000 | loss  3.707 | ppl     40.72
[2022-04-10 13:15:19.541] E036 |  1000/1391 batches | lr 0.0000 | loss  3.693 | ppl     40.18
[2022-04-10 13:15:30.678] E036 |  1200/1391 batches | lr 0.0000 | loss  3.633 | ppl     37.84
[2022-04-10 13:15:41.491] E036 |  1391/1391 batches | lr 0.0000 | loss  3.679 | ppl     39.59
[2022-04-10 13:15:51.326] End E036 | valid loss  4.880; ppl    131.63 | accu 0.2552 = 85014/333140
[2022-04-10 13:15:53.107] End E036 |  test loss  9.224; ppl  10132.56 | accu 0.0762 = 4620/60620 ../data/adult_test.txt
[2022-04-10 13:15:54.964] End E036 |  test loss  5.805; ppl    331.80 | accu 0.2291 = 14688/64100 ../data/adolescent_valid.txt
[2022-04-10 13:16:02.718] End E036 |  test loss  4.661; ppl    105.69 | accu 0.2614 = 70309/269000 ../data/cbt_valid.txt
[2022-04-10 13:16:02.718] Epoch 037/40 ==================================================
[2022-04-10 13:16:13.863] E037 |   200/1391 batches | lr 0.0000 | loss  3.806 | ppl     44.96
[2022-04-10 13:16:25.059] E037 |   400/1391 batches | lr 0.0000 | loss  3.763 | ppl     43.09
[2022-04-10 13:16:36.282] E037 |   600/1391 batches | lr 0.0000 | loss  3.743 | ppl     42.21
[2022-04-10 13:16:47.441] E037 |   800/1391 batches | lr 0.0000 | loss  3.707 | ppl     40.75
[2022-04-10 13:16:58.618] E037 |  1000/1391 batches | lr 0.0000 | loss  3.691 | ppl     40.09
[2022-04-10 13:17:09.797] E037 |  1200/1391 batches | lr 0.0000 | loss  3.633 | ppl     37.83
[2022-04-10 13:17:20.540] E037 |  1391/1391 batches | lr 0.0000 | loss  3.676 | ppl     39.50
[2022-04-10 13:17:30.471] End E037 | valid loss  4.880; ppl    131.63 | accu 0.2552 = 85014/333140
[2022-04-10 13:17:32.255] End E037 |  test loss  9.224; ppl  10132.56 | accu 0.0762 = 4620/60620 ../data/adult_test.txt
[2022-04-10 13:17:34.123] End E037 |  test loss  5.805; ppl    331.80 | accu 0.2291 = 14688/64100 ../data/adolescent_valid.txt
[2022-04-10 13:17:41.874] End E037 |  test loss  4.661; ppl    105.69 | accu 0.2614 = 70309/269000 ../data/cbt_valid.txt
[2022-04-10 13:17:41.874] Epoch 038/40 ==================================================
[2022-04-10 13:17:52.999] E038 |   200/1391 batches | lr 0.0000 | loss  3.797 | ppl     44.55
[2022-04-10 13:18:04.165] E038 |   400/1391 batches | lr 0.0000 | loss  3.755 | ppl     42.74
[2022-04-10 13:18:15.323] E038 |   600/1391 batches | lr 0.0000 | loss  3.741 | ppl     42.16
[2022-04-10 13:18:26.519] E038 |   800/1391 batches | lr 0.0000 | loss  3.707 | ppl     40.73
[2022-04-10 13:18:37.725] E038 |  1000/1391 batches | lr 0.0000 | loss  3.694 | ppl     40.22
[2022-04-10 13:18:48.595] E038 |  1200/1391 batches | lr 0.0000 | loss  3.635 | ppl     37.91
[2022-04-10 13:18:59.121] E038 |  1391/1391 batches | lr 0.0000 | loss  3.681 | ppl     39.67
[2022-04-10 13:19:08.919] End E038 | valid loss  4.880; ppl    131.63 | accu 0.2552 = 85014/333140
[2022-04-10 13:19:10.689] End E038 |  test loss  9.224; ppl  10132.56 | accu 0.0762 = 4620/60620 ../data/adult_test.txt
[2022-04-10 13:19:12.568] End E038 |  test loss  5.805; ppl    331.80 | accu 0.2291 = 14688/64100 ../data/adolescent_valid.txt
[2022-04-10 13:19:20.387] End E038 |  test loss  4.661; ppl    105.69 | accu 0.2614 = 70309/269000 ../data/cbt_valid.txt
[2022-04-10 13:19:20.387] Epoch 039/40 ==================================================
[2022-04-10 13:19:31.519] E039 |   200/1391 batches | lr 0.0000 | loss  3.795 | ppl     44.47
[2022-04-10 13:19:42.901] E039 |   400/1391 batches | lr 0.0000 | loss  3.758 | ppl     42.88
[2022-04-10 13:19:54.154] E039 |   600/1391 batches | lr 0.0000 | loss  3.742 | ppl     42.19
[2022-04-10 13:20:05.328] E039 |   800/1391 batches | lr 0.0000 | loss  3.711 | ppl     40.90
[2022-04-10 13:20:16.497] E039 |  1000/1391 batches | lr 0.0000 | loss  3.694 | ppl     40.20
[2022-04-10 13:20:27.678] E039 |  1200/1391 batches | lr 0.0000 | loss  3.631 | ppl     37.76
[2022-04-10 13:20:38.313] E039 |  1391/1391 batches | lr 0.0000 | loss  3.676 | ppl     39.47
[2022-04-10 13:20:48.135] End E039 | valid loss  4.880; ppl    131.63 | accu 0.2552 = 85014/333140
[2022-04-10 13:20:49.916] End E039 |  test loss  9.224; ppl  10132.56 | accu 0.0762 = 4620/60620 ../data/adult_test.txt
[2022-04-10 13:20:51.790] End E039 |  test loss  5.805; ppl    331.80 | accu 0.2291 = 14688/64100 ../data/adolescent_valid.txt
[2022-04-10 13:20:59.588] End E039 |  test loss  4.661; ppl    105.69 | accu 0.2614 = 70309/269000 ../data/cbt_valid.txt
[2022-04-10 13:20:59.588] Epoch 040/40 ==================================================
[2022-04-10 13:21:10.678] E040 |   200/1391 batches | lr 0.0000 | loss  3.797 | ppl     44.59
[2022-04-10 13:21:21.757] E040 |   400/1391 batches | lr 0.0000 | loss  3.758 | ppl     42.85
[2022-04-10 13:21:32.923] E040 |   600/1391 batches | lr 0.0000 | loss  3.742 | ppl     42.20
[2022-04-10 13:21:44.108] E040 |   800/1391 batches | lr 0.0000 | loss  3.708 | ppl     40.76
[2022-04-10 13:21:55.800] E040 |  1000/1391 batches | lr 0.0000 | loss  3.696 | ppl     40.28
[2022-04-10 13:22:07.238] E040 |  1200/1391 batches | lr 0.0000 | loss  3.632 | ppl     37.77
[2022-04-10 13:22:18.041] E040 |  1391/1391 batches | lr 0.0000 | loss  3.677 | ppl     39.52
[2022-04-10 13:22:27.867] End E040 | valid loss  4.880; ppl    131.63 | accu 0.2552 = 85014/333140
[2022-04-10 13:22:29.644] End E040 |  test loss  9.224; ppl  10132.56 | accu 0.0762 = 4620/60620 ../data/adult_test.txt
[2022-04-10 13:22:31.512] End E040 |  test loss  5.805; ppl    331.80 | accu 0.2291 = 14688/64100 ../data/adolescent_valid.txt
[2022-04-10 13:22:39.307] End E040 |  test loss  4.661; ppl    105.69 | accu 0.2614 = 70309/269000 ../data/cbt_valid.txt
[2022-04-10 13:22:41.140] End. test loss  9.20; ppl  9878.29 | accu 0.0772 = 4680/60620 ../data/adult_test.txt
[2022-04-10 13:22:43.000] End. test loss  5.80; ppl   329.71 | accu 0.2285 = 14645/64100 ../data/adolescent_valid.txt
[2022-04-10 13:22:50.746] End. test loss  4.66; ppl   105.68 | accu 0.2600 = 69928/269000 ../data/cbt_valid.txt
[2022-04-10 13:22:50.746] =========================================================================================
