[2022-04-10 14:03:18.212] corpus.train_file_list: 2
[2022-04-10 14:03:18.212]         ../data/cbt_train.txt
[2022-04-10 14:03:18.212]         ../data/adolescent_train.txt
[2022-04-10 14:03:18.212] corpus.valid_file_list: 2
[2022-04-10 14:03:18.212]         ../data/cbt_valid.txt
[2022-04-10 14:03:18.212]         ../data/adolescent_valid.txt
[2022-04-10 14:03:18.212] corpus.test_file_list: 3
[2022-04-10 14:03:18.212]         ../data/adult_test.txt
[2022-04-10 14:03:18.212]         ../data/adolescent_valid.txt
[2022-04-10 14:03:18.212]         ../data/cbt_valid.txt
[2022-04-10 14:03:18.212] corpus.subword_vocab_size: 500
[2022-04-10 14:03:18.212] corpus.subword_model.train(4 files)...
[2022-04-10 14:03:18.212]         ../data/cbt_train.txt
[2022-04-10 14:03:18.212]         ../data/adolescent_train.txt
[2022-04-10 14:03:18.212]         ../data/cbt_valid.txt
[2022-04-10 14:03:18.212]         ../data/adolescent_valid.txt
[2022-04-10 14:03:18.663] corpus.subword_model.train(4 files)...Done
[2022-04-10 14:03:18.663] corpus tokenize...
[2022-04-10 14:03:21.690]         train tokens: 1173083  ../data/cbt_train.txt
[2022-04-10 14:03:23.060]         train tokens: 512558  ../data/adolescent_train.txt
[2022-04-10 14:03:24.189]         valid tokens: 453306  ../data/cbt_valid.txt
[2022-04-10 14:03:24.550]         valid tokens: 131218  ../data/adolescent_valid.txt
[2022-04-10 14:03:24.869]         test  tokens: 142994  ../data/adult_test.txt
[2022-04-10 14:03:25.249]         test  tokens: 131218  ../data/adolescent_valid.txt
[2022-04-10 14:03:26.378]         test  tokens: 453306  ../data/cbt_valid.txt
[2022-04-10 14:03:26.379] corpus.ntokens      : 496
[2022-04-10 14:03:26.379] corpus.char_count   : 101
[2022-04-10 14:03:26.379] corpus.char_cnt_dict: 101
[2022-04-10 14:03:26.379] corpus.char_id_dict : 101
[2022-04-10 14:03:26.397] corpus.batchify(2 files, batch_size=20)...
[2022-04-10 14:03:26.397]         tokens_all: 1685641
[2022-04-10 14:03:26.397]         batched   :  84282
[2022-04-10 14:03:26.397]         ../data/cbt_train.txt
[2022-04-10 14:03:26.397]         ../data/adolescent_train.txt
[2022-04-10 14:03:26.403] corpus.batchify(2 files, batch_size=20)...
[2022-04-10 14:03:26.403]         tokens_all: 584524
[2022-04-10 14:03:26.403]         batched   :  29226
[2022-04-10 14:03:26.403]         ../data/cbt_valid.txt
[2022-04-10 14:03:26.404]         ../data/adolescent_valid.txt
[2022-04-10 14:03:26.406] corpus.batchify(1 files, batch_size=20)...
[2022-04-10 14:03:26.406]         tokens_all: 142994
[2022-04-10 14:03:26.406]         batched   :   7149
[2022-04-10 14:03:26.407]         ../data/adult_test.txt
[2022-04-10 14:03:26.408] corpus.batchify(1 files, batch_size=20)...
[2022-04-10 14:03:26.408]         tokens_all: 131218
[2022-04-10 14:03:26.408]         batched   :   6560
[2022-04-10 14:03:26.408]         ../data/adolescent_valid.txt
[2022-04-10 14:03:26.412] corpus.batchify(1 files, batch_size=20)...
[2022-04-10 14:03:26.412]         tokens_all: 453306
[2022-04-10 14:03:26.412]         batched   :  22665
[2022-04-10 14:03:26.412]         ../data/cbt_valid.txt
[2022-04-10 14:03:26.421] RNNModel.rnn_type: LSTM
[2022-04-10 14:03:26.421] RNNModel.ntoken  : 496
[2022-04-10 14:03:26.421] RNNModel.ninp    : 200
[2022-04-10 14:03:26.421] RNNModel.nhid    : 200
[2022-04-10 14:03:26.421] RNNModel.nlayers : 2
[2022-04-10 14:03:26.421] RNNModel.dropout : 0.2
[2022-04-10 14:03:26.421] RNNModel.tie_weights: False
[2022-04-10 14:03:26.421] RNNModel.char_mode  : 
[2022-04-10 14:03:26.421] RNNModel.char_cnt   : 102
[2022-04-10 14:03:26.421] RNNModel.char_emsize: 25
[2022-04-10 14:03:26.422] RNNModel.char_nhid  : 200
[2022-04-10 14:03:26.422] RNNModel will not use char-encoding
[2022-04-10 14:03:26.424] Epoch 001/40 ==================================================
[2022-04-10 14:03:29.875] E001 |   200/2408 batches | lr 20.0000 | loss  5.356 | ppl    211.85
[2022-04-10 14:03:33.334] E001 |   400/2408 batches | lr 20.0000 | loss  4.785 | ppl    119.74
[2022-04-10 14:03:36.810] E001 |   600/2408 batches | lr 20.0000 | loss  4.400 | ppl     81.46
[2022-04-10 14:03:40.272] E001 |   800/2408 batches | lr 20.0000 | loss  4.156 | ppl     63.85
[2022-04-10 14:03:43.703] E001 |  1000/2408 batches | lr 20.0000 | loss  3.966 | ppl     52.75
[2022-04-10 14:03:47.135] E001 |  1200/2408 batches | lr 20.0000 | loss  3.858 | ppl     47.38
[2022-04-10 14:03:50.799] E001 |  1400/2408 batches | lr 20.0000 | loss  3.723 | ppl     41.41
[2022-04-10 14:03:54.215] E001 |  1600/2408 batches | lr 20.0000 | loss  3.641 | ppl     38.12
[2022-04-10 14:03:57.727] E001 |  1800/2408 batches | lr 20.0000 | loss  3.614 | ppl     37.13
[2022-04-10 14:04:01.181] E001 |  2000/2408 batches | lr 20.0000 | loss  3.566 | ppl     35.39
[2022-04-10 14:04:04.623] E001 |  2200/2408 batches | lr 20.0000 | loss  3.560 | ppl     35.17
[2022-04-10 14:04:08.137] E001 |  2400/2408 batches | lr 20.0000 | loss  3.533 | ppl     34.24
[2022-04-10 14:04:08.273] E001 |  2408/2408 batches | lr 20.0000 | loss  3.475 | ppl     32.30
[2022-04-10 14:04:18.268] End E001 | valid loss  3.675; ppl     39.44 | accu 0.2442 = 142709/584500
[2022-04-10 14:04:20.707] End E001 |  test loss  4.988; ppl    146.69 | accu 0.1078 = 15405/142960 ../data/adult_test.txt
[2022-04-10 14:04:22.949] End E001 |  test loss  3.801; ppl     44.74 | accu 0.2247 = 29471/131180 ../data/adolescent_valid.txt
[2022-04-10 14:04:30.735] End E001 |  test loss  3.641; ppl     38.11 | accu 0.2496 = 113132/453280 ../data/cbt_valid.txt
[2022-04-10 14:04:30.735] Save: model.pt... 
[2022-04-10 14:04:30.746] Save: model.pt...Done. best_val_loss: 3.6747
[2022-04-10 14:04:30.747] Epoch 002/40 ==================================================
[2022-04-10 14:04:34.250] E002 |   200/2408 batches | lr 20.0000 | loss  3.472 | ppl     32.21
[2022-04-10 14:04:37.754] E002 |   400/2408 batches | lr 20.0000 | loss  3.456 | ppl     31.69
[2022-04-10 14:04:41.235] E002 |   600/2408 batches | lr 20.0000 | loss  3.426 | ppl     30.76
[2022-04-10 14:04:44.688] E002 |   800/2408 batches | lr 20.0000 | loss  3.424 | ppl     30.68
[2022-04-10 14:04:48.194] E002 |  1000/2408 batches | lr 20.0000 | loss  3.390 | ppl     29.68
[2022-04-10 14:04:51.666] E002 |  1200/2408 batches | lr 20.0000 | loss  3.409 | ppl     30.23
[2022-04-10 14:04:55.153] E002 |  1400/2408 batches | lr 20.0000 | loss  3.369 | ppl     29.05
[2022-04-10 14:04:58.674] E002 |  1600/2408 batches | lr 20.0000 | loss  3.357 | ppl     28.70
[2022-04-10 14:05:02.156] E002 |  1800/2408 batches | lr 20.0000 | loss  3.370 | ppl     29.08
[2022-04-10 14:05:05.617] E002 |  2000/2408 batches | lr 20.0000 | loss  3.352 | ppl     28.56
[2022-04-10 14:05:09.080] E002 |  2200/2408 batches | lr 20.0000 | loss  3.375 | ppl     29.24
[2022-04-10 14:05:12.790] E002 |  2400/2408 batches | lr 20.0000 | loss  3.373 | ppl     29.16
[2022-04-10 14:05:12.947] E002 |  2408/2408 batches | lr 20.0000 | loss  3.340 | ppl     28.22
[2022-04-10 14:05:22.939] End E002 | valid loss  3.583; ppl     35.99 | accu 0.2654 = 155153/584500
[2022-04-10 14:05:25.355] End E002 |  test loss  4.745; ppl    114.97 | accu 0.1412 = 20187/142960 ../data/adult_test.txt
[2022-04-10 14:05:27.588] End E002 |  test loss  3.880; ppl     48.41 | accu 0.2374 = 31144/131180 ../data/adolescent_valid.txt
[2022-04-10 14:05:35.271] End E002 |  test loss  3.497; ppl     33.02 | accu 0.2736 = 124009/453280 ../data/cbt_valid.txt
[2022-04-10 14:05:35.271] Save: model.pt... 
[2022-04-10 14:05:35.282] Save: model.pt...Done. best_val_loss: 3.5831
[2022-04-10 14:05:35.282] Epoch 003/40 ==================================================
[2022-04-10 14:05:38.882] E003 |   200/2408 batches | lr 20.0000 | loss  3.332 | ppl     28.00
[2022-04-10 14:05:42.369] E003 |   400/2408 batches | lr 20.0000 | loss  3.326 | ppl     27.83
[2022-04-10 14:05:45.850] E003 |   600/2408 batches | lr 20.0000 | loss  3.310 | ppl     27.38
[2022-04-10 14:05:49.303] E003 |   800/2408 batches | lr 20.0000 | loss  3.319 | ppl     27.63
[2022-04-10 14:05:52.750] E003 |  1000/2408 batches | lr 20.0000 | loss  3.295 | ppl     26.97
[2022-04-10 14:05:56.234] E003 |  1200/2408 batches | lr 20.0000 | loss  3.326 | ppl     27.83
[2022-04-10 14:05:59.678] E003 |  1400/2408 batches | lr 20.0000 | loss  3.294 | ppl     26.95
[2022-04-10 14:06:03.142] E003 |  1600/2408 batches | lr 20.0000 | loss  3.284 | ppl     26.67
[2022-04-10 14:06:06.600] E003 |  1800/2408 batches | lr 20.0000 | loss  3.305 | ppl     27.26
[2022-04-10 14:06:10.072] E003 |  2000/2408 batches | lr 20.0000 | loss  3.291 | ppl     26.87
[2022-04-10 14:06:13.516] E003 |  2200/2408 batches | lr 20.0000 | loss  3.315 | ppl     27.52
[2022-04-10 14:06:16.978] E003 |  2400/2408 batches | lr 20.0000 | loss  3.320 | ppl     27.66
[2022-04-10 14:06:17.116] E003 |  2408/2408 batches | lr 20.0000 | loss  3.267 | ppl     26.23
[2022-04-10 14:06:27.092] End E003 | valid loss  3.535; ppl     34.31 | accu 0.2746 = 160509/584500
[2022-04-10 14:06:29.533] End E003 |  test loss  4.791; ppl    120.40 | accu 0.1503 = 21492/142960 ../data/adult_test.txt
[2022-04-10 14:06:31.781] End E003 |  test loss  3.819; ppl     45.54 | accu 0.2439 = 31998/131180 ../data/adolescent_valid.txt
[2022-04-10 14:06:39.523] End E003 |  test loss  3.454; ppl     31.63 | accu 0.2834 = 128477/453280 ../data/cbt_valid.txt
[2022-04-10 14:06:39.523] Save: model.pt... 
[2022-04-10 14:06:39.536] Save: model.pt...Done. best_val_loss: 3.5353
[2022-04-10 14:06:39.536] Epoch 004/40 ==================================================
[2022-04-10 14:06:43.024] E004 |   200/2408 batches | lr 20.0000 | loss  3.276 | ppl     26.47
[2022-04-10 14:06:46.545] E004 |   400/2408 batches | lr 20.0000 | loss  3.274 | ppl     26.42
[2022-04-10 14:06:50.029] E004 |   600/2408 batches | lr 20.0000 | loss  3.264 | ppl     26.16
[2022-04-10 14:06:53.519] E004 |   800/2408 batches | lr 20.0000 | loss  3.277 | ppl     26.50
[2022-04-10 14:06:57.046] E004 |  1000/2408 batches | lr 20.0000 | loss  3.255 | ppl     25.93
[2022-04-10 14:07:00.546] E004 |  1200/2408 batches | lr 20.0000 | loss  3.288 | ppl     26.79
[2022-04-10 14:07:04.007] E004 |  1400/2408 batches | lr 20.0000 | loss  3.267 | ppl     26.24
[2022-04-10 14:07:07.477] E004 |  1600/2408 batches | lr 20.0000 | loss  3.255 | ppl     25.93
[2022-04-10 14:07:10.940] E004 |  1800/2408 batches | lr 20.0000 | loss  3.277 | ppl     26.48
[2022-04-10 14:07:14.416] E004 |  2000/2408 batches | lr 20.0000 | loss  3.261 | ppl     26.08
[2022-04-10 14:07:17.894] E004 |  2200/2408 batches | lr 20.0000 | loss  3.291 | ppl     26.88
[2022-04-10 14:07:21.379] E004 |  2400/2408 batches | lr 20.0000 | loss  3.298 | ppl     27.05
[2022-04-10 14:07:21.517] E004 |  2408/2408 batches | lr 20.0000 | loss  3.248 | ppl     25.73
[2022-04-10 14:07:31.544] End E004 | valid loss  3.467; ppl     32.03 | accu 0.2786 = 162850/584500
[2022-04-10 14:07:33.989] End E004 |  test loss  4.786; ppl    119.83 | accu 0.1373 = 19627/142960 ../data/adult_test.txt
[2022-04-10 14:07:36.239] End E004 |  test loss  3.645; ppl     38.29 | accu 0.2574 = 33763/131180 ../data/adolescent_valid.txt
[2022-04-10 14:07:43.965] End E004 |  test loss  3.436; ppl     31.08 | accu 0.2837 = 128613/453280 ../data/cbt_valid.txt
[2022-04-10 14:07:43.966] Save: model.pt... 
[2022-04-10 14:07:43.977] Save: model.pt...Done. best_val_loss: 3.4668
[2022-04-10 14:07:43.977] Epoch 005/40 ==================================================
[2022-04-10 14:07:47.451] E005 |   200/2408 batches | lr 20.0000 | loss  3.248 | ppl     25.73
[2022-04-10 14:07:50.926] E005 |   400/2408 batches | lr 20.0000 | loss  3.253 | ppl     25.86
[2022-04-10 14:07:54.385] E005 |   600/2408 batches | lr 20.0000 | loss  3.241 | ppl     25.57
[2022-04-10 14:07:57.872] E005 |   800/2408 batches | lr 20.0000 | loss  3.252 | ppl     25.83
[2022-04-10 14:08:01.372] E005 |  1000/2408 batches | lr 20.0000 | loss  3.234 | ppl     25.39
[2022-04-10 14:08:04.826] E005 |  1200/2408 batches | lr 20.0000 | loss  3.267 | ppl     26.25
[2022-04-10 14:08:08.289] E005 |  1400/2408 batches | lr 20.0000 | loss  3.246 | ppl     25.69
[2022-04-10 14:08:11.781] E005 |  1600/2408 batches | lr 20.0000 | loss  3.238 | ppl     25.49
[2022-04-10 14:08:15.226] E005 |  1800/2408 batches | lr 20.0000 | loss  3.259 | ppl     26.02
[2022-04-10 14:08:18.671] E005 |  2000/2408 batches | lr 20.0000 | loss  3.249 | ppl     25.76
[2022-04-10 14:08:22.142] E005 |  2200/2408 batches | lr 20.0000 | loss  3.278 | ppl     26.53
[2022-04-10 14:08:25.593] E005 |  2400/2408 batches | lr 20.0000 | loss  3.281 | ppl     26.61
[2022-04-10 14:08:25.730] E005 |  2408/2408 batches | lr 20.0000 | loss  3.244 | ppl     25.63
[2022-04-10 14:08:35.645] End E005 | valid loss  3.496; ppl     32.97 | accu 0.2809 = 164200/584500
[2022-04-10 14:08:38.091] End E005 |  test loss  4.795; ppl    120.85 | accu 0.1541 = 22032/142960 ../data/adult_test.txt
[2022-04-10 14:08:40.325] End E005 |  test loss  3.843; ppl     46.66 | accu 0.2483 = 32571/131180 ../data/adolescent_valid.txt
[2022-04-10 14:08:48.093] End E005 |  test loss  3.413; ppl     30.37 | accu 0.2892 = 131073/453280 ../data/cbt_valid.txt
[2022-04-10 14:08:48.093] Epoch 006/40 ==================================================
[2022-04-10 14:08:51.547] E006 |   200/2408 batches | lr 10.0000 | loss  3.210 | ppl     24.78
[2022-04-10 14:08:55.013] E006 |   400/2408 batches | lr 10.0000 | loss  3.191 | ppl     24.32
[2022-04-10 14:08:58.499] E006 |   600/2408 batches | lr 10.0000 | loss  3.164 | ppl     23.65
[2022-04-10 14:09:02.044] E006 |   800/2408 batches | lr 10.0000 | loss  3.165 | ppl     23.69
[2022-04-10 14:09:05.530] E006 |  1000/2408 batches | lr 10.0000 | loss  3.137 | ppl     23.03
[2022-04-10 14:09:09.102] E006 |  1200/2408 batches | lr 10.0000 | loss  3.171 | ppl     23.82
[2022-04-10 14:09:12.596] E006 |  1400/2408 batches | lr 10.0000 | loss  3.140 | ppl     23.10
[2022-04-10 14:09:16.064] E006 |  1600/2408 batches | lr 10.0000 | loss  3.125 | ppl     22.77
[2022-04-10 14:09:19.556] E006 |  1800/2408 batches | lr 10.0000 | loss  3.147 | ppl     23.27
[2022-04-10 14:09:23.007] E006 |  2000/2408 batches | lr 10.0000 | loss  3.119 | ppl     22.63
[2022-04-10 14:09:26.474] E006 |  2200/2408 batches | lr 10.0000 | loss  3.152 | ppl     23.39
[2022-04-10 14:09:29.951] E006 |  2400/2408 batches | lr 10.0000 | loss  3.154 | ppl     23.43
[2022-04-10 14:09:30.095] E006 |  2408/2408 batches | lr 10.0000 | loss  3.125 | ppl     22.76
[2022-04-10 14:09:40.079] End E006 | valid loss  3.371; ppl     29.11 | accu 0.3020 = 176548/584500
[2022-04-10 14:09:42.498] End E006 |  test loss  4.702; ppl    110.15 | accu 0.1700 = 24307/142960 ../data/adult_test.txt
[2022-04-10 14:09:44.726] End E006 |  test loss  3.653; ppl     38.57 | accu 0.2715 = 35621/131180 ../data/adolescent_valid.txt
[2022-04-10 14:09:52.430] End E006 |  test loss  3.305; ppl     27.25 | accu 0.3096 = 140322/453280 ../data/cbt_valid.txt
[2022-04-10 14:09:52.431] Save: model.pt... 
[2022-04-10 14:09:52.441] Save: model.pt...Done. best_val_loss: 3.3709
[2022-04-10 14:09:52.442] Epoch 007/40 ==================================================
[2022-04-10 14:09:55.918] E007 |   200/2408 batches | lr 10.0000 | loss  3.125 | ppl     22.76
[2022-04-10 14:09:59.385] E007 |   400/2408 batches | lr 10.0000 | loss  3.127 | ppl     22.80
[2022-04-10 14:10:02.901] E007 |   600/2408 batches | lr 10.0000 | loss  3.107 | ppl     22.36
[2022-04-10 14:10:06.400] E007 |   800/2408 batches | lr 10.0000 | loss  3.118 | ppl     22.59
[2022-04-10 14:10:09.885] E007 |  1000/2408 batches | lr 10.0000 | loss  3.093 | ppl     22.04
[2022-04-10 14:10:13.325] E007 |  1200/2408 batches | lr 10.0000 | loss  3.132 | ppl     22.91
[2022-04-10 14:10:16.782] E007 |  1400/2408 batches | lr 10.0000 | loss  3.109 | ppl     22.39
[2022-04-10 14:10:20.249] E007 |  1600/2408 batches | lr 10.0000 | loss  3.092 | ppl     22.03
[2022-04-10 14:10:23.722] E007 |  1800/2408 batches | lr 10.0000 | loss  3.114 | ppl     22.50
[2022-04-10 14:10:27.231] E007 |  2000/2408 batches | lr 10.0000 | loss  3.096 | ppl     22.11
[2022-04-10 14:10:30.711] E007 |  2200/2408 batches | lr 10.0000 | loss  3.130 | ppl     22.87
[2022-04-10 14:10:34.144] E007 |  2400/2408 batches | lr 10.0000 | loss  3.137 | ppl     23.03
[2022-04-10 14:10:34.283] E007 |  2408/2408 batches | lr 10.0000 | loss  3.081 | ppl     21.78
[2022-04-10 14:10:44.203] End E007 | valid loss  3.370; ppl     29.08 | accu 0.3038 = 177583/584500
[2022-04-10 14:10:46.626] End E007 |  test loss  4.738; ppl    114.16 | accu 0.1618 = 23137/142960 ../data/adult_test.txt
[2022-04-10 14:10:48.846] End E007 |  test loss  3.666; ppl     39.11 | accu 0.2720 = 35686/131180 ../data/adolescent_valid.txt
[2022-04-10 14:10:56.522] End E007 |  test loss  3.297; ppl     27.02 | accu 0.3120 = 141417/453280 ../data/cbt_valid.txt
[2022-04-10 14:10:56.522] Save: model.pt... 
[2022-04-10 14:10:56.533] Save: model.pt...Done. best_val_loss: 3.3699
[2022-04-10 14:10:56.533] Epoch 008/40 ==================================================
[2022-04-10 14:10:59.987] E008 |   200/2408 batches | lr 10.0000 | loss  3.103 | ppl     22.27
[2022-04-10 14:11:03.504] E008 |   400/2408 batches | lr 10.0000 | loss  3.101 | ppl     22.21
[2022-04-10 14:11:06.977] E008 |   600/2408 batches | lr 10.0000 | loss  3.088 | ppl     21.93
[2022-04-10 14:11:10.467] E008 |   800/2408 batches | lr 10.0000 | loss  3.101 | ppl     22.22
[2022-04-10 14:11:13.910] E008 |  1000/2408 batches | lr 10.0000 | loss  3.075 | ppl     21.64
[2022-04-10 14:11:17.418] E008 |  1200/2408 batches | lr 10.0000 | loss  3.111 | ppl     22.44
[2022-04-10 14:11:20.890] E008 |  1400/2408 batches | lr 10.0000 | loss  3.088 | ppl     21.92
[2022-04-10 14:11:24.347] E008 |  1600/2408 batches | lr 10.0000 | loss  3.079 | ppl     21.74
[2022-04-10 14:11:27.820] E008 |  1800/2408 batches | lr 10.0000 | loss  3.098 | ppl     22.16
[2022-04-10 14:11:31.290] E008 |  2000/2408 batches | lr 10.0000 | loss  3.084 | ppl     21.84
[2022-04-10 14:11:34.735] E008 |  2200/2408 batches | lr 10.0000 | loss  3.114 | ppl     22.51
[2022-04-10 14:11:38.212] E008 |  2400/2408 batches | lr 10.0000 | loss  3.118 | ppl     22.61
[2022-04-10 14:11:38.349] E008 |  2408/2408 batches | lr 10.0000 | loss  3.079 | ppl     21.74
[2022-04-10 14:11:48.365] End E008 | valid loss  3.353; ppl     28.59 | accu 0.3058 = 178742/584500
[2022-04-10 14:11:50.799] End E008 |  test loss  4.717; ppl    111.89 | accu 0.1683 = 24055/142960 ../data/adult_test.txt
[2022-04-10 14:11:53.052] End E008 |  test loss  3.612; ppl     37.04 | accu 0.2788 = 36567/131180 ../data/adolescent_valid.txt
[2022-04-10 14:12:00.778] End E008 |  test loss  3.291; ppl     26.88 | accu 0.3124 = 141618/453280 ../data/cbt_valid.txt
[2022-04-10 14:12:00.778] Save: model.pt... 
[2022-04-10 14:12:00.789] Save: model.pt...Done. best_val_loss: 3.3532
[2022-04-10 14:12:00.789] Epoch 009/40 ==================================================
[2022-04-10 14:12:04.236] E009 |   200/2408 batches | lr 10.0000 | loss  3.083 | ppl     21.83
[2022-04-10 14:12:07.739] E009 |   400/2408 batches | lr 10.0000 | loss  3.088 | ppl     21.94
[2022-04-10 14:12:11.202] E009 |   600/2408 batches | lr 10.0000 | loss  3.071 | ppl     21.56
[2022-04-10 14:12:14.708] E009 |   800/2408 batches | lr 10.0000 | loss  3.083 | ppl     21.81
[2022-04-10 14:12:18.191] E009 |  1000/2408 batches | lr 10.0000 | loss  3.058 | ppl     21.28
[2022-04-10 14:12:21.679] E009 |  1200/2408 batches | lr 10.0000 | loss  3.098 | ppl     22.15
[2022-04-10 14:12:25.132] E009 |  1400/2408 batches | lr 10.0000 | loss  3.077 | ppl     21.69
[2022-04-10 14:12:28.610] E009 |  1600/2408 batches | lr 10.0000 | loss  3.065 | ppl     21.44
[2022-04-10 14:12:32.056] E009 |  1800/2408 batches | lr 10.0000 | loss  3.089 | ppl     21.95
[2022-04-10 14:12:35.579] E009 |  2000/2408 batches | lr 10.0000 | loss  3.071 | ppl     21.56
[2022-04-10 14:12:39.023] E009 |  2200/2408 batches | lr 10.0000 | loss  3.106 | ppl     22.32
[2022-04-10 14:12:42.501] E009 |  2400/2408 batches | lr 10.0000 | loss  3.110 | ppl     22.41
[2022-04-10 14:12:42.641] E009 |  2408/2408 batches | lr 10.0000 | loss  3.058 | ppl     21.29
[2022-04-10 14:12:52.628] End E009 | valid loss  3.321; ppl     27.69 | accu 0.3080 = 180029/584500
[2022-04-10 14:12:55.076] End E009 |  test loss  4.711; ppl    111.14 | accu 0.1714 = 24497/142960 ../data/adult_test.txt
[2022-04-10 14:12:57.317] End E009 |  test loss  3.508; ppl     33.39 | accu 0.2852 = 37417/131180 ../data/adolescent_valid.txt
[2022-04-10 14:13:05.062] End E009 |  test loss  3.280; ppl     26.58 | accu 0.3135 = 142103/453280 ../data/cbt_valid.txt
[2022-04-10 14:13:05.063] Save: model.pt... 
[2022-04-10 14:13:05.074] Save: model.pt...Done. best_val_loss: 3.3210
[2022-04-10 14:13:05.074] Epoch 010/40 ==================================================
[2022-04-10 14:13:08.561] E010 |   200/2408 batches | lr 10.0000 | loss  3.071 | ppl     21.57
[2022-04-10 14:13:12.060] E010 |   400/2408 batches | lr 10.0000 | loss  3.077 | ppl     21.69
[2022-04-10 14:13:15.673] E010 |   600/2408 batches | lr 10.0000 | loss  3.061 | ppl     21.36
[2022-04-10 14:13:19.217] E010 |   800/2408 batches | lr 10.0000 | loss  3.071 | ppl     21.57
[2022-04-10 14:13:22.672] E010 |  1000/2408 batches | lr 10.0000 | loss  3.051 | ppl     21.13
[2022-04-10 14:13:26.182] E010 |  1200/2408 batches | lr 10.0000 | loss  3.083 | ppl     21.83
[2022-04-10 14:13:29.643] E010 |  1400/2408 batches | lr 10.0000 | loss  3.064 | ppl     21.42
[2022-04-10 14:13:33.123] E010 |  1600/2408 batches | lr 10.0000 | loss  3.055 | ppl     21.23
[2022-04-10 14:13:36.610] E010 |  1800/2408 batches | lr 10.0000 | loss  3.082 | ppl     21.80
[2022-04-10 14:13:40.095] E010 |  2000/2408 batches | lr 10.0000 | loss  3.065 | ppl     21.43
[2022-04-10 14:13:43.538] E010 |  2200/2408 batches | lr 10.0000 | loss  3.098 | ppl     22.15
[2022-04-10 14:13:47.020] E010 |  2400/2408 batches | lr 10.0000 | loss  3.099 | ppl     22.17
[2022-04-10 14:13:47.157] E010 |  2408/2408 batches | lr 10.0000 | loss  3.061 | ppl     21.36
[2022-04-10 14:13:57.228] End E010 | valid loss  3.313; ppl     27.46 | accu 0.3094 = 180825/584500
[2022-04-10 14:13:59.677] End E010 |  test loss  4.709; ppl    110.99 | accu 0.1713 = 24491/142960 ../data/adult_test.txt
[2022-04-10 14:14:01.932] End E010 |  test loss  3.490; ppl     32.79 | accu 0.2855 = 37448/131180 ../data/adolescent_valid.txt
[2022-04-10 14:14:09.649] End E010 |  test loss  3.272; ppl     26.37 | accu 0.3153 = 142910/453280 ../data/cbt_valid.txt
[2022-04-10 14:14:09.649] Save: model.pt... 
[2022-04-10 14:14:09.660] Save: model.pt...Done. best_val_loss: 3.3128
[2022-04-10 14:14:09.660] Epoch 011/40 ==================================================
[2022-04-10 14:14:13.115] E011 |   200/2408 batches | lr 10.0000 | loss  3.062 | ppl     21.37
[2022-04-10 14:14:16.560] E011 |   400/2408 batches | lr 10.0000 | loss  3.065 | ppl     21.43
[2022-04-10 14:14:20.060] E011 |   600/2408 batches | lr 10.0000 | loss  3.051 | ppl     21.15
[2022-04-10 14:14:23.497] E011 |   800/2408 batches | lr 10.0000 | loss  3.064 | ppl     21.41
[2022-04-10 14:14:27.036] E011 |  1000/2408 batches | lr 10.0000 | loss  3.038 | ppl     20.85
[2022-04-10 14:14:30.533] E011 |  1200/2408 batches | lr 10.0000 | loss  3.075 | ppl     21.64
[2022-04-10 14:14:33.994] E011 |  1400/2408 batches | lr 10.0000 | loss  3.053 | ppl     21.18
[2022-04-10 14:14:37.479] E011 |  1600/2408 batches | lr 10.0000 | loss  3.046 | ppl     21.03
[2022-04-10 14:14:41.017] E011 |  1800/2408 batches | lr 10.0000 | loss  3.069 | ppl     21.52
[2022-04-10 14:14:44.453] E011 |  2000/2408 batches | lr 10.0000 | loss  3.058 | ppl     21.28
[2022-04-10 14:14:48.001] E011 |  2200/2408 batches | lr 10.0000 | loss  3.092 | ppl     22.02
[2022-04-10 14:14:51.486] E011 |  2400/2408 batches | lr 10.0000 | loss  3.093 | ppl     22.05
[2022-04-10 14:14:51.625] E011 |  2408/2408 batches | lr 10.0000 | loss  3.044 | ppl     21.00
[2022-04-10 14:15:01.596] End E011 | valid loss  3.290; ppl     26.85 | accu 0.3114 = 182038/584500
[2022-04-10 14:15:04.038] End E011 |  test loss  4.726; ppl    112.86 | accu 0.1653 = 23636/142960 ../data/adult_test.txt
[2022-04-10 14:15:06.288] End E011 |  test loss  3.378; ppl     29.32 | accu 0.2948 = 38672/131180 ../data/adolescent_valid.txt
[2022-04-10 14:15:13.992] End E011 |  test loss  3.269; ppl     26.28 | accu 0.3158 = 143142/453280 ../data/cbt_valid.txt
[2022-04-10 14:15:13.992] Save: model.pt... 
[2022-04-10 14:15:14.003] Save: model.pt...Done. best_val_loss: 3.2903
[2022-04-10 14:15:14.003] Epoch 012/40 ==================================================
[2022-04-10 14:15:17.479] E012 |   200/2408 batches | lr 10.0000 | loss  3.055 | ppl     21.22
[2022-04-10 14:15:20.920] E012 |   400/2408 batches | lr 10.0000 | loss  3.055 | ppl     21.22
[2022-04-10 14:15:24.394] E012 |   600/2408 batches | lr 10.0000 | loss  3.042 | ppl     20.94
[2022-04-10 14:15:27.854] E012 |   800/2408 batches | lr 10.0000 | loss  3.055 | ppl     21.22
[2022-04-10 14:15:31.324] E012 |  1000/2408 batches | lr 10.0000 | loss  3.032 | ppl     20.73
[2022-04-10 14:15:34.787] E012 |  1200/2408 batches | lr 10.0000 | loss  3.066 | ppl     21.46
[2022-04-10 14:15:38.264] E012 |  1400/2408 batches | lr 10.0000 | loss  3.050 | ppl     21.11
[2022-04-10 14:15:41.747] E012 |  1600/2408 batches | lr 10.0000 | loss  3.041 | ppl     20.92
[2022-04-10 14:15:45.291] E012 |  1800/2408 batches | lr 10.0000 | loss  3.065 | ppl     21.43
[2022-04-10 14:15:48.751] E012 |  2000/2408 batches | lr 10.0000 | loss  3.046 | ppl     21.04
[2022-04-10 14:15:52.242] E012 |  2200/2408 batches | lr 10.0000 | loss  3.081 | ppl     21.77
[2022-04-10 14:15:55.739] E012 |  2400/2408 batches | lr 10.0000 | loss  3.091 | ppl     21.99
[2022-04-10 14:15:55.875] E012 |  2408/2408 batches | lr 10.0000 | loss  3.036 | ppl     20.82
[2022-04-10 14:16:05.854] End E012 | valid loss  3.290; ppl     26.84 | accu 0.3118 = 182262/584500
[2022-04-10 14:16:08.280] End E012 |  test loss  4.729; ppl    113.19 | accu 0.1654 = 23642/142960 ../data/adult_test.txt
[2022-04-10 14:16:10.527] End E012 |  test loss  3.426; ppl     30.75 | accu 0.2911 = 38191/131180 ../data/adolescent_valid.txt
[2022-04-10 14:16:18.219] End E012 |  test loss  3.268; ppl     26.25 | accu 0.3167 = 143551/453280 ../data/cbt_valid.txt
[2022-04-10 14:16:18.219] Save: model.pt... 
[2022-04-10 14:16:18.230] Save: model.pt...Done. best_val_loss: 3.2900
[2022-04-10 14:16:18.230] Epoch 013/40 ==================================================
[2022-04-10 14:16:21.814] E013 |   200/2408 batches | lr 10.0000 | loss  3.051 | ppl     21.14
[2022-04-10 14:16:25.293] E013 |   400/2408 batches | lr 10.0000 | loss  3.052 | ppl     21.16
[2022-04-10 14:16:28.773] E013 |   600/2408 batches | lr 10.0000 | loss  3.035 | ppl     20.79
[2022-04-10 14:16:32.226] E013 |   800/2408 batches | lr 10.0000 | loss  3.050 | ppl     21.11
[2022-04-10 14:16:35.699] E013 |  1000/2408 batches | lr 10.0000 | loss  3.026 | ppl     20.62
[2022-04-10 14:16:39.235] E013 |  1200/2408 batches | lr 10.0000 | loss  3.063 | ppl     21.39
[2022-04-10 14:16:42.758] E013 |  1400/2408 batches | lr 10.0000 | loss  3.041 | ppl     20.94
[2022-04-10 14:16:46.216] E013 |  1600/2408 batches | lr 10.0000 | loss  3.034 | ppl     20.78
[2022-04-10 14:16:49.707] E013 |  1800/2408 batches | lr 10.0000 | loss  3.061 | ppl     21.34
[2022-04-10 14:16:53.153] E013 |  2000/2408 batches | lr 10.0000 | loss  3.038 | ppl     20.86
[2022-04-10 14:16:56.620] E013 |  2200/2408 batches | lr 10.0000 | loss  3.076 | ppl     21.67
[2022-04-10 14:17:00.090] E013 |  2400/2408 batches | lr 10.0000 | loss  3.079 | ppl     21.74
[2022-04-10 14:17:00.228] E013 |  2408/2408 batches | lr 10.0000 | loss  3.040 | ppl     20.90
[2022-04-10 14:17:10.184] End E013 | valid loss  3.286; ppl     26.73 | accu 0.3124 = 182597/584500
[2022-04-10 14:17:12.607] End E013 |  test loss  4.711; ppl    111.17 | accu 0.1669 = 23864/142960 ../data/adult_test.txt
[2022-04-10 14:17:14.868] End E013 |  test loss  3.373; ppl     29.18 | accu 0.2946 = 38643/131180 ../data/adolescent_valid.txt
[2022-04-10 14:17:22.597] End E013 |  test loss  3.265; ppl     26.18 | accu 0.3171 = 143734/453280 ../data/cbt_valid.txt
[2022-04-10 14:17:22.597] Save: model.pt... 
[2022-04-10 14:17:22.608] Save: model.pt...Done. best_val_loss: 3.2857
[2022-04-10 14:17:22.608] Epoch 014/40 ==================================================
[2022-04-10 14:17:26.074] E014 |   200/2408 batches | lr 10.0000 | loss  3.041 | ppl     20.92
[2022-04-10 14:17:29.541] E014 |   400/2408 batches | lr 10.0000 | loss  3.048 | ppl     21.06
[2022-04-10 14:17:33.000] E014 |   600/2408 batches | lr 10.0000 | loss  3.033 | ppl     20.76
[2022-04-10 14:17:36.468] E014 |   800/2408 batches | lr 10.0000 | loss  3.043 | ppl     20.98
[2022-04-10 14:17:39.927] E014 |  1000/2408 batches | lr 10.0000 | loss  3.023 | ppl     20.55
[2022-04-10 14:17:43.399] E014 |  1200/2408 batches | lr 10.0000 | loss  3.059 | ppl     21.30
[2022-04-10 14:17:47.102] E014 |  1400/2408 batches | lr 10.0000 | loss  3.035 | ppl     20.79
[2022-04-10 14:17:50.895] E014 |  1600/2408 batches | lr 10.0000 | loss  3.028 | ppl     20.66
[2022-04-10 14:17:54.561] E014 |  1800/2408 batches | lr 10.0000 | loss  3.054 | ppl     21.19
[2022-04-10 14:17:58.085] E014 |  2000/2408 batches | lr 10.0000 | loss  3.038 | ppl     20.86
[2022-04-10 14:18:01.625] E014 |  2200/2408 batches | lr 10.0000 | loss  3.071 | ppl     21.56
[2022-04-10 14:18:05.107] E014 |  2400/2408 batches | lr 10.0000 | loss  3.078 | ppl     21.72
[2022-04-10 14:18:05.243] E014 |  2408/2408 batches | lr 10.0000 | loss  3.034 | ppl     20.77
[2022-04-10 14:18:15.388] End E014 | valid loss  3.276; ppl     26.47 | accu 0.3145 = 183808/584500
[2022-04-10 14:18:17.833] End E014 |  test loss  4.725; ppl    112.69 | accu 0.1735 = 24798/142960 ../data/adult_test.txt
[2022-04-10 14:18:20.076] End E014 |  test loss  3.379; ppl     29.35 | accu 0.2966 = 38907/131180 ../data/adolescent_valid.txt
[2022-04-10 14:18:27.800] End E014 |  test loss  3.256; ppl     25.96 | accu 0.3189 = 144561/453280 ../data/cbt_valid.txt
[2022-04-10 14:18:27.801] Save: model.pt... 
[2022-04-10 14:18:27.811] Save: model.pt...Done. best_val_loss: 3.2759
[2022-04-10 14:18:27.812] Epoch 015/40 ==================================================
[2022-04-10 14:18:31.325] E015 |   200/2408 batches | lr 10.0000 | loss  3.037 | ppl     20.85
[2022-04-10 14:18:34.774] E015 |   400/2408 batches | lr 10.0000 | loss  3.037 | ppl     20.84
[2022-04-10 14:18:38.262] E015 |   600/2408 batches | lr 10.0000 | loss  3.025 | ppl     20.60
[2022-04-10 14:18:41.757] E015 |   800/2408 batches | lr 10.0000 | loss  3.036 | ppl     20.82
[2022-04-10 14:18:45.236] E015 |  1000/2408 batches | lr 10.0000 | loss  3.016 | ppl     20.40
[2022-04-10 14:18:48.717] E015 |  1200/2408 batches | lr 10.0000 | loss  3.055 | ppl     21.23
[2022-04-10 14:18:52.220] E015 |  1400/2408 batches | lr 10.0000 | loss  3.031 | ppl     20.72
[2022-04-10 14:18:55.672] E015 |  1600/2408 batches | lr 10.0000 | loss  3.024 | ppl     20.58
[2022-04-10 14:18:59.116] E015 |  1800/2408 batches | lr 10.0000 | loss  3.045 | ppl     21.02
[2022-04-10 14:19:02.581] E015 |  2000/2408 batches | lr 10.0000 | loss  3.031 | ppl     20.73
[2022-04-10 14:19:06.026] E015 |  2200/2408 batches | lr 10.0000 | loss  3.065 | ppl     21.43
[2022-04-10 14:19:09.479] E015 |  2400/2408 batches | lr 10.0000 | loss  3.071 | ppl     21.57
[2022-04-10 14:19:09.617] E015 |  2408/2408 batches | lr 10.0000 | loss  3.033 | ppl     20.77
[2022-04-10 14:19:19.593] End E015 | valid loss  3.275; ppl     26.45 | accu 0.3170 = 185286/584500
[2022-04-10 14:19:22.049] End E015 |  test loss  4.707; ppl    110.71 | accu 0.1754 = 25075/142960 ../data/adult_test.txt
[2022-04-10 14:19:24.283] End E015 |  test loss  3.382; ppl     29.44 | accu 0.2988 = 39192/131180 ../data/adolescent_valid.txt
[2022-04-10 14:19:32.002] End E015 |  test loss  3.257; ppl     25.98 | accu 0.3214 = 145670/453280 ../data/cbt_valid.txt
[2022-04-10 14:19:32.002] Save: model.pt... 
[2022-04-10 14:19:32.013] Save: model.pt...Done. best_val_loss: 3.2751
[2022-04-10 14:19:32.013] Epoch 016/40 ==================================================
[2022-04-10 14:19:35.574] E016 |   200/2408 batches | lr 10.0000 | loss  3.031 | ppl     20.72
[2022-04-10 14:19:39.029] E016 |   400/2408 batches | lr 10.0000 | loss  3.033 | ppl     20.77
[2022-04-10 14:19:42.533] E016 |   600/2408 batches | lr 10.0000 | loss  3.021 | ppl     20.52
[2022-04-10 14:19:45.984] E016 |   800/2408 batches | lr 10.0000 | loss  3.037 | ppl     20.84
[2022-04-10 14:19:49.447] E016 |  1000/2408 batches | lr 10.0000 | loss  3.008 | ppl     20.25
[2022-04-10 14:19:52.944] E016 |  1200/2408 batches | lr 10.0000 | loss  3.045 | ppl     21.01
[2022-04-10 14:19:56.448] E016 |  1400/2408 batches | lr 10.0000 | loss  3.027 | ppl     20.63
[2022-04-10 14:19:59.893] E016 |  1600/2408 batches | lr 10.0000 | loss  3.019 | ppl     20.46
[2022-04-10 14:20:03.363] E016 |  1800/2408 batches | lr 10.0000 | loss  3.043 | ppl     20.97
[2022-04-10 14:20:06.821] E016 |  2000/2408 batches | lr 10.0000 | loss  3.025 | ppl     20.60
[2022-04-10 14:20:10.321] E016 |  2200/2408 batches | lr 10.0000 | loss  3.062 | ppl     21.38
[2022-04-10 14:20:13.785] E016 |  2400/2408 batches | lr 10.0000 | loss  3.071 | ppl     21.56
[2022-04-10 14:20:13.924] E016 |  2408/2408 batches | lr 10.0000 | loss  3.035 | ppl     20.81
[2022-04-10 14:20:23.978] End E016 | valid loss  3.274; ppl     26.42 | accu 0.3151 = 184196/584500
[2022-04-10 14:20:26.434] End E016 |  test loss  4.722; ppl    112.35 | accu 0.1712 = 24477/142960 ../data/adult_test.txt
[2022-04-10 14:20:28.682] End E016 |  test loss  3.377; ppl     29.29 | accu 0.2968 = 38935/131180 ../data/adolescent_valid.txt
[2022-04-10 14:20:36.457] End E016 |  test loss  3.253; ppl     25.86 | accu 0.3197 = 144906/453280 ../data/cbt_valid.txt
[2022-04-10 14:20:36.457] Save: model.pt... 
[2022-04-10 14:20:36.468] Save: model.pt...Done. best_val_loss: 3.2742
[2022-04-10 14:20:36.468] Epoch 017/40 ==================================================
[2022-04-10 14:20:40.029] E017 |   200/2408 batches | lr 10.0000 | loss  3.025 | ppl     20.59
[2022-04-10 14:20:43.568] E017 |   400/2408 batches | lr 10.0000 | loss  3.031 | ppl     20.73
[2022-04-10 14:20:47.143] E017 |   600/2408 batches | lr 10.0000 | loss  3.019 | ppl     20.47
[2022-04-10 14:20:50.610] E017 |   800/2408 batches | lr 10.0000 | loss  3.031 | ppl     20.71
[2022-04-10 14:20:54.072] E017 |  1000/2408 batches | lr 10.0000 | loss  3.011 | ppl     20.30
[2022-04-10 14:20:57.533] E017 |  1200/2408 batches | lr 10.0000 | loss  3.042 | ppl     20.95
[2022-04-10 14:21:01.005] E017 |  1400/2408 batches | lr 10.0000 | loss  3.022 | ppl     20.53
[2022-04-10 14:21:04.446] E017 |  1600/2408 batches | lr 10.0000 | loss  3.014 | ppl     20.36
[2022-04-10 14:21:07.900] E017 |  1800/2408 batches | lr 10.0000 | loss  3.043 | ppl     20.96
[2022-04-10 14:21:11.409] E017 |  2000/2408 batches | lr 10.0000 | loss  3.024 | ppl     20.57
[2022-04-10 14:21:14.873] E017 |  2200/2408 batches | lr 10.0000 | loss  3.061 | ppl     21.36
[2022-04-10 14:21:18.345] E017 |  2400/2408 batches | lr 10.0000 | loss  3.065 | ppl     21.44
[2022-04-10 14:21:18.481] E017 |  2408/2408 batches | lr 10.0000 | loss  3.038 | ppl     20.86
[2022-04-10 14:21:28.436] End E017 | valid loss  3.276; ppl     26.46 | accu 0.3150 = 184118/584500
[2022-04-10 14:21:30.901] End E017 |  test loss  4.706; ppl    110.65 | accu 0.1677 = 23981/142960 ../data/adult_test.txt
[2022-04-10 14:21:33.155] End E017 |  test loss  3.362; ppl     28.84 | accu 0.2963 = 38875/131180 ../data/adolescent_valid.txt
[2022-04-10 14:21:40.885] End E017 |  test loss  3.253; ppl     25.86 | accu 0.3202 = 145142/453280 ../data/cbt_valid.txt
[2022-04-10 14:21:40.885] Epoch 018/40 ==================================================
[2022-04-10 14:21:44.334] E018 |   200/2408 batches | lr 5.0000 | loss  3.016 | ppl     20.40
[2022-04-10 14:21:47.814] E018 |   400/2408 batches | lr 5.0000 | loss  3.018 | ppl     20.46
[2022-04-10 14:21:51.302] E018 |   600/2408 batches | lr 5.0000 | loss  2.996 | ppl     20.01
[2022-04-10 14:21:54.758] E018 |   800/2408 batches | lr 5.0000 | loss  2.995 | ppl     19.99
[2022-04-10 14:21:58.237] E018 |  1000/2408 batches | lr 5.0000 | loss  2.973 | ppl     19.56
[2022-04-10 14:22:01.706] E018 |  1200/2408 batches | lr 5.0000 | loss  3.010 | ppl     20.28
[2022-04-10 14:22:05.158] E018 |  1400/2408 batches | lr 5.0000 | loss  2.982 | ppl     19.73
[2022-04-10 14:22:08.604] E018 |  1600/2408 batches | lr 5.0000 | loss  2.969 | ppl     19.47
[2022-04-10 14:22:12.081] E018 |  1800/2408 batches | lr 5.0000 | loss  2.993 | ppl     19.94
[2022-04-10 14:22:15.532] E018 |  2000/2408 batches | lr 5.0000 | loss  2.973 | ppl     19.56
[2022-04-10 14:22:19.099] E018 |  2200/2408 batches | lr 5.0000 | loss  3.007 | ppl     20.23
[2022-04-10 14:22:22.560] E018 |  2400/2408 batches | lr 5.0000 | loss  3.009 | ppl     20.26
[2022-04-10 14:22:22.708] E018 |  2408/2408 batches | lr 5.0000 | loss  2.953 | ppl     19.15
[2022-04-10 14:22:32.708] End E018 | valid loss  3.229; ppl     25.26 | accu 0.3241 = 189456/584500
[2022-04-10 14:22:35.154] End E018 |  test loss  4.867; ppl    129.91 | accu 0.1588 = 22703/142960 ../data/adult_test.txt
[2022-04-10 14:22:37.409] End E018 |  test loss  3.299; ppl     27.08 | accu 0.3102 = 40690/131180 ../data/adolescent_valid.txt
[2022-04-10 14:22:45.154] End E018 |  test loss  3.212; ppl     24.82 | accu 0.3279 = 148622/453280 ../data/cbt_valid.txt
[2022-04-10 14:22:45.154] Save: model.pt... 
[2022-04-10 14:22:45.165] Save: model.pt...Done. best_val_loss: 3.2293
[2022-04-10 14:22:45.165] Epoch 019/40 ==================================================
[2022-04-10 14:22:48.675] E019 |   200/2408 batches | lr 5.0000 | loss  2.983 | ppl     19.74
[2022-04-10 14:22:52.195] E019 |   400/2408 batches | lr 5.0000 | loss  2.979 | ppl     19.68
[2022-04-10 14:22:55.671] E019 |   600/2408 batches | lr 5.0000 | loss  2.969 | ppl     19.47
[2022-04-10 14:22:59.142] E019 |   800/2408 batches | lr 5.0000 | loss  2.977 | ppl     19.63
[2022-04-10 14:23:02.650] E019 |  1000/2408 batches | lr 5.0000 | loss  2.955 | ppl     19.20
[2022-04-10 14:23:06.125] E019 |  1200/2408 batches | lr 5.0000 | loss  2.993 | ppl     19.94
[2022-04-10 14:23:09.569] E019 |  1400/2408 batches | lr 5.0000 | loss  2.968 | ppl     19.46
[2022-04-10 14:23:13.043] E019 |  1600/2408 batches | lr 5.0000 | loss  2.959 | ppl     19.28
[2022-04-10 14:23:16.535] E019 |  1800/2408 batches | lr 5.0000 | loss  2.985 | ppl     19.78
[2022-04-10 14:23:20.037] E019 |  2000/2408 batches | lr 5.0000 | loss  2.962 | ppl     19.33
[2022-04-10 14:23:23.531] E019 |  2200/2408 batches | lr 5.0000 | loss  2.997 | ppl     20.03
[2022-04-10 14:23:27.023] E019 |  2400/2408 batches | lr 5.0000 | loss  3.006 | ppl     20.20
[2022-04-10 14:23:27.161] E019 |  2408/2408 batches | lr 5.0000 | loss  2.968 | ppl     19.44
[2022-04-10 14:23:37.118] End E019 | valid loss  3.223; ppl     25.09 | accu 0.3256 = 190289/584500
[2022-04-10 14:23:39.563] End E019 |  test loss  4.800; ppl    121.46 | accu 0.1631 = 23322/142960 ../data/adult_test.txt
[2022-04-10 14:23:41.826] End E019 |  test loss  3.299; ppl     27.08 | accu 0.3095 = 40603/131180 ../data/adolescent_valid.txt
[2022-04-10 14:23:49.565] End E019 |  test loss  3.203; ppl     24.60 | accu 0.3298 = 149509/453280 ../data/cbt_valid.txt
[2022-04-10 14:23:49.565] Save: model.pt... 
[2022-04-10 14:23:49.576] Save: model.pt...Done. best_val_loss: 3.2226
[2022-04-10 14:23:49.576] Epoch 020/40 ==================================================
[2022-04-10 14:23:53.044] E020 |   200/2408 batches | lr 5.0000 | loss  2.969 | ppl     19.48
[2022-04-10 14:23:56.518] E020 |   400/2408 batches | lr 5.0000 | loss  2.972 | ppl     19.52
[2022-04-10 14:24:00.005] E020 |   600/2408 batches | lr 5.0000 | loss  2.963 | ppl     19.35
[2022-04-10 14:24:03.516] E020 |   800/2408 batches | lr 5.0000 | loss  2.970 | ppl     19.49
[2022-04-10 14:24:07.073] E020 |  1000/2408 batches | lr 5.0000 | loss  2.947 | ppl     19.05
[2022-04-10 14:24:10.543] E020 |  1200/2408 batches | lr 5.0000 | loss  2.981 | ppl     19.72
[2022-04-10 14:24:13.987] E020 |  1400/2408 batches | lr 5.0000 | loss  2.963 | ppl     19.35
[2022-04-10 14:24:17.469] E020 |  1600/2408 batches | lr 5.0000 | loss  2.954 | ppl     19.18
[2022-04-10 14:24:20.950] E020 |  1800/2408 batches | lr 5.0000 | loss  2.976 | ppl     19.62
[2022-04-10 14:24:24.453] E020 |  2000/2408 batches | lr 5.0000 | loss  2.955 | ppl     19.20
[2022-04-10 14:24:28.578] E020 |  2200/2408 batches | lr 5.0000 | loss  2.992 | ppl     19.93
[2022-04-10 14:24:32.430] E020 |  2400/2408 batches | lr 5.0000 | loss  3.000 | ppl     20.09
[2022-04-10 14:24:32.567] E020 |  2408/2408 batches | lr 5.0000 | loss  2.964 | ppl     19.37
[2022-04-10 14:24:42.627] End E020 | valid loss  3.222; ppl     25.09 | accu 0.3259 = 190468/584500
[2022-04-10 14:24:45.081] End E020 |  test loss  4.703; ppl    110.33 | accu 0.1761 = 25171/142960 ../data/adult_test.txt
[2022-04-10 14:24:47.321] End E020 |  test loss  3.300; ppl     27.12 | accu 0.3108 = 40766/131180 ../data/adolescent_valid.txt
[2022-04-10 14:24:55.103] End E020 |  test loss  3.203; ppl     24.61 | accu 0.3299 = 149526/453280 ../data/cbt_valid.txt
[2022-04-10 14:24:55.103] Save: model.pt... 
[2022-04-10 14:24:55.114] Save: model.pt...Done. best_val_loss: 3.2223
[2022-04-10 14:24:55.114] Epoch 021/40 ==================================================
[2022-04-10 14:24:58.574] E021 |   200/2408 batches | lr 5.0000 | loss  2.965 | ppl     19.40
[2022-04-10 14:25:02.097] E021 |   400/2408 batches | lr 5.0000 | loss  2.966 | ppl     19.41
[2022-04-10 14:25:05.623] E021 |   600/2408 batches | lr 5.0000 | loss  2.953 | ppl     19.16
[2022-04-10 14:25:09.094] E021 |   800/2408 batches | lr 5.0000 | loss  2.965 | ppl     19.40
[2022-04-10 14:25:12.596] E021 |  1000/2408 batches | lr 5.0000 | loss  2.937 | ppl     18.86
[2022-04-10 14:25:16.103] E021 |  1200/2408 batches | lr 5.0000 | loss  2.976 | ppl     19.61
[2022-04-10 14:25:19.582] E021 |  1400/2408 batches | lr 5.0000 | loss  2.956 | ppl     19.21
[2022-04-10 14:25:23.097] E021 |  1600/2408 batches | lr 5.0000 | loss  2.947 | ppl     19.04
[2022-04-10 14:25:26.582] E021 |  1800/2408 batches | lr 5.0000 | loss  2.972 | ppl     19.53
[2022-04-10 14:25:30.097] E021 |  2000/2408 batches | lr 5.0000 | loss  2.951 | ppl     19.13
[2022-04-10 14:25:33.568] E021 |  2200/2408 batches | lr 5.0000 | loss  2.989 | ppl     19.86
[2022-04-10 14:25:37.030] E021 |  2400/2408 batches | lr 5.0000 | loss  2.994 | ppl     19.98
[2022-04-10 14:25:37.166] E021 |  2408/2408 batches | lr 5.0000 | loss  2.944 | ppl     18.99
[2022-04-10 14:25:47.170] End E021 | valid loss  3.223; ppl     25.10 | accu 0.3254 = 190207/584500
[2022-04-10 14:25:49.610] End E021 |  test loss  4.716; ppl    111.77 | accu 0.1757 = 25114/142960 ../data/adult_test.txt
[2022-04-10 14:25:51.867] End E021 |  test loss  3.299; ppl     27.09 | accu 0.3100 = 40669/131180 ../data/adolescent_valid.txt
[2022-04-10 14:25:59.588] End E021 |  test loss  3.204; ppl     24.63 | accu 0.3294 = 149321/453280 ../data/cbt_valid.txt
[2022-04-10 14:25:59.589] Epoch 022/40 ==================================================
[2022-04-10 14:26:03.117] E022 |   200/2408 batches | lr 2.5000 | loss  2.962 | ppl     19.33
[2022-04-10 14:26:06.627] E022 |   400/2408 batches | lr 2.5000 | loss  2.955 | ppl     19.20
[2022-04-10 14:26:10.170] E022 |   600/2408 batches | lr 2.5000 | loss  2.943 | ppl     18.98
[2022-04-10 14:26:13.646] E022 |   800/2408 batches | lr 2.5000 | loss  2.954 | ppl     19.18
[2022-04-10 14:26:17.183] E022 |  1000/2408 batches | lr 2.5000 | loss  2.922 | ppl     18.58
[2022-04-10 14:26:20.735] E022 |  1200/2408 batches | lr 2.5000 | loss  2.959 | ppl     19.28
[2022-04-10 14:26:24.299] E022 |  1400/2408 batches | lr 2.5000 | loss  2.935 | ppl     18.83
[2022-04-10 14:26:27.751] E022 |  1600/2408 batches | lr 2.5000 | loss  2.927 | ppl     18.67
[2022-04-10 14:26:31.208] E022 |  1800/2408 batches | lr 2.5000 | loss  2.950 | ppl     19.10
[2022-04-10 14:26:34.651] E022 |  2000/2408 batches | lr 2.5000 | loss  2.926 | ppl     18.66
[2022-04-10 14:26:38.113] E022 |  2200/2408 batches | lr 2.5000 | loss  2.960 | ppl     19.30
[2022-04-10 14:26:41.563] E022 |  2400/2408 batches | lr 2.5000 | loss  2.968 | ppl     19.45
[2022-04-10 14:26:41.699] E022 |  2408/2408 batches | lr 2.5000 | loss  2.929 | ppl     18.70
[2022-04-10 14:26:51.659] End E022 | valid loss  3.201; ppl     24.55 | accu 0.3295 = 192611/584500
[2022-04-10 14:26:54.088] End E022 |  test loss  4.811; ppl    122.85 | accu 0.1673 = 23924/142960 ../data/adult_test.txt
[2022-04-10 14:26:56.313] End E022 |  test loss  3.273; ppl     26.40 | accu 0.3150 = 41326/131180 ../data/adolescent_valid.txt
[2022-04-10 14:27:03.992] End E022 |  test loss  3.182; ppl     24.09 | accu 0.3334 = 151130/453280 ../data/cbt_valid.txt
[2022-04-10 14:27:03.993] Save: model.pt... 
[2022-04-10 14:27:04.004] Save: model.pt...Done. best_val_loss: 3.2008
[2022-04-10 14:27:04.004] Epoch 023/40 ==================================================
[2022-04-10 14:27:07.465] E023 |   200/2408 batches | lr 2.5000 | loss  2.941 | ppl     18.94
[2022-04-10 14:27:10.935] E023 |   400/2408 batches | lr 2.5000 | loss  2.940 | ppl     18.91
[2022-04-10 14:27:14.398] E023 |   600/2408 batches | lr 2.5000 | loss  2.929 | ppl     18.70
[2022-04-10 14:27:17.882] E023 |   800/2408 batches | lr 2.5000 | loss  2.935 | ppl     18.83
[2022-04-10 14:27:21.352] E023 |  1000/2408 batches | lr 2.5000 | loss  2.914 | ppl     18.43
[2022-04-10 14:27:24.805] E023 |  1200/2408 batches | lr 2.5000 | loss  2.950 | ppl     19.10
[2022-04-10 14:27:28.278] E023 |  1400/2408 batches | lr 2.5000 | loss  2.926 | ppl     18.66
[2022-04-10 14:27:31.732] E023 |  1600/2408 batches | lr 2.5000 | loss  2.919 | ppl     18.53
[2022-04-10 14:27:35.197] E023 |  1800/2408 batches | lr 2.5000 | loss  2.946 | ppl     19.04
[2022-04-10 14:27:38.642] E023 |  2000/2408 batches | lr 2.5000 | loss  2.925 | ppl     18.64
[2022-04-10 14:27:42.140] E023 |  2200/2408 batches | lr 2.5000 | loss  2.954 | ppl     19.19
[2022-04-10 14:27:45.605] E023 |  2400/2408 batches | lr 2.5000 | loss  2.964 | ppl     19.37
[2022-04-10 14:27:45.742] E023 |  2408/2408 batches | lr 2.5000 | loss  2.934 | ppl     18.79
[2022-04-10 14:27:55.729] End E023 | valid loss  3.197; ppl     24.46 | accu 0.3297 = 192738/584500
[2022-04-10 14:27:58.147] End E023 |  test loss  4.679; ppl    107.62 | accu 0.1811 = 25888/142960 ../data/adult_test.txt
[2022-04-10 14:28:00.407] End E023 |  test loss  3.271; ppl     26.33 | accu 0.3167 = 41550/131180 ../data/adolescent_valid.txt
[2022-04-10 14:28:08.067] End E023 |  test loss  3.178; ppl     24.01 | accu 0.3332 = 151018/453280 ../data/cbt_valid.txt
[2022-04-10 14:28:08.067] Save: model.pt... 
[2022-04-10 14:28:08.078] Save: model.pt...Done. best_val_loss: 3.1969
[2022-04-10 14:28:08.078] Epoch 024/40 ==================================================
[2022-04-10 14:28:11.533] E024 |   200/2408 batches | lr 2.5000 | loss  2.933 | ppl     18.79
[2022-04-10 14:28:15.003] E024 |   400/2408 batches | lr 2.5000 | loss  2.932 | ppl     18.77
[2022-04-10 14:28:18.514] E024 |   600/2408 batches | lr 2.5000 | loss  2.926 | ppl     18.65
[2022-04-10 14:28:22.028] E024 |   800/2408 batches | lr 2.5000 | loss  2.933 | ppl     18.78
[2022-04-10 14:28:25.526] E024 |  1000/2408 batches | lr 2.5000 | loss  2.910 | ppl     18.35
[2022-04-10 14:28:28.983] E024 |  1200/2408 batches | lr 2.5000 | loss  2.947 | ppl     19.05
[2022-04-10 14:28:32.454] E024 |  1400/2408 batches | lr 2.5000 | loss  2.926 | ppl     18.65
[2022-04-10 14:28:35.927] E024 |  1600/2408 batches | lr 2.5000 | loss  2.919 | ppl     18.52
[2022-04-10 14:28:39.377] E024 |  1800/2408 batches | lr 2.5000 | loss  2.943 | ppl     18.97
[2022-04-10 14:28:42.918] E024 |  2000/2408 batches | lr 2.5000 | loss  2.918 | ppl     18.51
[2022-04-10 14:28:46.376] E024 |  2200/2408 batches | lr 2.5000 | loss  2.953 | ppl     19.15
[2022-04-10 14:28:49.821] E024 |  2400/2408 batches | lr 2.5000 | loss  2.960 | ppl     19.30
[2022-04-10 14:28:49.966] E024 |  2408/2408 batches | lr 2.5000 | loss  2.927 | ppl     18.68
[2022-04-10 14:29:00.006] End E024 | valid loss  3.195; ppl     24.41 | accu 0.3297 = 192729/584500
[2022-04-10 14:29:02.469] End E024 |  test loss  4.795; ppl    120.93 | accu 0.1698 = 24272/142960 ../data/adult_test.txt
[2022-04-10 14:29:04.712] End E024 |  test loss  3.264; ppl     26.16 | accu 0.3174 = 41634/131180 ../data/adolescent_valid.txt
[2022-04-10 14:29:12.472] End E024 |  test loss  3.177; ppl     23.98 | accu 0.3331 = 150987/453280 ../data/cbt_valid.txt
[2022-04-10 14:29:12.472] Save: model.pt... 
[2022-04-10 14:29:12.483] Save: model.pt...Done. best_val_loss: 3.1951
[2022-04-10 14:29:12.483] Epoch 025/40 ==================================================
[2022-04-10 14:29:15.980] E025 |   200/2408 batches | lr 2.5000 | loss  2.928 | ppl     18.69
[2022-04-10 14:29:19.441] E025 |   400/2408 batches | lr 2.5000 | loss  2.929 | ppl     18.70
[2022-04-10 14:29:22.905] E025 |   600/2408 batches | lr 2.5000 | loss  2.921 | ppl     18.56
[2022-04-10 14:29:26.374] E025 |   800/2408 batches | lr 2.5000 | loss  2.929 | ppl     18.70
[2022-04-10 14:29:29.833] E025 |  1000/2408 batches | lr 2.5000 | loss  2.904 | ppl     18.25
[2022-04-10 14:29:33.312] E025 |  1200/2408 batches | lr 2.5000 | loss  2.945 | ppl     19.01
[2022-04-10 14:29:36.772] E025 |  1400/2408 batches | lr 2.5000 | loss  2.922 | ppl     18.59
[2022-04-10 14:29:40.232] E025 |  1600/2408 batches | lr 2.5000 | loss  2.915 | ppl     18.44
[2022-04-10 14:29:43.685] E025 |  1800/2408 batches | lr 2.5000 | loss  2.936 | ppl     18.84
[2022-04-10 14:29:47.139] E025 |  2000/2408 batches | lr 2.5000 | loss  2.918 | ppl     18.50
[2022-04-10 14:29:50.591] E025 |  2200/2408 batches | lr 2.5000 | loss  2.951 | ppl     19.12
[2022-04-10 14:29:54.057] E025 |  2400/2408 batches | lr 2.5000 | loss  2.964 | ppl     19.37
[2022-04-10 14:29:54.193] E025 |  2408/2408 batches | lr 2.5000 | loss  2.928 | ppl     18.68
[2022-04-10 14:30:04.156] End E025 | valid loss  3.194; ppl     24.39 | accu 0.3302 = 192978/584500
[2022-04-10 14:30:06.577] End E025 |  test loss  4.740; ppl    114.48 | accu 0.1743 = 24915/142960 ../data/adult_test.txt
[2022-04-10 14:30:08.814] End E025 |  test loss  3.264; ppl     26.15 | accu 0.3164 = 41509/131180 ../data/adolescent_valid.txt
[2022-04-10 14:30:16.578] End E025 |  test loss  3.176; ppl     23.95 | accu 0.3339 = 151351/453280 ../data/cbt_valid.txt
[2022-04-10 14:30:16.578] Save: model.pt... 
[2022-04-10 14:30:16.590] Save: model.pt...Done. best_val_loss: 3.1943
[2022-04-10 14:30:16.590] Epoch 026/40 ==================================================
[2022-04-10 14:30:20.081] E026 |   200/2408 batches | lr 2.5000 | loss  2.929 | ppl     18.70
[2022-04-10 14:30:23.544] E026 |   400/2408 batches | lr 2.5000 | loss  2.926 | ppl     18.66
[2022-04-10 14:30:27.017] E026 |   600/2408 batches | lr 2.5000 | loss  2.917 | ppl     18.49
[2022-04-10 14:30:30.551] E026 |   800/2408 batches | lr 2.5000 | loss  2.928 | ppl     18.70
[2022-04-10 14:30:34.009] E026 |  1000/2408 batches | lr 2.5000 | loss  2.902 | ppl     18.21
[2022-04-10 14:30:37.487] E026 |  1200/2408 batches | lr 2.5000 | loss  2.942 | ppl     18.96
[2022-04-10 14:30:40.946] E026 |  1400/2408 batches | lr 2.5000 | loss  2.916 | ppl     18.47
[2022-04-10 14:30:44.419] E026 |  1600/2408 batches | lr 2.5000 | loss  2.912 | ppl     18.40
[2022-04-10 14:30:47.889] E026 |  1800/2408 batches | lr 2.5000 | loss  2.935 | ppl     18.82
[2022-04-10 14:30:51.375] E026 |  2000/2408 batches | lr 2.5000 | loss  2.917 | ppl     18.49
[2022-04-10 14:30:54.929] E026 |  2200/2408 batches | lr 2.5000 | loss  2.950 | ppl     19.11
[2022-04-10 14:30:58.400] E026 |  2400/2408 batches | lr 2.5000 | loss  2.957 | ppl     19.24
[2022-04-10 14:30:58.537] E026 |  2408/2408 batches | lr 2.5000 | loss  2.924 | ppl     18.61
[2022-04-10 14:31:08.566] End E026 | valid loss  3.194; ppl     24.38 | accu 0.3304 = 193140/584500
[2022-04-10 14:31:11.018] End E026 |  test loss  4.673; ppl    107.03 | accu 0.1827 = 26112/142960 ../data/adult_test.txt
[2022-04-10 14:31:13.240] End E026 |  test loss  3.263; ppl     26.12 | accu 0.3176 = 41668/131180 ../data/adolescent_valid.txt
[2022-04-10 14:31:20.919] End E026 |  test loss  3.176; ppl     23.95 | accu 0.3339 = 151336/453280 ../data/cbt_valid.txt
[2022-04-10 14:31:20.919] Save: model.pt... 
[2022-04-10 14:31:20.930] Save: model.pt...Done. best_val_loss: 3.1938
[2022-04-10 14:31:20.930] Epoch 027/40 ==================================================
[2022-04-10 14:31:24.388] E027 |   200/2408 batches | lr 2.5000 | loss  2.923 | ppl     18.59
[2022-04-10 14:31:27.857] E027 |   400/2408 batches | lr 2.5000 | loss  2.919 | ppl     18.53
[2022-04-10 14:31:31.369] E027 |   600/2408 batches | lr 2.5000 | loss  2.914 | ppl     18.44
[2022-04-10 14:31:34.948] E027 |   800/2408 batches | lr 2.5000 | loss  2.925 | ppl     18.63
[2022-04-10 14:31:38.405] E027 |  1000/2408 batches | lr 2.5000 | loss  2.900 | ppl     18.18
[2022-04-10 14:31:41.875] E027 |  1200/2408 batches | lr 2.5000 | loss  2.938 | ppl     18.87
[2022-04-10 14:31:45.353] E027 |  1400/2408 batches | lr 2.5000 | loss  2.921 | ppl     18.57
[2022-04-10 14:31:48.815] E027 |  1600/2408 batches | lr 2.5000 | loss  2.906 | ppl     18.29
[2022-04-10 14:31:52.274] E027 |  1800/2408 batches | lr 2.5000 | loss  2.932 | ppl     18.77
[2022-04-10 14:31:55.731] E027 |  2000/2408 batches | lr 2.5000 | loss  2.914 | ppl     18.42
[2022-04-10 14:31:59.180] E027 |  2200/2408 batches | lr 2.5000 | loss  2.950 | ppl     19.11
[2022-04-10 14:32:02.698] E027 |  2400/2408 batches | lr 2.5000 | loss  2.958 | ppl     19.26
[2022-04-10 14:32:02.835] E027 |  2408/2408 batches | lr 2.5000 | loss  2.932 | ppl     18.76
[2022-04-10 14:32:12.778] End E027 | valid loss  3.196; ppl     24.44 | accu 0.3301 = 192964/584500
[2022-04-10 14:32:15.217] End E027 |  test loss  4.674; ppl    107.10 | accu 0.1816 = 25958/142960 ../data/adult_test.txt
[2022-04-10 14:32:17.448] End E027 |  test loss  3.267; ppl     26.22 | accu 0.3157 = 41412/131180 ../data/adolescent_valid.txt
[2022-04-10 14:32:25.178] End E027 |  test loss  3.177; ppl     23.98 | accu 0.3341 = 151446/453280 ../data/cbt_valid.txt
[2022-04-10 14:32:25.178] Epoch 028/40 ==================================================
[2022-04-10 14:32:28.640] E028 |   200/2408 batches | lr 1.2500 | loss  2.927 | ppl     18.67
[2022-04-10 14:32:32.100] E028 |   400/2408 batches | lr 1.2500 | loss  2.922 | ppl     18.57
[2022-04-10 14:32:35.572] E028 |   600/2408 batches | lr 1.2500 | loss  2.914 | ppl     18.43
[2022-04-10 14:32:39.020] E028 |   800/2408 batches | lr 1.2500 | loss  2.918 | ppl     18.50
[2022-04-10 14:32:42.498] E028 |  1000/2408 batches | lr 1.2500 | loss  2.894 | ppl     18.06
[2022-04-10 14:32:45.948] E028 |  1200/2408 batches | lr 1.2500 | loss  2.932 | ppl     18.77
[2022-04-10 14:32:49.405] E028 |  1400/2408 batches | lr 1.2500 | loss  2.912 | ppl     18.39
[2022-04-10 14:32:52.963] E028 |  1600/2408 batches | lr 1.2500 | loss  2.900 | ppl     18.18
[2022-04-10 14:32:56.423] E028 |  1800/2408 batches | lr 1.2500 | loss  2.923 | ppl     18.59
[2022-04-10 14:32:59.873] E028 |  2000/2408 batches | lr 1.2500 | loss  2.898 | ppl     18.15
[2022-04-10 14:33:03.366] E028 |  2200/2408 batches | lr 1.2500 | loss  2.936 | ppl     18.84
[2022-04-10 14:33:06.830] E028 |  2400/2408 batches | lr 1.2500 | loss  2.946 | ppl     19.03
[2022-04-10 14:33:06.967] E028 |  2408/2408 batches | lr 1.2500 | loss  2.917 | ppl     18.49
[2022-04-10 14:33:16.980] End E028 | valid loss  3.186; ppl     24.19 | accu 0.3323 = 194204/584500
[2022-04-10 14:33:19.407] End E028 |  test loss  4.743; ppl    114.83 | accu 0.1761 = 25175/142960 ../data/adult_test.txt
[2022-04-10 14:33:21.663] End E028 |  test loss  3.252; ppl     25.85 | accu 0.3195 = 41918/131180 ../data/adolescent_valid.txt
[2022-04-10 14:33:29.320] End E028 |  test loss  3.168; ppl     23.76 | accu 0.3357 = 152176/453280 ../data/cbt_valid.txt
[2022-04-10 14:33:29.321] Save: model.pt... 
[2022-04-10 14:33:29.331] Save: model.pt...Done. best_val_loss: 3.1858
[2022-04-10 14:33:29.331] Epoch 029/40 ==================================================
[2022-04-10 14:33:32.794] E029 |   200/2408 batches | lr 1.2500 | loss  2.915 | ppl     18.45
[2022-04-10 14:33:36.270] E029 |   400/2408 batches | lr 1.2500 | loss  2.913 | ppl     18.42
[2022-04-10 14:33:39.719] E029 |   600/2408 batches | lr 1.2500 | loss  2.910 | ppl     18.36
[2022-04-10 14:33:43.190] E029 |   800/2408 batches | lr 1.2500 | loss  2.913 | ppl     18.42
[2022-04-10 14:33:46.635] E029 |  1000/2408 batches | lr 1.2500 | loss  2.885 | ppl     17.90
[2022-04-10 14:33:50.120] E029 |  1200/2408 batches | lr 1.2500 | loss  2.931 | ppl     18.74
[2022-04-10 14:33:53.585] E029 |  1400/2408 batches | lr 1.2500 | loss  2.906 | ppl     18.28
[2022-04-10 14:33:57.030] E029 |  1600/2408 batches | lr 1.2500 | loss  2.896 | ppl     18.10
[2022-04-10 14:34:00.524] E029 |  1800/2408 batches | lr 1.2500 | loss  2.919 | ppl     18.52
[2022-04-10 14:34:03.999] E029 |  2000/2408 batches | lr 1.2500 | loss  2.899 | ppl     18.15
[2022-04-10 14:34:07.458] E029 |  2200/2408 batches | lr 1.2500 | loss  2.934 | ppl     18.81
[2022-04-10 14:34:10.954] E029 |  2400/2408 batches | lr 1.2500 | loss  2.942 | ppl     18.95
[2022-04-10 14:34:11.092] E029 |  2408/2408 batches | lr 1.2500 | loss  2.909 | ppl     18.35
[2022-04-10 14:34:21.019] End E029 | valid loss  3.186; ppl     24.19 | accu 0.3322 = 194184/584500
[2022-04-10 14:34:23.429] End E029 |  test loss  4.711; ppl    111.11 | accu 0.1781 = 25468/142960 ../data/adult_test.txt
[2022-04-10 14:34:25.772] End E029 |  test loss  3.252; ppl     25.85 | accu 0.3194 = 41895/131180 ../data/adolescent_valid.txt
[2022-04-10 14:34:33.436] End E029 |  test loss  3.168; ppl     23.76 | accu 0.3357 = 152181/453280 ../data/cbt_valid.txt
[2022-04-10 14:34:33.437] Save: model.pt... 
[2022-04-10 14:34:33.447] Save: model.pt...Done. best_val_loss: 3.1858
[2022-04-10 14:34:33.447] Epoch 030/40 ==================================================
[2022-04-10 14:34:36.981] E030 |   200/2408 batches | lr 1.2500 | loss  2.910 | ppl     18.35
[2022-04-10 14:34:40.456] E030 |   400/2408 batches | lr 1.2500 | loss  2.910 | ppl     18.36
[2022-04-10 14:34:43.900] E030 |   600/2408 batches | lr 1.2500 | loss  2.902 | ppl     18.21
[2022-04-10 14:34:47.360] E030 |   800/2408 batches | lr 1.2500 | loss  2.908 | ppl     18.32
[2022-04-10 14:34:50.934] E030 |  1000/2408 batches | lr 1.2500 | loss  2.885 | ppl     17.90
[2022-04-10 14:34:54.402] E030 |  1200/2408 batches | lr 1.2500 | loss  2.927 | ppl     18.67
[2022-04-10 14:34:57.869] E030 |  1400/2408 batches | lr 1.2500 | loss  2.902 | ppl     18.21
[2022-04-10 14:35:01.359] E030 |  1600/2408 batches | lr 1.2500 | loss  2.893 | ppl     18.04
[2022-04-10 14:35:04.844] E030 |  1800/2408 batches | lr 1.2500 | loss  2.919 | ppl     18.52
[2022-04-10 14:35:08.318] E030 |  2000/2408 batches | lr 1.2500 | loss  2.900 | ppl     18.17
[2022-04-10 14:35:11.779] E030 |  2200/2408 batches | lr 1.2500 | loss  2.931 | ppl     18.74
[2022-04-10 14:35:15.249] E030 |  2400/2408 batches | lr 1.2500 | loss  2.940 | ppl     18.92
[2022-04-10 14:35:15.387] E030 |  2408/2408 batches | lr 1.2500 | loss  2.915 | ppl     18.45
[2022-04-10 14:35:25.408] End E030 | valid loss  3.183; ppl     24.13 | accu 0.3324 = 194265/584500
[2022-04-10 14:35:27.848] End E030 |  test loss  4.720; ppl    112.18 | accu 0.1773 = 25344/142960 ../data/adult_test.txt
[2022-04-10 14:35:30.112] End E030 |  test loss  3.249; ppl     25.78 | accu 0.3199 = 41958/131180 ../data/adolescent_valid.txt
[2022-04-10 14:35:37.852] End E030 |  test loss  3.166; ppl     23.71 | accu 0.3358 = 152210/453280 ../data/cbt_valid.txt
[2022-04-10 14:35:37.852] Save: model.pt... 
[2022-04-10 14:35:37.863] Save: model.pt...Done. best_val_loss: 3.1835
[2022-04-10 14:35:37.863] Epoch 031/40 ==================================================
[2022-04-10 14:35:41.351] E031 |   200/2408 batches | lr 1.2500 | loss  2.910 | ppl     18.36
[2022-04-10 14:35:44.808] E031 |   400/2408 batches | lr 1.2500 | loss  2.907 | ppl     18.31
[2022-04-10 14:35:48.334] E031 |   600/2408 batches | lr 1.2500 | loss  2.904 | ppl     18.24
[2022-04-10 14:35:51.833] E031 |   800/2408 batches | lr 1.2500 | loss  2.912 | ppl     18.39
[2022-04-10 14:35:55.278] E031 |  1000/2408 batches | lr 1.2500 | loss  2.886 | ppl     17.92
[2022-04-10 14:35:58.733] E031 |  1200/2408 batches | lr 1.2500 | loss  2.920 | ppl     18.54
[2022-04-10 14:36:02.192] E031 |  1400/2408 batches | lr 1.2500 | loss  2.898 | ppl     18.14
[2022-04-10 14:36:05.776] E031 |  1600/2408 batches | lr 1.2500 | loss  2.892 | ppl     18.03
[2022-04-10 14:36:09.339] E031 |  1800/2408 batches | lr 1.2500 | loss  2.914 | ppl     18.43
[2022-04-10 14:36:12.822] E031 |  2000/2408 batches | lr 1.2500 | loss  2.895 | ppl     18.08
[2022-04-10 14:36:16.272] E031 |  2200/2408 batches | lr 1.2500 | loss  2.927 | ppl     18.67
[2022-04-10 14:36:19.718] E031 |  2400/2408 batches | lr 1.2500 | loss  2.939 | ppl     18.90
[2022-04-10 14:36:19.856] E031 |  2408/2408 batches | lr 1.2500 | loss  2.896 | ppl     18.10
[2022-04-10 14:36:29.832] End E031 | valid loss  3.185; ppl     24.16 | accu 0.3326 = 194405/584500
[2022-04-10 14:36:32.276] End E031 |  test loss  4.723; ppl    112.53 | accu 0.1770 = 25302/142960 ../data/adult_test.txt
[2022-04-10 14:36:34.498] End E031 |  test loss  3.254; ppl     25.90 | accu 0.3195 = 41914/131180 ../data/adolescent_valid.txt
[2022-04-10 14:36:42.240] End E031 |  test loss  3.166; ppl     23.72 | accu 0.3361 = 152367/453280 ../data/cbt_valid.txt
[2022-04-10 14:36:42.241] Epoch 032/40 ==================================================
[2022-04-10 14:36:45.737] E032 |   200/2408 batches | lr 0.6250 | loss  2.910 | ppl     18.36
[2022-04-10 14:36:49.193] E032 |   400/2408 batches | lr 0.6250 | loss  2.908 | ppl     18.32
[2022-04-10 14:36:52.754] E032 |   600/2408 batches | lr 0.6250 | loss  2.902 | ppl     18.22
[2022-04-10 14:36:56.209] E032 |   800/2408 batches | lr 0.6250 | loss  2.907 | ppl     18.30
[2022-04-10 14:36:59.672] E032 |  1000/2408 batches | lr 0.6250 | loss  2.879 | ppl     17.79
[2022-04-10 14:37:03.181] E032 |  1200/2408 batches | lr 0.6250 | loss  2.920 | ppl     18.54
[2022-04-10 14:37:06.677] E032 |  1400/2408 batches | lr 0.6250 | loss  2.899 | ppl     18.16
[2022-04-10 14:37:10.162] E032 |  1600/2408 batches | lr 0.6250 | loss  2.887 | ppl     17.94
[2022-04-10 14:37:13.619] E032 |  1800/2408 batches | lr 0.6250 | loss  2.913 | ppl     18.41
[2022-04-10 14:37:17.079] E032 |  2000/2408 batches | lr 0.6250 | loss  2.887 | ppl     17.93
[2022-04-10 14:37:20.633] E032 |  2200/2408 batches | lr 0.6250 | loss  2.921 | ppl     18.56
[2022-04-10 14:37:24.132] E032 |  2400/2408 batches | lr 0.6250 | loss  2.928 | ppl     18.70
[2022-04-10 14:37:24.270] E032 |  2408/2408 batches | lr 0.6250 | loss  2.895 | ppl     18.09
[2022-04-10 14:37:34.243] End E032 | valid loss  3.181; ppl     24.06 | accu 0.3337 = 195026/584500
[2022-04-10 14:37:36.680] End E032 |  test loss  4.778; ppl    118.83 | accu 0.1749 = 25009/142960 ../data/adult_test.txt
[2022-04-10 14:37:38.917] End E032 |  test loss  3.246; ppl     25.69 | accu 0.3219 = 42229/131180 ../data/adolescent_valid.txt
[2022-04-10 14:37:46.612] End E032 |  test loss  3.163; ppl     23.65 | accu 0.3369 = 152696/453280 ../data/cbt_valid.txt
[2022-04-10 14:37:46.612] Save: model.pt... 
[2022-04-10 14:37:46.624] Save: model.pt...Done. best_val_loss: 3.1807
[2022-04-10 14:37:46.624] Epoch 033/40 ==================================================
[2022-04-10 14:37:50.134] E033 |   200/2408 batches | lr 0.6250 | loss  2.903 | ppl     18.22
[2022-04-10 14:37:53.600] E033 |   400/2408 batches | lr 0.6250 | loss  2.904 | ppl     18.24
[2022-04-10 14:37:57.072] E033 |   600/2408 batches | lr 0.6250 | loss  2.896 | ppl     18.10
[2022-04-10 14:38:00.641] E033 |   800/2408 batches | lr 0.6250 | loss  2.904 | ppl     18.24
[2022-04-10 14:38:04.103] E033 |  1000/2408 batches | lr 0.6250 | loss  2.876 | ppl     17.74
[2022-04-10 14:38:07.558] E033 |  1200/2408 batches | lr 0.6250 | loss  2.919 | ppl     18.52
[2022-04-10 14:38:11.034] E033 |  1400/2408 batches | lr 0.6250 | loss  2.899 | ppl     18.16
[2022-04-10 14:38:14.484] E033 |  1600/2408 batches | lr 0.6250 | loss  2.884 | ppl     17.88
[2022-04-10 14:38:17.938] E033 |  1800/2408 batches | lr 0.6250 | loss  2.907 | ppl     18.31
[2022-04-10 14:38:21.395] E033 |  2000/2408 batches | lr 0.6250 | loss  2.888 | ppl     17.96
[2022-04-10 14:38:24.853] E033 |  2200/2408 batches | lr 0.6250 | loss  2.922 | ppl     18.58
[2022-04-10 14:38:28.307] E033 |  2400/2408 batches | lr 0.6250 | loss  2.933 | ppl     18.78
[2022-04-10 14:38:28.445] E033 |  2408/2408 batches | lr 0.6250 | loss  2.904 | ppl     18.25
[2022-04-10 14:38:38.432] End E033 | valid loss  3.179; ppl     24.03 | accu 0.3339 = 195155/584500
[2022-04-10 14:38:40.875] End E033 |  test loss  4.728; ppl    113.06 | accu 0.1781 = 25458/142960 ../data/adult_test.txt
[2022-04-10 14:38:43.108] End E033 |  test loss  3.245; ppl     25.66 | accu 0.3217 = 42203/131180 ../data/adolescent_valid.txt
[2022-04-10 14:38:50.825] End E033 |  test loss  3.162; ppl     23.61 | accu 0.3372 = 152847/453280 ../data/cbt_valid.txt
[2022-04-10 14:38:50.825] Save: model.pt... 
[2022-04-10 14:38:50.836] Save: model.pt...Done. best_val_loss: 3.1791
[2022-04-10 14:38:50.836] Epoch 034/40 ==================================================
[2022-04-10 14:38:54.303] E034 |   200/2408 batches | lr 0.6250 | loss  2.904 | ppl     18.25
[2022-04-10 14:38:57.768] E034 |   400/2408 batches | lr 0.6250 | loss  2.899 | ppl     18.16
[2022-04-10 14:39:01.255] E034 |   600/2408 batches | lr 0.6250 | loss  2.894 | ppl     18.06
[2022-04-10 14:39:05.007] E034 |   800/2408 batches | lr 0.6250 | loss  2.901 | ppl     18.19
[2022-04-10 14:39:08.778] E034 |  1000/2408 batches | lr 0.6250 | loss  2.875 | ppl     17.72
[2022-04-10 14:39:12.366] E034 |  1200/2408 batches | lr 0.6250 | loss  2.916 | ppl     18.46
[2022-04-10 14:39:15.874] E034 |  1400/2408 batches | lr 0.6250 | loss  2.895 | ppl     18.08
[2022-04-10 14:39:19.362] E034 |  1600/2408 batches | lr 0.6250 | loss  2.884 | ppl     17.89
[2022-04-10 14:39:22.825] E034 |  1800/2408 batches | lr 0.6250 | loss  2.911 | ppl     18.37
[2022-04-10 14:39:26.277] E034 |  2000/2408 batches | lr 0.6250 | loss  2.883 | ppl     17.87
[2022-04-10 14:39:29.736] E034 |  2200/2408 batches | lr 0.6250 | loss  2.921 | ppl     18.56
[2022-04-10 14:39:33.238] E034 |  2400/2408 batches | lr 0.6250 | loss  2.928 | ppl     18.70
[2022-04-10 14:39:33.385] E034 |  2408/2408 batches | lr 0.6250 | loss  2.892 | ppl     18.04
[2022-04-10 14:39:43.885] End E034 | valid loss  3.179; ppl     24.03 | accu 0.3340 = 195228/584500
[2022-04-10 14:39:46.320] End E034 |  test loss  4.720; ppl    112.20 | accu 0.1792 = 25613/142960 ../data/adult_test.txt
[2022-04-10 14:39:48.563] End E034 |  test loss  3.243; ppl     25.62 | accu 0.3225 = 42305/131180 ../data/adolescent_valid.txt
[2022-04-10 14:39:56.261] End E034 |  test loss  3.162; ppl     23.62 | accu 0.3372 = 152835/453280 ../data/cbt_valid.txt
[2022-04-10 14:39:56.261] Epoch 035/40 ==================================================
[2022-04-10 14:39:59.701] E035 |   200/2408 batches | lr 0.3125 | loss  2.905 | ppl     18.27
[2022-04-10 14:40:03.191] E035 |   400/2408 batches | lr 0.3125 | loss  2.899 | ppl     18.16
[2022-04-10 14:40:06.658] E035 |   600/2408 batches | lr 0.3125 | loss  2.897 | ppl     18.12
[2022-04-10 14:40:10.139] E035 |   800/2408 batches | lr 0.3125 | loss  2.900 | ppl     18.18
[2022-04-10 14:40:13.606] E035 |  1000/2408 batches | lr 0.3125 | loss  2.874 | ppl     17.71
[2022-04-10 14:40:17.142] E035 |  1200/2408 batches | lr 0.3125 | loss  2.914 | ppl     18.43
[2022-04-10 14:40:20.604] E035 |  1400/2408 batches | lr 0.3125 | loss  2.894 | ppl     18.07
[2022-04-10 14:40:24.090] E035 |  1600/2408 batches | lr 0.3125 | loss  2.881 | ppl     17.84
[2022-04-10 14:40:27.544] E035 |  1800/2408 batches | lr 0.3125 | loss  2.905 | ppl     18.26
[2022-04-10 14:40:30.999] E035 |  2000/2408 batches | lr 0.3125 | loss  2.882 | ppl     17.84
[2022-04-10 14:40:34.461] E035 |  2200/2408 batches | lr 0.3125 | loss  2.917 | ppl     18.49
[2022-04-10 14:40:37.919] E035 |  2400/2408 batches | lr 0.3125 | loss  2.923 | ppl     18.60
[2022-04-10 14:40:38.055] E035 |  2408/2408 batches | lr 0.3125 | loss  2.898 | ppl     18.13
[2022-04-10 14:40:47.934] End E035 | valid loss  3.178; ppl     24.00 | accu 0.3345 = 195491/584500
[2022-04-10 14:40:50.356] End E035 |  test loss  4.736; ppl    113.93 | accu 0.1781 = 25464/142960 ../data/adult_test.txt
[2022-04-10 14:40:52.562] End E035 |  test loss  3.241; ppl     25.56 | accu 0.3231 = 42381/131180 ../data/adolescent_valid.txt
[2022-04-10 14:41:00.234] End E035 |  test loss  3.161; ppl     23.60 | accu 0.3376 = 153009/453280 ../data/cbt_valid.txt
[2022-04-10 14:41:00.234] Save: model.pt... 
[2022-04-10 14:41:00.245] Save: model.pt...Done. best_val_loss: 3.1780
[2022-04-10 14:41:00.245] Epoch 036/40 ==================================================
[2022-04-10 14:41:03.703] E036 |   200/2408 batches | lr 0.3125 | loss  2.899 | ppl     18.15
[2022-04-10 14:41:07.180] E036 |   400/2408 batches | lr 0.3125 | loss  2.898 | ppl     18.14
[2022-04-10 14:41:10.632] E036 |   600/2408 batches | lr 0.3125 | loss  2.896 | ppl     18.11
[2022-04-10 14:41:14.087] E036 |   800/2408 batches | lr 0.3125 | loss  2.902 | ppl     18.20
[2022-04-10 14:41:17.583] E036 |  1000/2408 batches | lr 0.3125 | loss  2.871 | ppl     17.65
[2022-04-10 14:41:21.038] E036 |  1200/2408 batches | lr 0.3125 | loss  2.912 | ppl     18.39
[2022-04-10 14:41:24.576] E036 |  1400/2408 batches | lr 0.3125 | loss  2.895 | ppl     18.09
[2022-04-10 14:41:28.082] E036 |  1600/2408 batches | lr 0.3125 | loss  2.879 | ppl     17.80
[2022-04-10 14:41:31.556] E036 |  1800/2408 batches | lr 0.3125 | loss  2.907 | ppl     18.29
[2022-04-10 14:41:35.063] E036 |  2000/2408 batches | lr 0.3125 | loss  2.885 | ppl     17.90
[2022-04-10 14:41:38.516] E036 |  2200/2408 batches | lr 0.3125 | loss  2.917 | ppl     18.49
[2022-04-10 14:41:41.986] E036 |  2400/2408 batches | lr 0.3125 | loss  2.929 | ppl     18.71
[2022-04-10 14:41:42.124] E036 |  2408/2408 batches | lr 0.3125 | loss  2.885 | ppl     17.91
[2022-04-10 14:41:52.151] End E036 | valid loss  3.178; ppl     23.99 | accu 0.3344 = 195458/584500
[2022-04-10 14:41:54.598] End E036 |  test loss  4.753; ppl    115.98 | accu 0.1768 = 25279/142960 ../data/adult_test.txt
[2022-04-10 14:41:56.845] End E036 |  test loss  3.243; ppl     25.61 | accu 0.3231 = 42387/131180 ../data/adolescent_valid.txt
[2022-04-10 14:42:04.587] End E036 |  test loss  3.160; ppl     23.58 | accu 0.3375 = 152979/453280 ../data/cbt_valid.txt
[2022-04-10 14:42:04.588] Save: model.pt... 
[2022-04-10 14:42:04.598] Save: model.pt...Done. best_val_loss: 3.1778
[2022-04-10 14:42:04.598] Epoch 037/40 ==================================================
[2022-04-10 14:42:08.060] E037 |   200/2408 batches | lr 0.3125 | loss  2.900 | ppl     18.17
[2022-04-10 14:42:11.536] E037 |   400/2408 batches | lr 0.3125 | loss  2.898 | ppl     18.13
[2022-04-10 14:42:15.010] E037 |   600/2408 batches | lr 0.3125 | loss  2.891 | ppl     18.01
[2022-04-10 14:42:18.491] E037 |   800/2408 batches | lr 0.3125 | loss  2.897 | ppl     18.13
[2022-04-10 14:42:21.959] E037 |  1000/2408 batches | lr 0.3125 | loss  2.869 | ppl     17.63
[2022-04-10 14:42:25.432] E037 |  1200/2408 batches | lr 0.3125 | loss  2.907 | ppl     18.31
[2022-04-10 14:42:28.876] E037 |  1400/2408 batches | lr 0.3125 | loss  2.892 | ppl     18.04
[2022-04-10 14:42:32.352] E037 |  1600/2408 batches | lr 0.3125 | loss  2.879 | ppl     17.80
[2022-04-10 14:42:35.822] E037 |  1800/2408 batches | lr 0.3125 | loss  2.900 | ppl     18.18
[2022-04-10 14:42:39.261] E037 |  2000/2408 batches | lr 0.3125 | loss  2.884 | ppl     17.88
[2022-04-10 14:42:42.720] E037 |  2200/2408 batches | lr 0.3125 | loss  2.918 | ppl     18.50
[2022-04-10 14:42:46.224] E037 |  2400/2408 batches | lr 0.3125 | loss  2.925 | ppl     18.64
[2022-04-10 14:42:46.364] E037 |  2408/2408 batches | lr 0.3125 | loss  2.899 | ppl     18.16
[2022-04-10 14:42:56.298] End E037 | valid loss  3.177; ppl     23.98 | accu 0.3346 = 195568/584500
[2022-04-10 14:42:58.731] End E037 |  test loss  4.766; ppl    117.40 | accu 0.1764 = 25218/142960 ../data/adult_test.txt
[2022-04-10 14:43:00.969] End E037 |  test loss  3.242; ppl     25.58 | accu 0.3233 = 42413/131180 ../data/adolescent_valid.txt
[2022-04-10 14:43:08.633] End E037 |  test loss  3.160; ppl     23.57 | accu 0.3377 = 153050/453280 ../data/cbt_valid.txt
[2022-04-10 14:43:08.633] Save: model.pt... 
[2022-04-10 14:43:08.644] Save: model.pt...Done. best_val_loss: 3.1772
[2022-04-10 14:43:08.644] Epoch 038/40 ==================================================
[2022-04-10 14:43:12.116] E038 |   200/2408 batches | lr 0.3125 | loss  2.898 | ppl     18.15
[2022-04-10 14:43:15.566] E038 |   400/2408 batches | lr 0.3125 | loss  2.895 | ppl     18.08
[2022-04-10 14:43:19.041] E038 |   600/2408 batches | lr 0.3125 | loss  2.891 | ppl     18.01
[2022-04-10 14:43:22.486] E038 |   800/2408 batches | lr 0.3125 | loss  2.895 | ppl     18.09
[2022-04-10 14:43:25.984] E038 |  1000/2408 batches | lr 0.3125 | loss  2.868 | ppl     17.61
[2022-04-10 14:43:29.423] E038 |  1200/2408 batches | lr 0.3125 | loss  2.913 | ppl     18.42
[2022-04-10 14:43:32.891] E038 |  1400/2408 batches | lr 0.3125 | loss  2.894 | ppl     18.07
[2022-04-10 14:43:36.344] E038 |  1600/2408 batches | lr 0.3125 | loss  2.878 | ppl     17.78
[2022-04-10 14:43:39.803] E038 |  1800/2408 batches | lr 0.3125 | loss  2.905 | ppl     18.27
[2022-04-10 14:43:43.261] E038 |  2000/2408 batches | lr 0.3125 | loss  2.883 | ppl     17.87
[2022-04-10 14:43:46.758] E038 |  2200/2408 batches | lr 0.3125 | loss  2.918 | ppl     18.51
[2022-04-10 14:43:50.351] E038 |  2400/2408 batches | lr 0.3125 | loss  2.922 | ppl     18.58
[2022-04-10 14:43:50.489] E038 |  2408/2408 batches | lr 0.3125 | loss  2.888 | ppl     17.95
[2022-04-10 14:44:00.486] End E038 | valid loss  3.177; ppl     23.98 | accu 0.3345 = 195525/584500
[2022-04-10 14:44:02.917] End E038 |  test loss  4.761; ppl    116.83 | accu 0.1768 = 25281/142960 ../data/adult_test.txt
[2022-04-10 14:44:05.165] End E038 |  test loss  3.242; ppl     25.58 | accu 0.3232 = 42398/131180 ../data/adolescent_valid.txt
[2022-04-10 14:44:12.903] End E038 |  test loss  3.160; ppl     23.57 | accu 0.3376 = 153039/453280 ../data/cbt_valid.txt
[2022-04-10 14:44:12.903] Epoch 039/40 ==================================================
[2022-04-10 14:44:16.389] E039 |   200/2408 batches | lr 0.1562 | loss  2.899 | ppl     18.16
[2022-04-10 14:44:19.938] E039 |   400/2408 batches | lr 0.1562 | loss  2.896 | ppl     18.10
[2022-04-10 14:44:23.428] E039 |   600/2408 batches | lr 0.1562 | loss  2.892 | ppl     18.03
[2022-04-10 14:44:27.126] E039 |   800/2408 batches | lr 0.1562 | loss  2.896 | ppl     18.11
[2022-04-10 14:44:30.598] E039 |  1000/2408 batches | lr 0.1562 | loss  2.870 | ppl     17.65
[2022-04-10 14:44:34.134] E039 |  1200/2408 batches | lr 0.1562 | loss  2.910 | ppl     18.35
[2022-04-10 14:44:37.615] E039 |  1400/2408 batches | lr 0.1562 | loss  2.893 | ppl     18.06
[2022-04-10 14:44:41.073] E039 |  1600/2408 batches | lr 0.1562 | loss  2.877 | ppl     17.77
[2022-04-10 14:44:44.560] E039 |  1800/2408 batches | lr 0.1562 | loss  2.901 | ppl     18.19
[2022-04-10 14:44:48.010] E039 |  2000/2408 batches | lr 0.1562 | loss  2.880 | ppl     17.81
[2022-04-10 14:44:51.475] E039 |  2200/2408 batches | lr 0.1562 | loss  2.915 | ppl     18.46
[2022-04-10 14:44:54.953] E039 |  2400/2408 batches | lr 0.1562 | loss  2.922 | ppl     18.58
[2022-04-10 14:44:55.095] E039 |  2408/2408 batches | lr 0.1562 | loss  2.912 | ppl     18.39
[2022-04-10 14:45:05.084] End E039 | valid loss  3.177; ppl     23.98 | accu 0.3347 = 195622/584500
[2022-04-10 14:45:07.498] End E039 |  test loss  4.766; ppl    117.45 | accu 0.1763 = 25207/142960 ../data/adult_test.txt
[2022-04-10 14:45:09.732] End E039 |  test loss  3.241; ppl     25.56 | accu 0.3234 = 42421/131180 ../data/adolescent_valid.txt
[2022-04-10 14:45:17.413] End E039 |  test loss  3.160; ppl     23.57 | accu 0.3378 = 153114/453280 ../data/cbt_valid.txt
[2022-04-10 14:45:17.413] Save: model.pt... 
[2022-04-10 14:45:17.424] Save: model.pt...Done. best_val_loss: 3.1771
[2022-04-10 14:45:17.424] Epoch 040/40 ==================================================
[2022-04-10 14:45:20.889] E040 |   200/2408 batches | lr 0.1562 | loss  2.897 | ppl     18.11
[2022-04-10 14:45:24.349] E040 |   400/2408 batches | lr 0.1562 | loss  2.897 | ppl     18.11
[2022-04-10 14:45:27.810] E040 |   600/2408 batches | lr 0.1562 | loss  2.889 | ppl     17.98
[2022-04-10 14:45:31.423] E040 |   800/2408 batches | lr 0.1562 | loss  2.899 | ppl     18.15
[2022-04-10 14:45:34.896] E040 |  1000/2408 batches | lr 0.1562 | loss  2.868 | ppl     17.61
[2022-04-10 14:45:38.390] E040 |  1200/2408 batches | lr 0.1562 | loss  2.913 | ppl     18.41
[2022-04-10 14:45:41.858] E040 |  1400/2408 batches | lr 0.1562 | loss  2.890 | ppl     17.99
[2022-04-10 14:45:45.367] E040 |  1600/2408 batches | lr 0.1562 | loss  2.878 | ppl     17.78
[2022-04-10 14:45:48.812] E040 |  1800/2408 batches | lr 0.1562 | loss  2.903 | ppl     18.23
[2022-04-10 14:45:52.279] E040 |  2000/2408 batches | lr 0.1562 | loss  2.878 | ppl     17.78
[2022-04-10 14:45:55.745] E040 |  2200/2408 batches | lr 0.1562 | loss  2.919 | ppl     18.52
[2022-04-10 14:45:59.203] E040 |  2400/2408 batches | lr 0.1562 | loss  2.923 | ppl     18.61
[2022-04-10 14:45:59.340] E040 |  2408/2408 batches | lr 0.1562 | loss  2.888 | ppl     17.96
[2022-04-10 14:46:09.340] End E040 | valid loss  3.176; ppl     23.96 | accu 0.3347 = 195639/584500
[2022-04-10 14:46:11.774] End E040 |  test loss  4.779; ppl    119.00 | accu 0.1756 = 25099/142960 ../data/adult_test.txt
[2022-04-10 14:46:14.017] End E040 |  test loss  3.240; ppl     25.54 | accu 0.3235 = 42441/131180 ../data/adolescent_valid.txt
[2022-04-10 14:46:21.773] End E040 |  test loss  3.159; ppl     23.55 | accu 0.3378 = 153109/453280 ../data/cbt_valid.txt
[2022-04-10 14:46:21.773] Save: model.pt... 
[2022-04-10 14:46:21.784] Save: model.pt...Done. best_val_loss: 3.1763
[2022-04-10 14:46:24.274] End. test loss  4.78; ppl   119.00 | accu 0.1756 = 25099/142960 ../data/adult_test.txt
[2022-04-10 14:46:26.550] End. test loss  3.24; ppl    25.54 | accu 0.3235 = 42441/131180 ../data/adolescent_valid.txt
[2022-04-10 14:46:34.311] End. test loss  3.16; ppl    23.55 | accu 0.3378 = 153109/453280 ../data/cbt_valid.txt
[2022-04-10 14:46:34.311] =========================================================================================
