[2022-04-10 14:46:34.317] corpus.train_file_list: 2
[2022-04-10 14:46:34.317]         ../data/cbt_train.txt
[2022-04-10 14:46:34.317]         ../data/adolescent_train.txt
[2022-04-10 14:46:34.317] corpus.valid_file_list: 2
[2022-04-10 14:46:34.317]         ../data/cbt_valid.txt
[2022-04-10 14:46:34.317]         ../data/adolescent_valid.txt
[2022-04-10 14:46:34.317] corpus.test_file_list: 3
[2022-04-10 14:46:34.317]         ../data/adult_test.txt
[2022-04-10 14:46:34.317]         ../data/adolescent_valid.txt
[2022-04-10 14:46:34.317]         ../data/cbt_valid.txt
[2022-04-10 14:46:34.317] corpus.subword_vocab_size: 1000
[2022-04-10 14:46:34.317] corpus.subword_model.train(4 files)...
[2022-04-10 14:46:34.317]         ../data/cbt_train.txt
[2022-04-10 14:46:34.317]         ../data/adolescent_train.txt
[2022-04-10 14:46:34.317]         ../data/cbt_valid.txt
[2022-04-10 14:46:34.317]         ../data/adolescent_valid.txt
[2022-04-10 14:46:34.905] corpus.subword_model.train(4 files)...Done
[2022-04-10 14:46:34.905] corpus tokenize...
[2022-04-10 14:46:37.621]         train tokens: 1013345  ../data/cbt_train.txt
[2022-04-10 14:46:38.963]         train tokens: 442909  ../data/adolescent_train.txt
[2022-04-10 14:46:40.069]         valid tokens: 391272  ../data/cbt_valid.txt
[2022-04-10 14:46:40.417]         valid tokens: 113679  ../data/adolescent_valid.txt
[2022-04-10 14:46:40.724]         test  tokens: 125527  ../data/adult_test.txt
[2022-04-10 14:46:41.083]         test  tokens: 113679  ../data/adolescent_valid.txt
[2022-04-10 14:46:42.172]         test  tokens: 391272  ../data/cbt_valid.txt
[2022-04-10 14:46:42.173] corpus.ntokens      : 993
[2022-04-10 14:46:42.173] corpus.char_count   : 101
[2022-04-10 14:46:42.173] corpus.char_cnt_dict: 101
[2022-04-10 14:46:42.173] corpus.char_id_dict : 101
[2022-04-10 14:46:42.185] corpus.batchify(2 files, batch_size=20)...
[2022-04-10 14:46:42.185]         tokens_all: 1456254
[2022-04-10 14:46:42.185]         batched   :  72812
[2022-04-10 14:46:42.185]         ../data/cbt_train.txt
[2022-04-10 14:46:42.185]         ../data/adolescent_train.txt
[2022-04-10 14:46:42.191] corpus.batchify(2 files, batch_size=20)...
[2022-04-10 14:46:42.192]         tokens_all: 504951
[2022-04-10 14:46:42.192]         batched   :  25247
[2022-04-10 14:46:42.192]         ../data/cbt_valid.txt
[2022-04-10 14:46:42.192]         ../data/adolescent_valid.txt
[2022-04-10 14:46:42.194] corpus.batchify(1 files, batch_size=20)...
[2022-04-10 14:46:42.194]         tokens_all: 125527
[2022-04-10 14:46:42.194]         batched   :   6276
[2022-04-10 14:46:42.194]         ../data/adult_test.txt
[2022-04-10 14:46:42.196] corpus.batchify(1 files, batch_size=20)...
[2022-04-10 14:46:42.196]         tokens_all: 113679
[2022-04-10 14:46:42.196]         batched   :   5683
[2022-04-10 14:46:42.196]         ../data/adolescent_valid.txt
[2022-04-10 14:46:42.199] corpus.batchify(1 files, batch_size=20)...
[2022-04-10 14:46:42.200]         tokens_all: 391272
[2022-04-10 14:46:42.200]         batched   :  19563
[2022-04-10 14:46:42.200]         ../data/cbt_valid.txt
[2022-04-10 14:46:42.216] RNNModel.rnn_type: LSTM
[2022-04-10 14:46:42.216] RNNModel.ntoken  : 993
[2022-04-10 14:46:42.216] RNNModel.ninp    : 200
[2022-04-10 14:46:42.216] RNNModel.nhid    : 200
[2022-04-10 14:46:42.216] RNNModel.nlayers : 2
[2022-04-10 14:46:42.216] RNNModel.dropout : 0.2
[2022-04-10 14:46:42.216] RNNModel.tie_weights: False
[2022-04-10 14:46:42.216] RNNModel.char_mode  : 
[2022-04-10 14:46:42.216] RNNModel.char_cnt   : 102
[2022-04-10 14:46:42.216] RNNModel.char_emsize: 25
[2022-04-10 14:46:42.216] RNNModel.char_nhid  : 200
[2022-04-10 14:46:42.217] RNNModel will not use char-encoding
[2022-04-10 14:46:42.219] Epoch 001/40 ==================================================
[2022-04-10 14:46:45.800] E001 |   200/2080 batches | lr 20.0000 | loss  5.801 | ppl    330.59
[2022-04-10 14:46:49.250] E001 |   400/2080 batches | lr 20.0000 | loss  5.168 | ppl    175.58
[2022-04-10 14:46:52.767] E001 |   600/2080 batches | lr 20.0000 | loss  4.819 | ppl    123.86
[2022-04-10 14:46:56.304] E001 |   800/2080 batches | lr 20.0000 | loss  4.580 | ppl     97.52
[2022-04-10 14:46:59.756] E001 |  1000/2080 batches | lr 20.0000 | loss  4.425 | ppl     83.49
[2022-04-10 14:47:03.229] E001 |  1200/2080 batches | lr 20.0000 | loss  4.309 | ppl     74.40
[2022-04-10 14:47:06.751] E001 |  1400/2080 batches | lr 20.0000 | loss  4.166 | ppl     64.44
[2022-04-10 14:47:10.217] E001 |  1600/2080 batches | lr 20.0000 | loss  4.137 | ppl     62.64
[2022-04-10 14:47:13.699] E001 |  1800/2080 batches | lr 20.0000 | loss  4.073 | ppl     58.72
[2022-04-10 14:47:17.180] E001 |  2000/2080 batches | lr 20.0000 | loss  4.041 | ppl     56.87
[2022-04-10 14:47:18.565] E001 |  2080/2080 batches | lr 20.0000 | loss  4.024 | ppl     55.94
[2022-04-10 14:47:27.277] End E001 | valid loss  4.191; ppl     66.08 | accu 0.2076 = 104799/504920
[2022-04-10 14:47:29.436] End E001 |  test loss  5.778; ppl    323.13 | accu 0.0798 = 10011/125500 ../data/adult_test.txt
[2022-04-10 14:47:31.415] End E001 |  test loss  4.364; ppl     78.54 | accu 0.1912 = 21730/113640 ../data/adolescent_valid.txt
[2022-04-10 14:47:38.191] End E001 |  test loss  4.155; ppl     63.73 | accu 0.2109 = 82507/391240 ../data/cbt_valid.txt
[2022-04-10 14:47:38.191] Save: model.pt... 
[2022-04-10 14:47:38.203] Save: model.pt...Done. best_val_loss: 4.1908
[2022-04-10 14:47:38.203] Epoch 002/40 ==================================================
[2022-04-10 14:47:41.703] E002 |   200/2080 batches | lr 20.0000 | loss  3.947 | ppl     51.76
[2022-04-10 14:47:45.198] E002 |   400/2080 batches | lr 20.0000 | loss  3.898 | ppl     49.30
[2022-04-10 14:47:48.730] E002 |   600/2080 batches | lr 20.0000 | loss  3.855 | ppl     47.23
[2022-04-10 14:47:52.206] E002 |   800/2080 batches | lr 20.0000 | loss  3.833 | ppl     46.22
[2022-04-10 14:47:55.708] E002 |  1000/2080 batches | lr 20.0000 | loss  3.802 | ppl     44.81
[2022-04-10 14:47:59.209] E002 |  1200/2080 batches | lr 20.0000 | loss  3.798 | ppl     44.61
[2022-04-10 14:48:02.694] E002 |  1400/2080 batches | lr 20.0000 | loss  3.750 | ppl     42.52
[2022-04-10 14:48:06.162] E002 |  1600/2080 batches | lr 20.0000 | loss  3.771 | ppl     43.42
[2022-04-10 14:48:09.751] E002 |  1800/2080 batches | lr 20.0000 | loss  3.757 | ppl     42.81
[2022-04-10 14:48:13.220] E002 |  2000/2080 batches | lr 20.0000 | loss  3.769 | ppl     43.32
[2022-04-10 14:48:14.606] E002 |  2080/2080 batches | lr 20.0000 | loss  3.781 | ppl     43.88
[2022-04-10 14:48:23.354] End E002 | valid loss  3.980; ppl     53.50 | accu 0.2380 = 120163/504920
[2022-04-10 14:48:25.544] End E002 |  test loss  5.758; ppl    316.58 | accu 0.1003 = 12592/125500 ../data/adult_test.txt
[2022-04-10 14:48:27.518] End E002 |  test loss  4.131; ppl     62.26 | accu 0.2191 = 24897/113640 ../data/adolescent_valid.txt
[2022-04-10 14:48:34.281] End E002 |  test loss  3.945; ppl     51.66 | accu 0.2424 = 94856/391240 ../data/cbt_valid.txt
[2022-04-10 14:48:34.282] Save: model.pt... 
[2022-04-10 14:48:34.293] Save: model.pt...Done. best_val_loss: 3.9796
[2022-04-10 14:48:34.293] Epoch 003/40 ==================================================
[2022-04-10 14:48:37.776] E003 |   200/2080 batches | lr 20.0000 | loss  3.718 | ppl     41.19
[2022-04-10 14:48:41.284] E003 |   400/2080 batches | lr 20.0000 | loss  3.693 | ppl     40.18
[2022-04-10 14:48:44.778] E003 |   600/2080 batches | lr 20.0000 | loss  3.676 | ppl     39.49
[2022-04-10 14:48:48.280] E003 |   800/2080 batches | lr 20.0000 | loss  3.672 | ppl     39.31
[2022-04-10 14:48:51.764] E003 |  1000/2080 batches | lr 20.0000 | loss  3.660 | ppl     38.88
[2022-04-10 14:48:55.245] E003 |  1200/2080 batches | lr 20.0000 | loss  3.671 | ppl     39.29
[2022-04-10 14:48:58.760] E003 |  1400/2080 batches | lr 20.0000 | loss  3.633 | ppl     37.84
[2022-04-10 14:49:02.249] E003 |  1600/2080 batches | lr 20.0000 | loss  3.669 | ppl     39.22
[2022-04-10 14:49:05.728] E003 |  1800/2080 batches | lr 20.0000 | loss  3.660 | ppl     38.84
[2022-04-10 14:49:09.186] E003 |  2000/2080 batches | lr 20.0000 | loss  3.681 | ppl     39.67
[2022-04-10 14:49:10.614] E003 |  2080/2080 batches | lr 20.0000 | loss  3.701 | ppl     40.50
[2022-04-10 14:49:19.290] End E003 | valid loss  3.900; ppl     49.40 | accu 0.2522 = 127323/504920
[2022-04-10 14:49:21.478] End E003 |  test loss  7.441; ppl   1705.17 | accu 0.0602 = 7558/125500 ../data/adult_test.txt
[2022-04-10 14:49:23.435] End E003 |  test loss  4.083; ppl     59.35 | accu 0.2277 = 25874/113640 ../data/adolescent_valid.txt
[2022-04-10 14:49:30.231] End E003 |  test loss  3.868; ppl     47.86 | accu 0.2563 = 100294/391240 ../data/cbt_valid.txt
[2022-04-10 14:49:30.231] Save: model.pt... 
[2022-04-10 14:49:30.243] Save: model.pt...Done. best_val_loss: 3.9000
[2022-04-10 14:49:30.243] Epoch 004/40 ==================================================
[2022-04-10 14:49:33.713] E004 |   200/2080 batches | lr 20.0000 | loss  3.639 | ppl     38.04
[2022-04-10 14:49:37.205] E004 |   400/2080 batches | lr 20.0000 | loss  3.617 | ppl     37.24
[2022-04-10 14:49:40.663] E004 |   600/2080 batches | lr 20.0000 | loss  3.608 | ppl     36.90
[2022-04-10 14:49:44.117] E004 |   800/2080 batches | lr 20.0000 | loss  3.610 | ppl     36.98
[2022-04-10 14:49:47.571] E004 |  1000/2080 batches | lr 20.0000 | loss  3.604 | ppl     36.74
[2022-04-10 14:49:51.035] E004 |  1200/2080 batches | lr 20.0000 | loss  3.620 | ppl     37.35
[2022-04-10 14:49:54.705] E004 |  1400/2080 batches | lr 20.0000 | loss  3.580 | ppl     35.86
[2022-04-10 14:49:58.155] E004 |  1600/2080 batches | lr 20.0000 | loss  3.616 | ppl     37.20
[2022-04-10 14:50:01.633] E004 |  1800/2080 batches | lr 20.0000 | loss  3.611 | ppl     37.02
[2022-04-10 14:50:05.272] E004 |  2000/2080 batches | lr 20.0000 | loss  3.640 | ppl     38.11
[2022-04-10 14:50:06.694] E004 |  2080/2080 batches | lr 20.0000 | loss  3.667 | ppl     39.14
[2022-04-10 14:50:15.431] End E004 | valid loss  3.866; ppl     47.75 | accu 0.2561 = 129327/504920
[2022-04-10 14:50:17.596] End E004 |  test loss  7.957; ppl   2854.59 | accu 0.0611 = 7673/125500 ../data/adult_test.txt
[2022-04-10 14:50:19.565] End E004 |  test loss  4.009; ppl     55.08 | accu 0.2392 = 27179/113640 ../data/adolescent_valid.txt
[2022-04-10 14:50:26.342] End E004 |  test loss  3.836; ppl     46.33 | accu 0.2599 = 101696/391240 ../data/cbt_valid.txt
[2022-04-10 14:50:26.343] Save: model.pt... 
[2022-04-10 14:50:26.354] Save: model.pt...Done. best_val_loss: 3.8659
[2022-04-10 14:50:26.355] Epoch 005/40 ==================================================
[2022-04-10 14:50:29.866] E005 |   200/2080 batches | lr 20.0000 | loss  3.596 | ppl     36.47
[2022-04-10 14:50:33.369] E005 |   400/2080 batches | lr 20.0000 | loss  3.579 | ppl     35.85
[2022-04-10 14:50:36.884] E005 |   600/2080 batches | lr 20.0000 | loss  3.571 | ppl     35.54
[2022-04-10 14:50:40.370] E005 |   800/2080 batches | lr 20.0000 | loss  3.578 | ppl     35.79
[2022-04-10 14:50:43.854] E005 |  1000/2080 batches | lr 20.0000 | loss  3.569 | ppl     35.48
[2022-04-10 14:50:47.354] E005 |  1200/2080 batches | lr 20.0000 | loss  3.590 | ppl     36.25
[2022-04-10 14:50:50.833] E005 |  1400/2080 batches | lr 20.0000 | loss  3.558 | ppl     35.08
[2022-04-10 14:50:54.318] E005 |  1600/2080 batches | lr 20.0000 | loss  3.596 | ppl     36.46
[2022-04-10 14:50:57.784] E005 |  1800/2080 batches | lr 20.0000 | loss  3.591 | ppl     36.26
[2022-04-10 14:51:01.249] E005 |  2000/2080 batches | lr 20.0000 | loss  3.609 | ppl     36.92
[2022-04-10 14:51:02.620] E005 |  2080/2080 batches | lr 20.0000 | loss  3.646 | ppl     38.32
[2022-04-10 14:51:11.304] End E005 | valid loss  3.848; ppl     46.89 | accu 0.2588 = 130693/504920
[2022-04-10 14:51:13.472] End E005 |  test loss  8.118; ppl   3353.72 | accu 0.0580 = 7273/125500 ../data/adult_test.txt
[2022-04-10 14:51:15.452] End E005 |  test loss  3.956; ppl     52.24 | accu 0.2419 = 27493/113640 ../data/adolescent_valid.txt
[2022-04-10 14:51:22.170] End E005 |  test loss  3.817; ppl     45.49 | accu 0.2635 = 103108/391240 ../data/cbt_valid.txt
[2022-04-10 14:51:22.170] Save: model.pt... 
[2022-04-10 14:51:22.181] Save: model.pt...Done. best_val_loss: 3.8478
[2022-04-10 14:51:22.181] Epoch 006/40 ==================================================
[2022-04-10 14:51:25.636] E006 |   200/2080 batches | lr 20.0000 | loss  3.576 | ppl     35.73
[2022-04-10 14:51:29.066] E006 |   400/2080 batches | lr 20.0000 | loss  3.556 | ppl     35.02
[2022-04-10 14:51:32.494] E006 |   600/2080 batches | lr 20.0000 | loss  3.552 | ppl     34.89
[2022-04-10 14:51:35.936] E006 |   800/2080 batches | lr 20.0000 | loss  3.556 | ppl     35.01
[2022-04-10 14:51:39.359] E006 |  1000/2080 batches | lr 20.0000 | loss  3.543 | ppl     34.58
[2022-04-10 14:51:42.844] E006 |  1200/2080 batches | lr 20.0000 | loss  3.573 | ppl     35.61
[2022-04-10 14:51:46.289] E006 |  1400/2080 batches | lr 20.0000 | loss  3.539 | ppl     34.43
[2022-04-10 14:51:49.728] E006 |  1600/2080 batches | lr 20.0000 | loss  3.578 | ppl     35.81
[2022-04-10 14:51:53.205] E006 |  1800/2080 batches | lr 20.0000 | loss  3.574 | ppl     35.67
[2022-04-10 14:51:56.666] E006 |  2000/2080 batches | lr 20.0000 | loss  3.602 | ppl     36.65
[2022-04-10 14:51:58.038] E006 |  2080/2080 batches | lr 20.0000 | loss  3.628 | ppl     37.65
[2022-04-10 14:52:06.741] End E006 | valid loss  3.836; ppl     46.34 | accu 0.2610 = 131792/504920
[2022-04-10 14:52:08.898] End E006 |  test loss  7.263; ppl   1426.36 | accu 0.0694 = 8709/125500 ../data/adult_test.txt
[2022-04-10 14:52:10.864] End E006 |  test loss  3.926; ppl     50.69 | accu 0.2464 = 28003/113640 ../data/adolescent_valid.txt
[2022-04-10 14:52:17.615] End E006 |  test loss  3.812; ppl     45.22 | accu 0.2650 = 103673/391240 ../data/cbt_valid.txt
[2022-04-10 14:52:17.615] Save: model.pt... 
[2022-04-10 14:52:17.626] Save: model.pt...Done. best_val_loss: 3.8360
[2022-04-10 14:52:17.626] Epoch 007/40 ==================================================
[2022-04-10 14:52:21.122] E007 |   200/2080 batches | lr 20.0000 | loss  3.563 | ppl     35.25
[2022-04-10 14:52:24.612] E007 |   400/2080 batches | lr 20.0000 | loss  3.544 | ppl     34.59
[2022-04-10 14:52:28.592] E007 |   600/2080 batches | lr 20.0000 | loss  3.540 | ppl     34.48
[2022-04-10 14:52:32.086] E007 |   800/2080 batches | lr 20.0000 | loss  3.544 | ppl     34.60
[2022-04-10 14:52:35.627] E007 |  1000/2080 batches | lr 20.0000 | loss  3.532 | ppl     34.20
[2022-04-10 14:52:39.056] E007 |  1200/2080 batches | lr 20.0000 | loss  3.560 | ppl     35.17
[2022-04-10 14:52:42.536] E007 |  1400/2080 batches | lr 20.0000 | loss  3.529 | ppl     34.08
[2022-04-10 14:52:45.984] E007 |  1600/2080 batches | lr 20.0000 | loss  3.568 | ppl     35.45
[2022-04-10 14:52:49.444] E007 |  1800/2080 batches | lr 20.0000 | loss  3.563 | ppl     35.29
[2022-04-10 14:52:52.883] E007 |  2000/2080 batches | lr 20.0000 | loss  3.588 | ppl     36.15
[2022-04-10 14:52:54.264] E007 |  2080/2080 batches | lr 20.0000 | loss  3.620 | ppl     37.33
[2022-04-10 14:53:03.052] End E007 | valid loss  3.856; ppl     47.29 | accu 0.2577 = 130113/504920
[2022-04-10 14:53:05.228] End E007 |  test loss  6.126; ppl    457.47 | accu 0.0928 = 11647/125500 ../data/adult_test.txt
[2022-04-10 14:53:07.184] End E007 |  test loss  4.131; ppl     62.22 | accu 0.2271 = 25804/113640 ../data/adolescent_valid.txt
[2022-04-10 14:53:13.886] End E007 |  test loss  3.806; ppl     44.98 | accu 0.2639 = 103265/391240 ../data/cbt_valid.txt
[2022-04-10 14:53:13.886] Epoch 008/40 ==================================================
[2022-04-10 14:53:17.388] E008 |   200/2080 batches | lr 10.0000 | loss  3.525 | ppl     33.96
[2022-04-10 14:53:20.864] E008 |   400/2080 batches | lr 10.0000 | loss  3.487 | ppl     32.68
[2022-04-10 14:53:24.342] E008 |   600/2080 batches | lr 10.0000 | loss  3.471 | ppl     32.17
[2022-04-10 14:53:27.837] E008 |   800/2080 batches | lr 10.0000 | loss  3.457 | ppl     31.73
[2022-04-10 14:53:31.342] E008 |  1000/2080 batches | lr 10.0000 | loss  3.444 | ppl     31.31
[2022-04-10 14:53:34.973] E008 |  1200/2080 batches | lr 10.0000 | loss  3.462 | ppl     31.90
[2022-04-10 14:53:38.457] E008 |  1400/2080 batches | lr 10.0000 | loss  3.420 | ppl     30.57
[2022-04-10 14:53:42.056] E008 |  1600/2080 batches | lr 10.0000 | loss  3.457 | ppl     31.74
[2022-04-10 14:53:45.569] E008 |  1800/2080 batches | lr 10.0000 | loss  3.439 | ppl     31.17
[2022-04-10 14:53:49.028] E008 |  2000/2080 batches | lr 10.0000 | loss  3.461 | ppl     31.86
[2022-04-10 14:53:50.430] E008 |  2080/2080 batches | lr 10.0000 | loss  3.483 | ppl     32.55
[2022-04-10 14:53:59.102] End E008 | valid loss  3.741; ppl     42.13 | accu 0.2772 = 139958/504920
[2022-04-10 14:54:01.281] End E008 |  test loss  8.351; ppl   4234.31 | accu 0.0644 = 8083/125500 ../data/adult_test.txt
[2022-04-10 14:54:03.233] End E008 |  test loss  3.820; ppl     45.61 | accu 0.2633 = 29917/113640 ../data/adolescent_valid.txt
[2022-04-10 14:54:09.972] End E008 |  test loss  3.720; ppl     41.26 | accu 0.2809 = 109894/391240 ../data/cbt_valid.txt
[2022-04-10 14:54:09.972] Save: model.pt... 
[2022-04-10 14:54:09.983] Save: model.pt...Done. best_val_loss: 3.7407
[2022-04-10 14:54:09.983] Epoch 009/40 ==================================================
[2022-04-10 14:54:13.542] E009 |   200/2080 batches | lr 10.0000 | loss  3.442 | ppl     31.24
[2022-04-10 14:54:17.027] E009 |   400/2080 batches | lr 10.0000 | loss  3.424 | ppl     30.69
[2022-04-10 14:54:20.525] E009 |   600/2080 batches | lr 10.0000 | loss  3.418 | ppl     30.49
[2022-04-10 14:54:23.983] E009 |   800/2080 batches | lr 10.0000 | loss  3.415 | ppl     30.41
[2022-04-10 14:54:27.577] E009 |  1000/2080 batches | lr 10.0000 | loss  3.399 | ppl     29.93
[2022-04-10 14:54:31.027] E009 |  1200/2080 batches | lr 10.0000 | loss  3.428 | ppl     30.81
[2022-04-10 14:54:34.497] E009 |  1400/2080 batches | lr 10.0000 | loss  3.389 | ppl     29.65
[2022-04-10 14:54:38.158] E009 |  1600/2080 batches | lr 10.0000 | loss  3.428 | ppl     30.81
[2022-04-10 14:54:41.832] E009 |  1800/2080 batches | lr 10.0000 | loss  3.414 | ppl     30.38
[2022-04-10 14:54:45.297] E009 |  2000/2080 batches | lr 10.0000 | loss  3.446 | ppl     31.37
[2022-04-10 14:54:46.685] E009 |  2080/2080 batches | lr 10.0000 | loss  3.472 | ppl     32.19
[2022-04-10 14:54:55.367] End E009 | valid loss  3.729; ppl     41.65 | accu 0.2780 = 140361/504920
[2022-04-10 14:54:57.521] End E009 |  test loss  8.018; ppl   3034.06 | accu 0.0728 = 9134/125500 ../data/adult_test.txt
[2022-04-10 14:54:59.488] End E009 |  test loss  3.806; ppl     44.98 | accu 0.2654 = 30162/113640 ../data/adolescent_valid.txt
[2022-04-10 14:55:06.222] End E009 |  test loss  3.710; ppl     40.85 | accu 0.2812 = 110018/391240 ../data/cbt_valid.txt
[2022-04-10 14:55:06.222] Save: model.pt... 
[2022-04-10 14:55:06.234] Save: model.pt...Done. best_val_loss: 3.7292
[2022-04-10 14:55:06.234] Epoch 010/40 ==================================================
[2022-04-10 14:55:09.704] E010 |   200/2080 batches | lr 10.0000 | loss  3.417 | ppl     30.48
[2022-04-10 14:55:13.279] E010 |   400/2080 batches | lr 10.0000 | loss  3.398 | ppl     29.90
[2022-04-10 14:55:16.739] E010 |   600/2080 batches | lr 10.0000 | loss  3.395 | ppl     29.82
[2022-04-10 14:55:20.229] E010 |   800/2080 batches | lr 10.0000 | loss  3.394 | ppl     29.80
[2022-04-10 14:55:23.720] E010 |  1000/2080 batches | lr 10.0000 | loss  3.383 | ppl     29.45
[2022-04-10 14:55:27.218] E010 |  1200/2080 batches | lr 10.0000 | loss  3.404 | ppl     30.08
[2022-04-10 14:55:30.711] E010 |  1400/2080 batches | lr 10.0000 | loss  3.372 | ppl     29.14
[2022-04-10 14:55:34.204] E010 |  1600/2080 batches | lr 10.0000 | loss  3.412 | ppl     30.31
[2022-04-10 14:55:37.640] E010 |  1800/2080 batches | lr 10.0000 | loss  3.403 | ppl     30.05
[2022-04-10 14:55:41.095] E010 |  2000/2080 batches | lr 10.0000 | loss  3.432 | ppl     30.93
[2022-04-10 14:55:42.458] E010 |  2080/2080 batches | lr 10.0000 | loss  3.463 | ppl     31.92
[2022-04-10 14:55:51.157] End E010 | valid loss  3.725; ppl     41.46 | accu 0.2788 = 140751/504920
[2022-04-10 14:55:53.323] End E010 |  test loss  7.932; ppl   2784.38 | accu 0.0729 = 9144/125500 ../data/adult_test.txt
[2022-04-10 14:55:55.293] End E010 |  test loss  3.793; ppl     44.37 | accu 0.2666 = 30302/113640 ../data/adolescent_valid.txt
[2022-04-10 14:56:02.054] End E010 |  test loss  3.708; ppl     40.75 | accu 0.2819 = 110278/391240 ../data/cbt_valid.txt
[2022-04-10 14:56:02.054] Save: model.pt... 
[2022-04-10 14:56:02.065] Save: model.pt...Done. best_val_loss: 3.7248
[2022-04-10 14:56:02.065] Epoch 011/40 ==================================================
[2022-04-10 14:56:05.542] E011 |   200/2080 batches | lr 10.0000 | loss  3.402 | ppl     30.04
[2022-04-10 14:56:09.019] E011 |   400/2080 batches | lr 10.0000 | loss  3.388 | ppl     29.60
[2022-04-10 14:56:12.497] E011 |   600/2080 batches | lr 10.0000 | loss  3.381 | ppl     29.40
[2022-04-10 14:56:16.055] E011 |   800/2080 batches | lr 10.0000 | loss  3.378 | ppl     29.32
[2022-04-10 14:56:19.614] E011 |  1000/2080 batches | lr 10.0000 | loss  3.367 | ppl     28.98
[2022-04-10 14:56:23.255] E011 |  1200/2080 batches | lr 10.0000 | loss  3.394 | ppl     29.79
[2022-04-10 14:56:26.739] E011 |  1400/2080 batches | lr 10.0000 | loss  3.357 | ppl     28.70
[2022-04-10 14:56:30.225] E011 |  1600/2080 batches | lr 10.0000 | loss  3.396 | ppl     29.84
[2022-04-10 14:56:33.669] E011 |  1800/2080 batches | lr 10.0000 | loss  3.390 | ppl     29.66
[2022-04-10 14:56:37.146] E011 |  2000/2080 batches | lr 10.0000 | loss  3.423 | ppl     30.65
[2022-04-10 14:56:38.524] E011 |  2080/2080 batches | lr 10.0000 | loss  3.451 | ppl     31.52
[2022-04-10 14:56:47.196] End E011 | valid loss  3.714; ppl     41.02 | accu 0.2806 = 141689/504920
[2022-04-10 14:56:49.352] End E011 |  test loss  8.065; ppl   3180.41 | accu 0.0707 = 8871/125500 ../data/adult_test.txt
[2022-04-10 14:56:51.326] End E011 |  test loss  3.781; ppl     43.85 | accu 0.2687 = 30538/113640 ../data/adolescent_valid.txt
[2022-04-10 14:56:58.067] End E011 |  test loss  3.696; ppl     40.28 | accu 0.2839 = 111065/391240 ../data/cbt_valid.txt
[2022-04-10 14:56:58.068] Save: model.pt... 
[2022-04-10 14:56:58.076] Save: model.pt...Done. best_val_loss: 3.7141
[2022-04-10 14:56:58.076] Epoch 012/40 ==================================================
[2022-04-10 14:57:01.643] E012 |   200/2080 batches | lr 10.0000 | loss  3.389 | ppl     29.63
[2022-04-10 14:57:05.130] E012 |   400/2080 batches | lr 10.0000 | loss  3.372 | ppl     29.13
[2022-04-10 14:57:08.618] E012 |   600/2080 batches | lr 10.0000 | loss  3.370 | ppl     29.09
[2022-04-10 14:57:12.049] E012 |   800/2080 batches | lr 10.0000 | loss  3.365 | ppl     28.94
[2022-04-10 14:57:15.517] E012 |  1000/2080 batches | lr 10.0000 | loss  3.358 | ppl     28.72
[2022-04-10 14:57:18.945] E012 |  1200/2080 batches | lr 10.0000 | loss  3.381 | ppl     29.40
[2022-04-10 14:57:22.478] E012 |  1400/2080 batches | lr 10.0000 | loss  3.350 | ppl     28.52
[2022-04-10 14:57:25.947] E012 |  1600/2080 batches | lr 10.0000 | loss  3.390 | ppl     29.65
[2022-04-10 14:57:29.373] E012 |  1800/2080 batches | lr 10.0000 | loss  3.381 | ppl     29.41
[2022-04-10 14:57:32.865] E012 |  2000/2080 batches | lr 10.0000 | loss  3.409 | ppl     30.23
[2022-04-10 14:57:34.230] E012 |  2080/2080 batches | lr 10.0000 | loss  3.443 | ppl     31.27
[2022-04-10 14:57:42.942] End E012 | valid loss  3.712; ppl     40.95 | accu 0.2809 = 141851/504920
[2022-04-10 14:57:45.104] End E012 |  test loss  7.566; ppl   1931.22 | accu 0.0767 = 9623/125500 ../data/adult_test.txt
[2022-04-10 14:57:47.068] End E012 |  test loss  3.777; ppl     43.67 | accu 0.2691 = 30580/113640 ../data/adolescent_valid.txt
[2022-04-10 14:57:53.830] End E012 |  test loss  3.694; ppl     40.22 | accu 0.2842 = 111189/391240 ../data/cbt_valid.txt
[2022-04-10 14:57:53.831] Save: model.pt... 
[2022-04-10 14:57:53.842] Save: model.pt...Done. best_val_loss: 3.7124
[2022-04-10 14:57:53.842] Epoch 013/40 ==================================================
[2022-04-10 14:57:57.370] E013 |   200/2080 batches | lr 10.0000 | loss  3.379 | ppl     29.35
[2022-04-10 14:58:00.849] E013 |   400/2080 batches | lr 10.0000 | loss  3.362 | ppl     28.86
[2022-04-10 14:58:04.368] E013 |   600/2080 batches | lr 10.0000 | loss  3.360 | ppl     28.78
[2022-04-10 14:58:07.851] E013 |   800/2080 batches | lr 10.0000 | loss  3.362 | ppl     28.85
[2022-04-10 14:58:11.329] E013 |  1000/2080 batches | lr 10.0000 | loss  3.347 | ppl     28.42
[2022-04-10 14:58:14.768] E013 |  1200/2080 batches | lr 10.0000 | loss  3.374 | ppl     29.20
[2022-04-10 14:58:18.211] E013 |  1400/2080 batches | lr 10.0000 | loss  3.340 | ppl     28.22
[2022-04-10 14:58:21.640] E013 |  1600/2080 batches | lr 10.0000 | loss  3.382 | ppl     29.44
[2022-04-10 14:58:25.088] E013 |  1800/2080 batches | lr 10.0000 | loss  3.373 | ppl     29.16
[2022-04-10 14:58:28.509] E013 |  2000/2080 batches | lr 10.0000 | loss  3.401 | ppl     30.00
[2022-04-10 14:58:29.882] E013 |  2080/2080 batches | lr 10.0000 | loss  3.434 | ppl     30.99
[2022-04-10 14:58:38.608] End E013 | valid loss  3.705; ppl     40.66 | accu 0.2824 = 142576/504920
[2022-04-10 14:58:40.783] End E013 |  test loss  6.403; ppl    603.45 | accu 0.0956 = 12004/125500 ../data/adult_test.txt
[2022-04-10 14:58:42.757] End E013 |  test loss  3.774; ppl     43.57 | accu 0.2689 = 30558/113640 ../data/adolescent_valid.txt
[2022-04-10 14:58:49.488] End E013 |  test loss  3.687; ppl     39.90 | accu 0.2860 = 111908/391240 ../data/cbt_valid.txt
[2022-04-10 14:58:49.489] Save: model.pt... 
[2022-04-10 14:58:49.500] Save: model.pt...Done. best_val_loss: 3.7051
[2022-04-10 14:58:49.500] Epoch 014/40 ==================================================
[2022-04-10 14:58:53.011] E014 |   200/2080 batches | lr 10.0000 | loss  3.375 | ppl     29.23
[2022-04-10 14:58:56.528] E014 |   400/2080 batches | lr 10.0000 | loss  3.358 | ppl     28.73
[2022-04-10 14:59:00.025] E014 |   600/2080 batches | lr 10.0000 | loss  3.348 | ppl     28.46
[2022-04-10 14:59:03.533] E014 |   800/2080 batches | lr 10.0000 | loss  3.353 | ppl     28.58
[2022-04-10 14:59:07.020] E014 |  1000/2080 batches | lr 10.0000 | loss  3.338 | ppl     28.15
[2022-04-10 14:59:10.489] E014 |  1200/2080 batches | lr 10.0000 | loss  3.369 | ppl     29.06
[2022-04-10 14:59:13.938] E014 |  1400/2080 batches | lr 10.0000 | loss  3.332 | ppl     28.00
[2022-04-10 14:59:17.374] E014 |  1600/2080 batches | lr 10.0000 | loss  3.374 | ppl     29.18
[2022-04-10 14:59:20.837] E014 |  1800/2080 batches | lr 10.0000 | loss  3.369 | ppl     29.04
[2022-04-10 14:59:24.304] E014 |  2000/2080 batches | lr 10.0000 | loss  3.397 | ppl     29.88
[2022-04-10 14:59:25.703] E014 |  2080/2080 batches | lr 10.0000 | loss  3.425 | ppl     30.73
[2022-04-10 14:59:34.417] End E014 | valid loss  3.711; ppl     40.91 | accu 0.2812 = 141993/504920
[2022-04-10 14:59:36.589] End E014 |  test loss  5.799; ppl    330.02 | accu 0.1139 = 14291/125500 ../data/adult_test.txt
[2022-04-10 14:59:38.552] End E014 |  test loss  3.785; ppl     44.05 | accu 0.2664 = 30272/113640 ../data/adolescent_valid.txt
[2022-04-10 14:59:45.329] End E014 |  test loss  3.690; ppl     40.06 | accu 0.2854 = 111673/391240 ../data/cbt_valid.txt
[2022-04-10 14:59:45.329] Epoch 015/40 ==================================================
[2022-04-10 14:59:48.783] E015 |   200/2080 batches | lr 5.0000 | loss  3.361 | ppl     28.82
[2022-04-10 14:59:52.249] E015 |   400/2080 batches | lr 5.0000 | loss  3.336 | ppl     28.10
[2022-04-10 14:59:55.714] E015 |   600/2080 batches | lr 5.0000 | loss  3.324 | ppl     27.78
[2022-04-10 14:59:59.189] E015 |   800/2080 batches | lr 5.0000 | loss  3.321 | ppl     27.68
[2022-04-10 15:00:02.661] E015 |  1000/2080 batches | lr 5.0000 | loss  3.302 | ppl     27.16
[2022-04-10 15:00:06.147] E015 |  1200/2080 batches | lr 5.0000 | loss  3.330 | ppl     27.93
[2022-04-10 15:00:09.602] E015 |  1400/2080 batches | lr 5.0000 | loss  3.285 | ppl     26.71
[2022-04-10 15:00:13.112] E015 |  1600/2080 batches | lr 5.0000 | loss  3.327 | ppl     27.87
[2022-04-10 15:00:16.596] E015 |  1800/2080 batches | lr 5.0000 | loss  3.314 | ppl     27.49
[2022-04-10 15:00:20.096] E015 |  2000/2080 batches | lr 5.0000 | loss  3.338 | ppl     28.18
[2022-04-10 15:00:21.490] E015 |  2080/2080 batches | lr 5.0000 | loss  3.365 | ppl     28.93
[2022-04-10 15:00:30.244] End E015 | valid loss  3.670; ppl     39.26 | accu 0.2885 = 145679/504920
[2022-04-10 15:00:32.414] End E015 |  test loss  5.748; ppl    313.64 | accu 0.1237 = 15521/125500 ../data/adult_test.txt
[2022-04-10 15:00:34.392] End E015 |  test loss  3.732; ppl     41.78 | accu 0.2775 = 31534/113640 ../data/adolescent_valid.txt
[2022-04-10 15:00:41.192] End E015 |  test loss  3.653; ppl     38.59 | accu 0.2916 = 114092/391240 ../data/cbt_valid.txt
[2022-04-10 15:00:41.193] Save: model.pt... 
[2022-04-10 15:00:41.203] Save: model.pt...Done. best_val_loss: 3.6703
[2022-04-10 15:00:41.204] Epoch 016/40 ==================================================
[2022-04-10 15:00:44.713] E016 |   200/2080 batches | lr 5.0000 | loss  3.325 | ppl     27.79
[2022-04-10 15:00:48.225] E016 |   400/2080 batches | lr 5.0000 | loss  3.307 | ppl     27.30
[2022-04-10 15:00:51.745] E016 |   600/2080 batches | lr 5.0000 | loss  3.303 | ppl     27.19
[2022-04-10 15:00:55.218] E016 |   800/2080 batches | lr 5.0000 | loss  3.297 | ppl     27.04
[2022-04-10 15:00:58.634] E016 |  1000/2080 batches | lr 5.0000 | loss  3.285 | ppl     26.70
[2022-04-10 15:01:02.104] E016 |  1200/2080 batches | lr 5.0000 | loss  3.307 | ppl     27.31
[2022-04-10 15:01:05.560] E016 |  1400/2080 batches | lr 5.0000 | loss  3.271 | ppl     26.35
[2022-04-10 15:01:08.986] E016 |  1600/2080 batches | lr 5.0000 | loss  3.318 | ppl     27.59
[2022-04-10 15:01:12.424] E016 |  1800/2080 batches | lr 5.0000 | loss  3.303 | ppl     27.20
[2022-04-10 15:01:15.892] E016 |  2000/2080 batches | lr 5.0000 | loss  3.333 | ppl     28.02
[2022-04-10 15:01:17.284] E016 |  2080/2080 batches | lr 5.0000 | loss  3.364 | ppl     28.92
[2022-04-10 15:01:25.969] End E016 | valid loss  3.660; ppl     38.87 | accu 0.2882 = 145542/504920
[2022-04-10 15:01:28.096] End E016 |  test loss  5.637; ppl    280.76 | accu 0.1240 = 15556/125500 ../data/adult_test.txt
[2022-04-10 15:01:30.040] End E016 |  test loss  3.724; ppl     41.41 | accu 0.2771 = 31487/113640 ../data/adolescent_valid.txt
[2022-04-10 15:01:36.747] End E016 |  test loss  3.643; ppl     38.20 | accu 0.2913 = 113981/391240 ../data/cbt_valid.txt
[2022-04-10 15:01:36.748] Save: model.pt... 
[2022-04-10 15:01:36.755] Save: model.pt...Done. best_val_loss: 3.6603
[2022-04-10 15:01:36.755] Epoch 017/40 ==================================================
[2022-04-10 15:01:40.232] E017 |   200/2080 batches | lr 5.0000 | loss  3.308 | ppl     27.32
[2022-04-10 15:01:43.694] E017 |   400/2080 batches | lr 5.0000 | loss  3.292 | ppl     26.91
[2022-04-10 15:01:47.149] E017 |   600/2080 batches | lr 5.0000 | loss  3.288 | ppl     26.79
[2022-04-10 15:01:50.614] E017 |   800/2080 batches | lr 5.0000 | loss  3.285 | ppl     26.71
[2022-04-10 15:01:54.066] E017 |  1000/2080 batches | lr 5.0000 | loss  3.276 | ppl     26.48
[2022-04-10 15:01:57.600] E017 |  1200/2080 batches | lr 5.0000 | loss  3.300 | ppl     27.10
[2022-04-10 15:02:01.069] E017 |  1400/2080 batches | lr 5.0000 | loss  3.264 | ppl     26.17
[2022-04-10 15:02:04.542] E017 |  1600/2080 batches | lr 5.0000 | loss  3.309 | ppl     27.36
[2022-04-10 15:02:08.035] E017 |  1800/2080 batches | lr 5.0000 | loss  3.296 | ppl     27.02
[2022-04-10 15:02:11.514] E017 |  2000/2080 batches | lr 5.0000 | loss  3.327 | ppl     27.85
[2022-04-10 15:02:12.904] E017 |  2080/2080 batches | lr 5.0000 | loss  3.355 | ppl     28.65
[2022-04-10 15:02:21.620] End E017 | valid loss  3.658; ppl     38.80 | accu 0.2890 = 145913/504920
[2022-04-10 15:02:23.783] End E017 |  test loss  5.587; ppl    266.84 | accu 0.1258 = 15792/125500 ../data/adult_test.txt
[2022-04-10 15:02:25.749] End E017 |  test loss  3.722; ppl     41.35 | accu 0.2763 = 31404/113640 ../data/adolescent_valid.txt
[2022-04-10 15:02:32.511] End E017 |  test loss  3.641; ppl     38.12 | accu 0.2925 = 114448/391240 ../data/cbt_valid.txt
[2022-04-10 15:02:32.511] Save: model.pt... 
[2022-04-10 15:02:32.522] Save: model.pt...Done. best_val_loss: 3.6583
[2022-04-10 15:02:32.522] Epoch 018/40 ==================================================
[2022-04-10 15:02:36.041] E018 |   200/2080 batches | lr 5.0000 | loss  3.302 | ppl     27.17
[2022-04-10 15:02:39.512] E018 |   400/2080 batches | lr 5.0000 | loss  3.284 | ppl     26.69
[2022-04-10 15:02:43.042] E018 |   600/2080 batches | lr 5.0000 | loss  3.283 | ppl     26.64
[2022-04-10 15:02:46.505] E018 |   800/2080 batches | lr 5.0000 | loss  3.280 | ppl     26.59
[2022-04-10 15:02:49.989] E018 |  1000/2080 batches | lr 5.0000 | loss  3.266 | ppl     26.20
[2022-04-10 15:02:53.449] E018 |  1200/2080 batches | lr 5.0000 | loss  3.297 | ppl     27.04
[2022-04-10 15:02:56.955] E018 |  1400/2080 batches | lr 5.0000 | loss  3.263 | ppl     26.12
[2022-04-10 15:03:00.497] E018 |  1600/2080 batches | lr 5.0000 | loss  3.304 | ppl     27.23
[2022-04-10 15:03:04.286] E018 |  1800/2080 batches | lr 5.0000 | loss  3.292 | ppl     26.89
[2022-04-10 15:03:07.871] E018 |  2000/2080 batches | lr 5.0000 | loss  3.317 | ppl     27.58
[2022-04-10 15:03:09.266] E018 |  2080/2080 batches | lr 5.0000 | loss  3.355 | ppl     28.64
[2022-04-10 15:03:17.924] End E018 | valid loss  3.657; ppl     38.73 | accu 0.2897 = 146260/504920
[2022-04-10 15:03:20.102] End E018 |  test loss  5.646; ppl    283.25 | accu 0.1251 = 15701/125500 ../data/adult_test.txt
[2022-04-10 15:03:22.051] End E018 |  test loss  3.714; ppl     41.04 | accu 0.2792 = 31727/113640 ../data/adolescent_valid.txt
[2022-04-10 15:03:28.771] End E018 |  test loss  3.641; ppl     38.12 | accu 0.2926 = 114493/391240 ../data/cbt_valid.txt
[2022-04-10 15:03:28.771] Save: model.pt... 
[2022-04-10 15:03:28.783] Save: model.pt...Done. best_val_loss: 3.6567
[2022-04-10 15:03:28.783] Epoch 019/40 ==================================================
[2022-04-10 15:03:32.270] E019 |   200/2080 batches | lr 5.0000 | loss  3.296 | ppl     27.00
[2022-04-10 15:03:35.772] E019 |   400/2080 batches | lr 5.0000 | loss  3.277 | ppl     26.50
[2022-04-10 15:03:39.241] E019 |   600/2080 batches | lr 5.0000 | loss  3.273 | ppl     26.40
[2022-04-10 15:03:42.793] E019 |   800/2080 batches | lr 5.0000 | loss  3.274 | ppl     26.42
[2022-04-10 15:03:46.242] E019 |  1000/2080 batches | lr 5.0000 | loss  3.259 | ppl     26.02
[2022-04-10 15:03:49.671] E019 |  1200/2080 batches | lr 5.0000 | loss  3.287 | ppl     26.76
[2022-04-10 15:03:53.112] E019 |  1400/2080 batches | lr 5.0000 | loss  3.253 | ppl     25.88
[2022-04-10 15:03:56.572] E019 |  1600/2080 batches | lr 5.0000 | loss  3.297 | ppl     27.03
[2022-04-10 15:04:00.018] E019 |  1800/2080 batches | lr 5.0000 | loss  3.285 | ppl     26.70
[2022-04-10 15:04:03.452] E019 |  2000/2080 batches | lr 5.0000 | loss  3.319 | ppl     27.64
[2022-04-10 15:04:04.834] E019 |  2080/2080 batches | lr 5.0000 | loss  3.355 | ppl     28.64
[2022-04-10 15:04:13.531] End E019 | valid loss  3.654; ppl     38.62 | accu 0.2899 = 146379/504920
[2022-04-10 15:04:15.713] End E019 |  test loss  5.551; ppl    257.45 | accu 0.1281 = 16080/125500 ../data/adult_test.txt
[2022-04-10 15:04:17.676] End E019 |  test loss  3.718; ppl     41.16 | accu 0.2792 = 31732/113640 ../data/adolescent_valid.txt
[2022-04-10 15:04:24.511] End E019 |  test loss  3.636; ppl     37.95 | accu 0.2929 = 114595/391240 ../data/cbt_valid.txt
[2022-04-10 15:04:24.511] Save: model.pt... 
[2022-04-10 15:04:24.523] Save: model.pt...Done. best_val_loss: 3.6538
[2022-04-10 15:04:24.523] Epoch 020/40 ==================================================
[2022-04-10 15:04:28.148] E020 |   200/2080 batches | lr 5.0000 | loss  3.292 | ppl     26.89
[2022-04-10 15:04:31.643] E020 |   400/2080 batches | lr 5.0000 | loss  3.274 | ppl     26.41
[2022-04-10 15:04:35.130] E020 |   600/2080 batches | lr 5.0000 | loss  3.269 | ppl     26.29
[2022-04-10 15:04:38.599] E020 |   800/2080 batches | lr 5.0000 | loss  3.270 | ppl     26.30
[2022-04-10 15:04:42.121] E020 |  1000/2080 batches | lr 5.0000 | loss  3.260 | ppl     26.05
[2022-04-10 15:04:45.610] E020 |  1200/2080 batches | lr 5.0000 | loss  3.282 | ppl     26.62
[2022-04-10 15:04:49.160] E020 |  1400/2080 batches | lr 5.0000 | loss  3.251 | ppl     25.83
[2022-04-10 15:04:52.643] E020 |  1600/2080 batches | lr 5.0000 | loss  3.296 | ppl     27.01
[2022-04-10 15:04:56.118] E020 |  1800/2080 batches | lr 5.0000 | loss  3.285 | ppl     26.70
[2022-04-10 15:04:59.567] E020 |  2000/2080 batches | lr 5.0000 | loss  3.313 | ppl     27.46
[2022-04-10 15:05:00.977] E020 |  2080/2080 batches | lr 5.0000 | loss  3.340 | ppl     28.23
[2022-04-10 15:05:09.638] End E020 | valid loss  3.654; ppl     38.63 | accu 0.2903 = 146599/504920
[2022-04-10 15:05:11.795] End E020 |  test loss  5.804; ppl    331.50 | accu 0.1208 = 15158/125500 ../data/adult_test.txt
[2022-04-10 15:05:13.765] End E020 |  test loss  3.715; ppl     41.06 | accu 0.2789 = 31690/113640 ../data/adolescent_valid.txt
[2022-04-10 15:05:20.533] End E020 |  test loss  3.637; ppl     37.98 | accu 0.2936 = 114851/391240 ../data/cbt_valid.txt
[2022-04-10 15:05:20.534] Epoch 021/40 ==================================================
[2022-04-10 15:05:24.007] E021 |   200/2080 batches | lr 2.5000 | loss  3.286 | ppl     26.75
[2022-04-10 15:05:27.490] E021 |   400/2080 batches | lr 2.5000 | loss  3.268 | ppl     26.25
[2022-04-10 15:05:30.951] E021 |   600/2080 batches | lr 2.5000 | loss  3.264 | ppl     26.14
[2022-04-10 15:05:34.426] E021 |   800/2080 batches | lr 2.5000 | loss  3.254 | ppl     25.88
[2022-04-10 15:05:37.900] E021 |  1000/2080 batches | lr 2.5000 | loss  3.242 | ppl     25.58
[2022-04-10 15:05:41.381] E021 |  1200/2080 batches | lr 2.5000 | loss  3.266 | ppl     26.20
[2022-04-10 15:05:44.850] E021 |  1400/2080 batches | lr 2.5000 | loss  3.229 | ppl     25.26
[2022-04-10 15:05:48.422] E021 |  1600/2080 batches | lr 2.5000 | loss  3.270 | ppl     26.31
[2022-04-10 15:05:51.974] E021 |  1800/2080 batches | lr 2.5000 | loss  3.252 | ppl     25.84
[2022-04-10 15:05:55.469] E021 |  2000/2080 batches | lr 2.5000 | loss  3.284 | ppl     26.68
[2022-04-10 15:05:56.849] E021 |  2080/2080 batches | lr 2.5000 | loss  3.312 | ppl     27.43
[2022-04-10 15:06:05.532] End E021 | valid loss  3.639; ppl     38.06 | accu 0.2928 = 147849/504920
[2022-04-10 15:06:07.678] End E021 |  test loss  5.849; ppl    347.02 | accu 0.1239 = 15554/125500 ../data/adult_test.txt
[2022-04-10 15:06:09.635] End E021 |  test loss  3.694; ppl     40.22 | accu 0.2823 = 32077/113640 ../data/adolescent_valid.txt
[2022-04-10 15:06:16.344] End E021 |  test loss  3.624; ppl     37.48 | accu 0.2958 = 115727/391240 ../data/cbt_valid.txt
[2022-04-10 15:06:16.344] Save: model.pt... 
[2022-04-10 15:06:16.356] Save: model.pt...Done. best_val_loss: 3.6392
[2022-04-10 15:06:16.356] Epoch 022/40 ==================================================
[2022-04-10 15:06:19.884] E022 |   200/2080 batches | lr 2.5000 | loss  3.265 | ppl     26.19
[2022-04-10 15:06:23.353] E022 |   400/2080 batches | lr 2.5000 | loss  3.251 | ppl     25.80
[2022-04-10 15:06:26.811] E022 |   600/2080 batches | lr 2.5000 | loss  3.252 | ppl     25.83
[2022-04-10 15:06:30.271] E022 |   800/2080 batches | lr 2.5000 | loss  3.245 | ppl     25.66
[2022-04-10 15:06:33.673] E022 |  1000/2080 batches | lr 2.5000 | loss  3.233 | ppl     25.35
[2022-04-10 15:06:37.102] E022 |  1200/2080 batches | lr 2.5000 | loss  3.257 | ppl     25.98
[2022-04-10 15:06:40.529] E022 |  1400/2080 batches | lr 2.5000 | loss  3.220 | ppl     25.02
[2022-04-10 15:06:43.957] E022 |  1600/2080 batches | lr 2.5000 | loss  3.261 | ppl     26.07
[2022-04-10 15:06:47.377] E022 |  1800/2080 batches | lr 2.5000 | loss  3.249 | ppl     25.77
[2022-04-10 15:06:50.817] E022 |  2000/2080 batches | lr 2.5000 | loss  3.278 | ppl     26.52
[2022-04-10 15:06:52.178] E022 |  2080/2080 batches | lr 2.5000 | loss  3.312 | ppl     27.45
[2022-04-10 15:07:00.893] End E022 | valid loss  3.639; ppl     38.04 | accu 0.2927 = 147786/504920
[2022-04-10 15:07:03.033] End E022 |  test loss  5.619; ppl    275.53 | accu 0.1301 = 16331/125500 ../data/adult_test.txt
[2022-04-10 15:07:04.997] End E022 |  test loss  3.700; ppl     40.46 | accu 0.2812 = 31960/113640 ../data/adolescent_valid.txt
[2022-04-10 15:07:11.739] End E022 |  test loss  3.621; ppl     37.39 | accu 0.2959 = 115775/391240 ../data/cbt_valid.txt
[2022-04-10 15:07:11.739] Save: model.pt... 
[2022-04-10 15:07:11.750] Save: model.pt...Done. best_val_loss: 3.6386
[2022-04-10 15:07:11.750] Epoch 023/40 ==================================================
[2022-04-10 15:07:15.246] E023 |   200/2080 batches | lr 2.5000 | loss  3.259 | ppl     26.02
[2022-04-10 15:07:18.820] E023 |   400/2080 batches | lr 2.5000 | loss  3.245 | ppl     25.67
[2022-04-10 15:07:22.302] E023 |   600/2080 batches | lr 2.5000 | loss  3.241 | ppl     25.56
[2022-04-10 15:07:25.787] E023 |   800/2080 batches | lr 2.5000 | loss  3.238 | ppl     25.49
[2022-04-10 15:07:29.247] E023 |  1000/2080 batches | lr 2.5000 | loss  3.224 | ppl     25.13
[2022-04-10 15:07:32.743] E023 |  1200/2080 batches | lr 2.5000 | loss  3.256 | ppl     25.93
[2022-04-10 15:07:36.236] E023 |  1400/2080 batches | lr 2.5000 | loss  3.216 | ppl     24.93
[2022-04-10 15:07:39.708] E023 |  1600/2080 batches | lr 2.5000 | loss  3.263 | ppl     26.14
[2022-04-10 15:07:43.182] E023 |  1800/2080 batches | lr 2.5000 | loss  3.248 | ppl     25.74
[2022-04-10 15:07:46.669] E023 |  2000/2080 batches | lr 2.5000 | loss  3.278 | ppl     26.53
[2022-04-10 15:07:48.073] E023 |  2080/2080 batches | lr 2.5000 | loss  3.312 | ppl     27.44
[2022-04-10 15:07:56.813] End E023 | valid loss  3.636; ppl     37.95 | accu 0.2934 = 148166/504920
[2022-04-10 15:07:58.964] End E023 |  test loss  5.558; ppl    259.21 | accu 0.1350 = 16938/125500 ../data/adult_test.txt
[2022-04-10 15:08:00.941] End E023 |  test loss  3.703; ppl     40.58 | accu 0.2812 = 31950/113640 ../data/adolescent_valid.txt
[2022-04-10 15:08:07.715] End E023 |  test loss  3.617; ppl     37.24 | accu 0.2969 = 116157/391240 ../data/cbt_valid.txt
[2022-04-10 15:08:07.715] Save: model.pt... 
[2022-04-10 15:08:07.727] Save: model.pt...Done. best_val_loss: 3.6362
[2022-04-10 15:08:07.727] Epoch 024/40 ==================================================
[2022-04-10 15:08:11.269] E024 |   200/2080 batches | lr 2.5000 | loss  3.254 | ppl     25.90
[2022-04-10 15:08:14.731] E024 |   400/2080 batches | lr 2.5000 | loss  3.238 | ppl     25.49
[2022-04-10 15:08:18.228] E024 |   600/2080 batches | lr 2.5000 | loss  3.239 | ppl     25.51
[2022-04-10 15:08:21.711] E024 |   800/2080 batches | lr 2.5000 | loss  3.234 | ppl     25.39
[2022-04-10 15:08:25.188] E024 |  1000/2080 batches | lr 2.5000 | loss  3.221 | ppl     25.05
[2022-04-10 15:08:28.655] E024 |  1200/2080 batches | lr 2.5000 | loss  3.248 | ppl     25.75
[2022-04-10 15:08:32.135] E024 |  1400/2080 batches | lr 2.5000 | loss  3.215 | ppl     24.91
[2022-04-10 15:08:35.603] E024 |  1600/2080 batches | lr 2.5000 | loss  3.255 | ppl     25.93
[2022-04-10 15:08:39.092] E024 |  1800/2080 batches | lr 2.5000 | loss  3.248 | ppl     25.74
[2022-04-10 15:08:42.586] E024 |  2000/2080 batches | lr 2.5000 | loss  3.272 | ppl     26.36
[2022-04-10 15:08:43.982] E024 |  2080/2080 batches | lr 2.5000 | loss  3.307 | ppl     27.31
[2022-04-10 15:08:52.728] End E024 | valid loss  3.633; ppl     37.81 | accu 0.2935 = 148188/504920
[2022-04-10 15:08:54.894] End E024 |  test loss  5.469; ppl    237.22 | accu 0.1381 = 17331/125500 ../data/adult_test.txt
[2022-04-10 15:08:56.871] End E024 |  test loss  3.694; ppl     40.19 | accu 0.2826 = 32119/113640 ../data/adolescent_valid.txt
[2022-04-10 15:09:03.679] End E024 |  test loss  3.616; ppl     37.18 | accu 0.2966 = 116025/391240 ../data/cbt_valid.txt
[2022-04-10 15:09:03.680] Save: model.pt... 
[2022-04-10 15:09:03.691] Save: model.pt...Done. best_val_loss: 3.6327
[2022-04-10 15:09:03.691] Epoch 025/40 ==================================================
[2022-04-10 15:09:07.212] E025 |   200/2080 batches | lr 2.5000 | loss  3.252 | ppl     25.84
[2022-04-10 15:09:10.673] E025 |   400/2080 batches | lr 2.5000 | loss  3.234 | ppl     25.39
[2022-04-10 15:09:14.140] E025 |   600/2080 batches | lr 2.5000 | loss  3.234 | ppl     25.39
[2022-04-10 15:09:17.610] E025 |   800/2080 batches | lr 2.5000 | loss  3.233 | ppl     25.36
[2022-04-10 15:09:21.114] E025 |  1000/2080 batches | lr 2.5000 | loss  3.217 | ppl     24.96
[2022-04-10 15:09:24.581] E025 |  1200/2080 batches | lr 2.5000 | loss  3.250 | ppl     25.79
[2022-04-10 15:09:28.075] E025 |  1400/2080 batches | lr 2.5000 | loss  3.213 | ppl     24.86
[2022-04-10 15:09:31.537] E025 |  1600/2080 batches | lr 2.5000 | loss  3.252 | ppl     25.83
[2022-04-10 15:09:35.009] E025 |  1800/2080 batches | lr 2.5000 | loss  3.244 | ppl     25.62
[2022-04-10 15:09:38.445] E025 |  2000/2080 batches | lr 2.5000 | loss  3.273 | ppl     26.39
[2022-04-10 15:09:39.821] E025 |  2080/2080 batches | lr 2.5000 | loss  3.303 | ppl     27.20
[2022-04-10 15:09:48.522] End E025 | valid loss  3.631; ppl     37.75 | accu 0.2942 = 148547/504920
[2022-04-10 15:09:50.693] End E025 |  test loss  5.519; ppl    249.50 | accu 0.1353 = 16984/125500 ../data/adult_test.txt
[2022-04-10 15:09:52.646] End E025 |  test loss  3.687; ppl     39.92 | accu 0.2842 = 32299/113640 ../data/adolescent_valid.txt
[2022-04-10 15:09:59.386] End E025 |  test loss  3.616; ppl     37.17 | accu 0.2969 = 116171/391240 ../data/cbt_valid.txt
[2022-04-10 15:09:59.386] Save: model.pt... 
[2022-04-10 15:09:59.398] Save: model.pt...Done. best_val_loss: 3.6311
[2022-04-10 15:09:59.398] Epoch 026/40 ==================================================
[2022-04-10 15:10:02.892] E026 |   200/2080 batches | lr 2.5000 | loss  3.252 | ppl     25.83
[2022-04-10 15:10:06.370] E026 |   400/2080 batches | lr 2.5000 | loss  3.232 | ppl     25.34
[2022-04-10 15:10:09.829] E026 |   600/2080 batches | lr 2.5000 | loss  3.230 | ppl     25.28
[2022-04-10 15:10:13.302] E026 |   800/2080 batches | lr 2.5000 | loss  3.226 | ppl     25.19
[2022-04-10 15:10:16.785] E026 |  1000/2080 batches | lr 2.5000 | loss  3.213 | ppl     24.85
[2022-04-10 15:10:20.333] E026 |  1200/2080 batches | lr 2.5000 | loss  3.242 | ppl     25.59
[2022-04-10 15:10:23.791] E026 |  1400/2080 batches | lr 2.5000 | loss  3.207 | ppl     24.70
[2022-04-10 15:10:27.362] E026 |  1600/2080 batches | lr 2.5000 | loss  3.252 | ppl     25.84
[2022-04-10 15:10:30.865] E026 |  1800/2080 batches | lr 2.5000 | loss  3.240 | ppl     25.53
[2022-04-10 15:10:34.365] E026 |  2000/2080 batches | lr 2.5000 | loss  3.274 | ppl     26.42
[2022-04-10 15:10:35.765] E026 |  2080/2080 batches | lr 2.5000 | loss  3.300 | ppl     27.11
[2022-04-10 15:10:44.439] End E026 | valid loss  3.631; ppl     37.74 | accu 0.2943 = 148601/504920
[2022-04-10 15:10:46.611] End E026 |  test loss  5.452; ppl    233.25 | accu 0.1388 = 17423/125500 ../data/adult_test.txt
[2022-04-10 15:10:48.577] End E026 |  test loss  3.689; ppl     40.01 | accu 0.2837 = 32244/113640 ../data/adolescent_valid.txt
[2022-04-10 15:10:55.351] End E026 |  test loss  3.615; ppl     37.13 | accu 0.2973 = 116312/391240 ../data/cbt_valid.txt
[2022-04-10 15:10:55.351] Save: model.pt... 
[2022-04-10 15:10:55.359] Save: model.pt...Done. best_val_loss: 3.6308
[2022-04-10 15:10:55.359] Epoch 027/40 ==================================================
[2022-04-10 15:10:58.900] E027 |   200/2080 batches | lr 2.5000 | loss  3.245 | ppl     25.66
[2022-04-10 15:11:02.399] E027 |   400/2080 batches | lr 2.5000 | loss  3.233 | ppl     25.36
[2022-04-10 15:11:05.896] E027 |   600/2080 batches | lr 2.5000 | loss  3.227 | ppl     25.21
[2022-04-10 15:11:09.459] E027 |   800/2080 batches | lr 2.5000 | loss  3.224 | ppl     25.13
[2022-04-10 15:11:13.052] E027 |  1000/2080 batches | lr 2.5000 | loss  3.214 | ppl     24.88
[2022-04-10 15:11:16.561] E027 |  1200/2080 batches | lr 2.5000 | loss  3.242 | ppl     25.58
[2022-04-10 15:11:20.042] E027 |  1400/2080 batches | lr 2.5000 | loss  3.208 | ppl     24.73
[2022-04-10 15:11:23.625] E027 |  1600/2080 batches | lr 2.5000 | loss  3.251 | ppl     25.82
[2022-04-10 15:11:27.177] E027 |  1800/2080 batches | lr 2.5000 | loss  3.239 | ppl     25.52
[2022-04-10 15:11:30.691] E027 |  2000/2080 batches | lr 2.5000 | loss  3.272 | ppl     26.38
[2022-04-10 15:11:32.077] E027 |  2080/2080 batches | lr 2.5000 | loss  3.297 | ppl     27.04
[2022-04-10 15:11:40.752] End E027 | valid loss  3.631; ppl     37.76 | accu 0.2945 = 148699/504920
[2022-04-10 15:11:42.901] End E027 |  test loss  5.554; ppl    258.24 | accu 0.1346 = 16889/125500 ../data/adult_test.txt
[2022-04-10 15:11:44.848] End E027 |  test loss  3.686; ppl     39.90 | accu 0.2843 = 32307/113640 ../data/adolescent_valid.txt
[2022-04-10 15:11:51.622] End E027 |  test loss  3.616; ppl     37.18 | accu 0.2974 = 116348/391240 ../data/cbt_valid.txt
[2022-04-10 15:11:51.622] Epoch 028/40 ==================================================
[2022-04-10 15:11:55.089] E028 |   200/2080 batches | lr 1.2500 | loss  3.247 | ppl     25.70
[2022-04-10 15:11:58.553] E028 |   400/2080 batches | lr 1.2500 | loss  3.229 | ppl     25.25
[2022-04-10 15:12:01.998] E028 |   600/2080 batches | lr 1.2500 | loss  3.226 | ppl     25.17
[2022-04-10 15:12:05.444] E028 |   800/2080 batches | lr 1.2500 | loss  3.221 | ppl     25.05
[2022-04-10 15:12:08.870] E028 |  1000/2080 batches | lr 1.2500 | loss  3.204 | ppl     24.63
[2022-04-10 15:12:12.333] E028 |  1200/2080 batches | lr 1.2500 | loss  3.234 | ppl     25.38
[2022-04-10 15:12:15.752] E028 |  1400/2080 batches | lr 1.2500 | loss  3.196 | ppl     24.44
[2022-04-10 15:12:19.207] E028 |  1600/2080 batches | lr 1.2500 | loss  3.236 | ppl     25.43
[2022-04-10 15:12:22.633] E028 |  1800/2080 batches | lr 1.2500 | loss  3.227 | ppl     25.20
[2022-04-10 15:12:26.066] E028 |  2000/2080 batches | lr 1.2500 | loss  3.253 | ppl     25.87
[2022-04-10 15:12:27.442] E028 |  2080/2080 batches | lr 1.2500 | loss  3.285 | ppl     26.71
[2022-04-10 15:12:36.082] End E028 | valid loss  3.624; ppl     37.50 | accu 0.2957 = 149313/504920
[2022-04-10 15:12:38.225] End E028 |  test loss  5.514; ppl    248.04 | accu 0.1384 = 17368/125500 ../data/adult_test.txt
[2022-04-10 15:12:40.173] End E028 |  test loss  3.682; ppl     39.71 | accu 0.2856 = 32451/113640 ../data/adolescent_valid.txt
[2022-04-10 15:12:46.891] End E028 |  test loss  3.609; ppl     36.91 | accu 0.2986 = 116822/391240 ../data/cbt_valid.txt
[2022-04-10 15:12:46.892] Save: model.pt... 
[2022-04-10 15:12:46.903] Save: model.pt...Done. best_val_loss: 3.6244
[2022-04-10 15:12:46.903] Epoch 029/40 ==================================================
[2022-04-10 15:12:50.397] E029 |   200/2080 batches | lr 1.2500 | loss  3.237 | ppl     25.46
[2022-04-10 15:12:53.881] E029 |   400/2080 batches | lr 1.2500 | loss  3.219 | ppl     24.99
[2022-04-10 15:12:57.343] E029 |   600/2080 batches | lr 1.2500 | loss  3.221 | ppl     25.05
[2022-04-10 15:13:00.815] E029 |   800/2080 batches | lr 1.2500 | loss  3.211 | ppl     24.80
[2022-04-10 15:13:04.284] E029 |  1000/2080 batches | lr 1.2500 | loss  3.197 | ppl     24.46
[2022-04-10 15:13:07.752] E029 |  1200/2080 batches | lr 1.2500 | loss  3.233 | ppl     25.36
[2022-04-10 15:13:11.215] E029 |  1400/2080 batches | lr 1.2500 | loss  3.192 | ppl     24.34
[2022-04-10 15:13:14.669] E029 |  1600/2080 batches | lr 1.2500 | loss  3.237 | ppl     25.46
[2022-04-10 15:13:18.162] E029 |  1800/2080 batches | lr 1.2500 | loss  3.220 | ppl     25.03
[2022-04-10 15:13:21.613] E029 |  2000/2080 batches | lr 1.2500 | loss  3.253 | ppl     25.86
[2022-04-10 15:13:23.035] E029 |  2080/2080 batches | lr 1.2500 | loss  3.283 | ppl     26.67
[2022-04-10 15:13:31.716] End E029 | valid loss  3.620; ppl     37.35 | accu 0.2963 = 149588/504920
[2022-04-10 15:13:33.874] End E029 |  test loss  5.586; ppl    266.58 | accu 0.1368 = 17172/125500 ../data/adult_test.txt
[2022-04-10 15:13:35.853] End E029 |  test loss  3.676; ppl     39.49 | accu 0.2858 = 32476/113640 ../data/adolescent_valid.txt
[2022-04-10 15:13:42.629] End E029 |  test loss  3.605; ppl     36.77 | accu 0.2992 = 117056/391240 ../data/cbt_valid.txt
[2022-04-10 15:13:42.629] Save: model.pt... 
[2022-04-10 15:13:42.640] Save: model.pt...Done. best_val_loss: 3.6204
[2022-04-10 15:13:42.641] Epoch 030/40 ==================================================
[2022-04-10 15:13:46.297] E030 |   200/2080 batches | lr 1.2500 | loss  3.231 | ppl     25.31
[2022-04-10 15:13:49.758] E030 |   400/2080 batches | lr 1.2500 | loss  3.215 | ppl     24.91
[2022-04-10 15:13:53.237] E030 |   600/2080 batches | lr 1.2500 | loss  3.214 | ppl     24.88
[2022-04-10 15:13:56.754] E030 |   800/2080 batches | lr 1.2500 | loss  3.209 | ppl     24.75
[2022-04-10 15:14:00.226] E030 |  1000/2080 batches | lr 1.2500 | loss  3.199 | ppl     24.52
[2022-04-10 15:14:03.677] E030 |  1200/2080 batches | lr 1.2500 | loss  3.227 | ppl     25.21
[2022-04-10 15:14:07.163] E030 |  1400/2080 batches | lr 1.2500 | loss  3.190 | ppl     24.28
[2022-04-10 15:14:10.741] E030 |  1600/2080 batches | lr 1.2500 | loss  3.234 | ppl     25.38
[2022-04-10 15:14:14.429] E030 |  1800/2080 batches | lr 1.2500 | loss  3.217 | ppl     24.95
[2022-04-10 15:14:17.902] E030 |  2000/2080 batches | lr 1.2500 | loss  3.250 | ppl     25.79
[2022-04-10 15:14:19.294] E030 |  2080/2080 batches | lr 1.2500 | loss  3.282 | ppl     26.64
[2022-04-10 15:14:28.071] End E030 | valid loss  3.621; ppl     37.36 | accu 0.2957 = 149292/504920
[2022-04-10 15:14:30.246] End E030 |  test loss  5.528; ppl    251.60 | accu 0.1376 = 17275/125500 ../data/adult_test.txt
[2022-04-10 15:14:32.199] End E030 |  test loss  3.683; ppl     39.77 | accu 0.2852 = 32411/113640 ../data/adolescent_valid.txt
[2022-04-10 15:14:38.971] End E030 |  test loss  3.603; ppl     36.71 | accu 0.2986 = 116839/391240 ../data/cbt_valid.txt
[2022-04-10 15:14:38.971] Epoch 031/40 ==================================================
[2022-04-10 15:14:42.468] E031 |   200/2080 batches | lr 0.6250 | loss  3.232 | ppl     25.33
[2022-04-10 15:14:45.976] E031 |   400/2080 batches | lr 0.6250 | loss  3.216 | ppl     24.92
[2022-04-10 15:14:49.446] E031 |   600/2080 batches | lr 0.6250 | loss  3.214 | ppl     24.87
[2022-04-10 15:14:52.955] E031 |   800/2080 batches | lr 0.6250 | loss  3.208 | ppl     24.74
[2022-04-10 15:14:56.463] E031 |  1000/2080 batches | lr 0.6250 | loss  3.194 | ppl     24.39
[2022-04-10 15:14:59.869] E031 |  1200/2080 batches | lr 0.6250 | loss  3.220 | ppl     25.03
[2022-04-10 15:15:03.321] E031 |  1400/2080 batches | lr 0.6250 | loss  3.185 | ppl     24.16
[2022-04-10 15:15:06.780] E031 |  1600/2080 batches | lr 0.6250 | loss  3.229 | ppl     25.25
[2022-04-10 15:15:10.228] E031 |  1800/2080 batches | lr 0.6250 | loss  3.211 | ppl     24.81
[2022-04-10 15:15:13.705] E031 |  2000/2080 batches | lr 0.6250 | loss  3.242 | ppl     25.60
[2022-04-10 15:15:15.088] E031 |  2080/2080 batches | lr 0.6250 | loss  3.271 | ppl     26.35
[2022-04-10 15:15:23.761] End E031 | valid loss  3.616; ppl     37.18 | accu 0.2972 = 150072/504920
[2022-04-10 15:15:25.935] End E031 |  test loss  5.628; ppl    278.10 | accu 0.1353 = 16986/125500 ../data/adult_test.txt
[2022-04-10 15:15:27.913] End E031 |  test loss  3.674; ppl     39.40 | accu 0.2874 = 32663/113640 ../data/adolescent_valid.txt
[2022-04-10 15:15:34.663] End E031 |  test loss  3.599; ppl     36.58 | accu 0.3000 = 117363/391240 ../data/cbt_valid.txt
[2022-04-10 15:15:34.663] Save: model.pt... 
[2022-04-10 15:15:34.675] Save: model.pt...Done. best_val_loss: 3.6158
[2022-04-10 15:15:34.675] Epoch 032/40 ==================================================
[2022-04-10 15:15:38.190] E032 |   200/2080 batches | lr 0.6250 | loss  3.230 | ppl     25.27
[2022-04-10 15:15:41.688] E032 |   400/2080 batches | lr 0.6250 | loss  3.211 | ppl     24.80
[2022-04-10 15:15:45.132] E032 |   600/2080 batches | lr 0.6250 | loss  3.210 | ppl     24.79
[2022-04-10 15:15:48.589] E032 |   800/2080 batches | lr 0.6250 | loss  3.203 | ppl     24.62
[2022-04-10 15:15:52.039] E032 |  1000/2080 batches | lr 0.6250 | loss  3.193 | ppl     24.36
[2022-04-10 15:15:55.549] E032 |  1200/2080 batches | lr 0.6250 | loss  3.224 | ppl     25.13
[2022-04-10 15:15:59.024] E032 |  1400/2080 batches | lr 0.6250 | loss  3.179 | ppl     24.02
[2022-04-10 15:16:02.517] E032 |  1600/2080 batches | lr 0.6250 | loss  3.222 | ppl     25.09
[2022-04-10 15:16:05.955] E032 |  1800/2080 batches | lr 0.6250 | loss  3.207 | ppl     24.70
[2022-04-10 15:16:09.410] E032 |  2000/2080 batches | lr 0.6250 | loss  3.242 | ppl     25.58
[2022-04-10 15:16:10.799] E032 |  2080/2080 batches | lr 0.6250 | loss  3.273 | ppl     26.38
[2022-04-10 15:16:19.504] End E032 | valid loss  3.616; ppl     37.18 | accu 0.2973 = 150107/504920
[2022-04-10 15:16:21.671] End E032 |  test loss  5.624; ppl    276.97 | accu 0.1370 = 17190/125500 ../data/adult_test.txt
[2022-04-10 15:16:23.633] End E032 |  test loss  3.672; ppl     39.34 | accu 0.2875 = 32667/113640 ../data/adolescent_valid.txt
[2022-04-10 15:16:30.383] End E032 |  test loss  3.600; ppl     36.59 | accu 0.3000 = 117379/391240 ../data/cbt_valid.txt
[2022-04-10 15:16:30.384] Save: model.pt... 
[2022-04-10 15:16:30.395] Save: model.pt...Done. best_val_loss: 3.6157
[2022-04-10 15:16:30.395] Epoch 033/40 ==================================================
[2022-04-10 15:16:33.865] E033 |   200/2080 batches | lr 0.6250 | loss  3.225 | ppl     25.14
[2022-04-10 15:16:37.346] E033 |   400/2080 batches | lr 0.6250 | loss  3.208 | ppl     24.73
[2022-04-10 15:16:40.824] E033 |   600/2080 batches | lr 0.6250 | loss  3.206 | ppl     24.69
[2022-04-10 15:16:44.290] E033 |   800/2080 batches | lr 0.6250 | loss  3.201 | ppl     24.57
[2022-04-10 15:16:47.762] E033 |  1000/2080 batches | lr 0.6250 | loss  3.189 | ppl     24.27
[2022-04-10 15:16:51.242] E033 |  1200/2080 batches | lr 0.6250 | loss  3.217 | ppl     24.95
[2022-04-10 15:16:54.707] E033 |  1400/2080 batches | lr 0.6250 | loss  3.180 | ppl     24.05
[2022-04-10 15:16:58.208] E033 |  1600/2080 batches | lr 0.6250 | loss  3.222 | ppl     25.07
[2022-04-10 15:17:01.692] E033 |  1800/2080 batches | lr 0.6250 | loss  3.208 | ppl     24.72
[2022-04-10 15:17:05.213] E033 |  2000/2080 batches | lr 0.6250 | loss  3.238 | ppl     25.47
[2022-04-10 15:17:06.593] E033 |  2080/2080 batches | lr 0.6250 | loss  3.274 | ppl     26.41
[2022-04-10 15:17:15.313] End E033 | valid loss  3.614; ppl     37.13 | accu 0.2975 = 150190/504920
[2022-04-10 15:17:17.468] End E033 |  test loss  5.687; ppl    294.98 | accu 0.1351 = 16959/125500 ../data/adult_test.txt
[2022-04-10 15:17:19.442] End E033 |  test loss  3.672; ppl     39.31 | accu 0.2882 = 32755/113640 ../data/adolescent_valid.txt
[2022-04-10 15:17:26.186] End E033 |  test loss  3.598; ppl     36.54 | accu 0.3000 = 117386/391240 ../data/cbt_valid.txt
[2022-04-10 15:17:26.186] Save: model.pt... 
[2022-04-10 15:17:26.197] Save: model.pt...Done. best_val_loss: 3.6143
[2022-04-10 15:17:26.197] Epoch 034/40 ==================================================
[2022-04-10 15:17:29.681] E034 |   200/2080 batches | lr 0.6250 | loss  3.221 | ppl     25.05
[2022-04-10 15:17:33.189] E034 |   400/2080 batches | lr 0.6250 | loss  3.209 | ppl     24.76
[2022-04-10 15:17:36.670] E034 |   600/2080 batches | lr 0.6250 | loss  3.202 | ppl     24.57
[2022-04-10 15:17:40.153] E034 |   800/2080 batches | lr 0.6250 | loss  3.197 | ppl     24.46
[2022-04-10 15:17:43.613] E034 |  1000/2080 batches | lr 0.6250 | loss  3.187 | ppl     24.22
[2022-04-10 15:17:47.158] E034 |  1200/2080 batches | lr 0.6250 | loss  3.215 | ppl     24.89
[2022-04-10 15:17:50.723] E034 |  1400/2080 batches | lr 0.6250 | loss  3.181 | ppl     24.06
[2022-04-10 15:17:54.205] E034 |  1600/2080 batches | lr 0.6250 | loss  3.221 | ppl     25.05
[2022-04-10 15:17:57.679] E034 |  1800/2080 batches | lr 0.6250 | loss  3.206 | ppl     24.68
[2022-04-10 15:18:01.178] E034 |  2000/2080 batches | lr 0.6250 | loss  3.239 | ppl     25.52
[2022-04-10 15:18:02.594] E034 |  2080/2080 batches | lr 0.6250 | loss  3.270 | ppl     26.32
[2022-04-10 15:18:11.341] End E034 | valid loss  3.616; ppl     37.18 | accu 0.2971 = 150001/504920
[2022-04-10 15:18:13.496] End E034 |  test loss  5.643; ppl    282.30 | accu 0.1368 = 17164/125500 ../data/adult_test.txt
[2022-04-10 15:18:15.472] End E034 |  test loss  3.676; ppl     39.48 | accu 0.2869 = 32602/113640 ../data/adolescent_valid.txt
[2022-04-10 15:18:22.200] End E034 |  test loss  3.599; ppl     36.56 | accu 0.3000 = 117354/391240 ../data/cbt_valid.txt
[2022-04-10 15:18:22.201] Epoch 035/40 ==================================================
[2022-04-10 15:18:25.693] E035 |   200/2080 batches | lr 0.3125 | loss  3.225 | ppl     25.15
[2022-04-10 15:18:29.155] E035 |   400/2080 batches | lr 0.3125 | loss  3.204 | ppl     24.62
[2022-04-10 15:18:32.655] E035 |   600/2080 batches | lr 0.3125 | loss  3.205 | ppl     24.67
[2022-04-10 15:18:36.160] E035 |   800/2080 batches | lr 0.3125 | loss  3.199 | ppl     24.50
[2022-04-10 15:18:39.674] E035 |  1000/2080 batches | lr 0.3125 | loss  3.187 | ppl     24.21
[2022-04-10 15:18:43.116] E035 |  1200/2080 batches | lr 0.3125 | loss  3.218 | ppl     24.97
[2022-04-10 15:18:46.603] E035 |  1400/2080 batches | lr 0.3125 | loss  3.176 | ppl     23.95
[2022-04-10 15:18:50.032] E035 |  1600/2080 batches | lr 0.3125 | loss  3.219 | ppl     24.99
[2022-04-10 15:18:53.470] E035 |  1800/2080 batches | lr 0.3125 | loss  3.207 | ppl     24.69
[2022-04-10 15:18:56.914] E035 |  2000/2080 batches | lr 0.3125 | loss  3.234 | ppl     25.38
[2022-04-10 15:18:58.293] E035 |  2080/2080 batches | lr 0.3125 | loss  3.268 | ppl     26.26
[2022-04-10 15:19:06.995] End E035 | valid loss  3.614; ppl     37.11 | accu 0.2980 = 150442/504920
[2022-04-10 15:19:09.149] End E035 |  test loss  5.669; ppl    289.68 | accu 0.1366 = 17144/125500 ../data/adult_test.txt
[2022-04-10 15:19:11.115] End E035 |  test loss  3.673; ppl     39.37 | accu 0.2884 = 32773/113640 ../data/adolescent_valid.txt
[2022-04-10 15:19:17.871] End E035 |  test loss  3.597; ppl     36.50 | accu 0.3007 = 117639/391240 ../data/cbt_valid.txt
[2022-04-10 15:19:17.872] Save: model.pt... 
[2022-04-10 15:19:17.883] Save: model.pt...Done. best_val_loss: 3.6139
[2022-04-10 15:19:17.883] Epoch 036/40 ==================================================
[2022-04-10 15:19:21.371] E036 |   200/2080 batches | lr 0.3125 | loss  3.219 | ppl     25.00
[2022-04-10 15:19:24.870] E036 |   400/2080 batches | lr 0.3125 | loss  3.202 | ppl     24.59
[2022-04-10 15:19:28.386] E036 |   600/2080 batches | lr 0.3125 | loss  3.203 | ppl     24.61
[2022-04-10 15:19:31.867] E036 |   800/2080 batches | lr 0.3125 | loss  3.199 | ppl     24.51
[2022-04-10 15:19:35.356] E036 |  1000/2080 batches | lr 0.3125 | loss  3.185 | ppl     24.17
[2022-04-10 15:19:38.901] E036 |  1200/2080 batches | lr 0.3125 | loss  3.215 | ppl     24.90
[2022-04-10 15:19:42.384] E036 |  1400/2080 batches | lr 0.3125 | loss  3.175 | ppl     23.93
[2022-04-10 15:19:45.858] E036 |  1600/2080 batches | lr 0.3125 | loss  3.219 | ppl     25.00
[2022-04-10 15:19:49.325] E036 |  1800/2080 batches | lr 0.3125 | loss  3.204 | ppl     24.64
[2022-04-10 15:19:52.810] E036 |  2000/2080 batches | lr 0.3125 | loss  3.236 | ppl     25.43
[2022-04-10 15:19:54.204] E036 |  2080/2080 batches | lr 0.3125 | loss  3.264 | ppl     26.15
[2022-04-10 15:20:02.903] End E036 | valid loss  3.612; ppl     37.06 | accu 0.2983 = 150637/504920
[2022-04-10 15:20:05.072] End E036 |  test loss  5.677; ppl    292.15 | accu 0.1362 = 17096/125500 ../data/adult_test.txt
[2022-04-10 15:20:07.030] End E036 |  test loss  3.670; ppl     39.26 | accu 0.2888 = 32816/113640 ../data/adolescent_valid.txt
[2022-04-10 15:20:13.738] End E036 |  test loss  3.596; ppl     36.46 | accu 0.3010 = 117763/391240 ../data/cbt_valid.txt
[2022-04-10 15:20:13.738] Save: model.pt... 
[2022-04-10 15:20:13.746] Save: model.pt...Done. best_val_loss: 3.6125
[2022-04-10 15:20:13.746] Epoch 037/40 ==================================================
[2022-04-10 15:20:17.257] E037 |   200/2080 batches | lr 0.3125 | loss  3.218 | ppl     24.97
[2022-04-10 15:20:20.751] E037 |   400/2080 batches | lr 0.3125 | loss  3.202 | ppl     24.59
[2022-04-10 15:20:24.213] E037 |   600/2080 batches | lr 0.3125 | loss  3.204 | ppl     24.63
[2022-04-10 15:20:27.732] E037 |   800/2080 batches | lr 0.3125 | loss  3.193 | ppl     24.36
[2022-04-10 15:20:31.258] E037 |  1000/2080 batches | lr 0.3125 | loss  3.184 | ppl     24.14
[2022-04-10 15:20:34.756] E037 |  1200/2080 batches | lr 0.3125 | loss  3.213 | ppl     24.84
[2022-04-10 15:20:38.194] E037 |  1400/2080 batches | lr 0.3125 | loss  3.173 | ppl     23.89
[2022-04-10 15:20:41.676] E037 |  1600/2080 batches | lr 0.3125 | loss  3.216 | ppl     24.93
[2022-04-10 15:20:45.185] E037 |  1800/2080 batches | lr 0.3125 | loss  3.207 | ppl     24.70
[2022-04-10 15:20:48.642] E037 |  2000/2080 batches | lr 0.3125 | loss  3.232 | ppl     25.33
[2022-04-10 15:20:50.043] E037 |  2080/2080 batches | lr 0.3125 | loss  3.265 | ppl     26.19
[2022-04-10 15:20:58.687] End E037 | valid loss  3.613; ppl     37.07 | accu 0.2982 = 150579/504920
[2022-04-10 15:21:00.852] End E037 |  test loss  5.704; ppl    300.15 | accu 0.1353 = 16985/125500 ../data/adult_test.txt
[2022-04-10 15:21:02.823] End E037 |  test loss  3.669; ppl     39.21 | accu 0.2889 = 32825/113640 ../data/adolescent_valid.txt
[2022-04-10 15:21:09.672] End E037 |  test loss  3.597; ppl     36.49 | accu 0.3009 = 117723/391240 ../data/cbt_valid.txt
[2022-04-10 15:21:09.672] Epoch 038/40 ==================================================
[2022-04-10 15:21:13.167] E038 |   200/2080 batches | lr 0.1562 | loss  3.217 | ppl     24.94
[2022-04-10 15:21:16.688] E038 |   400/2080 batches | lr 0.1562 | loss  3.203 | ppl     24.60
[2022-04-10 15:21:20.175] E038 |   600/2080 batches | lr 0.1562 | loss  3.201 | ppl     24.55
[2022-04-10 15:21:23.639] E038 |   800/2080 batches | lr 0.1562 | loss  3.194 | ppl     24.38
[2022-04-10 15:21:27.091] E038 |  1000/2080 batches | lr 0.1562 | loss  3.184 | ppl     24.13
[2022-04-10 15:21:30.541] E038 |  1200/2080 batches | lr 0.1562 | loss  3.213 | ppl     24.85
[2022-04-10 15:21:33.958] E038 |  1400/2080 batches | lr 0.1562 | loss  3.175 | ppl     23.94
[2022-04-10 15:21:37.445] E038 |  1600/2080 batches | lr 0.1562 | loss  3.212 | ppl     24.84
[2022-04-10 15:21:40.870] E038 |  1800/2080 batches | lr 0.1562 | loss  3.199 | ppl     24.51
[2022-04-10 15:21:44.347] E038 |  2000/2080 batches | lr 0.1562 | loss  3.233 | ppl     25.37
[2022-04-10 15:21:45.781] E038 |  2080/2080 batches | lr 0.1562 | loss  3.267 | ppl     26.23
[2022-04-10 15:21:54.415] End E038 | valid loss  3.612; ppl     37.05 | accu 0.2984 = 150685/504920
[2022-04-10 15:21:56.570] End E038 |  test loss  5.681; ppl    293.23 | accu 0.1364 = 17117/125500 ../data/adult_test.txt
[2022-04-10 15:21:58.507] End E038 |  test loss  3.670; ppl     39.25 | accu 0.2886 = 32800/113640 ../data/adolescent_valid.txt
[2022-04-10 15:22:05.261] End E038 |  test loss  3.596; ppl     36.46 | accu 0.3012 = 117841/391240 ../data/cbt_valid.txt
[2022-04-10 15:22:05.261] Save: model.pt... 
[2022-04-10 15:22:05.272] Save: model.pt...Done. best_val_loss: 3.6124
[2022-04-10 15:22:05.273] Epoch 039/40 ==================================================
[2022-04-10 15:22:08.870] E039 |   200/2080 batches | lr 0.1562 | loss  3.215 | ppl     24.91
[2022-04-10 15:22:12.483] E039 |   400/2080 batches | lr 0.1562 | loss  3.199 | ppl     24.50
[2022-04-10 15:22:15.952] E039 |   600/2080 batches | lr 0.1562 | loss  3.202 | ppl     24.57
[2022-04-10 15:22:19.420] E039 |   800/2080 batches | lr 0.1562 | loss  3.192 | ppl     24.35
[2022-04-10 15:22:22.884] E039 |  1000/2080 batches | lr 0.1562 | loss  3.181 | ppl     24.07
[2022-04-10 15:22:26.374] E039 |  1200/2080 batches | lr 0.1562 | loss  3.213 | ppl     24.84
[2022-04-10 15:22:29.836] E039 |  1400/2080 batches | lr 0.1562 | loss  3.177 | ppl     23.96
[2022-04-10 15:22:33.375] E039 |  1600/2080 batches | lr 0.1562 | loss  3.217 | ppl     24.94
[2022-04-10 15:22:36.880] E039 |  1800/2080 batches | lr 0.1562 | loss  3.201 | ppl     24.56
[2022-04-10 15:22:40.378] E039 |  2000/2080 batches | lr 0.1562 | loss  3.231 | ppl     25.32
[2022-04-10 15:22:41.768] E039 |  2080/2080 batches | lr 0.1562 | loss  3.265 | ppl     26.18
[2022-04-10 15:22:50.497] End E039 | valid loss  3.613; ppl     37.08 | accu 0.2984 = 150651/504920
[2022-04-10 15:22:52.672] End E039 |  test loss  5.672; ppl    290.49 | accu 0.1370 = 17190/125500 ../data/adult_test.txt
[2022-04-10 15:22:54.636] End E039 |  test loss  3.671; ppl     39.30 | accu 0.2887 = 32803/113640 ../data/adolescent_valid.txt
[2022-04-10 15:23:01.419] End E039 |  test loss  3.597; ppl     36.48 | accu 0.3011 = 117804/391240 ../data/cbt_valid.txt
[2022-04-10 15:23:01.419] Epoch 040/40 ==================================================
[2022-04-10 15:23:04.986] E040 |   200/2080 batches | lr 0.0781 | loss  3.213 | ppl     24.86
[2022-04-10 15:23:08.475] E040 |   400/2080 batches | lr 0.0781 | loss  3.196 | ppl     24.43
[2022-04-10 15:23:11.995] E040 |   600/2080 batches | lr 0.0781 | loss  3.202 | ppl     24.57
[2022-04-10 15:23:15.528] E040 |   800/2080 batches | lr 0.0781 | loss  3.190 | ppl     24.30
[2022-04-10 15:23:19.076] E040 |  1000/2080 batches | lr 0.0781 | loss  3.179 | ppl     24.03
[2022-04-10 15:23:22.521] E040 |  1200/2080 batches | lr 0.0781 | loss  3.210 | ppl     24.78
[2022-04-10 15:23:25.959] E040 |  1400/2080 batches | lr 0.0781 | loss  3.172 | ppl     23.85
[2022-04-10 15:23:29.400] E040 |  1600/2080 batches | lr 0.0781 | loss  3.213 | ppl     24.85
[2022-04-10 15:23:32.846] E040 |  1800/2080 batches | lr 0.0781 | loss  3.199 | ppl     24.50
[2022-04-10 15:23:36.274] E040 |  2000/2080 batches | lr 0.0781 | loss  3.232 | ppl     25.34
[2022-04-10 15:23:37.654] E040 |  2080/2080 batches | lr 0.0781 | loss  3.259 | ppl     26.03
[2022-04-10 15:23:46.308] End E040 | valid loss  3.613; ppl     37.08 | accu 0.2983 = 150636/504920
[2022-04-10 15:23:48.480] End E040 |  test loss  5.690; ppl    295.91 | accu 0.1365 = 17132/125500 ../data/adult_test.txt
[2022-04-10 15:23:50.447] End E040 |  test loss  3.671; ppl     39.31 | accu 0.2885 = 32787/113640 ../data/adolescent_valid.txt
[2022-04-10 15:23:57.199] End E040 |  test loss  3.597; ppl     36.48 | accu 0.3011 = 117802/391240 ../data/cbt_valid.txt
[2022-04-10 15:23:59.374] End. test loss  5.68; ppl   293.23 | accu 0.1364 = 17117/125500 ../data/adult_test.txt
[2022-04-10 15:24:01.344] End. test loss  3.67; ppl    39.25 | accu 0.2886 = 32800/113640 ../data/adolescent_valid.txt
[2022-04-10 15:24:08.116] End. test loss  3.60; ppl    36.46 | accu 0.3012 = 117841/391240 ../data/cbt_valid.txt
[2022-04-10 15:24:08.117] =========================================================================================
