[2022-04-10 15:57:55.520] corpus.train_file_list: 2
[2022-04-10 15:57:55.520]         ../data/cbt_train.txt
[2022-04-10 15:57:55.521]         ../data/adolescent_train.txt
[2022-04-10 15:57:55.521] corpus.valid_file_list: 2
[2022-04-10 15:57:55.521]         ../data/cbt_valid.txt
[2022-04-10 15:57:55.521]         ../data/adolescent_valid.txt
[2022-04-10 15:57:55.521] corpus.test_file_list: 3
[2022-04-10 15:57:55.521]         ../data/adult_test.txt
[2022-04-10 15:57:55.521]         ../data/adolescent_valid.txt
[2022-04-10 15:57:55.521]         ../data/cbt_valid.txt
[2022-04-10 15:57:55.521] corpus.subword_vocab_size: 1000
[2022-04-10 15:57:55.521] corpus.subword_model.train(4 files)...
[2022-04-10 15:57:55.521]         ../data/cbt_train.txt
[2022-04-10 15:57:55.521]         ../data/adolescent_train.txt
[2022-04-10 15:57:55.521]         ../data/cbt_valid.txt
[2022-04-10 15:57:55.521]         ../data/adolescent_valid.txt
[2022-04-10 15:57:56.124] corpus.subword_model.train(4 files)...Done
[2022-04-10 15:57:56.125] corpus tokenize...
[2022-04-10 15:57:58.813]         train tokens: 1013345  ../data/cbt_train.txt
[2022-04-10 15:58:00.177]         train tokens: 442909  ../data/adolescent_train.txt
[2022-04-10 15:58:01.320]         valid tokens: 391272  ../data/cbt_valid.txt
[2022-04-10 15:58:01.672]         valid tokens: 113679  ../data/adolescent_valid.txt
[2022-04-10 15:58:01.993]         test  tokens: 125527  ../data/adult_test.txt
[2022-04-10 15:58:02.350]         test  tokens: 113679  ../data/adolescent_valid.txt
[2022-04-10 15:58:03.425]         test  tokens: 391272  ../data/cbt_valid.txt
[2022-04-10 15:58:03.426] corpus.ntokens      : 993
[2022-04-10 15:58:03.426] corpus.char_count   : 101
[2022-04-10 15:58:03.426] corpus.char_cnt_dict: 101
[2022-04-10 15:58:03.426] corpus.char_id_dict : 101
[2022-04-10 15:58:03.437] corpus.batchify(2 files, batch_size=20)...
[2022-04-10 15:58:03.437]         tokens_all: 1456254
[2022-04-10 15:58:03.437]         batched   :  72812
[2022-04-10 15:58:03.437]         ../data/cbt_train.txt
[2022-04-10 15:58:03.437]         ../data/adolescent_train.txt
[2022-04-10 15:58:03.443] corpus.batchify(2 files, batch_size=20)...
[2022-04-10 15:58:03.443]         tokens_all: 504951
[2022-04-10 15:58:03.443]         batched   :  25247
[2022-04-10 15:58:03.443]         ../data/cbt_valid.txt
[2022-04-10 15:58:03.443]         ../data/adolescent_valid.txt
[2022-04-10 15:58:03.446] corpus.batchify(1 files, batch_size=20)...
[2022-04-10 15:58:03.446]         tokens_all: 125527
[2022-04-10 15:58:03.446]         batched   :   6276
[2022-04-10 15:58:03.446]         ../data/adult_test.txt
[2022-04-10 15:58:03.447] corpus.batchify(1 files, batch_size=20)...
[2022-04-10 15:58:03.447]         tokens_all: 113679
[2022-04-10 15:58:03.447]         batched   :   5683
[2022-04-10 15:58:03.448]         ../data/adolescent_valid.txt
[2022-04-10 15:58:03.451] corpus.batchify(1 files, batch_size=20)...
[2022-04-10 15:58:03.451]         tokens_all: 391272
[2022-04-10 15:58:03.451]         batched   :  19563
[2022-04-10 15:58:03.451]         ../data/cbt_valid.txt
[2022-04-10 15:58:03.463] RNNModel.rnn_type: LSTM
[2022-04-10 15:58:03.464] RNNModel.ntoken  : 993
[2022-04-10 15:58:03.464] RNNModel.ninp    : 200
[2022-04-10 15:58:03.464] RNNModel.nhid    : 200
[2022-04-10 15:58:03.464] RNNModel.nlayers : 2
[2022-04-10 15:58:03.464] RNNModel.dropout : 0.2
[2022-04-10 15:58:03.464] RNNModel.tie_weights: False
[2022-04-10 15:58:03.464] RNNModel.char_mode  : CNN
[2022-04-10 15:58:03.464] RNNModel.char_cnt   : 102
[2022-04-10 15:58:03.464] RNNModel.char_emsize: 25
[2022-04-10 15:58:03.464] RNNModel.char_nhid  : 200
[2022-04-10 15:58:03.464] RNNModel.char_embeds: created
[2022-04-10 15:58:03.465] RNNModel.char_cnn3  : created
[2022-04-10 15:58:03.467] Epoch 001/40 ==================================================
[2022-04-10 15:58:09.823] E001 |   200/2080 batches | lr 20.0000 | loss  5.772 | ppl    321.23
[2022-04-10 15:58:16.273] E001 |   400/2080 batches | lr 20.0000 | loss  5.087 | ppl    161.89
[2022-04-10 15:58:22.843] E001 |   600/2080 batches | lr 20.0000 | loss  4.673 | ppl    107.05
[2022-04-10 15:58:29.443] E001 |   800/2080 batches | lr 20.0000 | loss  4.432 | ppl     84.09
[2022-04-10 15:58:36.084] E001 |  1000/2080 batches | lr 20.0000 | loss  4.288 | ppl     72.80
[2022-04-10 15:58:42.693] E001 |  1200/2080 batches | lr 20.0000 | loss  4.205 | ppl     67.00
[2022-04-10 15:58:49.293] E001 |  1400/2080 batches | lr 20.0000 | loss  4.124 | ppl     61.80
[2022-04-10 15:58:55.879] E001 |  1600/2080 batches | lr 20.0000 | loss  4.123 | ppl     61.73
[2022-04-10 15:59:02.474] E001 |  1800/2080 batches | lr 20.0000 | loss  4.091 | ppl     59.77
[2022-04-10 15:59:09.082] E001 |  2000/2080 batches | lr 20.0000 | loss  4.081 | ppl     59.21
[2022-04-10 15:59:11.706] E001 |  2080/2080 batches | lr 20.0000 | loss  4.075 | ppl     58.83
[2022-04-10 15:59:21.433] End E001 | valid loss  4.241; ppl     69.51 | accu 0.1979 = 99927/504920
[2022-04-10 15:59:23.823] End E001 |  test loss  5.736; ppl    309.93 | accu 0.0536 = 6730/125500 ../data/adult_test.txt
[2022-04-10 15:59:26.004] End E001 |  test loss  4.363; ppl     78.48 | accu 0.1840 = 20908/113640 ../data/adolescent_valid.txt
[2022-04-10 15:59:33.482] End E001 |  test loss  4.209; ppl     67.31 | accu 0.2016 = 78892/391240 ../data/cbt_valid.txt
[2022-04-10 15:59:33.482] Save: model.pt... 
[2022-04-10 15:59:33.494] Save: model.pt...Done. best_val_loss: 4.2415
[2022-04-10 15:59:33.494] Epoch 002/40 ==================================================
[2022-04-10 15:59:40.016] E002 |   200/2080 batches | lr 20.0000 | loss  4.017 | ppl     55.54
[2022-04-10 15:59:46.580] E002 |   400/2080 batches | lr 20.0000 | loss  3.971 | ppl     53.01
[2022-04-10 15:59:53.166] E002 |   600/2080 batches | lr 20.0000 | loss  3.949 | ppl     51.88
[2022-04-10 15:59:59.778] E002 |   800/2080 batches | lr 20.0000 | loss  3.936 | ppl     51.21
[2022-04-10 16:00:06.342] E002 |  1000/2080 batches | lr 20.0000 | loss  3.917 | ppl     50.27
[2022-04-10 16:00:12.892] E002 |  1200/2080 batches | lr 20.0000 | loss  3.908 | ppl     49.81
[2022-04-10 16:00:19.455] E002 |  1400/2080 batches | lr 20.0000 | loss  3.879 | ppl     48.35
[2022-04-10 16:00:26.016] E002 |  1600/2080 batches | lr 20.0000 | loss  3.902 | ppl     49.51
[2022-04-10 16:00:32.565] E002 |  1800/2080 batches | lr 20.0000 | loss  3.894 | ppl     49.11
[2022-04-10 16:00:39.141] E002 |  2000/2080 batches | lr 20.0000 | loss  3.903 | ppl     49.55
[2022-04-10 16:00:41.773] E002 |  2080/2080 batches | lr 20.0000 | loss  3.928 | ppl     50.79
[2022-04-10 16:00:51.499] End E002 | valid loss  4.117; ppl     61.36 | accu 0.2174 = 109789/504920
[2022-04-10 16:00:53.886] End E002 |  test loss  5.757; ppl    316.48 | accu 0.0628 = 7879/125500 ../data/adult_test.txt
[2022-04-10 16:00:56.072] End E002 |  test loss  4.315; ppl     74.79 | accu 0.1950 = 22163/113640 ../data/adolescent_valid.txt
[2022-04-10 16:01:03.557] End E002 |  test loss  4.077; ppl     58.99 | accu 0.2222 = 86953/391240 ../data/cbt_valid.txt
[2022-04-10 16:01:03.557] Save: model.pt... 
[2022-04-10 16:01:03.569] Save: model.pt...Done. best_val_loss: 4.1167
[2022-04-10 16:01:03.569] Epoch 003/40 ==================================================
[2022-04-10 16:01:10.099] E003 |   200/2080 batches | lr 20.0000 | loss  3.861 | ppl     47.51
[2022-04-10 16:01:16.671] E003 |   400/2080 batches | lr 20.0000 | loss  3.820 | ppl     45.61
[2022-04-10 16:01:23.218] E003 |   600/2080 batches | lr 20.0000 | loss  3.827 | ppl     45.93
[2022-04-10 16:01:29.771] E003 |   800/2080 batches | lr 20.0000 | loss  3.807 | ppl     45.02
[2022-04-10 16:01:36.362] E003 |  1000/2080 batches | lr 20.0000 | loss  3.795 | ppl     44.48
[2022-04-10 16:01:42.919] E003 |  1200/2080 batches | lr 20.0000 | loss  3.803 | ppl     44.83
[2022-04-10 16:01:49.485] E003 |  1400/2080 batches | lr 20.0000 | loss  3.775 | ppl     43.62
[2022-04-10 16:01:56.058] E003 |  1600/2080 batches | lr 20.0000 | loss  3.801 | ppl     44.75
[2022-04-10 16:02:02.610] E003 |  1800/2080 batches | lr 20.0000 | loss  3.793 | ppl     44.37
[2022-04-10 16:02:09.167] E003 |  2000/2080 batches | lr 20.0000 | loss  3.810 | ppl     45.13
[2022-04-10 16:02:11.799] E003 |  2080/2080 batches | lr 20.0000 | loss  3.839 | ppl     46.49
[2022-04-10 16:02:21.460] End E003 | valid loss  4.029; ppl     56.20 | accu 0.2339 = 118112/504920
[2022-04-10 16:02:23.872] End E003 |  test loss  5.601; ppl    270.57 | accu 0.0797 = 10000/125500 ../data/adult_test.txt
[2022-04-10 16:02:26.056] End E003 |  test loss  4.268; ppl     71.41 | accu 0.2063 = 23441/113640 ../data/adolescent_valid.txt
[2022-04-10 16:02:33.540] End E003 |  test loss  3.969; ppl     52.95 | accu 0.2409 = 94254/391240 ../data/cbt_valid.txt
[2022-04-10 16:02:33.540] Save: model.pt... 
[2022-04-10 16:02:33.549] Save: model.pt...Done. best_val_loss: 4.0289
[2022-04-10 16:02:33.549] Epoch 004/40 ==================================================
[2022-04-10 16:02:40.072] E004 |   200/2080 batches | lr 20.0000 | loss  3.767 | ppl     43.24
[2022-04-10 16:02:46.631] E004 |   400/2080 batches | lr 20.0000 | loss  3.746 | ppl     42.35
[2022-04-10 16:02:53.192] E004 |   600/2080 batches | lr 20.0000 | loss  3.733 | ppl     41.80
[2022-04-10 16:02:59.746] E004 |   800/2080 batches | lr 20.0000 | loss  3.725 | ppl     41.47
[2022-04-10 16:03:06.296] E004 |  1000/2080 batches | lr 20.0000 | loss  3.709 | ppl     40.82
[2022-04-10 16:03:12.847] E004 |  1200/2080 batches | lr 20.0000 | loss  3.723 | ppl     41.38
[2022-04-10 16:03:19.383] E004 |  1400/2080 batches | lr 20.0000 | loss  3.684 | ppl     39.82
[2022-04-10 16:03:25.925] E004 |  1600/2080 batches | lr 20.0000 | loss  3.727 | ppl     41.55
[2022-04-10 16:03:32.434] E004 |  1800/2080 batches | lr 20.0000 | loss  3.720 | ppl     41.28
[2022-04-10 16:03:38.993] E004 |  2000/2080 batches | lr 20.0000 | loss  3.739 | ppl     42.04
[2022-04-10 16:03:41.623] E004 |  2080/2080 batches | lr 20.0000 | loss  3.765 | ppl     43.16
[2022-04-10 16:03:51.257] End E004 | valid loss  4.009; ppl     55.08 | accu 0.2383 = 120302/504920
[2022-04-10 16:03:53.623] End E004 |  test loss  5.531; ppl    252.31 | accu 0.0910 = 11415/125500 ../data/adult_test.txt
[2022-04-10 16:03:55.800] End E004 |  test loss  4.317; ppl     74.94 | accu 0.2051 = 23311/113640 ../data/adolescent_valid.txt
[2022-04-10 16:04:03.267] End E004 |  test loss  3.917; ppl     50.26 | accu 0.2480 = 97010/391240 ../data/cbt_valid.txt
[2022-04-10 16:04:03.267] Save: model.pt... 
[2022-04-10 16:04:03.279] Save: model.pt...Done. best_val_loss: 4.0088
[2022-04-10 16:04:03.279] Epoch 005/40 ==================================================
[2022-04-10 16:04:09.766] E005 |   200/2080 batches | lr 20.0000 | loss  3.698 | ppl     40.36
[2022-04-10 16:04:16.294] E005 |   400/2080 batches | lr 20.0000 | loss  3.670 | ppl     39.26
[2022-04-10 16:04:22.803] E005 |   600/2080 batches | lr 20.0000 | loss  3.665 | ppl     39.07
[2022-04-10 16:04:29.177] E005 |   800/2080 batches | lr 20.0000 | loss  3.655 | ppl     38.67
[2022-04-10 16:04:35.669] E005 |  1000/2080 batches | lr 20.0000 | loss  3.654 | ppl     38.62
[2022-04-10 16:04:42.157] E005 |  1200/2080 batches | lr 20.0000 | loss  3.669 | ppl     39.22
[2022-04-10 16:04:48.654] E005 |  1400/2080 batches | lr 20.0000 | loss  3.632 | ppl     37.80
[2022-04-10 16:04:55.162] E005 |  1600/2080 batches | lr 20.0000 | loss  3.673 | ppl     39.38
[2022-04-10 16:05:01.666] E005 |  1800/2080 batches | lr 20.0000 | loss  3.666 | ppl     39.08
[2022-04-10 16:05:08.173] E005 |  2000/2080 batches | lr 20.0000 | loss  3.687 | ppl     39.93
[2022-04-10 16:05:10.767] E005 |  2080/2080 batches | lr 20.0000 | loss  3.714 | ppl     41.00
[2022-04-10 16:05:20.412] End E005 | valid loss  3.923; ppl     50.53 | accu 0.2472 = 124835/504920
[2022-04-10 16:05:22.780] End E005 |  test loss  5.466; ppl    236.41 | accu 0.0936 = 11749/125500 ../data/adult_test.txt
[2022-04-10 16:05:24.927] End E005 |  test loss  4.126; ppl     61.95 | accu 0.2215 = 25166/113640 ../data/adolescent_valid.txt
[2022-04-10 16:05:32.364] End E005 |  test loss  3.873; ppl     48.11 | accu 0.2536 = 99208/391240 ../data/cbt_valid.txt
[2022-04-10 16:05:32.364] Save: model.pt... 
[2022-04-10 16:05:32.373] Save: model.pt...Done. best_val_loss: 3.9225
[2022-04-10 16:05:32.373] Epoch 006/40 ==================================================
[2022-04-10 16:05:38.872] E006 |   200/2080 batches | lr 20.0000 | loss  3.646 | ppl     38.33
[2022-04-10 16:05:45.379] E006 |   400/2080 batches | lr 20.0000 | loss  3.626 | ppl     37.56
[2022-04-10 16:05:51.867] E006 |   600/2080 batches | lr 20.0000 | loss  3.616 | ppl     37.18
[2022-04-10 16:05:58.394] E006 |   800/2080 batches | lr 20.0000 | loss  3.620 | ppl     37.32
[2022-04-10 16:06:04.892] E006 |  1000/2080 batches | lr 20.0000 | loss  3.607 | ppl     36.87
[2022-04-10 16:06:11.373] E006 |  1200/2080 batches | lr 20.0000 | loss  3.624 | ppl     37.49
[2022-04-10 16:06:17.841] E006 |  1400/2080 batches | lr 20.0000 | loss  3.593 | ppl     36.33
[2022-04-10 16:06:24.345] E006 |  1600/2080 batches | lr 20.0000 | loss  3.627 | ppl     37.58
[2022-04-10 16:06:30.863] E006 |  1800/2080 batches | lr 20.0000 | loss  3.624 | ppl     37.49
[2022-04-10 16:06:37.373] E006 |  2000/2080 batches | lr 20.0000 | loss  3.648 | ppl     38.40
[2022-04-10 16:06:39.957] E006 |  2080/2080 batches | lr 20.0000 | loss  3.680 | ppl     39.63
[2022-04-10 16:06:49.636] End E006 | valid loss  3.881; ppl     48.48 | accu 0.2532 = 127831/504920
[2022-04-10 16:06:52.030] End E006 |  test loss  5.432; ppl    228.54 | accu 0.0970 = 12168/125500 ../data/adult_test.txt
[2022-04-10 16:06:54.185] End E006 |  test loss  4.001; ppl     54.67 | accu 0.2345 = 26649/113640 ../data/adolescent_valid.txt
[2022-04-10 16:07:01.575] End E006 |  test loss  3.850; ppl     46.99 | accu 0.2582 = 101027/391240 ../data/cbt_valid.txt
[2022-04-10 16:07:01.575] Save: model.pt... 
[2022-04-10 16:07:01.586] Save: model.pt...Done. best_val_loss: 3.8812
[2022-04-10 16:07:01.586] Epoch 007/40 ==================================================
[2022-04-10 16:07:08.003] E007 |   200/2080 batches | lr 20.0000 | loss  3.610 | ppl     36.95
[2022-04-10 16:07:14.473] E007 |   400/2080 batches | lr 20.0000 | loss  3.591 | ppl     36.28
[2022-04-10 16:07:20.943] E007 |   600/2080 batches | lr 20.0000 | loss  3.592 | ppl     36.31
[2022-04-10 16:07:27.407] E007 |   800/2080 batches | lr 20.0000 | loss  3.586 | ppl     36.10
[2022-04-10 16:07:33.894] E007 |  1000/2080 batches | lr 20.0000 | loss  3.579 | ppl     35.86
[2022-04-10 16:07:40.342] E007 |  1200/2080 batches | lr 20.0000 | loss  3.602 | ppl     36.68
[2022-04-10 16:07:46.780] E007 |  1400/2080 batches | lr 20.0000 | loss  3.564 | ppl     35.32
[2022-04-10 16:07:53.226] E007 |  1600/2080 batches | lr 20.0000 | loss  3.596 | ppl     36.46
[2022-04-10 16:07:59.714] E007 |  1800/2080 batches | lr 20.0000 | loss  3.600 | ppl     36.61
[2022-04-10 16:08:06.280] E007 |  2000/2080 batches | lr 20.0000 | loss  3.629 | ppl     37.66
[2022-04-10 16:08:08.897] E007 |  2080/2080 batches | lr 20.0000 | loss  3.647 | ppl     38.38
[2022-04-10 16:08:18.572] End E007 | valid loss  3.870; ppl     47.94 | accu 0.2557 = 129111/504920
[2022-04-10 16:08:20.983] End E007 |  test loss  5.503; ppl    245.37 | accu 0.0962 = 12072/125500 ../data/adult_test.txt
[2022-04-10 16:08:23.155] End E007 |  test loss  3.980; ppl     53.53 | accu 0.2407 = 27353/113640 ../data/adolescent_valid.txt
[2022-04-10 16:08:30.647] End E007 |  test loss  3.841; ppl     46.59 | accu 0.2598 = 101634/391240 ../data/cbt_valid.txt
[2022-04-10 16:08:30.647] Save: model.pt... 
[2022-04-10 16:08:30.656] Save: model.pt...Done. best_val_loss: 3.8700
[2022-04-10 16:08:30.656] Epoch 008/40 ==================================================
[2022-04-10 16:08:37.115] E008 |   200/2080 batches | lr 20.0000 | loss  3.590 | ppl     36.22
[2022-04-10 16:08:43.593] E008 |   400/2080 batches | lr 20.0000 | loss  3.568 | ppl     35.45
[2022-04-10 16:08:50.108] E008 |   600/2080 batches | lr 20.0000 | loss  3.562 | ppl     35.23
[2022-04-10 16:08:56.591] E008 |   800/2080 batches | lr 20.0000 | loss  3.561 | ppl     35.20
[2022-04-10 16:09:03.105] E008 |  1000/2080 batches | lr 20.0000 | loss  3.558 | ppl     35.09
[2022-04-10 16:09:09.600] E008 |  1200/2080 batches | lr 20.0000 | loss  3.580 | ppl     35.87
[2022-04-10 16:09:16.109] E008 |  1400/2080 batches | lr 20.0000 | loss  3.542 | ppl     34.52
[2022-04-10 16:09:22.608] E008 |  1600/2080 batches | lr 20.0000 | loss  3.583 | ppl     35.98
[2022-04-10 16:09:29.099] E008 |  1800/2080 batches | lr 20.0000 | loss  3.584 | ppl     36.03
[2022-04-10 16:09:35.578] E008 |  2000/2080 batches | lr 20.0000 | loss  3.610 | ppl     36.98
[2022-04-10 16:09:38.181] E008 |  2080/2080 batches | lr 20.0000 | loss  3.638 | ppl     38.00
[2022-04-10 16:09:47.858] End E008 | valid loss  3.866; ppl     47.77 | accu 0.2552 = 128872/504920
[2022-04-10 16:09:50.210] End E008 |  test loss  5.447; ppl    232.04 | accu 0.1021 = 12817/125500 ../data/adult_test.txt
[2022-04-10 16:09:52.346] End E008 |  test loss  4.002; ppl     54.71 | accu 0.2344 = 26635/113640 ../data/adolescent_valid.txt
[2022-04-10 16:09:59.788] End E008 |  test loss  3.830; ppl     46.05 | accu 0.2610 = 102133/391240 ../data/cbt_valid.txt
[2022-04-10 16:09:59.788] Save: model.pt... 
[2022-04-10 16:09:59.800] Save: model.pt...Done. best_val_loss: 3.8665
[2022-04-10 16:09:59.800] Epoch 009/40 ==================================================
[2022-04-10 16:10:06.247] E009 |   200/2080 batches | lr 20.0000 | loss  3.569 | ppl     35.47
[2022-04-10 16:10:12.729] E009 |   400/2080 batches | lr 20.0000 | loss  3.559 | ppl     35.14
[2022-04-10 16:10:19.213] E009 |   600/2080 batches | lr 20.0000 | loss  3.552 | ppl     34.89
[2022-04-10 16:10:25.687] E009 |   800/2080 batches | lr 20.0000 | loss  3.551 | ppl     34.86
[2022-04-10 16:10:32.165] E009 |  1000/2080 batches | lr 20.0000 | loss  3.544 | ppl     34.62
[2022-04-10 16:10:38.646] E009 |  1200/2080 batches | lr 20.0000 | loss  3.569 | ppl     35.47
[2022-04-10 16:10:45.149] E009 |  1400/2080 batches | lr 20.0000 | loss  3.531 | ppl     34.17
[2022-04-10 16:10:51.628] E009 |  1600/2080 batches | lr 20.0000 | loss  3.575 | ppl     35.69
[2022-04-10 16:10:58.130] E009 |  1800/2080 batches | lr 20.0000 | loss  3.571 | ppl     35.56
[2022-04-10 16:11:04.617] E009 |  2000/2080 batches | lr 20.0000 | loss  3.600 | ppl     36.59
[2022-04-10 16:11:07.225] E009 |  2080/2080 batches | lr 20.0000 | loss  3.628 | ppl     37.62
[2022-04-10 16:11:16.897] End E009 | valid loss  3.852; ppl     47.09 | accu 0.2575 = 130032/504920
[2022-04-10 16:11:19.271] End E009 |  test loss  5.387; ppl    218.63 | accu 0.1184 = 14863/125500 ../data/adult_test.txt
[2022-04-10 16:11:21.456] End E009 |  test loss  3.962; ppl     52.57 | accu 0.2408 = 27370/113640 ../data/adolescent_valid.txt
[2022-04-10 16:11:28.935] End E009 |  test loss  3.823; ppl     45.76 | accu 0.2619 = 102473/391240 ../data/cbt_valid.txt
[2022-04-10 16:11:28.935] Save: model.pt... 
[2022-04-10 16:11:28.943] Save: model.pt...Done. best_val_loss: 3.8520
[2022-04-10 16:11:28.943] Epoch 010/40 ==================================================
[2022-04-10 16:11:35.411] E010 |   200/2080 batches | lr 20.0000 | loss  3.555 | ppl     35.00
[2022-04-10 16:11:41.914] E010 |   400/2080 batches | lr 20.0000 | loss  3.546 | ppl     34.66
[2022-04-10 16:11:48.390] E010 |   600/2080 batches | lr 20.0000 | loss  3.540 | ppl     34.48
[2022-04-10 16:11:54.891] E010 |   800/2080 batches | lr 20.0000 | loss  3.536 | ppl     34.33
[2022-04-10 16:12:01.370] E010 |  1000/2080 batches | lr 20.0000 | loss  3.533 | ppl     34.21
[2022-04-10 16:12:07.855] E010 |  1200/2080 batches | lr 20.0000 | loss  3.558 | ppl     35.08
[2022-04-10 16:12:14.330] E010 |  1400/2080 batches | lr 20.0000 | loss  3.523 | ppl     33.88
[2022-04-10 16:12:20.817] E010 |  1600/2080 batches | lr 20.0000 | loss  3.561 | ppl     35.21
[2022-04-10 16:12:27.288] E010 |  1800/2080 batches | lr 20.0000 | loss  3.559 | ppl     35.12
[2022-04-10 16:12:33.843] E010 |  2000/2080 batches | lr 20.0000 | loss  3.584 | ppl     36.02
[2022-04-10 16:12:36.430] E010 |  2080/2080 batches | lr 20.0000 | loss  3.611 | ppl     37.01
[2022-04-10 16:12:45.999] End E010 | valid loss  3.849; ppl     46.97 | accu 0.2606 = 131578/504920
[2022-04-10 16:12:48.374] End E010 |  test loss  5.421; ppl    226.03 | accu 0.1169 = 14670/125500 ../data/adult_test.txt
[2022-04-10 16:12:50.533] End E010 |  test loss  3.972; ppl     53.11 | accu 0.2428 = 27589/113640 ../data/adolescent_valid.txt
[2022-04-10 16:12:57.988] End E010 |  test loss  3.816; ppl     45.44 | accu 0.2655 = 103866/391240 ../data/cbt_valid.txt
[2022-04-10 16:12:57.988] Save: model.pt... 
[2022-04-10 16:12:58.000] Save: model.pt...Done. best_val_loss: 3.8494
[2022-04-10 16:12:58.000] Epoch 011/40 ==================================================
[2022-04-10 16:13:04.403] E011 |   200/2080 batches | lr 20.0000 | loss  3.553 | ppl     34.90
[2022-04-10 16:13:10.894] E011 |   400/2080 batches | lr 20.0000 | loss  3.537 | ppl     34.38
[2022-04-10 16:13:17.374] E011 |   600/2080 batches | lr 20.0000 | loss  3.530 | ppl     34.14
[2022-04-10 16:13:23.873] E011 |   800/2080 batches | lr 20.0000 | loss  3.525 | ppl     33.96
[2022-04-10 16:13:30.365] E011 |  1000/2080 batches | lr 20.0000 | loss  3.521 | ppl     33.83
[2022-04-10 16:13:36.851] E011 |  1200/2080 batches | lr 20.0000 | loss  3.547 | ppl     34.72
[2022-04-10 16:13:43.358] E011 |  1400/2080 batches | lr 20.0000 | loss  3.514 | ppl     33.60
[2022-04-10 16:13:49.882] E011 |  1600/2080 batches | lr 20.0000 | loss  3.557 | ppl     35.07
[2022-04-10 16:13:56.354] E011 |  1800/2080 batches | lr 20.0000 | loss  3.555 | ppl     35.00
[2022-04-10 16:14:02.818] E011 |  2000/2080 batches | lr 20.0000 | loss  3.583 | ppl     35.97
[2022-04-10 16:14:05.399] E011 |  2080/2080 batches | lr 20.0000 | loss  3.606 | ppl     36.84
[2022-04-10 16:14:15.090] End E011 | valid loss  3.850; ppl     46.97 | accu 0.2597 = 131131/504920
[2022-04-10 16:14:17.451] End E011 |  test loss  5.460; ppl    235.00 | accu 0.1142 = 14338/125500 ../data/adult_test.txt
[2022-04-10 16:14:19.605] End E011 |  test loss  3.976; ppl     53.29 | accu 0.2417 = 27469/113640 ../data/adolescent_valid.txt
[2022-04-10 16:14:27.209] End E011 |  test loss  3.817; ppl     45.45 | accu 0.2645 = 103480/391240 ../data/cbt_valid.txt
[2022-04-10 16:14:27.209] Epoch 012/40 ==================================================
[2022-04-10 16:14:33.640] E012 |   200/2080 batches | lr 10.0000 | loss  3.526 | ppl     33.99
[2022-04-10 16:14:40.138] E012 |   400/2080 batches | lr 10.0000 | loss  3.490 | ppl     32.77
[2022-04-10 16:14:46.636] E012 |   600/2080 batches | lr 10.0000 | loss  3.472 | ppl     32.21
[2022-04-10 16:14:53.133] E012 |   800/2080 batches | lr 10.0000 | loss  3.462 | ppl     31.88
[2022-04-10 16:14:59.617] E012 |  1000/2080 batches | lr 10.0000 | loss  3.445 | ppl     31.34
[2022-04-10 16:15:05.801] E012 |  1200/2080 batches | lr 10.0000 | loss  3.464 | ppl     31.94
[2022-04-10 16:15:11.952] E012 |  1400/2080 batches | lr 10.0000 | loss  3.423 | ppl     30.66
[2022-04-10 16:15:18.138] E012 |  1600/2080 batches | lr 10.0000 | loss  3.455 | ppl     31.65
[2022-04-10 16:15:24.305] E012 |  1800/2080 batches | lr 10.0000 | loss  3.447 | ppl     31.41
[2022-04-10 16:15:30.518] E012 |  2000/2080 batches | lr 10.0000 | loss  3.470 | ppl     32.14
[2022-04-10 16:15:32.987] E012 |  2080/2080 batches | lr 10.0000 | loss  3.495 | ppl     32.95
[2022-04-10 16:15:42.656] End E012 | valid loss  3.764; ppl     43.13 | accu 0.2735 = 138100/504920
[2022-04-10 16:15:45.041] End E012 |  test loss  5.362; ppl    213.22 | accu 0.1250 = 15692/125500 ../data/adult_test.txt
[2022-04-10 16:15:47.209] End E012 |  test loss  3.875; ppl     48.19 | accu 0.2564 = 29136/113640 ../data/adolescent_valid.txt
[2022-04-10 16:15:54.608] End E012 |  test loss  3.735; ppl     41.88 | accu 0.2782 = 108850/391240 ../data/cbt_valid.txt
[2022-04-10 16:15:54.608] Save: model.pt... 
[2022-04-10 16:15:54.620] Save: model.pt...Done. best_val_loss: 3.7643
[2022-04-10 16:15:54.620] Epoch 013/40 ==================================================
[2022-04-10 16:16:00.959] E013 |   200/2080 batches | lr 10.0000 | loss  3.452 | ppl     31.57
[2022-04-10 16:16:07.431] E013 |   400/2080 batches | lr 10.0000 | loss  3.426 | ppl     30.76
[2022-04-10 16:16:13.917] E013 |   600/2080 batches | lr 10.0000 | loss  3.427 | ppl     30.79
[2022-04-10 16:16:20.376] E013 |   800/2080 batches | lr 10.0000 | loss  3.416 | ppl     30.46
[2022-04-10 16:16:26.806] E013 |  1000/2080 batches | lr 10.0000 | loss  3.411 | ppl     30.29
[2022-04-10 16:16:33.279] E013 |  1200/2080 batches | lr 10.0000 | loss  3.433 | ppl     30.97
[2022-04-10 16:16:39.746] E013 |  1400/2080 batches | lr 10.0000 | loss  3.397 | ppl     29.87
[2022-04-10 16:16:46.028] E013 |  1600/2080 batches | lr 10.0000 | loss  3.430 | ppl     30.86
[2022-04-10 16:16:52.168] E013 |  1800/2080 batches | lr 10.0000 | loss  3.429 | ppl     30.84
[2022-04-10 16:16:58.354] E013 |  2000/2080 batches | lr 10.0000 | loss  3.455 | ppl     31.66
[2022-04-10 16:17:00.836] E013 |  2080/2080 batches | lr 10.0000 | loss  3.483 | ppl     32.55
[2022-04-10 16:17:10.576] End E013 | valid loss  3.750; ppl     42.52 | accu 0.2739 = 138311/504920
[2022-04-10 16:17:12.968] End E013 |  test loss  5.424; ppl    226.74 | accu 0.1212 = 15214/125500 ../data/adult_test.txt
[2022-04-10 16:17:15.152] End E013 |  test loss  3.848; ppl     46.89 | accu 0.2576 = 29275/113640 ../data/adolescent_valid.txt
[2022-04-10 16:17:22.610] End E013 |  test loss  3.724; ppl     41.45 | accu 0.2782 = 108849/391240 ../data/cbt_valid.txt
[2022-04-10 16:17:22.610] Save: model.pt... 
[2022-04-10 16:17:22.619] Save: model.pt...Done. best_val_loss: 3.7499
[2022-04-10 16:17:22.619] Epoch 014/40 ==================================================
[2022-04-10 16:17:29.045] E014 |   200/2080 batches | lr 10.0000 | loss  3.427 | ppl     30.78
[2022-04-10 16:17:35.506] E014 |   400/2080 batches | lr 10.0000 | loss  3.415 | ppl     30.40
[2022-04-10 16:17:41.988] E014 |   600/2080 batches | lr 10.0000 | loss  3.405 | ppl     30.13
[2022-04-10 16:17:48.479] E014 |   800/2080 batches | lr 10.0000 | loss  3.405 | ppl     30.10
[2022-04-10 16:17:54.973] E014 |  1000/2080 batches | lr 10.0000 | loss  3.392 | ppl     29.72
[2022-04-10 16:18:01.454] E014 |  1200/2080 batches | lr 10.0000 | loss  3.417 | ppl     30.49
[2022-04-10 16:18:07.972] E014 |  1400/2080 batches | lr 10.0000 | loss  3.389 | ppl     29.64
[2022-04-10 16:18:14.479] E014 |  1600/2080 batches | lr 10.0000 | loss  3.423 | ppl     30.65
[2022-04-10 16:18:21.005] E014 |  1800/2080 batches | lr 10.0000 | loss  3.419 | ppl     30.54
[2022-04-10 16:18:27.515] E014 |  2000/2080 batches | lr 10.0000 | loss  3.445 | ppl     31.35
[2022-04-10 16:18:30.126] E014 |  2080/2080 batches | lr 10.0000 | loss  3.469 | ppl     32.11
[2022-04-10 16:18:39.768] End E014 | valid loss  3.745; ppl     42.30 | accu 0.2750 = 138868/504920
[2022-04-10 16:18:42.146] End E014 |  test loss  5.349; ppl    210.31 | accu 0.1314 = 16492/125500 ../data/adult_test.txt
[2022-04-10 16:18:44.285] End E014 |  test loss  3.855; ppl     47.22 | accu 0.2571 = 29216/113640 ../data/adolescent_valid.txt
[2022-04-10 16:18:51.745] End E014 |  test loss  3.717; ppl     41.13 | accu 0.2797 = 109446/391240 ../data/cbt_valid.txt
[2022-04-10 16:18:51.746] Save: model.pt... 
[2022-04-10 16:18:51.757] Save: model.pt...Done. best_val_loss: 3.7447
[2022-04-10 16:18:51.758] Epoch 015/40 ==================================================
[2022-04-10 16:18:58.200] E015 |   200/2080 batches | lr 10.0000 | loss  3.412 | ppl     30.32
[2022-04-10 16:19:04.701] E015 |   400/2080 batches | lr 10.0000 | loss  3.397 | ppl     29.86
[2022-04-10 16:19:11.193] E015 |   600/2080 batches | lr 10.0000 | loss  3.395 | ppl     29.83
[2022-04-10 16:19:17.683] E015 |   800/2080 batches | lr 10.0000 | loss  3.392 | ppl     29.72
[2022-04-10 16:19:24.135] E015 |  1000/2080 batches | lr 10.0000 | loss  3.383 | ppl     29.47
[2022-04-10 16:19:30.645] E015 |  1200/2080 batches | lr 10.0000 | loss  3.404 | ppl     30.09
[2022-04-10 16:19:37.233] E015 |  1400/2080 batches | lr 10.0000 | loss  3.374 | ppl     29.20
[2022-04-10 16:19:43.969] E015 |  1600/2080 batches | lr 10.0000 | loss  3.409 | ppl     30.23
[2022-04-10 16:19:50.423] E015 |  1800/2080 batches | lr 10.0000 | loss  3.404 | ppl     30.09
[2022-04-10 16:19:56.779] E015 |  2000/2080 batches | lr 10.0000 | loss  3.430 | ppl     30.89
[2022-04-10 16:19:59.366] E015 |  2080/2080 batches | lr 10.0000 | loss  3.467 | ppl     32.05
[2022-04-10 16:20:08.964] End E015 | valid loss  3.744; ppl     42.26 | accu 0.2761 = 139406/504920
[2022-04-10 16:20:11.344] End E015 |  test loss  5.382; ppl    217.48 | accu 0.1296 = 16262/125500 ../data/adult_test.txt
[2022-04-10 16:20:13.517] End E015 |  test loss  3.857; ppl     47.30 | accu 0.2594 = 29481/113640 ../data/adolescent_valid.txt
[2022-04-10 16:20:20.973] End E015 |  test loss  3.713; ppl     40.97 | accu 0.2807 = 109828/391240 ../data/cbt_valid.txt
[2022-04-10 16:20:20.973] Save: model.pt... 
[2022-04-10 16:20:20.982] Save: model.pt...Done. best_val_loss: 3.7439
[2022-04-10 16:20:20.982] Epoch 016/40 ==================================================
[2022-04-10 16:20:27.379] E016 |   200/2080 batches | lr 10.0000 | loss  3.409 | ppl     30.23
[2022-04-10 16:20:33.859] E016 |   400/2080 batches | lr 10.0000 | loss  3.387 | ppl     29.56
[2022-04-10 16:20:40.329] E016 |   600/2080 batches | lr 10.0000 | loss  3.385 | ppl     29.53
[2022-04-10 16:20:46.813] E016 |   800/2080 batches | lr 10.0000 | loss  3.377 | ppl     29.28
[2022-04-10 16:20:53.052] E016 |  1000/2080 batches | lr 10.0000 | loss  3.373 | ppl     29.17
[2022-04-10 16:20:59.297] E016 |  1200/2080 batches | lr 10.0000 | loss  3.397 | ppl     29.86
[2022-04-10 16:21:05.790] E016 |  1400/2080 batches | lr 10.0000 | loss  3.370 | ppl     29.07
[2022-04-10 16:21:12.258] E016 |  1600/2080 batches | lr 10.0000 | loss  3.404 | ppl     30.07
[2022-04-10 16:21:18.741] E016 |  1800/2080 batches | lr 10.0000 | loss  3.405 | ppl     30.10
[2022-04-10 16:21:25.245] E016 |  2000/2080 batches | lr 10.0000 | loss  3.430 | ppl     30.86
[2022-04-10 16:21:27.819] E016 |  2080/2080 batches | lr 10.0000 | loss  3.456 | ppl     31.67
[2022-04-10 16:21:37.473] End E016 | valid loss  3.739; ppl     42.06 | accu 0.2773 = 140039/504920
[2022-04-10 16:21:39.838] End E016 |  test loss  5.339; ppl    208.40 | accu 0.1309 = 16432/125500 ../data/adult_test.txt
[2022-04-10 16:21:42.021] End E016 |  test loss  3.863; ppl     47.59 | accu 0.2581 = 29334/113640 ../data/adolescent_valid.txt
[2022-04-10 16:21:49.491] End E016 |  test loss  3.705; ppl     40.66 | accu 0.2827 = 110593/391240 ../data/cbt_valid.txt
[2022-04-10 16:21:49.491] Save: model.pt... 
[2022-04-10 16:21:49.503] Save: model.pt...Done. best_val_loss: 3.7390
[2022-04-10 16:21:49.503] Epoch 017/40 ==================================================
[2022-04-10 16:21:55.853] E017 |   200/2080 batches | lr 10.0000 | loss  3.397 | ppl     29.87
[2022-04-10 16:22:02.334] E017 |   400/2080 batches | lr 10.0000 | loss  3.381 | ppl     29.39
[2022-04-10 16:22:08.800] E017 |   600/2080 batches | lr 10.0000 | loss  3.373 | ppl     29.18
[2022-04-10 16:22:15.295] E017 |   800/2080 batches | lr 10.0000 | loss  3.374 | ppl     29.19
[2022-04-10 16:22:21.742] E017 |  1000/2080 batches | lr 10.0000 | loss  3.369 | ppl     29.05
[2022-04-10 16:22:28.208] E017 |  1200/2080 batches | lr 10.0000 | loss  3.388 | ppl     29.61
[2022-04-10 16:22:34.453] E017 |  1400/2080 batches | lr 10.0000 | loss  3.359 | ppl     28.77
[2022-04-10 16:22:40.651] E017 |  1600/2080 batches | lr 10.0000 | loss  3.396 | ppl     29.84
[2022-04-10 16:22:46.824] E017 |  1800/2080 batches | lr 10.0000 | loss  3.394 | ppl     29.79
[2022-04-10 16:22:53.007] E017 |  2000/2080 batches | lr 10.0000 | loss  3.425 | ppl     30.72
[2022-04-10 16:22:55.481] E017 |  2080/2080 batches | lr 10.0000 | loss  3.448 | ppl     31.44
[2022-04-10 16:23:05.130] End E017 | valid loss  3.737; ppl     41.96 | accu 0.2773 = 140017/504920
[2022-04-10 16:23:07.493] End E017 |  test loss  5.340; ppl    208.52 | accu 0.1338 = 16790/125500 ../data/adult_test.txt
[2022-04-10 16:23:09.639] End E017 |  test loss  3.834; ppl     46.27 | accu 0.2616 = 29730/113640 ../data/adolescent_valid.txt
[2022-04-10 16:23:17.047] End E017 |  test loss  3.712; ppl     40.92 | accu 0.2813 = 110068/391240 ../data/cbt_valid.txt
[2022-04-10 16:23:17.047] Save: model.pt... 
[2022-04-10 16:23:17.055] Save: model.pt...Done. best_val_loss: 3.7368
[2022-04-10 16:23:17.056] Epoch 018/40 ==================================================
[2022-04-10 16:23:23.157] E018 |   200/2080 batches | lr 10.0000 | loss  3.392 | ppl     29.72
[2022-04-10 16:23:29.341] E018 |   400/2080 batches | lr 10.0000 | loss  3.374 | ppl     29.19
[2022-04-10 16:23:35.538] E018 |   600/2080 batches | lr 10.0000 | loss  3.370 | ppl     29.07
[2022-04-10 16:23:41.711] E018 |   800/2080 batches | lr 10.0000 | loss  3.370 | ppl     29.08
[2022-04-10 16:23:47.910] E018 |  1000/2080 batches | lr 10.0000 | loss  3.365 | ppl     28.92
[2022-04-10 16:23:54.174] E018 |  1200/2080 batches | lr 10.0000 | loss  3.386 | ppl     29.54
[2022-04-10 16:24:00.627] E018 |  1400/2080 batches | lr 10.0000 | loss  3.351 | ppl     28.54
[2022-04-10 16:24:07.078] E018 |  1600/2080 batches | lr 10.0000 | loss  3.390 | ppl     29.65
[2022-04-10 16:24:13.539] E018 |  1800/2080 batches | lr 10.0000 | loss  3.387 | ppl     29.58
[2022-04-10 16:24:20.000] E018 |  2000/2080 batches | lr 10.0000 | loss  3.417 | ppl     30.49
[2022-04-10 16:24:22.597] E018 |  2080/2080 batches | lr 10.0000 | loss  3.444 | ppl     31.32
[2022-04-10 16:24:32.322] End E018 | valid loss  3.745; ppl     42.29 | accu 0.2764 = 139543/504920
[2022-04-10 16:24:34.725] End E018 |  test loss  5.342; ppl    208.83 | accu 0.1386 = 17396/125500 ../data/adult_test.txt
[2022-04-10 16:24:36.898] End E018 |  test loss  3.889; ppl     48.86 | accu 0.2568 = 29186/113640 ../data/adolescent_valid.txt
[2022-04-10 16:24:44.330] End E018 |  test loss  3.704; ppl     40.62 | accu 0.2819 = 110276/391240 ../data/cbt_valid.txt
[2022-04-10 16:24:44.330] Epoch 019/40 ==================================================
[2022-04-10 16:24:50.780] E019 |   200/2080 batches | lr 5.0000 | loss  3.383 | ppl     29.45
[2022-04-10 16:24:57.263] E019 |   400/2080 batches | lr 5.0000 | loss  3.362 | ppl     28.85
[2022-04-10 16:25:03.880] E019 |   600/2080 batches | lr 5.0000 | loss  3.353 | ppl     28.58
[2022-04-10 16:25:10.383] E019 |   800/2080 batches | lr 5.0000 | loss  3.336 | ppl     28.11
[2022-04-10 16:25:16.904] E019 |  1000/2080 batches | lr 5.0000 | loss  3.326 | ppl     27.83
[2022-04-10 16:25:23.414] E019 |  1200/2080 batches | lr 5.0000 | loss  3.348 | ppl     28.45
[2022-04-10 16:25:29.921] E019 |  1400/2080 batches | lr 5.0000 | loss  3.313 | ppl     27.46
[2022-04-10 16:25:36.447] E019 |  1600/2080 batches | lr 5.0000 | loss  3.348 | ppl     28.45
[2022-04-10 16:25:42.967] E019 |  1800/2080 batches | lr 5.0000 | loss  3.341 | ppl     28.24
[2022-04-10 16:25:49.445] E019 |  2000/2080 batches | lr 5.0000 | loss  3.363 | ppl     28.86
[2022-04-10 16:25:52.047] E019 |  2080/2080 batches | lr 5.0000 | loss  3.391 | ppl     29.70
[2022-04-10 16:26:01.696] End E019 | valid loss  3.701; ppl     40.50 | accu 0.2838 = 143301/504920
[2022-04-10 16:26:04.073] End E019 |  test loss  5.352; ppl    210.96 | accu 0.1358 = 17043/125500 ../data/adult_test.txt
[2022-04-10 16:26:06.251] End E019 |  test loss  3.790; ppl     44.27 | accu 0.2699 = 30672/113640 ../data/adolescent_valid.txt
[2022-04-10 16:26:13.690] End E019 |  test loss  3.677; ppl     39.52 | accu 0.2878 = 112581/391240 ../data/cbt_valid.txt
[2022-04-10 16:26:13.690] Save: model.pt... 
[2022-04-10 16:26:13.701] Save: model.pt...Done. best_val_loss: 3.7014
[2022-04-10 16:26:13.701] Epoch 020/40 ==================================================
[2022-04-10 16:26:20.122] E020 |   200/2080 batches | lr 5.0000 | loss  3.350 | ppl     28.51
[2022-04-10 16:26:26.591] E020 |   400/2080 batches | lr 5.0000 | loss  3.333 | ppl     28.03
[2022-04-10 16:26:33.070] E020 |   600/2080 batches | lr 5.0000 | loss  3.327 | ppl     27.84
[2022-04-10 16:26:39.588] E020 |   800/2080 batches | lr 5.0000 | loss  3.324 | ppl     27.76
[2022-04-10 16:26:46.089] E020 |  1000/2080 batches | lr 5.0000 | loss  3.312 | ppl     27.44
[2022-04-10 16:26:52.561] E020 |  1200/2080 batches | lr 5.0000 | loss  3.329 | ppl     27.91
[2022-04-10 16:26:59.062] E020 |  1400/2080 batches | lr 5.0000 | loss  3.297 | ppl     27.03
[2022-04-10 16:27:05.522] E020 |  1600/2080 batches | lr 5.0000 | loss  3.339 | ppl     28.19
[2022-04-10 16:27:11.992] E020 |  1800/2080 batches | lr 5.0000 | loss  3.329 | ppl     27.90
[2022-04-10 16:27:18.434] E020 |  2000/2080 batches | lr 5.0000 | loss  3.355 | ppl     28.65
[2022-04-10 16:27:21.022] E020 |  2080/2080 batches | lr 5.0000 | loss  3.385 | ppl     29.50
[2022-04-10 16:27:30.710] End E020 | valid loss  3.695; ppl     40.25 | accu 0.2842 = 143499/504920
[2022-04-10 16:27:33.100] End E020 |  test loss  5.365; ppl    213.82 | accu 0.1354 = 16993/125500 ../data/adult_test.txt
[2022-04-10 16:27:35.284] End E020 |  test loss  3.776; ppl     43.64 | accu 0.2702 = 30703/113640 ../data/adolescent_valid.txt
[2022-04-10 16:27:42.909] End E020 |  test loss  3.673; ppl     39.39 | accu 0.2880 = 112691/391240 ../data/cbt_valid.txt
[2022-04-10 16:27:42.909] Save: model.pt... 
[2022-04-10 16:27:42.921] Save: model.pt...Done. best_val_loss: 3.6950
[2022-04-10 16:27:42.921] Epoch 021/40 ==================================================
[2022-04-10 16:27:49.368] E021 |   200/2080 batches | lr 5.0000 | loss  3.338 | ppl     28.17
[2022-04-10 16:27:55.848] E021 |   400/2080 batches | lr 5.0000 | loss  3.320 | ppl     27.66
[2022-04-10 16:28:02.294] E021 |   600/2080 batches | lr 5.0000 | loss  3.316 | ppl     27.55
[2022-04-10 16:28:08.782] E021 |   800/2080 batches | lr 5.0000 | loss  3.313 | ppl     27.47
[2022-04-10 16:28:15.258] E021 |  1000/2080 batches | lr 5.0000 | loss  3.305 | ppl     27.25
[2022-04-10 16:28:21.767] E021 |  1200/2080 batches | lr 5.0000 | loss  3.328 | ppl     27.88
[2022-04-10 16:28:28.231] E021 |  1400/2080 batches | lr 5.0000 | loss  3.296 | ppl     27.00
[2022-04-10 16:28:34.712] E021 |  1600/2080 batches | lr 5.0000 | loss  3.335 | ppl     28.09
[2022-04-10 16:28:41.186] E021 |  1800/2080 batches | lr 5.0000 | loss  3.331 | ppl     27.96
[2022-04-10 16:28:47.659] E021 |  2000/2080 batches | lr 5.0000 | loss  3.353 | ppl     28.58
[2022-04-10 16:28:50.238] E021 |  2080/2080 batches | lr 5.0000 | loss  3.384 | ppl     29.48
[2022-04-10 16:28:59.683] End E021 | valid loss  3.694; ppl     40.22 | accu 0.2848 = 143789/504920
[2022-04-10 16:29:02.011] End E021 |  test loss  5.335; ppl    207.43 | accu 0.1378 = 17297/125500 ../data/adult_test.txt
[2022-04-10 16:29:04.126] End E021 |  test loss  3.778; ppl     43.75 | accu 0.2714 = 30845/113640 ../data/adolescent_valid.txt
[2022-04-10 16:29:11.419] End E021 |  test loss  3.673; ppl     39.37 | accu 0.2883 = 112779/391240 ../data/cbt_valid.txt
[2022-04-10 16:29:11.419] Save: model.pt... 
[2022-04-10 16:29:11.427] Save: model.pt...Done. best_val_loss: 3.6944
[2022-04-10 16:29:11.427] Epoch 022/40 ==================================================
[2022-04-10 16:29:17.762] E022 |   200/2080 batches | lr 5.0000 | loss  3.333 | ppl     28.01
[2022-04-10 16:29:24.233] E022 |   400/2080 batches | lr 5.0000 | loss  3.316 | ppl     27.54
[2022-04-10 16:29:30.696] E022 |   600/2080 batches | lr 5.0000 | loss  3.310 | ppl     27.38
[2022-04-10 16:29:37.162] E022 |   800/2080 batches | lr 5.0000 | loss  3.306 | ppl     27.28
[2022-04-10 16:29:43.623] E022 |  1000/2080 batches | lr 5.0000 | loss  3.299 | ppl     27.09
[2022-04-10 16:29:50.104] E022 |  1200/2080 batches | lr 5.0000 | loss  3.321 | ppl     27.69
[2022-04-10 16:29:56.579] E022 |  1400/2080 batches | lr 5.0000 | loss  3.289 | ppl     26.80
[2022-04-10 16:30:03.034] E022 |  1600/2080 batches | lr 5.0000 | loss  3.328 | ppl     27.88
[2022-04-10 16:30:09.477] E022 |  1800/2080 batches | lr 5.0000 | loss  3.322 | ppl     27.71
[2022-04-10 16:30:15.923] E022 |  2000/2080 batches | lr 5.0000 | loss  3.351 | ppl     28.54
[2022-04-10 16:30:18.496] E022 |  2080/2080 batches | lr 5.0000 | loss  3.382 | ppl     29.43
[2022-04-10 16:30:27.953] End E022 | valid loss  3.689; ppl     39.99 | accu 0.2851 = 143936/504920
[2022-04-10 16:30:30.269] End E022 |  test loss  5.324; ppl    205.15 | accu 0.1380 = 17315/125500 ../data/adult_test.txt
[2022-04-10 16:30:32.381] End E022 |  test loss  3.770; ppl     43.39 | accu 0.2708 = 30776/113640 ../data/adolescent_valid.txt
[2022-04-10 16:30:39.624] End E022 |  test loss  3.667; ppl     39.14 | accu 0.2889 = 113022/391240 ../data/cbt_valid.txt
[2022-04-10 16:30:39.624] Save: model.pt... 
[2022-04-10 16:30:39.636] Save: model.pt...Done. best_val_loss: 3.6887
[2022-04-10 16:30:39.636] Epoch 023/40 ==================================================
[2022-04-10 16:30:46.019] E023 |   200/2080 batches | lr 5.0000 | loss  3.326 | ppl     27.81
[2022-04-10 16:30:52.482] E023 |   400/2080 batches | lr 5.0000 | loss  3.308 | ppl     27.32
[2022-04-10 16:30:58.918] E023 |   600/2080 batches | lr 5.0000 | loss  3.304 | ppl     27.22
[2022-04-10 16:31:05.495] E023 |   800/2080 batches | lr 5.0000 | loss  3.301 | ppl     27.14
[2022-04-10 16:31:12.063] E023 |  1000/2080 batches | lr 5.0000 | loss  3.295 | ppl     26.97
[2022-04-10 16:31:18.636] E023 |  1200/2080 batches | lr 5.0000 | loss  3.317 | ppl     27.59
[2022-04-10 16:31:25.196] E023 |  1400/2080 batches | lr 5.0000 | loss  3.284 | ppl     26.69
[2022-04-10 16:31:31.770] E023 |  1600/2080 batches | lr 5.0000 | loss  3.323 | ppl     27.73
[2022-04-10 16:31:38.332] E023 |  1800/2080 batches | lr 5.0000 | loss  3.319 | ppl     27.63
[2022-04-10 16:31:44.913] E023 |  2000/2080 batches | lr 5.0000 | loss  3.346 | ppl     28.38
[2022-04-10 16:31:47.536] E023 |  2080/2080 batches | lr 5.0000 | loss  3.374 | ppl     29.20
[2022-04-10 16:31:57.015] End E023 | valid loss  3.696; ppl     40.29 | accu 0.2856 = 144193/504920
[2022-04-10 16:31:59.336] End E023 |  test loss  5.315; ppl    203.28 | accu 0.1420 = 17815/125500 ../data/adult_test.txt
[2022-04-10 16:32:01.456] End E023 |  test loss  3.806; ppl     44.99 | accu 0.2690 = 30566/113640 ../data/adolescent_valid.txt
[2022-04-10 16:32:08.746] End E023 |  test loss  3.667; ppl     39.14 | accu 0.2900 = 113454/391240 ../data/cbt_valid.txt
[2022-04-10 16:32:08.746] Epoch 024/40 ==================================================
[2022-04-10 16:32:15.234] E024 |   200/2080 batches | lr 2.5000 | loss  3.325 | ppl     27.79
[2022-04-10 16:32:21.828] E024 |   400/2080 batches | lr 2.5000 | loss  3.307 | ppl     27.29
[2022-04-10 16:32:28.476] E024 |   600/2080 batches | lr 2.5000 | loss  3.295 | ppl     26.98
[2022-04-10 16:32:35.036] E024 |   800/2080 batches | lr 2.5000 | loss  3.287 | ppl     26.77
[2022-04-10 16:32:41.653] E024 |  1000/2080 batches | lr 2.5000 | loss  3.279 | ppl     26.55
[2022-04-10 16:32:48.240] E024 |  1200/2080 batches | lr 2.5000 | loss  3.301 | ppl     27.15
[2022-04-10 16:32:54.838] E024 |  1400/2080 batches | lr 2.5000 | loss  3.266 | ppl     26.20
[2022-04-10 16:33:01.317] E024 |  1600/2080 batches | lr 2.5000 | loss  3.304 | ppl     27.21
[2022-04-10 16:33:07.798] E024 |  1800/2080 batches | lr 2.5000 | loss  3.295 | ppl     26.98
[2022-04-10 16:33:14.370] E024 |  2000/2080 batches | lr 2.5000 | loss  3.317 | ppl     27.57
[2022-04-10 16:33:17.004] E024 |  2080/2080 batches | lr 2.5000 | loss  3.346 | ppl     28.39
[2022-04-10 16:33:26.471] End E024 | valid loss  3.675; ppl     39.45 | accu 0.2883 = 145577/504920
[2022-04-10 16:33:28.794] End E024 |  test loss  5.304; ppl    201.12 | accu 0.1422 = 17849/125500 ../data/adult_test.txt
[2022-04-10 16:33:30.918] End E024 |  test loss  3.775; ppl     43.59 | accu 0.2736 = 31093/113640 ../data/adolescent_valid.txt
[2022-04-10 16:33:38.199] End E024 |  test loss  3.650; ppl     38.48 | accu 0.2920 = 114253/391240 ../data/cbt_valid.txt
[2022-04-10 16:33:38.199] Save: model.pt... 
[2022-04-10 16:33:38.210] Save: model.pt...Done. best_val_loss: 3.6751
[2022-04-10 16:33:38.210] Epoch 025/40 ==================================================
[2022-04-10 16:33:44.650] E025 |   200/2080 batches | lr 2.5000 | loss  3.302 | ppl     27.18
[2022-04-10 16:33:51.194] E025 |   400/2080 batches | lr 2.5000 | loss  3.291 | ppl     26.86
[2022-04-10 16:33:57.739] E025 |   600/2080 batches | lr 2.5000 | loss  3.281 | ppl     26.61
[2022-04-10 16:34:04.212] E025 |   800/2080 batches | lr 2.5000 | loss  3.280 | ppl     26.57
[2022-04-10 16:34:10.759] E025 |  1000/2080 batches | lr 2.5000 | loss  3.273 | ppl     26.39
[2022-04-10 16:34:17.075] E025 |  1200/2080 batches | lr 2.5000 | loss  3.290 | ppl     26.85
[2022-04-10 16:34:23.302] E025 |  1400/2080 batches | lr 2.5000 | loss  3.261 | ppl     26.07
[2022-04-10 16:34:29.519] E025 |  1600/2080 batches | lr 2.5000 | loss  3.298 | ppl     27.05
[2022-04-10 16:34:35.764] E025 |  1800/2080 batches | lr 2.5000 | loss  3.290 | ppl     26.85
[2022-04-10 16:34:41.983] E025 |  2000/2080 batches | lr 2.5000 | loss  3.313 | ppl     27.48
[2022-04-10 16:34:44.481] E025 |  2080/2080 batches | lr 2.5000 | loss  3.346 | ppl     28.39
[2022-04-10 16:34:53.943] End E025 | valid loss  3.674; ppl     39.40 | accu 0.2879 = 145356/504920
[2022-04-10 16:34:56.274] End E025 |  test loss  5.325; ppl    205.42 | accu 0.1408 = 17669/125500 ../data/adult_test.txt
[2022-04-10 16:34:58.386] End E025 |  test loss  3.782; ppl     43.88 | accu 0.2728 = 31003/113640 ../data/adolescent_valid.txt
[2022-04-10 16:35:05.666] End E025 |  test loss  3.647; ppl     38.37 | accu 0.2916 = 114091/391240 ../data/cbt_valid.txt
[2022-04-10 16:35:05.667] Save: model.pt... 
[2022-04-10 16:35:05.678] Save: model.pt...Done. best_val_loss: 3.6737
[2022-04-10 16:35:05.679] Epoch 026/40 ==================================================
[2022-04-10 16:35:11.795] E026 |   200/2080 batches | lr 2.5000 | loss  3.302 | ppl     27.16
[2022-04-10 16:35:18.012] E026 |   400/2080 batches | lr 2.5000 | loss  3.283 | ppl     26.66
[2022-04-10 16:35:24.206] E026 |   600/2080 batches | lr 2.5000 | loss  3.279 | ppl     26.56
[2022-04-10 16:35:30.413] E026 |   800/2080 batches | lr 2.5000 | loss  3.276 | ppl     26.47
[2022-04-10 16:35:36.845] E026 |  1000/2080 batches | lr 2.5000 | loss  3.266 | ppl     26.21
[2022-04-10 16:35:43.434] E026 |  1200/2080 batches | lr 2.5000 | loss  3.289 | ppl     26.82
[2022-04-10 16:35:50.013] E026 |  1400/2080 batches | lr 2.5000 | loss  3.256 | ppl     25.94
[2022-04-10 16:35:56.553] E026 |  1600/2080 batches | lr 2.5000 | loss  3.296 | ppl     27.00
[2022-04-10 16:36:03.017] E026 |  1800/2080 batches | lr 2.5000 | loss  3.285 | ppl     26.70
[2022-04-10 16:36:09.555] E026 |  2000/2080 batches | lr 2.5000 | loss  3.312 | ppl     27.45
[2022-04-10 16:36:12.198] E026 |  2080/2080 batches | lr 2.5000 | loss  3.345 | ppl     28.37
[2022-04-10 16:36:21.682] End E026 | valid loss  3.673; ppl     39.38 | accu 0.2884 = 145640/504920
[2022-04-10 16:36:23.999] End E026 |  test loss  5.297; ppl    199.74 | accu 0.1431 = 17958/125500 ../data/adult_test.txt
[2022-04-10 16:36:26.132] End E026 |  test loss  3.781; ppl     43.87 | accu 0.2730 = 31019/113640 ../data/adolescent_valid.txt
[2022-04-10 16:36:33.377] End E026 |  test loss  3.645; ppl     38.27 | accu 0.2927 = 114509/391240 ../data/cbt_valid.txt
[2022-04-10 16:36:33.377] Save: model.pt... 
[2022-04-10 16:36:33.385] Save: model.pt...Done. best_val_loss: 3.6734
[2022-04-10 16:36:33.385] Epoch 027/40 ==================================================
[2022-04-10 16:36:39.884] E027 |   200/2080 batches | lr 2.5000 | loss  3.296 | ppl     27.00
[2022-04-10 16:36:46.444] E027 |   400/2080 batches | lr 2.5000 | loss  3.280 | ppl     26.57
[2022-04-10 16:36:52.998] E027 |   600/2080 batches | lr 2.5000 | loss  3.275 | ppl     26.44
[2022-04-10 16:36:59.447] E027 |   800/2080 batches | lr 2.5000 | loss  3.272 | ppl     26.38
[2022-04-10 16:37:05.899] E027 |  1000/2080 batches | lr 2.5000 | loss  3.261 | ppl     26.08
[2022-04-10 16:37:12.446] E027 |  1200/2080 batches | lr 2.5000 | loss  3.284 | ppl     26.69
[2022-04-10 16:37:18.998] E027 |  1400/2080 batches | lr 2.5000 | loss  3.250 | ppl     25.78
[2022-04-10 16:37:25.563] E027 |  1600/2080 batches | lr 2.5000 | loss  3.292 | ppl     26.91
[2022-04-10 16:37:32.115] E027 |  1800/2080 batches | lr 2.5000 | loss  3.281 | ppl     26.59
[2022-04-10 16:37:38.686] E027 |  2000/2080 batches | lr 2.5000 | loss  3.310 | ppl     27.38
[2022-04-10 16:37:41.314] E027 |  2080/2080 batches | lr 2.5000 | loss  3.342 | ppl     28.28
[2022-04-10 16:37:50.787] End E027 | valid loss  3.669; ppl     39.23 | accu 0.2894 = 146110/504920
[2022-04-10 16:37:53.111] End E027 |  test loss  5.287; ppl    197.76 | accu 0.1433 = 17983/125500 ../data/adult_test.txt
[2022-04-10 16:37:55.222] End E027 |  test loss  3.766; ppl     43.22 | accu 0.2760 = 31364/113640 ../data/adolescent_valid.txt
[2022-04-10 16:38:02.485] End E027 |  test loss  3.645; ppl     38.29 | accu 0.2928 = 114554/391240 ../data/cbt_valid.txt
[2022-04-10 16:38:02.485] Save: model.pt... 
[2022-04-10 16:38:02.497] Save: model.pt...Done. best_val_loss: 3.6693
[2022-04-10 16:38:02.497] Epoch 028/40 ==================================================
[2022-04-10 16:38:08.928] E028 |   200/2080 batches | lr 2.5000 | loss  3.293 | ppl     26.93
[2022-04-10 16:38:15.490] E028 |   400/2080 batches | lr 2.5000 | loss  3.272 | ppl     26.35
[2022-04-10 16:38:22.023] E028 |   600/2080 batches | lr 2.5000 | loss  3.273 | ppl     26.39
[2022-04-10 16:38:28.589] E028 |   800/2080 batches | lr 2.5000 | loss  3.267 | ppl     26.23
[2022-04-10 16:38:35.146] E028 |  1000/2080 batches | lr 2.5000 | loss  3.261 | ppl     26.08
[2022-04-10 16:38:41.708] E028 |  1200/2080 batches | lr 2.5000 | loss  3.278 | ppl     26.52
[2022-04-10 16:38:48.266] E028 |  1400/2080 batches | lr 2.5000 | loss  3.251 | ppl     25.82
[2022-04-10 16:38:54.770] E028 |  1600/2080 batches | lr 2.5000 | loss  3.288 | ppl     26.79
[2022-04-10 16:39:01.216] E028 |  1800/2080 batches | lr 2.5000 | loss  3.280 | ppl     26.59
[2022-04-10 16:39:07.731] E028 |  2000/2080 batches | lr 2.5000 | loss  3.311 | ppl     27.42
[2022-04-10 16:39:10.349] E028 |  2080/2080 batches | lr 2.5000 | loss  3.342 | ppl     28.26
[2022-04-10 16:39:19.828] End E028 | valid loss  3.671; ppl     39.30 | accu 0.2888 = 145796/504920
[2022-04-10 16:39:22.163] End E028 |  test loss  5.278; ppl    195.99 | accu 0.1443 = 18109/125500 ../data/adult_test.txt
[2022-04-10 16:39:24.276] End E028 |  test loss  3.784; ppl     44.01 | accu 0.2735 = 31075/113640 ../data/adolescent_valid.txt
[2022-04-10 16:39:31.583] End E028 |  test loss  3.644; ppl     38.25 | accu 0.2927 = 114498/391240 ../data/cbt_valid.txt
[2022-04-10 16:39:31.583] Epoch 029/40 ==================================================
[2022-04-10 16:39:38.028] E029 |   200/2080 batches | lr 1.2500 | loss  3.288 | ppl     26.79
[2022-04-10 16:39:44.574] E029 |   400/2080 batches | lr 1.2500 | loss  3.271 | ppl     26.33
[2022-04-10 16:39:51.148] E029 |   600/2080 batches | lr 1.2500 | loss  3.268 | ppl     26.26
[2022-04-10 16:39:57.641] E029 |   800/2080 batches | lr 1.2500 | loss  3.263 | ppl     26.13
[2022-04-10 16:40:04.123] E029 |  1000/2080 batches | lr 1.2500 | loss  3.250 | ppl     25.80
[2022-04-10 16:40:10.679] E029 |  1200/2080 batches | lr 1.2500 | loss  3.275 | ppl     26.43
[2022-04-10 16:40:17.280] E029 |  1400/2080 batches | lr 1.2500 | loss  3.241 | ppl     25.56
[2022-04-10 16:40:23.860] E029 |  1600/2080 batches | lr 1.2500 | loss  3.276 | ppl     26.48
[2022-04-10 16:40:30.441] E029 |  1800/2080 batches | lr 1.2500 | loss  3.270 | ppl     26.31
[2022-04-10 16:40:36.994] E029 |  2000/2080 batches | lr 1.2500 | loss  3.292 | ppl     26.90
[2022-04-10 16:40:39.620] E029 |  2080/2080 batches | lr 1.2500 | loss  3.327 | ppl     27.85
[2022-04-10 16:40:49.107] End E029 | valid loss  3.661; ppl     38.89 | accu 0.2912 = 147011/504920
[2022-04-10 16:40:51.477] End E029 |  test loss  5.318; ppl    203.97 | accu 0.1422 = 17851/125500 ../data/adult_test.txt
[2022-04-10 16:40:53.591] End E029 |  test loss  3.758; ppl     42.87 | accu 0.2774 = 31520/113640 ../data/adolescent_valid.txt
[2022-04-10 16:41:00.862] End E029 |  test loss  3.636; ppl     37.92 | accu 0.2947 = 115307/391240 ../data/cbt_valid.txt
[2022-04-10 16:41:00.863] Save: model.pt... 
[2022-04-10 16:41:00.874] Save: model.pt...Done. best_val_loss: 3.6607
[2022-04-10 16:41:00.874] Epoch 030/40 ==================================================
[2022-04-10 16:41:07.282] E030 |   200/2080 batches | lr 1.2500 | loss  3.285 | ppl     26.72
[2022-04-10 16:41:13.888] E030 |   400/2080 batches | lr 1.2500 | loss  3.267 | ppl     26.24
[2022-04-10 16:41:20.501] E030 |   600/2080 batches | lr 1.2500 | loss  3.263 | ppl     26.12
[2022-04-10 16:41:27.062] E030 |   800/2080 batches | lr 1.2500 | loss  3.259 | ppl     26.02
[2022-04-10 16:41:33.650] E030 |  1000/2080 batches | lr 1.2500 | loss  3.248 | ppl     25.74
[2022-04-10 16:41:40.217] E030 |  1200/2080 batches | lr 1.2500 | loss  3.271 | ppl     26.35
[2022-04-10 16:41:46.781] E030 |  1400/2080 batches | lr 1.2500 | loss  3.238 | ppl     25.49
[2022-04-10 16:41:53.366] E030 |  1600/2080 batches | lr 1.2500 | loss  3.278 | ppl     26.52
[2022-04-10 16:41:59.855] E030 |  1800/2080 batches | lr 1.2500 | loss  3.268 | ppl     26.25
[2022-04-10 16:42:06.322] E030 |  2000/2080 batches | lr 1.2500 | loss  3.293 | ppl     26.92
[2022-04-10 16:42:08.911] E030 |  2080/2080 batches | lr 1.2500 | loss  3.320 | ppl     27.65
[2022-04-10 16:42:18.364] End E030 | valid loss  3.658; ppl     38.77 | accu 0.2909 = 146874/504920
[2022-04-10 16:42:20.705] End E030 |  test loss  5.302; ppl    200.69 | accu 0.1427 = 17911/125500 ../data/adult_test.txt
[2022-04-10 16:42:22.816] End E030 |  test loss  3.750; ppl     42.52 | accu 0.2776 = 31542/113640 ../data/adolescent_valid.txt
[2022-04-10 16:42:30.092] End E030 |  test loss  3.636; ppl     37.94 | accu 0.2942 = 115102/391240 ../data/cbt_valid.txt
[2022-04-10 16:42:30.092] Save: model.pt... 
[2022-04-10 16:42:30.101] Save: model.pt...Done. best_val_loss: 3.6578
[2022-04-10 16:42:30.101] Epoch 031/40 ==================================================
[2022-04-10 16:42:36.204] E031 |   200/2080 batches | lr 1.2500 | loss  3.280 | ppl     26.58
[2022-04-10 16:42:42.401] E031 |   400/2080 batches | lr 1.2500 | loss  3.263 | ppl     26.12
[2022-04-10 16:42:48.618] E031 |   600/2080 batches | lr 1.2500 | loss  3.257 | ppl     25.98
[2022-04-10 16:42:55.113] E031 |   800/2080 batches | lr 1.2500 | loss  3.254 | ppl     25.89
[2022-04-10 16:43:01.610] E031 |  1000/2080 batches | lr 1.2500 | loss  3.246 | ppl     25.69
[2022-04-10 16:43:07.902] E031 |  1200/2080 batches | lr 1.2500 | loss  3.271 | ppl     26.33
[2022-04-10 16:43:14.495] E031 |  1400/2080 batches | lr 1.2500 | loss  3.237 | ppl     25.47
[2022-04-10 16:43:21.078] E031 |  1600/2080 batches | lr 1.2500 | loss  3.273 | ppl     26.38
[2022-04-10 16:43:27.673] E031 |  1800/2080 batches | lr 1.2500 | loss  3.266 | ppl     26.21
[2022-04-10 16:43:34.237] E031 |  2000/2080 batches | lr 1.2500 | loss  3.294 | ppl     26.94
[2022-04-10 16:43:36.883] E031 |  2080/2080 batches | lr 1.2500 | loss  3.321 | ppl     27.70
[2022-04-10 16:43:46.478] End E031 | valid loss  3.662; ppl     38.93 | accu 0.2908 = 146837/504920
[2022-04-10 16:43:49.161] End E031 |  test loss  5.293; ppl    199.03 | accu 0.1447 = 18156/125500 ../data/adult_test.txt
[2022-04-10 16:43:51.364] End E031 |  test loss  3.770; ppl     43.38 | accu 0.2757 = 31333/113640 ../data/adolescent_valid.txt
[2022-04-10 16:43:58.895] End E031 |  test loss  3.634; ppl     37.88 | accu 0.2947 = 115291/391240 ../data/cbt_valid.txt
[2022-04-10 16:43:58.896] Epoch 032/40 ==================================================
[2022-04-10 16:44:05.299] E032 |   200/2080 batches | lr 0.6250 | loss  3.280 | ppl     26.59
[2022-04-10 16:44:11.850] E032 |   400/2080 batches | lr 0.6250 | loss  3.260 | ppl     26.04
[2022-04-10 16:44:18.289] E032 |   600/2080 batches | lr 0.6250 | loss  3.261 | ppl     26.07
[2022-04-10 16:44:24.868] E032 |   800/2080 batches | lr 0.6250 | loss  3.253 | ppl     25.86
[2022-04-10 16:44:31.310] E032 |  1000/2080 batches | lr 0.6250 | loss  3.240 | ppl     25.53
[2022-04-10 16:44:37.840] E032 |  1200/2080 batches | lr 0.6250 | loss  3.264 | ppl     26.15
[2022-04-10 16:44:44.335] E032 |  1400/2080 batches | lr 0.6250 | loss  3.228 | ppl     25.23
[2022-04-10 16:44:50.950] E032 |  1600/2080 batches | lr 0.6250 | loss  3.268 | ppl     26.26
[2022-04-10 16:44:58.244] E032 |  1800/2080 batches | lr 0.6250 | loss  3.254 | ppl     25.90
[2022-04-10 16:45:05.275] E032 |  2000/2080 batches | lr 0.6250 | loss  3.285 | ppl     26.71
[2022-04-10 16:45:07.937] E032 |  2080/2080 batches | lr 0.6250 | loss  3.316 | ppl     27.55
[2022-04-10 16:45:17.659] End E032 | valid loss  3.654; ppl     38.63 | accu 0.2921 = 147504/504920
[2022-04-10 16:45:20.056] End E032 |  test loss  5.295; ppl    199.40 | accu 0.1437 = 18031/125500 ../data/adult_test.txt
[2022-04-10 16:45:22.208] End E032 |  test loss  3.750; ppl     42.51 | accu 0.2784 = 31641/113640 ../data/adolescent_valid.txt
[2022-04-10 16:45:29.614] End E032 |  test loss  3.631; ppl     37.75 | accu 0.2955 = 115624/391240 ../data/cbt_valid.txt
[2022-04-10 16:45:29.614] Save: model.pt... 
[2022-04-10 16:45:29.626] Save: model.pt...Done. best_val_loss: 3.6541
[2022-04-10 16:45:29.626] Epoch 033/40 ==================================================
[2022-04-10 16:45:36.119] E033 |   200/2080 batches | lr 0.6250 | loss  3.274 | ppl     26.41
[2022-04-10 16:45:42.677] E033 |   400/2080 batches | lr 0.6250 | loss  3.259 | ppl     26.02
[2022-04-10 16:45:49.229] E033 |   600/2080 batches | lr 0.6250 | loss  3.253 | ppl     25.86
[2022-04-10 16:45:55.763] E033 |   800/2080 batches | lr 0.6250 | loss  3.244 | ppl     25.64
[2022-04-10 16:46:02.222] E033 |  1000/2080 batches | lr 0.6250 | loss  3.238 | ppl     25.49
[2022-04-10 16:46:08.753] E033 |  1200/2080 batches | lr 0.6250 | loss  3.264 | ppl     26.15
[2022-04-10 16:46:15.307] E033 |  1400/2080 batches | lr 0.6250 | loss  3.226 | ppl     25.18
[2022-04-10 16:46:21.775] E033 |  1600/2080 batches | lr 0.6250 | loss  3.265 | ppl     26.17
[2022-04-10 16:46:28.257] E033 |  1800/2080 batches | lr 0.6250 | loss  3.254 | ppl     25.90
[2022-04-10 16:46:34.832] E033 |  2000/2080 batches | lr 0.6250 | loss  3.285 | ppl     26.72
[2022-04-10 16:46:37.461] E033 |  2080/2080 batches | lr 0.6250 | loss  3.319 | ppl     27.64
[2022-04-10 16:46:47.185] End E033 | valid loss  3.655; ppl     38.69 | accu 0.2919 = 147365/504920
[2022-04-10 16:46:49.550] End E033 |  test loss  5.296; ppl    199.53 | accu 0.1437 = 18030/125500 ../data/adult_test.txt
[2022-04-10 16:46:51.707] End E033 |  test loss  3.754; ppl     42.67 | accu 0.2784 = 31632/113640 ../data/adolescent_valid.txt
[2022-04-10 16:46:59.087] End E033 |  test loss  3.630; ppl     37.73 | accu 0.2953 = 115523/391240 ../data/cbt_valid.txt
[2022-04-10 16:46:59.087] Epoch 034/40 ==================================================
[2022-04-10 16:47:05.511] E034 |   200/2080 batches | lr 0.3125 | loss  3.275 | ppl     26.45
[2022-04-10 16:47:12.009] E034 |   400/2080 batches | lr 0.3125 | loss  3.257 | ppl     25.96
[2022-04-10 16:47:18.542] E034 |   600/2080 batches | lr 0.3125 | loss  3.252 | ppl     25.83
[2022-04-10 16:47:25.102] E034 |   800/2080 batches | lr 0.3125 | loss  3.247 | ppl     25.72
[2022-04-10 16:47:31.630] E034 |  1000/2080 batches | lr 0.3125 | loss  3.233 | ppl     25.36
[2022-04-10 16:47:38.169] E034 |  1200/2080 batches | lr 0.3125 | loss  3.261 | ppl     26.07
[2022-04-10 16:47:44.704] E034 |  1400/2080 batches | lr 0.3125 | loss  3.225 | ppl     25.16
[2022-04-10 16:47:51.260] E034 |  1600/2080 batches | lr 0.3125 | loss  3.262 | ppl     26.09
[2022-04-10 16:47:57.735] E034 |  1800/2080 batches | lr 0.3125 | loss  3.254 | ppl     25.88
[2022-04-10 16:48:04.221] E034 |  2000/2080 batches | lr 0.3125 | loss  3.277 | ppl     26.49
[2022-04-10 16:48:06.814] E034 |  2080/2080 batches | lr 0.3125 | loss  3.311 | ppl     27.40
[2022-04-10 16:48:16.406] End E034 | valid loss  3.653; ppl     38.59 | accu 0.2926 = 147735/504920
[2022-04-10 16:48:18.753] End E034 |  test loss  5.292; ppl    198.67 | accu 0.1442 = 18091/125500 ../data/adult_test.txt
[2022-04-10 16:48:20.908] End E034 |  test loss  3.749; ppl     42.48 | accu 0.2789 = 31693/113640 ../data/adolescent_valid.txt
[2022-04-10 16:48:28.251] End E034 |  test loss  3.629; ppl     37.69 | accu 0.2960 = 115789/391240 ../data/cbt_valid.txt
[2022-04-10 16:48:28.252] Save: model.pt... 
[2022-04-10 16:48:28.263] Save: model.pt...Done. best_val_loss: 3.6530
[2022-04-10 16:48:28.264] Epoch 035/40 ==================================================
[2022-04-10 16:48:34.738] E035 |   200/2080 batches | lr 0.3125 | loss  3.269 | ppl     26.29
[2022-04-10 16:48:41.291] E035 |   400/2080 batches | lr 0.3125 | loss  3.254 | ppl     25.90
[2022-04-10 16:48:47.797] E035 |   600/2080 batches | lr 0.3125 | loss  3.252 | ppl     25.85
[2022-04-10 16:48:54.286] E035 |   800/2080 batches | lr 0.3125 | loss  3.242 | ppl     25.59
[2022-04-10 16:49:00.795] E035 |  1000/2080 batches | lr 0.3125 | loss  3.234 | ppl     25.38
[2022-04-10 16:49:07.374] E035 |  1200/2080 batches | lr 0.3125 | loss  3.260 | ppl     26.04
[2022-04-10 16:49:14.522] E035 |  1400/2080 batches | lr 0.3125 | loss  3.225 | ppl     25.15
[2022-04-10 16:49:21.075] E035 |  1600/2080 batches | lr 0.3125 | loss  3.263 | ppl     26.14
[2022-04-10 16:49:27.649] E035 |  1800/2080 batches | lr 0.3125 | loss  3.254 | ppl     25.88
[2022-04-10 16:49:34.211] E035 |  2000/2080 batches | lr 0.3125 | loss  3.277 | ppl     26.50
[2022-04-10 16:49:36.831] E035 |  2080/2080 batches | lr 0.3125 | loss  3.313 | ppl     27.46
[2022-04-10 16:49:46.336] End E035 | valid loss  3.653; ppl     38.59 | accu 0.2927 = 147769/504920
[2022-04-10 16:49:48.711] End E035 |  test loss  5.291; ppl    198.60 | accu 0.1441 = 18089/125500 ../data/adult_test.txt
[2022-04-10 16:49:50.894] End E035 |  test loss  3.749; ppl     42.49 | accu 0.2786 = 31662/113640 ../data/adolescent_valid.txt
[2022-04-10 16:49:58.361] End E035 |  test loss  3.629; ppl     37.69 | accu 0.2961 = 115856/391240 ../data/cbt_valid.txt
[2022-04-10 16:49:58.362] Save: model.pt... 
[2022-04-10 16:49:58.373] Save: model.pt...Done. best_val_loss: 3.6529
[2022-04-10 16:49:58.374] Epoch 036/40 ==================================================
[2022-04-10 16:50:04.801] E036 |   200/2080 batches | lr 0.3125 | loss  3.271 | ppl     26.34
[2022-04-10 16:50:11.326] E036 |   400/2080 batches | lr 0.3125 | loss  3.251 | ppl     25.82
[2022-04-10 16:50:17.867] E036 |   600/2080 batches | lr 0.3125 | loss  3.250 | ppl     25.79
[2022-04-10 16:50:24.857] E036 |   800/2080 batches | lr 0.3125 | loss  3.243 | ppl     25.61
[2022-04-10 16:50:31.423] E036 |  1000/2080 batches | lr 0.3125 | loss  3.233 | ppl     25.35
[2022-04-10 16:50:37.898] E036 |  1200/2080 batches | lr 0.3125 | loss  3.258 | ppl     26.00
[2022-04-10 16:50:44.658] E036 |  1400/2080 batches | lr 0.3125 | loss  3.225 | ppl     25.14
[2022-04-10 16:50:51.235] E036 |  1600/2080 batches | lr 0.3125 | loss  3.261 | ppl     26.09
[2022-04-10 16:50:57.753] E036 |  1800/2080 batches | lr 0.3125 | loss  3.257 | ppl     25.98
[2022-04-10 16:51:04.265] E036 |  2000/2080 batches | lr 0.3125 | loss  3.276 | ppl     26.47
[2022-04-10 16:51:06.896] E036 |  2080/2080 batches | lr 0.3125 | loss  3.308 | ppl     27.33
[2022-04-10 16:51:16.503] End E036 | valid loss  3.652; ppl     38.57 | accu 0.2927 = 147800/504920
[2022-04-10 16:51:18.874] End E036 |  test loss  5.294; ppl    199.18 | accu 0.1446 = 18152/125500 ../data/adult_test.txt
[2022-04-10 16:51:21.033] End E036 |  test loss  3.748; ppl     42.42 | accu 0.2792 = 31729/113640 ../data/adolescent_valid.txt
[2022-04-10 16:51:28.345] End E036 |  test loss  3.628; ppl     37.65 | accu 0.2962 = 115882/391240 ../data/cbt_valid.txt
[2022-04-10 16:51:28.346] Save: model.pt... 
[2022-04-10 16:51:28.357] Save: model.pt...Done. best_val_loss: 3.6524
[2022-04-10 16:51:28.357] Epoch 037/40 ==================================================
[2022-04-10 16:51:34.808] E037 |   200/2080 batches | lr 0.3125 | loss  3.269 | ppl     26.30
[2022-04-10 16:51:41.455] E037 |   400/2080 batches | lr 0.3125 | loss  3.252 | ppl     25.85
[2022-04-10 16:51:48.023] E037 |   600/2080 batches | lr 0.3125 | loss  3.249 | ppl     25.76
[2022-04-10 16:51:54.522] E037 |   800/2080 batches | lr 0.3125 | loss  3.244 | ppl     25.63
[2022-04-10 16:52:01.027] E037 |  1000/2080 batches | lr 0.3125 | loss  3.232 | ppl     25.34
[2022-04-10 16:52:07.617] E037 |  1200/2080 batches | lr 0.3125 | loss  3.260 | ppl     26.06
[2022-04-10 16:52:14.157] E037 |  1400/2080 batches | lr 0.3125 | loss  3.224 | ppl     25.12
[2022-04-10 16:52:20.640] E037 |  1600/2080 batches | lr 0.3125 | loss  3.264 | ppl     26.17
[2022-04-10 16:52:27.221] E037 |  1800/2080 batches | lr 0.3125 | loss  3.251 | ppl     25.82
[2022-04-10 16:52:33.786] E037 |  2000/2080 batches | lr 0.3125 | loss  3.281 | ppl     26.59
[2022-04-10 16:52:36.585] E037 |  2080/2080 batches | lr 0.3125 | loss  3.308 | ppl     27.32
[2022-04-10 16:52:46.175] End E037 | valid loss  3.650; ppl     38.46 | accu 0.2929 = 147897/504920
[2022-04-10 16:52:48.533] End E037 |  test loss  5.297; ppl    199.67 | accu 0.1442 = 18095/125500 ../data/adult_test.txt
[2022-04-10 16:52:50.681] End E037 |  test loss  3.737; ppl     41.98 | accu 0.2799 = 31810/113640 ../data/adolescent_valid.txt
[2022-04-10 16:52:58.030] End E037 |  test loss  3.628; ppl     37.64 | accu 0.2962 = 115904/391240 ../data/cbt_valid.txt
[2022-04-10 16:52:58.030] Save: model.pt... 
[2022-04-10 16:52:58.042] Save: model.pt...Done. best_val_loss: 3.6496
[2022-04-10 16:52:58.042] Epoch 038/40 ==================================================
[2022-04-10 16:53:04.467] E038 |   200/2080 batches | lr 0.3125 | loss  3.267 | ppl     26.23
[2022-04-10 16:53:10.943] E038 |   400/2080 batches | lr 0.3125 | loss  3.251 | ppl     25.81
[2022-04-10 16:53:17.482] E038 |   600/2080 batches | lr 0.3125 | loss  3.247 | ppl     25.72
[2022-04-10 16:53:24.063] E038 |   800/2080 batches | lr 0.3125 | loss  3.241 | ppl     25.55
[2022-04-10 16:53:30.624] E038 |  1000/2080 batches | lr 0.3125 | loss  3.233 | ppl     25.36
[2022-04-10 16:53:37.169] E038 |  1200/2080 batches | lr 0.3125 | loss  3.258 | ppl     25.99
[2022-04-10 16:53:43.794] E038 |  1400/2080 batches | lr 0.3125 | loss  3.225 | ppl     25.16
[2022-04-10 16:53:50.356] E038 |  1600/2080 batches | lr 0.3125 | loss  3.260 | ppl     26.06
[2022-04-10 16:53:56.811] E038 |  1800/2080 batches | lr 0.3125 | loss  3.253 | ppl     25.87
[2022-04-10 16:54:03.279] E038 |  2000/2080 batches | lr 0.3125 | loss  3.277 | ppl     26.51
[2022-04-10 16:54:05.891] E038 |  2080/2080 batches | lr 0.3125 | loss  3.312 | ppl     27.44
[2022-04-10 16:54:15.567] End E038 | valid loss  3.651; ppl     38.51 | accu 0.2930 = 147932/504920
[2022-04-10 16:54:17.934] End E038 |  test loss  5.286; ppl    197.60 | accu 0.1454 = 18253/125500 ../data/adult_test.txt
[2022-04-10 16:54:20.097] End E038 |  test loss  3.745; ppl     42.31 | accu 0.2793 = 31743/113640 ../data/adolescent_valid.txt
[2022-04-10 16:54:27.547] End E038 |  test loss  3.628; ppl     37.63 | accu 0.2964 = 115974/391240 ../data/cbt_valid.txt
[2022-04-10 16:54:27.547] Epoch 039/40 ==================================================
[2022-04-10 16:54:34.084] E039 |   200/2080 batches | lr 0.1562 | loss  3.270 | ppl     26.32
[2022-04-10 16:54:40.674] E039 |   400/2080 batches | lr 0.1562 | loss  3.254 | ppl     25.90
[2022-04-10 16:54:47.167] E039 |   600/2080 batches | lr 0.1562 | loss  3.246 | ppl     25.70
[2022-04-10 16:54:53.655] E039 |   800/2080 batches | lr 0.1562 | loss  3.238 | ppl     25.48
[2022-04-10 16:54:59.944] E039 |  1000/2080 batches | lr 0.1562 | loss  3.231 | ppl     25.32
[2022-04-10 16:55:06.145] E039 |  1200/2080 batches | lr 0.1562 | loss  3.256 | ppl     25.96
[2022-04-10 16:55:12.678] E039 |  1400/2080 batches | lr 0.1562 | loss  3.223 | ppl     25.10
[2022-04-10 16:55:19.273] E039 |  1600/2080 batches | lr 0.1562 | loss  3.258 | ppl     26.01
[2022-04-10 16:55:25.816] E039 |  1800/2080 batches | lr 0.1562 | loss  3.252 | ppl     25.83
[2022-04-10 16:55:32.365] E039 |  2000/2080 batches | lr 0.1562 | loss  3.278 | ppl     26.54
[2022-04-10 16:55:34.950] E039 |  2080/2080 batches | lr 0.1562 | loss  3.304 | ppl     27.23
[2022-04-10 16:55:44.565] End E039 | valid loss  3.650; ppl     38.48 | accu 0.2932 = 148037/504920
[2022-04-10 16:55:47.249] End E039 |  test loss  5.291; ppl    198.46 | accu 0.1451 = 18216/125500 ../data/adult_test.txt
[2022-04-10 16:55:49.427] End E039 |  test loss  3.742; ppl     42.17 | accu 0.2798 = 31792/113640 ../data/adolescent_valid.txt
[2022-04-10 16:55:56.824] End E039 |  test loss  3.628; ppl     37.63 | accu 0.2965 = 116005/391240 ../data/cbt_valid.txt
[2022-04-10 16:55:56.825] Epoch 040/40 ==================================================
[2022-04-10 16:56:03.241] E040 |   200/2080 batches | lr 0.0781 | loss  3.267 | ppl     26.23
[2022-04-10 16:56:09.773] E040 |   400/2080 batches | lr 0.0781 | loss  3.249 | ppl     25.78
[2022-04-10 16:56:16.337] E040 |   600/2080 batches | lr 0.0781 | loss  3.247 | ppl     25.72
[2022-04-10 16:56:22.831] E040 |   800/2080 batches | lr 0.0781 | loss  3.240 | ppl     25.54
[2022-04-10 16:56:29.301] E040 |  1000/2080 batches | lr 0.0781 | loss  3.231 | ppl     25.30
[2022-04-10 16:56:35.855] E040 |  1200/2080 batches | lr 0.0781 | loss  3.253 | ppl     25.88
[2022-04-10 16:56:42.398] E040 |  1400/2080 batches | lr 0.0781 | loss  3.221 | ppl     25.06
[2022-04-10 16:56:48.945] E040 |  1600/2080 batches | lr 0.0781 | loss  3.252 | ppl     25.84
[2022-04-10 16:56:55.459] E040 |  1800/2080 batches | lr 0.0781 | loss  3.248 | ppl     25.73
[2022-04-10 16:57:01.927] E040 |  2000/2080 batches | lr 0.0781 | loss  3.277 | ppl     26.48
[2022-04-10 16:57:04.531] E040 |  2080/2080 batches | lr 0.0781 | loss  3.307 | ppl     27.29
[2022-04-10 16:57:14.069] End E040 | valid loss  3.651; ppl     38.52 | accu 0.2931 = 147998/504920
[2022-04-10 16:57:16.423] End E040 |  test loss  5.292; ppl    198.67 | accu 0.1451 = 18213/125500 ../data/adult_test.txt
[2022-04-10 16:57:18.539] End E040 |  test loss  3.745; ppl     42.29 | accu 0.2799 = 31807/113640 ../data/adolescent_valid.txt
[2022-04-10 16:57:25.957] End E040 |  test loss  3.628; ppl     37.64 | accu 0.2965 = 115990/391240 ../data/cbt_valid.txt
[2022-04-10 16:57:28.341] End. test loss  5.30; ppl   199.67 | accu 0.1442 = 18095/125500 ../data/adult_test.txt
[2022-04-10 16:57:30.509] End. test loss  3.74; ppl    41.98 | accu 0.2799 = 31810/113640 ../data/adolescent_valid.txt
[2022-04-10 16:57:37.818] End. test loss  3.63; ppl    37.64 | accu 0.2962 = 115904/391240 ../data/cbt_valid.txt
[2022-04-10 16:57:37.818] =========================================================================================
