[2022-04-10 17:48:25.914] corpus.train_file_list: 2
[2022-04-10 17:48:25.914]         ../data/cbt_train.txt
[2022-04-10 17:48:25.914]         ../data/adolescent_train.txt
[2022-04-10 17:48:25.914] corpus.valid_file_list: 2
[2022-04-10 17:48:25.914]         ../data/cbt_valid.txt
[2022-04-10 17:48:25.914]         ../data/adolescent_valid.txt
[2022-04-10 17:48:25.914] corpus.test_file_list: 3
[2022-04-10 17:48:25.914]         ../data/adult_test.txt
[2022-04-10 17:48:25.914]         ../data/adolescent_valid.txt
[2022-04-10 17:48:25.914]         ../data/cbt_valid.txt
[2022-04-10 17:48:25.914] corpus.subword_vocab_size: 10000
[2022-04-10 17:48:25.914] corpus.subword_model.train(4 files)...
[2022-04-10 17:48:25.914]         ../data/cbt_train.txt
[2022-04-10 17:48:25.914]         ../data/adolescent_train.txt
[2022-04-10 17:48:25.914]         ../data/cbt_valid.txt
[2022-04-10 17:48:25.915]         ../data/adolescent_valid.txt
[2022-04-10 17:48:27.170] corpus.subword_model.train(4 files)...Done
[2022-04-10 17:48:27.170] corpus tokenize...
[2022-04-10 17:48:29.712]         train tokens: 767028  ../data/cbt_train.txt
[2022-04-10 17:48:31.065]         train tokens: 306402  ../data/adolescent_train.txt
[2022-04-10 17:48:32.091]         valid tokens: 289758  ../data/cbt_valid.txt
[2022-04-10 17:48:32.414]         valid tokens:  81342  ../data/adolescent_valid.txt
[2022-04-10 17:48:32.691]         test  tokens:  89849  ../data/adult_test.txt
[2022-04-10 17:48:33.015]         test  tokens:  81342  ../data/adolescent_valid.txt
[2022-04-10 17:48:33.997]         test  tokens: 289758  ../data/cbt_valid.txt
[2022-04-10 17:48:33.997] corpus.ntokens      : 9615
[2022-04-10 17:48:33.998] corpus.char_count   : 101
[2022-04-10 17:48:33.998] corpus.char_cnt_dict: 101
[2022-04-10 17:48:33.998] corpus.char_id_dict : 101
[2022-04-10 17:48:34.004] corpus.batchify(2 files, batch_size=20)...
[2022-04-10 17:48:34.004]         tokens_all: 1073430
[2022-04-10 17:48:34.004]         batched   :  53671
[2022-04-10 17:48:34.005]         ../data/cbt_train.txt
[2022-04-10 17:48:34.005]         ../data/adolescent_train.txt
[2022-04-10 17:48:34.009] corpus.batchify(2 files, batch_size=20)...
[2022-04-10 17:48:34.009]         tokens_all: 371100
[2022-04-10 17:48:34.009]         batched   :  18555
[2022-04-10 17:48:34.010]         ../data/cbt_valid.txt
[2022-04-10 17:48:34.010]         ../data/adolescent_valid.txt
[2022-04-10 17:48:34.011] corpus.batchify(1 files, batch_size=20)...
[2022-04-10 17:48:34.011]         tokens_all:  89849
[2022-04-10 17:48:34.012]         batched   :   4492
[2022-04-10 17:48:34.012]         ../data/adult_test.txt
[2022-04-10 17:48:34.013] corpus.batchify(1 files, batch_size=20)...
[2022-04-10 17:48:34.013]         tokens_all:  81342
[2022-04-10 17:48:34.013]         batched   :   4067
[2022-04-10 17:48:34.013]         ../data/adolescent_valid.txt
[2022-04-10 17:48:34.015] corpus.batchify(1 files, batch_size=20)...
[2022-04-10 17:48:34.016]         tokens_all: 289758
[2022-04-10 17:48:34.016]         batched   :  14487
[2022-04-10 17:48:34.016]         ../data/cbt_valid.txt
[2022-04-10 17:48:34.077] RNNModel.rnn_type: LSTM
[2022-04-10 17:48:34.077] RNNModel.ntoken  : 9615
[2022-04-10 17:48:34.077] RNNModel.ninp    : 200
[2022-04-10 17:48:34.077] RNNModel.nhid    : 200
[2022-04-10 17:48:34.077] RNNModel.nlayers : 2
[2022-04-10 17:48:34.077] RNNModel.dropout : 0.2
[2022-04-10 17:48:34.077] RNNModel.tie_weights: False
[2022-04-10 17:48:34.077] RNNModel.char_mode  : CNN
[2022-04-10 17:48:34.077] RNNModel.char_cnt   : 102
[2022-04-10 17:48:34.077] RNNModel.char_emsize: 25
[2022-04-10 17:48:34.077] RNNModel.char_nhid  : 200
[2022-04-10 17:48:34.078] RNNModel.char_embeds: created
[2022-04-10 17:48:34.078] RNNModel.char_cnn3  : created
[2022-04-10 17:48:34.084] Epoch 001/40 ==================================================
[2022-04-10 17:48:41.445] E001 |   200/1533 batches | lr 20.0000 | loss  6.624 | ppl    752.75
[2022-04-10 17:48:48.694] E001 |   400/1533 batches | lr 20.0000 | loss  5.684 | ppl    294.14
[2022-04-10 17:48:56.103] E001 |   600/1533 batches | lr 20.0000 | loss  5.311 | ppl    202.52
[2022-04-10 17:49:03.522] E001 |   800/1533 batches | lr 20.0000 | loss  5.096 | ppl    163.36
[2022-04-10 17:49:10.935] E001 |  1000/1533 batches | lr 20.0000 | loss  4.940 | ppl    139.83
[2022-04-10 17:49:18.356] E001 |  1200/1533 batches | lr 20.0000 | loss  4.913 | ppl    136.06
[2022-04-10 17:49:25.751] E001 |  1400/1533 batches | lr 20.0000 | loss  4.834 | ppl    125.70
[2022-04-10 17:49:30.625] E001 |  1533/1533 batches | lr 20.0000 | loss  4.777 | ppl    118.72
[2022-04-10 17:49:38.494] End E001 | valid loss  5.000; ppl    148.48 | accu 0.1958 = 72664/371080
[2022-04-10 17:49:40.397] End E001 |  test loss  7.456; ppl   1730.91 | accu 0.0443 = 3976/89820 ../data/adult_test.txt
[2022-04-10 17:49:42.130] End E001 |  test loss  5.366; ppl    214.08 | accu 0.1829 = 14873/81320 ../data/adolescent_valid.txt
[2022-04-10 17:49:48.262] End E001 |  test loss  4.899; ppl    134.10 | accu 0.1993 = 57754/289720 ../data/cbt_valid.txt
[2022-04-10 17:49:48.263] Save: model.pt... 
[2022-04-10 17:49:48.306] Save: model.pt...Done. best_val_loss: 5.0004
[2022-04-10 17:49:48.306] Epoch 002/40 ==================================================
[2022-04-10 17:49:55.641] E002 |   200/1533 batches | lr 20.0000 | loss  4.714 | ppl    111.49
[2022-04-10 17:50:03.014] E002 |   400/1533 batches | lr 20.0000 | loss  4.652 | ppl    104.77
[2022-04-10 17:50:10.367] E002 |   600/1533 batches | lr 20.0000 | loss  4.649 | ppl    104.52
[2022-04-10 17:50:17.743] E002 |   800/1533 batches | lr 20.0000 | loss  4.601 | ppl     99.60
[2022-04-10 17:50:25.029] E002 |  1000/1533 batches | lr 20.0000 | loss  4.534 | ppl     93.12
[2022-04-10 17:50:32.310] E002 |  1200/1533 batches | lr 20.0000 | loss  4.563 | ppl     95.88
[2022-04-10 17:50:39.605] E002 |  1400/1533 batches | lr 20.0000 | loss  4.526 | ppl     92.42
[2022-04-10 17:50:44.549] E002 |  1533/1533 batches | lr 20.0000 | loss  4.496 | ppl     89.64
[2022-04-10 17:50:52.462] End E002 | valid loss  4.838; ppl    126.20 | accu 0.2153 = 79895/371080
[2022-04-10 17:50:54.366] End E002 |  test loss  7.388; ppl   1617.09 | accu 0.0493 = 4432/89820 ../data/adult_test.txt
[2022-04-10 17:50:56.119] End E002 |  test loss  5.241; ppl    188.94 | accu 0.1943 = 15797/81320 ../data/adolescent_valid.txt
[2022-04-10 17:51:02.301] End E002 |  test loss  4.725; ppl    112.77 | accu 0.2211 = 64056/289720 ../data/cbt_valid.txt
[2022-04-10 17:51:02.301] Save: model.pt... 
[2022-04-10 17:51:02.344] Save: model.pt...Done. best_val_loss: 4.8378
[2022-04-10 17:51:02.344] Epoch 003/40 ==================================================
[2022-04-10 17:51:09.671] E003 |   200/1533 batches | lr 20.0000 | loss  4.459 | ppl     86.38
[2022-04-10 17:51:16.927] E003 |   400/1533 batches | lr 20.0000 | loss  4.421 | ppl     83.21
[2022-04-10 17:51:24.222] E003 |   600/1533 batches | lr 20.0000 | loss  4.445 | ppl     85.22
[2022-04-10 17:51:31.547] E003 |   800/1533 batches | lr 20.0000 | loss  4.414 | ppl     82.59
[2022-04-10 17:51:38.996] E003 |  1000/1533 batches | lr 20.0000 | loss  4.355 | ppl     77.89
[2022-04-10 17:51:46.406] E003 |  1200/1533 batches | lr 20.0000 | loss  4.400 | ppl     81.46
[2022-04-10 17:51:53.817] E003 |  1400/1533 batches | lr 20.0000 | loss  4.364 | ppl     78.59
[2022-04-10 17:51:58.707] E003 |  1533/1533 batches | lr 20.0000 | loss  4.350 | ppl     77.46
[2022-04-10 17:52:06.570] End E003 | valid loss  4.774; ppl    118.38 | accu 0.2237 = 83016/371080
[2022-04-10 17:52:08.471] End E003 |  test loss  7.378; ppl   1600.71 | accu 0.0556 = 4993/89820 ../data/adult_test.txt
[2022-04-10 17:52:10.216] End E003 |  test loss  5.180; ppl    177.62 | accu 0.2008 = 16332/81320 ../data/adolescent_valid.txt
[2022-04-10 17:52:16.367] End E003 |  test loss  4.660; ppl    105.65 | accu 0.2301 = 66662/289720 ../data/cbt_valid.txt
[2022-04-10 17:52:16.367] Save: model.pt... 
[2022-04-10 17:52:16.409] Save: model.pt...Done. best_val_loss: 4.7739
[2022-04-10 17:52:16.409] Epoch 004/40 ==================================================
[2022-04-10 17:52:23.753] E004 |   200/1533 batches | lr 20.0000 | loss  4.317 | ppl     74.95
[2022-04-10 17:52:31.194] E004 |   400/1533 batches | lr 20.0000 | loss  4.290 | ppl     72.96
[2022-04-10 17:52:38.639] E004 |   600/1533 batches | lr 20.0000 | loss  4.323 | ppl     75.40
[2022-04-10 17:52:46.062] E004 |   800/1533 batches | lr 20.0000 | loss  4.290 | ppl     72.93
[2022-04-10 17:52:53.370] E004 |  1000/1533 batches | lr 20.0000 | loss  4.236 | ppl     69.14
[2022-04-10 17:53:00.715] E004 |  1200/1533 batches | lr 20.0000 | loss  4.289 | ppl     72.90
[2022-04-10 17:53:08.015] E004 |  1400/1533 batches | lr 20.0000 | loss  4.257 | ppl     70.57
[2022-04-10 17:53:12.876] E004 |  1533/1533 batches | lr 20.0000 | loss  4.247 | ppl     69.91
[2022-04-10 17:53:20.783] End E004 | valid loss  4.728; ppl    113.13 | accu 0.2273 = 84335/371080
[2022-04-10 17:53:22.690] End E004 |  test loss  7.351; ppl   1557.02 | accu 0.0573 = 5147/89820 ../data/adult_test.txt
[2022-04-10 17:53:24.421] End E004 |  test loss  5.127; ppl    168.47 | accu 0.2027 = 16480/81320 ../data/adolescent_valid.txt
[2022-04-10 17:53:30.589] End E004 |  test loss  4.617; ppl    101.19 | accu 0.2342 = 67845/289720 ../data/cbt_valid.txt
[2022-04-10 17:53:30.590] Save: model.pt... 
[2022-04-10 17:53:30.633] Save: model.pt...Done. best_val_loss: 4.7285
[2022-04-10 17:53:30.633] Epoch 005/40 ==================================================
[2022-04-10 17:53:38.062] E005 |   200/1533 batches | lr 20.0000 | loss  4.220 | ppl     68.03
[2022-04-10 17:53:45.348] E005 |   400/1533 batches | lr 20.0000 | loss  4.191 | ppl     66.09
[2022-04-10 17:53:52.715] E005 |   600/1533 batches | lr 20.0000 | loss  4.229 | ppl     68.67
[2022-04-10 17:53:59.985] E005 |   800/1533 batches | lr 20.0000 | loss  4.202 | ppl     66.84
[2022-04-10 17:54:07.342] E005 |  1000/1533 batches | lr 20.0000 | loss  4.148 | ppl     63.28
[2022-04-10 17:54:14.695] E005 |  1200/1533 batches | lr 20.0000 | loss  4.206 | ppl     67.08
[2022-04-10 17:54:22.078] E005 |  1400/1533 batches | lr 20.0000 | loss  4.182 | ppl     65.50
[2022-04-10 17:54:26.998] E005 |  1533/1533 batches | lr 20.0000 | loss  4.175 | ppl     65.04
[2022-04-10 17:54:34.868] End E005 | valid loss  4.712; ppl    111.32 | accu 0.2301 = 85404/371080
[2022-04-10 17:54:36.771] End E005 |  test loss  7.429; ppl   1684.68 | accu 0.0608 = 5462/89820 ../data/adult_test.txt
[2022-04-10 17:54:38.507] End E005 |  test loss  5.123; ppl    167.89 | accu 0.2037 = 16568/81320 ../data/adolescent_valid.txt
[2022-04-10 17:54:44.670] End E005 |  test loss  4.597; ppl     99.21 | accu 0.2375 = 68816/289720 ../data/cbt_valid.txt
[2022-04-10 17:54:44.670] Save: model.pt... 
[2022-04-10 17:54:44.701] Save: model.pt...Done. best_val_loss: 4.7124
[2022-04-10 17:54:44.701] Epoch 006/40 ==================================================
[2022-04-10 17:54:51.990] E006 |   200/1533 batches | lr 20.0000 | loss  4.145 | ppl     63.09
[2022-04-10 17:54:59.343] E006 |   400/1533 batches | lr 20.0000 | loss  4.120 | ppl     61.59
[2022-04-10 17:55:06.727] E006 |   600/1533 batches | lr 20.0000 | loss  4.161 | ppl     64.12
[2022-04-10 17:55:14.131] E006 |   800/1533 batches | lr 20.0000 | loss  4.130 | ppl     62.20
[2022-04-10 17:55:21.493] E006 |  1000/1533 batches | lr 20.0000 | loss  4.078 | ppl     59.05
[2022-04-10 17:55:28.836] E006 |  1200/1533 batches | lr 20.0000 | loss  4.138 | ppl     62.69
[2022-04-10 17:55:36.210] E006 |  1400/1533 batches | lr 20.0000 | loss  4.121 | ppl     61.65
[2022-04-10 17:55:41.058] E006 |  1533/1533 batches | lr 20.0000 | loss  4.116 | ppl     61.30
[2022-04-10 17:55:48.963] End E006 | valid loss  4.702; ppl    110.17 | accu 0.2335 = 86657/371080
[2022-04-10 17:55:50.874] End E006 |  test loss  7.407; ppl   1647.49 | accu 0.0674 = 6057/89820 ../data/adult_test.txt
[2022-04-10 17:55:52.610] End E006 |  test loss  5.095; ppl    163.13 | accu 0.2089 = 16987/81320 ../data/adolescent_valid.txt
[2022-04-10 17:55:58.757] End E006 |  test loss  4.592; ppl     98.70 | accu 0.2404 = 69650/289720 ../data/cbt_valid.txt
[2022-04-10 17:55:58.757] Save: model.pt... 
[2022-04-10 17:55:58.799] Save: model.pt...Done. best_val_loss: 4.7020
[2022-04-10 17:55:58.799] Epoch 007/40 ==================================================
[2022-04-10 17:56:06.172] E007 |   200/1533 batches | lr 20.0000 | loss  4.082 | ppl     59.25
[2022-04-10 17:56:13.522] E007 |   400/1533 batches | lr 20.0000 | loss  4.066 | ppl     58.30
[2022-04-10 17:56:20.838] E007 |   600/1533 batches | lr 20.0000 | loss  4.107 | ppl     60.73
[2022-04-10 17:56:28.210] E007 |   800/1533 batches | lr 20.0000 | loss  4.079 | ppl     59.08
[2022-04-10 17:56:35.483] E007 |  1000/1533 batches | lr 20.0000 | loss  4.031 | ppl     56.31
[2022-04-10 17:56:42.913] E007 |  1200/1533 batches | lr 20.0000 | loss  4.090 | ppl     59.77
[2022-04-10 17:56:50.193] E007 |  1400/1533 batches | lr 20.0000 | loss  4.068 | ppl     58.46
[2022-04-10 17:56:54.899] E007 |  1533/1533 batches | lr 20.0000 | loss  4.071 | ppl     58.62
[2022-04-10 17:57:02.831] End E007 | valid loss  4.681; ppl    107.87 | accu 0.2356 = 87426/371080
[2022-04-10 17:57:04.722] End E007 |  test loss  7.431; ppl   1688.04 | accu 0.0648 = 5824/89820 ../data/adult_test.txt
[2022-04-10 17:57:06.442] End E007 |  test loss  5.086; ppl    161.74 | accu 0.2085 = 16956/81320 ../data/adolescent_valid.txt
[2022-04-10 17:57:12.595] End E007 |  test loss  4.569; ppl     96.41 | accu 0.2431 = 70419/289720 ../data/cbt_valid.txt
[2022-04-10 17:57:12.595] Save: model.pt... 
[2022-04-10 17:57:12.637] Save: model.pt...Done. best_val_loss: 4.6809
[2022-04-10 17:57:12.637] Epoch 008/40 ==================================================
[2022-04-10 17:57:19.611] E008 |   200/1533 batches | lr 20.0000 | loss  4.041 | ppl     56.86
[2022-04-10 17:57:26.910] E008 |   400/1533 batches | lr 20.0000 | loss  4.020 | ppl     55.69
[2022-04-10 17:57:34.366] E008 |   600/1533 batches | lr 20.0000 | loss  4.061 | ppl     58.02
[2022-04-10 17:57:41.828] E008 |   800/1533 batches | lr 20.0000 | loss  4.036 | ppl     56.61
[2022-04-10 17:57:49.189] E008 |  1000/1533 batches | lr 20.0000 | loss  3.986 | ppl     53.86
[2022-04-10 17:57:56.567] E008 |  1200/1533 batches | lr 20.0000 | loss  4.047 | ppl     57.22
[2022-04-10 17:58:03.973] E008 |  1400/1533 batches | lr 20.0000 | loss  4.029 | ppl     56.19
[2022-04-10 17:58:08.881] E008 |  1533/1533 batches | lr 20.0000 | loss  4.032 | ppl     56.37
[2022-04-10 17:58:16.846] End E008 | valid loss  4.679; ppl    107.63 | accu 0.2361 = 87615/371080
[2022-04-10 17:58:18.751] End E008 |  test loss  7.489; ppl   1788.57 | accu 0.0695 = 6239/89820 ../data/adult_test.txt
[2022-04-10 17:58:20.508] End E008 |  test loss  5.085; ppl    161.52 | accu 0.2090 = 16996/81320 ../data/adolescent_valid.txt
[2022-04-10 17:58:26.686] End E008 |  test loss  4.566; ppl     96.15 | accu 0.2435 = 70557/289720 ../data/cbt_valid.txt
[2022-04-10 17:58:26.686] Save: model.pt... 
[2022-04-10 17:58:26.728] Save: model.pt...Done. best_val_loss: 4.6787
[2022-04-10 17:58:26.728] Epoch 009/40 ==================================================
[2022-04-10 17:58:34.178] E009 |   200/1533 batches | lr 20.0000 | loss  4.001 | ppl     54.67
[2022-04-10 17:58:41.618] E009 |   400/1533 batches | lr 20.0000 | loss  3.980 | ppl     53.54
[2022-04-10 17:58:48.922] E009 |   600/1533 batches | lr 20.0000 | loss  4.022 | ppl     55.82
[2022-04-10 17:58:56.286] E009 |   800/1533 batches | lr 20.0000 | loss  3.997 | ppl     54.44
[2022-04-10 17:59:03.618] E009 |  1000/1533 batches | lr 20.0000 | loss  3.949 | ppl     51.91
[2022-04-10 17:59:10.926] E009 |  1200/1533 batches | lr 20.0000 | loss  4.008 | ppl     55.04
[2022-04-10 17:59:18.373] E009 |  1400/1533 batches | lr 20.0000 | loss  3.997 | ppl     54.41
[2022-04-10 17:59:23.309] E009 |  1533/1533 batches | lr 20.0000 | loss  4.003 | ppl     54.76
[2022-04-10 17:59:31.247] End E009 | valid loss  4.677; ppl    107.43 | accu 0.2362 = 87661/371080
[2022-04-10 17:59:33.138] End E009 |  test loss  7.461; ppl   1738.74 | accu 0.0694 = 6236/89820 ../data/adult_test.txt
[2022-04-10 17:59:34.843] End E009 |  test loss  5.072; ppl    159.53 | accu 0.2107 = 17134/81320 ../data/adolescent_valid.txt
[2022-04-10 17:59:40.965] End E009 |  test loss  4.567; ppl     96.24 | accu 0.2433 = 70502/289720 ../data/cbt_valid.txt
[2022-04-10 17:59:40.965] Save: model.pt... 
[2022-04-10 17:59:41.007] Save: model.pt...Done. best_val_loss: 4.6769
[2022-04-10 17:59:41.007] Epoch 010/40 ==================================================
[2022-04-10 17:59:48.418] E010 |   200/1533 batches | lr 20.0000 | loss  3.969 | ppl     52.92
[2022-04-10 17:59:55.779] E010 |   400/1533 batches | lr 20.0000 | loss  3.951 | ppl     52.01
[2022-04-10 18:00:03.200] E010 |   600/1533 batches | lr 20.0000 | loss  3.994 | ppl     54.29
[2022-04-10 18:00:10.717] E010 |   800/1533 batches | lr 20.0000 | loss  3.970 | ppl     52.96
[2022-04-10 18:00:18.243] E010 |  1000/1533 batches | lr 20.0000 | loss  3.917 | ppl     50.27
[2022-04-10 18:00:25.707] E010 |  1200/1533 batches | lr 20.0000 | loss  3.982 | ppl     53.62
[2022-04-10 18:00:33.080] E010 |  1400/1533 batches | lr 20.0000 | loss  3.965 | ppl     52.74
[2022-04-10 18:00:38.046] E010 |  1533/1533 batches | lr 20.0000 | loss  3.969 | ppl     52.92
[2022-04-10 18:00:46.004] End E010 | valid loss  4.671; ppl    106.79 | accu 0.2381 = 88358/371080
[2022-04-10 18:00:47.909] End E010 |  test loss  7.499; ppl   1806.41 | accu 0.0675 = 6062/89820 ../data/adult_test.txt
[2022-04-10 18:00:49.652] End E010 |  test loss  5.068; ppl    158.84 | accu 0.2104 = 17109/81320 ../data/adolescent_valid.txt
[2022-04-10 18:00:55.880] End E010 |  test loss  4.559; ppl     95.53 | accu 0.2459 = 71242/289720 ../data/cbt_valid.txt
[2022-04-10 18:00:55.880] Save: model.pt... 
[2022-04-10 18:00:55.922] Save: model.pt...Done. best_val_loss: 4.6709
[2022-04-10 18:00:55.922] Epoch 011/40 ==================================================
[2022-04-10 18:01:03.356] E011 |   200/1533 batches | lr 20.0000 | loss  3.944 | ppl     51.63
[2022-04-10 18:01:10.808] E011 |   400/1533 batches | lr 20.0000 | loss  3.925 | ppl     50.66
[2022-04-10 18:01:18.197] E011 |   600/1533 batches | lr 20.0000 | loss  3.966 | ppl     52.78
[2022-04-10 18:01:25.607] E011 |   800/1533 batches | lr 20.0000 | loss  3.938 | ppl     51.33
[2022-04-10 18:01:32.999] E011 |  1000/1533 batches | lr 20.0000 | loss  3.893 | ppl     49.04
[2022-04-10 18:01:40.387] E011 |  1200/1533 batches | lr 20.0000 | loss  3.955 | ppl     52.22
[2022-04-10 18:01:47.794] E011 |  1400/1533 batches | lr 20.0000 | loss  3.939 | ppl     51.39
[2022-04-10 18:01:52.784] E011 |  1533/1533 batches | lr 20.0000 | loss  3.948 | ppl     51.81
[2022-04-10 18:02:00.691] End E011 | valid loss  4.665; ppl    106.18 | accu 0.2405 = 89243/371080
[2022-04-10 18:02:02.588] End E011 |  test loss  7.481; ppl   1773.57 | accu 0.0699 = 6279/89820 ../data/adult_test.txt
[2022-04-10 18:02:04.307] End E011 |  test loss  5.059; ppl    157.46 | accu 0.2146 = 17451/81320 ../data/adolescent_valid.txt
[2022-04-10 18:02:10.417] End E011 |  test loss  4.555; ppl     95.11 | accu 0.2478 = 71784/289720 ../data/cbt_valid.txt
[2022-04-10 18:02:10.417] Save: model.pt... 
[2022-04-10 18:02:10.459] Save: model.pt...Done. best_val_loss: 4.6651
[2022-04-10 18:02:10.459] Epoch 012/40 ==================================================
[2022-04-10 18:02:17.848] E012 |   200/1533 batches | lr 20.0000 | loss  3.918 | ppl     50.31
[2022-04-10 18:02:25.234] E012 |   400/1533 batches | lr 20.0000 | loss  3.901 | ppl     49.43
[2022-04-10 18:02:32.602] E012 |   600/1533 batches | lr 20.0000 | loss  3.942 | ppl     51.52
[2022-04-10 18:02:40.113] E012 |   800/1533 batches | lr 20.0000 | loss  3.916 | ppl     50.22
[2022-04-10 18:02:47.621] E012 |  1000/1533 batches | lr 20.0000 | loss  3.870 | ppl     47.95
[2022-04-10 18:02:55.078] E012 |  1200/1533 batches | lr 20.0000 | loss  3.933 | ppl     51.05
[2022-04-10 18:03:02.508] E012 |  1400/1533 batches | lr 20.0000 | loss  3.917 | ppl     50.23
[2022-04-10 18:03:07.485] E012 |  1533/1533 batches | lr 20.0000 | loss  3.924 | ppl     50.61
[2022-04-10 18:03:15.371] End E012 | valid loss  4.681; ppl    107.86 | accu 0.2381 = 88366/371080
[2022-04-10 18:03:17.273] End E012 |  test loss  7.489; ppl   1787.44 | accu 0.0722 = 6485/89820 ../data/adult_test.txt
[2022-04-10 18:03:18.996] End E012 |  test loss  5.065; ppl    158.44 | accu 0.2129 = 17315/81320 ../data/adolescent_valid.txt
[2022-04-10 18:03:25.501] End E012 |  test loss  4.575; ppl     97.04 | accu 0.2453 = 71081/289720 ../data/cbt_valid.txt
[2022-04-10 18:03:25.501] Epoch 013/40 ==================================================
[2022-04-10 18:03:32.937] E013 |   200/1533 batches | lr 10.0000 | loss  3.869 | ppl     47.91
[2022-04-10 18:03:40.445] E013 |   400/1533 batches | lr 10.0000 | loss  3.823 | ppl     45.73
[2022-04-10 18:03:47.950] E013 |   600/1533 batches | lr 10.0000 | loss  3.843 | ppl     46.66
[2022-04-10 18:03:55.340] E013 |   800/1533 batches | lr 10.0000 | loss  3.799 | ppl     44.63
[2022-04-10 18:04:02.884] E013 |  1000/1533 batches | lr 10.0000 | loss  3.736 | ppl     41.94
[2022-04-10 18:04:10.279] E013 |  1200/1533 batches | lr 10.0000 | loss  3.787 | ppl     44.14
[2022-04-10 18:04:17.775] E013 |  1400/1533 batches | lr 10.0000 | loss  3.757 | ppl     42.83
[2022-04-10 18:04:22.772] E013 |  1533/1533 batches | lr 10.0000 | loss  3.761 | ppl     42.98
[2022-04-10 18:04:30.781] End E013 | valid loss  4.637; ppl    103.28 | accu 0.2477 = 91925/371080
[2022-04-10 18:04:32.689] End E013 |  test loss  7.560; ppl   1920.30 | accu 0.0781 = 7013/89820 ../data/adult_test.txt
[2022-04-10 18:04:34.432] End E013 |  test loss  5.020; ppl    151.47 | accu 0.2223 = 18081/81320 ../data/adolescent_valid.txt
[2022-04-10 18:04:40.564] End E013 |  test loss  4.534; ppl     93.10 | accu 0.2550 = 73871/289720 ../data/cbt_valid.txt
[2022-04-10 18:04:40.564] Save: model.pt... 
[2022-04-10 18:04:40.606] Save: model.pt...Done. best_val_loss: 4.6374
[2022-04-10 18:04:40.607] Epoch 014/40 ==================================================
[2022-04-10 18:04:47.989] E014 |   200/1533 batches | lr 10.0000 | loss  3.782 | ppl     43.89
[2022-04-10 18:04:55.430] E014 |   400/1533 batches | lr 10.0000 | loss  3.757 | ppl     42.80
[2022-04-10 18:05:02.764] E014 |   600/1533 batches | lr 10.0000 | loss  3.792 | ppl     44.37
[2022-04-10 18:05:10.271] E014 |   800/1533 batches | lr 10.0000 | loss  3.756 | ppl     42.79
[2022-04-10 18:05:17.808] E014 |  1000/1533 batches | lr 10.0000 | loss  3.698 | ppl     40.36
[2022-04-10 18:05:25.371] E014 |  1200/1533 batches | lr 10.0000 | loss  3.751 | ppl     42.55
[2022-04-10 18:05:32.790] E014 |  1400/1533 batches | lr 10.0000 | loss  3.735 | ppl     41.89
[2022-04-10 18:05:37.733] E014 |  1533/1533 batches | lr 10.0000 | loss  3.745 | ppl     42.33
[2022-04-10 18:05:45.671] End E014 | valid loss  4.636; ppl    103.11 | accu 0.2487 = 92271/371080
[2022-04-10 18:05:47.571] End E014 |  test loss  7.534; ppl   1870.92 | accu 0.0790 = 7099/89820 ../data/adult_test.txt
[2022-04-10 18:05:49.297] End E014 |  test loss  5.025; ppl    152.21 | accu 0.2224 = 18089/81320 ../data/adolescent_valid.txt
[2022-04-10 18:05:55.454] End E014 |  test loss  4.530; ppl     92.80 | accu 0.2561 = 74200/289720 ../data/cbt_valid.txt
[2022-04-10 18:05:55.454] Save: model.pt... 
[2022-04-10 18:05:55.495] Save: model.pt...Done. best_val_loss: 4.6358
[2022-04-10 18:05:55.495] Epoch 015/40 ==================================================
[2022-04-10 18:06:02.884] E015 |   200/1533 batches | lr 10.0000 | loss  3.746 | ppl     42.35
[2022-04-10 18:06:10.262] E015 |   400/1533 batches | lr 10.0000 | loss  3.725 | ppl     41.47
[2022-04-10 18:06:17.613] E015 |   600/1533 batches | lr 10.0000 | loss  3.760 | ppl     42.95
[2022-04-10 18:06:25.030] E015 |   800/1533 batches | lr 10.0000 | loss  3.732 | ppl     41.76
[2022-04-10 18:06:32.431] E015 |  1000/1533 batches | lr 10.0000 | loss  3.678 | ppl     39.56
[2022-04-10 18:06:39.820] E015 |  1200/1533 batches | lr 10.0000 | loss  3.735 | ppl     41.88
[2022-04-10 18:06:47.299] E015 |  1400/1533 batches | lr 10.0000 | loss  3.713 | ppl     40.99
[2022-04-10 18:06:52.218] E015 |  1533/1533 batches | lr 10.0000 | loss  3.726 | ppl     41.51
[2022-04-10 18:07:00.187] End E015 | valid loss  4.633; ppl    102.81 | accu 0.2497 = 92667/371080
[2022-04-10 18:07:02.108] End E015 |  test loss  7.554; ppl   1907.51 | accu 0.0796 = 7154/89820 ../data/adult_test.txt
[2022-04-10 18:07:03.844] End E015 |  test loss  5.025; ppl    152.13 | accu 0.2227 = 18114/81320 ../data/adolescent_valid.txt
[2022-04-10 18:07:10.018] End E015 |  test loss  4.526; ppl     92.38 | accu 0.2573 = 74548/289720 ../data/cbt_valid.txt
[2022-04-10 18:07:10.018] Save: model.pt... 
[2022-04-10 18:07:10.061] Save: model.pt...Done. best_val_loss: 4.6329
[2022-04-10 18:07:10.061] Epoch 016/40 ==================================================
[2022-04-10 18:07:17.519] E016 |   200/1533 batches | lr 10.0000 | loss  3.729 | ppl     41.62
[2022-04-10 18:07:24.859] E016 |   400/1533 batches | lr 10.0000 | loss  3.703 | ppl     40.57
[2022-04-10 18:07:32.309] E016 |   600/1533 batches | lr 10.0000 | loss  3.739 | ppl     42.04
[2022-04-10 18:07:39.702] E016 |   800/1533 batches | lr 10.0000 | loss  3.712 | ppl     40.94
[2022-04-10 18:07:47.123] E016 |  1000/1533 batches | lr 10.0000 | loss  3.657 | ppl     38.73
[2022-04-10 18:07:54.544] E016 |  1200/1533 batches | lr 10.0000 | loss  3.722 | ppl     41.34
[2022-04-10 18:08:01.908] E016 |  1400/1533 batches | lr 10.0000 | loss  3.700 | ppl     40.45
[2022-04-10 18:08:06.824] E016 |  1533/1533 batches | lr 10.0000 | loss  3.714 | ppl     41.04
[2022-04-10 18:08:14.782] End E016 | valid loss  4.642; ppl    103.73 | accu 0.2498 = 92688/371080
[2022-04-10 18:08:16.698] End E016 |  test loss  7.597; ppl   1991.53 | accu 0.0801 = 7191/89820 ../data/adult_test.txt
[2022-04-10 18:08:18.432] End E016 |  test loss  5.031; ppl    153.05 | accu 0.2223 = 18078/81320 ../data/adolescent_valid.txt
[2022-04-10 18:08:24.624] End E016 |  test loss  4.536; ppl     93.36 | accu 0.2575 = 74611/289720 ../data/cbt_valid.txt
[2022-04-10 18:08:24.624] Epoch 017/40 ==================================================
[2022-04-10 18:08:31.967] E017 |   200/1533 batches | lr 5.0000 | loss  3.696 | ppl     40.31
[2022-04-10 18:08:39.332] E017 |   400/1533 batches | lr 5.0000 | loss  3.668 | ppl     39.18
[2022-04-10 18:08:46.715] E017 |   600/1533 batches | lr 5.0000 | loss  3.691 | ppl     40.08
[2022-04-10 18:08:54.133] E017 |   800/1533 batches | lr 5.0000 | loss  3.652 | ppl     38.53
[2022-04-10 18:09:01.560] E017 |  1000/1533 batches | lr 5.0000 | loss  3.588 | ppl     36.18
[2022-04-10 18:09:09.004] E017 |  1200/1533 batches | lr 5.0000 | loss  3.639 | ppl     38.04
[2022-04-10 18:09:16.359] E017 |  1400/1533 batches | lr 5.0000 | loss  3.617 | ppl     37.23
[2022-04-10 18:09:21.254] E017 |  1533/1533 batches | lr 5.0000 | loss  3.620 | ppl     37.32
[2022-04-10 18:09:29.157] End E017 | valid loss  4.629; ppl    102.45 | accu 0.2541 = 94278/371080
[2022-04-10 18:09:31.070] End E017 |  test loss  7.620; ppl   2039.36 | accu 0.0825 = 7410/89820 ../data/adult_test.txt
[2022-04-10 18:09:32.798] End E017 |  test loss  5.013; ppl    150.39 | accu 0.2267 = 18432/81320 ../data/adolescent_valid.txt
[2022-04-10 18:09:38.920] End E017 |  test loss  4.525; ppl     92.33 | accu 0.2618 = 75839/289720 ../data/cbt_valid.txt
[2022-04-10 18:09:38.920] Save: model.pt... 
[2022-04-10 18:09:38.961] Save: model.pt...Done. best_val_loss: 4.6294
[2022-04-10 18:09:38.961] Epoch 018/40 ==================================================
[2022-04-10 18:09:46.281] E018 |   200/1533 batches | lr 5.0000 | loss  3.657 | ppl     38.74
[2022-04-10 18:09:53.631] E018 |   400/1533 batches | lr 5.0000 | loss  3.638 | ppl     38.00
[2022-04-10 18:10:00.998] E018 |   600/1533 batches | lr 5.0000 | loss  3.662 | ppl     38.92
[2022-04-10 18:10:08.339] E018 |   800/1533 batches | lr 5.0000 | loss  3.627 | ppl     37.60
[2022-04-10 18:10:15.714] E018 |  1000/1533 batches | lr 5.0000 | loss  3.569 | ppl     35.49
[2022-04-10 18:10:23.086] E018 |  1200/1533 batches | lr 5.0000 | loss  3.626 | ppl     37.56
[2022-04-10 18:10:30.528] E018 |  1400/1533 batches | lr 5.0000 | loss  3.600 | ppl     36.60
[2022-04-10 18:10:35.444] E018 |  1533/1533 batches | lr 5.0000 | loss  3.609 | ppl     36.91
[2022-04-10 18:10:43.350] End E018 | valid loss  4.631; ppl    102.63 | accu 0.2548 = 94557/371080
[2022-04-10 18:10:45.260] End E018 |  test loss  7.638; ppl   2076.19 | accu 0.0827 = 7425/89820 ../data/adult_test.txt
[2022-04-10 18:10:46.977] End E018 |  test loss  5.011; ppl    150.06 | accu 0.2275 = 18503/81320 ../data/adolescent_valid.txt
[2022-04-10 18:10:53.145] End E018 |  test loss  4.528; ppl     92.53 | accu 0.2627 = 76096/289720 ../data/cbt_valid.txt
[2022-04-10 18:10:53.146] Epoch 019/40 ==================================================
[2022-04-10 18:11:00.531] E019 |   200/1533 batches | lr 2.5000 | loss  3.639 | ppl     38.07
[2022-04-10 18:11:07.976] E019 |   400/1533 batches | lr 2.5000 | loss  3.612 | ppl     37.05
[2022-04-10 18:11:15.403] E019 |   600/1533 batches | lr 2.5000 | loss  3.634 | ppl     37.87
[2022-04-10 18:11:22.839] E019 |   800/1533 batches | lr 2.5000 | loss  3.592 | ppl     36.29
[2022-04-10 18:11:30.314] E019 |  1000/1533 batches | lr 2.5000 | loss  3.534 | ppl     34.28
[2022-04-10 18:11:37.767] E019 |  1200/1533 batches | lr 2.5000 | loss  3.586 | ppl     36.10
[2022-04-10 18:11:45.182] E019 |  1400/1533 batches | lr 2.5000 | loss  3.557 | ppl     35.07
[2022-04-10 18:11:49.851] E019 |  1533/1533 batches | lr 2.5000 | loss  3.564 | ppl     35.31
[2022-04-10 18:11:57.765] End E019 | valid loss  4.625; ppl    101.95 | accu 0.2559 = 94965/371080
[2022-04-10 18:11:59.678] End E019 |  test loss  7.667; ppl   2135.70 | accu 0.0816 = 7326/89820 ../data/adult_test.txt
[2022-04-10 18:12:01.430] End E019 |  test loss  4.994; ppl    147.55 | accu 0.2290 = 18624/81320 ../data/adolescent_valid.txt
[2022-04-10 18:12:07.599] End E019 |  test loss  4.524; ppl     92.19 | accu 0.2637 = 76394/289720 ../data/cbt_valid.txt
[2022-04-10 18:12:07.599] Save: model.pt... 
[2022-04-10 18:12:07.642] Save: model.pt...Done. best_val_loss: 4.6245
[2022-04-10 18:12:07.642] Epoch 020/40 ==================================================
[2022-04-10 18:12:14.629] E020 |   200/1533 batches | lr 2.5000 | loss  3.616 | ppl     37.18
[2022-04-10 18:12:21.672] E020 |   400/1533 batches | lr 2.5000 | loss  3.588 | ppl     36.15
[2022-04-10 18:12:29.156] E020 |   600/1533 batches | lr 2.5000 | loss  3.618 | ppl     37.25
[2022-04-10 18:12:36.659] E020 |   800/1533 batches | lr 2.5000 | loss  3.579 | ppl     35.84
[2022-04-10 18:12:44.111] E020 |  1000/1533 batches | lr 2.5000 | loss  3.523 | ppl     33.88
[2022-04-10 18:12:51.560] E020 |  1200/1533 batches | lr 2.5000 | loss  3.577 | ppl     35.78
[2022-04-10 18:12:59.013] E020 |  1400/1533 batches | lr 2.5000 | loss  3.552 | ppl     34.89
[2022-04-10 18:13:03.967] E020 |  1533/1533 batches | lr 2.5000 | loss  3.558 | ppl     35.10
[2022-04-10 18:13:11.914] End E020 | valid loss  4.626; ppl    102.07 | accu 0.2565 = 95174/371080
[2022-04-10 18:13:13.805] End E020 |  test loss  7.677; ppl   2157.09 | accu 0.0822 = 7387/89820 ../data/adult_test.txt
[2022-04-10 18:13:15.545] End E020 |  test loss  5.001; ppl    148.60 | accu 0.2294 = 18651/81320 ../data/adolescent_valid.txt
[2022-04-10 18:13:21.698] End E020 |  test loss  4.524; ppl     92.17 | accu 0.2641 = 76516/289720 ../data/cbt_valid.txt
[2022-04-10 18:13:21.699] Epoch 021/40 ==================================================
[2022-04-10 18:13:29.155] E021 |   200/1533 batches | lr 1.2500 | loss  3.605 | ppl     36.80
[2022-04-10 18:13:36.580] E021 |   400/1533 batches | lr 1.2500 | loss  3.581 | ppl     35.89
[2022-04-10 18:13:44.012] E021 |   600/1533 batches | lr 1.2500 | loss  3.598 | ppl     36.52
[2022-04-10 18:13:51.485] E021 |   800/1533 batches | lr 1.2500 | loss  3.568 | ppl     35.44
[2022-04-10 18:13:58.923] E021 |  1000/1533 batches | lr 1.2500 | loss  3.509 | ppl     33.43
[2022-04-10 18:14:06.367] E021 |  1200/1533 batches | lr 1.2500 | loss  3.556 | ppl     35.02
[2022-04-10 18:14:13.780] E021 |  1400/1533 batches | lr 1.2500 | loss  3.529 | ppl     34.08
[2022-04-10 18:14:18.729] E021 |  1533/1533 batches | lr 1.2500 | loss  3.533 | ppl     34.23
[2022-04-10 18:14:26.724] End E021 | valid loss  4.632; ppl    102.71 | accu 0.2565 = 95183/371080
[2022-04-10 18:14:28.629] End E021 |  test loss  7.682; ppl   2168.37 | accu 0.0817 = 7334/89820 ../data/adult_test.txt
[2022-04-10 18:14:30.430] End E021 |  test loss  5.015; ppl    150.73 | accu 0.2298 = 18688/81320 ../data/adolescent_valid.txt
[2022-04-10 18:14:36.622] End E021 |  test loss  4.526; ppl     92.39 | accu 0.2641 = 76514/289720 ../data/cbt_valid.txt
[2022-04-10 18:14:36.622] Epoch 022/40 ==================================================
[2022-04-10 18:14:44.048] E022 |   200/1533 batches | lr 0.6250 | loss  3.596 | ppl     36.44
[2022-04-10 18:14:51.517] E022 |   400/1533 batches | lr 0.6250 | loss  3.572 | ppl     35.58
[2022-04-10 18:14:58.995] E022 |   600/1533 batches | lr 0.6250 | loss  3.591 | ppl     36.27
[2022-04-10 18:15:06.515] E022 |   800/1533 batches | lr 0.6250 | loss  3.554 | ppl     34.95
[2022-04-10 18:15:13.940] E022 |  1000/1533 batches | lr 0.6250 | loss  3.493 | ppl     32.89
[2022-04-10 18:15:21.409] E022 |  1200/1533 batches | lr 0.6250 | loss  3.544 | ppl     34.60
[2022-04-10 18:15:28.859] E022 |  1400/1533 batches | lr 0.6250 | loss  3.516 | ppl     33.65
[2022-04-10 18:15:33.809] E022 |  1533/1533 batches | lr 0.6250 | loss  3.520 | ppl     33.79
[2022-04-10 18:15:41.705] End E022 | valid loss  4.631; ppl    102.63 | accu 0.2580 = 95756/371080
[2022-04-10 18:15:43.601] End E022 |  test loss  7.687; ppl   2180.75 | accu 0.0825 = 7407/89820 ../data/adult_test.txt
[2022-04-10 18:15:45.350] End E022 |  test loss  5.012; ppl    150.19 | accu 0.2306 = 18751/81320 ../data/adolescent_valid.txt
[2022-04-10 18:15:51.534] End E022 |  test loss  4.526; ppl     92.37 | accu 0.2658 = 76998/289720 ../data/cbt_valid.txt
[2022-04-10 18:15:51.534] Epoch 023/40 ==================================================
[2022-04-10 18:15:58.972] E023 |   200/1533 batches | lr 0.3125 | loss  3.593 | ppl     36.34
[2022-04-10 18:16:06.423] E023 |   400/1533 batches | lr 0.3125 | loss  3.568 | ppl     35.44
[2022-04-10 18:16:13.835] E023 |   600/1533 batches | lr 0.3125 | loss  3.588 | ppl     36.16
[2022-04-10 18:16:21.274] E023 |   800/1533 batches | lr 0.3125 | loss  3.548 | ppl     34.76
[2022-04-10 18:16:28.731] E023 |  1000/1533 batches | lr 0.3125 | loss  3.490 | ppl     32.78
[2022-04-10 18:16:36.159] E023 |  1200/1533 batches | lr 0.3125 | loss  3.541 | ppl     34.51
[2022-04-10 18:16:43.571] E023 |  1400/1533 batches | lr 0.3125 | loss  3.508 | ppl     33.37
[2022-04-10 18:16:48.487] E023 |  1533/1533 batches | lr 0.3125 | loss  3.513 | ppl     33.56
[2022-04-10 18:16:56.405] End E023 | valid loss  4.628; ppl    102.33 | accu 0.2580 = 95728/371080
[2022-04-10 18:16:58.300] End E023 |  test loss  7.687; ppl   2180.55 | accu 0.0822 = 7386/89820 ../data/adult_test.txt
[2022-04-10 18:17:00.025] End E023 |  test loss  5.004; ppl    148.98 | accu 0.2308 = 18771/81320 ../data/adolescent_valid.txt
[2022-04-10 18:17:06.197] End E023 |  test loss  4.525; ppl     92.27 | accu 0.2656 = 76959/289720 ../data/cbt_valid.txt
[2022-04-10 18:17:06.197] Epoch 024/40 ==================================================
[2022-04-10 18:17:13.590] E024 |   200/1533 batches | lr 0.1562 | loss  3.588 | ppl     36.18
[2022-04-10 18:17:21.014] E024 |   400/1533 batches | lr 0.1562 | loss  3.567 | ppl     35.40
[2022-04-10 18:17:28.419] E024 |   600/1533 batches | lr 0.1562 | loss  3.584 | ppl     36.02
[2022-04-10 18:17:36.070] E024 |   800/1533 batches | lr 0.1562 | loss  3.547 | ppl     34.70
[2022-04-10 18:17:43.579] E024 |  1000/1533 batches | lr 0.1562 | loss  3.487 | ppl     32.69
[2022-04-10 18:17:51.041] E024 |  1200/1533 batches | lr 0.1562 | loss  3.535 | ppl     34.31
[2022-04-10 18:17:58.478] E024 |  1400/1533 batches | lr 0.1562 | loss  3.503 | ppl     33.23
[2022-04-10 18:18:03.412] E024 |  1533/1533 batches | lr 0.1562 | loss  3.507 | ppl     33.36
[2022-04-10 18:18:11.344] End E024 | valid loss  4.627; ppl    102.23 | accu 0.2582 = 95809/371080
[2022-04-10 18:18:13.256] End E024 |  test loss  7.685; ppl   2174.38 | accu 0.0825 = 7411/89820 ../data/adult_test.txt
[2022-04-10 18:18:15.010] End E024 |  test loss  5.002; ppl    148.76 | accu 0.2311 = 18795/81320 ../data/adolescent_valid.txt
[2022-04-10 18:18:21.180] End E024 |  test loss  4.524; ppl     92.21 | accu 0.2658 = 77012/289720 ../data/cbt_valid.txt
[2022-04-10 18:18:21.180] Epoch 025/40 ==================================================
[2022-04-10 18:18:28.563] E025 |   200/1533 batches | lr 0.0781 | loss  3.586 | ppl     36.08
[2022-04-10 18:18:35.968] E025 |   400/1533 batches | lr 0.0781 | loss  3.563 | ppl     35.28
[2022-04-10 18:18:43.437] E025 |   600/1533 batches | lr 0.0781 | loss  3.583 | ppl     36.00
[2022-04-10 18:18:50.907] E025 |   800/1533 batches | lr 0.0781 | loss  3.542 | ppl     34.54
[2022-04-10 18:18:58.355] E025 |  1000/1533 batches | lr 0.0781 | loss  3.486 | ppl     32.65
[2022-04-10 18:19:05.834] E025 |  1200/1533 batches | lr 0.0781 | loss  3.535 | ppl     34.28
[2022-04-10 18:19:13.279] E025 |  1400/1533 batches | lr 0.0781 | loss  3.501 | ppl     33.14
[2022-04-10 18:19:18.240] E025 |  1533/1533 batches | lr 0.0781 | loss  3.512 | ppl     33.51
[2022-04-10 18:19:26.151] End E025 | valid loss  4.627; ppl    102.16 | accu 0.2581 = 95783/371080
[2022-04-10 18:19:28.037] End E025 |  test loss  7.683; ppl   2171.28 | accu 0.0824 = 7402/89820 ../data/adult_test.txt
[2022-04-10 18:19:29.767] End E025 |  test loss  5.002; ppl    148.78 | accu 0.2313 = 18808/81320 ../data/adolescent_valid.txt
[2022-04-10 18:19:35.909] End E025 |  test loss  4.523; ppl     92.12 | accu 0.2658 = 76995/289720 ../data/cbt_valid.txt
[2022-04-10 18:19:35.909] Epoch 026/40 ==================================================
[2022-04-10 18:19:43.277] E026 |   200/1533 batches | lr 0.0391 | loss  3.583 | ppl     36.00
[2022-04-10 18:19:50.715] E026 |   400/1533 batches | lr 0.0391 | loss  3.561 | ppl     35.20
[2022-04-10 18:19:58.097] E026 |   600/1533 batches | lr 0.0391 | loss  3.583 | ppl     35.97
[2022-04-10 18:20:05.558] E026 |   800/1533 batches | lr 0.0391 | loss  3.542 | ppl     34.53
[2022-04-10 18:20:12.996] E026 |  1000/1533 batches | lr 0.0391 | loss  3.487 | ppl     32.68
[2022-04-10 18:20:20.436] E026 |  1200/1533 batches | lr 0.0391 | loss  3.534 | ppl     34.25
[2022-04-10 18:20:27.890] E026 |  1400/1533 batches | lr 0.0391 | loss  3.501 | ppl     33.14
[2022-04-10 18:20:32.831] E026 |  1533/1533 batches | lr 0.0391 | loss  3.512 | ppl     33.51
[2022-04-10 18:20:40.745] End E026 | valid loss  4.626; ppl    102.11 | accu 0.2581 = 95770/371080
[2022-04-10 18:20:42.650] End E026 |  test loss  7.683; ppl   2170.08 | accu 0.0823 = 7391/89820 ../data/adult_test.txt
[2022-04-10 18:20:44.375] End E026 |  test loss  5.002; ppl    148.78 | accu 0.2311 = 18792/81320 ../data/adolescent_valid.txt
[2022-04-10 18:20:50.552] End E026 |  test loss  4.523; ppl     92.07 | accu 0.2657 = 76980/289720 ../data/cbt_valid.txt
[2022-04-10 18:20:50.552] Epoch 027/40 ==================================================
[2022-04-10 18:20:57.955] E027 |   200/1533 batches | lr 0.0195 | loss  3.582 | ppl     35.95
[2022-04-10 18:21:05.308] E027 |   400/1533 batches | lr 0.0195 | loss  3.564 | ppl     35.32
[2022-04-10 18:21:13.123] E027 |   600/1533 batches | lr 0.0195 | loss  3.582 | ppl     35.94
[2022-04-10 18:21:20.743] E027 |   800/1533 batches | lr 0.0195 | loss  3.543 | ppl     34.56
[2022-04-10 18:21:28.198] E027 |  1000/1533 batches | lr 0.0195 | loss  3.484 | ppl     32.60
[2022-04-10 18:21:35.634] E027 |  1200/1533 batches | lr 0.0195 | loss  3.535 | ppl     34.30
[2022-04-10 18:21:43.128] E027 |  1400/1533 batches | lr 0.0195 | loss  3.504 | ppl     33.24
[2022-04-10 18:21:48.100] E027 |  1533/1533 batches | lr 0.0195 | loss  3.506 | ppl     33.32
[2022-04-10 18:21:56.045] End E027 | valid loss  4.626; ppl    102.10 | accu 0.2581 = 95773/371080
[2022-04-10 18:21:57.951] End E027 |  test loss  7.683; ppl   2170.83 | accu 0.0823 = 7393/89820 ../data/adult_test.txt
[2022-04-10 18:21:59.680] End E027 |  test loss  5.002; ppl    148.74 | accu 0.2313 = 18810/81320 ../data/adolescent_valid.txt
[2022-04-10 18:22:05.813] End E027 |  test loss  4.523; ppl     92.07 | accu 0.2657 = 76974/289720 ../data/cbt_valid.txt
[2022-04-10 18:22:05.813] Epoch 028/40 ==================================================
[2022-04-10 18:22:13.203] E028 |   200/1533 batches | lr 0.0098 | loss  3.584 | ppl     36.01
[2022-04-10 18:22:20.590] E028 |   400/1533 batches | lr 0.0098 | loss  3.562 | ppl     35.22
[2022-04-10 18:22:28.023] E028 |   600/1533 batches | lr 0.0098 | loss  3.580 | ppl     35.89
[2022-04-10 18:22:35.448] E028 |   800/1533 batches | lr 0.0098 | loss  3.543 | ppl     34.58
[2022-04-10 18:22:42.871] E028 |  1000/1533 batches | lr 0.0098 | loss  3.485 | ppl     32.62
[2022-04-10 18:22:50.367] E028 |  1200/1533 batches | lr 0.0098 | loss  3.532 | ppl     34.21
[2022-04-10 18:22:57.810] E028 |  1400/1533 batches | lr 0.0098 | loss  3.499 | ppl     33.07
[2022-04-10 18:23:02.771] E028 |  1533/1533 batches | lr 0.0098 | loss  3.504 | ppl     33.24
[2022-04-10 18:23:10.693] End E028 | valid loss  4.626; ppl    102.10 | accu 0.2581 = 95782/371080
[2022-04-10 18:23:12.594] End E028 |  test loss  7.683; ppl   2171.59 | accu 0.0822 = 7386/89820 ../data/adult_test.txt
[2022-04-10 18:23:14.314] End E028 |  test loss  5.002; ppl    148.73 | accu 0.2312 = 18803/81320 ../data/adolescent_valid.txt
[2022-04-10 18:23:20.478] End E028 |  test loss  4.523; ppl     92.07 | accu 0.2657 = 76989/289720 ../data/cbt_valid.txt
[2022-04-10 18:23:20.478] Epoch 029/40 ==================================================
[2022-04-10 18:23:27.856] E029 |   200/1533 batches | lr 0.0049 | loss  3.583 | ppl     35.99
[2022-04-10 18:23:35.222] E029 |   400/1533 batches | lr 0.0049 | loss  3.561 | ppl     35.20
[2022-04-10 18:23:42.616] E029 |   600/1533 batches | lr 0.0049 | loss  3.580 | ppl     35.89
[2022-04-10 18:23:49.983] E029 |   800/1533 batches | lr 0.0049 | loss  3.539 | ppl     34.42
[2022-04-10 18:23:57.395] E029 |  1000/1533 batches | lr 0.0049 | loss  3.484 | ppl     32.60
[2022-04-10 18:24:04.776] E029 |  1200/1533 batches | lr 0.0049 | loss  3.534 | ppl     34.27
[2022-04-10 18:24:12.155] E029 |  1400/1533 batches | lr 0.0049 | loss  3.502 | ppl     33.17
[2022-04-10 18:24:17.111] E029 |  1533/1533 batches | lr 0.0049 | loss  3.508 | ppl     33.40
[2022-04-10 18:24:25.078] End E029 | valid loss  4.626; ppl    102.10 | accu 0.2581 = 95785/371080
[2022-04-10 18:24:27.001] End E029 |  test loss  7.683; ppl   2171.44 | accu 0.0822 = 7386/89820 ../data/adult_test.txt
[2022-04-10 18:24:28.722] End E029 |  test loss  5.002; ppl    148.71 | accu 0.2312 = 18801/81320 ../data/adolescent_valid.txt
[2022-04-10 18:24:34.842] End E029 |  test loss  4.523; ppl     92.07 | accu 0.2657 = 76992/289720 ../data/cbt_valid.txt
[2022-04-10 18:24:34.842] Epoch 030/40 ==================================================
[2022-04-10 18:24:42.232] E030 |   200/1533 batches | lr 0.0024 | loss  3.582 | ppl     35.94
[2022-04-10 18:24:49.676] E030 |   400/1533 batches | lr 0.0024 | loss  3.559 | ppl     35.11
[2022-04-10 18:24:57.071] E030 |   600/1533 batches | lr 0.0024 | loss  3.582 | ppl     35.94
[2022-04-10 18:25:04.611] E030 |   800/1533 batches | lr 0.0024 | loss  3.543 | ppl     34.56
[2022-04-10 18:25:12.051] E030 |  1000/1533 batches | lr 0.0024 | loss  3.483 | ppl     32.56
[2022-04-10 18:25:19.521] E030 |  1200/1533 batches | lr 0.0024 | loss  3.533 | ppl     34.22
[2022-04-10 18:25:26.961] E030 |  1400/1533 batches | lr 0.0024 | loss  3.504 | ppl     33.25
[2022-04-10 18:25:31.968] E030 |  1533/1533 batches | lr 0.0024 | loss  3.507 | ppl     33.34
[2022-04-10 18:25:39.859] End E030 | valid loss  4.626; ppl    102.10 | accu 0.2581 = 95785/371080
[2022-04-10 18:25:41.778] End E030 |  test loss  7.683; ppl   2171.66 | accu 0.0823 = 7390/89820 ../data/adult_test.txt
[2022-04-10 18:25:43.523] End E030 |  test loss  5.002; ppl    148.71 | accu 0.2312 = 18799/81320 ../data/adolescent_valid.txt
[2022-04-10 18:25:49.696] End E030 |  test loss  4.523; ppl     92.07 | accu 0.2657 = 76992/289720 ../data/cbt_valid.txt
[2022-04-10 18:25:49.696] Epoch 031/40 ==================================================
[2022-04-10 18:25:57.083] E031 |   200/1533 batches | lr 0.0012 | loss  3.583 | ppl     36.00
[2022-04-10 18:26:04.554] E031 |   400/1533 batches | lr 0.0012 | loss  3.560 | ppl     35.15
[2022-04-10 18:26:11.982] E031 |   600/1533 batches | lr 0.0012 | loss  3.579 | ppl     35.85
[2022-04-10 18:26:19.392] E031 |   800/1533 batches | lr 0.0012 | loss  3.541 | ppl     34.52
[2022-04-10 18:26:26.862] E031 |  1000/1533 batches | lr 0.0012 | loss  3.483 | ppl     32.55
[2022-04-10 18:26:34.224] E031 |  1200/1533 batches | lr 0.0012 | loss  3.533 | ppl     34.22
[2022-04-10 18:26:41.627] E031 |  1400/1533 batches | lr 0.0012 | loss  3.499 | ppl     33.09
[2022-04-10 18:26:46.584] E031 |  1533/1533 batches | lr 0.0012 | loss  3.508 | ppl     33.37
[2022-04-10 18:26:54.553] End E031 | valid loss  4.626; ppl    102.10 | accu 0.2581 = 95781/371080
[2022-04-10 18:26:56.474] End E031 |  test loss  7.683; ppl   2171.51 | accu 0.0823 = 7391/89820 ../data/adult_test.txt
[2022-04-10 18:26:58.196] End E031 |  test loss  5.002; ppl    148.71 | accu 0.2311 = 18797/81320 ../data/adolescent_valid.txt
[2022-04-10 18:27:04.334] End E031 |  test loss  4.523; ppl     92.07 | accu 0.2658 = 76994/289720 ../data/cbt_valid.txt
[2022-04-10 18:27:04.334] Epoch 032/40 ==================================================
[2022-04-10 18:27:11.785] E032 |   200/1533 batches | lr 0.0006 | loss  3.586 | ppl     36.09
[2022-04-10 18:27:19.205] E032 |   400/1533 batches | lr 0.0006 | loss  3.561 | ppl     35.21
[2022-04-10 18:27:26.619] E032 |   600/1533 batches | lr 0.0006 | loss  3.580 | ppl     35.89
[2022-04-10 18:27:33.991] E032 |   800/1533 batches | lr 0.0006 | loss  3.541 | ppl     34.50
[2022-04-10 18:27:41.356] E032 |  1000/1533 batches | lr 0.0006 | loss  3.481 | ppl     32.48
[2022-04-10 18:27:48.839] E032 |  1200/1533 batches | lr 0.0006 | loss  3.535 | ppl     34.28
[2022-04-10 18:27:56.310] E032 |  1400/1533 batches | lr 0.0006 | loss  3.501 | ppl     33.16
[2022-04-10 18:28:01.248] E032 |  1533/1533 batches | lr 0.0006 | loss  3.504 | ppl     33.25
[2022-04-10 18:28:09.129] End E032 | valid loss  4.626; ppl    102.09 | accu 0.2581 = 95782/371080
[2022-04-10 18:28:11.031] End E032 |  test loss  7.683; ppl   2171.45 | accu 0.0823 = 7391/89820 ../data/adult_test.txt
[2022-04-10 18:28:12.766] End E032 |  test loss  5.002; ppl    148.70 | accu 0.2311 = 18797/81320 ../data/adolescent_valid.txt
[2022-04-10 18:28:18.941] End E032 |  test loss  4.523; ppl     92.07 | accu 0.2658 = 76994/289720 ../data/cbt_valid.txt
[2022-04-10 18:28:18.942] Epoch 033/40 ==================================================
[2022-04-10 18:28:26.336] E033 |   200/1533 batches | lr 0.0003 | loss  3.585 | ppl     36.05
[2022-04-10 18:28:33.761] E033 |   400/1533 batches | lr 0.0003 | loss  3.562 | ppl     35.23
[2022-04-10 18:28:41.166] E033 |   600/1533 batches | lr 0.0003 | loss  3.581 | ppl     35.89
[2022-04-10 18:28:48.610] E033 |   800/1533 batches | lr 0.0003 | loss  3.543 | ppl     34.58
[2022-04-10 18:28:56.010] E033 |  1000/1533 batches | lr 0.0003 | loss  3.483 | ppl     32.57
[2022-04-10 18:29:03.450] E033 |  1200/1533 batches | lr 0.0003 | loss  3.535 | ppl     34.29
[2022-04-10 18:29:10.865] E033 |  1400/1533 batches | lr 0.0003 | loss  3.502 | ppl     33.18
[2022-04-10 18:29:15.789] E033 |  1533/1533 batches | lr 0.0003 | loss  3.504 | ppl     33.25
[2022-04-10 18:29:23.708] End E033 | valid loss  4.626; ppl    102.09 | accu 0.2581 = 95786/371080
[2022-04-10 18:29:25.625] End E033 |  test loss  7.683; ppl   2171.45 | accu 0.0823 = 7391/89820 ../data/adult_test.txt
[2022-04-10 18:29:27.370] End E033 |  test loss  5.002; ppl    148.70 | accu 0.2311 = 18796/81320 ../data/adolescent_valid.txt
[2022-04-10 18:29:33.601] End E033 |  test loss  4.523; ppl     92.07 | accu 0.2658 = 76998/289720 ../data/cbt_valid.txt
[2022-04-10 18:29:33.601] Epoch 034/40 ==================================================
[2022-04-10 18:29:41.057] E034 |   200/1533 batches | lr 0.0002 | loss  3.584 | ppl     36.01
[2022-04-10 18:29:48.515] E034 |   400/1533 batches | lr 0.0002 | loss  3.563 | ppl     35.27
[2022-04-10 18:29:56.055] E034 |   600/1533 batches | lr 0.0002 | loss  3.581 | ppl     35.91
[2022-04-10 18:30:03.512] E034 |   800/1533 batches | lr 0.0002 | loss  3.543 | ppl     34.57
[2022-04-10 18:30:10.917] E034 |  1000/1533 batches | lr 0.0002 | loss  3.482 | ppl     32.54
[2022-04-10 18:30:18.299] E034 |  1200/1533 batches | lr 0.0002 | loss  3.532 | ppl     34.21
[2022-04-10 18:30:25.723] E034 |  1400/1533 batches | lr 0.0002 | loss  3.503 | ppl     33.20
[2022-04-10 18:30:30.650] E034 |  1533/1533 batches | lr 0.0002 | loss  3.507 | ppl     33.34
[2022-04-10 18:30:38.575] End E034 | valid loss  4.626; ppl    102.09 | accu 0.2581 = 95786/371080
[2022-04-10 18:30:40.497] End E034 |  test loss  7.683; ppl   2171.45 | accu 0.0823 = 7391/89820 ../data/adult_test.txt
[2022-04-10 18:30:42.224] End E034 |  test loss  5.002; ppl    148.70 | accu 0.2311 = 18797/81320 ../data/adolescent_valid.txt
[2022-04-10 18:30:48.378] End E034 |  test loss  4.523; ppl     92.07 | accu 0.2658 = 76999/289720 ../data/cbt_valid.txt
[2022-04-10 18:30:48.378] Epoch 035/40 ==================================================
[2022-04-10 18:30:55.808] E035 |   200/1533 batches | lr 0.0001 | loss  3.585 | ppl     36.04
[2022-04-10 18:31:03.251] E035 |   400/1533 batches | lr 0.0001 | loss  3.563 | ppl     35.28
[2022-04-10 18:31:10.669] E035 |   600/1533 batches | lr 0.0001 | loss  3.583 | ppl     35.97
[2022-04-10 18:31:18.133] E035 |   800/1533 batches | lr 0.0001 | loss  3.539 | ppl     34.44
[2022-04-10 18:31:25.568] E035 |  1000/1533 batches | lr 0.0001 | loss  3.481 | ppl     32.48
[2022-04-10 18:31:32.963] E035 |  1200/1533 batches | lr 0.0001 | loss  3.530 | ppl     34.13
[2022-04-10 18:31:40.375] E035 |  1400/1533 batches | lr 0.0001 | loss  3.501 | ppl     33.15
[2022-04-10 18:31:45.297] E035 |  1533/1533 batches | lr 0.0001 | loss  3.508 | ppl     33.38
[2022-04-10 18:31:53.203] End E035 | valid loss  4.626; ppl    102.09 | accu 0.2581 = 95787/371080
[2022-04-10 18:31:55.111] End E035 |  test loss  7.683; ppl   2171.46 | accu 0.0823 = 7391/89820 ../data/adult_test.txt
[2022-04-10 18:31:56.838] End E035 |  test loss  5.002; ppl    148.70 | accu 0.2311 = 18796/81320 ../data/adolescent_valid.txt
[2022-04-10 18:32:03.013] End E035 |  test loss  4.523; ppl     92.07 | accu 0.2658 = 77001/289720 ../data/cbt_valid.txt
[2022-04-10 18:32:03.013] Epoch 036/40 ==================================================
[2022-04-10 18:32:10.403] E036 |   200/1533 batches | lr 0.0000 | loss  3.586 | ppl     36.08
[2022-04-10 18:32:17.731] E036 |   400/1533 batches | lr 0.0000 | loss  3.562 | ppl     35.22
[2022-04-10 18:32:25.180] E036 |   600/1533 batches | lr 0.0000 | loss  3.579 | ppl     35.83
[2022-04-10 18:32:32.746] E036 |   800/1533 batches | lr 0.0000 | loss  3.537 | ppl     34.38
[2022-04-10 18:32:40.228] E036 |  1000/1533 batches | lr 0.0000 | loss  3.487 | ppl     32.68
[2022-04-10 18:32:47.655] E036 |  1200/1533 batches | lr 0.0000 | loss  3.530 | ppl     34.13
[2022-04-10 18:32:55.170] E036 |  1400/1533 batches | lr 0.0000 | loss  3.502 | ppl     33.20
[2022-04-10 18:33:00.225] E036 |  1533/1533 batches | lr 0.0000 | loss  3.509 | ppl     33.42
[2022-04-10 18:33:08.013] End E036 | valid loss  4.626; ppl    102.10 | accu 0.2581 = 95787/371080
[2022-04-10 18:33:09.887] End E036 |  test loss  7.683; ppl   2171.47 | accu 0.0823 = 7391/89820 ../data/adult_test.txt
[2022-04-10 18:33:11.595] End E036 |  test loss  5.002; ppl    148.70 | accu 0.2311 = 18796/81320 ../data/adolescent_valid.txt
[2022-04-10 18:33:17.623] End E036 |  test loss  4.523; ppl     92.07 | accu 0.2658 = 77000/289720 ../data/cbt_valid.txt
[2022-04-10 18:33:17.623] Epoch 037/40 ==================================================
[2022-04-10 18:33:25.207] E037 |   200/1533 batches | lr 0.0000 | loss  3.586 | ppl     36.10
[2022-04-10 18:33:32.729] E037 |   400/1533 batches | lr 0.0000 | loss  3.560 | ppl     35.18
[2022-04-10 18:33:40.153] E037 |   600/1533 batches | lr 0.0000 | loss  3.582 | ppl     35.95
[2022-04-10 18:33:47.799] E037 |   800/1533 batches | lr 0.0000 | loss  3.541 | ppl     34.51
[2022-04-10 18:33:55.381] E037 |  1000/1533 batches | lr 0.0000 | loss  3.484 | ppl     32.61
[2022-04-10 18:34:03.016] E037 |  1200/1533 batches | lr 0.0000 | loss  3.532 | ppl     34.19
[2022-04-10 18:34:10.602] E037 |  1400/1533 batches | lr 0.0000 | loss  3.503 | ppl     33.21
[2022-04-10 18:34:15.655] E037 |  1533/1533 batches | lr 0.0000 | loss  3.506 | ppl     33.31
[2022-04-10 18:34:23.412] End E037 | valid loss  4.626; ppl    102.10 | accu 0.2581 = 95787/371080
[2022-04-10 18:34:25.341] End E037 |  test loss  7.683; ppl   2171.48 | accu 0.0823 = 7391/89820 ../data/adult_test.txt
[2022-04-10 18:34:27.043] End E037 |  test loss  5.002; ppl    148.70 | accu 0.2311 = 18796/81320 ../data/adolescent_valid.txt
[2022-04-10 18:34:33.060] End E037 |  test loss  4.523; ppl     92.07 | accu 0.2658 = 77000/289720 ../data/cbt_valid.txt
[2022-04-10 18:34:33.060] Epoch 038/40 ==================================================
[2022-04-10 18:34:40.577] E038 |   200/1533 batches | lr 0.0000 | loss  3.584 | ppl     36.02
[2022-04-10 18:34:48.114] E038 |   400/1533 batches | lr 0.0000 | loss  3.562 | ppl     35.25
[2022-04-10 18:34:55.690] E038 |   600/1533 batches | lr 0.0000 | loss  3.582 | ppl     35.95
[2022-04-10 18:35:03.278] E038 |   800/1533 batches | lr 0.0000 | loss  3.541 | ppl     34.49
[2022-04-10 18:35:10.859] E038 |  1000/1533 batches | lr 0.0000 | loss  3.485 | ppl     32.62
[2022-04-10 18:35:18.368] E038 |  1200/1533 batches | lr 0.0000 | loss  3.530 | ppl     34.13
[2022-04-10 18:35:25.794] E038 |  1400/1533 batches | lr 0.0000 | loss  3.505 | ppl     33.30
[2022-04-10 18:35:30.787] E038 |  1533/1533 batches | lr 0.0000 | loss  3.507 | ppl     33.33
[2022-04-10 18:35:38.599] End E038 | valid loss  4.626; ppl    102.10 | accu 0.2581 = 95787/371080
[2022-04-10 18:35:40.471] End E038 |  test loss  7.683; ppl   2171.48 | accu 0.0823 = 7391/89820 ../data/adult_test.txt
[2022-04-10 18:35:42.162] End E038 |  test loss  5.002; ppl    148.70 | accu 0.2311 = 18796/81320 ../data/adolescent_valid.txt
[2022-04-10 18:35:48.195] End E038 |  test loss  4.523; ppl     92.07 | accu 0.2658 = 77000/289720 ../data/cbt_valid.txt
[2022-04-10 18:35:48.195] Epoch 039/40 ==================================================
[2022-04-10 18:35:55.684] E039 |   200/1533 batches | lr 0.0000 | loss  3.583 | ppl     35.98
[2022-04-10 18:36:03.216] E039 |   400/1533 batches | lr 0.0000 | loss  3.561 | ppl     35.20
[2022-04-10 18:36:10.695] E039 |   600/1533 batches | lr 0.0000 | loss  3.582 | ppl     35.96
[2022-04-10 18:36:18.090] E039 |   800/1533 batches | lr 0.0000 | loss  3.540 | ppl     34.45
[2022-04-10 18:36:25.608] E039 |  1000/1533 batches | lr 0.0000 | loss  3.483 | ppl     32.56
[2022-04-10 18:36:33.080] E039 |  1200/1533 batches | lr 0.0000 | loss  3.530 | ppl     34.12
[2022-04-10 18:36:40.581] E039 |  1400/1533 batches | lr 0.0000 | loss  3.498 | ppl     33.06
[2022-04-10 18:36:45.575] E039 |  1533/1533 batches | lr 0.0000 | loss  3.513 | ppl     33.55
[2022-04-10 18:36:53.324] End E039 | valid loss  4.626; ppl    102.10 | accu 0.2581 = 95786/371080
[2022-04-10 18:36:55.200] End E039 |  test loss  7.683; ppl   2171.48 | accu 0.0823 = 7391/89820 ../data/adult_test.txt
[2022-04-10 18:36:56.895] End E039 |  test loss  5.002; ppl    148.70 | accu 0.2311 = 18796/81320 ../data/adolescent_valid.txt
[2022-04-10 18:37:02.930] End E039 |  test loss  4.523; ppl     92.07 | accu 0.2658 = 76999/289720 ../data/cbt_valid.txt
[2022-04-10 18:37:02.930] Epoch 040/40 ==================================================
[2022-04-10 18:37:10.296] E040 |   200/1533 batches | lr 0.0000 | loss  3.584 | ppl     36.03
[2022-04-10 18:37:17.718] E040 |   400/1533 batches | lr 0.0000 | loss  3.564 | ppl     35.30
[2022-04-10 18:37:25.286] E040 |   600/1533 batches | lr 0.0000 | loss  3.579 | ppl     35.85
[2022-04-10 18:37:32.815] E040 |   800/1533 batches | lr 0.0000 | loss  3.540 | ppl     34.46
[2022-04-10 18:37:40.384] E040 |  1000/1533 batches | lr 0.0000 | loss  3.486 | ppl     32.65
[2022-04-10 18:37:47.898] E040 |  1200/1533 batches | lr 0.0000 | loss  3.531 | ppl     34.15
[2022-04-10 18:37:55.424] E040 |  1400/1533 batches | lr 0.0000 | loss  3.500 | ppl     33.13
[2022-04-10 18:38:00.312] E040 |  1533/1533 batches | lr 0.0000 | loss  3.512 | ppl     33.51
[2022-04-10 18:38:08.034] End E040 | valid loss  4.626; ppl    102.10 | accu 0.2581 = 95786/371080
[2022-04-10 18:38:09.891] End E040 |  test loss  7.683; ppl   2171.48 | accu 0.0823 = 7391/89820 ../data/adult_test.txt
[2022-04-10 18:38:11.590] End E040 |  test loss  5.002; ppl    148.70 | accu 0.2311 = 18796/81320 ../data/adolescent_valid.txt
[2022-04-10 18:38:17.604] End E040 |  test loss  4.523; ppl     92.07 | accu 0.2658 = 76999/289720 ../data/cbt_valid.txt
[2022-04-10 18:38:19.474] End. test loss  7.67; ppl  2135.70 | accu 0.0816 = 7326/89820 ../data/adult_test.txt
[2022-04-10 18:38:21.175] End. test loss  4.99; ppl   147.55 | accu 0.2290 = 18624/81320 ../data/adolescent_valid.txt
[2022-04-10 18:38:27.195] End. test loss  4.52; ppl    92.19 | accu 0.2637 = 76394/289720 ../data/cbt_valid.txt
[2022-04-10 18:38:27.195] =========================================================================================
