[2022-04-10 16:57:37.823] corpus.train_file_list: 2
[2022-04-10 16:57:37.823]         ../data/cbt_train.txt
[2022-04-10 16:57:37.823]         ../data/adolescent_train.txt
[2022-04-10 16:57:37.823] corpus.valid_file_list: 2
[2022-04-10 16:57:37.823]         ../data/cbt_valid.txt
[2022-04-10 16:57:37.824]         ../data/adolescent_valid.txt
[2022-04-10 16:57:37.824] corpus.test_file_list: 3
[2022-04-10 16:57:37.824]         ../data/adult_test.txt
[2022-04-10 16:57:37.824]         ../data/adolescent_valid.txt
[2022-04-10 16:57:37.824]         ../data/cbt_valid.txt
[2022-04-10 16:57:37.824] corpus.subword_vocab_size: 5000
[2022-04-10 16:57:37.824] corpus.subword_model.train(4 files)...
[2022-04-10 16:57:37.824]         ../data/cbt_train.txt
[2022-04-10 16:57:37.824]         ../data/adolescent_train.txt
[2022-04-10 16:57:37.824]         ../data/cbt_valid.txt
[2022-04-10 16:57:37.824]         ../data/adolescent_valid.txt
[2022-04-10 16:57:38.827] corpus.subword_model.train(4 files)...Done
[2022-04-10 16:57:38.827] corpus tokenize...
[2022-04-10 16:57:41.403]         train tokens: 806294  ../data/cbt_train.txt
[2022-04-10 16:57:42.706]         train tokens: 335813  ../data/adolescent_train.txt
[2022-04-10 16:57:43.712]         valid tokens: 306631  ../data/cbt_valid.txt
[2022-04-10 16:57:44.035]         valid tokens:  87729  ../data/adolescent_valid.txt
[2022-04-10 16:57:44.325]         test  tokens:  98607  ../data/adult_test.txt
[2022-04-10 16:57:44.661]         test  tokens:  87729  ../data/adolescent_valid.txt
[2022-04-10 16:57:45.688]         test  tokens: 306631  ../data/cbt_valid.txt
[2022-04-10 16:57:45.688] corpus.ntokens      : 4925
[2022-04-10 16:57:45.688] corpus.char_count   : 101
[2022-04-10 16:57:45.688] corpus.char_cnt_dict: 101
[2022-04-10 16:57:45.688] corpus.char_id_dict : 101
[2022-04-10 16:57:45.701] corpus.batchify(2 files, batch_size=20)...
[2022-04-10 16:57:45.701]         tokens_all: 1142107
[2022-04-10 16:57:45.701]         batched   :  57105
[2022-04-10 16:57:45.701]         ../data/cbt_train.txt
[2022-04-10 16:57:45.701]         ../data/adolescent_train.txt
[2022-04-10 16:57:45.706] corpus.batchify(2 files, batch_size=20)...
[2022-04-10 16:57:45.706]         tokens_all: 394360
[2022-04-10 16:57:45.706]         batched   :  19718
[2022-04-10 16:57:45.707]         ../data/cbt_valid.txt
[2022-04-10 16:57:45.707]         ../data/adolescent_valid.txt
[2022-04-10 16:57:45.708] corpus.batchify(1 files, batch_size=20)...
[2022-04-10 16:57:45.708]         tokens_all:  98607
[2022-04-10 16:57:45.709]         batched   :   4930
[2022-04-10 16:57:45.709]         ../data/adult_test.txt
[2022-04-10 16:57:45.710] corpus.batchify(1 files, batch_size=20)...
[2022-04-10 16:57:45.710]         tokens_all:  87729
[2022-04-10 16:57:45.710]         batched   :   4386
[2022-04-10 16:57:45.710]         ../data/adolescent_valid.txt
[2022-04-10 16:57:45.712] corpus.batchify(1 files, batch_size=20)...
[2022-04-10 16:57:45.713]         tokens_all: 306631
[2022-04-10 16:57:45.713]         batched   :  15331
[2022-04-10 16:57:45.713]         ../data/cbt_valid.txt
[2022-04-10 16:57:45.747] RNNModel.rnn_type: LSTM
[2022-04-10 16:57:45.747] RNNModel.ntoken  : 4925
[2022-04-10 16:57:45.747] RNNModel.ninp    : 200
[2022-04-10 16:57:45.748] RNNModel.nhid    : 200
[2022-04-10 16:57:45.748] RNNModel.nlayers : 2
[2022-04-10 16:57:45.748] RNNModel.dropout : 0.2
[2022-04-10 16:57:45.748] RNNModel.tie_weights: False
[2022-04-10 16:57:45.748] RNNModel.char_mode  : CNN
[2022-04-10 16:57:45.748] RNNModel.char_cnt   : 102
[2022-04-10 16:57:45.748] RNNModel.char_emsize: 25
[2022-04-10 16:57:45.748] RNNModel.char_nhid  : 200
[2022-04-10 16:57:45.748] RNNModel.char_embeds: created
[2022-04-10 16:57:45.748] RNNModel.char_cnn3  : created
[2022-04-10 16:57:45.752] Epoch 001/40 ==================================================
[2022-04-10 16:57:52.582] E001 |   200/1631 batches | lr 20.0000 | loss  6.450 | ppl    632.53
[2022-04-10 16:57:59.593] E001 |   400/1631 batches | lr 20.0000 | loss  5.620 | ppl    275.78
[2022-04-10 16:58:06.610] E001 |   600/1631 batches | lr 20.0000 | loss  5.242 | ppl    189.05
[2022-04-10 16:58:13.634] E001 |   800/1631 batches | lr 20.0000 | loss  5.001 | ppl    148.56
[2022-04-10 16:58:20.702] E001 |  1000/1631 batches | lr 20.0000 | loss  4.908 | ppl    135.39
[2022-04-10 16:58:27.834] E001 |  1200/1631 batches | lr 20.0000 | loss  4.828 | ppl    124.96
[2022-04-10 16:58:34.955] E001 |  1400/1631 batches | lr 20.0000 | loss  4.770 | ppl    117.95
[2022-04-10 16:58:42.079] E001 |  1600/1631 batches | lr 20.0000 | loss  4.711 | ppl    111.15
[2022-04-10 16:58:43.186] E001 |  1631/1631 batches | lr 20.0000 | loss  4.726 | ppl    112.87
[2022-04-10 16:58:51.396] End E001 | valid loss  4.953; ppl    141.57 | accu 0.1861 = 73401/394340
[2022-04-10 16:58:53.383] End E001 |  test loss  6.836; ppl    930.93 | accu 0.0547 = 5392/98580 ../data/adult_test.txt
[2022-04-10 16:58:55.164] End E001 |  test loss  5.439; ppl    230.17 | accu 0.1478 = 12963/87700 ../data/adolescent_valid.txt
[2022-04-10 16:59:01.311] End E001 |  test loss  4.817; ppl    123.57 | accu 0.1967 = 60296/306600 ../data/cbt_valid.txt
[2022-04-10 16:59:01.311] Save: model.pt... 
[2022-04-10 16:59:01.336] Save: model.pt...Done. best_val_loss: 4.9528
[2022-04-10 16:59:01.337] Epoch 002/40 ==================================================
[2022-04-10 16:59:08.374] E002 |   200/1631 batches | lr 20.0000 | loss  4.658 | ppl    105.47
[2022-04-10 16:59:15.601] E002 |   400/1631 batches | lr 20.0000 | loss  4.606 | ppl    100.13
[2022-04-10 16:59:22.705] E002 |   600/1631 batches | lr 20.0000 | loss  4.598 | ppl     99.33
[2022-04-10 16:59:29.782] E002 |   800/1631 batches | lr 20.0000 | loss  4.521 | ppl     91.93
[2022-04-10 16:59:36.858] E002 |  1000/1631 batches | lr 20.0000 | loss  4.502 | ppl     90.21
[2022-04-10 16:59:43.925] E002 |  1200/1631 batches | lr 20.0000 | loss  4.489 | ppl     89.04
[2022-04-10 16:59:50.919] E002 |  1400/1631 batches | lr 20.0000 | loss  4.462 | ppl     86.64
[2022-04-10 16:59:57.968] E002 |  1600/1631 batches | lr 20.0000 | loss  4.442 | ppl     84.99
[2022-04-10 16:59:59.047] E002 |  1631/1631 batches | lr 20.0000 | loss  4.467 | ppl     87.08
[2022-04-10 17:00:07.014] End E002 | valid loss  4.735; ppl    113.87 | accu 0.2053 = 80969/394340
[2022-04-10 17:00:08.991] End E002 |  test loss  7.716; ppl   2243.34 | accu 0.0104 = 1026/98580 ../data/adult_test.txt
[2022-04-10 17:00:10.768] End E002 |  test loss  5.047; ppl    155.61 | accu 0.1811 = 15884/87700 ../data/adolescent_valid.txt
[2022-04-10 17:00:16.952] End E002 |  test loss  4.649; ppl    104.48 | accu 0.2116 = 64869/306600 ../data/cbt_valid.txt
[2022-04-10 17:00:16.953] Save: model.pt... 
[2022-04-10 17:00:16.979] Save: model.pt...Done. best_val_loss: 4.7351
[2022-04-10 17:00:16.979] Epoch 003/40 ==================================================
[2022-04-10 17:00:23.990] E003 |   200/1631 batches | lr 20.0000 | loss  4.416 | ppl     82.78
[2022-04-10 17:00:31.140] E003 |   400/1631 batches | lr 20.0000 | loss  4.385 | ppl     80.25
[2022-04-10 17:00:38.185] E003 |   600/1631 batches | lr 20.0000 | loss  4.404 | ppl     81.78
[2022-04-10 17:00:45.310] E003 |   800/1631 batches | lr 20.0000 | loss  4.330 | ppl     75.94
[2022-04-10 17:00:52.394] E003 |  1000/1631 batches | lr 20.0000 | loss  4.325 | ppl     75.57
[2022-04-10 17:00:59.442] E003 |  1200/1631 batches | lr 20.0000 | loss  4.325 | ppl     75.54
[2022-04-10 17:01:06.589] E003 |  1400/1631 batches | lr 20.0000 | loss  4.309 | ppl     74.40
[2022-04-10 17:01:13.726] E003 |  1600/1631 batches | lr 20.0000 | loss  4.298 | ppl     73.57
[2022-04-10 17:01:14.837] E003 |  1631/1631 batches | lr 20.0000 | loss  4.340 | ppl     76.70
[2022-04-10 17:01:22.832] End E003 | valid loss  4.653; ppl    104.88 | accu 0.2152 = 84872/394340
[2022-04-10 17:01:24.805] End E003 |  test loss  7.709; ppl   2229.29 | accu 0.0128 = 1266/98580 ../data/adult_test.txt
[2022-04-10 17:01:26.580] End E003 |  test loss  4.959; ppl    142.39 | accu 0.1921 = 16844/87700 ../data/adolescent_valid.txt
[2022-04-10 17:01:32.729] End E003 |  test loss  4.568; ppl     96.34 | accu 0.2215 = 67898/306600 ../data/cbt_valid.txt
[2022-04-10 17:01:32.729] Save: model.pt... 
[2022-04-10 17:01:32.755] Save: model.pt...Done. best_val_loss: 4.6528
[2022-04-10 17:01:32.756] Epoch 004/40 ==================================================
[2022-04-10 17:01:39.890] E004 |   200/1631 batches | lr 20.0000 | loss  4.282 | ppl     72.36
[2022-04-10 17:01:46.997] E004 |   400/1631 batches | lr 20.0000 | loss  4.257 | ppl     70.58
[2022-04-10 17:01:53.983] E004 |   600/1631 batches | lr 20.0000 | loss  4.278 | ppl     72.09
[2022-04-10 17:02:01.062] E004 |   800/1631 batches | lr 20.0000 | loss  4.206 | ppl     67.10
[2022-04-10 17:02:08.230] E004 |  1000/1631 batches | lr 20.0000 | loss  4.206 | ppl     67.09
[2022-04-10 17:02:15.265] E004 |  1200/1631 batches | lr 20.0000 | loss  4.212 | ppl     67.52
[2022-04-10 17:02:22.297] E004 |  1400/1631 batches | lr 20.0000 | loss  4.196 | ppl     66.40
[2022-04-10 17:02:29.359] E004 |  1600/1631 batches | lr 20.0000 | loss  4.199 | ppl     66.60
[2022-04-10 17:02:30.472] E004 |  1631/1631 batches | lr 20.0000 | loss  4.229 | ppl     68.66
[2022-04-10 17:02:38.481] End E004 | valid loss  4.610; ppl    100.43 | accu 0.2202 = 86848/394340
[2022-04-10 17:02:40.467] End E004 |  test loss  6.717; ppl    826.46 | accu 0.0805 = 7938/98580 ../data/adult_test.txt
[2022-04-10 17:02:42.227] End E004 |  test loss  4.949; ppl    141.04 | accu 0.1888 = 16560/87700 ../data/adolescent_valid.txt
[2022-04-10 17:02:48.391] End E004 |  test loss  4.522; ppl     91.99 | accu 0.2279 = 69863/306600 ../data/cbt_valid.txt
[2022-04-10 17:02:48.391] Save: model.pt... 
[2022-04-10 17:02:48.410] Save: model.pt...Done. best_val_loss: 4.6095
[2022-04-10 17:02:48.410] Epoch 005/40 ==================================================
[2022-04-10 17:02:55.379] E005 |   200/1631 batches | lr 20.0000 | loss  4.181 | ppl     65.42
[2022-04-10 17:03:02.412] E005 |   400/1631 batches | lr 20.0000 | loss  4.157 | ppl     63.87
[2022-04-10 17:03:09.421] E005 |   600/1631 batches | lr 20.0000 | loss  4.186 | ppl     65.73
[2022-04-10 17:03:16.510] E005 |   800/1631 batches | lr 20.0000 | loss  4.113 | ppl     61.11
[2022-04-10 17:03:23.673] E005 |  1000/1631 batches | lr 20.0000 | loss  4.115 | ppl     61.24
[2022-04-10 17:03:30.828] E005 |  1200/1631 batches | lr 20.0000 | loss  4.129 | ppl     62.12
[2022-04-10 17:03:37.914] E005 |  1400/1631 batches | lr 20.0000 | loss  4.113 | ppl     61.14
[2022-04-10 17:03:44.993] E005 |  1600/1631 batches | lr 20.0000 | loss  4.115 | ppl     61.26
[2022-04-10 17:03:46.083] E005 |  1631/1631 batches | lr 20.0000 | loss  4.160 | ppl     64.07
[2022-04-10 17:03:54.110] End E005 | valid loss  4.565; ppl     96.08 | accu 0.2275 = 89723/394340
[2022-04-10 17:03:56.075] End E005 |  test loss  6.730; ppl    837.21 | accu 0.0835 = 8232/98580 ../data/adult_test.txt
[2022-04-10 17:03:57.819] End E005 |  test loss  4.845; ppl    127.08 | accu 0.2057 = 18041/87700 ../data/adolescent_valid.txt
[2022-04-10 17:04:03.946] End E005 |  test loss  4.486; ppl     88.76 | accu 0.2336 = 71625/306600 ../data/cbt_valid.txt
[2022-04-10 17:04:03.946] Save: model.pt... 
[2022-04-10 17:04:03.973] Save: model.pt...Done. best_val_loss: 4.5652
[2022-04-10 17:04:03.973] Epoch 006/40 ==================================================
[2022-04-10 17:04:11.129] E006 |   200/1631 batches | lr 20.0000 | loss  4.104 | ppl     60.60
[2022-04-10 17:04:18.386] E006 |   400/1631 batches | lr 20.0000 | loss  4.089 | ppl     59.70
[2022-04-10 17:04:25.601] E006 |   600/1631 batches | lr 20.0000 | loss  4.112 | ppl     61.07
[2022-04-10 17:04:32.546] E006 |   800/1631 batches | lr 20.0000 | loss  4.045 | ppl     57.14
[2022-04-10 17:04:39.159] E006 |  1000/1631 batches | lr 20.0000 | loss  4.052 | ppl     57.49
[2022-04-10 17:04:45.736] E006 |  1200/1631 batches | lr 20.0000 | loss  4.062 | ppl     58.11
[2022-04-10 17:04:52.278] E006 |  1400/1631 batches | lr 20.0000 | loss  4.049 | ppl     57.34
[2022-04-10 17:04:59.161] E006 |  1600/1631 batches | lr 20.0000 | loss  4.061 | ppl     58.05
[2022-04-10 17:05:00.272] E006 |  1631/1631 batches | lr 20.0000 | loss  4.099 | ppl     60.28
[2022-04-10 17:05:08.302] End E006 | valid loss  4.543; ppl     93.99 | accu 0.2293 = 90432/394340
[2022-04-10 17:05:10.296] End E006 |  test loss  6.700; ppl    812.12 | accu 0.0866 = 8539/98580 ../data/adult_test.txt
[2022-04-10 17:05:12.059] End E006 |  test loss  4.813; ppl    123.08 | accu 0.2078 = 18227/87700 ../data/adolescent_valid.txt
[2022-04-10 17:05:18.231] End E006 |  test loss  4.466; ppl     86.99 | accu 0.2354 = 72160/306600 ../data/cbt_valid.txt
[2022-04-10 17:05:18.231] Save: model.pt... 
[2022-04-10 17:05:18.257] Save: model.pt...Done. best_val_loss: 4.5432
[2022-04-10 17:05:18.257] Epoch 007/40 ==================================================
[2022-04-10 17:05:25.321] E007 |   200/1631 batches | lr 20.0000 | loss  4.055 | ppl     57.67
[2022-04-10 17:05:32.449] E007 |   400/1631 batches | lr 20.0000 | loss  4.036 | ppl     56.59
[2022-04-10 17:05:39.434] E007 |   600/1631 batches | lr 20.0000 | loss  4.062 | ppl     58.08
[2022-04-10 17:05:46.464] E007 |   800/1631 batches | lr 20.0000 | loss  3.998 | ppl     54.48
[2022-04-10 17:05:53.457] E007 |  1000/1631 batches | lr 20.0000 | loss  3.998 | ppl     54.48
[2022-04-10 17:06:00.470] E007 |  1200/1631 batches | lr 20.0000 | loss  4.015 | ppl     55.45
[2022-04-10 17:06:07.595] E007 |  1400/1631 batches | lr 20.0000 | loss  4.004 | ppl     54.80
[2022-04-10 17:06:14.700] E007 |  1600/1631 batches | lr 20.0000 | loss  4.015 | ppl     55.42
[2022-04-10 17:06:15.799] E007 |  1631/1631 batches | lr 20.0000 | loss  4.055 | ppl     57.71
[2022-04-10 17:06:23.800] End E007 | valid loss  4.532; ppl     92.97 | accu 0.2330 = 91864/394340
[2022-04-10 17:06:25.771] End E007 |  test loss  6.730; ppl    837.53 | accu 0.0874 = 8615/98580 ../data/adult_test.txt
[2022-04-10 17:06:27.534] End E007 |  test loss  4.804; ppl    122.01 | accu 0.2103 = 18445/87700 ../data/adolescent_valid.txt
[2022-04-10 17:06:33.696] End E007 |  test loss  4.454; ppl     86.01 | accu 0.2394 = 73398/306600 ../data/cbt_valid.txt
[2022-04-10 17:06:33.696] Save: model.pt... 
[2022-04-10 17:06:33.722] Save: model.pt...Done. best_val_loss: 4.5323
[2022-04-10 17:06:33.723] Epoch 008/40 ==================================================
[2022-04-10 17:06:40.773] E008 |   200/1631 batches | lr 20.0000 | loss  4.010 | ppl     55.15
[2022-04-10 17:06:47.826] E008 |   400/1631 batches | lr 20.0000 | loss  3.998 | ppl     54.49
[2022-04-10 17:06:54.828] E008 |   600/1631 batches | lr 20.0000 | loss  4.022 | ppl     55.84
[2022-04-10 17:07:01.841] E008 |   800/1631 batches | lr 20.0000 | loss  3.957 | ppl     52.31
[2022-04-10 17:07:08.996] E008 |  1000/1631 batches | lr 20.0000 | loss  3.966 | ppl     52.75
[2022-04-10 17:07:16.054] E008 |  1200/1631 batches | lr 20.0000 | loss  3.983 | ppl     53.67
[2022-04-10 17:07:23.198] E008 |  1400/1631 batches | lr 20.0000 | loss  3.973 | ppl     53.13
[2022-04-10 17:07:30.353] E008 |  1600/1631 batches | lr 20.0000 | loss  3.985 | ppl     53.80
[2022-04-10 17:07:31.462] E008 |  1631/1631 batches | lr 20.0000 | loss  4.031 | ppl     56.30
[2022-04-10 17:07:39.493] End E008 | valid loss  4.521; ppl     91.91 | accu 0.2347 = 92538/394340
[2022-04-10 17:07:41.483] End E008 |  test loss  6.739; ppl    844.86 | accu 0.0905 = 8925/98580 ../data/adult_test.txt
[2022-04-10 17:07:43.253] End E008 |  test loss  4.791; ppl    120.41 | accu 0.2117 = 18564/87700 ../data/adolescent_valid.txt
[2022-04-10 17:07:49.421] End E008 |  test loss  4.444; ppl     85.08 | accu 0.2412 = 73964/306600 ../data/cbt_valid.txt
[2022-04-10 17:07:49.421] Save: model.pt... 
[2022-04-10 17:07:49.440] Save: model.pt...Done. best_val_loss: 4.5208
[2022-04-10 17:07:49.440] Epoch 009/40 ==================================================
[2022-04-10 17:07:56.481] E009 |   200/1631 batches | lr 20.0000 | loss  3.978 | ppl     53.39
[2022-04-10 17:08:03.558] E009 |   400/1631 batches | lr 20.0000 | loss  3.971 | ppl     53.06
[2022-04-10 17:08:10.663] E009 |   600/1631 batches | lr 20.0000 | loss  3.999 | ppl     54.53
[2022-04-10 17:08:17.827] E009 |   800/1631 batches | lr 20.0000 | loss  3.926 | ppl     50.72
[2022-04-10 17:08:24.959] E009 |  1000/1631 batches | lr 20.0000 | loss  3.934 | ppl     51.12
[2022-04-10 17:08:32.070] E009 |  1200/1631 batches | lr 20.0000 | loss  3.955 | ppl     52.17
[2022-04-10 17:08:39.182] E009 |  1400/1631 batches | lr 20.0000 | loss  3.944 | ppl     51.61
[2022-04-10 17:08:46.278] E009 |  1600/1631 batches | lr 20.0000 | loss  3.961 | ppl     52.49
[2022-04-10 17:08:47.369] E009 |  1631/1631 batches | lr 20.0000 | loss  4.003 | ppl     54.75
[2022-04-10 17:08:55.321] End E009 | valid loss  4.508; ppl     90.74 | accu 0.2370 = 93471/394340
[2022-04-10 17:08:57.275] End E009 |  test loss  6.730; ppl    837.30 | accu 0.0912 = 8994/98580 ../data/adult_test.txt
[2022-04-10 17:08:59.023] End E009 |  test loss  4.764; ppl    117.19 | accu 0.2159 = 18936/87700 ../data/adolescent_valid.txt
[2022-04-10 17:09:05.190] End E009 |  test loss  4.435; ppl     84.33 | accu 0.2430 = 74506/306600 ../data/cbt_valid.txt
[2022-04-10 17:09:05.190] Save: model.pt... 
[2022-04-10 17:09:05.215] Save: model.pt...Done. best_val_loss: 4.5080
[2022-04-10 17:09:05.216] Epoch 010/40 ==================================================
[2022-04-10 17:09:12.277] E010 |   200/1631 batches | lr 20.0000 | loss  3.955 | ppl     52.22
[2022-04-10 17:09:19.434] E010 |   400/1631 batches | lr 20.0000 | loss  3.942 | ppl     51.52
[2022-04-10 17:09:26.591] E010 |   600/1631 batches | lr 20.0000 | loss  3.967 | ppl     52.84
[2022-04-10 17:09:33.735] E010 |   800/1631 batches | lr 20.0000 | loss  3.902 | ppl     49.51
[2022-04-10 17:09:40.858] E010 |  1000/1631 batches | lr 20.0000 | loss  3.910 | ppl     49.88
[2022-04-10 17:09:48.009] E010 |  1200/1631 batches | lr 20.0000 | loss  3.933 | ppl     51.06
[2022-04-10 17:09:54.996] E010 |  1400/1631 batches | lr 20.0000 | loss  3.918 | ppl     50.31
[2022-04-10 17:10:02.143] E010 |  1600/1631 batches | lr 20.0000 | loss  3.942 | ppl     51.52
[2022-04-10 17:10:03.241] E010 |  1631/1631 batches | lr 20.0000 | loss  3.984 | ppl     53.76
[2022-04-10 17:10:11.121] End E010 | valid loss  4.506; ppl     90.53 | accu 0.2386 = 94094/394340
[2022-04-10 17:10:13.082] End E010 |  test loss  6.761; ppl    863.50 | accu 0.0919 = 9062/98580 ../data/adult_test.txt
[2022-04-10 17:10:14.834] End E010 |  test loss  4.752; ppl    115.78 | accu 0.2182 = 19134/87700 ../data/adolescent_valid.txt
[2022-04-10 17:10:21.037] End E010 |  test loss  4.435; ppl     84.37 | accu 0.2445 = 74949/306600 ../data/cbt_valid.txt
[2022-04-10 17:10:21.037] Save: model.pt... 
[2022-04-10 17:10:21.063] Save: model.pt...Done. best_val_loss: 4.5057
[2022-04-10 17:10:21.063] Epoch 011/40 ==================================================
[2022-04-10 17:10:28.105] E011 |   200/1631 batches | lr 20.0000 | loss  3.934 | ppl     51.10
[2022-04-10 17:10:35.181] E011 |   400/1631 batches | lr 20.0000 | loss  3.923 | ppl     50.54
[2022-04-10 17:10:42.271] E011 |   600/1631 batches | lr 20.0000 | loss  3.949 | ppl     51.90
[2022-04-10 17:10:49.370] E011 |   800/1631 batches | lr 20.0000 | loss  3.885 | ppl     48.65
[2022-04-10 17:10:56.447] E011 |  1000/1631 batches | lr 20.0000 | loss  3.896 | ppl     49.20
[2022-04-10 17:11:03.487] E011 |  1200/1631 batches | lr 20.0000 | loss  3.918 | ppl     50.28
[2022-04-10 17:11:10.558] E011 |  1400/1631 batches | lr 20.0000 | loss  3.906 | ppl     49.68
[2022-04-10 17:11:17.627] E011 |  1600/1631 batches | lr 20.0000 | loss  3.924 | ppl     50.58
[2022-04-10 17:11:18.730] E011 |  1631/1631 batches | lr 20.0000 | loss  3.971 | ppl     53.01
[2022-04-10 17:11:26.701] End E011 | valid loss  4.508; ppl     90.70 | accu 0.2391 = 94280/394340
[2022-04-10 17:11:28.661] End E011 |  test loss  6.775; ppl    875.25 | accu 0.0947 = 9332/98580 ../data/adult_test.txt
[2022-04-10 17:11:30.451] End E011 |  test loss  4.771; ppl    118.01 | accu 0.2166 = 18993/87700 ../data/adolescent_valid.txt
[2022-04-10 17:11:36.622] End E011 |  test loss  4.432; ppl     84.10 | accu 0.2455 = 75268/306600 ../data/cbt_valid.txt
[2022-04-10 17:11:36.622] Epoch 012/40 ==================================================
[2022-04-10 17:11:43.537] E012 |   200/1631 batches | lr 10.0000 | loss  3.889 | ppl     48.87
[2022-04-10 17:11:50.527] E012 |   400/1631 batches | lr 10.0000 | loss  3.854 | ppl     47.16
[2022-04-10 17:11:57.505] E012 |   600/1631 batches | lr 10.0000 | loss  3.864 | ppl     47.64
[2022-04-10 17:12:04.501] E012 |   800/1631 batches | lr 10.0000 | loss  3.776 | ppl     43.64
[2022-04-10 17:12:11.505] E012 |  1000/1631 batches | lr 10.0000 | loss  3.782 | ppl     43.90
[2022-04-10 17:12:18.527] E012 |  1200/1631 batches | lr 10.0000 | loss  3.791 | ppl     44.31
[2022-04-10 17:12:25.550] E012 |  1400/1631 batches | lr 10.0000 | loss  3.765 | ppl     43.18
[2022-04-10 17:12:32.537] E012 |  1600/1631 batches | lr 10.0000 | loss  3.779 | ppl     43.79
[2022-04-10 17:12:33.689] E012 |  1631/1631 batches | lr 10.0000 | loss  3.819 | ppl     45.56
[2022-04-10 17:12:41.924] End E012 | valid loss  4.457; ppl     86.21 | accu 0.2480 = 97808/394340
[2022-04-10 17:12:43.911] End E012 |  test loss  6.803; ppl    900.44 | accu 0.0961 = 9469/98580 ../data/adult_test.txt
[2022-04-10 17:12:45.691] End E012 |  test loss  4.697; ppl    109.64 | accu 0.2286 = 20051/87700 ../data/adolescent_valid.txt
[2022-04-10 17:12:51.872] End E012 |  test loss  4.387; ppl     80.43 | accu 0.2536 = 77756/306600 ../data/cbt_valid.txt
[2022-04-10 17:12:51.873] Save: model.pt... 
[2022-04-10 17:12:51.898] Save: model.pt...Done. best_val_loss: 4.4567
[2022-04-10 17:12:51.898] Epoch 013/40 ==================================================
[2022-04-10 17:12:58.866] E013 |   200/1631 batches | lr 10.0000 | loss  3.813 | ppl     45.29
[2022-04-10 17:13:05.950] E013 |   400/1631 batches | lr 10.0000 | loss  3.794 | ppl     44.45
[2022-04-10 17:13:13.097] E013 |   600/1631 batches | lr 10.0000 | loss  3.814 | ppl     45.31
[2022-04-10 17:13:19.809] E013 |   800/1631 batches | lr 10.0000 | loss  3.738 | ppl     42.02
[2022-04-10 17:13:26.397] E013 |  1000/1631 batches | lr 10.0000 | loss  3.746 | ppl     42.34
[2022-04-10 17:13:33.377] E013 |  1200/1631 batches | lr 10.0000 | loss  3.762 | ppl     43.02
[2022-04-10 17:13:40.442] E013 |  1400/1631 batches | lr 10.0000 | loss  3.740 | ppl     42.09
[2022-04-10 17:13:47.486] E013 |  1600/1631 batches | lr 10.0000 | loss  3.758 | ppl     42.85
[2022-04-10 17:13:48.584] E013 |  1631/1631 batches | lr 10.0000 | loss  3.793 | ppl     44.37
[2022-04-10 17:13:56.529] End E013 | valid loss  4.455; ppl     86.08 | accu 0.2486 = 98015/394340
[2022-04-10 17:13:58.504] End E013 |  test loss  6.804; ppl    901.44 | accu 0.0941 = 9279/98580 ../data/adult_test.txt
[2022-04-10 17:14:00.276] End E013 |  test loss  4.689; ppl    108.75 | accu 0.2295 = 20131/87700 ../data/adolescent_valid.txt
[2022-04-10 17:14:06.474] End E013 |  test loss  4.388; ppl     80.49 | accu 0.2541 = 77893/306600 ../data/cbt_valid.txt
[2022-04-10 17:14:06.474] Save: model.pt... 
[2022-04-10 17:14:06.500] Save: model.pt...Done. best_val_loss: 4.4552
[2022-04-10 17:14:06.500] Epoch 014/40 ==================================================
[2022-04-10 17:14:13.473] E014 |   200/1631 batches | lr 10.0000 | loss  3.783 | ppl     43.96
[2022-04-10 17:14:21.310] E014 |   400/1631 batches | lr 10.0000 | loss  3.766 | ppl     43.19
[2022-04-10 17:14:28.194] E014 |   600/1631 batches | lr 10.0000 | loss  3.788 | ppl     44.18
[2022-04-10 17:14:35.091] E014 |   800/1631 batches | lr 10.0000 | loss  3.714 | ppl     41.04
[2022-04-10 17:14:42.165] E014 |  1000/1631 batches | lr 10.0000 | loss  3.725 | ppl     41.47
[2022-04-10 17:14:49.277] E014 |  1200/1631 batches | lr 10.0000 | loss  3.742 | ppl     42.17
[2022-04-10 17:14:56.426] E014 |  1400/1631 batches | lr 10.0000 | loss  3.727 | ppl     41.57
[2022-04-10 17:15:03.391] E014 |  1600/1631 batches | lr 10.0000 | loss  3.749 | ppl     42.47
[2022-04-10 17:15:04.495] E014 |  1631/1631 batches | lr 10.0000 | loss  3.782 | ppl     43.90
[2022-04-10 17:15:12.503] End E014 | valid loss  4.453; ppl     85.88 | accu 0.2500 = 98590/394340
[2022-04-10 17:15:14.497] End E014 |  test loss  6.849; ppl    943.22 | accu 0.0973 = 9594/98580 ../data/adult_test.txt
[2022-04-10 17:15:16.271] End E014 |  test loss  4.680; ppl    107.73 | accu 0.2312 = 20280/87700 ../data/adolescent_valid.txt
[2022-04-10 17:15:22.838] End E014 |  test loss  4.388; ppl     80.48 | accu 0.2554 = 78306/306600 ../data/cbt_valid.txt
[2022-04-10 17:15:22.838] Save: model.pt... 
[2022-04-10 17:15:22.864] Save: model.pt...Done. best_val_loss: 4.4530
[2022-04-10 17:15:22.864] Epoch 015/40 ==================================================
[2022-04-10 17:15:29.975] E015 |   200/1631 batches | lr 10.0000 | loss  3.767 | ppl     43.24
[2022-04-10 17:15:37.139] E015 |   400/1631 batches | lr 10.0000 | loss  3.748 | ppl     42.43
[2022-04-10 17:15:44.186] E015 |   600/1631 batches | lr 10.0000 | loss  3.767 | ppl     43.23
[2022-04-10 17:15:51.282] E015 |   800/1631 batches | lr 10.0000 | loss  3.697 | ppl     40.34
[2022-04-10 17:15:58.328] E015 |  1000/1631 batches | lr 10.0000 | loss  3.711 | ppl     40.88
[2022-04-10 17:16:05.383] E015 |  1200/1631 batches | lr 10.0000 | loss  3.729 | ppl     41.62
[2022-04-10 17:16:12.438] E015 |  1400/1631 batches | lr 10.0000 | loss  3.712 | ppl     40.92
[2022-04-10 17:16:19.555] E015 |  1600/1631 batches | lr 10.0000 | loss  3.736 | ppl     41.91
[2022-04-10 17:16:20.658] E015 |  1631/1631 batches | lr 10.0000 | loss  3.785 | ppl     44.05
[2022-04-10 17:16:28.618] End E015 | valid loss  4.458; ppl     86.27 | accu 0.2503 = 98688/394340
[2022-04-10 17:16:30.593] End E015 |  test loss  6.830; ppl    924.98 | accu 0.0973 = 9589/98580 ../data/adult_test.txt
[2022-04-10 17:16:32.364] End E015 |  test loss  4.690; ppl    108.84 | accu 0.2319 = 20334/87700 ../data/adolescent_valid.txt
[2022-04-10 17:16:38.495] End E015 |  test loss  4.391; ppl     80.71 | accu 0.2556 = 78352/306600 ../data/cbt_valid.txt
[2022-04-10 17:16:38.495] Epoch 016/40 ==================================================
[2022-04-10 17:16:45.392] E016 |   200/1631 batches | lr 5.0000 | loss  3.748 | ppl     42.45
[2022-04-10 17:16:52.368] E016 |   400/1631 batches | lr 5.0000 | loss  3.714 | ppl     41.01
[2022-04-10 17:16:59.419] E016 |   600/1631 batches | lr 5.0000 | loss  3.730 | ppl     41.68
[2022-04-10 17:17:06.088] E016 |   800/1631 batches | lr 5.0000 | loss  3.649 | ppl     38.45
[2022-04-10 17:17:13.049] E016 |  1000/1631 batches | lr 5.0000 | loss  3.653 | ppl     38.58
[2022-04-10 17:17:20.082] E016 |  1200/1631 batches | lr 5.0000 | loss  3.666 | ppl     39.11
[2022-04-10 17:17:27.059] E016 |  1400/1631 batches | lr 5.0000 | loss  3.635 | ppl     37.91
[2022-04-10 17:17:34.163] E016 |  1600/1631 batches | lr 5.0000 | loss  3.657 | ppl     38.73
[2022-04-10 17:17:35.278] E016 |  1631/1631 batches | lr 5.0000 | loss  3.692 | ppl     40.13
[2022-04-10 17:17:43.277] End E016 | valid loss  4.440; ppl     84.78 | accu 0.2542 = 100244/394340
[2022-04-10 17:17:45.270] End E016 |  test loss  6.866; ppl    958.96 | accu 0.0997 = 9829/98580 ../data/adult_test.txt
[2022-04-10 17:17:47.030] End E016 |  test loss  4.665; ppl    106.20 | accu 0.2356 = 20659/87700 ../data/adolescent_valid.txt
[2022-04-10 17:17:53.173] End E016 |  test loss  4.375; ppl     79.46 | accu 0.2595 = 79570/306600 ../data/cbt_valid.txt
[2022-04-10 17:17:53.174] Save: model.pt... 
[2022-04-10 17:17:53.199] Save: model.pt...Done. best_val_loss: 4.4400
[2022-04-10 17:17:53.199] Epoch 017/40 ==================================================
[2022-04-10 17:18:00.189] E017 |   200/1631 batches | lr 5.0000 | loss  3.708 | ppl     40.78
[2022-04-10 17:18:07.301] E017 |   400/1631 batches | lr 5.0000 | loss  3.682 | ppl     39.73
[2022-04-10 17:18:14.403] E017 |   600/1631 batches | lr 5.0000 | loss  3.704 | ppl     40.59
[2022-04-10 17:18:21.565] E017 |   800/1631 batches | lr 5.0000 | loss  3.626 | ppl     37.57
[2022-04-10 17:18:28.606] E017 |  1000/1631 batches | lr 5.0000 | loss  3.636 | ppl     37.94
[2022-04-10 17:18:35.638] E017 |  1200/1631 batches | lr 5.0000 | loss  3.650 | ppl     38.48
[2022-04-10 17:18:42.694] E017 |  1400/1631 batches | lr 5.0000 | loss  3.626 | ppl     37.57
[2022-04-10 17:18:49.735] E017 |  1600/1631 batches | lr 5.0000 | loss  3.648 | ppl     38.40
[2022-04-10 17:18:50.837] E017 |  1631/1631 batches | lr 5.0000 | loss  3.691 | ppl     40.10
[2022-04-10 17:18:58.772] End E017 | valid loss  4.434; ppl     84.31 | accu 0.2547 = 100431/394340
[2022-04-10 17:19:00.804] End E017 |  test loss  6.859; ppl    952.42 | accu 0.1000 = 9855/98580 ../data/adult_test.txt
[2022-04-10 17:19:02.573] End E017 |  test loss  4.661; ppl    105.76 | accu 0.2358 = 20684/87700 ../data/adolescent_valid.txt
[2022-04-10 17:19:08.778] End E017 |  test loss  4.369; ppl     78.99 | accu 0.2601 = 79736/306600 ../data/cbt_valid.txt
[2022-04-10 17:19:08.778] Save: model.pt... 
[2022-04-10 17:19:08.804] Save: model.pt...Done. best_val_loss: 4.4344
[2022-04-10 17:19:08.805] Epoch 018/40 ==================================================
[2022-04-10 17:19:15.833] E018 |   200/1631 batches | lr 5.0000 | loss  3.686 | ppl     39.88
[2022-04-10 17:19:22.938] E018 |   400/1631 batches | lr 5.0000 | loss  3.668 | ppl     39.16
[2022-04-10 17:19:30.055] E018 |   600/1631 batches | lr 5.0000 | loss  3.688 | ppl     39.96
[2022-04-10 17:19:37.148] E018 |   800/1631 batches | lr 5.0000 | loss  3.611 | ppl     37.00
[2022-04-10 17:19:44.285] E018 |  1000/1631 batches | lr 5.0000 | loss  3.619 | ppl     37.30
[2022-04-10 17:19:51.412] E018 |  1200/1631 batches | lr 5.0000 | loss  3.640 | ppl     38.10
[2022-04-10 17:19:58.548] E018 |  1400/1631 batches | lr 5.0000 | loss  3.617 | ppl     37.24
[2022-04-10 17:20:05.653] E018 |  1600/1631 batches | lr 5.0000 | loss  3.644 | ppl     38.23
[2022-04-10 17:20:06.764] E018 |  1631/1631 batches | lr 5.0000 | loss  3.669 | ppl     39.23
[2022-04-10 17:20:14.747] End E018 | valid loss  4.433; ppl     84.19 | accu 0.2554 = 100698/394340
[2022-04-10 17:20:16.719] End E018 |  test loss  6.856; ppl    949.86 | accu 0.1001 = 9864/98580 ../data/adult_test.txt
[2022-04-10 17:20:18.478] End E018 |  test loss  4.658; ppl    105.46 | accu 0.2362 = 20712/87700 ../data/adolescent_valid.txt
[2022-04-10 17:20:24.640] End E018 |  test loss  4.368; ppl     78.91 | accu 0.2608 = 79961/306600 ../data/cbt_valid.txt
[2022-04-10 17:20:24.640] Save: model.pt... 
[2022-04-10 17:20:24.666] Save: model.pt...Done. best_val_loss: 4.4331
[2022-04-10 17:20:24.666] Epoch 019/40 ==================================================
[2022-04-10 17:20:31.710] E019 |   200/1631 batches | lr 5.0000 | loss  3.675 | ppl     39.45
[2022-04-10 17:20:38.792] E019 |   400/1631 batches | lr 5.0000 | loss  3.654 | ppl     38.61
[2022-04-10 17:20:45.875] E019 |   600/1631 batches | lr 5.0000 | loss  3.678 | ppl     39.57
[2022-04-10 17:20:52.949] E019 |   800/1631 batches | lr 5.0000 | loss  3.607 | ppl     36.86
[2022-04-10 17:21:00.106] E019 |  1000/1631 batches | lr 5.0000 | loss  3.615 | ppl     37.14
[2022-04-10 17:21:07.190] E019 |  1200/1631 batches | lr 5.0000 | loss  3.631 | ppl     37.77
[2022-04-10 17:21:14.379] E019 |  1400/1631 batches | lr 5.0000 | loss  3.611 | ppl     37.01
[2022-04-10 17:21:21.443] E019 |  1600/1631 batches | lr 5.0000 | loss  3.635 | ppl     37.89
[2022-04-10 17:21:22.538] E019 |  1631/1631 batches | lr 5.0000 | loss  3.663 | ppl     38.96
[2022-04-10 17:21:30.557] End E019 | valid loss  4.434; ppl     84.27 | accu 0.2554 = 100723/394340
[2022-04-10 17:21:32.506] End E019 |  test loss  6.879; ppl    971.67 | accu 0.1001 = 9863/98580 ../data/adult_test.txt
[2022-04-10 17:21:34.270] End E019 |  test loss  4.653; ppl    104.86 | accu 0.2369 = 20778/87700 ../data/adolescent_valid.txt
[2022-04-10 17:21:40.414] End E019 |  test loss  4.371; ppl     79.13 | accu 0.2607 = 79944/306600 ../data/cbt_valid.txt
[2022-04-10 17:21:40.415] Epoch 020/40 ==================================================
[2022-04-10 17:21:47.406] E020 |   200/1631 batches | lr 2.5000 | loss  3.669 | ppl     39.23
[2022-04-10 17:21:54.486] E020 |   400/1631 batches | lr 2.5000 | loss  3.639 | ppl     38.04
[2022-04-10 17:22:01.561] E020 |   600/1631 batches | lr 2.5000 | loss  3.658 | ppl     38.77
[2022-04-10 17:22:08.589] E020 |   800/1631 batches | lr 2.5000 | loss  3.578 | ppl     35.81
[2022-04-10 17:22:15.679] E020 |  1000/1631 batches | lr 2.5000 | loss  3.585 | ppl     36.05
[2022-04-10 17:22:22.776] E020 |  1200/1631 batches | lr 2.5000 | loss  3.598 | ppl     36.53
[2022-04-10 17:22:29.886] E020 |  1400/1631 batches | lr 2.5000 | loss  3.569 | ppl     35.49
[2022-04-10 17:22:37.001] E020 |  1600/1631 batches | lr 2.5000 | loss  3.592 | ppl     36.32
[2022-04-10 17:22:38.086] E020 |  1631/1631 batches | lr 2.5000 | loss  3.622 | ppl     37.43
[2022-04-10 17:22:46.066] End E020 | valid loss  4.424; ppl     83.44 | accu 0.2576 = 101573/394340
[2022-04-10 17:22:48.022] End E020 |  test loss  6.884; ppl    976.34 | accu 0.1009 = 9947/98580 ../data/adult_test.txt
[2022-04-10 17:22:49.778] End E020 |  test loss  4.635; ppl    103.02 | accu 0.2401 = 21056/87700 ../data/adolescent_valid.txt
[2022-04-10 17:22:55.928] End E020 |  test loss  4.363; ppl     78.53 | accu 0.2625 = 80492/306600 ../data/cbt_valid.txt
[2022-04-10 17:22:55.928] Save: model.pt... 
[2022-04-10 17:22:55.954] Save: model.pt...Done. best_val_loss: 4.4241
[2022-04-10 17:22:55.954] Epoch 021/40 ==================================================
[2022-04-10 17:23:02.977] E021 |   200/1631 batches | lr 2.5000 | loss  3.645 | ppl     38.27
[2022-04-10 17:23:10.098] E021 |   400/1631 batches | lr 2.5000 | loss  3.621 | ppl     37.37
[2022-04-10 17:23:17.234] E021 |   600/1631 batches | lr 2.5000 | loss  3.639 | ppl     38.05
[2022-04-10 17:23:24.371] E021 |   800/1631 batches | lr 2.5000 | loss  3.571 | ppl     35.54
[2022-04-10 17:23:31.524] E021 |  1000/1631 batches | lr 2.5000 | loss  3.577 | ppl     35.76
[2022-04-10 17:23:38.657] E021 |  1200/1631 batches | lr 2.5000 | loss  3.592 | ppl     36.31
[2022-04-10 17:23:45.790] E021 |  1400/1631 batches | lr 2.5000 | loss  3.563 | ppl     35.28
[2022-04-10 17:23:52.924] E021 |  1600/1631 batches | lr 2.5000 | loss  3.590 | ppl     36.23
[2022-04-10 17:23:54.045] E021 |  1631/1631 batches | lr 2.5000 | loss  3.623 | ppl     37.43
[2022-04-10 17:24:02.072] End E021 | valid loss  4.425; ppl     83.55 | accu 0.2572 = 101442/394340
[2022-04-10 17:24:04.040] End E021 |  test loss  6.879; ppl    972.01 | accu 0.1014 = 9994/98580 ../data/adult_test.txt
[2022-04-10 17:24:05.810] End E021 |  test loss  4.637; ppl    103.25 | accu 0.2400 = 21052/87700 ../data/adolescent_valid.txt
[2022-04-10 17:24:11.926] End E021 |  test loss  4.365; ppl     78.62 | accu 0.2622 = 80397/306600 ../data/cbt_valid.txt
[2022-04-10 17:24:11.926] Epoch 022/40 ==================================================
[2022-04-10 17:24:18.930] E022 |   200/1631 batches | lr 1.2500 | loss  3.641 | ppl     38.12
[2022-04-10 17:24:25.985] E022 |   400/1631 batches | lr 1.2500 | loss  3.610 | ppl     36.97
[2022-04-10 17:24:33.061] E022 |   600/1631 batches | lr 1.2500 | loss  3.631 | ppl     37.76
[2022-04-10 17:24:40.174] E022 |   800/1631 batches | lr 1.2500 | loss  3.551 | ppl     34.84
[2022-04-10 17:24:47.304] E022 |  1000/1631 batches | lr 1.2500 | loss  3.559 | ppl     35.12
[2022-04-10 17:24:54.427] E022 |  1200/1631 batches | lr 1.2500 | loss  3.575 | ppl     35.70
[2022-04-10 17:25:01.501] E022 |  1400/1631 batches | lr 1.2500 | loss  3.543 | ppl     34.57
[2022-04-10 17:25:08.589] E022 |  1600/1631 batches | lr 1.2500 | loss  3.568 | ppl     35.43
[2022-04-10 17:25:09.695] E022 |  1631/1631 batches | lr 1.2500 | loss  3.598 | ppl     36.53
[2022-04-10 17:25:17.614] End E022 | valid loss  4.422; ppl     83.24 | accu 0.2588 = 102071/394340
[2022-04-10 17:25:19.575] End E022 |  test loss  6.896; ppl    988.32 | accu 0.1006 = 9919/98580 ../data/adult_test.txt
[2022-04-10 17:25:21.347] End E022 |  test loss  4.631; ppl    102.60 | accu 0.2419 = 21215/87700 ../data/adolescent_valid.txt
[2022-04-10 17:25:27.515] End E022 |  test loss  4.362; ppl     78.38 | accu 0.2637 = 80841/306600 ../data/cbt_valid.txt
[2022-04-10 17:25:27.515] Save: model.pt... 
[2022-04-10 17:25:27.541] Save: model.pt...Done. best_val_loss: 4.4217
[2022-04-10 17:25:27.542] Epoch 023/40 ==================================================
[2022-04-10 17:25:34.621] E023 |   200/1631 batches | lr 1.2500 | loss  3.627 | ppl     37.58
[2022-04-10 17:25:41.701] E023 |   400/1631 batches | lr 1.2500 | loss  3.603 | ppl     36.70
[2022-04-10 17:25:48.794] E023 |   600/1631 batches | lr 1.2500 | loss  3.620 | ppl     37.32
[2022-04-10 17:25:55.881] E023 |   800/1631 batches | lr 1.2500 | loss  3.546 | ppl     34.69
[2022-04-10 17:26:03.049] E023 |  1000/1631 batches | lr 1.2500 | loss  3.556 | ppl     35.01
[2022-04-10 17:26:10.206] E023 |  1200/1631 batches | lr 1.2500 | loss  3.574 | ppl     35.65
[2022-04-10 17:26:17.410] E023 |  1400/1631 batches | lr 1.2500 | loss  3.543 | ppl     34.57
[2022-04-10 17:26:24.549] E023 |  1600/1631 batches | lr 1.2500 | loss  3.567 | ppl     35.40
[2022-04-10 17:26:25.657] E023 |  1631/1631 batches | lr 1.2500 | loss  3.602 | ppl     36.67
[2022-04-10 17:26:33.641] End E023 | valid loss  4.422; ppl     83.30 | accu 0.2590 = 102134/394340
[2022-04-10 17:26:35.621] End E023 |  test loss  6.900; ppl    992.25 | accu 0.1008 = 9941/98580 ../data/adult_test.txt
[2022-04-10 17:26:37.387] End E023 |  test loss  4.632; ppl    102.69 | accu 0.2421 = 21231/87700 ../data/adolescent_valid.txt
[2022-04-10 17:26:43.540] End E023 |  test loss  4.362; ppl     78.43 | accu 0.2638 = 80894/306600 ../data/cbt_valid.txt
[2022-04-10 17:26:43.540] Epoch 024/40 ==================================================
[2022-04-10 17:26:50.662] E024 |   200/1631 batches | lr 0.6250 | loss  3.621 | ppl     37.39
[2022-04-10 17:26:57.821] E024 |   400/1631 batches | lr 0.6250 | loss  3.598 | ppl     36.51
[2022-04-10 17:27:04.898] E024 |   600/1631 batches | lr 0.6250 | loss  3.617 | ppl     37.22
[2022-04-10 17:27:11.962] E024 |   800/1631 batches | lr 0.6250 | loss  3.538 | ppl     34.40
[2022-04-10 17:27:19.130] E024 |  1000/1631 batches | lr 0.6250 | loss  3.549 | ppl     34.79
[2022-04-10 17:27:26.271] E024 |  1200/1631 batches | lr 0.6250 | loss  3.562 | ppl     35.24
[2022-04-10 17:27:33.414] E024 |  1400/1631 batches | lr 0.6250 | loss  3.533 | ppl     34.23
[2022-04-10 17:27:40.573] E024 |  1600/1631 batches | lr 0.6250 | loss  3.553 | ppl     34.93
[2022-04-10 17:27:41.663] E024 |  1631/1631 batches | lr 0.6250 | loss  3.582 | ppl     35.94
[2022-04-10 17:27:49.613] End E024 | valid loss  4.421; ppl     83.18 | accu 0.2598 = 102441/394340
[2022-04-10 17:27:51.577] End E024 |  test loss  6.903; ppl    995.53 | accu 0.1015 = 10006/98580 ../data/adult_test.txt
[2022-04-10 17:27:53.348] End E024 |  test loss  4.630; ppl    102.56 | accu 0.2424 = 21255/87700 ../data/adolescent_valid.txt
[2022-04-10 17:27:59.470] End E024 |  test loss  4.361; ppl     78.32 | accu 0.2647 = 81153/306600 ../data/cbt_valid.txt
[2022-04-10 17:27:59.470] Save: model.pt... 
[2022-04-10 17:27:59.497] Save: model.pt...Done. best_val_loss: 4.4210
[2022-04-10 17:27:59.497] Epoch 025/40 ==================================================
[2022-04-10 17:28:06.562] E025 |   200/1631 batches | lr 0.6250 | loss  3.617 | ppl     37.21
[2022-04-10 17:28:13.614] E025 |   400/1631 batches | lr 0.6250 | loss  3.590 | ppl     36.23
[2022-04-10 17:28:20.729] E025 |   600/1631 batches | lr 0.6250 | loss  3.610 | ppl     36.98
[2022-04-10 17:28:27.798] E025 |   800/1631 batches | lr 0.6250 | loss  3.534 | ppl     34.28
[2022-04-10 17:28:34.911] E025 |  1000/1631 batches | lr 0.6250 | loss  3.546 | ppl     34.66
[2022-04-10 17:28:42.024] E025 |  1200/1631 batches | lr 0.6250 | loss  3.559 | ppl     35.12
[2022-04-10 17:28:49.129] E025 |  1400/1631 batches | lr 0.6250 | loss  3.532 | ppl     34.21
[2022-04-10 17:28:56.249] E025 |  1600/1631 batches | lr 0.6250 | loss  3.552 | ppl     34.88
[2022-04-10 17:28:57.342] E025 |  1631/1631 batches | lr 0.6250 | loss  3.581 | ppl     35.92
[2022-04-10 17:29:05.356] End E025 | valid loss  4.420; ppl     83.13 | accu 0.2600 = 102537/394340
[2022-04-10 17:29:07.331] End E025 |  test loss  6.900; ppl    991.81 | accu 0.1013 = 9984/98580 ../data/adult_test.txt
[2022-04-10 17:29:09.114] End E025 |  test loss  4.628; ppl    102.35 | accu 0.2428 = 21290/87700 ../data/adolescent_valid.txt
[2022-04-10 17:29:15.322] End E025 |  test loss  4.361; ppl     78.31 | accu 0.2650 = 81243/306600 ../data/cbt_valid.txt
[2022-04-10 17:29:15.322] Save: model.pt... 
[2022-04-10 17:29:15.341] Save: model.pt...Done. best_val_loss: 4.4204
[2022-04-10 17:29:15.341] Epoch 026/40 ==================================================
[2022-04-10 17:29:22.413] E026 |   200/1631 batches | lr 0.6250 | loss  3.613 | ppl     37.08
[2022-04-10 17:29:29.538] E026 |   400/1631 batches | lr 0.6250 | loss  3.588 | ppl     36.15
[2022-04-10 17:29:36.669] E026 |   600/1631 batches | lr 0.6250 | loss  3.608 | ppl     36.91
[2022-04-10 17:29:43.725] E026 |   800/1631 batches | lr 0.6250 | loss  3.531 | ppl     34.17
[2022-04-10 17:29:50.853] E026 |  1000/1631 batches | lr 0.6250 | loss  3.540 | ppl     34.48
[2022-04-10 17:29:58.001] E026 |  1200/1631 batches | lr 0.6250 | loss  3.557 | ppl     35.05
[2022-04-10 17:30:05.142] E026 |  1400/1631 batches | lr 0.6250 | loss  3.530 | ppl     34.12
[2022-04-10 17:30:12.282] E026 |  1600/1631 batches | lr 0.6250 | loss  3.556 | ppl     35.02
[2022-04-10 17:30:13.398] E026 |  1631/1631 batches | lr 0.6250 | loss  3.585 | ppl     36.04
[2022-04-10 17:30:21.418] End E026 | valid loss  4.420; ppl     83.09 | accu 0.2599 = 102490/394340
[2022-04-10 17:30:23.391] End E026 |  test loss  6.906; ppl    997.81 | accu 0.1017 = 10021/98580 ../data/adult_test.txt
[2022-04-10 17:30:25.165] End E026 |  test loss  4.627; ppl    102.22 | accu 0.2428 = 21295/87700 ../data/adolescent_valid.txt
[2022-04-10 17:30:31.305] End E026 |  test loss  4.360; ppl     78.28 | accu 0.2648 = 81191/306600 ../data/cbt_valid.txt
[2022-04-10 17:30:31.305] Save: model.pt... 
[2022-04-10 17:30:31.331] Save: model.pt...Done. best_val_loss: 4.4199
[2022-04-10 17:30:31.331] Epoch 027/40 ==================================================
[2022-04-10 17:30:38.372] E027 |   200/1631 batches | lr 0.6250 | loss  3.609 | ppl     36.92
[2022-04-10 17:30:45.449] E027 |   400/1631 batches | lr 0.6250 | loss  3.583 | ppl     35.98
[2022-04-10 17:30:52.605] E027 |   600/1631 batches | lr 0.6250 | loss  3.609 | ppl     36.92
[2022-04-10 17:30:59.733] E027 |   800/1631 batches | lr 0.6250 | loss  3.528 | ppl     34.06
[2022-04-10 17:31:06.818] E027 |  1000/1631 batches | lr 0.6250 | loss  3.541 | ppl     34.49
[2022-04-10 17:31:13.899] E027 |  1200/1631 batches | lr 0.6250 | loss  3.555 | ppl     35.00
[2022-04-10 17:31:21.008] E027 |  1400/1631 batches | lr 0.6250 | loss  3.530 | ppl     34.13
[2022-04-10 17:31:28.113] E027 |  1600/1631 batches | lr 0.6250 | loss  3.551 | ppl     34.84
[2022-04-10 17:31:29.225] E027 |  1631/1631 batches | lr 0.6250 | loss  3.592 | ppl     36.32
[2022-04-10 17:31:37.185] End E027 | valid loss  4.420; ppl     83.09 | accu 0.2602 = 102594/394340
[2022-04-10 17:31:39.139] End E027 |  test loss  6.910; ppl   1002.34 | accu 0.1010 = 9953/98580 ../data/adult_test.txt
[2022-04-10 17:31:40.891] End E027 |  test loss  4.630; ppl    102.47 | accu 0.2431 = 21322/87700 ../data/adolescent_valid.txt
[2022-04-10 17:31:47.035] End E027 |  test loss  4.360; ppl     78.22 | accu 0.2651 = 81271/306600 ../data/cbt_valid.txt
[2022-04-10 17:31:47.035] Epoch 028/40 ==================================================
[2022-04-10 17:31:53.937] E028 |   200/1631 batches | lr 0.3125 | loss  3.610 | ppl     36.96
[2022-04-10 17:32:00.946] E028 |   400/1631 batches | lr 0.3125 | loss  3.582 | ppl     35.93
[2022-04-10 17:32:08.110] E028 |   600/1631 batches | lr 0.3125 | loss  3.602 | ppl     36.67
[2022-04-10 17:32:15.257] E028 |   800/1631 batches | lr 0.3125 | loss  3.526 | ppl     34.00
[2022-04-10 17:32:22.393] E028 |  1000/1631 batches | lr 0.3125 | loss  3.536 | ppl     34.33
[2022-04-10 17:32:29.498] E028 |  1200/1631 batches | lr 0.3125 | loss  3.551 | ppl     34.85
[2022-04-10 17:32:36.583] E028 |  1400/1631 batches | lr 0.3125 | loss  3.523 | ppl     33.88
[2022-04-10 17:32:43.653] E028 |  1600/1631 batches | lr 0.3125 | loss  3.547 | ppl     34.70
[2022-04-10 17:32:44.755] E028 |  1631/1631 batches | lr 0.3125 | loss  3.577 | ppl     35.77
[2022-04-10 17:32:52.707] End E028 | valid loss  4.420; ppl     83.11 | accu 0.2602 = 102624/394340
[2022-04-10 17:32:54.679] End E028 |  test loss  6.899; ppl    991.73 | accu 0.1018 = 10035/98580 ../data/adult_test.txt
[2022-04-10 17:32:56.450] End E028 |  test loss  4.630; ppl    102.50 | accu 0.2427 = 21284/87700 ../data/adolescent_valid.txt
[2022-04-10 17:33:02.632] End E028 |  test loss  4.360; ppl     78.25 | accu 0.2652 = 81322/306600 ../data/cbt_valid.txt
[2022-04-10 17:33:02.632] Epoch 029/40 ==================================================
[2022-04-10 17:33:09.696] E029 |   200/1631 batches | lr 0.1562 | loss  3.606 | ppl     36.83
[2022-04-10 17:33:16.790] E029 |   400/1631 batches | lr 0.1562 | loss  3.580 | ppl     35.86
[2022-04-10 17:33:23.897] E029 |   600/1631 batches | lr 0.1562 | loss  3.599 | ppl     36.55
[2022-04-10 17:33:30.986] E029 |   800/1631 batches | lr 0.1562 | loss  3.526 | ppl     33.99
[2022-04-10 17:33:38.048] E029 |  1000/1631 batches | lr 0.1562 | loss  3.535 | ppl     34.31
[2022-04-10 17:33:45.220] E029 |  1200/1631 batches | lr 0.1562 | loss  3.549 | ppl     34.78
[2022-04-10 17:33:52.311] E029 |  1400/1631 batches | lr 0.1562 | loss  3.517 | ppl     33.70
[2022-04-10 17:33:59.482] E029 |  1600/1631 batches | lr 0.1562 | loss  3.542 | ppl     34.54
[2022-04-10 17:34:00.598] E029 |  1631/1631 batches | lr 0.1562 | loss  3.573 | ppl     35.64
[2022-04-10 17:34:08.562] End E029 | valid loss  4.420; ppl     83.12 | accu 0.2604 = 102670/394340
[2022-04-10 17:34:10.552] End E029 |  test loss  6.902; ppl    993.98 | accu 0.1018 = 10031/98580 ../data/adult_test.txt
[2022-04-10 17:34:12.316] End E029 |  test loss  4.629; ppl    102.45 | accu 0.2433 = 21336/87700 ../data/adolescent_valid.txt
[2022-04-10 17:34:18.450] End E029 |  test loss  4.360; ppl     78.26 | accu 0.2652 = 81317/306600 ../data/cbt_valid.txt
[2022-04-10 17:34:18.450] Epoch 030/40 ==================================================
[2022-04-10 17:34:25.549] E030 |   200/1631 batches | lr 0.0781 | loss  3.609 | ppl     36.93
[2022-04-10 17:34:32.682] E030 |   400/1631 batches | lr 0.0781 | loss  3.580 | ppl     35.89
[2022-04-10 17:34:39.897] E030 |   600/1631 batches | lr 0.0781 | loss  3.597 | ppl     36.49
[2022-04-10 17:34:47.003] E030 |   800/1631 batches | lr 0.0781 | loss  3.522 | ppl     33.85
[2022-04-10 17:34:54.169] E030 |  1000/1631 batches | lr 0.0781 | loss  3.533 | ppl     34.22
[2022-04-10 17:35:01.334] E030 |  1200/1631 batches | lr 0.0781 | loss  3.545 | ppl     34.66
[2022-04-10 17:35:08.522] E030 |  1400/1631 batches | lr 0.0781 | loss  3.515 | ppl     33.61
[2022-04-10 17:35:15.681] E030 |  1600/1631 batches | lr 0.0781 | loss  3.539 | ppl     34.43
[2022-04-10 17:35:16.786] E030 |  1631/1631 batches | lr 0.0781 | loss  3.578 | ppl     35.81
[2022-04-10 17:35:24.781] End E030 | valid loss  4.421; ppl     83.14 | accu 0.2604 = 102704/394340
[2022-04-10 17:35:26.778] End E030 |  test loss  6.903; ppl    995.53 | accu 0.1015 = 10010/98580 ../data/adult_test.txt
[2022-04-10 17:35:28.561] End E030 |  test loss  4.629; ppl    102.46 | accu 0.2434 = 21343/87700 ../data/adolescent_valid.txt
[2022-04-10 17:35:34.755] End E030 |  test loss  4.360; ppl     78.30 | accu 0.2653 = 81331/306600 ../data/cbt_valid.txt
[2022-04-10 17:35:34.755] Epoch 031/40 ==================================================
[2022-04-10 17:35:41.591] E031 |   200/1631 batches | lr 0.0391 | loss  3.608 | ppl     36.88
[2022-04-10 17:35:48.650] E031 |   400/1631 batches | lr 0.0391 | loss  3.580 | ppl     35.89
[2022-04-10 17:35:55.782] E031 |   600/1631 batches | lr 0.0391 | loss  3.599 | ppl     36.56
[2022-04-10 17:36:02.854] E031 |   800/1631 batches | lr 0.0391 | loss  3.525 | ppl     33.94
[2022-04-10 17:36:09.976] E031 |  1000/1631 batches | lr 0.0391 | loss  3.530 | ppl     34.14
[2022-04-10 17:36:17.158] E031 |  1200/1631 batches | lr 0.0391 | loss  3.547 | ppl     34.72
[2022-04-10 17:36:24.229] E031 |  1400/1631 batches | lr 0.0391 | loss  3.516 | ppl     33.65
[2022-04-10 17:36:31.326] E031 |  1600/1631 batches | lr 0.0391 | loss  3.540 | ppl     34.46
[2022-04-10 17:36:32.454] E031 |  1631/1631 batches | lr 0.0391 | loss  3.575 | ppl     35.70
[2022-04-10 17:36:40.546] End E031 | valid loss  4.420; ppl     83.11 | accu 0.2604 = 102698/394340
[2022-04-10 17:36:42.517] End E031 |  test loss  6.903; ppl    994.79 | accu 0.1014 = 9999/98580 ../data/adult_test.txt
[2022-04-10 17:36:44.284] End E031 |  test loss  4.629; ppl    102.43 | accu 0.2435 = 21358/87700 ../data/adolescent_valid.txt
[2022-04-10 17:36:50.461] End E031 |  test loss  4.360; ppl     78.26 | accu 0.2653 = 81328/306600 ../data/cbt_valid.txt
[2022-04-10 17:36:50.461] Epoch 032/40 ==================================================
[2022-04-10 17:36:57.551] E032 |   200/1631 batches | lr 0.0195 | loss  3.607 | ppl     36.84
[2022-04-10 17:37:04.653] E032 |   400/1631 batches | lr 0.0195 | loss  3.581 | ppl     35.90
[2022-04-10 17:37:11.779] E032 |   600/1631 batches | lr 0.0195 | loss  3.597 | ppl     36.49
[2022-04-10 17:37:18.906] E032 |   800/1631 batches | lr 0.0195 | loss  3.523 | ppl     33.88
[2022-04-10 17:37:26.101] E032 |  1000/1631 batches | lr 0.0195 | loss  3.533 | ppl     34.23
[2022-04-10 17:37:33.282] E032 |  1200/1631 batches | lr 0.0195 | loss  3.546 | ppl     34.67
[2022-04-10 17:37:40.422] E032 |  1400/1631 batches | lr 0.0195 | loss  3.511 | ppl     33.48
[2022-04-10 17:37:47.530] E032 |  1600/1631 batches | lr 0.0195 | loss  3.533 | ppl     34.22
[2022-04-10 17:37:48.632] E032 |  1631/1631 batches | lr 0.0195 | loss  3.574 | ppl     35.65
[2022-04-10 17:37:56.621] End E032 | valid loss  4.420; ppl     83.10 | accu 0.2604 = 102693/394340
[2022-04-10 17:37:58.578] End E032 |  test loss  6.902; ppl    994.69 | accu 0.1013 = 9988/98580 ../data/adult_test.txt
[2022-04-10 17:38:00.331] End E032 |  test loss  4.629; ppl    102.43 | accu 0.2436 = 21364/87700 ../data/adolescent_valid.txt
[2022-04-10 17:38:06.475] End E032 |  test loss  4.360; ppl     78.24 | accu 0.2652 = 81314/306600 ../data/cbt_valid.txt
[2022-04-10 17:38:06.475] Epoch 033/40 ==================================================
[2022-04-10 17:38:13.529] E033 |   200/1631 batches | lr 0.0098 | loss  3.608 | ppl     36.88
[2022-04-10 17:38:20.714] E033 |   400/1631 batches | lr 0.0098 | loss  3.579 | ppl     35.83
[2022-04-10 17:38:27.885] E033 |   600/1631 batches | lr 0.0098 | loss  3.597 | ppl     36.48
[2022-04-10 17:38:35.031] E033 |   800/1631 batches | lr 0.0098 | loss  3.521 | ppl     33.81
[2022-04-10 17:38:42.095] E033 |  1000/1631 batches | lr 0.0098 | loss  3.535 | ppl     34.30
[2022-04-10 17:38:49.269] E033 |  1200/1631 batches | lr 0.0098 | loss  3.547 | ppl     34.70
[2022-04-10 17:38:56.427] E033 |  1400/1631 batches | lr 0.0098 | loss  3.513 | ppl     33.55
[2022-04-10 17:39:03.646] E033 |  1600/1631 batches | lr 0.0098 | loss  3.539 | ppl     34.42
[2022-04-10 17:39:04.762] E033 |  1631/1631 batches | lr 0.0098 | loss  3.571 | ppl     35.55
[2022-04-10 17:39:12.735] End E033 | valid loss  4.420; ppl     83.09 | accu 0.2605 = 102716/394340
[2022-04-10 17:39:14.716] End E033 |  test loss  6.902; ppl    994.47 | accu 0.1013 = 9989/98580 ../data/adult_test.txt
[2022-04-10 17:39:16.481] End E033 |  test loss  4.629; ppl    102.42 | accu 0.2436 = 21365/87700 ../data/adolescent_valid.txt
[2022-04-10 17:39:22.643] End E033 |  test loss  4.360; ppl     78.23 | accu 0.2653 = 81341/306600 ../data/cbt_valid.txt
[2022-04-10 17:39:22.643] Epoch 034/40 ==================================================
[2022-04-10 17:39:29.752] E034 |   200/1631 batches | lr 0.0049 | loss  3.605 | ppl     36.78
[2022-04-10 17:39:36.943] E034 |   400/1631 batches | lr 0.0049 | loss  3.577 | ppl     35.77
[2022-04-10 17:39:44.146] E034 |   600/1631 batches | lr 0.0049 | loss  3.599 | ppl     36.54
[2022-04-10 17:39:51.340] E034 |   800/1631 batches | lr 0.0049 | loss  3.523 | ppl     33.87
[2022-04-10 17:39:58.494] E034 |  1000/1631 batches | lr 0.0049 | loss  3.531 | ppl     34.17
[2022-04-10 17:40:05.654] E034 |  1200/1631 batches | lr 0.0049 | loss  3.547 | ppl     34.70
[2022-04-10 17:40:12.733] E034 |  1400/1631 batches | lr 0.0049 | loss  3.514 | ppl     33.57
[2022-04-10 17:40:19.793] E034 |  1600/1631 batches | lr 0.0049 | loss  3.538 | ppl     34.42
[2022-04-10 17:40:20.893] E034 |  1631/1631 batches | lr 0.0049 | loss  3.571 | ppl     35.56
[2022-04-10 17:40:28.858] End E034 | valid loss  4.420; ppl     83.09 | accu 0.2605 = 102720/394340
[2022-04-10 17:40:30.849] End E034 |  test loss  6.902; ppl    994.55 | accu 0.1013 = 9984/98580 ../data/adult_test.txt
[2022-04-10 17:40:32.611] End E034 |  test loss  4.629; ppl    102.42 | accu 0.2436 = 21364/87700 ../data/adolescent_valid.txt
[2022-04-10 17:40:38.772] End E034 |  test loss  4.360; ppl     78.23 | accu 0.2653 = 81337/306600 ../data/cbt_valid.txt
[2022-04-10 17:40:38.772] Epoch 035/40 ==================================================
[2022-04-10 17:40:45.845] E035 |   200/1631 batches | lr 0.0024 | loss  3.603 | ppl     36.71
[2022-04-10 17:40:53.047] E035 |   400/1631 batches | lr 0.0024 | loss  3.579 | ppl     35.82
[2022-04-10 17:41:00.195] E035 |   600/1631 batches | lr 0.0024 | loss  3.596 | ppl     36.45
[2022-04-10 17:41:07.283] E035 |   800/1631 batches | lr 0.0024 | loss  3.523 | ppl     33.89
[2022-04-10 17:41:14.442] E035 |  1000/1631 batches | lr 0.0024 | loss  3.531 | ppl     34.16
[2022-04-10 17:41:21.643] E035 |  1200/1631 batches | lr 0.0024 | loss  3.548 | ppl     34.73
[2022-04-10 17:41:28.804] E035 |  1400/1631 batches | lr 0.0024 | loss  3.514 | ppl     33.58
[2022-04-10 17:41:35.938] E035 |  1600/1631 batches | lr 0.0024 | loss  3.540 | ppl     34.48
[2022-04-10 17:41:37.039] E035 |  1631/1631 batches | lr 0.0024 | loss  3.565 | ppl     35.34
[2022-04-10 17:41:45.048] End E035 | valid loss  4.420; ppl     83.09 | accu 0.2605 = 102721/394340
[2022-04-10 17:41:47.035] End E035 |  test loss  6.902; ppl    994.54 | accu 0.1013 = 9982/98580 ../data/adult_test.txt
[2022-04-10 17:41:48.811] End E035 |  test loss  4.629; ppl    102.42 | accu 0.2436 = 21367/87700 ../data/adolescent_valid.txt
[2022-04-10 17:41:54.961] End E035 |  test loss  4.360; ppl     78.23 | accu 0.2653 = 81340/306600 ../data/cbt_valid.txt
[2022-04-10 17:41:54.961] Epoch 036/40 ==================================================
[2022-04-10 17:42:01.996] E036 |   200/1631 batches | lr 0.0012 | loss  3.603 | ppl     36.71
[2022-04-10 17:42:09.202] E036 |   400/1631 batches | lr 0.0012 | loss  3.573 | ppl     35.63
[2022-04-10 17:42:16.356] E036 |   600/1631 batches | lr 0.0012 | loss  3.596 | ppl     36.44
[2022-04-10 17:42:23.547] E036 |   800/1631 batches | lr 0.0012 | loss  3.525 | ppl     33.95
[2022-04-10 17:42:30.741] E036 |  1000/1631 batches | lr 0.0012 | loss  3.530 | ppl     34.13
[2022-04-10 17:42:37.927] E036 |  1200/1631 batches | lr 0.0012 | loss  3.547 | ppl     34.72
[2022-04-10 17:42:45.115] E036 |  1400/1631 batches | lr 0.0012 | loss  3.517 | ppl     33.67
[2022-04-10 17:42:52.270] E036 |  1600/1631 batches | lr 0.0012 | loss  3.537 | ppl     34.35
[2022-04-10 17:42:53.393] E036 |  1631/1631 batches | lr 0.0012 | loss  3.570 | ppl     35.53
[2022-04-10 17:43:01.432] End E036 | valid loss  4.420; ppl     83.09 | accu 0.2605 = 102712/394340
[2022-04-10 17:43:03.415] End E036 |  test loss  6.902; ppl    994.53 | accu 0.1013 = 9982/98580 ../data/adult_test.txt
[2022-04-10 17:43:05.196] End E036 |  test loss  4.629; ppl    102.42 | accu 0.2436 = 21363/87700 ../data/adolescent_valid.txt
[2022-04-10 17:43:11.373] End E036 |  test loss  4.360; ppl     78.23 | accu 0.2653 = 81333/306600 ../data/cbt_valid.txt
[2022-04-10 17:43:11.373] Save: model.pt... 
[2022-04-10 17:43:11.399] Save: model.pt...Done. best_val_loss: 4.4199
[2022-04-10 17:43:11.399] Epoch 037/40 ==================================================
[2022-04-10 17:43:18.525] E037 |   200/1631 batches | lr 0.0012 | loss  3.605 | ppl     36.77
[2022-04-10 17:43:25.667] E037 |   400/1631 batches | lr 0.0012 | loss  3.578 | ppl     35.78
[2022-04-10 17:43:32.834] E037 |   600/1631 batches | lr 0.0012 | loss  3.598 | ppl     36.51
[2022-04-10 17:43:39.959] E037 |   800/1631 batches | lr 0.0012 | loss  3.524 | ppl     33.93
[2022-04-10 17:43:47.130] E037 |  1000/1631 batches | lr 0.0012 | loss  3.531 | ppl     34.15
[2022-04-10 17:43:54.267] E037 |  1200/1631 batches | lr 0.0012 | loss  3.544 | ppl     34.60
[2022-04-10 17:44:01.439] E037 |  1400/1631 batches | lr 0.0012 | loss  3.514 | ppl     33.57
[2022-04-10 17:44:08.606] E037 |  1600/1631 batches | lr 0.0012 | loss  3.538 | ppl     34.41
[2022-04-10 17:44:09.714] E037 |  1631/1631 batches | lr 0.0012 | loss  3.571 | ppl     35.57
[2022-04-10 17:44:17.718] End E037 | valid loss  4.420; ppl     83.08 | accu 0.2605 = 102712/394340
[2022-04-10 17:44:19.682] End E037 |  test loss  6.902; ppl    994.48 | accu 0.1012 = 9979/98580 ../data/adult_test.txt
[2022-04-10 17:44:21.464] End E037 |  test loss  4.629; ppl    102.42 | accu 0.2436 = 21367/87700 ../data/adolescent_valid.txt
[2022-04-10 17:44:27.642] End E037 |  test loss  4.360; ppl     78.23 | accu 0.2653 = 81330/306600 ../data/cbt_valid.txt
[2022-04-10 17:44:27.642] Save: model.pt... 
[2022-04-10 17:44:27.667] Save: model.pt...Done. best_val_loss: 4.4198
[2022-04-10 17:44:27.668] Epoch 038/40 ==================================================
[2022-04-10 17:44:34.675] E038 |   200/1631 batches | lr 0.0012 | loss  3.606 | ppl     36.80
[2022-04-10 17:44:41.824] E038 |   400/1631 batches | lr 0.0012 | loss  3.577 | ppl     35.76
[2022-04-10 17:44:49.031] E038 |   600/1631 batches | lr 0.0012 | loss  3.597 | ppl     36.48
[2022-04-10 17:44:56.196] E038 |   800/1631 batches | lr 0.0012 | loss  3.522 | ppl     33.87
[2022-04-10 17:45:03.403] E038 |  1000/1631 batches | lr 0.0012 | loss  3.532 | ppl     34.18
[2022-04-10 17:45:10.555] E038 |  1200/1631 batches | lr 0.0012 | loss  3.542 | ppl     34.54
[2022-04-10 17:45:17.706] E038 |  1400/1631 batches | lr 0.0012 | loss  3.513 | ppl     33.55
[2022-04-10 17:45:24.762] E038 |  1600/1631 batches | lr 0.0012 | loss  3.539 | ppl     34.43
[2022-04-10 17:45:25.864] E038 |  1631/1631 batches | lr 0.0012 | loss  3.566 | ppl     35.37
[2022-04-10 17:45:33.851] End E038 | valid loss  4.420; ppl     83.08 | accu 0.2605 = 102718/394340
[2022-04-10 17:45:35.837] End E038 |  test loss  6.902; ppl    994.46 | accu 0.1012 = 9979/98580 ../data/adult_test.txt
[2022-04-10 17:45:37.626] End E038 |  test loss  4.629; ppl    102.42 | accu 0.2436 = 21367/87700 ../data/adolescent_valid.txt
[2022-04-10 17:45:43.795] End E038 |  test loss  4.360; ppl     78.23 | accu 0.2653 = 81336/306600 ../data/cbt_valid.txt
[2022-04-10 17:45:43.795] Save: model.pt... 
[2022-04-10 17:45:43.814] Save: model.pt...Done. best_val_loss: 4.4198
[2022-04-10 17:45:43.814] Epoch 039/40 ==================================================
[2022-04-10 17:45:50.888] E039 |   200/1631 batches | lr 0.0012 | loss  3.610 | ppl     36.95
[2022-04-10 17:45:58.002] E039 |   400/1631 batches | lr 0.0012 | loss  3.578 | ppl     35.80
[2022-04-10 17:46:05.166] E039 |   600/1631 batches | lr 0.0012 | loss  3.597 | ppl     36.49
[2022-04-10 17:46:12.278] E039 |   800/1631 batches | lr 0.0012 | loss  3.522 | ppl     33.86
[2022-04-10 17:46:19.446] E039 |  1000/1631 batches | lr 0.0012 | loss  3.534 | ppl     34.27
[2022-04-10 17:46:26.615] E039 |  1200/1631 batches | lr 0.0012 | loss  3.545 | ppl     34.65
[2022-04-10 17:46:33.759] E039 |  1400/1631 batches | lr 0.0012 | loss  3.512 | ppl     33.53
[2022-04-10 17:46:40.960] E039 |  1600/1631 batches | lr 0.0012 | loss  3.543 | ppl     34.56
[2022-04-10 17:46:42.050] E039 |  1631/1631 batches | lr 0.0012 | loss  3.574 | ppl     35.66
[2022-04-10 17:46:50.087] End E039 | valid loss  4.420; ppl     83.08 | accu 0.2605 = 102715/394340
[2022-04-10 17:46:52.057] End E039 |  test loss  6.902; ppl    994.54 | accu 0.1012 = 9980/98580 ../data/adult_test.txt
[2022-04-10 17:46:53.816] End E039 |  test loss  4.629; ppl    102.42 | accu 0.2437 = 21370/87700 ../data/adolescent_valid.txt
[2022-04-10 17:46:59.922] End E039 |  test loss  4.360; ppl     78.23 | accu 0.2653 = 81333/306600 ../data/cbt_valid.txt
[2022-04-10 17:46:59.923] Save: model.pt... 
[2022-04-10 17:46:59.952] Save: model.pt...Done. best_val_loss: 4.4198
[2022-04-10 17:46:59.952] Epoch 040/40 ==================================================
[2022-04-10 17:47:07.033] E040 |   200/1631 batches | lr 0.0012 | loss  3.606 | ppl     36.81
[2022-04-10 17:47:14.152] E040 |   400/1631 batches | lr 0.0012 | loss  3.575 | ppl     35.70
[2022-04-10 17:47:21.318] E040 |   600/1631 batches | lr 0.0012 | loss  3.598 | ppl     36.52
[2022-04-10 17:47:28.483] E040 |   800/1631 batches | lr 0.0012 | loss  3.524 | ppl     33.94
[2022-04-10 17:47:35.626] E040 |  1000/1631 batches | lr 0.0012 | loss  3.531 | ppl     34.14
[2022-04-10 17:47:42.783] E040 |  1200/1631 batches | lr 0.0012 | loss  3.548 | ppl     34.75
[2022-04-10 17:47:49.906] E040 |  1400/1631 batches | lr 0.0012 | loss  3.513 | ppl     33.55
[2022-04-10 17:47:57.016] E040 |  1600/1631 batches | lr 0.0012 | loss  3.535 | ppl     34.29
[2022-04-10 17:47:58.111] E040 |  1631/1631 batches | lr 0.0012 | loss  3.576 | ppl     35.74
[2022-04-10 17:48:06.087] End E040 | valid loss  4.420; ppl     83.08 | accu 0.2605 = 102716/394340
[2022-04-10 17:48:08.058] End E040 |  test loss  6.902; ppl    994.60 | accu 0.1013 = 9982/98580 ../data/adult_test.txt
[2022-04-10 17:48:09.816] End E040 |  test loss  4.629; ppl    102.43 | accu 0.2436 = 21367/87700 ../data/adolescent_valid.txt
[2022-04-10 17:48:15.985] End E040 |  test loss  4.360; ppl     78.23 | accu 0.2653 = 81336/306600 ../data/cbt_valid.txt
[2022-04-10 17:48:17.964] End. test loss  6.90; ppl   994.54 | accu 0.1012 = 9980/98580 ../data/adult_test.txt
[2022-04-10 17:48:19.723] End. test loss  4.63; ppl   102.42 | accu 0.2437 = 21370/87700 ../data/adolescent_valid.txt
[2022-04-10 17:48:25.907] End. test loss  4.36; ppl    78.23 | accu 0.2653 = 81333/306600 ../data/cbt_valid.txt
[2022-04-10 17:48:25.907] =========================================================================================
