[2022-04-10 15:24:08.122] corpus.train_file_list: 2
[2022-04-10 15:24:08.122]         ../data/cbt_train.txt
[2022-04-10 15:24:08.122]         ../data/adolescent_train.txt
[2022-04-10 15:24:08.122] corpus.valid_file_list: 2
[2022-04-10 15:24:08.122]         ../data/cbt_valid.txt
[2022-04-10 15:24:08.122]         ../data/adolescent_valid.txt
[2022-04-10 15:24:08.122] corpus.test_file_list: 3
[2022-04-10 15:24:08.122]         ../data/adult_test.txt
[2022-04-10 15:24:08.122]         ../data/adolescent_valid.txt
[2022-04-10 15:24:08.123]         ../data/cbt_valid.txt
[2022-04-10 15:24:08.123] corpus.subword_vocab_size: 5000
[2022-04-10 15:24:08.123] corpus.subword_model.train(4 files)...
[2022-04-10 15:24:08.123]         ../data/cbt_train.txt
[2022-04-10 15:24:08.123]         ../data/adolescent_train.txt
[2022-04-10 15:24:08.123]         ../data/cbt_valid.txt
[2022-04-10 15:24:08.123]         ../data/adolescent_valid.txt
[2022-04-10 15:24:09.103] corpus.subword_model.train(4 files)...Done
[2022-04-10 15:24:09.103] corpus tokenize...
[2022-04-10 15:24:11.707]         train tokens: 806294  ../data/cbt_train.txt
[2022-04-10 15:24:13.009]         train tokens: 335813  ../data/adolescent_train.txt
[2022-04-10 15:24:14.035]         valid tokens: 306631  ../data/cbt_valid.txt
[2022-04-10 15:24:14.361]         valid tokens:  87729  ../data/adolescent_valid.txt
[2022-04-10 15:24:14.642]         test  tokens:  98607  ../data/adult_test.txt
[2022-04-10 15:24:14.994]         test  tokens:  87729  ../data/adolescent_valid.txt
[2022-04-10 15:24:16.020]         test  tokens: 306631  ../data/cbt_valid.txt
[2022-04-10 15:24:16.021] corpus.ntokens      : 4925
[2022-04-10 15:24:16.021] corpus.char_count   : 101
[2022-04-10 15:24:16.021] corpus.char_cnt_dict: 101
[2022-04-10 15:24:16.021] corpus.char_id_dict : 101
[2022-04-10 15:24:16.028] corpus.batchify(2 files, batch_size=20)...
[2022-04-10 15:24:16.028]         tokens_all: 1142107
[2022-04-10 15:24:16.028]         batched   :  57105
[2022-04-10 15:24:16.028]         ../data/cbt_train.txt
[2022-04-10 15:24:16.028]         ../data/adolescent_train.txt
[2022-04-10 15:24:16.033] corpus.batchify(2 files, batch_size=20)...
[2022-04-10 15:24:16.033]         tokens_all: 394360
[2022-04-10 15:24:16.033]         batched   :  19718
[2022-04-10 15:24:16.033]         ../data/cbt_valid.txt
[2022-04-10 15:24:16.033]         ../data/adolescent_valid.txt
[2022-04-10 15:24:16.037] corpus.batchify(1 files, batch_size=20)...
[2022-04-10 15:24:16.037]         tokens_all:  98607
[2022-04-10 15:24:16.038]         batched   :   4930
[2022-04-10 15:24:16.038]         ../data/adult_test.txt
[2022-04-10 15:24:16.042] corpus.batchify(1 files, batch_size=20)...
[2022-04-10 15:24:16.042]         tokens_all:  87729
[2022-04-10 15:24:16.043]         batched   :   4386
[2022-04-10 15:24:16.043]         ../data/adolescent_valid.txt
[2022-04-10 15:24:16.049] corpus.batchify(1 files, batch_size=20)...
[2022-04-10 15:24:16.050]         tokens_all: 306631
[2022-04-10 15:24:16.050]         batched   :  15331
[2022-04-10 15:24:16.050]         ../data/cbt_valid.txt
[2022-04-10 15:24:16.084] RNNModel.rnn_type: LSTM
[2022-04-10 15:24:16.084] RNNModel.ntoken  : 4925
[2022-04-10 15:24:16.084] RNNModel.ninp    : 200
[2022-04-10 15:24:16.084] RNNModel.nhid    : 200
[2022-04-10 15:24:16.084] RNNModel.nlayers : 2
[2022-04-10 15:24:16.085] RNNModel.dropout : 0.2
[2022-04-10 15:24:16.085] RNNModel.tie_weights: False
[2022-04-10 15:24:16.085] RNNModel.char_mode  : 
[2022-04-10 15:24:16.085] RNNModel.char_cnt   : 102
[2022-04-10 15:24:16.085] RNNModel.char_emsize: 25
[2022-04-10 15:24:16.085] RNNModel.char_nhid  : 200
[2022-04-10 15:24:16.085] RNNModel will not use char-encoding
[2022-04-10 15:24:16.088] Epoch 001/40 ==================================================
[2022-04-10 15:24:19.838] E001 |   200/1631 batches | lr 20.0000 | loss  6.401 | ppl    602.57
[2022-04-10 15:24:23.608] E001 |   400/1631 batches | lr 20.0000 | loss  5.623 | ppl    276.62
[2022-04-10 15:24:27.475] E001 |   600/1631 batches | lr 20.0000 | loss  5.272 | ppl    194.73
[2022-04-10 15:24:31.225] E001 |   800/1631 batches | lr 20.0000 | loss  5.034 | ppl    153.58
[2022-04-10 15:24:34.948] E001 |  1000/1631 batches | lr 20.0000 | loss  4.928 | ppl    138.14
[2022-04-10 15:24:38.687] E001 |  1200/1631 batches | lr 20.0000 | loss  4.843 | ppl    126.87
[2022-04-10 15:24:42.449] E001 |  1400/1631 batches | lr 20.0000 | loss  4.777 | ppl    118.70
[2022-04-10 15:24:46.192] E001 |  1600/1631 batches | lr 20.0000 | loss  4.712 | ppl    111.30
[2022-04-10 15:24:46.767] E001 |  1631/1631 batches | lr 20.0000 | loss  4.718 | ppl    111.89
[2022-04-10 15:24:53.920] End E001 | valid loss  4.946; ppl    140.59 | accu 0.1843 = 72672/394340
[2022-04-10 15:24:55.727] End E001 |  test loss  7.090; ppl   1199.44 | accu 0.0310 = 3056/98580 ../data/adult_test.txt
[2022-04-10 15:24:57.330] End E001 |  test loss  5.263; ppl    193.13 | accu 0.1665 = 14604/87700 ../data/adolescent_valid.txt
[2022-04-10 15:25:02.946] End E001 |  test loss  4.861; ppl    129.11 | accu 0.1886 = 57820/306600 ../data/cbt_valid.txt
[2022-04-10 15:25:02.947] Save: model.pt... 
[2022-04-10 15:25:02.970] Save: model.pt...Done. best_val_loss: 4.9458
[2022-04-10 15:25:02.970] Epoch 002/40 ==================================================
[2022-04-10 15:25:06.726] E002 |   200/1631 batches | lr 20.0000 | loss  4.656 | ppl    105.17
[2022-04-10 15:25:10.512] E002 |   400/1631 batches | lr 20.0000 | loss  4.597 | ppl     99.23
[2022-04-10 15:25:14.234] E002 |   600/1631 batches | lr 20.0000 | loss  4.586 | ppl     98.08
[2022-04-10 15:25:17.974] E002 |   800/1631 batches | lr 20.0000 | loss  4.500 | ppl     90.01
[2022-04-10 15:25:21.719] E002 |  1000/1631 batches | lr 20.0000 | loss  4.478 | ppl     88.09
[2022-04-10 15:25:25.465] E002 |  1200/1631 batches | lr 20.0000 | loss  4.461 | ppl     86.61
[2022-04-10 15:25:29.203] E002 |  1400/1631 batches | lr 20.0000 | loss  4.430 | ppl     83.94
[2022-04-10 15:25:32.960] E002 |  1600/1631 batches | lr 20.0000 | loss  4.401 | ppl     81.55
[2022-04-10 15:25:33.535] E002 |  1631/1631 batches | lr 20.0000 | loss  4.428 | ppl     83.75
[2022-04-10 15:25:40.650] End E002 | valid loss  4.730; ppl    113.27 | accu 0.2086 = 82244/394340
[2022-04-10 15:25:42.435] End E002 |  test loss  7.547; ppl   1894.89 | accu 0.0271 = 2667/98580 ../data/adult_test.txt
[2022-04-10 15:25:44.037] End E002 |  test loss  5.082; ppl    161.03 | accu 0.1798 = 15768/87700 ../data/adolescent_valid.txt
[2022-04-10 15:25:49.625] End E002 |  test loss  4.641; ppl    103.60 | accu 0.2153 = 66010/306600 ../data/cbt_valid.txt
[2022-04-10 15:25:49.625] Save: model.pt... 
[2022-04-10 15:25:49.650] Save: model.pt...Done. best_val_loss: 4.7298
[2022-04-10 15:25:49.650] Epoch 003/40 ==================================================
[2022-04-10 15:25:53.416] E003 |   200/1631 batches | lr 20.0000 | loss  4.381 | ppl     79.93
[2022-04-10 15:25:57.174] E003 |   400/1631 batches | lr 20.0000 | loss  4.346 | ppl     77.20
[2022-04-10 15:26:00.944] E003 |   600/1631 batches | lr 20.0000 | loss  4.361 | ppl     78.33
[2022-04-10 15:26:04.689] E003 |   800/1631 batches | lr 20.0000 | loss  4.284 | ppl     72.51
[2022-04-10 15:26:08.429] E003 |  1000/1631 batches | lr 20.0000 | loss  4.282 | ppl     72.40
[2022-04-10 15:26:12.177] E003 |  1200/1631 batches | lr 20.0000 | loss  4.278 | ppl     72.13
[2022-04-10 15:26:15.907] E003 |  1400/1631 batches | lr 20.0000 | loss  4.256 | ppl     70.56
[2022-04-10 15:26:19.653] E003 |  1600/1631 batches | lr 20.0000 | loss  4.245 | ppl     69.76
[2022-04-10 15:26:20.233] E003 |  1631/1631 batches | lr 20.0000 | loss  4.268 | ppl     71.41
[2022-04-10 15:26:27.277] End E003 | valid loss  4.633; ppl    102.85 | accu 0.2214 = 87295/394340
[2022-04-10 15:26:29.060] End E003 |  test loss  7.045; ppl   1147.25 | accu 0.0540 = 5323/98580 ../data/adult_test.txt
[2022-04-10 15:26:30.667] End E003 |  test loss  4.915; ppl    136.25 | accu 0.1998 = 17524/87700 ../data/adolescent_valid.txt
[2022-04-10 15:26:36.263] End E003 |  test loss  4.554; ppl     94.99 | accu 0.2272 = 69657/306600 ../data/cbt_valid.txt
[2022-04-10 15:26:36.263] Save: model.pt... 
[2022-04-10 15:26:36.282] Save: model.pt...Done. best_val_loss: 4.6333
[2022-04-10 15:26:36.282] Epoch 004/40 ==================================================
[2022-04-10 15:26:40.036] E004 |   200/1631 batches | lr 20.0000 | loss  4.231 | ppl     68.79
[2022-04-10 15:26:44.077] E004 |   400/1631 batches | lr 20.0000 | loss  4.207 | ppl     67.18
[2022-04-10 15:26:47.975] E004 |   600/1631 batches | lr 20.0000 | loss  4.227 | ppl     68.50
[2022-04-10 15:26:51.691] E004 |   800/1631 batches | lr 20.0000 | loss  4.152 | ppl     63.59
[2022-04-10 15:26:55.437] E004 |  1000/1631 batches | lr 20.0000 | loss  4.156 | ppl     63.81
[2022-04-10 15:26:59.171] E004 |  1200/1631 batches | lr 20.0000 | loss  4.165 | ppl     64.40
[2022-04-10 15:27:02.926] E004 |  1400/1631 batches | lr 20.0000 | loss  4.146 | ppl     63.15
[2022-04-10 15:27:06.651] E004 |  1600/1631 batches | lr 20.0000 | loss  4.145 | ppl     63.13
[2022-04-10 15:27:07.241] E004 |  1631/1631 batches | lr 20.0000 | loss  4.176 | ppl     65.13
[2022-04-10 15:27:14.230] End E004 | valid loss  4.582; ppl     97.73 | accu 0.2266 = 89374/394340
[2022-04-10 15:27:16.016] End E004 |  test loss  6.748; ppl    852.32 | accu 0.0820 = 8085/98580 ../data/adult_test.txt
[2022-04-10 15:27:17.606] End E004 |  test loss  4.845; ppl    127.11 | accu 0.2062 = 18084/87700 ../data/adolescent_valid.txt
[2022-04-10 15:27:23.171] End E004 |  test loss  4.508; ppl     90.75 | accu 0.2322 = 71192/306600 ../data/cbt_valid.txt
[2022-04-10 15:27:23.171] Save: model.pt... 
[2022-04-10 15:27:23.196] Save: model.pt...Done. best_val_loss: 4.5822
[2022-04-10 15:27:23.196] Epoch 005/40 ==================================================
[2022-04-10 15:27:26.953] E005 |   200/1631 batches | lr 20.0000 | loss  4.131 | ppl     62.23
[2022-04-10 15:27:30.679] E005 |   400/1631 batches | lr 20.0000 | loss  4.115 | ppl     61.25
[2022-04-10 15:27:34.402] E005 |   600/1631 batches | lr 20.0000 | loss  4.140 | ppl     62.80
[2022-04-10 15:27:38.168] E005 |   800/1631 batches | lr 20.0000 | loss  4.072 | ppl     58.67
[2022-04-10 15:27:41.998] E005 |  1000/1631 batches | lr 20.0000 | loss  4.079 | ppl     59.08
[2022-04-10 15:27:45.736] E005 |  1200/1631 batches | lr 20.0000 | loss  4.086 | ppl     59.50
[2022-04-10 15:27:49.472] E005 |  1400/1631 batches | lr 20.0000 | loss  4.069 | ppl     58.48
[2022-04-10 15:27:53.206] E005 |  1600/1631 batches | lr 20.0000 | loss  4.074 | ppl     58.77
[2022-04-10 15:27:53.788] E005 |  1631/1631 batches | lr 20.0000 | loss  4.106 | ppl     60.70
[2022-04-10 15:28:00.850] End E005 | valid loss  4.559; ppl     95.45 | accu 0.2304 = 90839/394340
[2022-04-10 15:28:02.636] End E005 |  test loss  6.800; ppl    897.49 | accu 0.0828 = 8164/98580 ../data/adult_test.txt
[2022-04-10 15:28:04.244] End E005 |  test loss  4.814; ppl    123.22 | accu 0.2114 = 18539/87700 ../data/adolescent_valid.txt
[2022-04-10 15:28:09.816] End E005 |  test loss  4.480; ppl     88.20 | accu 0.2359 = 72335/306600 ../data/cbt_valid.txt
[2022-04-10 15:28:09.817] Save: model.pt... 
[2022-04-10 15:28:09.841] Save: model.pt...Done. best_val_loss: 4.5587
[2022-04-10 15:28:09.841] Epoch 006/40 ==================================================
[2022-04-10 15:28:13.603] E006 |   200/1631 batches | lr 20.0000 | loss  4.066 | ppl     58.35
[2022-04-10 15:28:17.444] E006 |   400/1631 batches | lr 20.0000 | loss  4.048 | ppl     57.26
[2022-04-10 15:28:21.505] E006 |   600/1631 batches | lr 20.0000 | loss  4.077 | ppl     58.99
[2022-04-10 15:28:25.569] E006 |   800/1631 batches | lr 20.0000 | loss  4.005 | ppl     54.88
[2022-04-10 15:28:29.488] E006 |  1000/1631 batches | lr 20.0000 | loss  4.019 | ppl     55.67
[2022-04-10 15:28:33.236] E006 |  1200/1631 batches | lr 20.0000 | loss  4.031 | ppl     56.29
[2022-04-10 15:28:36.968] E006 |  1400/1631 batches | lr 20.0000 | loss  4.020 | ppl     55.69
[2022-04-10 15:28:40.706] E006 |  1600/1631 batches | lr 20.0000 | loss  4.020 | ppl     55.73
[2022-04-10 15:28:41.278] E006 |  1631/1631 batches | lr 20.0000 | loss  4.050 | ppl     57.42
[2022-04-10 15:28:48.331] End E006 | valid loss  4.542; ppl     93.85 | accu 0.2342 = 92347/394340
[2022-04-10 15:28:50.124] End E006 |  test loss  6.817; ppl    913.57 | accu 0.0851 = 8387/98580 ../data/adult_test.txt
[2022-04-10 15:28:51.716] End E006 |  test loss  4.785; ppl    119.70 | accu 0.2158 = 18925/87700 ../data/adolescent_valid.txt
[2022-04-10 15:28:57.308] End E006 |  test loss  4.471; ppl     87.47 | accu 0.2395 = 73432/306600 ../data/cbt_valid.txt
[2022-04-10 15:28:57.309] Save: model.pt... 
[2022-04-10 15:28:57.333] Save: model.pt...Done. best_val_loss: 4.5417
[2022-04-10 15:28:57.333] Epoch 007/40 ==================================================
[2022-04-10 15:29:01.127] E007 |   200/1631 batches | lr 20.0000 | loss  4.021 | ppl     55.74
[2022-04-10 15:29:04.848] E007 |   400/1631 batches | lr 20.0000 | loss  4.000 | ppl     54.58
[2022-04-10 15:29:08.577] E007 |   600/1631 batches | lr 20.0000 | loss  4.032 | ppl     56.38
[2022-04-10 15:29:12.342] E007 |   800/1631 batches | lr 20.0000 | loss  3.963 | ppl     52.59
[2022-04-10 15:29:16.079] E007 |  1000/1631 batches | lr 20.0000 | loss  3.978 | ppl     53.42
[2022-04-10 15:29:19.810] E007 |  1200/1631 batches | lr 20.0000 | loss  3.988 | ppl     53.93
[2022-04-10 15:29:23.550] E007 |  1400/1631 batches | lr 20.0000 | loss  3.980 | ppl     53.50
[2022-04-10 15:29:27.301] E007 |  1600/1631 batches | lr 20.0000 | loss  3.989 | ppl     54.01
[2022-04-10 15:29:27.873] E007 |  1631/1631 batches | lr 20.0000 | loss  4.012 | ppl     55.28
[2022-04-10 15:29:34.948] End E007 | valid loss  4.535; ppl     93.22 | accu 0.2357 = 92946/394340
[2022-04-10 15:29:36.736] End E007 |  test loss  6.810; ppl    906.43 | accu 0.0854 = 8422/98580 ../data/adult_test.txt
[2022-04-10 15:29:38.323] End E007 |  test loss  4.777; ppl    118.77 | accu 0.2157 = 18920/87700 ../data/adolescent_valid.txt
[2022-04-10 15:29:43.899] End E007 |  test loss  4.466; ppl     87.00 | accu 0.2413 = 73988/306600 ../data/cbt_valid.txt
[2022-04-10 15:29:43.900] Save: model.pt... 
[2022-04-10 15:29:43.923] Save: model.pt...Done. best_val_loss: 4.5350
[2022-04-10 15:29:43.924] Epoch 008/40 ==================================================
[2022-04-10 15:29:47.732] E008 |   200/1631 batches | lr 20.0000 | loss  3.986 | ppl     53.84
[2022-04-10 15:29:51.537] E008 |   400/1631 batches | lr 20.0000 | loss  3.969 | ppl     52.94
[2022-04-10 15:29:55.283] E008 |   600/1631 batches | lr 20.0000 | loss  3.998 | ppl     54.46
[2022-04-10 15:29:59.031] E008 |   800/1631 batches | lr 20.0000 | loss  3.932 | ppl     51.02
[2022-04-10 15:30:02.802] E008 |  1000/1631 batches | lr 20.0000 | loss  3.942 | ppl     51.50
[2022-04-10 15:30:06.606] E008 |  1200/1631 batches | lr 20.0000 | loss  3.960 | ppl     52.44
[2022-04-10 15:30:10.359] E008 |  1400/1631 batches | lr 20.0000 | loss  3.948 | ppl     51.85
[2022-04-10 15:30:14.082] E008 |  1600/1631 batches | lr 20.0000 | loss  3.964 | ppl     52.66
[2022-04-10 15:30:14.666] E008 |  1631/1631 batches | lr 20.0000 | loss  3.987 | ppl     53.88
[2022-04-10 15:30:21.684] End E008 | valid loss  4.522; ppl     92.03 | accu 0.2382 = 93925/394340
[2022-04-10 15:30:23.475] End E008 |  test loss  6.770; ppl    870.94 | accu 0.0898 = 8848/98580 ../data/adult_test.txt
[2022-04-10 15:30:25.086] End E008 |  test loss  4.765; ppl    117.38 | accu 0.2172 = 19050/87700 ../data/adolescent_valid.txt
[2022-04-10 15:30:31.076] End E008 |  test loss  4.451; ppl     85.67 | accu 0.2443 = 74888/306600 ../data/cbt_valid.txt
[2022-04-10 15:30:31.076] Save: model.pt... 
[2022-04-10 15:30:31.101] Save: model.pt...Done. best_val_loss: 4.5221
[2022-04-10 15:30:31.101] Epoch 009/40 ==================================================
[2022-04-10 15:30:34.877] E009 |   200/1631 batches | lr 20.0000 | loss  3.962 | ppl     52.57
[2022-04-10 15:30:38.626] E009 |   400/1631 batches | lr 20.0000 | loss  3.943 | ppl     51.58
[2022-04-10 15:30:42.408] E009 |   600/1631 batches | lr 20.0000 | loss  3.968 | ppl     52.88
[2022-04-10 15:30:46.215] E009 |   800/1631 batches | lr 20.0000 | loss  3.910 | ppl     49.91
[2022-04-10 15:30:49.999] E009 |  1000/1631 batches | lr 20.0000 | loss  3.920 | ppl     50.42
[2022-04-10 15:30:53.838] E009 |  1200/1631 batches | lr 20.0000 | loss  3.932 | ppl     51.01
[2022-04-10 15:30:57.920] E009 |  1400/1631 batches | lr 20.0000 | loss  3.925 | ppl     50.66
[2022-04-10 15:31:01.832] E009 |  1600/1631 batches | lr 20.0000 | loss  3.941 | ppl     51.46
[2022-04-10 15:31:02.426] E009 |  1631/1631 batches | lr 20.0000 | loss  3.979 | ppl     53.45
[2022-04-10 15:31:09.551] End E009 | valid loss  4.521; ppl     91.97 | accu 0.2377 = 93729/394340
[2022-04-10 15:31:11.344] End E009 |  test loss  6.779; ppl    878.96 | accu 0.0896 = 8833/98580 ../data/adult_test.txt
[2022-04-10 15:31:12.946] End E009 |  test loss  4.763; ppl    117.07 | accu 0.2178 = 19102/87700 ../data/adolescent_valid.txt
[2022-04-10 15:31:18.538] End E009 |  test loss  4.449; ppl     85.56 | accu 0.2435 = 74642/306600 ../data/cbt_valid.txt
[2022-04-10 15:31:18.538] Save: model.pt... 
[2022-04-10 15:31:18.562] Save: model.pt...Done. best_val_loss: 4.5215
[2022-04-10 15:31:18.563] Epoch 010/40 ==================================================
[2022-04-10 15:31:22.313] E010 |   200/1631 batches | lr 20.0000 | loss  3.943 | ppl     51.57
[2022-04-10 15:31:26.083] E010 |   400/1631 batches | lr 20.0000 | loss  3.922 | ppl     50.50
[2022-04-10 15:31:29.854] E010 |   600/1631 batches | lr 20.0000 | loss  3.950 | ppl     51.95
[2022-04-10 15:31:33.662] E010 |   800/1631 batches | lr 20.0000 | loss  3.888 | ppl     48.82
[2022-04-10 15:31:37.419] E010 |  1000/1631 batches | lr 20.0000 | loss  3.901 | ppl     49.44
[2022-04-10 15:31:41.176] E010 |  1200/1631 batches | lr 20.0000 | loss  3.913 | ppl     50.06
[2022-04-10 15:31:44.958] E010 |  1400/1631 batches | lr 20.0000 | loss  3.913 | ppl     50.02
[2022-04-10 15:31:48.721] E010 |  1600/1631 batches | lr 20.0000 | loss  3.927 | ppl     50.74
[2022-04-10 15:31:49.305] E010 |  1631/1631 batches | lr 20.0000 | loss  3.953 | ppl     52.07
[2022-04-10 15:31:56.410] End E010 | valid loss  4.514; ppl     91.31 | accu 0.2391 = 94294/394340
[2022-04-10 15:31:58.195] End E010 |  test loss  6.812; ppl    908.80 | accu 0.0926 = 9132/98580 ../data/adult_test.txt
[2022-04-10 15:31:59.780] End E010 |  test loss  4.744; ppl    114.89 | accu 0.2201 = 19304/87700 ../data/adolescent_valid.txt
[2022-04-10 15:32:05.379] End E010 |  test loss  4.447; ppl     85.37 | accu 0.2445 = 74960/306600 ../data/cbt_valid.txt
[2022-04-10 15:32:05.379] Save: model.pt... 
[2022-04-10 15:32:05.403] Save: model.pt...Done. best_val_loss: 4.5142
[2022-04-10 15:32:05.403] Epoch 011/40 ==================================================
[2022-04-10 15:32:09.156] E011 |   200/1631 batches | lr 20.0000 | loss  3.925 | ppl     50.65
[2022-04-10 15:32:12.933] E011 |   400/1631 batches | lr 20.0000 | loss  3.906 | ppl     49.68
[2022-04-10 15:32:16.688] E011 |   600/1631 batches | lr 20.0000 | loss  3.932 | ppl     51.02
[2022-04-10 15:32:20.470] E011 |   800/1631 batches | lr 20.0000 | loss  3.869 | ppl     47.90
[2022-04-10 15:32:24.226] E011 |  1000/1631 batches | lr 20.0000 | loss  3.889 | ppl     48.87
[2022-04-10 15:32:27.996] E011 |  1200/1631 batches | lr 20.0000 | loss  3.897 | ppl     49.26
[2022-04-10 15:32:31.761] E011 |  1400/1631 batches | lr 20.0000 | loss  3.893 | ppl     49.04
[2022-04-10 15:32:35.539] E011 |  1600/1631 batches | lr 20.0000 | loss  3.914 | ppl     50.11
[2022-04-10 15:32:36.120] E011 |  1631/1631 batches | lr 20.0000 | loss  3.945 | ppl     51.66
[2022-04-10 15:32:43.352] End E011 | valid loss  4.506; ppl     90.55 | accu 0.2397 = 94534/394340
[2022-04-10 15:32:45.155] End E011 |  test loss  6.802; ppl    899.20 | accu 0.0917 = 9039/98580 ../data/adult_test.txt
[2022-04-10 15:32:46.756] End E011 |  test loss  4.741; ppl    114.53 | accu 0.2200 = 19295/87700 ../data/adolescent_valid.txt
[2022-04-10 15:32:52.370] End E011 |  test loss  4.439; ppl     84.68 | accu 0.2454 = 75227/306600 ../data/cbt_valid.txt
[2022-04-10 15:32:52.371] Save: model.pt... 
[2022-04-10 15:32:52.395] Save: model.pt...Done. best_val_loss: 4.5059
[2022-04-10 15:32:52.395] Epoch 012/40 ==================================================
[2022-04-10 15:32:56.167] E012 |   200/1631 batches | lr 20.0000 | loss  3.908 | ppl     49.82
[2022-04-10 15:32:59.963] E012 |   400/1631 batches | lr 20.0000 | loss  3.889 | ppl     48.88
[2022-04-10 15:33:03.729] E012 |   600/1631 batches | lr 20.0000 | loss  3.926 | ppl     50.71
[2022-04-10 15:33:07.602] E012 |   800/1631 batches | lr 20.0000 | loss  3.857 | ppl     47.33
[2022-04-10 15:33:11.575] E012 |  1000/1631 batches | lr 20.0000 | loss  3.872 | ppl     48.06
[2022-04-10 15:33:15.333] E012 |  1200/1631 batches | lr 20.0000 | loss  3.886 | ppl     48.73
[2022-04-10 15:33:19.083] E012 |  1400/1631 batches | lr 20.0000 | loss  3.881 | ppl     48.47
[2022-04-10 15:33:22.867] E012 |  1600/1631 batches | lr 20.0000 | loss  3.902 | ppl     49.50
[2022-04-10 15:33:23.444] E012 |  1631/1631 batches | lr 20.0000 | loss  3.927 | ppl     50.75
[2022-04-10 15:33:30.537] End E012 | valid loss  4.514; ppl     91.26 | accu 0.2411 = 95069/394340
[2022-04-10 15:33:32.330] End E012 |  test loss  6.805; ppl    902.22 | accu 0.0942 = 9288/98580 ../data/adult_test.txt
[2022-04-10 15:33:33.928] End E012 |  test loss  4.759; ppl    116.65 | accu 0.2222 = 19485/87700 ../data/adolescent_valid.txt
[2022-04-10 15:33:39.468] End E012 |  test loss  4.440; ppl     84.76 | accu 0.2466 = 75596/306600 ../data/cbt_valid.txt
[2022-04-10 15:33:39.468] Epoch 013/40 ==================================================
[2022-04-10 15:33:43.224] E013 |   200/1631 batches | lr 10.0000 | loss  3.875 | ppl     48.21
[2022-04-10 15:33:46.956] E013 |   400/1631 batches | lr 10.0000 | loss  3.829 | ppl     46.02
[2022-04-10 15:33:50.703] E013 |   600/1631 batches | lr 10.0000 | loss  3.839 | ppl     46.47
[2022-04-10 15:33:54.444] E013 |   800/1631 batches | lr 10.0000 | loss  3.761 | ppl     42.98
[2022-04-10 15:33:58.215] E013 |  1000/1631 batches | lr 10.0000 | loss  3.764 | ppl     43.14
[2022-04-10 15:34:01.961] E013 |  1200/1631 batches | lr 10.0000 | loss  3.767 | ppl     43.23
[2022-04-10 15:34:05.723] E013 |  1400/1631 batches | lr 10.0000 | loss  3.747 | ppl     42.41
[2022-04-10 15:34:09.458] E013 |  1600/1631 batches | lr 10.0000 | loss  3.753 | ppl     42.64
[2022-04-10 15:34:10.055] E013 |  1631/1631 batches | lr 10.0000 | loss  3.780 | ppl     43.81
[2022-04-10 15:34:17.185] End E013 | valid loss  4.462; ppl     86.63 | accu 0.2491 = 98230/394340
[2022-04-10 15:34:18.981] End E013 |  test loss  6.840; ppl    934.65 | accu 0.0973 = 9591/98580 ../data/adult_test.txt
[2022-04-10 15:34:20.596] End E013 |  test loss  4.677; ppl    107.43 | accu 0.2304 = 20204/87700 ../data/adolescent_valid.txt
[2022-04-10 15:34:26.302] End E013 |  test loss  4.400; ppl     81.46 | accu 0.2545 = 78024/306600 ../data/cbt_valid.txt
[2022-04-10 15:34:26.302] Save: model.pt... 
[2022-04-10 15:34:26.327] Save: model.pt...Done. best_val_loss: 4.4616
[2022-04-10 15:34:26.327] Epoch 014/40 ==================================================
[2022-04-10 15:34:30.106] E014 |   200/1631 batches | lr 10.0000 | loss  3.792 | ppl     44.34
[2022-04-10 15:34:33.862] E014 |   400/1631 batches | lr 10.0000 | loss  3.764 | ppl     43.13
[2022-04-10 15:34:37.637] E014 |   600/1631 batches | lr 10.0000 | loss  3.787 | ppl     44.11
[2022-04-10 15:34:41.433] E014 |   800/1631 batches | lr 10.0000 | loss  3.714 | ppl     41.02
[2022-04-10 15:34:45.196] E014 |  1000/1631 batches | lr 10.0000 | loss  3.729 | ppl     41.65
[2022-04-10 15:34:48.931] E014 |  1200/1631 batches | lr 10.0000 | loss  3.739 | ppl     42.04
[2022-04-10 15:34:52.684] E014 |  1400/1631 batches | lr 10.0000 | loss  3.723 | ppl     41.38
[2022-04-10 15:34:56.424] E014 |  1600/1631 batches | lr 10.0000 | loss  3.737 | ppl     41.97
[2022-04-10 15:34:56.997] E014 |  1631/1631 batches | lr 10.0000 | loss  3.762 | ppl     43.03
[2022-04-10 15:35:04.912] End E014 | valid loss  4.457; ppl     86.21 | accu 0.2503 = 98702/394340
[2022-04-10 15:35:06.901] End E014 |  test loss  6.836; ppl    931.08 | accu 0.0983 = 9694/98580 ../data/adult_test.txt
[2022-04-10 15:35:08.676] End E014 |  test loss  4.673; ppl    106.99 | accu 0.2324 = 20379/87700 ../data/adolescent_valid.txt
[2022-04-10 15:35:14.458] End E014 |  test loss  4.395; ppl     81.03 | accu 0.2554 = 78312/306600 ../data/cbt_valid.txt
[2022-04-10 15:35:14.458] Save: model.pt... 
[2022-04-10 15:35:14.482] Save: model.pt...Done. best_val_loss: 4.4568
[2022-04-10 15:35:14.482] Epoch 015/40 ==================================================
[2022-04-10 15:35:18.228] E015 |   200/1631 batches | lr 10.0000 | loss  3.762 | ppl     43.05
[2022-04-10 15:35:22.007] E015 |   400/1631 batches | lr 10.0000 | loss  3.738 | ppl     42.01
[2022-04-10 15:35:25.778] E015 |   600/1631 batches | lr 10.0000 | loss  3.767 | ppl     43.27
[2022-04-10 15:35:29.532] E015 |   800/1631 batches | lr 10.0000 | loss  3.696 | ppl     40.29
[2022-04-10 15:35:33.289] E015 |  1000/1631 batches | lr 10.0000 | loss  3.710 | ppl     40.85
[2022-04-10 15:35:37.109] E015 |  1200/1631 batches | lr 10.0000 | loss  3.719 | ppl     41.21
[2022-04-10 15:35:40.870] E015 |  1400/1631 batches | lr 10.0000 | loss  3.706 | ppl     40.69
[2022-04-10 15:35:44.624] E015 |  1600/1631 batches | lr 10.0000 | loss  3.725 | ppl     41.49
[2022-04-10 15:35:45.212] E015 |  1631/1631 batches | lr 10.0000 | loss  3.767 | ppl     43.26
[2022-04-10 15:35:52.299] End E015 | valid loss  4.454; ppl     85.93 | accu 0.2517 = 99268/394340
[2022-04-10 15:35:54.083] End E015 |  test loss  6.865; ppl    957.79 | accu 0.0993 = 9790/98580 ../data/adult_test.txt
[2022-04-10 15:35:55.702] End E015 |  test loss  4.666; ppl    106.24 | accu 0.2332 = 20455/87700 ../data/adolescent_valid.txt
[2022-04-10 15:36:01.293] End E015 |  test loss  4.390; ppl     80.61 | accu 0.2571 = 78822/306600 ../data/cbt_valid.txt
[2022-04-10 15:36:01.294] Save: model.pt... 
[2022-04-10 15:36:01.318] Save: model.pt...Done. best_val_loss: 4.4536
[2022-04-10 15:36:01.318] Epoch 016/40 ==================================================
[2022-04-10 15:36:05.089] E016 |   200/1631 batches | lr 10.0000 | loss  3.746 | ppl     42.35
[2022-04-10 15:36:08.896] E016 |   400/1631 batches | lr 10.0000 | loss  3.722 | ppl     41.35
[2022-04-10 15:36:12.640] E016 |   600/1631 batches | lr 10.0000 | loss  3.747 | ppl     42.40
[2022-04-10 15:36:16.397] E016 |   800/1631 batches | lr 10.0000 | loss  3.677 | ppl     39.52
[2022-04-10 15:36:20.161] E016 |  1000/1631 batches | lr 10.0000 | loss  3.695 | ppl     40.23
[2022-04-10 15:36:23.929] E016 |  1200/1631 batches | lr 10.0000 | loss  3.702 | ppl     40.53
[2022-04-10 15:36:27.710] E016 |  1400/1631 batches | lr 10.0000 | loss  3.694 | ppl     40.20
[2022-04-10 15:36:31.515] E016 |  1600/1631 batches | lr 10.0000 | loss  3.714 | ppl     41.03
[2022-04-10 15:36:32.095] E016 |  1631/1631 batches | lr 10.0000 | loss  3.740 | ppl     42.08
[2022-04-10 15:36:39.256] End E016 | valid loss  4.456; ppl     86.13 | accu 0.2505 = 98801/394340
[2022-04-10 15:36:41.063] End E016 |  test loss  6.848; ppl    942.38 | accu 0.0988 = 9735/98580 ../data/adult_test.txt
[2022-04-10 15:36:42.663] End E016 |  test loss  4.666; ppl    106.32 | accu 0.2330 = 20436/87700 ../data/adolescent_valid.txt
[2022-04-10 15:36:48.247] End E016 |  test loss  4.394; ppl     80.97 | accu 0.2556 = 78374/306600 ../data/cbt_valid.txt
[2022-04-10 15:36:48.247] Epoch 017/40 ==================================================
[2022-04-10 15:36:52.021] E017 |   200/1631 batches | lr 5.0000 | loss  3.727 | ppl     41.57
[2022-04-10 15:36:55.825] E017 |   400/1631 batches | lr 5.0000 | loss  3.691 | ppl     40.07
[2022-04-10 15:36:59.582] E017 |   600/1631 batches | lr 5.0000 | loss  3.702 | ppl     40.54
[2022-04-10 15:37:03.371] E017 |   800/1631 batches | lr 5.0000 | loss  3.628 | ppl     37.63
[2022-04-10 15:37:07.161] E017 |  1000/1631 batches | lr 5.0000 | loss  3.634 | ppl     37.88
[2022-04-10 15:37:10.910] E017 |  1200/1631 batches | lr 5.0000 | loss  3.643 | ppl     38.21
[2022-04-10 15:37:14.681] E017 |  1400/1631 batches | lr 5.0000 | loss  3.622 | ppl     37.42
[2022-04-10 15:37:18.422] E017 |  1600/1631 batches | lr 5.0000 | loss  3.636 | ppl     37.96
[2022-04-10 15:37:19.007] E017 |  1631/1631 batches | lr 5.0000 | loss  3.665 | ppl     39.04
[2022-04-10 15:37:26.122] End E017 | valid loss  4.440; ppl     84.80 | accu 0.2554 = 100728/394340
[2022-04-10 15:37:27.926] End E017 |  test loss  6.892; ppl    984.30 | accu 0.1013 = 9987/98580 ../data/adult_test.txt
[2022-04-10 15:37:29.524] End E017 |  test loss  4.643; ppl    103.86 | accu 0.2372 = 20805/87700 ../data/adolescent_valid.txt
[2022-04-10 15:37:35.122] End E017 |  test loss  4.382; ppl     80.00 | accu 0.2607 = 79923/306600 ../data/cbt_valid.txt
[2022-04-10 15:37:35.122] Save: model.pt... 
[2022-04-10 15:37:35.147] Save: model.pt...Done. best_val_loss: 4.4403
[2022-04-10 15:37:35.147] Epoch 018/40 ==================================================
[2022-04-10 15:37:38.934] E018 |   200/1631 batches | lr 5.0000 | loss  3.686 | ppl     39.89
[2022-04-10 15:37:42.701] E018 |   400/1631 batches | lr 5.0000 | loss  3.654 | ppl     38.65
[2022-04-10 15:37:46.472] E018 |   600/1631 batches | lr 5.0000 | loss  3.677 | ppl     39.55
[2022-04-10 15:37:50.246] E018 |   800/1631 batches | lr 5.0000 | loss  3.605 | ppl     36.79
[2022-04-10 15:37:54.019] E018 |  1000/1631 batches | lr 5.0000 | loss  3.622 | ppl     37.42
[2022-04-10 15:37:57.786] E018 |  1200/1631 batches | lr 5.0000 | loss  3.625 | ppl     37.54
[2022-04-10 15:38:01.608] E018 |  1400/1631 batches | lr 5.0000 | loss  3.610 | ppl     36.97
[2022-04-10 15:38:05.387] E018 |  1600/1631 batches | lr 5.0000 | loss  3.629 | ppl     37.67
[2022-04-10 15:38:05.970] E018 |  1631/1631 batches | lr 5.0000 | loss  3.662 | ppl     38.94
[2022-04-10 15:38:13.129] End E018 | valid loss  4.434; ppl     84.30 | accu 0.2558 = 100856/394340
[2022-04-10 15:38:14.936] End E018 |  test loss  6.892; ppl    984.80 | accu 0.1009 = 9946/98580 ../data/adult_test.txt
[2022-04-10 15:38:16.552] End E018 |  test loss  4.635; ppl    103.01 | accu 0.2388 = 20942/87700 ../data/adolescent_valid.txt
[2022-04-10 15:38:22.175] End E018 |  test loss  4.377; ppl     79.60 | accu 0.2606 = 79886/306600 ../data/cbt_valid.txt
[2022-04-10 15:38:22.175] Save: model.pt... 
[2022-04-10 15:38:22.199] Save: model.pt...Done. best_val_loss: 4.4343
[2022-04-10 15:38:22.199] Epoch 019/40 ==================================================
[2022-04-10 15:38:26.000] E019 |   200/1631 batches | lr 5.0000 | loss  3.664 | ppl     39.01
[2022-04-10 15:38:29.771] E019 |   400/1631 batches | lr 5.0000 | loss  3.636 | ppl     37.96
[2022-04-10 15:38:33.571] E019 |   600/1631 batches | lr 5.0000 | loss  3.659 | ppl     38.83
[2022-04-10 15:38:37.338] E019 |   800/1631 batches | lr 5.0000 | loss  3.588 | ppl     36.17
[2022-04-10 15:38:41.126] E019 |  1000/1631 batches | lr 5.0000 | loss  3.606 | ppl     36.82
[2022-04-10 15:38:44.921] E019 |  1200/1631 batches | lr 5.0000 | loss  3.613 | ppl     37.06
[2022-04-10 15:38:48.700] E019 |  1400/1631 batches | lr 5.0000 | loss  3.599 | ppl     36.55
[2022-04-10 15:38:52.445] E019 |  1600/1631 batches | lr 5.0000 | loss  3.623 | ppl     37.45
[2022-04-10 15:38:53.021] E019 |  1631/1631 batches | lr 5.0000 | loss  3.647 | ppl     38.34
[2022-04-10 15:39:00.121] End E019 | valid loss  4.433; ppl     84.16 | accu 0.2563 = 101089/394340
[2022-04-10 15:39:01.918] End E019 |  test loss  6.889; ppl    981.55 | accu 0.1018 = 10033/98580 ../data/adult_test.txt
[2022-04-10 15:39:03.496] End E019 |  test loss  4.633; ppl    102.80 | accu 0.2384 = 20912/87700 ../data/adolescent_valid.txt
[2022-04-10 15:39:09.089] End E019 |  test loss  4.376; ppl     79.48 | accu 0.2614 = 80158/306600 ../data/cbt_valid.txt
[2022-04-10 15:39:09.090] Save: model.pt... 
[2022-04-10 15:39:09.113] Save: model.pt...Done. best_val_loss: 4.4328
[2022-04-10 15:39:09.113] Epoch 020/40 ==================================================
[2022-04-10 15:39:12.900] E020 |   200/1631 batches | lr 5.0000 | loss  3.653 | ppl     38.60
[2022-04-10 15:39:16.678] E020 |   400/1631 batches | lr 5.0000 | loss  3.626 | ppl     37.58
[2022-04-10 15:39:20.443] E020 |   600/1631 batches | lr 5.0000 | loss  3.647 | ppl     38.34
[2022-04-10 15:39:24.219] E020 |   800/1631 batches | lr 5.0000 | loss  3.579 | ppl     35.83
[2022-04-10 15:39:28.007] E020 |  1000/1631 batches | lr 5.0000 | loss  3.598 | ppl     36.52
[2022-04-10 15:39:31.788] E020 |  1200/1631 batches | lr 5.0000 | loss  3.604 | ppl     36.75
[2022-04-10 15:39:35.570] E020 |  1400/1631 batches | lr 5.0000 | loss  3.595 | ppl     36.41
[2022-04-10 15:39:39.348] E020 |  1600/1631 batches | lr 5.0000 | loss  3.610 | ppl     36.98
[2022-04-10 15:39:39.932] E020 |  1631/1631 batches | lr 5.0000 | loss  3.637 | ppl     37.96
[2022-04-10 15:39:47.068] End E020 | valid loss  4.434; ppl     84.27 | accu 0.2564 = 101111/394340
[2022-04-10 15:39:48.864] End E020 |  test loss  6.868; ppl    960.97 | accu 0.1017 = 10029/98580 ../data/adult_test.txt
[2022-04-10 15:39:50.476] End E020 |  test loss  4.635; ppl    103.03 | accu 0.2389 = 20951/87700 ../data/adolescent_valid.txt
[2022-04-10 15:39:56.048] End E020 |  test loss  4.376; ppl     79.56 | accu 0.2614 = 80137/306600 ../data/cbt_valid.txt
[2022-04-10 15:39:56.048] Epoch 021/40 ==================================================
[2022-04-10 15:39:59.796] E021 |   200/1631 batches | lr 2.5000 | loss  3.645 | ppl     38.27
[2022-04-10 15:40:03.565] E021 |   400/1631 batches | lr 2.5000 | loss  3.612 | ppl     37.03
[2022-04-10 15:40:07.318] E021 |   600/1631 batches | lr 2.5000 | loss  3.632 | ppl     37.77
[2022-04-10 15:40:11.077] E021 |   800/1631 batches | lr 2.5000 | loss  3.555 | ppl     35.00
[2022-04-10 15:40:14.835] E021 |  1000/1631 batches | lr 2.5000 | loss  3.566 | ppl     35.36
[2022-04-10 15:40:18.612] E021 |  1200/1631 batches | lr 2.5000 | loss  3.573 | ppl     35.64
[2022-04-10 15:40:22.365] E021 |  1400/1631 batches | lr 2.5000 | loss  3.554 | ppl     34.95
[2022-04-10 15:40:26.138] E021 |  1600/1631 batches | lr 2.5000 | loss  3.572 | ppl     35.60
[2022-04-10 15:40:26.725] E021 |  1631/1631 batches | lr 2.5000 | loss  3.603 | ppl     36.72
[2022-04-10 15:40:33.795] End E021 | valid loss  4.431; ppl     84.04 | accu 0.2587 = 101997/394340
[2022-04-10 15:40:35.583] End E021 |  test loss  6.899; ppl    991.34 | accu 0.1034 = 10191/98580 ../data/adult_test.txt
[2022-04-10 15:40:37.186] End E021 |  test loss  4.628; ppl    102.28 | accu 0.2408 = 21117/87700 ../data/adolescent_valid.txt
[2022-04-10 15:40:42.758] End E021 |  test loss  4.375; ppl     79.41 | accu 0.2638 = 80869/306600 ../data/cbt_valid.txt
[2022-04-10 15:40:42.758] Save: model.pt... 
[2022-04-10 15:40:42.782] Save: model.pt...Done. best_val_loss: 4.4312
[2022-04-10 15:40:42.783] Epoch 022/40 ==================================================
[2022-04-10 15:40:46.776] E022 |   200/1631 batches | lr 2.5000 | loss  3.626 | ppl     37.56
[2022-04-10 15:40:50.825] E022 |   400/1631 batches | lr 2.5000 | loss  3.595 | ppl     36.40
[2022-04-10 15:40:54.593] E022 |   600/1631 batches | lr 2.5000 | loss  3.614 | ppl     37.13
[2022-04-10 15:40:58.370] E022 |   800/1631 batches | lr 2.5000 | loss  3.542 | ppl     34.53
[2022-04-10 15:41:02.142] E022 |  1000/1631 batches | lr 2.5000 | loss  3.559 | ppl     35.11
[2022-04-10 15:41:05.898] E022 |  1200/1631 batches | lr 2.5000 | loss  3.566 | ppl     35.36
[2022-04-10 15:41:09.653] E022 |  1400/1631 batches | lr 2.5000 | loss  3.549 | ppl     34.79
[2022-04-10 15:41:13.429] E022 |  1600/1631 batches | lr 2.5000 | loss  3.570 | ppl     35.52
[2022-04-10 15:41:14.015] E022 |  1631/1631 batches | lr 2.5000 | loss  3.606 | ppl     36.80
[2022-04-10 15:41:21.141] End E022 | valid loss  4.429; ppl     83.81 | accu 0.2587 = 102006/394340
[2022-04-10 15:41:22.932] End E022 |  test loss  6.907; ppl    999.21 | accu 0.1033 = 10182/98580 ../data/adult_test.txt
[2022-04-10 15:41:24.517] End E022 |  test loss  4.625; ppl    102.01 | accu 0.2411 = 21147/87700 ../data/adolescent_valid.txt
[2022-04-10 15:41:30.093] End E022 |  test loss  4.371; ppl     79.14 | accu 0.2637 = 80858/306600 ../data/cbt_valid.txt
[2022-04-10 15:41:30.093] Save: model.pt... 
[2022-04-10 15:41:30.117] Save: model.pt...Done. best_val_loss: 4.4286
[2022-04-10 15:41:30.118] Epoch 023/40 ==================================================
[2022-04-10 15:41:33.917] E023 |   200/1631 batches | lr 2.5000 | loss  3.611 | ppl     37.01
[2022-04-10 15:41:37.713] E023 |   400/1631 batches | lr 2.5000 | loss  3.586 | ppl     36.09
[2022-04-10 15:41:41.494] E023 |   600/1631 batches | lr 2.5000 | loss  3.608 | ppl     36.90
[2022-04-10 15:41:45.274] E023 |   800/1631 batches | lr 2.5000 | loss  3.539 | ppl     34.45
[2022-04-10 15:41:49.065] E023 |  1000/1631 batches | lr 2.5000 | loss  3.554 | ppl     34.95
[2022-04-10 15:41:52.840] E023 |  1200/1631 batches | lr 2.5000 | loss  3.557 | ppl     35.06
[2022-04-10 15:41:56.620] E023 |  1400/1631 batches | lr 2.5000 | loss  3.544 | ppl     34.61
[2022-04-10 15:42:00.393] E023 |  1600/1631 batches | lr 2.5000 | loss  3.566 | ppl     35.37
[2022-04-10 15:42:00.977] E023 |  1631/1631 batches | lr 2.5000 | loss  3.590 | ppl     36.25
[2022-04-10 15:42:08.094] End E023 | valid loss  4.432; ppl     84.10 | accu 0.2587 = 102006/394340
[2022-04-10 15:42:09.880] End E023 |  test loss  6.911; ppl   1003.04 | accu 0.1033 = 10181/98580 ../data/adult_test.txt
[2022-04-10 15:42:11.486] End E023 |  test loss  4.627; ppl    102.16 | accu 0.2412 = 21153/87700 ../data/adolescent_valid.txt
[2022-04-10 15:42:17.047] End E023 |  test loss  4.375; ppl     79.43 | accu 0.2637 = 80842/306600 ../data/cbt_valid.txt
[2022-04-10 15:42:17.047] Epoch 024/40 ==================================================
[2022-04-10 15:42:20.834] E024 |   200/1631 batches | lr 1.2500 | loss  3.612 | ppl     37.03
[2022-04-10 15:42:24.596] E024 |   400/1631 batches | lr 1.2500 | loss  3.581 | ppl     35.91
[2022-04-10 15:42:28.350] E024 |   600/1631 batches | lr 1.2500 | loss  3.600 | ppl     36.60
[2022-04-10 15:42:32.130] E024 |   800/1631 batches | lr 1.2500 | loss  3.522 | ppl     33.86
[2022-04-10 15:42:35.915] E024 |  1000/1631 batches | lr 1.2500 | loss  3.536 | ppl     34.34
[2022-04-10 15:42:39.696] E024 |  1200/1631 batches | lr 1.2500 | loss  3.545 | ppl     34.64
[2022-04-10 15:42:43.445] E024 |  1400/1631 batches | lr 1.2500 | loss  3.527 | ppl     34.03
[2022-04-10 15:42:47.219] E024 |  1600/1631 batches | lr 1.2500 | loss  3.540 | ppl     34.47
[2022-04-10 15:42:47.795] E024 |  1631/1631 batches | lr 1.2500 | loss  3.562 | ppl     35.23
[2022-04-10 15:42:54.931] End E024 | valid loss  4.428; ppl     83.73 | accu 0.2598 = 102468/394340
[2022-04-10 15:42:56.733] End E024 |  test loss  6.907; ppl    999.56 | accu 0.1040 = 10250/98580 ../data/adult_test.txt
[2022-04-10 15:42:58.342] End E024 |  test loss  4.623; ppl    101.81 | accu 0.2423 = 21254/87700 ../data/adolescent_valid.txt
[2022-04-10 15:43:03.965] End E024 |  test loss  4.370; ppl     79.04 | accu 0.2649 = 81204/306600 ../data/cbt_valid.txt
[2022-04-10 15:43:03.966] Save: model.pt... 
[2022-04-10 15:43:03.989] Save: model.pt...Done. best_val_loss: 4.4276
[2022-04-10 15:43:03.990] Epoch 025/40 ==================================================
[2022-04-10 15:43:07.901] E025 |   200/1631 batches | lr 1.2500 | loss  3.598 | ppl     36.54
[2022-04-10 15:43:11.689] E025 |   400/1631 batches | lr 1.2500 | loss  3.569 | ppl     35.48
[2022-04-10 15:43:15.458] E025 |   600/1631 batches | lr 1.2500 | loss  3.587 | ppl     36.14
[2022-04-10 15:43:19.486] E025 |   800/1631 batches | lr 1.2500 | loss  3.521 | ppl     33.83
[2022-04-10 15:43:23.300] E025 |  1000/1631 batches | lr 1.2500 | loss  3.530 | ppl     34.11
[2022-04-10 15:43:27.086] E025 |  1200/1631 batches | lr 1.2500 | loss  3.539 | ppl     34.44
[2022-04-10 15:43:30.860] E025 |  1400/1631 batches | lr 1.2500 | loss  3.524 | ppl     33.93
[2022-04-10 15:43:34.633] E025 |  1600/1631 batches | lr 1.2500 | loss  3.542 | ppl     34.53
[2022-04-10 15:43:35.223] E025 |  1631/1631 batches | lr 1.2500 | loss  3.562 | ppl     35.25
[2022-04-10 15:43:42.351] End E025 | valid loss  4.431; ppl     83.98 | accu 0.2603 = 102641/394340
[2022-04-10 15:43:44.145] End E025 |  test loss  6.921; ppl   1013.72 | accu 0.1040 = 10257/98580 ../data/adult_test.txt
[2022-04-10 15:43:45.753] End E025 |  test loss  4.627; ppl    102.23 | accu 0.2421 = 21232/87700 ../data/adolescent_valid.txt
[2022-04-10 15:43:51.282] End E025 |  test loss  4.371; ppl     79.16 | accu 0.2655 = 81392/306600 ../data/cbt_valid.txt
[2022-04-10 15:43:51.283] Epoch 026/40 ==================================================
[2022-04-10 15:43:55.052] E026 |   200/1631 batches | lr 0.6250 | loss  3.598 | ppl     36.52
[2022-04-10 15:43:58.788] E026 |   400/1631 batches | lr 0.6250 | loss  3.563 | ppl     35.26
[2022-04-10 15:44:02.558] E026 |   600/1631 batches | lr 0.6250 | loss  3.588 | ppl     36.15
[2022-04-10 15:44:06.324] E026 |   800/1631 batches | lr 0.6250 | loss  3.511 | ppl     33.47
[2022-04-10 15:44:10.103] E026 |  1000/1631 batches | lr 0.6250 | loss  3.526 | ppl     33.99
[2022-04-10 15:44:13.890] E026 |  1200/1631 batches | lr 0.6250 | loss  3.532 | ppl     34.18
[2022-04-10 15:44:17.651] E026 |  1400/1631 batches | lr 0.6250 | loss  3.511 | ppl     33.49
[2022-04-10 15:44:21.433] E026 |  1600/1631 batches | lr 0.6250 | loss  3.530 | ppl     34.12
[2022-04-10 15:44:22.025] E026 |  1631/1631 batches | lr 0.6250 | loss  3.563 | ppl     35.25
[2022-04-10 15:44:29.203] End E026 | valid loss  4.429; ppl     83.83 | accu 0.2608 = 102852/394340
[2022-04-10 15:44:30.996] End E026 |  test loss  6.925; ppl   1017.44 | accu 0.1041 = 10263/98580 ../data/adult_test.txt
[2022-04-10 15:44:32.615] End E026 |  test loss  4.623; ppl    101.80 | accu 0.2429 = 21302/87700 ../data/adolescent_valid.txt
[2022-04-10 15:44:38.198] End E026 |  test loss  4.372; ppl     79.17 | accu 0.2659 = 81538/306600 ../data/cbt_valid.txt
[2022-04-10 15:44:38.198] Epoch 027/40 ==================================================
[2022-04-10 15:44:42.006] E027 |   200/1631 batches | lr 0.3125 | loss  3.595 | ppl     36.41
[2022-04-10 15:44:45.778] E027 |   400/1631 batches | lr 0.3125 | loss  3.565 | ppl     35.32
[2022-04-10 15:44:49.562] E027 |   600/1631 batches | lr 0.3125 | loss  3.582 | ppl     35.95
[2022-04-10 15:44:53.338] E027 |   800/1631 batches | lr 0.3125 | loss  3.509 | ppl     33.42
[2022-04-10 15:44:57.131] E027 |  1000/1631 batches | lr 0.3125 | loss  3.518 | ppl     33.71
[2022-04-10 15:45:01.102] E027 |  1200/1631 batches | lr 0.3125 | loss  3.529 | ppl     34.09
[2022-04-10 15:45:04.867] E027 |  1400/1631 batches | lr 0.3125 | loss  3.504 | ppl     33.23
[2022-04-10 15:45:08.638] E027 |  1600/1631 batches | lr 0.3125 | loss  3.520 | ppl     33.78
[2022-04-10 15:45:09.233] E027 |  1631/1631 batches | lr 0.3125 | loss  3.547 | ppl     34.72
[2022-04-10 15:45:16.413] End E027 | valid loss  4.430; ppl     83.93 | accu 0.2607 = 102816/394340
[2022-04-10 15:45:18.220] End E027 |  test loss  6.928; ppl   1020.18 | accu 0.1042 = 10268/98580 ../data/adult_test.txt
[2022-04-10 15:45:19.850] End E027 |  test loss  4.621; ppl    101.60 | accu 0.2430 = 21315/87700 ../data/adolescent_valid.txt
[2022-04-10 15:45:25.723] End E027 |  test loss  4.374; ppl     79.33 | accu 0.2659 = 81520/306600 ../data/cbt_valid.txt
[2022-04-10 15:45:25.724] Epoch 028/40 ==================================================
[2022-04-10 15:45:29.547] E028 |   200/1631 batches | lr 0.1562 | loss  3.591 | ppl     36.27
[2022-04-10 15:45:33.344] E028 |   400/1631 batches | lr 0.1562 | loss  3.559 | ppl     35.12
[2022-04-10 15:45:37.149] E028 |   600/1631 batches | lr 0.1562 | loss  3.579 | ppl     35.83
[2022-04-10 15:45:40.899] E028 |   800/1631 batches | lr 0.1562 | loss  3.506 | ppl     33.32
[2022-04-10 15:45:44.649] E028 |  1000/1631 batches | lr 0.1562 | loss  3.514 | ppl     33.58
[2022-04-10 15:45:48.428] E028 |  1200/1631 batches | lr 0.1562 | loss  3.526 | ppl     33.99
[2022-04-10 15:45:52.193] E028 |  1400/1631 batches | lr 0.1562 | loss  3.506 | ppl     33.30
[2022-04-10 15:45:55.979] E028 |  1600/1631 batches | lr 0.1562 | loss  3.520 | ppl     33.77
[2022-04-10 15:45:56.561] E028 |  1631/1631 batches | lr 0.1562 | loss  3.543 | ppl     34.57
[2022-04-10 15:46:03.686] End E028 | valid loss  4.430; ppl     83.95 | accu 0.2607 = 102786/394340
[2022-04-10 15:46:05.489] End E028 |  test loss  6.926; ppl   1018.74 | accu 0.1042 = 10273/98580 ../data/adult_test.txt
[2022-04-10 15:46:07.094] End E028 |  test loss  4.621; ppl    101.55 | accu 0.2428 = 21294/87700 ../data/adolescent_valid.txt
[2022-04-10 15:46:12.713] End E028 |  test loss  4.374; ppl     79.36 | accu 0.2658 = 81491/306600 ../data/cbt_valid.txt
[2022-04-10 15:46:12.713] Epoch 029/40 ==================================================
[2022-04-10 15:46:16.512] E029 |   200/1631 batches | lr 0.0781 | loss  3.588 | ppl     36.16
[2022-04-10 15:46:20.323] E029 |   400/1631 batches | lr 0.0781 | loss  3.557 | ppl     35.04
[2022-04-10 15:46:24.158] E029 |   600/1631 batches | lr 0.0781 | loss  3.576 | ppl     35.73
[2022-04-10 15:46:27.956] E029 |   800/1631 batches | lr 0.0781 | loss  3.504 | ppl     33.25
[2022-04-10 15:46:31.805] E029 |  1000/1631 batches | lr 0.0781 | loss  3.513 | ppl     33.56
[2022-04-10 15:46:35.592] E029 |  1200/1631 batches | lr 0.0781 | loss  3.525 | ppl     33.97
[2022-04-10 15:46:39.350] E029 |  1400/1631 batches | lr 0.0781 | loss  3.504 | ppl     33.23
[2022-04-10 15:46:43.135] E029 |  1600/1631 batches | lr 0.0781 | loss  3.517 | ppl     33.69
[2022-04-10 15:46:43.715] E029 |  1631/1631 batches | lr 0.0781 | loss  3.536 | ppl     34.31
[2022-04-10 15:46:50.861] End E029 | valid loss  4.430; ppl     83.95 | accu 0.2607 = 102822/394340
[2022-04-10 15:46:52.652] End E029 |  test loss  6.924; ppl   1016.62 | accu 0.1039 = 10241/98580 ../data/adult_test.txt
[2022-04-10 15:46:54.249] End E029 |  test loss  4.621; ppl    101.55 | accu 0.2431 = 21319/87700 ../data/adolescent_valid.txt
[2022-04-10 15:46:59.868] End E029 |  test loss  4.374; ppl     79.37 | accu 0.2658 = 81500/306600 ../data/cbt_valid.txt
[2022-04-10 15:46:59.869] Epoch 030/40 ==================================================
[2022-04-10 15:47:03.961] E030 |   200/1631 batches | lr 0.0391 | loss  3.586 | ppl     36.10
[2022-04-10 15:47:07.970] E030 |   400/1631 batches | lr 0.0391 | loss  3.557 | ppl     35.04
[2022-04-10 15:47:11.728] E030 |   600/1631 batches | lr 0.0391 | loss  3.578 | ppl     35.81
[2022-04-10 15:47:15.509] E030 |   800/1631 batches | lr 0.0391 | loss  3.504 | ppl     33.25
[2022-04-10 15:47:19.269] E030 |  1000/1631 batches | lr 0.0391 | loss  3.516 | ppl     33.65
[2022-04-10 15:47:23.067] E030 |  1200/1631 batches | lr 0.0391 | loss  3.519 | ppl     33.76
[2022-04-10 15:47:26.831] E030 |  1400/1631 batches | lr 0.0391 | loss  3.499 | ppl     33.08
[2022-04-10 15:47:30.644] E030 |  1600/1631 batches | lr 0.0391 | loss  3.515 | ppl     33.61
[2022-04-10 15:47:31.225] E030 |  1631/1631 batches | lr 0.0391 | loss  3.548 | ppl     34.76
[2022-04-10 15:47:38.312] End E030 | valid loss  4.430; ppl     83.94 | accu 0.2607 = 102796/394340
[2022-04-10 15:47:40.102] End E030 |  test loss  6.924; ppl   1016.13 | accu 0.1040 = 10251/98580 ../data/adult_test.txt
[2022-04-10 15:47:41.702] End E030 |  test loss  4.620; ppl    101.52 | accu 0.2430 = 21310/87700 ../data/adolescent_valid.txt
[2022-04-10 15:47:47.276] End E030 |  test loss  4.374; ppl     79.37 | accu 0.2657 = 81472/306600 ../data/cbt_valid.txt
[2022-04-10 15:47:47.276] Epoch 031/40 ==================================================
[2022-04-10 15:47:51.077] E031 |   200/1631 batches | lr 0.0195 | loss  3.588 | ppl     36.15
[2022-04-10 15:47:54.844] E031 |   400/1631 batches | lr 0.0195 | loss  3.554 | ppl     34.96
[2022-04-10 15:47:58.696] E031 |   600/1631 batches | lr 0.0195 | loss  3.579 | ppl     35.85
[2022-04-10 15:48:02.485] E031 |   800/1631 batches | lr 0.0195 | loss  3.500 | ppl     33.11
[2022-04-10 15:48:06.267] E031 |  1000/1631 batches | lr 0.0195 | loss  3.514 | ppl     33.57
[2022-04-10 15:48:10.101] E031 |  1200/1631 batches | lr 0.0195 | loss  3.522 | ppl     33.86
[2022-04-10 15:48:13.951] E031 |  1400/1631 batches | lr 0.0195 | loss  3.497 | ppl     33.03
[2022-04-10 15:48:17.724] E031 |  1600/1631 batches | lr 0.0195 | loss  3.517 | ppl     33.68
[2022-04-10 15:48:18.317] E031 |  1631/1631 batches | lr 0.0195 | loss  3.548 | ppl     34.74
[2022-04-10 15:48:25.470] End E031 | valid loss  4.430; ppl     83.93 | accu 0.2607 = 102795/394340
[2022-04-10 15:48:27.269] End E031 |  test loss  6.923; ppl   1015.55 | accu 0.1040 = 10248/98580 ../data/adult_test.txt
[2022-04-10 15:48:28.878] End E031 |  test loss  4.620; ppl    101.52 | accu 0.2429 = 21306/87700 ../data/adolescent_valid.txt
[2022-04-10 15:48:34.466] End E031 |  test loss  4.374; ppl     79.35 | accu 0.2657 = 81474/306600 ../data/cbt_valid.txt
[2022-04-10 15:48:34.467] Epoch 032/40 ==================================================
[2022-04-10 15:48:38.259] E032 |   200/1631 batches | lr 0.0098 | loss  3.593 | ppl     36.36
[2022-04-10 15:48:42.022] E032 |   400/1631 batches | lr 0.0098 | loss  3.556 | ppl     35.02
[2022-04-10 15:48:45.871] E032 |   600/1631 batches | lr 0.0098 | loss  3.580 | ppl     35.86
[2022-04-10 15:48:49.633] E032 |   800/1631 batches | lr 0.0098 | loss  3.508 | ppl     33.37
[2022-04-10 15:48:53.442] E032 |  1000/1631 batches | lr 0.0098 | loss  3.512 | ppl     33.52
[2022-04-10 15:48:57.231] E032 |  1200/1631 batches | lr 0.0098 | loss  3.519 | ppl     33.76
[2022-04-10 15:49:01.019] E032 |  1400/1631 batches | lr 0.0098 | loss  3.497 | ppl     33.02
[2022-04-10 15:49:04.773] E032 |  1600/1631 batches | lr 0.0098 | loss  3.516 | ppl     33.64
[2022-04-10 15:49:05.364] E032 |  1631/1631 batches | lr 0.0098 | loss  3.542 | ppl     34.55
[2022-04-10 15:49:12.447] End E032 | valid loss  4.430; ppl     83.94 | accu 0.2606 = 102774/394340
[2022-04-10 15:49:14.278] End E032 |  test loss  6.924; ppl   1016.43 | accu 0.1039 = 10238/98580 ../data/adult_test.txt
[2022-04-10 15:49:15.891] End E032 |  test loss  4.620; ppl    101.52 | accu 0.2429 = 21301/87700 ../data/adolescent_valid.txt
[2022-04-10 15:49:21.485] End E032 |  test loss  4.374; ppl     79.35 | accu 0.2657 = 81463/306600 ../data/cbt_valid.txt
[2022-04-10 15:49:21.485] Epoch 033/40 ==================================================
[2022-04-10 15:49:25.272] E033 |   200/1631 batches | lr 0.0049 | loss  3.589 | ppl     36.19
[2022-04-10 15:49:29.072] E033 |   400/1631 batches | lr 0.0049 | loss  3.552 | ppl     34.87
[2022-04-10 15:49:32.816] E033 |   600/1631 batches | lr 0.0049 | loss  3.576 | ppl     35.73
[2022-04-10 15:49:36.623] E033 |   800/1631 batches | lr 0.0049 | loss  3.500 | ppl     33.13
[2022-04-10 15:49:40.451] E033 |  1000/1631 batches | lr 0.0049 | loss  3.516 | ppl     33.65
[2022-04-10 15:49:44.269] E033 |  1200/1631 batches | lr 0.0049 | loss  3.522 | ppl     33.84
[2022-04-10 15:49:48.057] E033 |  1400/1631 batches | lr 0.0049 | loss  3.500 | ppl     33.13
[2022-04-10 15:49:51.844] E033 |  1600/1631 batches | lr 0.0049 | loss  3.514 | ppl     33.59
[2022-04-10 15:49:52.427] E033 |  1631/1631 batches | lr 0.0049 | loss  3.541 | ppl     34.51
[2022-04-10 15:49:59.494] End E033 | valid loss  4.430; ppl     83.94 | accu 0.2606 = 102779/394340
[2022-04-10 15:50:01.310] End E033 |  test loss  6.924; ppl   1016.63 | accu 0.1038 = 10236/98580 ../data/adult_test.txt
[2022-04-10 15:50:02.908] End E033 |  test loss  4.620; ppl    101.52 | accu 0.2429 = 21301/87700 ../data/adolescent_valid.txt
[2022-04-10 15:50:08.542] End E033 |  test loss  4.374; ppl     79.36 | accu 0.2657 = 81465/306600 ../data/cbt_valid.txt
[2022-04-10 15:50:08.542] Epoch 034/40 ==================================================
[2022-04-10 15:50:12.339] E034 |   200/1631 batches | lr 0.0024 | loss  3.591 | ppl     36.27
[2022-04-10 15:50:16.166] E034 |   400/1631 batches | lr 0.0024 | loss  3.552 | ppl     34.90
[2022-04-10 15:50:19.953] E034 |   600/1631 batches | lr 0.0024 | loss  3.576 | ppl     35.72
[2022-04-10 15:50:23.737] E034 |   800/1631 batches | lr 0.0024 | loss  3.502 | ppl     33.17
[2022-04-10 15:50:27.554] E034 |  1000/1631 batches | lr 0.0024 | loss  3.517 | ppl     33.70
[2022-04-10 15:50:31.331] E034 |  1200/1631 batches | lr 0.0024 | loss  3.519 | ppl     33.77
[2022-04-10 15:50:35.105] E034 |  1400/1631 batches | lr 0.0024 | loss  3.498 | ppl     33.05
[2022-04-10 15:50:38.875] E034 |  1600/1631 batches | lr 0.0024 | loss  3.517 | ppl     33.67
[2022-04-10 15:50:39.455] E034 |  1631/1631 batches | lr 0.0024 | loss  3.544 | ppl     34.61
[2022-04-10 15:50:46.484] End E034 | valid loss  4.430; ppl     83.94 | accu 0.2606 = 102781/394340
[2022-04-10 15:50:48.279] End E034 |  test loss  6.924; ppl   1016.61 | accu 0.1038 = 10236/98580 ../data/adult_test.txt
[2022-04-10 15:50:49.877] End E034 |  test loss  4.620; ppl    101.52 | accu 0.2429 = 21303/87700 ../data/adolescent_valid.txt
[2022-04-10 15:50:55.482] End E034 |  test loss  4.374; ppl     79.36 | accu 0.2657 = 81467/306600 ../data/cbt_valid.txt
[2022-04-10 15:50:55.483] Epoch 035/40 ==================================================
[2022-04-10 15:50:59.262] E035 |   200/1631 batches | lr 0.0012 | loss  3.592 | ppl     36.29
[2022-04-10 15:51:03.090] E035 |   400/1631 batches | lr 0.0012 | loss  3.556 | ppl     35.02
[2022-04-10 15:51:06.882] E035 |   600/1631 batches | lr 0.0012 | loss  3.574 | ppl     35.66
[2022-04-10 15:51:10.671] E035 |   800/1631 batches | lr 0.0012 | loss  3.500 | ppl     33.11
[2022-04-10 15:51:14.465] E035 |  1000/1631 batches | lr 0.0012 | loss  3.510 | ppl     33.46
[2022-04-10 15:51:18.245] E035 |  1200/1631 batches | lr 0.0012 | loss  3.523 | ppl     33.87
[2022-04-10 15:51:22.009] E035 |  1400/1631 batches | lr 0.0012 | loss  3.502 | ppl     33.17
[2022-04-10 15:51:25.763] E035 |  1600/1631 batches | lr 0.0012 | loss  3.518 | ppl     33.71
[2022-04-10 15:51:26.344] E035 |  1631/1631 batches | lr 0.0012 | loss  3.541 | ppl     34.50
[2022-04-10 15:51:33.347] End E035 | valid loss  4.430; ppl     83.94 | accu 0.2606 = 102771/394340
[2022-04-10 15:51:35.148] End E035 |  test loss  6.924; ppl   1016.66 | accu 0.1038 = 10235/98580 ../data/adult_test.txt
[2022-04-10 15:51:36.757] End E035 |  test loss  4.620; ppl    101.53 | accu 0.2429 = 21301/87700 ../data/adolescent_valid.txt
[2022-04-10 15:51:42.363] End E035 |  test loss  4.374; ppl     79.36 | accu 0.2657 = 81461/306600 ../data/cbt_valid.txt
[2022-04-10 15:51:42.363] Epoch 036/40 ==================================================
[2022-04-10 15:51:46.155] E036 |   200/1631 batches | lr 0.0006 | loss  3.590 | ppl     36.24
[2022-04-10 15:51:49.942] E036 |   400/1631 batches | lr 0.0006 | loss  3.555 | ppl     34.99
[2022-04-10 15:51:53.727] E036 |   600/1631 batches | lr 0.0006 | loss  3.574 | ppl     35.68
[2022-04-10 15:51:57.500] E036 |   800/1631 batches | lr 0.0006 | loss  3.503 | ppl     33.22
[2022-04-10 15:52:01.292] E036 |  1000/1631 batches | lr 0.0006 | loss  3.514 | ppl     33.59
[2022-04-10 15:52:05.083] E036 |  1200/1631 batches | lr 0.0006 | loss  3.519 | ppl     33.75
[2022-04-10 15:52:08.855] E036 |  1400/1631 batches | lr 0.0006 | loss  3.499 | ppl     33.08
[2022-04-10 15:52:12.793] E036 |  1600/1631 batches | lr 0.0006 | loss  3.516 | ppl     33.66
[2022-04-10 15:52:13.393] E036 |  1631/1631 batches | lr 0.0006 | loss  3.545 | ppl     34.65
[2022-04-10 15:52:20.424] End E036 | valid loss  4.430; ppl     83.94 | accu 0.2606 = 102772/394340
[2022-04-10 15:52:22.211] End E036 |  test loss  6.924; ppl   1016.65 | accu 0.1038 = 10235/98580 ../data/adult_test.txt
[2022-04-10 15:52:23.810] End E036 |  test loss  4.620; ppl    101.53 | accu 0.2429 = 21304/87700 ../data/adolescent_valid.txt
[2022-04-10 15:52:29.373] End E036 |  test loss  4.374; ppl     79.36 | accu 0.2657 = 81459/306600 ../data/cbt_valid.txt
[2022-04-10 15:52:29.373] Epoch 037/40 ==================================================
[2022-04-10 15:52:33.161] E037 |   200/1631 batches | lr 0.0003 | loss  3.592 | ppl     36.30
[2022-04-10 15:52:36.926] E037 |   400/1631 batches | lr 0.0003 | loss  3.554 | ppl     34.96
[2022-04-10 15:52:40.784] E037 |   600/1631 batches | lr 0.0003 | loss  3.575 | ppl     35.70
[2022-04-10 15:52:44.575] E037 |   800/1631 batches | lr 0.0003 | loss  3.504 | ppl     33.26
[2022-04-10 15:52:48.351] E037 |  1000/1631 batches | lr 0.0003 | loss  3.515 | ppl     33.60
[2022-04-10 15:52:52.149] E037 |  1200/1631 batches | lr 0.0003 | loss  3.522 | ppl     33.84
[2022-04-10 15:52:55.933] E037 |  1400/1631 batches | lr 0.0003 | loss  3.497 | ppl     33.02
[2022-04-10 15:52:59.730] E037 |  1600/1631 batches | lr 0.0003 | loss  3.513 | ppl     33.56
[2022-04-10 15:53:00.337] E037 |  1631/1631 batches | lr 0.0003 | loss  3.537 | ppl     34.36
[2022-04-10 15:53:07.402] End E037 | valid loss  4.430; ppl     83.94 | accu 0.2606 = 102772/394340
[2022-04-10 15:53:09.196] End E037 |  test loss  6.924; ppl   1016.65 | accu 0.1038 = 10235/98580 ../data/adult_test.txt
[2022-04-10 15:53:10.808] End E037 |  test loss  4.620; ppl    101.53 | accu 0.2429 = 21303/87700 ../data/adolescent_valid.txt
[2022-04-10 15:53:16.383] End E037 |  test loss  4.374; ppl     79.36 | accu 0.2657 = 81459/306600 ../data/cbt_valid.txt
[2022-04-10 15:53:16.383] Epoch 038/40 ==================================================
[2022-04-10 15:53:20.151] E038 |   200/1631 batches | lr 0.0002 | loss  3.590 | ppl     36.23
[2022-04-10 15:53:23.931] E038 |   400/1631 batches | lr 0.0002 | loss  3.556 | ppl     35.01
[2022-04-10 15:53:27.693] E038 |   600/1631 batches | lr 0.0002 | loss  3.577 | ppl     35.77
[2022-04-10 15:53:31.472] E038 |   800/1631 batches | lr 0.0002 | loss  3.501 | ppl     33.14
[2022-04-10 15:53:35.258] E038 |  1000/1631 batches | lr 0.0002 | loss  3.514 | ppl     33.59
[2022-04-10 15:53:39.021] E038 |  1200/1631 batches | lr 0.0002 | loss  3.520 | ppl     33.77
[2022-04-10 15:53:42.789] E038 |  1400/1631 batches | lr 0.0002 | loss  3.501 | ppl     33.14
[2022-04-10 15:53:46.593] E038 |  1600/1631 batches | lr 0.0002 | loss  3.516 | ppl     33.66
[2022-04-10 15:53:47.175] E038 |  1631/1631 batches | lr 0.0002 | loss  3.539 | ppl     34.42
[2022-04-10 15:53:54.193] End E038 | valid loss  4.430; ppl     83.94 | accu 0.2606 = 102771/394340
[2022-04-10 15:53:55.991] End E038 |  test loss  6.924; ppl   1016.65 | accu 0.1038 = 10235/98580 ../data/adult_test.txt
[2022-04-10 15:53:57.576] End E038 |  test loss  4.620; ppl    101.53 | accu 0.2429 = 21303/87700 ../data/adolescent_valid.txt
[2022-04-10 15:54:03.126] End E038 |  test loss  4.374; ppl     79.36 | accu 0.2657 = 81458/306600 ../data/cbt_valid.txt
[2022-04-10 15:54:03.126] Epoch 039/40 ==================================================
[2022-04-10 15:54:06.944] E039 |   200/1631 batches | lr 0.0001 | loss  3.589 | ppl     36.21
[2022-04-10 15:54:10.757] E039 |   400/1631 batches | lr 0.0001 | loss  3.554 | ppl     34.95
[2022-04-10 15:54:14.506] E039 |   600/1631 batches | lr 0.0001 | loss  3.576 | ppl     35.72
[2022-04-10 15:54:18.263] E039 |   800/1631 batches | lr 0.0001 | loss  3.503 | ppl     33.22
[2022-04-10 15:54:22.041] E039 |  1000/1631 batches | lr 0.0001 | loss  3.514 | ppl     33.57
[2022-04-10 15:54:25.890] E039 |  1200/1631 batches | lr 0.0001 | loss  3.522 | ppl     33.86
[2022-04-10 15:54:29.647] E039 |  1400/1631 batches | lr 0.0001 | loss  3.498 | ppl     33.06
[2022-04-10 15:54:33.429] E039 |  1600/1631 batches | lr 0.0001 | loss  3.516 | ppl     33.64
[2022-04-10 15:54:34.008] E039 |  1631/1631 batches | lr 0.0001 | loss  3.540 | ppl     34.46
[2022-04-10 15:54:41.130] End E039 | valid loss  4.430; ppl     83.94 | accu 0.2606 = 102771/394340
[2022-04-10 15:54:42.922] End E039 |  test loss  6.924; ppl   1016.65 | accu 0.1038 = 10235/98580 ../data/adult_test.txt
[2022-04-10 15:54:44.517] End E039 |  test loss  4.620; ppl    101.53 | accu 0.2429 = 21303/87700 ../data/adolescent_valid.txt
[2022-04-10 15:54:50.110] End E039 |  test loss  4.374; ppl     79.36 | accu 0.2657 = 81458/306600 ../data/cbt_valid.txt
[2022-04-10 15:54:50.110] Epoch 040/40 ==================================================
[2022-04-10 15:54:53.909] E040 |   200/1631 batches | lr 0.0000 | loss  3.590 | ppl     36.24
[2022-04-10 15:54:57.698] E040 |   400/1631 batches | lr 0.0000 | loss  3.556 | ppl     35.04
[2022-04-10 15:55:01.494] E040 |   600/1631 batches | lr 0.0000 | loss  3.574 | ppl     35.67
[2022-04-10 15:55:05.248] E040 |   800/1631 batches | lr 0.0000 | loss  3.503 | ppl     33.23
[2022-04-10 15:55:09.030] E040 |  1000/1631 batches | lr 0.0000 | loss  3.515 | ppl     33.60
[2022-04-10 15:55:12.804] E040 |  1200/1631 batches | lr 0.0000 | loss  3.520 | ppl     33.77
[2022-04-10 15:55:16.579] E040 |  1400/1631 batches | lr 0.0000 | loss  3.500 | ppl     33.12
[2022-04-10 15:55:20.346] E040 |  1600/1631 batches | lr 0.0000 | loss  3.517 | ppl     33.69
[2022-04-10 15:55:20.938] E040 |  1631/1631 batches | lr 0.0000 | loss  3.538 | ppl     34.40
[2022-04-10 15:55:28.077] End E040 | valid loss  4.430; ppl     83.94 | accu 0.2606 = 102773/394340
[2022-04-10 15:55:29.863] End E040 |  test loss  6.924; ppl   1016.65 | accu 0.1038 = 10235/98580 ../data/adult_test.txt
[2022-04-10 15:55:31.472] End E040 |  test loss  4.620; ppl    101.53 | accu 0.2429 = 21303/87700 ../data/adolescent_valid.txt
[2022-04-10 15:55:37.047] End E040 |  test loss  4.374; ppl     79.36 | accu 0.2657 = 81460/306600 ../data/cbt_valid.txt
[2022-04-10 15:55:38.836] End. test loss  6.91; ppl   999.56 | accu 0.1040 = 10250/98580 ../data/adult_test.txt
[2022-04-10 15:55:40.441] End. test loss  4.62; ppl   101.81 | accu 0.2423 = 21254/87700 ../data/adolescent_valid.txt
[2022-04-10 15:55:46.001] End. test loss  4.37; ppl    79.04 | accu 0.2649 = 81204/306600 ../data/cbt_valid.txt
[2022-04-10 15:55:46.001] =========================================================================================
