[2022-04-13 17:43:09.637] corpus.train_file_list: 2
[2022-04-13 17:43:09.637]         ../data/sample_500k/cbt_train.txt
[2022-04-13 17:43:09.637]         ../data/sample_500k/adolescent_train.txt
[2022-04-13 17:43:09.637] corpus.valid_file_list: 2
[2022-04-13 17:43:09.637]         ../data/sample_500k/cbt_valid.txt
[2022-04-13 17:43:09.637]         ../data/sample_500k/adolescent_valid.txt
[2022-04-13 17:43:09.637] corpus.test_file_list: 3
[2022-04-13 17:43:09.637]         ../data/sample_500k/adult_test.txt
[2022-04-13 17:43:09.637]         ../data/sample_500k/adolescent_valid.txt
[2022-04-13 17:43:09.637]         ../data/sample_500k/cbt_valid.txt
[2022-04-13 17:43:09.637] corpus.subword_vocab_size: 0
[2022-04-13 17:43:09.637] corpus.subword_model = None. Corpus will not use subword.
[2022-04-13 17:43:09.638] corpus tokenize...
[2022-04-13 17:43:10.294]         train tokens: 511735  ../data/sample_500k/cbt_train.txt
[2022-04-13 17:43:11.354]         train tokens: 467267  ../data/sample_500k/adolescent_train.txt
[2022-04-13 17:43:11.493]         valid tokens: 115417  ../data/sample_500k/cbt_valid.txt
[2022-04-13 17:43:11.716]         valid tokens: 112256  ../data/sample_500k/adolescent_valid.txt
[2022-04-13 17:43:12.334]         test  tokens: 506878  ../data/sample_500k/adult_test.txt
[2022-04-13 17:43:12.550]         test  tokens: 112256  ../data/sample_500k/adolescent_valid.txt
[2022-04-13 17:43:12.686]         test  tokens: 115417  ../data/sample_500k/cbt_valid.txt
[2022-04-13 17:43:12.686] corpus.ntokens      : 100726
[2022-04-13 17:43:12.687] corpus.char_count   : 166
[2022-04-13 17:43:12.687] corpus.char_cnt_dict: 166
[2022-04-13 17:43:12.687] corpus.char_id_dict : 166
[2022-04-13 17:43:12.696] corpus.batchify(2 files, batch_size=20)...
[2022-04-13 17:43:12.696]         tokens_all: 979002
[2022-04-13 17:43:12.696]         batched   :  48950
[2022-04-13 17:43:12.696]         ../data/sample_500k/cbt_train.txt
[2022-04-13 17:43:12.696]         ../data/sample_500k/adolescent_train.txt
[2022-04-13 17:43:12.699] corpus.batchify(2 files, batch_size=20)...
[2022-04-13 17:43:12.699]         tokens_all: 227673
[2022-04-13 17:43:12.699]         batched   :  11383
[2022-04-13 17:43:12.700]         ../data/sample_500k/cbt_valid.txt
[2022-04-13 17:43:12.700]         ../data/sample_500k/adolescent_valid.txt
[2022-04-13 17:43:12.704] corpus.batchify(1 files, batch_size=20)...
[2022-04-13 17:43:12.704]         tokens_all: 506878
[2022-04-13 17:43:12.704]         batched   :  25343
[2022-04-13 17:43:12.704]         ../data/sample_500k/adult_test.txt
[2022-04-13 17:43:12.705] corpus.batchify(1 files, batch_size=20)...
[2022-04-13 17:43:12.706]         tokens_all: 112256
[2022-04-13 17:43:12.706]         batched   :   5612
[2022-04-13 17:43:12.706]         ../data/sample_500k/adolescent_valid.txt
[2022-04-13 17:43:12.707] corpus.batchify(1 files, batch_size=20)...
[2022-04-13 17:43:12.707]         tokens_all: 115417
[2022-04-13 17:43:12.707]         batched   :   5770
[2022-04-13 17:43:12.707]         ../data/sample_500k/cbt_valid.txt
[2022-04-13 17:43:12.708] subword_adapter will be generated due to word_split_mode='Subword.500'
[2022-04-13 17:43:12.708] SubwordAdapter.file_list: 4
[2022-04-13 17:43:12.708]         ../data/sample_500k/cbt_train.txt
[2022-04-13 17:43:12.708]         ../data/sample_500k/adolescent_train.txt
[2022-04-13 17:43:12.708]         ../data/sample_500k/cbt_valid.txt
[2022-04-13 17:43:12.708]         ../data/sample_500k/adolescent_valid.txt
[2022-04-13 17:43:12.708] SubwordAdapter.subword_vocab_size: 500
[2022-04-13 17:43:12.708] SubwordAdapter.subword_model.train(4 files)...
[2022-04-13 17:43:13.245] SubwordAdapter.subword_model.train(4 files)...Done
[2022-04-13 17:43:13.946] RNNModel.rnn_type: LSTM
[2022-04-13 17:43:13.946] RNNModel.ntoken  : 100726
[2022-04-13 17:43:13.946] RNNModel.ninp    : 200
[2022-04-13 17:43:13.946] RNNModel.nhid    : 200
[2022-04-13 17:43:13.947] RNNModel.nlayers : 2
[2022-04-13 17:43:13.947] RNNModel.dropout : 0.2
[2022-04-13 17:43:13.947] RNNModel.tie_weights: False
[2022-04-13 17:43:13.947] RNNModel.fragment_aggregate_mode: LSTM
[2022-04-13 17:43:13.947] RNNModel.fragment_cnt           : 502
[2022-04-13 17:43:13.947] RNNModel.fragment_emsize        : 25
[2022-04-13 17:43:13.947] RNNModel.fragment_nhid          : 200
[2022-04-13 17:43:13.947] RNNModel.fragment_embeds     : created
[2022-04-13 17:43:13.951] RNNModel.fragment_lstm       : created
[2022-04-13 17:43:13.951] RNNModel.fragment_lstm_linear: created
[2022-04-13 17:43:13.985] Epoch 001/20 ==================================================
[2022-04-13 17:44:21.907] E001 |   200/1398 batches | lr 20.0000 | loss  8.160 | ppl   3499.12 frag_cnt/word_cnt=2.201=308150/140000
[2022-04-13 17:45:30.361] E001 |   400/1398 batches | lr 20.0000 | loss  6.980 | ppl   1075.42 frag_cnt/word_cnt=2.238=313344/140000
[2022-04-13 17:46:38.070] E001 |   600/1398 batches | lr 20.0000 | loss  6.375 | ppl    587.10 frag_cnt/word_cnt=2.233=312628/140000
[2022-04-13 17:47:47.311] E001 |   800/1398 batches | lr 20.0000 | loss  6.130 | ppl    459.60 frag_cnt/word_cnt=2.266=317262/140000
[2022-04-13 17:48:55.527] E001 |  1000/1398 batches | lr 20.0000 | loss  5.914 | ppl    370.31 frag_cnt/word_cnt=2.259=316244/140000
[2022-04-13 17:50:01.739] E001 |  1200/1398 batches | lr 20.0000 | loss  5.772 | ppl    321.09 frag_cnt/word_cnt=2.242=313927/140000
[2022-04-13 17:51:09.133] E001 |  1398/1398 batches | lr 20.0000 | loss  5.641 | ppl    281.65 frag_cnt/word_cnt=2.225=308414/138600
[2022-04-13 17:51:38.653] End E001 | valid loss  5.795; ppl    328.75 | accu 0.1654 = 37661/227640 | w_len 2.1526 = 490018/227640
[2022-04-13 17:52:43.843] End E001 |  test loss  8.265; ppl   3885.89 | accu 0.0605 = 30677/506840 | w_len 2.5036 = 1268900/506840 ../data/sample_500k/adult_test.txt
[2022-04-13 17:52:58.793] End E001 |  test loss  6.462; ppl    640.14 | accu 0.1533 = 17199/112220 | w_len 2.5248 = 283333/112220 ../data/sample_500k/adolescent_valid.txt
[2022-04-13 17:53:13.517] End E001 |  test loss  5.151; ppl    172.63 | accu 0.1769 = 20408/115380 | w_len 1.7906 = 206596/115380 ../data/sample_500k/cbt_valid.txt
[2022-04-13 17:53:13.517] Save: model.pt... 
[2022-04-13 17:53:14.170] Save: model.pt...Done. best_val_loss: 5.7953
[2022-04-13 17:53:14.171] Epoch 002/20 ==================================================
[2022-04-13 17:54:21.447] E002 |   200/1398 batches | lr 20.0000 | loss  5.556 | ppl    258.88 frag_cnt/word_cnt=2.201=308150/140000
[2022-04-13 17:55:27.287] E002 |   400/1398 batches | lr 20.0000 | loss  5.501 | ppl    244.96 frag_cnt/word_cnt=2.238=313344/140000
[2022-04-13 17:56:34.054] E002 |   600/1398 batches | lr 20.0000 | loss  5.378 | ppl    216.55 frag_cnt/word_cnt=2.233=312628/140000
[2022-04-13 17:57:41.698] E002 |   800/1398 batches | lr 20.0000 | loss  5.454 | ppl    233.79 frag_cnt/word_cnt=2.266=317262/140000
[2022-04-13 17:58:49.689] E002 |  1000/1398 batches | lr 20.0000 | loss  5.345 | ppl    209.52 frag_cnt/word_cnt=2.259=316244/140000
[2022-04-13 17:59:54.136] E002 |  1200/1398 batches | lr 20.0000 | loss  5.269 | ppl    194.25 frag_cnt/word_cnt=2.242=313927/140000
[2022-04-13 18:01:01.819] E002 |  1398/1398 batches | lr 20.0000 | loss  5.209 | ppl    182.83 frag_cnt/word_cnt=2.225=308414/138600
[2022-04-13 18:01:31.008] End E002 | valid loss  5.488; ppl    241.68 | accu 0.2039 = 46422/227640 | w_len 2.1526 = 490018/227640
[2022-04-13 18:02:35.881] End E002 |  test loss  8.275; ppl   3926.38 | accu 0.0789 = 39995/506840 | w_len 2.5036 = 1268900/506840 ../data/sample_500k/adult_test.txt
[2022-04-13 18:02:52.670] End E002 |  test loss  6.082; ppl    438.10 | accu 0.2065 = 23173/112220 | w_len 2.5248 = 283333/112220 ../data/sample_500k/adolescent_valid.txt
[2022-04-13 18:03:07.900] End E002 |  test loss  4.912; ppl    135.96 | accu 0.2013 = 23227/115380 | w_len 1.7906 = 206596/115380 ../data/sample_500k/cbt_valid.txt
[2022-04-13 18:03:07.900] Save: model.pt... 
[2022-04-13 18:03:08.632] Save: model.pt...Done. best_val_loss: 5.4876
[2022-04-13 18:03:08.632] Epoch 003/20 ==================================================
[2022-04-13 18:04:18.576] E003 |   200/1398 batches | lr 20.0000 | loss  5.193 | ppl    179.98 frag_cnt/word_cnt=2.201=308150/140000
[2022-04-13 18:05:25.524] E003 |   400/1398 batches | lr 20.0000 | loss  5.174 | ppl    176.56 frag_cnt/word_cnt=2.238=313344/140000
[2022-04-13 18:06:34.573] E003 |   600/1398 batches | lr 20.0000 | loss  5.075 | ppl    160.02 frag_cnt/word_cnt=2.233=312628/140000
[2022-04-13 18:07:42.300] E003 |   800/1398 batches | lr 20.0000 | loss  5.161 | ppl    174.28 frag_cnt/word_cnt=2.266=317262/140000
[2022-04-13 18:08:50.478] E003 |  1000/1398 batches | lr 20.0000 | loss  5.087 | ppl    161.97 frag_cnt/word_cnt=2.259=316244/140000
[2022-04-13 18:09:58.879] E003 |  1200/1398 batches | lr 20.0000 | loss  5.029 | ppl    152.79 frag_cnt/word_cnt=2.242=313927/140000
[2022-04-13 18:11:04.073] E003 |  1398/1398 batches | lr 20.0000 | loss  4.979 | ppl    145.29 frag_cnt/word_cnt=2.225=308414/138600
[2022-04-13 18:11:34.086] End E003 | valid loss  5.345; ppl    209.66 | accu 0.2119 = 48227/227640 | w_len 2.1526 = 490018/227640
[2022-04-13 18:12:39.695] End E003 |  test loss  8.205; ppl   3658.59 | accu 0.0822 = 41666/506840 | w_len 2.5036 = 1268900/506840 ../data/sample_500k/adult_test.txt
[2022-04-13 18:12:54.368] End E003 |  test loss  5.932; ppl    377.03 | accu 0.2090 = 23449/112220 | w_len 2.5248 = 283333/112220 ../data/sample_500k/adolescent_valid.txt
[2022-04-13 18:13:09.116] End E003 |  test loss  4.776; ppl    118.68 | accu 0.2144 = 24734/115380 | w_len 1.7906 = 206596/115380 ../data/sample_500k/cbt_valid.txt
[2022-04-13 18:13:09.116] Save: model.pt... 
[2022-04-13 18:13:09.866] Save: model.pt...Done. best_val_loss: 5.3455
[2022-04-13 18:13:09.866] Epoch 004/20 ==================================================
[2022-04-13 18:14:17.188] E004 |   200/1398 batches | lr 20.0000 | loss  4.987 | ppl    146.50 frag_cnt/word_cnt=2.201=308150/140000
[2022-04-13 18:15:25.412] E004 |   400/1398 batches | lr 20.0000 | loss  4.979 | ppl    145.27 frag_cnt/word_cnt=2.238=313344/140000
[2022-04-13 18:16:37.020] E004 |   600/1398 batches | lr 20.0000 | loss  4.888 | ppl    132.73 frag_cnt/word_cnt=2.233=312628/140000
[2022-04-13 18:17:45.731] E004 |   800/1398 batches | lr 20.0000 | loss  4.989 | ppl    146.80 frag_cnt/word_cnt=2.266=317262/140000
[2022-04-13 18:18:51.312] E004 |  1000/1398 batches | lr 20.0000 | loss  4.923 | ppl    137.39 frag_cnt/word_cnt=2.259=316244/140000
[2022-04-13 18:19:56.575] E004 |  1200/1398 batches | lr 20.0000 | loss  4.861 | ppl    129.17 frag_cnt/word_cnt=2.242=313927/140000
[2022-04-13 18:21:02.051] E004 |  1398/1398 batches | lr 20.0000 | loss  4.822 | ppl    124.27 frag_cnt/word_cnt=2.225=308414/138600
[2022-04-13 18:21:31.368] End E004 | valid loss  5.317; ppl    203.77 | accu 0.2166 = 49309/227640 | w_len 2.1526 = 490018/227640
[2022-04-13 18:22:39.567] End E004 |  test loss  8.373; ppl   4329.10 | accu 0.0737 = 37349/506840 | w_len 2.5036 = 1268900/506840 ../data/sample_500k/adult_test.txt
[2022-04-13 18:22:54.447] End E004 |  test loss  5.923; ppl    373.37 | accu 0.2149 = 24113/112220 | w_len 2.5248 = 283333/112220 ../data/sample_500k/adolescent_valid.txt
[2022-04-13 18:23:09.343] End E004 |  test loss  4.730; ppl    113.29 | accu 0.2179 = 25142/115380 | w_len 1.7906 = 206596/115380 ../data/sample_500k/cbt_valid.txt
[2022-04-13 18:23:09.343] Save: model.pt... 
[2022-04-13 18:23:10.073] Save: model.pt...Done. best_val_loss: 5.3170
[2022-04-13 18:23:10.074] Epoch 005/20 ==================================================
[2022-04-13 18:24:18.855] E005 |   200/1398 batches | lr 20.0000 | loss  4.843 | ppl    126.81 frag_cnt/word_cnt=2.201=308150/140000
[2022-04-13 18:25:27.477] E005 |   400/1398 batches | lr 20.0000 | loss  4.839 | ppl    126.35 frag_cnt/word_cnt=2.238=313344/140000
[2022-04-13 18:26:35.771] E005 |   600/1398 batches | lr 20.0000 | loss  4.758 | ppl    116.51 frag_cnt/word_cnt=2.233=312628/140000
[2022-04-13 18:27:45.785] E005 |   800/1398 batches | lr 20.0000 | loss  4.859 | ppl    128.91 frag_cnt/word_cnt=2.266=317262/140000
[2022-04-13 18:28:52.114] E005 |  1000/1398 batches | lr 20.0000 | loss  4.791 | ppl    120.45 frag_cnt/word_cnt=2.259=316244/140000
[2022-04-13 18:29:58.025] E005 |  1200/1398 batches | lr 20.0000 | loss  4.733 | ppl    113.60 frag_cnt/word_cnt=2.242=313927/140000
[2022-04-13 18:31:02.653] E005 |  1398/1398 batches | lr 20.0000 | loss  4.701 | ppl    110.09 frag_cnt/word_cnt=2.225=308414/138600
[2022-04-13 18:31:32.025] End E005 | valid loss  5.263; ppl    193.07 | accu 0.2185 = 49729/227640 | w_len 2.1526 = 490018/227640
[2022-04-13 18:32:37.616] End E005 |  test loss  8.211; ppl   3680.64 | accu 0.0846 = 42904/506840 | w_len 2.5036 = 1268900/506840 ../data/sample_500k/adult_test.txt
[2022-04-13 18:32:52.187] End E005 |  test loss  5.861; ppl    351.08 | accu 0.2139 = 24006/112220 | w_len 2.5248 = 283333/112220 ../data/sample_500k/adolescent_valid.txt
[2022-04-13 18:33:07.348] End E005 |  test loss  4.684; ppl    108.15 | accu 0.2229 = 25714/115380 | w_len 1.7906 = 206596/115380 ../data/sample_500k/cbt_valid.txt
[2022-04-13 18:33:07.348] Save: model.pt... 
[2022-04-13 18:33:08.033] Save: model.pt...Done. best_val_loss: 5.2631
[2022-04-13 18:33:08.033] Epoch 006/20 ==================================================
[2022-04-13 18:34:14.499] E006 |   200/1398 batches | lr 20.0000 | loss  4.726 | ppl    112.86 frag_cnt/word_cnt=2.201=308150/140000
[2022-04-13 18:35:21.863] E006 |   400/1398 batches | lr 20.0000 | loss  4.722 | ppl    112.40 frag_cnt/word_cnt=2.238=313344/140000
[2022-04-13 18:36:27.204] E006 |   600/1398 batches | lr 20.0000 | loss  4.649 | ppl    104.43 frag_cnt/word_cnt=2.233=312628/140000
[2022-04-13 18:37:35.444] E006 |   800/1398 batches | lr 20.0000 | loss  4.750 | ppl    115.57 frag_cnt/word_cnt=2.266=317262/140000
[2022-04-13 18:38:46.021] E006 |  1000/1398 batches | lr 20.0000 | loss  4.688 | ppl    108.65 frag_cnt/word_cnt=2.259=316244/140000
[2022-04-13 18:39:53.295] E006 |  1200/1398 batches | lr 20.0000 | loss  4.622 | ppl    101.71 frag_cnt/word_cnt=2.242=313927/140000
[2022-04-13 18:40:58.007] E006 |  1398/1398 batches | lr 20.0000 | loss  4.599 | ppl     99.40 frag_cnt/word_cnt=2.225=308414/138600
[2022-04-13 18:41:29.135] End E006 | valid loss  5.255; ppl    191.48 | accu 0.2215 = 50415/227640 | w_len 2.1526 = 490018/227640
[2022-04-13 18:42:33.723] End E006 |  test loss  8.272; ppl   3913.64 | accu 0.0841 = 42612/506840 | w_len 2.5036 = 1268900/506840 ../data/sample_500k/adult_test.txt
[2022-04-13 18:42:48.315] End E006 |  test loss  5.852; ppl    347.94 | accu 0.2192 = 24597/112220 | w_len 2.5248 = 283333/112220 ../data/sample_500k/adolescent_valid.txt
[2022-04-13 18:43:02.956] End E006 |  test loss  4.676; ppl    107.35 | accu 0.2235 = 25783/115380 | w_len 1.7906 = 206596/115380 ../data/sample_500k/cbt_valid.txt
[2022-04-13 18:43:02.957] Save: model.pt... 
[2022-04-13 18:43:03.637] Save: model.pt...Done. best_val_loss: 5.2548
[2022-04-13 18:43:03.637] Epoch 007/20 ==================================================
[2022-04-13 18:44:15.206] E007 |   200/1398 batches | lr 20.0000 | loss  4.631 | ppl    102.62 frag_cnt/word_cnt=2.201=308150/140000
[2022-04-13 18:45:25.187] E007 |   400/1398 batches | lr 20.0000 | loss  4.625 | ppl    102.05 frag_cnt/word_cnt=2.238=313344/140000
[2022-04-13 18:46:31.667] E007 |   600/1398 batches | lr 20.0000 | loss  4.557 | ppl     95.33 frag_cnt/word_cnt=2.233=312628/140000
[2022-04-13 18:47:41.497] E007 |   800/1398 batches | lr 20.0000 | loss  4.655 | ppl    105.09 frag_cnt/word_cnt=2.266=317262/140000
[2022-04-13 18:48:52.073] E007 |  1000/1398 batches | lr 20.0000 | loss  4.595 | ppl     99.00 frag_cnt/word_cnt=2.259=316244/140000
[2022-04-13 18:49:59.151] E007 |  1200/1398 batches | lr 20.0000 | loss  4.534 | ppl     93.11 frag_cnt/word_cnt=2.242=313927/140000
[2022-04-13 18:51:03.074] E007 |  1398/1398 batches | lr 20.0000 | loss  4.508 | ppl     90.76 frag_cnt/word_cnt=2.225=308414/138600
[2022-04-13 18:51:32.655] End E007 | valid loss  5.252; ppl    191.00 | accu 0.2213 = 50380/227640 | w_len 2.1526 = 490018/227640
[2022-04-13 18:52:37.699] End E007 |  test loss  8.349; ppl   4227.43 | accu 0.0850 = 43074/506840 | w_len 2.5036 = 1268900/506840 ../data/sample_500k/adult_test.txt
[2022-04-13 18:52:54.303] End E007 |  test loss  5.860; ppl    350.80 | accu 0.2194 = 24623/112220 | w_len 2.5248 = 283333/112220 ../data/sample_500k/adolescent_valid.txt
[2022-04-13 18:53:09.644] End E007 |  test loss  4.664; ppl    106.06 | accu 0.2229 = 25715/115380 | w_len 1.7906 = 206596/115380 ../data/sample_500k/cbt_valid.txt
[2022-04-13 18:53:09.644] Save: model.pt... 
[2022-04-13 18:53:10.328] Save: model.pt...Done. best_val_loss: 5.2523
[2022-04-13 18:53:10.328] Epoch 008/20 ==================================================
[2022-04-13 18:54:17.221] E008 |   200/1398 batches | lr 20.0000 | loss  4.544 | ppl     94.06 frag_cnt/word_cnt=2.201=308150/140000
[2022-04-13 18:55:24.488] E008 |   400/1398 batches | lr 20.0000 | loss  4.540 | ppl     93.67 frag_cnt/word_cnt=2.238=313344/140000
[2022-04-13 18:56:34.273] E008 |   600/1398 batches | lr 20.0000 | loss  4.475 | ppl     87.83 frag_cnt/word_cnt=2.233=312628/140000
[2022-04-13 18:57:45.171] E008 |   800/1398 batches | lr 20.0000 | loss  4.568 | ppl     96.38 frag_cnt/word_cnt=2.266=317262/140000
[2022-04-13 18:58:52.645] E008 |  1000/1398 batches | lr 20.0000 | loss  4.510 | ppl     90.96 frag_cnt/word_cnt=2.259=316244/140000
[2022-04-13 18:59:59.031] E008 |  1200/1398 batches | lr 20.0000 | loss  4.449 | ppl     85.50 frag_cnt/word_cnt=2.242=313927/140000
[2022-04-13 19:01:02.116] E008 |  1398/1398 batches | lr 20.0000 | loss  4.435 | ppl     84.36 frag_cnt/word_cnt=2.225=308414/138600
[2022-04-13 19:01:30.949] End E008 | valid loss  5.270; ppl    194.48 | accu 0.2216 = 50443/227640 | w_len 2.1526 = 490018/227640
[2022-04-13 19:02:39.689] End E008 |  test loss  8.376; ppl   4341.73 | accu 0.0828 = 41963/506840 | w_len 2.5036 = 1268900/506840 ../data/sample_500k/adult_test.txt
[2022-04-13 19:02:57.934] End E008 |  test loss  5.905; ppl    366.91 | accu 0.2174 = 24398/112220 | w_len 2.5248 = 283333/112220 ../data/sample_500k/adolescent_valid.txt
[2022-04-13 19:03:15.579] End E008 |  test loss  4.655; ppl    105.11 | accu 0.2258 = 26049/115380 | w_len 1.7906 = 206596/115380 ../data/sample_500k/cbt_valid.txt
[2022-04-13 19:03:15.579] Epoch 009/20 ==================================================
[2022-04-13 19:04:21.932] E009 |   200/1398 batches | lr 10.0000 | loss  4.416 | ppl     82.74 frag_cnt/word_cnt=2.201=308150/140000
[2022-04-13 19:05:31.099] E009 |   400/1398 batches | lr 10.0000 | loss  4.381 | ppl     79.90 frag_cnt/word_cnt=2.238=313344/140000
[2022-04-13 19:06:37.551] E009 |   600/1398 batches | lr 10.0000 | loss  4.299 | ppl     73.64 frag_cnt/word_cnt=2.233=312628/140000
[2022-04-13 19:07:44.611] E009 |   800/1398 batches | lr 10.0000 | loss  4.370 | ppl     79.06 frag_cnt/word_cnt=2.266=317262/140000
[2022-04-13 19:08:53.051] E009 |  1000/1398 batches | lr 10.0000 | loss  4.306 | ppl     74.15 frag_cnt/word_cnt=2.259=316244/140000
[2022-04-13 19:09:57.999] E009 |  1200/1398 batches | lr 10.0000 | loss  4.231 | ppl     68.78 frag_cnt/word_cnt=2.242=313927/140000
[2022-04-13 19:11:05.139] E009 |  1398/1398 batches | lr 10.0000 | loss  4.203 | ppl     66.87 frag_cnt/word_cnt=2.225=308414/138600
[2022-04-13 19:11:35.858] End E009 | valid loss  5.194; ppl    180.10 | accu 0.2333 = 53111/227640 | w_len 2.1526 = 490018/227640
[2022-04-13 19:12:40.090] End E009 |  test loss  8.399; ppl   4441.92 | accu 0.0892 = 45206/506840 | w_len 2.5036 = 1268900/506840 ../data/sample_500k/adult_test.txt
[2022-04-13 19:12:54.300] End E009 |  test loss  5.824; ppl    338.49 | accu 0.2290 = 25701/112220 | w_len 2.5248 = 283333/112220 ../data/sample_500k/adolescent_valid.txt
[2022-04-13 19:13:08.858] End E009 |  test loss  4.582; ppl     97.69 | accu 0.2373 = 27382/115380 | w_len 1.7906 = 206596/115380 ../data/sample_500k/cbt_valid.txt
[2022-04-13 19:13:08.858] Save: model.pt... 
[2022-04-13 19:13:09.548] Save: model.pt...Done. best_val_loss: 5.1935
[2022-04-13 19:13:09.549] Epoch 010/20 ==================================================
[2022-04-13 19:14:17.454] E010 |   200/1398 batches | lr 10.0000 | loss  4.308 | ppl     74.29 frag_cnt/word_cnt=2.201=308150/140000
[2022-04-13 19:15:25.276] E010 |   400/1398 batches | lr 10.0000 | loss  4.293 | ppl     73.18 frag_cnt/word_cnt=2.238=313344/140000
[2022-04-13 19:16:34.679] E010 |   600/1398 batches | lr 10.0000 | loss  4.221 | ppl     68.09 frag_cnt/word_cnt=2.233=312628/140000
[2022-04-13 19:17:43.203] E010 |   800/1398 batches | lr 10.0000 | loss  4.305 | ppl     74.07 frag_cnt/word_cnt=2.266=317262/140000
[2022-04-13 19:18:50.484] E010 |  1000/1398 batches | lr 10.0000 | loss  4.241 | ppl     69.49 frag_cnt/word_cnt=2.259=316244/140000
[2022-04-13 19:19:54.091] E010 |  1200/1398 batches | lr 10.0000 | loss  4.177 | ppl     65.15 frag_cnt/word_cnt=2.242=313927/140000
[2022-04-13 19:20:58.184] E010 |  1398/1398 batches | lr 10.0000 | loss  4.156 | ppl     63.79 frag_cnt/word_cnt=2.225=308414/138600
[2022-04-13 19:21:26.910] End E010 | valid loss  5.197; ppl    180.80 | accu 0.2335 = 53157/227640 | w_len 2.1526 = 490018/227640
[2022-04-13 19:22:31.595] End E010 |  test loss  8.450; ppl   4674.16 | accu 0.0875 = 44333/506840 | w_len 2.5036 = 1268900/506840 ../data/sample_500k/adult_test.txt
[2022-04-13 19:22:45.658] End E010 |  test loss  5.837; ppl    342.68 | accu 0.2291 = 25713/112220 | w_len 2.5248 = 283333/112220 ../data/sample_500k/adolescent_valid.txt
[2022-04-13 19:23:00.080] End E010 |  test loss  4.577; ppl     97.24 | accu 0.2379 = 27444/115380 | w_len 1.7906 = 206596/115380 ../data/sample_500k/cbt_valid.txt
[2022-04-13 19:23:00.080] Epoch 011/20 ==================================================
[2022-04-13 19:24:06.399] E011 |   200/1398 batches | lr 5.0000 | loss  4.240 | ppl     69.40 frag_cnt/word_cnt=2.201=308150/140000
[2022-04-13 19:25:11.498] E011 |   400/1398 batches | lr 5.0000 | loss  4.208 | ppl     67.25 frag_cnt/word_cnt=2.238=313344/140000
[2022-04-13 19:26:15.024] E011 |   600/1398 batches | lr 5.0000 | loss  4.133 | ppl     62.36 frag_cnt/word_cnt=2.233=312628/140000
[2022-04-13 19:27:21.928] E011 |   800/1398 batches | lr 5.0000 | loss  4.203 | ppl     66.88 frag_cnt/word_cnt=2.266=317262/140000
[2022-04-13 19:28:25.696] E011 |  1000/1398 batches | lr 5.0000 | loss  4.132 | ppl     62.32 frag_cnt/word_cnt=2.259=316244/140000
[2022-04-13 19:29:31.532] E011 |  1200/1398 batches | lr 5.0000 | loss  4.059 | ppl     57.92 frag_cnt/word_cnt=2.242=313927/140000
[2022-04-13 19:30:34.597] E011 |  1398/1398 batches | lr 5.0000 | loss  4.027 | ppl     56.10 frag_cnt/word_cnt=2.225=308414/138600
[2022-04-13 19:31:02.986] End E011 | valid loss  5.175; ppl    176.77 | accu 0.2375 = 54066/227640 | w_len 2.1526 = 490018/227640
[2022-04-13 19:32:06.758] End E011 |  test loss  8.489; ppl   4859.15 | accu 0.0894 = 45292/506840 | w_len 2.5036 = 1268900/506840 ../data/sample_500k/adult_test.txt
[2022-04-13 19:32:20.608] End E011 |  test loss  5.826; ppl    339.09 | accu 0.2312 = 25940/112220 | w_len 2.5248 = 283333/112220 ../data/sample_500k/adolescent_valid.txt
[2022-04-13 19:32:34.737] End E011 |  test loss  4.544; ppl     94.05 | accu 0.2435 = 28092/115380 | w_len 1.7906 = 206596/115380 ../data/sample_500k/cbt_valid.txt
[2022-04-13 19:32:34.737] Save: model.pt... 
[2022-04-13 19:32:35.406] Save: model.pt...Done. best_val_loss: 5.1749
[2022-04-13 19:32:35.406] Epoch 012/20 ==================================================
[2022-04-13 19:33:39.818] E012 |   200/1398 batches | lr 5.0000 | loss  4.174 | ppl     64.98 frag_cnt/word_cnt=2.201=308150/140000
[2022-04-13 19:34:44.064] E012 |   400/1398 batches | lr 5.0000 | loss  4.157 | ppl     63.86 frag_cnt/word_cnt=2.238=313344/140000
[2022-04-13 19:35:48.352] E012 |   600/1398 batches | lr 5.0000 | loss  4.087 | ppl     59.55 frag_cnt/word_cnt=2.233=312628/140000
[2022-04-13 19:36:53.228] E012 |   800/1398 batches | lr 5.0000 | loss  4.158 | ppl     63.97 frag_cnt/word_cnt=2.266=317262/140000
[2022-04-13 19:37:58.053] E012 |  1000/1398 batches | lr 5.0000 | loss  4.101 | ppl     60.37 frag_cnt/word_cnt=2.259=316244/140000
[2022-04-13 19:39:00.521] E012 |  1200/1398 batches | lr 5.0000 | loss  4.032 | ppl     56.40 frag_cnt/word_cnt=2.242=313927/140000
[2022-04-13 19:40:02.369] E012 |  1398/1398 batches | lr 5.0000 | loss  4.009 | ppl     55.09 frag_cnt/word_cnt=2.225=308414/138600
[2022-04-13 19:40:31.423] End E012 | valid loss  5.180; ppl    177.68 | accu 0.2377 = 54118/227640 | w_len 2.1526 = 490018/227640
[2022-04-13 19:41:34.925] End E012 |  test loss  8.505; ppl   4940.44 | accu 0.0882 = 44697/506840 | w_len 2.5036 = 1268900/506840 ../data/sample_500k/adult_test.txt
[2022-04-13 19:41:48.902] End E012 |  test loss  5.834; ppl    341.86 | accu 0.2313 = 25958/112220 | w_len 2.5248 = 283333/112220 ../data/sample_500k/adolescent_valid.txt
[2022-04-13 19:42:03.131] End E012 |  test loss  4.545; ppl     94.19 | accu 0.2439 = 28143/115380 | w_len 1.7906 = 206596/115380 ../data/sample_500k/cbt_valid.txt
[2022-04-13 19:42:03.132] Epoch 013/20 ==================================================
[2022-04-13 19:43:11.070] E013 |   200/1398 batches | lr 2.5000 | loss  4.145 | ppl     63.13 frag_cnt/word_cnt=2.201=308150/140000
[2022-04-13 19:44:21.260] E013 |   400/1398 batches | lr 2.5000 | loss  4.118 | ppl     61.42 frag_cnt/word_cnt=2.238=313344/140000
[2022-04-13 19:45:29.243] E013 |   600/1398 batches | lr 2.5000 | loss  4.044 | ppl     57.07 frag_cnt/word_cnt=2.233=312628/140000
[2022-04-13 19:46:36.777] E013 |   800/1398 batches | lr 2.5000 | loss  4.103 | ppl     60.49 frag_cnt/word_cnt=2.266=317262/140000
[2022-04-13 19:47:42.058] E013 |  1000/1398 batches | lr 2.5000 | loss  4.045 | ppl     57.11 frag_cnt/word_cnt=2.259=316244/140000
[2022-04-13 19:48:45.376] E013 |  1200/1398 batches | lr 2.5000 | loss  3.971 | ppl     53.03 frag_cnt/word_cnt=2.242=313927/140000
[2022-04-13 19:49:50.071] E013 |  1398/1398 batches | lr 2.5000 | loss  3.940 | ppl     51.40 frag_cnt/word_cnt=2.225=308414/138600
[2022-04-13 19:50:18.953] End E013 | valid loss  5.172; ppl    176.21 | accu 0.2399 = 54621/227640 | w_len 2.1526 = 490018/227640
[2022-04-13 19:51:23.382] End E013 |  test loss  8.523; ppl   5030.35 | accu 0.0901 = 45654/506840 | w_len 2.5036 = 1268900/506840 ../data/sample_500k/adult_test.txt
[2022-04-13 19:51:37.628] End E013 |  test loss  5.837; ppl    342.67 | accu 0.2330 = 26148/112220 | w_len 2.5248 = 283333/112220 ../data/sample_500k/adolescent_valid.txt
[2022-04-13 19:51:52.473] End E013 |  test loss  4.527; ppl     92.46 | accu 0.2467 = 28462/115380 | w_len 1.7906 = 206596/115380 ../data/sample_500k/cbt_valid.txt
[2022-04-13 19:51:52.474] Save: model.pt... 
[2022-04-13 19:51:53.177] Save: model.pt...Done. best_val_loss: 5.1717
[2022-04-13 19:51:53.177] Epoch 014/20 ==================================================
[2022-04-13 19:53:05.684] E014 |   200/1398 batches | lr 2.5000 | loss  4.107 | ppl     60.76 frag_cnt/word_cnt=2.201=308150/140000
[2022-04-13 19:54:11.876] E014 |   400/1398 batches | lr 2.5000 | loss  4.084 | ppl     59.40 frag_cnt/word_cnt=2.238=313344/140000
[2022-04-13 19:55:17.854] E014 |   600/1398 batches | lr 2.5000 | loss  4.017 | ppl     55.53 frag_cnt/word_cnt=2.233=312628/140000
[2022-04-13 19:56:25.203] E014 |   800/1398 batches | lr 2.5000 | loss  4.086 | ppl     59.53 frag_cnt/word_cnt=2.266=317262/140000
[2022-04-13 19:57:32.463] E014 |  1000/1398 batches | lr 2.5000 | loss  4.025 | ppl     55.97 frag_cnt/word_cnt=2.259=316244/140000
[2022-04-13 19:58:38.834] E014 |  1200/1398 batches | lr 2.5000 | loss  3.956 | ppl     52.24 frag_cnt/word_cnt=2.242=313927/140000
[2022-04-13 19:59:45.593] E014 |  1398/1398 batches | lr 2.5000 | loss  3.929 | ppl     50.86 frag_cnt/word_cnt=2.225=308414/138600
[2022-04-13 20:00:15.406] End E014 | valid loss  5.170; ppl    175.88 | accu 0.2401 = 54667/227640 | w_len 2.1526 = 490018/227640
[2022-04-13 20:01:21.091] End E014 |  test loss  8.538; ppl   5103.80 | accu 0.0905 = 45859/506840 | w_len 2.5036 = 1268900/506840 ../data/sample_500k/adult_test.txt
[2022-04-13 20:01:35.572] End E014 |  test loss  5.831; ppl    340.74 | accu 0.2334 = 26189/112220 | w_len 2.5248 = 283333/112220 ../data/sample_500k/adolescent_valid.txt
[2022-04-13 20:01:50.065] End E014 |  test loss  4.528; ppl     92.61 | accu 0.2466 = 28452/115380 | w_len 1.7906 = 206596/115380 ../data/sample_500k/cbt_valid.txt
[2022-04-13 20:01:50.065] Save: model.pt... 
[2022-04-13 20:01:50.753] Save: model.pt...Done. best_val_loss: 5.1698
[2022-04-13 20:01:50.753] Epoch 015/20 ==================================================
[2022-04-13 20:02:55.451] E015 |   200/1398 batches | lr 2.5000 | loss  4.084 | ppl     59.36 frag_cnt/word_cnt=2.201=308150/140000
[2022-04-13 20:04:04.443] E015 |   400/1398 batches | lr 2.5000 | loss  4.064 | ppl     58.21 frag_cnt/word_cnt=2.238=313344/140000
[2022-04-13 20:05:14.062] E015 |   600/1398 batches | lr 2.5000 | loss  3.994 | ppl     54.27 frag_cnt/word_cnt=2.233=312628/140000
[2022-04-13 20:06:25.022] E015 |   800/1398 batches | lr 2.5000 | loss  4.066 | ppl     58.33 frag_cnt/word_cnt=2.266=317262/140000
[2022-04-13 20:07:30.965] E015 |  1000/1398 batches | lr 2.5000 | loss  4.011 | ppl     55.18 frag_cnt/word_cnt=2.259=316244/140000
[2022-04-13 20:08:34.955] E015 |  1200/1398 batches | lr 2.5000 | loss  3.940 | ppl     51.40 frag_cnt/word_cnt=2.242=313927/140000
[2022-04-13 20:09:40.066] E015 |  1398/1398 batches | lr 2.5000 | loss  3.915 | ppl     50.13 frag_cnt/word_cnt=2.225=308414/138600
[2022-04-13 20:10:10.830] End E015 | valid loss  5.179; ppl    177.58 | accu 0.2403 = 54702/227640 | w_len 2.1526 = 490018/227640
[2022-04-13 20:11:20.168] End E015 |  test loss  8.547; ppl   5152.99 | accu 0.0900 = 45623/506840 | w_len 2.5036 = 1268900/506840 ../data/sample_500k/adult_test.txt
[2022-04-13 20:11:36.980] End E015 |  test loss  5.849; ppl    346.94 | accu 0.2334 = 26194/112220 | w_len 2.5248 = 283333/112220 ../data/sample_500k/adolescent_valid.txt
[2022-04-13 20:11:51.551] End E015 |  test loss  4.530; ppl     92.74 | accu 0.2470 = 28497/115380 | w_len 1.7906 = 206596/115380 ../data/sample_500k/cbt_valid.txt
[2022-04-13 20:11:51.551] Epoch 016/20 ==================================================
[2022-04-13 20:12:57.516] E016 |   200/1398 batches | lr 1.2500 | loss  4.076 | ppl     58.94 frag_cnt/word_cnt=2.201=308150/140000
[2022-04-13 20:14:03.660] E016 |   400/1398 batches | lr 1.2500 | loss  4.047 | ppl     57.25 frag_cnt/word_cnt=2.238=313344/140000
[2022-04-13 20:15:12.474] E016 |   600/1398 batches | lr 1.2500 | loss  3.978 | ppl     53.43 frag_cnt/word_cnt=2.233=312628/140000
[2022-04-13 20:16:23.911] E016 |   800/1398 batches | lr 1.2500 | loss  4.045 | ppl     57.13 frag_cnt/word_cnt=2.266=317262/140000
[2022-04-13 20:17:29.666] E016 |  1000/1398 batches | lr 1.2500 | loss  3.983 | ppl     53.70 frag_cnt/word_cnt=2.259=316244/140000
[2022-04-13 20:18:32.924] E016 |  1200/1398 batches | lr 1.2500 | loss  3.910 | ppl     49.92 frag_cnt/word_cnt=2.242=313927/140000
[2022-04-13 20:19:39.832] E016 |  1398/1398 batches | lr 1.2500 | loss  3.883 | ppl     48.55 frag_cnt/word_cnt=2.225=308414/138600
[2022-04-13 20:20:09.297] End E016 | valid loss  5.174; ppl    176.70 | accu 0.2416 = 55007/227640 | w_len 2.1526 = 490018/227640
[2022-04-13 20:21:16.680] End E016 |  test loss  8.557; ppl   5205.11 | accu 0.0903 = 45787/506840 | w_len 2.5036 = 1268900/506840 ../data/sample_500k/adult_test.txt
[2022-04-13 20:21:30.844] End E016 |  test loss  5.848; ppl    346.54 | accu 0.2344 = 26302/112220 | w_len 2.5248 = 283333/112220 ../data/sample_500k/adolescent_valid.txt
[2022-04-13 20:21:45.434] End E016 |  test loss  4.521; ppl     91.94 | accu 0.2487 = 28697/115380 | w_len 1.7906 = 206596/115380 ../data/sample_500k/cbt_valid.txt
[2022-04-13 20:21:45.434] Epoch 017/20 ==================================================
[2022-04-13 20:22:54.585] E017 |   200/1398 batches | lr 0.6250 | loss  4.064 | ppl     58.21 frag_cnt/word_cnt=2.201=308150/140000
[2022-04-13 20:24:02.295] E017 |   400/1398 batches | lr 0.6250 | loss  4.037 | ppl     56.67 frag_cnt/word_cnt=2.238=313344/140000
[2022-04-13 20:25:09.860] E017 |   600/1398 batches | lr 0.6250 | loss  3.964 | ppl     52.65 frag_cnt/word_cnt=2.233=312628/140000
[2022-04-13 20:26:20.250] E017 |   800/1398 batches | lr 0.6250 | loss  4.028 | ppl     56.13 frag_cnt/word_cnt=2.266=317262/140000
[2022-04-13 20:27:29.245] E017 |  1000/1398 batches | lr 0.6250 | loss  3.967 | ppl     52.81 frag_cnt/word_cnt=2.259=316244/140000
[2022-04-13 20:28:34.765] E017 |  1200/1398 batches | lr 0.6250 | loss  3.895 | ppl     49.15 frag_cnt/word_cnt=2.242=313927/140000
[2022-04-13 20:29:43.946] E017 |  1398/1398 batches | lr 0.6250 | loss  3.865 | ppl     47.71 frag_cnt/word_cnt=2.225=308414/138600
[2022-04-13 20:30:14.108] End E017 | valid loss  5.170; ppl    175.87 | accu 0.2423 = 55168/227640 | w_len 2.1526 = 490018/227640
[2022-04-13 20:31:22.975] End E017 |  test loss  8.545; ppl   5143.41 | accu 0.0916 = 46437/506840 | w_len 2.5036 = 1268900/506840 ../data/sample_500k/adult_test.txt
[2022-04-13 20:31:37.190] End E017 |  test loss  5.843; ppl    344.89 | accu 0.2347 = 26339/112220 | w_len 2.5248 = 283333/112220 ../data/sample_500k/adolescent_valid.txt
[2022-04-13 20:31:51.817] End E017 |  test loss  4.517; ppl     91.53 | accu 0.2498 = 28819/115380 | w_len 1.7906 = 206596/115380 ../data/sample_500k/cbt_valid.txt
[2022-04-13 20:31:51.817] Save: model.pt... 
[2022-04-13 20:31:52.532] Save: model.pt...Done. best_val_loss: 5.1698
[2022-04-13 20:31:52.532] Epoch 018/20 ==================================================
[2022-04-13 20:32:59.246] E018 |   200/1398 batches | lr 0.6250 | loss  4.048 | ppl     57.30 frag_cnt/word_cnt=2.201=308150/140000
[2022-04-13 20:34:05.879] E018 |   400/1398 batches | lr 0.6250 | loss  4.025 | ppl     55.98 frag_cnt/word_cnt=2.238=313344/140000
[2022-04-13 20:35:13.765] E018 |   600/1398 batches | lr 0.6250 | loss  3.955 | ppl     52.22 frag_cnt/word_cnt=2.233=312628/140000
[2022-04-13 20:36:23.608] E018 |   800/1398 batches | lr 0.6250 | loss  4.020 | ppl     55.68 frag_cnt/word_cnt=2.266=317262/140000
[2022-04-13 20:37:33.057] E018 |  1000/1398 batches | lr 0.6250 | loss  3.962 | ppl     52.55 frag_cnt/word_cnt=2.259=316244/140000
[2022-04-13 20:38:43.843] E018 |  1200/1398 batches | lr 0.6250 | loss  3.886 | ppl     48.71 frag_cnt/word_cnt=2.242=313927/140000
[2022-04-13 20:39:50.334] E018 |  1398/1398 batches | lr 0.6250 | loss  3.862 | ppl     47.57 frag_cnt/word_cnt=2.225=308414/138600
[2022-04-13 20:40:19.313] End E018 | valid loss  5.167; ppl    175.43 | accu 0.2421 = 55113/227640 | w_len 2.1526 = 490018/227640
[2022-04-13 20:41:27.597] End E018 |  test loss  8.551; ppl   5171.47 | accu 0.0920 = 46614/506840 | w_len 2.5036 = 1268900/506840 ../data/sample_500k/adult_test.txt
[2022-04-13 20:41:42.205] End E018 |  test loss  5.839; ppl    343.37 | accu 0.2343 = 26298/112220 | w_len 2.5248 = 283333/112220 ../data/sample_500k/adolescent_valid.txt
[2022-04-13 20:41:56.863] End E018 |  test loss  4.516; ppl     91.47 | accu 0.2495 = 28788/115380 | w_len 1.7906 = 206596/115380 ../data/sample_500k/cbt_valid.txt
[2022-04-13 20:41:56.864] Save: model.pt... 
[2022-04-13 20:41:57.646] Save: model.pt...Done. best_val_loss: 5.1672
[2022-04-13 20:41:57.646] Epoch 019/20 ==================================================
[2022-04-13 20:43:07.822] E019 |   200/1398 batches | lr 0.6250 | loss  4.043 | ppl     57.02 frag_cnt/word_cnt=2.201=308150/140000
[2022-04-13 20:44:14.219] E019 |   400/1398 batches | lr 0.6250 | loss  4.012 | ppl     55.25 frag_cnt/word_cnt=2.238=313344/140000
[2022-04-13 20:45:21.709] E019 |   600/1398 batches | lr 0.6250 | loss  3.951 | ppl     51.98 frag_cnt/word_cnt=2.233=312628/140000
[2022-04-13 20:46:29.145] E019 |   800/1398 batches | lr 0.6250 | loss  4.015 | ppl     55.42 frag_cnt/word_cnt=2.266=317262/140000
[2022-04-13 20:47:38.492] E019 |  1000/1398 batches | lr 0.6250 | loss  3.955 | ppl     52.20 frag_cnt/word_cnt=2.259=316244/140000
[2022-04-13 20:48:44.973] E019 |  1200/1398 batches | lr 0.6250 | loss  3.886 | ppl     48.70 frag_cnt/word_cnt=2.242=313927/140000
[2022-04-13 20:49:50.620] E019 |  1398/1398 batches | lr 0.6250 | loss  3.860 | ppl     47.46 frag_cnt/word_cnt=2.225=308414/138600
[2022-04-13 20:50:20.242] End E019 | valid loss  5.171; ppl    176.05 | accu 0.2423 = 55150/227640 | w_len 2.1526 = 490018/227640
[2022-04-13 20:51:26.004] End E019 |  test loss  8.547; ppl   5151.93 | accu 0.0922 = 46754/506840 | w_len 2.5036 = 1268900/506840 ../data/sample_500k/adult_test.txt
[2022-04-13 20:51:40.187] End E019 |  test loss  5.846; ppl    345.92 | accu 0.2347 = 26334/112220 | w_len 2.5248 = 283333/112220 ../data/sample_500k/adolescent_valid.txt
[2022-04-13 20:51:55.664] End E019 |  test loss  4.516; ppl     91.44 | accu 0.2495 = 28790/115380 | w_len 1.7906 = 206596/115380 ../data/sample_500k/cbt_valid.txt
[2022-04-13 20:51:55.665] Epoch 020/20 ==================================================
[2022-04-13 20:53:00.895] E020 |   200/1398 batches | lr 0.3125 | loss  4.043 | ppl     56.98 frag_cnt/word_cnt=2.201=308150/140000
[2022-04-13 20:54:08.973] E020 |   400/1398 batches | lr 0.3125 | loss  4.012 | ppl     55.23 frag_cnt/word_cnt=2.238=313344/140000
[2022-04-13 20:55:15.927] E020 |   600/1398 batches | lr 0.3125 | loss  3.945 | ppl     51.68 frag_cnt/word_cnt=2.233=312628/140000
[2022-04-13 20:56:26.074] E020 |   800/1398 batches | lr 0.3125 | loss  4.012 | ppl     55.24 frag_cnt/word_cnt=2.266=317262/140000
[2022-04-13 20:57:35.792] E020 |  1000/1398 batches | lr 0.3125 | loss  3.953 | ppl     52.08 frag_cnt/word_cnt=2.259=316244/140000
[2022-04-13 20:58:40.202] E020 |  1200/1398 batches | lr 0.3125 | loss  3.878 | ppl     48.30 frag_cnt/word_cnt=2.242=313927/140000
[2022-04-13 20:59:44.803] E020 |  1398/1398 batches | lr 0.3125 | loss  3.850 | ppl     47.00 frag_cnt/word_cnt=2.225=308414/138600
[2022-04-13 21:00:13.878] End E020 | valid loss  5.167; ppl    175.33 | accu 0.2424 = 55169/227640 | w_len 2.1526 = 490018/227640
[2022-04-13 21:01:19.114] End E020 |  test loss  8.548; ppl   5158.32 | accu 0.0927 = 46997/506840 | w_len 2.5036 = 1268900/506840 ../data/sample_500k/adult_test.txt
[2022-04-13 21:01:33.481] End E020 |  test loss  5.841; ppl    343.98 | accu 0.2344 = 26304/112220 | w_len 2.5248 = 283333/112220 ../data/sample_500k/adolescent_valid.txt
[2022-04-13 21:01:48.097] End E020 |  test loss  4.513; ppl     91.20 | accu 0.2499 = 28833/115380 | w_len 1.7906 = 206596/115380 ../data/sample_500k/cbt_valid.txt
[2022-04-13 21:01:48.097] Save: model.pt... 
[2022-04-13 21:01:48.801] Save: model.pt...Done. best_val_loss: 5.1667
[2022-04-13 21:02:55.832] End. test loss  8.55; ppl  5158.32 | accu 0.0927 = 46997/506840 | w_len 2.5036 = 1268900/506840 ../data/sample_500k/adult_test.txt
[2022-04-13 21:03:10.107] End. test loss  5.84; ppl   343.98 | accu 0.2344 = 26304/112220 | w_len 2.5248 = 283333/112220 ../data/sample_500k/adolescent_valid.txt
[2022-04-13 21:03:25.818] End. test loss  4.51; ppl    91.20 | accu 0.2499 = 28833/115380 | w_len 1.7906 = 206596/115380 ../data/sample_500k/cbt_valid.txt
[2022-04-13 21:03:25.818] =========================================================================================
[2022-04-13 21:03:25.818] valid_loss
[2022-04-13 21:03:25.818]  5.80, 5.49, 5.35, 5.32, 5.26, 5.25, 5.25, 5.27, 5.19, 5.20, 5.17, 5.18, 5.17, 5.17, 5.18, 5.17, 5.17, 5.17, 5.17, 5.17
[2022-04-13 21:03:25.818] valid_loss ppl
[2022-04-13 21:03:25.818]   328.75,  241.68,  209.66,  203.77,  193.07,  191.48,  191.00,  194.48,  180.10,  180.80,  176.77,  177.68,  176.21,  175.88,  177.58,  176.70,  175.87,  175.43,  176.05,  175.33
[2022-04-13 21:03:25.818] test_loss of ../data/sample_500k/adult_test.txt
[2022-04-13 21:03:25.818]  8.27, 8.28, 8.20, 8.37, 8.21, 8.27, 8.35, 8.38, 8.40, 8.45, 8.49, 8.51, 8.52, 8.54, 8.55, 8.56, 8.55, 8.55, 8.55, 8.55
[2022-04-13 21:03:25.818] test_loss of ../data/sample_500k/adult_test.txt ppl
[2022-04-13 21:03:25.819]  3885.89, 3926.38, 3658.59, 4329.10, 3680.64, 3913.64, 4227.43, 4341.73, 4441.92, 4674.16, 4859.15, 4940.44, 5030.35, 5103.80, 5152.99, 5205.11, 5143.41, 5171.47, 5151.93, 5158.32
[2022-04-13 21:03:25.819] test_loss of ../data/sample_500k/adolescent_valid.txt
[2022-04-13 21:03:25.819]  6.46, 6.08, 5.93, 5.92, 5.86, 5.85, 5.86, 5.91, 5.82, 5.84, 5.83, 5.83, 5.84, 5.83, 5.85, 5.85, 5.84, 5.84, 5.85, 5.84
[2022-04-13 21:03:25.819] test_loss of ../data/sample_500k/adolescent_valid.txt ppl
[2022-04-13 21:03:25.819]   640.14,  438.10,  377.03,  373.37,  351.08,  347.94,  350.80,  366.91,  338.49,  342.68,  339.09,  341.86,  342.67,  340.74,  346.94,  346.54,  344.89,  343.37,  345.92,  343.98
[2022-04-13 21:03:25.819] test_loss of ../data/sample_500k/cbt_valid.txt
[2022-04-13 21:03:25.819]  5.15, 4.91, 4.78, 4.73, 4.68, 4.68, 4.66, 4.66, 4.58, 4.58, 4.54, 4.55, 4.53, 4.53, 4.53, 4.52, 4.52, 4.52, 4.52, 4.51
[2022-04-13 21:03:25.819] test_loss of ../data/sample_500k/cbt_valid.txt ppl
[2022-04-13 21:03:25.819]   172.63,  135.96,  118.68,  113.29,  108.15,  107.35,  106.06,  105.11,   97.69,   97.24,   94.05,   94.19,   92.46,   92.61,   92.74,   91.94,   91.53,   91.47,   91.44,   91.20
[2022-04-13 21:03:25.819] 
[2022-04-13 21:03:25.819] 
[2022-04-13 21:03:25.819] 
