[2022-04-14 01:18:43.909] corpus.train_file_list: 2
[2022-04-14 01:18:43.909]         ../data/sample_500k/cbt_train.txt
[2022-04-14 01:18:43.909]         ../data/sample_500k/adolescent_train.txt
[2022-04-14 01:18:43.909] corpus.valid_file_list: 2
[2022-04-14 01:18:43.909]         ../data/sample_500k/cbt_valid.txt
[2022-04-14 01:18:43.909]         ../data/sample_500k/adolescent_valid.txt
[2022-04-14 01:18:43.910] corpus.test_file_list: 3
[2022-04-14 01:18:43.910]         ../data/sample_500k/adult_test.txt
[2022-04-14 01:18:43.910]         ../data/sample_500k/adolescent_valid.txt
[2022-04-14 01:18:43.910]         ../data/sample_500k/cbt_valid.txt
[2022-04-14 01:18:43.910] corpus.subword_vocab_size: 0
[2022-04-14 01:18:43.910] corpus.subword_model = None. Corpus will not use subword.
[2022-04-14 01:18:43.910] corpus tokenize...
[2022-04-14 01:18:44.761]         train tokens: 511735  ../data/sample_500k/cbt_train.txt
[2022-04-14 01:18:46.083]         train tokens: 467267  ../data/sample_500k/adolescent_train.txt
[2022-04-14 01:18:46.240]         valid tokens: 115417  ../data/sample_500k/cbt_valid.txt
[2022-04-14 01:18:46.523]         valid tokens: 112256  ../data/sample_500k/adolescent_valid.txt
[2022-04-14 01:18:47.165]         test  tokens: 506878  ../data/sample_500k/adult_test.txt
[2022-04-14 01:18:47.445]         test  tokens: 112256  ../data/sample_500k/adolescent_valid.txt
[2022-04-14 01:18:47.596]         test  tokens: 115417  ../data/sample_500k/cbt_valid.txt
[2022-04-14 01:18:47.597] corpus.ntokens      : 100726
[2022-04-14 01:18:47.597] corpus.char_count   : 166
[2022-04-14 01:18:47.597] corpus.char_cnt_dict: 166
[2022-04-14 01:18:47.597] corpus.char_id_dict : 166
[2022-04-14 01:18:47.613] corpus.batchify(2 files, batch_size=20)...
[2022-04-14 01:18:47.613]         tokens_all: 979002
[2022-04-14 01:18:47.613]         batched   :  48950
[2022-04-14 01:18:47.613]         ../data/sample_500k/cbt_train.txt
[2022-04-14 01:18:47.613]         ../data/sample_500k/adolescent_train.txt
[2022-04-14 01:18:47.618] corpus.batchify(2 files, batch_size=20)...
[2022-04-14 01:18:47.618]         tokens_all: 227673
[2022-04-14 01:18:47.618]         batched   :  11383
[2022-04-14 01:18:47.618]         ../data/sample_500k/cbt_valid.txt
[2022-04-14 01:18:47.618]         ../data/sample_500k/adolescent_valid.txt
[2022-04-14 01:18:47.622] corpus.batchify(1 files, batch_size=20)...
[2022-04-14 01:18:47.622]         tokens_all: 506878
[2022-04-14 01:18:47.622]         batched   :  25343
[2022-04-14 01:18:47.622]         ../data/sample_500k/adult_test.txt
[2022-04-14 01:18:47.624] corpus.batchify(1 files, batch_size=20)...
[2022-04-14 01:18:47.624]         tokens_all: 112256
[2022-04-14 01:18:47.624]         batched   :   5612
[2022-04-14 01:18:47.624]         ../data/sample_500k/adolescent_valid.txt
[2022-04-14 01:18:47.626] corpus.batchify(1 files, batch_size=20)...
[2022-04-14 01:18:47.626]         tokens_all: 115417
[2022-04-14 01:18:47.626]         batched   :   5770
[2022-04-14 01:18:47.626]         ../data/sample_500k/cbt_valid.txt
[2022-04-14 01:18:47.626] subword_adapter will be generated due to word_split_mode='Subword.2000'
[2022-04-14 01:18:47.626] SubwordAdapter.file_list: 4
[2022-04-14 01:18:47.627]         ../data/sample_500k/cbt_train.txt
[2022-04-14 01:18:47.627]         ../data/sample_500k/adolescent_train.txt
[2022-04-14 01:18:47.627]         ../data/sample_500k/cbt_valid.txt
[2022-04-14 01:18:47.627]         ../data/sample_500k/adolescent_valid.txt
[2022-04-14 01:18:47.627] SubwordAdapter.subword_vocab_size: 2000
[2022-04-14 01:18:47.627] SubwordAdapter.subword_model.train(4 files)...
[2022-04-14 01:18:48.419] SubwordAdapter.subword_model.train(4 files)...Done
[2022-04-14 01:18:49.185] RNNModel.rnn_type: LSTM
[2022-04-14 01:18:49.185] RNNModel.ntoken  : 100726
[2022-04-14 01:18:49.185] RNNModel.ninp    : 200
[2022-04-14 01:18:49.185] RNNModel.nhid    : 200
[2022-04-14 01:18:49.185] RNNModel.nlayers : 2
[2022-04-14 01:18:49.185] RNNModel.dropout : 0.2
[2022-04-14 01:18:49.185] RNNModel.tie_weights: False
[2022-04-14 01:18:49.185] RNNModel.fragment_aggregate_mode: CNN
[2022-04-14 01:18:49.185] RNNModel.fragment_cnt           : 2002
[2022-04-14 01:18:49.185] RNNModel.fragment_emsize        : 25
[2022-04-14 01:18:49.186] RNNModel.fragment_nhid          : 200
[2022-04-14 01:18:49.187] RNNModel.fragment_embeds     : created
[2022-04-14 01:18:49.187] RNNModel.fragment_cnn3       : created
[2022-04-14 01:18:49.221] Epoch 001/20 ==================================================
[2022-04-14 01:19:07.253] E001 |   200/1398 batches | lr 20.0000 | loss  8.151 | ppl   3467.38 frag_cnt/word_cnt=1.768=247535/140000
[2022-04-14 01:19:25.094] E001 |   400/1398 batches | lr 20.0000 | loss  6.851 | ppl    944.36 frag_cnt/word_cnt=1.814=253922/140000
[2022-04-14 01:19:44.183] E001 |   600/1398 batches | lr 20.0000 | loss  6.276 | ppl    531.40 frag_cnt/word_cnt=1.811=253571/140000
[2022-04-14 01:20:01.923] E001 |   800/1398 batches | lr 20.0000 | loss  6.089 | ppl    440.86 frag_cnt/word_cnt=1.841=257807/140000
[2022-04-14 01:20:19.840] E001 |  1000/1398 batches | lr 20.0000 | loss  5.886 | ppl    359.86 frag_cnt/word_cnt=1.828=255909/140000
[2022-04-14 01:20:37.995] E001 |  1200/1398 batches | lr 20.0000 | loss  5.734 | ppl    309.31 frag_cnt/word_cnt=1.809=253277/140000
[2022-04-14 01:20:55.817] E001 |  1398/1398 batches | lr 20.0000 | loss  5.609 | ppl    272.95 frag_cnt/word_cnt=1.795=248809/138600
[2022-04-14 01:21:07.380] End E001 | valid loss  5.713; ppl    302.68 | accu 0.1883 = 42855/227640 | w_len 1.7404 = 396190/227640
[2022-04-14 01:21:33.430] End E001 |  test loss  9.455; ppl  12770.87 | accu 0.0095 = 4813/506840 | w_len 1.9576 = 992194/506840 ../data/sample_500k/adult_test.txt
[2022-04-14 01:21:39.159] End E001 |  test loss  6.314; ppl    552.42 | accu 0.1875 = 21036/112220 | w_len 2.0874 = 234245/112220 ../data/sample_500k/adolescent_valid.txt
[2022-04-14 01:21:44.877] End E001 |  test loss  5.131; ppl    169.25 | accu 0.1889 = 21792/115380 | w_len 1.4029 = 161872/115380 ../data/sample_500k/cbt_valid.txt
[2022-04-14 01:21:44.877] Save: model.pt... 
[2022-04-14 01:21:45.573] Save: model.pt...Done. best_val_loss: 5.7127
[2022-04-14 01:21:45.573] Epoch 002/20 ==================================================
[2022-04-14 01:22:03.429] E002 |   200/1398 batches | lr 20.0000 | loss  5.533 | ppl    252.86 frag_cnt/word_cnt=1.768=247535/140000
[2022-04-14 01:22:21.452] E002 |   400/1398 batches | lr 20.0000 | loss  5.476 | ppl    238.95 frag_cnt/word_cnt=1.814=253922/140000
[2022-04-14 01:22:39.380] E002 |   600/1398 batches | lr 20.0000 | loss  5.351 | ppl    210.75 frag_cnt/word_cnt=1.811=253571/140000
[2022-04-14 01:22:57.783] E002 |   800/1398 batches | lr 20.0000 | loss  5.415 | ppl    224.70 frag_cnt/word_cnt=1.841=257807/140000
[2022-04-14 01:23:15.772] E002 |  1000/1398 batches | lr 20.0000 | loss  5.339 | ppl    208.38 frag_cnt/word_cnt=1.828=255909/140000
[2022-04-14 01:23:33.903] E002 |  1200/1398 batches | lr 20.0000 | loss  5.264 | ppl    193.18 frag_cnt/word_cnt=1.809=253277/140000
[2022-04-14 01:23:51.782] E002 |  1398/1398 batches | lr 20.0000 | loss  5.201 | ppl    181.50 frag_cnt/word_cnt=1.795=248809/138600
[2022-04-14 01:24:03.500] End E002 | valid loss  5.477; ppl    239.18 | accu 0.2006 = 45668/227640 | w_len 1.7404 = 396190/227640
[2022-04-14 01:24:29.744] End E002 |  test loss  8.462; ppl   4731.14 | accu 0.0589 = 29838/506840 | w_len 1.9576 = 992194/506840 ../data/sample_500k/adult_test.txt
[2022-04-14 01:24:35.546] End E002 |  test loss  6.087; ppl    440.09 | accu 0.2003 = 22476/112220 | w_len 2.0874 = 234245/112220 ../data/sample_500k/adolescent_valid.txt
[2022-04-14 01:24:41.338] End E002 |  test loss  4.891; ppl    133.04 | accu 0.2006 = 23148/115380 | w_len 1.4029 = 161872/115380 ../data/sample_500k/cbt_valid.txt
[2022-04-14 01:24:41.339] Save: model.pt... 
[2022-04-14 01:24:42.019] Save: model.pt...Done. best_val_loss: 5.4772
[2022-04-14 01:24:42.019] Epoch 003/20 ==================================================
[2022-04-14 01:25:00.091] E003 |   200/1398 batches | lr 20.0000 | loss  5.199 | ppl    181.10 frag_cnt/word_cnt=1.768=247535/140000
[2022-04-14 01:25:18.436] E003 |   400/1398 batches | lr 20.0000 | loss  5.185 | ppl    178.55 frag_cnt/word_cnt=1.814=253922/140000
[2022-04-14 01:25:35.993] E003 |   600/1398 batches | lr 20.0000 | loss  5.091 | ppl    162.59 frag_cnt/word_cnt=1.811=253571/140000
[2022-04-14 01:25:54.119] E003 |   800/1398 batches | lr 20.0000 | loss  5.186 | ppl    178.72 frag_cnt/word_cnt=1.841=257807/140000
[2022-04-14 01:26:12.353] E003 |  1000/1398 batches | lr 20.0000 | loss  5.117 | ppl    166.76 frag_cnt/word_cnt=1.828=255909/140000
[2022-04-14 01:26:30.642] E003 |  1200/1398 batches | lr 20.0000 | loss  5.050 | ppl    156.01 frag_cnt/word_cnt=1.809=253277/140000
[2022-04-14 01:26:48.407] E003 |  1398/1398 batches | lr 20.0000 | loss  5.010 | ppl    149.86 frag_cnt/word_cnt=1.795=248809/138600
[2022-04-14 01:26:59.953] End E003 | valid loss  5.385; ppl    218.19 | accu 0.2089 = 47555/227640 | w_len 1.7404 = 396190/227640
[2022-04-14 01:27:25.890] End E003 |  test loss  8.382; ppl   4366.63 | accu 0.0695 = 35204/506840 | w_len 1.9576 = 992194/506840 ../data/sample_500k/adult_test.txt
[2022-04-14 01:27:31.591] End E003 |  test loss  5.981; ppl    395.97 | accu 0.2081 = 23351/112220 | w_len 2.0874 = 234245/112220 ../data/sample_500k/adolescent_valid.txt
[2022-04-14 01:27:37.320] End E003 |  test loss  4.809; ppl    122.55 | accu 0.2096 = 24189/115380 | w_len 1.4029 = 161872/115380 ../data/sample_500k/cbt_valid.txt
[2022-04-14 01:27:37.320] Save: model.pt... 
[2022-04-14 01:27:38.044] Save: model.pt...Done. best_val_loss: 5.3854
[2022-04-14 01:27:38.044] Epoch 004/20 ==================================================
[2022-04-14 01:27:56.033] E004 |   200/1398 batches | lr 20.0000 | loss  5.022 | ppl    151.76 frag_cnt/word_cnt=1.768=247535/140000
[2022-04-14 01:28:14.233] E004 |   400/1398 batches | lr 20.0000 | loss  5.020 | ppl    151.41 frag_cnt/word_cnt=1.814=253922/140000
[2022-04-14 01:28:32.292] E004 |   600/1398 batches | lr 20.0000 | loss  4.939 | ppl    139.59 frag_cnt/word_cnt=1.811=253571/140000
[2022-04-14 01:28:50.742] E004 |   800/1398 batches | lr 20.0000 | loss  5.034 | ppl    153.58 frag_cnt/word_cnt=1.841=257807/140000
[2022-04-14 01:29:08.828] E004 |  1000/1398 batches | lr 20.0000 | loss  4.974 | ppl    144.56 frag_cnt/word_cnt=1.828=255909/140000
[2022-04-14 01:29:26.825] E004 |  1200/1398 batches | lr 20.0000 | loss  4.910 | ppl    135.62 frag_cnt/word_cnt=1.809=253277/140000
[2022-04-14 01:29:44.894] E004 |  1398/1398 batches | lr 20.0000 | loss  4.868 | ppl    130.06 frag_cnt/word_cnt=1.795=248809/138600
[2022-04-14 01:29:56.543] End E004 | valid loss  5.347; ppl    209.89 | accu 0.2071 = 47139/227640 | w_len 1.7404 = 396190/227640
[2022-04-14 01:30:22.606] End E004 |  test loss  8.186; ppl   3588.98 | accu 0.0833 = 42204/506840 | w_len 1.9576 = 992194/506840 ../data/sample_500k/adult_test.txt
[2022-04-14 01:30:28.346] End E004 |  test loss  5.944; ppl    381.35 | accu 0.2064 = 23163/112220 | w_len 2.0874 = 234245/112220 ../data/sample_500k/adolescent_valid.txt
[2022-04-14 01:30:34.094] End E004 |  test loss  4.772; ppl    118.13 | accu 0.2076 = 23954/115380 | w_len 1.4029 = 161872/115380 ../data/sample_500k/cbt_valid.txt
[2022-04-14 01:30:34.094] Save: model.pt... 
[2022-04-14 01:30:34.805] Save: model.pt...Done. best_val_loss: 5.3466
[2022-04-14 01:30:34.806] Epoch 005/20 ==================================================
[2022-04-14 01:30:52.994] E005 |   200/1398 batches | lr 20.0000 | loss  4.895 | ppl    133.65 frag_cnt/word_cnt=1.768=247535/140000
[2022-04-14 01:31:11.100] E005 |   400/1398 batches | lr 20.0000 | loss  4.892 | ppl    133.21 frag_cnt/word_cnt=1.814=253922/140000
[2022-04-14 01:31:29.286] E005 |   600/1398 batches | lr 20.0000 | loss  4.818 | ppl    123.70 frag_cnt/word_cnt=1.811=253571/140000
[2022-04-14 01:31:47.697] E005 |   800/1398 batches | lr 20.0000 | loss  4.919 | ppl    136.82 frag_cnt/word_cnt=1.841=257807/140000
[2022-04-14 01:32:05.901] E005 |  1000/1398 batches | lr 20.0000 | loss  4.851 | ppl    127.92 frag_cnt/word_cnt=1.828=255909/140000
[2022-04-14 01:32:24.075] E005 |  1200/1398 batches | lr 20.0000 | loss  4.796 | ppl    120.99 frag_cnt/word_cnt=1.809=253277/140000
[2022-04-14 01:32:41.982] E005 |  1398/1398 batches | lr 20.0000 | loss  4.755 | ppl    116.20 frag_cnt/word_cnt=1.795=248809/138600
[2022-04-14 01:32:53.606] End E005 | valid loss  5.314; ppl    203.07 | accu 0.2126 = 48392/227640 | w_len 1.7404 = 396190/227640
[2022-04-14 01:33:19.564] End E005 |  test loss  8.684; ppl   5908.29 | accu 0.0562 = 28462/506840 | w_len 1.9576 = 992194/506840 ../data/sample_500k/adult_test.txt
[2022-04-14 01:33:25.321] End E005 |  test loss  5.924; ppl    374.05 | accu 0.2059 = 23110/112220 | w_len 2.0874 = 234245/112220 ../data/sample_500k/adolescent_valid.txt
[2022-04-14 01:33:31.054] End E005 |  test loss  4.721; ppl    112.33 | accu 0.2188 = 25242/115380 | w_len 1.4029 = 161872/115380 ../data/sample_500k/cbt_valid.txt
[2022-04-14 01:33:31.055] Save: model.pt... 
[2022-04-14 01:33:31.758] Save: model.pt...Done. best_val_loss: 5.3135
[2022-04-14 01:33:31.758] Epoch 006/20 ==================================================
[2022-04-14 01:33:50.033] E006 |   200/1398 batches | lr 20.0000 | loss  4.786 | ppl    119.77 frag_cnt/word_cnt=1.768=247535/140000
[2022-04-14 01:34:08.426] E006 |   400/1398 batches | lr 20.0000 | loss  4.797 | ppl    121.09 frag_cnt/word_cnt=1.814=253922/140000
[2022-04-14 01:34:26.883] E006 |   600/1398 batches | lr 20.0000 | loss  4.725 | ppl    112.78 frag_cnt/word_cnt=1.811=253571/140000
[2022-04-14 01:34:45.288] E006 |   800/1398 batches | lr 20.0000 | loss  4.817 | ppl    123.66 frag_cnt/word_cnt=1.841=257807/140000
[2022-04-14 01:35:03.498] E006 |  1000/1398 batches | lr 20.0000 | loss  4.754 | ppl    116.09 frag_cnt/word_cnt=1.828=255909/140000
[2022-04-14 01:35:21.711] E006 |  1200/1398 batches | lr 20.0000 | loss  4.696 | ppl    109.45 frag_cnt/word_cnt=1.809=253277/140000
[2022-04-14 01:35:40.664] E006 |  1398/1398 batches | lr 20.0000 | loss  4.670 | ppl    106.68 frag_cnt/word_cnt=1.795=248809/138600
[2022-04-14 01:35:52.258] End E006 | valid loss  5.290; ppl    198.41 | accu 0.2156 = 49078/227640 | w_len 1.7404 = 396190/227640
[2022-04-14 01:36:18.302] End E006 |  test loss  8.285; ppl   3965.74 | accu 0.0762 = 38611/506840 | w_len 1.9576 = 992194/506840 ../data/sample_500k/adult_test.txt
[2022-04-14 01:36:24.052] End E006 |  test loss  5.913; ppl    369.81 | accu 0.2103 = 23600/112220 | w_len 2.0874 = 234245/112220 ../data/sample_500k/adolescent_valid.txt
[2022-04-14 01:36:29.835] End E006 |  test loss  4.688; ppl    108.65 | accu 0.2209 = 25491/115380 | w_len 1.4029 = 161872/115380 ../data/sample_500k/cbt_valid.txt
[2022-04-14 01:36:29.835] Save: model.pt... 
[2022-04-14 01:36:30.559] Save: model.pt...Done. best_val_loss: 5.2904
[2022-04-14 01:36:30.559] Epoch 007/20 ==================================================
[2022-04-14 01:36:49.118] E007 |   200/1398 batches | lr 20.0000 | loss  4.702 | ppl    110.20 frag_cnt/word_cnt=1.768=247535/140000
[2022-04-14 01:37:07.406] E007 |   400/1398 batches | lr 20.0000 | loss  4.705 | ppl    110.49 frag_cnt/word_cnt=1.814=253922/140000
[2022-04-14 01:37:25.424] E007 |   600/1398 batches | lr 20.0000 | loss  4.641 | ppl    103.60 frag_cnt/word_cnt=1.811=253571/140000
[2022-04-14 01:37:43.600] E007 |   800/1398 batches | lr 20.0000 | loss  4.735 | ppl    113.92 frag_cnt/word_cnt=1.841=257807/140000
[2022-04-14 01:38:02.073] E007 |  1000/1398 batches | lr 20.0000 | loss  4.672 | ppl    106.91 frag_cnt/word_cnt=1.828=255909/140000
[2022-04-14 01:38:20.318] E007 |  1200/1398 batches | lr 20.0000 | loss  4.619 | ppl    101.39 frag_cnt/word_cnt=1.809=253277/140000
[2022-04-14 01:38:38.328] E007 |  1398/1398 batches | lr 20.0000 | loss  4.593 | ppl     98.76 frag_cnt/word_cnt=1.795=248809/138600
[2022-04-14 01:38:49.891] End E007 | valid loss  5.285; ppl    197.42 | accu 0.2156 = 49080/227640 | w_len 1.7404 = 396190/227640
[2022-04-14 01:39:15.902] End E007 |  test loss  8.838; ppl   6889.64 | accu 0.0468 = 23716/506840 | w_len 1.9576 = 992194/506840 ../data/sample_500k/adult_test.txt
[2022-04-14 01:39:21.649] End E007 |  test loss  5.910; ppl    368.72 | accu 0.2080 = 23344/112220 | w_len 2.0874 = 234245/112220 ../data/sample_500k/adolescent_valid.txt
[2022-04-14 01:39:27.405] End E007 |  test loss  4.679; ppl    107.61 | accu 0.2228 = 25703/115380 | w_len 1.4029 = 161872/115380 ../data/sample_500k/cbt_valid.txt
[2022-04-14 01:39:27.405] Save: model.pt... 
[2022-04-14 01:39:28.089] Save: model.pt...Done. best_val_loss: 5.2853
[2022-04-14 01:39:28.089] Epoch 008/20 ==================================================
[2022-04-14 01:39:46.871] E008 |   200/1398 batches | lr 20.0000 | loss  4.635 | ppl    102.99 frag_cnt/word_cnt=1.768=247535/140000
[2022-04-14 01:40:05.261] E008 |   400/1398 batches | lr 20.0000 | loss  4.642 | ppl    103.77 frag_cnt/word_cnt=1.814=253922/140000
[2022-04-14 01:40:23.437] E008 |   600/1398 batches | lr 20.0000 | loss  4.575 | ppl     97.07 frag_cnt/word_cnt=1.811=253571/140000
[2022-04-14 01:40:41.727] E008 |   800/1398 batches | lr 20.0000 | loss  4.669 | ppl    106.56 frag_cnt/word_cnt=1.841=257807/140000
[2022-04-14 01:41:00.378] E008 |  1000/1398 batches | lr 20.0000 | loss  4.606 | ppl    100.06 frag_cnt/word_cnt=1.828=255909/140000
[2022-04-14 01:41:18.920] E008 |  1200/1398 batches | lr 20.0000 | loss  4.555 | ppl     95.13 frag_cnt/word_cnt=1.809=253277/140000
[2022-04-14 01:41:36.932] E008 |  1398/1398 batches | lr 20.0000 | loss  4.526 | ppl     92.39 frag_cnt/word_cnt=1.795=248809/138600
[2022-04-14 01:41:48.546] End E008 | valid loss  5.281; ppl    196.52 | accu 0.2163 = 49241/227640 | w_len 1.7404 = 396190/227640
[2022-04-14 01:42:14.696] End E008 |  test loss  8.347; ppl   4215.65 | accu 0.0736 = 37306/506840 | w_len 1.9576 = 992194/506840 ../data/sample_500k/adult_test.txt
[2022-04-14 01:42:20.659] End E008 |  test loss  5.919; ppl    372.19 | accu 0.2098 = 23543/112220 | w_len 2.0874 = 234245/112220 ../data/sample_500k/adolescent_valid.txt
[2022-04-14 01:42:26.525] End E008 |  test loss  4.663; ppl    105.92 | accu 0.2227 = 25691/115380 | w_len 1.4029 = 161872/115380 ../data/sample_500k/cbt_valid.txt
[2022-04-14 01:42:26.525] Save: model.pt... 
[2022-04-14 01:42:27.151] Save: model.pt...Done. best_val_loss: 5.2807
[2022-04-14 01:42:27.151] Epoch 009/20 ==================================================
[2022-04-14 01:42:45.107] E009 |   200/1398 batches | lr 20.0000 | loss  4.563 | ppl     95.91 frag_cnt/word_cnt=1.768=247535/140000
[2022-04-14 01:43:03.304] E009 |   400/1398 batches | lr 20.0000 | loss  4.569 | ppl     96.46 frag_cnt/word_cnt=1.814=253922/140000
[2022-04-14 01:43:21.430] E009 |   600/1398 batches | lr 20.0000 | loss  4.505 | ppl     90.48 frag_cnt/word_cnt=1.811=253571/140000
[2022-04-14 01:43:39.551] E009 |   800/1398 batches | lr 20.0000 | loss  4.600 | ppl     99.52 frag_cnt/word_cnt=1.841=257807/140000
[2022-04-14 01:43:57.773] E009 |  1000/1398 batches | lr 20.0000 | loss  4.538 | ppl     93.50 frag_cnt/word_cnt=1.828=255909/140000
[2022-04-14 01:44:15.735] E009 |  1200/1398 batches | lr 20.0000 | loss  4.494 | ppl     89.48 frag_cnt/word_cnt=1.809=253277/140000
[2022-04-14 01:44:34.224] E009 |  1398/1398 batches | lr 20.0000 | loss  4.466 | ppl     87.03 frag_cnt/word_cnt=1.795=248809/138600
[2022-04-14 01:44:45.904] End E009 | valid loss  5.302; ppl    200.67 | accu 0.2170 = 49404/227640 | w_len 1.7404 = 396190/227640
[2022-04-14 01:45:11.959] End E009 |  test loss  9.768; ppl  17457.42 | accu 0.0195 = 9884/506840 | w_len 1.9576 = 992194/506840 ../data/sample_500k/adult_test.txt
[2022-04-14 01:45:17.678] End E009 |  test loss  5.955; ppl    385.61 | accu 0.2093 = 23488/112220 | w_len 2.0874 = 234245/112220 ../data/sample_500k/adolescent_valid.txt
[2022-04-14 01:45:23.395] End E009 |  test loss  4.670; ppl    106.68 | accu 0.2241 = 25861/115380 | w_len 1.4029 = 161872/115380 ../data/sample_500k/cbt_valid.txt
[2022-04-14 01:45:23.396] Epoch 010/20 ==================================================
[2022-04-14 01:45:42.316] E010 |   200/1398 batches | lr 10.0000 | loss  4.444 | ppl     85.08 frag_cnt/word_cnt=1.768=247535/140000
[2022-04-14 01:46:00.343] E010 |   400/1398 batches | lr 10.0000 | loss  4.416 | ppl     82.79 frag_cnt/word_cnt=1.814=253922/140000
[2022-04-14 01:46:18.410] E010 |   600/1398 batches | lr 10.0000 | loss  4.333 | ppl     76.14 frag_cnt/word_cnt=1.811=253571/140000
[2022-04-14 01:46:36.380] E010 |   800/1398 batches | lr 10.0000 | loss  4.414 | ppl     82.62 frag_cnt/word_cnt=1.841=257807/140000
[2022-04-14 01:46:54.558] E010 |  1000/1398 batches | lr 10.0000 | loss  4.342 | ppl     76.83 frag_cnt/word_cnt=1.828=255909/140000
[2022-04-14 01:47:13.075] E010 |  1200/1398 batches | lr 10.0000 | loss  4.284 | ppl     72.56 frag_cnt/word_cnt=1.809=253277/140000
[2022-04-14 01:47:31.153] E010 |  1398/1398 batches | lr 10.0000 | loss  4.238 | ppl     69.26 frag_cnt/word_cnt=1.795=248809/138600
[2022-04-14 01:47:42.869] End E010 | valid loss  5.212; ppl    183.49 | accu 0.2295 = 52247/227640 | w_len 1.7404 = 396190/227640
[2022-04-14 01:48:08.954] End E010 |  test loss  9.128; ppl   9209.77 | accu 0.0393 = 19919/506840 | w_len 1.9576 = 992194/506840 ../data/sample_500k/adult_test.txt
[2022-04-14 01:48:14.676] End E010 |  test loss  5.848; ppl    346.68 | accu 0.2236 = 25093/112220 | w_len 2.0874 = 234245/112220 ../data/sample_500k/adolescent_valid.txt
[2022-04-14 01:48:20.482] End E010 |  test loss  4.592; ppl     98.65 | accu 0.2355 = 27170/115380 | w_len 1.4029 = 161872/115380 ../data/sample_500k/cbt_valid.txt
[2022-04-14 01:48:20.482] Save: model.pt... 
[2022-04-14 01:48:21.210] Save: model.pt...Done. best_val_loss: 5.2122
[2022-04-14 01:48:21.210] Epoch 011/20 ==================================================
[2022-04-14 01:48:39.897] E011 |   200/1398 batches | lr 10.0000 | loss  4.339 | ppl     76.66 frag_cnt/word_cnt=1.768=247535/140000
[2022-04-14 01:48:58.110] E011 |   400/1398 batches | lr 10.0000 | loss  4.333 | ppl     76.14 frag_cnt/word_cnt=1.814=253922/140000
[2022-04-14 01:49:17.054] E011 |   600/1398 batches | lr 10.0000 | loss  4.263 | ppl     71.04 frag_cnt/word_cnt=1.811=253571/140000
[2022-04-14 01:49:35.609] E011 |   800/1398 batches | lr 10.0000 | loss  4.353 | ppl     77.70 frag_cnt/word_cnt=1.841=257807/140000
[2022-04-14 01:49:53.882] E011 |  1000/1398 batches | lr 10.0000 | loss  4.280 | ppl     72.25 frag_cnt/word_cnt=1.828=255909/140000
[2022-04-14 01:50:12.092] E011 |  1200/1398 batches | lr 10.0000 | loss  4.235 | ppl     69.04 frag_cnt/word_cnt=1.809=253277/140000
[2022-04-14 01:50:30.216] E011 |  1398/1398 batches | lr 10.0000 | loss  4.195 | ppl     66.34 frag_cnt/word_cnt=1.795=248809/138600
[2022-04-14 01:50:41.799] End E011 | valid loss  5.216; ppl    184.22 | accu 0.2289 = 52100/227640 | w_len 1.7404 = 396190/227640
[2022-04-14 01:51:07.922] End E011 |  test loss  9.162; ppl   9528.70 | accu 0.0429 = 21764/506840 | w_len 1.9576 = 992194/506840 ../data/sample_500k/adult_test.txt
[2022-04-14 01:51:13.675] End E011 |  test loss  5.856; ppl    349.47 | accu 0.2236 = 25098/112220 | w_len 2.0874 = 234245/112220 ../data/sample_500k/adolescent_valid.txt
[2022-04-14 01:51:19.379] End E011 |  test loss  4.591; ppl     98.58 | accu 0.2345 = 27056/115380 | w_len 1.4029 = 161872/115380 ../data/sample_500k/cbt_valid.txt
[2022-04-14 01:51:19.380] Epoch 012/20 ==================================================
[2022-04-14 01:51:37.504] E012 |   200/1398 batches | lr 5.0000 | loss  4.275 | ppl     71.87 frag_cnt/word_cnt=1.768=247535/140000
[2022-04-14 01:51:56.090] E012 |   400/1398 batches | lr 5.0000 | loss  4.253 | ppl     70.32 frag_cnt/word_cnt=1.814=253922/140000
[2022-04-14 01:52:14.925] E012 |   600/1398 batches | lr 5.0000 | loss  4.177 | ppl     65.14 frag_cnt/word_cnt=1.811=253571/140000
[2022-04-14 01:52:33.518] E012 |   800/1398 batches | lr 5.0000 | loss  4.249 | ppl     70.00 frag_cnt/word_cnt=1.841=257807/140000
[2022-04-14 01:52:52.219] E012 |  1000/1398 batches | lr 5.0000 | loss  4.177 | ppl     65.18 frag_cnt/word_cnt=1.828=255909/140000
[2022-04-14 01:53:10.745] E012 |  1200/1398 batches | lr 5.0000 | loss  4.115 | ppl     61.28 frag_cnt/word_cnt=1.809=253277/140000
[2022-04-14 01:53:28.977] E012 |  1398/1398 batches | lr 5.0000 | loss  4.071 | ppl     58.60 frag_cnt/word_cnt=1.795=248809/138600
[2022-04-14 01:53:42.918] End E012 | valid loss  5.189; ppl    179.36 | accu 0.2352 = 53551/227640 | w_len 1.7404 = 396190/227640
[2022-04-14 01:54:14.102] End E012 |  test loss  9.287; ppl  10792.37 | accu 0.0438 = 22218/506840 | w_len 1.9576 = 992194/506840 ../data/sample_500k/adult_test.txt
[2022-04-14 01:54:21.051] End E012 |  test loss  5.834; ppl    341.68 | accu 0.2288 = 25675/112220 | w_len 2.0874 = 234245/112220 ../data/sample_500k/adolescent_valid.txt
[2022-04-14 01:54:27.951] End E012 |  test loss  4.561; ppl     95.70 | accu 0.2413 = 27838/115380 | w_len 1.4029 = 161872/115380 ../data/sample_500k/cbt_valid.txt
[2022-04-14 01:54:27.952] Save: model.pt... 
[2022-04-14 01:54:28.649] Save: model.pt...Done. best_val_loss: 5.1894
[2022-04-14 01:54:28.649] Epoch 013/20 ==================================================
[2022-04-14 01:54:47.050] E013 |   200/1398 batches | lr 5.0000 | loss  4.213 | ppl     67.54 frag_cnt/word_cnt=1.768=247535/140000
[2022-04-14 01:55:05.411] E013 |   400/1398 batches | lr 5.0000 | loss  4.201 | ppl     66.79 frag_cnt/word_cnt=1.814=253922/140000
[2022-04-14 01:55:23.730] E013 |   600/1398 batches | lr 5.0000 | loss  4.129 | ppl     62.11 frag_cnt/word_cnt=1.811=253571/140000
[2022-04-14 01:55:41.998] E013 |   800/1398 batches | lr 5.0000 | loss  4.209 | ppl     67.27 frag_cnt/word_cnt=1.841=257807/140000
[2022-04-14 01:56:00.550] E013 |  1000/1398 batches | lr 5.0000 | loss  4.143 | ppl     62.98 frag_cnt/word_cnt=1.828=255909/140000
[2022-04-14 01:56:18.828] E013 |  1200/1398 batches | lr 5.0000 | loss  4.088 | ppl     59.62 frag_cnt/word_cnt=1.809=253277/140000
[2022-04-14 01:56:36.813] E013 |  1398/1398 batches | lr 5.0000 | loss  4.055 | ppl     57.69 frag_cnt/word_cnt=1.795=248809/138600
[2022-04-14 01:56:48.359] End E013 | valid loss  5.184; ppl    178.46 | accu 0.2361 = 53742/227640 | w_len 1.7404 = 396190/227640
[2022-04-14 01:57:18.475] End E013 |  test loss  9.101; ppl   8964.74 | accu 0.0526 = 26647/506840 | w_len 1.9576 = 992194/506840 ../data/sample_500k/adult_test.txt
[2022-04-14 01:57:25.400] End E013 |  test loss  5.832; ppl    340.99 | accu 0.2293 = 25731/112220 | w_len 2.0874 = 234245/112220 ../data/sample_500k/adolescent_valid.txt
[2022-04-14 01:57:32.266] End E013 |  test loss  4.557; ppl     95.27 | accu 0.2421 = 27937/115380 | w_len 1.4029 = 161872/115380 ../data/sample_500k/cbt_valid.txt
[2022-04-14 01:57:32.266] Save: model.pt... 
[2022-04-14 01:57:32.965] Save: model.pt...Done. best_val_loss: 5.1843
[2022-04-14 01:57:32.965] Epoch 014/20 ==================================================
[2022-04-14 01:57:51.203] E014 |   200/1398 batches | lr 5.0000 | loss  4.178 | ppl     65.24 frag_cnt/word_cnt=1.768=247535/140000
[2022-04-14 01:58:09.528] E014 |   400/1398 batches | lr 5.0000 | loss  4.164 | ppl     64.32 frag_cnt/word_cnt=1.814=253922/140000
[2022-04-14 01:58:27.896] E014 |   600/1398 batches | lr 5.0000 | loss  4.096 | ppl     60.12 frag_cnt/word_cnt=1.811=253571/140000
[2022-04-14 01:58:46.351] E014 |   800/1398 batches | lr 5.0000 | loss  4.182 | ppl     65.53 frag_cnt/word_cnt=1.841=257807/140000
[2022-04-14 01:59:04.599] E014 |  1000/1398 batches | lr 5.0000 | loss  4.116 | ppl     61.33 frag_cnt/word_cnt=1.828=255909/140000
[2022-04-14 01:59:22.866] E014 |  1200/1398 batches | lr 5.0000 | loss  4.068 | ppl     58.44 frag_cnt/word_cnt=1.809=253277/140000
[2022-04-14 01:59:40.723] E014 |  1398/1398 batches | lr 5.0000 | loss  4.030 | ppl     56.26 frag_cnt/word_cnt=1.795=248809/138600
[2022-04-14 01:59:52.372] End E014 | valid loss  5.189; ppl    179.30 | accu 0.2359 = 53708/227640 | w_len 1.7404 = 396190/227640
[2022-04-14 02:00:18.518] End E014 |  test loss  9.235; ppl  10253.74 | accu 0.0463 = 23462/506840 | w_len 1.9576 = 992194/506840 ../data/sample_500k/adult_test.txt
[2022-04-14 02:00:24.345] End E014 |  test loss  5.844; ppl    344.99 | accu 0.2288 = 25677/112220 | w_len 2.0874 = 234245/112220 ../data/sample_500k/adolescent_valid.txt
[2022-04-14 02:00:30.057] End E014 |  test loss  4.553; ppl     94.93 | accu 0.2425 = 27974/115380 | w_len 1.4029 = 161872/115380 ../data/sample_500k/cbt_valid.txt
[2022-04-14 02:00:30.057] Epoch 015/20 ==================================================
[2022-04-14 02:00:48.105] E015 |   200/1398 batches | lr 2.5000 | loss  4.152 | ppl     63.54 frag_cnt/word_cnt=1.768=247535/140000
[2022-04-14 02:01:06.737] E015 |   400/1398 batches | lr 2.5000 | loss  4.134 | ppl     62.41 frag_cnt/word_cnt=1.814=253922/140000
[2022-04-14 02:01:25.299] E015 |   600/1398 batches | lr 2.5000 | loss  4.058 | ppl     57.87 frag_cnt/word_cnt=1.811=253571/140000
[2022-04-14 02:01:44.684] E015 |   800/1398 batches | lr 2.5000 | loss  4.126 | ppl     61.91 frag_cnt/word_cnt=1.841=257807/140000
[2022-04-14 02:02:03.437] E015 |  1000/1398 batches | lr 2.5000 | loss  4.063 | ppl     58.17 frag_cnt/word_cnt=1.828=255909/140000
[2022-04-14 02:02:21.716] E015 |  1200/1398 batches | lr 2.5000 | loss  4.007 | ppl     54.95 frag_cnt/word_cnt=1.809=253277/140000
[2022-04-14 02:02:39.556] E015 |  1398/1398 batches | lr 2.5000 | loss  3.962 | ppl     52.55 frag_cnt/word_cnt=1.795=248809/138600
[2022-04-14 02:02:51.076] End E015 | valid loss  5.179; ppl    177.45 | accu 0.2384 = 54277/227640 | w_len 1.7404 = 396190/227640
[2022-04-14 02:03:16.973] End E015 |  test loss  9.087; ppl   8836.39 | accu 0.0502 = 25463/506840 | w_len 1.9576 = 992194/506840 ../data/sample_500k/adult_test.txt
[2022-04-14 02:03:22.675] End E015 |  test loss  5.836; ppl    342.32 | accu 0.2316 = 25993/112220 | w_len 2.0874 = 234245/112220 ../data/sample_500k/adolescent_valid.txt
[2022-04-14 02:03:28.379] End E015 |  test loss  4.541; ppl     93.74 | accu 0.2448 = 28242/115380 | w_len 1.4029 = 161872/115380 ../data/sample_500k/cbt_valid.txt
[2022-04-14 02:03:28.379] Save: model.pt... 
[2022-04-14 02:03:28.991] Save: model.pt...Done. best_val_loss: 5.1787
[2022-04-14 02:03:28.991] Epoch 016/20 ==================================================
[2022-04-14 02:03:47.056] E016 |   200/1398 batches | lr 2.5000 | loss  4.118 | ppl     61.42 frag_cnt/word_cnt=1.768=247535/140000
[2022-04-14 02:04:05.185] E016 |   400/1398 batches | lr 2.5000 | loss  4.102 | ppl     60.48 frag_cnt/word_cnt=1.814=253922/140000
[2022-04-14 02:04:23.274] E016 |   600/1398 batches | lr 2.5000 | loss  4.035 | ppl     56.57 frag_cnt/word_cnt=1.811=253571/140000
[2022-04-14 02:04:42.043] E016 |   800/1398 batches | lr 2.5000 | loss  4.109 | ppl     60.89 frag_cnt/word_cnt=1.841=257807/140000
[2022-04-14 02:05:00.294] E016 |  1000/1398 batches | lr 2.5000 | loss  4.049 | ppl     57.34 frag_cnt/word_cnt=1.828=255909/140000
[2022-04-14 02:05:19.402] E016 |  1200/1398 batches | lr 2.5000 | loss  3.991 | ppl     54.13 frag_cnt/word_cnt=1.809=253277/140000
[2022-04-14 02:05:37.339] E016 |  1398/1398 batches | lr 2.5000 | loss  3.952 | ppl     52.05 frag_cnt/word_cnt=1.795=248809/138600
[2022-04-14 02:05:48.847] End E016 | valid loss  5.180; ppl    177.67 | accu 0.2387 = 54329/227640 | w_len 1.7404 = 396190/227640
[2022-04-14 02:06:14.556] End E016 |  test loss  9.172; ppl   9622.35 | accu 0.0521 = 26411/506840 | w_len 1.9576 = 992194/506840 ../data/sample_500k/adult_test.txt
[2022-04-14 02:06:20.227] End E016 |  test loss  5.843; ppl    344.72 | accu 0.2311 = 25938/112220 | w_len 2.0874 = 234245/112220 ../data/sample_500k/adolescent_valid.txt
[2022-04-14 02:06:25.896] End E016 |  test loss  4.537; ppl     93.36 | accu 0.2458 = 28361/115380 | w_len 1.4029 = 161872/115380 ../data/sample_500k/cbt_valid.txt
[2022-04-14 02:06:25.896] Epoch 017/20 ==================================================
[2022-04-14 02:06:43.916] E017 |   200/1398 batches | lr 1.2500 | loss  4.107 | ppl     60.74 frag_cnt/word_cnt=1.768=247535/140000
[2022-04-14 02:07:02.622] E017 |   400/1398 batches | lr 1.2500 | loss  4.092 | ppl     59.89 frag_cnt/word_cnt=1.814=253922/140000
[2022-04-14 02:07:19.842] E017 |   600/1398 batches | lr 1.2500 | loss  4.016 | ppl     55.45 frag_cnt/word_cnt=1.811=253571/140000
[2022-04-14 02:07:38.122] E017 |   800/1398 batches | lr 1.2500 | loss  4.083 | ppl     59.34 frag_cnt/word_cnt=1.841=257807/140000
[2022-04-14 02:07:56.394] E017 |  1000/1398 batches | lr 1.2500 | loss  4.018 | ppl     55.61 frag_cnt/word_cnt=1.828=255909/140000
[2022-04-14 02:08:14.826] E017 |  1200/1398 batches | lr 1.2500 | loss  3.960 | ppl     52.47 frag_cnt/word_cnt=1.809=253277/140000
[2022-04-14 02:08:33.203] E017 |  1398/1398 batches | lr 1.2500 | loss  3.919 | ppl     50.35 frag_cnt/word_cnt=1.795=248809/138600
[2022-04-14 02:08:46.999] End E017 | valid loss  5.172; ppl    176.20 | accu 0.2398 = 54593/227640 | w_len 1.7404 = 396190/227640
[2022-04-14 02:09:13.964] End E017 |  test loss  9.126; ppl   9190.49 | accu 0.0533 = 27039/506840 | w_len 1.9576 = 992194/506840 ../data/sample_500k/adult_test.txt
[2022-04-14 02:09:19.710] End E017 |  test loss  5.835; ppl    342.15 | accu 0.2325 = 26088/112220 | w_len 2.0874 = 234245/112220 ../data/sample_500k/adolescent_valid.txt
[2022-04-14 02:09:25.441] End E017 |  test loss  4.527; ppl     92.48 | accu 0.2466 = 28450/115380 | w_len 1.4029 = 161872/115380 ../data/sample_500k/cbt_valid.txt
[2022-04-14 02:09:25.442] Save: model.pt... 
[2022-04-14 02:09:26.064] Save: model.pt...Done. best_val_loss: 5.1716
[2022-04-14 02:09:26.064] Epoch 018/20 ==================================================
[2022-04-14 02:09:44.217] E018 |   200/1398 batches | lr 1.2500 | loss  4.087 | ppl     59.58 frag_cnt/word_cnt=1.768=247535/140000
[2022-04-14 02:10:02.429] E018 |   400/1398 batches | lr 1.2500 | loss  4.073 | ppl     58.76 frag_cnt/word_cnt=1.814=253922/140000
[2022-04-14 02:10:20.515] E018 |   600/1398 batches | lr 1.2500 | loss  4.001 | ppl     54.64 frag_cnt/word_cnt=1.811=253571/140000
[2022-04-14 02:10:38.579] E018 |   800/1398 batches | lr 1.2500 | loss  4.074 | ppl     58.79 frag_cnt/word_cnt=1.841=257807/140000
[2022-04-14 02:10:57.358] E018 |  1000/1398 batches | lr 1.2500 | loss  4.010 | ppl     55.13 frag_cnt/word_cnt=1.828=255909/140000
[2022-04-14 02:11:15.757] E018 |  1200/1398 batches | lr 1.2500 | loss  3.954 | ppl     52.12 frag_cnt/word_cnt=1.809=253277/140000
[2022-04-14 02:11:33.494] E018 |  1398/1398 batches | lr 1.2500 | loss  3.918 | ppl     50.29 frag_cnt/word_cnt=1.795=248809/138600
[2022-04-14 02:11:44.910] End E018 | valid loss  5.172; ppl    176.20 | accu 0.2405 = 54739/227640 | w_len 1.7404 = 396190/227640
[2022-04-14 02:12:10.650] End E018 |  test loss  9.221; ppl  10105.88 | accu 0.0534 = 27042/506840 | w_len 1.9576 = 992194/506840 ../data/sample_500k/adult_test.txt
[2022-04-14 02:12:16.335] End E018 |  test loss  5.838; ppl    343.22 | accu 0.2332 = 26173/112220 | w_len 2.0874 = 234245/112220 ../data/sample_500k/adolescent_valid.txt
[2022-04-14 02:12:21.992] End E018 |  test loss  4.526; ppl     92.37 | accu 0.2471 = 28515/115380 | w_len 1.4029 = 161872/115380 ../data/sample_500k/cbt_valid.txt
[2022-04-14 02:12:21.992] Save: model.pt... 
[2022-04-14 02:12:22.598] Save: model.pt...Done. best_val_loss: 5.1716
[2022-04-14 02:12:22.599] Epoch 019/20 ==================================================
[2022-04-14 02:12:40.136] E019 |   200/1398 batches | lr 1.2500 | loss  4.077 | ppl     58.95 frag_cnt/word_cnt=1.768=247535/140000
[2022-04-14 02:12:58.426] E019 |   400/1398 batches | lr 1.2500 | loss  4.058 | ppl     57.85 frag_cnt/word_cnt=1.814=253922/140000
[2022-04-14 02:13:17.398] E019 |   600/1398 batches | lr 1.2500 | loss  3.990 | ppl     54.06 frag_cnt/word_cnt=1.811=253571/140000
[2022-04-14 02:13:35.462] E019 |   800/1398 batches | lr 1.2500 | loss  4.066 | ppl     58.30 frag_cnt/word_cnt=1.841=257807/140000
[2022-04-14 02:13:53.498] E019 |  1000/1398 batches | lr 1.2500 | loss  4.002 | ppl     54.70 frag_cnt/word_cnt=1.828=255909/140000
[2022-04-14 02:14:12.099] E019 |  1200/1398 batches | lr 1.2500 | loss  3.951 | ppl     52.00 frag_cnt/word_cnt=1.809=253277/140000
[2022-04-14 02:14:30.349] E019 |  1398/1398 batches | lr 1.2500 | loss  3.912 | ppl     49.97 frag_cnt/word_cnt=1.795=248809/138600
[2022-04-14 02:14:41.885] End E019 | valid loss  5.172; ppl    176.23 | accu 0.2404 = 54732/227640 | w_len 1.7404 = 396190/227640
[2022-04-14 02:15:07.732] End E019 |  test loss  9.131; ppl   9235.90 | accu 0.0535 = 27097/506840 | w_len 1.9576 = 992194/506840 ../data/sample_500k/adult_test.txt
[2022-04-14 02:15:13.473] End E019 |  test loss  5.839; ppl    343.42 | accu 0.2328 = 26127/112220 | w_len 2.0874 = 234245/112220 ../data/sample_500k/adolescent_valid.txt
[2022-04-14 02:15:19.170] End E019 |  test loss  4.524; ppl     92.20 | accu 0.2475 = 28551/115380 | w_len 1.4029 = 161872/115380 ../data/sample_500k/cbt_valid.txt
[2022-04-14 02:15:19.171] Epoch 020/20 ==================================================
[2022-04-14 02:15:37.924] E020 |   200/1398 batches | lr 0.6250 | loss  4.073 | ppl     58.72 frag_cnt/word_cnt=1.768=247535/140000
[2022-04-14 02:15:56.159] E020 |   400/1398 batches | lr 0.6250 | loss  4.058 | ppl     57.85 frag_cnt/word_cnt=1.814=253922/140000
[2022-04-14 02:16:14.244] E020 |   600/1398 batches | lr 0.6250 | loss  3.985 | ppl     53.79 frag_cnt/word_cnt=1.811=253571/140000
[2022-04-14 02:16:32.436] E020 |   800/1398 batches | lr 0.6250 | loss  4.055 | ppl     57.69 frag_cnt/word_cnt=1.841=257807/140000
[2022-04-14 02:16:50.527] E020 |  1000/1398 batches | lr 0.6250 | loss  3.988 | ppl     53.93 frag_cnt/word_cnt=1.828=255909/140000
[2022-04-14 02:17:09.335] E020 |  1200/1398 batches | lr 0.6250 | loss  3.930 | ppl     50.92 frag_cnt/word_cnt=1.809=253277/140000
[2022-04-14 02:17:27.255] E020 |  1398/1398 batches | lr 0.6250 | loss  3.893 | ppl     49.06 frag_cnt/word_cnt=1.795=248809/138600
[2022-04-14 02:17:38.814] End E020 | valid loss  5.167; ppl    175.39 | accu 0.2413 = 54923/227640 | w_len 1.7404 = 396190/227640
[2022-04-14 02:18:04.744] End E020 |  test loss  9.077; ppl   8754.87 | accu 0.0556 = 28188/506840 | w_len 1.9576 = 992194/506840 ../data/sample_500k/adult_test.txt
[2022-04-14 02:18:10.493] End E020 |  test loss  5.834; ppl    341.76 | accu 0.2340 = 26265/112220 | w_len 2.0874 = 234245/112220 ../data/sample_500k/adolescent_valid.txt
[2022-04-14 02:18:16.205] End E020 |  test loss  4.519; ppl     91.76 | accu 0.2481 = 28627/115380 | w_len 1.4029 = 161872/115380 ../data/sample_500k/cbt_valid.txt
[2022-04-14 02:18:16.205] Save: model.pt... 
[2022-04-14 02:18:16.816] Save: model.pt...Done. best_val_loss: 5.1670
[2022-04-14 02:18:43.153] End. test loss  9.08; ppl  8754.87 | accu 0.0556 = 28188/506840 | w_len 1.9576 = 992194/506840 ../data/sample_500k/adult_test.txt
[2022-04-14 02:18:48.912] End. test loss  5.83; ppl   341.76 | accu 0.2340 = 26265/112220 | w_len 2.0874 = 234245/112220 ../data/sample_500k/adolescent_valid.txt
[2022-04-14 02:18:54.634] End. test loss  4.52; ppl    91.76 | accu 0.2481 = 28627/115380 | w_len 1.4029 = 161872/115380 ../data/sample_500k/cbt_valid.txt
[2022-04-14 02:18:54.634] =========================================================================================
[2022-04-14 02:18:54.634] valid_loss
[2022-04-14 02:18:54.634]  5.71, 5.48, 5.39, 5.35, 5.31, 5.29, 5.29, 5.28, 5.30, 5.21, 5.22, 5.19, 5.18, 5.19, 5.18, 5.18, 5.17, 5.17, 5.17, 5.17
[2022-04-14 02:18:54.634] valid_loss ppl
[2022-04-14 02:18:54.634]   302.68,  239.18,  218.19,  209.89,  203.07,  198.41,  197.42,  196.52,  200.67,  183.49,  184.22,  179.36,  178.46,  179.30,  177.45,  177.67,  176.20,  176.20,  176.23,  175.39
[2022-04-14 02:18:54.634] test_loss of ../data/sample_500k/adult_test.txt
[2022-04-14 02:18:54.634]  9.45, 8.46, 8.38, 8.19, 8.68, 8.29, 8.84, 8.35, 9.77, 9.13, 9.16, 9.29, 9.10, 9.24, 9.09, 9.17, 9.13, 9.22, 9.13, 9.08
[2022-04-14 02:18:54.634] test_loss of ../data/sample_500k/adult_test.txt ppl
[2022-04-14 02:18:54.634] 12770.87, 4731.14, 4366.63, 3588.98, 5908.29, 3965.74, 6889.64, 4215.65,17457.42, 9209.77, 9528.70,10792.37, 8964.74,10253.74, 8836.39, 9622.35, 9190.49,10105.88, 9235.90, 8754.87
[2022-04-14 02:18:54.634] test_loss of ../data/sample_500k/adolescent_valid.txt
[2022-04-14 02:18:54.635]  6.31, 6.09, 5.98, 5.94, 5.92, 5.91, 5.91, 5.92, 5.95, 5.85, 5.86, 5.83, 5.83, 5.84, 5.84, 5.84, 5.84, 5.84, 5.84, 5.83
[2022-04-14 02:18:54.635] test_loss of ../data/sample_500k/adolescent_valid.txt ppl
[2022-04-14 02:18:54.635]   552.42,  440.09,  395.97,  381.35,  374.05,  369.81,  368.72,  372.19,  385.61,  346.68,  349.47,  341.68,  340.99,  344.99,  342.32,  344.72,  342.15,  343.22,  343.42,  341.76
[2022-04-14 02:18:54.635] test_loss of ../data/sample_500k/cbt_valid.txt
[2022-04-14 02:18:54.635]  5.13, 4.89, 4.81, 4.77, 4.72, 4.69, 4.68, 4.66, 4.67, 4.59, 4.59, 4.56, 4.56, 4.55, 4.54, 4.54, 4.53, 4.53, 4.52, 4.52
[2022-04-14 02:18:54.635] test_loss of ../data/sample_500k/cbt_valid.txt ppl
[2022-04-14 02:18:54.635]   169.25,  133.04,  122.55,  118.13,  112.33,  108.65,  107.61,  105.92,  106.68,   98.65,   98.58,   95.70,   95.27,   94.93,   93.74,   93.36,   92.48,   92.37,   92.20,   91.76
[2022-04-14 02:18:54.635] 
[2022-04-14 02:18:54.635] 
[2022-04-14 02:18:54.635] 
