[2022-04-13 15:47:15.495] corpus.train_file_list: 2
[2022-04-13 15:47:15.495]         ../data/sample_500k/cbt_train.txt
[2022-04-13 15:47:15.495]         ../data/sample_500k/adolescent_train.txt
[2022-04-13 15:47:15.495] corpus.valid_file_list: 2
[2022-04-13 15:47:15.495]         ../data/sample_500k/cbt_valid.txt
[2022-04-13 15:47:15.495]         ../data/sample_500k/adolescent_valid.txt
[2022-04-13 15:47:15.495] corpus.test_file_list: 3
[2022-04-13 15:47:15.495]         ../data/sample_500k/adult_test.txt
[2022-04-13 15:47:15.496]         ../data/sample_500k/adolescent_valid.txt
[2022-04-13 15:47:15.496]         ../data/sample_500k/cbt_valid.txt
[2022-04-13 15:47:15.496] corpus.subword_vocab_size: 0
[2022-04-13 15:47:15.496] corpus.subword_model = None. Corpus will not use subword.
[2022-04-13 15:47:15.496] corpus tokenize...
[2022-04-13 15:47:16.204]         train tokens: 511735  ../data/sample_500k/cbt_train.txt
[2022-04-13 15:47:17.305]         train tokens: 467267  ../data/sample_500k/adolescent_train.txt
[2022-04-13 15:47:17.448]         valid tokens: 115417  ../data/sample_500k/cbt_valid.txt
[2022-04-13 15:47:17.697]         valid tokens: 112256  ../data/sample_500k/adolescent_valid.txt
[2022-04-13 15:47:18.337]         test  tokens: 506878  ../data/sample_500k/adult_test.txt
[2022-04-13 15:47:18.578]         test  tokens: 112256  ../data/sample_500k/adolescent_valid.txt
[2022-04-13 15:47:18.722]         test  tokens: 115417  ../data/sample_500k/cbt_valid.txt
[2022-04-13 15:47:18.722] corpus.ntokens      : 100726
[2022-04-13 15:47:18.722] corpus.char_count   : 166
[2022-04-13 15:47:18.722] corpus.char_cnt_dict: 166
[2022-04-13 15:47:18.722] corpus.char_id_dict : 166
[2022-04-13 15:47:18.729] corpus.batchify(2 files, batch_size=20)...
[2022-04-13 15:47:18.729]         tokens_all: 979002
[2022-04-13 15:47:18.729]         batched   :  48950
[2022-04-13 15:47:18.730]         ../data/sample_500k/cbt_train.txt
[2022-04-13 15:47:18.730]         ../data/sample_500k/adolescent_train.txt
[2022-04-13 15:47:18.734] corpus.batchify(2 files, batch_size=20)...
[2022-04-13 15:47:18.734]         tokens_all: 227673
[2022-04-13 15:47:18.734]         batched   :  11383
[2022-04-13 15:47:18.734]         ../data/sample_500k/cbt_valid.txt
[2022-04-13 15:47:18.734]         ../data/sample_500k/adolescent_valid.txt
[2022-04-13 15:47:18.738] corpus.batchify(1 files, batch_size=20)...
[2022-04-13 15:47:18.739]         tokens_all: 506878
[2022-04-13 15:47:18.739]         batched   :  25343
[2022-04-13 15:47:18.739]         ../data/sample_500k/adult_test.txt
[2022-04-13 15:47:18.741] corpus.batchify(1 files, batch_size=20)...
[2022-04-13 15:47:18.741]         tokens_all: 112256
[2022-04-13 15:47:18.741]         batched   :   5612
[2022-04-13 15:47:18.741]         ../data/sample_500k/adolescent_valid.txt
[2022-04-13 15:47:18.743] corpus.batchify(1 files, batch_size=20)...
[2022-04-13 15:47:18.743]         tokens_all: 115417
[2022-04-13 15:47:18.743]         batched   :   5770
[2022-04-13 15:47:18.743]         ../data/sample_500k/cbt_valid.txt
[2022-04-13 15:47:18.743] subword_adapter will be generated due to word_split_mode='Subword.10000'
[2022-04-13 15:47:18.744] SubwordAdapter.file_list: 4
[2022-04-13 15:47:18.744]         ../data/sample_500k/cbt_train.txt
[2022-04-13 15:47:18.744]         ../data/sample_500k/adolescent_train.txt
[2022-04-13 15:47:18.744]         ../data/sample_500k/cbt_valid.txt
[2022-04-13 15:47:18.744]         ../data/sample_500k/adolescent_valid.txt
[2022-04-13 15:47:18.744] SubwordAdapter.subword_vocab_size: 10000
[2022-04-13 15:47:18.744] SubwordAdapter.subword_model.train(4 files)...
[2022-04-13 15:47:20.079] SubwordAdapter.subword_model.train(4 files)...Done
[2022-04-13 15:47:20.795] RNNModel.rnn_type: LSTM
[2022-04-13 15:47:20.795] RNNModel.ntoken  : 100726
[2022-04-13 15:47:20.795] RNNModel.ninp    : 200
[2022-04-13 15:47:20.795] RNNModel.nhid    : 200
[2022-04-13 15:47:20.796] RNNModel.nlayers : 2
[2022-04-13 15:47:20.796] RNNModel.dropout : 0.2
[2022-04-13 15:47:20.796] RNNModel.tie_weights: False
[2022-04-13 15:47:20.796] RNNModel.fragment_aggregate_mode: LSTM
[2022-04-13 15:47:20.796] RNNModel.fragment_cnt           : 10002
[2022-04-13 15:47:20.796] RNNModel.fragment_emsize        : 25
[2022-04-13 15:47:20.796] RNNModel.fragment_nhid          : 200
[2022-04-13 15:47:20.801] RNNModel.fragment_embeds     : created
[2022-04-13 15:47:20.804] RNNModel.fragment_lstm       : created
[2022-04-13 15:47:20.804] RNNModel.fragment_lstm_linear: created
[2022-04-13 15:47:20.865] Epoch 001/20 ==================================================
[2022-04-13 15:48:23.351] E001 |   200/1398 batches | lr 20.0000 | loss  8.178 | ppl   3562.57 frag_cnt/word_cnt=1.433=200574/140000
[2022-04-13 15:49:24.341] E001 |   400/1398 batches | lr 20.0000 | loss  6.973 | ppl   1067.58 frag_cnt/word_cnt=1.473=206226/140000
[2022-04-13 15:50:25.439] E001 |   600/1398 batches | lr 20.0000 | loss  6.362 | ppl    579.61 frag_cnt/word_cnt=1.463=204765/140000
[2022-04-13 15:51:26.992] E001 |   800/1398 batches | lr 20.0000 | loss  6.150 | ppl    468.88 frag_cnt/word_cnt=1.479=207067/140000
[2022-04-13 15:52:28.678] E001 |  1000/1398 batches | lr 20.0000 | loss  5.933 | ppl    377.12 frag_cnt/word_cnt=1.474=206319/140000
[2022-04-13 15:53:30.534] E001 |  1200/1398 batches | lr 20.0000 | loss  5.793 | ppl    328.05 frag_cnt/word_cnt=1.470=205866/140000
[2022-04-13 15:54:29.007] E001 |  1398/1398 batches | lr 20.0000 | loss  5.650 | ppl    284.38 frag_cnt/word_cnt=1.454=201526/138600
[2022-04-13 15:54:57.814] End E001 | valid loss  5.769; ppl    320.13 | accu 0.1791 = 40767/227640 | w_len 1.4216 = 323606/227640
[2022-04-13 15:56:02.611] End E001 |  test loss  8.281; ppl   3949.03 | accu 0.0595 = 30132/506840 | w_len 1.5350 = 778006/506840 ../data/sample_500k/adult_test.txt
[2022-04-13 15:56:16.910] End E001 |  test loss  6.389; ppl    595.01 | accu 0.1706 = 19144/112220 | w_len 1.6818 = 188735/112220 ../data/sample_500k/adolescent_valid.txt
[2022-04-13 15:56:31.329] End E001 |  test loss  5.165; ppl    175.12 | accu 0.1876 = 21645/115380 | w_len 1.1684 = 134810/115380 ../data/sample_500k/cbt_valid.txt
[2022-04-13 15:56:31.329] Save: model.pt... 
[2022-04-13 15:56:31.952] Save: model.pt...Done. best_val_loss: 5.7687
[2022-04-13 15:56:31.952] Epoch 002/20 ==================================================
[2022-04-13 15:57:33.311] E002 |   200/1398 batches | lr 20.0000 | loss  5.578 | ppl    264.48 frag_cnt/word_cnt=1.433=200574/140000
[2022-04-13 15:58:36.583] E002 |   400/1398 batches | lr 20.0000 | loss  5.516 | ppl    248.58 frag_cnt/word_cnt=1.473=206226/140000
[2022-04-13 15:59:37.470] E002 |   600/1398 batches | lr 20.0000 | loss  5.386 | ppl    218.33 frag_cnt/word_cnt=1.463=204765/140000
[2022-04-13 16:00:37.519] E002 |   800/1398 batches | lr 20.0000 | loss  5.440 | ppl    230.48 frag_cnt/word_cnt=1.479=207067/140000
[2022-04-13 16:01:37.286] E002 |  1000/1398 batches | lr 20.0000 | loss  5.352 | ppl    210.93 frag_cnt/word_cnt=1.474=206319/140000
[2022-04-13 16:02:38.362] E002 |  1200/1398 batches | lr 20.0000 | loss  5.269 | ppl    194.16 frag_cnt/word_cnt=1.470=205866/140000
[2022-04-13 16:03:39.125] E002 |  1398/1398 batches | lr 20.0000 | loss  5.207 | ppl    182.63 frag_cnt/word_cnt=1.454=201526/138600
[2022-04-13 16:04:08.340] End E002 | valid loss  5.491; ppl    242.53 | accu 0.2008 = 45702/227640 | w_len 1.4216 = 323606/227640
[2022-04-13 16:05:12.973] End E002 |  test loss  8.151; ppl   3467.44 | accu 0.0832 = 42177/506840 | w_len 1.5350 = 778006/506840 ../data/sample_500k/adult_test.txt
[2022-04-13 16:05:27.296] End E002 |  test loss  6.081; ppl    437.52 | accu 0.2011 = 22572/112220 | w_len 1.6818 = 188735/112220 ../data/sample_500k/adolescent_valid.txt
[2022-04-13 16:05:41.600] End E002 |  test loss  4.919; ppl    136.83 | accu 0.2003 = 23109/115380 | w_len 1.1684 = 134810/115380 ../data/sample_500k/cbt_valid.txt
[2022-04-13 16:05:41.601] Save: model.pt... 
[2022-04-13 16:05:42.231] Save: model.pt...Done. best_val_loss: 5.4911
[2022-04-13 16:05:42.231] Epoch 003/20 ==================================================
[2022-04-13 16:06:41.533] E003 |   200/1398 batches | lr 20.0000 | loss  5.202 | ppl    181.69 frag_cnt/word_cnt=1.433=200574/140000
[2022-04-13 16:07:44.489] E003 |   400/1398 batches | lr 20.0000 | loss  5.178 | ppl    177.37 frag_cnt/word_cnt=1.473=206226/140000
[2022-04-13 16:08:46.900] E003 |   600/1398 batches | lr 20.0000 | loss  5.083 | ppl    161.21 frag_cnt/word_cnt=1.463=204765/140000
[2022-04-13 16:09:48.773] E003 |   800/1398 batches | lr 20.0000 | loss  5.168 | ppl    175.54 frag_cnt/word_cnt=1.479=207067/140000
[2022-04-13 16:10:50.336] E003 |  1000/1398 batches | lr 20.0000 | loss  5.093 | ppl    162.91 frag_cnt/word_cnt=1.474=206319/140000
[2022-04-13 16:11:49.471] E003 |  1200/1398 batches | lr 20.0000 | loss  5.025 | ppl    152.20 frag_cnt/word_cnt=1.470=205866/140000
[2022-04-13 16:12:48.169] E003 |  1398/1398 batches | lr 20.0000 | loss  4.982 | ppl    145.76 frag_cnt/word_cnt=1.454=201526/138600
[2022-04-13 16:13:17.479] End E003 | valid loss  5.378; ppl    216.61 | accu 0.2101 = 47821/227640 | w_len 1.4216 = 323606/227640
[2022-04-13 16:14:23.315] End E003 |  test loss  8.236; ppl   3772.53 | accu 0.0827 = 41896/506840 | w_len 1.5350 = 778006/506840 ../data/sample_500k/adult_test.txt
[2022-04-13 16:14:37.841] End E003 |  test loss  5.982; ppl    396.40 | accu 0.2060 = 23116/112220 | w_len 1.6818 = 188735/112220 ../data/sample_500k/adolescent_valid.txt
[2022-04-13 16:14:52.768] End E003 |  test loss  4.793; ppl    120.62 | accu 0.2134 = 24617/115380 | w_len 1.1684 = 134810/115380 ../data/sample_500k/cbt_valid.txt
[2022-04-13 16:14:52.768] Save: model.pt... 
[2022-04-13 16:14:53.392] Save: model.pt...Done. best_val_loss: 5.3781
[2022-04-13 16:14:53.392] Epoch 004/20 ==================================================
[2022-04-13 16:15:53.541] E004 |   200/1398 batches | lr 20.0000 | loss  4.990 | ppl    146.94 frag_cnt/word_cnt=1.433=200574/140000
[2022-04-13 16:16:54.544] E004 |   400/1398 batches | lr 20.0000 | loss  4.977 | ppl    145.08 frag_cnt/word_cnt=1.473=206226/140000
[2022-04-13 16:17:56.400] E004 |   600/1398 batches | lr 20.0000 | loss  4.893 | ppl    133.40 frag_cnt/word_cnt=1.463=204765/140000
[2022-04-13 16:18:59.857] E004 |   800/1398 batches | lr 20.0000 | loss  4.989 | ppl    146.79 frag_cnt/word_cnt=1.479=207067/140000
[2022-04-13 16:20:02.821] E004 |  1000/1398 batches | lr 20.0000 | loss  4.916 | ppl    136.43 frag_cnt/word_cnt=1.474=206319/140000
[2022-04-13 16:21:02.885] E004 |  1200/1398 batches | lr 20.0000 | loss  4.854 | ppl    128.19 frag_cnt/word_cnt=1.470=205866/140000
[2022-04-13 16:22:03.060] E004 |  1398/1398 batches | lr 20.0000 | loss  4.816 | ppl    123.45 frag_cnt/word_cnt=1.454=201526/138600
[2022-04-13 16:22:32.399] End E004 | valid loss  5.332; ppl    206.87 | accu 0.2147 = 48866/227640 | w_len 1.4216 = 323606/227640
[2022-04-13 16:23:37.317] End E004 |  test loss  8.232; ppl   3759.95 | accu 0.0893 = 45266/506840 | w_len 1.5350 = 778006/506840 ../data/sample_500k/adult_test.txt
[2022-04-13 16:23:51.493] End E004 |  test loss  5.941; ppl    380.43 | accu 0.2128 = 23886/112220 | w_len 1.6818 = 188735/112220 ../data/sample_500k/adolescent_valid.txt
[2022-04-13 16:24:06.172] End E004 |  test loss  4.743; ppl    114.83 | accu 0.2162 = 24942/115380 | w_len 1.1684 = 134810/115380 ../data/sample_500k/cbt_valid.txt
[2022-04-13 16:24:06.172] Save: model.pt... 
[2022-04-13 16:24:06.823] Save: model.pt...Done. best_val_loss: 5.3321
[2022-04-13 16:24:06.823] Epoch 005/20 ==================================================
[2022-04-13 16:25:08.378] E005 |   200/1398 batches | lr 20.0000 | loss  4.838 | ppl    126.17 frag_cnt/word_cnt=1.433=200574/140000
[2022-04-13 16:26:08.951] E005 |   400/1398 batches | lr 20.0000 | loss  4.830 | ppl    125.21 frag_cnt/word_cnt=1.473=206226/140000
[2022-04-13 16:27:10.489] E005 |   600/1398 batches | lr 20.0000 | loss  4.754 | ppl    116.00 frag_cnt/word_cnt=1.463=204765/140000
[2022-04-13 16:28:12.328] E005 |   800/1398 batches | lr 20.0000 | loss  4.854 | ppl    128.20 frag_cnt/word_cnt=1.479=207067/140000
[2022-04-13 16:29:14.844] E005 |  1000/1398 batches | lr 20.0000 | loss  4.785 | ppl    119.65 frag_cnt/word_cnt=1.474=206319/140000
[2022-04-13 16:30:18.465] E005 |  1200/1398 batches | lr 20.0000 | loss  4.724 | ppl    112.67 frag_cnt/word_cnt=1.470=205866/140000
[2022-04-13 16:31:19.391] E005 |  1398/1398 batches | lr 20.0000 | loss  4.687 | ppl    108.57 frag_cnt/word_cnt=1.454=201526/138600
[2022-04-13 16:31:48.784] End E005 | valid loss  5.303; ppl    201.02 | accu 0.2169 = 49368/227640 | w_len 1.4216 = 323606/227640
[2022-04-13 16:32:53.957] End E005 |  test loss  8.394; ppl   4420.86 | accu 0.0859 = 43541/506840 | w_len 1.5350 = 778006/506840 ../data/sample_500k/adult_test.txt
[2022-04-13 16:33:08.221] End E005 |  test loss  5.910; ppl    368.72 | accu 0.2127 = 23872/112220 | w_len 1.6818 = 188735/112220 ../data/sample_500k/adolescent_valid.txt
[2022-04-13 16:33:22.752] End E005 |  test loss  4.716; ppl    111.67 | accu 0.2207 = 25467/115380 | w_len 1.1684 = 134810/115380 ../data/sample_500k/cbt_valid.txt
[2022-04-13 16:33:22.752] Save: model.pt... 
[2022-04-13 16:33:23.369] Save: model.pt...Done. best_val_loss: 5.3034
[2022-04-13 16:33:23.370] Epoch 006/20 ==================================================
[2022-04-13 16:34:23.962] E006 |   200/1398 batches | lr 20.0000 | loss  4.722 | ppl    112.42 frag_cnt/word_cnt=1.433=200574/140000
[2022-04-13 16:35:25.652] E006 |   400/1398 batches | lr 20.0000 | loss  4.715 | ppl    111.60 frag_cnt/word_cnt=1.473=206226/140000
[2022-04-13 16:36:25.673] E006 |   600/1398 batches | lr 20.0000 | loss  4.642 | ppl    103.79 frag_cnt/word_cnt=1.463=204765/140000
[2022-04-13 16:37:26.752] E006 |   800/1398 batches | lr 20.0000 | loss  4.740 | ppl    114.39 frag_cnt/word_cnt=1.479=207067/140000
[2022-04-13 16:38:26.604] E006 |  1000/1398 batches | lr 20.0000 | loss  4.676 | ppl    107.32 frag_cnt/word_cnt=1.474=206319/140000
[2022-04-13 16:39:27.058] E006 |  1200/1398 batches | lr 20.0000 | loss  4.617 | ppl    101.15 frag_cnt/word_cnt=1.470=205866/140000
[2022-04-13 16:40:27.540] E006 |  1398/1398 batches | lr 20.0000 | loss  4.589 | ppl     98.44 frag_cnt/word_cnt=1.454=201526/138600
[2022-04-13 16:40:56.879] End E006 | valid loss  5.285; ppl    197.30 | accu 0.2186 = 49762/227640 | w_len 1.4216 = 323606/227640
[2022-04-13 16:42:02.918] End E006 |  test loss  8.404; ppl   4463.88 | accu 0.0863 = 43755/506840 | w_len 1.5350 = 778006/506840 ../data/sample_500k/adult_test.txt
[2022-04-13 16:42:17.322] End E006 |  test loss  5.901; ppl    365.47 | accu 0.2136 = 23972/112220 | w_len 1.6818 = 188735/112220 ../data/sample_500k/adolescent_valid.txt
[2022-04-13 16:42:32.001] End E006 |  test loss  4.694; ppl    109.32 | accu 0.2221 = 25622/115380 | w_len 1.1684 = 134810/115380 ../data/sample_500k/cbt_valid.txt
[2022-04-13 16:42:32.001] Save: model.pt... 
[2022-04-13 16:42:32.620] Save: model.pt...Done. best_val_loss: 5.2847
[2022-04-13 16:42:32.620] Epoch 007/20 ==================================================
[2022-04-13 16:43:33.349] E007 |   200/1398 batches | lr 20.0000 | loss  4.624 | ppl    101.92 frag_cnt/word_cnt=1.433=200574/140000
[2022-04-13 16:44:33.026] E007 |   400/1398 batches | lr 20.0000 | loss  4.614 | ppl    100.86 frag_cnt/word_cnt=1.473=206226/140000
[2022-04-13 16:45:33.725] E007 |   600/1398 batches | lr 20.0000 | loss  4.548 | ppl     94.46 frag_cnt/word_cnt=1.463=204765/140000
[2022-04-13 16:46:35.202] E007 |   800/1398 batches | lr 20.0000 | loss  4.642 | ppl    103.73 frag_cnt/word_cnt=1.479=207067/140000
[2022-04-13 16:47:35.189] E007 |  1000/1398 batches | lr 20.0000 | loss  4.580 | ppl     97.53 frag_cnt/word_cnt=1.474=206319/140000
[2022-04-13 16:48:34.560] E007 |  1200/1398 batches | lr 20.0000 | loss  4.523 | ppl     92.13 frag_cnt/word_cnt=1.470=205866/140000
[2022-04-13 16:49:34.668] E007 |  1398/1398 batches | lr 20.0000 | loss  4.498 | ppl     89.83 frag_cnt/word_cnt=1.454=201526/138600
[2022-04-13 16:50:03.206] End E007 | valid loss  5.279; ppl    196.12 | accu 0.2199 = 50048/227640 | w_len 1.4216 = 323606/227640
[2022-04-13 16:51:07.939] End E007 |  test loss  8.491; ppl   4870.25 | accu 0.0824 = 41764/506840 | w_len 1.5350 = 778006/506840 ../data/sample_500k/adult_test.txt
[2022-04-13 16:51:22.126] End E007 |  test loss  5.903; ppl    366.14 | accu 0.2147 = 24089/112220 | w_len 1.6818 = 188735/112220 ../data/sample_500k/adolescent_valid.txt
[2022-04-13 16:51:36.528] End E007 |  test loss  4.674; ppl    107.07 | accu 0.2244 = 25889/115380 | w_len 1.1684 = 134810/115380 ../data/sample_500k/cbt_valid.txt
[2022-04-13 16:51:36.528] Save: model.pt... 
[2022-04-13 16:51:37.151] Save: model.pt...Done. best_val_loss: 5.2787
[2022-04-13 16:51:37.151] Epoch 008/20 ==================================================
[2022-04-13 16:52:37.148] E008 |   200/1398 batches | lr 20.0000 | loss  4.535 | ppl     93.21 frag_cnt/word_cnt=1.433=200574/140000
[2022-04-13 16:53:38.339] E008 |   400/1398 batches | lr 20.0000 | loss  4.526 | ppl     92.43 frag_cnt/word_cnt=1.473=206226/140000
[2022-04-13 16:54:38.885] E008 |   600/1398 batches | lr 20.0000 | loss  4.470 | ppl     87.37 frag_cnt/word_cnt=1.463=204765/140000
[2022-04-13 16:55:38.704] E008 |   800/1398 batches | lr 20.0000 | loss  4.560 | ppl     95.60 frag_cnt/word_cnt=1.479=207067/140000
[2022-04-13 16:56:39.436] E008 |  1000/1398 batches | lr 20.0000 | loss  4.498 | ppl     89.82 frag_cnt/word_cnt=1.474=206319/140000
[2022-04-13 16:57:41.310] E008 |  1200/1398 batches | lr 20.0000 | loss  4.449 | ppl     85.55 frag_cnt/word_cnt=1.470=205866/140000
[2022-04-13 16:58:41.020] E008 |  1398/1398 batches | lr 20.0000 | loss  4.424 | ppl     83.43 frag_cnt/word_cnt=1.454=201526/138600
[2022-04-13 16:59:10.091] End E008 | valid loss  5.301; ppl    200.52 | accu 0.2181 = 49654/227640 | w_len 1.4216 = 323606/227640
[2022-04-13 17:00:14.932] End E008 |  test loss  8.526; ppl   5044.62 | accu 0.0857 = 43424/506840 | w_len 1.5350 = 778006/506840 ../data/sample_500k/adult_test.txt
[2022-04-13 17:00:29.346] End E008 |  test loss  5.944; ppl    381.57 | accu 0.2109 = 23667/112220 | w_len 1.6818 = 188735/112220 ../data/sample_500k/adolescent_valid.txt
[2022-04-13 17:00:43.959] End E008 |  test loss  4.677; ppl    107.41 | accu 0.2251 = 25971/115380 | w_len 1.1684 = 134810/115380 ../data/sample_500k/cbt_valid.txt
[2022-04-13 17:00:43.959] Epoch 009/20 ==================================================
[2022-04-13 17:01:42.364] E009 |   200/1398 batches | lr 10.0000 | loss  4.412 | ppl     82.40 frag_cnt/word_cnt=1.433=200574/140000
[2022-04-13 17:02:41.639] E009 |   400/1398 batches | lr 10.0000 | loss  4.373 | ppl     79.29 frag_cnt/word_cnt=1.473=206226/140000
[2022-04-13 17:03:40.609] E009 |   600/1398 batches | lr 10.0000 | loss  4.294 | ppl     73.25 frag_cnt/word_cnt=1.463=204765/140000
[2022-04-13 17:04:40.664] E009 |   800/1398 batches | lr 10.0000 | loss  4.366 | ppl     78.70 frag_cnt/word_cnt=1.479=207067/140000
[2022-04-13 17:05:40.398] E009 |  1000/1398 batches | lr 10.0000 | loss  4.293 | ppl     73.20 frag_cnt/word_cnt=1.474=206319/140000
[2022-04-13 17:06:39.652] E009 |  1200/1398 batches | lr 10.0000 | loss  4.230 | ppl     68.74 frag_cnt/word_cnt=1.470=205866/140000
[2022-04-13 17:07:37.283] E009 |  1398/1398 batches | lr 10.0000 | loss  4.195 | ppl     66.36 frag_cnt/word_cnt=1.454=201526/138600
[2022-04-13 17:08:05.953] End E009 | valid loss  5.234; ppl    187.63 | accu 0.2294 = 52222/227640 | w_len 1.4216 = 323606/227640
[2022-04-13 17:09:10.324] End E009 |  test loss  8.552; ppl   5179.08 | accu 0.0892 = 45201/506840 | w_len 1.5350 = 778006/506840 ../data/sample_500k/adult_test.txt
[2022-04-13 17:09:24.310] End E009 |  test loss  5.882; ppl    358.54 | accu 0.2220 = 24917/112220 | w_len 1.6818 = 188735/112220 ../data/sample_500k/adolescent_valid.txt
[2022-04-13 17:09:38.446] End E009 |  test loss  4.605; ppl    100.01 | accu 0.2364 = 27277/115380 | w_len 1.1684 = 134810/115380 ../data/sample_500k/cbt_valid.txt
[2022-04-13 17:09:38.446] Save: model.pt... 
[2022-04-13 17:09:39.142] Save: model.pt...Done. best_val_loss: 5.2345
[2022-04-13 17:09:39.142] Epoch 010/20 ==================================================
[2022-04-13 17:10:38.088] E010 |   200/1398 batches | lr 10.0000 | loss  4.301 | ppl     73.78 frag_cnt/word_cnt=1.433=200574/140000
[2022-04-13 17:11:35.923] E010 |   400/1398 batches | lr 10.0000 | loss  4.282 | ppl     72.38 frag_cnt/word_cnt=1.473=206226/140000
[2022-04-13 17:12:33.719] E010 |   600/1398 batches | lr 10.0000 | loss  4.215 | ppl     67.68 frag_cnt/word_cnt=1.463=204765/140000
[2022-04-13 17:13:32.778] E010 |   800/1398 batches | lr 10.0000 | loss  4.291 | ppl     73.07 frag_cnt/word_cnt=1.479=207067/140000
[2022-04-13 17:14:30.854] E010 |  1000/1398 batches | lr 10.0000 | loss  4.232 | ppl     68.88 frag_cnt/word_cnt=1.474=206319/140000
[2022-04-13 17:15:28.544] E010 |  1200/1398 batches | lr 10.0000 | loss  4.167 | ppl     64.52 frag_cnt/word_cnt=1.470=205866/140000
[2022-04-13 17:16:25.704] E010 |  1398/1398 batches | lr 10.0000 | loss  4.142 | ppl     62.93 frag_cnt/word_cnt=1.454=201526/138600
[2022-04-13 17:16:54.404] End E010 | valid loss  5.239; ppl    188.48 | accu 0.2294 = 52227/227640 | w_len 1.4216 = 323606/227640
[2022-04-13 17:17:58.457] End E010 |  test loss  8.658; ppl   5756.47 | accu 0.0867 = 43968/506840 | w_len 1.5350 = 778006/506840 ../data/sample_500k/adult_test.txt
[2022-04-13 17:18:12.967] End E010 |  test loss  5.897; ppl    363.90 | accu 0.2221 = 24923/112220 | w_len 1.6818 = 188735/112220 ../data/sample_500k/adolescent_valid.txt
[2022-04-13 17:18:27.210] End E010 |  test loss  4.599; ppl     99.41 | accu 0.2363 = 27266/115380 | w_len 1.1684 = 134810/115380 ../data/sample_500k/cbt_valid.txt
[2022-04-13 17:18:27.210] Epoch 011/20 ==================================================
[2022-04-13 17:19:25.093] E011 |   200/1398 batches | lr 5.0000 | loss  4.236 | ppl     69.11 frag_cnt/word_cnt=1.433=200574/140000
[2022-04-13 17:20:23.940] E011 |   400/1398 batches | lr 5.0000 | loss  4.198 | ppl     66.55 frag_cnt/word_cnt=1.473=206226/140000
[2022-04-13 17:21:22.162] E011 |   600/1398 batches | lr 5.0000 | loss  4.127 | ppl     61.97 frag_cnt/word_cnt=1.463=204765/140000
[2022-04-13 17:22:21.140] E011 |   800/1398 batches | lr 5.0000 | loss  4.189 | ppl     65.95 frag_cnt/word_cnt=1.479=207067/140000
[2022-04-13 17:23:20.297] E011 |  1000/1398 batches | lr 5.0000 | loss  4.122 | ppl     61.68 frag_cnt/word_cnt=1.474=206319/140000
[2022-04-13 17:24:19.489] E011 |  1200/1398 batches | lr 5.0000 | loss  4.055 | ppl     57.70 frag_cnt/word_cnt=1.470=205866/140000
[2022-04-13 17:25:17.741] E011 |  1398/1398 batches | lr 5.0000 | loss  4.020 | ppl     55.71 frag_cnt/word_cnt=1.454=201526/138600
[2022-04-13 17:25:46.578] End E011 | valid loss  5.220; ppl    184.92 | accu 0.2335 = 53160/227640 | w_len 1.4216 = 323606/227640
[2022-04-13 17:26:50.835] End E011 |  test loss  8.753; ppl   6330.38 | accu 0.0884 = 44788/506840 | w_len 1.5350 = 778006/506840 ../data/sample_500k/adult_test.txt
[2022-04-13 17:27:04.989] End E011 |  test loss  5.889; ppl    360.89 | accu 0.2240 = 25134/112220 | w_len 1.6818 = 188735/112220 ../data/sample_500k/adolescent_valid.txt
[2022-04-13 17:27:19.223] End E011 |  test loss  4.570; ppl     96.51 | accu 0.2427 = 28007/115380 | w_len 1.1684 = 134810/115380 ../data/sample_500k/cbt_valid.txt
[2022-04-13 17:27:19.224] Save: model.pt... 
[2022-04-13 17:27:19.918] Save: model.pt...Done. best_val_loss: 5.2199
[2022-04-13 17:27:19.918] Epoch 012/20 ==================================================
[2022-04-13 17:28:18.314] E012 |   200/1398 batches | lr 5.0000 | loss  4.172 | ppl     64.82 frag_cnt/word_cnt=1.433=200574/140000
[2022-04-13 17:29:18.500] E012 |   400/1398 batches | lr 5.0000 | loss  4.140 | ppl     62.80 frag_cnt/word_cnt=1.473=206226/140000
[2022-04-13 17:30:17.798] E012 |   600/1398 batches | lr 5.0000 | loss  4.077 | ppl     58.98 frag_cnt/word_cnt=1.463=204765/140000
[2022-04-13 17:31:16.725] E012 |   800/1398 batches | lr 5.0000 | loss  4.148 | ppl     63.31 frag_cnt/word_cnt=1.479=207067/140000
[2022-04-13 17:32:17.512] E012 |  1000/1398 batches | lr 5.0000 | loss  4.089 | ppl     59.66 frag_cnt/word_cnt=1.474=206319/140000
[2022-04-13 17:33:18.219] E012 |  1200/1398 batches | lr 5.0000 | loss  4.028 | ppl     56.12 frag_cnt/word_cnt=1.470=205866/140000
[2022-04-13 17:34:18.771] E012 |  1398/1398 batches | lr 5.0000 | loss  3.997 | ppl     54.42 frag_cnt/word_cnt=1.454=201526/138600
[2022-04-13 17:34:47.808] End E012 | valid loss  5.223; ppl    185.51 | accu 0.2340 = 53279/227640 | w_len 1.4216 = 323606/227640
[2022-04-13 17:35:53.651] End E012 |  test loss  8.716; ppl   6097.68 | accu 0.0890 = 45126/506840 | w_len 1.5350 = 778006/506840 ../data/sample_500k/adult_test.txt
[2022-04-13 17:36:07.722] End E012 |  test loss  5.899; ppl    364.53 | accu 0.2249 = 25240/112220 | w_len 1.6818 = 188735/112220 ../data/sample_500k/adolescent_valid.txt
[2022-04-13 17:36:22.270] End E012 |  test loss  4.567; ppl     96.21 | accu 0.2432 = 28056/115380 | w_len 1.1684 = 134810/115380 ../data/sample_500k/cbt_valid.txt
[2022-04-13 17:36:22.271] Epoch 013/20 ==================================================
[2022-04-13 17:37:24.910] E013 |   200/1398 batches | lr 2.5000 | loss  4.138 | ppl     62.70 frag_cnt/word_cnt=1.433=200574/140000
[2022-04-13 17:38:26.521] E013 |   400/1398 batches | lr 2.5000 | loss  4.100 | ppl     60.36 frag_cnt/word_cnt=1.473=206226/140000
[2022-04-13 17:39:27.476] E013 |   600/1398 batches | lr 2.5000 | loss  4.036 | ppl     56.58 frag_cnt/word_cnt=1.463=204765/140000
[2022-04-13 17:40:27.926] E013 |   800/1398 batches | lr 2.5000 | loss  4.093 | ppl     59.94 frag_cnt/word_cnt=1.479=207067/140000
[2022-04-13 17:41:28.712] E013 |  1000/1398 batches | lr 2.5000 | loss  4.031 | ppl     56.33 frag_cnt/word_cnt=1.474=206319/140000
[2022-04-13 17:42:28.637] E013 |  1200/1398 batches | lr 2.5000 | loss  3.962 | ppl     52.54 frag_cnt/word_cnt=1.470=205866/140000
[2022-04-13 17:43:28.734] E013 |  1398/1398 batches | lr 2.5000 | loss  3.931 | ppl     50.95 frag_cnt/word_cnt=1.454=201526/138600
[2022-04-13 17:43:57.598] End E013 | valid loss  5.223; ppl    185.54 | accu 0.2356 = 53637/227640 | w_len 1.4216 = 323606/227640
[2022-04-13 17:45:02.392] End E013 |  test loss  8.759; ppl   6369.80 | accu 0.0885 = 44872/506840 | w_len 1.5350 = 778006/506840 ../data/sample_500k/adult_test.txt
[2022-04-13 17:45:16.700] End E013 |  test loss  5.908; ppl    368.09 | accu 0.2269 = 25460/112220 | w_len 1.6818 = 188735/112220 ../data/sample_500k/adolescent_valid.txt
[2022-04-13 17:45:31.349] End E013 |  test loss  4.558; ppl     95.43 | accu 0.2439 = 28144/115380 | w_len 1.1684 = 134810/115380 ../data/sample_500k/cbt_valid.txt
[2022-04-13 17:45:31.349] Epoch 014/20 ==================================================
[2022-04-13 17:46:33.240] E014 |   200/1398 batches | lr 1.2500 | loss  4.110 | ppl     60.93 frag_cnt/word_cnt=1.433=200574/140000
[2022-04-13 17:47:34.566] E014 |   400/1398 batches | lr 1.2500 | loss  4.076 | ppl     58.94 frag_cnt/word_cnt=1.473=206226/140000
[2022-04-13 17:48:36.839] E014 |   600/1398 batches | lr 1.2500 | loss  4.005 | ppl     54.87 frag_cnt/word_cnt=1.463=204765/140000
[2022-04-13 17:49:37.904] E014 |   800/1398 batches | lr 1.2500 | loss  4.063 | ppl     58.17 frag_cnt/word_cnt=1.479=207067/140000
[2022-04-13 17:50:38.471] E014 |  1000/1398 batches | lr 1.2500 | loss  4.004 | ppl     54.80 frag_cnt/word_cnt=1.474=206319/140000
[2022-04-13 17:51:40.892] E014 |  1200/1398 batches | lr 1.2500 | loss  3.931 | ppl     50.94 frag_cnt/word_cnt=1.470=205866/140000
[2022-04-13 17:52:42.481] E014 |  1398/1398 batches | lr 1.2500 | loss  3.896 | ppl     49.18 frag_cnt/word_cnt=1.454=201526/138600
[2022-04-13 17:53:11.902] End E014 | valid loss  5.219; ppl    184.76 | accu 0.2369 = 53925/227640 | w_len 1.4216 = 323606/227640
[2022-04-13 17:54:17.555] End E014 |  test loss  8.777; ppl   6485.99 | accu 0.0891 = 45172/506840 | w_len 1.5350 = 778006/506840 ../data/sample_500k/adult_test.txt
[2022-04-13 17:54:32.312] End E014 |  test loss  5.906; ppl    367.23 | accu 0.2280 = 25581/112220 | w_len 1.6818 = 188735/112220 ../data/sample_500k/adolescent_valid.txt
[2022-04-13 17:54:46.830] End E014 |  test loss  4.552; ppl     94.78 | accu 0.2458 = 28362/115380 | w_len 1.1684 = 134810/115380 ../data/sample_500k/cbt_valid.txt
[2022-04-13 17:54:46.830] Save: model.pt... 
[2022-04-13 17:54:47.574] Save: model.pt...Done. best_val_loss: 5.2190
[2022-04-13 17:54:47.574] Epoch 015/20 ==================================================
[2022-04-13 17:55:49.091] E015 |   200/1398 batches | lr 1.2500 | loss  4.090 | ppl     59.74 frag_cnt/word_cnt=1.433=200574/140000
[2022-04-13 17:56:52.281] E015 |   400/1398 batches | lr 1.2500 | loss  4.054 | ppl     57.64 frag_cnt/word_cnt=1.473=206226/140000
[2022-04-13 17:57:54.997] E015 |   600/1398 batches | lr 1.2500 | loss  3.986 | ppl     53.85 frag_cnt/word_cnt=1.463=204765/140000
[2022-04-13 17:58:56.925] E015 |   800/1398 batches | lr 1.2500 | loss  4.055 | ppl     57.66 frag_cnt/word_cnt=1.479=207067/140000
[2022-04-13 17:59:58.932] E015 |  1000/1398 batches | lr 1.2500 | loss  3.989 | ppl     53.98 frag_cnt/word_cnt=1.474=206319/140000
[2022-04-13 18:01:00.672] E015 |  1200/1398 batches | lr 1.2500 | loss  3.921 | ppl     50.44 frag_cnt/word_cnt=1.470=205866/140000
[2022-04-13 18:02:02.855] E015 |  1398/1398 batches | lr 1.2500 | loss  3.891 | ppl     48.98 frag_cnt/word_cnt=1.454=201526/138600
[2022-04-13 18:02:32.447] End E015 | valid loss  5.219; ppl    184.75 | accu 0.2370 = 53945/227640 | w_len 1.4216 = 323606/227640
[2022-04-13 18:03:38.551] End E015 |  test loss  8.761; ppl   6378.54 | accu 0.0899 = 45582/506840 | w_len 1.5350 = 778006/506840 ../data/sample_500k/adult_test.txt
[2022-04-13 18:03:53.165] End E015 |  test loss  5.908; ppl    368.02 | accu 0.2279 = 25570/112220 | w_len 1.6818 = 188735/112220 ../data/sample_500k/adolescent_valid.txt
[2022-04-13 18:04:07.635] End E015 |  test loss  4.549; ppl     94.57 | accu 0.2463 = 28414/115380 | w_len 1.1684 = 134810/115380 ../data/sample_500k/cbt_valid.txt
[2022-04-13 18:04:07.635] Save: model.pt... 
[2022-04-13 18:04:08.319] Save: model.pt...Done. best_val_loss: 5.2190
[2022-04-13 18:04:08.319] Epoch 016/20 ==================================================
[2022-04-13 18:05:09.130] E016 |   200/1398 batches | lr 1.2500 | loss  4.073 | ppl     58.70 frag_cnt/word_cnt=1.433=200574/140000
[2022-04-13 18:06:10.101] E016 |   400/1398 batches | lr 1.2500 | loss  4.036 | ppl     56.57 frag_cnt/word_cnt=1.473=206226/140000
[2022-04-13 18:07:11.720] E016 |   600/1398 batches | lr 1.2500 | loss  3.977 | ppl     53.35 frag_cnt/word_cnt=1.463=204765/140000
[2022-04-13 18:08:13.218] E016 |   800/1398 batches | lr 1.2500 | loss  4.041 | ppl     56.86 frag_cnt/word_cnt=1.479=207067/140000
[2022-04-13 18:09:13.738] E016 |  1000/1398 batches | lr 1.2500 | loss  3.980 | ppl     53.50 frag_cnt/word_cnt=1.474=206319/140000
[2022-04-13 18:10:14.531] E016 |  1200/1398 batches | lr 1.2500 | loss  3.914 | ppl     50.11 frag_cnt/word_cnt=1.470=205866/140000
[2022-04-13 18:11:15.747] E016 |  1398/1398 batches | lr 1.2500 | loss  3.888 | ppl     48.80 frag_cnt/word_cnt=1.454=201526/138600
[2022-04-13 18:11:45.480] End E016 | valid loss  5.223; ppl    185.52 | accu 0.2366 = 53850/227640 | w_len 1.4216 = 323606/227640
[2022-04-13 18:12:51.143] End E016 |  test loss  8.795; ppl   6603.09 | accu 0.0889 = 45083/506840 | w_len 1.5350 = 778006/506840 ../data/sample_500k/adult_test.txt
[2022-04-13 18:13:05.594] End E016 |  test loss  5.914; ppl    370.22 | accu 0.2279 = 25572/112220 | w_len 1.6818 = 188735/112220 ../data/sample_500k/adolescent_valid.txt
[2022-04-13 18:13:20.338] End E016 |  test loss  4.551; ppl     94.74 | accu 0.2452 = 28292/115380 | w_len 1.1684 = 134810/115380 ../data/sample_500k/cbt_valid.txt
[2022-04-13 18:13:20.338] Epoch 017/20 ==================================================
[2022-04-13 18:14:21.582] E017 |   200/1398 batches | lr 0.6250 | loss  4.069 | ppl     58.49 frag_cnt/word_cnt=1.433=200574/140000
[2022-04-13 18:15:23.531] E017 |   400/1398 batches | lr 0.6250 | loss  4.033 | ppl     56.41 frag_cnt/word_cnt=1.473=206226/140000
[2022-04-13 18:16:24.585] E017 |   600/1398 batches | lr 0.6250 | loss  3.964 | ppl     52.68 frag_cnt/word_cnt=1.463=204765/140000
[2022-04-13 18:17:27.532] E017 |   800/1398 batches | lr 0.6250 | loss  4.027 | ppl     56.08 frag_cnt/word_cnt=1.479=207067/140000
[2022-04-13 18:18:30.118] E017 |  1000/1398 batches | lr 0.6250 | loss  3.964 | ppl     52.65 frag_cnt/word_cnt=1.474=206319/140000
[2022-04-13 18:19:30.285] E017 |  1200/1398 batches | lr 0.6250 | loss  3.898 | ppl     49.30 frag_cnt/word_cnt=1.470=205866/140000
[2022-04-13 18:20:30.609] E017 |  1398/1398 batches | lr 0.6250 | loss  3.867 | ppl     47.78 frag_cnt/word_cnt=1.454=201526/138600
[2022-04-13 18:20:59.932] End E017 | valid loss  5.218; ppl    184.57 | accu 0.2377 = 54119/227640 | w_len 1.4216 = 323606/227640
[2022-04-13 18:22:06.171] End E017 |  test loss  8.777; ppl   6486.23 | accu 0.0901 = 45670/506840 | w_len 1.5350 = 778006/506840 ../data/sample_500k/adult_test.txt
[2022-04-13 18:22:20.652] End E017 |  test loss  5.909; ppl    368.38 | accu 0.2286 = 25653/112220 | w_len 1.6818 = 188735/112220 ../data/sample_500k/adolescent_valid.txt
[2022-04-13 18:22:35.351] End E017 |  test loss  4.546; ppl     94.25 | accu 0.2468 = 28476/115380 | w_len 1.1684 = 134810/115380 ../data/sample_500k/cbt_valid.txt
[2022-04-13 18:22:35.352] Save: model.pt... 
[2022-04-13 18:22:36.007] Save: model.pt...Done. best_val_loss: 5.2180
[2022-04-13 18:22:36.007] Epoch 018/20 ==================================================
[2022-04-13 18:23:38.565] E018 |   200/1398 batches | lr 0.6250 | loss  4.056 | ppl     57.76 frag_cnt/word_cnt=1.433=200574/140000
[2022-04-13 18:24:39.687] E018 |   400/1398 batches | lr 0.6250 | loss  4.023 | ppl     55.84 frag_cnt/word_cnt=1.473=206226/140000
[2022-04-13 18:25:40.372] E018 |   600/1398 batches | lr 0.6250 | loss  3.960 | ppl     52.45 frag_cnt/word_cnt=1.463=204765/140000
[2022-04-13 18:26:42.093] E018 |   800/1398 batches | lr 0.6250 | loss  4.019 | ppl     55.63 frag_cnt/word_cnt=1.479=207067/140000
[2022-04-13 18:27:46.007] E018 |  1000/1398 batches | lr 0.6250 | loss  3.959 | ppl     52.39 frag_cnt/word_cnt=1.474=206319/140000
[2022-04-13 18:28:48.593] E018 |  1200/1398 batches | lr 0.6250 | loss  3.893 | ppl     49.06 frag_cnt/word_cnt=1.470=205866/140000
[2022-04-13 18:29:48.400] E018 |  1398/1398 batches | lr 0.6250 | loss  3.865 | ppl     47.73 frag_cnt/word_cnt=1.454=201526/138600
[2022-04-13 18:30:17.725] End E018 | valid loss  5.217; ppl    184.45 | accu 0.2380 = 54187/227640 | w_len 1.4216 = 323606/227640
[2022-04-13 18:31:23.420] End E018 |  test loss  8.779; ppl   6498.89 | accu 0.0902 = 45705/506840 | w_len 1.5350 = 778006/506840 ../data/sample_500k/adult_test.txt
[2022-04-13 18:31:38.263] End E018 |  test loss  5.911; ppl    368.97 | accu 0.2284 = 25628/112220 | w_len 1.6818 = 188735/112220 ../data/sample_500k/adolescent_valid.txt
[2022-04-13 18:31:53.311] End E018 |  test loss  4.544; ppl     94.03 | accu 0.2476 = 28569/115380 | w_len 1.1684 = 134810/115380 ../data/sample_500k/cbt_valid.txt
[2022-04-13 18:31:53.312] Save: model.pt... 
[2022-04-13 18:31:54.065] Save: model.pt...Done. best_val_loss: 5.2174
[2022-04-13 18:31:54.065] Epoch 019/20 ==================================================
[2022-04-13 18:32:56.860] E019 |   200/1398 batches | lr 0.6250 | loss  4.051 | ppl     57.43 frag_cnt/word_cnt=1.433=200574/140000
[2022-04-13 18:33:59.131] E019 |   400/1398 batches | lr 0.6250 | loss  4.014 | ppl     55.39 frag_cnt/word_cnt=1.473=206226/140000
[2022-04-13 18:35:00.194] E019 |   600/1398 batches | lr 0.6250 | loss  3.950 | ppl     51.96 frag_cnt/word_cnt=1.463=204765/140000
[2022-04-13 18:36:02.093] E019 |   800/1398 batches | lr 0.6250 | loss  4.014 | ppl     55.35 frag_cnt/word_cnt=1.479=207067/140000
[2022-04-13 18:37:04.181] E019 |  1000/1398 batches | lr 0.6250 | loss  3.955 | ppl     52.21 frag_cnt/word_cnt=1.474=206319/140000
[2022-04-13 18:38:06.406] E019 |  1200/1398 batches | lr 0.6250 | loss  3.893 | ppl     49.04 frag_cnt/word_cnt=1.470=205866/140000
[2022-04-13 18:39:06.345] E019 |  1398/1398 batches | lr 0.6250 | loss  3.859 | ppl     47.44 frag_cnt/word_cnt=1.454=201526/138600
[2022-04-13 18:39:35.769] End E019 | valid loss  5.219; ppl    184.79 | accu 0.2378 = 54123/227640 | w_len 1.4216 = 323606/227640
[2022-04-13 18:40:40.762] End E019 |  test loss  8.785; ppl   6535.56 | accu 0.0908 = 45997/506840 | w_len 1.5350 = 778006/506840 ../data/sample_500k/adult_test.txt
[2022-04-13 18:40:54.962] End E019 |  test loss  5.914; ppl    370.01 | accu 0.2282 = 25611/112220 | w_len 1.6818 = 188735/112220 ../data/sample_500k/adolescent_valid.txt
[2022-04-13 18:41:09.641] End E019 |  test loss  4.544; ppl     94.10 | accu 0.2471 = 28507/115380 | w_len 1.1684 = 134810/115380 ../data/sample_500k/cbt_valid.txt
[2022-04-13 18:41:09.642] Epoch 020/20 ==================================================
[2022-04-13 18:42:09.553] E020 |   200/1398 batches | lr 0.3125 | loss  4.046 | ppl     57.18 frag_cnt/word_cnt=1.433=200574/140000
[2022-04-13 18:43:12.284] E020 |   400/1398 batches | lr 0.3125 | loss  4.013 | ppl     55.30 frag_cnt/word_cnt=1.473=206226/140000
[2022-04-13 18:44:14.157] E020 |   600/1398 batches | lr 0.3125 | loss  3.946 | ppl     51.74 frag_cnt/word_cnt=1.463=204765/140000
[2022-04-13 18:45:16.499] E020 |   800/1398 batches | lr 0.3125 | loss  4.011 | ppl     55.21 frag_cnt/word_cnt=1.479=207067/140000
[2022-04-13 18:46:17.701] E020 |  1000/1398 batches | lr 0.3125 | loss  3.946 | ppl     51.74 frag_cnt/word_cnt=1.474=206319/140000
[2022-04-13 18:47:17.652] E020 |  1200/1398 batches | lr 0.3125 | loss  3.880 | ppl     48.44 frag_cnt/word_cnt=1.470=205866/140000
[2022-04-13 18:48:18.188] E020 |  1398/1398 batches | lr 0.3125 | loss  3.852 | ppl     47.08 frag_cnt/word_cnt=1.454=201526/138600
[2022-04-13 18:48:47.445] End E020 | valid loss  5.216; ppl    184.17 | accu 0.2381 = 54192/227640 | w_len 1.4216 = 323606/227640
[2022-04-13 18:49:52.796] End E020 |  test loss  8.776; ppl   6479.75 | accu 0.0903 = 45753/506840 | w_len 1.5350 = 778006/506840 ../data/sample_500k/adult_test.txt
[2022-04-13 18:50:07.204] End E020 |  test loss  5.910; ppl    368.69 | accu 0.2284 = 25630/112220 | w_len 1.6818 = 188735/112220 ../data/sample_500k/adolescent_valid.txt
[2022-04-13 18:50:21.850] End E020 |  test loss  4.541; ppl     93.81 | accu 0.2475 = 28561/115380 | w_len 1.1684 = 134810/115380 ../data/sample_500k/cbt_valid.txt
[2022-04-13 18:50:21.850] Save: model.pt... 
[2022-04-13 18:50:22.490] Save: model.pt...Done. best_val_loss: 5.2159
[2022-04-13 18:51:27.993] End. test loss  8.78; ppl  6479.75 | accu 0.0903 = 45753/506840 | w_len 1.5350 = 778006/506840 ../data/sample_500k/adult_test.txt
[2022-04-13 18:51:42.442] End. test loss  5.91; ppl   368.69 | accu 0.2284 = 25630/112220 | w_len 1.6818 = 188735/112220 ../data/sample_500k/adolescent_valid.txt
[2022-04-13 18:51:57.105] End. test loss  4.54; ppl    93.81 | accu 0.2475 = 28561/115380 | w_len 1.1684 = 134810/115380 ../data/sample_500k/cbt_valid.txt
[2022-04-13 18:51:57.106] =========================================================================================
[2022-04-13 18:51:57.106] valid_loss
[2022-04-13 18:51:57.106]  5.77, 5.49, 5.38, 5.33, 5.30, 5.28, 5.28, 5.30, 5.23, 5.24, 5.22, 5.22, 5.22, 5.22, 5.22, 5.22, 5.22, 5.22, 5.22, 5.22
[2022-04-13 18:51:57.106] valid_loss ppl
[2022-04-13 18:51:57.106]   320.13,  242.53,  216.61,  206.87,  201.02,  197.30,  196.12,  200.52,  187.63,  188.48,  184.92,  185.51,  185.54,  184.76,  184.75,  185.52,  184.57,  184.45,  184.79,  184.17
[2022-04-13 18:51:57.106] test_loss of ../data/sample_500k/adult_test.txt
[2022-04-13 18:51:57.106]  8.28, 8.15, 8.24, 8.23, 8.39, 8.40, 8.49, 8.53, 8.55, 8.66, 8.75, 8.72, 8.76, 8.78, 8.76, 8.80, 8.78, 8.78, 8.79, 8.78
[2022-04-13 18:51:57.106] test_loss of ../data/sample_500k/adult_test.txt ppl
[2022-04-13 18:51:57.106]  3949.03, 3467.44, 3772.53, 3759.95, 4420.86, 4463.88, 4870.25, 5044.62, 5179.08, 5756.47, 6330.38, 6097.68, 6369.80, 6485.99, 6378.54, 6603.09, 6486.23, 6498.89, 6535.56, 6479.75
[2022-04-13 18:51:57.106] test_loss of ../data/sample_500k/adolescent_valid.txt
[2022-04-13 18:51:57.106]  6.39, 6.08, 5.98, 5.94, 5.91, 5.90, 5.90, 5.94, 5.88, 5.90, 5.89, 5.90, 5.91, 5.91, 5.91, 5.91, 5.91, 5.91, 5.91, 5.91
[2022-04-13 18:51:57.106] test_loss of ../data/sample_500k/adolescent_valid.txt ppl
[2022-04-13 18:51:57.106]   595.01,  437.52,  396.40,  380.43,  368.72,  365.47,  366.14,  381.57,  358.54,  363.90,  360.89,  364.53,  368.09,  367.23,  368.02,  370.22,  368.38,  368.97,  370.01,  368.69
[2022-04-13 18:51:57.107] test_loss of ../data/sample_500k/cbt_valid.txt
[2022-04-13 18:51:57.107]  5.17, 4.92, 4.79, 4.74, 4.72, 4.69, 4.67, 4.68, 4.61, 4.60, 4.57, 4.57, 4.56, 4.55, 4.55, 4.55, 4.55, 4.54, 4.54, 4.54
[2022-04-13 18:51:57.107] test_loss of ../data/sample_500k/cbt_valid.txt ppl
[2022-04-13 18:51:57.107]   175.12,  136.83,  120.62,  114.83,  111.67,  109.32,  107.07,  107.41,  100.01,   99.41,   96.51,   96.21,   95.43,   94.78,   94.57,   94.74,   94.25,   94.03,   94.10,   93.81
[2022-04-13 18:51:57.107] 
[2022-04-13 18:51:57.107] 
[2022-04-13 18:51:57.107] 
