[2022-04-13 12:09:46.593] corpus.train_file_list: 2
[2022-04-13 12:09:46.593]         ../data/sample_500k/cbt_train.txt
[2022-04-13 12:09:46.593]         ../data/sample_500k/adolescent_train.txt
[2022-04-13 12:09:46.593] corpus.valid_file_list: 2
[2022-04-13 12:09:46.593]         ../data/sample_500k/cbt_valid.txt
[2022-04-13 12:09:46.593]         ../data/sample_500k/adolescent_valid.txt
[2022-04-13 12:09:46.593] corpus.test_file_list: 3
[2022-04-13 12:09:46.593]         ../data/sample_500k/adult_test.txt
[2022-04-13 12:09:46.593]         ../data/sample_500k/adolescent_valid.txt
[2022-04-13 12:09:46.593]         ../data/sample_500k/cbt_valid.txt
[2022-04-13 12:09:46.594] corpus.subword_vocab_size: 0
[2022-04-13 12:09:46.594] corpus.subword_model = None. Corpus will not use subword.
[2022-04-13 12:09:46.594] corpus tokenize...
[2022-04-13 12:09:47.287]         train tokens: 511735  ../data/sample_500k/cbt_train.txt
[2022-04-13 12:09:48.294]         train tokens: 467267  ../data/sample_500k/adolescent_train.txt
[2022-04-13 12:09:48.426]         valid tokens: 115417  ../data/sample_500k/cbt_valid.txt
[2022-04-13 12:09:48.664]         valid tokens: 112256  ../data/sample_500k/adolescent_valid.txt
[2022-04-13 12:09:49.252]         test  tokens: 506878  ../data/sample_500k/adult_test.txt
[2022-04-13 12:09:49.460]         test  tokens: 112256  ../data/sample_500k/adolescent_valid.txt
[2022-04-13 12:09:49.602]         test  tokens: 115417  ../data/sample_500k/cbt_valid.txt
[2022-04-13 12:09:49.602] corpus.ntokens      : 100726
[2022-04-13 12:09:49.602] corpus.char_count   : 166
[2022-04-13 12:09:49.602] corpus.char_cnt_dict: 166
[2022-04-13 12:09:49.603] corpus.char_id_dict : 166
[2022-04-13 12:09:49.619] corpus.batchify(2 files, batch_size=20)...
[2022-04-13 12:09:49.619]         tokens_all: 979002
[2022-04-13 12:09:49.619]         batched   :  48950
[2022-04-13 12:09:49.619]         ../data/sample_500k/cbt_train.txt
[2022-04-13 12:09:49.619]         ../data/sample_500k/adolescent_train.txt
[2022-04-13 12:09:51.350] corpus.batchify(2 files, batch_size=20)...
[2022-04-13 12:09:51.350]         tokens_all: 227673
[2022-04-13 12:09:51.351]         batched   :  11383
[2022-04-13 12:09:51.351]         ../data/sample_500k/cbt_valid.txt
[2022-04-13 12:09:51.351]         ../data/sample_500k/adolescent_valid.txt
[2022-04-13 12:09:51.358] corpus.batchify(1 files, batch_size=20)...
[2022-04-13 12:09:51.358]         tokens_all: 506878
[2022-04-13 12:09:51.358]         batched   :  25343
[2022-04-13 12:09:51.358]         ../data/sample_500k/adult_test.txt
[2022-04-13 12:09:51.360] corpus.batchify(1 files, batch_size=20)...
[2022-04-13 12:09:51.360]         tokens_all: 112256
[2022-04-13 12:09:51.360]         batched   :   5612
[2022-04-13 12:09:51.360]         ../data/sample_500k/adolescent_valid.txt
[2022-04-13 12:09:51.361] corpus.batchify(1 files, batch_size=20)...
[2022-04-13 12:09:51.362]         tokens_all: 115417
[2022-04-13 12:09:51.362]         batched   :   5770
[2022-04-13 12:09:51.362]         ../data/sample_500k/cbt_valid.txt
[2022-04-13 12:09:51.362] subword_adapter will be generated due to word_split_mode='Subword.200'
[2022-04-13 12:09:51.362] SubwordAdapter.file_list: 4
[2022-04-13 12:09:51.362]         ../data/sample_500k/cbt_train.txt
[2022-04-13 12:09:51.362]         ../data/sample_500k/adolescent_train.txt
[2022-04-13 12:09:51.363]         ../data/sample_500k/cbt_valid.txt
[2022-04-13 12:09:51.363]         ../data/sample_500k/adolescent_valid.txt
[2022-04-13 12:09:51.363] SubwordAdapter.subword_vocab_size: 200
[2022-04-13 12:09:51.363] SubwordAdapter.subword_model.train(4 files)...
[2022-04-13 12:09:51.777] SubwordAdapter.subword_model.train(4 files)...Done
[2022-04-13 12:09:52.442] RNNModel.rnn_type: LSTM
[2022-04-13 12:09:52.442] RNNModel.ntoken  : 100726
[2022-04-13 12:09:52.442] RNNModel.ninp    : 200
[2022-04-13 12:09:52.442] RNNModel.nhid    : 200
[2022-04-13 12:09:52.442] RNNModel.nlayers : 2
[2022-04-13 12:09:52.442] RNNModel.dropout : 0.2
[2022-04-13 12:09:52.442] RNNModel.tie_weights: False
[2022-04-13 12:09:52.442] RNNModel.fragment_aggregate_mode: CNN
[2022-04-13 12:09:52.443] RNNModel.fragment_cnt           : 202
[2022-04-13 12:09:52.443] RNNModel.fragment_emsize        : 25
[2022-04-13 12:09:52.443] RNNModel.fragment_nhid          : 200
[2022-04-13 12:09:52.443] RNNModel.fragment_embeds     : created
[2022-04-13 12:09:52.444] RNNModel.fragment_cnn3       : created
[2022-04-13 12:09:52.635] Epoch 001/20 ==================================================
[2022-04-13 12:10:10.924] E001 |   200/1398 batches | lr 20.0000 | loss  8.161 | ppl   3499.98 frag_cnt/word_cnt=2.811=393514/140000
[2022-04-13 12:10:29.297] E001 |   400/1398 batches | lr 20.0000 | loss  6.859 | ppl    952.06 frag_cnt/word_cnt=2.831=396308/140000
[2022-04-13 12:10:47.569] E001 |   600/1398 batches | lr 20.0000 | loss  6.268 | ppl    527.68 frag_cnt/word_cnt=2.828=395903/140000
[2022-04-13 12:11:05.658] E001 |   800/1398 batches | lr 20.0000 | loss  6.069 | ppl    432.38 frag_cnt/word_cnt=2.868=401547/140000
[2022-04-13 12:11:25.414] E001 |  1000/1398 batches | lr 20.0000 | loss  5.889 | ppl    361.13 frag_cnt/word_cnt=2.868=401482/140000
[2022-04-13 12:11:45.155] E001 |  1200/1398 batches | lr 20.0000 | loss  5.744 | ppl    312.22 frag_cnt/word_cnt=2.849=398806/140000
[2022-04-13 12:12:03.312] E001 |  1398/1398 batches | lr 20.0000 | loss  5.617 | ppl    275.09 frag_cnt/word_cnt=2.829=392120/138600
[2022-04-13 12:12:14.985] End E001 | valid loss  5.707; ppl    301.09 | accu 0.1877 = 42739/227640 | w_len 2.7669 = 629848/227640
[2022-04-13 12:12:41.279] End E001 |  test loss  8.659; ppl   5760.26 | accu 0.0491 = 24906/506840 | w_len 3.2474 = 1645900/506840 ../data/sample_500k/adult_test.txt
[2022-04-13 12:12:47.005] End E001 |  test loss  6.275; ppl    531.17 | accu 0.1912 = 21458/112220 | w_len 3.1716 = 355919/112220 ../data/sample_500k/adolescent_valid.txt
[2022-04-13 12:12:52.757] End E001 |  test loss  5.146; ppl    171.78 | accu 0.1859 = 21452/115380 | w_len 2.3732 = 273816/115380 ../data/sample_500k/cbt_valid.txt
[2022-04-13 12:12:52.757] Save: model.pt... 
[2022-04-13 12:12:53.412] Save: model.pt...Done. best_val_loss: 5.7074
[2022-04-13 12:12:53.412] Epoch 002/20 ==================================================
[2022-04-13 12:13:11.386] E002 |   200/1398 batches | lr 20.0000 | loss  5.553 | ppl    258.02 frag_cnt/word_cnt=2.811=393514/140000
[2022-04-13 12:13:29.555] E002 |   400/1398 batches | lr 20.0000 | loss  5.490 | ppl    242.21 frag_cnt/word_cnt=2.831=396308/140000
[2022-04-13 12:13:47.586] E002 |   600/1398 batches | lr 20.0000 | loss  5.375 | ppl    215.87 frag_cnt/word_cnt=2.828=395903/140000
[2022-04-13 12:14:05.694] E002 |   800/1398 batches | lr 20.0000 | loss  5.440 | ppl    230.40 frag_cnt/word_cnt=2.868=401547/140000
[2022-04-13 12:14:23.771] E002 |  1000/1398 batches | lr 20.0000 | loss  5.366 | ppl    213.92 frag_cnt/word_cnt=2.868=401482/140000
[2022-04-13 12:14:41.897] E002 |  1200/1398 batches | lr 20.0000 | loss  5.292 | ppl    198.84 frag_cnt/word_cnt=2.849=398806/140000
[2022-04-13 12:14:59.895] E002 |  1398/1398 batches | lr 20.0000 | loss  5.232 | ppl    187.17 frag_cnt/word_cnt=2.829=392120/138600
[2022-04-13 12:15:11.492] End E002 | valid loss  5.490; ppl    242.26 | accu 0.2019 = 45965/227640 | w_len 2.7669 = 629848/227640
[2022-04-13 12:15:37.495] End E002 |  test loss  8.543; ppl   5128.36 | accu 0.0620 = 31408/506840 | w_len 3.2474 = 1645900/506840 ../data/sample_500k/adult_test.txt
[2022-04-13 12:15:43.206] End E002 |  test loss  6.081; ppl    437.32 | accu 0.2007 = 22517/112220 | w_len 3.1716 = 355919/112220 ../data/sample_500k/adolescent_valid.txt
[2022-04-13 12:15:48.973] End E002 |  test loss  4.920; ppl    137.03 | accu 0.2025 = 23368/115380 | w_len 2.3732 = 273816/115380 ../data/sample_500k/cbt_valid.txt
[2022-04-13 12:15:48.973] Save: model.pt... 
[2022-04-13 12:15:49.583] Save: model.pt...Done. best_val_loss: 5.4900
[2022-04-13 12:15:49.584] Epoch 003/20 ==================================================
[2022-04-13 12:16:07.324] E003 |   200/1398 batches | lr 20.0000 | loss  5.234 | ppl    187.52 frag_cnt/word_cnt=2.811=393514/140000
[2022-04-13 12:16:25.407] E003 |   400/1398 batches | lr 20.0000 | loss  5.215 | ppl    184.07 frag_cnt/word_cnt=2.831=396308/140000
[2022-04-13 12:16:43.471] E003 |   600/1398 batches | lr 20.0000 | loss  5.115 | ppl    166.44 frag_cnt/word_cnt=2.828=395903/140000
[2022-04-13 12:17:01.516] E003 |   800/1398 batches | lr 20.0000 | loss  5.209 | ppl    182.95 frag_cnt/word_cnt=2.868=401547/140000
[2022-04-13 12:17:19.503] E003 |  1000/1398 batches | lr 20.0000 | loss  5.143 | ppl    171.23 frag_cnt/word_cnt=2.868=401482/140000
[2022-04-13 12:17:37.573] E003 |  1200/1398 batches | lr 20.0000 | loss  5.075 | ppl    159.98 frag_cnt/word_cnt=2.849=398806/140000
[2022-04-13 12:17:55.452] E003 |  1398/1398 batches | lr 20.0000 | loss  5.033 | ppl    153.36 frag_cnt/word_cnt=2.829=392120/138600
[2022-04-13 12:18:07.006] End E003 | valid loss  5.406; ppl    222.70 | accu 0.2061 = 46923/227640 | w_len 2.7669 = 629848/227640
[2022-04-13 12:18:33.028] End E003 |  test loss  9.858; ppl  19101.98 | accu 0.0166 = 8436/506840 | w_len 3.2474 = 1645900/506840 ../data/sample_500k/adult_test.txt
[2022-04-13 12:18:38.746] End E003 |  test loss  6.033; ppl    416.96 | accu 0.1978 = 22192/112220 | w_len 3.1716 = 355919/112220 ../data/sample_500k/adolescent_valid.txt
[2022-04-13 12:18:44.441] End E003 |  test loss  4.816; ppl    123.49 | accu 0.2109 = 24337/115380 | w_len 2.3732 = 273816/115380 ../data/sample_500k/cbt_valid.txt
[2022-04-13 12:18:44.442] Save: model.pt... 
[2022-04-13 12:18:45.066] Save: model.pt...Done. best_val_loss: 5.4058
[2022-04-13 12:18:45.066] Epoch 004/20 ==================================================
[2022-04-13 12:19:02.964] E004 |   200/1398 batches | lr 20.0000 | loss  5.042 | ppl    154.82 frag_cnt/word_cnt=2.811=393514/140000
[2022-04-13 12:19:21.069] E004 |   400/1398 batches | lr 20.0000 | loss  5.036 | ppl    153.84 frag_cnt/word_cnt=2.831=396308/140000
[2022-04-13 12:19:39.225] E004 |   600/1398 batches | lr 20.0000 | loss  4.953 | ppl    141.64 frag_cnt/word_cnt=2.828=395903/140000
[2022-04-13 12:19:57.461] E004 |   800/1398 batches | lr 20.0000 | loss  5.047 | ppl    155.62 frag_cnt/word_cnt=2.868=401547/140000
[2022-04-13 12:20:15.597] E004 |  1000/1398 batches | lr 20.0000 | loss  4.982 | ppl    145.77 frag_cnt/word_cnt=2.868=401482/140000
[2022-04-13 12:20:33.708] E004 |  1200/1398 batches | lr 20.0000 | loss  4.929 | ppl    138.20 frag_cnt/word_cnt=2.849=398806/140000
[2022-04-13 12:20:51.690] E004 |  1398/1398 batches | lr 20.0000 | loss  4.885 | ppl    132.26 frag_cnt/word_cnt=2.829=392120/138600
[2022-04-13 12:21:03.274] End E004 | valid loss  5.337; ppl    207.80 | accu 0.2105 = 47926/227640 | w_len 2.7669 = 629848/227640
[2022-04-13 12:21:29.293] End E004 |  test loss  8.505; ppl   4941.28 | accu 0.0688 = 34879/506840 | w_len 3.2474 = 1645900/506840 ../data/sample_500k/adult_test.txt
[2022-04-13 12:21:35.022] End E004 |  test loss  5.926; ppl    374.59 | accu 0.2073 = 23265/112220 | w_len 3.1716 = 355919/112220 ../data/sample_500k/adolescent_valid.txt
[2022-04-13 12:21:40.748] End E004 |  test loss  4.765; ppl    117.37 | accu 0.2136 = 24644/115380 | w_len 2.3732 = 273816/115380 ../data/sample_500k/cbt_valid.txt
[2022-04-13 12:21:40.748] Save: model.pt... 
[2022-04-13 12:21:41.380] Save: model.pt...Done. best_val_loss: 5.3366
[2022-04-13 12:21:41.381] Epoch 005/20 ==================================================
[2022-04-13 12:21:59.359] E005 |   200/1398 batches | lr 20.0000 | loss  4.909 | ppl    135.55 frag_cnt/word_cnt=2.811=393514/140000
[2022-04-13 12:22:17.444] E005 |   400/1398 batches | lr 20.0000 | loss  4.907 | ppl    135.18 frag_cnt/word_cnt=2.831=396308/140000
[2022-04-13 12:22:35.571] E005 |   600/1398 batches | lr 20.0000 | loss  4.826 | ppl    124.70 frag_cnt/word_cnt=2.828=395903/140000
[2022-04-13 12:22:53.754] E005 |   800/1398 batches | lr 20.0000 | loss  4.928 | ppl    138.04 frag_cnt/word_cnt=2.868=401547/140000
[2022-04-13 12:23:11.907] E005 |  1000/1398 batches | lr 20.0000 | loss  4.858 | ppl    128.82 frag_cnt/word_cnt=2.868=401482/140000
[2022-04-13 12:23:30.040] E005 |  1200/1398 batches | lr 20.0000 | loss  4.803 | ppl    121.86 frag_cnt/word_cnt=2.849=398806/140000
[2022-04-13 12:23:47.999] E005 |  1398/1398 batches | lr 20.0000 | loss  4.770 | ppl    117.87 frag_cnt/word_cnt=2.829=392120/138600
[2022-04-13 12:23:59.593] End E005 | valid loss  5.315; ppl    203.26 | accu 0.2144 = 48801/227640 | w_len 2.7669 = 629848/227640
[2022-04-13 12:24:25.655] End E005 |  test loss  9.953; ppl  21011.21 | accu 0.0221 = 11217/506840 | w_len 3.2474 = 1645900/506840 ../data/sample_500k/adult_test.txt
[2022-04-13 12:24:31.395] End E005 |  test loss  5.908; ppl    367.93 | accu 0.2127 = 23871/112220 | w_len 3.1716 = 355919/112220 ../data/sample_500k/adolescent_valid.txt
[2022-04-13 12:24:37.136] End E005 |  test loss  4.732; ppl    113.54 | accu 0.2173 = 25067/115380 | w_len 2.3732 = 273816/115380 ../data/sample_500k/cbt_valid.txt
[2022-04-13 12:24:37.136] Save: model.pt... 
[2022-04-13 12:24:37.759] Save: model.pt...Done. best_val_loss: 5.3145
[2022-04-13 12:24:37.759] Epoch 006/20 ==================================================
[2022-04-13 12:24:55.696] E006 |   200/1398 batches | lr 20.0000 | loss  4.813 | ppl    123.07 frag_cnt/word_cnt=2.811=393514/140000
[2022-04-13 12:25:13.840] E006 |   400/1398 batches | lr 20.0000 | loss  4.816 | ppl    123.46 frag_cnt/word_cnt=2.831=396308/140000
[2022-04-13 12:25:32.004] E006 |   600/1398 batches | lr 20.0000 | loss  4.737 | ppl    114.08 frag_cnt/word_cnt=2.828=395903/140000
[2022-04-13 12:25:50.333] E006 |   800/1398 batches | lr 20.0000 | loss  4.835 | ppl    125.84 frag_cnt/word_cnt=2.868=401547/140000
[2022-04-13 12:26:08.722] E006 |  1000/1398 batches | lr 20.0000 | loss  4.765 | ppl    117.32 frag_cnt/word_cnt=2.868=401482/140000
[2022-04-13 12:26:26.904] E006 |  1200/1398 batches | lr 20.0000 | loss  4.704 | ppl    110.43 frag_cnt/word_cnt=2.849=398806/140000
[2022-04-13 12:26:44.877] E006 |  1398/1398 batches | lr 20.0000 | loss  4.672 | ppl    106.91 frag_cnt/word_cnt=2.829=392120/138600
[2022-04-13 12:26:56.460] End E006 | valid loss  5.304; ppl    201.19 | accu 0.2136 = 48624/227640 | w_len 2.7669 = 629848/227640
[2022-04-13 12:27:22.456] End E006 |  test loss 10.665; ppl  42822.30 | accu 0.0182 = 9226/506840 | w_len 3.2474 = 1645900/506840 ../data/sample_500k/adult_test.txt
[2022-04-13 12:27:28.199] End E006 |  test loss  5.912; ppl    369.51 | accu 0.2077 = 23306/112220 | w_len 3.1716 = 355919/112220 ../data/sample_500k/adolescent_valid.txt
[2022-04-13 12:27:34.020] End E006 |  test loss  4.719; ppl    112.02 | accu 0.2183 = 25193/115380 | w_len 2.3732 = 273816/115380 ../data/sample_500k/cbt_valid.txt
[2022-04-13 12:27:34.020] Save: model.pt... 
[2022-04-13 12:27:34.660] Save: model.pt...Done. best_val_loss: 5.3043
[2022-04-13 12:27:34.661] Epoch 007/20 ==================================================
[2022-04-13 12:27:54.344] E007 |   200/1398 batches | lr 20.0000 | loss  4.697 | ppl    109.66 frag_cnt/word_cnt=2.811=393514/140000
[2022-04-13 12:28:14.278] E007 |   400/1398 batches | lr 20.0000 | loss  4.714 | ppl    111.52 frag_cnt/word_cnt=2.831=396308/140000
[2022-04-13 12:28:32.772] E007 |   600/1398 batches | lr 20.0000 | loss  4.633 | ppl    102.87 frag_cnt/word_cnt=2.828=395903/140000
[2022-04-13 12:28:52.394] E007 |   800/1398 batches | lr 20.0000 | loss  4.735 | ppl    113.92 frag_cnt/word_cnt=2.868=401547/140000
[2022-04-13 12:29:10.662] E007 |  1000/1398 batches | lr 20.0000 | loss  4.667 | ppl    106.33 frag_cnt/word_cnt=2.868=401482/140000
[2022-04-13 12:29:28.851] E007 |  1200/1398 batches | lr 20.0000 | loss  4.615 | ppl    100.95 frag_cnt/word_cnt=2.849=398806/140000
[2022-04-13 12:29:46.829] E007 |  1398/1398 batches | lr 20.0000 | loss  4.586 | ppl     98.06 frag_cnt/word_cnt=2.829=392120/138600
[2022-04-13 12:29:58.458] End E007 | valid loss  5.283; ppl    197.05 | accu 0.2179 = 49607/227640 | w_len 2.7669 = 629848/227640
[2022-04-13 12:30:24.522] End E007 |  test loss  9.067; ppl   8665.81 | accu 0.0528 = 26744/506840 | w_len 3.2474 = 1645900/506840 ../data/sample_500k/adult_test.txt
[2022-04-13 12:30:30.266] End E007 |  test loss  5.907; ppl    367.55 | accu 0.2111 = 23690/112220 | w_len 3.1716 = 355919/112220 ../data/sample_500k/adolescent_valid.txt
[2022-04-13 12:30:36.067] End E007 |  test loss  4.679; ppl    107.68 | accu 0.2241 = 25860/115380 | w_len 2.3732 = 273816/115380 ../data/sample_500k/cbt_valid.txt
[2022-04-13 12:30:36.068] Save: model.pt... 
[2022-04-13 12:30:36.703] Save: model.pt...Done. best_val_loss: 5.2835
[2022-04-13 12:30:36.703] Epoch 008/20 ==================================================
[2022-04-13 12:30:54.748] E008 |   200/1398 batches | lr 20.0000 | loss  4.613 | ppl    100.80 frag_cnt/word_cnt=2.811=393514/140000
[2022-04-13 12:31:12.899] E008 |   400/1398 batches | lr 20.0000 | loss  4.625 | ppl    102.02 frag_cnt/word_cnt=2.831=396308/140000
[2022-04-13 12:31:31.036] E008 |   600/1398 batches | lr 20.0000 | loss  4.549 | ppl     94.51 frag_cnt/word_cnt=2.828=395903/140000
[2022-04-13 12:31:49.235] E008 |   800/1398 batches | lr 20.0000 | loss  4.652 | ppl    104.77 frag_cnt/word_cnt=2.868=401547/140000
[2022-04-13 12:32:07.420] E008 |  1000/1398 batches | lr 20.0000 | loss  4.586 | ppl     98.11 frag_cnt/word_cnt=2.868=401482/140000
[2022-04-13 12:32:25.691] E008 |  1200/1398 batches | lr 20.0000 | loss  4.538 | ppl     93.54 frag_cnt/word_cnt=2.849=398806/140000
[2022-04-13 12:32:43.746] E008 |  1398/1398 batches | lr 20.0000 | loss  4.505 | ppl     90.48 frag_cnt/word_cnt=2.829=392120/138600
[2022-04-13 12:32:55.348] End E008 | valid loss  5.282; ppl    196.84 | accu 0.2184 = 49708/227640 | w_len 2.7669 = 629848/227640
[2022-04-13 12:33:21.448] End E008 |  test loss  9.118; ppl   9121.04 | accu 0.0570 = 28881/506840 | w_len 3.2474 = 1645900/506840 ../data/sample_500k/adult_test.txt
[2022-04-13 12:33:27.191] End E008 |  test loss  5.913; ppl    369.85 | accu 0.2116 = 23750/112220 | w_len 3.1716 = 355919/112220 ../data/sample_500k/adolescent_valid.txt
[2022-04-13 12:33:32.939] End E008 |  test loss  4.672; ppl    106.94 | accu 0.2248 = 25933/115380 | w_len 2.3732 = 273816/115380 ../data/sample_500k/cbt_valid.txt
[2022-04-13 12:33:32.940] Save: model.pt... 
[2022-04-13 12:33:33.571] Save: model.pt...Done. best_val_loss: 5.2824
[2022-04-13 12:33:33.571] Epoch 009/20 ==================================================
[2022-04-13 12:33:51.605] E009 |   200/1398 batches | lr 20.0000 | loss  4.532 | ppl     92.97 frag_cnt/word_cnt=2.811=393514/140000
[2022-04-13 12:34:09.855] E009 |   400/1398 batches | lr 20.0000 | loss  4.544 | ppl     94.06 frag_cnt/word_cnt=2.831=396308/140000
[2022-04-13 12:34:28.036] E009 |   600/1398 batches | lr 20.0000 | loss  4.482 | ppl     88.41 frag_cnt/word_cnt=2.828=395903/140000
[2022-04-13 12:34:46.371] E009 |   800/1398 batches | lr 20.0000 | loss  4.574 | ppl     96.95 frag_cnt/word_cnt=2.868=401547/140000
[2022-04-13 12:35:04.592] E009 |  1000/1398 batches | lr 20.0000 | loss  4.518 | ppl     91.64 frag_cnt/word_cnt=2.868=401482/140000
[2022-04-13 12:35:22.812] E009 |  1200/1398 batches | lr 20.0000 | loss  4.463 | ppl     86.71 frag_cnt/word_cnt=2.849=398806/140000
[2022-04-13 12:35:40.834] E009 |  1398/1398 batches | lr 20.0000 | loss  4.446 | ppl     85.25 frag_cnt/word_cnt=2.829=392120/138600
[2022-04-13 12:35:52.382] End E009 | valid loss  5.303; ppl    200.90 | accu 0.2158 = 49133/227640 | w_len 2.7669 = 629848/227640
[2022-04-13 12:36:18.472] End E009 |  test loss  8.645; ppl   5679.51 | accu 0.0762 = 38618/506840 | w_len 3.2474 = 1645900/506840 ../data/sample_500k/adult_test.txt
[2022-04-13 12:36:24.207] End E009 |  test loss  5.952; ppl    384.51 | accu 0.2051 = 23013/112220 | w_len 3.1716 = 355919/112220 ../data/sample_500k/adolescent_valid.txt
[2022-04-13 12:36:29.939] End E009 |  test loss  4.673; ppl    106.98 | accu 0.2265 = 26138/115380 | w_len 2.3732 = 273816/115380 ../data/sample_500k/cbt_valid.txt
[2022-04-13 12:36:29.940] Epoch 010/20 ==================================================
[2022-04-13 12:36:48.029] E010 |   200/1398 batches | lr 10.0000 | loss  4.418 | ppl     82.96 frag_cnt/word_cnt=2.811=393514/140000
[2022-04-13 12:37:06.195] E010 |   400/1398 batches | lr 10.0000 | loss  4.393 | ppl     80.89 frag_cnt/word_cnt=2.831=396308/140000
[2022-04-13 12:37:24.350] E010 |   600/1398 batches | lr 10.0000 | loss  4.305 | ppl     74.10 frag_cnt/word_cnt=2.828=395903/140000
[2022-04-13 12:37:43.001] E010 |   800/1398 batches | lr 10.0000 | loss  4.386 | ppl     80.33 frag_cnt/word_cnt=2.868=401547/140000
[2022-04-13 12:38:01.426] E010 |  1000/1398 batches | lr 10.0000 | loss  4.312 | ppl     74.60 frag_cnt/word_cnt=2.868=401482/140000
[2022-04-13 12:38:19.660] E010 |  1200/1398 batches | lr 10.0000 | loss  4.243 | ppl     69.65 frag_cnt/word_cnt=2.849=398806/140000
[2022-04-13 12:38:37.677] E010 |  1398/1398 batches | lr 10.0000 | loss  4.211 | ppl     67.45 frag_cnt/word_cnt=2.829=392120/138600
[2022-04-13 12:38:49.276] End E010 | valid loss  5.208; ppl    182.74 | accu 0.2295 = 52252/227640 | w_len 2.7669 = 629848/227640
[2022-04-13 12:39:15.330] End E010 |  test loss  8.402; ppl   4454.98 | accu 0.0896 = 45400/506840 | w_len 3.2474 = 1645900/506840 ../data/sample_500k/adult_test.txt
[2022-04-13 12:39:21.070] End E010 |  test loss  5.839; ppl    343.58 | accu 0.2234 = 25072/112220 | w_len 3.1716 = 355919/112220 ../data/sample_500k/adolescent_valid.txt
[2022-04-13 12:39:26.809] End E010 |  test loss  4.595; ppl     99.01 | accu 0.2361 = 27240/115380 | w_len 2.3732 = 273816/115380 ../data/sample_500k/cbt_valid.txt
[2022-04-13 12:39:26.809] Save: model.pt... 
[2022-04-13 12:39:27.447] Save: model.pt...Done. best_val_loss: 5.2081
[2022-04-13 12:39:27.447] Epoch 011/20 ==================================================
[2022-04-13 12:39:45.605] E011 |   200/1398 batches | lr 10.0000 | loss  4.308 | ppl     74.30 frag_cnt/word_cnt=2.811=393514/140000
[2022-04-13 12:40:04.867] E011 |   400/1398 batches | lr 10.0000 | loss  4.305 | ppl     74.09 frag_cnt/word_cnt=2.831=396308/140000
[2022-04-13 12:40:23.293] E011 |   600/1398 batches | lr 10.0000 | loss  4.229 | ppl     68.63 frag_cnt/word_cnt=2.828=395903/140000
[2022-04-13 12:40:41.541] E011 |   800/1398 batches | lr 10.0000 | loss  4.326 | ppl     75.66 frag_cnt/word_cnt=2.868=401547/140000
[2022-04-13 12:40:59.870] E011 |  1000/1398 batches | lr 10.0000 | loss  4.257 | ppl     70.58 frag_cnt/word_cnt=2.868=401482/140000
[2022-04-13 12:41:18.152] E011 |  1200/1398 batches | lr 10.0000 | loss  4.194 | ppl     66.27 frag_cnt/word_cnt=2.849=398806/140000
[2022-04-13 12:41:36.138] E011 |  1398/1398 batches | lr 10.0000 | loss  4.163 | ppl     64.26 frag_cnt/word_cnt=2.829=392120/138600
[2022-04-13 12:41:47.693] End E011 | valid loss  5.207; ppl    182.53 | accu 0.2316 = 52715/227640 | w_len 2.7669 = 629848/227640
[2022-04-13 12:42:13.637] End E011 |  test loss  9.292; ppl  10849.68 | accu 0.0541 = 27437/506840 | w_len 3.2474 = 1645900/506840 ../data/sample_500k/adult_test.txt
[2022-04-13 12:42:19.353] End E011 |  test loss  5.840; ppl    343.81 | accu 0.2248 = 25230/112220 | w_len 3.1716 = 355919/112220 ../data/sample_500k/adolescent_valid.txt
[2022-04-13 12:42:25.064] End E011 |  test loss  4.594; ppl     98.93 | accu 0.2379 = 27449/115380 | w_len 2.3732 = 273816/115380 ../data/sample_500k/cbt_valid.txt
[2022-04-13 12:42:25.064] Save: model.pt... 
[2022-04-13 12:42:25.700] Save: model.pt...Done. best_val_loss: 5.2069
[2022-04-13 12:42:25.700] Epoch 012/20 ==================================================
[2022-04-13 12:42:43.719] E012 |   200/1398 batches | lr 10.0000 | loss  4.253 | ppl     70.32 frag_cnt/word_cnt=2.811=393514/140000
[2022-04-13 12:43:01.719] E012 |   400/1398 batches | lr 10.0000 | loss  4.250 | ppl     70.09 frag_cnt/word_cnt=2.831=396308/140000
[2022-04-13 12:43:19.949] E012 |   600/1398 batches | lr 10.0000 | loss  4.176 | ppl     65.12 frag_cnt/word_cnt=2.828=395903/140000
[2022-04-13 12:43:38.185] E012 |   800/1398 batches | lr 10.0000 | loss  4.276 | ppl     71.94 frag_cnt/word_cnt=2.868=401547/140000
[2022-04-13 12:43:56.545] E012 |  1000/1398 batches | lr 10.0000 | loss  4.207 | ppl     67.16 frag_cnt/word_cnt=2.868=401482/140000
[2022-04-13 12:44:14.742] E012 |  1200/1398 batches | lr 10.0000 | loss  4.150 | ppl     63.41 frag_cnt/word_cnt=2.849=398806/140000
[2022-04-13 12:44:32.864] E012 |  1398/1398 batches | lr 10.0000 | loss  4.123 | ppl     61.77 frag_cnt/word_cnt=2.829=392120/138600
[2022-04-13 12:44:44.443] End E012 | valid loss  5.221; ppl    185.18 | accu 0.2289 = 52115/227640 | w_len 2.7669 = 629848/227640
[2022-04-13 12:45:10.427] End E012 |  test loss  8.654; ppl   5735.14 | accu 0.0833 = 42226/506840 | w_len 3.2474 = 1645900/506840 ../data/sample_500k/adult_test.txt
[2022-04-13 12:45:16.161] End E012 |  test loss  5.863; ppl    351.83 | accu 0.2210 = 24803/112220 | w_len 3.1716 = 355919/112220 ../data/sample_500k/adolescent_valid.txt
[2022-04-13 12:45:21.882] End E012 |  test loss  4.600; ppl     99.49 | accu 0.2368 = 27326/115380 | w_len 2.3732 = 273816/115380 ../data/sample_500k/cbt_valid.txt
[2022-04-13 12:45:21.883] Epoch 013/20 ==================================================
[2022-04-13 12:45:39.909] E013 |   200/1398 batches | lr 5.0000 | loss  4.189 | ppl     65.97 frag_cnt/word_cnt=2.811=393514/140000
[2022-04-13 12:45:58.648] E013 |   400/1398 batches | lr 5.0000 | loss  4.174 | ppl     65.00 frag_cnt/word_cnt=2.831=396308/140000
[2022-04-13 12:46:16.493] E013 |   600/1398 batches | lr 5.0000 | loss  4.090 | ppl     59.75 frag_cnt/word_cnt=2.828=395903/140000
[2022-04-13 12:46:34.764] E013 |   800/1398 batches | lr 5.0000 | loss  4.176 | ppl     65.09 frag_cnt/word_cnt=2.868=401547/140000
[2022-04-13 12:46:53.262] E013 |  1000/1398 batches | lr 5.0000 | loss  4.103 | ppl     60.50 frag_cnt/word_cnt=2.868=401482/140000
[2022-04-13 12:47:11.634] E013 |  1200/1398 batches | lr 5.0000 | loss  4.037 | ppl     56.65 frag_cnt/word_cnt=2.849=398806/140000
[2022-04-13 12:47:29.887] E013 |  1398/1398 batches | lr 5.0000 | loss  4.002 | ppl     54.71 frag_cnt/word_cnt=2.829=392120/138600
[2022-04-13 12:47:41.825] End E013 | valid loss  5.193; ppl    180.08 | accu 0.2372 = 53986/227640 | w_len 2.7669 = 629848/227640
[2022-04-13 12:48:08.590] End E013 |  test loss  9.573; ppl  14376.33 | accu 0.0600 = 30427/506840 | w_len 3.2474 = 1645900/506840 ../data/sample_500k/adult_test.txt
[2022-04-13 12:48:14.515] End E013 |  test loss  5.848; ppl    346.37 | accu 0.2309 = 25917/112220 | w_len 3.1716 = 355919/112220 ../data/sample_500k/adolescent_valid.txt
[2022-04-13 12:48:20.430] End E013 |  test loss  4.559; ppl     95.53 | accu 0.2432 = 28057/115380 | w_len 2.3732 = 273816/115380 ../data/sample_500k/cbt_valid.txt
[2022-04-13 12:48:20.430] Save: model.pt... 
[2022-04-13 12:48:21.076] Save: model.pt...Done. best_val_loss: 5.1934
[2022-04-13 12:48:21.076] Epoch 014/20 ==================================================
[2022-04-13 12:48:39.185] E014 |   200/1398 batches | lr 5.0000 | loss  4.131 | ppl     62.21 frag_cnt/word_cnt=2.811=393514/140000
[2022-04-13 12:48:57.508] E014 |   400/1398 batches | lr 5.0000 | loss  4.119 | ppl     61.52 frag_cnt/word_cnt=2.831=396308/140000
[2022-04-13 12:49:15.861] E014 |   600/1398 batches | lr 5.0000 | loss  4.053 | ppl     57.60 frag_cnt/word_cnt=2.828=395903/140000
[2022-04-13 12:49:34.272] E014 |   800/1398 batches | lr 5.0000 | loss  4.137 | ppl     62.62 frag_cnt/word_cnt=2.868=401547/140000
[2022-04-13 12:49:52.594] E014 |  1000/1398 batches | lr 5.0000 | loss  4.068 | ppl     58.45 frag_cnt/word_cnt=2.868=401482/140000
[2022-04-13 12:50:10.915] E014 |  1200/1398 batches | lr 5.0000 | loss  4.007 | ppl     55.00 frag_cnt/word_cnt=2.849=398806/140000
[2022-04-13 12:50:29.065] E014 |  1398/1398 batches | lr 5.0000 | loss  3.981 | ppl     53.55 frag_cnt/word_cnt=2.829=392120/138600
[2022-04-13 12:50:41.012] End E014 | valid loss  5.198; ppl    180.83 | accu 0.2361 = 53754/227640 | w_len 2.7669 = 629848/227640
[2022-04-13 12:51:10.356] End E014 |  test loss  9.213; ppl  10030.46 | accu 0.0708 = 35864/506840 | w_len 3.2474 = 1645900/506840 ../data/sample_500k/adult_test.txt
[2022-04-13 12:51:16.135] End E014 |  test loss  5.852; ppl    348.08 | accu 0.2298 = 25784/112220 | w_len 3.1716 = 355919/112220 ../data/sample_500k/adolescent_valid.txt
[2022-04-13 12:51:21.969] End E014 |  test loss  4.562; ppl     95.79 | accu 0.2425 = 27977/115380 | w_len 2.3732 = 273816/115380 ../data/sample_500k/cbt_valid.txt
[2022-04-13 12:51:21.969] Epoch 015/20 ==================================================
[2022-04-13 12:51:40.148] E015 |   200/1398 batches | lr 2.5000 | loss  4.101 | ppl     60.40 frag_cnt/word_cnt=2.811=393514/140000
[2022-04-13 12:51:58.294] E015 |   400/1398 batches | lr 2.5000 | loss  4.084 | ppl     59.36 frag_cnt/word_cnt=2.831=396308/140000
[2022-04-13 12:52:16.476] E015 |   600/1398 batches | lr 2.5000 | loss  4.010 | ppl     55.16 frag_cnt/word_cnt=2.828=395903/140000
[2022-04-13 12:52:34.939] E015 |   800/1398 batches | lr 2.5000 | loss  4.087 | ppl     59.53 frag_cnt/word_cnt=2.868=401547/140000
[2022-04-13 12:52:53.672] E015 |  1000/1398 batches | lr 2.5000 | loss  4.019 | ppl     55.62 frag_cnt/word_cnt=2.868=401482/140000
[2022-04-13 12:53:13.239] E015 |  1200/1398 batches | lr 2.5000 | loss  3.946 | ppl     51.71 frag_cnt/word_cnt=2.849=398806/140000
[2022-04-13 12:53:31.864] E015 |  1398/1398 batches | lr 2.5000 | loss  3.919 | ppl     50.35 frag_cnt/word_cnt=2.829=392120/138600
[2022-04-13 12:53:43.539] End E015 | valid loss  5.189; ppl    179.32 | accu 0.2391 = 54422/227640 | w_len 2.7669 = 629848/227640
[2022-04-13 12:54:09.686] End E015 |  test loss  9.098; ppl   8939.70 | accu 0.0758 = 38423/506840 | w_len 3.2474 = 1645900/506840 ../data/sample_500k/adult_test.txt
[2022-04-13 12:54:15.416] End E015 |  test loss  5.853; ppl    348.29 | accu 0.2324 = 26083/112220 | w_len 3.1716 = 355919/112220 ../data/sample_500k/adolescent_valid.txt
[2022-04-13 12:54:21.150] End E015 |  test loss  4.545; ppl     94.18 | accu 0.2453 = 28300/115380 | w_len 2.3732 = 273816/115380 ../data/sample_500k/cbt_valid.txt
[2022-04-13 12:54:21.150] Save: model.pt... 
[2022-04-13 12:54:21.776] Save: model.pt...Done. best_val_loss: 5.1891
[2022-04-13 12:54:21.776] Epoch 016/20 ==================================================
[2022-04-13 12:54:40.748] E016 |   200/1398 batches | lr 2.5000 | loss  4.066 | ppl     58.31 frag_cnt/word_cnt=2.811=393514/140000
[2022-04-13 12:54:58.948] E016 |   400/1398 batches | lr 2.5000 | loss  4.057 | ppl     57.82 frag_cnt/word_cnt=2.831=396308/140000
[2022-04-13 12:55:17.032] E016 |   600/1398 batches | lr 2.5000 | loss  3.986 | ppl     53.86 frag_cnt/word_cnt=2.828=395903/140000
[2022-04-13 12:55:35.318] E016 |   800/1398 batches | lr 2.5000 | loss  4.068 | ppl     58.41 frag_cnt/word_cnt=2.868=401547/140000
[2022-04-13 12:55:54.272] E016 |  1000/1398 batches | lr 2.5000 | loss  4.006 | ppl     54.90 frag_cnt/word_cnt=2.868=401482/140000
[2022-04-13 12:56:12.439] E016 |  1200/1398 batches | lr 2.5000 | loss  3.936 | ppl     51.22 frag_cnt/word_cnt=2.849=398806/140000
[2022-04-13 12:56:30.191] E016 |  1398/1398 batches | lr 2.5000 | loss  3.903 | ppl     49.56 frag_cnt/word_cnt=2.829=392120/138600
[2022-04-13 12:56:41.836] End E016 | valid loss  5.189; ppl    179.24 | accu 0.2392 = 54456/227640 | w_len 2.7669 = 629848/227640
[2022-04-13 12:57:07.988] End E016 |  test loss  8.760; ppl   6374.54 | accu 0.0843 = 42751/506840 | w_len 3.2474 = 1645900/506840 ../data/sample_500k/adult_test.txt
[2022-04-13 12:57:13.732] End E016 |  test loss  5.856; ppl    349.19 | accu 0.2318 = 26011/112220 | w_len 3.1716 = 355919/112220 ../data/sample_500k/adolescent_valid.txt
[2022-04-13 12:57:19.491] End E016 |  test loss  4.541; ppl     93.83 | accu 0.2461 = 28394/115380 | w_len 2.3732 = 273816/115380 ../data/sample_500k/cbt_valid.txt
[2022-04-13 12:57:19.491] Save: model.pt... 
[2022-04-13 12:57:20.121] Save: model.pt...Done. best_val_loss: 5.1887
[2022-04-13 12:57:20.121] Epoch 017/20 ==================================================
[2022-04-13 12:57:38.278] E017 |   200/1398 batches | lr 2.5000 | loss  4.049 | ppl     57.36 frag_cnt/word_cnt=2.811=393514/140000
[2022-04-13 12:57:56.577] E017 |   400/1398 batches | lr 2.5000 | loss  4.037 | ppl     56.65 frag_cnt/word_cnt=2.831=396308/140000
[2022-04-13 12:58:14.732] E017 |   600/1398 batches | lr 2.5000 | loss  3.969 | ppl     52.93 frag_cnt/word_cnt=2.828=395903/140000
[2022-04-13 12:58:32.971] E017 |   800/1398 batches | lr 2.5000 | loss  4.053 | ppl     57.60 frag_cnt/word_cnt=2.868=401547/140000
[2022-04-13 12:58:51.411] E017 |  1000/1398 batches | lr 2.5000 | loss  3.987 | ppl     53.91 frag_cnt/word_cnt=2.868=401482/140000
[2022-04-13 12:59:09.546] E017 |  1200/1398 batches | lr 2.5000 | loss  3.925 | ppl     50.65 frag_cnt/word_cnt=2.849=398806/140000
[2022-04-13 12:59:27.463] E017 |  1398/1398 batches | lr 2.5000 | loss  3.895 | ppl     49.13 frag_cnt/word_cnt=2.829=392120/138600
[2022-04-13 12:59:39.066] End E017 | valid loss  5.191; ppl    179.68 | accu 0.2395 = 54513/227640 | w_len 2.7669 = 629848/227640
[2022-04-13 13:00:05.110] End E017 |  test loss 10.697; ppl  44233.80 | accu 0.0438 = 22181/506840 | w_len 3.2474 = 1645900/506840 ../data/sample_500k/adult_test.txt
[2022-04-13 13:00:10.841] End E017 |  test loss  5.860; ppl    350.73 | accu 0.2324 = 26080/112220 | w_len 3.1716 = 355919/112220 ../data/sample_500k/adolescent_valid.txt
[2022-04-13 13:00:16.579] End E017 |  test loss  4.544; ppl     94.05 | accu 0.2463 = 28421/115380 | w_len 2.3732 = 273816/115380 ../data/sample_500k/cbt_valid.txt
[2022-04-13 13:00:16.580] Epoch 018/20 ==================================================
[2022-04-13 13:00:34.723] E018 |   200/1398 batches | lr 1.2500 | loss  4.038 | ppl     56.72 frag_cnt/word_cnt=2.811=393514/140000
[2022-04-13 13:00:52.934] E018 |   400/1398 batches | lr 1.2500 | loss  4.023 | ppl     55.86 frag_cnt/word_cnt=2.831=396308/140000
[2022-04-13 13:01:11.330] E018 |   600/1398 batches | lr 1.2500 | loss  3.953 | ppl     52.11 frag_cnt/word_cnt=2.828=395903/140000
[2022-04-13 13:01:30.194] E018 |   800/1398 batches | lr 1.2500 | loss  4.028 | ppl     56.13 frag_cnt/word_cnt=2.868=401547/140000
[2022-04-13 13:01:48.512] E018 |  1000/1398 batches | lr 1.2500 | loss  3.959 | ppl     52.40 frag_cnt/word_cnt=2.868=401482/140000
[2022-04-13 13:02:06.740] E018 |  1200/1398 batches | lr 1.2500 | loss  3.891 | ppl     48.98 frag_cnt/word_cnt=2.849=398806/140000
[2022-04-13 13:02:24.948] E018 |  1398/1398 batches | lr 1.2500 | loss  3.859 | ppl     47.42 frag_cnt/word_cnt=2.829=392120/138600
[2022-04-13 13:02:36.576] End E018 | valid loss  5.189; ppl    179.28 | accu 0.2404 = 54714/227640 | w_len 2.7669 = 629848/227640
[2022-04-13 13:03:02.668] End E018 |  test loss  9.741; ppl  16995.53 | accu 0.0641 = 32493/506840 | w_len 3.2474 = 1645900/506840 ../data/sample_500k/adult_test.txt
[2022-04-13 13:03:08.424] End E018 |  test loss  5.865; ppl    352.35 | accu 0.2329 = 26140/112220 | w_len 3.1716 = 355919/112220 ../data/sample_500k/adolescent_valid.txt
[2022-04-13 13:03:14.163] End E018 |  test loss  4.535; ppl     93.22 | accu 0.2472 = 28518/115380 | w_len 2.3732 = 273816/115380 ../data/sample_500k/cbt_valid.txt
[2022-04-13 13:03:14.163] Epoch 019/20 ==================================================
[2022-04-13 13:03:32.427] E019 |   200/1398 batches | lr 0.6250 | loss  4.025 | ppl     55.98 frag_cnt/word_cnt=2.811=393514/140000
[2022-04-13 13:03:50.886] E019 |   400/1398 batches | lr 0.6250 | loss  4.012 | ppl     55.28 frag_cnt/word_cnt=2.831=396308/140000
[2022-04-13 13:04:08.836] E019 |   600/1398 batches | lr 0.6250 | loss  3.943 | ppl     51.56 frag_cnt/word_cnt=2.828=395903/140000
[2022-04-13 13:04:27.376] E019 |   800/1398 batches | lr 0.6250 | loss  4.012 | ppl     55.25 frag_cnt/word_cnt=2.868=401547/140000
[2022-04-13 13:04:45.727] E019 |  1000/1398 batches | lr 0.6250 | loss  3.948 | ppl     51.83 frag_cnt/word_cnt=2.868=401482/140000
[2022-04-13 13:05:04.087] E019 |  1200/1398 batches | lr 0.6250 | loss  3.876 | ppl     48.23 frag_cnt/word_cnt=2.849=398806/140000
[2022-04-13 13:05:22.914] E019 |  1398/1398 batches | lr 0.6250 | loss  3.842 | ppl     46.63 frag_cnt/word_cnt=2.829=392120/138600
[2022-04-13 13:05:34.489] End E019 | valid loss  5.184; ppl    178.43 | accu 0.2412 = 54898/227640 | w_len 2.7669 = 629848/227640
[2022-04-13 13:06:00.499] End E019 |  test loss 10.282; ppl  29212.32 | accu 0.0553 = 28047/506840 | w_len 3.2474 = 1645900/506840 ../data/sample_500k/adult_test.txt
[2022-04-13 13:06:06.228] End E019 |  test loss  5.861; ppl    351.01 | accu 0.2340 = 26262/112220 | w_len 3.1716 = 355919/112220 ../data/sample_500k/adolescent_valid.txt
[2022-04-13 13:06:11.989] End E019 |  test loss  4.530; ppl     92.79 | accu 0.2480 = 28609/115380 | w_len 2.3732 = 273816/115380 ../data/sample_500k/cbt_valid.txt
[2022-04-13 13:06:11.989] Save: model.pt... 
[2022-04-13 13:06:12.616] Save: model.pt...Done. best_val_loss: 5.1842
[2022-04-13 13:06:12.616] Epoch 020/20 ==================================================
[2022-04-13 13:06:30.654] E020 |   200/1398 batches | lr 0.6250 | loss  4.013 | ppl     55.33 frag_cnt/word_cnt=2.811=393514/140000
[2022-04-13 13:06:48.531] E020 |   400/1398 batches | lr 0.6250 | loss  4.001 | ppl     54.67 frag_cnt/word_cnt=2.831=396308/140000
[2022-04-13 13:07:06.759] E020 |   600/1398 batches | lr 0.6250 | loss  3.935 | ppl     51.16 frag_cnt/word_cnt=2.828=395903/140000
[2022-04-13 13:07:26.077] E020 |   800/1398 batches | lr 0.6250 | loss  4.008 | ppl     55.04 frag_cnt/word_cnt=2.868=401547/140000
[2022-04-13 13:07:44.514] E020 |  1000/1398 batches | lr 0.6250 | loss  3.941 | ppl     51.45 frag_cnt/word_cnt=2.868=401482/140000
[2022-04-13 13:08:02.729] E020 |  1200/1398 batches | lr 0.6250 | loss  3.873 | ppl     48.09 frag_cnt/word_cnt=2.849=398806/140000
[2022-04-13 13:08:21.372] E020 |  1398/1398 batches | lr 0.6250 | loss  3.845 | ppl     46.74 frag_cnt/word_cnt=2.829=392120/138600
[2022-04-13 13:08:33.054] End E020 | valid loss  5.185; ppl    178.53 | accu 0.2412 = 54902/227640 | w_len 2.7669 = 629848/227640
[2022-04-13 13:08:59.197] End E020 |  test loss 10.200; ppl  26900.52 | accu 0.0576 = 29186/506840 | w_len 3.2474 = 1645900/506840 ../data/sample_500k/adult_test.txt
[2022-04-13 13:09:04.971] End E020 |  test loss  5.861; ppl    351.07 | accu 0.2338 = 26242/112220 | w_len 3.1716 = 355919/112220 ../data/sample_500k/adolescent_valid.txt
[2022-04-13 13:09:10.744] End E020 |  test loss  4.530; ppl     92.80 | accu 0.2480 = 28614/115380 | w_len 2.3732 = 273816/115380 ../data/sample_500k/cbt_valid.txt
[2022-04-13 13:09:37.034] End. test loss 10.28; ppl 29212.32 | accu 0.0553 = 28047/506840 | w_len 3.2474 = 1645900/506840 ../data/sample_500k/adult_test.txt
[2022-04-13 13:09:42.805] End. test loss  5.86; ppl   351.01 | accu 0.2340 = 26262/112220 | w_len 3.1716 = 355919/112220 ../data/sample_500k/adolescent_valid.txt
[2022-04-13 13:09:48.561] End. test loss  4.53; ppl    92.79 | accu 0.2480 = 28609/115380 | w_len 2.3732 = 273816/115380 ../data/sample_500k/cbt_valid.txt
[2022-04-13 13:09:48.562] =========================================================================================
[2022-04-13 13:09:48.562] valid_loss
[2022-04-13 13:09:48.562]  5.71, 5.49, 5.41, 5.34, 5.31, 5.30, 5.28, 5.28, 5.30, 5.21, 5.21, 5.22, 5.19, 5.20, 5.19, 5.19, 5.19, 5.19, 5.18, 5.18
[2022-04-13 13:09:48.562] valid_loss ppl
[2022-04-13 13:09:48.562]   301.09,  242.26,  222.70,  207.80,  203.26,  201.19,  197.05,  196.84,  200.90,  182.74,  182.53,  185.18,  180.08,  180.83,  179.32,  179.24,  179.68,  179.28,  178.43,  178.53
[2022-04-13 13:09:48.562] test_loss of ../data/sample_500k/adult_test.txt
[2022-04-13 13:09:48.562]  8.66, 8.54, 9.86, 8.51, 9.95,10.66, 9.07, 9.12, 8.64, 8.40, 9.29, 8.65, 9.57, 9.21, 9.10, 8.76,10.70, 9.74,10.28,10.20
[2022-04-13 13:09:48.562] test_loss of ../data/sample_500k/adult_test.txt ppl
[2022-04-13 13:09:48.562]  5760.26, 5128.36,19101.98, 4941.28,21011.21,42822.30, 8665.81, 9121.04, 5679.51, 4454.98,10849.68, 5735.14,14376.33,10030.46, 8939.70, 6374.54,44233.80,16995.53,29212.32,26900.52
[2022-04-13 13:09:48.562] test_loss of ../data/sample_500k/adolescent_valid.txt
[2022-04-13 13:09:48.562]  6.28, 6.08, 6.03, 5.93, 5.91, 5.91, 5.91, 5.91, 5.95, 5.84, 5.84, 5.86, 5.85, 5.85, 5.85, 5.86, 5.86, 5.86, 5.86, 5.86
[2022-04-13 13:09:48.562] test_loss of ../data/sample_500k/adolescent_valid.txt ppl
[2022-04-13 13:09:48.562]   531.17,  437.32,  416.96,  374.59,  367.93,  369.51,  367.55,  369.85,  384.51,  343.58,  343.81,  351.83,  346.37,  348.08,  348.29,  349.19,  350.73,  352.35,  351.01,  351.07
[2022-04-13 13:09:48.563] test_loss of ../data/sample_500k/cbt_valid.txt
[2022-04-13 13:09:48.563]  5.15, 4.92, 4.82, 4.77, 4.73, 4.72, 4.68, 4.67, 4.67, 4.60, 4.59, 4.60, 4.56, 4.56, 4.55, 4.54, 4.54, 4.54, 4.53, 4.53
[2022-04-13 13:09:48.563] test_loss of ../data/sample_500k/cbt_valid.txt ppl
[2022-04-13 13:09:48.563]   171.78,  137.03,  123.49,  117.37,  113.54,  112.02,  107.68,  106.94,  106.98,   99.01,   98.93,   99.49,   95.53,   95.79,   94.18,   93.83,   94.05,   93.22,   92.79,   92.80
[2022-04-13 13:09:48.563] 
[2022-04-13 13:09:48.563] 
[2022-04-13 13:09:48.563] 
