[2022-04-13 19:52:09.505] corpus.train_file_list: 2
[2022-04-13 19:52:09.505]         ../data/sample_500k/cbt_train.txt
[2022-04-13 19:52:09.505]         ../data/sample_500k/adolescent_train.txt
[2022-04-13 19:52:09.505] corpus.valid_file_list: 2
[2022-04-13 19:52:09.505]         ../data/sample_500k/cbt_valid.txt
[2022-04-13 19:52:09.505]         ../data/sample_500k/adolescent_valid.txt
[2022-04-13 19:52:09.505] corpus.test_file_list: 3
[2022-04-13 19:52:09.505]         ../data/sample_500k/adult_test.txt
[2022-04-13 19:52:09.505]         ../data/sample_500k/adolescent_valid.txt
[2022-04-13 19:52:09.505]         ../data/sample_500k/cbt_valid.txt
[2022-04-13 19:52:09.505] corpus.subword_vocab_size: 0
[2022-04-13 19:52:09.505] corpus.subword_model = None. Corpus will not use subword.
[2022-04-13 19:52:09.505] corpus tokenize...
[2022-04-13 19:52:10.205]         train tokens: 511735  ../data/sample_500k/cbt_train.txt
[2022-04-13 19:52:11.269]         train tokens: 467267  ../data/sample_500k/adolescent_train.txt
[2022-04-13 19:52:11.407]         valid tokens: 115417  ../data/sample_500k/cbt_valid.txt
[2022-04-13 19:52:11.637]         valid tokens: 112256  ../data/sample_500k/adolescent_valid.txt
[2022-04-13 19:52:12.262]         test  tokens: 506878  ../data/sample_500k/adult_test.txt
[2022-04-13 19:52:12.484]         test  tokens: 112256  ../data/sample_500k/adolescent_valid.txt
[2022-04-13 19:52:12.620]         test  tokens: 115417  ../data/sample_500k/cbt_valid.txt
[2022-04-13 19:52:12.621] corpus.ntokens      : 100726
[2022-04-13 19:52:12.621] corpus.char_count   : 166
[2022-04-13 19:52:12.621] corpus.char_cnt_dict: 166
[2022-04-13 19:52:12.621] corpus.char_id_dict : 166
[2022-04-13 19:52:12.650] corpus.batchify(2 files, batch_size=20)...
[2022-04-13 19:52:12.651]         tokens_all: 979002
[2022-04-13 19:52:12.651]         batched   :  48950
[2022-04-13 19:52:12.651]         ../data/sample_500k/cbt_train.txt
[2022-04-13 19:52:12.651]         ../data/sample_500k/adolescent_train.txt
[2022-04-13 19:52:12.661] corpus.batchify(2 files, batch_size=20)...
[2022-04-13 19:52:12.661]         tokens_all: 227673
[2022-04-13 19:52:12.661]         batched   :  11383
[2022-04-13 19:52:12.662]         ../data/sample_500k/cbt_valid.txt
[2022-04-13 19:52:12.662]         ../data/sample_500k/adolescent_valid.txt
[2022-04-13 19:52:12.667] corpus.batchify(1 files, batch_size=20)...
[2022-04-13 19:52:12.667]         tokens_all: 506878
[2022-04-13 19:52:12.668]         batched   :  25343
[2022-04-13 19:52:12.668]         ../data/sample_500k/adult_test.txt
[2022-04-13 19:52:12.670] corpus.batchify(1 files, batch_size=20)...
[2022-04-13 19:52:12.671]         tokens_all: 112256
[2022-04-13 19:52:12.671]         batched   :   5612
[2022-04-13 19:52:12.671]         ../data/sample_500k/adolescent_valid.txt
[2022-04-13 19:52:12.672] corpus.batchify(1 files, batch_size=20)...
[2022-04-13 19:52:12.673]         tokens_all: 115417
[2022-04-13 19:52:12.673]         batched   :   5770
[2022-04-13 19:52:12.673]         ../data/sample_500k/cbt_valid.txt
[2022-04-13 19:52:12.673] subword_adapter will be generated due to word_split_mode='Subword.5000'
[2022-04-13 19:52:12.674] SubwordAdapter.file_list: 4
[2022-04-13 19:52:12.674]         ../data/sample_500k/cbt_train.txt
[2022-04-13 19:52:12.674]         ../data/sample_500k/adolescent_train.txt
[2022-04-13 19:52:12.674]         ../data/sample_500k/cbt_valid.txt
[2022-04-13 19:52:12.674]         ../data/sample_500k/adolescent_valid.txt
[2022-04-13 19:52:12.674] SubwordAdapter.subword_vocab_size: 5000
[2022-04-13 19:52:12.675] SubwordAdapter.subword_model.train(4 files)...
[2022-04-13 19:52:13.762] SubwordAdapter.subword_model.train(4 files)...Done
[2022-04-13 19:52:14.461] RNNModel.rnn_type: LSTM
[2022-04-13 19:52:14.461] RNNModel.ntoken  : 100726
[2022-04-13 19:52:14.461] RNNModel.ninp    : 200
[2022-04-13 19:52:14.461] RNNModel.nhid    : 200
[2022-04-13 19:52:14.461] RNNModel.nlayers : 2
[2022-04-13 19:52:14.462] RNNModel.dropout : 0.2
[2022-04-13 19:52:14.462] RNNModel.tie_weights: False
[2022-04-13 19:52:14.462] RNNModel.fragment_aggregate_mode: LSTM
[2022-04-13 19:52:14.462] RNNModel.fragment_cnt           : 5002
[2022-04-13 19:52:14.462] RNNModel.fragment_emsize        : 25
[2022-04-13 19:52:14.462] RNNModel.fragment_nhid          : 200
[2022-04-13 19:52:14.464] RNNModel.fragment_embeds     : created
[2022-04-13 19:52:14.468] RNNModel.fragment_lstm       : created
[2022-04-13 19:52:14.468] RNNModel.fragment_lstm_linear: created
[2022-04-13 19:52:14.530] Epoch 001/20 ==================================================
[2022-04-13 19:53:16.449] E001 |   200/1398 batches | lr 20.0000 | loss  8.135 | ppl   3411.60 frag_cnt/word_cnt=1.516=212212/140000
[2022-04-13 19:54:19.425] E001 |   400/1398 batches | lr 20.0000 | loss  6.935 | ppl   1028.02 frag_cnt/word_cnt=1.555=217696/140000
[2022-04-13 19:55:20.033] E001 |   600/1398 batches | lr 20.0000 | loss  6.340 | ppl    566.93 frag_cnt/word_cnt=1.542=215887/140000
[2022-04-13 19:56:20.320] E001 |   800/1398 batches | lr 20.0000 | loss  6.117 | ppl    453.42 frag_cnt/word_cnt=1.563=218797/140000
[2022-04-13 19:57:21.287] E001 |  1000/1398 batches | lr 20.0000 | loss  5.915 | ppl    370.52 frag_cnt/word_cnt=1.558=218091/140000
[2022-04-13 19:58:22.701] E001 |  1200/1398 batches | lr 20.0000 | loss  5.779 | ppl    323.52 frag_cnt/word_cnt=1.548=216776/140000
[2022-04-13 19:59:24.213] E001 |  1398/1398 batches | lr 20.0000 | loss  5.639 | ppl    281.26 frag_cnt/word_cnt=1.536=212852/138600
[2022-04-13 19:59:53.652] End E001 | valid loss  5.786; ppl    325.73 | accu 0.1851 = 42125/227640 | w_len 1.5032 = 342192/227640
[2022-04-13 20:00:59.319] End E001 |  test loss  8.307; ppl   4051.93 | accu 0.0611 = 30956/506840 | w_len 1.6957 = 859471/506840 ../data/sample_500k/adult_test.txt
[2022-04-13 20:01:13.883] End E001 |  test loss  6.428; ppl    618.68 | accu 0.1834 = 20579/112220 | w_len 1.7787 = 199605/112220 ../data/sample_500k/adolescent_valid.txt
[2022-04-13 20:01:28.902] End E001 |  test loss  5.169; ppl    175.66 | accu 0.1860 = 21461/115380 | w_len 1.2352 = 142521/115380 ../data/sample_500k/cbt_valid.txt
[2022-04-13 20:01:28.902] Save: model.pt... 
[2022-04-13 20:01:29.649] Save: model.pt...Done. best_val_loss: 5.7861
[2022-04-13 20:01:29.649] Epoch 002/20 ==================================================
[2022-04-13 20:02:30.162] E002 |   200/1398 batches | lr 20.0000 | loss  5.570 | ppl    262.54 frag_cnt/word_cnt=1.516=212212/140000
[2022-04-13 20:03:32.040] E002 |   400/1398 batches | lr 20.0000 | loss  5.503 | ppl    245.49 frag_cnt/word_cnt=1.555=217696/140000
[2022-04-13 20:04:35.675] E002 |   600/1398 batches | lr 20.0000 | loss  5.375 | ppl    215.99 frag_cnt/word_cnt=1.542=215887/140000
[2022-04-13 20:05:38.322] E002 |   800/1398 batches | lr 20.0000 | loss  5.432 | ppl    228.51 frag_cnt/word_cnt=1.563=218797/140000
[2022-04-13 20:06:39.638] E002 |  1000/1398 batches | lr 20.0000 | loss  5.345 | ppl    209.57 frag_cnt/word_cnt=1.558=218091/140000
[2022-04-13 20:07:40.971] E002 |  1200/1398 batches | lr 20.0000 | loss  5.267 | ppl    193.85 frag_cnt/word_cnt=1.548=216776/140000
[2022-04-13 20:08:41.809] E002 |  1398/1398 batches | lr 20.0000 | loss  5.203 | ppl    181.77 frag_cnt/word_cnt=1.536=212852/138600
[2022-04-13 20:09:11.368] End E002 | valid loss  5.490; ppl    242.14 | accu 0.2018 = 45935/227640 | w_len 1.5032 = 342192/227640
[2022-04-13 20:10:17.440] End E002 |  test loss  8.606; ppl   5463.94 | accu 0.0490 = 24816/506840 | w_len 1.6957 = 859471/506840 ../data/sample_500k/adult_test.txt
[2022-04-13 20:10:31.950] End E002 |  test loss  6.092; ppl    442.14 | accu 0.1961 = 22007/112220 | w_len 1.7787 = 199605/112220 ../data/sample_500k/adolescent_valid.txt
[2022-04-13 20:10:46.716] End E002 |  test loss  4.906; ppl    135.08 | accu 0.2070 = 23883/115380 | w_len 1.2352 = 142521/115380 ../data/sample_500k/cbt_valid.txt
[2022-04-13 20:10:46.716] Save: model.pt... 
[2022-04-13 20:10:47.375] Save: model.pt...Done. best_val_loss: 5.4895
[2022-04-13 20:10:47.375] Epoch 003/20 ==================================================
[2022-04-13 20:11:48.888] E003 |   200/1398 batches | lr 20.0000 | loss  5.198 | ppl    180.87 frag_cnt/word_cnt=1.516=212212/140000
[2022-04-13 20:12:49.917] E003 |   400/1398 batches | lr 20.0000 | loss  5.179 | ppl    177.54 frag_cnt/word_cnt=1.555=217696/140000
[2022-04-13 20:13:50.072] E003 |   600/1398 batches | lr 20.0000 | loss  5.076 | ppl    160.05 frag_cnt/word_cnt=1.542=215887/140000
[2022-04-13 20:14:53.323] E003 |   800/1398 batches | lr 20.0000 | loss  5.164 | ppl    174.83 frag_cnt/word_cnt=1.563=218797/140000
[2022-04-13 20:15:55.261] E003 |  1000/1398 batches | lr 20.0000 | loss  5.091 | ppl    162.58 frag_cnt/word_cnt=1.558=218091/140000
[2022-04-13 20:16:56.247] E003 |  1200/1398 batches | lr 20.0000 | loss  5.031 | ppl    153.06 frag_cnt/word_cnt=1.548=216776/140000
[2022-04-13 20:17:55.946] E003 |  1398/1398 batches | lr 20.0000 | loss  4.982 | ppl    145.84 frag_cnt/word_cnt=1.536=212852/138600
[2022-04-13 20:18:25.257] End E003 | valid loss  5.377; ppl    216.43 | accu 0.2120 = 48255/227640 | w_len 1.5032 = 342192/227640
[2022-04-13 20:19:31.857] End E003 |  test loss  8.738; ppl   6234.86 | accu 0.0447 = 22636/506840 | w_len 1.6957 = 859471/506840 ../data/sample_500k/adult_test.txt
[2022-04-13 20:19:46.713] End E003 |  test loss  5.973; ppl    392.73 | accu 0.2084 = 23386/112220 | w_len 1.7787 = 199605/112220 ../data/sample_500k/adolescent_valid.txt
[2022-04-13 20:20:01.659] End E003 |  test loss  4.798; ppl    121.31 | accu 0.2156 = 24879/115380 | w_len 1.2352 = 142521/115380 ../data/sample_500k/cbt_valid.txt
[2022-04-13 20:20:01.659] Save: model.pt... 
[2022-04-13 20:20:02.302] Save: model.pt...Done. best_val_loss: 5.3773
[2022-04-13 20:20:02.302] Epoch 004/20 ==================================================
[2022-04-13 20:21:04.466] E004 |   200/1398 batches | lr 20.0000 | loss  4.991 | ppl    147.13 frag_cnt/word_cnt=1.516=212212/140000
[2022-04-13 20:22:06.771] E004 |   400/1398 batches | lr 20.0000 | loss  4.987 | ppl    146.45 frag_cnt/word_cnt=1.555=217696/140000
[2022-04-13 20:23:07.769] E004 |   600/1398 batches | lr 20.0000 | loss  4.896 | ppl    133.70 frag_cnt/word_cnt=1.542=215887/140000
[2022-04-13 20:24:09.471] E004 |   800/1398 batches | lr 20.0000 | loss  4.991 | ppl    147.12 frag_cnt/word_cnt=1.563=218797/140000
[2022-04-13 20:25:12.294] E004 |  1000/1398 batches | lr 20.0000 | loss  4.926 | ppl    137.78 frag_cnt/word_cnt=1.558=218091/140000
[2022-04-13 20:26:14.103] E004 |  1200/1398 batches | lr 20.0000 | loss  4.864 | ppl    129.53 frag_cnt/word_cnt=1.548=216776/140000
[2022-04-13 20:27:14.680] E004 |  1398/1398 batches | lr 20.0000 | loss  4.824 | ppl    124.48 frag_cnt/word_cnt=1.536=212852/138600
[2022-04-13 20:27:44.587] End E004 | valid loss  5.323; ppl    205.02 | accu 0.2118 = 48209/227640 | w_len 1.5032 = 342192/227640
[2022-04-13 20:28:50.283] End E004 |  test loss  9.101; ppl   8961.15 | accu 0.0294 = 14883/506840 | w_len 1.6957 = 859471/506840 ../data/sample_500k/adult_test.txt
[2022-04-13 20:29:04.790] End E004 |  test loss  5.917; ppl    371.16 | accu 0.2074 = 23273/112220 | w_len 1.7787 = 199605/112220 ../data/sample_500k/adolescent_valid.txt
[2022-04-13 20:29:19.479] End E004 |  test loss  4.747; ppl    115.27 | accu 0.2163 = 24958/115380 | w_len 1.2352 = 142521/115380 ../data/sample_500k/cbt_valid.txt
[2022-04-13 20:29:19.479] Save: model.pt... 
[2022-04-13 20:29:20.134] Save: model.pt...Done. best_val_loss: 5.3231
[2022-04-13 20:29:20.134] Epoch 005/20 ==================================================
[2022-04-13 20:30:24.012] E005 |   200/1398 batches | lr 20.0000 | loss  4.847 | ppl    127.35 frag_cnt/word_cnt=1.516=212212/140000
[2022-04-13 20:31:26.732] E005 |   400/1398 batches | lr 20.0000 | loss  4.844 | ppl    126.94 frag_cnt/word_cnt=1.555=217696/140000
[2022-04-13 20:32:28.737] E005 |   600/1398 batches | lr 20.0000 | loss  4.760 | ppl    116.71 frag_cnt/word_cnt=1.542=215887/140000
[2022-04-13 20:33:29.709] E005 |   800/1398 batches | lr 20.0000 | loss  4.859 | ppl    128.87 frag_cnt/word_cnt=1.563=218797/140000
[2022-04-13 20:34:32.120] E005 |  1000/1398 batches | lr 20.0000 | loss  4.789 | ppl    120.24 frag_cnt/word_cnt=1.558=218091/140000
[2022-04-13 20:35:34.103] E005 |  1200/1398 batches | lr 20.0000 | loss  4.731 | ppl    113.43 frag_cnt/word_cnt=1.548=216776/140000
[2022-04-13 20:36:35.031] E005 |  1398/1398 batches | lr 20.0000 | loss  4.698 | ppl    109.70 frag_cnt/word_cnt=1.536=212852/138600
[2022-04-13 20:37:04.298] End E005 | valid loss  5.307; ppl    201.75 | accu 0.2181 = 49646/227640 | w_len 1.5032 = 342192/227640
[2022-04-13 20:38:10.255] End E005 |  test loss  8.344; ppl   4203.69 | accu 0.0757 = 38347/506840 | w_len 1.6957 = 859471/506840 ../data/sample_500k/adult_test.txt
[2022-04-13 20:38:24.862] End E005 |  test loss  5.912; ppl    369.41 | accu 0.2138 = 23996/112220 | w_len 1.7787 = 199605/112220 ../data/sample_500k/adolescent_valid.txt
[2022-04-13 20:38:39.787] End E005 |  test loss  4.720; ppl    112.21 | accu 0.2224 = 25657/115380 | w_len 1.2352 = 142521/115380 ../data/sample_500k/cbt_valid.txt
[2022-04-13 20:38:39.787] Save: model.pt... 
[2022-04-13 20:38:40.468] Save: model.pt...Done. best_val_loss: 5.3070
[2022-04-13 20:38:40.468] Epoch 006/20 ==================================================
[2022-04-13 20:39:43.836] E006 |   200/1398 batches | lr 20.0000 | loss  4.725 | ppl    112.75 frag_cnt/word_cnt=1.516=212212/140000
[2022-04-13 20:40:48.585] E006 |   400/1398 batches | lr 20.0000 | loss  4.727 | ppl    112.92 frag_cnt/word_cnt=1.555=217696/140000
[2022-04-13 20:41:49.820] E006 |   600/1398 batches | lr 20.0000 | loss  4.649 | ppl    104.45 frag_cnt/word_cnt=1.542=215887/140000
[2022-04-13 20:42:52.522] E006 |   800/1398 batches | lr 20.0000 | loss  4.745 | ppl    115.01 frag_cnt/word_cnt=1.563=218797/140000
[2022-04-13 20:43:53.940] E006 |  1000/1398 batches | lr 20.0000 | loss  4.680 | ppl    107.81 frag_cnt/word_cnt=1.558=218091/140000
[2022-04-13 20:44:56.691] E006 |  1200/1398 batches | lr 20.0000 | loss  4.622 | ppl    101.69 frag_cnt/word_cnt=1.548=216776/140000
[2022-04-13 20:45:58.255] E006 |  1398/1398 batches | lr 20.0000 | loss  4.593 | ppl     98.81 frag_cnt/word_cnt=1.536=212852/138600
[2022-04-13 20:46:27.363] End E006 | valid loss  5.285; ppl    197.38 | accu 0.2175 = 49507/227640 | w_len 1.5032 = 342192/227640
[2022-04-13 20:47:32.543] End E006 |  test loss  9.069; ppl   8680.48 | accu 0.0265 = 13416/506840 | w_len 1.6957 = 859471/506840 ../data/sample_500k/adult_test.txt
[2022-04-13 20:47:46.996] End E006 |  test loss  5.896; ppl    363.62 | accu 0.2119 = 23774/112220 | w_len 1.7787 = 199605/112220 ../data/sample_500k/adolescent_valid.txt
[2022-04-13 20:48:01.586] End E006 |  test loss  4.692; ppl    109.09 | accu 0.2230 = 25734/115380 | w_len 1.2352 = 142521/115380 ../data/sample_500k/cbt_valid.txt
[2022-04-13 20:48:01.587] Save: model.pt... 
[2022-04-13 20:48:02.220] Save: model.pt...Done. best_val_loss: 5.2851
[2022-04-13 20:48:02.220] Epoch 007/20 ==================================================
[2022-04-13 20:49:05.273] E007 |   200/1398 batches | lr 20.0000 | loss  4.624 | ppl    101.88 frag_cnt/word_cnt=1.516=212212/140000
[2022-04-13 20:50:08.378] E007 |   400/1398 batches | lr 20.0000 | loss  4.626 | ppl    102.15 frag_cnt/word_cnt=1.555=217696/140000
[2022-04-13 20:51:10.740] E007 |   600/1398 batches | lr 20.0000 | loss  4.551 | ppl     94.74 frag_cnt/word_cnt=1.542=215887/140000
[2022-04-13 20:52:12.569] E007 |   800/1398 batches | lr 20.0000 | loss  4.653 | ppl    104.88 frag_cnt/word_cnt=1.563=218797/140000
[2022-04-13 20:53:14.196] E007 |  1000/1398 batches | lr 20.0000 | loss  4.585 | ppl     98.03 frag_cnt/word_cnt=1.558=218091/140000
[2022-04-13 20:54:15.769] E007 |  1200/1398 batches | lr 20.0000 | loss  4.528 | ppl     92.57 frag_cnt/word_cnt=1.548=216776/140000
[2022-04-13 20:55:17.282] E007 |  1398/1398 batches | lr 20.0000 | loss  4.503 | ppl     90.29 frag_cnt/word_cnt=1.536=212852/138600
[2022-04-13 20:55:47.659] End E007 | valid loss  5.286; ppl    197.48 | accu 0.2218 = 50493/227640 | w_len 1.5032 = 342192/227640
[2022-04-13 20:56:52.997] End E007 |  test loss  8.721; ppl   6132.56 | accu 0.0586 = 29684/506840 | w_len 1.6957 = 859471/506840 ../data/sample_500k/adult_test.txt
[2022-04-13 20:57:07.392] End E007 |  test loss  5.906; ppl    367.18 | accu 0.2178 = 24439/112220 | w_len 1.7787 = 199605/112220 ../data/sample_500k/adolescent_valid.txt
[2022-04-13 20:57:22.455] End E007 |  test loss  4.683; ppl    108.15 | accu 0.2255 = 26020/115380 | w_len 1.2352 = 142521/115380 ../data/sample_500k/cbt_valid.txt
[2022-04-13 20:57:22.455] Epoch 008/20 ==================================================
[2022-04-13 20:58:23.426] E008 |   200/1398 batches | lr 10.0000 | loss  4.487 | ppl     88.88 frag_cnt/word_cnt=1.516=212212/140000
[2022-04-13 20:59:25.209] E008 |   400/1398 batches | lr 10.0000 | loss  4.459 | ppl     86.38 frag_cnt/word_cnt=1.555=217696/140000
[2022-04-13 21:00:29.025] E008 |   600/1398 batches | lr 10.0000 | loss  4.365 | ppl     78.62 frag_cnt/word_cnt=1.542=215887/140000
[2022-04-13 21:01:30.859] E008 |   800/1398 batches | lr 10.0000 | loss  4.445 | ppl     85.17 frag_cnt/word_cnt=1.563=218797/140000
[2022-04-13 21:02:31.329] E008 |  1000/1398 batches | lr 10.0000 | loss  4.373 | ppl     79.29 frag_cnt/word_cnt=1.558=218091/140000
[2022-04-13 21:03:31.892] E008 |  1200/1398 batches | lr 10.0000 | loss  4.297 | ppl     73.47 frag_cnt/word_cnt=1.548=216776/140000
[2022-04-13 21:04:31.942] E008 |  1398/1398 batches | lr 10.0000 | loss  4.265 | ppl     71.15 frag_cnt/word_cnt=1.536=212852/138600
[2022-04-13 21:05:01.217] End E008 | valid loss  5.220; ppl    184.87 | accu 0.2313 = 52648/227640 | w_len 1.5032 = 342192/227640
[2022-04-13 21:06:06.214] End E008 |  test loss  9.249; ppl  10390.07 | accu 0.0172 = 8694/506840 | w_len 1.6957 = 859471/506840 ../data/sample_500k/adult_test.txt
[2022-04-13 21:06:20.439] End E008 |  test loss  5.852; ppl    347.91 | accu 0.2249 = 25243/112220 | w_len 1.7787 = 199605/112220 ../data/sample_500k/adolescent_valid.txt
[2022-04-13 21:06:34.862] End E008 |  test loss  4.606; ppl    100.11 | accu 0.2373 = 27384/115380 | w_len 1.2352 = 142521/115380 ../data/sample_500k/cbt_valid.txt
[2022-04-13 21:06:34.862] Save: model.pt... 
[2022-04-13 21:06:35.510] Save: model.pt...Done. best_val_loss: 5.2197
[2022-04-13 21:06:35.510] Epoch 009/20 ==================================================
[2022-04-13 21:07:36.723] E009 |   200/1398 batches | lr 10.0000 | loss  4.371 | ppl     79.13 frag_cnt/word_cnt=1.516=212212/140000
[2022-04-13 21:08:35.889] E009 |   400/1398 batches | lr 10.0000 | loss  4.359 | ppl     78.18 frag_cnt/word_cnt=1.555=217696/140000
[2022-04-13 21:09:36.280] E009 |   600/1398 batches | lr 10.0000 | loss  4.284 | ppl     72.53 frag_cnt/word_cnt=1.542=215887/140000
[2022-04-13 21:10:39.112] E009 |   800/1398 batches | lr 10.0000 | loss  4.366 | ppl     78.74 frag_cnt/word_cnt=1.563=218797/140000
[2022-04-13 21:11:41.582] E009 |  1000/1398 batches | lr 10.0000 | loss  4.301 | ppl     73.79 frag_cnt/word_cnt=1.558=218091/140000
[2022-04-13 21:12:41.987] E009 |  1200/1398 batches | lr 10.0000 | loss  4.240 | ppl     69.38 frag_cnt/word_cnt=1.548=216776/140000
[2022-04-13 21:13:43.395] E009 |  1398/1398 batches | lr 10.0000 | loss  4.213 | ppl     67.54 frag_cnt/word_cnt=1.536=212852/138600
[2022-04-13 21:14:12.328] End E009 | valid loss  5.230; ppl    186.82 | accu 0.2309 = 52567/227640 | w_len 1.5032 = 342192/227640
[2022-04-13 21:15:18.517] End E009 |  test loss  8.829; ppl   6830.89 | accu 0.0501 = 25374/506840 | w_len 1.6957 = 859471/506840 ../data/sample_500k/adult_test.txt
[2022-04-13 21:15:32.899] End E009 |  test loss  5.875; ppl    356.00 | accu 0.2239 = 25127/112220 | w_len 1.7787 = 199605/112220 ../data/sample_500k/adolescent_valid.txt
[2022-04-13 21:15:47.623] End E009 |  test loss  4.605; ppl    100.00 | accu 0.2374 = 27396/115380 | w_len 1.2352 = 142521/115380 ../data/sample_500k/cbt_valid.txt
[2022-04-13 21:15:47.623] Epoch 010/20 ==================================================
[2022-04-13 21:16:49.866] E010 |   200/1398 batches | lr 5.0000 | loss  4.299 | ppl     73.65 frag_cnt/word_cnt=1.516=212212/140000
[2022-04-13 21:17:51.590] E010 |   400/1398 batches | lr 5.0000 | loss  4.271 | ppl     71.58 frag_cnt/word_cnt=1.555=217696/140000
[2022-04-13 21:18:50.447] E010 |   600/1398 batches | lr 5.0000 | loss  4.190 | ppl     66.00 frag_cnt/word_cnt=1.542=215887/140000
[2022-04-13 21:19:52.769] E010 |   800/1398 batches | lr 5.0000 | loss  4.259 | ppl     70.73 frag_cnt/word_cnt=1.563=218797/140000
[2022-04-13 21:20:55.144] E010 |  1000/1398 batches | lr 5.0000 | loss  4.189 | ppl     65.94 frag_cnt/word_cnt=1.558=218091/140000
[2022-04-13 21:21:56.753] E010 |  1200/1398 batches | lr 5.0000 | loss  4.119 | ppl     61.50 frag_cnt/word_cnt=1.548=216776/140000
[2022-04-13 21:22:56.512] E010 |  1398/1398 batches | lr 5.0000 | loss  4.078 | ppl     59.06 frag_cnt/word_cnt=1.536=212852/138600
[2022-04-13 21:23:25.603] End E010 | valid loss  5.207; ppl    182.53 | accu 0.2352 = 53546/227640 | w_len 1.5032 = 342192/227640
[2022-04-13 21:24:30.847] End E010 |  test loss  9.448; ppl  12676.66 | accu 0.0290 = 14677/506840 | w_len 1.6957 = 859471/506840 ../data/sample_500k/adult_test.txt
[2022-04-13 21:24:45.415] End E010 |  test loss  5.860; ppl    350.83 | accu 0.2267 = 25439/112220 | w_len 1.7787 = 199605/112220 ../data/sample_500k/adolescent_valid.txt
[2022-04-13 21:25:00.431] End E010 |  test loss  4.574; ppl     96.93 | accu 0.2434 = 28086/115380 | w_len 1.2352 = 142521/115380 ../data/sample_500k/cbt_valid.txt
[2022-04-13 21:25:00.431] Save: model.pt... 
[2022-04-13 21:25:01.077] Save: model.pt...Done. best_val_loss: 5.2069
[2022-04-13 21:25:01.077] Epoch 011/20 ==================================================
[2022-04-13 21:26:04.062] E011 |   200/1398 batches | lr 5.0000 | loss  4.235 | ppl     69.09 frag_cnt/word_cnt=1.516=212212/140000
[2022-04-13 21:27:05.508] E011 |   400/1398 batches | lr 5.0000 | loss  4.214 | ppl     67.60 frag_cnt/word_cnt=1.555=217696/140000
[2022-04-13 21:28:06.656] E011 |   600/1398 batches | lr 5.0000 | loss  4.140 | ppl     62.80 frag_cnt/word_cnt=1.542=215887/140000
[2022-04-13 21:29:08.992] E011 |   800/1398 batches | lr 5.0000 | loss  4.219 | ppl     67.93 frag_cnt/word_cnt=1.563=218797/140000
[2022-04-13 21:30:10.243] E011 |  1000/1398 batches | lr 5.0000 | loss  4.155 | ppl     63.73 frag_cnt/word_cnt=1.558=218091/140000
[2022-04-13 21:31:11.800] E011 |  1200/1398 batches | lr 5.0000 | loss  4.087 | ppl     59.56 frag_cnt/word_cnt=1.548=216776/140000
[2022-04-13 21:32:13.808] E011 |  1398/1398 batches | lr 5.0000 | loss  4.056 | ppl     57.76 frag_cnt/word_cnt=1.536=212852/138600
[2022-04-13 21:32:43.576] End E011 | valid loss  5.207; ppl    182.52 | accu 0.2353 = 53557/227640 | w_len 1.5032 = 342192/227640
[2022-04-13 21:33:48.543] End E011 |  test loss  9.255; ppl  10457.99 | accu 0.0325 = 16450/506840 | w_len 1.6957 = 859471/506840 ../data/sample_500k/adult_test.txt
[2022-04-13 21:34:02.803] End E011 |  test loss  5.862; ppl    351.58 | accu 0.2260 = 25359/112220 | w_len 1.7787 = 199605/112220 ../data/sample_500k/adolescent_valid.txt
[2022-04-13 21:34:17.451] End E011 |  test loss  4.571; ppl     96.65 | accu 0.2442 = 28173/115380 | w_len 1.2352 = 142521/115380 ../data/sample_500k/cbt_valid.txt
[2022-04-13 21:34:17.451] Save: model.pt... 
[2022-04-13 21:34:18.142] Save: model.pt...Done. best_val_loss: 5.2068
[2022-04-13 21:34:18.142] Epoch 012/20 ==================================================
[2022-04-13 21:35:18.154] E012 |   200/1398 batches | lr 5.0000 | loss  4.193 | ppl     66.25 frag_cnt/word_cnt=1.516=212212/140000
[2022-04-13 21:36:18.623] E012 |   400/1398 batches | lr 5.0000 | loss  4.178 | ppl     65.20 frag_cnt/word_cnt=1.555=217696/140000
[2022-04-13 21:37:19.351] E012 |   600/1398 batches | lr 5.0000 | loss  4.108 | ppl     60.82 frag_cnt/word_cnt=1.542=215887/140000
[2022-04-13 21:38:20.394] E012 |   800/1398 batches | lr 5.0000 | loss  4.181 | ppl     65.42 frag_cnt/word_cnt=1.563=218797/140000
[2022-04-13 21:39:21.184] E012 |  1000/1398 batches | lr 5.0000 | loss  4.120 | ppl     61.54 frag_cnt/word_cnt=1.558=218091/140000
[2022-04-13 21:40:21.548] E012 |  1200/1398 batches | lr 5.0000 | loss  4.056 | ppl     57.77 frag_cnt/word_cnt=1.548=216776/140000
[2022-04-13 21:41:21.539] E012 |  1398/1398 batches | lr 5.0000 | loss  4.032 | ppl     56.39 frag_cnt/word_cnt=1.536=212852/138600
[2022-04-13 21:41:50.390] End E012 | valid loss  5.212; ppl    183.53 | accu 0.2349 = 53479/227640 | w_len 1.5032 = 342192/227640
[2022-04-13 21:42:56.372] End E012 |  test loss  9.337; ppl  11346.20 | accu 0.0376 = 19058/506840 | w_len 1.6957 = 859471/506840 ../data/sample_500k/adult_test.txt
[2022-04-13 21:43:10.815] End E012 |  test loss  5.876; ppl    356.45 | accu 0.2261 = 25376/112220 | w_len 1.7787 = 199605/112220 ../data/sample_500k/adolescent_valid.txt
[2022-04-13 21:43:25.580] End E012 |  test loss  4.569; ppl     96.46 | accu 0.2431 = 28054/115380 | w_len 1.2352 = 142521/115380 ../data/sample_500k/cbt_valid.txt
[2022-04-13 21:43:25.580] Epoch 013/20 ==================================================
[2022-04-13 21:44:27.391] E013 |   200/1398 batches | lr 2.5000 | loss  4.162 | ppl     64.21 frag_cnt/word_cnt=1.516=212212/140000
[2022-04-13 21:45:27.766] E013 |   400/1398 batches | lr 2.5000 | loss  4.136 | ppl     62.53 frag_cnt/word_cnt=1.555=217696/140000
[2022-04-13 21:46:26.111] E013 |   600/1398 batches | lr 2.5000 | loss  4.062 | ppl     58.09 frag_cnt/word_cnt=1.542=215887/140000
[2022-04-13 21:47:25.581] E013 |   800/1398 batches | lr 2.5000 | loss  4.127 | ppl     61.98 frag_cnt/word_cnt=1.563=218797/140000
[2022-04-13 21:48:24.611] E013 |  1000/1398 batches | lr 2.5000 | loss  4.062 | ppl     58.11 frag_cnt/word_cnt=1.558=218091/140000
[2022-04-13 21:49:24.035] E013 |  1200/1398 batches | lr 2.5000 | loss  3.992 | ppl     54.15 frag_cnt/word_cnt=1.548=216776/140000
[2022-04-13 21:50:22.016] E013 |  1398/1398 batches | lr 2.5000 | loss  3.959 | ppl     52.42 frag_cnt/word_cnt=1.536=212852/138600
[2022-04-13 21:50:50.912] End E013 | valid loss  5.212; ppl    183.55 | accu 0.2374 = 54042/227640 | w_len 1.5032 = 342192/227640
[2022-04-13 21:51:55.716] End E013 |  test loss  9.649; ppl  15510.47 | accu 0.0303 = 15366/506840 | w_len 1.6957 = 859471/506840 ../data/sample_500k/adult_test.txt
[2022-04-13 21:52:09.918] End E013 |  test loss  5.888; ppl    360.82 | accu 0.2287 = 25660/112220 | w_len 1.7787 = 199605/112220 ../data/sample_500k/adolescent_valid.txt
[2022-04-13 21:52:24.741] End E013 |  test loss  4.558; ppl     95.37 | accu 0.2457 = 28346/115380 | w_len 1.2352 = 142521/115380 ../data/sample_500k/cbt_valid.txt
[2022-04-13 21:52:24.741] Epoch 014/20 ==================================================
[2022-04-13 21:53:23.994] E014 |   200/1398 batches | lr 1.2500 | loss  4.135 | ppl     62.47 frag_cnt/word_cnt=1.516=212212/140000
[2022-04-13 21:54:22.068] E014 |   400/1398 batches | lr 1.2500 | loss  4.108 | ppl     60.81 frag_cnt/word_cnt=1.555=217696/140000
[2022-04-13 21:55:21.246] E014 |   600/1398 batches | lr 1.2500 | loss  4.037 | ppl     56.66 frag_cnt/word_cnt=1.542=215887/140000
[2022-04-13 21:56:21.777] E014 |   800/1398 batches | lr 1.2500 | loss  4.100 | ppl     60.34 frag_cnt/word_cnt=1.563=218797/140000
[2022-04-13 21:57:20.704] E014 |  1000/1398 batches | lr 1.2500 | loss  4.033 | ppl     56.41 frag_cnt/word_cnt=1.558=218091/140000
[2022-04-13 21:58:20.980] E014 |  1200/1398 batches | lr 1.2500 | loss  3.962 | ppl     52.56 frag_cnt/word_cnt=1.548=216776/140000
[2022-04-13 21:59:18.543] E014 |  1398/1398 batches | lr 1.2500 | loss  3.928 | ppl     50.82 frag_cnt/word_cnt=1.536=212852/138600
[2022-04-13 21:59:47.342] End E014 | valid loss  5.212; ppl    183.54 | accu 0.2382 = 54232/227640 | w_len 1.5032 = 342192/227640
[2022-04-13 22:00:53.340] End E014 |  test loss  9.514; ppl  13546.35 | accu 0.0347 = 17606/506840 | w_len 1.6957 = 859471/506840 ../data/sample_500k/adult_test.txt
[2022-04-13 22:01:07.506] End E014 |  test loss  5.894; ppl    362.72 | accu 0.2295 = 25758/112220 | w_len 1.7787 = 199605/112220 ../data/sample_500k/adolescent_valid.txt
[2022-04-13 22:01:21.891] End E014 |  test loss  4.552; ppl     94.86 | accu 0.2464 = 28435/115380 | w_len 1.2352 = 142521/115380 ../data/sample_500k/cbt_valid.txt
[2022-04-13 22:01:21.891] Epoch 015/20 ==================================================
[2022-04-13 22:02:22.238] E015 |   200/1398 batches | lr 0.6250 | loss  4.121 | ppl     61.59 frag_cnt/word_cnt=1.516=212212/140000
[2022-04-13 22:03:21.610] E015 |   400/1398 batches | lr 0.6250 | loss  4.093 | ppl     59.91 frag_cnt/word_cnt=1.555=217696/140000
[2022-04-13 22:04:22.733] E015 |   600/1398 batches | lr 0.6250 | loss  4.021 | ppl     55.78 frag_cnt/word_cnt=1.542=215887/140000
[2022-04-13 22:05:22.379] E015 |   800/1398 batches | lr 0.6250 | loss  4.082 | ppl     59.26 frag_cnt/word_cnt=1.563=218797/140000
[2022-04-13 22:06:24.260] E015 |  1000/1398 batches | lr 0.6250 | loss  4.016 | ppl     55.49 frag_cnt/word_cnt=1.558=218091/140000
[2022-04-13 22:07:26.423] E015 |  1200/1398 batches | lr 0.6250 | loss  3.943 | ppl     51.55 frag_cnt/word_cnt=1.548=216776/140000
[2022-04-13 22:08:25.519] E015 |  1398/1398 batches | lr 0.6250 | loss  3.908 | ppl     49.82 frag_cnt/word_cnt=1.536=212852/138600
[2022-04-13 22:08:56.338] End E015 | valid loss  5.205; ppl    182.11 | accu 0.2385 = 54288/227640 | w_len 1.5032 = 342192/227640
[2022-04-13 22:10:01.365] End E015 |  test loss  9.600; ppl  14769.98 | accu 0.0276 = 13971/506840 | w_len 1.6957 = 859471/506840 ../data/sample_500k/adult_test.txt
[2022-04-13 22:10:15.841] End E015 |  test loss  5.883; ppl    358.84 | accu 0.2292 = 25718/112220 | w_len 1.7787 = 199605/112220 ../data/sample_500k/adolescent_valid.txt
[2022-04-13 22:10:31.070] End E015 |  test loss  4.547; ppl     94.36 | accu 0.2472 = 28517/115380 | w_len 1.2352 = 142521/115380 ../data/sample_500k/cbt_valid.txt
[2022-04-13 22:10:31.070] Save: model.pt... 
[2022-04-13 22:10:31.776] Save: model.pt...Done. best_val_loss: 5.2046
[2022-04-13 22:10:31.776] Epoch 016/20 ==================================================
[2022-04-13 22:11:33.147] E016 |   200/1398 batches | lr 0.6250 | loss  4.107 | ppl     60.77 frag_cnt/word_cnt=1.516=212212/140000
[2022-04-13 22:12:34.201] E016 |   400/1398 batches | lr 0.6250 | loss  4.081 | ppl     59.19 frag_cnt/word_cnt=1.555=217696/140000
[2022-04-13 22:13:35.243] E016 |   600/1398 batches | lr 0.6250 | loss  4.009 | ppl     55.09 frag_cnt/word_cnt=1.542=215887/140000
[2022-04-13 22:14:37.511] E016 |   800/1398 batches | lr 0.6250 | loss  4.071 | ppl     58.60 frag_cnt/word_cnt=1.563=218797/140000
[2022-04-13 22:15:40.842] E016 |  1000/1398 batches | lr 0.6250 | loss  4.012 | ppl     55.23 frag_cnt/word_cnt=1.558=218091/140000
[2022-04-13 22:16:42.426] E016 |  1200/1398 batches | lr 0.6250 | loss  3.941 | ppl     51.45 frag_cnt/word_cnt=1.548=216776/140000
[2022-04-13 22:17:43.034] E016 |  1398/1398 batches | lr 0.6250 | loss  3.908 | ppl     49.80 frag_cnt/word_cnt=1.536=212852/138600
[2022-04-13 22:18:12.759] End E016 | valid loss  5.206; ppl    182.34 | accu 0.2387 = 54345/227640 | w_len 1.5032 = 342192/227640
[2022-04-13 22:19:19.164] End E016 |  test loss  9.549; ppl  14033.51 | accu 0.0321 = 16273/506840 | w_len 1.6957 = 859471/506840 ../data/sample_500k/adult_test.txt
[2022-04-13 22:19:33.747] End E016 |  test loss  5.887; ppl    360.20 | accu 0.2296 = 25761/112220 | w_len 1.7787 = 199605/112220 ../data/sample_500k/adolescent_valid.txt
[2022-04-13 22:19:49.708] End E016 |  test loss  4.546; ppl     94.25 | accu 0.2472 = 28521/115380 | w_len 1.2352 = 142521/115380 ../data/sample_500k/cbt_valid.txt
[2022-04-13 22:19:49.709] Epoch 017/20 ==================================================
[2022-04-13 22:20:52.509] E017 |   200/1398 batches | lr 0.3125 | loss  4.108 | ppl     60.83 frag_cnt/word_cnt=1.516=212212/140000
[2022-04-13 22:21:54.162] E017 |   400/1398 batches | lr 0.3125 | loss  4.077 | ppl     58.96 frag_cnt/word_cnt=1.555=217696/140000
[2022-04-13 22:22:56.819] E017 |   600/1398 batches | lr 0.3125 | loss  4.007 | ppl     54.99 frag_cnt/word_cnt=1.542=215887/140000
[2022-04-13 22:23:58.080] E017 |   800/1398 batches | lr 0.3125 | loss  4.067 | ppl     58.36 frag_cnt/word_cnt=1.563=218797/140000
[2022-04-13 22:25:02.221] E017 |  1000/1398 batches | lr 0.3125 | loss  4.002 | ppl     54.69 frag_cnt/word_cnt=1.558=218091/140000
[2022-04-13 22:26:04.119] E017 |  1200/1398 batches | lr 0.3125 | loss  3.931 | ppl     50.94 frag_cnt/word_cnt=1.548=216776/140000
[2022-04-13 22:27:03.705] E017 |  1398/1398 batches | lr 0.3125 | loss  3.897 | ppl     49.25 frag_cnt/word_cnt=1.536=212852/138600
[2022-04-13 22:27:33.083] End E017 | valid loss  5.201; ppl    181.42 | accu 0.2389 = 54392/227640 | w_len 1.5032 = 342192/227640
[2022-04-13 22:28:37.719] End E017 |  test loss  9.556; ppl  14131.98 | accu 0.0284 = 14386/506840 | w_len 1.6957 = 859471/506840 ../data/sample_500k/adult_test.txt
[2022-04-13 22:28:52.025] End E017 |  test loss  5.881; ppl    358.05 | accu 0.2293 = 25733/112220 | w_len 1.7787 = 199605/112220 ../data/sample_500k/adolescent_valid.txt
[2022-04-13 22:29:06.624] End E017 |  test loss  4.542; ppl     93.85 | accu 0.2480 = 28611/115380 | w_len 1.2352 = 142521/115380 ../data/sample_500k/cbt_valid.txt
[2022-04-13 22:29:06.624] Save: model.pt... 
[2022-04-13 22:29:07.399] Save: model.pt...Done. best_val_loss: 5.2008
[2022-04-13 22:29:07.399] Epoch 018/20 ==================================================
[2022-04-13 22:30:10.806] E018 |   200/1398 batches | lr 0.3125 | loss  4.096 | ppl     60.08 frag_cnt/word_cnt=1.516=212212/140000
[2022-04-13 22:31:14.143] E018 |   400/1398 batches | lr 0.3125 | loss  4.069 | ppl     58.51 frag_cnt/word_cnt=1.555=217696/140000
[2022-04-13 22:32:16.520] E018 |   600/1398 batches | lr 0.3125 | loss  3.999 | ppl     54.54 frag_cnt/word_cnt=1.542=215887/140000
[2022-04-13 22:33:19.645] E018 |   800/1398 batches | lr 0.3125 | loss  4.060 | ppl     57.98 frag_cnt/word_cnt=1.563=218797/140000
[2022-04-13 22:34:21.796] E018 |  1000/1398 batches | lr 0.3125 | loss  4.000 | ppl     54.59 frag_cnt/word_cnt=1.558=218091/140000
[2022-04-13 22:35:24.164] E018 |  1200/1398 batches | lr 0.3125 | loss  3.931 | ppl     50.93 frag_cnt/word_cnt=1.548=216776/140000
[2022-04-13 22:36:24.815] E018 |  1398/1398 batches | lr 0.3125 | loss  3.897 | ppl     49.28 frag_cnt/word_cnt=1.536=212852/138600
[2022-04-13 22:36:54.455] End E018 | valid loss  5.201; ppl    181.51 | accu 0.2390 = 54410/227640 | w_len 1.5032 = 342192/227640
[2022-04-13 22:38:00.091] End E018 |  test loss  9.545; ppl  13970.25 | accu 0.0279 = 14143/506840 | w_len 1.6957 = 859471/506840 ../data/sample_500k/adult_test.txt
[2022-04-13 22:38:14.348] End E018 |  test loss  5.881; ppl    358.27 | accu 0.2295 = 25752/112220 | w_len 1.7787 = 199605/112220 ../data/sample_500k/adolescent_valid.txt
[2022-04-13 22:38:29.081] End E018 |  test loss  4.542; ppl     93.87 | accu 0.2480 = 28620/115380 | w_len 1.2352 = 142521/115380 ../data/sample_500k/cbt_valid.txt
[2022-04-13 22:38:29.081] Epoch 019/20 ==================================================
[2022-04-13 22:39:31.400] E019 |   200/1398 batches | lr 0.1562 | loss  4.092 | ppl     59.86 frag_cnt/word_cnt=1.516=212212/140000
[2022-04-13 22:40:34.718] E019 |   400/1398 batches | lr 0.1562 | loss  4.069 | ppl     58.48 frag_cnt/word_cnt=1.555=217696/140000
[2022-04-13 22:41:35.907] E019 |   600/1398 batches | lr 0.1562 | loss  4.000 | ppl     54.58 frag_cnt/word_cnt=1.542=215887/140000
[2022-04-13 22:42:38.303] E019 |   800/1398 batches | lr 0.1562 | loss  4.061 | ppl     58.05 frag_cnt/word_cnt=1.563=218797/140000
[2022-04-13 22:43:40.935] E019 |  1000/1398 batches | lr 0.1562 | loss  3.997 | ppl     54.45 frag_cnt/word_cnt=1.558=218091/140000
[2022-04-13 22:44:41.888] E019 |  1200/1398 batches | lr 0.1562 | loss  3.926 | ppl     50.69 frag_cnt/word_cnt=1.548=216776/140000
[2022-04-13 22:45:42.909] E019 |  1398/1398 batches | lr 0.1562 | loss  3.892 | ppl     49.00 frag_cnt/word_cnt=1.536=212852/138600
[2022-04-13 22:46:12.515] End E019 | valid loss  5.198; ppl    180.98 | accu 0.2394 = 54493/227640 | w_len 1.5032 = 342192/227640
[2022-04-13 22:47:18.112] End E019 |  test loss  9.518; ppl  13604.81 | accu 0.0280 = 14189/506840 | w_len 1.6957 = 859471/506840 ../data/sample_500k/adult_test.txt
[2022-04-13 22:47:32.643] End E019 |  test loss  5.878; ppl    356.97 | accu 0.2299 = 25795/112220 | w_len 1.7787 = 199605/112220 ../data/sample_500k/adolescent_valid.txt
[2022-04-13 22:47:47.308] End E019 |  test loss  4.540; ppl     93.67 | accu 0.2484 = 28662/115380 | w_len 1.2352 = 142521/115380 ../data/sample_500k/cbt_valid.txt
[2022-04-13 22:47:47.308] Save: model.pt... 
[2022-04-13 22:47:47.998] Save: model.pt...Done. best_val_loss: 5.1984
[2022-04-13 22:47:47.999] Epoch 020/20 ==================================================
[2022-04-13 22:48:51.233] E020 |   200/1398 batches | lr 0.1562 | loss  4.089 | ppl     59.69 frag_cnt/word_cnt=1.516=212212/140000
[2022-04-13 22:49:54.831] E020 |   400/1398 batches | lr 0.1562 | loss  4.062 | ppl     58.11 frag_cnt/word_cnt=1.555=217696/140000
[2022-04-13 22:50:57.510] E020 |   600/1398 batches | lr 0.1562 | loss  3.996 | ppl     54.36 frag_cnt/word_cnt=1.542=215887/140000
[2022-04-13 22:51:59.929] E020 |   800/1398 batches | lr 0.1562 | loss  4.057 | ppl     57.79 frag_cnt/word_cnt=1.563=218797/140000
[2022-04-13 22:53:01.834] E020 |  1000/1398 batches | lr 0.1562 | loss  3.996 | ppl     54.38 frag_cnt/word_cnt=1.558=218091/140000
[2022-04-13 22:54:02.727] E020 |  1200/1398 batches | lr 0.1562 | loss  3.925 | ppl     50.67 frag_cnt/word_cnt=1.548=216776/140000
[2022-04-13 22:55:04.184] E020 |  1398/1398 batches | lr 0.1562 | loss  3.892 | ppl     49.03 frag_cnt/word_cnt=1.536=212852/138600
[2022-04-13 22:55:33.679] End E020 | valid loss  5.197; ppl    180.78 | accu 0.2394 = 54488/227640 | w_len 1.5032 = 342192/227640
[2022-04-13 22:56:39.232] End E020 |  test loss  9.487; ppl  13184.53 | accu 0.0286 = 14506/506840 | w_len 1.6957 = 859471/506840 ../data/sample_500k/adult_test.txt
[2022-04-13 22:56:53.634] End E020 |  test loss  5.876; ppl    356.35 | accu 0.2300 = 25805/112220 | w_len 1.7787 = 199605/112220 ../data/sample_500k/adolescent_valid.txt
[2022-04-13 22:57:08.191] End E020 |  test loss  4.539; ppl     93.63 | accu 0.2481 = 28623/115380 | w_len 1.2352 = 142521/115380 ../data/sample_500k/cbt_valid.txt
[2022-04-13 22:57:08.192] Save: model.pt... 
[2022-04-13 22:57:08.851] Save: model.pt...Done. best_val_loss: 5.1973
[2022-04-13 22:58:14.476] End. test loss  9.49; ppl 13184.53 | accu 0.0286 = 14506/506840 | w_len 1.6957 = 859471/506840 ../data/sample_500k/adult_test.txt
[2022-04-13 22:58:28.828] End. test loss  5.88; ppl   356.35 | accu 0.2300 = 25805/112220 | w_len 1.7787 = 199605/112220 ../data/sample_500k/adolescent_valid.txt
[2022-04-13 22:58:43.561] End. test loss  4.54; ppl    93.63 | accu 0.2481 = 28623/115380 | w_len 1.2352 = 142521/115380 ../data/sample_500k/cbt_valid.txt
[2022-04-13 22:58:43.561] =========================================================================================
[2022-04-13 22:58:43.561] valid_loss
[2022-04-13 22:58:43.561]  5.79, 5.49, 5.38, 5.32, 5.31, 5.29, 5.29, 5.22, 5.23, 5.21, 5.21, 5.21, 5.21, 5.21, 5.20, 5.21, 5.20, 5.20, 5.20, 5.20
[2022-04-13 22:58:43.561] valid_loss ppl
[2022-04-13 22:58:43.561]   325.73,  242.14,  216.43,  205.02,  201.75,  197.38,  197.48,  184.87,  186.82,  182.53,  182.52,  183.53,  183.55,  183.54,  182.11,  182.34,  181.42,  181.51,  180.98,  180.78
[2022-04-13 22:58:43.561] test_loss of ../data/sample_500k/adult_test.txt
[2022-04-13 22:58:43.561]  8.31, 8.61, 8.74, 9.10, 8.34, 9.07, 8.72, 9.25, 8.83, 9.45, 9.26, 9.34, 9.65, 9.51, 9.60, 9.55, 9.56, 9.54, 9.52, 9.49
[2022-04-13 22:58:43.561] test_loss of ../data/sample_500k/adult_test.txt ppl
[2022-04-13 22:58:43.561]  4051.93, 5463.94, 6234.86, 8961.15, 4203.69, 8680.48, 6132.56,10390.07, 6830.89,12676.66,10457.99,11346.20,15510.47,13546.35,14769.98,14033.51,14131.98,13970.25,13604.81,13184.53
[2022-04-13 22:58:43.562] test_loss of ../data/sample_500k/adolescent_valid.txt
[2022-04-13 22:58:43.562]  6.43, 6.09, 5.97, 5.92, 5.91, 5.90, 5.91, 5.85, 5.87, 5.86, 5.86, 5.88, 5.89, 5.89, 5.88, 5.89, 5.88, 5.88, 5.88, 5.88
[2022-04-13 22:58:43.562] test_loss of ../data/sample_500k/adolescent_valid.txt ppl
[2022-04-13 22:58:43.562]   618.68,  442.14,  392.73,  371.16,  369.41,  363.62,  367.18,  347.91,  356.00,  350.83,  351.58,  356.45,  360.82,  362.72,  358.84,  360.20,  358.05,  358.27,  356.97,  356.35
[2022-04-13 22:58:43.562] test_loss of ../data/sample_500k/cbt_valid.txt
[2022-04-13 22:58:43.562]  5.17, 4.91, 4.80, 4.75, 4.72, 4.69, 4.68, 4.61, 4.61, 4.57, 4.57, 4.57, 4.56, 4.55, 4.55, 4.55, 4.54, 4.54, 4.54, 4.54
[2022-04-13 22:58:43.562] test_loss of ../data/sample_500k/cbt_valid.txt ppl
[2022-04-13 22:58:43.562]   175.66,  135.08,  121.31,  115.27,  112.21,  109.09,  108.15,  100.11,  100.00,   96.93,   96.65,   96.46,   95.37,   94.86,   94.36,   94.25,   93.85,   93.87,   93.67,   93.63
[2022-04-13 22:58:43.562] 
[2022-04-13 22:58:43.562] 
[2022-04-13 22:58:43.562] 
