[2022-04-14 02:18:54.646] corpus.train_file_list: 2
[2022-04-14 02:18:54.646]         ../data/sample_500k/cbt_train.txt
[2022-04-14 02:18:54.646]         ../data/sample_500k/adolescent_train.txt
[2022-04-14 02:18:54.646] corpus.valid_file_list: 2
[2022-04-14 02:18:54.646]         ../data/sample_500k/cbt_valid.txt
[2022-04-14 02:18:54.646]         ../data/sample_500k/adolescent_valid.txt
[2022-04-14 02:18:54.646] corpus.test_file_list: 3
[2022-04-14 02:18:54.646]         ../data/sample_500k/adult_test.txt
[2022-04-14 02:18:54.647]         ../data/sample_500k/adolescent_valid.txt
[2022-04-14 02:18:54.647]         ../data/sample_500k/cbt_valid.txt
[2022-04-14 02:18:54.647] corpus.subword_vocab_size: 0
[2022-04-14 02:18:54.647] corpus.subword_model = None. Corpus will not use subword.
[2022-04-14 02:18:54.647] corpus tokenize...
[2022-04-14 02:18:55.297]         train tokens: 511735  ../data/sample_500k/cbt_train.txt
[2022-04-14 02:18:56.338]         train tokens: 467267  ../data/sample_500k/adolescent_train.txt
[2022-04-14 02:18:56.473]         valid tokens: 115417  ../data/sample_500k/cbt_valid.txt
[2022-04-14 02:18:56.696]         valid tokens: 112256  ../data/sample_500k/adolescent_valid.txt
[2022-04-14 02:18:57.311]         test  tokens: 506878  ../data/sample_500k/adult_test.txt
[2022-04-14 02:18:57.532]         test  tokens: 112256  ../data/sample_500k/adolescent_valid.txt
[2022-04-14 02:18:57.665]         test  tokens: 115417  ../data/sample_500k/cbt_valid.txt
[2022-04-14 02:18:57.666] corpus.ntokens      : 100726
[2022-04-14 02:18:57.666] corpus.char_count   : 166
[2022-04-14 02:18:57.666] corpus.char_cnt_dict: 166
[2022-04-14 02:18:57.666] corpus.char_id_dict : 166
[2022-04-14 02:18:57.675] corpus.batchify(2 files, batch_size=20)...
[2022-04-14 02:18:57.675]         tokens_all: 979002
[2022-04-14 02:18:57.675]         batched   :  48950
[2022-04-14 02:18:57.675]         ../data/sample_500k/cbt_train.txt
[2022-04-14 02:18:57.675]         ../data/sample_500k/adolescent_train.txt
[2022-04-14 02:18:57.678] corpus.batchify(2 files, batch_size=20)...
[2022-04-14 02:18:57.678]         tokens_all: 227673
[2022-04-14 02:18:57.678]         batched   :  11383
[2022-04-14 02:18:57.678]         ../data/sample_500k/cbt_valid.txt
[2022-04-14 02:18:57.678]         ../data/sample_500k/adolescent_valid.txt
[2022-04-14 02:18:57.682] corpus.batchify(1 files, batch_size=20)...
[2022-04-14 02:18:57.682]         tokens_all: 506878
[2022-04-14 02:18:57.683]         batched   :  25343
[2022-04-14 02:18:57.683]         ../data/sample_500k/adult_test.txt
[2022-04-14 02:18:57.684] corpus.batchify(1 files, batch_size=20)...
[2022-04-14 02:18:57.684]         tokens_all: 112256
[2022-04-14 02:18:57.684]         batched   :   5612
[2022-04-14 02:18:57.684]         ../data/sample_500k/adolescent_valid.txt
[2022-04-14 02:18:57.686] corpus.batchify(1 files, batch_size=20)...
[2022-04-14 02:18:57.686]         tokens_all: 115417
[2022-04-14 02:18:57.686]         batched   :   5770
[2022-04-14 02:18:57.686]         ../data/sample_500k/cbt_valid.txt
[2022-04-14 02:18:57.686] subword_adapter will be generated due to word_split_mode='Subword.2000'
[2022-04-14 02:18:57.686] SubwordAdapter.file_list: 4
[2022-04-14 02:18:57.687]         ../data/sample_500k/cbt_train.txt
[2022-04-14 02:18:57.687]         ../data/sample_500k/adolescent_train.txt
[2022-04-14 02:18:57.687]         ../data/sample_500k/cbt_valid.txt
[2022-04-14 02:18:57.687]         ../data/sample_500k/adolescent_valid.txt
[2022-04-14 02:18:57.687] SubwordAdapter.subword_vocab_size: 2000
[2022-04-14 02:18:57.687] SubwordAdapter.subword_model.train(4 files)...
[2022-04-14 02:18:58.478] SubwordAdapter.subword_model.train(4 files)...Done
[2022-04-14 02:18:59.174] RNNModel.rnn_type: LSTM
[2022-04-14 02:18:59.174] RNNModel.ntoken  : 100726
[2022-04-14 02:18:59.174] RNNModel.ninp    : 200
[2022-04-14 02:18:59.175] RNNModel.nhid    : 200
[2022-04-14 02:18:59.175] RNNModel.nlayers : 2
[2022-04-14 02:18:59.175] RNNModel.dropout : 0.2
[2022-04-14 02:18:59.175] RNNModel.tie_weights: False
[2022-04-14 02:18:59.175] RNNModel.fragment_aggregate_mode: LSTM
[2022-04-14 02:18:59.175] RNNModel.fragment_cnt           : 2002
[2022-04-14 02:18:59.175] RNNModel.fragment_emsize        : 25
[2022-04-14 02:18:59.175] RNNModel.fragment_nhid          : 200
[2022-04-14 02:18:59.176] RNNModel.fragment_embeds     : created
[2022-04-14 02:18:59.179] RNNModel.fragment_lstm       : created
[2022-04-14 02:18:59.179] RNNModel.fragment_lstm_linear: created
[2022-04-14 02:18:59.210] Epoch 001/20 ==================================================
[2022-04-14 02:20:03.548] E001 |   200/1398 batches | lr 20.0000 | loss  8.137 | ppl   3418.33 frag_cnt/word_cnt=1.768=247535/140000
[2022-04-14 02:21:03.480] E001 |   400/1398 batches | lr 20.0000 | loss  6.992 | ppl   1087.61 frag_cnt/word_cnt=1.814=253922/140000
[2022-04-14 02:22:02.331] E001 |   600/1398 batches | lr 20.0000 | loss  6.359 | ppl    577.58 frag_cnt/word_cnt=1.811=253571/140000
[2022-04-14 02:23:08.964] E001 |   800/1398 batches | lr 20.0000 | loss  6.138 | ppl    463.03 frag_cnt/word_cnt=1.841=257807/140000
[2022-04-14 02:24:19.037] E001 |  1000/1398 batches | lr 20.0000 | loss  5.930 | ppl    376.21 frag_cnt/word_cnt=1.828=255909/140000
[2022-04-14 02:25:22.798] E001 |  1200/1398 batches | lr 20.0000 | loss  5.776 | ppl    322.34 frag_cnt/word_cnt=1.809=253277/140000
[2022-04-14 02:26:24.678] E001 |  1398/1398 batches | lr 20.0000 | loss  5.644 | ppl    282.49 frag_cnt/word_cnt=1.795=248809/138600
[2022-04-14 02:26:52.914] End E001 | valid loss  5.778; ppl    323.04 | accu 0.1849 = 42081/227640 | w_len 1.7404 = 396190/227640
[2022-04-14 02:27:55.445] End E001 |  test loss  8.348; ppl   4221.46 | accu 0.0622 = 31545/506840 | w_len 1.9576 = 992194/506840 ../data/sample_500k/adult_test.txt
[2022-04-14 02:28:09.254] End E001 |  test loss  6.440; ppl    626.59 | accu 0.1795 = 20139/112220 | w_len 2.0874 = 234245/112220 ../data/sample_500k/adolescent_valid.txt
[2022-04-14 02:28:23.261] End E001 |  test loss  5.158; ppl    173.76 | accu 0.1873 = 21616/115380 | w_len 1.4029 = 161872/115380 ../data/sample_500k/cbt_valid.txt
[2022-04-14 02:28:23.262] Save: model.pt... 
[2022-04-14 02:28:23.864] Save: model.pt...Done. best_val_loss: 5.7778
[2022-04-14 02:28:23.864] Epoch 002/20 ==================================================
[2022-04-14 02:29:22.846] E002 |   200/1398 batches | lr 20.0000 | loss  5.574 | ppl    263.59 frag_cnt/word_cnt=1.768=247535/140000
[2022-04-14 02:30:21.365] E002 |   400/1398 batches | lr 20.0000 | loss  5.513 | ppl    247.82 frag_cnt/word_cnt=1.814=253922/140000
[2022-04-14 02:31:19.211] E002 |   600/1398 batches | lr 20.0000 | loss  5.376 | ppl    216.17 frag_cnt/word_cnt=1.811=253571/140000
[2022-04-14 02:32:19.317] E002 |   800/1398 batches | lr 20.0000 | loss  5.433 | ppl    228.83 frag_cnt/word_cnt=1.841=257807/140000
[2022-04-14 02:33:21.126] E002 |  1000/1398 batches | lr 20.0000 | loss  5.347 | ppl    210.03 frag_cnt/word_cnt=1.828=255909/140000
[2022-04-14 02:34:28.338] E002 |  1200/1398 batches | lr 20.0000 | loss  5.266 | ppl    193.72 frag_cnt/word_cnt=1.809=253277/140000
[2022-04-14 02:35:30.494] E002 |  1398/1398 batches | lr 20.0000 | loss  5.209 | ppl    182.84 frag_cnt/word_cnt=1.795=248809/138600
[2022-04-14 02:36:00.296] End E002 | valid loss  5.489; ppl    242.08 | accu 0.2059 = 46862/227640 | w_len 1.7404 = 396190/227640
[2022-04-14 02:37:03.008] End E002 |  test loss  8.220; ppl   3712.78 | accu 0.0708 = 35903/506840 | w_len 1.9576 = 992194/506840 ../data/sample_500k/adult_test.txt
[2022-04-14 02:37:16.880] End E002 |  test loss  6.109; ppl    449.80 | accu 0.2023 = 22697/112220 | w_len 2.0874 = 234245/112220 ../data/sample_500k/adolescent_valid.txt
[2022-04-14 02:37:30.919] End E002 |  test loss  4.893; ppl    133.29 | accu 0.2088 = 24089/115380 | w_len 1.4029 = 161872/115380 ../data/sample_500k/cbt_valid.txt
[2022-04-14 02:37:30.919] Save: model.pt... 
[2022-04-14 02:37:31.516] Save: model.pt...Done. best_val_loss: 5.4893
[2022-04-14 02:37:31.516] Epoch 003/20 ==================================================
[2022-04-14 02:38:32.310] E003 |   200/1398 batches | lr 20.0000 | loss  5.191 | ppl    179.68 frag_cnt/word_cnt=1.768=247535/140000
[2022-04-14 02:39:33.795] E003 |   400/1398 batches | lr 20.0000 | loss  5.179 | ppl    177.53 frag_cnt/word_cnt=1.814=253922/140000
[2022-04-14 02:40:39.284] E003 |   600/1398 batches | lr 20.0000 | loss  5.080 | ppl    160.74 frag_cnt/word_cnt=1.811=253571/140000
[2022-04-14 02:41:48.734] E003 |   800/1398 batches | lr 20.0000 | loss  5.158 | ppl    173.89 frag_cnt/word_cnt=1.841=257807/140000
[2022-04-14 02:42:53.797] E003 |  1000/1398 batches | lr 20.0000 | loss  5.085 | ppl    161.59 frag_cnt/word_cnt=1.828=255909/140000
[2022-04-14 02:43:52.863] E003 |  1200/1398 batches | lr 20.0000 | loss  5.021 | ppl    151.59 frag_cnt/word_cnt=1.809=253277/140000
[2022-04-14 02:44:51.851] E003 |  1398/1398 batches | lr 20.0000 | loss  4.976 | ppl    144.83 frag_cnt/word_cnt=1.795=248809/138600
[2022-04-14 02:45:27.148] End E003 | valid loss  5.385; ppl    218.05 | accu 0.2133 = 48561/227640 | w_len 1.7404 = 396190/227640
[2022-04-14 02:46:29.341] End E003 |  test loss  8.113; ppl   3337.17 | accu 0.0803 = 40694/506840 | w_len 1.9576 = 992194/506840 ../data/sample_500k/adult_test.txt
[2022-04-14 02:46:43.079] End E003 |  test loss  5.992; ppl    400.10 | accu 0.2112 = 23703/112220 | w_len 2.0874 = 234245/112220 ../data/sample_500k/adolescent_valid.txt
[2022-04-14 02:46:57.108] End E003 |  test loss  4.796; ppl    121.00 | accu 0.2152 = 24830/115380 | w_len 1.4029 = 161872/115380 ../data/sample_500k/cbt_valid.txt
[2022-04-14 02:46:57.108] Save: model.pt... 
[2022-04-14 02:46:57.713] Save: model.pt...Done. best_val_loss: 5.3847
[2022-04-14 02:46:57.713] Epoch 004/20 ==================================================
[2022-04-14 02:47:59.730] E004 |   200/1398 batches | lr 20.0000 | loss  4.987 | ppl    146.46 frag_cnt/word_cnt=1.768=247535/140000
[2022-04-14 02:48:59.619] E004 |   400/1398 batches | lr 20.0000 | loss  4.977 | ppl    145.06 frag_cnt/word_cnt=1.814=253922/140000
[2022-04-14 02:49:58.253] E004 |   600/1398 batches | lr 20.0000 | loss  4.896 | ppl    133.72 frag_cnt/word_cnt=1.811=253571/140000
[2022-04-14 02:50:59.142] E004 |   800/1398 batches | lr 20.0000 | loss  4.984 | ppl    146.12 frag_cnt/word_cnt=1.841=257807/140000
[2022-04-14 02:52:01.736] E004 |  1000/1398 batches | lr 20.0000 | loss  4.914 | ppl    136.21 frag_cnt/word_cnt=1.828=255909/140000
[2022-04-14 02:53:01.565] E004 |  1200/1398 batches | lr 20.0000 | loss  4.859 | ppl    128.91 frag_cnt/word_cnt=1.809=253277/140000
[2022-04-14 02:53:59.386] E004 |  1398/1398 batches | lr 20.0000 | loss  4.817 | ppl    123.56 frag_cnt/word_cnt=1.795=248809/138600
[2022-04-14 02:54:27.622] End E004 | valid loss  5.327; ppl    205.80 | accu 0.2173 = 49464/227640 | w_len 1.7404 = 396190/227640
[2022-04-14 02:55:30.114] End E004 |  test loss  8.226; ppl   3738.44 | accu 0.0813 = 41220/506840 | w_len 1.9576 = 992194/506840 ../data/sample_500k/adult_test.txt
[2022-04-14 02:55:43.868] End E004 |  test loss  5.932; ppl    376.83 | accu 0.2159 = 24227/112220 | w_len 2.0874 = 234245/112220 ../data/sample_500k/adolescent_valid.txt
[2022-04-14 02:55:57.895] End E004 |  test loss  4.740; ppl    114.47 | accu 0.2183 = 25190/115380 | w_len 1.4029 = 161872/115380 ../data/sample_500k/cbt_valid.txt
[2022-04-14 02:55:57.895] Save: model.pt... 
[2022-04-14 02:55:58.495] Save: model.pt...Done. best_val_loss: 5.3269
[2022-04-14 02:55:58.495] Epoch 005/20 ==================================================
[2022-04-14 02:56:59.653] E005 |   200/1398 batches | lr 20.0000 | loss  4.843 | ppl    126.90 frag_cnt/word_cnt=1.768=247535/140000
[2022-04-14 02:58:01.901] E005 |   400/1398 batches | lr 20.0000 | loss  4.836 | ppl    125.92 frag_cnt/word_cnt=1.814=253922/140000
[2022-04-14 02:59:01.102] E005 |   600/1398 batches | lr 20.0000 | loss  4.757 | ppl    116.37 frag_cnt/word_cnt=1.811=253571/140000
[2022-04-14 03:00:03.690] E005 |   800/1398 batches | lr 20.0000 | loss  4.853 | ppl    128.17 frag_cnt/word_cnt=1.841=257807/140000
[2022-04-14 03:01:06.506] E005 |  1000/1398 batches | lr 20.0000 | loss  4.787 | ppl    119.91 frag_cnt/word_cnt=1.828=255909/140000
[2022-04-14 03:02:04.897] E005 |  1200/1398 batches | lr 20.0000 | loss  4.732 | ppl    113.56 frag_cnt/word_cnt=1.809=253277/140000
[2022-04-14 03:03:04.666] E005 |  1398/1398 batches | lr 20.0000 | loss  4.696 | ppl    109.54 frag_cnt/word_cnt=1.795=248809/138600
[2022-04-14 03:03:39.629] End E005 | valid loss  5.295; ppl    199.40 | accu 0.2191 = 49869/227640 | w_len 1.7404 = 396190/227640
[2022-04-14 03:04:49.515] End E005 |  test loss  8.290; ppl   3984.79 | accu 0.0751 = 38073/506840 | w_len 1.9576 = 992194/506840 ../data/sample_500k/adult_test.txt
[2022-04-14 03:05:03.346] End E005 |  test loss  5.896; ppl    363.41 | accu 0.2168 = 24326/112220 | w_len 2.0874 = 234245/112220 ../data/sample_500k/adolescent_valid.txt
[2022-04-14 03:05:17.489] End E005 |  test loss  4.712; ppl    111.29 | accu 0.2214 = 25545/115380 | w_len 1.4029 = 161872/115380 ../data/sample_500k/cbt_valid.txt
[2022-04-14 03:05:17.489] Save: model.pt... 
[2022-04-14 03:05:18.096] Save: model.pt...Done. best_val_loss: 5.2953
[2022-04-14 03:05:18.096] Epoch 006/20 ==================================================
[2022-04-14 03:06:19.235] E006 |   200/1398 batches | lr 20.0000 | loss  4.731 | ppl    113.40 frag_cnt/word_cnt=1.768=247535/140000
[2022-04-14 03:07:21.009] E006 |   400/1398 batches | lr 20.0000 | loss  4.728 | ppl    113.05 frag_cnt/word_cnt=1.814=253922/140000
[2022-04-14 03:08:22.576] E006 |   600/1398 batches | lr 20.0000 | loss  4.647 | ppl    104.25 frag_cnt/word_cnt=1.811=253571/140000
[2022-04-14 03:09:24.095] E006 |   800/1398 batches | lr 20.0000 | loss  4.746 | ppl    115.09 frag_cnt/word_cnt=1.841=257807/140000
[2022-04-14 03:10:24.926] E006 |  1000/1398 batches | lr 20.0000 | loss  4.685 | ppl    108.30 frag_cnt/word_cnt=1.828=255909/140000
[2022-04-14 03:11:26.791] E006 |  1200/1398 batches | lr 20.0000 | loss  4.629 | ppl    102.44 frag_cnt/word_cnt=1.809=253277/140000
[2022-04-14 03:12:25.591] E006 |  1398/1398 batches | lr 20.0000 | loss  4.595 | ppl     98.99 frag_cnt/word_cnt=1.795=248809/138600
[2022-04-14 03:12:54.110] End E006 | valid loss  5.289; ppl    198.23 | accu 0.2209 = 50288/227640 | w_len 1.7404 = 396190/227640
[2022-04-14 03:14:05.888] End E006 |  test loss  8.514; ppl   4984.96 | accu 0.0694 = 35166/506840 | w_len 1.9576 = 992194/506840 ../data/sample_500k/adult_test.txt
[2022-04-14 03:14:20.146] End E006 |  test loss  5.910; ppl    368.62 | accu 0.2158 = 24215/112220 | w_len 2.0874 = 234245/112220 ../data/sample_500k/adolescent_valid.txt
[2022-04-14 03:14:36.900] End E006 |  test loss  4.687; ppl    108.48 | accu 0.2257 = 26043/115380 | w_len 1.4029 = 161872/115380 ../data/sample_500k/cbt_valid.txt
[2022-04-14 03:14:36.901] Save: model.pt... 
[2022-04-14 03:14:37.521] Save: model.pt...Done. best_val_loss: 5.2894
[2022-04-14 03:14:37.521] Epoch 007/20 ==================================================
[2022-04-14 03:15:38.291] E007 |   200/1398 batches | lr 20.0000 | loss  4.634 | ppl    102.95 frag_cnt/word_cnt=1.768=247535/140000
[2022-04-14 03:16:38.454] E007 |   400/1398 batches | lr 20.0000 | loss  4.629 | ppl    102.44 frag_cnt/word_cnt=1.814=253922/140000
[2022-04-14 03:17:37.754] E007 |   600/1398 batches | lr 20.0000 | loss  4.557 | ppl     95.26 frag_cnt/word_cnt=1.811=253571/140000
[2022-04-14 03:18:38.508] E007 |   800/1398 batches | lr 20.0000 | loss  4.654 | ppl    104.96 frag_cnt/word_cnt=1.841=257807/140000
[2022-04-14 03:19:39.397] E007 |  1000/1398 batches | lr 20.0000 | loss  4.592 | ppl     98.67 frag_cnt/word_cnt=1.828=255909/140000
[2022-04-14 03:20:41.000] E007 |  1200/1398 batches | lr 20.0000 | loss  4.541 | ppl     93.77 frag_cnt/word_cnt=1.809=253277/140000
[2022-04-14 03:21:42.200] E007 |  1398/1398 batches | lr 20.0000 | loss  4.512 | ppl     91.10 frag_cnt/word_cnt=1.795=248809/138600
[2022-04-14 03:22:13.075] End E007 | valid loss  5.281; ppl    196.48 | accu 0.2212 = 50352/227640 | w_len 1.7404 = 396190/227640
[2022-04-14 03:23:26.576] End E007 |  test loss  8.227; ppl   3740.26 | accu 0.0876 = 44423/506840 | w_len 1.9576 = 992194/506840 ../data/sample_500k/adult_test.txt
[2022-04-14 03:23:42.116] End E007 |  test loss  5.896; ppl    363.55 | accu 0.2174 = 24399/112220 | w_len 2.0874 = 234245/112220 ../data/sample_500k/adolescent_valid.txt
[2022-04-14 03:23:58.009] End E007 |  test loss  4.682; ppl    107.99 | accu 0.2253 = 25996/115380 | w_len 1.4029 = 161872/115380 ../data/sample_500k/cbt_valid.txt
[2022-04-14 03:23:58.010] Save: model.pt... 
[2022-04-14 03:23:58.614] Save: model.pt...Done. best_val_loss: 5.2806
[2022-04-14 03:23:58.614] Epoch 008/20 ==================================================
[2022-04-14 03:25:00.703] E008 |   200/1398 batches | lr 20.0000 | loss  4.549 | ppl     94.57 frag_cnt/word_cnt=1.768=247535/140000
[2022-04-14 03:25:59.244] E008 |   400/1398 batches | lr 20.0000 | loss  4.546 | ppl     94.30 frag_cnt/word_cnt=1.814=253922/140000
[2022-04-14 03:26:56.527] E008 |   600/1398 batches | lr 20.0000 | loss  4.479 | ppl     88.12 frag_cnt/word_cnt=1.811=253571/140000
[2022-04-14 03:27:55.120] E008 |   800/1398 batches | lr 20.0000 | loss  4.567 | ppl     96.22 frag_cnt/word_cnt=1.841=257807/140000
[2022-04-14 03:28:58.618] E008 |  1000/1398 batches | lr 20.0000 | loss  4.513 | ppl     91.23 frag_cnt/word_cnt=1.828=255909/140000
[2022-04-14 03:29:56.701] E008 |  1200/1398 batches | lr 20.0000 | loss  4.465 | ppl     86.92 frag_cnt/word_cnt=1.809=253277/140000
[2022-04-14 03:30:53.742] E008 |  1398/1398 batches | lr 20.0000 | loss  4.434 | ppl     84.29 frag_cnt/word_cnt=1.795=248809/138600
[2022-04-14 03:31:21.546] End E008 | valid loss  5.303; ppl    200.88 | accu 0.2202 = 50134/227640 | w_len 1.7404 = 396190/227640
[2022-04-14 03:32:23.481] End E008 |  test loss  9.547; ppl  14004.31 | accu 0.0317 = 16060/506840 | w_len 1.9576 = 992194/506840 ../data/sample_500k/adult_test.txt
[2022-04-14 03:32:37.355] End E008 |  test loss  5.911; ppl    368.91 | accu 0.2184 = 24511/112220 | w_len 2.0874 = 234245/112220 ../data/sample_500k/adolescent_valid.txt
[2022-04-14 03:32:51.340] End E008 |  test loss  4.709; ppl    110.92 | accu 0.2222 = 25643/115380 | w_len 1.4029 = 161872/115380 ../data/sample_500k/cbt_valid.txt
[2022-04-14 03:32:51.340] Epoch 009/20 ==================================================
[2022-04-14 03:33:51.556] E009 |   200/1398 batches | lr 10.0000 | loss  4.432 | ppl     84.14 frag_cnt/word_cnt=1.768=247535/140000
[2022-04-14 03:34:54.790] E009 |   400/1398 batches | lr 10.0000 | loss  4.387 | ppl     80.41 frag_cnt/word_cnt=1.814=253922/140000
[2022-04-14 03:35:53.511] E009 |   600/1398 batches | lr 10.0000 | loss  4.305 | ppl     74.09 frag_cnt/word_cnt=1.811=253571/140000
[2022-04-14 03:36:53.265] E009 |   800/1398 batches | lr 10.0000 | loss  4.377 | ppl     79.56 frag_cnt/word_cnt=1.841=257807/140000
[2022-04-14 03:37:52.573] E009 |  1000/1398 batches | lr 10.0000 | loss  4.307 | ppl     74.24 frag_cnt/word_cnt=1.828=255909/140000
[2022-04-14 03:38:50.640] E009 |  1200/1398 batches | lr 10.0000 | loss  4.243 | ppl     69.64 frag_cnt/word_cnt=1.809=253277/140000
[2022-04-14 03:39:49.934] E009 |  1398/1398 batches | lr 10.0000 | loss  4.205 | ppl     67.03 frag_cnt/word_cnt=1.795=248809/138600
[2022-04-14 03:40:26.500] End E009 | valid loss  5.217; ppl    184.44 | accu 0.2312 = 52630/227640 | w_len 1.7404 = 396190/227640
[2022-04-14 03:41:40.755] End E009 |  test loss  8.499; ppl   4908.71 | accu 0.0764 = 38747/506840 | w_len 1.9576 = 992194/506840 ../data/sample_500k/adult_test.txt
[2022-04-14 03:41:54.420] End E009 |  test loss  5.845; ppl    345.50 | accu 0.2264 = 25405/112220 | w_len 2.0874 = 234245/112220 ../data/sample_500k/adolescent_valid.txt
[2022-04-14 03:42:08.324] End E009 |  test loss  4.605; ppl     99.99 | accu 0.2358 = 27209/115380 | w_len 1.4029 = 161872/115380 ../data/sample_500k/cbt_valid.txt
[2022-04-14 03:42:08.324] Save: model.pt... 
[2022-04-14 03:42:08.932] Save: model.pt...Done. best_val_loss: 5.2173
[2022-04-14 03:42:08.932] Epoch 010/20 ==================================================
[2022-04-14 03:43:12.329] E010 |   200/1398 batches | lr 10.0000 | loss  4.319 | ppl     75.08 frag_cnt/word_cnt=1.768=247535/140000
[2022-04-14 03:44:13.031] E010 |   400/1398 batches | lr 10.0000 | loss  4.296 | ppl     73.38 frag_cnt/word_cnt=1.814=253922/140000
[2022-04-14 03:45:11.839] E010 |   600/1398 batches | lr 10.0000 | loss  4.224 | ppl     68.30 frag_cnt/word_cnt=1.811=253571/140000
[2022-04-14 03:46:11.955] E010 |   800/1398 batches | lr 10.0000 | loss  4.307 | ppl     74.21 frag_cnt/word_cnt=1.841=257807/140000
[2022-04-14 03:47:11.080] E010 |  1000/1398 batches | lr 10.0000 | loss  4.240 | ppl     69.43 frag_cnt/word_cnt=1.828=255909/140000
[2022-04-14 03:48:08.924] E010 |  1200/1398 batches | lr 10.0000 | loss  4.189 | ppl     65.94 frag_cnt/word_cnt=1.809=253277/140000
[2022-04-14 03:49:06.386] E010 |  1398/1398 batches | lr 10.0000 | loss  4.153 | ppl     63.62 frag_cnt/word_cnt=1.795=248809/138600
[2022-04-14 03:49:34.224] End E010 | valid loss  5.222; ppl    185.25 | accu 0.2325 = 52926/227640 | w_len 1.7404 = 396190/227640
[2022-04-14 03:50:36.364] End E010 |  test loss  8.911; ppl   7409.92 | accu 0.0473 = 23998/506840 | w_len 1.9576 = 992194/506840 ../data/sample_500k/adult_test.txt
[2022-04-14 03:50:49.996] End E010 |  test loss  5.856; ppl    349.17 | accu 0.2271 = 25486/112220 | w_len 2.0874 = 234245/112220 ../data/sample_500k/adolescent_valid.txt
[2022-04-14 03:51:03.927] End E010 |  test loss  4.604; ppl     99.85 | accu 0.2379 = 27445/115380 | w_len 1.4029 = 161872/115380 ../data/sample_500k/cbt_valid.txt
[2022-04-14 03:51:03.927] Epoch 011/20 ==================================================
[2022-04-14 03:52:05.913] E011 |   200/1398 batches | lr 5.0000 | loss  4.251 | ppl     70.19 frag_cnt/word_cnt=1.768=247535/140000
[2022-04-14 03:53:10.691] E011 |   400/1398 batches | lr 5.0000 | loss  4.211 | ppl     67.45 frag_cnt/word_cnt=1.814=253922/140000
[2022-04-14 03:54:16.208] E011 |   600/1398 batches | lr 5.0000 | loss  4.136 | ppl     62.54 frag_cnt/word_cnt=1.811=253571/140000
[2022-04-14 03:55:17.714] E011 |   800/1398 batches | lr 5.0000 | loss  4.203 | ppl     66.86 frag_cnt/word_cnt=1.841=257807/140000
[2022-04-14 03:56:22.716] E011 |  1000/1398 batches | lr 5.0000 | loss  4.135 | ppl     62.52 frag_cnt/word_cnt=1.828=255909/140000
[2022-04-14 03:57:30.639] E011 |  1200/1398 batches | lr 5.0000 | loss  4.073 | ppl     58.71 frag_cnt/word_cnt=1.809=253277/140000
[2022-04-14 03:58:37.431] E011 |  1398/1398 batches | lr 5.0000 | loss  4.033 | ppl     56.42 frag_cnt/word_cnt=1.795=248809/138600
[2022-04-14 03:59:05.223] End E011 | valid loss  5.200; ppl    181.19 | accu 0.2363 = 53786/227640 | w_len 1.7404 = 396190/227640
[2022-04-14 04:00:07.006] End E011 |  test loss  9.071; ppl   8696.79 | accu 0.0362 = 18331/506840 | w_len 1.9576 = 992194/506840 ../data/sample_500k/adult_test.txt
[2022-04-14 04:00:20.618] End E011 |  test loss  5.849; ppl    346.72 | accu 0.2292 = 25716/112220 | w_len 2.0874 = 234245/112220 ../data/sample_500k/adolescent_valid.txt
[2022-04-14 04:00:34.596] End E011 |  test loss  4.568; ppl     96.36 | accu 0.2431 = 28049/115380 | w_len 1.4029 = 161872/115380 ../data/sample_500k/cbt_valid.txt
[2022-04-14 04:00:34.597] Save: model.pt... 
[2022-04-14 04:00:35.205] Save: model.pt...Done. best_val_loss: 5.1995
[2022-04-14 04:00:35.205] Epoch 012/20 ==================================================
[2022-04-14 04:01:36.371] E012 |   200/1398 batches | lr 5.0000 | loss  4.186 | ppl     65.75 frag_cnt/word_cnt=1.768=247535/140000
[2022-04-14 04:02:34.628] E012 |   400/1398 batches | lr 5.0000 | loss  4.162 | ppl     64.17 frag_cnt/word_cnt=1.814=253922/140000
[2022-04-14 04:03:33.752] E012 |   600/1398 batches | lr 5.0000 | loss  4.088 | ppl     59.62 frag_cnt/word_cnt=1.811=253571/140000
[2022-04-14 04:04:33.271] E012 |   800/1398 batches | lr 5.0000 | loss  4.160 | ppl     64.07 frag_cnt/word_cnt=1.841=257807/140000
[2022-04-14 04:05:33.793] E012 |  1000/1398 batches | lr 5.0000 | loss  4.098 | ppl     60.25 frag_cnt/word_cnt=1.828=255909/140000
[2022-04-14 04:06:31.888] E012 |  1200/1398 batches | lr 5.0000 | loss  4.043 | ppl     57.00 frag_cnt/word_cnt=1.809=253277/140000
[2022-04-14 04:07:29.440] E012 |  1398/1398 batches | lr 5.0000 | loss  4.012 | ppl     55.27 frag_cnt/word_cnt=1.795=248809/138600
[2022-04-14 04:07:57.293] End E012 | valid loss  5.205; ppl    182.19 | accu 0.2360 = 53732/227640 | w_len 1.7404 = 396190/227640
[2022-04-14 04:08:59.337] End E012 |  test loss  8.932; ppl   7567.20 | accu 0.0531 = 26890/506840 | w_len 1.9576 = 992194/506840 ../data/sample_500k/adult_test.txt
[2022-04-14 04:09:13.148] End E012 |  test loss  5.859; ppl    350.44 | accu 0.2285 = 25646/112220 | w_len 2.0874 = 234245/112220 ../data/sample_500k/adolescent_valid.txt
[2022-04-14 04:09:27.115] End E012 |  test loss  4.568; ppl     96.35 | accu 0.2432 = 28059/115380 | w_len 1.4029 = 161872/115380 ../data/sample_500k/cbt_valid.txt
[2022-04-14 04:09:27.116] Epoch 013/20 ==================================================
[2022-04-14 04:10:25.997] E013 |   200/1398 batches | lr 2.5000 | loss  4.156 | ppl     63.79 frag_cnt/word_cnt=1.768=247535/140000
[2022-04-14 04:11:24.649] E013 |   400/1398 batches | lr 2.5000 | loss  4.121 | ppl     61.65 frag_cnt/word_cnt=1.814=253922/140000
[2022-04-14 04:12:28.613] E013 |   600/1398 batches | lr 2.5000 | loss  4.046 | ppl     57.14 frag_cnt/word_cnt=1.811=253571/140000
[2022-04-14 04:13:34.916] E013 |   800/1398 batches | lr 2.5000 | loss  4.111 | ppl     61.03 frag_cnt/word_cnt=1.841=257807/140000
[2022-04-14 04:14:44.353] E013 |  1000/1398 batches | lr 2.5000 | loss  4.043 | ppl     56.99 frag_cnt/word_cnt=1.828=255909/140000
[2022-04-14 04:15:52.404] E013 |  1200/1398 batches | lr 2.5000 | loss  3.978 | ppl     53.40 frag_cnt/word_cnt=1.809=253277/140000
[2022-04-14 04:16:59.877] E013 |  1398/1398 batches | lr 2.5000 | loss  3.945 | ppl     51.70 frag_cnt/word_cnt=1.795=248809/138600
[2022-04-14 04:17:27.857] End E013 | valid loss  5.199; ppl    181.09 | accu 0.2388 = 54363/227640 | w_len 1.7404 = 396190/227640
[2022-04-14 04:18:30.209] End E013 |  test loss  9.131; ppl   9237.88 | accu 0.0390 = 19768/506840 | w_len 1.9576 = 992194/506840 ../data/sample_500k/adult_test.txt
[2022-04-14 04:18:44.016] End E013 |  test loss  5.859; ppl    350.34 | accu 0.2311 = 25937/112220 | w_len 2.0874 = 234245/112220 ../data/sample_500k/adolescent_valid.txt
[2022-04-14 04:18:57.944] End E013 |  test loss  4.556; ppl     95.21 | accu 0.2464 = 28430/115380 | w_len 1.4029 = 161872/115380 ../data/sample_500k/cbt_valid.txt
[2022-04-14 04:18:57.945] Save: model.pt... 
[2022-04-14 04:18:58.553] Save: model.pt...Done. best_val_loss: 5.1990
[2022-04-14 04:18:58.553] Epoch 014/20 ==================================================
[2022-04-14 04:20:04.430] E014 |   200/1398 batches | lr 2.5000 | loss  4.122 | ppl     61.68 frag_cnt/word_cnt=1.768=247535/140000
[2022-04-14 04:21:04.566] E014 |   400/1398 batches | lr 2.5000 | loss  4.089 | ppl     59.70 frag_cnt/word_cnt=1.814=253922/140000
[2022-04-14 04:22:02.347] E014 |   600/1398 batches | lr 2.5000 | loss  4.015 | ppl     55.40 frag_cnt/word_cnt=1.811=253571/140000
[2022-04-14 04:23:01.628] E014 |   800/1398 batches | lr 2.5000 | loss  4.088 | ppl     59.63 frag_cnt/word_cnt=1.841=257807/140000
[2022-04-14 04:24:09.409] E014 |  1000/1398 batches | lr 2.5000 | loss  4.026 | ppl     56.05 frag_cnt/word_cnt=1.828=255909/140000
[2022-04-14 04:25:15.796] E014 |  1200/1398 batches | lr 2.5000 | loss  3.969 | ppl     52.93 frag_cnt/word_cnt=1.809=253277/140000
[2022-04-14 04:26:13.441] E014 |  1398/1398 batches | lr 2.5000 | loss  3.932 | ppl     51.02 frag_cnt/word_cnt=1.795=248809/138600
[2022-04-14 04:26:41.381] End E014 | valid loss  5.198; ppl    180.97 | accu 0.2387 = 54348/227640 | w_len 1.7404 = 396190/227640
[2022-04-14 04:27:43.438] End E014 |  test loss  8.912; ppl   7421.49 | accu 0.0503 = 25499/506840 | w_len 1.9576 = 992194/506840 ../data/sample_500k/adult_test.txt
[2022-04-14 04:27:57.227] End E014 |  test loss  5.860; ppl    350.71 | accu 0.2313 = 25951/112220 | w_len 2.0874 = 234245/112220 ../data/sample_500k/adolescent_valid.txt
[2022-04-14 04:28:11.150] End E014 |  test loss  4.554; ppl     95.01 | accu 0.2460 = 28386/115380 | w_len 1.4029 = 161872/115380 ../data/sample_500k/cbt_valid.txt
[2022-04-14 04:28:11.150] Save: model.pt... 
[2022-04-14 04:28:11.754] Save: model.pt...Done. best_val_loss: 5.1983
[2022-04-14 04:28:11.754] Epoch 015/20 ==================================================
[2022-04-14 04:29:10.701] E015 |   200/1398 batches | lr 2.5000 | loss  4.098 | ppl     60.22 frag_cnt/word_cnt=1.768=247535/140000
[2022-04-14 04:30:10.408] E015 |   400/1398 batches | lr 2.5000 | loss  4.067 | ppl     58.39 frag_cnt/word_cnt=1.814=253922/140000
[2022-04-14 04:31:09.605] E015 |   600/1398 batches | lr 2.5000 | loss  4.000 | ppl     54.61 frag_cnt/word_cnt=1.811=253571/140000
[2022-04-14 04:32:09.042] E015 |   800/1398 batches | lr 2.5000 | loss  4.068 | ppl     58.46 frag_cnt/word_cnt=1.841=257807/140000
[2022-04-14 04:33:13.368] E015 |  1000/1398 batches | lr 2.5000 | loss  4.010 | ppl     55.17 frag_cnt/word_cnt=1.828=255909/140000
[2022-04-14 04:34:16.851] E015 |  1200/1398 batches | lr 2.5000 | loss  3.948 | ppl     51.82 frag_cnt/word_cnt=1.809=253277/140000
[2022-04-14 04:35:14.419] E015 |  1398/1398 batches | lr 2.5000 | loss  3.921 | ppl     50.43 frag_cnt/word_cnt=1.795=248809/138600
[2022-04-14 04:35:42.313] End E015 | valid loss  5.202; ppl    181.57 | accu 0.2388 = 54360/227640 | w_len 1.7404 = 396190/227640
[2022-04-14 04:36:44.208] End E015 |  test loss  9.139; ppl   9313.29 | accu 0.0391 = 19828/506840 | w_len 1.9576 = 992194/506840 ../data/sample_500k/adult_test.txt
[2022-04-14 04:36:57.884] End E015 |  test loss  5.866; ppl    352.99 | accu 0.2315 = 25979/112220 | w_len 2.0874 = 234245/112220 ../data/sample_500k/adolescent_valid.txt
[2022-04-14 04:37:11.836] End E015 |  test loss  4.554; ppl     95.05 | accu 0.2460 = 28384/115380 | w_len 1.4029 = 161872/115380 ../data/sample_500k/cbt_valid.txt
[2022-04-14 04:37:11.836] Epoch 016/20 ==================================================
[2022-04-14 04:38:11.132] E016 |   200/1398 batches | lr 1.2500 | loss  4.086 | ppl     59.52 frag_cnt/word_cnt=1.768=247535/140000
[2022-04-14 04:39:09.657] E016 |   400/1398 batches | lr 1.2500 | loss  4.053 | ppl     57.56 frag_cnt/word_cnt=1.814=253922/140000
[2022-04-14 04:40:07.964] E016 |   600/1398 batches | lr 1.2500 | loss  3.977 | ppl     53.37 frag_cnt/word_cnt=1.811=253571/140000
[2022-04-14 04:41:07.279] E016 |   800/1398 batches | lr 1.2500 | loss  4.042 | ppl     56.95 frag_cnt/word_cnt=1.841=257807/140000
[2022-04-14 04:42:06.502] E016 |  1000/1398 batches | lr 1.2500 | loss  3.982 | ppl     53.64 frag_cnt/word_cnt=1.828=255909/140000
[2022-04-14 04:43:04.441] E016 |  1200/1398 batches | lr 1.2500 | loss  3.917 | ppl     50.23 frag_cnt/word_cnt=1.809=253277/140000
[2022-04-14 04:44:08.979] E016 |  1398/1398 batches | lr 1.2500 | loss  3.888 | ppl     48.83 frag_cnt/word_cnt=1.795=248809/138600
[2022-04-14 04:44:36.851] End E016 | valid loss  5.198; ppl    181.00 | accu 0.2399 = 54612/227640 | w_len 1.7404 = 396190/227640
[2022-04-14 04:45:38.753] End E016 |  test loss  9.068; ppl   8673.22 | accu 0.0426 = 21587/506840 | w_len 1.9576 = 992194/506840 ../data/sample_500k/adult_test.txt
[2022-04-14 04:45:52.470] End E016 |  test loss  5.867; ppl    353.22 | accu 0.2326 = 26103/112220 | w_len 2.0874 = 234245/112220 ../data/sample_500k/adolescent_valid.txt
[2022-04-14 04:46:06.418] End E016 |  test loss  4.547; ppl     94.38 | accu 0.2470 = 28503/115380 | w_len 1.4029 = 161872/115380 ../data/sample_500k/cbt_valid.txt
[2022-04-14 04:46:06.418] Epoch 017/20 ==================================================
[2022-04-14 04:47:12.772] E017 |   200/1398 batches | lr 0.6250 | loss  4.071 | ppl     58.63 frag_cnt/word_cnt=1.768=247535/140000
[2022-04-14 04:48:11.454] E017 |   400/1398 batches | lr 0.6250 | loss  4.041 | ppl     56.86 frag_cnt/word_cnt=1.814=253922/140000
[2022-04-14 04:49:09.368] E017 |   600/1398 batches | lr 0.6250 | loss  3.969 | ppl     52.94 frag_cnt/word_cnt=1.811=253571/140000
[2022-04-14 04:50:08.907] E017 |   800/1398 batches | lr 0.6250 | loss  4.030 | ppl     56.28 frag_cnt/word_cnt=1.841=257807/140000
[2022-04-14 04:51:08.701] E017 |  1000/1398 batches | lr 0.6250 | loss  3.972 | ppl     53.08 frag_cnt/word_cnt=1.828=255909/140000
[2022-04-14 04:52:09.710] E017 |  1200/1398 batches | lr 0.6250 | loss  3.908 | ppl     49.81 frag_cnt/word_cnt=1.809=253277/140000
[2022-04-14 04:53:10.205] E017 |  1398/1398 batches | lr 0.6250 | loss  3.866 | ppl     47.76 frag_cnt/word_cnt=1.795=248809/138600
[2022-04-14 04:53:38.697] End E017 | valid loss  5.194; ppl    180.23 | accu 0.2407 = 54782/227640 | w_len 1.7404 = 396190/227640
[2022-04-14 04:54:40.861] End E017 |  test loss  8.967; ppl   7842.34 | accu 0.0418 = 21177/506840 | w_len 1.9576 = 992194/506840 ../data/sample_500k/adult_test.txt
[2022-04-14 04:54:54.696] End E017 |  test loss  5.863; ppl    351.68 | accu 0.2329 = 26137/112220 | w_len 2.0874 = 234245/112220 ../data/sample_500k/adolescent_valid.txt
[2022-04-14 04:55:08.681] End E017 |  test loss  4.543; ppl     94.00 | accu 0.2483 = 28653/115380 | w_len 1.4029 = 161872/115380 ../data/sample_500k/cbt_valid.txt
[2022-04-14 04:55:08.681] Save: model.pt... 
[2022-04-14 04:55:09.292] Save: model.pt...Done. best_val_loss: 5.1942
[2022-04-14 04:55:09.292] Epoch 018/20 ==================================================
[2022-04-14 04:56:08.518] E018 |   200/1398 batches | lr 0.6250 | loss  4.063 | ppl     58.13 frag_cnt/word_cnt=1.768=247535/140000
[2022-04-14 04:57:07.179] E018 |   400/1398 batches | lr 0.6250 | loss  4.031 | ppl     56.32 frag_cnt/word_cnt=1.814=253922/140000
[2022-04-14 04:58:05.160] E018 |   600/1398 batches | lr 0.6250 | loss  3.958 | ppl     52.33 frag_cnt/word_cnt=1.811=253571/140000
[2022-04-14 04:59:04.432] E018 |   800/1398 batches | lr 0.6250 | loss  4.024 | ppl     55.95 frag_cnt/word_cnt=1.841=257807/140000
[2022-04-14 05:00:03.478] E018 |  1000/1398 batches | lr 0.6250 | loss  3.966 | ppl     52.79 frag_cnt/word_cnt=1.828=255909/140000
[2022-04-14 05:01:01.350] E018 |  1200/1398 batches | lr 0.6250 | loss  3.904 | ppl     49.58 frag_cnt/word_cnt=1.809=253277/140000
[2022-04-14 05:01:58.428] E018 |  1398/1398 batches | lr 0.6250 | loss  3.866 | ppl     47.73 frag_cnt/word_cnt=1.795=248809/138600
[2022-04-14 05:02:26.047] End E018 | valid loss  5.192; ppl    179.84 | accu 0.2407 = 54793/227640 | w_len 1.7404 = 396190/227640
[2022-04-14 05:03:29.562] End E018 |  test loss  8.931; ppl   7560.65 | accu 0.0462 = 23419/506840 | w_len 1.9576 = 992194/506840 ../data/sample_500k/adult_test.txt
[2022-04-14 05:03:47.616] End E018 |  test loss  5.860; ppl    350.68 | accu 0.2327 = 26119/112220 | w_len 2.0874 = 234245/112220 ../data/sample_500k/adolescent_valid.txt
[2022-04-14 05:04:05.871] End E018 |  test loss  4.542; ppl     93.89 | accu 0.2485 = 28668/115380 | w_len 1.4029 = 161872/115380 ../data/sample_500k/cbt_valid.txt
[2022-04-14 05:04:05.871] Save: model.pt... 
[2022-04-14 05:04:06.477] Save: model.pt...Done. best_val_loss: 5.1921
[2022-04-14 05:04:06.477] Epoch 019/20 ==================================================
[2022-04-14 05:05:08.164] E019 |   200/1398 batches | lr 0.6250 | loss  4.057 | ppl     57.79 frag_cnt/word_cnt=1.768=247535/140000
[2022-04-14 05:06:06.605] E019 |   400/1398 batches | lr 0.6250 | loss  4.019 | ppl     55.62 frag_cnt/word_cnt=1.814=253922/140000
[2022-04-14 05:07:04.375] E019 |   600/1398 batches | lr 0.6250 | loss  3.950 | ppl     51.94 frag_cnt/word_cnt=1.811=253571/140000
[2022-04-14 05:08:03.934] E019 |   800/1398 batches | lr 0.6250 | loss  4.020 | ppl     55.69 frag_cnt/word_cnt=1.841=257807/140000
[2022-04-14 05:09:03.092] E019 |  1000/1398 batches | lr 0.6250 | loss  3.956 | ppl     52.22 frag_cnt/word_cnt=1.828=255909/140000
[2022-04-14 05:10:01.023] E019 |  1200/1398 batches | lr 0.6250 | loss  3.897 | ppl     49.25 frag_cnt/word_cnt=1.809=253277/140000
[2022-04-14 05:10:57.519] E019 |  1398/1398 batches | lr 0.6250 | loss  3.862 | ppl     47.58 frag_cnt/word_cnt=1.795=248809/138600
[2022-04-14 05:11:25.269] End E019 | valid loss  5.196; ppl    180.61 | accu 0.2407 = 54793/227640 | w_len 1.7404 = 396190/227640
[2022-04-14 05:12:27.507] End E019 |  test loss  8.971; ppl   7875.21 | accu 0.0441 = 22351/506840 | w_len 1.9576 = 992194/506840 ../data/sample_500k/adult_test.txt
[2022-04-14 05:12:41.211] End E019 |  test loss  5.867; ppl    353.09 | accu 0.2330 = 26148/112220 | w_len 2.0874 = 234245/112220 ../data/sample_500k/adolescent_valid.txt
[2022-04-14 05:12:55.203] End E019 |  test loss  4.544; ppl     94.04 | accu 0.2483 = 28652/115380 | w_len 1.4029 = 161872/115380 ../data/sample_500k/cbt_valid.txt
[2022-04-14 05:12:55.204] Epoch 020/20 ==================================================
[2022-04-14 05:14:00.361] E020 |   200/1398 batches | lr 0.3125 | loss  4.057 | ppl     57.77 frag_cnt/word_cnt=1.768=247535/140000
[2022-04-14 05:15:05.645] E020 |   400/1398 batches | lr 0.3125 | loss  4.017 | ppl     55.54 frag_cnt/word_cnt=1.814=253922/140000
[2022-04-14 05:16:03.503] E020 |   600/1398 batches | lr 0.3125 | loss  3.948 | ppl     51.81 frag_cnt/word_cnt=1.811=253571/140000
[2022-04-14 05:17:03.521] E020 |   800/1398 batches | lr 0.3125 | loss  4.011 | ppl     55.19 frag_cnt/word_cnt=1.841=257807/140000
[2022-04-14 05:18:02.577] E020 |  1000/1398 batches | lr 0.3125 | loss  3.949 | ppl     51.91 frag_cnt/word_cnt=1.828=255909/140000
[2022-04-14 05:19:00.563] E020 |  1200/1398 batches | lr 0.3125 | loss  3.889 | ppl     48.88 frag_cnt/word_cnt=1.809=253277/140000
[2022-04-14 05:19:57.703] E020 |  1398/1398 batches | lr 0.3125 | loss  3.851 | ppl     47.06 frag_cnt/word_cnt=1.795=248809/138600
[2022-04-14 05:20:29.228] End E020 | valid loss  5.190; ppl    179.51 | accu 0.2411 = 54886/227640 | w_len 1.7404 = 396190/227640
[2022-04-14 05:21:33.422] End E020 |  test loss  8.885; ppl   7221.52 | accu 0.0466 = 23594/506840 | w_len 1.9576 = 992194/506840 ../data/sample_500k/adult_test.txt
[2022-04-14 05:21:47.075] End E020 |  test loss  5.860; ppl    350.65 | accu 0.2331 = 26159/112220 | w_len 2.0874 = 234245/112220 ../data/sample_500k/adolescent_valid.txt
[2022-04-14 05:22:01.075] End E020 |  test loss  4.538; ppl     93.54 | accu 0.2491 = 28736/115380 | w_len 1.4029 = 161872/115380 ../data/sample_500k/cbt_valid.txt
[2022-04-14 05:22:01.075] Save: model.pt... 
[2022-04-14 05:22:01.686] Save: model.pt...Done. best_val_loss: 5.1902
[2022-04-14 05:23:11.851] End. test loss  8.88; ppl  7221.52 | accu 0.0466 = 23594/506840 | w_len 1.9576 = 992194/506840 ../data/sample_500k/adult_test.txt
[2022-04-14 05:23:25.601] End. test loss  5.86; ppl   350.65 | accu 0.2331 = 26159/112220 | w_len 2.0874 = 234245/112220 ../data/sample_500k/adolescent_valid.txt
[2022-04-14 05:23:39.813] End. test loss  4.54; ppl    93.54 | accu 0.2491 = 28736/115380 | w_len 1.4029 = 161872/115380 ../data/sample_500k/cbt_valid.txt
[2022-04-14 05:23:39.813] =========================================================================================
[2022-04-14 05:23:39.813] valid_loss
[2022-04-14 05:23:39.813]  5.78, 5.49, 5.38, 5.33, 5.30, 5.29, 5.28, 5.30, 5.22, 5.22, 5.20, 5.21, 5.20, 5.20, 5.20, 5.20, 5.19, 5.19, 5.20, 5.19
[2022-04-14 05:23:39.813] valid_loss ppl
[2022-04-14 05:23:39.814]   323.04,  242.08,  218.05,  205.80,  199.40,  198.23,  196.48,  200.88,  184.44,  185.25,  181.19,  182.19,  181.09,  180.97,  181.57,  181.00,  180.23,  179.84,  180.61,  179.51
[2022-04-14 05:23:39.814] test_loss of ../data/sample_500k/adult_test.txt
[2022-04-14 05:23:39.814]  8.35, 8.22, 8.11, 8.23, 8.29, 8.51, 8.23, 9.55, 8.50, 8.91, 9.07, 8.93, 9.13, 8.91, 9.14, 9.07, 8.97, 8.93, 8.97, 8.88
[2022-04-14 05:23:39.814] test_loss of ../data/sample_500k/adult_test.txt ppl
[2022-04-14 05:23:39.814]  4221.46, 3712.78, 3337.17, 3738.44, 3984.79, 4984.96, 3740.26,14004.31, 4908.71, 7409.92, 8696.79, 7567.20, 9237.88, 7421.49, 9313.29, 8673.22, 7842.34, 7560.65, 7875.21, 7221.52
[2022-04-14 05:23:39.814] test_loss of ../data/sample_500k/adolescent_valid.txt
[2022-04-14 05:23:39.814]  6.44, 6.11, 5.99, 5.93, 5.90, 5.91, 5.90, 5.91, 5.85, 5.86, 5.85, 5.86, 5.86, 5.86, 5.87, 5.87, 5.86, 5.86, 5.87, 5.86
[2022-04-14 05:23:39.814] test_loss of ../data/sample_500k/adolescent_valid.txt ppl
[2022-04-14 05:23:39.814]   626.59,  449.80,  400.10,  376.83,  363.41,  368.62,  363.55,  368.91,  345.50,  349.17,  346.72,  350.44,  350.34,  350.71,  352.99,  353.22,  351.68,  350.68,  353.09,  350.65
[2022-04-14 05:23:39.814] test_loss of ../data/sample_500k/cbt_valid.txt
[2022-04-14 05:23:39.814]  5.16, 4.89, 4.80, 4.74, 4.71, 4.69, 4.68, 4.71, 4.61, 4.60, 4.57, 4.57, 4.56, 4.55, 4.55, 4.55, 4.54, 4.54, 4.54, 4.54
[2022-04-14 05:23:39.814] test_loss of ../data/sample_500k/cbt_valid.txt ppl
[2022-04-14 05:23:39.814]   173.76,  133.29,  121.00,  114.47,  111.29,  108.48,  107.99,  110.92,   99.99,   99.85,   96.36,   96.35,   95.21,   95.01,   95.05,   94.38,   94.00,   93.89,   94.04,   93.54
[2022-04-14 05:23:39.814] 
[2022-04-14 05:23:39.814] 
[2022-04-14 05:23:39.814] 
