[2022-04-13 14:47:06.999] corpus.train_file_list: 2
[2022-04-13 14:47:06.999]         ../data/sample_500k/cbt_train.txt
[2022-04-13 14:47:06.999]         ../data/sample_500k/adolescent_train.txt
[2022-04-13 14:47:06.999] corpus.valid_file_list: 2
[2022-04-13 14:47:06.999]         ../data/sample_500k/cbt_valid.txt
[2022-04-13 14:47:06.999]         ../data/sample_500k/adolescent_valid.txt
[2022-04-13 14:47:06.999] corpus.test_file_list: 3
[2022-04-13 14:47:06.999]         ../data/sample_500k/adult_test.txt
[2022-04-13 14:47:06.999]         ../data/sample_500k/adolescent_valid.txt
[2022-04-13 14:47:06.999]         ../data/sample_500k/cbt_valid.txt
[2022-04-13 14:47:07.000] corpus.subword_vocab_size: 0
[2022-04-13 14:47:07.000] corpus.subword_model = None. Corpus will not use subword.
[2022-04-13 14:47:07.000] corpus tokenize...
[2022-04-13 14:47:07.682]         train tokens: 511735  ../data/sample_500k/cbt_train.txt
[2022-04-13 14:47:08.756]         train tokens: 467267  ../data/sample_500k/adolescent_train.txt
[2022-04-13 14:47:08.893]         valid tokens: 115417  ../data/sample_500k/cbt_valid.txt
[2022-04-13 14:47:09.152]         valid tokens: 112256  ../data/sample_500k/adolescent_valid.txt
[2022-04-13 14:47:09.787]         test  tokens: 506878  ../data/sample_500k/adult_test.txt
[2022-04-13 14:47:10.045]         test  tokens: 112256  ../data/sample_500k/adolescent_valid.txt
[2022-04-13 14:47:10.196]         test  tokens: 115417  ../data/sample_500k/cbt_valid.txt
[2022-04-13 14:47:10.196] corpus.ntokens      : 100726
[2022-04-13 14:47:10.196] corpus.char_count   : 166
[2022-04-13 14:47:10.196] corpus.char_cnt_dict: 166
[2022-04-13 14:47:10.196] corpus.char_id_dict : 166
[2022-04-13 14:47:10.220] corpus.batchify(2 files, batch_size=20)...
[2022-04-13 14:47:10.220]         tokens_all: 979002
[2022-04-13 14:47:10.220]         batched   :  48950
[2022-04-13 14:47:10.220]         ../data/sample_500k/cbt_train.txt
[2022-04-13 14:47:10.221]         ../data/sample_500k/adolescent_train.txt
[2022-04-13 14:47:12.260] corpus.batchify(2 files, batch_size=20)...
[2022-04-13 14:47:12.261]         tokens_all: 227673
[2022-04-13 14:47:12.261]         batched   :  11383
[2022-04-13 14:47:12.261]         ../data/sample_500k/cbt_valid.txt
[2022-04-13 14:47:12.261]         ../data/sample_500k/adolescent_valid.txt
[2022-04-13 14:47:12.271] corpus.batchify(1 files, batch_size=20)...
[2022-04-13 14:47:12.272]         tokens_all: 506878
[2022-04-13 14:47:12.272]         batched   :  25343
[2022-04-13 14:47:12.272]         ../data/sample_500k/adult_test.txt
[2022-04-13 14:47:12.273] corpus.batchify(1 files, batch_size=20)...
[2022-04-13 14:47:12.274]         tokens_all: 112256
[2022-04-13 14:47:12.274]         batched   :   5612
[2022-04-13 14:47:12.274]         ../data/sample_500k/adolescent_valid.txt
[2022-04-13 14:47:12.275] corpus.batchify(1 files, batch_size=20)...
[2022-04-13 14:47:12.275]         tokens_all: 115417
[2022-04-13 14:47:12.275]         batched   :   5770
[2022-04-13 14:47:12.275]         ../data/sample_500k/cbt_valid.txt
[2022-04-13 14:47:12.276] subword_adapter will be generated due to word_split_mode='Subword.10000'
[2022-04-13 14:47:12.276] SubwordAdapter.file_list: 4
[2022-04-13 14:47:12.276]         ../data/sample_500k/cbt_train.txt
[2022-04-13 14:47:12.276]         ../data/sample_500k/adolescent_train.txt
[2022-04-13 14:47:12.276]         ../data/sample_500k/cbt_valid.txt
[2022-04-13 14:47:12.276]         ../data/sample_500k/adolescent_valid.txt
[2022-04-13 14:47:12.276] SubwordAdapter.subword_vocab_size: 10000
[2022-04-13 14:47:12.276] SubwordAdapter.subword_model.train(4 files)...
[2022-04-13 14:47:13.681] SubwordAdapter.subword_model.train(4 files)...Done
[2022-04-13 14:47:14.402] RNNModel.rnn_type: LSTM
[2022-04-13 14:47:14.402] RNNModel.ntoken  : 100726
[2022-04-13 14:47:14.403] RNNModel.ninp    : 200
[2022-04-13 14:47:14.403] RNNModel.nhid    : 200
[2022-04-13 14:47:14.403] RNNModel.nlayers : 2
[2022-04-13 14:47:14.403] RNNModel.dropout : 0.2
[2022-04-13 14:47:14.403] RNNModel.tie_weights: False
[2022-04-13 14:47:14.403] RNNModel.fragment_aggregate_mode: CNN
[2022-04-13 14:47:14.403] RNNModel.fragment_cnt           : 10002
[2022-04-13 14:47:14.403] RNNModel.fragment_emsize        : 25
[2022-04-13 14:47:14.403] RNNModel.fragment_nhid          : 200
[2022-04-13 14:47:14.409] RNNModel.fragment_embeds     : created
[2022-04-13 14:47:14.409] RNNModel.fragment_cnn3       : created
[2022-04-13 14:47:14.704] Epoch 001/20 ==================================================
[2022-04-13 14:47:32.921] E001 |   200/1398 batches | lr 20.0000 | loss  8.107 | ppl   3319.24 frag_cnt/word_cnt=1.433=200574/140000
[2022-04-13 14:47:51.139] E001 |   400/1398 batches | lr 20.0000 | loss  6.880 | ppl    972.67 frag_cnt/word_cnt=1.473=206226/140000
[2022-04-13 14:48:09.227] E001 |   600/1398 batches | lr 20.0000 | loss  6.280 | ppl    533.89 frag_cnt/word_cnt=1.463=204765/140000
[2022-04-13 14:48:27.286] E001 |   800/1398 batches | lr 20.0000 | loss  6.110 | ppl    450.16 frag_cnt/word_cnt=1.479=207067/140000
[2022-04-13 14:48:45.342] E001 |  1000/1398 batches | lr 20.0000 | loss  5.904 | ppl    366.51 frag_cnt/word_cnt=1.474=206319/140000
[2022-04-13 14:49:03.368] E001 |  1200/1398 batches | lr 20.0000 | loss  5.760 | ppl    317.20 frag_cnt/word_cnt=1.470=205866/140000
[2022-04-13 14:49:21.278] E001 |  1398/1398 batches | lr 20.0000 | loss  5.629 | ppl    278.27 frag_cnt/word_cnt=1.454=201526/138600
[2022-04-13 14:49:33.076] End E001 | valid loss  5.807; ppl    332.73 | accu 0.1824 = 41520/227640 | w_len 1.4216 = 323606/227640
[2022-04-13 14:49:59.449] End E001 |  test loss  8.408; ppl   4484.17 | accu 0.0632 = 32052/506840 | w_len 1.5350 = 778006/506840 ../data/sample_500k/adult_test.txt
[2022-04-13 14:50:05.248] End E001 |  test loss  6.480; ppl    652.17 | accu 0.1763 = 19781/112220 | w_len 1.6818 = 188735/112220 ../data/sample_500k/adolescent_valid.txt
[2022-04-13 14:50:11.047] End E001 |  test loss  5.155; ppl    173.21 | accu 0.1887 = 21770/115380 | w_len 1.1684 = 134810/115380 ../data/sample_500k/cbt_valid.txt
[2022-04-13 14:50:11.047] Save: model.pt... 
[2022-04-13 14:50:11.719] Save: model.pt...Done. best_val_loss: 5.8073
[2022-04-13 14:50:11.719] Epoch 002/20 ==================================================
[2022-04-13 14:50:29.782] E002 |   200/1398 batches | lr 20.0000 | loss  5.557 | ppl    259.01 frag_cnt/word_cnt=1.433=200574/140000
[2022-04-13 14:50:47.881] E002 |   400/1398 batches | lr 20.0000 | loss  5.496 | ppl    243.60 frag_cnt/word_cnt=1.473=206226/140000
[2022-04-13 14:51:05.925] E002 |   600/1398 batches | lr 20.0000 | loss  5.365 | ppl    213.80 frag_cnt/word_cnt=1.463=204765/140000
[2022-04-13 14:51:24.145] E002 |   800/1398 batches | lr 20.0000 | loss  5.438 | ppl    230.08 frag_cnt/word_cnt=1.479=207067/140000
[2022-04-13 14:51:42.226] E002 |  1000/1398 batches | lr 20.0000 | loss  5.353 | ppl    211.34 frag_cnt/word_cnt=1.474=206319/140000
[2022-04-13 14:52:00.350] E002 |  1200/1398 batches | lr 20.0000 | loss  5.281 | ppl    196.47 frag_cnt/word_cnt=1.470=205866/140000
[2022-04-13 14:52:18.305] E002 |  1398/1398 batches | lr 20.0000 | loss  5.224 | ppl    185.71 frag_cnt/word_cnt=1.454=201526/138600
[2022-04-13 14:52:30.122] End E002 | valid loss  5.490; ppl    242.36 | accu 0.2011 = 45784/227640 | w_len 1.4216 = 323606/227640
[2022-04-13 14:52:56.689] End E002 |  test loss  8.184; ppl   3582.09 | accu 0.0808 = 40974/506840 | w_len 1.5350 = 778006/506840 ../data/sample_500k/adult_test.txt
[2022-04-13 14:53:02.544] End E002 |  test loss  6.089; ppl    440.81 | accu 0.1996 = 22396/112220 | w_len 1.6818 = 188735/112220 ../data/sample_500k/adolescent_valid.txt
[2022-04-13 14:53:08.380] End E002 |  test loss  4.902; ppl    134.60 | accu 0.2032 = 23446/115380 | w_len 1.1684 = 134810/115380 ../data/sample_500k/cbt_valid.txt
[2022-04-13 14:53:08.380] Save: model.pt... 
[2022-04-13 14:53:09.054] Save: model.pt...Done. best_val_loss: 5.4904
[2022-04-13 14:53:09.054] Epoch 003/20 ==================================================
[2022-04-13 14:53:27.054] E003 |   200/1398 batches | lr 20.0000 | loss  5.214 | ppl    183.79 frag_cnt/word_cnt=1.433=200574/140000
[2022-04-13 14:53:45.199] E003 |   400/1398 batches | lr 20.0000 | loss  5.200 | ppl    181.25 frag_cnt/word_cnt=1.473=206226/140000
[2022-04-13 14:54:03.262] E003 |   600/1398 batches | lr 20.0000 | loss  5.097 | ppl    163.56 frag_cnt/word_cnt=1.463=204765/140000
[2022-04-13 14:54:21.434] E003 |   800/1398 batches | lr 20.0000 | loss  5.190 | ppl    179.40 frag_cnt/word_cnt=1.479=207067/140000
[2022-04-13 14:54:39.613] E003 |  1000/1398 batches | lr 20.0000 | loss  5.115 | ppl    166.53 frag_cnt/word_cnt=1.474=206319/140000
[2022-04-13 14:54:57.739] E003 |  1200/1398 batches | lr 20.0000 | loss  5.058 | ppl    157.22 frag_cnt/word_cnt=1.470=205866/140000
[2022-04-13 14:55:15.665] E003 |  1398/1398 batches | lr 20.0000 | loss  5.009 | ppl    149.82 frag_cnt/word_cnt=1.454=201526/138600
[2022-04-13 14:55:27.358] End E003 | valid loss  5.412; ppl    223.97 | accu 0.2062 = 46931/227640 | w_len 1.4216 = 323606/227640
[2022-04-13 14:55:53.699] End E003 |  test loss  8.420; ppl   4537.73 | accu 0.0703 = 35654/506840 | w_len 1.5350 = 778006/506840 ../data/sample_500k/adult_test.txt
[2022-04-13 14:55:59.574] End E003 |  test loss  6.024; ppl    413.25 | accu 0.2020 = 22665/112220 | w_len 1.6818 = 188735/112220 ../data/sample_500k/adolescent_valid.txt
[2022-04-13 14:56:05.379] End E003 |  test loss  4.817; ppl    123.53 | accu 0.2102 = 24252/115380 | w_len 1.1684 = 134810/115380 ../data/sample_500k/cbt_valid.txt
[2022-04-13 14:56:05.379] Save: model.pt... 
[2022-04-13 14:56:06.042] Save: model.pt...Done. best_val_loss: 5.4115
[2022-04-13 14:56:06.042] Epoch 004/20 ==================================================
[2022-04-13 14:56:24.028] E004 |   200/1398 batches | lr 20.0000 | loss  5.027 | ppl    152.51 frag_cnt/word_cnt=1.433=200574/140000
[2022-04-13 14:56:42.186] E004 |   400/1398 batches | lr 20.0000 | loss  5.020 | ppl    151.38 frag_cnt/word_cnt=1.473=206226/140000
[2022-04-13 14:57:00.373] E004 |   600/1398 batches | lr 20.0000 | loss  4.932 | ppl    138.59 frag_cnt/word_cnt=1.463=204765/140000
[2022-04-13 14:57:18.521] E004 |   800/1398 batches | lr 20.0000 | loss  5.035 | ppl    153.75 frag_cnt/word_cnt=1.479=207067/140000
[2022-04-13 14:57:36.694] E004 |  1000/1398 batches | lr 20.0000 | loss  4.968 | ppl    143.81 frag_cnt/word_cnt=1.474=206319/140000
[2022-04-13 14:57:54.870] E004 |  1200/1398 batches | lr 20.0000 | loss  4.906 | ppl    135.09 frag_cnt/word_cnt=1.470=205866/140000
[2022-04-13 14:58:12.905] E004 |  1398/1398 batches | lr 20.0000 | loss  4.868 | ppl    130.03 frag_cnt/word_cnt=1.454=201526/138600
[2022-04-13 14:58:24.691] End E004 | valid loss  5.359; ppl    212.61 | accu 0.2095 = 47696/227640 | w_len 1.4216 = 323606/227640
[2022-04-13 14:58:51.165] End E004 |  test loss  8.356; ppl   4256.10 | accu 0.0768 = 38937/506840 | w_len 1.5350 = 778006/506840 ../data/sample_500k/adult_test.txt
[2022-04-13 14:58:56.962] End E004 |  test loss  5.970; ppl    391.68 | accu 0.2040 = 22896/112220 | w_len 1.6818 = 188735/112220 ../data/sample_500k/adolescent_valid.txt
[2022-04-13 14:59:02.787] End E004 |  test loss  4.766; ppl    117.47 | accu 0.2147 = 24772/115380 | w_len 1.1684 = 134810/115380 ../data/sample_500k/cbt_valid.txt
[2022-04-13 14:59:02.787] Save: model.pt... 
[2022-04-13 14:59:03.473] Save: model.pt...Done. best_val_loss: 5.3595
[2022-04-13 14:59:03.473] Epoch 005/20 ==================================================
[2022-04-13 14:59:21.576] E005 |   200/1398 batches | lr 20.0000 | loss  4.894 | ppl    133.52 frag_cnt/word_cnt=1.433=200574/140000
[2022-04-13 14:59:39.795] E005 |   400/1398 batches | lr 20.0000 | loss  4.897 | ppl    133.85 frag_cnt/word_cnt=1.473=206226/140000
[2022-04-13 14:59:58.001] E005 |   600/1398 batches | lr 20.0000 | loss  4.807 | ppl    122.38 frag_cnt/word_cnt=1.463=204765/140000
[2022-04-13 15:00:16.221] E005 |   800/1398 batches | lr 20.0000 | loss  4.911 | ppl    135.84 frag_cnt/word_cnt=1.479=207067/140000
[2022-04-13 15:00:34.439] E005 |  1000/1398 batches | lr 20.0000 | loss  4.843 | ppl    126.91 frag_cnt/word_cnt=1.474=206319/140000
[2022-04-13 15:00:52.743] E005 |  1200/1398 batches | lr 20.0000 | loss  4.791 | ppl    120.45 frag_cnt/word_cnt=1.470=205866/140000
[2022-04-13 15:01:10.942] E005 |  1398/1398 batches | lr 20.0000 | loss  4.756 | ppl    116.28 frag_cnt/word_cnt=1.454=201526/138600
[2022-04-13 15:01:22.732] End E005 | valid loss  5.306; ppl    201.48 | accu 0.2156 = 49071/227640 | w_len 1.4216 = 323606/227640
[2022-04-13 15:01:49.202] End E005 |  test loss  8.269; ppl   3902.19 | accu 0.0854 = 43266/506840 | w_len 1.5350 = 778006/506840 ../data/sample_500k/adult_test.txt
[2022-04-13 15:01:55.003] End E005 |  test loss  5.891; ppl    361.65 | accu 0.2151 = 24133/112220 | w_len 1.6818 = 188735/112220 ../data/sample_500k/adolescent_valid.txt
[2022-04-13 15:02:00.843] End E005 |  test loss  4.738; ppl    114.22 | accu 0.2159 = 24908/115380 | w_len 1.1684 = 134810/115380 ../data/sample_500k/cbt_valid.txt
[2022-04-13 15:02:00.843] Save: model.pt... 
[2022-04-13 15:02:01.519] Save: model.pt...Done. best_val_loss: 5.3057
[2022-04-13 15:02:01.519] Epoch 006/20 ==================================================
[2022-04-13 15:02:19.659] E006 |   200/1398 batches | lr 20.0000 | loss  4.791 | ppl    120.46 frag_cnt/word_cnt=1.433=200574/140000
[2022-04-13 15:02:37.935] E006 |   400/1398 batches | lr 20.0000 | loss  4.794 | ppl    120.81 frag_cnt/word_cnt=1.473=206226/140000
[2022-04-13 15:02:56.091] E006 |   600/1398 batches | lr 20.0000 | loss  4.716 | ppl    111.67 frag_cnt/word_cnt=1.463=204765/140000
[2022-04-13 15:03:14.369] E006 |   800/1398 batches | lr 20.0000 | loss  4.816 | ppl    123.50 frag_cnt/word_cnt=1.479=207067/140000
[2022-04-13 15:03:32.620] E006 |  1000/1398 batches | lr 20.0000 | loss  4.752 | ppl    115.83 frag_cnt/word_cnt=1.474=206319/140000
[2022-04-13 15:03:50.951] E006 |  1200/1398 batches | lr 20.0000 | loss  4.697 | ppl    109.62 frag_cnt/word_cnt=1.470=205866/140000
[2022-04-13 15:04:09.072] E006 |  1398/1398 batches | lr 20.0000 | loss  4.667 | ppl    106.33 frag_cnt/word_cnt=1.454=201526/138600
[2022-04-13 15:04:20.905] End E006 | valid loss  5.447; ppl    231.96 | accu 0.2001 = 45550/227640 | w_len 1.4216 = 323606/227640
[2022-04-13 15:04:47.543] End E006 |  test loss  8.339; ppl   4183.47 | accu 0.0828 = 41980/506840 | w_len 1.5350 = 778006/506840 ../data/sample_500k/adult_test.txt
[2022-04-13 15:04:53.399] End E006 |  test loss  6.194; ppl    489.84 | accu 0.1809 = 20300/112220 | w_len 1.6818 = 188735/112220 ../data/sample_500k/adolescent_valid.txt
[2022-04-13 15:04:59.221] End E006 |  test loss  4.722; ppl    112.45 | accu 0.2185 = 25210/115380 | w_len 1.1684 = 134810/115380 ../data/sample_500k/cbt_valid.txt
[2022-04-13 15:04:59.221] Epoch 007/20 ==================================================
[2022-04-13 15:05:17.272] E007 |   200/1398 batches | lr 10.0000 | loss  4.659 | ppl    105.57 frag_cnt/word_cnt=1.433=200574/140000
[2022-04-13 15:05:35.501] E007 |   400/1398 batches | lr 10.0000 | loss  4.621 | ppl    101.60 frag_cnt/word_cnt=1.473=206226/140000
[2022-04-13 15:05:53.719] E007 |   600/1398 batches | lr 10.0000 | loss  4.522 | ppl     92.05 frag_cnt/word_cnt=1.463=204765/140000
[2022-04-13 15:06:12.009] E007 |   800/1398 batches | lr 10.0000 | loss  4.607 | ppl    100.14 frag_cnt/word_cnt=1.479=207067/140000
[2022-04-13 15:06:30.289] E007 |  1000/1398 batches | lr 10.0000 | loss  4.533 | ppl     93.01 frag_cnt/word_cnt=1.474=206319/140000
[2022-04-13 15:06:48.577] E007 |  1200/1398 batches | lr 10.0000 | loss  4.466 | ppl     86.97 frag_cnt/word_cnt=1.470=205866/140000
[2022-04-13 15:07:06.695] E007 |  1398/1398 batches | lr 10.0000 | loss  4.423 | ppl     83.37 frag_cnt/word_cnt=1.454=201526/138600
[2022-04-13 15:07:18.506] End E007 | valid loss  5.224; ppl    185.72 | accu 0.2271 = 51694/227640 | w_len 1.4216 = 323606/227640
[2022-04-13 15:07:45.052] End E007 |  test loss  8.327; ppl   4133.52 | accu 0.0879 = 44539/506840 | w_len 1.5350 = 778006/506840 ../data/sample_500k/adult_test.txt
[2022-04-13 15:07:50.884] End E007 |  test loss  5.836; ppl    342.29 | accu 0.2234 = 25075/112220 | w_len 1.6818 = 188735/112220 ../data/sample_500k/adolescent_valid.txt
[2022-04-13 15:07:56.736] End E007 |  test loss  4.631; ppl    102.58 | accu 0.2306 = 26609/115380 | w_len 1.1684 = 134810/115380 ../data/sample_500k/cbt_valid.txt
[2022-04-13 15:07:56.737] Save: model.pt... 
[2022-04-13 15:07:57.385] Save: model.pt...Done. best_val_loss: 5.2242
[2022-04-13 15:07:57.386] Epoch 008/20 ==================================================
[2022-04-13 15:08:15.492] E008 |   200/1398 batches | lr 10.0000 | loss  4.532 | ppl     92.93 frag_cnt/word_cnt=1.433=200574/140000
[2022-04-13 15:08:33.837] E008 |   400/1398 batches | lr 10.0000 | loss  4.522 | ppl     92.03 frag_cnt/word_cnt=1.473=206226/140000
[2022-04-13 15:08:52.094] E008 |   600/1398 batches | lr 10.0000 | loss  4.433 | ppl     84.22 frag_cnt/word_cnt=1.463=204765/140000
[2022-04-13 15:09:10.387] E008 |   800/1398 batches | lr 10.0000 | loss  4.528 | ppl     92.59 frag_cnt/word_cnt=1.479=207067/140000
[2022-04-13 15:09:28.698] E008 |  1000/1398 batches | lr 10.0000 | loss  4.464 | ppl     86.86 frag_cnt/word_cnt=1.474=206319/140000
[2022-04-13 15:09:47.006] E008 |  1200/1398 batches | lr 10.0000 | loss  4.404 | ppl     81.76 frag_cnt/word_cnt=1.470=205866/140000
[2022-04-13 15:10:05.124] E008 |  1398/1398 batches | lr 10.0000 | loss  4.368 | ppl     78.88 frag_cnt/word_cnt=1.454=201526/138600
[2022-04-13 15:10:16.904] End E008 | valid loss  5.218; ppl    184.58 | accu 0.2280 = 51903/227640 | w_len 1.4216 = 323606/227640
[2022-04-13 15:10:43.413] End E008 |  test loss  8.359; ppl   4266.37 | accu 0.0873 = 44246/506840 | w_len 1.5350 = 778006/506840 ../data/sample_500k/adult_test.txt
[2022-04-13 15:10:49.231] End E008 |  test loss  5.835; ppl    341.90 | accu 0.2237 = 25105/112220 | w_len 1.6818 = 188735/112220 ../data/sample_500k/adolescent_valid.txt
[2022-04-13 15:10:55.060] End E008 |  test loss  4.621; ppl    101.55 | accu 0.2321 = 26780/115380 | w_len 1.1684 = 134810/115380 ../data/sample_500k/cbt_valid.txt
[2022-04-13 15:10:55.060] Save: model.pt... 
[2022-04-13 15:10:55.695] Save: model.pt...Done. best_val_loss: 5.2181
[2022-04-13 15:10:55.695] Epoch 009/20 ==================================================
[2022-04-13 15:11:13.877] E009 |   200/1398 batches | lr 10.0000 | loss  4.465 | ppl     86.94 frag_cnt/word_cnt=1.433=200574/140000
[2022-04-13 15:11:32.378] E009 |   400/1398 batches | lr 10.0000 | loss  4.455 | ppl     86.08 frag_cnt/word_cnt=1.473=206226/140000
[2022-04-13 15:11:50.786] E009 |   600/1398 batches | lr 10.0000 | loss  4.374 | ppl     79.36 frag_cnt/word_cnt=1.463=204765/140000
[2022-04-13 15:12:08.915] E009 |   800/1398 batches | lr 10.0000 | loss  4.470 | ppl     87.32 frag_cnt/word_cnt=1.479=207067/140000
[2022-04-13 15:12:27.250] E009 |  1000/1398 batches | lr 10.0000 | loss  4.402 | ppl     81.62 frag_cnt/word_cnt=1.474=206319/140000
[2022-04-13 15:12:45.571] E009 |  1200/1398 batches | lr 10.0000 | loss  4.350 | ppl     77.45 frag_cnt/word_cnt=1.470=205866/140000
[2022-04-13 15:13:03.455] E009 |  1398/1398 batches | lr 10.0000 | loss  4.320 | ppl     75.22 frag_cnt/word_cnt=1.454=201526/138600
[2022-04-13 15:13:15.297] End E009 | valid loss  5.252; ppl    190.88 | accu 0.2245 = 51094/227640 | w_len 1.4216 = 323606/227640
[2022-04-13 15:13:41.922] End E009 |  test loss  8.408; ppl   4484.20 | accu 0.0873 = 44243/506840 | w_len 1.5350 = 778006/506840 ../data/sample_500k/adult_test.txt
[2022-04-13 15:13:47.755] End E009 |  test loss  5.877; ppl    356.59 | accu 0.2191 = 24590/112220 | w_len 1.6818 = 188735/112220 ../data/sample_500k/adolescent_valid.txt
[2022-04-13 15:13:53.597] End E009 |  test loss  4.622; ppl    101.74 | accu 0.2316 = 26727/115380 | w_len 1.1684 = 134810/115380 ../data/sample_500k/cbt_valid.txt
[2022-04-13 15:13:53.598] Epoch 010/20 ==================================================
[2022-04-13 15:14:11.872] E010 |   200/1398 batches | lr 5.0000 | loss  4.391 | ppl     80.73 frag_cnt/word_cnt=1.433=200574/140000
[2022-04-13 15:14:30.070] E010 |   400/1398 batches | lr 5.0000 | loss  4.369 | ppl     79.00 frag_cnt/word_cnt=1.473=206226/140000
[2022-04-13 15:14:48.288] E010 |   600/1398 batches | lr 5.0000 | loss  4.280 | ppl     72.22 frag_cnt/word_cnt=1.463=204765/140000
[2022-04-13 15:15:06.748] E010 |   800/1398 batches | lr 5.0000 | loss  4.359 | ppl     78.17 frag_cnt/word_cnt=1.479=207067/140000
[2022-04-13 15:15:24.941] E010 |  1000/1398 batches | lr 5.0000 | loss  4.293 | ppl     73.16 frag_cnt/word_cnt=1.474=206319/140000
[2022-04-13 15:15:43.301] E010 |  1200/1398 batches | lr 5.0000 | loss  4.225 | ppl     68.40 frag_cnt/word_cnt=1.470=205866/140000
[2022-04-13 15:16:01.489] E010 |  1398/1398 batches | lr 5.0000 | loss  4.186 | ppl     65.75 frag_cnt/word_cnt=1.454=201526/138600
[2022-04-13 15:16:13.489] End E010 | valid loss  5.237; ppl    188.12 | accu 0.2303 = 52429/227640 | w_len 1.4216 = 323606/227640
[2022-04-13 15:16:40.203] End E010 |  test loss  8.477; ppl   4802.07 | accu 0.0861 = 43657/506840 | w_len 1.5350 = 778006/506840 ../data/sample_500k/adult_test.txt
[2022-04-13 15:16:46.053] End E010 |  test loss  5.888; ppl    360.56 | accu 0.2220 = 24913/112220 | w_len 1.6818 = 188735/112220 ../data/sample_500k/adolescent_valid.txt
[2022-04-13 15:16:51.933] End E010 |  test loss  4.586; ppl     98.06 | accu 0.2388 = 27553/115380 | w_len 1.1684 = 134810/115380 ../data/sample_500k/cbt_valid.txt
[2022-04-13 15:16:51.933] Epoch 011/20 ==================================================
[2022-04-13 15:17:10.048] E011 |   200/1398 batches | lr 2.5000 | loss  4.337 | ppl     76.49 frag_cnt/word_cnt=1.433=200574/140000
[2022-04-13 15:17:28.438] E011 |   400/1398 batches | lr 2.5000 | loss  4.314 | ppl     74.72 frag_cnt/word_cnt=1.473=206226/140000
[2022-04-13 15:17:46.749] E011 |   600/1398 batches | lr 2.5000 | loss  4.219 | ppl     67.94 frag_cnt/word_cnt=1.463=204765/140000
[2022-04-13 15:18:04.972] E011 |   800/1398 batches | lr 2.5000 | loss  4.297 | ppl     73.48 frag_cnt/word_cnt=1.479=207067/140000
[2022-04-13 15:18:23.405] E011 |  1000/1398 batches | lr 2.5000 | loss  4.231 | ppl     68.77 frag_cnt/word_cnt=1.474=206319/140000
[2022-04-13 15:18:41.689] E011 |  1200/1398 batches | lr 2.5000 | loss  4.161 | ppl     64.14 frag_cnt/word_cnt=1.470=205866/140000
[2022-04-13 15:18:59.863] E011 |  1398/1398 batches | lr 2.5000 | loss  4.112 | ppl     61.05 frag_cnt/word_cnt=1.454=201526/138600
[2022-04-13 15:19:11.744] End E011 | valid loss  5.179; ppl    177.56 | accu 0.2367 = 53877/227640 | w_len 1.4216 = 323606/227640
[2022-04-13 15:19:38.384] End E011 |  test loss  8.500; ppl   4916.77 | accu 0.0854 = 43301/506840 | w_len 1.5350 = 778006/506840 ../data/sample_500k/adult_test.txt
[2022-04-13 15:19:44.215] End E011 |  test loss  5.816; ppl    335.66 | accu 0.2308 = 25901/112220 | w_len 1.6818 = 188735/112220 ../data/sample_500k/adolescent_valid.txt
[2022-04-13 15:19:50.037] End E011 |  test loss  4.559; ppl     95.49 | accu 0.2425 = 27975/115380 | w_len 1.1684 = 134810/115380 ../data/sample_500k/cbt_valid.txt
[2022-04-13 15:19:50.037] Save: model.pt... 
[2022-04-13 15:19:50.673] Save: model.pt...Done. best_val_loss: 5.1793
[2022-04-13 15:19:50.673] Epoch 012/20 ==================================================
[2022-04-13 15:20:08.999] E012 |   200/1398 batches | lr 2.5000 | loss  4.293 | ppl     73.17 frag_cnt/word_cnt=1.433=200574/140000
[2022-04-13 15:20:27.181] E012 |   400/1398 batches | lr 2.5000 | loss  4.274 | ppl     71.81 frag_cnt/word_cnt=1.473=206226/140000
[2022-04-13 15:20:45.449] E012 |   600/1398 batches | lr 2.5000 | loss  4.192 | ppl     66.17 frag_cnt/word_cnt=1.463=204765/140000
[2022-04-13 15:21:03.821] E012 |   800/1398 batches | lr 2.5000 | loss  4.273 | ppl     71.72 frag_cnt/word_cnt=1.479=207067/140000
[2022-04-13 15:21:21.983] E012 |  1000/1398 batches | lr 2.5000 | loss  4.206 | ppl     67.06 frag_cnt/word_cnt=1.474=206319/140000
[2022-04-13 15:21:40.394] E012 |  1200/1398 batches | lr 2.5000 | loss  4.141 | ppl     62.84 frag_cnt/word_cnt=1.470=205866/140000
[2022-04-13 15:21:58.564] E012 |  1398/1398 batches | lr 2.5000 | loss  4.103 | ppl     60.50 frag_cnt/word_cnt=1.454=201526/138600
[2022-04-13 15:22:10.432] End E012 | valid loss  5.199; ppl    181.12 | accu 0.2352 = 53548/227640 | w_len 1.4216 = 323606/227640
[2022-04-13 15:22:37.097] End E012 |  test loss  8.480; ppl   4817.19 | accu 0.0876 = 44410/506840 | w_len 1.5350 = 778006/506840 ../data/sample_500k/adult_test.txt
[2022-04-13 15:22:42.942] End E012 |  test loss  5.862; ppl    351.36 | accu 0.2274 = 25514/112220 | w_len 1.6818 = 188735/112220 ../data/sample_500k/adolescent_valid.txt
[2022-04-13 15:22:48.786] End E012 |  test loss  4.555; ppl     95.13 | accu 0.2429 = 28027/115380 | w_len 1.1684 = 134810/115380 ../data/sample_500k/cbt_valid.txt
[2022-04-13 15:22:48.787] Epoch 013/20 ==================================================
[2022-04-13 15:23:07.001] E013 |   200/1398 batches | lr 1.2500 | loss  4.273 | ppl     71.71 frag_cnt/word_cnt=1.433=200574/140000
[2022-04-13 15:23:25.225] E013 |   400/1398 batches | lr 1.2500 | loss  4.249 | ppl     70.03 frag_cnt/word_cnt=1.473=206226/140000
[2022-04-13 15:23:43.636] E013 |   600/1398 batches | lr 1.2500 | loss  4.170 | ppl     64.70 frag_cnt/word_cnt=1.463=204765/140000
[2022-04-13 15:24:02.151] E013 |   800/1398 batches | lr 1.2500 | loss  4.244 | ppl     69.67 frag_cnt/word_cnt=1.479=207067/140000
[2022-04-13 15:24:20.575] E013 |  1000/1398 batches | lr 1.2500 | loss  4.179 | ppl     65.28 frag_cnt/word_cnt=1.474=206319/140000
[2022-04-13 15:24:38.990] E013 |  1200/1398 batches | lr 1.2500 | loss  4.109 | ppl     60.90 frag_cnt/word_cnt=1.470=205866/140000
[2022-04-13 15:24:57.273] E013 |  1398/1398 batches | lr 1.2500 | loss  4.064 | ppl     58.20 frag_cnt/word_cnt=1.454=201526/138600
[2022-04-13 15:25:09.162] End E013 | valid loss  5.175; ppl    176.73 | accu 0.2385 = 54296/227640 | w_len 1.4216 = 323606/227640
[2022-04-13 15:25:35.754] End E013 |  test loss  8.495; ppl   4888.35 | accu 0.0872 = 44203/506840 | w_len 1.5350 = 778006/506840 ../data/sample_500k/adult_test.txt
[2022-04-13 15:25:41.629] End E013 |  test loss  5.820; ppl    337.04 | accu 0.2321 = 26043/112220 | w_len 1.6818 = 188735/112220 ../data/sample_500k/adolescent_valid.txt
[2022-04-13 15:25:47.510] End E013 |  test loss  4.545; ppl     94.17 | accu 0.2449 = 28254/115380 | w_len 1.1684 = 134810/115380 ../data/sample_500k/cbt_valid.txt
[2022-04-13 15:25:47.510] Save: model.pt... 
[2022-04-13 15:25:48.171] Save: model.pt...Done. best_val_loss: 5.1746
[2022-04-13 15:25:48.172] Epoch 014/20 ==================================================
[2022-04-13 15:26:06.439] E014 |   200/1398 batches | lr 1.2500 | loss  4.249 | ppl     70.01 frag_cnt/word_cnt=1.433=200574/140000
[2022-04-13 15:26:24.608] E014 |   400/1398 batches | lr 1.2500 | loss  4.231 | ppl     68.77 frag_cnt/word_cnt=1.473=206226/140000
[2022-04-13 15:26:42.876] E014 |   600/1398 batches | lr 1.2500 | loss  4.149 | ppl     63.34 frag_cnt/word_cnt=1.463=204765/140000
[2022-04-13 15:27:01.336] E014 |   800/1398 batches | lr 1.2500 | loss  4.232 | ppl     68.85 frag_cnt/word_cnt=1.479=207067/140000
[2022-04-13 15:27:19.616] E014 |  1000/1398 batches | lr 1.2500 | loss  4.166 | ppl     64.43 frag_cnt/word_cnt=1.474=206319/140000
[2022-04-13 15:27:37.974] E014 |  1200/1398 batches | lr 1.2500 | loss  4.096 | ppl     60.09 frag_cnt/word_cnt=1.470=205866/140000
[2022-04-13 15:27:56.129] E014 |  1398/1398 batches | lr 1.2500 | loss  4.058 | ppl     57.86 frag_cnt/word_cnt=1.454=201526/138600
[2022-04-13 15:28:07.948] End E014 | valid loss  5.176; ppl    176.95 | accu 0.2385 = 54297/227640 | w_len 1.4216 = 323606/227640
[2022-04-13 15:28:34.404] End E014 |  test loss  8.496; ppl   4892.91 | accu 0.0877 = 44442/506840 | w_len 1.5350 = 778006/506840 ../data/sample_500k/adult_test.txt
[2022-04-13 15:28:40.524] End E014 |  test loss  5.824; ppl    338.26 | accu 0.2323 = 26064/112220 | w_len 1.6818 = 188735/112220 ../data/sample_500k/adolescent_valid.txt
[2022-04-13 15:28:46.496] End E014 |  test loss  4.544; ppl     94.10 | accu 0.2446 = 28221/115380 | w_len 1.1684 = 134810/115380 ../data/sample_500k/cbt_valid.txt
[2022-04-13 15:28:46.497] Epoch 015/20 ==================================================
[2022-04-13 15:29:04.562] E015 |   200/1398 batches | lr 0.6250 | loss  4.245 | ppl     69.78 frag_cnt/word_cnt=1.433=200574/140000
[2022-04-13 15:29:22.881] E015 |   400/1398 batches | lr 0.6250 | loss  4.222 | ppl     68.16 frag_cnt/word_cnt=1.473=206226/140000
[2022-04-13 15:29:40.957] E015 |   600/1398 batches | lr 0.6250 | loss  4.141 | ppl     62.85 frag_cnt/word_cnt=1.463=204765/140000
[2022-04-13 15:29:59.319] E015 |   800/1398 batches | lr 0.6250 | loss  4.218 | ppl     67.91 frag_cnt/word_cnt=1.479=207067/140000
[2022-04-13 15:30:17.562] E015 |  1000/1398 batches | lr 0.6250 | loss  4.146 | ppl     63.19 frag_cnt/word_cnt=1.474=206319/140000
[2022-04-13 15:30:35.981] E015 |  1200/1398 batches | lr 0.6250 | loss  4.086 | ppl     59.50 frag_cnt/word_cnt=1.470=205866/140000
[2022-04-13 15:30:53.978] E015 |  1398/1398 batches | lr 0.6250 | loss  4.041 | ppl     56.86 frag_cnt/word_cnt=1.454=201526/138600
[2022-04-13 15:31:05.814] End E015 | valid loss  5.168; ppl    175.53 | accu 0.2399 = 54604/227640 | w_len 1.4216 = 323606/227640
[2022-04-13 15:31:32.391] End E015 |  test loss  8.480; ppl   4818.48 | accu 0.0874 = 44281/506840 | w_len 1.5350 = 778006/506840 ../data/sample_500k/adult_test.txt
[2022-04-13 15:31:38.231] End E015 |  test loss  5.814; ppl    334.98 | accu 0.2336 = 26211/112220 | w_len 1.6818 = 188735/112220 ../data/sample_500k/adolescent_valid.txt
[2022-04-13 15:31:44.076] End E015 |  test loss  4.538; ppl     93.47 | accu 0.2460 = 28386/115380 | w_len 1.1684 = 134810/115380 ../data/sample_500k/cbt_valid.txt
[2022-04-13 15:31:44.076] Save: model.pt... 
[2022-04-13 15:31:44.742] Save: model.pt...Done. best_val_loss: 5.1678
[2022-04-13 15:31:44.742] Epoch 016/20 ==================================================
[2022-04-13 15:32:03.008] E016 |   200/1398 batches | lr 0.6250 | loss  4.231 | ppl     68.80 frag_cnt/word_cnt=1.433=200574/140000
[2022-04-13 15:32:21.204] E016 |   400/1398 batches | lr 0.6250 | loss  4.209 | ppl     67.29 frag_cnt/word_cnt=1.473=206226/140000
[2022-04-13 15:32:39.561] E016 |   600/1398 batches | lr 0.6250 | loss  4.132 | ppl     62.33 frag_cnt/word_cnt=1.463=204765/140000
[2022-04-13 15:32:57.907] E016 |   800/1398 batches | lr 0.6250 | loss  4.209 | ppl     67.29 frag_cnt/word_cnt=1.479=207067/140000
[2022-04-13 15:33:16.373] E016 |  1000/1398 batches | lr 0.6250 | loss  4.141 | ppl     62.85 frag_cnt/word_cnt=1.474=206319/140000
[2022-04-13 15:33:34.628] E016 |  1200/1398 batches | lr 0.6250 | loss  4.079 | ppl     59.11 frag_cnt/word_cnt=1.470=205866/140000
[2022-04-13 15:33:52.544] E016 |  1398/1398 batches | lr 0.6250 | loss  4.035 | ppl     56.57 frag_cnt/word_cnt=1.454=201526/138600
[2022-04-13 15:34:04.308] End E016 | valid loss  5.170; ppl    175.90 | accu 0.2398 = 54590/227640 | w_len 1.4216 = 323606/227640
[2022-04-13 15:34:30.947] End E016 |  test loss  8.487; ppl   4849.78 | accu 0.0876 = 44391/506840 | w_len 1.5350 = 778006/506840 ../data/sample_500k/adult_test.txt
[2022-04-13 15:34:36.790] End E016 |  test loss  5.819; ppl    336.47 | accu 0.2334 = 26189/112220 | w_len 1.6818 = 188735/112220 ../data/sample_500k/adolescent_valid.txt
[2022-04-13 15:34:42.646] End E016 |  test loss  4.538; ppl     93.47 | accu 0.2460 = 28379/115380 | w_len 1.1684 = 134810/115380 ../data/sample_500k/cbt_valid.txt
[2022-04-13 15:34:42.646] Epoch 017/20 ==================================================
[2022-04-13 15:35:00.849] E017 |   200/1398 batches | lr 0.3125 | loss  4.227 | ppl     68.53 frag_cnt/word_cnt=1.433=200574/140000
[2022-04-13 15:35:19.149] E017 |   400/1398 batches | lr 0.3125 | loss  4.209 | ppl     67.27 frag_cnt/word_cnt=1.473=206226/140000
[2022-04-13 15:35:37.426] E017 |   600/1398 batches | lr 0.3125 | loss  4.126 | ppl     61.92 frag_cnt/word_cnt=1.463=204765/140000
[2022-04-13 15:35:55.695] E017 |   800/1398 batches | lr 0.3125 | loss  4.202 | ppl     66.82 frag_cnt/word_cnt=1.479=207067/140000
[2022-04-13 15:36:14.067] E017 |  1000/1398 batches | lr 0.3125 | loss  4.135 | ppl     62.47 frag_cnt/word_cnt=1.474=206319/140000
[2022-04-13 15:36:32.394] E017 |  1200/1398 batches | lr 0.3125 | loss  4.069 | ppl     58.48 frag_cnt/word_cnt=1.470=205866/140000
[2022-04-13 15:36:50.549] E017 |  1398/1398 batches | lr 0.3125 | loss  4.027 | ppl     56.10 frag_cnt/word_cnt=1.454=201526/138600
[2022-04-13 15:37:02.465] End E017 | valid loss  5.166; ppl    175.14 | accu 0.2402 = 54674/227640 | w_len 1.4216 = 323606/227640
[2022-04-13 15:37:29.215] End E017 |  test loss  8.478; ppl   4807.03 | accu 0.0886 = 44893/506840 | w_len 1.5350 = 778006/506840 ../data/sample_500k/adult_test.txt
[2022-04-13 15:37:35.074] End E017 |  test loss  5.813; ppl    334.62 | accu 0.2338 = 26242/112220 | w_len 1.6818 = 188735/112220 ../data/sample_500k/adolescent_valid.txt
[2022-04-13 15:37:40.930] End E017 |  test loss  4.534; ppl     93.17 | accu 0.2463 = 28413/115380 | w_len 1.1684 = 134810/115380 ../data/sample_500k/cbt_valid.txt
[2022-04-13 15:37:40.930] Save: model.pt... 
[2022-04-13 15:37:41.594] Save: model.pt...Done. best_val_loss: 5.1656
[2022-04-13 15:37:41.594] Epoch 018/20 ==================================================
[2022-04-13 15:37:59.736] E018 |   200/1398 batches | lr 0.3125 | loss  4.219 | ppl     67.98 frag_cnt/word_cnt=1.433=200574/140000
[2022-04-13 15:38:17.988] E018 |   400/1398 batches | lr 0.3125 | loss  4.201 | ppl     66.75 frag_cnt/word_cnt=1.473=206226/140000
[2022-04-13 15:38:36.366] E018 |   600/1398 batches | lr 0.3125 | loss  4.122 | ppl     61.69 frag_cnt/word_cnt=1.463=204765/140000
[2022-04-13 15:38:54.702] E018 |   800/1398 batches | lr 0.3125 | loss  4.199 | ppl     66.59 frag_cnt/word_cnt=1.479=207067/140000
[2022-04-13 15:39:13.147] E018 |  1000/1398 batches | lr 0.3125 | loss  4.130 | ppl     62.18 frag_cnt/word_cnt=1.474=206319/140000
[2022-04-13 15:39:31.540] E018 |  1200/1398 batches | lr 0.3125 | loss  4.069 | ppl     58.48 frag_cnt/word_cnt=1.470=205866/140000
[2022-04-13 15:39:49.538] E018 |  1398/1398 batches | lr 0.3125 | loss  4.024 | ppl     55.90 frag_cnt/word_cnt=1.454=201526/138600
[2022-04-13 15:40:01.387] End E018 | valid loss  5.166; ppl    175.14 | accu 0.2403 = 54696/227640 | w_len 1.4216 = 323606/227640
[2022-04-13 15:40:28.081] End E018 |  test loss  8.480; ppl   4816.09 | accu 0.0883 = 44738/506840 | w_len 1.5350 = 778006/506840 ../data/sample_500k/adult_test.txt
[2022-04-13 15:40:33.969] End E018 |  test loss  5.814; ppl    334.96 | accu 0.2338 = 26241/112220 | w_len 1.6818 = 188735/112220 ../data/sample_500k/adolescent_valid.txt
[2022-04-13 15:40:39.794] End E018 |  test loss  4.534; ppl     93.09 | accu 0.2465 = 28444/115380 | w_len 1.1684 = 134810/115380 ../data/sample_500k/cbt_valid.txt
[2022-04-13 15:40:39.795] Save: model.pt... 
[2022-04-13 15:40:40.432] Save: model.pt...Done. best_val_loss: 5.1656
[2022-04-13 15:40:40.432] Epoch 019/20 ==================================================
[2022-04-13 15:40:58.519] E019 |   200/1398 batches | lr 0.3125 | loss  4.215 | ppl     67.66 frag_cnt/word_cnt=1.433=200574/140000
[2022-04-13 15:41:16.834] E019 |   400/1398 batches | lr 0.3125 | loss  4.195 | ppl     66.35 frag_cnt/word_cnt=1.473=206226/140000
[2022-04-13 15:41:35.176] E019 |   600/1398 batches | lr 0.3125 | loss  4.118 | ppl     61.47 frag_cnt/word_cnt=1.463=204765/140000
[2022-04-13 15:41:53.503] E019 |   800/1398 batches | lr 0.3125 | loss  4.195 | ppl     66.34 frag_cnt/word_cnt=1.479=207067/140000
[2022-04-13 15:42:11.913] E019 |  1000/1398 batches | lr 0.3125 | loss  4.130 | ppl     62.16 frag_cnt/word_cnt=1.474=206319/140000
[2022-04-13 15:42:30.283] E019 |  1200/1398 batches | lr 0.3125 | loss  4.065 | ppl     58.25 frag_cnt/word_cnt=1.470=205866/140000
[2022-04-13 15:42:48.451] E019 |  1398/1398 batches | lr 0.3125 | loss  4.025 | ppl     55.98 frag_cnt/word_cnt=1.454=201526/138600
[2022-04-13 15:43:00.299] End E019 | valid loss  5.165; ppl    174.98 | accu 0.2405 = 54737/227640 | w_len 1.4216 = 323606/227640
[2022-04-13 15:43:26.830] End E019 |  test loss  8.478; ppl   4805.48 | accu 0.0885 = 44846/506840 | w_len 1.5350 = 778006/506840 ../data/sample_500k/adult_test.txt
[2022-04-13 15:43:32.654] End E019 |  test loss  5.813; ppl    334.78 | accu 0.2338 = 26241/112220 | w_len 1.6818 = 188735/112220 ../data/sample_500k/adolescent_valid.txt
[2022-04-13 15:43:38.482] End E019 |  test loss  4.532; ppl     92.97 | accu 0.2471 = 28510/115380 | w_len 1.1684 = 134810/115380 ../data/sample_500k/cbt_valid.txt
[2022-04-13 15:43:38.483] Save: model.pt... 
[2022-04-13 15:43:39.098] Save: model.pt...Done. best_val_loss: 5.1647
[2022-04-13 15:43:39.098] Epoch 020/20 ==================================================
[2022-04-13 15:43:57.558] E020 |   200/1398 batches | lr 0.3125 | loss  4.209 | ppl     67.31 frag_cnt/word_cnt=1.433=200574/140000
[2022-04-13 15:44:15.849] E020 |   400/1398 batches | lr 0.3125 | loss  4.195 | ppl     66.32 frag_cnt/word_cnt=1.473=206226/140000
[2022-04-13 15:44:34.190] E020 |   600/1398 batches | lr 0.3125 | loss  4.117 | ppl     61.35 frag_cnt/word_cnt=1.463=204765/140000
[2022-04-13 15:44:52.383] E020 |   800/1398 batches | lr 0.3125 | loss  4.190 | ppl     66.01 frag_cnt/word_cnt=1.479=207067/140000
[2022-04-13 15:45:10.709] E020 |  1000/1398 batches | lr 0.3125 | loss  4.130 | ppl     62.15 frag_cnt/word_cnt=1.474=206319/140000
[2022-04-13 15:45:28.748] E020 |  1200/1398 batches | lr 0.3125 | loss  4.063 | ppl     58.17 frag_cnt/word_cnt=1.470=205866/140000
[2022-04-13 15:45:46.710] E020 |  1398/1398 batches | lr 0.3125 | loss  4.022 | ppl     55.81 frag_cnt/word_cnt=1.454=201526/138600
[2022-04-13 15:45:58.595] End E020 | valid loss  5.166; ppl    175.25 | accu 0.2401 = 54657/227640 | w_len 1.4216 = 323606/227640
[2022-04-13 15:46:25.193] End E020 |  test loss  8.480; ppl   4818.87 | accu 0.0885 = 44859/506840 | w_len 1.5350 = 778006/506840 ../data/sample_500k/adult_test.txt
[2022-04-13 15:46:31.045] End E020 |  test loss  5.816; ppl    335.49 | accu 0.2336 = 26209/112220 | w_len 1.6818 = 188735/112220 ../data/sample_500k/adolescent_valid.txt
[2022-04-13 15:46:36.897] End E020 |  test loss  4.533; ppl     93.06 | accu 0.2469 = 28482/115380 | w_len 1.1684 = 134810/115380 ../data/sample_500k/cbt_valid.txt
[2022-04-13 15:47:03.716] End. test loss  8.48; ppl  4805.48 | accu 0.0885 = 44846/506840 | w_len 1.5350 = 778006/506840 ../data/sample_500k/adult_test.txt
[2022-04-13 15:47:09.556] End. test loss  5.81; ppl   334.78 | accu 0.2338 = 26241/112220 | w_len 1.6818 = 188735/112220 ../data/sample_500k/adolescent_valid.txt
[2022-04-13 15:47:15.478] End. test loss  4.53; ppl    92.97 | accu 0.2471 = 28510/115380 | w_len 1.1684 = 134810/115380 ../data/sample_500k/cbt_valid.txt
[2022-04-13 15:47:15.478] =========================================================================================
[2022-04-13 15:47:15.478] valid_loss
[2022-04-13 15:47:15.478]  5.81, 5.49, 5.41, 5.36, 5.31, 5.45, 5.22, 5.22, 5.25, 5.24, 5.18, 5.20, 5.17, 5.18, 5.17, 5.17, 5.17, 5.17, 5.16, 5.17
[2022-04-13 15:47:15.478] valid_loss ppl
[2022-04-13 15:47:15.478]   332.73,  242.36,  223.97,  212.61,  201.48,  231.96,  185.72,  184.58,  190.88,  188.12,  177.56,  181.12,  176.73,  176.95,  175.53,  175.90,  175.14,  175.14,  174.98,  175.25
[2022-04-13 15:47:15.478] test_loss of ../data/sample_500k/adult_test.txt
[2022-04-13 15:47:15.478]  8.41, 8.18, 8.42, 8.36, 8.27, 8.34, 8.33, 8.36, 8.41, 8.48, 8.50, 8.48, 8.49, 8.50, 8.48, 8.49, 8.48, 8.48, 8.48, 8.48
[2022-04-13 15:47:15.478] test_loss of ../data/sample_500k/adult_test.txt ppl
[2022-04-13 15:47:15.478]  4484.17, 3582.09, 4537.73, 4256.10, 3902.19, 4183.47, 4133.52, 4266.37, 4484.20, 4802.07, 4916.77, 4817.19, 4888.35, 4892.91, 4818.48, 4849.78, 4807.03, 4816.09, 4805.48, 4818.87
[2022-04-13 15:47:15.479] test_loss of ../data/sample_500k/adolescent_valid.txt
[2022-04-13 15:47:15.479]  6.48, 6.09, 6.02, 5.97, 5.89, 6.19, 5.84, 5.83, 5.88, 5.89, 5.82, 5.86, 5.82, 5.82, 5.81, 5.82, 5.81, 5.81, 5.81, 5.82
[2022-04-13 15:47:15.479] test_loss of ../data/sample_500k/adolescent_valid.txt ppl
[2022-04-13 15:47:15.479]   652.17,  440.81,  413.25,  391.68,  361.65,  489.84,  342.29,  341.90,  356.59,  360.56,  335.66,  351.36,  337.04,  338.26,  334.98,  336.47,  334.62,  334.96,  334.78,  335.49
[2022-04-13 15:47:15.479] test_loss of ../data/sample_500k/cbt_valid.txt
[2022-04-13 15:47:15.479]  5.15, 4.90, 4.82, 4.77, 4.74, 4.72, 4.63, 4.62, 4.62, 4.59, 4.56, 4.56, 4.55, 4.54, 4.54, 4.54, 4.53, 4.53, 4.53, 4.53
[2022-04-13 15:47:15.479] test_loss of ../data/sample_500k/cbt_valid.txt ppl
[2022-04-13 15:47:15.479]   173.21,  134.60,  123.53,  117.47,  114.22,  112.45,  102.58,  101.55,  101.74,   98.06,   95.49,   95.13,   94.17,   94.10,   93.47,   93.47,   93.17,   93.09,   92.97,   93.06
[2022-04-13 15:47:15.479] 
[2022-04-13 15:47:15.479] 
[2022-04-13 15:47:15.479] 
