[2022-04-13 21:03:25.832] corpus.train_file_list: 2
[2022-04-13 21:03:25.832]         ../data/sample_500k/cbt_train.txt
[2022-04-13 21:03:25.832]         ../data/sample_500k/adolescent_train.txt
[2022-04-13 21:03:25.832] corpus.valid_file_list: 2
[2022-04-13 21:03:25.833]         ../data/sample_500k/cbt_valid.txt
[2022-04-13 21:03:25.833]         ../data/sample_500k/adolescent_valid.txt
[2022-04-13 21:03:25.833] corpus.test_file_list: 3
[2022-04-13 21:03:25.833]         ../data/sample_500k/adult_test.txt
[2022-04-13 21:03:25.833]         ../data/sample_500k/adolescent_valid.txt
[2022-04-13 21:03:25.833]         ../data/sample_500k/cbt_valid.txt
[2022-04-13 21:03:25.833] corpus.subword_vocab_size: 0
[2022-04-13 21:03:25.833] corpus.subword_model = None. Corpus will not use subword.
[2022-04-13 21:03:25.833] corpus tokenize...
[2022-04-13 21:03:26.591]         train tokens: 511735  ../data/sample_500k/cbt_train.txt
[2022-04-13 21:03:27.889]         train tokens: 467267  ../data/sample_500k/adolescent_train.txt
[2022-04-13 21:03:28.045]         valid tokens: 115417  ../data/sample_500k/cbt_valid.txt
[2022-04-13 21:03:28.320]         valid tokens: 112256  ../data/sample_500k/adolescent_valid.txt
[2022-04-13 21:03:28.951]         test  tokens: 506878  ../data/sample_500k/adult_test.txt
[2022-04-13 21:03:29.258]         test  tokens: 112256  ../data/sample_500k/adolescent_valid.txt
[2022-04-13 21:03:29.407]         test  tokens: 115417  ../data/sample_500k/cbt_valid.txt
[2022-04-13 21:03:29.407] corpus.ntokens      : 100726
[2022-04-13 21:03:29.408] corpus.char_count   : 166
[2022-04-13 21:03:29.408] corpus.char_cnt_dict: 166
[2022-04-13 21:03:29.408] corpus.char_id_dict : 166
[2022-04-13 21:03:29.418] corpus.batchify(2 files, batch_size=20)...
[2022-04-13 21:03:29.418]         tokens_all: 979002
[2022-04-13 21:03:29.419]         batched   :  48950
[2022-04-13 21:03:29.419]         ../data/sample_500k/cbt_train.txt
[2022-04-13 21:03:29.419]         ../data/sample_500k/adolescent_train.txt
[2022-04-13 21:03:29.422] corpus.batchify(2 files, batch_size=20)...
[2022-04-13 21:03:29.422]         tokens_all: 227673
[2022-04-13 21:03:29.422]         batched   :  11383
[2022-04-13 21:03:29.422]         ../data/sample_500k/cbt_valid.txt
[2022-04-13 21:03:29.422]         ../data/sample_500k/adolescent_valid.txt
[2022-04-13 21:03:29.426] corpus.batchify(1 files, batch_size=20)...
[2022-04-13 21:03:29.426]         tokens_all: 506878
[2022-04-13 21:03:29.426]         batched   :  25343
[2022-04-13 21:03:29.426]         ../data/sample_500k/adult_test.txt
[2022-04-13 21:03:29.428] corpus.batchify(1 files, batch_size=20)...
[2022-04-13 21:03:29.428]         tokens_all: 112256
[2022-04-13 21:03:29.428]         batched   :   5612
[2022-04-13 21:03:29.429]         ../data/sample_500k/adolescent_valid.txt
[2022-04-13 21:03:29.430] corpus.batchify(1 files, batch_size=20)...
[2022-04-13 21:03:29.430]         tokens_all: 115417
[2022-04-13 21:03:29.430]         batched   :   5770
[2022-04-13 21:03:29.430]         ../data/sample_500k/cbt_valid.txt
[2022-04-13 21:03:29.430] subword_adapter will be generated due to word_split_mode='Subword.1000'
[2022-04-13 21:03:29.431] SubwordAdapter.file_list: 4
[2022-04-13 21:03:29.431]         ../data/sample_500k/cbt_train.txt
[2022-04-13 21:03:29.431]         ../data/sample_500k/adolescent_train.txt
[2022-04-13 21:03:29.431]         ../data/sample_500k/cbt_valid.txt
[2022-04-13 21:03:29.431]         ../data/sample_500k/adolescent_valid.txt
[2022-04-13 21:03:29.431] SubwordAdapter.subword_vocab_size: 1000
[2022-04-13 21:03:29.431] SubwordAdapter.subword_model.train(4 files)...
[2022-04-13 21:03:30.124] SubwordAdapter.subword_model.train(4 files)...Done
[2022-04-13 21:03:30.954] RNNModel.rnn_type: LSTM
[2022-04-13 21:03:30.955] RNNModel.ntoken  : 100726
[2022-04-13 21:03:30.955] RNNModel.ninp    : 200
[2022-04-13 21:03:30.955] RNNModel.nhid    : 200
[2022-04-13 21:03:30.955] RNNModel.nlayers : 2
[2022-04-13 21:03:30.955] RNNModel.dropout : 0.2
[2022-04-13 21:03:30.955] RNNModel.tie_weights: False
[2022-04-13 21:03:30.955] RNNModel.fragment_aggregate_mode: CNN
[2022-04-13 21:03:30.955] RNNModel.fragment_cnt           : 1002
[2022-04-13 21:03:30.955] RNNModel.fragment_emsize        : 25
[2022-04-13 21:03:30.955] RNNModel.fragment_nhid          : 200
[2022-04-13 21:03:30.956] RNNModel.fragment_embeds     : created
[2022-04-13 21:03:30.956] RNNModel.fragment_cnn3       : created
[2022-04-13 21:03:30.988] Epoch 001/20 ==================================================
[2022-04-13 21:03:49.182] E001 |   200/1398 batches | lr 20.0000 | loss  8.127 | ppl   3383.87 frag_cnt/word_cnt=1.952=273308/140000
[2022-04-13 21:04:07.338] E001 |   400/1398 batches | lr 20.0000 | loss  6.898 | ppl    990.14 frag_cnt/word_cnt=1.992=278889/140000
[2022-04-13 21:04:26.212] E001 |   600/1398 batches | lr 20.0000 | loss  6.269 | ppl    528.03 frag_cnt/word_cnt=1.987=278114/140000
[2022-04-13 21:04:44.412] E001 |   800/1398 batches | lr 20.0000 | loss  6.092 | ppl    442.34 frag_cnt/word_cnt=2.024=283344/140000
[2022-04-13 21:05:02.622] E001 |  1000/1398 batches | lr 20.0000 | loss  5.898 | ppl    364.37 frag_cnt/word_cnt=2.013=281852/140000
[2022-04-13 21:05:20.606] E001 |  1200/1398 batches | lr 20.0000 | loss  5.749 | ppl    313.97 frag_cnt/word_cnt=1.994=279148/140000
[2022-04-13 21:05:38.561] E001 |  1398/1398 batches | lr 20.0000 | loss  5.623 | ppl    276.75 frag_cnt/word_cnt=1.977=274023/138600
[2022-04-13 21:05:50.314] End E001 | valid loss  5.710; ppl    301.76 | accu 0.1899 = 43231/227640 | w_len 1.9094 = 434646/227640
[2022-04-13 21:06:16.601] End E001 |  test loss  8.281; ppl   3948.40 | accu 0.0777 = 39375/506840 | w_len 2.1955 = 1112758/506840 ../data/sample_500k/adult_test.txt
[2022-04-13 21:06:22.385] End E001 |  test loss  6.284; ppl    536.08 | accu 0.1969 = 22093/112220 | w_len 2.2686 = 254586/112220 ../data/sample_500k/adolescent_valid.txt
[2022-04-13 21:06:28.176] End E001 |  test loss  5.155; ppl    173.23 | accu 0.1826 = 21070/115380 | w_len 1.5599 = 179977/115380 ../data/sample_500k/cbt_valid.txt
[2022-04-13 21:06:28.176] Save: model.pt... 
[2022-04-13 21:06:28.890] Save: model.pt...Done. best_val_loss: 5.7096
[2022-04-13 21:06:28.890] Epoch 002/20 ==================================================
[2022-04-13 21:06:46.835] E002 |   200/1398 batches | lr 20.0000 | loss  5.561 | ppl    260.09 frag_cnt/word_cnt=1.952=273308/140000
[2022-04-13 21:07:05.121] E002 |   400/1398 batches | lr 20.0000 | loss  5.498 | ppl    244.12 frag_cnt/word_cnt=1.992=278889/140000
[2022-04-13 21:07:23.809] E002 |   600/1398 batches | lr 20.0000 | loss  5.372 | ppl    215.37 frag_cnt/word_cnt=1.987=278114/140000
[2022-04-13 21:07:42.477] E002 |   800/1398 batches | lr 20.0000 | loss  5.438 | ppl    229.92 frag_cnt/word_cnt=2.024=283344/140000
[2022-04-13 21:08:01.033] E002 |  1000/1398 batches | lr 20.0000 | loss  5.362 | ppl    213.08 frag_cnt/word_cnt=2.013=281852/140000
[2022-04-13 21:08:19.205] E002 |  1200/1398 batches | lr 20.0000 | loss  5.287 | ppl    197.82 frag_cnt/word_cnt=1.994=279148/140000
[2022-04-13 21:08:37.878] E002 |  1398/1398 batches | lr 20.0000 | loss  5.230 | ppl    186.82 frag_cnt/word_cnt=1.977=274023/138600
[2022-04-13 21:08:51.711] End E002 | valid loss  5.474; ppl    238.52 | accu 0.2040 = 46448/227640 | w_len 1.9094 = 434646/227640
[2022-04-13 21:09:22.827] End E002 |  test loss  8.374; ppl   4332.70 | accu 0.0729 = 36970/506840 | w_len 2.1955 = 1112758/506840 ../data/sample_500k/adult_test.txt
[2022-04-13 21:09:29.708] End E002 |  test loss  6.055; ppl    426.20 | accu 0.2048 = 22981/112220 | w_len 2.2686 = 254586/112220 ../data/sample_500k/adolescent_valid.txt
[2022-04-13 21:09:36.586] End E002 |  test loss  4.910; ppl    135.61 | accu 0.2034 = 23464/115380 | w_len 1.5599 = 179977/115380 ../data/sample_500k/cbt_valid.txt
[2022-04-13 21:09:36.586] Save: model.pt... 
[2022-04-13 21:09:37.282] Save: model.pt...Done. best_val_loss: 5.4744
[2022-04-13 21:09:37.282] Epoch 003/20 ==================================================
[2022-04-13 21:09:55.534] E003 |   200/1398 batches | lr 20.0000 | loss  5.218 | ppl    184.60 frag_cnt/word_cnt=1.952=273308/140000
[2022-04-13 21:10:13.855] E003 |   400/1398 batches | lr 20.0000 | loss  5.209 | ppl    182.87 frag_cnt/word_cnt=1.992=278889/140000
[2022-04-13 21:10:32.919] E003 |   600/1398 batches | lr 20.0000 | loss  5.113 | ppl    166.23 frag_cnt/word_cnt=1.987=278114/140000
[2022-04-13 21:10:51.197] E003 |   800/1398 batches | lr 20.0000 | loss  5.201 | ppl    181.53 frag_cnt/word_cnt=2.024=283344/140000
[2022-04-13 21:11:09.690] E003 |  1000/1398 batches | lr 20.0000 | loss  5.137 | ppl    170.17 frag_cnt/word_cnt=2.013=281852/140000
[2022-04-13 21:11:27.790] E003 |  1200/1398 batches | lr 20.0000 | loss  5.072 | ppl    159.46 frag_cnt/word_cnt=1.994=279148/140000
[2022-04-13 21:11:45.715] E003 |  1398/1398 batches | lr 20.0000 | loss  5.026 | ppl    152.27 frag_cnt/word_cnt=1.977=274023/138600
[2022-04-13 21:11:57.349] End E003 | valid loss  5.392; ppl    219.68 | accu 0.2087 = 47512/227640 | w_len 1.9094 = 434646/227640
[2022-04-13 21:12:23.383] End E003 |  test loss  8.699; ppl   5996.99 | accu 0.0656 = 33225/506840 | w_len 2.1955 = 1112758/506840 ../data/sample_500k/adult_test.txt
[2022-04-13 21:12:29.127] End E003 |  test loss  6.004; ppl    405.14 | accu 0.2058 = 23098/112220 | w_len 2.2686 = 254586/112220 ../data/sample_500k/adolescent_valid.txt
[2022-04-13 21:12:34.856] End E003 |  test loss  4.800; ppl    121.51 | accu 0.2112 = 24369/115380 | w_len 1.5599 = 179977/115380 ../data/sample_500k/cbt_valid.txt
[2022-04-13 21:12:34.856] Save: model.pt... 
[2022-04-13 21:12:35.571] Save: model.pt...Done. best_val_loss: 5.3922
[2022-04-13 21:12:35.571] Epoch 004/20 ==================================================
[2022-04-13 21:12:53.522] E004 |   200/1398 batches | lr 20.0000 | loss  5.040 | ppl    154.47 frag_cnt/word_cnt=1.952=273308/140000
[2022-04-13 21:13:11.808] E004 |   400/1398 batches | lr 20.0000 | loss  5.032 | ppl    153.17 frag_cnt/word_cnt=1.992=278889/140000
[2022-04-13 21:13:30.374] E004 |   600/1398 batches | lr 20.0000 | loss  4.951 | ppl    141.37 frag_cnt/word_cnt=1.987=278114/140000
[2022-04-13 21:13:49.292] E004 |   800/1398 batches | lr 20.0000 | loss  5.047 | ppl    155.52 frag_cnt/word_cnt=2.024=283344/140000
[2022-04-13 21:14:07.843] E004 |  1000/1398 batches | lr 20.0000 | loss  4.985 | ppl    146.23 frag_cnt/word_cnt=2.013=281852/140000
[2022-04-13 21:14:26.085] E004 |  1200/1398 batches | lr 20.0000 | loss  4.923 | ppl    137.45 frag_cnt/word_cnt=1.994=279148/140000
[2022-04-13 21:14:44.166] E004 |  1398/1398 batches | lr 20.0000 | loss  4.884 | ppl    132.15 frag_cnt/word_cnt=1.977=274023/138600
[2022-04-13 21:14:55.863] End E004 | valid loss  5.334; ppl    207.33 | accu 0.2132 = 48527/227640 | w_len 1.9094 = 434646/227640
[2022-04-13 21:15:23.819] End E004 |  test loss  8.427; ppl   4568.89 | accu 0.0732 = 37088/506840 | w_len 2.1955 = 1112758/506840 ../data/sample_500k/adult_test.txt
[2022-04-13 21:15:29.615] End E004 |  test loss  5.941; ppl    380.15 | accu 0.2111 = 23688/112220 | w_len 2.2686 = 254586/112220 ../data/sample_500k/adolescent_valid.txt
[2022-04-13 21:15:35.375] End E004 |  test loss  4.748; ppl    115.35 | accu 0.2149 = 24796/115380 | w_len 1.5599 = 179977/115380 ../data/sample_500k/cbt_valid.txt
[2022-04-13 21:15:35.375] Save: model.pt... 
[2022-04-13 21:15:36.102] Save: model.pt...Done. best_val_loss: 5.3343
[2022-04-13 21:15:36.102] Epoch 005/20 ==================================================
[2022-04-13 21:15:54.263] E005 |   200/1398 batches | lr 20.0000 | loss  4.909 | ppl    135.51 frag_cnt/word_cnt=1.952=273308/140000
[2022-04-13 21:16:12.358] E005 |   400/1398 batches | lr 20.0000 | loss  4.909 | ppl    135.51 frag_cnt/word_cnt=1.992=278889/140000
[2022-04-13 21:16:30.643] E005 |   600/1398 batches | lr 20.0000 | loss  4.837 | ppl    126.06 frag_cnt/word_cnt=1.987=278114/140000
[2022-04-13 21:16:49.275] E005 |   800/1398 batches | lr 20.0000 | loss  4.932 | ppl    138.66 frag_cnt/word_cnt=2.024=283344/140000
[2022-04-13 21:17:07.376] E005 |  1000/1398 batches | lr 20.0000 | loss  4.870 | ppl    130.33 frag_cnt/word_cnt=2.013=281852/140000
[2022-04-13 21:17:26.147] E005 |  1200/1398 batches | lr 20.0000 | loss  4.813 | ppl    123.09 frag_cnt/word_cnt=1.994=279148/140000
[2022-04-13 21:17:44.134] E005 |  1398/1398 batches | lr 20.0000 | loss  4.778 | ppl    118.83 frag_cnt/word_cnt=1.977=274023/138600
[2022-04-13 21:17:55.678] End E005 | valid loss  5.319; ppl    204.25 | accu 0.2115 = 48154/227640 | w_len 1.9094 = 434646/227640
[2022-04-13 21:18:21.680] End E005 |  test loss  8.344; ppl   4204.05 | accu 0.0790 = 40016/506840 | w_len 2.1955 = 1112758/506840 ../data/sample_500k/adult_test.txt
[2022-04-13 21:18:27.428] End E005 |  test loss  5.941; ppl    380.49 | accu 0.2052 = 23029/112220 | w_len 2.2686 = 254586/112220 ../data/sample_500k/adolescent_valid.txt
[2022-04-13 21:18:33.153] End E005 |  test loss  4.706; ppl    110.62 | accu 0.2180 = 25158/115380 | w_len 1.5599 = 179977/115380 ../data/sample_500k/cbt_valid.txt
[2022-04-13 21:18:33.154] Save: model.pt... 
[2022-04-13 21:18:33.849] Save: model.pt...Done. best_val_loss: 5.3193
[2022-04-13 21:18:33.849] Epoch 006/20 ==================================================
[2022-04-13 21:18:51.911] E006 |   200/1398 batches | lr 20.0000 | loss  4.804 | ppl    122.02 frag_cnt/word_cnt=1.952=273308/140000
[2022-04-13 21:19:10.030] E006 |   400/1398 batches | lr 20.0000 | loss  4.804 | ppl    121.96 frag_cnt/word_cnt=1.992=278889/140000
[2022-04-13 21:19:28.019] E006 |   600/1398 batches | lr 20.0000 | loss  4.734 | ppl    113.72 frag_cnt/word_cnt=1.987=278114/140000
[2022-04-13 21:19:46.413] E006 |   800/1398 batches | lr 20.0000 | loss  4.840 | ppl    126.43 frag_cnt/word_cnt=2.024=283344/140000
[2022-04-13 21:20:04.599] E006 |  1000/1398 batches | lr 20.0000 | loss  4.774 | ppl    118.41 frag_cnt/word_cnt=2.013=281852/140000
[2022-04-13 21:20:22.602] E006 |  1200/1398 batches | lr 20.0000 | loss  4.714 | ppl    111.49 frag_cnt/word_cnt=1.994=279148/140000
[2022-04-13 21:20:40.822] E006 |  1398/1398 batches | lr 20.0000 | loss  4.686 | ppl    108.42 frag_cnt/word_cnt=1.977=274023/138600
[2022-04-13 21:20:52.553] End E006 | valid loss  5.316; ppl    203.58 | accu 0.2148 = 48887/227640 | w_len 1.9094 = 434646/227640
[2022-04-13 21:21:18.809] End E006 |  test loss  8.321; ppl   4109.47 | accu 0.0813 = 41207/506840 | w_len 2.1955 = 1112758/506840 ../data/sample_500k/adult_test.txt
[2022-04-13 21:21:24.615] End E006 |  test loss  5.956; ppl    385.92 | accu 0.2105 = 23624/112220 | w_len 2.2686 = 254586/112220 ../data/sample_500k/adolescent_valid.txt
[2022-04-13 21:21:30.379] End E006 |  test loss  4.693; ppl    109.21 | accu 0.2186 = 25217/115380 | w_len 1.5599 = 179977/115380 ../data/sample_500k/cbt_valid.txt
[2022-04-13 21:21:30.380] Save: model.pt... 
[2022-04-13 21:21:31.069] Save: model.pt...Done. best_val_loss: 5.3161
[2022-04-13 21:21:31.070] Epoch 007/20 ==================================================
[2022-04-13 21:21:49.668] E007 |   200/1398 batches | lr 20.0000 | loss  4.715 | ppl    111.56 frag_cnt/word_cnt=1.952=273308/140000
[2022-04-13 21:22:08.400] E007 |   400/1398 batches | lr 20.0000 | loss  4.717 | ppl    111.83 frag_cnt/word_cnt=1.992=278889/140000
[2022-04-13 21:22:26.607] E007 |   600/1398 batches | lr 20.0000 | loss  4.648 | ppl    104.40 frag_cnt/word_cnt=1.987=278114/140000
[2022-04-13 21:22:45.005] E007 |   800/1398 batches | lr 20.0000 | loss  4.751 | ppl    115.73 frag_cnt/word_cnt=2.024=283344/140000
[2022-04-13 21:23:03.201] E007 |  1000/1398 batches | lr 20.0000 | loss  4.689 | ppl    108.71 frag_cnt/word_cnt=2.013=281852/140000
[2022-04-13 21:23:21.892] E007 |  1200/1398 batches | lr 20.0000 | loss  4.631 | ppl    102.62 frag_cnt/word_cnt=1.994=279148/140000
[2022-04-13 21:23:39.966] E007 |  1398/1398 batches | lr 20.0000 | loss  4.603 | ppl     99.80 frag_cnt/word_cnt=1.977=274023/138600
[2022-04-13 21:23:51.624] End E007 | valid loss  5.290; ppl    198.33 | accu 0.2179 = 49597/227640 | w_len 1.9094 = 434646/227640
[2022-04-13 21:24:17.767] End E007 |  test loss  8.453; ppl   4690.77 | accu 0.0645 = 32674/506840 | w_len 2.1955 = 1112758/506840 ../data/sample_500k/adult_test.txt
[2022-04-13 21:24:23.527] End E007 |  test loss  5.959; ppl    387.21 | accu 0.2086 = 23410/112220 | w_len 2.2686 = 254586/112220 ../data/sample_500k/adolescent_valid.txt
[2022-04-13 21:24:29.332] End E007 |  test loss  4.686; ppl    108.37 | accu 0.2226 = 25684/115380 | w_len 1.5599 = 179977/115380 ../data/sample_500k/cbt_valid.txt
[2022-04-13 21:24:29.332] Save: model.pt... 
[2022-04-13 21:24:30.050] Save: model.pt...Done. best_val_loss: 5.2900
[2022-04-13 21:24:30.050] Epoch 008/20 ==================================================
[2022-04-13 21:24:48.343] E008 |   200/1398 batches | lr 20.0000 | loss  4.638 | ppl    103.36 frag_cnt/word_cnt=1.952=273308/140000
[2022-04-13 21:25:06.623] E008 |   400/1398 batches | lr 20.0000 | loss  4.640 | ppl    103.57 frag_cnt/word_cnt=1.992=278889/140000
[2022-04-13 21:25:24.817] E008 |   600/1398 batches | lr 20.0000 | loss  4.572 | ppl     96.77 frag_cnt/word_cnt=1.987=278114/140000
[2022-04-13 21:25:43.220] E008 |   800/1398 batches | lr 20.0000 | loss  4.674 | ppl    107.11 frag_cnt/word_cnt=2.024=283344/140000
[2022-04-13 21:26:01.698] E008 |  1000/1398 batches | lr 20.0000 | loss  4.611 | ppl    100.54 frag_cnt/word_cnt=2.013=281852/140000
[2022-04-13 21:26:20.743] E008 |  1200/1398 batches | lr 20.0000 | loss  4.561 | ppl     95.71 frag_cnt/word_cnt=1.994=279148/140000
[2022-04-13 21:26:39.053] E008 |  1398/1398 batches | lr 20.0000 | loss  4.532 | ppl     92.91 frag_cnt/word_cnt=1.977=274023/138600
[2022-04-13 21:26:50.689] End E008 | valid loss  5.288; ppl    197.86 | accu 0.2171 = 49418/227640 | w_len 1.9094 = 434646/227640
[2022-04-13 21:27:16.834] End E008 |  test loss  8.305; ppl   4042.09 | accu 0.0855 = 43341/506840 | w_len 2.1955 = 1112758/506840 ../data/sample_500k/adult_test.txt
[2022-04-13 21:27:22.598] End E008 |  test loss  5.913; ppl    369.99 | accu 0.2118 = 23773/112220 | w_len 2.2686 = 254586/112220 ../data/sample_500k/adolescent_valid.txt
[2022-04-13 21:27:28.349] End E008 |  test loss  4.672; ppl    106.89 | accu 0.2234 = 25773/115380 | w_len 1.5599 = 179977/115380 ../data/sample_500k/cbt_valid.txt
[2022-04-13 21:27:28.350] Save: model.pt... 
[2022-04-13 21:27:29.159] Save: model.pt...Done. best_val_loss: 5.2875
[2022-04-13 21:27:29.159] Epoch 009/20 ==================================================
[2022-04-13 21:27:48.187] E009 |   200/1398 batches | lr 20.0000 | loss  4.565 | ppl     96.05 frag_cnt/word_cnt=1.952=273308/140000
[2022-04-13 21:28:06.395] E009 |   400/1398 batches | lr 20.0000 | loss  4.567 | ppl     96.22 frag_cnt/word_cnt=1.992=278889/140000
[2022-04-13 21:28:24.680] E009 |   600/1398 batches | lr 20.0000 | loss  4.502 | ppl     90.21 frag_cnt/word_cnt=1.987=278114/140000
[2022-04-13 21:28:42.920] E009 |   800/1398 batches | lr 20.0000 | loss  4.616 | ppl    101.07 frag_cnt/word_cnt=2.024=283344/140000
[2022-04-13 21:29:01.091] E009 |  1000/1398 batches | lr 20.0000 | loss  4.542 | ppl     93.85 frag_cnt/word_cnt=2.013=281852/140000
[2022-04-13 21:29:19.347] E009 |  1200/1398 batches | lr 20.0000 | loss  4.491 | ppl     89.23 frag_cnt/word_cnt=1.994=279148/140000
[2022-04-13 21:29:37.517] E009 |  1398/1398 batches | lr 20.0000 | loss  4.470 | ppl     87.31 frag_cnt/word_cnt=1.977=274023/138600
[2022-04-13 21:29:49.188] End E009 | valid loss  5.299; ppl    200.14 | accu 0.2158 = 49129/227640 | w_len 1.9094 = 434646/227640
[2022-04-13 21:30:15.451] End E009 |  test loss  8.322; ppl   4113.83 | accu 0.0872 = 44186/506840 | w_len 2.1955 = 1112758/506840 ../data/sample_500k/adult_test.txt
[2022-04-13 21:30:21.220] End E009 |  test loss  5.946; ppl    382.19 | accu 0.2080 = 23339/112220 | w_len 2.2686 = 254586/112220 ../data/sample_500k/adolescent_valid.txt
[2022-04-13 21:30:26.984] End E009 |  test loss  4.675; ppl    107.22 | accu 0.2224 = 25655/115380 | w_len 1.5599 = 179977/115380 ../data/sample_500k/cbt_valid.txt
[2022-04-13 21:30:26.984] Epoch 010/20 ==================================================
[2022-04-13 21:30:44.687] E010 |   200/1398 batches | lr 10.0000 | loss  4.444 | ppl     85.12 frag_cnt/word_cnt=1.952=273308/140000
[2022-04-13 21:31:03.079] E010 |   400/1398 batches | lr 10.0000 | loss  4.415 | ppl     82.69 frag_cnt/word_cnt=1.992=278889/140000
[2022-04-13 21:31:21.421] E010 |   600/1398 batches | lr 10.0000 | loss  4.331 | ppl     76.04 frag_cnt/word_cnt=1.987=278114/140000
[2022-04-13 21:31:40.094] E010 |   800/1398 batches | lr 10.0000 | loss  4.417 | ppl     82.85 frag_cnt/word_cnt=2.024=283344/140000
[2022-04-13 21:31:58.398] E010 |  1000/1398 batches | lr 10.0000 | loss  4.341 | ppl     76.80 frag_cnt/word_cnt=2.013=281852/140000
[2022-04-13 21:32:16.807] E010 |  1200/1398 batches | lr 10.0000 | loss  4.275 | ppl     71.87 frag_cnt/word_cnt=1.994=279148/140000
[2022-04-13 21:32:35.472] E010 |  1398/1398 batches | lr 10.0000 | loss  4.239 | ppl     69.32 frag_cnt/word_cnt=1.977=274023/138600
[2022-04-13 21:32:47.134] End E010 | valid loss  5.210; ppl    183.18 | accu 0.2303 = 52436/227640 | w_len 1.9094 = 434646/227640
[2022-04-13 21:33:13.918] End E010 |  test loss  8.789; ppl   6562.95 | accu 0.0616 = 31227/506840 | w_len 2.1955 = 1112758/506840 ../data/sample_500k/adult_test.txt
[2022-04-13 21:33:20.799] End E010 |  test loss  5.852; ppl    347.89 | accu 0.2238 = 25114/112220 | w_len 2.2686 = 254586/112220 ../data/sample_500k/adolescent_valid.txt
[2022-04-13 21:33:27.663] End E010 |  test loss  4.588; ppl     98.28 | accu 0.2364 = 27275/115380 | w_len 1.5599 = 179977/115380 ../data/sample_500k/cbt_valid.txt
[2022-04-13 21:33:27.664] Save: model.pt... 
[2022-04-13 21:33:28.345] Save: model.pt...Done. best_val_loss: 5.2105
[2022-04-13 21:33:28.345] Epoch 011/20 ==================================================
[2022-04-13 21:33:46.820] E011 |   200/1398 batches | lr 10.0000 | loss  4.338 | ppl     76.59 frag_cnt/word_cnt=1.952=273308/140000
[2022-04-13 21:34:04.993] E011 |   400/1398 batches | lr 10.0000 | loss  4.325 | ppl     75.54 frag_cnt/word_cnt=1.992=278889/140000
[2022-04-13 21:34:24.443] E011 |   600/1398 batches | lr 10.0000 | loss  4.258 | ppl     70.66 frag_cnt/word_cnt=1.987=278114/140000
[2022-04-13 21:34:42.485] E011 |   800/1398 batches | lr 10.0000 | loss  4.349 | ppl     77.39 frag_cnt/word_cnt=2.024=283344/140000
[2022-04-13 21:35:01.051] E011 |  1000/1398 batches | lr 10.0000 | loss  4.280 | ppl     72.21 frag_cnt/word_cnt=2.013=281852/140000
[2022-04-13 21:35:19.210] E011 |  1200/1398 batches | lr 10.0000 | loss  4.228 | ppl     68.58 frag_cnt/word_cnt=1.994=279148/140000
[2022-04-13 21:35:37.189] E011 |  1398/1398 batches | lr 10.0000 | loss  4.195 | ppl     66.39 frag_cnt/word_cnt=1.977=274023/138600
[2022-04-13 21:35:48.757] End E011 | valid loss  5.221; ppl    185.18 | accu 0.2295 = 52253/227640 | w_len 1.9094 = 434646/227640
[2022-04-13 21:36:14.742] End E011 |  test loss  8.377; ppl   4345.88 | accu 0.0869 = 44068/506840 | w_len 2.1955 = 1112758/506840 ../data/sample_500k/adult_test.txt
[2022-04-13 21:36:20.478] End E011 |  test loss  5.840; ppl    343.91 | accu 0.2254 = 25295/112220 | w_len 2.2686 = 254586/112220 ../data/sample_500k/adolescent_valid.txt
[2022-04-13 21:36:26.178] End E011 |  test loss  4.616; ppl    101.10 | accu 0.2338 = 26974/115380 | w_len 1.5599 = 179977/115380 ../data/sample_500k/cbt_valid.txt
[2022-04-13 21:36:26.178] Epoch 012/20 ==================================================
[2022-04-13 21:36:44.329] E012 |   200/1398 batches | lr 5.0000 | loss  4.276 | ppl     71.95 frag_cnt/word_cnt=1.952=273308/140000
[2022-04-13 21:37:02.459] E012 |   400/1398 batches | lr 5.0000 | loss  4.244 | ppl     69.71 frag_cnt/word_cnt=1.992=278889/140000
[2022-04-13 21:37:20.613] E012 |   600/1398 batches | lr 5.0000 | loss  4.168 | ppl     64.58 frag_cnt/word_cnt=1.987=278114/140000
[2022-04-13 21:37:39.162] E012 |   800/1398 batches | lr 5.0000 | loss  4.244 | ppl     69.71 frag_cnt/word_cnt=2.024=283344/140000
[2022-04-13 21:37:57.368] E012 |  1000/1398 batches | lr 5.0000 | loss  4.175 | ppl     65.05 frag_cnt/word_cnt=2.013=281852/140000
[2022-04-13 21:38:16.430] E012 |  1200/1398 batches | lr 5.0000 | loss  4.109 | ppl     60.87 frag_cnt/word_cnt=1.994=279148/140000
[2022-04-13 21:38:34.677] E012 |  1398/1398 batches | lr 5.0000 | loss  4.071 | ppl     58.61 frag_cnt/word_cnt=1.977=274023/138600
[2022-04-13 21:38:46.250] End E012 | valid loss  5.181; ppl    177.89 | accu 0.2363 = 53800/227640 | w_len 1.9094 = 434646/227640
[2022-04-13 21:39:12.183] End E012 |  test loss  8.487; ppl   4853.20 | accu 0.0850 = 43095/506840 | w_len 2.1955 = 1112758/506840 ../data/sample_500k/adult_test.txt
[2022-04-13 21:39:17.908] End E012 |  test loss  5.825; ppl    338.74 | accu 0.2300 = 25809/112220 | w_len 2.2686 = 254586/112220 ../data/sample_500k/adolescent_valid.txt
[2022-04-13 21:39:23.618] End E012 |  test loss  4.559; ppl     95.49 | accu 0.2414 = 27857/115380 | w_len 1.5599 = 179977/115380 ../data/sample_500k/cbt_valid.txt
[2022-04-13 21:39:23.618] Save: model.pt... 
[2022-04-13 21:39:24.294] Save: model.pt...Done. best_val_loss: 5.1812
[2022-04-13 21:39:24.294] Epoch 013/20 ==================================================
[2022-04-13 21:39:42.523] E013 |   200/1398 batches | lr 5.0000 | loss  4.213 | ppl     67.57 frag_cnt/word_cnt=1.952=273308/140000
[2022-04-13 21:40:00.947] E013 |   400/1398 batches | lr 5.0000 | loss  4.191 | ppl     66.06 frag_cnt/word_cnt=1.992=278889/140000
[2022-04-13 21:40:19.709] E013 |   600/1398 batches | lr 5.0000 | loss  4.124 | ppl     61.84 frag_cnt/word_cnt=1.987=278114/140000
[2022-04-13 21:40:38.425] E013 |   800/1398 batches | lr 5.0000 | loss  4.208 | ppl     67.24 frag_cnt/word_cnt=2.024=283344/140000
[2022-04-13 21:40:56.565] E013 |  1000/1398 batches | lr 5.0000 | loss  4.143 | ppl     62.99 frag_cnt/word_cnt=2.013=281852/140000
[2022-04-13 21:41:14.880] E013 |  1200/1398 batches | lr 5.0000 | loss  4.080 | ppl     59.17 frag_cnt/word_cnt=1.994=279148/140000
[2022-04-13 21:41:32.989] E013 |  1398/1398 batches | lr 5.0000 | loss  4.051 | ppl     57.43 frag_cnt/word_cnt=1.977=274023/138600
[2022-04-13 21:41:44.570] End E013 | valid loss  5.180; ppl    177.70 | accu 0.2369 = 53939/227640 | w_len 1.9094 = 434646/227640
[2022-04-13 21:42:10.644] End E013 |  test loss  8.455; ppl   4697.32 | accu 0.0854 = 43262/506840 | w_len 2.1955 = 1112758/506840 ../data/sample_500k/adult_test.txt
[2022-04-13 21:42:16.401] End E013 |  test loss  5.825; ppl    338.55 | accu 0.2301 = 25824/112220 | w_len 2.2686 = 254586/112220 ../data/sample_500k/adolescent_valid.txt
[2022-04-13 21:42:22.139] End E013 |  test loss  4.556; ppl     95.20 | accu 0.2425 = 27976/115380 | w_len 1.5599 = 179977/115380 ../data/sample_500k/cbt_valid.txt
[2022-04-13 21:42:22.139] Save: model.pt... 
[2022-04-13 21:42:22.822] Save: model.pt...Done. best_val_loss: 5.1801
[2022-04-13 21:42:22.823] Epoch 014/20 ==================================================
[2022-04-13 21:42:41.415] E014 |   200/1398 batches | lr 5.0000 | loss  4.173 | ppl     64.89 frag_cnt/word_cnt=1.952=273308/140000
[2022-04-13 21:42:59.977] E014 |   400/1398 batches | lr 5.0000 | loss  4.153 | ppl     63.64 frag_cnt/word_cnt=1.992=278889/140000
[2022-04-13 21:43:18.020] E014 |   600/1398 batches | lr 5.0000 | loss  4.093 | ppl     59.93 frag_cnt/word_cnt=1.987=278114/140000
[2022-04-13 21:43:35.913] E014 |   800/1398 batches | lr 5.0000 | loss  4.176 | ppl     65.08 frag_cnt/word_cnt=2.024=283344/140000
[2022-04-13 21:43:54.287] E014 |  1000/1398 batches | lr 5.0000 | loss  4.120 | ppl     61.54 frag_cnt/word_cnt=2.013=281852/140000
[2022-04-13 21:44:13.323] E014 |  1200/1398 batches | lr 5.0000 | loss  4.053 | ppl     57.58 frag_cnt/word_cnt=1.994=279148/140000
[2022-04-13 21:44:31.477] E014 |  1398/1398 batches | lr 5.0000 | loss  4.029 | ppl     56.23 frag_cnt/word_cnt=1.977=274023/138600
[2022-04-13 21:44:43.066] End E014 | valid loss  5.188; ppl    179.17 | accu 0.2368 = 53898/227640 | w_len 1.9094 = 434646/227640
[2022-04-13 21:45:09.148] End E014 |  test loss  8.503; ppl   4927.68 | accu 0.0855 = 43338/506840 | w_len 2.1955 = 1112758/506840 ../data/sample_500k/adult_test.txt
[2022-04-13 21:45:14.846] End E014 |  test loss  5.842; ppl    344.46 | accu 0.2301 = 25818/112220 | w_len 2.2686 = 254586/112220 ../data/sample_500k/adolescent_valid.txt
[2022-04-13 21:45:20.519] End E014 |  test loss  4.556; ppl     95.24 | accu 0.2426 = 27988/115380 | w_len 1.5599 = 179977/115380 ../data/sample_500k/cbt_valid.txt
[2022-04-13 21:45:20.519] Epoch 015/20 ==================================================
[2022-04-13 21:45:38.561] E015 |   200/1398 batches | lr 2.5000 | loss  4.150 | ppl     63.44 frag_cnt/word_cnt=1.952=273308/140000
[2022-04-13 21:45:57.108] E015 |   400/1398 batches | lr 2.5000 | loss  4.119 | ppl     61.52 frag_cnt/word_cnt=1.992=278889/140000
[2022-04-13 21:46:15.305] E015 |   600/1398 batches | lr 2.5000 | loss  4.051 | ppl     57.44 frag_cnt/word_cnt=1.987=278114/140000
[2022-04-13 21:46:33.498] E015 |   800/1398 batches | lr 2.5000 | loss  4.123 | ppl     61.72 frag_cnt/word_cnt=2.024=283344/140000
[2022-04-13 21:46:51.739] E015 |  1000/1398 batches | lr 2.5000 | loss  4.065 | ppl     58.29 frag_cnt/word_cnt=2.013=281852/140000
[2022-04-13 21:47:09.931] E015 |  1200/1398 batches | lr 2.5000 | loss  3.995 | ppl     54.32 frag_cnt/word_cnt=1.994=279148/140000
[2022-04-13 21:47:27.953] E015 |  1398/1398 batches | lr 2.5000 | loss  3.964 | ppl     52.67 frag_cnt/word_cnt=1.977=274023/138600
[2022-04-13 21:47:39.458] End E015 | valid loss  5.175; ppl    176.86 | accu 0.2391 = 54426/227640 | w_len 1.9094 = 434646/227640
[2022-04-13 21:48:05.379] End E015 |  test loss  8.545; ppl   5138.71 | accu 0.0840 = 42585/506840 | w_len 2.1955 = 1112758/506840 ../data/sample_500k/adult_test.txt
[2022-04-13 21:48:11.117] End E015 |  test loss  5.834; ppl    341.83 | accu 0.2320 = 26040/112220 | w_len 2.2686 = 254586/112220 ../data/sample_500k/adolescent_valid.txt
[2022-04-13 21:48:16.818] End E015 |  test loss  4.537; ppl     93.45 | accu 0.2453 = 28297/115380 | w_len 1.5599 = 179977/115380 ../data/sample_500k/cbt_valid.txt
[2022-04-13 21:48:16.818] Save: model.pt... 
[2022-04-13 21:48:17.481] Save: model.pt...Done. best_val_loss: 5.1754
[2022-04-13 21:48:17.481] Epoch 016/20 ==================================================
[2022-04-13 21:48:35.590] E016 |   200/1398 batches | lr 2.5000 | loss  4.118 | ppl     61.43 frag_cnt/word_cnt=1.952=273308/140000
[2022-04-13 21:48:53.794] E016 |   400/1398 batches | lr 2.5000 | loss  4.089 | ppl     59.67 frag_cnt/word_cnt=1.992=278889/140000
[2022-04-13 21:49:12.032] E016 |   600/1398 batches | lr 2.5000 | loss  4.027 | ppl     56.10 frag_cnt/word_cnt=1.987=278114/140000
[2022-04-13 21:49:30.193] E016 |   800/1398 batches | lr 2.5000 | loss  4.105 | ppl     60.67 frag_cnt/word_cnt=2.024=283344/140000
[2022-04-13 21:49:49.259] E016 |  1000/1398 batches | lr 2.5000 | loss  4.048 | ppl     57.27 frag_cnt/word_cnt=2.013=281852/140000
[2022-04-13 21:50:07.447] E016 |  1200/1398 batches | lr 2.5000 | loss  3.983 | ppl     53.67 frag_cnt/word_cnt=1.994=279148/140000
[2022-04-13 21:50:25.508] E016 |  1398/1398 batches | lr 2.5000 | loss  3.952 | ppl     52.04 frag_cnt/word_cnt=1.977=274023/138600
[2022-04-13 21:50:37.088] End E016 | valid loss  5.182; ppl    178.08 | accu 0.2387 = 54339/227640 | w_len 1.9094 = 434646/227640
[2022-04-13 21:51:03.100] End E016 |  test loss  8.530; ppl   5065.60 | accu 0.0852 = 43171/506840 | w_len 2.1955 = 1112758/506840 ../data/sample_500k/adult_test.txt
[2022-04-13 21:51:08.828] End E016 |  test loss  5.843; ppl    344.91 | accu 0.2324 = 26084/112220 | w_len 2.2686 = 254586/112220 ../data/sample_500k/adolescent_valid.txt
[2022-04-13 21:51:14.550] End E016 |  test loss  4.542; ppl     93.91 | accu 0.2442 = 28178/115380 | w_len 1.5599 = 179977/115380 ../data/sample_500k/cbt_valid.txt
[2022-04-13 21:51:14.550] Epoch 017/20 ==================================================
[2022-04-13 21:51:32.678] E017 |   200/1398 batches | lr 1.2500 | loss  4.101 | ppl     60.39 frag_cnt/word_cnt=1.952=273308/140000
[2022-04-13 21:51:50.891] E017 |   400/1398 batches | lr 1.2500 | loss  4.071 | ppl     58.63 frag_cnt/word_cnt=1.992=278889/140000
[2022-04-13 21:52:09.127] E017 |   600/1398 batches | lr 1.2500 | loss  4.009 | ppl     55.08 frag_cnt/word_cnt=1.987=278114/140000
[2022-04-13 21:52:27.382] E017 |   800/1398 batches | lr 1.2500 | loss  4.076 | ppl     58.92 frag_cnt/word_cnt=2.024=283344/140000
[2022-04-13 21:52:45.609] E017 |  1000/1398 batches | lr 1.2500 | loss  4.018 | ppl     55.58 frag_cnt/word_cnt=2.013=281852/140000
[2022-04-13 21:53:03.804] E017 |  1200/1398 batches | lr 1.2500 | loss  3.949 | ppl     51.89 frag_cnt/word_cnt=1.994=279148/140000
[2022-04-13 21:53:21.758] E017 |  1398/1398 batches | lr 1.2500 | loss  3.919 | ppl     50.33 frag_cnt/word_cnt=1.977=274023/138600
[2022-04-13 21:53:33.285] End E017 | valid loss  5.173; ppl    176.46 | accu 0.2405 = 54754/227640 | w_len 1.9094 = 434646/227640
[2022-04-13 21:53:59.187] End E017 |  test loss  8.569; ppl   5264.27 | accu 0.0852 = 43165/506840 | w_len 2.1955 = 1112758/506840 ../data/sample_500k/adult_test.txt
[2022-04-13 21:54:04.909] End E017 |  test loss  5.839; ppl    343.39 | accu 0.2337 = 26229/112220 | w_len 2.2686 = 254586/112220 ../data/sample_500k/adolescent_valid.txt
[2022-04-13 21:54:10.597] End E017 |  test loss  4.529; ppl     92.70 | accu 0.2464 = 28429/115380 | w_len 1.5599 = 179977/115380 ../data/sample_500k/cbt_valid.txt
[2022-04-13 21:54:10.597] Save: model.pt... 
[2022-04-13 21:54:11.270] Save: model.pt...Done. best_val_loss: 5.1731
[2022-04-13 21:54:11.270] Epoch 018/20 ==================================================
[2022-04-13 21:54:29.447] E018 |   200/1398 batches | lr 1.2500 | loss  4.087 | ppl     59.58 frag_cnt/word_cnt=1.952=273308/140000
[2022-04-13 21:54:47.639] E018 |   400/1398 batches | lr 1.2500 | loss  4.055 | ppl     57.71 frag_cnt/word_cnt=1.992=278889/140000
[2022-04-13 21:55:05.768] E018 |   600/1398 batches | lr 1.2500 | loss  3.994 | ppl     54.27 frag_cnt/word_cnt=1.987=278114/140000
[2022-04-13 21:55:23.979] E018 |   800/1398 batches | lr 1.2500 | loss  4.068 | ppl     58.43 frag_cnt/word_cnt=2.024=283344/140000
[2022-04-13 21:55:42.112] E018 |  1000/1398 batches | lr 1.2500 | loss  4.012 | ppl     55.25 frag_cnt/word_cnt=2.013=281852/140000
[2022-04-13 21:56:00.345] E018 |  1200/1398 batches | lr 1.2500 | loss  3.946 | ppl     51.75 frag_cnt/word_cnt=1.994=279148/140000
[2022-04-13 21:56:18.365] E018 |  1398/1398 batches | lr 1.2500 | loss  3.913 | ppl     50.06 frag_cnt/word_cnt=1.977=274023/138600
[2022-04-13 21:56:29.945] End E018 | valid loss  5.174; ppl    176.53 | accu 0.2406 = 54780/227640 | w_len 1.9094 = 434646/227640
[2022-04-13 21:56:55.862] End E018 |  test loss  8.566; ppl   5252.35 | accu 0.0855 = 43346/506840 | w_len 2.1955 = 1112758/506840 ../data/sample_500k/adult_test.txt
[2022-04-13 21:57:01.597] End E018 |  test loss  5.839; ppl    343.52 | accu 0.2336 = 26215/112220 | w_len 2.2686 = 254586/112220 ../data/sample_500k/adolescent_valid.txt
[2022-04-13 21:57:07.328] End E018 |  test loss  4.530; ppl     92.78 | accu 0.2470 = 28500/115380 | w_len 1.5599 = 179977/115380 ../data/sample_500k/cbt_valid.txt
[2022-04-13 21:57:07.328] Epoch 019/20 ==================================================
[2022-04-13 21:57:25.342] E019 |   200/1398 batches | lr 0.6250 | loss  4.078 | ppl     59.04 frag_cnt/word_cnt=1.952=273308/140000
[2022-04-13 21:57:43.543] E019 |   400/1398 batches | lr 0.6250 | loss  4.052 | ppl     57.52 frag_cnt/word_cnt=1.992=278889/140000
[2022-04-13 21:58:01.716] E019 |   600/1398 batches | lr 0.6250 | loss  3.987 | ppl     53.89 frag_cnt/word_cnt=1.987=278114/140000
[2022-04-13 21:58:19.963] E019 |   800/1398 batches | lr 0.6250 | loss  4.053 | ppl     57.59 frag_cnt/word_cnt=2.024=283344/140000
[2022-04-13 21:58:38.132] E019 |  1000/1398 batches | lr 0.6250 | loss  4.000 | ppl     54.57 frag_cnt/word_cnt=2.013=281852/140000
[2022-04-13 21:58:56.634] E019 |  1200/1398 batches | lr 0.6250 | loss  3.925 | ppl     50.65 frag_cnt/word_cnt=1.994=279148/140000
[2022-04-13 21:59:14.559] E019 |  1398/1398 batches | lr 0.6250 | loss  3.896 | ppl     49.21 frag_cnt/word_cnt=1.977=274023/138600
[2022-04-13 21:59:26.116] End E019 | valid loss  5.170; ppl    175.88 | accu 0.2416 = 54994/227640 | w_len 1.9094 = 434646/227640
[2022-04-13 21:59:52.119] End E019 |  test loss  8.589; ppl   5372.75 | accu 0.0848 = 42978/506840 | w_len 2.1955 = 1112758/506840 ../data/sample_500k/adult_test.txt
[2022-04-13 21:59:57.828] End E019 |  test loss  5.839; ppl    343.51 | accu 0.2343 = 26296/112220 | w_len 2.2686 = 254586/112220 ../data/sample_500k/adolescent_valid.txt
[2022-04-13 22:00:03.559] End E019 |  test loss  4.523; ppl     92.07 | accu 0.2480 = 28612/115380 | w_len 1.5599 = 179977/115380 ../data/sample_500k/cbt_valid.txt
[2022-04-13 22:00:03.559] Save: model.pt... 
[2022-04-13 22:00:04.223] Save: model.pt...Done. best_val_loss: 5.1698
[2022-04-13 22:00:04.223] Epoch 020/20 ==================================================
[2022-04-13 22:00:22.223] E020 |   200/1398 batches | lr 0.6250 | loss  4.065 | ppl     58.28 frag_cnt/word_cnt=1.952=273308/140000
[2022-04-13 22:00:40.447] E020 |   400/1398 batches | lr 0.6250 | loss  4.043 | ppl     57.00 frag_cnt/word_cnt=1.992=278889/140000
[2022-04-13 22:00:58.712] E020 |   600/1398 batches | lr 0.6250 | loss  3.976 | ppl     53.32 frag_cnt/word_cnt=1.987=278114/140000
[2022-04-13 22:01:16.465] E020 |   800/1398 batches | lr 0.6250 | loss  4.047 | ppl     57.22 frag_cnt/word_cnt=2.024=283344/140000
[2022-04-13 22:01:33.318] E020 |  1000/1398 batches | lr 0.6250 | loss  3.988 | ppl     53.94 frag_cnt/word_cnt=2.013=281852/140000
[2022-04-13 22:01:50.137] E020 |  1200/1398 batches | lr 0.6250 | loss  3.923 | ppl     50.56 frag_cnt/word_cnt=1.994=279148/140000
[2022-04-13 22:02:06.813] E020 |  1398/1398 batches | lr 0.6250 | loss  3.894 | ppl     49.09 frag_cnt/word_cnt=1.977=274023/138600
[2022-04-13 22:02:18.294] End E020 | valid loss  5.173; ppl    176.49 | accu 0.2416 = 54991/227640 | w_len 1.9094 = 434646/227640
[2022-04-13 22:02:44.388] End E020 |  test loss  8.572; ppl   5281.70 | accu 0.0859 = 43538/506840 | w_len 2.1955 = 1112758/506840 ../data/sample_500k/adult_test.txt
[2022-04-13 22:02:50.135] End E020 |  test loss  5.846; ppl    345.94 | accu 0.2342 = 26286/112220 | w_len 2.2686 = 254586/112220 ../data/sample_500k/adolescent_valid.txt
[2022-04-13 22:02:55.842] End E020 |  test loss  4.523; ppl     92.10 | accu 0.2483 = 28646/115380 | w_len 1.5599 = 179977/115380 ../data/sample_500k/cbt_valid.txt
[2022-04-13 22:03:21.998] End. test loss  8.59; ppl  5372.75 | accu 0.0848 = 42978/506840 | w_len 2.1955 = 1112758/506840 ../data/sample_500k/adult_test.txt
[2022-04-13 22:03:27.746] End. test loss  5.84; ppl   343.51 | accu 0.2343 = 26296/112220 | w_len 2.2686 = 254586/112220 ../data/sample_500k/adolescent_valid.txt
[2022-04-13 22:03:33.473] End. test loss  4.52; ppl    92.07 | accu 0.2480 = 28612/115380 | w_len 1.5599 = 179977/115380 ../data/sample_500k/cbt_valid.txt
[2022-04-13 22:03:33.474] =========================================================================================
[2022-04-13 22:03:33.474] valid_loss
[2022-04-13 22:03:33.474]  5.71, 5.47, 5.39, 5.33, 5.32, 5.32, 5.29, 5.29, 5.30, 5.21, 5.22, 5.18, 5.18, 5.19, 5.18, 5.18, 5.17, 5.17, 5.17, 5.17
[2022-04-13 22:03:33.474] valid_loss ppl
[2022-04-13 22:03:33.474]   301.76,  238.52,  219.68,  207.33,  204.25,  203.58,  198.33,  197.86,  200.14,  183.18,  185.18,  177.89,  177.70,  179.17,  176.86,  178.08,  176.46,  176.53,  175.88,  176.49
[2022-04-13 22:03:33.474] test_loss of ../data/sample_500k/adult_test.txt
[2022-04-13 22:03:33.474]  8.28, 8.37, 8.70, 8.43, 8.34, 8.32, 8.45, 8.30, 8.32, 8.79, 8.38, 8.49, 8.45, 8.50, 8.54, 8.53, 8.57, 8.57, 8.59, 8.57
[2022-04-13 22:03:33.474] test_loss of ../data/sample_500k/adult_test.txt ppl
[2022-04-13 22:03:33.474]  3948.40, 4332.70, 5996.99, 4568.89, 4204.05, 4109.47, 4690.77, 4042.09, 4113.83, 6562.95, 4345.88, 4853.20, 4697.32, 4927.68, 5138.71, 5065.60, 5264.27, 5252.35, 5372.75, 5281.70
[2022-04-13 22:03:33.474] test_loss of ../data/sample_500k/adolescent_valid.txt
[2022-04-13 22:03:33.474]  6.28, 6.05, 6.00, 5.94, 5.94, 5.96, 5.96, 5.91, 5.95, 5.85, 5.84, 5.83, 5.82, 5.84, 5.83, 5.84, 5.84, 5.84, 5.84, 5.85
[2022-04-13 22:03:33.474] test_loss of ../data/sample_500k/adolescent_valid.txt ppl
[2022-04-13 22:03:33.474]   536.08,  426.20,  405.14,  380.15,  380.49,  385.92,  387.21,  369.99,  382.19,  347.89,  343.91,  338.74,  338.55,  344.46,  341.83,  344.91,  343.39,  343.52,  343.51,  345.94
[2022-04-13 22:03:33.474] test_loss of ../data/sample_500k/cbt_valid.txt
[2022-04-13 22:03:33.475]  5.15, 4.91, 4.80, 4.75, 4.71, 4.69, 4.69, 4.67, 4.67, 4.59, 4.62, 4.56, 4.56, 4.56, 4.54, 4.54, 4.53, 4.53, 4.52, 4.52
[2022-04-13 22:03:33.475] test_loss of ../data/sample_500k/cbt_valid.txt ppl
[2022-04-13 22:03:33.475]   173.23,  135.61,  121.51,  115.35,  110.62,  109.21,  108.37,  106.89,  107.22,   98.28,  101.10,   95.49,   95.20,   95.24,   93.45,   93.91,   92.70,   92.78,   92.07,   92.10
[2022-04-13 22:03:33.475] 
[2022-04-13 22:03:33.475] 
[2022-04-13 22:03:33.475] 
