[2022-04-13 16:42:49.004] corpus.train_file_list: 2
[2022-04-13 16:42:49.005]         ../data/sample_500k/cbt_train.txt
[2022-04-13 16:42:49.005]         ../data/sample_500k/adolescent_train.txt
[2022-04-13 16:42:49.005] corpus.valid_file_list: 2
[2022-04-13 16:42:49.005]         ../data/sample_500k/cbt_valid.txt
[2022-04-13 16:42:49.005]         ../data/sample_500k/adolescent_valid.txt
[2022-04-13 16:42:49.005] corpus.test_file_list: 3
[2022-04-13 16:42:49.005]         ../data/sample_500k/adult_test.txt
[2022-04-13 16:42:49.005]         ../data/sample_500k/adolescent_valid.txt
[2022-04-13 16:42:49.005]         ../data/sample_500k/cbt_valid.txt
[2022-04-13 16:42:49.005] corpus.subword_vocab_size: 0
[2022-04-13 16:42:49.005] corpus.subword_model = None. Corpus will not use subword.
[2022-04-13 16:42:49.005] corpus tokenize...
[2022-04-13 16:42:49.649]         train tokens: 511735  ../data/sample_500k/cbt_train.txt
[2022-04-13 16:42:50.693]         train tokens: 467267  ../data/sample_500k/adolescent_train.txt
[2022-04-13 16:42:50.830]         valid tokens: 115417  ../data/sample_500k/cbt_valid.txt
[2022-04-13 16:42:51.050]         valid tokens: 112256  ../data/sample_500k/adolescent_valid.txt
[2022-04-13 16:42:51.659]         test  tokens: 506878  ../data/sample_500k/adult_test.txt
[2022-04-13 16:42:51.877]         test  tokens: 112256  ../data/sample_500k/adolescent_valid.txt
[2022-04-13 16:42:52.012]         test  tokens: 115417  ../data/sample_500k/cbt_valid.txt
[2022-04-13 16:42:52.012] corpus.ntokens      : 100726
[2022-04-13 16:42:52.012] corpus.char_count   : 166
[2022-04-13 16:42:52.012] corpus.char_cnt_dict: 166
[2022-04-13 16:42:52.013] corpus.char_id_dict : 166
[2022-04-13 16:42:52.022] corpus.batchify(2 files, batch_size=20)...
[2022-04-13 16:42:52.022]         tokens_all: 979002
[2022-04-13 16:42:52.022]         batched   :  48950
[2022-04-13 16:42:52.022]         ../data/sample_500k/cbt_train.txt
[2022-04-13 16:42:52.022]         ../data/sample_500k/adolescent_train.txt
[2022-04-13 16:42:52.025] corpus.batchify(2 files, batch_size=20)...
[2022-04-13 16:42:52.025]         tokens_all: 227673
[2022-04-13 16:42:52.025]         batched   :  11383
[2022-04-13 16:42:52.025]         ../data/sample_500k/cbt_valid.txt
[2022-04-13 16:42:52.025]         ../data/sample_500k/adolescent_valid.txt
[2022-04-13 16:42:52.032] corpus.batchify(1 files, batch_size=20)...
[2022-04-13 16:42:52.032]         tokens_all: 506878
[2022-04-13 16:42:52.032]         batched   :  25343
[2022-04-13 16:42:52.032]         ../data/sample_500k/adult_test.txt
[2022-04-13 16:42:52.034] corpus.batchify(1 files, batch_size=20)...
[2022-04-13 16:42:52.034]         tokens_all: 112256
[2022-04-13 16:42:52.034]         batched   :   5612
[2022-04-13 16:42:52.034]         ../data/sample_500k/adolescent_valid.txt
[2022-04-13 16:42:52.035] corpus.batchify(1 files, batch_size=20)...
[2022-04-13 16:42:52.035]         tokens_all: 115417
[2022-04-13 16:42:52.035]         batched   :   5770
[2022-04-13 16:42:52.035]         ../data/sample_500k/cbt_valid.txt
[2022-04-13 16:42:52.036] subword_adapter will be generated due to word_split_mode='Subword.500'
[2022-04-13 16:42:52.036] SubwordAdapter.file_list: 4
[2022-04-13 16:42:52.036]         ../data/sample_500k/cbt_train.txt
[2022-04-13 16:42:52.036]         ../data/sample_500k/adolescent_train.txt
[2022-04-13 16:42:52.036]         ../data/sample_500k/cbt_valid.txt
[2022-04-13 16:42:52.036]         ../data/sample_500k/adolescent_valid.txt
[2022-04-13 16:42:52.036] SubwordAdapter.subword_vocab_size: 500
[2022-04-13 16:42:52.036] SubwordAdapter.subword_model.train(4 files)...
[2022-04-13 16:42:52.587] SubwordAdapter.subword_model.train(4 files)...Done
[2022-04-13 16:42:53.387] RNNModel.rnn_type: LSTM
[2022-04-13 16:42:53.387] RNNModel.ntoken  : 100726
[2022-04-13 16:42:53.387] RNNModel.ninp    : 200
[2022-04-13 16:42:53.388] RNNModel.nhid    : 200
[2022-04-13 16:42:53.388] RNNModel.nlayers : 2
[2022-04-13 16:42:53.388] RNNModel.dropout : 0.2
[2022-04-13 16:42:53.388] RNNModel.tie_weights: False
[2022-04-13 16:42:53.388] RNNModel.fragment_aggregate_mode: CNN
[2022-04-13 16:42:53.388] RNNModel.fragment_cnt           : 502
[2022-04-13 16:42:53.388] RNNModel.fragment_emsize        : 25
[2022-04-13 16:42:53.388] RNNModel.fragment_nhid          : 200
[2022-04-13 16:42:53.389] RNNModel.fragment_embeds     : created
[2022-04-13 16:42:53.389] RNNModel.fragment_cnn3       : created
[2022-04-13 16:42:53.420] Epoch 001/20 ==================================================
[2022-04-13 16:43:11.515] E001 |   200/1398 batches | lr 20.0000 | loss  8.143 | ppl   3440.24 frag_cnt/word_cnt=2.201=308150/140000
[2022-04-13 16:43:29.720] E001 |   400/1398 batches | lr 20.0000 | loss  6.846 | ppl    939.73 frag_cnt/word_cnt=2.238=313344/140000
[2022-04-13 16:43:47.790] E001 |   600/1398 batches | lr 20.0000 | loss  6.237 | ppl    511.26 frag_cnt/word_cnt=2.233=312628/140000
[2022-04-13 16:44:06.482] E001 |   800/1398 batches | lr 20.0000 | loss  6.080 | ppl    436.96 frag_cnt/word_cnt=2.266=317262/140000
[2022-04-13 16:44:24.670] E001 |  1000/1398 batches | lr 20.0000 | loss  5.879 | ppl    357.36 frag_cnt/word_cnt=2.259=316244/140000
[2022-04-13 16:44:42.754] E001 |  1200/1398 batches | lr 20.0000 | loss  5.739 | ppl    310.62 frag_cnt/word_cnt=2.242=313927/140000
[2022-04-13 16:45:00.573] E001 |  1398/1398 batches | lr 20.0000 | loss  5.621 | ppl    276.10 frag_cnt/word_cnt=2.225=308414/138600
[2022-04-13 16:45:12.248] End E001 | valid loss  5.725; ppl    306.57 | accu 0.1846 = 42032/227640 | w_len 2.1526 = 490018/227640
[2022-04-13 16:45:38.536] End E001 |  test loss  8.889; ppl   7252.38 | accu 0.0548 = 27759/506840 | w_len 2.5036 = 1268900/506840 ../data/sample_500k/adult_test.txt
[2022-04-13 16:45:44.321] End E001 |  test loss  6.298; ppl    543.68 | accu 0.1915 = 21493/112220 | w_len 2.5248 = 283333/112220 ../data/sample_500k/adolescent_valid.txt
[2022-04-13 16:45:50.095] End E001 |  test loss  5.170; ppl    175.97 | accu 0.1777 = 20506/115380 | w_len 1.7906 = 206596/115380 ../data/sample_500k/cbt_valid.txt
[2022-04-13 16:45:50.095] Save: model.pt... 
[2022-04-13 16:45:50.703] Save: model.pt...Done. best_val_loss: 5.7254
[2022-04-13 16:45:50.704] Epoch 002/20 ==================================================
[2022-04-13 16:46:08.575] E002 |   200/1398 batches | lr 20.0000 | loss  5.558 | ppl    259.31 frag_cnt/word_cnt=2.201=308150/140000
[2022-04-13 16:46:27.479] E002 |   400/1398 batches | lr 20.0000 | loss  5.496 | ppl    243.68 frag_cnt/word_cnt=2.238=313344/140000
[2022-04-13 16:46:45.956] E002 |   600/1398 batches | lr 20.0000 | loss  5.374 | ppl    215.78 frag_cnt/word_cnt=2.233=312628/140000
[2022-04-13 16:47:04.278] E002 |   800/1398 batches | lr 20.0000 | loss  5.445 | ppl    231.69 frag_cnt/word_cnt=2.266=317262/140000
[2022-04-13 16:47:22.804] E002 |  1000/1398 batches | lr 20.0000 | loss  5.358 | ppl    212.22 frag_cnt/word_cnt=2.259=316244/140000
[2022-04-13 16:47:40.765] E002 |  1200/1398 batches | lr 20.0000 | loss  5.286 | ppl    197.58 frag_cnt/word_cnt=2.242=313927/140000
[2022-04-13 16:47:58.767] E002 |  1398/1398 batches | lr 20.0000 | loss  5.232 | ppl    187.12 frag_cnt/word_cnt=2.225=308414/138600
[2022-04-13 16:48:10.414] End E002 | valid loss  5.511; ppl    247.52 | accu 0.1984 = 45166/227640 | w_len 2.1526 = 490018/227640
[2022-04-13 16:48:36.595] End E002 |  test loss  8.293; ppl   3996.75 | accu 0.0732 = 37102/506840 | w_len 2.5036 = 1268900/506840 ../data/sample_500k/adult_test.txt
[2022-04-13 16:48:42.374] End E002 |  test loss  6.099; ppl    445.22 | accu 0.1986 = 22283/112220 | w_len 2.5248 = 283333/112220 ../data/sample_500k/adolescent_valid.txt
[2022-04-13 16:48:48.139] End E002 |  test loss  4.926; ppl    137.85 | accu 0.2009 = 23182/115380 | w_len 1.7906 = 206596/115380 ../data/sample_500k/cbt_valid.txt
[2022-04-13 16:48:48.139] Save: model.pt... 
[2022-04-13 16:48:48.757] Save: model.pt...Done. best_val_loss: 5.5115
[2022-04-13 16:48:48.757] Epoch 003/20 ==================================================
[2022-04-13 16:49:07.462] E003 |   200/1398 batches | lr 20.0000 | loss  5.228 | ppl    186.41 frag_cnt/word_cnt=2.201=308150/140000
[2022-04-13 16:49:25.575] E003 |   400/1398 batches | lr 20.0000 | loss  5.211 | ppl    183.34 frag_cnt/word_cnt=2.238=313344/140000
[2022-04-13 16:49:44.251] E003 |   600/1398 batches | lr 20.0000 | loss  5.119 | ppl    167.10 frag_cnt/word_cnt=2.233=312628/140000
[2022-04-13 16:50:02.430] E003 |   800/1398 batches | lr 20.0000 | loss  5.211 | ppl    183.31 frag_cnt/word_cnt=2.266=317262/140000
[2022-04-13 16:50:21.272] E003 |  1000/1398 batches | lr 20.0000 | loss  5.145 | ppl    171.51 frag_cnt/word_cnt=2.259=316244/140000
[2022-04-13 16:50:39.541] E003 |  1200/1398 batches | lr 20.0000 | loss  5.081 | ppl    160.87 frag_cnt/word_cnt=2.242=313927/140000
[2022-04-13 16:50:57.578] E003 |  1398/1398 batches | lr 20.0000 | loss  5.040 | ppl    154.48 frag_cnt/word_cnt=2.225=308414/138600
[2022-04-13 16:51:09.266] End E003 | valid loss  5.402; ppl    221.83 | accu 0.2058 = 46842/227640 | w_len 2.1526 = 490018/227640
[2022-04-13 16:51:35.583] End E003 |  test loss  8.348; ppl   4221.02 | accu 0.0733 = 37130/506840 | w_len 2.5036 = 1268900/506840 ../data/sample_500k/adult_test.txt
[2022-04-13 16:51:41.437] End E003 |  test loss  5.982; ppl    396.09 | accu 0.2044 = 22943/112220 | w_len 2.5248 = 283333/112220 ../data/sample_500k/adolescent_valid.txt
[2022-04-13 16:51:47.215] End E003 |  test loss  4.844; ppl    126.97 | accu 0.2067 = 23853/115380 | w_len 1.7906 = 206596/115380 ../data/sample_500k/cbt_valid.txt
[2022-04-13 16:51:47.215] Save: model.pt... 
[2022-04-13 16:51:47.819] Save: model.pt...Done. best_val_loss: 5.4019
[2022-04-13 16:51:47.819] Epoch 004/20 ==================================================
[2022-04-13 16:52:06.254] E004 |   200/1398 batches | lr 20.0000 | loss  5.053 | ppl    156.50 frag_cnt/word_cnt=2.201=308150/140000
[2022-04-13 16:52:24.729] E004 |   400/1398 batches | lr 20.0000 | loss  5.047 | ppl    155.48 frag_cnt/word_cnt=2.238=313344/140000
[2022-04-13 16:52:43.597] E004 |   600/1398 batches | lr 20.0000 | loss  4.964 | ppl    143.15 frag_cnt/word_cnt=2.233=312628/140000
[2022-04-13 16:53:01.964] E004 |   800/1398 batches | lr 20.0000 | loss  5.063 | ppl    158.08 frag_cnt/word_cnt=2.266=317262/140000
[2022-04-13 16:53:20.334] E004 |  1000/1398 batches | lr 20.0000 | loss  4.994 | ppl    147.58 frag_cnt/word_cnt=2.259=316244/140000
[2022-04-13 16:53:38.801] E004 |  1200/1398 batches | lr 20.0000 | loss  4.934 | ppl    138.93 frag_cnt/word_cnt=2.242=313927/140000
[2022-04-13 16:53:57.220] E004 |  1398/1398 batches | lr 20.0000 | loss  4.896 | ppl    133.72 frag_cnt/word_cnt=2.225=308414/138600
[2022-04-13 16:54:08.939] End E004 | valid loss  5.376; ppl    216.15 | accu 0.2069 = 47102/227640 | w_len 2.1526 = 490018/227640
[2022-04-13 16:54:35.211] End E004 |  test loss  8.337; ppl   4173.73 | accu 0.0800 = 40541/506840 | w_len 2.5036 = 1268900/506840 ../data/sample_500k/adult_test.txt
[2022-04-13 16:54:41.012] End E004 |  test loss  5.995; ppl    401.29 | accu 0.2002 = 22467/112220 | w_len 2.5248 = 283333/112220 ../data/sample_500k/adolescent_valid.txt
[2022-04-13 16:54:46.799] End E004 |  test loss  4.775; ppl    118.51 | accu 0.2135 = 24637/115380 | w_len 1.7906 = 206596/115380 ../data/sample_500k/cbt_valid.txt
[2022-04-13 16:54:46.800] Save: model.pt... 
[2022-04-13 16:54:47.437] Save: model.pt...Done. best_val_loss: 5.3760
[2022-04-13 16:54:47.437] Epoch 005/20 ==================================================
[2022-04-13 16:55:05.497] E005 |   200/1398 batches | lr 20.0000 | loss  4.922 | ppl    137.26 frag_cnt/word_cnt=2.201=308150/140000
[2022-04-13 16:55:23.855] E005 |   400/1398 batches | lr 20.0000 | loss  4.919 | ppl    136.81 frag_cnt/word_cnt=2.238=313344/140000
[2022-04-13 16:55:42.930] E005 |   600/1398 batches | lr 20.0000 | loss  4.837 | ppl    126.14 frag_cnt/word_cnt=2.233=312628/140000
[2022-04-13 16:56:01.381] E005 |   800/1398 batches | lr 20.0000 | loss  4.944 | ppl    140.34 frag_cnt/word_cnt=2.266=317262/140000
[2022-04-13 16:56:19.727] E005 |  1000/1398 batches | lr 20.0000 | loss  4.876 | ppl    131.13 frag_cnt/word_cnt=2.259=316244/140000
[2022-04-13 16:56:38.028] E005 |  1200/1398 batches | lr 20.0000 | loss  4.817 | ppl    123.60 frag_cnt/word_cnt=2.242=313927/140000
[2022-04-13 16:56:56.015] E005 |  1398/1398 batches | lr 20.0000 | loss  4.783 | ppl    119.46 frag_cnt/word_cnt=2.225=308414/138600
[2022-04-13 16:57:07.836] End E005 | valid loss  5.349; ppl    210.49 | accu 0.2078 = 47299/227640 | w_len 2.1526 = 490018/227640
[2022-04-13 16:57:34.184] End E005 |  test loss  8.274; ppl   3921.43 | accu 0.0838 = 42498/506840 | w_len 2.5036 = 1268900/506840 ../data/sample_500k/adult_test.txt
[2022-04-13 16:57:39.992] End E005 |  test loss  5.934; ppl    377.76 | accu 0.2073 = 23266/112220 | w_len 2.5248 = 283333/112220 ../data/sample_500k/adolescent_valid.txt
[2022-04-13 16:57:45.816] End E005 |  test loss  4.741; ppl    114.60 | accu 0.2165 = 24983/115380 | w_len 1.7906 = 206596/115380 ../data/sample_500k/cbt_valid.txt
[2022-04-13 16:57:45.816] Save: model.pt... 
[2022-04-13 16:57:46.483] Save: model.pt...Done. best_val_loss: 5.3495
[2022-04-13 16:57:46.483] Epoch 006/20 ==================================================
[2022-04-13 16:58:04.789] E006 |   200/1398 batches | lr 20.0000 | loss  4.812 | ppl    123.03 frag_cnt/word_cnt=2.201=308150/140000
[2022-04-13 16:58:23.444] E006 |   400/1398 batches | lr 20.0000 | loss  4.810 | ppl    122.76 frag_cnt/word_cnt=2.238=313344/140000
[2022-04-13 16:58:42.031] E006 |   600/1398 batches | lr 20.0000 | loss  4.736 | ppl    113.95 frag_cnt/word_cnt=2.233=312628/140000
[2022-04-13 16:59:00.908] E006 |   800/1398 batches | lr 20.0000 | loss  4.839 | ppl    126.37 frag_cnt/word_cnt=2.266=317262/140000
[2022-04-13 16:59:19.458] E006 |  1000/1398 batches | lr 20.0000 | loss  4.775 | ppl    118.49 frag_cnt/word_cnt=2.259=316244/140000
[2022-04-13 16:59:37.949] E006 |  1200/1398 batches | lr 20.0000 | loss  4.716 | ppl    111.67 frag_cnt/word_cnt=2.242=313927/140000
[2022-04-13 16:59:56.478] E006 |  1398/1398 batches | lr 20.0000 | loss  4.684 | ppl    108.25 frag_cnt/word_cnt=2.225=308414/138600
[2022-04-13 17:00:08.226] End E006 | valid loss  5.290; ppl    198.37 | accu 0.2139 = 48700/227640 | w_len 2.1526 = 490018/227640
[2022-04-13 17:00:34.552] End E006 |  test loss  8.359; ppl   4268.63 | accu 0.0829 = 42038/506840 | w_len 2.5036 = 1268900/506840 ../data/sample_500k/adult_test.txt
[2022-04-13 17:00:40.296] End E006 |  test loss  5.900; ppl    365.09 | accu 0.2077 = 23305/112220 | w_len 2.5248 = 283333/112220 ../data/sample_500k/adolescent_valid.txt
[2022-04-13 17:00:46.027] End E006 |  test loss  4.699; ppl    109.80 | accu 0.2200 = 25383/115380 | w_len 1.7906 = 206596/115380 ../data/sample_500k/cbt_valid.txt
[2022-04-13 17:00:46.027] Save: model.pt... 
[2022-04-13 17:00:46.674] Save: model.pt...Done. best_val_loss: 5.2901
[2022-04-13 17:00:46.674] Epoch 007/20 ==================================================
[2022-04-13 17:01:04.732] E007 |   200/1398 batches | lr 20.0000 | loss  4.722 | ppl    112.36 frag_cnt/word_cnt=2.201=308150/140000
[2022-04-13 17:01:22.851] E007 |   400/1398 batches | lr 20.0000 | loss  4.718 | ppl    111.99 frag_cnt/word_cnt=2.238=313344/140000
[2022-04-13 17:01:40.993] E007 |   600/1398 batches | lr 20.0000 | loss  4.645 | ppl    104.03 frag_cnt/word_cnt=2.233=312628/140000
[2022-04-13 17:02:00.119] E007 |   800/1398 batches | lr 20.0000 | loss  4.749 | ppl    115.51 frag_cnt/word_cnt=2.266=317262/140000
[2022-04-13 17:02:18.390] E007 |  1000/1398 batches | lr 20.0000 | loss  4.690 | ppl    108.89 frag_cnt/word_cnt=2.259=316244/140000
[2022-04-13 17:02:36.652] E007 |  1200/1398 batches | lr 20.0000 | loss  4.628 | ppl    102.29 frag_cnt/word_cnt=2.242=313927/140000
[2022-04-13 17:02:54.699] E007 |  1398/1398 batches | lr 20.0000 | loss  4.598 | ppl     99.24 frag_cnt/word_cnt=2.225=308414/138600
[2022-04-13 17:03:06.256] End E007 | valid loss  5.305; ppl    201.31 | accu 0.2140 = 48726/227640 | w_len 2.1526 = 490018/227640
[2022-04-13 17:03:32.253] End E007 |  test loss  8.388; ppl   4394.91 | accu 0.0858 = 43506/506840 | w_len 2.5036 = 1268900/506840 ../data/sample_500k/adult_test.txt
[2022-04-13 17:03:38.006] End E007 |  test loss  5.932; ppl    376.84 | accu 0.2098 = 23546/112220 | w_len 2.5248 = 283333/112220 ../data/sample_500k/adolescent_valid.txt
[2022-04-13 17:03:43.743] End E007 |  test loss  4.684; ppl    108.19 | accu 0.2207 = 25469/115380 | w_len 1.7906 = 206596/115380 ../data/sample_500k/cbt_valid.txt
[2022-04-13 17:03:43.743] Epoch 008/20 ==================================================
[2022-04-13 17:04:01.814] E008 |   200/1398 batches | lr 10.0000 | loss  4.580 | ppl     97.54 frag_cnt/word_cnt=2.201=308150/140000
[2022-04-13 17:04:19.942] E008 |   400/1398 batches | lr 10.0000 | loss  4.543 | ppl     94.00 frag_cnt/word_cnt=2.238=313344/140000
[2022-04-13 17:04:38.864] E008 |   600/1398 batches | lr 10.0000 | loss  4.459 | ppl     86.40 frag_cnt/word_cnt=2.233=312628/140000
[2022-04-13 17:04:58.920] E008 |   800/1398 batches | lr 10.0000 | loss  4.549 | ppl     94.55 frag_cnt/word_cnt=2.266=317262/140000
[2022-04-13 17:05:17.210] E008 |  1000/1398 batches | lr 10.0000 | loss  4.473 | ppl     87.59 frag_cnt/word_cnt=2.259=316244/140000
[2022-04-13 17:05:35.888] E008 |  1200/1398 batches | lr 10.0000 | loss  4.401 | ppl     81.52 frag_cnt/word_cnt=2.242=313927/140000
[2022-04-13 17:05:53.960] E008 |  1398/1398 batches | lr 10.0000 | loss  4.361 | ppl     78.30 frag_cnt/word_cnt=2.225=308414/138600
[2022-04-13 17:06:05.557] End E008 | valid loss  5.196; ppl    180.63 | accu 0.2281 = 51919/227640 | w_len 2.1526 = 490018/227640
[2022-04-13 17:06:31.532] End E008 |  test loss  8.383; ppl   4371.38 | accu 0.0898 = 45525/506840 | w_len 2.5036 = 1268900/506840 ../data/sample_500k/adult_test.txt
[2022-04-13 17:06:37.358] End E008 |  test loss  5.809; ppl    333.28 | accu 0.2247 = 25212/112220 | w_len 2.5248 = 283333/112220 ../data/sample_500k/adolescent_valid.txt
[2022-04-13 17:06:43.103] End E008 |  test loss  4.598; ppl     99.24 | accu 0.2318 = 26747/115380 | w_len 1.7906 = 206596/115380 ../data/sample_500k/cbt_valid.txt
[2022-04-13 17:06:43.103] Save: model.pt... 
[2022-04-13 17:06:43.740] Save: model.pt...Done. best_val_loss: 5.1964
[2022-04-13 17:06:43.740] Epoch 009/20 ==================================================
[2022-04-13 17:07:01.869] E009 |   200/1398 batches | lr 10.0000 | loss  4.468 | ppl     87.17 frag_cnt/word_cnt=2.201=308150/140000
[2022-04-13 17:07:20.099] E009 |   400/1398 batches | lr 10.0000 | loss  4.447 | ppl     85.40 frag_cnt/word_cnt=2.238=313344/140000
[2022-04-13 17:07:38.340] E009 |   600/1398 batches | lr 10.0000 | loss  4.380 | ppl     79.87 frag_cnt/word_cnt=2.233=312628/140000
[2022-04-13 17:07:56.591] E009 |   800/1398 batches | lr 10.0000 | loss  4.475 | ppl     87.78 frag_cnt/word_cnt=2.266=317262/140000
[2022-04-13 17:08:14.829] E009 |  1000/1398 batches | lr 10.0000 | loss  4.409 | ppl     82.18 frag_cnt/word_cnt=2.259=316244/140000
[2022-04-13 17:08:33.153] E009 |  1200/1398 batches | lr 10.0000 | loss  4.342 | ppl     76.89 frag_cnt/word_cnt=2.242=313927/140000
[2022-04-13 17:08:51.148] E009 |  1398/1398 batches | lr 10.0000 | loss  4.308 | ppl     74.30 frag_cnt/word_cnt=2.225=308414/138600
[2022-04-13 17:09:02.840] End E009 | valid loss  5.190; ppl    179.48 | accu 0.2295 = 52246/227640 | w_len 2.1526 = 490018/227640
[2022-04-13 17:09:29.065] End E009 |  test loss  8.430; ppl   4582.06 | accu 0.0908 = 46012/506840 | w_len 2.5036 = 1268900/506840 ../data/sample_500k/adult_test.txt
[2022-04-13 17:09:34.847] End E009 |  test loss  5.805; ppl    331.81 | accu 0.2253 = 25286/112220 | w_len 2.5248 = 283333/112220 ../data/sample_500k/adolescent_valid.txt
[2022-04-13 17:09:40.621] End E009 |  test loss  4.594; ppl     98.84 | accu 0.2337 = 26965/115380 | w_len 1.7906 = 206596/115380 ../data/sample_500k/cbt_valid.txt
[2022-04-13 17:09:40.621] Save: model.pt... 
[2022-04-13 17:09:41.393] Save: model.pt...Done. best_val_loss: 5.1900
[2022-04-13 17:09:41.393] Epoch 010/20 ==================================================
[2022-04-13 17:09:59.573] E010 |   200/1398 batches | lr 10.0000 | loss  4.406 | ppl     81.95 frag_cnt/word_cnt=2.201=308150/140000
[2022-04-13 17:10:17.863] E010 |   400/1398 batches | lr 10.0000 | loss  4.391 | ppl     80.74 frag_cnt/word_cnt=2.238=313344/140000
[2022-04-13 17:10:36.107] E010 |   600/1398 batches | lr 10.0000 | loss  4.325 | ppl     75.53 frag_cnt/word_cnt=2.233=312628/140000
[2022-04-13 17:10:54.415] E010 |   800/1398 batches | lr 10.0000 | loss  4.416 | ppl     82.74 frag_cnt/word_cnt=2.266=317262/140000
[2022-04-13 17:11:12.576] E010 |  1000/1398 batches | lr 10.0000 | loss  4.353 | ppl     77.71 frag_cnt/word_cnt=2.259=316244/140000
[2022-04-13 17:11:30.859] E010 |  1200/1398 batches | lr 10.0000 | loss  4.293 | ppl     73.21 frag_cnt/word_cnt=2.242=313927/140000
[2022-04-13 17:11:48.887] E010 |  1398/1398 batches | lr 10.0000 | loss  4.264 | ppl     71.10 frag_cnt/word_cnt=2.225=308414/138600
[2022-04-13 17:12:00.508] End E010 | valid loss  5.183; ppl    178.18 | accu 0.2300 = 52349/227640 | w_len 2.1526 = 490018/227640
[2022-04-13 17:12:26.577] End E010 |  test loss  8.408; ppl   4483.23 | accu 0.0913 = 46277/506840 | w_len 2.5036 = 1268900/506840 ../data/sample_500k/adult_test.txt
[2022-04-13 17:12:32.311] End E010 |  test loss  5.799; ppl    330.03 | accu 0.2249 = 25236/112220 | w_len 2.5248 = 283333/112220 ../data/sample_500k/adolescent_valid.txt
[2022-04-13 17:12:38.064] End E010 |  test loss  4.585; ppl     97.97 | accu 0.2349 = 27097/115380 | w_len 1.7906 = 206596/115380 ../data/sample_500k/cbt_valid.txt
[2022-04-13 17:12:38.064] Save: model.pt... 
[2022-04-13 17:12:38.747] Save: model.pt...Done. best_val_loss: 5.1828
[2022-04-13 17:12:38.748] Epoch 011/20 ==================================================
[2022-04-13 17:12:57.286] E011 |   200/1398 batches | lr 10.0000 | loss  4.351 | ppl     77.54 frag_cnt/word_cnt=2.201=308150/140000
[2022-04-13 17:13:15.665] E011 |   400/1398 batches | lr 10.0000 | loss  4.337 | ppl     76.49 frag_cnt/word_cnt=2.238=313344/140000
[2022-04-13 17:13:34.023] E011 |   600/1398 batches | lr 10.0000 | loss  4.275 | ppl     71.85 frag_cnt/word_cnt=2.233=312628/140000
[2022-04-13 17:13:52.324] E011 |   800/1398 batches | lr 10.0000 | loss  4.360 | ppl     78.26 frag_cnt/word_cnt=2.266=317262/140000
[2022-04-13 17:14:10.613] E011 |  1000/1398 batches | lr 10.0000 | loss  4.308 | ppl     74.31 frag_cnt/word_cnt=2.259=316244/140000
[2022-04-13 17:14:28.868] E011 |  1200/1398 batches | lr 10.0000 | loss  4.247 | ppl     69.87 frag_cnt/word_cnt=2.242=313927/140000
[2022-04-13 17:14:46.956] E011 |  1398/1398 batches | lr 10.0000 | loss  4.218 | ppl     67.90 frag_cnt/word_cnt=2.225=308414/138600
[2022-04-13 17:14:58.555] End E011 | valid loss  5.192; ppl    179.86 | accu 0.2318 = 52758/227640 | w_len 2.1526 = 490018/227640
[2022-04-13 17:15:24.649] End E011 |  test loss  8.455; ppl   4699.22 | accu 0.0902 = 45693/506840 | w_len 2.5036 = 1268900/506840 ../data/sample_500k/adult_test.txt
[2022-04-13 17:15:30.399] End E011 |  test loss  5.817; ppl    335.99 | accu 0.2276 = 25543/112220 | w_len 2.5248 = 283333/112220 ../data/sample_500k/adolescent_valid.txt
[2022-04-13 17:15:36.116] End E011 |  test loss  4.586; ppl     98.13 | accu 0.2354 = 27161/115380 | w_len 1.7906 = 206596/115380 ../data/sample_500k/cbt_valid.txt
[2022-04-13 17:15:36.117] Epoch 012/20 ==================================================
[2022-04-13 17:15:54.025] E012 |   200/1398 batches | lr 5.0000 | loss  4.291 | ppl     73.04 frag_cnt/word_cnt=2.201=308150/140000
[2022-04-13 17:16:12.437] E012 |   400/1398 batches | lr 5.0000 | loss  4.260 | ppl     70.83 frag_cnt/word_cnt=2.238=313344/140000
[2022-04-13 17:16:32.561] E012 |   600/1398 batches | lr 5.0000 | loss  4.187 | ppl     65.82 frag_cnt/word_cnt=2.233=312628/140000
[2022-04-13 17:16:51.860] E012 |   800/1398 batches | lr 5.0000 | loss  4.260 | ppl     70.82 frag_cnt/word_cnt=2.266=317262/140000
[2022-04-13 17:17:10.163] E012 |  1000/1398 batches | lr 5.0000 | loss  4.199 | ppl     66.59 frag_cnt/word_cnt=2.259=316244/140000
[2022-04-13 17:17:28.415] E012 |  1200/1398 batches | lr 5.0000 | loss  4.131 | ppl     62.24 frag_cnt/word_cnt=2.242=313927/140000
[2022-04-13 17:17:46.513] E012 |  1398/1398 batches | lr 5.0000 | loss  4.088 | ppl     59.63 frag_cnt/word_cnt=2.225=308414/138600
[2022-04-13 17:17:58.203] End E012 | valid loss  5.162; ppl    174.52 | accu 0.2358 = 53674/227640 | w_len 2.1526 = 490018/227640
[2022-04-13 17:18:24.360] End E012 |  test loss  8.511; ppl   4967.43 | accu 0.0912 = 46217/506840 | w_len 2.5036 = 1268900/506840 ../data/sample_500k/adult_test.txt
[2022-04-13 17:18:30.146] End E012 |  test loss  5.792; ppl    327.64 | accu 0.2311 = 25937/112220 | w_len 2.5248 = 283333/112220 ../data/sample_500k/adolescent_valid.txt
[2022-04-13 17:18:35.903] End E012 |  test loss  4.552; ppl     94.78 | accu 0.2403 = 27723/115380 | w_len 1.7906 = 206596/115380 ../data/sample_500k/cbt_valid.txt
[2022-04-13 17:18:35.904] Save: model.pt... 
[2022-04-13 17:18:36.573] Save: model.pt...Done. best_val_loss: 5.1620
[2022-04-13 17:18:36.573] Epoch 013/20 ==================================================
[2022-04-13 17:18:54.727] E013 |   200/1398 batches | lr 5.0000 | loss  4.230 | ppl     68.70 frag_cnt/word_cnt=2.201=308150/140000
[2022-04-13 17:19:12.996] E013 |   400/1398 batches | lr 5.0000 | loss  4.204 | ppl     66.98 frag_cnt/word_cnt=2.238=313344/140000
[2022-04-13 17:19:31.352] E013 |   600/1398 batches | lr 5.0000 | loss  4.140 | ppl     62.83 frag_cnt/word_cnt=2.233=312628/140000
[2022-04-13 17:19:49.708] E013 |   800/1398 batches | lr 5.0000 | loss  4.222 | ppl     68.16 frag_cnt/word_cnt=2.266=317262/140000
[2022-04-13 17:20:08.122] E013 |  1000/1398 batches | lr 5.0000 | loss  4.166 | ppl     64.47 frag_cnt/word_cnt=2.259=316244/140000
[2022-04-13 17:20:26.369] E013 |  1200/1398 batches | lr 5.0000 | loss  4.098 | ppl     60.24 frag_cnt/word_cnt=2.242=313927/140000
[2022-04-13 17:20:44.441] E013 |  1398/1398 batches | lr 5.0000 | loss  4.067 | ppl     58.37 frag_cnt/word_cnt=2.225=308414/138600
[2022-04-13 17:20:56.035] End E013 | valid loss  5.163; ppl    174.74 | accu 0.2373 = 54016/227640 | w_len 2.1526 = 490018/227640
[2022-04-13 17:21:22.152] End E013 |  test loss  8.528; ppl   5052.00 | accu 0.0915 = 46380/506840 | w_len 2.5036 = 1268900/506840 ../data/sample_500k/adult_test.txt
[2022-04-13 17:21:27.906] End E013 |  test loss  5.802; ppl    331.10 | accu 0.2325 = 26087/112220 | w_len 2.5248 = 283333/112220 ../data/sample_500k/adolescent_valid.txt
[2022-04-13 17:21:33.642] End E013 |  test loss  4.544; ppl     94.04 | accu 0.2419 = 27909/115380 | w_len 1.7906 = 206596/115380 ../data/sample_500k/cbt_valid.txt
[2022-04-13 17:21:33.642] Epoch 014/20 ==================================================
[2022-04-13 17:21:51.863] E014 |   200/1398 batches | lr 2.5000 | loss  4.195 | ppl     66.34 frag_cnt/word_cnt=2.201=308150/140000
[2022-04-13 17:22:10.121] E014 |   400/1398 batches | lr 2.5000 | loss  4.170 | ppl     64.72 frag_cnt/word_cnt=2.238=313344/140000
[2022-04-13 17:22:28.373] E014 |   600/1398 batches | lr 2.5000 | loss  4.096 | ppl     60.08 frag_cnt/word_cnt=2.233=312628/140000
[2022-04-13 17:22:46.656] E014 |   800/1398 batches | lr 2.5000 | loss  4.170 | ppl     64.72 frag_cnt/word_cnt=2.266=317262/140000
[2022-04-13 17:23:04.989] E014 |  1000/1398 batches | lr 2.5000 | loss  4.109 | ppl     60.89 frag_cnt/word_cnt=2.259=316244/140000
[2022-04-13 17:23:23.320] E014 |  1200/1398 batches | lr 2.5000 | loss  4.040 | ppl     56.83 frag_cnt/word_cnt=2.242=313927/140000
[2022-04-13 17:23:41.379] E014 |  1398/1398 batches | lr 2.5000 | loss  3.999 | ppl     54.56 frag_cnt/word_cnt=2.225=308414/138600
[2022-04-13 17:23:52.940] End E014 | valid loss  5.152; ppl    172.79 | accu 0.2402 = 54688/227640 | w_len 2.1526 = 490018/227640
[2022-04-13 17:24:18.975] End E014 |  test loss  8.546; ppl   5148.18 | accu 0.0913 = 46262/506840 | w_len 2.5036 = 1268900/506840 ../data/sample_500k/adult_test.txt
[2022-04-13 17:24:24.744] End E014 |  test loss  5.797; ppl    329.33 | accu 0.2342 = 26283/112220 | w_len 2.5248 = 283333/112220 ../data/sample_500k/adolescent_valid.txt
[2022-04-13 17:24:30.476] End E014 |  test loss  4.526; ppl     92.42 | accu 0.2457 = 28350/115380 | w_len 1.7906 = 206596/115380 ../data/sample_500k/cbt_valid.txt
[2022-04-13 17:24:30.476] Save: model.pt... 
[2022-04-13 17:24:31.139] Save: model.pt...Done. best_val_loss: 5.1521
[2022-04-13 17:24:31.139] Epoch 015/20 ==================================================
[2022-04-13 17:24:49.449] E015 |   200/1398 batches | lr 2.5000 | loss  4.162 | ppl     64.17 frag_cnt/word_cnt=2.201=308150/140000
[2022-04-13 17:25:07.739] E015 |   400/1398 batches | lr 2.5000 | loss  4.137 | ppl     62.64 frag_cnt/word_cnt=2.238=313344/140000
[2022-04-13 17:25:26.004] E015 |   600/1398 batches | lr 2.5000 | loss  4.071 | ppl     58.63 frag_cnt/word_cnt=2.233=312628/140000
[2022-04-13 17:25:44.264] E015 |   800/1398 batches | lr 2.5000 | loss  4.148 | ppl     63.33 frag_cnt/word_cnt=2.266=317262/140000
[2022-04-13 17:26:02.648] E015 |  1000/1398 batches | lr 2.5000 | loss  4.089 | ppl     59.70 frag_cnt/word_cnt=2.259=316244/140000
[2022-04-13 17:26:20.943] E015 |  1200/1398 batches | lr 2.5000 | loss  4.025 | ppl     56.00 frag_cnt/word_cnt=2.242=313927/140000
[2022-04-13 17:26:39.035] E015 |  1398/1398 batches | lr 2.5000 | loss  3.990 | ppl     54.04 frag_cnt/word_cnt=2.225=308414/138600
[2022-04-13 17:26:50.681] End E015 | valid loss  5.151; ppl    172.67 | accu 0.2398 = 54595/227640 | w_len 2.1526 = 490018/227640
[2022-04-13 17:27:16.742] End E015 |  test loss  8.564; ppl   5238.24 | accu 0.0921 = 46666/506840 | w_len 2.5036 = 1268900/506840 ../data/sample_500k/adult_test.txt
[2022-04-13 17:27:22.564] End E015 |  test loss  5.798; ppl    329.52 | accu 0.2347 = 26337/112220 | w_len 2.5248 = 283333/112220 ../data/sample_500k/adolescent_valid.txt
[2022-04-13 17:27:28.300] End E015 |  test loss  4.524; ppl     92.24 | accu 0.2448 = 28247/115380 | w_len 1.7906 = 206596/115380 ../data/sample_500k/cbt_valid.txt
[2022-04-13 17:27:28.300] Save: model.pt... 
[2022-04-13 17:27:29.035] Save: model.pt...Done. best_val_loss: 5.1514
[2022-04-13 17:27:29.035] Epoch 016/20 ==================================================
[2022-04-13 17:27:47.342] E016 |   200/1398 batches | lr 2.5000 | loss  4.141 | ppl     62.88 frag_cnt/word_cnt=2.201=308150/140000
[2022-04-13 17:28:05.628] E016 |   400/1398 batches | lr 2.5000 | loss  4.116 | ppl     61.28 frag_cnt/word_cnt=2.238=313344/140000
[2022-04-13 17:28:23.852] E016 |   600/1398 batches | lr 2.5000 | loss  4.056 | ppl     57.76 frag_cnt/word_cnt=2.233=312628/140000
[2022-04-13 17:28:42.308] E016 |   800/1398 batches | lr 2.5000 | loss  4.129 | ppl     62.14 frag_cnt/word_cnt=2.266=317262/140000
[2022-04-13 17:29:02.327] E016 |  1000/1398 batches | lr 2.5000 | loss  4.076 | ppl     58.89 frag_cnt/word_cnt=2.259=316244/140000
[2022-04-13 17:29:21.294] E016 |  1200/1398 batches | lr 2.5000 | loss  4.009 | ppl     55.11 frag_cnt/word_cnt=2.242=313927/140000
[2022-04-13 17:29:39.360] E016 |  1398/1398 batches | lr 2.5000 | loss  3.977 | ppl     53.37 frag_cnt/word_cnt=2.225=308414/138600
[2022-04-13 17:29:50.953] End E016 | valid loss  5.154; ppl    173.05 | accu 0.2404 = 54719/227640 | w_len 2.1526 = 490018/227640
[2022-04-13 17:30:16.989] End E016 |  test loss  8.559; ppl   5215.39 | accu 0.0918 = 46517/506840 | w_len 2.5036 = 1268900/506840 ../data/sample_500k/adult_test.txt
[2022-04-13 17:30:22.728] End E016 |  test loss  5.803; ppl    331.37 | accu 0.2349 = 26359/112220 | w_len 2.5248 = 283333/112220 ../data/sample_500k/adolescent_valid.txt
[2022-04-13 17:30:28.483] End E016 |  test loss  4.524; ppl     92.18 | accu 0.2457 = 28347/115380 | w_len 1.7906 = 206596/115380 ../data/sample_500k/cbt_valid.txt
[2022-04-13 17:30:28.483] Epoch 017/20 ==================================================
[2022-04-13 17:30:46.693] E017 |   200/1398 batches | lr 1.2500 | loss  4.130 | ppl     62.15 frag_cnt/word_cnt=2.201=308150/140000
[2022-04-13 17:31:04.994] E017 |   400/1398 batches | lr 1.2500 | loss  4.105 | ppl     60.63 frag_cnt/word_cnt=2.238=313344/140000
[2022-04-13 17:31:23.253] E017 |   600/1398 batches | lr 1.2500 | loss  4.030 | ppl     56.28 frag_cnt/word_cnt=2.233=312628/140000
[2022-04-13 17:31:41.768] E017 |   800/1398 batches | lr 1.2500 | loss  4.101 | ppl     60.39 frag_cnt/word_cnt=2.266=317262/140000
[2022-04-13 17:32:01.135] E017 |  1000/1398 batches | lr 1.2500 | loss  4.045 | ppl     57.13 frag_cnt/word_cnt=2.259=316244/140000
[2022-04-13 17:32:19.459] E017 |  1200/1398 batches | lr 1.2500 | loss  3.977 | ppl     53.35 frag_cnt/word_cnt=2.242=313927/140000
[2022-04-13 17:32:37.648] E017 |  1398/1398 batches | lr 1.2500 | loss  3.942 | ppl     51.52 frag_cnt/word_cnt=2.225=308414/138600
[2022-04-13 17:32:49.311] End E017 | valid loss  5.151; ppl    172.65 | accu 0.2410 = 54851/227640 | w_len 2.1526 = 490018/227640
[2022-04-13 17:33:15.483] End E017 |  test loss  8.554; ppl   5187.91 | accu 0.0922 = 46723/506840 | w_len 2.5036 = 1268900/506840 ../data/sample_500k/adult_test.txt
[2022-04-13 17:33:21.309] End E017 |  test loss  5.805; ppl    331.83 | accu 0.2358 = 26457/112220 | w_len 2.5248 = 283333/112220 ../data/sample_500k/adolescent_valid.txt
[2022-04-13 17:33:27.084] End E017 |  test loss  4.519; ppl     91.73 | accu 0.2457 = 28353/115380 | w_len 1.7906 = 206596/115380 ../data/sample_500k/cbt_valid.txt
[2022-04-13 17:33:27.084] Save: model.pt... 
[2022-04-13 17:33:27.743] Save: model.pt...Done. best_val_loss: 5.1513
[2022-04-13 17:33:27.744] Epoch 018/20 ==================================================
[2022-04-13 17:33:46.275] E018 |   200/1398 batches | lr 1.2500 | loss  4.111 | ppl     60.99 frag_cnt/word_cnt=2.201=308150/140000
[2022-04-13 17:34:04.595] E018 |   400/1398 batches | lr 1.2500 | loss  4.085 | ppl     59.47 frag_cnt/word_cnt=2.238=313344/140000
[2022-04-13 17:34:23.092] E018 |   600/1398 batches | lr 1.2500 | loss  4.022 | ppl     55.79 frag_cnt/word_cnt=2.233=312628/140000
[2022-04-13 17:34:41.788] E018 |   800/1398 batches | lr 1.2500 | loss  4.094 | ppl     60.00 frag_cnt/word_cnt=2.266=317262/140000
[2022-04-13 17:35:00.147] E018 |  1000/1398 batches | lr 1.2500 | loss  4.038 | ppl     56.72 frag_cnt/word_cnt=2.259=316244/140000
[2022-04-13 17:35:18.628] E018 |  1200/1398 batches | lr 1.2500 | loss  3.974 | ppl     53.20 frag_cnt/word_cnt=2.242=313927/140000
[2022-04-13 17:35:37.066] E018 |  1398/1398 batches | lr 1.2500 | loss  3.935 | ppl     51.17 frag_cnt/word_cnt=2.225=308414/138600
[2022-04-13 17:35:48.836] End E018 | valid loss  5.149; ppl    172.18 | accu 0.2412 = 54905/227640 | w_len 2.1526 = 490018/227640
[2022-04-13 17:36:15.290] End E018 |  test loss  8.560; ppl   5217.02 | accu 0.0922 = 46721/506840 | w_len 2.5036 = 1268900/506840 ../data/sample_500k/adult_test.txt
[2022-04-13 17:36:21.133] End E018 |  test loss  5.802; ppl    330.98 | accu 0.2356 = 26443/112220 | w_len 2.5248 = 283333/112220 ../data/sample_500k/adolescent_valid.txt
[2022-04-13 17:36:26.922] End E018 |  test loss  4.515; ppl     91.35 | accu 0.2466 = 28458/115380 | w_len 1.7906 = 206596/115380 ../data/sample_500k/cbt_valid.txt
[2022-04-13 17:36:26.923] Save: model.pt... 
[2022-04-13 17:36:27.578] Save: model.pt...Done. best_val_loss: 5.1485
[2022-04-13 17:36:27.578] Epoch 019/20 ==================================================
[2022-04-13 17:36:46.055] E019 |   200/1398 batches | lr 1.2500 | loss  4.102 | ppl     60.44 frag_cnt/word_cnt=2.201=308150/140000
[2022-04-13 17:37:04.655] E019 |   400/1398 batches | lr 1.2500 | loss  4.072 | ppl     58.67 frag_cnt/word_cnt=2.238=313344/140000
[2022-04-13 17:37:23.609] E019 |   600/1398 batches | lr 1.2500 | loss  4.011 | ppl     55.21 frag_cnt/word_cnt=2.233=312628/140000
[2022-04-13 17:37:42.251] E019 |   800/1398 batches | lr 1.2500 | loss  4.088 | ppl     59.61 frag_cnt/word_cnt=2.266=317262/140000
[2022-04-13 17:38:00.536] E019 |  1000/1398 batches | lr 1.2500 | loss  4.031 | ppl     56.33 frag_cnt/word_cnt=2.259=316244/140000
[2022-04-13 17:38:19.137] E019 |  1200/1398 batches | lr 1.2500 | loss  3.969 | ppl     52.91 frag_cnt/word_cnt=2.242=313927/140000
[2022-04-13 17:38:37.442] E019 |  1398/1398 batches | lr 1.2500 | loss  3.932 | ppl     51.00 frag_cnt/word_cnt=2.225=308414/138600
[2022-04-13 17:38:49.084] End E019 | valid loss  5.151; ppl    172.58 | accu 0.2415 = 54984/227640 | w_len 2.1526 = 490018/227640
[2022-04-13 17:39:15.181] End E019 |  test loss  8.569; ppl   5265.57 | accu 0.0920 = 46623/506840 | w_len 2.5036 = 1268900/506840 ../data/sample_500k/adult_test.txt
[2022-04-13 17:39:20.958] End E019 |  test loss  5.808; ppl    332.98 | accu 0.2360 = 26483/112220 | w_len 2.5248 = 283333/112220 ../data/sample_500k/adolescent_valid.txt
[2022-04-13 17:39:27.304] End E019 |  test loss  4.513; ppl     91.20 | accu 0.2469 = 28487/115380 | w_len 1.7906 = 206596/115380 ../data/sample_500k/cbt_valid.txt
[2022-04-13 17:39:27.304] Epoch 020/20 ==================================================
[2022-04-13 17:39:46.224] E020 |   200/1398 batches | lr 0.6250 | loss  4.098 | ppl     60.20 frag_cnt/word_cnt=2.201=308150/140000
[2022-04-13 17:40:04.732] E020 |   400/1398 batches | lr 0.6250 | loss  4.066 | ppl     58.30 frag_cnt/word_cnt=2.238=313344/140000
[2022-04-13 17:40:23.051] E020 |   600/1398 batches | lr 0.6250 | loss  4.003 | ppl     54.76 frag_cnt/word_cnt=2.233=312628/140000
[2022-04-13 17:40:41.624] E020 |   800/1398 batches | lr 0.6250 | loss  4.075 | ppl     58.83 frag_cnt/word_cnt=2.266=317262/140000
[2022-04-13 17:41:00.063] E020 |  1000/1398 batches | lr 0.6250 | loss  4.016 | ppl     55.50 frag_cnt/word_cnt=2.259=316244/140000
[2022-04-13 17:41:18.711] E020 |  1200/1398 batches | lr 0.6250 | loss  3.951 | ppl     51.97 frag_cnt/word_cnt=2.242=313927/140000
[2022-04-13 17:41:37.550] E020 |  1398/1398 batches | lr 0.6250 | loss  3.914 | ppl     50.12 frag_cnt/word_cnt=2.225=308414/138600
[2022-04-13 17:41:49.298] End E020 | valid loss  5.149; ppl    172.29 | accu 0.2424 = 55191/227640 | w_len 2.1526 = 490018/227640
[2022-04-13 17:42:15.739] End E020 |  test loss  8.557; ppl   5203.13 | accu 0.0929 = 47075/506840 | w_len 2.5036 = 1268900/506840 ../data/sample_500k/adult_test.txt
[2022-04-13 17:42:21.531] End E020 |  test loss  5.808; ppl    332.99 | accu 0.2371 = 26602/112220 | w_len 2.5248 = 283333/112220 ../data/sample_500k/adolescent_valid.txt
[2022-04-13 17:42:27.312] End E020 |  test loss  4.510; ppl     90.91 | accu 0.2475 = 28561/115380 | w_len 1.7906 = 206596/115380 ../data/sample_500k/cbt_valid.txt
[2022-04-13 17:42:57.909] End. test loss  8.56; ppl  5217.02 | accu 0.0922 = 46721/506840 | w_len 2.5036 = 1268900/506840 ../data/sample_500k/adult_test.txt
[2022-04-13 17:43:03.819] End. test loss  5.80; ppl   330.98 | accu 0.2356 = 26443/112220 | w_len 2.5248 = 283333/112220 ../data/sample_500k/adolescent_valid.txt
[2022-04-13 17:43:09.624] End. test loss  4.51; ppl    91.35 | accu 0.2466 = 28458/115380 | w_len 1.7906 = 206596/115380 ../data/sample_500k/cbt_valid.txt
[2022-04-13 17:43:09.624] =========================================================================================
[2022-04-13 17:43:09.624] valid_loss
[2022-04-13 17:43:09.625]  5.73, 5.51, 5.40, 5.38, 5.35, 5.29, 5.30, 5.20, 5.19, 5.18, 5.19, 5.16, 5.16, 5.15, 5.15, 5.15, 5.15, 5.15, 5.15, 5.15
[2022-04-13 17:43:09.625] valid_loss ppl
[2022-04-13 17:43:09.625]   306.57,  247.52,  221.83,  216.15,  210.49,  198.37,  201.31,  180.63,  179.48,  178.18,  179.86,  174.52,  174.74,  172.79,  172.67,  173.05,  172.65,  172.18,  172.58,  172.29
[2022-04-13 17:43:09.625] test_loss of ../data/sample_500k/adult_test.txt
[2022-04-13 17:43:09.625]  8.89, 8.29, 8.35, 8.34, 8.27, 8.36, 8.39, 8.38, 8.43, 8.41, 8.46, 8.51, 8.53, 8.55, 8.56, 8.56, 8.55, 8.56, 8.57, 8.56
[2022-04-13 17:43:09.625] test_loss of ../data/sample_500k/adult_test.txt ppl
[2022-04-13 17:43:09.625]  7252.38, 3996.75, 4221.02, 4173.73, 3921.43, 4268.63, 4394.91, 4371.38, 4582.06, 4483.23, 4699.22, 4967.43, 5052.00, 5148.18, 5238.24, 5215.39, 5187.91, 5217.02, 5265.57, 5203.13
[2022-04-13 17:43:09.625] test_loss of ../data/sample_500k/adolescent_valid.txt
[2022-04-13 17:43:09.625]  6.30, 6.10, 5.98, 5.99, 5.93, 5.90, 5.93, 5.81, 5.80, 5.80, 5.82, 5.79, 5.80, 5.80, 5.80, 5.80, 5.80, 5.80, 5.81, 5.81
[2022-04-13 17:43:09.625] test_loss of ../data/sample_500k/adolescent_valid.txt ppl
[2022-04-13 17:43:09.625]   543.68,  445.22,  396.09,  401.29,  377.76,  365.09,  376.84,  333.28,  331.81,  330.03,  335.99,  327.64,  331.10,  329.33,  329.52,  331.37,  331.83,  330.98,  332.98,  332.99
[2022-04-13 17:43:09.625] test_loss of ../data/sample_500k/cbt_valid.txt
[2022-04-13 17:43:09.625]  5.17, 4.93, 4.84, 4.77, 4.74, 4.70, 4.68, 4.60, 4.59, 4.58, 4.59, 4.55, 4.54, 4.53, 4.52, 4.52, 4.52, 4.51, 4.51, 4.51
[2022-04-13 17:43:09.625] test_loss of ../data/sample_500k/cbt_valid.txt ppl
[2022-04-13 17:43:09.625]   175.97,  137.85,  126.97,  118.51,  114.60,  109.80,  108.19,   99.24,   98.84,   97.97,   98.13,   94.78,   94.04,   92.42,   92.24,   92.18,   91.73,   91.35,   91.20,   90.91
[2022-04-13 17:43:09.626] 
[2022-04-13 17:43:09.626] 
[2022-04-13 17:43:09.626] 
