[2022-04-13 19:54:36.375] corpus.train_file_list: 1
[2022-04-13 19:54:36.375]         ../data/sample_500k/cbt_train.txt
[2022-04-13 19:54:36.375] corpus.valid_file_list: 1
[2022-04-13 19:54:36.375]         ../data/sample_500k/cbt_valid.txt
[2022-04-13 19:54:36.375] corpus.test_file_list: 2
[2022-04-13 19:54:36.375]         ../data/sample_500k/adolescent_valid.txt
[2022-04-13 19:54:36.375]         ../data/sample_500k/adult_test.txt
[2022-04-13 19:54:36.375] corpus.subword_vocab_size: 0
[2022-04-13 19:54:36.375] corpus.subword_model = None. Corpus will not use subword.
[2022-04-13 19:54:36.375] corpus tokenize...
[2022-04-13 19:54:37.056]         train tokens: 511735  ../data/sample_500k/cbt_train.txt
[2022-04-13 19:54:37.193]         valid tokens: 115417  ../data/sample_500k/cbt_valid.txt
[2022-04-13 19:54:37.422]         test  tokens: 112256  ../data/sample_500k/adolescent_valid.txt
[2022-04-13 19:54:38.071]         test  tokens: 506878  ../data/sample_500k/adult_test.txt
[2022-04-13 19:54:38.071] corpus.ntokens      : 73236
[2022-04-13 19:54:38.071] corpus.char_count   : 157
[2022-04-13 19:54:38.071] corpus.char_cnt_dict: 157
[2022-04-13 19:54:38.071] corpus.char_id_dict : 157
[2022-04-13 19:54:38.081] corpus.batchify(1 files, batch_size=20)...
[2022-04-13 19:54:38.081]         tokens_all: 511735
[2022-04-13 19:54:38.081]         batched   :  25586
[2022-04-13 19:54:38.081]         ../data/sample_500k/cbt_train.txt
[2022-04-13 19:54:38.084] corpus.batchify(1 files, batch_size=20)...
[2022-04-13 19:54:38.085]         tokens_all: 115417
[2022-04-13 19:54:38.085]         batched   :   5770
[2022-04-13 19:54:38.085]         ../data/sample_500k/cbt_valid.txt
[2022-04-13 19:54:38.086] corpus.batchify(1 files, batch_size=20)...
[2022-04-13 19:54:38.086]         tokens_all: 112256
[2022-04-13 19:54:38.086]         batched   :   5612
[2022-04-13 19:54:38.086]         ../data/sample_500k/adolescent_valid.txt
[2022-04-13 19:54:38.090] corpus.batchify(1 files, batch_size=20)...
[2022-04-13 19:54:38.090]         tokens_all: 506878
[2022-04-13 19:54:38.090]         batched   :  25343
[2022-04-13 19:54:38.090]         ../data/sample_500k/adult_test.txt
[2022-04-13 19:54:38.091] subword_adapter will be generated due to word_split_mode='Subword.2000'
[2022-04-13 19:54:38.091] SubwordAdapter.file_list: 2
[2022-04-13 19:54:38.091]         ../data/sample_500k/cbt_train.txt
[2022-04-13 19:54:38.091]         ../data/sample_500k/cbt_valid.txt
[2022-04-13 19:54:38.091] SubwordAdapter.subword_vocab_size: 2000
[2022-04-13 19:54:38.091] SubwordAdapter.subword_model.train(2 files)...
[2022-04-13 19:54:38.537] SubwordAdapter.subword_model.train(2 files)...Done
[2022-04-13 19:54:39.090] RNNModel.rnn_type: LSTM
[2022-04-13 19:54:39.090] RNNModel.ntoken  : 73236
[2022-04-13 19:54:39.091] RNNModel.ninp    : 200
[2022-04-13 19:54:39.091] RNNModel.nhid    : 200
[2022-04-13 19:54:39.091] RNNModel.nlayers : 2
[2022-04-13 19:54:39.091] RNNModel.dropout : 0.2
[2022-04-13 19:54:39.091] RNNModel.tie_weights: False
[2022-04-13 19:54:39.091] RNNModel.fragment_aggregate_mode: LSTM
[2022-04-13 19:54:39.091] RNNModel.fragment_cnt           : 2002
[2022-04-13 19:54:39.091] RNNModel.fragment_emsize        : 25
[2022-04-13 19:54:39.091] RNNModel.fragment_nhid          : 200
[2022-04-13 19:54:39.092] RNNModel.fragment_embeds     : created
[2022-04-13 19:54:39.096] RNNModel.fragment_lstm       : created
[2022-04-13 19:54:39.096] RNNModel.fragment_lstm_linear: created
[2022-04-13 19:54:39.122] Epoch 001/20 ==================================================
[2022-04-13 19:55:45.367] E001 |   200/731 batches | lr 20.0000 | loss  7.333 | ppl   1530.27 frag_cnt/word_cnt=1.358=190183/140000
[2022-04-13 19:56:51.464] E001 |   400/731 batches | lr 20.0000 | loss  5.994 | ppl    400.82 frag_cnt/word_cnt=1.351=189199/140000
[2022-04-13 19:57:54.548] E001 |   600/731 batches | lr 20.0000 | loss  5.376 | ppl    216.08 frag_cnt/word_cnt=1.357=189938/140000
[2022-04-13 19:58:35.754] E001 |   731/731 batches | lr 20.0000 | loss  5.193 | ppl    180.04 frag_cnt/word_cnt=1.359=124608/91700
[2022-04-13 19:58:50.265] End E001 | valid loss  5.423; ppl    226.48 | accu 0.1538 = 17748/115380 | w_len 1.3133 = 151533/115380
[2022-04-13 19:59:04.574] End E001 |  test loss  9.051; ppl   8530.70 | accu 0.0282 = 3168/112220 | w_len 1.8753 = 210448/112220 ../data/sample_500k/adolescent_valid.txt
[2022-04-13 20:00:09.762] End E001 |  test loss  9.077; ppl   8751.83 | accu 0.0219 = 11102/506840 | w_len 1.9628 = 994802/506840 ../data/sample_500k/adult_test.txt
[2022-04-13 20:00:09.762] Save: model.pt... 
[2022-04-13 20:00:10.225] Save: model.pt...Done. best_val_loss: 5.4227
[2022-04-13 20:00:10.225] Epoch 002/20 ==================================================
[2022-04-13 20:01:15.219] E002 |   200/731 batches | lr 20.0000 | loss  5.058 | ppl    157.22 frag_cnt/word_cnt=1.358=190183/140000
[2022-04-13 20:02:21.325] E002 |   400/731 batches | lr 20.0000 | loss  4.963 | ppl    143.00 frag_cnt/word_cnt=1.351=189199/140000
[2022-04-13 20:03:24.395] E002 |   600/731 batches | lr 20.0000 | loss  4.767 | ppl    117.52 frag_cnt/word_cnt=1.357=189938/140000
[2022-04-13 20:04:04.434] E002 |   731/731 batches | lr 20.0000 | loss  4.704 | ppl    110.39 frag_cnt/word_cnt=1.359=124608/91700
[2022-04-13 20:04:18.794] End E002 | valid loss  5.061; ppl    157.67 | accu 0.1715 = 19793/115380 | w_len 1.3133 = 151533/115380
[2022-04-13 20:04:33.063] End E002 |  test loss  8.803; ppl   6656.54 | accu 0.0327 = 3667/112220 | w_len 1.8753 = 210448/112220 ../data/sample_500k/adolescent_valid.txt
[2022-04-13 20:05:36.865] End E002 |  test loss  9.000; ppl   8107.01 | accu 0.0287 = 14537/506840 | w_len 1.9628 = 994802/506840 ../data/sample_500k/adult_test.txt
[2022-04-13 20:05:36.866] Save: model.pt... 
[2022-04-13 20:05:37.318] Save: model.pt...Done. best_val_loss: 5.0605
[2022-04-13 20:05:37.318] Epoch 003/20 ==================================================
[2022-04-13 20:06:37.700] E003 |   200/731 batches | lr 20.0000 | loss  4.658 | ppl    105.44 frag_cnt/word_cnt=1.358=190183/140000
[2022-04-13 20:07:43.480] E003 |   400/731 batches | lr 20.0000 | loss  4.631 | ppl    102.61 frag_cnt/word_cnt=1.351=189199/140000
[2022-04-13 20:08:45.301] E003 |   600/731 batches | lr 20.0000 | loss  4.495 | ppl     89.56 frag_cnt/word_cnt=1.357=189938/140000
[2022-04-13 20:09:27.980] E003 |   731/731 batches | lr 20.0000 | loss  4.459 | ppl     86.38 frag_cnt/word_cnt=1.359=124608/91700
[2022-04-13 20:09:42.537] End E003 | valid loss  4.897; ppl    133.83 | accu 0.1964 = 22665/115380 | w_len 1.3133 = 151533/115380
[2022-04-13 20:09:58.098] End E003 |  test loss  8.582; ppl   5332.75 | accu 0.0555 = 6223/112220 | w_len 1.8753 = 210448/112220 ../data/sample_500k/adolescent_valid.txt
[2022-04-13 20:11:04.706] End E003 |  test loss  8.806; ppl   6676.55 | accu 0.0543 = 27509/506840 | w_len 1.9628 = 994802/506840 ../data/sample_500k/adult_test.txt
[2022-04-13 20:11:04.706] Save: model.pt... 
[2022-04-13 20:11:05.186] Save: model.pt...Done. best_val_loss: 4.8966
[2022-04-13 20:11:05.187] Epoch 004/20 ==================================================
[2022-04-13 20:12:08.342] E004 |   200/731 batches | lr 20.0000 | loss  4.438 | ppl     84.59 frag_cnt/word_cnt=1.358=190183/140000
[2022-04-13 20:13:09.852] E004 |   400/731 batches | lr 20.0000 | loss  4.436 | ppl     84.47 frag_cnt/word_cnt=1.351=189199/140000
[2022-04-13 20:14:13.696] E004 |   600/731 batches | lr 20.0000 | loss  4.321 | ppl     75.28 frag_cnt/word_cnt=1.357=189938/140000
[2022-04-13 20:14:54.629] E004 |   731/731 batches | lr 20.0000 | loss  4.303 | ppl     73.93 frag_cnt/word_cnt=1.359=124608/91700
[2022-04-13 20:15:09.255] End E004 | valid loss  4.801; ppl    121.68 | accu 0.2063 = 23807/115380 | w_len 1.3133 = 151533/115380
[2022-04-13 20:15:23.372] End E004 |  test loss  8.555; ppl   5193.30 | accu 0.0572 = 6419/112220 | w_len 1.8753 = 210448/112220 ../data/sample_500k/adolescent_valid.txt
[2022-04-13 20:16:29.177] End E004 |  test loss  8.934; ppl   7584.21 | accu 0.0542 = 27452/506840 | w_len 1.9628 = 994802/506840 ../data/sample_500k/adult_test.txt
[2022-04-13 20:16:29.177] Save: model.pt... 
[2022-04-13 20:16:29.648] Save: model.pt...Done. best_val_loss: 4.8014
[2022-04-13 20:16:29.648] Epoch 005/20 ==================================================
[2022-04-13 20:17:30.667] E005 |   200/731 batches | lr 20.0000 | loss  4.290 | ppl     72.94 frag_cnt/word_cnt=1.358=190183/140000
[2022-04-13 20:18:35.438] E005 |   400/731 batches | lr 20.0000 | loss  4.295 | ppl     73.35 frag_cnt/word_cnt=1.351=189199/140000
[2022-04-13 20:19:40.038] E005 |   600/731 batches | lr 20.0000 | loss  4.192 | ppl     66.12 frag_cnt/word_cnt=1.357=189938/140000
[2022-04-13 20:20:25.167] E005 |   731/731 batches | lr 20.0000 | loss  4.175 | ppl     65.02 frag_cnt/word_cnt=1.359=124608/91700
[2022-04-13 20:20:41.766] End E005 | valid loss  4.770; ppl    117.97 | accu 0.2083 = 24037/115380 | w_len 1.3133 = 151533/115380
[2022-04-13 20:20:59.435] End E005 |  test loss  8.601; ppl   5436.19 | accu 0.0564 = 6326/112220 | w_len 1.8753 = 210448/112220 ../data/sample_500k/adolescent_valid.txt
[2022-04-13 20:22:05.117] End E005 |  test loss  9.075; ppl   8737.22 | accu 0.0526 = 26636/506840 | w_len 1.9628 = 994802/506840 ../data/sample_500k/adult_test.txt
[2022-04-13 20:22:05.117] Save: model.pt... 
[2022-04-13 20:22:05.586] Save: model.pt...Done. best_val_loss: 4.7704
[2022-04-13 20:22:05.586] Epoch 006/20 ==================================================
[2022-04-13 20:23:10.896] E006 |   200/731 batches | lr 20.0000 | loss  4.167 | ppl     64.52 frag_cnt/word_cnt=1.358=190183/140000
[2022-04-13 20:24:14.288] E006 |   400/731 batches | lr 20.0000 | loss  4.183 | ppl     65.53 frag_cnt/word_cnt=1.351=189199/140000
[2022-04-13 20:25:20.767] E006 |   600/731 batches | lr 20.0000 | loss  4.089 | ppl     59.70 frag_cnt/word_cnt=1.357=189938/140000
[2022-04-13 20:26:01.662] E006 |   731/731 batches | lr 20.0000 | loss  4.069 | ppl     58.51 frag_cnt/word_cnt=1.359=124608/91700
[2022-04-13 20:26:15.837] End E006 | valid loss  4.729; ppl    113.24 | accu 0.2137 = 24661/115380 | w_len 1.3133 = 151533/115380
[2022-04-13 20:26:29.832] End E006 |  test loss  8.562; ppl   5231.19 | accu 0.0575 = 6454/112220 | w_len 1.8753 = 210448/112220 ../data/sample_500k/adolescent_valid.txt
[2022-04-13 20:27:33.809] End E006 |  test loss  9.141; ppl   9332.15 | accu 0.0504 = 25522/506840 | w_len 1.9628 = 994802/506840 ../data/sample_500k/adult_test.txt
[2022-04-13 20:27:33.810] Save: model.pt... 
[2022-04-13 20:27:34.272] Save: model.pt...Done. best_val_loss: 4.7295
[2022-04-13 20:27:34.272] Epoch 007/20 ==================================================
[2022-04-13 20:28:36.059] E007 |   200/731 batches | lr 20.0000 | loss  4.068 | ppl     58.46 frag_cnt/word_cnt=1.358=190183/140000
[2022-04-13 20:29:38.152] E007 |   400/731 batches | lr 20.0000 | loss  4.087 | ppl     59.59 frag_cnt/word_cnt=1.351=189199/140000
[2022-04-13 20:30:41.209] E007 |   600/731 batches | lr 20.0000 | loss  3.999 | ppl     54.56 frag_cnt/word_cnt=1.357=189938/140000
[2022-04-13 20:31:25.636] E007 |   731/731 batches | lr 20.0000 | loss  3.980 | ppl     53.51 frag_cnt/word_cnt=1.359=124608/91700
[2022-04-13 20:31:40.003] End E007 | valid loss  4.724; ppl    112.56 | accu 0.2171 = 25052/115380 | w_len 1.3133 = 151533/115380
[2022-04-13 20:31:54.106] End E007 |  test loss  8.640; ppl   5652.42 | accu 0.0618 = 6935/112220 | w_len 1.8753 = 210448/112220 ../data/sample_500k/adolescent_valid.txt
[2022-04-13 20:32:58.009] End E007 |  test loss  9.079; ppl   8771.78 | accu 0.0578 = 29293/506840 | w_len 1.9628 = 994802/506840 ../data/sample_500k/adult_test.txt
[2022-04-13 20:32:58.009] Save: model.pt... 
[2022-04-13 20:32:58.467] Save: model.pt...Done. best_val_loss: 4.7235
[2022-04-13 20:32:58.467] Epoch 008/20 ==================================================
[2022-04-13 20:34:01.616] E008 |   200/731 batches | lr 20.0000 | loss  3.978 | ppl     53.41 frag_cnt/word_cnt=1.358=190183/140000
[2022-04-13 20:35:05.255] E008 |   400/731 batches | lr 20.0000 | loss  4.004 | ppl     54.82 frag_cnt/word_cnt=1.351=189199/140000
[2022-04-13 20:36:12.314] E008 |   600/731 batches | lr 20.0000 | loss  3.918 | ppl     50.31 frag_cnt/word_cnt=1.357=189938/140000
[2022-04-13 20:36:53.964] E008 |   731/731 batches | lr 20.0000 | loss  3.895 | ppl     49.16 frag_cnt/word_cnt=1.359=124608/91700
[2022-04-13 20:37:08.755] End E008 | valid loss  4.695; ppl    109.44 | accu 0.2202 = 25409/115380 | w_len 1.3133 = 151533/115380
[2022-04-13 20:37:23.128] End E008 |  test loss  8.737; ppl   6226.69 | accu 0.0588 = 6604/112220 | w_len 1.8753 = 210448/112220 ../data/sample_500k/adolescent_valid.txt
[2022-04-13 20:38:27.236] End E008 |  test loss  9.218; ppl  10081.25 | accu 0.0570 = 28903/506840 | w_len 1.9628 = 994802/506840 ../data/sample_500k/adult_test.txt
[2022-04-13 20:38:27.236] Save: model.pt... 
[2022-04-13 20:38:27.716] Save: model.pt...Done. best_val_loss: 4.6954
[2022-04-13 20:38:27.716] Epoch 009/20 ==================================================
[2022-04-13 20:39:32.050] E009 |   200/731 batches | lr 20.0000 | loss  3.903 | ppl     49.56 frag_cnt/word_cnt=1.358=190183/140000
[2022-04-13 20:40:39.765] E009 |   400/731 batches | lr 20.0000 | loss  3.930 | ppl     50.91 frag_cnt/word_cnt=1.351=189199/140000
[2022-04-13 20:41:42.447] E009 |   600/731 batches | lr 20.0000 | loss  3.848 | ppl     46.92 frag_cnt/word_cnt=1.357=189938/140000
[2022-04-13 20:42:23.915] E009 |   731/731 batches | lr 20.0000 | loss  3.828 | ppl     45.96 frag_cnt/word_cnt=1.359=124608/91700
[2022-04-13 20:42:39.022] End E009 | valid loss  4.679; ppl    107.69 | accu 0.2245 = 25900/115380 | w_len 1.3133 = 151533/115380
[2022-04-13 20:42:55.268] End E009 |  test loss  8.864; ppl   7070.40 | accu 0.0640 = 7181/112220 | w_len 1.8753 = 210448/112220 ../data/sample_500k/adolescent_valid.txt
[2022-04-13 20:43:58.871] End E009 |  test loss  9.396; ppl  12044.12 | accu 0.0579 = 29324/506840 | w_len 1.9628 = 994802/506840 ../data/sample_500k/adult_test.txt
[2022-04-13 20:43:58.871] Save: model.pt... 
[2022-04-13 20:43:59.391] Save: model.pt...Done. best_val_loss: 4.6793
[2022-04-13 20:43:59.391] Epoch 010/20 ==================================================
[2022-04-13 20:45:04.347] E010 |   200/731 batches | lr 20.0000 | loss  3.835 | ppl     46.29 frag_cnt/word_cnt=1.358=190183/140000
[2022-04-13 20:46:13.793] E010 |   400/731 batches | lr 20.0000 | loss  3.866 | ppl     47.76 frag_cnt/word_cnt=1.351=189199/140000
[2022-04-13 20:47:20.640] E010 |   600/731 batches | lr 20.0000 | loss  3.785 | ppl     44.04 frag_cnt/word_cnt=1.357=189938/140000
[2022-04-13 20:48:03.164] E010 |   731/731 batches | lr 20.0000 | loss  3.768 | ppl     43.27 frag_cnt/word_cnt=1.359=124608/91700
[2022-04-13 20:48:18.008] End E010 | valid loss  4.728; ppl    113.05 | accu 0.2217 = 25574/115380 | w_len 1.3133 = 151533/115380
[2022-04-13 20:48:33.218] End E010 |  test loss  8.857; ppl   7020.03 | accu 0.0624 = 6997/112220 | w_len 1.8753 = 210448/112220 ../data/sample_500k/adolescent_valid.txt
[2022-04-13 20:49:37.299] End E010 |  test loss  9.459; ppl  12827.95 | accu 0.0603 = 30569/506840 | w_len 1.9628 = 994802/506840 ../data/sample_500k/adult_test.txt
[2022-04-13 20:49:37.299] Epoch 011/20 ==================================================
[2022-04-13 20:50:39.847] E011 |   200/731 batches | lr 10.0000 | loss  3.728 | ppl     41.59 frag_cnt/word_cnt=1.358=190183/140000
[2022-04-13 20:51:41.625] E011 |   400/731 batches | lr 10.0000 | loss  3.705 | ppl     40.66 frag_cnt/word_cnt=1.351=189199/140000
[2022-04-13 20:52:43.527] E011 |   600/731 batches | lr 10.0000 | loss  3.593 | ppl     36.33 frag_cnt/word_cnt=1.357=189938/140000
[2022-04-13 20:53:22.970] E011 |   731/731 batches | lr 10.0000 | loss  3.553 | ppl     34.91 frag_cnt/word_cnt=1.359=124608/91700
[2022-04-13 20:53:38.727] End E011 | valid loss  4.643; ppl    103.84 | accu 0.2386 = 27533/115380 | w_len 1.3133 = 151533/115380
[2022-04-13 20:53:54.104] End E011 |  test loss  9.095; ppl   8914.38 | accu 0.0648 = 7270/112220 | w_len 1.8753 = 210448/112220 ../data/sample_500k/adolescent_valid.txt
[2022-04-13 20:54:58.797] End E011 |  test loss  9.627; ppl  15166.75 | accu 0.0620 = 31438/506840 | w_len 1.9628 = 994802/506840 ../data/sample_500k/adult_test.txt
[2022-04-13 20:54:58.797] Save: model.pt... 
[2022-04-13 20:54:59.273] Save: model.pt...Done. best_val_loss: 4.6429
[2022-04-13 20:54:59.273] Epoch 012/20 ==================================================
[2022-04-13 20:56:03.494] E012 |   200/731 batches | lr 10.0000 | loss  3.629 | ppl     37.66 frag_cnt/word_cnt=1.358=190183/140000
[2022-04-13 20:57:06.404] E012 |   400/731 batches | lr 10.0000 | loss  3.641 | ppl     38.14 frag_cnt/word_cnt=1.351=189199/140000
[2022-04-13 20:58:10.332] E012 |   600/731 batches | lr 10.0000 | loss  3.545 | ppl     34.63 frag_cnt/word_cnt=1.357=189938/140000
[2022-04-13 20:58:50.992] E012 |   731/731 batches | lr 10.0000 | loss  3.515 | ppl     33.61 frag_cnt/word_cnt=1.359=124608/91700
[2022-04-13 20:59:05.277] End E012 | valid loss  4.638; ppl    103.36 | accu 0.2400 = 27696/115380 | w_len 1.3133 = 151533/115380
[2022-04-13 20:59:19.316] End E012 |  test loss  9.139; ppl   9314.04 | accu 0.0655 = 7356/112220 | w_len 1.8753 = 210448/112220 ../data/sample_500k/adolescent_valid.txt
[2022-04-13 21:00:25.961] End E012 |  test loss  9.687; ppl  16108.59 | accu 0.0618 = 31307/506840 | w_len 1.9628 = 994802/506840 ../data/sample_500k/adult_test.txt
[2022-04-13 21:00:25.961] Save: model.pt... 
[2022-04-13 21:00:26.448] Save: model.pt...Done. best_val_loss: 4.6383
[2022-04-13 21:00:26.449] Epoch 013/20 ==================================================
[2022-04-13 21:01:32.975] E013 |   200/731 batches | lr 10.0000 | loss  3.576 | ppl     35.72 frag_cnt/word_cnt=1.358=190183/140000
[2022-04-13 21:02:35.394] E013 |   400/731 batches | lr 10.0000 | loss  3.595 | ppl     36.43 frag_cnt/word_cnt=1.351=189199/140000
[2022-04-13 21:03:38.018] E013 |   600/731 batches | lr 10.0000 | loss  3.503 | ppl     33.20 frag_cnt/word_cnt=1.357=189938/140000
[2022-04-13 21:04:19.303] E013 |   731/731 batches | lr 10.0000 | loss  3.478 | ppl     32.40 frag_cnt/word_cnt=1.359=124608/91700
[2022-04-13 21:04:33.770] End E013 | valid loss  4.671; ppl    106.79 | accu 0.2365 = 27286/115380 | w_len 1.3133 = 151533/115380
[2022-04-13 21:04:48.214] End E013 |  test loss  9.271; ppl  10622.79 | accu 0.0655 = 7348/112220 | w_len 1.8753 = 210448/112220 ../data/sample_500k/adolescent_valid.txt
[2022-04-13 21:05:54.128] End E013 |  test loss  9.856; ppl  19069.71 | accu 0.0622 = 31519/506840 | w_len 1.9628 = 994802/506840 ../data/sample_500k/adult_test.txt
[2022-04-13 21:05:54.128] Epoch 014/20 ==================================================
[2022-04-13 21:06:57.661] E014 |   200/731 batches | lr 5.0000 | loss  3.523 | ppl     33.89 frag_cnt/word_cnt=1.358=190183/140000
[2022-04-13 21:07:58.495] E014 |   400/731 batches | lr 5.0000 | loss  3.516 | ppl     33.64 frag_cnt/word_cnt=1.351=189199/140000
[2022-04-13 21:08:58.755] E014 |   600/731 batches | lr 5.0000 | loss  3.406 | ppl     30.15 frag_cnt/word_cnt=1.357=189938/140000
[2022-04-13 21:09:37.791] E014 |   731/731 batches | lr 5.0000 | loss  3.362 | ppl     28.85 frag_cnt/word_cnt=1.359=124608/91700
[2022-04-13 21:09:52.264] End E014 | valid loss  4.653; ppl    104.93 | accu 0.2414 = 27849/115380 | w_len 1.3133 = 151533/115380
[2022-04-13 21:10:06.948] End E014 |  test loss  9.418; ppl  12302.02 | accu 0.0658 = 7388/112220 | w_len 1.8753 = 210448/112220 ../data/sample_500k/adolescent_valid.txt
[2022-04-13 21:11:13.539] End E014 |  test loss  9.939; ppl  20716.30 | accu 0.0638 = 32341/506840 | w_len 1.9628 = 994802/506840 ../data/sample_500k/adult_test.txt
[2022-04-13 21:11:13.539] Epoch 015/20 ==================================================
[2022-04-13 21:12:14.763] E015 |   200/731 batches | lr 2.5000 | loss  3.476 | ppl     32.34 frag_cnt/word_cnt=1.358=190183/140000
[2022-04-13 21:13:14.526] E015 |   400/731 batches | lr 2.5000 | loss  3.470 | ppl     32.14 frag_cnt/word_cnt=1.351=189199/140000
[2022-04-13 21:14:17.276] E015 |   600/731 batches | lr 2.5000 | loss  3.351 | ppl     28.54 frag_cnt/word_cnt=1.357=189938/140000
[2022-04-13 21:15:00.036] E015 |   731/731 batches | lr 2.5000 | loss  3.306 | ppl     27.26 frag_cnt/word_cnt=1.359=124608/91700
[2022-04-13 21:15:15.005] End E015 | valid loss  4.643; ppl    103.91 | accu 0.2438 = 28127/115380 | w_len 1.3133 = 151533/115380
[2022-04-13 21:15:33.231] End E015 |  test loss  9.449; ppl  12694.29 | accu 0.0664 = 7446/112220 | w_len 1.8753 = 210448/112220 ../data/sample_500k/adolescent_valid.txt
[2022-04-13 21:16:47.265] End E015 |  test loss  9.929; ppl  20511.60 | accu 0.0658 = 33353/506840 | w_len 1.9628 = 994802/506840 ../data/sample_500k/adult_test.txt
[2022-04-13 21:16:47.265] Epoch 016/20 ==================================================
[2022-04-13 21:17:48.276] E016 |   200/731 batches | lr 1.2500 | loss  3.452 | ppl     31.56 frag_cnt/word_cnt=1.358=190183/140000
[2022-04-13 21:18:49.125] E016 |   400/731 batches | lr 1.2500 | loss  3.447 | ppl     31.41 frag_cnt/word_cnt=1.351=189199/140000
[2022-04-13 21:19:52.815] E016 |   600/731 batches | lr 1.2500 | loss  3.325 | ppl     27.79 frag_cnt/word_cnt=1.357=189938/140000
[2022-04-13 21:20:34.166] E016 |   731/731 batches | lr 1.2500 | loss  3.272 | ppl     26.36 frag_cnt/word_cnt=1.359=124608/91700
[2022-04-13 21:20:48.898] End E016 | valid loss  4.633; ppl    102.81 | accu 0.2454 = 28312/115380 | w_len 1.3133 = 151533/115380
[2022-04-13 21:21:03.007] End E016 |  test loss  9.488; ppl  13197.88 | accu 0.0665 = 7460/112220 | w_len 1.8753 = 210448/112220 ../data/sample_500k/adolescent_valid.txt
[2022-04-13 21:22:10.498] End E016 |  test loss  9.972; ppl  21413.48 | accu 0.0659 = 33385/506840 | w_len 1.9628 = 994802/506840 ../data/sample_500k/adult_test.txt
[2022-04-13 21:22:10.499] Save: model.pt... 
[2022-04-13 21:22:10.977] Save: model.pt...Done. best_val_loss: 4.6329
[2022-04-13 21:22:10.977] Epoch 017/20 ==================================================
[2022-04-13 21:23:15.147] E017 |   200/731 batches | lr 1.2500 | loss  3.428 | ppl     30.82 frag_cnt/word_cnt=1.358=190183/140000
[2022-04-13 21:24:17.918] E017 |   400/731 batches | lr 1.2500 | loss  3.435 | ppl     31.02 frag_cnt/word_cnt=1.351=189199/140000
[2022-04-13 21:25:23.199] E017 |   600/731 batches | lr 1.2500 | loss  3.317 | ppl     27.58 frag_cnt/word_cnt=1.357=189938/140000
[2022-04-13 21:26:03.342] E017 |   731/731 batches | lr 1.2500 | loss  3.267 | ppl     26.23 frag_cnt/word_cnt=1.359=124608/91700
[2022-04-13 21:26:17.434] End E017 | valid loss  4.637; ppl    103.28 | accu 0.2451 = 28283/115380 | w_len 1.3133 = 151533/115380
[2022-04-13 21:26:33.844] End E017 |  test loss  9.509; ppl  13475.72 | accu 0.0664 = 7446/112220 | w_len 1.8753 = 210448/112220 ../data/sample_500k/adolescent_valid.txt
[2022-04-13 21:27:42.005] End E017 |  test loss  9.977; ppl  21535.09 | accu 0.0666 = 33757/506840 | w_len 1.9628 = 994802/506840 ../data/sample_500k/adult_test.txt
[2022-04-13 21:27:42.005] Epoch 018/20 ==================================================
[2022-04-13 21:28:47.074] E018 |   200/731 batches | lr 0.6250 | loss  3.426 | ppl     30.74 frag_cnt/word_cnt=1.358=190183/140000
[2022-04-13 21:29:50.456] E018 |   400/731 batches | lr 0.6250 | loss  3.424 | ppl     30.70 frag_cnt/word_cnt=1.351=189199/140000
[2022-04-13 21:30:52.540] E018 |   600/731 batches | lr 0.6250 | loss  3.299 | ppl     27.08 frag_cnt/word_cnt=1.357=189938/140000
[2022-04-13 21:31:33.461] E018 |   731/731 batches | lr 0.6250 | loss  3.255 | ppl     25.92 frag_cnt/word_cnt=1.359=124608/91700
[2022-04-13 21:31:47.885] End E018 | valid loss  4.630; ppl    102.55 | accu 0.2460 = 28380/115380 | w_len 1.3133 = 151533/115380
[2022-04-13 21:32:02.043] End E018 |  test loss  9.471; ppl  12979.04 | accu 0.0665 = 7466/112220 | w_len 1.8753 = 210448/112220 ../data/sample_500k/adolescent_valid.txt
[2022-04-13 21:33:06.632] End E018 |  test loss  9.931; ppl  20553.60 | accu 0.0667 = 33818/506840 | w_len 1.9628 = 994802/506840 ../data/sample_500k/adult_test.txt
[2022-04-13 21:33:06.633] Save: model.pt... 
[2022-04-13 21:33:07.127] Save: model.pt...Done. best_val_loss: 4.6303
[2022-04-13 21:33:07.128] Epoch 019/20 ==================================================
[2022-04-13 21:34:08.295] E019 |   200/731 batches | lr 0.6250 | loss  3.414 | ppl     30.37 frag_cnt/word_cnt=1.358=190183/140000
[2022-04-13 21:35:09.784] E019 |   400/731 batches | lr 0.6250 | loss  3.415 | ppl     30.42 frag_cnt/word_cnt=1.351=189199/140000
[2022-04-13 21:36:08.973] E019 |   600/731 batches | lr 0.6250 | loss  3.297 | ppl     27.04 frag_cnt/word_cnt=1.357=189938/140000
[2022-04-13 21:36:51.096] E019 |   731/731 batches | lr 0.6250 | loss  3.251 | ppl     25.81 frag_cnt/word_cnt=1.359=124608/91700
[2022-04-13 21:37:07.963] End E019 | valid loss  4.632; ppl    102.67 | accu 0.2461 = 28398/115380 | w_len 1.3133 = 151533/115380
[2022-04-13 21:37:22.145] End E019 |  test loss  9.493; ppl  13265.60 | accu 0.0666 = 7478/112220 | w_len 1.8753 = 210448/112220 ../data/sample_500k/adolescent_valid.txt
[2022-04-13 21:38:26.060] End E019 |  test loss  9.974; ppl  21451.20 | accu 0.0664 = 33631/506840 | w_len 1.9628 = 994802/506840 ../data/sample_500k/adult_test.txt
[2022-04-13 21:38:26.060] Epoch 020/20 ==================================================
[2022-04-13 21:39:25.413] E020 |   200/731 batches | lr 0.3125 | loss  3.409 | ppl     30.23 frag_cnt/word_cnt=1.358=190183/140000
[2022-04-13 21:40:23.590] E020 |   400/731 batches | lr 0.3125 | loss  3.409 | ppl     30.25 frag_cnt/word_cnt=1.351=189199/140000
[2022-04-13 21:41:22.880] E020 |   600/731 batches | lr 0.3125 | loss  3.293 | ppl     26.92 frag_cnt/word_cnt=1.357=189938/140000
[2022-04-13 21:42:01.463] E020 |   731/731 batches | lr 0.3125 | loss  3.240 | ppl     25.53 frag_cnt/word_cnt=1.359=124608/91700
[2022-04-13 21:42:16.525] End E020 | valid loss  4.629; ppl    102.40 | accu 0.2463 = 28416/115380 | w_len 1.3133 = 151533/115380
[2022-04-13 21:42:31.167] End E020 |  test loss  9.475; ppl  13025.46 | accu 0.0672 = 7543/112220 | w_len 1.8753 = 210448/112220 ../data/sample_500k/adolescent_valid.txt
[2022-04-13 21:43:41.222] End E020 |  test loss  9.934; ppl  20611.52 | accu 0.0672 = 34039/506840 | w_len 1.9628 = 994802/506840 ../data/sample_500k/adult_test.txt
[2022-04-13 21:43:41.222] Save: model.pt... 
[2022-04-13 21:43:41.749] Save: model.pt...Done. best_val_loss: 4.6289
[2022-04-13 21:43:55.990] End. test loss  9.47; ppl 13025.46 | accu 0.0672 = 7543/112220 | w_len 1.8753 = 210448/112220 ../data/sample_500k/adolescent_valid.txt
[2022-04-13 21:44:59.547] End. test loss  9.93; ppl 20611.52 | accu 0.0672 = 34039/506840 | w_len 1.9628 = 994802/506840 ../data/sample_500k/adult_test.txt
[2022-04-13 21:44:59.547] =========================================================================================
[2022-04-13 21:44:59.547] valid_loss
[2022-04-13 21:44:59.548]  5.42, 5.06, 4.90, 4.80, 4.77, 4.73, 4.72, 4.70, 4.68, 4.73, 4.64, 4.64, 4.67, 4.65, 4.64, 4.63, 4.64, 4.63, 4.63, 4.63
[2022-04-13 21:44:59.548] valid_loss ppl
[2022-04-13 21:44:59.548]   226.48,  157.67,  133.83,  121.68,  117.97,  113.24,  112.56,  109.44,  107.69,  113.05,  103.84,  103.36,  106.79,  104.93,  103.91,  102.81,  103.28,  102.55,  102.67,  102.40
[2022-04-13 21:44:59.548] test_loss of ../data/sample_500k/adolescent_valid.txt
[2022-04-13 21:44:59.548]  9.05, 8.80, 8.58, 8.56, 8.60, 8.56, 8.64, 8.74, 8.86, 8.86, 9.10, 9.14, 9.27, 9.42, 9.45, 9.49, 9.51, 9.47, 9.49, 9.47
[2022-04-13 21:44:59.548] test_loss of ../data/sample_500k/adolescent_valid.txt ppl
[2022-04-13 21:44:59.548]  8530.70, 6656.54, 5332.75, 5193.30, 5436.19, 5231.19, 5652.42, 6226.69, 7070.40, 7020.03, 8914.38, 9314.04,10622.79,12302.02,12694.29,13197.88,13475.72,12979.04,13265.60,13025.46
[2022-04-13 21:44:59.548] test_loss of ../data/sample_500k/adult_test.txt
[2022-04-13 21:44:59.548]  9.08, 9.00, 8.81, 8.93, 9.08, 9.14, 9.08, 9.22, 9.40, 9.46, 9.63, 9.69, 9.86, 9.94, 9.93, 9.97, 9.98, 9.93, 9.97, 9.93
[2022-04-13 21:44:59.548] test_loss of ../data/sample_500k/adult_test.txt ppl
[2022-04-13 21:44:59.548]  8751.83, 8107.01, 6676.55, 7584.21, 8737.22, 9332.15, 8771.78,10081.25,12044.12,12827.95,15166.75,16108.59,19069.71,20716.30,20511.60,21413.48,21535.09,20553.60,21451.20,20611.52
[2022-04-13 21:44:59.548] 
[2022-04-13 21:44:59.548] 
[2022-04-13 21:44:59.548] 
