[2022-04-13 14:36:04.942] corpus.train_file_list: 1
[2022-04-13 14:36:04.942]         ../data/sample_500k/cbt_train.txt
[2022-04-13 14:36:04.943] corpus.valid_file_list: 1
[2022-04-13 14:36:04.943]         ../data/sample_500k/cbt_valid.txt
[2022-04-13 14:36:04.943] corpus.test_file_list: 2
[2022-04-13 14:36:04.943]         ../data/sample_500k/adolescent_valid.txt
[2022-04-13 14:36:04.943]         ../data/sample_500k/adult_test.txt
[2022-04-13 14:36:04.943] corpus.subword_vocab_size: 0
[2022-04-13 14:36:04.943] corpus.subword_model = None. Corpus will not use subword.
[2022-04-13 14:36:04.943] corpus tokenize...
[2022-04-13 14:36:05.616]         train tokens: 511735  ../data/sample_500k/cbt_train.txt
[2022-04-13 14:36:05.753]         valid tokens: 115417  ../data/sample_500k/cbt_valid.txt
[2022-04-13 14:36:05.987]         test  tokens: 112256  ../data/sample_500k/adolescent_valid.txt
[2022-04-13 14:36:06.610]         test  tokens: 506878  ../data/sample_500k/adult_test.txt
[2022-04-13 14:36:06.610] corpus.ntokens      : 73236
[2022-04-13 14:36:06.610] corpus.char_count   : 157
[2022-04-13 14:36:06.610] corpus.char_cnt_dict: 157
[2022-04-13 14:36:06.611] corpus.char_id_dict : 157
[2022-04-13 14:36:06.621] corpus.batchify(1 files, batch_size=20)...
[2022-04-13 14:36:06.621]         tokens_all: 511735
[2022-04-13 14:36:06.621]         batched   :  25586
[2022-04-13 14:36:06.621]         ../data/sample_500k/cbt_train.txt
[2022-04-13 14:36:06.623] corpus.batchify(1 files, batch_size=20)...
[2022-04-13 14:36:06.623]         tokens_all: 115417
[2022-04-13 14:36:06.623]         batched   :   5770
[2022-04-13 14:36:06.624]         ../data/sample_500k/cbt_valid.txt
[2022-04-13 14:36:06.625] corpus.batchify(1 files, batch_size=20)...
[2022-04-13 14:36:06.625]         tokens_all: 112256
[2022-04-13 14:36:06.625]         batched   :   5612
[2022-04-13 14:36:06.625]         ../data/sample_500k/adolescent_valid.txt
[2022-04-13 14:36:06.629] corpus.batchify(1 files, batch_size=20)...
[2022-04-13 14:36:06.629]         tokens_all: 506878
[2022-04-13 14:36:06.629]         batched   :  25343
[2022-04-13 14:36:06.629]         ../data/sample_500k/adult_test.txt
[2022-04-13 14:36:06.630] subword_adapter will be generated due to word_split_mode='Subword.500'
[2022-04-13 14:36:06.630] SubwordAdapter.file_list: 2
[2022-04-13 14:36:06.630]         ../data/sample_500k/cbt_train.txt
[2022-04-13 14:36:06.630]         ../data/sample_500k/cbt_valid.txt
[2022-04-13 14:36:06.630] SubwordAdapter.subword_vocab_size: 500
[2022-04-13 14:36:06.630] SubwordAdapter.subword_model.train(2 files)...
[2022-04-13 14:36:06.921] SubwordAdapter.subword_model.train(2 files)...Done
[2022-04-13 14:36:07.503] RNNModel.rnn_type: LSTM
[2022-04-13 14:36:07.503] RNNModel.ntoken  : 73236
[2022-04-13 14:36:07.503] RNNModel.ninp    : 200
[2022-04-13 14:36:07.503] RNNModel.nhid    : 200
[2022-04-13 14:36:07.503] RNNModel.nlayers : 2
[2022-04-13 14:36:07.503] RNNModel.dropout : 0.2
[2022-04-13 14:36:07.503] RNNModel.tie_weights: False
[2022-04-13 14:36:07.504] RNNModel.fragment_aggregate_mode: CNN
[2022-04-13 14:36:07.504] RNNModel.fragment_cnt           : 502
[2022-04-13 14:36:07.504] RNNModel.fragment_emsize        : 25
[2022-04-13 14:36:07.504] RNNModel.fragment_nhid          : 200
[2022-04-13 14:36:07.504] RNNModel.fragment_embeds     : created
[2022-04-13 14:36:07.505] RNNModel.fragment_cnn3       : created
[2022-04-13 14:36:07.530] Epoch 001/20 ==================================================
[2022-04-13 14:36:22.752] E001 |   200/731 batches | lr 20.0000 | loss  7.354 | ppl   1561.76 frag_cnt/word_cnt=1.735=242953/140000
[2022-04-13 14:36:37.791] E001 |   400/731 batches | lr 20.0000 | loss  5.994 | ppl    401.14 frag_cnt/word_cnt=1.736=243037/140000
[2022-04-13 14:36:52.905] E001 |   600/731 batches | lr 20.0000 | loss  5.371 | ppl    215.03 frag_cnt/word_cnt=1.722=241109/140000
[2022-04-13 14:37:02.778] E001 |   731/731 batches | lr 20.0000 | loss  5.190 | ppl    179.41 frag_cnt/word_cnt=1.726=158301/91700
[2022-04-13 14:37:08.067] End E001 | valid loss  5.420; ppl    225.96 | accu 0.1522 = 17556/115380 | w_len 1.6742 = 193174/115380
[2022-04-13 14:37:13.301] End E001 |  test loss  8.983; ppl   7965.40 | accu 0.0340 = 3811/112220 | w_len 2.2517 = 252690/112220 ../data/sample_500k/adolescent_valid.txt
[2022-04-13 14:37:37.122] End E001 |  test loss  9.006; ppl   8153.03 | accu 0.0337 = 17095/506840 | w_len 2.4540 = 1243777/506840 ../data/sample_500k/adult_test.txt
[2022-04-13 14:37:37.123] Save: model.pt... 
[2022-04-13 14:37:37.569] Save: model.pt...Done. best_val_loss: 5.4203
[2022-04-13 14:37:37.569] Epoch 002/20 ==================================================
[2022-04-13 14:37:52.631] E002 |   200/731 batches | lr 20.0000 | loss  5.053 | ppl    156.57 frag_cnt/word_cnt=1.735=242953/140000
[2022-04-13 14:38:07.738] E002 |   400/731 batches | lr 20.0000 | loss  4.947 | ppl    140.75 frag_cnt/word_cnt=1.736=243037/140000
[2022-04-13 14:38:23.020] E002 |   600/731 batches | lr 20.0000 | loss  4.752 | ppl    115.82 frag_cnt/word_cnt=1.722=241109/140000
[2022-04-13 14:38:32.893] E002 |   731/731 batches | lr 20.0000 | loss  4.704 | ppl    110.37 frag_cnt/word_cnt=1.726=158301/91700
[2022-04-13 14:38:38.148] End E002 | valid loss  5.072; ppl    159.51 | accu 0.1747 = 20159/115380 | w_len 1.6742 = 193174/115380
[2022-04-13 14:38:43.396] End E002 |  test loss  8.697; ppl   5982.88 | accu 0.0367 = 4122/112220 | w_len 2.2517 = 252690/112220 ../data/sample_500k/adolescent_valid.txt
[2022-04-13 14:39:07.171] End E002 |  test loss  8.883; ppl   7206.27 | accu 0.0349 = 17707/506840 | w_len 2.4540 = 1243777/506840 ../data/sample_500k/adult_test.txt
[2022-04-13 14:39:07.172] Save: model.pt... 
[2022-04-13 14:39:07.605] Save: model.pt...Done. best_val_loss: 5.0721
[2022-04-13 14:39:07.605] Epoch 003/20 ==================================================
[2022-04-13 14:39:22.567] E003 |   200/731 batches | lr 20.0000 | loss  4.656 | ppl    105.19 frag_cnt/word_cnt=1.735=242953/140000
[2022-04-13 14:39:37.785] E003 |   400/731 batches | lr 20.0000 | loss  4.627 | ppl    102.25 frag_cnt/word_cnt=1.736=243037/140000
[2022-04-13 14:39:53.792] E003 |   600/731 batches | lr 20.0000 | loss  4.493 | ppl     89.39 frag_cnt/word_cnt=1.722=241109/140000
[2022-04-13 14:40:03.598] E003 |   731/731 batches | lr 20.0000 | loss  4.471 | ppl     87.44 frag_cnt/word_cnt=1.726=158301/91700
[2022-04-13 14:40:08.846] End E003 | valid loss  4.898; ppl    133.96 | accu 0.1979 = 22829/115380 | w_len 1.6742 = 193174/115380
[2022-04-13 14:40:14.047] End E003 |  test loss  8.649; ppl   5701.62 | accu 0.0556 = 6237/112220 | w_len 2.2517 = 252690/112220 ../data/sample_500k/adolescent_valid.txt
[2022-04-13 14:40:40.081] End E003 |  test loss  8.909; ppl   7395.41 | accu 0.0517 = 26183/506840 | w_len 2.4540 = 1243777/506840 ../data/sample_500k/adult_test.txt
[2022-04-13 14:40:40.081] Save: model.pt... 
[2022-04-13 14:40:40.506] Save: model.pt...Done. best_val_loss: 4.8975
[2022-04-13 14:40:40.506] Epoch 004/20 ==================================================
[2022-04-13 14:40:55.517] E004 |   200/731 batches | lr 20.0000 | loss  4.451 | ppl     85.74 frag_cnt/word_cnt=1.735=242953/140000
[2022-04-13 14:41:10.592] E004 |   400/731 batches | lr 20.0000 | loss  4.443 | ppl     85.05 frag_cnt/word_cnt=1.736=243037/140000
[2022-04-13 14:41:25.808] E004 |   600/731 batches | lr 20.0000 | loss  4.333 | ppl     76.17 frag_cnt/word_cnt=1.722=241109/140000
[2022-04-13 14:41:35.714] E004 |   731/731 batches | lr 20.0000 | loss  4.312 | ppl     74.58 frag_cnt/word_cnt=1.726=158301/91700
[2022-04-13 14:41:40.964] End E004 | valid loss  4.803; ppl    121.89 | accu 0.2012 = 23211/115380 | w_len 1.6742 = 193174/115380
[2022-04-13 14:41:46.159] End E004 |  test loss  8.715; ppl   6091.86 | accu 0.0517 = 5798/112220 | w_len 2.2517 = 252690/112220 ../data/sample_500k/adolescent_valid.txt
[2022-04-13 14:42:09.919] End E004 |  test loss  8.976; ppl   7909.25 | accu 0.0489 = 24770/506840 | w_len 2.4540 = 1243777/506840 ../data/sample_500k/adult_test.txt
[2022-04-13 14:42:09.920] Save: model.pt... 
[2022-04-13 14:42:10.357] Save: model.pt...Done. best_val_loss: 4.8031
[2022-04-13 14:42:10.357] Epoch 005/20 ==================================================
[2022-04-13 14:42:25.579] E005 |   200/731 batches | lr 20.0000 | loss  4.308 | ppl     74.31 frag_cnt/word_cnt=1.735=242953/140000
[2022-04-13 14:42:41.291] E005 |   400/731 batches | lr 20.0000 | loss  4.313 | ppl     74.63 frag_cnt/word_cnt=1.736=243037/140000
[2022-04-13 14:42:56.630] E005 |   600/731 batches | lr 20.0000 | loss  4.215 | ppl     67.71 frag_cnt/word_cnt=1.722=241109/140000
[2022-04-13 14:43:07.225] E005 |   731/731 batches | lr 20.0000 | loss  4.198 | ppl     66.53 frag_cnt/word_cnt=1.726=158301/91700
[2022-04-13 14:43:12.530] End E005 | valid loss  4.746; ppl    115.07 | accu 0.2080 = 24003/115380 | w_len 1.6742 = 193174/115380
[2022-04-13 14:43:17.772] End E005 |  test loss  8.824; ppl   6796.65 | accu 0.0530 = 5952/112220 | w_len 2.2517 = 252690/112220 ../data/sample_500k/adolescent_valid.txt
[2022-04-13 14:43:41.574] End E005 |  test loss  9.049; ppl   8509.43 | accu 0.0500 = 25350/506840 | w_len 2.4540 = 1243777/506840 ../data/sample_500k/adult_test.txt
[2022-04-13 14:43:41.574] Save: model.pt... 
[2022-04-13 14:43:42.013] Save: model.pt...Done. best_val_loss: 4.7455
[2022-04-13 14:43:42.013] Epoch 006/20 ==================================================
[2022-04-13 14:43:57.087] E006 |   200/731 batches | lr 20.0000 | loss  4.203 | ppl     66.90 frag_cnt/word_cnt=1.735=242953/140000
[2022-04-13 14:44:13.035] E006 |   400/731 batches | lr 20.0000 | loss  4.209 | ppl     67.31 frag_cnt/word_cnt=1.736=243037/140000
[2022-04-13 14:44:28.355] E006 |   600/731 batches | lr 20.0000 | loss  4.123 | ppl     61.74 frag_cnt/word_cnt=1.722=241109/140000
[2022-04-13 14:44:39.382] E006 |   731/731 batches | lr 20.0000 | loss  4.109 | ppl     60.86 frag_cnt/word_cnt=1.726=158301/91700
[2022-04-13 14:44:45.726] End E006 | valid loss  4.723; ppl    112.50 | accu 0.2098 = 24203/115380 | w_len 1.6742 = 193174/115380
[2022-04-13 14:44:51.998] End E006 |  test loss  8.697; ppl   5982.31 | accu 0.0527 = 5918/112220 | w_len 2.2517 = 252690/112220 ../data/sample_500k/adolescent_valid.txt
[2022-04-13 14:45:20.581] End E006 |  test loss  9.006; ppl   8151.17 | accu 0.0506 = 25637/506840 | w_len 2.4540 = 1243777/506840 ../data/sample_500k/adult_test.txt
[2022-04-13 14:45:20.582] Save: model.pt... 
[2022-04-13 14:45:21.010] Save: model.pt...Done. best_val_loss: 4.7230
[2022-04-13 14:45:21.011] Epoch 007/20 ==================================================
[2022-04-13 14:45:36.248] E007 |   200/731 batches | lr 20.0000 | loss  4.110 | ppl     60.96 frag_cnt/word_cnt=1.735=242953/140000
[2022-04-13 14:45:51.479] E007 |   400/731 batches | lr 20.0000 | loss  4.124 | ppl     61.79 frag_cnt/word_cnt=1.736=243037/140000
[2022-04-13 14:46:07.783] E007 |   600/731 batches | lr 20.0000 | loss  4.040 | ppl     56.85 frag_cnt/word_cnt=1.722=241109/140000
[2022-04-13 14:46:17.770] E007 |   731/731 batches | lr 20.0000 | loss  4.023 | ppl     55.85 frag_cnt/word_cnt=1.726=158301/91700
[2022-04-13 14:46:23.018] End E007 | valid loss  4.683; ppl    108.12 | accu 0.2185 = 25216/115380 | w_len 1.6742 = 193174/115380
[2022-04-13 14:46:28.238] End E007 |  test loss  8.886; ppl   7227.06 | accu 0.0567 = 6361/112220 | w_len 2.2517 = 252690/112220 ../data/sample_500k/adolescent_valid.txt
[2022-04-13 14:46:51.959] End E007 |  test loss  9.125; ppl   9180.14 | accu 0.0515 = 26100/506840 | w_len 2.4540 = 1243777/506840 ../data/sample_500k/adult_test.txt
[2022-04-13 14:46:51.959] Save: model.pt... 
[2022-04-13 14:46:52.394] Save: model.pt...Done. best_val_loss: 4.6832
[2022-04-13 14:46:52.394] Epoch 008/20 ==================================================
[2022-04-13 14:47:07.905] E008 |   200/731 batches | lr 20.0000 | loss  4.031 | ppl     56.30 frag_cnt/word_cnt=1.735=242953/140000
[2022-04-13 14:47:23.220] E008 |   400/731 batches | lr 20.0000 | loss  4.048 | ppl     57.31 frag_cnt/word_cnt=1.736=243037/140000
[2022-04-13 14:47:39.046] E008 |   600/731 batches | lr 20.0000 | loss  3.969 | ppl     52.93 frag_cnt/word_cnt=1.722=241109/140000
[2022-04-13 14:47:48.935] E008 |   731/731 batches | lr 20.0000 | loss  3.950 | ppl     51.93 frag_cnt/word_cnt=1.726=158301/91700
[2022-04-13 14:47:54.221] End E008 | valid loss  4.699; ppl    109.80 | accu 0.2165 = 24978/115380 | w_len 1.6742 = 193174/115380
[2022-04-13 14:47:59.461] End E008 |  test loss  8.941; ppl   7639.17 | accu 0.0541 = 6076/112220 | w_len 2.2517 = 252690/112220 ../data/sample_500k/adolescent_valid.txt
[2022-04-13 14:48:23.467] End E008 |  test loss  9.268; ppl  10593.58 | accu 0.0499 = 25304/506840 | w_len 2.4540 = 1243777/506840 ../data/sample_500k/adult_test.txt
[2022-04-13 14:48:23.467] Epoch 009/20 ==================================================
[2022-04-13 14:48:38.881] E009 |   200/731 batches | lr 10.0000 | loss  3.904 | ppl     49.62 frag_cnt/word_cnt=1.735=242953/140000
[2022-04-13 14:48:54.081] E009 |   400/731 batches | lr 10.0000 | loss  3.882 | ppl     48.53 frag_cnt/word_cnt=1.736=243037/140000
[2022-04-13 14:49:09.412] E009 |   600/731 batches | lr 10.0000 | loss  3.768 | ppl     43.29 frag_cnt/word_cnt=1.722=241109/140000
[2022-04-13 14:49:19.363] E009 |   731/731 batches | lr 10.0000 | loss  3.726 | ppl     41.53 frag_cnt/word_cnt=1.726=158301/91700
[2022-04-13 14:49:24.622] End E009 | valid loss  4.599; ppl     99.37 | accu 0.2389 = 27559/115380 | w_len 1.6742 = 193174/115380
[2022-04-13 14:49:29.829] End E009 |  test loss  9.325; ppl  11212.85 | accu 0.0556 = 6238/112220 | w_len 2.2517 = 252690/112220 ../data/sample_500k/adolescent_valid.txt
[2022-04-13 14:49:53.569] End E009 |  test loss  9.328; ppl  11248.46 | accu 0.0557 = 28253/506840 | w_len 2.4540 = 1243777/506840 ../data/sample_500k/adult_test.txt
[2022-04-13 14:49:53.570] Save: model.pt... 
[2022-04-13 14:49:54.087] Save: model.pt...Done. best_val_loss: 4.5988
[2022-04-13 14:49:54.088] Epoch 010/20 ==================================================
[2022-04-13 14:50:09.170] E010 |   200/731 batches | lr 10.0000 | loss  3.806 | ppl     44.98 frag_cnt/word_cnt=1.735=242953/140000
[2022-04-13 14:50:24.858] E010 |   400/731 batches | lr 10.0000 | loss  3.807 | ppl     45.03 frag_cnt/word_cnt=1.736=243037/140000
[2022-04-13 14:50:40.118] E010 |   600/731 batches | lr 10.0000 | loss  3.709 | ppl     40.81 frag_cnt/word_cnt=1.722=241109/140000
[2022-04-13 14:50:50.161] E010 |   731/731 batches | lr 10.0000 | loss  3.676 | ppl     39.48 frag_cnt/word_cnt=1.726=158301/91700
[2022-04-13 14:50:55.387] End E010 | valid loss  4.603; ppl     99.83 | accu 0.2399 = 27678/115380 | w_len 1.6742 = 193174/115380
[2022-04-13 14:51:00.608] End E010 |  test loss  9.258; ppl  10484.80 | accu 0.0552 = 6197/112220 | w_len 2.2517 = 252690/112220 ../data/sample_500k/adolescent_valid.txt
[2022-04-13 14:51:24.395] End E010 |  test loss  9.448; ppl  12685.48 | accu 0.0544 = 27590/506840 | w_len 2.4540 = 1243777/506840 ../data/sample_500k/adult_test.txt
[2022-04-13 14:51:24.395] Epoch 011/20 ==================================================
[2022-04-13 14:51:39.679] E011 |   200/731 batches | lr 5.0000 | loss  3.730 | ppl     41.68 frag_cnt/word_cnt=1.735=242953/140000
[2022-04-13 14:51:54.881] E011 |   400/731 batches | lr 5.0000 | loss  3.718 | ppl     41.18 frag_cnt/word_cnt=1.736=243037/140000
[2022-04-13 14:52:10.651] E011 |   600/731 batches | lr 5.0000 | loss  3.600 | ppl     36.60 frag_cnt/word_cnt=1.722=241109/140000
[2022-04-13 14:52:20.338] E011 |   731/731 batches | lr 5.0000 | loss  3.554 | ppl     34.95 frag_cnt/word_cnt=1.726=158301/91700
[2022-04-13 14:52:25.613] End E011 | valid loss  4.582; ppl     97.73 | accu 0.2453 = 28299/115380 | w_len 1.6742 = 193174/115380
[2022-04-13 14:52:30.849] End E011 |  test loss  9.523; ppl  13671.20 | accu 0.0543 = 6093/112220 | w_len 2.2517 = 252690/112220 ../data/sample_500k/adolescent_valid.txt
[2022-04-13 14:52:56.606] End E011 |  test loss  9.514; ppl  13553.74 | accu 0.0570 = 28902/506840 | w_len 2.4540 = 1243777/506840 ../data/sample_500k/adult_test.txt
[2022-04-13 14:52:56.606] Save: model.pt... 
[2022-04-13 14:52:57.070] Save: model.pt...Done. best_val_loss: 4.5822
[2022-04-13 14:52:57.070] Epoch 012/20 ==================================================
[2022-04-13 14:53:12.326] E012 |   200/731 batches | lr 5.0000 | loss  3.671 | ppl     39.28 frag_cnt/word_cnt=1.735=242953/140000
[2022-04-13 14:53:27.572] E012 |   400/731 batches | lr 5.0000 | loss  3.671 | ppl     39.28 frag_cnt/word_cnt=1.736=243037/140000
[2022-04-13 14:53:42.747] E012 |   600/731 batches | lr 5.0000 | loss  3.564 | ppl     35.32 frag_cnt/word_cnt=1.722=241109/140000
[2022-04-13 14:53:52.722] E012 |   731/731 batches | lr 5.0000 | loss  3.531 | ppl     34.15 frag_cnt/word_cnt=1.726=158301/91700
[2022-04-13 14:53:58.022] End E012 | valid loss  4.586; ppl     98.13 | accu 0.2445 = 28208/115380 | w_len 1.6742 = 193174/115380
[2022-04-13 14:54:03.282] End E012 |  test loss  9.519; ppl  13622.34 | accu 0.0558 = 6265/112220 | w_len 2.2517 = 252690/112220 ../data/sample_500k/adolescent_valid.txt
[2022-04-13 14:54:27.285] End E012 |  test loss  9.607; ppl  14867.77 | accu 0.0567 = 28744/506840 | w_len 2.4540 = 1243777/506840 ../data/sample_500k/adult_test.txt
[2022-04-13 14:54:27.286] Epoch 013/20 ==================================================
[2022-04-13 14:54:42.391] E013 |   200/731 batches | lr 2.5000 | loss  3.635 | ppl     37.91 frag_cnt/word_cnt=1.735=242953/140000
[2022-04-13 14:54:57.976] E013 |   400/731 batches | lr 2.5000 | loss  3.630 | ppl     37.70 frag_cnt/word_cnt=1.736=243037/140000
[2022-04-13 14:55:13.301] E013 |   600/731 batches | lr 2.5000 | loss  3.509 | ppl     33.42 frag_cnt/word_cnt=1.722=241109/140000
[2022-04-13 14:55:23.323] E013 |   731/731 batches | lr 2.5000 | loss  3.460 | ppl     31.83 frag_cnt/word_cnt=1.726=158301/91700
[2022-04-13 14:55:28.624] End E013 | valid loss  4.581; ppl     97.63 | accu 0.2464 = 28424/115380 | w_len 1.6742 = 193174/115380
[2022-04-13 14:55:33.860] End E013 |  test loss  9.531; ppl  13784.57 | accu 0.0576 = 6468/112220 | w_len 2.2517 = 252690/112220 ../data/sample_500k/adolescent_valid.txt
[2022-04-13 14:55:57.675] End E013 |  test loss  9.557; ppl  14139.90 | accu 0.0597 = 30274/506840 | w_len 2.4540 = 1243777/506840 ../data/sample_500k/adult_test.txt
[2022-04-13 14:55:57.675] Save: model.pt... 
[2022-04-13 14:55:58.145] Save: model.pt...Done. best_val_loss: 4.5811
[2022-04-13 14:55:58.145] Epoch 014/20 ==================================================
[2022-04-13 14:56:13.473] E014 |   200/731 batches | lr 2.5000 | loss  3.598 | ppl     36.51 frag_cnt/word_cnt=1.735=242953/140000
[2022-04-13 14:56:28.619] E014 |   400/731 batches | lr 2.5000 | loss  3.601 | ppl     36.65 frag_cnt/word_cnt=1.736=243037/140000
[2022-04-13 14:56:43.975] E014 |   600/731 batches | lr 2.5000 | loss  3.495 | ppl     32.94 frag_cnt/word_cnt=1.722=241109/140000
[2022-04-13 14:56:53.989] E014 |   731/731 batches | lr 2.5000 | loss  3.452 | ppl     31.57 frag_cnt/word_cnt=1.726=158301/91700
[2022-04-13 14:56:59.285] End E014 | valid loss  4.582; ppl     97.69 | accu 0.2467 = 28464/115380 | w_len 1.6742 = 193174/115380
[2022-04-13 14:57:04.502] End E014 |  test loss  9.510; ppl  13492.08 | accu 0.0580 = 6507/112220 | w_len 2.2517 = 252690/112220 ../data/sample_500k/adolescent_valid.txt
[2022-04-13 14:57:28.473] End E014 |  test loss  9.616; ppl  15006.98 | accu 0.0594 = 30131/506840 | w_len 2.4540 = 1243777/506840 ../data/sample_500k/adult_test.txt
[2022-04-13 14:57:28.474] Epoch 015/20 ==================================================
[2022-04-13 14:57:43.965] E015 |   200/731 batches | lr 1.2500 | loss  3.583 | ppl     35.98 frag_cnt/word_cnt=1.735=242953/140000
[2022-04-13 14:57:59.277] E015 |   400/731 batches | lr 1.2500 | loss  3.581 | ppl     35.92 frag_cnt/word_cnt=1.736=243037/140000
[2022-04-13 14:58:14.802] E015 |   600/731 batches | lr 1.2500 | loss  3.464 | ppl     31.93 frag_cnt/word_cnt=1.722=241109/140000
[2022-04-13 14:58:25.892] E015 |   731/731 batches | lr 1.2500 | loss  3.414 | ppl     30.39 frag_cnt/word_cnt=1.726=158301/91700
[2022-04-13 14:58:32.324] End E015 | valid loss  4.578; ppl     97.33 | accu 0.2474 = 28547/115380 | w_len 1.6742 = 193174/115380
[2022-04-13 14:58:38.582] End E015 |  test loss  9.434; ppl  12503.07 | accu 0.0603 = 6765/112220 | w_len 2.2517 = 252690/112220 ../data/sample_500k/adolescent_valid.txt
[2022-04-13 14:59:02.310] End E015 |  test loss  9.573; ppl  14369.21 | accu 0.0616 = 31207/506840 | w_len 2.4540 = 1243777/506840 ../data/sample_500k/adult_test.txt
[2022-04-13 14:59:02.310] Save: model.pt... 
[2022-04-13 14:59:02.772] Save: model.pt...Done. best_val_loss: 4.5781
[2022-04-13 14:59:02.772] Epoch 016/20 ==================================================
[2022-04-13 14:59:17.954] E016 |   200/731 batches | lr 1.2500 | loss  3.565 | ppl     35.35 frag_cnt/word_cnt=1.735=242953/140000
[2022-04-13 14:59:33.130] E016 |   400/731 batches | lr 1.2500 | loss  3.563 | ppl     35.25 frag_cnt/word_cnt=1.736=243037/140000
[2022-04-13 14:59:48.388] E016 |   600/731 batches | lr 1.2500 | loss  3.455 | ppl     31.65 frag_cnt/word_cnt=1.722=241109/140000
[2022-04-13 14:59:58.402] E016 |   731/731 batches | lr 1.2500 | loss  3.408 | ppl     30.22 frag_cnt/word_cnt=1.726=158301/91700
[2022-04-13 15:00:03.664] End E016 | valid loss  4.577; ppl     97.27 | accu 0.2480 = 28616/115380 | w_len 1.6742 = 193174/115380
[2022-04-13 15:00:08.883] End E016 |  test loss  9.386; ppl  11921.11 | accu 0.0614 = 6892/112220 | w_len 2.2517 = 252690/112220 ../data/sample_500k/adolescent_valid.txt
[2022-04-13 15:00:32.645] End E016 |  test loss  9.579; ppl  14454.77 | accu 0.0625 = 31692/506840 | w_len 2.4540 = 1243777/506840 ../data/sample_500k/adult_test.txt
[2022-04-13 15:00:32.645] Save: model.pt... 
[2022-04-13 15:00:33.104] Save: model.pt...Done. best_val_loss: 4.5775
[2022-04-13 15:00:33.104] Epoch 017/20 ==================================================
[2022-04-13 15:00:48.351] E017 |   200/731 batches | lr 1.2500 | loss  3.547 | ppl     34.69 frag_cnt/word_cnt=1.735=242953/140000
[2022-04-13 15:01:03.792] E017 |   400/731 batches | lr 1.2500 | loss  3.551 | ppl     34.84 frag_cnt/word_cnt=1.736=243037/140000
[2022-04-13 15:01:19.095] E017 |   600/731 batches | lr 1.2500 | loss  3.447 | ppl     31.40 frag_cnt/word_cnt=1.722=241109/140000
[2022-04-13 15:01:29.251] E017 |   731/731 batches | lr 1.2500 | loss  3.406 | ppl     30.15 frag_cnt/word_cnt=1.726=158301/91700
[2022-04-13 15:01:34.482] End E017 | valid loss  4.579; ppl     97.39 | accu 0.2479 = 28604/115380 | w_len 1.6742 = 193174/115380
[2022-04-13 15:01:39.694] End E017 |  test loss  9.361; ppl  11628.66 | accu 0.0620 = 6956/112220 | w_len 2.2517 = 252690/112220 ../data/sample_500k/adolescent_valid.txt
[2022-04-13 15:02:03.531] End E017 |  test loss  9.572; ppl  14351.17 | accu 0.0624 = 31637/506840 | w_len 2.4540 = 1243777/506840 ../data/sample_500k/adult_test.txt
[2022-04-13 15:02:03.531] Epoch 018/20 ==================================================
[2022-04-13 15:02:18.655] E018 |   200/731 batches | lr 0.6250 | loss  3.544 | ppl     34.60 frag_cnt/word_cnt=1.735=242953/140000
[2022-04-13 15:02:33.796] E018 |   400/731 batches | lr 0.6250 | loss  3.545 | ppl     34.65 frag_cnt/word_cnt=1.736=243037/140000
[2022-04-13 15:02:49.079] E018 |   600/731 batches | lr 0.6250 | loss  3.429 | ppl     30.85 frag_cnt/word_cnt=1.722=241109/140000
[2022-04-13 15:02:59.068] E018 |   731/731 batches | lr 0.6250 | loss  3.386 | ppl     29.55 frag_cnt/word_cnt=1.726=158301/91700
[2022-04-13 15:03:04.358] End E018 | valid loss  4.575; ppl     97.03 | accu 0.2486 = 28683/115380 | w_len 1.6742 = 193174/115380
[2022-04-13 15:03:09.564] End E018 |  test loss  9.320; ppl  11158.05 | accu 0.0634 = 7111/112220 | w_len 2.2517 = 252690/112220 ../data/sample_500k/adolescent_valid.txt
[2022-04-13 15:03:33.343] End E018 |  test loss  9.573; ppl  14367.25 | accu 0.0631 = 31975/506840 | w_len 2.4540 = 1243777/506840 ../data/sample_500k/adult_test.txt
[2022-04-13 15:03:33.343] Save: model.pt... 
[2022-04-13 15:03:33.801] Save: model.pt...Done. best_val_loss: 4.5750
[2022-04-13 15:03:33.802] Epoch 019/20 ==================================================
[2022-04-13 15:03:49.055] E019 |   200/731 batches | lr 0.6250 | loss  3.531 | ppl     34.17 frag_cnt/word_cnt=1.735=242953/140000
[2022-04-13 15:04:04.747] E019 |   400/731 batches | lr 0.6250 | loss  3.537 | ppl     34.35 frag_cnt/word_cnt=1.736=243037/140000
[2022-04-13 15:04:20.157] E019 |   600/731 batches | lr 0.6250 | loss  3.430 | ppl     30.87 frag_cnt/word_cnt=1.722=241109/140000
[2022-04-13 15:04:30.639] E019 |   731/731 batches | lr 0.6250 | loss  3.384 | ppl     29.50 frag_cnt/word_cnt=1.726=158301/91700
[2022-04-13 15:04:35.915] End E019 | valid loss  4.576; ppl     97.13 | accu 0.2481 = 28621/115380 | w_len 1.6742 = 193174/115380
[2022-04-13 15:04:41.142] End E019 |  test loss  9.311; ppl  11061.27 | accu 0.0633 = 7108/112220 | w_len 2.2517 = 252690/112220 ../data/sample_500k/adolescent_valid.txt
[2022-04-13 15:05:04.957] End E019 |  test loss  9.566; ppl  14270.29 | accu 0.0632 = 32038/506840 | w_len 2.4540 = 1243777/506840 ../data/sample_500k/adult_test.txt
[2022-04-13 15:05:04.957] Epoch 020/20 ==================================================
[2022-04-13 15:05:20.038] E020 |   200/731 batches | lr 0.3125 | loss  3.527 | ppl     34.03 frag_cnt/word_cnt=1.735=242953/140000
[2022-04-13 15:05:35.237] E020 |   400/731 batches | lr 0.3125 | loss  3.532 | ppl     34.20 frag_cnt/word_cnt=1.736=243037/140000
[2022-04-13 15:05:50.569] E020 |   600/731 batches | lr 0.3125 | loss  3.418 | ppl     30.50 frag_cnt/word_cnt=1.722=241109/140000
[2022-04-13 15:06:00.488] E020 |   731/731 batches | lr 0.3125 | loss  3.374 | ppl     29.21 frag_cnt/word_cnt=1.726=158301/91700
[2022-04-13 15:06:05.753] End E020 | valid loss  4.573; ppl     96.84 | accu 0.2484 = 28656/115380 | w_len 1.6742 = 193174/115380
[2022-04-13 15:06:10.964] End E020 |  test loss  9.298; ppl  10911.75 | accu 0.0639 = 7175/112220 | w_len 2.2517 = 252690/112220 ../data/sample_500k/adolescent_valid.txt
[2022-04-13 15:06:34.970] End E020 |  test loss  9.539; ppl  13894.94 | accu 0.0638 = 32340/506840 | w_len 2.4540 = 1243777/506840 ../data/sample_500k/adult_test.txt
[2022-04-13 15:06:34.971] Save: model.pt... 
[2022-04-13 15:06:35.413] Save: model.pt...Done. best_val_loss: 4.5731
[2022-04-13 15:06:40.840] End. test loss  9.30; ppl 10911.75 | accu 0.0639 = 7175/112220 | w_len 2.2517 = 252690/112220 ../data/sample_500k/adolescent_valid.txt
[2022-04-13 15:07:04.655] End. test loss  9.54; ppl 13894.94 | accu 0.0638 = 32340/506840 | w_len 2.4540 = 1243777/506840 ../data/sample_500k/adult_test.txt
[2022-04-13 15:07:04.655] =========================================================================================
[2022-04-13 15:07:04.655] valid_loss
[2022-04-13 15:07:04.655]  5.42, 5.07, 4.90, 4.80, 4.75, 4.72, 4.68, 4.70, 4.60, 4.60, 4.58, 4.59, 4.58, 4.58, 4.58, 4.58, 4.58, 4.57, 4.58, 4.57
[2022-04-13 15:07:04.655] valid_loss ppl
[2022-04-13 15:07:04.655]   225.96,  159.51,  133.96,  121.89,  115.07,  112.50,  108.12,  109.80,   99.37,   99.83,   97.73,   98.13,   97.63,   97.69,   97.33,   97.27,   97.39,   97.03,   97.13,   96.84
[2022-04-13 15:07:04.655] test_loss of ../data/sample_500k/adolescent_valid.txt
[2022-04-13 15:07:04.655]  8.98, 8.70, 8.65, 8.71, 8.82, 8.70, 8.89, 8.94, 9.32, 9.26, 9.52, 9.52, 9.53, 9.51, 9.43, 9.39, 9.36, 9.32, 9.31, 9.30
[2022-04-13 15:07:04.656] test_loss of ../data/sample_500k/adolescent_valid.txt ppl
[2022-04-13 15:07:04.656]  7965.40, 5982.88, 5701.62, 6091.86, 6796.65, 5982.31, 7227.06, 7639.17,11212.85,10484.80,13671.20,13622.34,13784.57,13492.08,12503.07,11921.11,11628.66,11158.05,11061.27,10911.75
[2022-04-13 15:07:04.656] test_loss of ../data/sample_500k/adult_test.txt
[2022-04-13 15:07:04.656]  9.01, 8.88, 8.91, 8.98, 9.05, 9.01, 9.12, 9.27, 9.33, 9.45, 9.51, 9.61, 9.56, 9.62, 9.57, 9.58, 9.57, 9.57, 9.57, 9.54
[2022-04-13 15:07:04.656] test_loss of ../data/sample_500k/adult_test.txt ppl
[2022-04-13 15:07:04.656]  8153.03, 7206.27, 7395.41, 7909.25, 8509.43, 8151.17, 9180.14,10593.58,11248.46,12685.48,13553.74,14867.77,14139.90,15006.98,14369.21,14454.77,14351.17,14367.25,14270.29,13894.94
[2022-04-13 15:07:04.656] 
[2022-04-13 15:07:04.656] 
[2022-04-13 15:07:04.656] 
