[2022-04-13 17:00:15.310] corpus.train_file_list: 1
[2022-04-13 17:00:15.310]         ../data/sample_500k/cbt_train.txt
[2022-04-13 17:00:15.310] corpus.valid_file_list: 1
[2022-04-13 17:00:15.310]         ../data/sample_500k/cbt_valid.txt
[2022-04-13 17:00:15.310] corpus.test_file_list: 2
[2022-04-13 17:00:15.310]         ../data/sample_500k/adolescent_valid.txt
[2022-04-13 17:00:15.310]         ../data/sample_500k/adult_test.txt
[2022-04-13 17:00:15.310] corpus.subword_vocab_size: 0
[2022-04-13 17:00:15.310] corpus.subword_model = None. Corpus will not use subword.
[2022-04-13 17:00:15.310] corpus tokenize...
[2022-04-13 17:00:15.976]         train tokens: 511735  ../data/sample_500k/cbt_train.txt
[2022-04-13 17:00:16.118]         valid tokens: 115417  ../data/sample_500k/cbt_valid.txt
[2022-04-13 17:00:16.352]         test  tokens: 112256  ../data/sample_500k/adolescent_valid.txt
[2022-04-13 17:00:16.967]         test  tokens: 506878  ../data/sample_500k/adult_test.txt
[2022-04-13 17:00:16.967] corpus.ntokens      : 73236
[2022-04-13 17:00:16.967] corpus.char_count   : 157
[2022-04-13 17:00:16.967] corpus.char_cnt_dict: 157
[2022-04-13 17:00:16.967] corpus.char_id_dict : 157
[2022-04-13 17:00:16.973] corpus.batchify(1 files, batch_size=20)...
[2022-04-13 17:00:16.973]         tokens_all: 511735
[2022-04-13 17:00:16.973]         batched   :  25586
[2022-04-13 17:00:16.973]         ../data/sample_500k/cbt_train.txt
[2022-04-13 17:00:16.975] corpus.batchify(1 files, batch_size=20)...
[2022-04-13 17:00:16.975]         tokens_all: 115417
[2022-04-13 17:00:16.975]         batched   :   5770
[2022-04-13 17:00:16.975]         ../data/sample_500k/cbt_valid.txt
[2022-04-13 17:00:16.976] corpus.batchify(1 files, batch_size=20)...
[2022-04-13 17:00:16.977]         tokens_all: 112256
[2022-04-13 17:00:16.977]         batched   :   5612
[2022-04-13 17:00:16.977]         ../data/sample_500k/adolescent_valid.txt
[2022-04-13 17:00:16.980] corpus.batchify(1 files, batch_size=20)...
[2022-04-13 17:00:16.980]         tokens_all: 506878
[2022-04-13 17:00:16.981]         batched   :  25343
[2022-04-13 17:00:16.981]         ../data/sample_500k/adult_test.txt
[2022-04-13 17:00:16.981] subword_adapter will be generated due to word_split_mode='Subword.1000'
[2022-04-13 17:00:16.982] SubwordAdapter.file_list: 2
[2022-04-13 17:00:16.982]         ../data/sample_500k/cbt_train.txt
[2022-04-13 17:00:16.982]         ../data/sample_500k/cbt_valid.txt
[2022-04-13 17:00:16.982] SubwordAdapter.subword_vocab_size: 1000
[2022-04-13 17:00:16.982] SubwordAdapter.subword_model.train(2 files)...
[2022-04-13 17:00:17.347] SubwordAdapter.subword_model.train(2 files)...Done
[2022-04-13 17:00:17.928] RNNModel.rnn_type: LSTM
[2022-04-13 17:00:17.928] RNNModel.ntoken  : 73236
[2022-04-13 17:00:17.928] RNNModel.ninp    : 200
[2022-04-13 17:00:17.928] RNNModel.nhid    : 200
[2022-04-13 17:00:17.928] RNNModel.nlayers : 2
[2022-04-13 17:00:17.928] RNNModel.dropout : 0.2
[2022-04-13 17:00:17.928] RNNModel.tie_weights: False
[2022-04-13 17:00:17.928] RNNModel.fragment_aggregate_mode: CNN
[2022-04-13 17:00:17.928] RNNModel.fragment_cnt           : 1002
[2022-04-13 17:00:17.929] RNNModel.fragment_emsize        : 25
[2022-04-13 17:00:17.929] RNNModel.fragment_nhid          : 200
[2022-04-13 17:00:17.929] RNNModel.fragment_embeds     : created
[2022-04-13 17:00:17.930] RNNModel.fragment_cnn3       : created
[2022-04-13 17:00:17.979] Epoch 001/20 ==================================================
[2022-04-13 17:00:33.126] E001 |   200/731 batches | lr 20.0000 | loss  7.322 | ppl   1513.46 frag_cnt/word_cnt=1.517=212422/140000
[2022-04-13 17:00:48.298] E001 |   400/731 batches | lr 20.0000 | loss  5.943 | ppl    381.17 frag_cnt/word_cnt=1.515=212107/140000
[2022-04-13 17:01:05.254] E001 |   600/731 batches | lr 20.0000 | loss  5.342 | ppl    209.02 frag_cnt/word_cnt=1.514=211977/140000
[2022-04-13 17:01:16.412] E001 |   731/731 batches | lr 20.0000 | loss  5.168 | ppl    175.58 frag_cnt/word_cnt=1.516=139054/91700
[2022-04-13 17:01:22.843] End E001 | valid loss  5.305; ppl    201.31 | accu 0.1712 = 19751/115380 | w_len 1.4664 = 169194/115380
[2022-04-13 17:01:29.214] End E001 |  test loss  8.864; ppl   7069.30 | accu 0.0383 = 4303/112220 | w_len 2.0324 = 228077/112220 ../data/sample_500k/adolescent_valid.txt
[2022-04-13 17:01:54.135] End E001 |  test loss  9.156; ppl   9474.36 | accu 0.0322 = 16344/506840 | w_len 2.1714 = 1100537/506840 ../data/sample_500k/adult_test.txt
[2022-04-13 17:01:54.135] Save: model.pt... 
[2022-04-13 17:01:54.609] Save: model.pt...Done. best_val_loss: 5.3049
[2022-04-13 17:01:54.609] Epoch 002/20 ==================================================
[2022-04-13 17:02:09.734] E002 |   200/731 batches | lr 20.0000 | loss  5.022 | ppl    151.66 frag_cnt/word_cnt=1.517=212422/140000
[2022-04-13 17:02:24.827] E002 |   400/731 batches | lr 20.0000 | loss  4.931 | ppl    138.50 frag_cnt/word_cnt=1.515=212107/140000
[2022-04-13 17:02:39.946] E002 |   600/731 batches | lr 20.0000 | loss  4.735 | ppl    113.82 frag_cnt/word_cnt=1.514=211977/140000
[2022-04-13 17:02:49.802] E002 |   731/731 batches | lr 20.0000 | loss  4.690 | ppl    108.88 frag_cnt/word_cnt=1.516=139054/91700
[2022-04-13 17:02:55.081] End E002 | valid loss  4.909; ppl    135.56 | accu 0.2020 = 23307/115380 | w_len 1.4664 = 169194/115380
[2022-04-13 17:03:00.303] End E002 |  test loss  8.657; ppl   5749.82 | accu 0.0533 = 5980/112220 | w_len 2.0324 = 228077/112220 ../data/sample_500k/adolescent_valid.txt
[2022-04-13 17:03:24.083] End E002 |  test loss  8.924; ppl   7507.99 | accu 0.0508 = 25757/506840 | w_len 2.1714 = 1100537/506840 ../data/sample_500k/adult_test.txt
[2022-04-13 17:03:24.083] Save: model.pt... 
[2022-04-13 17:03:24.547] Save: model.pt...Done. best_val_loss: 4.9094
[2022-04-13 17:03:24.548] Epoch 003/20 ==================================================
[2022-04-13 17:03:39.504] E003 |   200/731 batches | lr 20.0000 | loss  4.641 | ppl    103.65 frag_cnt/word_cnt=1.517=212422/140000
[2022-04-13 17:03:54.763] E003 |   400/731 batches | lr 20.0000 | loss  4.618 | ppl    101.30 frag_cnt/word_cnt=1.515=212107/140000
[2022-04-13 17:04:10.070] E003 |   600/731 batches | lr 20.0000 | loss  4.483 | ppl     88.47 frag_cnt/word_cnt=1.514=211977/140000
[2022-04-13 17:04:19.991] E003 |   731/731 batches | lr 20.0000 | loss  4.456 | ppl     86.15 frag_cnt/word_cnt=1.516=139054/91700
[2022-04-13 17:04:25.362] End E003 | valid loss  4.825; ppl    124.58 | accu 0.2032 = 23442/115380 | w_len 1.4664 = 169194/115380
[2022-04-13 17:04:30.615] End E003 |  test loss  8.594; ppl   5400.54 | accu 0.0528 = 5927/112220 | w_len 2.0324 = 228077/112220 ../data/sample_500k/adolescent_valid.txt
[2022-04-13 17:04:54.518] End E003 |  test loss  8.951; ppl   7711.82 | accu 0.0522 = 26433/506840 | w_len 2.1714 = 1100537/506840 ../data/sample_500k/adult_test.txt
[2022-04-13 17:04:54.519] Save: model.pt... 
[2022-04-13 17:04:55.015] Save: model.pt...Done. best_val_loss: 4.8249
[2022-04-13 17:04:55.015] Epoch 004/20 ==================================================
[2022-04-13 17:05:10.062] E004 |   200/731 batches | lr 20.0000 | loss  4.438 | ppl     84.60 frag_cnt/word_cnt=1.517=212422/140000
[2022-04-13 17:05:25.244] E004 |   400/731 batches | lr 20.0000 | loss  4.432 | ppl     84.07 frag_cnt/word_cnt=1.515=212107/140000
[2022-04-13 17:05:40.395] E004 |   600/731 batches | lr 20.0000 | loss  4.319 | ppl     75.08 frag_cnt/word_cnt=1.514=211977/140000
[2022-04-13 17:05:50.820] E004 |   731/731 batches | lr 20.0000 | loss  4.299 | ppl     73.65 frag_cnt/word_cnt=1.516=139054/91700
[2022-04-13 17:05:57.311] End E004 | valid loss  4.805; ppl    122.11 | accu 0.2049 = 23646/115380 | w_len 1.4664 = 169194/115380
[2022-04-13 17:06:03.674] End E004 |  test loss  8.608; ppl   5476.18 | accu 0.0553 = 6206/112220 | w_len 2.0324 = 228077/112220 ../data/sample_500k/adolescent_valid.txt
[2022-04-13 17:06:32.556] End E004 |  test loss  8.934; ppl   7587.00 | accu 0.0578 = 29294/506840 | w_len 2.1714 = 1100537/506840 ../data/sample_500k/adult_test.txt
[2022-04-13 17:06:32.556] Save: model.pt... 
[2022-04-13 17:06:33.030] Save: model.pt...Done. best_val_loss: 4.8049
[2022-04-13 17:06:33.030] Epoch 005/20 ==================================================
[2022-04-13 17:06:48.847] E005 |   200/731 batches | lr 20.0000 | loss  4.293 | ppl     73.20 frag_cnt/word_cnt=1.517=212422/140000
[2022-04-13 17:07:03.983] E005 |   400/731 batches | lr 20.0000 | loss  4.295 | ppl     73.35 frag_cnt/word_cnt=1.515=212107/140000
[2022-04-13 17:07:19.171] E005 |   600/731 batches | lr 20.0000 | loss  4.196 | ppl     66.44 frag_cnt/word_cnt=1.514=211977/140000
[2022-04-13 17:07:29.847] E005 |   731/731 batches | lr 20.0000 | loss  4.184 | ppl     65.66 frag_cnt/word_cnt=1.516=139054/91700
[2022-04-13 17:07:36.279] End E005 | valid loss  4.761; ppl    116.91 | accu 0.2077 = 23962/115380 | w_len 1.4664 = 169194/115380
[2022-04-13 17:07:42.665] End E005 |  test loss  8.635; ppl   5625.32 | accu 0.0545 = 6119/112220 | w_len 2.0324 = 228077/112220 ../data/sample_500k/adolescent_valid.txt
[2022-04-13 17:08:11.854] End E005 |  test loss  8.998; ppl   8089.13 | accu 0.0537 = 27230/506840 | w_len 2.1714 = 1100537/506840 ../data/sample_500k/adult_test.txt
[2022-04-13 17:08:11.854] Save: model.pt... 
[2022-04-13 17:08:12.339] Save: model.pt...Done. best_val_loss: 4.7614
[2022-04-13 17:08:12.339] Epoch 006/20 ==================================================
[2022-04-13 17:08:27.560] E006 |   200/731 batches | lr 20.0000 | loss  4.176 | ppl     65.13 frag_cnt/word_cnt=1.517=212422/140000
[2022-04-13 17:08:42.852] E006 |   400/731 batches | lr 20.0000 | loss  4.190 | ppl     66.04 frag_cnt/word_cnt=1.515=212107/140000
[2022-04-13 17:08:57.959] E006 |   600/731 batches | lr 20.0000 | loss  4.101 | ppl     60.40 frag_cnt/word_cnt=1.514=211977/140000
[2022-04-13 17:09:07.894] E006 |   731/731 batches | lr 20.0000 | loss  4.086 | ppl     59.48 frag_cnt/word_cnt=1.516=139054/91700
[2022-04-13 17:09:13.297] End E006 | valid loss  4.745; ppl    115.04 | accu 0.2125 = 24523/115380 | w_len 1.4664 = 169194/115380
[2022-04-13 17:09:19.641] End E006 |  test loss  8.631; ppl   5601.39 | accu 0.0572 = 6414/112220 | w_len 2.0324 = 228077/112220 ../data/sample_500k/adolescent_valid.txt
[2022-04-13 17:09:49.033] End E006 |  test loss  8.996; ppl   8070.74 | accu 0.0565 = 28652/506840 | w_len 2.1714 = 1100537/506840 ../data/sample_500k/adult_test.txt
[2022-04-13 17:09:49.034] Save: model.pt... 
[2022-04-13 17:09:49.538] Save: model.pt...Done. best_val_loss: 4.7453
[2022-04-13 17:09:49.538] Epoch 007/20 ==================================================
[2022-04-13 17:10:05.546] E007 |   200/731 batches | lr 20.0000 | loss  4.088 | ppl     59.64 frag_cnt/word_cnt=1.517=212422/140000
[2022-04-13 17:10:21.538] E007 |   400/731 batches | lr 20.0000 | loss  4.101 | ppl     60.38 frag_cnt/word_cnt=1.515=212107/140000
[2022-04-13 17:10:37.045] E007 |   600/731 batches | lr 20.0000 | loss  4.017 | ppl     55.54 frag_cnt/word_cnt=1.514=211977/140000
[2022-04-13 17:10:47.030] E007 |   731/731 batches | lr 20.0000 | loss  4.000 | ppl     54.59 frag_cnt/word_cnt=1.516=139054/91700
[2022-04-13 17:10:52.343] End E007 | valid loss  4.708; ppl    110.83 | accu 0.2142 = 24720/115380 | w_len 1.4664 = 169194/115380
[2022-04-13 17:10:57.622] End E007 |  test loss  8.851; ppl   6979.39 | accu 0.0545 = 6111/112220 | w_len 2.0324 = 228077/112220 ../data/sample_500k/adolescent_valid.txt
[2022-04-13 17:11:21.704] End E007 |  test loss  9.242; ppl  10323.99 | accu 0.0535 = 27091/506840 | w_len 2.1714 = 1100537/506840 ../data/sample_500k/adult_test.txt
[2022-04-13 17:11:21.704] Save: model.pt... 
[2022-04-13 17:11:22.207] Save: model.pt...Done. best_val_loss: 4.7080
[2022-04-13 17:11:22.207] Epoch 008/20 ==================================================
[2022-04-13 17:11:39.111] E008 |   200/731 batches | lr 20.0000 | loss  4.006 | ppl     54.94 frag_cnt/word_cnt=1.517=212422/140000
[2022-04-13 17:11:55.029] E008 |   400/731 batches | lr 20.0000 | loss  4.027 | ppl     56.07 frag_cnt/word_cnt=1.515=212107/140000
[2022-04-13 17:12:10.219] E008 |   600/731 batches | lr 20.0000 | loss  3.943 | ppl     51.56 frag_cnt/word_cnt=1.514=211977/140000
[2022-04-13 17:12:20.174] E008 |   731/731 batches | lr 20.0000 | loss  3.934 | ppl     51.13 frag_cnt/word_cnt=1.516=139054/91700
[2022-04-13 17:12:25.481] End E008 | valid loss  4.688; ppl    108.67 | accu 0.2194 = 25319/115380 | w_len 1.4664 = 169194/115380
[2022-04-13 17:12:30.730] End E008 |  test loss  9.044; ppl   8467.94 | accu 0.0493 = 5535/112220 | w_len 2.0324 = 228077/112220 ../data/sample_500k/adolescent_valid.txt
[2022-04-13 17:12:54.793] End E008 |  test loss  9.561; ppl  14202.81 | accu 0.0497 = 25202/506840 | w_len 2.1714 = 1100537/506840 ../data/sample_500k/adult_test.txt
[2022-04-13 17:12:54.793] Save: model.pt... 
[2022-04-13 17:12:55.288] Save: model.pt...Done. best_val_loss: 4.6883
[2022-04-13 17:12:55.288] Epoch 009/20 ==================================================
[2022-04-13 17:13:11.084] E009 |   200/731 batches | lr 20.0000 | loss  3.943 | ppl     51.58 frag_cnt/word_cnt=1.517=212422/140000
[2022-04-13 17:13:26.396] E009 |   400/731 batches | lr 20.0000 | loss  3.958 | ppl     52.33 frag_cnt/word_cnt=1.515=212107/140000
[2022-04-13 17:13:41.637] E009 |   600/731 batches | lr 20.0000 | loss  3.888 | ppl     48.82 frag_cnt/word_cnt=1.514=211977/140000
[2022-04-13 17:13:51.402] E009 |   731/731 batches | lr 20.0000 | loss  3.868 | ppl     47.85 frag_cnt/word_cnt=1.516=139054/91700
[2022-04-13 17:13:56.751] End E009 | valid loss  4.700; ppl    109.90 | accu 0.2165 = 24984/115380 | w_len 1.4664 = 169194/115380
[2022-04-13 17:14:02.059] End E009 |  test loss  9.026; ppl   8320.44 | accu 0.0571 = 6406/112220 | w_len 2.0324 = 228077/112220 ../data/sample_500k/adolescent_valid.txt
[2022-04-13 17:14:26.198] End E009 |  test loss  9.565; ppl  14256.14 | accu 0.0535 = 27115/506840 | w_len 2.1714 = 1100537/506840 ../data/sample_500k/adult_test.txt
[2022-04-13 17:14:26.198] Epoch 010/20 ==================================================
[2022-04-13 17:14:41.431] E010 |   200/731 batches | lr 10.0000 | loss  3.819 | ppl     45.56 frag_cnt/word_cnt=1.517=212422/140000
[2022-04-13 17:14:56.680] E010 |   400/731 batches | lr 10.0000 | loss  3.793 | ppl     44.38 frag_cnt/word_cnt=1.515=212107/140000
[2022-04-13 17:15:11.951] E010 |   600/731 batches | lr 10.0000 | loss  3.687 | ppl     39.94 frag_cnt/word_cnt=1.514=211977/140000
[2022-04-13 17:15:22.446] E010 |   731/731 batches | lr 10.0000 | loss  3.643 | ppl     38.20 frag_cnt/word_cnt=1.516=139054/91700
[2022-04-13 17:15:27.737] End E010 | valid loss  4.616; ppl    101.05 | accu 0.2377 = 27428/115380 | w_len 1.4664 = 169194/115380
[2022-04-13 17:15:33.017] End E010 |  test loss  9.196; ppl   9854.03 | accu 0.0605 = 6784/112220 | w_len 2.0324 = 228077/112220 ../data/sample_500k/adolescent_valid.txt
[2022-04-13 17:15:57.043] End E010 |  test loss  9.898; ppl  19890.74 | accu 0.0590 = 29901/506840 | w_len 2.1714 = 1100537/506840 ../data/sample_500k/adult_test.txt
[2022-04-13 17:15:57.043] Save: model.pt... 
[2022-04-13 17:15:57.530] Save: model.pt...Done. best_val_loss: 4.6156
[2022-04-13 17:15:57.530] Epoch 011/20 ==================================================
[2022-04-13 17:16:13.767] E011 |   200/731 batches | lr 10.0000 | loss  3.719 | ppl     41.24 frag_cnt/word_cnt=1.517=212422/140000
[2022-04-13 17:16:29.028] E011 |   400/731 batches | lr 10.0000 | loss  3.728 | ppl     41.60 frag_cnt/word_cnt=1.515=212107/140000
[2022-04-13 17:16:44.263] E011 |   600/731 batches | lr 10.0000 | loss  3.640 | ppl     38.08 frag_cnt/word_cnt=1.514=211977/140000
[2022-04-13 17:16:54.248] E011 |   731/731 batches | lr 10.0000 | loss  3.605 | ppl     36.80 frag_cnt/word_cnt=1.516=139054/91700
[2022-04-13 17:16:59.582] End E011 | valid loss  4.619; ppl    101.37 | accu 0.2381 = 27477/115380 | w_len 1.4664 = 169194/115380
[2022-04-13 17:17:04.873] End E011 |  test loss  9.346; ppl  11450.21 | accu 0.0580 = 6509/112220 | w_len 2.0324 = 228077/112220 ../data/sample_500k/adolescent_valid.txt
[2022-04-13 17:17:29.016] End E011 |  test loss 10.058; ppl  23331.68 | accu 0.0570 = 28894/506840 | w_len 2.1714 = 1100537/506840 ../data/sample_500k/adult_test.txt
[2022-04-13 17:17:29.016] Epoch 012/20 ==================================================
[2022-04-13 17:17:44.615] E012 |   200/731 batches | lr 5.0000 | loss  3.655 | ppl     38.65 frag_cnt/word_cnt=1.517=212422/140000
[2022-04-13 17:18:00.801] E012 |   400/731 batches | lr 5.0000 | loss  3.643 | ppl     38.20 frag_cnt/word_cnt=1.515=212107/140000
[2022-04-13 17:18:16.631] E012 |   600/731 batches | lr 5.0000 | loss  3.534 | ppl     34.25 frag_cnt/word_cnt=1.514=211977/140000
[2022-04-13 17:18:27.455] E012 |   731/731 batches | lr 5.0000 | loss  3.480 | ppl     32.46 frag_cnt/word_cnt=1.516=139054/91700
[2022-04-13 17:18:33.937] End E012 | valid loss  4.603; ppl     99.74 | accu 0.2420 = 27921/115380 | w_len 1.4664 = 169194/115380
[2022-04-13 17:18:40.397] End E012 |  test loss  9.409; ppl  12196.41 | accu 0.0603 = 6770/112220 | w_len 2.0324 = 228077/112220 ../data/sample_500k/adolescent_valid.txt
[2022-04-13 17:19:09.489] End E012 |  test loss 10.095; ppl  24220.08 | accu 0.0595 = 30156/506840 | w_len 2.1714 = 1100537/506840 ../data/sample_500k/adult_test.txt
[2022-04-13 17:19:09.489] Save: model.pt... 
[2022-04-13 17:19:09.986] Save: model.pt...Done. best_val_loss: 4.6026
[2022-04-13 17:19:09.986] Epoch 013/20 ==================================================
[2022-04-13 17:19:26.711] E013 |   200/731 batches | lr 5.0000 | loss  3.591 | ppl     36.28 frag_cnt/word_cnt=1.517=212422/140000
[2022-04-13 17:19:43.846] E013 |   400/731 batches | lr 5.0000 | loss  3.596 | ppl     36.44 frag_cnt/word_cnt=1.515=212107/140000
[2022-04-13 17:20:00.348] E013 |   600/731 batches | lr 5.0000 | loss  3.503 | ppl     33.22 frag_cnt/word_cnt=1.514=211977/140000
[2022-04-13 17:20:10.390] E013 |   731/731 batches | lr 5.0000 | loss  3.465 | ppl     31.98 frag_cnt/word_cnt=1.516=139054/91700
[2022-04-13 17:20:15.744] End E013 | valid loss  4.604; ppl     99.88 | accu 0.2429 = 28031/115380 | w_len 1.4664 = 169194/115380
[2022-04-13 17:20:21.042] End E013 |  test loss  9.454; ppl  12764.20 | accu 0.0609 = 6835/112220 | w_len 2.0324 = 228077/112220 ../data/sample_500k/adolescent_valid.txt
[2022-04-13 17:20:45.132] End E013 |  test loss 10.187; ppl  26548.08 | accu 0.0586 = 29691/506840 | w_len 2.1714 = 1100537/506840 ../data/sample_500k/adult_test.txt
[2022-04-13 17:20:45.132] Epoch 014/20 ==================================================
[2022-04-13 17:21:01.442] E014 |   200/731 batches | lr 2.5000 | loss  3.564 | ppl     35.31 frag_cnt/word_cnt=1.517=212422/140000
[2022-04-13 17:21:16.850] E014 |   400/731 batches | lr 2.5000 | loss  3.556 | ppl     35.01 frag_cnt/word_cnt=1.515=212107/140000
[2022-04-13 17:21:32.100] E014 |   600/731 batches | lr 2.5000 | loss  3.447 | ppl     31.42 frag_cnt/word_cnt=1.514=211977/140000
[2022-04-13 17:21:42.108] E014 |   731/731 batches | lr 2.5000 | loss  3.396 | ppl     29.86 frag_cnt/word_cnt=1.516=139054/91700
[2022-04-13 17:21:47.426] End E014 | valid loss  4.600; ppl     99.50 | accu 0.2457 = 28350/115380 | w_len 1.4664 = 169194/115380
[2022-04-13 17:21:52.715] End E014 |  test loss  9.456; ppl  12778.37 | accu 0.0628 = 7047/112220 | w_len 2.0324 = 228077/112220 ../data/sample_500k/adolescent_valid.txt
[2022-04-13 17:22:19.480] End E014 |  test loss 10.091; ppl  24118.43 | accu 0.0611 = 30958/506840 | w_len 2.1714 = 1100537/506840 ../data/sample_500k/adult_test.txt
[2022-04-13 17:22:19.480] Save: model.pt... 
[2022-04-13 17:22:19.969] Save: model.pt...Done. best_val_loss: 4.6001
[2022-04-13 17:22:19.969] Epoch 015/20 ==================================================
[2022-04-13 17:22:35.628] E015 |   200/731 batches | lr 2.5000 | loss  3.529 | ppl     34.08 frag_cnt/word_cnt=1.517=212422/140000
[2022-04-13 17:22:50.885] E015 |   400/731 batches | lr 2.5000 | loss  3.533 | ppl     34.21 frag_cnt/word_cnt=1.515=212107/140000
[2022-04-13 17:23:06.155] E015 |   600/731 batches | lr 2.5000 | loss  3.426 | ppl     30.74 frag_cnt/word_cnt=1.514=211977/140000
[2022-04-13 17:23:16.160] E015 |   731/731 batches | lr 2.5000 | loss  3.387 | ppl     29.57 frag_cnt/word_cnt=1.516=139054/91700
[2022-04-13 17:23:21.466] End E015 | valid loss  4.603; ppl     99.79 | accu 0.2450 = 28264/115380 | w_len 1.4664 = 169194/115380
[2022-04-13 17:23:26.747] End E015 |  test loss  9.542; ppl  13934.02 | accu 0.0631 = 7084/112220 | w_len 2.0324 = 228077/112220 ../data/sample_500k/adolescent_valid.txt
[2022-04-13 17:23:50.670] End E015 |  test loss 10.176; ppl  26254.83 | accu 0.0616 = 31215/506840 | w_len 2.1714 = 1100537/506840 ../data/sample_500k/adult_test.txt
[2022-04-13 17:23:50.670] Epoch 016/20 ==================================================
[2022-04-13 17:24:05.761] E016 |   200/731 batches | lr 1.2500 | loss  3.514 | ppl     33.60 frag_cnt/word_cnt=1.517=212422/140000
[2022-04-13 17:24:20.970] E016 |   400/731 batches | lr 1.2500 | loss  3.512 | ppl     33.52 frag_cnt/word_cnt=1.515=212107/140000
[2022-04-13 17:24:37.107] E016 |   600/731 batches | lr 1.2500 | loss  3.400 | ppl     29.97 frag_cnt/word_cnt=1.514=211977/140000
[2022-04-13 17:24:47.223] E016 |   731/731 batches | lr 1.2500 | loss  3.348 | ppl     28.45 frag_cnt/word_cnt=1.516=139054/91700
[2022-04-13 17:24:52.522] End E016 | valid loss  4.599; ppl     99.40 | accu 0.2464 = 28435/115380 | w_len 1.4664 = 169194/115380
[2022-04-13 17:24:57.768] End E016 |  test loss  9.540; ppl  13907.81 | accu 0.0644 = 7225/112220 | w_len 2.0324 = 228077/112220 ../data/sample_500k/adolescent_valid.txt
[2022-04-13 17:25:21.672] End E016 |  test loss 10.102; ppl  24403.05 | accu 0.0630 = 31912/506840 | w_len 2.1714 = 1100537/506840 ../data/sample_500k/adult_test.txt
[2022-04-13 17:25:21.672] Save: model.pt... 
[2022-04-13 17:25:22.149] Save: model.pt...Done. best_val_loss: 4.5991
[2022-04-13 17:25:22.149] Epoch 017/20 ==================================================
[2022-04-13 17:25:37.277] E017 |   200/731 batches | lr 1.2500 | loss  3.496 | ppl     32.98 frag_cnt/word_cnt=1.517=212422/140000
[2022-04-13 17:25:52.558] E017 |   400/731 batches | lr 1.2500 | loss  3.495 | ppl     32.94 frag_cnt/word_cnt=1.515=212107/140000
[2022-04-13 17:26:07.398] E017 |   600/731 batches | lr 1.2500 | loss  3.390 | ppl     29.67 frag_cnt/word_cnt=1.514=211977/140000
[2022-04-13 17:26:17.058] E017 |   731/731 batches | lr 1.2500 | loss  3.352 | ppl     28.56 frag_cnt/word_cnt=1.516=139054/91700
[2022-04-13 17:26:22.393] End E017 | valid loss  4.600; ppl     99.47 | accu 0.2467 = 28462/115380 | w_len 1.4664 = 169194/115380
[2022-04-13 17:26:27.671] End E017 |  test loss  9.572; ppl  14355.51 | accu 0.0642 = 7204/112220 | w_len 2.0324 = 228077/112220 ../data/sample_500k/adolescent_valid.txt
[2022-04-13 17:26:51.690] End E017 |  test loss 10.227; ppl  27652.68 | accu 0.0622 = 31544/506840 | w_len 2.1714 = 1100537/506840 ../data/sample_500k/adult_test.txt
[2022-04-13 17:26:51.690] Epoch 018/20 ==================================================
[2022-04-13 17:27:06.312] E018 |   200/731 batches | lr 0.6250 | loss  3.487 | ppl     32.69 frag_cnt/word_cnt=1.517=212422/140000
[2022-04-13 17:27:21.023] E018 |   400/731 batches | lr 0.6250 | loss  3.486 | ppl     32.66 frag_cnt/word_cnt=1.515=212107/140000
[2022-04-13 17:27:36.278] E018 |   600/731 batches | lr 0.6250 | loss  3.379 | ppl     29.33 frag_cnt/word_cnt=1.514=211977/140000
[2022-04-13 17:27:46.300] E018 |   731/731 batches | lr 0.6250 | loss  3.325 | ppl     27.79 frag_cnt/word_cnt=1.516=139054/91700
[2022-04-13 17:27:51.573] End E018 | valid loss  4.597; ppl     99.18 | accu 0.2472 = 28525/115380 | w_len 1.4664 = 169194/115380
[2022-04-13 17:27:56.844] End E018 |  test loss  9.568; ppl  14298.20 | accu 0.0645 = 7237/112220 | w_len 2.0324 = 228077/112220 ../data/sample_500k/adolescent_valid.txt
[2022-04-13 17:28:20.774] End E018 |  test loss 10.154; ppl  25704.05 | accu 0.0629 = 31855/506840 | w_len 2.1714 = 1100537/506840 ../data/sample_500k/adult_test.txt
[2022-04-13 17:28:20.775] Save: model.pt... 
[2022-04-13 17:28:21.299] Save: model.pt...Done. best_val_loss: 4.5969
[2022-04-13 17:28:21.299] Epoch 019/20 ==================================================
[2022-04-13 17:28:37.834] E019 |   200/731 batches | lr 0.6250 | loss  3.476 | ppl     32.32 frag_cnt/word_cnt=1.517=212422/140000
[2022-04-13 17:28:53.744] E019 |   400/731 batches | lr 0.6250 | loss  3.479 | ppl     32.43 frag_cnt/word_cnt=1.515=212107/140000
[2022-04-13 17:29:09.005] E019 |   600/731 batches | lr 0.6250 | loss  3.370 | ppl     29.09 frag_cnt/word_cnt=1.514=211977/140000
[2022-04-13 17:29:20.073] E019 |   731/731 batches | lr 0.6250 | loss  3.326 | ppl     27.84 frag_cnt/word_cnt=1.516=139054/91700
[2022-04-13 17:29:26.575] End E019 | valid loss  4.598; ppl     99.26 | accu 0.2476 = 28568/115380 | w_len 1.4664 = 169194/115380
[2022-04-13 17:29:32.939] End E019 |  test loss  9.570; ppl  14326.02 | accu 0.0646 = 7247/112220 | w_len 2.0324 = 228077/112220 ../data/sample_500k/adolescent_valid.txt
[2022-04-13 17:30:01.924] End E019 |  test loss 10.192; ppl  26696.64 | accu 0.0629 = 31878/506840 | w_len 2.1714 = 1100537/506840 ../data/sample_500k/adult_test.txt
[2022-04-13 17:30:01.924] Epoch 020/20 ==================================================
[2022-04-13 17:30:18.583] E020 |   200/731 batches | lr 0.3125 | loss  3.478 | ppl     32.39 frag_cnt/word_cnt=1.517=212422/140000
[2022-04-13 17:30:34.610] E020 |   400/731 batches | lr 0.3125 | loss  3.474 | ppl     32.27 frag_cnt/word_cnt=1.515=212107/140000
[2022-04-13 17:30:49.850] E020 |   600/731 batches | lr 0.3125 | loss  3.363 | ppl     28.88 frag_cnt/word_cnt=1.514=211977/140000
[2022-04-13 17:31:00.652] E020 |   731/731 batches | lr 0.3125 | loss  3.322 | ppl     27.71 frag_cnt/word_cnt=1.516=139054/91700
[2022-04-13 17:31:07.189] End E020 | valid loss  4.595; ppl     98.96 | accu 0.2481 = 28622/115380 | w_len 1.4664 = 169194/115380
[2022-04-13 17:31:13.556] End E020 |  test loss  9.566; ppl  14271.19 | accu 0.0649 = 7286/112220 | w_len 2.0324 = 228077/112220 ../data/sample_500k/adolescent_valid.txt
[2022-04-13 17:31:40.257] End E020 |  test loss 10.210; ppl  27161.06 | accu 0.0634 = 32143/506840 | w_len 2.1714 = 1100537/506840 ../data/sample_500k/adult_test.txt
[2022-04-13 17:31:40.257] Save: model.pt... 
[2022-04-13 17:31:40.740] Save: model.pt...Done. best_val_loss: 4.5947
[2022-04-13 17:31:46.277] End. test loss  9.57; ppl 14271.19 | accu 0.0649 = 7286/112220 | w_len 2.0324 = 228077/112220 ../data/sample_500k/adolescent_valid.txt
[2022-04-13 17:32:10.212] End. test loss 10.21; ppl 27161.06 | accu 0.0634 = 32143/506840 | w_len 2.1714 = 1100537/506840 ../data/sample_500k/adult_test.txt
[2022-04-13 17:32:10.212] =========================================================================================
[2022-04-13 17:32:10.213] valid_loss
[2022-04-13 17:32:10.213]  5.30, 4.91, 4.82, 4.80, 4.76, 4.75, 4.71, 4.69, 4.70, 4.62, 4.62, 4.60, 4.60, 4.60, 4.60, 4.60, 4.60, 4.60, 4.60, 4.59
[2022-04-13 17:32:10.213] valid_loss ppl
[2022-04-13 17:32:10.213]   201.31,  135.56,  124.58,  122.11,  116.91,  115.04,  110.83,  108.67,  109.90,  101.05,  101.37,   99.74,   99.88,   99.50,   99.79,   99.40,   99.47,   99.18,   99.26,   98.96
[2022-04-13 17:32:10.213] test_loss of ../data/sample_500k/adolescent_valid.txt
[2022-04-13 17:32:10.213]  8.86, 8.66, 8.59, 8.61, 8.64, 8.63, 8.85, 9.04, 9.03, 9.20, 9.35, 9.41, 9.45, 9.46, 9.54, 9.54, 9.57, 9.57, 9.57, 9.57
[2022-04-13 17:32:10.213] test_loss of ../data/sample_500k/adolescent_valid.txt ppl
[2022-04-13 17:32:10.213]  7069.30, 5749.82, 5400.54, 5476.18, 5625.32, 5601.39, 6979.39, 8467.94, 8320.44, 9854.03,11450.21,12196.41,12764.20,12778.37,13934.02,13907.81,14355.51,14298.20,14326.02,14271.19
[2022-04-13 17:32:10.213] test_loss of ../data/sample_500k/adult_test.txt
[2022-04-13 17:32:10.213]  9.16, 8.92, 8.95, 8.93, 9.00, 9.00, 9.24, 9.56, 9.56, 9.90,10.06,10.09,10.19,10.09,10.18,10.10,10.23,10.15,10.19,10.21
[2022-04-13 17:32:10.213] test_loss of ../data/sample_500k/adult_test.txt ppl
[2022-04-13 17:32:10.213]  9474.36, 7507.99, 7711.82, 7587.00, 8089.13, 8070.74,10323.99,14202.81,14256.14,19890.74,23331.68,24220.08,26548.08,24118.43,26254.83,24403.05,27652.68,25704.05,26696.64,27161.06
[2022-04-13 17:32:10.213] 
[2022-04-13 17:32:10.213] 
[2022-04-13 17:32:10.213] 
