[2022-04-13 12:42:32.868] corpus.train_file_list: 1
[2022-04-13 12:42:32.868]         ../data/sample_500k/cbt_train.txt
[2022-04-13 12:42:32.868] corpus.valid_file_list: 1
[2022-04-13 12:42:32.868]         ../data/sample_500k/cbt_valid.txt
[2022-04-13 12:42:32.868] corpus.test_file_list: 2
[2022-04-13 12:42:32.868]         ../data/sample_500k/adolescent_valid.txt
[2022-04-13 12:42:32.869]         ../data/sample_500k/adult_test.txt
[2022-04-13 12:42:32.869] corpus.subword_vocab_size: 0
[2022-04-13 12:42:32.869] corpus.subword_model = None. Corpus will not use subword.
[2022-04-13 12:42:32.869] corpus tokenize...
[2022-04-13 12:42:33.523]         train tokens: 511735  ../data/sample_500k/cbt_train.txt
[2022-04-13 12:42:33.657]         valid tokens: 115417  ../data/sample_500k/cbt_valid.txt
[2022-04-13 12:42:33.898]         test  tokens: 112256  ../data/sample_500k/adolescent_valid.txt
[2022-04-13 12:42:34.510]         test  tokens: 506878  ../data/sample_500k/adult_test.txt
[2022-04-13 12:42:34.510] corpus.ntokens      : 73236
[2022-04-13 12:42:34.510] corpus.char_count   : 157
[2022-04-13 12:42:34.511] corpus.char_cnt_dict: 157
[2022-04-13 12:42:34.511] corpus.char_id_dict : 157
[2022-04-13 12:42:34.520] corpus.batchify(1 files, batch_size=20)...
[2022-04-13 12:42:34.520]         tokens_all: 511735
[2022-04-13 12:42:34.520]         batched   :  25586
[2022-04-13 12:42:34.520]         ../data/sample_500k/cbt_train.txt
[2022-04-13 12:42:34.524] corpus.batchify(1 files, batch_size=20)...
[2022-04-13 12:42:34.524]         tokens_all: 115417
[2022-04-13 12:42:34.524]         batched   :   5770
[2022-04-13 12:42:34.524]         ../data/sample_500k/cbt_valid.txt
[2022-04-13 12:42:34.526] corpus.batchify(1 files, batch_size=20)...
[2022-04-13 12:42:34.526]         tokens_all: 112256
[2022-04-13 12:42:34.526]         batched   :   5612
[2022-04-13 12:42:34.526]         ../data/sample_500k/adolescent_valid.txt
[2022-04-13 12:42:34.529] corpus.batchify(1 files, batch_size=20)...
[2022-04-13 12:42:34.530]         tokens_all: 506878
[2022-04-13 12:42:34.530]         batched   :  25343
[2022-04-13 12:42:34.530]         ../data/sample_500k/adult_test.txt
[2022-04-13 12:42:34.531] subword_adapter will be generated due to word_split_mode='Subword.200'
[2022-04-13 12:42:34.531] SubwordAdapter.file_list: 2
[2022-04-13 12:42:34.531]         ../data/sample_500k/cbt_train.txt
[2022-04-13 12:42:34.531]         ../data/sample_500k/cbt_valid.txt
[2022-04-13 12:42:34.531] SubwordAdapter.subword_vocab_size: 200
[2022-04-13 12:42:34.531] SubwordAdapter.subword_model.train(2 files)...
[2022-04-13 12:42:34.758] SubwordAdapter.subword_model.train(2 files)...Done
[2022-04-13 12:42:35.419] RNNModel.rnn_type: LSTM
[2022-04-13 12:42:35.420] RNNModel.ntoken  : 73236
[2022-04-13 12:42:35.420] RNNModel.ninp    : 200
[2022-04-13 12:42:35.420] RNNModel.nhid    : 200
[2022-04-13 12:42:35.420] RNNModel.nlayers : 2
[2022-04-13 12:42:35.420] RNNModel.dropout : 0.2
[2022-04-13 12:42:35.420] RNNModel.tie_weights: False
[2022-04-13 12:42:35.420] RNNModel.fragment_aggregate_mode: LSTM
[2022-04-13 12:42:35.420] RNNModel.fragment_cnt           : 202
[2022-04-13 12:42:35.421] RNNModel.fragment_emsize        : 25
[2022-04-13 12:42:35.421] RNNModel.fragment_nhid          : 200
[2022-04-13 12:42:35.421] RNNModel.fragment_embeds     : created
[2022-04-13 12:42:35.425] RNNModel.fragment_lstm       : created
[2022-04-13 12:42:35.425] RNNModel.fragment_lstm_linear: created
[2022-04-13 12:42:35.457] Epoch 001/20 ==================================================
[2022-04-13 12:43:40.758] E001 |   200/731 batches | lr 20.0000 | loss  7.352 | ppl   1558.90 frag_cnt/word_cnt=2.164=302933/140000
[2022-04-13 12:44:43.149] E001 |   400/731 batches | lr 20.0000 | loss  6.003 | ppl    404.61 frag_cnt/word_cnt=2.172=304046/140000
[2022-04-13 12:45:44.935] E001 |   600/731 batches | lr 20.0000 | loss  5.403 | ppl    222.17 frag_cnt/word_cnt=2.148=300690/140000
[2022-04-13 12:46:27.423] E001 |   731/731 batches | lr 20.0000 | loss  5.229 | ppl    186.58 frag_cnt/word_cnt=2.150=197171/91700
[2022-04-13 12:46:43.532] End E001 | valid loss  5.337; ppl    207.99 | accu 0.1651 = 19049/115380 | w_len 2.1181 = 244384/115380
[2022-04-13 12:46:58.163] End E001 |  test loss  8.927; ppl   7534.73 | accu 0.0346 = 3884/112220 | w_len 2.7297 = 306328/112220 ../data/sample_500k/adolescent_valid.txt
[2022-04-13 12:48:09.696] End E001 |  test loss  9.034; ppl   8384.89 | accu 0.0323 = 16392/506840 | w_len 3.0106 = 1525890/506840 ../data/sample_500k/adult_test.txt
[2022-04-13 12:48:09.696] Save: model.pt... 
[2022-04-13 12:48:10.134] Save: model.pt...Done. best_val_loss: 5.3375
[2022-04-13 12:48:10.134] Epoch 002/20 ==================================================
[2022-04-13 12:49:19.032] E002 |   200/731 batches | lr 20.0000 | loss  5.078 | ppl    160.43 frag_cnt/word_cnt=2.164=302933/140000
[2022-04-13 12:50:27.884] E002 |   400/731 batches | lr 20.0000 | loss  4.977 | ppl    145.00 frag_cnt/word_cnt=2.172=304046/140000
[2022-04-13 12:51:33.320] E002 |   600/731 batches | lr 20.0000 | loss  4.772 | ppl    118.11 frag_cnt/word_cnt=2.148=300690/140000
[2022-04-13 12:52:17.720] E002 |   731/731 batches | lr 20.0000 | loss  4.720 | ppl    112.19 frag_cnt/word_cnt=2.150=197171/91700
[2022-04-13 12:52:32.431] End E002 | valid loss  5.063; ppl    158.08 | accu 0.1789 = 20638/115380 | w_len 2.1181 = 244384/115380
[2022-04-13 12:52:46.913] End E002 |  test loss  8.694; ppl   5968.06 | accu 0.0429 = 4813/112220 | w_len 2.7297 = 306328/112220 ../data/sample_500k/adolescent_valid.txt
[2022-04-13 12:53:51.845] End E002 |  test loss  8.893; ppl   7282.42 | accu 0.0410 = 20776/506840 | w_len 3.0106 = 1525890/506840 ../data/sample_500k/adult_test.txt
[2022-04-13 12:53:51.845] Save: model.pt... 
[2022-04-13 12:53:52.299] Save: model.pt...Done. best_val_loss: 5.0631
[2022-04-13 12:53:52.299] Epoch 003/20 ==================================================
[2022-04-13 12:54:58.425] E003 |   200/731 batches | lr 20.0000 | loss  4.669 | ppl    106.58 frag_cnt/word_cnt=2.164=302933/140000
[2022-04-13 12:56:03.084] E003 |   400/731 batches | lr 20.0000 | loss  4.649 | ppl    104.47 frag_cnt/word_cnt=2.172=304046/140000
[2022-04-13 12:57:06.615] E003 |   600/731 batches | lr 20.0000 | loss  4.508 | ppl     90.70 frag_cnt/word_cnt=2.148=300690/140000
[2022-04-13 12:57:48.500] E003 |   731/731 batches | lr 20.0000 | loss  4.477 | ppl     87.96 frag_cnt/word_cnt=2.150=197171/91700
[2022-04-13 12:58:02.652] End E003 | valid loss  4.816; ppl    123.41 | accu 0.2117 = 24422/115380 | w_len 2.1181 = 244384/115380
[2022-04-13 12:58:16.571] End E003 |  test loss  8.707; ppl   6046.13 | accu 0.0603 = 6763/112220 | w_len 2.7297 = 306328/112220 ../data/sample_500k/adolescent_valid.txt
[2022-04-13 12:59:24.697] End E003 |  test loss  8.953; ppl   7734.77 | accu 0.0604 = 30592/506840 | w_len 3.0106 = 1525890/506840 ../data/sample_500k/adult_test.txt
[2022-04-13 12:59:24.697] Save: model.pt... 
[2022-04-13 12:59:25.149] Save: model.pt...Done. best_val_loss: 4.8155
[2022-04-13 12:59:25.149] Epoch 004/20 ==================================================
[2022-04-13 13:00:30.758] E004 |   200/731 batches | lr 20.0000 | loss  4.457 | ppl     86.20 frag_cnt/word_cnt=2.164=302933/140000
[2022-04-13 13:01:33.523] E004 |   400/731 batches | lr 20.0000 | loss  4.453 | ppl     85.87 frag_cnt/word_cnt=2.172=304046/140000
[2022-04-13 13:02:37.344] E004 |   600/731 batches | lr 20.0000 | loss  4.338 | ppl     76.59 frag_cnt/word_cnt=2.148=300690/140000
[2022-04-13 13:03:18.794] E004 |   731/731 batches | lr 20.0000 | loss  4.309 | ppl     74.34 frag_cnt/word_cnt=2.150=197171/91700
[2022-04-13 13:03:33.073] End E004 | valid loss  4.852; ppl    128.05 | accu 0.2012 = 23218/115380 | w_len 2.1181 = 244384/115380
[2022-04-13 13:03:47.411] End E004 |  test loss  8.712; ppl   6073.33 | accu 0.0556 = 6234/112220 | w_len 2.7297 = 306328/112220 ../data/sample_500k/adolescent_valid.txt
[2022-04-13 13:04:51.983] End E004 |  test loss  9.019; ppl   8261.05 | accu 0.0548 = 27767/506840 | w_len 3.0106 = 1525890/506840 ../data/sample_500k/adult_test.txt
[2022-04-13 13:04:51.984] Epoch 005/20 ==================================================
[2022-04-13 13:05:56.375] E005 |   200/731 batches | lr 10.0000 | loss  4.240 | ppl     69.44 frag_cnt/word_cnt=2.164=302933/140000
[2022-04-13 13:06:59.563] E005 |   400/731 batches | lr 10.0000 | loss  4.215 | ppl     67.70 frag_cnt/word_cnt=2.172=304046/140000
[2022-04-13 13:08:04.294] E005 |   600/731 batches | lr 10.0000 | loss  4.096 | ppl     60.09 frag_cnt/word_cnt=2.148=300690/140000
[2022-04-13 13:08:45.556] E005 |   731/731 batches | lr 10.0000 | loss  4.063 | ppl     58.14 frag_cnt/word_cnt=2.150=197171/91700
[2022-04-13 13:08:59.636] End E005 | valid loss  4.653; ppl    104.88 | accu 0.2320 = 26765/115380 | w_len 2.1181 = 244384/115380
[2022-04-13 13:09:13.490] End E005 |  test loss  8.988; ppl   8004.26 | accu 0.0577 = 6470/112220 | w_len 2.7297 = 306328/112220 ../data/sample_500k/adolescent_valid.txt
[2022-04-13 13:10:16.623] End E005 |  test loss  9.216; ppl  10058.27 | accu 0.0568 = 28801/506840 | w_len 3.0106 = 1525890/506840 ../data/sample_500k/adult_test.txt
[2022-04-13 13:10:16.623] Save: model.pt... 
[2022-04-13 13:10:17.056] Save: model.pt...Done. best_val_loss: 4.6528
[2022-04-13 13:10:17.056] Epoch 006/20 ==================================================
[2022-04-13 13:11:24.352] E006 |   200/731 batches | lr 10.0000 | loss  4.126 | ppl     61.91 frag_cnt/word_cnt=2.164=302933/140000
[2022-04-13 13:12:29.167] E006 |   400/731 batches | lr 10.0000 | loss  4.124 | ppl     61.82 frag_cnt/word_cnt=2.172=304046/140000
[2022-04-13 13:13:34.756] E006 |   600/731 batches | lr 10.0000 | loss  4.020 | ppl     55.71 frag_cnt/word_cnt=2.148=300690/140000
[2022-04-13 13:14:17.707] E006 |   731/731 batches | lr 10.0000 | loss  3.994 | ppl     54.29 frag_cnt/word_cnt=2.150=197171/91700
[2022-04-13 13:14:32.001] End E006 | valid loss  4.641; ppl    103.62 | accu 0.2335 = 26944/115380 | w_len 2.1181 = 244384/115380
[2022-04-13 13:14:46.063] End E006 |  test loss  9.158; ppl   9494.35 | accu 0.0551 = 6178/112220 | w_len 2.7297 = 306328/112220 ../data/sample_500k/adolescent_valid.txt
[2022-04-13 13:15:49.327] End E006 |  test loss  9.396; ppl  12039.29 | accu 0.0561 = 28434/506840 | w_len 3.0106 = 1525890/506840 ../data/sample_500k/adult_test.txt
[2022-04-13 13:15:49.327] Save: model.pt... 
[2022-04-13 13:15:49.757] Save: model.pt...Done. best_val_loss: 4.6407
[2022-04-13 13:15:49.757] Epoch 007/20 ==================================================
[2022-04-13 13:16:58.045] E007 |   200/731 batches | lr 10.0000 | loss  4.045 | ppl     57.12 frag_cnt/word_cnt=2.164=302933/140000
[2022-04-13 13:18:01.815] E007 |   400/731 batches | lr 10.0000 | loss  4.052 | ppl     57.53 frag_cnt/word_cnt=2.172=304046/140000
[2022-04-13 13:19:07.321] E007 |   600/731 batches | lr 10.0000 | loss  3.954 | ppl     52.14 frag_cnt/word_cnt=2.148=300690/140000
[2022-04-13 13:19:51.336] E007 |   731/731 batches | lr 10.0000 | loss  3.928 | ppl     50.79 frag_cnt/word_cnt=2.150=197171/91700
[2022-04-13 13:20:05.619] End E007 | valid loss  4.631; ppl    102.57 | accu 0.2337 = 26967/115380 | w_len 2.1181 = 244384/115380
[2022-04-13 13:20:19.895] End E007 |  test loss  9.070; ppl   8689.10 | accu 0.0595 = 6672/112220 | w_len 2.7297 = 306328/112220 ../data/sample_500k/adolescent_valid.txt
[2022-04-13 13:21:26.127] End E007 |  test loss  9.234; ppl  10236.03 | accu 0.0593 = 30073/506840 | w_len 3.0106 = 1525890/506840 ../data/sample_500k/adult_test.txt
[2022-04-13 13:21:26.127] Save: model.pt... 
[2022-04-13 13:21:26.556] Save: model.pt...Done. best_val_loss: 4.6306
[2022-04-13 13:21:26.557] Epoch 008/20 ==================================================
[2022-04-13 13:22:33.533] E008 |   200/731 batches | lr 10.0000 | loss  3.971 | ppl     53.02 frag_cnt/word_cnt=2.164=302933/140000
[2022-04-13 13:23:38.094] E008 |   400/731 batches | lr 10.0000 | loss  3.985 | ppl     53.79 frag_cnt/word_cnt=2.172=304046/140000
[2022-04-13 13:24:42.845] E008 |   600/731 batches | lr 10.0000 | loss  3.890 | ppl     48.92 frag_cnt/word_cnt=2.148=300690/140000
[2022-04-13 13:25:26.862] E008 |   731/731 batches | lr 10.0000 | loss  3.865 | ppl     47.72 frag_cnt/word_cnt=2.150=197171/91700
[2022-04-13 13:25:41.211] End E008 | valid loss  4.623; ppl    101.77 | accu 0.2365 = 27289/115380 | w_len 2.1181 = 244384/115380
[2022-04-13 13:25:57.711] End E008 |  test loss  9.384; ppl  11897.02 | accu 0.0543 = 6089/112220 | w_len 2.7297 = 306328/112220 ../data/sample_500k/adolescent_valid.txt
[2022-04-13 13:27:05.536] End E008 |  test loss  9.763; ppl  17381.17 | accu 0.0539 = 27312/506840 | w_len 3.0106 = 1525890/506840 ../data/sample_500k/adult_test.txt
[2022-04-13 13:27:05.536] Save: model.pt... 
[2022-04-13 13:27:05.971] Save: model.pt...Done. best_val_loss: 4.6227
[2022-04-13 13:27:05.971] Epoch 009/20 ==================================================
[2022-04-13 13:28:12.030] E009 |   200/731 batches | lr 10.0000 | loss  3.909 | ppl     49.83 frag_cnt/word_cnt=2.164=302933/140000
[2022-04-13 13:29:15.463] E009 |   400/731 batches | lr 10.0000 | loss  3.924 | ppl     50.63 frag_cnt/word_cnt=2.172=304046/140000
[2022-04-13 13:30:20.525] E009 |   600/731 batches | lr 10.0000 | loss  3.833 | ppl     46.21 frag_cnt/word_cnt=2.148=300690/140000
[2022-04-13 13:31:03.506] E009 |   731/731 batches | lr 10.0000 | loss  3.813 | ppl     45.29 frag_cnt/word_cnt=2.150=197171/91700
[2022-04-13 13:31:20.158] End E009 | valid loss  4.633; ppl    102.82 | accu 0.2345 = 27054/115380 | w_len 2.1181 = 244384/115380
[2022-04-13 13:31:37.995] End E009 |  test loss  9.399; ppl  12077.62 | accu 0.0525 = 5895/112220 | w_len 2.7297 = 306328/112220 ../data/sample_500k/adolescent_valid.txt
[2022-04-13 13:32:53.225] End E009 |  test loss  9.627; ppl  15175.55 | accu 0.0556 = 28205/506840 | w_len 3.0106 = 1525890/506840 ../data/sample_500k/adult_test.txt
[2022-04-13 13:32:53.225] Epoch 010/20 ==================================================
[2022-04-13 13:33:58.451] E010 |   200/731 batches | lr 5.0000 | loss  3.833 | ppl     46.22 frag_cnt/word_cnt=2.164=302933/140000
[2022-04-13 13:35:02.118] E010 |   400/731 batches | lr 5.0000 | loss  3.826 | ppl     45.90 frag_cnt/word_cnt=2.172=304046/140000
[2022-04-13 13:36:04.297] E010 |   600/731 batches | lr 5.0000 | loss  3.714 | ppl     41.00 frag_cnt/word_cnt=2.148=300690/140000
[2022-04-13 13:36:47.315] E010 |   731/731 batches | lr 5.0000 | loss  3.674 | ppl     39.40 frag_cnt/word_cnt=2.150=197171/91700
[2022-04-13 13:37:01.518] End E010 | valid loss  4.600; ppl     99.53 | accu 0.2414 = 27857/115380 | w_len 2.1181 = 244384/115380
[2022-04-13 13:37:15.495] End E010 |  test loss  9.470; ppl  12962.08 | accu 0.0554 = 6212/112220 | w_len 2.7297 = 306328/112220 ../data/sample_500k/adolescent_valid.txt
[2022-04-13 13:38:24.766] End E010 |  test loss  9.871; ppl  19366.03 | accu 0.0555 = 28130/506840 | w_len 3.0106 = 1525890/506840 ../data/sample_500k/adult_test.txt
[2022-04-13 13:38:24.767] Save: model.pt... 
[2022-04-13 13:38:25.267] Save: model.pt...Done. best_val_loss: 4.6004
[2022-04-13 13:38:25.267] Epoch 011/20 ==================================================
[2022-04-13 13:39:32.745] E011 |   200/731 batches | lr 5.0000 | loss  3.767 | ppl     43.24 frag_cnt/word_cnt=2.164=302933/140000
[2022-04-13 13:40:36.999] E011 |   400/731 batches | lr 5.0000 | loss  3.782 | ppl     43.90 frag_cnt/word_cnt=2.172=304046/140000
[2022-04-13 13:41:39.573] E011 |   600/731 batches | lr 5.0000 | loss  3.675 | ppl     39.47 frag_cnt/word_cnt=2.148=300690/140000
[2022-04-13 13:42:22.617] E011 |   731/731 batches | lr 5.0000 | loss  3.644 | ppl     38.24 frag_cnt/word_cnt=2.150=197171/91700
[2022-04-13 13:42:36.898] End E011 | valid loss  4.603; ppl     99.80 | accu 0.2404 = 27732/115380 | w_len 2.1181 = 244384/115380
[2022-04-13 13:42:50.978] End E011 |  test loss  9.488; ppl  13196.31 | accu 0.0564 = 6332/112220 | w_len 2.7297 = 306328/112220 ../data/sample_500k/adolescent_valid.txt
[2022-04-13 13:43:57.478] End E011 |  test loss  9.929; ppl  20526.07 | accu 0.0555 = 28148/506840 | w_len 3.0106 = 1525890/506840 ../data/sample_500k/adult_test.txt
[2022-04-13 13:43:57.479] Epoch 012/20 ==================================================
[2022-04-13 13:45:06.235] E012 |   200/731 batches | lr 2.5000 | loss  3.726 | ppl     41.53 frag_cnt/word_cnt=2.164=302933/140000
[2022-04-13 13:46:12.297] E012 |   400/731 batches | lr 2.5000 | loss  3.725 | ppl     41.48 frag_cnt/word_cnt=2.172=304046/140000
[2022-04-13 13:47:17.036] E012 |   600/731 batches | lr 2.5000 | loss  3.612 | ppl     37.04 frag_cnt/word_cnt=2.148=300690/140000
[2022-04-13 13:47:59.784] E012 |   731/731 batches | lr 2.5000 | loss  3.575 | ppl     35.70 frag_cnt/word_cnt=2.150=197171/91700
[2022-04-13 13:48:14.046] End E012 | valid loss  4.592; ppl     98.65 | accu 0.2439 = 28143/115380 | w_len 2.1181 = 244384/115380
[2022-04-13 13:48:28.110] End E012 |  test loss  9.504; ppl  13418.82 | accu 0.0595 = 6674/112220 | w_len 2.7297 = 306328/112220 ../data/sample_500k/adolescent_valid.txt
[2022-04-13 13:49:36.859] End E012 |  test loss  9.966; ppl  21283.39 | accu 0.0590 = 29897/506840 | w_len 3.0106 = 1525890/506840 ../data/sample_500k/adult_test.txt
[2022-04-13 13:49:36.859] Save: model.pt... 
[2022-04-13 13:49:37.296] Save: model.pt...Done. best_val_loss: 4.5916
[2022-04-13 13:49:37.297] Epoch 013/20 ==================================================
[2022-04-13 13:50:43.729] E013 |   200/731 batches | lr 2.5000 | loss  3.692 | ppl     40.12 frag_cnt/word_cnt=2.164=302933/140000
[2022-04-13 13:51:51.468] E013 |   400/731 batches | lr 2.5000 | loss  3.699 | ppl     40.42 frag_cnt/word_cnt=2.172=304046/140000
[2022-04-13 13:52:58.892] E013 |   600/731 batches | lr 2.5000 | loss  3.592 | ppl     36.32 frag_cnt/word_cnt=2.148=300690/140000
[2022-04-13 13:53:44.317] E013 |   731/731 batches | lr 2.5000 | loss  3.554 | ppl     34.97 frag_cnt/word_cnt=2.150=197171/91700
[2022-04-13 13:54:02.539] End E013 | valid loss  4.594; ppl     98.85 | accu 0.2444 = 28198/115380 | w_len 2.1181 = 244384/115380
[2022-04-13 13:54:18.569] End E013 |  test loss  9.591; ppl  14633.26 | accu 0.0593 = 6658/112220 | w_len 2.7297 = 306328/112220 ../data/sample_500k/adolescent_valid.txt
[2022-04-13 13:55:26.262] End E013 |  test loss 10.062; ppl  23444.75 | accu 0.0591 = 29936/506840 | w_len 3.0106 = 1525890/506840 ../data/sample_500k/adult_test.txt
[2022-04-13 13:55:26.262] Epoch 014/20 ==================================================
[2022-04-13 13:56:33.444] E014 |   200/731 batches | lr 1.2500 | loss  3.673 | ppl     39.38 frag_cnt/word_cnt=2.164=302933/140000
[2022-04-13 13:57:39.408] E014 |   400/731 batches | lr 1.2500 | loss  3.672 | ppl     39.32 frag_cnt/word_cnt=2.172=304046/140000
[2022-04-13 13:58:42.733] E014 |   600/731 batches | lr 1.2500 | loss  3.562 | ppl     35.22 frag_cnt/word_cnt=2.148=300690/140000
[2022-04-13 13:59:24.931] E014 |   731/731 batches | lr 1.2500 | loss  3.517 | ppl     33.67 frag_cnt/word_cnt=2.150=197171/91700
[2022-04-13 13:59:39.135] End E014 | valid loss  4.589; ppl     98.43 | accu 0.2457 = 28348/115380 | w_len 2.1181 = 244384/115380
[2022-04-13 13:59:53.139] End E014 |  test loss  9.574; ppl  14389.77 | accu 0.0605 = 6791/112220 | w_len 2.7297 = 306328/112220 ../data/sample_500k/adolescent_valid.txt
[2022-04-13 14:01:02.821] End E014 |  test loss  9.985; ppl  21701.12 | accu 0.0608 = 30802/506840 | w_len 3.0106 = 1525890/506840 ../data/sample_500k/adult_test.txt
[2022-04-13 14:01:02.821] Save: model.pt... 
[2022-04-13 14:01:03.252] Save: model.pt...Done. best_val_loss: 4.5894
[2022-04-13 14:01:03.252] Epoch 015/20 ==================================================
[2022-04-13 14:02:10.833] E015 |   200/731 batches | lr 1.2500 | loss  3.652 | ppl     38.56 frag_cnt/word_cnt=2.164=302933/140000
[2022-04-13 14:03:15.606] E015 |   400/731 batches | lr 1.2500 | loss  3.662 | ppl     38.94 frag_cnt/word_cnt=2.172=304046/140000
[2022-04-13 14:04:19.060] E015 |   600/731 batches | lr 1.2500 | loss  3.550 | ppl     34.80 frag_cnt/word_cnt=2.148=300690/140000
[2022-04-13 14:05:01.142] E015 |   731/731 batches | lr 1.2500 | loss  3.511 | ppl     33.50 frag_cnt/word_cnt=2.150=197171/91700
[2022-04-13 14:05:15.526] End E015 | valid loss  4.591; ppl     98.58 | accu 0.2451 = 28282/115380 | w_len 2.1181 = 244384/115380
[2022-04-13 14:05:29.937] End E015 |  test loss  9.599; ppl  14746.56 | accu 0.0619 = 6946/112220 | w_len 2.7297 = 306328/112220 ../data/sample_500k/adolescent_valid.txt
[2022-04-13 14:06:37.868] End E015 |  test loss 10.045; ppl  23036.31 | accu 0.0614 = 31141/506840 | w_len 3.0106 = 1525890/506840 ../data/sample_500k/adult_test.txt
[2022-04-13 14:06:37.868] Epoch 016/20 ==================================================
[2022-04-13 14:07:44.035] E016 |   200/731 batches | lr 0.6250 | loss  3.643 | ppl     38.21 frag_cnt/word_cnt=2.164=302933/140000
[2022-04-13 14:08:48.456] E016 |   400/731 batches | lr 0.6250 | loss  3.646 | ppl     38.31 frag_cnt/word_cnt=2.172=304046/140000
[2022-04-13 14:09:52.185] E016 |   600/731 batches | lr 0.6250 | loss  3.536 | ppl     34.31 frag_cnt/word_cnt=2.148=300690/140000
[2022-04-13 14:10:36.887] E016 |   731/731 batches | lr 0.6250 | loss  3.494 | ppl     32.90 frag_cnt/word_cnt=2.150=197171/91700
[2022-04-13 14:10:55.304] End E016 | valid loss  4.588; ppl     98.29 | accu 0.2462 = 28406/115380 | w_len 2.1181 = 244384/115380
[2022-04-13 14:11:10.327] End E016 |  test loss  9.571; ppl  14345.56 | accu 0.0629 = 7063/112220 | w_len 2.7297 = 306328/112220 ../data/sample_500k/adolescent_valid.txt
[2022-04-13 14:12:14.754] End E016 |  test loss  9.967; ppl  21304.44 | accu 0.0632 = 32032/506840 | w_len 3.0106 = 1525890/506840 ../data/sample_500k/adult_test.txt
[2022-04-13 14:12:14.755] Save: model.pt... 
[2022-04-13 14:12:15.200] Save: model.pt...Done. best_val_loss: 4.5880
[2022-04-13 14:12:15.200] Epoch 017/20 ==================================================
[2022-04-13 14:13:28.722] E017 |   200/731 batches | lr 0.6250 | loss  3.633 | ppl     37.81 frag_cnt/word_cnt=2.164=302933/140000
[2022-04-13 14:14:35.084] E017 |   400/731 batches | lr 0.6250 | loss  3.638 | ppl     38.03 frag_cnt/word_cnt=2.172=304046/140000
[2022-04-13 14:15:39.068] E017 |   600/731 batches | lr 0.6250 | loss  3.530 | ppl     34.14 frag_cnt/word_cnt=2.148=300690/140000
[2022-04-13 14:16:24.530] E017 |   731/731 batches | lr 0.6250 | loss  3.490 | ppl     32.78 frag_cnt/word_cnt=2.150=197171/91700
[2022-04-13 14:16:38.860] End E017 | valid loss  4.589; ppl     98.35 | accu 0.2460 = 28379/115380 | w_len 2.1181 = 244384/115380
[2022-04-13 14:16:55.248] End E017 |  test loss  9.578; ppl  14448.58 | accu 0.0628 = 7042/112220 | w_len 2.7297 = 306328/112220 ../data/sample_500k/adolescent_valid.txt
[2022-04-13 14:17:59.244] End E017 |  test loss 10.009; ppl  22235.94 | accu 0.0626 = 31743/506840 | w_len 3.0106 = 1525890/506840 ../data/sample_500k/adult_test.txt
[2022-04-13 14:17:59.244] Epoch 018/20 ==================================================
[2022-04-13 14:19:06.869] E018 |   200/731 batches | lr 0.3125 | loss  3.632 | ppl     37.78 frag_cnt/word_cnt=2.164=302933/140000
[2022-04-13 14:20:10.314] E018 |   400/731 batches | lr 0.3125 | loss  3.634 | ppl     37.86 frag_cnt/word_cnt=2.172=304046/140000
[2022-04-13 14:21:15.518] E018 |   600/731 batches | lr 0.3125 | loss  3.524 | ppl     33.93 frag_cnt/word_cnt=2.148=300690/140000
[2022-04-13 14:22:00.379] E018 |   731/731 batches | lr 0.3125 | loss  3.481 | ppl     32.48 frag_cnt/word_cnt=2.150=197171/91700
[2022-04-13 14:22:14.744] End E018 | valid loss  4.588; ppl     98.26 | accu 0.2466 = 28449/115380 | w_len 2.1181 = 244384/115380
[2022-04-13 14:22:28.856] End E018 |  test loss  9.551; ppl  14062.41 | accu 0.0636 = 7133/112220 | w_len 2.7297 = 306328/112220 ../data/sample_500k/adolescent_valid.txt
[2022-04-13 14:23:33.515] End E018 |  test loss  9.877; ppl  19469.64 | accu 0.0641 = 32474/506840 | w_len 3.0106 = 1525890/506840 ../data/sample_500k/adult_test.txt
[2022-04-13 14:23:33.515] Save: model.pt... 
[2022-04-13 14:23:33.950] Save: model.pt...Done. best_val_loss: 4.5876
[2022-04-13 14:23:33.951] Epoch 019/20 ==================================================
[2022-04-13 14:24:40.894] E019 |   200/731 batches | lr 0.3125 | loss  3.624 | ppl     37.48 frag_cnt/word_cnt=2.164=302933/140000
[2022-04-13 14:25:44.611] E019 |   400/731 batches | lr 0.3125 | loss  3.629 | ppl     37.66 frag_cnt/word_cnt=2.172=304046/140000
[2022-04-13 14:26:48.067] E019 |   600/731 batches | lr 0.3125 | loss  3.520 | ppl     33.80 frag_cnt/word_cnt=2.148=300690/140000
[2022-04-13 14:27:33.340] E019 |   731/731 batches | lr 0.3125 | loss  3.478 | ppl     32.38 frag_cnt/word_cnt=2.150=197171/91700
[2022-04-13 14:27:47.512] End E019 | valid loss  4.587; ppl     98.15 | accu 0.2466 = 28454/115380 | w_len 2.1181 = 244384/115380
[2022-04-13 14:28:01.612] End E019 |  test loss  9.579; ppl  14462.03 | accu 0.0632 = 7094/112220 | w_len 2.7297 = 306328/112220 ../data/sample_500k/adolescent_valid.txt
[2022-04-13 14:29:08.483] End E019 |  test loss  9.956; ppl  21084.46 | accu 0.0638 = 32344/506840 | w_len 3.0106 = 1525890/506840 ../data/sample_500k/adult_test.txt
[2022-04-13 14:29:08.484] Save: model.pt... 
[2022-04-13 14:29:08.913] Save: model.pt...Done. best_val_loss: 4.5865
[2022-04-13 14:29:08.913] Epoch 020/20 ==================================================
[2022-04-13 14:30:14.890] E020 |   200/731 batches | lr 0.3125 | loss  3.619 | ppl     37.29 frag_cnt/word_cnt=2.164=302933/140000
[2022-04-13 14:31:19.443] E020 |   400/731 batches | lr 0.3125 | loss  3.624 | ppl     37.49 frag_cnt/word_cnt=2.172=304046/140000
[2022-04-13 14:32:26.410] E020 |   600/731 batches | lr 0.3125 | loss  3.517 | ppl     33.69 frag_cnt/word_cnt=2.148=300690/140000
[2022-04-13 14:33:08.789] E020 |   731/731 batches | lr 0.3125 | loss  3.480 | ppl     32.46 frag_cnt/word_cnt=2.150=197171/91700
[2022-04-13 14:33:23.535] End E020 | valid loss  4.587; ppl     98.20 | accu 0.2467 = 28461/115380 | w_len 2.1181 = 244384/115380
[2022-04-13 14:33:38.423] End E020 |  test loss  9.585; ppl  14546.97 | accu 0.0629 = 7057/112220 | w_len 2.7297 = 306328/112220 ../data/sample_500k/adolescent_valid.txt
[2022-04-13 14:34:42.880] End E020 |  test loss  9.927; ppl  20485.01 | accu 0.0639 = 32364/506840 | w_len 3.0106 = 1525890/506840 ../data/sample_500k/adult_test.txt
[2022-04-13 14:34:57.983] End. test loss  9.58; ppl 14462.03 | accu 0.0632 = 7094/112220 | w_len 2.7297 = 306328/112220 ../data/sample_500k/adolescent_valid.txt
[2022-04-13 14:36:04.930] End. test loss  9.96; ppl 21084.46 | accu 0.0638 = 32344/506840 | w_len 3.0106 = 1525890/506840 ../data/sample_500k/adult_test.txt
[2022-04-13 14:36:04.930] =========================================================================================
[2022-04-13 14:36:04.931] valid_loss
[2022-04-13 14:36:04.931]  5.34, 5.06, 4.82, 4.85, 4.65, 4.64, 4.63, 4.62, 4.63, 4.60, 4.60, 4.59, 4.59, 4.59, 4.59, 4.59, 4.59, 4.59, 4.59, 4.59
[2022-04-13 14:36:04.931] valid_loss ppl
[2022-04-13 14:36:04.931]   207.99,  158.08,  123.41,  128.05,  104.88,  103.62,  102.57,  101.77,  102.82,   99.53,   99.80,   98.65,   98.85,   98.43,   98.58,   98.29,   98.35,   98.26,   98.15,   98.20
[2022-04-13 14:36:04.931] test_loss of ../data/sample_500k/adolescent_valid.txt
[2022-04-13 14:36:04.931]  8.93, 8.69, 8.71, 8.71, 8.99, 9.16, 9.07, 9.38, 9.40, 9.47, 9.49, 9.50, 9.59, 9.57, 9.60, 9.57, 9.58, 9.55, 9.58, 9.59
[2022-04-13 14:36:04.931] test_loss of ../data/sample_500k/adolescent_valid.txt ppl
[2022-04-13 14:36:04.931]  7534.73, 5968.06, 6046.13, 6073.33, 8004.26, 9494.35, 8689.10,11897.02,12077.62,12962.08,13196.31,13418.82,14633.26,14389.77,14746.56,14345.56,14448.58,14062.41,14462.03,14546.97
[2022-04-13 14:36:04.931] test_loss of ../data/sample_500k/adult_test.txt
[2022-04-13 14:36:04.931]  9.03, 8.89, 8.95, 9.02, 9.22, 9.40, 9.23, 9.76, 9.63, 9.87, 9.93, 9.97,10.06, 9.99,10.04, 9.97,10.01, 9.88, 9.96, 9.93
[2022-04-13 14:36:04.931] test_loss of ../data/sample_500k/adult_test.txt ppl
[2022-04-13 14:36:04.931]  8384.89, 7282.42, 7734.77, 8261.05,10058.27,12039.29,10236.03,17381.17,15175.55,19366.03,20526.07,21283.39,23444.75,21701.12,23036.31,21304.44,22235.94,19469.64,21084.46,20485.01
[2022-04-13 14:36:04.932] 
[2022-04-13 14:36:04.932] 
[2022-04-13 14:36:04.932] 
