[2022-04-14 00:37:08.751] corpus.train_file_list: 1
[2022-04-14 00:37:08.751]         ../data/sample_500k/cbt_train.txt
[2022-04-14 00:37:08.751] corpus.valid_file_list: 1
[2022-04-14 00:37:08.751]         ../data/sample_500k/cbt_valid.txt
[2022-04-14 00:37:08.751] corpus.test_file_list: 2
[2022-04-14 00:37:08.751]         ../data/sample_500k/adolescent_valid.txt
[2022-04-14 00:37:08.751]         ../data/sample_500k/adult_test.txt
[2022-04-14 00:37:08.751] corpus.subword_vocab_size: 0
[2022-04-14 00:37:08.751] corpus.subword_model = None. Corpus will not use subword.
[2022-04-14 00:37:08.751] corpus tokenize...
[2022-04-14 00:37:09.420]         train tokens: 511735  ../data/sample_500k/cbt_train.txt
[2022-04-14 00:37:09.560]         valid tokens: 115417  ../data/sample_500k/cbt_valid.txt
[2022-04-14 00:37:09.811]         test  tokens: 112256  ../data/sample_500k/adolescent_valid.txt
[2022-04-14 00:37:10.452]         test  tokens: 506878  ../data/sample_500k/adult_test.txt
[2022-04-14 00:37:10.453] corpus.ntokens      : 73236
[2022-04-14 00:37:10.453] corpus.char_count   : 157
[2022-04-14 00:37:10.453] corpus.char_cnt_dict: 157
[2022-04-14 00:37:10.453] corpus.char_id_dict : 157
[2022-04-14 00:37:10.458] corpus.batchify(1 files, batch_size=20)...
[2022-04-14 00:37:10.458]         tokens_all: 511735
[2022-04-14 00:37:10.459]         batched   :  25586
[2022-04-14 00:37:10.459]         ../data/sample_500k/cbt_train.txt
[2022-04-14 00:37:10.461] corpus.batchify(1 files, batch_size=20)...
[2022-04-14 00:37:10.461]         tokens_all: 115417
[2022-04-14 00:37:10.461]         batched   :   5770
[2022-04-14 00:37:10.461]         ../data/sample_500k/cbt_valid.txt
[2022-04-14 00:37:10.463] corpus.batchify(1 files, batch_size=20)...
[2022-04-14 00:37:10.463]         tokens_all: 112256
[2022-04-14 00:37:10.463]         batched   :   5612
[2022-04-14 00:37:10.463]         ../data/sample_500k/adolescent_valid.txt
[2022-04-14 00:37:10.470] corpus.batchify(1 files, batch_size=20)...
[2022-04-14 00:37:10.470]         tokens_all: 506878
[2022-04-14 00:37:10.470]         batched   :  25343
[2022-04-14 00:37:10.470]         ../data/sample_500k/adult_test.txt
[2022-04-14 00:37:10.471] subword_adapter will be generated due to word_split_mode='Subword.10000'
[2022-04-14 00:37:10.471] SubwordAdapter.file_list: 2
[2022-04-14 00:37:10.471]         ../data/sample_500k/cbt_train.txt
[2022-04-14 00:37:10.471]         ../data/sample_500k/cbt_valid.txt
[2022-04-14 00:37:10.471] SubwordAdapter.subword_vocab_size: 10000
[2022-04-14 00:37:10.472] SubwordAdapter.subword_model.train(2 files)...
[2022-04-14 00:37:11.343] SubwordAdapter.subword_model.train(2 files)...Done
[2022-04-14 00:37:11.854] RNNModel.rnn_type: LSTM
[2022-04-14 00:37:11.854] RNNModel.ntoken  : 73236
[2022-04-14 00:37:11.854] RNNModel.ninp    : 200
[2022-04-14 00:37:11.854] RNNModel.nhid    : 200
[2022-04-14 00:37:11.854] RNNModel.nlayers : 2
[2022-04-14 00:37:11.854] RNNModel.dropout : 0.2
[2022-04-14 00:37:11.854] RNNModel.tie_weights: False
[2022-04-14 00:37:11.854] RNNModel.fragment_aggregate_mode: LSTM
[2022-04-14 00:37:11.854] RNNModel.fragment_cnt           : 10002
[2022-04-14 00:37:11.854] RNNModel.fragment_emsize        : 25
[2022-04-14 00:37:11.854] RNNModel.fragment_nhid          : 200
[2022-04-14 00:37:11.859] RNNModel.fragment_embeds     : created
[2022-04-14 00:37:11.862] RNNModel.fragment_lstm       : created
[2022-04-14 00:37:11.862] RNNModel.fragment_lstm_linear: created
[2022-04-14 00:37:11.889] Epoch 001/20 ==================================================
[2022-04-14 00:38:13.176] E001 |   200/731 batches | lr 20.0000 | loss  7.396 | ppl   1629.25 frag_cnt/word_cnt=1.110=155389/140000
[2022-04-14 00:39:15.153] E001 |   400/731 batches | lr 20.0000 | loss  6.022 | ppl    412.51 frag_cnt/word_cnt=1.103=154356/140000
[2022-04-14 00:40:16.852] E001 |   600/731 batches | lr 20.0000 | loss  5.389 | ppl    218.91 frag_cnt/word_cnt=1.109=155309/140000
[2022-04-14 00:41:03.360] E001 |   731/731 batches | lr 20.0000 | loss  5.206 | ppl    182.37 frag_cnt/word_cnt=1.107=101506/91700
[2022-04-14 00:41:17.565] End E001 | valid loss  5.232; ppl    187.13 | accu 0.1827 = 21085/115380 | w_len 1.0818 = 124817/115380
[2022-04-14 00:41:31.683] End E001 |  test loss  9.059; ppl   8596.34 | accu 0.0474 = 5320/112220 | w_len 1.4955 = 167821/112220 ../data/sample_500k/adolescent_valid.txt
[2022-04-14 00:42:35.910] End E001 |  test loss  9.170; ppl   9601.09 | accu 0.0484 = 24546/506840 | w_len 1.5691 = 795287/506840 ../data/sample_500k/adult_test.txt
[2022-04-14 00:42:35.911] Save: model.pt... 
[2022-04-14 00:42:36.363] Save: model.pt...Done. best_val_loss: 5.2318
[2022-04-14 00:42:36.364] Epoch 002/20 ==================================================
[2022-04-14 00:43:37.743] E002 |   200/731 batches | lr 20.0000 | loss  5.070 | ppl    159.23 frag_cnt/word_cnt=1.110=155389/140000
[2022-04-14 00:44:47.754] E002 |   400/731 batches | lr 20.0000 | loss  4.972 | ppl    144.31 frag_cnt/word_cnt=1.103=154356/140000
[2022-04-14 00:45:51.179] E002 |   600/731 batches | lr 20.0000 | loss  4.777 | ppl    118.77 frag_cnt/word_cnt=1.109=155309/140000
[2022-04-14 00:46:31.796] E002 |   731/731 batches | lr 20.0000 | loss  4.723 | ppl    112.47 frag_cnt/word_cnt=1.107=101506/91700
[2022-04-14 00:46:48.377] End E002 | valid loss  5.089; ppl    162.22 | accu 0.1826 = 21070/115380 | w_len 1.0818 = 124817/115380
[2022-04-14 00:47:03.922] End E002 |  test loss  8.726; ppl   6161.86 | accu 0.0467 = 5242/112220 | w_len 1.4955 = 167821/112220 ../data/sample_500k/adolescent_valid.txt
[2022-04-14 00:48:09.247] End E002 |  test loss  8.855; ppl   7007.89 | accu 0.0470 = 23831/506840 | w_len 1.5691 = 795287/506840 ../data/sample_500k/adult_test.txt
[2022-04-14 00:48:09.248] Save: model.pt... 
[2022-04-14 00:48:09.716] Save: model.pt...Done. best_val_loss: 5.0890
[2022-04-14 00:48:09.716] Epoch 003/20 ==================================================
[2022-04-14 00:49:10.652] E003 |   200/731 batches | lr 20.0000 | loss  4.675 | ppl    107.24 frag_cnt/word_cnt=1.110=155389/140000
[2022-04-14 00:50:13.135] E003 |   400/731 batches | lr 20.0000 | loss  4.644 | ppl    103.97 frag_cnt/word_cnt=1.103=154356/140000
[2022-04-14 00:51:18.814] E003 |   600/731 batches | lr 20.0000 | loss  4.505 | ppl     90.50 frag_cnt/word_cnt=1.109=155309/140000
[2022-04-14 00:51:58.460] E003 |   731/731 batches | lr 20.0000 | loss  4.479 | ppl     88.17 frag_cnt/word_cnt=1.107=101506/91700
[2022-04-14 00:52:12.910] End E003 | valid loss  4.904; ppl    134.78 | accu 0.1936 = 22337/115380 | w_len 1.0818 = 124817/115380
[2022-04-14 00:52:26.920] End E003 |  test loss  8.793; ppl   6585.79 | accu 0.0487 = 5468/112220 | w_len 1.4955 = 167821/112220 ../data/sample_500k/adolescent_valid.txt
[2022-04-14 00:53:31.469] End E003 |  test loss  8.992; ppl   8036.85 | accu 0.0454 = 22992/506840 | w_len 1.5691 = 795287/506840 ../data/sample_500k/adult_test.txt
[2022-04-14 00:53:31.469] Save: model.pt... 
[2022-04-14 00:53:31.938] Save: model.pt...Done. best_val_loss: 4.9036
[2022-04-14 00:53:31.938] Epoch 004/20 ==================================================
[2022-04-14 00:54:35.076] E004 |   200/731 batches | lr 20.0000 | loss  4.453 | ppl     85.91 frag_cnt/word_cnt=1.110=155389/140000
[2022-04-14 00:55:38.621] E004 |   400/731 batches | lr 20.0000 | loss  4.443 | ppl     85.03 frag_cnt/word_cnt=1.103=154356/140000
[2022-04-14 00:56:42.777] E004 |   600/731 batches | lr 20.0000 | loss  4.332 | ppl     76.06 frag_cnt/word_cnt=1.109=155309/140000
[2022-04-14 00:57:23.780] E004 |   731/731 batches | lr 20.0000 | loss  4.302 | ppl     73.82 frag_cnt/word_cnt=1.107=101506/91700
[2022-04-14 00:57:38.102] End E004 | valid loss  4.782; ppl    119.33 | accu 0.2085 = 24057/115380 | w_len 1.0818 = 124817/115380
[2022-04-14 00:57:52.181] End E004 |  test loss  8.698; ppl   5992.74 | accu 0.0558 = 6261/112220 | w_len 1.4955 = 167821/112220 ../data/sample_500k/adolescent_valid.txt
[2022-04-14 00:58:56.394] End E004 |  test loss  8.998; ppl   8086.70 | accu 0.0551 = 27932/506840 | w_len 1.5691 = 795287/506840 ../data/sample_500k/adult_test.txt
[2022-04-14 00:58:56.394] Save: model.pt... 
[2022-04-14 00:58:56.847] Save: model.pt...Done. best_val_loss: 4.7819
[2022-04-14 00:58:56.848] Epoch 005/20 ==================================================
[2022-04-14 00:59:58.539] E005 |   200/731 batches | lr 20.0000 | loss  4.293 | ppl     73.15 frag_cnt/word_cnt=1.110=155389/140000
[2022-04-14 01:00:58.894] E005 |   400/731 batches | lr 20.0000 | loss  4.293 | ppl     73.21 frag_cnt/word_cnt=1.103=154356/140000
[2022-04-14 01:01:59.466] E005 |   600/731 batches | lr 20.0000 | loss  4.192 | ppl     66.14 frag_cnt/word_cnt=1.109=155309/140000
[2022-04-14 01:02:42.895] E005 |   731/731 batches | lr 20.0000 | loss  4.170 | ppl     64.69 frag_cnt/word_cnt=1.107=101506/91700
[2022-04-14 01:02:57.122] End E005 | valid loss  4.748; ppl    115.30 | accu 0.2125 = 24522/115380 | w_len 1.0818 = 124817/115380
[2022-04-14 01:03:11.276] End E005 |  test loss  8.831; ppl   6841.78 | accu 0.0525 = 5886/112220 | w_len 1.4955 = 167821/112220 ../data/sample_500k/adolescent_valid.txt
[2022-04-14 01:04:21.135] End E005 |  test loss  9.151; ppl   9423.45 | accu 0.0489 = 24789/506840 | w_len 1.5691 = 795287/506840 ../data/sample_500k/adult_test.txt
[2022-04-14 01:04:21.135] Save: model.pt... 
[2022-04-14 01:04:21.642] Save: model.pt...Done. best_val_loss: 4.7475
[2022-04-14 01:04:21.642] Epoch 006/20 ==================================================
[2022-04-14 01:05:23.505] E006 |   200/731 batches | lr 20.0000 | loss  4.166 | ppl     64.43 frag_cnt/word_cnt=1.110=155389/140000
[2022-04-14 01:06:27.209] E006 |   400/731 batches | lr 20.0000 | loss  4.175 | ppl     65.03 frag_cnt/word_cnt=1.103=154356/140000
[2022-04-14 01:07:28.943] E006 |   600/731 batches | lr 20.0000 | loss  4.085 | ppl     59.43 frag_cnt/word_cnt=1.109=155309/140000
[2022-04-14 01:08:07.698] E006 |   731/731 batches | lr 20.0000 | loss  4.060 | ppl     57.97 frag_cnt/word_cnt=1.107=101506/91700
[2022-04-14 01:08:22.982] End E006 | valid loss  4.735; ppl    113.92 | accu 0.2189 = 25254/115380 | w_len 1.0818 = 124817/115380
[2022-04-14 01:08:36.946] End E006 |  test loss  8.930; ppl   7554.89 | accu 0.0598 = 6713/112220 | w_len 1.4955 = 167821/112220 ../data/sample_500k/adolescent_valid.txt
[2022-04-14 01:09:41.595] End E006 |  test loss  9.250; ppl  10403.39 | accu 0.0546 = 27697/506840 | w_len 1.5691 = 795287/506840 ../data/sample_500k/adult_test.txt
[2022-04-14 01:09:41.595] Save: model.pt... 
[2022-04-14 01:09:42.151] Save: model.pt...Done. best_val_loss: 4.7355
[2022-04-14 01:09:42.151] Epoch 007/20 ==================================================
[2022-04-14 01:10:46.112] E007 |   200/731 batches | lr 20.0000 | loss  4.064 | ppl     58.23 frag_cnt/word_cnt=1.110=155389/140000
[2022-04-14 01:11:46.053] E007 |   400/731 batches | lr 20.0000 | loss  4.078 | ppl     59.04 frag_cnt/word_cnt=1.103=154356/140000
[2022-04-14 01:12:51.364] E007 |   600/731 batches | lr 20.0000 | loss  3.990 | ppl     54.08 frag_cnt/word_cnt=1.109=155309/140000
[2022-04-14 01:13:34.266] E007 |   731/731 batches | lr 20.0000 | loss  3.967 | ppl     52.84 frag_cnt/word_cnt=1.107=101506/91700
[2022-04-14 01:13:48.623] End E007 | valid loss  4.720; ppl    112.17 | accu 0.2180 = 25156/115380 | w_len 1.0818 = 124817/115380
[2022-04-14 01:14:02.810] End E007 |  test loss  9.277; ppl  10684.28 | accu 0.0451 = 5061/112220 | w_len 1.4955 = 167821/112220 ../data/sample_500k/adolescent_valid.txt
[2022-04-14 01:15:07.945] End E007 |  test loss  9.534; ppl  13815.30 | accu 0.0409 = 20718/506840 | w_len 1.5691 = 795287/506840 ../data/sample_500k/adult_test.txt
[2022-04-14 01:15:07.946] Save: model.pt... 
[2022-04-14 01:15:08.422] Save: model.pt...Done. best_val_loss: 4.7200
[2022-04-14 01:15:08.422] Epoch 008/20 ==================================================
[2022-04-14 01:16:13.139] E008 |   200/731 batches | lr 20.0000 | loss  3.978 | ppl     53.43 frag_cnt/word_cnt=1.110=155389/140000
[2022-04-14 01:17:15.347] E008 |   400/731 batches | lr 20.0000 | loss  3.995 | ppl     54.32 frag_cnt/word_cnt=1.103=154356/140000
[2022-04-14 01:18:23.486] E008 |   600/731 batches | lr 20.0000 | loss  3.914 | ppl     50.09 frag_cnt/word_cnt=1.109=155309/140000
[2022-04-14 01:19:04.690] E008 |   731/731 batches | lr 20.0000 | loss  3.889 | ppl     48.84 frag_cnt/word_cnt=1.107=101506/91700
[2022-04-14 01:19:18.901] End E008 | valid loss  4.698; ppl    109.71 | accu 0.2236 = 25800/115380 | w_len 1.0818 = 124817/115380
[2022-04-14 01:19:33.020] End E008 |  test loss  9.175; ppl   9657.26 | accu 0.0552 = 6192/112220 | w_len 1.4955 = 167821/112220 ../data/sample_500k/adolescent_valid.txt
[2022-04-14 01:20:41.177] End E008 |  test loss  9.461; ppl  12843.84 | accu 0.0511 = 25885/506840 | w_len 1.5691 = 795287/506840 ../data/sample_500k/adult_test.txt
[2022-04-14 01:20:41.178] Save: model.pt... 
[2022-04-14 01:20:41.669] Save: model.pt...Done. best_val_loss: 4.6978
[2022-04-14 01:20:41.669] Epoch 009/20 ==================================================
[2022-04-14 01:21:42.295] E009 |   200/731 batches | lr 20.0000 | loss  3.905 | ppl     49.65 frag_cnt/word_cnt=1.110=155389/140000
[2022-04-14 01:22:44.590] E009 |   400/731 batches | lr 20.0000 | loss  3.920 | ppl     50.40 frag_cnt/word_cnt=1.103=154356/140000
[2022-04-14 01:23:45.684] E009 |   600/731 batches | lr 20.0000 | loss  3.844 | ppl     46.72 frag_cnt/word_cnt=1.109=155309/140000
[2022-04-14 01:24:26.998] E009 |   731/731 batches | lr 20.0000 | loss  3.821 | ppl     45.64 frag_cnt/word_cnt=1.107=101506/91700
[2022-04-14 01:24:41.217] End E009 | valid loss  4.682; ppl    107.94 | accu 0.2285 = 26366/115380 | w_len 1.0818 = 124817/115380
[2022-04-14 01:24:56.579] End E009 |  test loss  9.301; ppl  10947.73 | accu 0.0540 = 6057/112220 | w_len 1.4955 = 167821/112220 ../data/sample_500k/adolescent_valid.txt
[2022-04-14 01:26:06.319] End E009 |  test loss  9.532; ppl  13788.49 | accu 0.0498 = 25218/506840 | w_len 1.5691 = 795287/506840 ../data/sample_500k/adult_test.txt
[2022-04-14 01:26:06.319] Save: model.pt... 
[2022-04-14 01:26:06.854] Save: model.pt...Done. best_val_loss: 4.6815
[2022-04-14 01:26:06.854] Epoch 010/20 ==================================================
[2022-04-14 01:27:09.785] E010 |   200/731 batches | lr 20.0000 | loss  3.839 | ppl     46.50 frag_cnt/word_cnt=1.110=155389/140000
[2022-04-14 01:28:11.713] E010 |   400/731 batches | lr 20.0000 | loss  3.855 | ppl     47.23 frag_cnt/word_cnt=1.103=154356/140000
[2022-04-14 01:29:13.095] E010 |   600/731 batches | lr 20.0000 | loss  3.780 | ppl     43.83 frag_cnt/word_cnt=1.109=155309/140000
[2022-04-14 01:29:54.450] E010 |   731/731 batches | lr 20.0000 | loss  3.764 | ppl     43.13 frag_cnt/word_cnt=1.107=101506/91700
[2022-04-14 01:30:08.426] End E010 | valid loss  4.697; ppl    109.62 | accu 0.2241 = 25862/115380 | w_len 1.0818 = 124817/115380
[2022-04-14 01:30:22.222] End E010 |  test loss  9.503; ppl  13396.63 | accu 0.0526 = 5905/112220 | w_len 1.4955 = 167821/112220 ../data/sample_500k/adolescent_valid.txt
[2022-04-14 01:31:30.305] End E010 |  test loss  9.720; ppl  16645.43 | accu 0.0514 = 26046/506840 | w_len 1.5691 = 795287/506840 ../data/sample_500k/adult_test.txt
[2022-04-14 01:31:30.305] Epoch 011/20 ==================================================
[2022-04-14 01:32:31.071] E011 |   200/731 batches | lr 10.0000 | loss  3.731 | ppl     41.72 frag_cnt/word_cnt=1.110=155389/140000
[2022-04-14 01:33:31.150] E011 |   400/731 batches | lr 10.0000 | loss  3.705 | ppl     40.66 frag_cnt/word_cnt=1.103=154356/140000
[2022-04-14 01:34:32.677] E011 |   600/731 batches | lr 10.0000 | loss  3.592 | ppl     36.29 frag_cnt/word_cnt=1.109=155309/140000
[2022-04-14 01:35:11.942] E011 |   731/731 batches | lr 10.0000 | loss  3.546 | ppl     34.66 frag_cnt/word_cnt=1.107=101506/91700
[2022-04-14 01:35:26.870] End E011 | valid loss  4.646; ppl    104.12 | accu 0.2399 = 27675/115380 | w_len 1.0818 = 124817/115380
[2022-04-14 01:35:41.496] End E011 |  test loss  9.759; ppl  17317.74 | accu 0.0566 = 6354/112220 | w_len 1.4955 = 167821/112220 ../data/sample_500k/adolescent_valid.txt
[2022-04-14 01:36:45.521] End E011 |  test loss 10.180; ppl  26367.44 | accu 0.0561 = 28430/506840 | w_len 1.5691 = 795287/506840 ../data/sample_500k/adult_test.txt
[2022-04-14 01:36:45.522] Save: model.pt... 
[2022-04-14 01:36:46.047] Save: model.pt...Done. best_val_loss: 4.6456
[2022-04-14 01:36:46.048] Epoch 012/20 ==================================================
[2022-04-14 01:37:51.232] E012 |   200/731 batches | lr 10.0000 | loss  3.629 | ppl     37.69 frag_cnt/word_cnt=1.110=155389/140000
[2022-04-14 01:38:51.482] E012 |   400/731 batches | lr 10.0000 | loss  3.636 | ppl     37.93 frag_cnt/word_cnt=1.103=154356/140000
[2022-04-14 01:39:55.460] E012 |   600/731 batches | lr 10.0000 | loss  3.540 | ppl     34.45 frag_cnt/word_cnt=1.109=155309/140000
[2022-04-14 01:40:38.195] E012 |   731/731 batches | lr 10.0000 | loss  3.511 | ppl     33.50 frag_cnt/word_cnt=1.107=101506/91700
[2022-04-14 01:40:52.330] End E012 | valid loss  4.660; ppl    105.61 | accu 0.2375 = 27399/115380 | w_len 1.0818 = 124817/115380
[2022-04-14 01:41:06.456] End E012 |  test loss  9.637; ppl  15326.73 | accu 0.0569 = 6385/112220 | w_len 1.4955 = 167821/112220 ../data/sample_500k/adolescent_valid.txt
[2022-04-14 01:42:18.719] End E012 |  test loss  9.911; ppl  20155.63 | accu 0.0551 = 27907/506840 | w_len 1.5691 = 795287/506840 ../data/sample_500k/adult_test.txt
[2022-04-14 01:42:18.719] Epoch 013/20 ==================================================
[2022-04-14 01:43:20.686] E013 |   200/731 batches | lr 5.0000 | loss  3.573 | ppl     35.63 frag_cnt/word_cnt=1.110=155389/140000
[2022-04-14 01:44:23.164] E013 |   400/731 batches | lr 5.0000 | loss  3.557 | ppl     35.07 frag_cnt/word_cnt=1.103=154356/140000
[2022-04-14 01:45:22.504] E013 |   600/731 batches | lr 5.0000 | loss  3.438 | ppl     31.14 frag_cnt/word_cnt=1.109=155309/140000
[2022-04-14 01:46:01.083] E013 |   731/731 batches | lr 5.0000 | loss  3.397 | ppl     29.86 frag_cnt/word_cnt=1.107=101506/91700
[2022-04-14 01:46:15.307] End E013 | valid loss  4.643; ppl    103.87 | accu 0.2431 = 28044/115380 | w_len 1.0818 = 124817/115380
[2022-04-14 01:46:29.216] End E013 |  test loss  9.888; ppl  19689.05 | accu 0.0572 = 6420/112220 | w_len 1.4955 = 167821/112220 ../data/sample_500k/adolescent_valid.txt
[2022-04-14 01:47:40.310] End E013 |  test loss 10.204; ppl  27024.01 | accu 0.0564 = 28568/506840 | w_len 1.5691 = 795287/506840 ../data/sample_500k/adult_test.txt
[2022-04-14 01:47:40.310] Save: model.pt... 
[2022-04-14 01:47:40.839] Save: model.pt...Done. best_val_loss: 4.6432
[2022-04-14 01:47:40.839] Epoch 014/20 ==================================================
[2022-04-14 01:48:44.429] E014 |   200/731 batches | lr 5.0000 | loss  3.515 | ppl     33.60 frag_cnt/word_cnt=1.110=155389/140000
[2022-04-14 01:49:47.618] E014 |   400/731 batches | lr 5.0000 | loss  3.517 | ppl     33.69 frag_cnt/word_cnt=1.103=154356/140000
[2022-04-14 01:50:48.628] E014 |   600/731 batches | lr 5.0000 | loss  3.411 | ppl     30.31 frag_cnt/word_cnt=1.109=155309/140000
[2022-04-14 01:51:27.558] E014 |   731/731 batches | lr 5.0000 | loss  3.376 | ppl     29.26 frag_cnt/word_cnt=1.107=101506/91700
[2022-04-14 01:51:41.959] End E014 | valid loss  4.649; ppl    104.49 | accu 0.2435 = 28095/115380 | w_len 1.0818 = 124817/115380
[2022-04-14 01:51:56.256] End E014 |  test loss  9.802; ppl  18069.27 | accu 0.0589 = 6607/112220 | w_len 1.4955 = 167821/112220 ../data/sample_500k/adolescent_valid.txt
[2022-04-14 01:53:01.547] End E014 |  test loss 10.205; ppl  27050.32 | accu 0.0566 = 28712/506840 | w_len 1.5691 = 795287/506840 ../data/sample_500k/adult_test.txt
[2022-04-14 01:53:01.547] Epoch 015/20 ==================================================
[2022-04-14 01:54:01.574] E015 |   200/731 batches | lr 2.5000 | loss  3.484 | ppl     32.57 frag_cnt/word_cnt=1.110=155389/140000
[2022-04-14 01:55:01.631] E015 |   400/731 batches | lr 2.5000 | loss  3.482 | ppl     32.52 frag_cnt/word_cnt=1.103=154356/140000
[2022-04-14 01:56:06.376] E015 |   600/731 batches | lr 2.5000 | loss  3.360 | ppl     28.80 frag_cnt/word_cnt=1.109=155309/140000
[2022-04-14 01:56:46.484] E015 |   731/731 batches | lr 2.5000 | loss  3.316 | ppl     27.54 frag_cnt/word_cnt=1.107=101506/91700
[2022-04-14 01:57:02.367] End E015 | valid loss  4.651; ppl    104.69 | accu 0.2455 = 28322/115380 | w_len 1.0818 = 124817/115380
[2022-04-14 01:57:16.260] End E015 |  test loss  9.891; ppl  19743.32 | accu 0.0606 = 6801/112220 | w_len 1.4955 = 167821/112220 ../data/sample_500k/adolescent_valid.txt
[2022-04-14 01:58:22.452] End E015 |  test loss 10.306; ppl  29905.14 | accu 0.0575 = 29136/506840 | w_len 1.5691 = 795287/506840 ../data/sample_500k/adult_test.txt
[2022-04-14 01:58:22.452] Epoch 016/20 ==================================================
[2022-04-14 01:59:25.323] E016 |   200/731 batches | lr 1.2500 | loss  3.465 | ppl     31.99 frag_cnt/word_cnt=1.110=155389/140000
[2022-04-14 02:00:30.459] E016 |   400/731 batches | lr 1.2500 | loss  3.456 | ppl     31.69 frag_cnt/word_cnt=1.103=154356/140000
[2022-04-14 02:01:32.197] E016 |   600/731 batches | lr 1.2500 | loss  3.336 | ppl     28.11 frag_cnt/word_cnt=1.109=155309/140000
[2022-04-14 02:02:10.382] E016 |   731/731 batches | lr 1.2500 | loss  3.287 | ppl     26.75 frag_cnt/word_cnt=1.107=101506/91700
[2022-04-14 02:02:24.528] End E016 | valid loss  4.653; ppl    104.92 | accu 0.2463 = 28415/115380 | w_len 1.0818 = 124817/115380
[2022-04-14 02:02:38.393] End E016 |  test loss  9.843; ppl  18832.72 | accu 0.0620 = 6963/112220 | w_len 1.4955 = 167821/112220 ../data/sample_500k/adolescent_valid.txt
[2022-04-14 02:03:40.525] End E016 |  test loss 10.294; ppl  29562.27 | accu 0.0590 = 29928/506840 | w_len 1.5691 = 795287/506840 ../data/sample_500k/adult_test.txt
[2022-04-14 02:03:40.525] Epoch 017/20 ==================================================
[2022-04-14 02:04:45.361] E017 |   200/731 batches | lr 0.6250 | loss  3.451 | ppl     31.52 frag_cnt/word_cnt=1.110=155389/140000
[2022-04-14 02:05:42.976] E017 |   400/731 batches | lr 0.6250 | loss  3.447 | ppl     31.42 frag_cnt/word_cnt=1.103=154356/140000
[2022-04-14 02:06:41.934] E017 |   600/731 batches | lr 0.6250 | loss  3.316 | ppl     27.56 frag_cnt/word_cnt=1.109=155309/140000
[2022-04-14 02:07:22.246] E017 |   731/731 batches | lr 0.6250 | loss  3.269 | ppl     26.27 frag_cnt/word_cnt=1.107=101506/91700
[2022-04-14 02:07:36.179] End E017 | valid loss  4.654; ppl    104.98 | accu 0.2475 = 28555/115380 | w_len 1.0818 = 124817/115380
[2022-04-14 02:07:50.014] End E017 |  test loss  9.872; ppl  19378.74 | accu 0.0620 = 6957/112220 | w_len 1.4955 = 167821/112220 ../data/sample_500k/adolescent_valid.txt
[2022-04-14 02:08:53.235] End E017 |  test loss 10.333; ppl  30727.26 | accu 0.0595 = 30158/506840 | w_len 1.5691 = 795287/506840 ../data/sample_500k/adult_test.txt
[2022-04-14 02:08:53.236] Epoch 018/20 ==================================================
[2022-04-14 02:09:51.371] E018 |   200/731 batches | lr 0.3125 | loss  3.443 | ppl     31.28 frag_cnt/word_cnt=1.110=155389/140000
[2022-04-14 02:10:55.252] E018 |   400/731 batches | lr 0.3125 | loss  3.431 | ppl     30.91 frag_cnt/word_cnt=1.103=154356/140000
[2022-04-14 02:11:54.315] E018 |   600/731 batches | lr 0.3125 | loss  3.312 | ppl     27.44 frag_cnt/word_cnt=1.109=155309/140000
[2022-04-14 02:12:33.426] E018 |   731/731 batches | lr 0.3125 | loss  3.262 | ppl     26.09 frag_cnt/word_cnt=1.107=101506/91700
[2022-04-14 02:12:47.344] End E018 | valid loss  4.648; ppl    104.40 | accu 0.2476 = 28573/115380 | w_len 1.0818 = 124817/115380
[2022-04-14 02:13:01.086] End E018 |  test loss  9.859; ppl  19132.01 | accu 0.0623 = 6990/112220 | w_len 1.4955 = 167821/112220 ../data/sample_500k/adolescent_valid.txt
[2022-04-14 02:14:03.737] End E018 |  test loss 10.314; ppl  30150.79 | accu 0.0595 = 30167/506840 | w_len 1.5691 = 795287/506840 ../data/sample_500k/adult_test.txt
[2022-04-14 02:14:03.737] Epoch 019/20 ==================================================
[2022-04-14 02:15:04.356] E019 |   200/731 batches | lr 0.1562 | loss  3.438 | ppl     31.13 frag_cnt/word_cnt=1.110=155389/140000
[2022-04-14 02:16:02.452] E019 |   400/731 batches | lr 0.1562 | loss  3.442 | ppl     31.24 frag_cnt/word_cnt=1.103=154356/140000
[2022-04-14 02:17:09.516] E019 |   600/731 batches | lr 0.1562 | loss  3.309 | ppl     27.35 frag_cnt/word_cnt=1.109=155309/140000
[2022-04-14 02:17:48.108] E019 |   731/731 batches | lr 0.1562 | loss  3.258 | ppl     26.01 frag_cnt/word_cnt=1.107=101506/91700
[2022-04-14 02:18:02.104] End E019 | valid loss  4.645; ppl    104.10 | accu 0.2476 = 28568/115380 | w_len 1.0818 = 124817/115380
[2022-04-14 02:18:15.949] End E019 |  test loss  9.832; ppl  18625.05 | accu 0.0625 = 7009/112220 | w_len 1.4955 = 167821/112220 ../data/sample_500k/adolescent_valid.txt
[2022-04-14 02:19:19.176] End E019 |  test loss 10.309; ppl  30002.81 | accu 0.0598 = 30314/506840 | w_len 1.5691 = 795287/506840 ../data/sample_500k/adult_test.txt
[2022-04-14 02:19:19.177] Epoch 020/20 ==================================================
[2022-04-14 02:20:18.961] E020 |   200/731 batches | lr 0.0781 | loss  3.437 | ppl     31.10 frag_cnt/word_cnt=1.110=155389/140000
[2022-04-14 02:21:16.871] E020 |   400/731 batches | lr 0.0781 | loss  3.437 | ppl     31.10 frag_cnt/word_cnt=1.103=154356/140000
[2022-04-14 02:22:17.493] E020 |   600/731 batches | lr 0.0781 | loss  3.306 | ppl     27.27 frag_cnt/word_cnt=1.109=155309/140000
[2022-04-14 02:22:55.850] E020 |   731/731 batches | lr 0.0781 | loss  3.255 | ppl     25.92 frag_cnt/word_cnt=1.107=101506/91700
[2022-04-14 02:23:09.980] End E020 | valid loss  4.643; ppl    103.82 | accu 0.2474 = 28540/115380 | w_len 1.0818 = 124817/115380
[2022-04-14 02:23:23.929] End E020 |  test loss  9.825; ppl  18488.11 | accu 0.0624 = 6997/112220 | w_len 1.4955 = 167821/112220 ../data/sample_500k/adolescent_valid.txt
[2022-04-14 02:24:27.058] End E020 |  test loss 10.308; ppl  29984.85 | accu 0.0595 = 30155/506840 | w_len 1.5691 = 795287/506840 ../data/sample_500k/adult_test.txt
[2022-04-14 02:24:27.058] Save: model.pt... 
[2022-04-14 02:24:27.564] Save: model.pt...Done. best_val_loss: 4.6427
[2022-04-14 02:24:41.654] End. test loss  9.82; ppl 18488.11 | accu 0.0624 = 6997/112220 | w_len 1.4955 = 167821/112220 ../data/sample_500k/adolescent_valid.txt
[2022-04-14 02:25:44.403] End. test loss 10.31; ppl 29984.85 | accu 0.0595 = 30155/506840 | w_len 1.5691 = 795287/506840 ../data/sample_500k/adult_test.txt
[2022-04-14 02:25:44.404] =========================================================================================
[2022-04-14 02:25:44.404] valid_loss
[2022-04-14 02:25:44.404]  5.23, 5.09, 4.90, 4.78, 4.75, 4.74, 4.72, 4.70, 4.68, 4.70, 4.65, 4.66, 4.64, 4.65, 4.65, 4.65, 4.65, 4.65, 4.65, 4.64
[2022-04-14 02:25:44.404] valid_loss ppl
[2022-04-14 02:25:44.404]   187.13,  162.22,  134.78,  119.33,  115.30,  113.92,  112.17,  109.71,  107.94,  109.62,  104.12,  105.61,  103.87,  104.49,  104.69,  104.92,  104.98,  104.40,  104.10,  103.82
[2022-04-14 02:25:44.404] test_loss of ../data/sample_500k/adolescent_valid.txt
[2022-04-14 02:25:44.404]  9.06, 8.73, 8.79, 8.70, 8.83, 8.93, 9.28, 9.18, 9.30, 9.50, 9.76, 9.64, 9.89, 9.80, 9.89, 9.84, 9.87, 9.86, 9.83, 9.82
[2022-04-14 02:25:44.404] test_loss of ../data/sample_500k/adolescent_valid.txt ppl
[2022-04-14 02:25:44.404]  8596.34, 6161.86, 6585.79, 5992.74, 6841.78, 7554.89,10684.28, 9657.26,10947.73,13396.63,17317.74,15326.73,19689.05,18069.27,19743.32,18832.72,19378.74,19132.01,18625.05,18488.11
[2022-04-14 02:25:44.404] test_loss of ../data/sample_500k/adult_test.txt
[2022-04-14 02:25:44.404]  9.17, 8.85, 8.99, 9.00, 9.15, 9.25, 9.53, 9.46, 9.53, 9.72,10.18, 9.91,10.20,10.21,10.31,10.29,10.33,10.31,10.31,10.31
[2022-04-14 02:25:44.404] test_loss of ../data/sample_500k/adult_test.txt ppl
[2022-04-14 02:25:44.404]  9601.09, 7007.89, 8036.85, 8086.70, 9423.45,10403.39,13815.30,12843.84,13788.49,16645.43,26367.44,20155.63,27024.01,27050.32,29905.14,29562.27,30727.26,30150.79,30002.81,29984.85
[2022-04-14 02:25:44.404] 
[2022-04-14 02:25:44.405] 
[2022-04-14 02:25:44.405] 
