[2022-04-13 22:16:30.503] corpus.train_file_list: 1
[2022-04-13 22:16:30.503]         ../data/sample_500k/cbt_train.txt
[2022-04-13 22:16:30.503] corpus.valid_file_list: 1
[2022-04-13 22:16:30.503]         ../data/sample_500k/cbt_valid.txt
[2022-04-13 22:16:30.503] corpus.test_file_list: 2
[2022-04-13 22:16:30.503]         ../data/sample_500k/adolescent_valid.txt
[2022-04-13 22:16:30.503]         ../data/sample_500k/adult_test.txt
[2022-04-13 22:16:30.503] corpus.subword_vocab_size: 0
[2022-04-13 22:16:30.503] corpus.subword_model = None. Corpus will not use subword.
[2022-04-13 22:16:30.503] corpus tokenize...
[2022-04-13 22:16:31.158]         train tokens: 511735  ../data/sample_500k/cbt_train.txt
[2022-04-13 22:16:31.298]         valid tokens: 115417  ../data/sample_500k/cbt_valid.txt
[2022-04-13 22:16:31.524]         test  tokens: 112256  ../data/sample_500k/adolescent_valid.txt
[2022-04-13 22:16:32.146]         test  tokens: 506878  ../data/sample_500k/adult_test.txt
[2022-04-13 22:16:32.146] corpus.ntokens      : 73236
[2022-04-13 22:16:32.146] corpus.char_count   : 157
[2022-04-13 22:16:32.146] corpus.char_cnt_dict: 157
[2022-04-13 22:16:32.146] corpus.char_id_dict : 157
[2022-04-13 22:16:32.152] corpus.batchify(1 files, batch_size=20)...
[2022-04-13 22:16:32.152]         tokens_all: 511735
[2022-04-13 22:16:32.152]         batched   :  25586
[2022-04-13 22:16:32.152]         ../data/sample_500k/cbt_train.txt
[2022-04-13 22:16:32.154] corpus.batchify(1 files, batch_size=20)...
[2022-04-13 22:16:32.154]         tokens_all: 115417
[2022-04-13 22:16:32.154]         batched   :   5770
[2022-04-13 22:16:32.154]         ../data/sample_500k/cbt_valid.txt
[2022-04-13 22:16:32.155] corpus.batchify(1 files, batch_size=20)...
[2022-04-13 22:16:32.156]         tokens_all: 112256
[2022-04-13 22:16:32.156]         batched   :   5612
[2022-04-13 22:16:32.156]         ../data/sample_500k/adolescent_valid.txt
[2022-04-13 22:16:32.159] corpus.batchify(1 files, batch_size=20)...
[2022-04-13 22:16:32.160]         tokens_all: 506878
[2022-04-13 22:16:32.160]         batched   :  25343
[2022-04-13 22:16:32.160]         ../data/sample_500k/adult_test.txt
[2022-04-13 22:16:32.160] subword_adapter will be generated due to word_split_mode='Subword.5000'
[2022-04-13 22:16:32.161] SubwordAdapter.file_list: 2
[2022-04-13 22:16:32.161]         ../data/sample_500k/cbt_train.txt
[2022-04-13 22:16:32.161]         ../data/sample_500k/cbt_valid.txt
[2022-04-13 22:16:32.161] SubwordAdapter.subword_vocab_size: 5000
[2022-04-13 22:16:32.161] SubwordAdapter.subword_model.train(2 files)...
[2022-04-13 22:16:32.794] SubwordAdapter.subword_model.train(2 files)...Done
[2022-04-13 22:16:33.309] RNNModel.rnn_type: LSTM
[2022-04-13 22:16:33.309] RNNModel.ntoken  : 73236
[2022-04-13 22:16:33.309] RNNModel.ninp    : 200
[2022-04-13 22:16:33.309] RNNModel.nhid    : 200
[2022-04-13 22:16:33.309] RNNModel.nlayers : 2
[2022-04-13 22:16:33.309] RNNModel.dropout : 0.2
[2022-04-13 22:16:33.309] RNNModel.tie_weights: False
[2022-04-13 22:16:33.309] RNNModel.fragment_aggregate_mode: LSTM
[2022-04-13 22:16:33.309] RNNModel.fragment_cnt           : 5002
[2022-04-13 22:16:33.309] RNNModel.fragment_emsize        : 25
[2022-04-13 22:16:33.309] RNNModel.fragment_nhid          : 200
[2022-04-13 22:16:33.312] RNNModel.fragment_embeds     : created
[2022-04-13 22:16:33.315] RNNModel.fragment_lstm       : created
[2022-04-13 22:16:33.315] RNNModel.fragment_lstm_linear: created
[2022-04-13 22:16:33.342] Epoch 001/20 ==================================================
[2022-04-13 22:17:36.235] E001 |   200/731 batches | lr 20.0000 | loss  7.363 | ppl   1577.14 frag_cnt/word_cnt=1.168=163464/140000
[2022-04-13 22:18:38.449] E001 |   400/731 batches | lr 20.0000 | loss  5.992 | ppl    400.33 frag_cnt/word_cnt=1.163=162814/140000
[2022-04-13 22:19:41.599] E001 |   600/731 batches | lr 20.0000 | loss  5.376 | ppl    216.24 frag_cnt/word_cnt=1.167=163419/140000
[2022-04-13 22:20:22.163] E001 |   731/731 batches | lr 20.0000 | loss  5.203 | ppl    181.88 frag_cnt/word_cnt=1.169=107233/91700
[2022-04-13 22:20:36.624] End E001 | valid loss  5.409; ppl    223.42 | accu 0.1623 = 18727/115380 | w_len 1.1401 = 131545/115380
[2022-04-13 22:20:51.845] End E001 |  test loss  8.896; ppl   7300.93 | accu 0.0459 = 5146/112220 | w_len 1.5840 = 177756/112220 ../data/sample_500k/adolescent_valid.txt
[2022-04-13 22:21:58.648] End E001 |  test loss  8.808; ppl   6688.59 | accu 0.0468 = 23708/506840 | w_len 1.7260 = 874807/506840 ../data/sample_500k/adult_test.txt
[2022-04-13 22:21:58.648] Save: model.pt... 
[2022-04-13 22:21:59.111] Save: model.pt...Done. best_val_loss: 5.4091
[2022-04-13 22:21:59.112] Epoch 002/20 ==================================================
[2022-04-13 22:23:04.249] E002 |   200/731 batches | lr 20.0000 | loss  5.061 | ppl    157.76 frag_cnt/word_cnt=1.168=163464/140000
[2022-04-13 22:24:05.304] E002 |   400/731 batches | lr 20.0000 | loss  4.962 | ppl    142.84 frag_cnt/word_cnt=1.163=162814/140000
[2022-04-13 22:25:10.033] E002 |   600/731 batches | lr 20.0000 | loss  4.769 | ppl    117.80 frag_cnt/word_cnt=1.167=163419/140000
[2022-04-13 22:25:50.916] E002 |   731/731 batches | lr 20.0000 | loss  4.719 | ppl    112.05 frag_cnt/word_cnt=1.169=107233/91700
[2022-04-13 22:26:05.278] End E002 | valid loss  5.064; ppl    158.19 | accu 0.1724 = 19891/115380 | w_len 1.1401 = 131545/115380
[2022-04-13 22:26:19.407] End E002 |  test loss  8.794; ppl   6596.85 | accu 0.0320 = 3589/112220 | w_len 1.5840 = 177756/112220 ../data/sample_500k/adolescent_valid.txt
[2022-04-13 22:27:25.467] End E002 |  test loss  8.898; ppl   7315.17 | accu 0.0323 = 16390/506840 | w_len 1.7260 = 874807/506840 ../data/sample_500k/adult_test.txt
[2022-04-13 22:27:25.467] Save: model.pt... 
[2022-04-13 22:27:25.928] Save: model.pt...Done. best_val_loss: 5.0638
[2022-04-13 22:27:25.928] Epoch 003/20 ==================================================
[2022-04-13 22:28:28.936] E003 |   200/731 batches | lr 20.0000 | loss  4.666 | ppl    106.27 frag_cnt/word_cnt=1.168=163464/140000
[2022-04-13 22:29:34.735] E003 |   400/731 batches | lr 20.0000 | loss  4.634 | ppl    102.90 frag_cnt/word_cnt=1.163=162814/140000
[2022-04-13 22:30:39.538] E003 |   600/731 batches | lr 20.0000 | loss  4.496 | ppl     89.63 frag_cnt/word_cnt=1.167=163419/140000
[2022-04-13 22:31:23.025] E003 |   731/731 batches | lr 20.0000 | loss  4.467 | ppl     87.13 frag_cnt/word_cnt=1.169=107233/91700
[2022-04-13 22:31:37.303] End E003 | valid loss  4.895; ppl    133.58 | accu 0.1943 = 22414/115380 | w_len 1.1401 = 131545/115380
[2022-04-13 22:31:51.556] End E003 |  test loss  8.736; ppl   6223.43 | accu 0.0475 = 5330/112220 | w_len 1.5840 = 177756/112220 ../data/sample_500k/adolescent_valid.txt
[2022-04-13 22:32:56.053] End E003 |  test loss  8.913; ppl   7426.16 | accu 0.0474 = 24008/506840 | w_len 1.7260 = 874807/506840 ../data/sample_500k/adult_test.txt
[2022-04-13 22:32:56.053] Save: model.pt... 
[2022-04-13 22:32:56.584] Save: model.pt...Done. best_val_loss: 4.8947
[2022-04-13 22:32:56.584] Epoch 004/20 ==================================================
[2022-04-13 22:34:00.980] E004 |   200/731 batches | lr 20.0000 | loss  4.446 | ppl     85.25 frag_cnt/word_cnt=1.168=163464/140000
[2022-04-13 22:35:03.308] E004 |   400/731 batches | lr 20.0000 | loss  4.437 | ppl     84.48 frag_cnt/word_cnt=1.163=162814/140000
[2022-04-13 22:36:06.002] E004 |   600/731 batches | lr 20.0000 | loss  4.323 | ppl     75.41 frag_cnt/word_cnt=1.167=163419/140000
[2022-04-13 22:36:45.808] E004 |   731/731 batches | lr 20.0000 | loss  4.300 | ppl     73.70 frag_cnt/word_cnt=1.169=107233/91700
[2022-04-13 22:37:00.224] End E004 | valid loss  4.799; ppl    121.38 | accu 0.2060 = 23767/115380 | w_len 1.1401 = 131545/115380
[2022-04-13 22:37:14.321] End E004 |  test loss  8.804; ppl   6661.50 | accu 0.0537 = 6031/112220 | w_len 1.5840 = 177756/112220 ../data/sample_500k/adolescent_valid.txt
[2022-04-13 22:38:21.273] End E004 |  test loss  9.032; ppl   8366.75 | accu 0.0548 = 27753/506840 | w_len 1.7260 = 874807/506840 ../data/sample_500k/adult_test.txt
[2022-04-13 22:38:21.273] Save: model.pt... 
[2022-04-13 22:38:21.745] Save: model.pt...Done. best_val_loss: 4.7989
[2022-04-13 22:38:21.745] Epoch 005/20 ==================================================
[2022-04-13 22:39:24.934] E005 |   200/731 batches | lr 20.0000 | loss  4.293 | ppl     73.17 frag_cnt/word_cnt=1.168=163464/140000
[2022-04-13 22:40:29.725] E005 |   400/731 batches | lr 20.0000 | loss  4.294 | ppl     73.23 frag_cnt/word_cnt=1.163=162814/140000
[2022-04-13 22:41:33.215] E005 |   600/731 batches | lr 20.0000 | loss  4.187 | ppl     65.84 frag_cnt/word_cnt=1.167=163419/140000
[2022-04-13 22:42:14.488] E005 |   731/731 batches | lr 20.0000 | loss  4.169 | ppl     64.63 frag_cnt/word_cnt=1.169=107233/91700
[2022-04-13 22:42:28.837] End E005 | valid loss  4.767; ppl    117.53 | accu 0.2087 = 24080/115380 | w_len 1.1401 = 131545/115380
[2022-04-13 22:42:43.014] End E005 |  test loss  8.931; ppl   7564.44 | accu 0.0515 = 5776/112220 | w_len 1.5840 = 177756/112220 ../data/sample_500k/adolescent_valid.txt
[2022-04-13 22:43:50.925] End E005 |  test loss  9.279; ppl  10710.65 | accu 0.0496 = 25160/506840 | w_len 1.7260 = 874807/506840 ../data/sample_500k/adult_test.txt
[2022-04-13 22:43:50.925] Save: model.pt... 
[2022-04-13 22:43:51.404] Save: model.pt...Done. best_val_loss: 4.7667
[2022-04-13 22:43:51.405] Epoch 006/20 ==================================================
[2022-04-13 22:44:56.020] E006 |   200/731 batches | lr 20.0000 | loss  4.167 | ppl     64.55 frag_cnt/word_cnt=1.168=163464/140000
[2022-04-13 22:45:57.560] E006 |   400/731 batches | lr 20.0000 | loss  4.175 | ppl     65.04 frag_cnt/word_cnt=1.163=162814/140000
[2022-04-13 22:47:01.055] E006 |   600/731 batches | lr 20.0000 | loss  4.076 | ppl     58.93 frag_cnt/word_cnt=1.167=163419/140000
[2022-04-13 22:47:40.968] E006 |   731/731 batches | lr 20.0000 | loss  4.063 | ppl     58.17 frag_cnt/word_cnt=1.169=107233/91700
[2022-04-13 22:47:55.217] End E006 | valid loss  4.727; ppl    113.00 | accu 0.2132 = 24600/115380 | w_len 1.1401 = 131545/115380
[2022-04-13 22:48:09.174] End E006 |  test loss  9.044; ppl   8467.88 | accu 0.0489 = 5488/112220 | w_len 1.5840 = 177756/112220 ../data/sample_500k/adolescent_valid.txt
[2022-04-13 22:49:13.541] End E006 |  test loss  9.287; ppl  10795.55 | accu 0.0482 = 24432/506840 | w_len 1.7260 = 874807/506840 ../data/sample_500k/adult_test.txt
[2022-04-13 22:49:13.541] Save: model.pt... 
[2022-04-13 22:49:14.061] Save: model.pt...Done. best_val_loss: 4.7274
[2022-04-13 22:49:14.062] Epoch 007/20 ==================================================
[2022-04-13 22:50:16.810] E007 |   200/731 batches | lr 20.0000 | loss  4.063 | ppl     58.16 frag_cnt/word_cnt=1.168=163464/140000
[2022-04-13 22:51:22.796] E007 |   400/731 batches | lr 20.0000 | loss  4.076 | ppl     58.92 frag_cnt/word_cnt=1.163=162814/140000
[2022-04-13 22:52:26.351] E007 |   600/731 batches | lr 20.0000 | loss  3.988 | ppl     53.93 frag_cnt/word_cnt=1.167=163419/140000
[2022-04-13 22:53:05.943] E007 |   731/731 batches | lr 20.0000 | loss  3.973 | ppl     53.13 frag_cnt/word_cnt=1.169=107233/91700
[2022-04-13 22:53:21.171] End E007 | valid loss  4.712; ppl    111.29 | accu 0.2177 = 25117/115380 | w_len 1.1401 = 131545/115380
[2022-04-13 22:53:35.164] End E007 |  test loss  9.059; ppl   8596.08 | accu 0.0496 = 5562/112220 | w_len 1.5840 = 177756/112220 ../data/sample_500k/adolescent_valid.txt
[2022-04-13 22:54:48.545] End E007 |  test loss  9.463; ppl  12870.31 | accu 0.0481 = 24369/506840 | w_len 1.7260 = 874807/506840 ../data/sample_500k/adult_test.txt
[2022-04-13 22:54:48.545] Save: model.pt... 
[2022-04-13 22:54:49.036] Save: model.pt...Done. best_val_loss: 4.7121
[2022-04-13 22:54:49.036] Epoch 008/20 ==================================================
[2022-04-13 22:55:51.137] E008 |   200/731 batches | lr 20.0000 | loss  3.971 | ppl     53.04 frag_cnt/word_cnt=1.168=163464/140000
[2022-04-13 22:56:52.245] E008 |   400/731 batches | lr 20.0000 | loss  3.994 | ppl     54.29 frag_cnt/word_cnt=1.163=162814/140000
[2022-04-13 22:57:54.055] E008 |   600/731 batches | lr 20.0000 | loss  3.906 | ppl     49.72 frag_cnt/word_cnt=1.167=163419/140000
[2022-04-13 22:58:34.407] E008 |   731/731 batches | lr 20.0000 | loss  3.894 | ppl     49.12 frag_cnt/word_cnt=1.169=107233/91700
[2022-04-13 22:58:50.466] End E008 | valid loss  4.713; ppl    111.40 | accu 0.2172 = 25059/115380 | w_len 1.1401 = 131545/115380
[2022-04-13 22:59:05.427] End E008 |  test loss  9.084; ppl   8815.42 | accu 0.0513 = 5754/112220 | w_len 1.5840 = 177756/112220 ../data/sample_500k/adolescent_valid.txt
[2022-04-13 23:00:09.043] End E008 |  test loss  9.482; ppl  13122.12 | accu 0.0497 = 25204/506840 | w_len 1.7260 = 874807/506840 ../data/sample_500k/adult_test.txt
[2022-04-13 23:00:09.043] Epoch 009/20 ==================================================
[2022-04-13 23:01:09.080] E009 |   200/731 batches | lr 10.0000 | loss  3.842 | ppl     46.62 frag_cnt/word_cnt=1.168=163464/140000
[2022-04-13 23:02:11.382] E009 |   400/731 batches | lr 10.0000 | loss  3.821 | ppl     45.66 frag_cnt/word_cnt=1.163=162814/140000
[2022-04-13 23:03:10.097] E009 |   600/731 batches | lr 10.0000 | loss  3.706 | ppl     40.68 frag_cnt/word_cnt=1.167=163419/140000
[2022-04-13 23:03:53.834] E009 |   731/731 batches | lr 10.0000 | loss  3.663 | ppl     38.98 frag_cnt/word_cnt=1.169=107233/91700
[2022-04-13 23:04:08.311] End E009 | valid loss  4.639; ppl    103.48 | accu 0.2376 = 27420/115380 | w_len 1.1401 = 131545/115380
[2022-04-13 23:04:22.382] End E009 |  test loss  9.233; ppl  10232.16 | accu 0.0583 = 6539/112220 | w_len 1.5840 = 177756/112220 ../data/sample_500k/adolescent_valid.txt
[2022-04-13 23:05:26.570] End E009 |  test loss  9.656; ppl  15615.55 | accu 0.0582 = 29523/506840 | w_len 1.7260 = 874807/506840 ../data/sample_500k/adult_test.txt
[2022-04-13 23:05:26.571] Save: model.pt... 
[2022-04-13 23:05:27.037] Save: model.pt...Done. best_val_loss: 4.6394
[2022-04-13 23:05:27.037] Epoch 010/20 ==================================================
[2022-04-13 23:06:28.190] E010 |   200/731 batches | lr 10.0000 | loss  3.738 | ppl     42.03 frag_cnt/word_cnt=1.168=163464/140000
[2022-04-13 23:07:28.311] E010 |   400/731 batches | lr 10.0000 | loss  3.748 | ppl     42.44 frag_cnt/word_cnt=1.163=162814/140000
[2022-04-13 23:08:27.769] E010 |   600/731 batches | lr 10.0000 | loss  3.643 | ppl     38.22 frag_cnt/word_cnt=1.167=163419/140000
[2022-04-13 23:09:07.959] E010 |   731/731 batches | lr 10.0000 | loss  3.621 | ppl     37.38 frag_cnt/word_cnt=1.169=107233/91700
[2022-04-13 23:09:22.118] End E010 | valid loss  4.649; ppl    104.46 | accu 0.2388 = 27557/115380 | w_len 1.1401 = 131545/115380
[2022-04-13 23:09:36.234] End E010 |  test loss  9.320; ppl  11159.88 | accu 0.0581 = 6522/112220 | w_len 1.5840 = 177756/112220 ../data/sample_500k/adolescent_valid.txt
[2022-04-13 23:10:41.271] End E010 |  test loss  9.643; ppl  15411.66 | accu 0.0594 = 30102/506840 | w_len 1.7260 = 874807/506840 ../data/sample_500k/adult_test.txt
[2022-04-13 23:10:41.271] Epoch 011/20 ==================================================
[2022-04-13 23:11:44.667] E011 |   200/731 batches | lr 5.0000 | loss  3.667 | ppl     39.12 frag_cnt/word_cnt=1.168=163464/140000
[2022-04-13 23:12:43.756] E011 |   400/731 batches | lr 5.0000 | loss  3.660 | ppl     38.86 frag_cnt/word_cnt=1.163=162814/140000
[2022-04-13 23:13:45.712] E011 |   600/731 batches | lr 5.0000 | loss  3.539 | ppl     34.43 frag_cnt/word_cnt=1.167=163419/140000
[2022-04-13 23:14:25.928] E011 |   731/731 batches | lr 5.0000 | loss  3.496 | ppl     32.97 frag_cnt/word_cnt=1.169=107233/91700
[2022-04-13 23:14:40.512] End E011 | valid loss  4.635; ppl    103.06 | accu 0.2420 = 27921/115380 | w_len 1.1401 = 131545/115380
[2022-04-13 23:14:54.538] End E011 |  test loss  9.502; ppl  13387.73 | accu 0.0584 = 6556/112220 | w_len 1.5840 = 177756/112220 ../data/sample_500k/adolescent_valid.txt
[2022-04-13 23:16:02.645] End E011 |  test loss  9.786; ppl  17776.70 | accu 0.0593 = 30058/506840 | w_len 1.7260 = 874807/506840 ../data/sample_500k/adult_test.txt
[2022-04-13 23:16:02.645] Save: model.pt... 
[2022-04-13 23:16:03.111] Save: model.pt...Done. best_val_loss: 4.6353
[2022-04-13 23:16:03.111] Epoch 012/20 ==================================================
[2022-04-13 23:17:03.967] E012 |   200/731 batches | lr 5.0000 | loss  3.610 | ppl     36.95 frag_cnt/word_cnt=1.168=163464/140000
[2022-04-13 23:18:05.820] E012 |   400/731 batches | lr 5.0000 | loss  3.614 | ppl     37.11 frag_cnt/word_cnt=1.163=162814/140000
[2022-04-13 23:19:05.719] E012 |   600/731 batches | lr 5.0000 | loss  3.511 | ppl     33.48 frag_cnt/word_cnt=1.167=163419/140000
[2022-04-13 23:19:47.138] E012 |   731/731 batches | lr 5.0000 | loss  3.472 | ppl     32.20 frag_cnt/word_cnt=1.169=107233/91700
[2022-04-13 23:20:01.769] End E012 | valid loss  4.632; ppl    102.72 | accu 0.2412 = 27833/115380 | w_len 1.1401 = 131545/115380
[2022-04-13 23:20:16.009] End E012 |  test loss  9.493; ppl  13267.84 | accu 0.0592 = 6647/112220 | w_len 1.5840 = 177756/112220 ../data/sample_500k/adolescent_valid.txt
[2022-04-13 23:21:21.117] End E012 |  test loss  9.819; ppl  18384.66 | accu 0.0604 = 30608/506840 | w_len 1.7260 = 874807/506840 ../data/sample_500k/adult_test.txt
[2022-04-13 23:21:21.117] Save: model.pt... 
[2022-04-13 23:21:21.588] Save: model.pt...Done. best_val_loss: 4.6321
[2022-04-13 23:21:21.588] Epoch 013/20 ==================================================
[2022-04-13 23:22:25.042] E013 |   200/731 batches | lr 5.0000 | loss  3.572 | ppl     35.58 frag_cnt/word_cnt=1.168=163464/140000
[2022-04-13 23:23:28.513] E013 |   400/731 batches | lr 5.0000 | loss  3.581 | ppl     35.90 frag_cnt/word_cnt=1.163=162814/140000
[2022-04-13 23:24:29.127] E013 |   600/731 batches | lr 5.0000 | loss  3.480 | ppl     32.45 frag_cnt/word_cnt=1.167=163419/140000
[2022-04-13 23:25:08.932] E013 |   731/731 batches | lr 5.0000 | loss  3.451 | ppl     31.52 frag_cnt/word_cnt=1.169=107233/91700
[2022-04-13 23:25:23.137] End E013 | valid loss  4.637; ppl    103.19 | accu 0.2416 = 27874/115380 | w_len 1.1401 = 131545/115380
[2022-04-13 23:25:37.190] End E013 |  test loss  9.530; ppl  13766.70 | accu 0.0615 = 6905/112220 | w_len 1.5840 = 177756/112220 ../data/sample_500k/adolescent_valid.txt
[2022-04-13 23:26:42.826] End E013 |  test loss  9.900; ppl  19923.64 | accu 0.0624 = 31611/506840 | w_len 1.7260 = 874807/506840 ../data/sample_500k/adult_test.txt
[2022-04-13 23:26:42.826] Epoch 014/20 ==================================================
[2022-04-13 23:27:42.512] E014 |   200/731 batches | lr 2.5000 | loss  3.540 | ppl     34.47 frag_cnt/word_cnt=1.168=163464/140000
[2022-04-13 23:28:49.094] E014 |   400/731 batches | lr 2.5000 | loss  3.542 | ppl     34.55 frag_cnt/word_cnt=1.163=162814/140000
[2022-04-13 23:29:53.119] E014 |   600/731 batches | lr 2.5000 | loss  3.425 | ppl     30.71 frag_cnt/word_cnt=1.167=163419/140000
[2022-04-13 23:30:35.715] E014 |   731/731 batches | lr 2.5000 | loss  3.386 | ppl     29.54 frag_cnt/word_cnt=1.169=107233/91700
[2022-04-13 23:30:51.170] End E014 | valid loss  4.638; ppl    103.39 | accu 0.2431 = 28045/115380 | w_len 1.1401 = 131545/115380
[2022-04-13 23:31:05.165] End E014 |  test loss  9.548; ppl  14020.36 | accu 0.0623 = 6989/112220 | w_len 1.5840 = 177756/112220 ../data/sample_500k/adolescent_valid.txt
[2022-04-13 23:32:13.950] End E014 |  test loss  9.903; ppl  19998.75 | accu 0.0638 = 32320/506840 | w_len 1.7260 = 874807/506840 ../data/sample_500k/adult_test.txt
[2022-04-13 23:32:13.950] Epoch 015/20 ==================================================
[2022-04-13 23:33:20.278] E015 |   200/731 batches | lr 1.2500 | loss  3.516 | ppl     33.66 frag_cnt/word_cnt=1.168=163464/140000
[2022-04-13 23:34:22.722] E015 |   400/731 batches | lr 1.2500 | loss  3.514 | ppl     33.59 frag_cnt/word_cnt=1.163=162814/140000
[2022-04-13 23:35:30.311] E015 |   600/731 batches | lr 1.2500 | loss  3.399 | ppl     29.94 frag_cnt/word_cnt=1.167=163419/140000
[2022-04-13 23:36:12.614] E015 |   731/731 batches | lr 1.2500 | loss  3.352 | ppl     28.55 frag_cnt/word_cnt=1.169=107233/91700
[2022-04-13 23:36:26.698] End E015 | valid loss  4.637; ppl    103.21 | accu 0.2438 = 28131/115380 | w_len 1.1401 = 131545/115380
[2022-04-13 23:36:40.446] End E015 |  test loss  9.577; ppl  14425.97 | accu 0.0642 = 7210/112220 | w_len 1.5840 = 177756/112220 ../data/sample_500k/adolescent_valid.txt
[2022-04-13 23:37:46.862] End E015 |  test loss  9.967; ppl  21307.40 | accu 0.0641 = 32479/506840 | w_len 1.7260 = 874807/506840 ../data/sample_500k/adult_test.txt
[2022-04-13 23:37:46.863] Epoch 016/20 ==================================================
[2022-04-13 23:38:46.251] E016 |   200/731 batches | lr 0.6250 | loss  3.504 | ppl     33.24 frag_cnt/word_cnt=1.168=163464/140000
[2022-04-13 23:39:48.903] E016 |   400/731 batches | lr 0.6250 | loss  3.503 | ppl     33.20 frag_cnt/word_cnt=1.163=162814/140000
[2022-04-13 23:40:54.665] E016 |   600/731 batches | lr 0.6250 | loss  3.383 | ppl     29.47 frag_cnt/word_cnt=1.167=163419/140000
[2022-04-13 23:41:34.539] E016 |   731/731 batches | lr 0.6250 | loss  3.329 | ppl     27.92 frag_cnt/word_cnt=1.169=107233/91700
[2022-04-13 23:41:48.597] End E016 | valid loss  4.635; ppl    103.00 | accu 0.2443 = 28191/115380 | w_len 1.1401 = 131545/115380
[2022-04-13 23:42:02.579] End E016 |  test loss  9.608; ppl  14879.68 | accu 0.0643 = 7218/112220 | w_len 1.5840 = 177756/112220 ../data/sample_500k/adolescent_valid.txt
[2022-04-13 23:43:06.723] End E016 |  test loss 10.007; ppl  22189.98 | accu 0.0645 = 32716/506840 | w_len 1.7260 = 874807/506840 ../data/sample_500k/adult_test.txt
[2022-04-13 23:43:06.723] Epoch 017/20 ==================================================
[2022-04-13 23:44:09.534] E017 |   200/731 batches | lr 0.3125 | loss  3.497 | ppl     33.02 frag_cnt/word_cnt=1.168=163464/140000
[2022-04-13 23:45:12.606] E017 |   400/731 batches | lr 0.3125 | loss  3.501 | ppl     33.14 frag_cnt/word_cnt=1.163=162814/140000
[2022-04-13 23:46:13.837] E017 |   600/731 batches | lr 0.3125 | loss  3.374 | ppl     29.19 frag_cnt/word_cnt=1.167=163419/140000
[2022-04-13 23:46:56.896] E017 |   731/731 batches | lr 0.3125 | loss  3.326 | ppl     27.83 frag_cnt/word_cnt=1.169=107233/91700
[2022-04-13 23:47:13.810] End E017 | valid loss  4.632; ppl    102.74 | accu 0.2445 = 28214/115380 | w_len 1.1401 = 131545/115380
[2022-04-13 23:47:27.823] End E017 |  test loss  9.605; ppl  14832.65 | accu 0.0644 = 7224/112220 | w_len 1.5840 = 177756/112220 ../data/sample_500k/adolescent_valid.txt
[2022-04-13 23:48:30.993] End E017 |  test loss  9.995; ppl  21911.28 | accu 0.0648 = 32856/506840 | w_len 1.7260 = 874807/506840 ../data/sample_500k/adult_test.txt
[2022-04-13 23:48:30.994] Epoch 018/20 ==================================================
[2022-04-13 23:49:32.891] E018 |   200/731 batches | lr 0.1562 | loss  3.491 | ppl     32.82 frag_cnt/word_cnt=1.168=163464/140000
[2022-04-13 23:50:33.200] E018 |   400/731 batches | lr 0.1562 | loss  3.492 | ppl     32.85 frag_cnt/word_cnt=1.163=162814/140000
[2022-04-13 23:51:31.735] E018 |   600/731 batches | lr 0.1562 | loss  3.369 | ppl     29.04 frag_cnt/word_cnt=1.167=163419/140000
[2022-04-13 23:52:10.630] E018 |   731/731 batches | lr 0.1562 | loss  3.321 | ppl     27.70 frag_cnt/word_cnt=1.169=107233/91700
[2022-04-13 23:52:24.628] End E018 | valid loss  4.630; ppl    102.55 | accu 0.2442 = 28173/115380 | w_len 1.1401 = 131545/115380
[2022-04-13 23:52:38.448] End E018 |  test loss  9.605; ppl  14833.78 | accu 0.0646 = 7255/112220 | w_len 1.5840 = 177756/112220 ../data/sample_500k/adolescent_valid.txt
[2022-04-13 23:53:48.569] End E018 |  test loss  9.995; ppl  21907.21 | accu 0.0650 = 32939/506840 | w_len 1.7260 = 874807/506840 ../data/sample_500k/adult_test.txt
[2022-04-13 23:53:48.569] Save: model.pt... 
[2022-04-13 23:53:49.073] Save: model.pt...Done. best_val_loss: 4.6304
[2022-04-13 23:53:49.073] Epoch 019/20 ==================================================
[2022-04-13 23:54:47.968] E019 |   200/731 batches | lr 0.1562 | loss  3.489 | ppl     32.74 frag_cnt/word_cnt=1.168=163464/140000
[2022-04-13 23:55:51.113] E019 |   400/731 batches | lr 0.1562 | loss  3.487 | ppl     32.67 frag_cnt/word_cnt=1.163=162814/140000
[2022-04-13 23:56:53.821] E019 |   600/731 batches | lr 0.1562 | loss  3.365 | ppl     28.94 frag_cnt/word_cnt=1.167=163419/140000
[2022-04-13 23:57:32.314] E019 |   731/731 batches | lr 0.1562 | loss  3.322 | ppl     27.72 frag_cnt/word_cnt=1.169=107233/91700
[2022-04-13 23:57:46.430] End E019 | valid loss  4.630; ppl    102.50 | accu 0.2441 = 28163/115380 | w_len 1.1401 = 131545/115380
[2022-04-13 23:58:01.315] End E019 |  test loss  9.615; ppl  14993.82 | accu 0.0642 = 7208/112220 | w_len 1.5840 = 177756/112220 ../data/sample_500k/adolescent_valid.txt
[2022-04-13 23:59:04.830] End E019 |  test loss 10.003; ppl  22097.75 | accu 0.0646 = 32766/506840 | w_len 1.7260 = 874807/506840 ../data/sample_500k/adult_test.txt
[2022-04-13 23:59:04.830] Save: model.pt... 
[2022-04-13 23:59:05.334] Save: model.pt...Done. best_val_loss: 4.6299
[2022-04-13 23:59:05.334] Epoch 020/20 ==================================================
[2022-04-14 00:00:08.895] E020 |   200/731 batches | lr 0.1562 | loss  3.486 | ppl     32.66 frag_cnt/word_cnt=1.168=163464/140000
[2022-04-14 00:01:12.754] E020 |   400/731 batches | lr 0.1562 | loss  3.486 | ppl     32.67 frag_cnt/word_cnt=1.163=162814/140000
[2022-04-14 00:02:17.761] E020 |   600/731 batches | lr 0.1562 | loss  3.365 | ppl     28.92 frag_cnt/word_cnt=1.167=163419/140000
[2022-04-14 00:02:56.909] E020 |   731/731 batches | lr 0.1562 | loss  3.322 | ppl     27.72 frag_cnt/word_cnt=1.169=107233/91700
[2022-04-14 00:03:11.181] End E020 | valid loss  4.630; ppl    102.51 | accu 0.2443 = 28182/115380 | w_len 1.1401 = 131545/115380
[2022-04-14 00:03:26.352] End E020 |  test loss  9.614; ppl  14980.38 | accu 0.0645 = 7239/112220 | w_len 1.5840 = 177756/112220 ../data/sample_500k/adolescent_valid.txt
[2022-04-14 00:04:41.954] End E020 |  test loss 10.005; ppl  22147.04 | accu 0.0647 = 32792/506840 | w_len 1.7260 = 874807/506840 ../data/sample_500k/adult_test.txt
[2022-04-14 00:04:55.902] End. test loss  9.62; ppl 14993.82 | accu 0.0642 = 7208/112220 | w_len 1.5840 = 177756/112220 ../data/sample_500k/adolescent_valid.txt
[2022-04-14 00:05:59.452] End. test loss 10.00; ppl 22097.75 | accu 0.0646 = 32766/506840 | w_len 1.7260 = 874807/506840 ../data/sample_500k/adult_test.txt
[2022-04-14 00:05:59.452] =========================================================================================
[2022-04-14 00:05:59.452] valid_loss
[2022-04-14 00:05:59.452]  5.41, 5.06, 4.89, 4.80, 4.77, 4.73, 4.71, 4.71, 4.64, 4.65, 4.64, 4.63, 4.64, 4.64, 4.64, 4.63, 4.63, 4.63, 4.63, 4.63
[2022-04-14 00:05:59.452] valid_loss ppl
[2022-04-14 00:05:59.452]   223.42,  158.19,  133.58,  121.38,  117.53,  113.00,  111.29,  111.40,  103.48,  104.46,  103.06,  102.72,  103.19,  103.39,  103.21,  103.00,  102.74,  102.55,  102.50,  102.51
[2022-04-14 00:05:59.452] test_loss of ../data/sample_500k/adolescent_valid.txt
[2022-04-14 00:05:59.452]  8.90, 8.79, 8.74, 8.80, 8.93, 9.04, 9.06, 9.08, 9.23, 9.32, 9.50, 9.49, 9.53, 9.55, 9.58, 9.61, 9.60, 9.60, 9.62, 9.61
[2022-04-14 00:05:59.452] test_loss of ../data/sample_500k/adolescent_valid.txt ppl
[2022-04-14 00:05:59.452]  7300.93, 6596.85, 6223.43, 6661.50, 7564.44, 8467.88, 8596.08, 8815.42,10232.16,11159.88,13387.73,13267.84,13766.70,14020.36,14425.97,14879.68,14832.65,14833.78,14993.82,14980.38
[2022-04-14 00:05:59.452] test_loss of ../data/sample_500k/adult_test.txt
[2022-04-14 00:05:59.452]  8.81, 8.90, 8.91, 9.03, 9.28, 9.29, 9.46, 9.48, 9.66, 9.64, 9.79, 9.82, 9.90, 9.90, 9.97,10.01, 9.99, 9.99,10.00,10.01
[2022-04-14 00:05:59.453] test_loss of ../data/sample_500k/adult_test.txt ppl
[2022-04-14 00:05:59.453]  6688.59, 7315.17, 7426.16, 8366.75,10710.65,10795.55,12870.31,13122.12,15615.55,15411.66,17776.70,18384.66,19923.64,19998.75,21307.40,22189.98,21911.28,21907.21,22097.75,22147.04
[2022-04-14 00:05:59.453] 
[2022-04-14 00:05:59.453] 
[2022-04-14 00:05:59.453] 
