[2022-04-14 00:05:59.462] corpus.train_file_list: 1
[2022-04-14 00:05:59.462]         ../data/sample_500k/cbt_train.txt
[2022-04-14 00:05:59.463] corpus.valid_file_list: 1
[2022-04-14 00:05:59.463]         ../data/sample_500k/cbt_valid.txt
[2022-04-14 00:05:59.463] corpus.test_file_list: 2
[2022-04-14 00:05:59.463]         ../data/sample_500k/adolescent_valid.txt
[2022-04-14 00:05:59.463]         ../data/sample_500k/adult_test.txt
[2022-04-14 00:05:59.463] corpus.subword_vocab_size: 0
[2022-04-14 00:05:59.463] corpus.subword_model = None. Corpus will not use subword.
[2022-04-14 00:05:59.463] corpus tokenize...
[2022-04-14 00:06:00.118]         train tokens: 511735  ../data/sample_500k/cbt_train.txt
[2022-04-14 00:06:00.255]         valid tokens: 115417  ../data/sample_500k/cbt_valid.txt
[2022-04-14 00:06:00.486]         test  tokens: 112256  ../data/sample_500k/adolescent_valid.txt
[2022-04-14 00:06:01.108]         test  tokens: 506878  ../data/sample_500k/adult_test.txt
[2022-04-14 00:06:01.109] corpus.ntokens      : 73236
[2022-04-14 00:06:01.109] corpus.char_count   : 157
[2022-04-14 00:06:01.109] corpus.char_cnt_dict: 157
[2022-04-14 00:06:01.109] corpus.char_id_dict : 157
[2022-04-14 00:06:01.116] corpus.batchify(1 files, batch_size=20)...
[2022-04-14 00:06:01.116]         tokens_all: 511735
[2022-04-14 00:06:01.116]         batched   :  25586
[2022-04-14 00:06:01.116]         ../data/sample_500k/cbt_train.txt
[2022-04-14 00:06:01.118] corpus.batchify(1 files, batch_size=20)...
[2022-04-14 00:06:01.118]         tokens_all: 115417
[2022-04-14 00:06:01.118]         batched   :   5770
[2022-04-14 00:06:01.118]         ../data/sample_500k/cbt_valid.txt
[2022-04-14 00:06:01.119] corpus.batchify(1 files, batch_size=20)...
[2022-04-14 00:06:01.120]         tokens_all: 112256
[2022-04-14 00:06:01.120]         batched   :   5612
[2022-04-14 00:06:01.120]         ../data/sample_500k/adolescent_valid.txt
[2022-04-14 00:06:01.123] corpus.batchify(1 files, batch_size=20)...
[2022-04-14 00:06:01.123]         tokens_all: 506878
[2022-04-14 00:06:01.123]         batched   :  25343
[2022-04-14 00:06:01.124]         ../data/sample_500k/adult_test.txt
[2022-04-14 00:06:01.124] subword_adapter will be generated due to word_split_mode='Subword.10000'
[2022-04-14 00:06:01.124] SubwordAdapter.file_list: 2
[2022-04-14 00:06:01.124]         ../data/sample_500k/cbt_train.txt
[2022-04-14 00:06:01.125]         ../data/sample_500k/cbt_valid.txt
[2022-04-14 00:06:01.125] SubwordAdapter.subword_vocab_size: 10000
[2022-04-14 00:06:01.125] SubwordAdapter.subword_model.train(2 files)...
[2022-04-14 00:06:01.950] SubwordAdapter.subword_model.train(2 files)...Done
[2022-04-14 00:06:02.462] RNNModel.rnn_type: LSTM
[2022-04-14 00:06:02.463] RNNModel.ntoken  : 73236
[2022-04-14 00:06:02.463] RNNModel.ninp    : 200
[2022-04-14 00:06:02.463] RNNModel.nhid    : 200
[2022-04-14 00:06:02.463] RNNModel.nlayers : 2
[2022-04-14 00:06:02.463] RNNModel.dropout : 0.2
[2022-04-14 00:06:02.463] RNNModel.tie_weights: False
[2022-04-14 00:06:02.463] RNNModel.fragment_aggregate_mode: CNN
[2022-04-14 00:06:02.463] RNNModel.fragment_cnt           : 10002
[2022-04-14 00:06:02.463] RNNModel.fragment_emsize        : 25
[2022-04-14 00:06:02.463] RNNModel.fragment_nhid          : 200
[2022-04-14 00:06:02.468] RNNModel.fragment_embeds     : created
[2022-04-14 00:06:02.468] RNNModel.fragment_cnn3       : created
[2022-04-14 00:06:02.496] Epoch 001/20 ==================================================
[2022-04-14 00:06:17.573] E001 |   200/731 batches | lr 20.0000 | loss  7.401 | ppl   1638.20 frag_cnt/word_cnt=1.110=155389/140000
[2022-04-14 00:06:32.965] E001 |   400/731 batches | lr 20.0000 | loss  5.997 | ppl    402.22 frag_cnt/word_cnt=1.103=154356/140000
[2022-04-14 00:06:48.019] E001 |   600/731 batches | lr 20.0000 | loss  5.370 | ppl    214.85 frag_cnt/word_cnt=1.109=155309/140000
[2022-04-14 00:06:57.811] E001 |   731/731 batches | lr 20.0000 | loss  5.185 | ppl    178.64 frag_cnt/word_cnt=1.107=101506/91700
[2022-04-14 00:07:03.065] End E001 | valid loss  5.341; ppl    208.66 | accu 0.1635 = 18868/115380 | w_len 1.0818 = 124817/115380
[2022-04-14 00:07:08.299] End E001 |  test loss  8.771; ppl   6443.09 | accu 0.0460 = 5157/112220 | w_len 1.4955 = 167821/112220 ../data/sample_500k/adolescent_valid.txt
[2022-04-14 00:07:32.059] End E001 |  test loss  8.907; ppl   7382.87 | accu 0.0466 = 23628/506840 | w_len 1.5691 = 795287/506840 ../data/sample_500k/adult_test.txt
[2022-04-14 00:07:32.059] Save: model.pt... 
[2022-04-14 00:07:32.564] Save: model.pt...Done. best_val_loss: 5.3407
[2022-04-14 00:07:32.564] Epoch 002/20 ==================================================
[2022-04-14 00:07:47.668] E002 |   200/731 batches | lr 20.0000 | loss  5.047 | ppl    155.51 frag_cnt/word_cnt=1.110=155389/140000
[2022-04-14 00:08:03.010] E002 |   400/731 batches | lr 20.0000 | loss  4.955 | ppl    141.82 frag_cnt/word_cnt=1.103=154356/140000
[2022-04-14 00:08:18.532] E002 |   600/731 batches | lr 20.0000 | loss  4.750 | ppl    115.60 frag_cnt/word_cnt=1.109=155309/140000
[2022-04-14 00:08:28.389] E002 |   731/731 batches | lr 20.0000 | loss  4.704 | ppl    110.35 frag_cnt/word_cnt=1.107=101506/91700
[2022-04-14 00:08:33.733] End E002 | valid loss  5.062; ppl    157.95 | accu 0.1813 = 20920/115380 | w_len 1.0818 = 124817/115380
[2022-04-14 00:08:39.146] End E002 |  test loss  8.667; ppl   5808.98 | accu 0.0384 = 4305/112220 | w_len 1.4955 = 167821/112220 ../data/sample_500k/adolescent_valid.txt
[2022-04-14 00:09:03.162] End E002 |  test loss  8.902; ppl   7348.66 | accu 0.0363 = 18383/506840 | w_len 1.5691 = 795287/506840 ../data/sample_500k/adult_test.txt
[2022-04-14 00:09:03.162] Save: model.pt... 
[2022-04-14 00:09:03.647] Save: model.pt...Done. best_val_loss: 5.0623
[2022-04-14 00:09:03.648] Epoch 003/20 ==================================================
[2022-04-14 00:09:18.741] E003 |   200/731 batches | lr 20.0000 | loss  4.649 | ppl    104.51 frag_cnt/word_cnt=1.110=155389/140000
[2022-04-14 00:09:33.758] E003 |   400/731 batches | lr 20.0000 | loss  4.627 | ppl    102.17 frag_cnt/word_cnt=1.103=154356/140000
[2022-04-14 00:09:48.847] E003 |   600/731 batches | lr 20.0000 | loss  4.491 | ppl     89.20 frag_cnt/word_cnt=1.109=155309/140000
[2022-04-14 00:09:58.775] E003 |   731/731 batches | lr 20.0000 | loss  4.460 | ppl     86.48 frag_cnt/word_cnt=1.107=101506/91700
[2022-04-14 00:10:04.080] End E003 | valid loss  4.885; ppl    132.24 | accu 0.1952 = 22521/115380 | w_len 1.0818 = 124817/115380
[2022-04-14 00:10:09.306] End E003 |  test loss  8.640; ppl   5652.82 | accu 0.0531 = 5955/112220 | w_len 1.4955 = 167821/112220 ../data/sample_500k/adolescent_valid.txt
[2022-04-14 00:10:33.002] End E003 |  test loss  8.940; ppl   7628.52 | accu 0.0485 = 24579/506840 | w_len 1.5691 = 795287/506840 ../data/sample_500k/adult_test.txt
[2022-04-14 00:10:33.002] Save: model.pt... 
[2022-04-14 00:10:33.462] Save: model.pt...Done. best_val_loss: 4.8846
[2022-04-14 00:10:33.463] Epoch 004/20 ==================================================
[2022-04-14 00:10:48.253] E004 |   200/731 batches | lr 20.0000 | loss  4.443 | ppl     85.05 frag_cnt/word_cnt=1.110=155389/140000
[2022-04-14 00:11:03.251] E004 |   400/731 batches | lr 20.0000 | loss  4.441 | ppl     84.85 frag_cnt/word_cnt=1.103=154356/140000
[2022-04-14 00:11:18.150] E004 |   600/731 batches | lr 20.0000 | loss  4.329 | ppl     75.88 frag_cnt/word_cnt=1.109=155309/140000
[2022-04-14 00:11:28.002] E004 |   731/731 batches | lr 20.0000 | loss  4.308 | ppl     74.26 frag_cnt/word_cnt=1.107=101506/91700
[2022-04-14 00:11:33.219] End E004 | valid loss  4.809; ppl    122.62 | accu 0.2044 = 23584/115380 | w_len 1.0818 = 124817/115380
[2022-04-14 00:11:38.409] End E004 |  test loss  8.672; ppl   5837.47 | accu 0.0549 = 6159/112220 | w_len 1.4955 = 167821/112220 ../data/sample_500k/adolescent_valid.txt
[2022-04-14 00:12:02.253] End E004 |  test loss  9.051; ppl   8525.24 | accu 0.0485 = 24586/506840 | w_len 1.5691 = 795287/506840 ../data/sample_500k/adult_test.txt
[2022-04-14 00:12:02.253] Save: model.pt... 
[2022-04-14 00:12:02.703] Save: model.pt...Done. best_val_loss: 4.8091
[2022-04-14 00:12:02.703] Epoch 005/20 ==================================================
[2022-04-14 00:12:17.832] E005 |   200/731 batches | lr 20.0000 | loss  4.295 | ppl     73.32 frag_cnt/word_cnt=1.110=155389/140000
[2022-04-14 00:12:33.059] E005 |   400/731 batches | lr 20.0000 | loss  4.302 | ppl     73.84 frag_cnt/word_cnt=1.103=154356/140000
[2022-04-14 00:12:48.619] E005 |   600/731 batches | lr 20.0000 | loss  4.205 | ppl     67.01 frag_cnt/word_cnt=1.109=155309/140000
[2022-04-14 00:12:58.542] E005 |   731/731 batches | lr 20.0000 | loss  4.188 | ppl     65.91 frag_cnt/word_cnt=1.107=101506/91700
[2022-04-14 00:13:03.794] End E005 | valid loss  4.788; ppl    120.05 | accu 0.2070 = 23889/115380 | w_len 1.0818 = 124817/115380
[2022-04-14 00:13:09.005] End E005 |  test loss  8.518; ppl   5003.18 | accu 0.0610 = 6847/112220 | w_len 1.4955 = 167821/112220 ../data/sample_500k/adolescent_valid.txt
[2022-04-14 00:13:32.806] End E005 |  test loss  8.936; ppl   7601.50 | accu 0.0544 = 27570/506840 | w_len 1.5691 = 795287/506840 ../data/sample_500k/adult_test.txt
[2022-04-14 00:13:32.806] Save: model.pt... 
[2022-04-14 00:13:33.262] Save: model.pt...Done. best_val_loss: 4.7879
[2022-04-14 00:13:33.262] Epoch 006/20 ==================================================
[2022-04-14 00:13:48.555] E006 |   200/731 batches | lr 20.0000 | loss  4.182 | ppl     65.52 frag_cnt/word_cnt=1.110=155389/140000
[2022-04-14 00:14:04.771] E006 |   400/731 batches | lr 20.0000 | loss  4.195 | ppl     66.37 frag_cnt/word_cnt=1.103=154356/140000
[2022-04-14 00:14:19.924] E006 |   600/731 batches | lr 20.0000 | loss  4.101 | ppl     60.39 frag_cnt/word_cnt=1.109=155309/140000
[2022-04-14 00:14:30.146] E006 |   731/731 batches | lr 20.0000 | loss  4.085 | ppl     59.46 frag_cnt/word_cnt=1.107=101506/91700
[2022-04-14 00:14:36.577] End E006 | valid loss  4.778; ppl    118.87 | accu 0.2094 = 24157/115380 | w_len 1.0818 = 124817/115380
[2022-04-14 00:14:42.905] End E006 |  test loss  8.665; ppl   5795.63 | accu 0.0609 = 6837/112220 | w_len 1.4955 = 167821/112220 ../data/sample_500k/adolescent_valid.txt
[2022-04-14 00:15:11.691] End E006 |  test loss  9.107; ppl   9016.89 | accu 0.0556 = 28195/506840 | w_len 1.5691 = 795287/506840 ../data/sample_500k/adult_test.txt
[2022-04-14 00:15:11.691] Save: model.pt... 
[2022-04-14 00:15:12.150] Save: model.pt...Done. best_val_loss: 4.7780
[2022-04-14 00:15:12.150] Epoch 007/20 ==================================================
[2022-04-14 00:15:27.434] E007 |   200/731 batches | lr 20.0000 | loss  4.087 | ppl     59.53 frag_cnt/word_cnt=1.110=155389/140000
[2022-04-14 00:15:42.591] E007 |   400/731 batches | lr 20.0000 | loss  4.108 | ppl     60.85 frag_cnt/word_cnt=1.103=154356/140000
[2022-04-14 00:15:58.524] E007 |   600/731 batches | lr 20.0000 | loss  4.018 | ppl     55.57 frag_cnt/word_cnt=1.109=155309/140000
[2022-04-14 00:16:08.424] E007 |   731/731 batches | lr 20.0000 | loss  4.001 | ppl     54.66 frag_cnt/word_cnt=1.107=101506/91700
[2022-04-14 00:16:13.677] End E007 | valid loss  4.764; ppl    117.26 | accu 0.2144 = 24735/115380 | w_len 1.0818 = 124817/115380
[2022-04-14 00:16:18.907] End E007 |  test loss  8.520; ppl   5014.44 | accu 0.0646 = 7251/112220 | w_len 1.4955 = 167821/112220 ../data/sample_500k/adolescent_valid.txt
[2022-04-14 00:16:42.806] End E007 |  test loss  8.879; ppl   7179.88 | accu 0.0597 = 30264/506840 | w_len 1.5691 = 795287/506840 ../data/sample_500k/adult_test.txt
[2022-04-14 00:16:42.806] Save: model.pt... 
[2022-04-14 00:16:43.258] Save: model.pt...Done. best_val_loss: 4.7644
[2022-04-14 00:16:43.259] Epoch 008/20 ==================================================
[2022-04-14 00:16:58.489] E008 |   200/731 batches | lr 20.0000 | loss  4.005 | ppl     54.87 frag_cnt/word_cnt=1.110=155389/140000
[2022-04-14 00:17:13.737] E008 |   400/731 batches | lr 20.0000 | loss  4.022 | ppl     55.82 frag_cnt/word_cnt=1.103=154356/140000
[2022-04-14 00:17:29.125] E008 |   600/731 batches | lr 20.0000 | loss  3.943 | ppl     51.56 frag_cnt/word_cnt=1.109=155309/140000
[2022-04-14 00:17:39.539] E008 |   731/731 batches | lr 20.0000 | loss  3.928 | ppl     50.83 frag_cnt/word_cnt=1.107=101506/91700
[2022-04-14 00:17:44.948] End E008 | valid loss  4.740; ppl    114.40 | accu 0.2177 = 25119/115380 | w_len 1.0818 = 124817/115380
[2022-04-14 00:17:50.216] End E008 |  test loss  8.719; ppl   6120.50 | accu 0.0620 = 6956/112220 | w_len 1.4955 = 167821/112220 ../data/sample_500k/adolescent_valid.txt
[2022-04-14 00:18:14.224] End E008 |  test loss  9.209; ppl   9990.89 | accu 0.0535 = 27107/506840 | w_len 1.5691 = 795287/506840 ../data/sample_500k/adult_test.txt
[2022-04-14 00:18:14.224] Save: model.pt... 
[2022-04-14 00:18:14.681] Save: model.pt...Done. best_val_loss: 4.7397
[2022-04-14 00:18:14.682] Epoch 009/20 ==================================================
[2022-04-14 00:18:29.697] E009 |   200/731 batches | lr 20.0000 | loss  3.930 | ppl     50.90 frag_cnt/word_cnt=1.110=155389/140000
[2022-04-14 00:18:45.589] E009 |   400/731 batches | lr 20.0000 | loss  3.956 | ppl     52.24 frag_cnt/word_cnt=1.103=154356/140000
[2022-04-14 00:19:00.786] E009 |   600/731 batches | lr 20.0000 | loss  3.874 | ppl     48.12 frag_cnt/word_cnt=1.109=155309/140000
[2022-04-14 00:19:10.727] E009 |   731/731 batches | lr 20.0000 | loss  3.865 | ppl     47.69 frag_cnt/word_cnt=1.107=101506/91700
[2022-04-14 00:19:15.967] End E009 | valid loss  4.681; ppl    107.89 | accu 0.2256 = 26026/115380 | w_len 1.0818 = 124817/115380
[2022-04-14 00:19:21.190] End E009 |  test loss  8.831; ppl   6841.68 | accu 0.0594 = 6661/112220 | w_len 1.4955 = 167821/112220 ../data/sample_500k/adolescent_valid.txt
[2022-04-14 00:19:45.008] End E009 |  test loss  9.486; ppl  13171.25 | accu 0.0537 = 27198/506840 | w_len 1.5691 = 795287/506840 ../data/sample_500k/adult_test.txt
[2022-04-14 00:19:45.008] Save: model.pt... 
[2022-04-14 00:19:45.458] Save: model.pt...Done. best_val_loss: 4.6812
[2022-04-14 00:19:45.458] Epoch 010/20 ==================================================
[2022-04-14 00:20:00.480] E010 |   200/731 batches | lr 20.0000 | loss  3.872 | ppl     48.02 frag_cnt/word_cnt=1.110=155389/140000
[2022-04-14 00:20:17.065] E010 |   400/731 batches | lr 20.0000 | loss  3.893 | ppl     49.05 frag_cnt/word_cnt=1.103=154356/140000
[2022-04-14 00:20:33.065] E010 |   600/731 batches | lr 20.0000 | loss  3.821 | ppl     45.65 frag_cnt/word_cnt=1.109=155309/140000
[2022-04-14 00:20:43.204] E010 |   731/731 batches | lr 20.0000 | loss  3.807 | ppl     45.02 frag_cnt/word_cnt=1.107=101506/91700
[2022-04-14 00:20:48.440] End E010 | valid loss  4.680; ppl    107.79 | accu 0.2264 = 26118/115380 | w_len 1.0818 = 124817/115380
[2022-04-14 00:20:53.698] End E010 |  test loss  8.894; ppl   7287.77 | accu 0.0601 = 6740/112220 | w_len 1.4955 = 167821/112220 ../data/sample_500k/adolescent_valid.txt
[2022-04-14 00:21:17.643] End E010 |  test loss  9.605; ppl  14831.47 | accu 0.0501 = 25373/506840 | w_len 1.5691 = 795287/506840 ../data/sample_500k/adult_test.txt
[2022-04-14 00:21:17.643] Save: model.pt... 
[2022-04-14 00:21:18.099] Save: model.pt...Done. best_val_loss: 4.6801
[2022-04-14 00:21:18.099] Epoch 011/20 ==================================================
[2022-04-14 00:21:33.312] E011 |   200/731 batches | lr 20.0000 | loss  3.816 | ppl     45.44 frag_cnt/word_cnt=1.110=155389/140000
[2022-04-14 00:21:48.637] E011 |   400/731 batches | lr 20.0000 | loss  3.841 | ppl     46.59 frag_cnt/word_cnt=1.103=154356/140000
[2022-04-14 00:22:03.920] E011 |   600/731 batches | lr 20.0000 | loss  3.763 | ppl     43.07 frag_cnt/word_cnt=1.109=155309/140000
[2022-04-14 00:22:13.849] E011 |   731/731 batches | lr 20.0000 | loss  3.757 | ppl     42.84 frag_cnt/word_cnt=1.107=101506/91700
[2022-04-14 00:22:19.140] End E011 | valid loss  4.673; ppl    107.07 | accu 0.2329 = 26875/115380 | w_len 1.0818 = 124817/115380
[2022-04-14 00:22:24.381] End E011 |  test loss  8.797; ppl   6617.06 | accu 0.0661 = 7419/112220 | w_len 1.4955 = 167821/112220 ../data/sample_500k/adolescent_valid.txt
[2022-04-14 00:22:48.231] End E011 |  test loss  9.440; ppl  12586.31 | accu 0.0584 = 29605/506840 | w_len 1.5691 = 795287/506840 ../data/sample_500k/adult_test.txt
[2022-04-14 00:22:48.231] Save: model.pt... 
[2022-04-14 00:22:48.686] Save: model.pt...Done. best_val_loss: 4.6735
[2022-04-14 00:22:48.686] Epoch 012/20 ==================================================
[2022-04-14 00:23:03.834] E012 |   200/731 batches | lr 20.0000 | loss  3.773 | ppl     43.49 frag_cnt/word_cnt=1.110=155389/140000
[2022-04-14 00:23:19.568] E012 |   400/731 batches | lr 20.0000 | loss  3.798 | ppl     44.59 frag_cnt/word_cnt=1.103=154356/140000
[2022-04-14 00:23:34.818] E012 |   600/731 batches | lr 20.0000 | loss  3.726 | ppl     41.50 frag_cnt/word_cnt=1.109=155309/140000
[2022-04-14 00:23:44.778] E012 |   731/731 batches | lr 20.0000 | loss  3.713 | ppl     40.98 frag_cnt/word_cnt=1.107=101506/91700
[2022-04-14 00:23:50.070] End E012 | valid loss  4.683; ppl    108.09 | accu 0.2327 = 26851/115380 | w_len 1.0818 = 124817/115380
[2022-04-14 00:23:55.318] End E012 |  test loss  9.108; ppl   9024.30 | accu 0.0617 = 6919/112220 | w_len 1.4955 = 167821/112220 ../data/sample_500k/adolescent_valid.txt
[2022-04-14 00:24:19.362] End E012 |  test loss  9.725; ppl  16724.57 | accu 0.0565 = 28631/506840 | w_len 1.5691 = 795287/506840 ../data/sample_500k/adult_test.txt
[2022-04-14 00:24:19.363] Epoch 013/20 ==================================================
[2022-04-14 00:24:34.616] E013 |   200/731 batches | lr 10.0000 | loss  3.668 | ppl     39.16 frag_cnt/word_cnt=1.110=155389/140000
[2022-04-14 00:24:50.568] E013 |   400/731 batches | lr 10.0000 | loss  3.648 | ppl     38.38 frag_cnt/word_cnt=1.103=154356/140000
[2022-04-14 00:25:05.916] E013 |   600/731 batches | lr 10.0000 | loss  3.539 | ppl     34.42 frag_cnt/word_cnt=1.109=155309/140000
[2022-04-14 00:25:15.951] E013 |   731/731 batches | lr 10.0000 | loss  3.495 | ppl     32.96 frag_cnt/word_cnt=1.107=101506/91700
[2022-04-14 00:25:21.243] End E013 | valid loss  4.653; ppl    104.90 | accu 0.2402 = 27719/115380 | w_len 1.0818 = 124817/115380
[2022-04-14 00:25:26.498] End E013 |  test loss  9.218; ppl  10076.28 | accu 0.0634 = 7117/112220 | w_len 1.4955 = 167821/112220 ../data/sample_500k/adolescent_valid.txt
[2022-04-14 00:25:50.638] End E013 |  test loss 10.018; ppl  22423.43 | accu 0.0593 = 30044/506840 | w_len 1.5691 = 795287/506840 ../data/sample_500k/adult_test.txt
[2022-04-14 00:25:50.638] Save: model.pt... 
[2022-04-14 00:25:51.089] Save: model.pt...Done. best_val_loss: 4.6530
[2022-04-14 00:25:51.089] Epoch 014/20 ==================================================
[2022-04-14 00:26:07.319] E014 |   200/731 batches | lr 10.0000 | loss  3.575 | ppl     35.70 frag_cnt/word_cnt=1.110=155389/140000
[2022-04-14 00:26:22.544] E014 |   400/731 batches | lr 10.0000 | loss  3.582 | ppl     35.96 frag_cnt/word_cnt=1.103=154356/140000
[2022-04-14 00:26:37.909] E014 |   600/731 batches | lr 10.0000 | loss  3.488 | ppl     32.73 frag_cnt/word_cnt=1.109=155309/140000
[2022-04-14 00:26:47.883] E014 |   731/731 batches | lr 10.0000 | loss  3.464 | ppl     31.96 frag_cnt/word_cnt=1.107=101506/91700
[2022-04-14 00:26:53.191] End E014 | valid loss  4.666; ppl    106.30 | accu 0.2399 = 27684/115380 | w_len 1.0818 = 124817/115380
[2022-04-14 00:26:58.555] End E014 |  test loss  9.170; ppl   9599.90 | accu 0.0652 = 7322/112220 | w_len 1.4955 = 167821/112220 ../data/sample_500k/adolescent_valid.txt
[2022-04-14 00:27:22.532] End E014 |  test loss  9.724; ppl  16706.28 | accu 0.0628 = 31823/506840 | w_len 1.5691 = 795287/506840 ../data/sample_500k/adult_test.txt
[2022-04-14 00:27:22.532] Epoch 015/20 ==================================================
[2022-04-14 00:27:37.957] E015 |   200/731 batches | lr 5.0000 | loss  3.516 | ppl     33.65 frag_cnt/word_cnt=1.110=155389/140000
[2022-04-14 00:27:53.591] E015 |   400/731 batches | lr 5.0000 | loss  3.506 | ppl     33.31 frag_cnt/word_cnt=1.103=154356/140000
[2022-04-14 00:28:09.129] E015 |   600/731 batches | lr 5.0000 | loss  3.388 | ppl     29.59 frag_cnt/word_cnt=1.109=155309/140000
[2022-04-14 00:28:19.170] E015 |   731/731 batches | lr 5.0000 | loss  3.349 | ppl     28.47 frag_cnt/word_cnt=1.107=101506/91700
[2022-04-14 00:28:25.552] End E015 | valid loss  4.659; ppl    105.57 | accu 0.2433 = 28072/115380 | w_len 1.0818 = 124817/115380
[2022-04-14 00:28:31.916] End E015 |  test loss  9.212; ppl  10017.17 | accu 0.0674 = 7560/112220 | w_len 1.4955 = 167821/112220 ../data/sample_500k/adolescent_valid.txt
[2022-04-14 00:28:57.542] End E015 |  test loss  9.866; ppl  19268.95 | accu 0.0641 = 32477/506840 | w_len 1.5691 = 795287/506840 ../data/sample_500k/adult_test.txt
[2022-04-14 00:28:57.543] Epoch 016/20 ==================================================
[2022-04-14 00:29:12.790] E016 |   200/731 batches | lr 2.5000 | loss  3.469 | ppl     32.11 frag_cnt/word_cnt=1.110=155389/140000
[2022-04-14 00:29:27.925] E016 |   400/731 batches | lr 2.5000 | loss  3.457 | ppl     31.74 frag_cnt/word_cnt=1.103=154356/140000
[2022-04-14 00:29:42.992] E016 |   600/731 batches | lr 2.5000 | loss  3.339 | ppl     28.19 frag_cnt/word_cnt=1.109=155309/140000
[2022-04-14 00:29:52.921] E016 |   731/731 batches | lr 2.5000 | loss  3.289 | ppl     26.82 frag_cnt/word_cnt=1.107=101506/91700
[2022-04-14 00:29:58.211] End E016 | valid loss  4.646; ppl    104.19 | accu 0.2464 = 28435/115380 | w_len 1.0818 = 124817/115380
[2022-04-14 00:30:03.506] End E016 |  test loss  9.297; ppl  10903.84 | accu 0.0680 = 7630/112220 | w_len 1.4955 = 167821/112220 ../data/sample_500k/adolescent_valid.txt
[2022-04-14 00:30:27.491] End E016 |  test loss  9.897; ppl  19871.13 | accu 0.0649 = 32881/506840 | w_len 1.5691 = 795287/506840 ../data/sample_500k/adult_test.txt
[2022-04-14 00:30:27.491] Save: model.pt... 
[2022-04-14 00:30:27.950] Save: model.pt...Done. best_val_loss: 4.6462
[2022-04-14 00:30:27.950] Epoch 017/20 ==================================================
[2022-04-14 00:30:43.237] E017 |   200/731 batches | lr 2.5000 | loss  3.427 | ppl     30.78 frag_cnt/word_cnt=1.110=155389/140000
[2022-04-14 00:30:58.267] E017 |   400/731 batches | lr 2.5000 | loss  3.432 | ppl     30.94 frag_cnt/word_cnt=1.103=154356/140000
[2022-04-14 00:31:13.420] E017 |   600/731 batches | lr 2.5000 | loss  3.319 | ppl     27.63 frag_cnt/word_cnt=1.109=155309/140000
[2022-04-14 00:31:23.789] E017 |   731/731 batches | lr 2.5000 | loss  3.276 | ppl     26.47 frag_cnt/word_cnt=1.107=101506/91700
[2022-04-14 00:31:30.198] End E017 | valid loss  4.655; ppl    105.07 | accu 0.2464 = 28435/115380 | w_len 1.0818 = 124817/115380
[2022-04-14 00:31:36.582] End E017 |  test loss  9.250; ppl  10405.18 | accu 0.0680 = 7631/112220 | w_len 1.4955 = 167821/112220 ../data/sample_500k/adolescent_valid.txt
[2022-04-14 00:32:06.056] End E017 |  test loss  9.926; ppl  20460.67 | accu 0.0642 = 32555/506840 | w_len 1.5691 = 795287/506840 ../data/sample_500k/adult_test.txt
[2022-04-14 00:32:06.057] Epoch 018/20 ==================================================
[2022-04-14 00:32:21.295] E018 |   200/731 batches | lr 1.2500 | loss  3.413 | ppl     30.36 frag_cnt/word_cnt=1.110=155389/140000
[2022-04-14 00:32:37.308] E018 |   400/731 batches | lr 1.2500 | loss  3.414 | ppl     30.37 frag_cnt/word_cnt=1.103=154356/140000
[2022-04-14 00:32:52.966] E018 |   600/731 batches | lr 1.2500 | loss  3.298 | ppl     27.05 frag_cnt/word_cnt=1.109=155309/140000
[2022-04-14 00:33:03.284] E018 |   731/731 batches | lr 1.2500 | loss  3.253 | ppl     25.87 frag_cnt/word_cnt=1.107=101506/91700
[2022-04-14 00:33:08.557] End E018 | valid loss  4.652; ppl    104.84 | accu 0.2468 = 28472/115380 | w_len 1.0818 = 124817/115380
[2022-04-14 00:33:13.810] End E018 |  test loss  9.225; ppl  10149.62 | accu 0.0696 = 7807/112220 | w_len 1.4955 = 167821/112220 ../data/sample_500k/adolescent_valid.txt
[2022-04-14 00:33:37.730] End E018 |  test loss  9.818; ppl  18366.87 | accu 0.0661 = 33499/506840 | w_len 1.5691 = 795287/506840 ../data/sample_500k/adult_test.txt
[2022-04-14 00:33:37.730] Epoch 019/20 ==================================================
[2022-04-14 00:33:52.567] E019 |   200/731 batches | lr 0.6250 | loss  3.402 | ppl     30.01 frag_cnt/word_cnt=1.110=155389/140000
[2022-04-14 00:34:07.666] E019 |   400/731 batches | lr 0.6250 | loss  3.404 | ppl     30.08 frag_cnt/word_cnt=1.103=154356/140000
[2022-04-14 00:34:22.776] E019 |   600/731 batches | lr 0.6250 | loss  3.281 | ppl     26.61 frag_cnt/word_cnt=1.109=155309/140000
[2022-04-14 00:34:33.426] E019 |   731/731 batches | lr 0.6250 | loss  3.233 | ppl     25.35 frag_cnt/word_cnt=1.107=101506/91700
[2022-04-14 00:34:38.744] End E019 | valid loss  4.648; ppl    104.35 | accu 0.2471 = 28513/115380 | w_len 1.0818 = 124817/115380
[2022-04-14 00:34:43.994] End E019 |  test loss  9.242; ppl  10322.18 | accu 0.0698 = 7833/112220 | w_len 1.4955 = 167821/112220 ../data/sample_500k/adolescent_valid.txt
[2022-04-14 00:35:08.054] End E019 |  test loss  9.835; ppl  18668.42 | accu 0.0667 = 33824/506840 | w_len 1.5691 = 795287/506840 ../data/sample_500k/adult_test.txt
[2022-04-14 00:35:08.054] Epoch 020/20 ==================================================
[2022-04-14 00:35:23.235] E020 |   200/731 batches | lr 0.3125 | loss  3.394 | ppl     29.80 frag_cnt/word_cnt=1.110=155389/140000
[2022-04-14 00:35:38.488] E020 |   400/731 batches | lr 0.3125 | loss  3.401 | ppl     30.00 frag_cnt/word_cnt=1.103=154356/140000
[2022-04-14 00:35:53.876] E020 |   600/731 batches | lr 0.3125 | loss  3.276 | ppl     26.47 frag_cnt/word_cnt=1.109=155309/140000
[2022-04-14 00:36:03.949] E020 |   731/731 batches | lr 0.3125 | loss  3.222 | ppl     25.09 frag_cnt/word_cnt=1.107=101506/91700
[2022-04-14 00:36:09.317] End E020 | valid loss  4.642; ppl    103.78 | accu 0.2475 = 28560/115380 | w_len 1.0818 = 124817/115380
[2022-04-14 00:36:14.709] End E020 |  test loss  9.234; ppl  10236.79 | accu 0.0699 = 7847/112220 | w_len 1.4955 = 167821/112220 ../data/sample_500k/adolescent_valid.txt
[2022-04-14 00:36:38.798] End E020 |  test loss  9.816; ppl  18330.12 | accu 0.0670 = 33969/506840 | w_len 1.5691 = 795287/506840 ../data/sample_500k/adult_test.txt
[2022-04-14 00:36:38.799] Save: model.pt... 
[2022-04-14 00:36:39.258] Save: model.pt...Done. best_val_loss: 4.6423
[2022-04-14 00:36:44.729] End. test loss  9.23; ppl 10236.79 | accu 0.0699 = 7847/112220 | w_len 1.4955 = 167821/112220 ../data/sample_500k/adolescent_valid.txt
[2022-04-14 00:37:08.738] End. test loss  9.82; ppl 18330.12 | accu 0.0670 = 33969/506840 | w_len 1.5691 = 795287/506840 ../data/sample_500k/adult_test.txt
[2022-04-14 00:37:08.738] =========================================================================================
[2022-04-14 00:37:08.738] valid_loss
[2022-04-14 00:37:08.738]  5.34, 5.06, 4.88, 4.81, 4.79, 4.78, 4.76, 4.74, 4.68, 4.68, 4.67, 4.68, 4.65, 4.67, 4.66, 4.65, 4.65, 4.65, 4.65, 4.64
[2022-04-14 00:37:08.738] valid_loss ppl
[2022-04-14 00:37:08.738]   208.66,  157.95,  132.24,  122.62,  120.05,  118.87,  117.26,  114.40,  107.89,  107.79,  107.07,  108.09,  104.90,  106.30,  105.57,  104.19,  105.07,  104.84,  104.35,  103.78
[2022-04-14 00:37:08.738] test_loss of ../data/sample_500k/adolescent_valid.txt
[2022-04-14 00:37:08.738]  8.77, 8.67, 8.64, 8.67, 8.52, 8.66, 8.52, 8.72, 8.83, 8.89, 8.80, 9.11, 9.22, 9.17, 9.21, 9.30, 9.25, 9.23, 9.24, 9.23
[2022-04-14 00:37:08.739] test_loss of ../data/sample_500k/adolescent_valid.txt ppl
[2022-04-14 00:37:08.739]  6443.09, 5808.98, 5652.82, 5837.47, 5003.18, 5795.63, 5014.44, 6120.50, 6841.68, 7287.77, 6617.06, 9024.30,10076.28, 9599.90,10017.17,10903.84,10405.18,10149.62,10322.18,10236.79
[2022-04-14 00:37:08.739] test_loss of ../data/sample_500k/adult_test.txt
[2022-04-14 00:37:08.739]  8.91, 8.90, 8.94, 9.05, 8.94, 9.11, 8.88, 9.21, 9.49, 9.60, 9.44, 9.72,10.02, 9.72, 9.87, 9.90, 9.93, 9.82, 9.83, 9.82
[2022-04-14 00:37:08.739] test_loss of ../data/sample_500k/adult_test.txt ppl
[2022-04-14 00:37:08.739]  7382.87, 7348.66, 7628.52, 8525.24, 7601.50, 9016.89, 7179.88, 9990.89,13171.25,14831.47,12586.31,16724.57,22423.43,16706.28,19268.95,19871.13,20460.67,18366.87,18668.42,18330.12
[2022-04-14 00:37:08.739] 
[2022-04-14 00:37:08.739] 
[2022-04-14 00:37:08.739] 
