[2022-04-13 15:07:04.665] corpus.train_file_list: 1
[2022-04-13 15:07:04.665]         ../data/sample_500k/cbt_train.txt
[2022-04-13 15:07:04.665] corpus.valid_file_list: 1
[2022-04-13 15:07:04.665]         ../data/sample_500k/cbt_valid.txt
[2022-04-13 15:07:04.665] corpus.test_file_list: 2
[2022-04-13 15:07:04.665]         ../data/sample_500k/adolescent_valid.txt
[2022-04-13 15:07:04.665]         ../data/sample_500k/adult_test.txt
[2022-04-13 15:07:04.665] corpus.subword_vocab_size: 0
[2022-04-13 15:07:04.665] corpus.subword_model = None. Corpus will not use subword.
[2022-04-13 15:07:04.665] corpus tokenize...
[2022-04-13 15:07:05.320]         train tokens: 511735  ../data/sample_500k/cbt_train.txt
[2022-04-13 15:07:05.456]         valid tokens: 115417  ../data/sample_500k/cbt_valid.txt
[2022-04-13 15:07:05.682]         test  tokens: 112256  ../data/sample_500k/adolescent_valid.txt
[2022-04-13 15:07:06.291]         test  tokens: 506878  ../data/sample_500k/adult_test.txt
[2022-04-13 15:07:06.291] corpus.ntokens      : 73236
[2022-04-13 15:07:06.291] corpus.char_count   : 157
[2022-04-13 15:07:06.291] corpus.char_cnt_dict: 157
[2022-04-13 15:07:06.291] corpus.char_id_dict : 157
[2022-04-13 15:07:06.295] corpus.batchify(1 files, batch_size=20)...
[2022-04-13 15:07:06.295]         tokens_all: 511735
[2022-04-13 15:07:06.295]         batched   :  25586
[2022-04-13 15:07:06.295]         ../data/sample_500k/cbt_train.txt
[2022-04-13 15:07:06.297] corpus.batchify(1 files, batch_size=20)...
[2022-04-13 15:07:06.297]         tokens_all: 115417
[2022-04-13 15:07:06.297]         batched   :   5770
[2022-04-13 15:07:06.298]         ../data/sample_500k/cbt_valid.txt
[2022-04-13 15:07:06.299] corpus.batchify(1 files, batch_size=20)...
[2022-04-13 15:07:06.299]         tokens_all: 112256
[2022-04-13 15:07:06.299]         batched   :   5612
[2022-04-13 15:07:06.299]         ../data/sample_500k/adolescent_valid.txt
[2022-04-13 15:07:06.303] corpus.batchify(1 files, batch_size=20)...
[2022-04-13 15:07:06.303]         tokens_all: 506878
[2022-04-13 15:07:06.303]         batched   :  25343
[2022-04-13 15:07:06.303]         ../data/sample_500k/adult_test.txt
[2022-04-13 15:07:06.304] subword_adapter will be generated due to word_split_mode='Subword.500'
[2022-04-13 15:07:06.304] SubwordAdapter.file_list: 2
[2022-04-13 15:07:06.304]         ../data/sample_500k/cbt_train.txt
[2022-04-13 15:07:06.304]         ../data/sample_500k/cbt_valid.txt
[2022-04-13 15:07:06.304] SubwordAdapter.subword_vocab_size: 500
[2022-04-13 15:07:06.304] SubwordAdapter.subword_model.train(2 files)...
[2022-04-13 15:07:06.591] SubwordAdapter.subword_model.train(2 files)...Done
[2022-04-13 15:07:07.218] RNNModel.rnn_type: LSTM
[2022-04-13 15:07:07.218] RNNModel.ntoken  : 73236
[2022-04-13 15:07:07.219] RNNModel.ninp    : 200
[2022-04-13 15:07:07.219] RNNModel.nhid    : 200
[2022-04-13 15:07:07.219] RNNModel.nlayers : 2
[2022-04-13 15:07:07.219] RNNModel.dropout : 0.2
[2022-04-13 15:07:07.219] RNNModel.tie_weights: False
[2022-04-13 15:07:07.219] RNNModel.fragment_aggregate_mode: LSTM
[2022-04-13 15:07:07.219] RNNModel.fragment_cnt           : 502
[2022-04-13 15:07:07.219] RNNModel.fragment_emsize        : 25
[2022-04-13 15:07:07.219] RNNModel.fragment_nhid          : 200
[2022-04-13 15:07:07.220] RNNModel.fragment_embeds     : created
[2022-04-13 15:07:07.223] RNNModel.fragment_lstm       : created
[2022-04-13 15:07:07.223] RNNModel.fragment_lstm_linear: created
[2022-04-13 15:07:07.251] Epoch 001/20 ==================================================
[2022-04-13 15:08:10.439] E001 |   200/731 batches | lr 20.0000 | loss  7.318 | ppl   1506.53 frag_cnt/word_cnt=1.735=242953/140000
[2022-04-13 15:09:12.112] E001 |   400/731 batches | lr 20.0000 | loss  5.987 | ppl    398.11 frag_cnt/word_cnt=1.736=243037/140000
[2022-04-13 15:10:12.127] E001 |   600/731 batches | lr 20.0000 | loss  5.368 | ppl    214.44 frag_cnt/word_cnt=1.722=241109/140000
[2022-04-13 15:10:55.224] E001 |   731/731 batches | lr 20.0000 | loss  5.211 | ppl    183.25 frag_cnt/word_cnt=1.726=158301/91700
[2022-04-13 15:11:09.472] End E001 | valid loss  5.405; ppl    222.54 | accu 0.1539 = 17758/115380 | w_len 1.6742 = 193174/115380
[2022-04-13 15:11:23.611] End E001 |  test loss  8.907; ppl   7380.43 | accu 0.0266 = 2989/112220 | w_len 2.2517 = 252690/112220 ../data/sample_500k/adolescent_valid.txt
[2022-04-13 15:12:26.916] End E001 |  test loss  9.048; ppl   8499.26 | accu 0.0277 = 14024/506840 | w_len 2.4540 = 1243777/506840 ../data/sample_500k/adult_test.txt
[2022-04-13 15:12:26.916] Save: model.pt... 
[2022-04-13 15:12:27.371] Save: model.pt...Done. best_val_loss: 5.4051
[2022-04-13 15:12:27.371] Epoch 002/20 ==================================================
[2022-04-13 15:13:33.523] E002 |   200/731 batches | lr 20.0000 | loss  5.057 | ppl    157.14 frag_cnt/word_cnt=1.735=242953/140000
[2022-04-13 15:14:40.806] E002 |   400/731 batches | lr 20.0000 | loss  4.960 | ppl    142.55 frag_cnt/word_cnt=1.736=243037/140000
[2022-04-13 15:15:46.597] E002 |   600/731 batches | lr 20.0000 | loss  4.751 | ppl    115.75 frag_cnt/word_cnt=1.722=241109/140000
[2022-04-13 15:16:30.204] E002 |   731/731 batches | lr 20.0000 | loss  4.701 | ppl    110.10 frag_cnt/word_cnt=1.726=158301/91700
[2022-04-13 15:16:44.612] End E002 | valid loss  5.049; ppl    155.81 | accu 0.1828 = 21089/115380 | w_len 1.6742 = 193174/115380
[2022-04-13 15:16:58.530] End E002 |  test loss  8.747; ppl   6293.55 | accu 0.0428 = 4807/112220 | w_len 2.2517 = 252690/112220 ../data/sample_500k/adolescent_valid.txt
[2022-04-13 15:18:08.255] End E002 |  test loss  8.959; ppl   7779.08 | accu 0.0436 = 22096/506840 | w_len 2.4540 = 1243777/506840 ../data/sample_500k/adult_test.txt
[2022-04-13 15:18:08.255] Save: model.pt... 
[2022-04-13 15:18:08.698] Save: model.pt...Done. best_val_loss: 5.0486
[2022-04-13 15:18:08.698] Epoch 003/20 ==================================================
[2022-04-13 15:19:13.315] E003 |   200/731 batches | lr 20.0000 | loss  4.655 | ppl    105.06 frag_cnt/word_cnt=1.735=242953/140000
[2022-04-13 15:20:19.107] E003 |   400/731 batches | lr 20.0000 | loss  4.624 | ppl    101.88 frag_cnt/word_cnt=1.736=243037/140000
[2022-04-13 15:21:22.804] E003 |   600/731 batches | lr 20.0000 | loss  4.483 | ppl     88.53 frag_cnt/word_cnt=1.722=241109/140000
[2022-04-13 15:22:07.995] E003 |   731/731 batches | lr 20.0000 | loss  4.460 | ppl     86.45 frag_cnt/word_cnt=1.726=158301/91700
[2022-04-13 15:22:22.088] End E003 | valid loss  4.881; ppl    131.75 | accu 0.1997 = 23040/115380 | w_len 1.6742 = 193174/115380
[2022-04-13 15:22:35.987] End E003 |  test loss  8.616; ppl   5519.60 | accu 0.0509 = 5716/112220 | w_len 2.2517 = 252690/112220 ../data/sample_500k/adolescent_valid.txt
[2022-04-13 15:23:46.622] End E003 |  test loss  8.924; ppl   7510.15 | accu 0.0504 = 25557/506840 | w_len 2.4540 = 1243777/506840 ../data/sample_500k/adult_test.txt
[2022-04-13 15:23:46.622] Save: model.pt... 
[2022-04-13 15:23:47.064] Save: model.pt...Done. best_val_loss: 4.8809
[2022-04-13 15:23:47.065] Epoch 004/20 ==================================================
[2022-04-13 15:24:51.013] E004 |   200/731 batches | lr 20.0000 | loss  4.433 | ppl     84.19 frag_cnt/word_cnt=1.735=242953/140000
[2022-04-13 15:25:54.231] E004 |   400/731 batches | lr 20.0000 | loss  4.425 | ppl     83.53 frag_cnt/word_cnt=1.736=243037/140000
[2022-04-13 15:27:00.838] E004 |   600/731 batches | lr 20.0000 | loss  4.314 | ppl     74.75 frag_cnt/word_cnt=1.722=241109/140000
[2022-04-13 15:27:43.045] E004 |   731/731 batches | lr 20.0000 | loss  4.294 | ppl     73.25 frag_cnt/word_cnt=1.726=158301/91700
[2022-04-13 15:27:57.498] End E004 | valid loss  4.842; ppl    126.72 | accu 0.2034 = 23467/115380 | w_len 1.6742 = 193174/115380
[2022-04-13 15:28:11.565] End E004 |  test loss  8.693; ppl   5960.07 | accu 0.0506 = 5676/112220 | w_len 2.2517 = 252690/112220 ../data/sample_500k/adolescent_valid.txt
[2022-04-13 15:29:19.338] End E004 |  test loss  9.085; ppl   8824.05 | accu 0.0500 = 25343/506840 | w_len 2.4540 = 1243777/506840 ../data/sample_500k/adult_test.txt
[2022-04-13 15:29:19.338] Save: model.pt... 
[2022-04-13 15:29:19.777] Save: model.pt...Done. best_val_loss: 4.8420
[2022-04-13 15:29:19.777] Epoch 005/20 ==================================================
[2022-04-13 15:30:25.566] E005 |   200/731 batches | lr 20.0000 | loss  4.282 | ppl     72.37 frag_cnt/word_cnt=1.735=242953/140000
[2022-04-13 15:31:28.319] E005 |   400/731 batches | lr 20.0000 | loss  4.286 | ppl     72.70 frag_cnt/word_cnt=1.736=243037/140000
[2022-04-13 15:32:32.801] E005 |   600/731 batches | lr 20.0000 | loss  4.187 | ppl     65.83 frag_cnt/word_cnt=1.722=241109/140000
[2022-04-13 15:33:16.547] E005 |   731/731 batches | lr 20.0000 | loss  4.170 | ppl     64.71 frag_cnt/word_cnt=1.726=158301/91700
[2022-04-13 15:33:33.883] End E005 | valid loss  4.731; ppl    113.43 | accu 0.2124 = 24510/115380 | w_len 1.6742 = 193174/115380
[2022-04-13 15:33:49.189] End E005 |  test loss  8.605; ppl   5457.48 | accu 0.0559 = 6268/112220 | w_len 2.2517 = 252690/112220 ../data/sample_500k/adolescent_valid.txt
[2022-04-13 15:34:57.119] End E005 |  test loss  9.038; ppl   8415.52 | accu 0.0553 = 28027/506840 | w_len 2.4540 = 1243777/506840 ../data/sample_500k/adult_test.txt
[2022-04-13 15:34:57.119] Save: model.pt... 
[2022-04-13 15:34:57.565] Save: model.pt...Done. best_val_loss: 4.7312
[2022-04-13 15:34:57.565] Epoch 006/20 ==================================================
[2022-04-13 15:36:05.383] E006 |   200/731 batches | lr 20.0000 | loss  4.161 | ppl     64.12 frag_cnt/word_cnt=1.735=242953/140000
[2022-04-13 15:37:08.626] E006 |   400/731 batches | lr 20.0000 | loss  4.174 | ppl     64.99 frag_cnt/word_cnt=1.736=243037/140000
[2022-04-13 15:38:11.483] E006 |   600/731 batches | lr 20.0000 | loss  4.088 | ppl     59.63 frag_cnt/word_cnt=1.722=241109/140000
[2022-04-13 15:38:54.121] E006 |   731/731 batches | lr 20.0000 | loss  4.067 | ppl     58.37 frag_cnt/word_cnt=1.726=158301/91700
[2022-04-13 15:39:08.393] End E006 | valid loss  4.709; ppl    110.93 | accu 0.2119 = 24450/115380 | w_len 1.6742 = 193174/115380
[2022-04-13 15:39:22.468] End E006 |  test loss  8.654; ppl   5734.90 | accu 0.0513 = 5757/112220 | w_len 2.2517 = 252690/112220 ../data/sample_500k/adolescent_valid.txt
[2022-04-13 15:40:26.662] End E006 |  test loss  9.206; ppl   9954.82 | accu 0.0464 = 23538/506840 | w_len 2.4540 = 1243777/506840 ../data/sample_500k/adult_test.txt
[2022-04-13 15:40:26.662] Save: model.pt... 
[2022-04-13 15:40:27.099] Save: model.pt...Done. best_val_loss: 4.7089
[2022-04-13 15:40:27.100] Epoch 007/20 ==================================================
[2022-04-13 15:41:33.394] E007 |   200/731 batches | lr 20.0000 | loss  4.066 | ppl     58.31 frag_cnt/word_cnt=1.735=242953/140000
[2022-04-13 15:42:37.025] E007 |   400/731 batches | lr 20.0000 | loss  4.082 | ppl     59.27 frag_cnt/word_cnt=1.736=243037/140000
[2022-04-13 15:43:41.878] E007 |   600/731 batches | lr 20.0000 | loss  3.993 | ppl     54.21 frag_cnt/word_cnt=1.722=241109/140000
[2022-04-13 15:44:22.958] E007 |   731/731 batches | lr 20.0000 | loss  3.980 | ppl     53.51 frag_cnt/word_cnt=1.726=158301/91700
[2022-04-13 15:44:38.957] End E007 | valid loss  4.680; ppl    107.81 | accu 0.2226 = 25683/115380 | w_len 1.6742 = 193174/115380
[2022-04-13 15:44:56.876] End E007 |  test loss  8.649; ppl   5704.33 | accu 0.0574 = 6439/112220 | w_len 2.2517 = 252690/112220 ../data/sample_500k/adolescent_valid.txt
[2022-04-13 15:46:02.148] End E007 |  test loss  9.239; ppl  10291.58 | accu 0.0553 = 28004/506840 | w_len 2.4540 = 1243777/506840 ../data/sample_500k/adult_test.txt
[2022-04-13 15:46:02.148] Save: model.pt... 
[2022-04-13 15:46:02.585] Save: model.pt...Done. best_val_loss: 4.6804
[2022-04-13 15:46:02.585] Epoch 008/20 ==================================================
[2022-04-13 15:47:08.083] E008 |   200/731 batches | lr 20.0000 | loss  3.981 | ppl     53.57 frag_cnt/word_cnt=1.735=242953/140000
[2022-04-13 15:48:13.383] E008 |   400/731 batches | lr 20.0000 | loss  3.997 | ppl     54.45 frag_cnt/word_cnt=1.736=243037/140000
[2022-04-13 15:49:16.775] E008 |   600/731 batches | lr 20.0000 | loss  3.918 | ppl     50.28 frag_cnt/word_cnt=1.722=241109/140000
[2022-04-13 15:49:59.599] E008 |   731/731 batches | lr 20.0000 | loss  3.903 | ppl     49.54 frag_cnt/word_cnt=1.726=158301/91700
[2022-04-13 15:50:14.007] End E008 | valid loss  4.676; ppl    107.38 | accu 0.2212 = 25522/115380 | w_len 1.6742 = 193174/115380
[2022-04-13 15:50:28.187] End E008 |  test loss  8.685; ppl   5913.01 | accu 0.0573 = 6431/112220 | w_len 2.2517 = 252690/112220 ../data/sample_500k/adolescent_valid.txt
[2022-04-13 15:51:32.803] End E008 |  test loss  9.207; ppl   9969.32 | accu 0.0547 = 27744/506840 | w_len 2.4540 = 1243777/506840 ../data/sample_500k/adult_test.txt
[2022-04-13 15:51:32.803] Save: model.pt... 
[2022-04-13 15:51:33.241] Save: model.pt...Done. best_val_loss: 4.6764
[2022-04-13 15:51:33.241] Epoch 009/20 ==================================================
[2022-04-13 15:52:38.405] E009 |   200/731 batches | lr 20.0000 | loss  3.907 | ppl     49.73 frag_cnt/word_cnt=1.735=242953/140000
[2022-04-13 15:53:44.382] E009 |   400/731 batches | lr 20.0000 | loss  3.927 | ppl     50.76 frag_cnt/word_cnt=1.736=243037/140000
[2022-04-13 15:54:50.855] E009 |   600/731 batches | lr 20.0000 | loss  3.847 | ppl     46.85 frag_cnt/word_cnt=1.722=241109/140000
[2022-04-13 15:55:35.418] E009 |   731/731 batches | lr 20.0000 | loss  3.830 | ppl     46.07 frag_cnt/word_cnt=1.726=158301/91700
[2022-04-13 15:55:49.859] End E009 | valid loss  4.658; ppl    105.45 | accu 0.2257 = 26039/115380 | w_len 1.6742 = 193174/115380
[2022-04-13 15:56:04.322] End E009 |  test loss  8.749; ppl   6305.36 | accu 0.0599 = 6718/112220 | w_len 2.2517 = 252690/112220 ../data/sample_500k/adolescent_valid.txt
[2022-04-13 15:57:10.666] End E009 |  test loss  9.280; ppl  10724.75 | accu 0.0590 = 29894/506840 | w_len 2.4540 = 1243777/506840 ../data/sample_500k/adult_test.txt
[2022-04-13 15:57:10.667] Save: model.pt... 
[2022-04-13 15:57:11.108] Save: model.pt...Done. best_val_loss: 4.6583
[2022-04-13 15:57:11.108] Epoch 010/20 ==================================================
[2022-04-13 15:58:21.110] E010 |   200/731 batches | lr 20.0000 | loss  3.837 | ppl     46.39 frag_cnt/word_cnt=1.735=242953/140000
[2022-04-13 15:59:25.350] E010 |   400/731 batches | lr 20.0000 | loss  3.861 | ppl     47.51 frag_cnt/word_cnt=1.736=243037/140000
[2022-04-13 16:00:29.227] E010 |   600/731 batches | lr 20.0000 | loss  3.787 | ppl     44.14 frag_cnt/word_cnt=1.722=241109/140000
[2022-04-13 16:01:11.922] E010 |   731/731 batches | lr 20.0000 | loss  3.763 | ppl     43.09 frag_cnt/word_cnt=1.726=158301/91700
[2022-04-13 16:01:26.221] End E010 | valid loss  4.671; ppl    106.78 | accu 0.2283 = 26342/115380 | w_len 1.6742 = 193174/115380
[2022-04-13 16:01:40.249] End E010 |  test loss  8.833; ppl   6854.64 | accu 0.0554 = 6217/112220 | w_len 2.2517 = 252690/112220 ../data/sample_500k/adolescent_valid.txt
[2022-04-13 16:02:46.350] End E010 |  test loss  9.411; ppl  12218.47 | accu 0.0525 = 26593/506840 | w_len 2.4540 = 1243777/506840 ../data/sample_500k/adult_test.txt
[2022-04-13 16:02:46.350] Epoch 011/20 ==================================================
[2022-04-13 16:03:52.427] E011 |   200/731 batches | lr 10.0000 | loss  3.728 | ppl     41.58 frag_cnt/word_cnt=1.735=242953/140000
[2022-04-13 16:04:59.485] E011 |   400/731 batches | lr 10.0000 | loss  3.706 | ppl     40.70 frag_cnt/word_cnt=1.736=243037/140000
[2022-04-13 16:06:02.847] E011 |   600/731 batches | lr 10.0000 | loss  3.596 | ppl     36.45 frag_cnt/word_cnt=1.722=241109/140000
[2022-04-13 16:06:46.554] E011 |   731/731 batches | lr 10.0000 | loss  3.548 | ppl     34.76 frag_cnt/word_cnt=1.726=158301/91700
[2022-04-13 16:07:01.111] End E011 | valid loss  4.631; ppl    102.61 | accu 0.2396 = 27646/115380 | w_len 1.6742 = 193174/115380
[2022-04-13 16:07:15.256] End E011 |  test loss  9.040; ppl   8434.79 | accu 0.0601 = 6739/112220 | w_len 2.2517 = 252690/112220 ../data/sample_500k/adolescent_valid.txt
[2022-04-13 16:08:20.471] End E011 |  test loss  9.637; ppl  15323.00 | accu 0.0591 = 29954/506840 | w_len 2.4540 = 1243777/506840 ../data/sample_500k/adult_test.txt
[2022-04-13 16:08:20.472] Save: model.pt... 
[2022-04-13 16:08:20.921] Save: model.pt...Done. best_val_loss: 4.6310
[2022-04-13 16:08:20.922] Epoch 012/20 ==================================================
[2022-04-13 16:09:29.095] E012 |   200/731 batches | lr 10.0000 | loss  3.622 | ppl     37.42 frag_cnt/word_cnt=1.735=242953/140000
[2022-04-13 16:10:33.664] E012 |   400/731 batches | lr 10.0000 | loss  3.639 | ppl     38.05 frag_cnt/word_cnt=1.736=243037/140000
[2022-04-13 16:11:38.836] E012 |   600/731 batches | lr 10.0000 | loss  3.541 | ppl     34.51 frag_cnt/word_cnt=1.722=241109/140000
[2022-04-13 16:12:26.755] E012 |   731/731 batches | lr 10.0000 | loss  3.515 | ppl     33.61 frag_cnt/word_cnt=1.726=158301/91700
[2022-04-13 16:12:41.158] End E012 | valid loss  4.628; ppl    102.27 | accu 0.2404 = 27733/115380 | w_len 1.6742 = 193174/115380
[2022-04-13 16:12:55.348] End E012 |  test loss  9.128; ppl   9210.44 | accu 0.0594 = 6666/112220 | w_len 2.2517 = 252690/112220 ../data/sample_500k/adolescent_valid.txt
[2022-04-13 16:14:01.311] End E012 |  test loss  9.738; ppl  16948.08 | accu 0.0589 = 29836/506840 | w_len 2.4540 = 1243777/506840 ../data/sample_500k/adult_test.txt
[2022-04-13 16:14:01.311] Save: model.pt... 
[2022-04-13 16:14:01.754] Save: model.pt...Done. best_val_loss: 4.6276
[2022-04-13 16:14:01.754] Epoch 013/20 ==================================================
[2022-04-13 16:15:08.834] E013 |   200/731 batches | lr 10.0000 | loss  3.578 | ppl     35.79 frag_cnt/word_cnt=1.735=242953/140000
[2022-04-13 16:16:12.305] E013 |   400/731 batches | lr 10.0000 | loss  3.591 | ppl     36.28 frag_cnt/word_cnt=1.736=243037/140000
[2022-04-13 16:17:17.186] E013 |   600/731 batches | lr 10.0000 | loss  3.504 | ppl     33.24 frag_cnt/word_cnt=1.722=241109/140000
[2022-04-13 16:18:00.777] E013 |   731/731 batches | lr 10.0000 | loss  3.475 | ppl     32.30 frag_cnt/word_cnt=1.726=158301/91700
[2022-04-13 16:18:16.159] End E013 | valid loss  4.634; ppl    102.96 | accu 0.2408 = 27785/115380 | w_len 1.6742 = 193174/115380
[2022-04-13 16:18:31.026] End E013 |  test loss  9.193; ppl   9829.65 | accu 0.0602 = 6757/112220 | w_len 2.2517 = 252690/112220 ../data/sample_500k/adolescent_valid.txt
[2022-04-13 16:19:41.707] End E013 |  test loss  9.760; ppl  17321.74 | accu 0.0591 = 29975/506840 | w_len 2.4540 = 1243777/506840 ../data/sample_500k/adult_test.txt
[2022-04-13 16:19:41.708] Epoch 014/20 ==================================================
[2022-04-13 16:20:46.556] E014 |   200/731 batches | lr 5.0000 | loss  3.518 | ppl     33.72 frag_cnt/word_cnt=1.735=242953/140000
[2022-04-13 16:21:49.720] E014 |   400/731 batches | lr 5.0000 | loss  3.513 | ppl     33.56 frag_cnt/word_cnt=1.736=243037/140000
[2022-04-13 16:22:58.089] E014 |   600/731 batches | lr 5.0000 | loss  3.405 | ppl     30.10 frag_cnt/word_cnt=1.722=241109/140000
[2022-04-13 16:23:40.960] E014 |   731/731 batches | lr 5.0000 | loss  3.357 | ppl     28.71 frag_cnt/word_cnt=1.726=158301/91700
[2022-04-13 16:23:57.723] End E014 | valid loss  4.633; ppl    102.81 | accu 0.2436 = 28104/115380 | w_len 1.6742 = 193174/115380
[2022-04-13 16:24:16.007] End E014 |  test loss  9.318; ppl  11133.01 | accu 0.0595 = 6680/112220 | w_len 2.2517 = 252690/112220 ../data/sample_500k/adolescent_valid.txt
[2022-04-13 16:25:23.953] End E014 |  test loss  9.920; ppl  20332.05 | accu 0.0594 = 30097/506840 | w_len 2.4540 = 1243777/506840 ../data/sample_500k/adult_test.txt
[2022-04-13 16:25:23.954] Epoch 015/20 ==================================================
[2022-04-13 16:26:30.418] E015 |   200/731 batches | lr 2.5000 | loss  3.472 | ppl     32.19 frag_cnt/word_cnt=1.735=242953/140000
[2022-04-13 16:27:33.906] E015 |   400/731 batches | lr 2.5000 | loss  3.466 | ppl     32.02 frag_cnt/word_cnt=1.736=243037/140000
[2022-04-13 16:28:38.339] E015 |   600/731 batches | lr 2.5000 | loss  3.349 | ppl     28.47 frag_cnt/word_cnt=1.722=241109/140000
[2022-04-13 16:29:21.674] E015 |   731/731 batches | lr 2.5000 | loss  3.302 | ppl     27.15 frag_cnt/word_cnt=1.726=158301/91700
[2022-04-13 16:29:39.408] End E015 | valid loss  4.621; ppl    101.60 | accu 0.2456 = 28339/115380 | w_len 1.6742 = 193174/115380
[2022-04-13 16:29:54.890] End E015 |  test loss  9.398; ppl  12058.59 | accu 0.0609 = 6834/112220 | w_len 2.2517 = 252690/112220 ../data/sample_500k/adolescent_valid.txt
[2022-04-13 16:31:00.052] End E015 |  test loss 10.050; ppl  23160.56 | accu 0.0607 = 30767/506840 | w_len 2.4540 = 1243777/506840 ../data/sample_500k/adult_test.txt
[2022-04-13 16:31:00.052] Save: model.pt... 
[2022-04-13 16:31:00.488] Save: model.pt...Done. best_val_loss: 4.6211
[2022-04-13 16:31:00.488] Epoch 016/20 ==================================================
[2022-04-13 16:32:07.650] E016 |   200/731 batches | lr 2.5000 | loss  3.439 | ppl     31.16 frag_cnt/word_cnt=1.735=242953/140000
[2022-04-13 16:33:12.629] E016 |   400/731 batches | lr 2.5000 | loss  3.442 | ppl     31.25 frag_cnt/word_cnt=1.736=243037/140000
[2022-04-13 16:34:20.895] E016 |   600/731 batches | lr 2.5000 | loss  3.335 | ppl     28.09 frag_cnt/word_cnt=1.722=241109/140000
[2022-04-13 16:35:03.374] E016 |   731/731 batches | lr 2.5000 | loss  3.286 | ppl     26.74 frag_cnt/word_cnt=1.726=158301/91700
[2022-04-13 16:35:18.529] End E016 | valid loss  4.623; ppl    101.84 | accu 0.2455 = 28322/115380 | w_len 1.6742 = 193174/115380
[2022-04-13 16:35:34.967] End E016 |  test loss  9.433; ppl  12487.88 | accu 0.0614 = 6885/112220 | w_len 2.2517 = 252690/112220 ../data/sample_500k/adolescent_valid.txt
[2022-04-13 16:36:40.070] End E016 |  test loss 10.051; ppl  23177.78 | accu 0.0613 = 31047/506840 | w_len 2.4540 = 1243777/506840 ../data/sample_500k/adult_test.txt
[2022-04-13 16:36:40.071] Epoch 017/20 ==================================================
[2022-04-13 16:37:44.186] E017 |   200/731 batches | lr 1.2500 | loss  3.422 | ppl     30.62 frag_cnt/word_cnt=1.735=242953/140000
[2022-04-13 16:38:55.104] E017 |   400/731 batches | lr 1.2500 | loss  3.424 | ppl     30.71 frag_cnt/word_cnt=1.736=243037/140000
[2022-04-13 16:39:59.879] E017 |   600/731 batches | lr 1.2500 | loss  3.307 | ppl     27.30 frag_cnt/word_cnt=1.722=241109/140000
[2022-04-13 16:40:45.298] E017 |   731/731 batches | lr 1.2500 | loss  3.259 | ppl     26.02 frag_cnt/word_cnt=1.726=158301/91700
[2022-04-13 16:41:00.311] End E017 | valid loss  4.623; ppl    101.84 | accu 0.2471 = 28509/115380 | w_len 1.6742 = 193174/115380
[2022-04-13 16:41:15.047] End E017 |  test loss  9.482; ppl  13122.59 | accu 0.0625 = 7018/112220 | w_len 2.2517 = 252690/112220 ../data/sample_500k/adolescent_valid.txt
[2022-04-13 16:42:22.475] End E017 |  test loss 10.119; ppl  24807.70 | accu 0.0619 = 31392/506840 | w_len 2.4540 = 1243777/506840 ../data/sample_500k/adult_test.txt
[2022-04-13 16:42:22.476] Epoch 018/20 ==================================================
[2022-04-13 16:43:27.554] E018 |   200/731 batches | lr 0.6250 | loss  3.412 | ppl     30.33 frag_cnt/word_cnt=1.735=242953/140000
[2022-04-13 16:44:29.249] E018 |   400/731 batches | lr 0.6250 | loss  3.412 | ppl     30.33 frag_cnt/word_cnt=1.736=243037/140000
[2022-04-13 16:45:33.315] E018 |   600/731 batches | lr 0.6250 | loss  3.295 | ppl     26.99 frag_cnt/word_cnt=1.722=241109/140000
[2022-04-13 16:46:15.471] E018 |   731/731 batches | lr 0.6250 | loss  3.243 | ppl     25.60 frag_cnt/word_cnt=1.726=158301/91700
[2022-04-13 16:46:29.920] End E018 | valid loss  4.617; ppl    101.17 | accu 0.2484 = 28660/115380 | w_len 1.6742 = 193174/115380
[2022-04-13 16:46:44.598] End E018 |  test loss  9.469; ppl  12955.71 | accu 0.0633 = 7107/112220 | w_len 2.2517 = 252690/112220 ../data/sample_500k/adolescent_valid.txt
[2022-04-13 16:47:49.213] End E018 |  test loss 10.065; ppl  23497.50 | accu 0.0635 = 32198/506840 | w_len 2.4540 = 1243777/506840 ../data/sample_500k/adult_test.txt
[2022-04-13 16:47:49.213] Save: model.pt... 
[2022-04-13 16:47:49.711] Save: model.pt...Done. best_val_loss: 4.6168
[2022-04-13 16:47:49.711] Epoch 019/20 ==================================================
[2022-04-13 16:48:54.351] E019 |   200/731 batches | lr 0.6250 | loss  3.394 | ppl     29.80 frag_cnt/word_cnt=1.735=242953/140000
[2022-04-13 16:49:56.193] E019 |   400/731 batches | lr 0.6250 | loss  3.401 | ppl     30.00 frag_cnt/word_cnt=1.736=243037/140000
[2022-04-13 16:51:01.369] E019 |   600/731 batches | lr 0.6250 | loss  3.294 | ppl     26.95 frag_cnt/word_cnt=1.722=241109/140000
[2022-04-13 16:51:45.271] E019 |   731/731 batches | lr 0.6250 | loss  3.241 | ppl     25.55 frag_cnt/word_cnt=1.726=158301/91700
[2022-04-13 16:51:59.975] End E019 | valid loss  4.617; ppl    101.14 | accu 0.2483 = 28654/115380 | w_len 1.6742 = 193174/115380
[2022-04-13 16:52:14.204] End E019 |  test loss  9.488; ppl  13205.54 | accu 0.0637 = 7154/112220 | w_len 2.2517 = 252690/112220 ../data/sample_500k/adolescent_valid.txt
[2022-04-13 16:53:18.577] End E019 |  test loss 10.061; ppl  23414.42 | accu 0.0636 = 32227/506840 | w_len 2.4540 = 1243777/506840 ../data/sample_500k/adult_test.txt
[2022-04-13 16:53:18.577] Save: model.pt... 
[2022-04-13 16:53:19.068] Save: model.pt...Done. best_val_loss: 4.6165
[2022-04-13 16:53:19.068] Epoch 020/20 ==================================================
[2022-04-13 16:54:25.681] E020 |   200/731 batches | lr 0.6250 | loss  3.389 | ppl     29.63 frag_cnt/word_cnt=1.735=242953/140000
[2022-04-13 16:55:32.423] E020 |   400/731 batches | lr 0.6250 | loss  3.398 | ppl     29.89 frag_cnt/word_cnt=1.736=243037/140000
[2022-04-13 16:56:37.130] E020 |   600/731 batches | lr 0.6250 | loss  3.287 | ppl     26.75 frag_cnt/word_cnt=1.722=241109/140000
[2022-04-13 16:57:20.982] E020 |   731/731 batches | lr 0.6250 | loss  3.236 | ppl     25.43 frag_cnt/word_cnt=1.726=158301/91700
[2022-04-13 16:57:35.374] End E020 | valid loss  4.620; ppl    101.54 | accu 0.2476 = 28565/115380 | w_len 1.6742 = 193174/115380
[2022-04-13 16:57:49.825] End E020 |  test loss  9.461; ppl  12849.26 | accu 0.0640 = 7181/112220 | w_len 2.2517 = 252690/112220 ../data/sample_500k/adolescent_valid.txt
[2022-04-13 16:58:55.890] End E020 |  test loss 10.066; ppl  23532.57 | accu 0.0635 = 32204/506840 | w_len 2.4540 = 1243777/506840 ../data/sample_500k/adult_test.txt
[2022-04-13 16:59:10.296] End. test loss  9.49; ppl 13205.54 | accu 0.0637 = 7154/112220 | w_len 2.2517 = 252690/112220 ../data/sample_500k/adolescent_valid.txt
[2022-04-13 17:00:15.299] End. test loss 10.06; ppl 23414.42 | accu 0.0636 = 32227/506840 | w_len 2.4540 = 1243777/506840 ../data/sample_500k/adult_test.txt
[2022-04-13 17:00:15.299] =========================================================================================
[2022-04-13 17:00:15.299] valid_loss
[2022-04-13 17:00:15.299]  5.41, 5.05, 4.88, 4.84, 4.73, 4.71, 4.68, 4.68, 4.66, 4.67, 4.63, 4.63, 4.63, 4.63, 4.62, 4.62, 4.62, 4.62, 4.62, 4.62
[2022-04-13 17:00:15.299] valid_loss ppl
[2022-04-13 17:00:15.300]   222.54,  155.81,  131.75,  126.72,  113.43,  110.93,  107.81,  107.38,  105.45,  106.78,  102.61,  102.27,  102.96,  102.81,  101.60,  101.84,  101.84,  101.17,  101.14,  101.54
[2022-04-13 17:00:15.300] test_loss of ../data/sample_500k/adolescent_valid.txt
[2022-04-13 17:00:15.300]  8.91, 8.75, 8.62, 8.69, 8.60, 8.65, 8.65, 8.68, 8.75, 8.83, 9.04, 9.13, 9.19, 9.32, 9.40, 9.43, 9.48, 9.47, 9.49, 9.46
[2022-04-13 17:00:15.300] test_loss of ../data/sample_500k/adolescent_valid.txt ppl
[2022-04-13 17:00:15.300]  7380.43, 6293.55, 5519.60, 5960.07, 5457.48, 5734.90, 5704.33, 5913.01, 6305.36, 6854.64, 8434.79, 9210.44, 9829.65,11133.01,12058.59,12487.88,13122.59,12955.71,13205.54,12849.26
[2022-04-13 17:00:15.300] test_loss of ../data/sample_500k/adult_test.txt
[2022-04-13 17:00:15.300]  9.05, 8.96, 8.92, 9.09, 9.04, 9.21, 9.24, 9.21, 9.28, 9.41, 9.64, 9.74, 9.76, 9.92,10.05,10.05,10.12,10.06,10.06,10.07
[2022-04-13 17:00:15.300] test_loss of ../data/sample_500k/adult_test.txt ppl
[2022-04-13 17:00:15.300]  8499.26, 7779.08, 7510.15, 8824.05, 8415.52, 9954.82,10291.58, 9969.32,10724.75,12218.47,15323.00,16948.08,17321.74,20332.05,23160.56,23177.78,24807.70,23497.50,23414.42,23532.57
[2022-04-13 17:00:15.300] 
[2022-04-13 17:00:15.300] 
[2022-04-13 17:00:15.300] 
