[2022-04-13 12:11:36.959] corpus.train_file_list: 1
[2022-04-13 12:11:36.959]         ../data/sample_500k/cbt_train.txt
[2022-04-13 12:11:36.959] corpus.valid_file_list: 1
[2022-04-13 12:11:36.959]         ../data/sample_500k/cbt_valid.txt
[2022-04-13 12:11:36.959] corpus.test_file_list: 2
[2022-04-13 12:11:36.959]         ../data/sample_500k/adolescent_valid.txt
[2022-04-13 12:11:36.959]         ../data/sample_500k/adult_test.txt
[2022-04-13 12:11:36.959] corpus.subword_vocab_size: 0
[2022-04-13 12:11:36.959] corpus.subword_model = None. Corpus will not use subword.
[2022-04-13 12:11:36.959] corpus tokenize...
[2022-04-13 12:11:37.655]         train tokens: 511735  ../data/sample_500k/cbt_train.txt
[2022-04-13 12:11:37.800]         valid tokens: 115417  ../data/sample_500k/cbt_valid.txt
[2022-04-13 12:11:38.024]         test  tokens: 112256  ../data/sample_500k/adolescent_valid.txt
[2022-04-13 12:11:38.633]         test  tokens: 506878  ../data/sample_500k/adult_test.txt
[2022-04-13 12:11:38.633] corpus.ntokens      : 73236
[2022-04-13 12:11:38.633] corpus.char_count   : 157
[2022-04-13 12:11:38.633] corpus.char_cnt_dict: 157
[2022-04-13 12:11:38.633] corpus.char_id_dict : 157
[2022-04-13 12:11:38.644] corpus.batchify(1 files, batch_size=20)...
[2022-04-13 12:11:38.644]         tokens_all: 511735
[2022-04-13 12:11:38.644]         batched   :  25586
[2022-04-13 12:11:38.644]         ../data/sample_500k/cbt_train.txt
[2022-04-13 12:11:40.351] corpus.batchify(1 files, batch_size=20)...
[2022-04-13 12:11:40.352]         tokens_all: 115417
[2022-04-13 12:11:40.352]         batched   :   5770
[2022-04-13 12:11:40.352]         ../data/sample_500k/cbt_valid.txt
[2022-04-13 12:11:40.354] corpus.batchify(1 files, batch_size=20)...
[2022-04-13 12:11:40.354]         tokens_all: 112256
[2022-04-13 12:11:40.354]         batched   :   5612
[2022-04-13 12:11:40.354]         ../data/sample_500k/adolescent_valid.txt
[2022-04-13 12:11:40.359] corpus.batchify(1 files, batch_size=20)...
[2022-04-13 12:11:40.359]         tokens_all: 506878
[2022-04-13 12:11:40.360]         batched   :  25343
[2022-04-13 12:11:40.360]         ../data/sample_500k/adult_test.txt
[2022-04-13 12:11:40.360] subword_adapter will be generated due to word_split_mode='Subword.200'
[2022-04-13 12:11:40.360] SubwordAdapter.file_list: 2
[2022-04-13 12:11:40.360]         ../data/sample_500k/cbt_train.txt
[2022-04-13 12:11:40.361]         ../data/sample_500k/cbt_valid.txt
[2022-04-13 12:11:40.361] SubwordAdapter.subword_vocab_size: 200
[2022-04-13 12:11:40.361] SubwordAdapter.subword_model.train(2 files)...
[2022-04-13 12:11:40.598] SubwordAdapter.subword_model.train(2 files)...Done
[2022-04-13 12:11:41.088] RNNModel.rnn_type: LSTM
[2022-04-13 12:11:41.088] RNNModel.ntoken  : 73236
[2022-04-13 12:11:41.089] RNNModel.ninp    : 200
[2022-04-13 12:11:41.089] RNNModel.nhid    : 200
[2022-04-13 12:11:41.089] RNNModel.nlayers : 2
[2022-04-13 12:11:41.089] RNNModel.dropout : 0.2
[2022-04-13 12:11:41.089] RNNModel.tie_weights: False
[2022-04-13 12:11:41.089] RNNModel.fragment_aggregate_mode: CNN
[2022-04-13 12:11:41.089] RNNModel.fragment_cnt           : 202
[2022-04-13 12:11:41.089] RNNModel.fragment_emsize        : 25
[2022-04-13 12:11:41.089] RNNModel.fragment_nhid          : 200
[2022-04-13 12:11:41.089] RNNModel.fragment_embeds     : created
[2022-04-13 12:11:41.090] RNNModel.fragment_cnn3       : created
[2022-04-13 12:11:41.276] Epoch 001/20 ==================================================
[2022-04-13 12:11:56.466] E001 |   200/731 batches | lr 20.0000 | loss  7.408 | ppl   1649.42 frag_cnt/word_cnt=2.164=302933/140000
[2022-04-13 12:12:11.715] E001 |   400/731 batches | lr 20.0000 | loss  5.989 | ppl    398.82 frag_cnt/word_cnt=2.172=304046/140000
[2022-04-13 12:12:26.730] E001 |   600/731 batches | lr 20.0000 | loss  5.351 | ppl    210.91 frag_cnt/word_cnt=2.148=300690/140000
[2022-04-13 12:12:36.594] E001 |   731/731 batches | lr 20.0000 | loss  5.187 | ppl    179.02 frag_cnt/word_cnt=2.150=197171/91700
[2022-04-13 12:12:41.936] End E001 | valid loss  5.359; ppl    212.44 | accu 0.1528 = 17633/115380 | w_len 2.1181 = 244384/115380
[2022-04-13 12:12:47.236] End E001 |  test loss  8.902; ppl   7344.12 | accu 0.0282 = 3161/112220 | w_len 2.7297 = 306328/112220 ../data/sample_500k/adolescent_valid.txt
[2022-04-13 12:13:11.196] End E001 |  test loss  9.040; ppl   8435.13 | accu 0.0283 = 14328/506840 | w_len 3.0106 = 1525890/506840 ../data/sample_500k/adult_test.txt
[2022-04-13 12:13:11.196] Save: model.pt... 
[2022-04-13 12:13:11.646] Save: model.pt...Done. best_val_loss: 5.3586
[2022-04-13 12:13:11.646] Epoch 002/20 ==================================================
[2022-04-13 12:13:26.692] E002 |   200/731 batches | lr 20.0000 | loss  5.043 | ppl    154.86 frag_cnt/word_cnt=2.164=302933/140000
[2022-04-13 12:13:42.197] E002 |   400/731 batches | lr 20.0000 | loss  4.938 | ppl    139.53 frag_cnt/word_cnt=2.172=304046/140000
[2022-04-13 12:13:57.300] E002 |   600/731 batches | lr 20.0000 | loss  4.744 | ppl    114.95 frag_cnt/word_cnt=2.148=300690/140000
[2022-04-13 12:14:07.140] E002 |   731/731 batches | lr 20.0000 | loss  4.700 | ppl    109.91 frag_cnt/word_cnt=2.150=197171/91700
[2022-04-13 12:14:12.591] End E002 | valid loss  5.036; ppl    153.89 | accu 0.1834 = 21160/115380 | w_len 2.1181 = 244384/115380
[2022-04-13 12:14:17.941] End E002 |  test loss  8.768; ppl   6427.16 | accu 0.0457 = 5130/112220 | w_len 2.7297 = 306328/112220 ../data/sample_500k/adolescent_valid.txt
[2022-04-13 12:14:41.734] End E002 |  test loss  9.043; ppl   8455.80 | accu 0.0450 = 22805/506840 | w_len 3.0106 = 1525890/506840 ../data/sample_500k/adult_test.txt
[2022-04-13 12:14:41.734] Save: model.pt... 
[2022-04-13 12:14:42.172] Save: model.pt...Done. best_val_loss: 5.0362
[2022-04-13 12:14:42.172] Epoch 003/20 ==================================================
[2022-04-13 12:14:57.221] E003 |   200/731 batches | lr 20.0000 | loss  4.653 | ppl    104.92 frag_cnt/word_cnt=2.164=302933/140000
[2022-04-13 12:15:12.272] E003 |   400/731 batches | lr 20.0000 | loss  4.628 | ppl    102.32 frag_cnt/word_cnt=2.172=304046/140000
[2022-04-13 12:15:27.264] E003 |   600/731 batches | lr 20.0000 | loss  4.493 | ppl     89.42 frag_cnt/word_cnt=2.148=300690/140000
[2022-04-13 12:15:37.082] E003 |   731/731 batches | lr 20.0000 | loss  4.474 | ppl     87.74 frag_cnt/word_cnt=2.150=197171/91700
[2022-04-13 12:15:42.347] End E003 | valid loss  4.885; ppl    132.28 | accu 0.1958 = 22597/115380 | w_len 2.1181 = 244384/115380
[2022-04-13 12:15:47.571] End E003 |  test loss  8.750; ppl   6311.87 | accu 0.0474 = 5314/112220 | w_len 2.7297 = 306328/112220 ../data/sample_500k/adolescent_valid.txt
[2022-04-13 12:16:11.417] End E003 |  test loss  9.063; ppl   8631.42 | accu 0.0481 = 24372/506840 | w_len 3.0106 = 1525890/506840 ../data/sample_500k/adult_test.txt
[2022-04-13 12:16:11.418] Save: model.pt... 
[2022-04-13 12:16:11.844] Save: model.pt...Done. best_val_loss: 4.8849
[2022-04-13 12:16:11.845] Epoch 004/20 ==================================================
[2022-04-13 12:16:26.907] E004 |   200/731 batches | lr 20.0000 | loss  4.454 | ppl     85.94 frag_cnt/word_cnt=2.164=302933/140000
[2022-04-13 12:16:42.083] E004 |   400/731 batches | lr 20.0000 | loss  4.444 | ppl     85.12 frag_cnt/word_cnt=2.172=304046/140000
[2022-04-13 12:16:57.191] E004 |   600/731 batches | lr 20.0000 | loss  4.339 | ppl     76.61 frag_cnt/word_cnt=2.148=300690/140000
[2022-04-13 12:17:07.040] E004 |   731/731 batches | lr 20.0000 | loss  4.321 | ppl     75.24 frag_cnt/word_cnt=2.150=197171/91700
[2022-04-13 12:17:12.289] End E004 | valid loss  4.787; ppl    119.94 | accu 0.2026 = 23374/115380 | w_len 2.1181 = 244384/115380
[2022-04-13 12:17:17.484] End E004 |  test loss  8.982; ppl   7955.31 | accu 0.0408 = 4575/112220 | w_len 2.7297 = 306328/112220 ../data/sample_500k/adolescent_valid.txt
[2022-04-13 12:17:41.326] End E004 |  test loss  9.302; ppl  10958.35 | accu 0.0393 = 19915/506840 | w_len 3.0106 = 1525890/506840 ../data/sample_500k/adult_test.txt
[2022-04-13 12:17:41.326] Save: model.pt... 
[2022-04-13 12:17:41.760] Save: model.pt...Done. best_val_loss: 4.7870
[2022-04-13 12:17:41.760] Epoch 005/20 ==================================================
[2022-04-13 12:17:56.738] E005 |   200/731 batches | lr 20.0000 | loss  4.311 | ppl     74.53 frag_cnt/word_cnt=2.164=302933/140000
[2022-04-13 12:18:11.719] E005 |   400/731 batches | lr 20.0000 | loss  4.314 | ppl     74.71 frag_cnt/word_cnt=2.172=304046/140000
[2022-04-13 12:18:26.736] E005 |   600/731 batches | lr 20.0000 | loss  4.223 | ppl     68.26 frag_cnt/word_cnt=2.148=300690/140000
[2022-04-13 12:18:36.552] E005 |   731/731 batches | lr 20.0000 | loss  4.203 | ppl     66.89 frag_cnt/word_cnt=2.150=197171/91700
[2022-04-13 12:18:41.815] End E005 | valid loss  4.757; ppl    116.37 | accu 0.2068 = 23860/115380 | w_len 2.1181 = 244384/115380
[2022-04-13 12:18:47.031] End E005 |  test loss  8.837; ppl   6881.28 | accu 0.0486 = 5450/112220 | w_len 2.7297 = 306328/112220 ../data/sample_500k/adolescent_valid.txt
[2022-04-13 12:19:10.832] End E005 |  test loss  9.035; ppl   8393.73 | accu 0.0518 = 26260/506840 | w_len 3.0106 = 1525890/506840 ../data/sample_500k/adult_test.txt
[2022-04-13 12:19:10.833] Save: model.pt... 
[2022-04-13 12:19:11.260] Save: model.pt...Done. best_val_loss: 4.7567
[2022-04-13 12:19:11.260] Epoch 006/20 ==================================================
[2022-04-13 12:19:26.349] E006 |   200/731 batches | lr 20.0000 | loss  4.202 | ppl     66.84 frag_cnt/word_cnt=2.164=302933/140000
[2022-04-13 12:19:41.556] E006 |   400/731 batches | lr 20.0000 | loss  4.208 | ppl     67.20 frag_cnt/word_cnt=2.172=304046/140000
[2022-04-13 12:19:56.762] E006 |   600/731 batches | lr 20.0000 | loss  4.123 | ppl     61.76 frag_cnt/word_cnt=2.148=300690/140000
[2022-04-13 12:20:06.677] E006 |   731/731 batches | lr 20.0000 | loss  4.104 | ppl     60.59 frag_cnt/word_cnt=2.150=197171/91700
[2022-04-13 12:20:11.946] End E006 | valid loss  4.728; ppl    113.10 | accu 0.2112 = 24363/115380 | w_len 2.1181 = 244384/115380
[2022-04-13 12:20:17.135] End E006 |  test loss  8.712; ppl   6078.37 | accu 0.0518 = 5811/112220 | w_len 2.7297 = 306328/112220 ../data/sample_500k/adolescent_valid.txt
[2022-04-13 12:20:40.783] End E006 |  test loss  9.194; ppl   9837.60 | accu 0.0478 = 24207/506840 | w_len 3.0106 = 1525890/506840 ../data/sample_500k/adult_test.txt
[2022-04-13 12:20:40.783] Save: model.pt... 
[2022-04-13 12:20:41.213] Save: model.pt...Done. best_val_loss: 4.7283
[2022-04-13 12:20:41.214] Epoch 007/20 ==================================================
[2022-04-13 12:20:56.238] E007 |   200/731 batches | lr 20.0000 | loss  4.101 | ppl     60.39 frag_cnt/word_cnt=2.164=302933/140000
[2022-04-13 12:21:11.334] E007 |   400/731 batches | lr 20.0000 | loss  4.112 | ppl     61.09 frag_cnt/word_cnt=2.172=304046/140000
[2022-04-13 12:21:26.420] E007 |   600/731 batches | lr 20.0000 | loss  4.034 | ppl     56.49 frag_cnt/word_cnt=2.148=300690/140000
[2022-04-13 12:21:36.282] E007 |   731/731 batches | lr 20.0000 | loss  4.017 | ppl     55.54 frag_cnt/word_cnt=2.150=197171/91700
[2022-04-13 12:21:41.586] End E007 | valid loss  4.700; ppl    109.90 | accu 0.2161 = 24929/115380 | w_len 2.1181 = 244384/115380
[2022-04-13 12:21:46.801] End E007 |  test loss  8.925; ppl   7518.89 | accu 0.0494 = 5549/112220 | w_len 2.7297 = 306328/112220 ../data/sample_500k/adolescent_valid.txt
[2022-04-13 12:22:10.470] End E007 |  test loss  9.320; ppl  11160.73 | accu 0.0502 = 25466/506840 | w_len 3.0106 = 1525890/506840 ../data/sample_500k/adult_test.txt
[2022-04-13 12:22:10.470] Save: model.pt... 
[2022-04-13 12:22:10.897] Save: model.pt...Done. best_val_loss: 4.6996
[2022-04-13 12:22:10.897] Epoch 008/20 ==================================================
[2022-04-13 12:22:25.943] E008 |   200/731 batches | lr 20.0000 | loss  4.013 | ppl     55.33 frag_cnt/word_cnt=2.164=302933/140000
[2022-04-13 12:22:41.118] E008 |   400/731 batches | lr 20.0000 | loss  4.027 | ppl     56.11 frag_cnt/word_cnt=2.172=304046/140000
[2022-04-13 12:22:56.273] E008 |   600/731 batches | lr 20.0000 | loss  3.958 | ppl     52.33 frag_cnt/word_cnt=2.148=300690/140000
[2022-04-13 12:23:06.201] E008 |   731/731 batches | lr 20.0000 | loss  3.937 | ppl     51.25 frag_cnt/word_cnt=2.150=197171/91700
[2022-04-13 12:23:11.458] End E008 | valid loss  4.683; ppl    108.14 | accu 0.2214 = 25550/115380 | w_len 2.1181 = 244384/115380
[2022-04-13 12:23:16.666] End E008 |  test loss  9.016; ppl   8231.56 | accu 0.0545 = 6114/112220 | w_len 2.7297 = 306328/112220 ../data/sample_500k/adolescent_valid.txt
[2022-04-13 12:23:40.350] End E008 |  test loss  9.383; ppl  11888.98 | accu 0.0529 = 26797/506840 | w_len 3.0106 = 1525890/506840 ../data/sample_500k/adult_test.txt
[2022-04-13 12:23:40.350] Save: model.pt... 
[2022-04-13 12:23:40.777] Save: model.pt...Done. best_val_loss: 4.6834
[2022-04-13 12:23:40.778] Epoch 009/20 ==================================================
[2022-04-13 12:23:55.786] E009 |   200/731 batches | lr 20.0000 | loss  3.941 | ppl     51.46 frag_cnt/word_cnt=2.164=302933/140000
[2022-04-13 12:24:11.094] E009 |   400/731 batches | lr 20.0000 | loss  3.963 | ppl     52.63 frag_cnt/word_cnt=2.172=304046/140000
[2022-04-13 12:24:26.242] E009 |   600/731 batches | lr 20.0000 | loss  3.887 | ppl     48.74 frag_cnt/word_cnt=2.148=300690/140000
[2022-04-13 12:24:36.147] E009 |   731/731 batches | lr 20.0000 | loss  3.870 | ppl     47.95 frag_cnt/word_cnt=2.150=197171/91700
[2022-04-13 12:24:41.480] End E009 | valid loss  4.682; ppl    107.97 | accu 0.2253 = 25995/115380 | w_len 2.1181 = 244384/115380
[2022-04-13 12:24:46.654] End E009 |  test loss  9.071; ppl   8697.40 | accu 0.0545 = 6114/112220 | w_len 2.7297 = 306328/112220 ../data/sample_500k/adolescent_valid.txt
[2022-04-13 12:25:10.248] End E009 |  test loss  9.641; ppl  15375.15 | accu 0.0501 = 25374/506840 | w_len 3.0106 = 1525890/506840 ../data/sample_500k/adult_test.txt
[2022-04-13 12:25:10.248] Save: model.pt... 
[2022-04-13 12:25:10.675] Save: model.pt...Done. best_val_loss: 4.6819
[2022-04-13 12:25:10.675] Epoch 010/20 ==================================================
[2022-04-13 12:25:25.627] E010 |   200/731 batches | lr 20.0000 | loss  3.879 | ppl     48.39 frag_cnt/word_cnt=2.164=302933/140000
[2022-04-13 12:25:41.780] E010 |   400/731 batches | lr 20.0000 | loss  3.898 | ppl     49.29 frag_cnt/word_cnt=2.172=304046/140000
[2022-04-13 12:25:58.510] E010 |   600/731 batches | lr 20.0000 | loss  3.826 | ppl     45.87 frag_cnt/word_cnt=2.148=300690/140000
[2022-04-13 12:26:08.497] E010 |   731/731 batches | lr 20.0000 | loss  3.811 | ppl     45.22 frag_cnt/word_cnt=2.150=197171/91700
[2022-04-13 12:26:13.778] End E010 | valid loss  4.688; ppl    108.63 | accu 0.2208 = 25479/115380 | w_len 2.1181 = 244384/115380
[2022-04-13 12:26:18.998] End E010 |  test loss  9.268; ppl  10591.81 | accu 0.0503 = 5650/112220 | w_len 2.7297 = 306328/112220 ../data/sample_500k/adolescent_valid.txt
[2022-04-13 12:26:42.793] End E010 |  test loss  9.971; ppl  21398.76 | accu 0.0446 = 22592/506840 | w_len 3.0106 = 1525890/506840 ../data/sample_500k/adult_test.txt
[2022-04-13 12:26:42.793] Epoch 011/20 ==================================================
[2022-04-13 12:26:57.787] E011 |   200/731 batches | lr 10.0000 | loss  3.768 | ppl     43.28 frag_cnt/word_cnt=2.164=302933/140000
[2022-04-13 12:27:12.887] E011 |   400/731 batches | lr 10.0000 | loss  3.744 | ppl     42.25 frag_cnt/word_cnt=2.172=304046/140000
[2022-04-13 12:27:28.031] E011 |   600/731 batches | lr 10.0000 | loss  3.637 | ppl     37.98 frag_cnt/word_cnt=2.148=300690/140000
[2022-04-13 12:27:37.987] E011 |   731/731 batches | lr 10.0000 | loss  3.592 | ppl     36.32 frag_cnt/word_cnt=2.150=197171/91700
[2022-04-13 12:27:43.309] End E011 | valid loss  4.604; ppl     99.93 | accu 0.2403 = 27728/115380 | w_len 2.1181 = 244384/115380
[2022-04-13 12:27:48.560] End E011 |  test loss  9.362; ppl  11635.42 | accu 0.0560 = 6288/112220 | w_len 2.7297 = 306328/112220 ../data/sample_500k/adolescent_valid.txt
[2022-04-13 12:28:12.400] End E011 |  test loss 10.070; ppl  23620.69 | accu 0.0516 = 26148/506840 | w_len 3.0106 = 1525890/506840 ../data/sample_500k/adult_test.txt
[2022-04-13 12:28:12.400] Save: model.pt... 
[2022-04-13 12:28:12.832] Save: model.pt...Done. best_val_loss: 4.6044
[2022-04-13 12:28:12.833] Epoch 012/20 ==================================================
[2022-04-13 12:28:29.117] E012 |   200/731 batches | lr 10.0000 | loss  3.671 | ppl     39.30 frag_cnt/word_cnt=2.164=302933/140000
[2022-04-13 12:28:44.979] E012 |   400/731 batches | lr 10.0000 | loss  3.673 | ppl     39.36 frag_cnt/word_cnt=2.172=304046/140000
[2022-04-13 12:29:00.224] E012 |   600/731 batches | lr 10.0000 | loss  3.585 | ppl     36.05 frag_cnt/word_cnt=2.148=300690/140000
[2022-04-13 12:29:10.432] E012 |   731/731 batches | lr 10.0000 | loss  3.553 | ppl     34.92 frag_cnt/word_cnt=2.150=197171/91700
[2022-04-13 12:29:15.732] End E012 | valid loss  4.611; ppl    100.61 | accu 0.2402 = 27712/115380 | w_len 2.1181 = 244384/115380
[2022-04-13 12:29:20.947] End E012 |  test loss  9.475; ppl  13036.16 | accu 0.0565 = 6337/112220 | w_len 2.7297 = 306328/112220 ../data/sample_500k/adolescent_valid.txt
[2022-04-13 12:29:44.737] End E012 |  test loss 10.223; ppl  27532.43 | accu 0.0530 = 26839/506840 | w_len 3.0106 = 1525890/506840 ../data/sample_500k/adult_test.txt
[2022-04-13 12:29:44.737] Epoch 013/20 ==================================================
[2022-04-13 12:29:59.803] E013 |   200/731 batches | lr 5.0000 | loss  3.603 | ppl     36.72 frag_cnt/word_cnt=2.164=302933/140000
[2022-04-13 12:30:14.958] E013 |   400/731 batches | lr 5.0000 | loss  3.592 | ppl     36.32 frag_cnt/word_cnt=2.172=304046/140000
[2022-04-13 12:30:30.069] E013 |   600/731 batches | lr 5.0000 | loss  3.483 | ppl     32.56 frag_cnt/word_cnt=2.148=300690/140000
[2022-04-13 12:30:40.376] E013 |   731/731 batches | lr 5.0000 | loss  3.435 | ppl     31.04 frag_cnt/word_cnt=2.150=197171/91700
[2022-04-13 12:30:46.705] End E013 | valid loss  4.609; ppl    100.34 | accu 0.2444 = 28197/115380 | w_len 2.1181 = 244384/115380
[2022-04-13 12:30:52.969] End E013 |  test loss  9.605; ppl  14841.40 | accu 0.0571 = 6403/112220 | w_len 2.7297 = 306328/112220 ../data/sample_500k/adolescent_valid.txt
[2022-04-13 12:31:21.487] End E013 |  test loss 10.125; ppl  24957.40 | accu 0.0561 = 28444/506840 | w_len 3.0106 = 1525890/506840 ../data/sample_500k/adult_test.txt
[2022-04-13 12:31:21.488] Epoch 014/20 ==================================================
[2022-04-13 12:31:37.290] E014 |   200/731 batches | lr 2.5000 | loss  3.548 | ppl     34.75 frag_cnt/word_cnt=2.164=302933/140000
[2022-04-13 12:31:53.081] E014 |   400/731 batches | lr 2.5000 | loss  3.541 | ppl     34.51 frag_cnt/word_cnt=2.172=304046/140000
[2022-04-13 12:32:08.871] E014 |   600/731 batches | lr 2.5000 | loss  3.426 | ppl     30.75 frag_cnt/word_cnt=2.148=300690/140000
[2022-04-13 12:32:19.303] E014 |   731/731 batches | lr 2.5000 | loss  3.377 | ppl     29.28 frag_cnt/word_cnt=2.150=197171/91700
[2022-04-13 12:32:25.613] End E014 | valid loss  4.596; ppl     99.07 | accu 0.2474 = 28542/115380 | w_len 2.1181 = 244384/115380
[2022-04-13 12:32:31.879] End E014 |  test loss  9.575; ppl  14402.20 | accu 0.0609 = 6831/112220 | w_len 2.7297 = 306328/112220 ../data/sample_500k/adolescent_valid.txt
[2022-04-13 12:33:00.352] End E014 |  test loss  9.984; ppl  21677.93 | accu 0.0607 = 30758/506840 | w_len 3.0106 = 1525890/506840 ../data/sample_500k/adult_test.txt
[2022-04-13 12:33:00.352] Save: model.pt... 
[2022-04-13 12:33:00.787] Save: model.pt...Done. best_val_loss: 4.5958
[2022-04-13 12:33:00.788] Epoch 015/20 ==================================================
[2022-04-13 12:33:16.526] E015 |   200/731 batches | lr 2.5000 | loss  3.515 | ppl     33.63 frag_cnt/word_cnt=2.164=302933/140000
[2022-04-13 12:33:32.250] E015 |   400/731 batches | lr 2.5000 | loss  3.517 | ppl     33.68 frag_cnt/word_cnt=2.172=304046/140000
[2022-04-13 12:33:47.771] E015 |   600/731 batches | lr 2.5000 | loss  3.410 | ppl     30.27 frag_cnt/word_cnt=2.148=300690/140000
[2022-04-13 12:33:57.827] E015 |   731/731 batches | lr 2.5000 | loss  3.365 | ppl     28.94 frag_cnt/word_cnt=2.150=197171/91700
[2022-04-13 12:34:03.121] End E015 | valid loss  4.596; ppl     99.13 | accu 0.2477 = 28575/115380 | w_len 2.1181 = 244384/115380
[2022-04-13 12:34:08.336] End E015 |  test loss  9.621; ppl  15085.10 | accu 0.0612 = 6865/112220 | w_len 2.7297 = 306328/112220 ../data/sample_500k/adolescent_valid.txt
[2022-04-13 12:34:32.183] End E015 |  test loss 10.087; ppl  24030.01 | accu 0.0599 = 30345/506840 | w_len 3.0106 = 1525890/506840 ../data/sample_500k/adult_test.txt
[2022-04-13 12:34:32.183] Epoch 016/20 ==================================================
[2022-04-13 12:34:47.364] E016 |   200/731 batches | lr 1.2500 | loss  3.499 | ppl     33.10 frag_cnt/word_cnt=2.164=302933/140000
[2022-04-13 12:35:02.565] E016 |   400/731 batches | lr 1.2500 | loss  3.491 | ppl     32.83 frag_cnt/word_cnt=2.172=304046/140000
[2022-04-13 12:35:17.765] E016 |   600/731 batches | lr 1.2500 | loss  3.380 | ppl     29.36 frag_cnt/word_cnt=2.148=300690/140000
[2022-04-13 12:35:27.736] E016 |   731/731 batches | lr 1.2500 | loss  3.329 | ppl     27.91 frag_cnt/word_cnt=2.150=197171/91700
[2022-04-13 12:35:33.034] End E016 | valid loss  4.593; ppl     98.76 | accu 0.2486 = 28678/115380 | w_len 2.1181 = 244384/115380
[2022-04-13 12:35:38.275] End E016 |  test loss  9.632; ppl  15251.15 | accu 0.0628 = 7044/112220 | w_len 2.7297 = 306328/112220 ../data/sample_500k/adolescent_valid.txt
[2022-04-13 12:36:01.977] End E016 |  test loss 10.064; ppl  23476.11 | accu 0.0624 = 31610/506840 | w_len 3.0106 = 1525890/506840 ../data/sample_500k/adult_test.txt
[2022-04-13 12:36:01.978] Save: model.pt... 
[2022-04-13 12:36:02.414] Save: model.pt...Done. best_val_loss: 4.5927
[2022-04-13 12:36:02.415] Epoch 017/20 ==================================================
[2022-04-13 12:36:17.441] E017 |   200/731 batches | lr 1.2500 | loss  3.481 | ppl     32.50 frag_cnt/word_cnt=2.164=302933/140000
[2022-04-13 12:36:32.570] E017 |   400/731 batches | lr 1.2500 | loss  3.480 | ppl     32.47 frag_cnt/word_cnt=2.172=304046/140000
[2022-04-13 12:36:47.718] E017 |   600/731 batches | lr 1.2500 | loss  3.369 | ppl     29.05 frag_cnt/word_cnt=2.148=300690/140000
[2022-04-13 12:36:57.630] E017 |   731/731 batches | lr 1.2500 | loss  3.328 | ppl     27.88 frag_cnt/word_cnt=2.150=197171/91700
[2022-04-13 12:37:02.937] End E017 | valid loss  4.595; ppl     99.03 | accu 0.2487 = 28694/115380 | w_len 2.1181 = 244384/115380
[2022-04-13 12:37:08.159] End E017 |  test loss  9.673; ppl  15877.81 | accu 0.0613 = 6874/112220 | w_len 2.7297 = 306328/112220 ../data/sample_500k/adolescent_valid.txt
[2022-04-13 12:37:31.973] End E017 |  test loss 10.076; ppl  23760.96 | accu 0.0614 = 31130/506840 | w_len 3.0106 = 1525890/506840 ../data/sample_500k/adult_test.txt
[2022-04-13 12:37:31.973] Epoch 018/20 ==================================================
[2022-04-13 12:37:47.091] E018 |   200/731 batches | lr 0.6250 | loss  3.470 | ppl     32.14 frag_cnt/word_cnt=2.164=302933/140000
[2022-04-13 12:38:02.316] E018 |   400/731 batches | lr 0.6250 | loss  3.470 | ppl     32.13 frag_cnt/word_cnt=2.172=304046/140000
[2022-04-13 12:38:17.485] E018 |   600/731 batches | lr 0.6250 | loss  3.358 | ppl     28.72 frag_cnt/word_cnt=2.148=300690/140000
[2022-04-13 12:38:27.386] E018 |   731/731 batches | lr 0.6250 | loss  3.311 | ppl     27.41 frag_cnt/word_cnt=2.150=197171/91700
[2022-04-13 12:38:32.665] End E018 | valid loss  4.591; ppl     98.57 | accu 0.2492 = 28751/115380 | w_len 2.1181 = 244384/115380
[2022-04-13 12:38:37.877] End E018 |  test loss  9.645; ppl  15448.97 | accu 0.0630 = 7071/112220 | w_len 2.7297 = 306328/112220 ../data/sample_500k/adolescent_valid.txt
[2022-04-13 12:39:01.684] End E018 |  test loss 10.045; ppl  23042.40 | accu 0.0629 = 31874/506840 | w_len 3.0106 = 1525890/506840 ../data/sample_500k/adult_test.txt
[2022-04-13 12:39:01.684] Save: model.pt... 
[2022-04-13 12:39:02.116] Save: model.pt...Done. best_val_loss: 4.5908
[2022-04-13 12:39:02.116] Epoch 019/20 ==================================================
[2022-04-13 12:39:17.165] E019 |   200/731 batches | lr 0.6250 | loss  3.462 | ppl     31.87 frag_cnt/word_cnt=2.164=302933/140000
[2022-04-13 12:39:32.481] E019 |   400/731 batches | lr 0.6250 | loss  3.457 | ppl     31.72 frag_cnt/word_cnt=2.172=304046/140000
[2022-04-13 12:39:48.756] E019 |   600/731 batches | lr 0.6250 | loss  3.357 | ppl     28.70 frag_cnt/word_cnt=2.148=300690/140000
[2022-04-13 12:39:58.652] E019 |   731/731 batches | lr 0.6250 | loss  3.307 | ppl     27.31 frag_cnt/word_cnt=2.150=197171/91700
[2022-04-13 12:40:03.956] End E019 | valid loss  4.589; ppl     98.42 | accu 0.2492 = 28753/115380 | w_len 2.1181 = 244384/115380
[2022-04-13 12:40:09.212] End E019 |  test loss  9.653; ppl  15566.12 | accu 0.0628 = 7043/112220 | w_len 2.7297 = 306328/112220 ../data/sample_500k/adolescent_valid.txt
[2022-04-13 12:40:33.097] End E019 |  test loss 10.058; ppl  23350.17 | accu 0.0626 = 31719/506840 | w_len 3.0106 = 1525890/506840 ../data/sample_500k/adult_test.txt
[2022-04-13 12:40:33.097] Save: model.pt... 
[2022-04-13 12:40:33.537] Save: model.pt...Done. best_val_loss: 4.5893
[2022-04-13 12:40:33.537] Epoch 020/20 ==================================================
[2022-04-13 12:40:49.275] E020 |   200/731 batches | lr 0.6250 | loss  3.455 | ppl     31.64 frag_cnt/word_cnt=2.164=302933/140000
[2022-04-13 12:41:04.475] E020 |   400/731 batches | lr 0.6250 | loss  3.456 | ppl     31.69 frag_cnt/word_cnt=2.172=304046/140000
[2022-04-13 12:41:19.730] E020 |   600/731 batches | lr 0.6250 | loss  3.351 | ppl     28.54 frag_cnt/word_cnt=2.148=300690/140000
[2022-04-13 12:41:29.613] E020 |   731/731 batches | lr 0.6250 | loss  3.308 | ppl     27.32 frag_cnt/word_cnt=2.150=197171/91700
[2022-04-13 12:41:34.878] End E020 | valid loss  4.589; ppl     98.44 | accu 0.2493 = 28764/115380 | w_len 2.1181 = 244384/115380
[2022-04-13 12:41:40.079] End E020 |  test loss  9.652; ppl  15557.68 | accu 0.0634 = 7117/112220 | w_len 2.7297 = 306328/112220 ../data/sample_500k/adolescent_valid.txt
[2022-04-13 12:42:03.727] End E020 |  test loss 10.083; ppl  23942.22 | accu 0.0627 = 31780/506840 | w_len 3.0106 = 1525890/506840 ../data/sample_500k/adult_test.txt
[2022-04-13 12:42:09.039] End. test loss  9.65; ppl 15566.12 | accu 0.0628 = 7043/112220 | w_len 2.7297 = 306328/112220 ../data/sample_500k/adolescent_valid.txt
[2022-04-13 12:42:32.847] End. test loss 10.06; ppl 23350.17 | accu 0.0626 = 31719/506840 | w_len 3.0106 = 1525890/506840 ../data/sample_500k/adult_test.txt
[2022-04-13 12:42:32.847] =========================================================================================
[2022-04-13 12:42:32.847] valid_loss
[2022-04-13 12:42:32.847]  5.36, 5.04, 4.88, 4.79, 4.76, 4.73, 4.70, 4.68, 4.68, 4.69, 4.60, 4.61, 4.61, 4.60, 4.60, 4.59, 4.60, 4.59, 4.59, 4.59
[2022-04-13 12:42:32.847] valid_loss ppl
[2022-04-13 12:42:32.848]   212.44,  153.89,  132.28,  119.94,  116.37,  113.10,  109.90,  108.14,  107.97,  108.63,   99.93,  100.61,  100.34,   99.07,   99.13,   98.76,   99.03,   98.57,   98.42,   98.44
[2022-04-13 12:42:32.848] test_loss of ../data/sample_500k/adolescent_valid.txt
[2022-04-13 12:42:32.848]  8.90, 8.77, 8.75, 8.98, 8.84, 8.71, 8.93, 9.02, 9.07, 9.27, 9.36, 9.48, 9.61, 9.58, 9.62, 9.63, 9.67, 9.65, 9.65, 9.65
[2022-04-13 12:42:32.848] test_loss of ../data/sample_500k/adolescent_valid.txt ppl
[2022-04-13 12:42:32.856]  7344.12, 6427.16, 6311.87, 7955.31, 6881.28, 6078.37, 7518.89, 8231.56, 8697.40,10591.81,11635.42,13036.16,14841.40,14402.20,15085.10,15251.15,15877.81,15448.97,15566.12,15557.68
[2022-04-13 12:42:32.856] test_loss of ../data/sample_500k/adult_test.txt
[2022-04-13 12:42:32.856]  9.04, 9.04, 9.06, 9.30, 9.04, 9.19, 9.32, 9.38, 9.64, 9.97,10.07,10.22,10.12, 9.98,10.09,10.06,10.08,10.05,10.06,10.08
[2022-04-13 12:42:32.856] test_loss of ../data/sample_500k/adult_test.txt ppl
[2022-04-13 12:42:32.856]  8435.13, 8455.80, 8631.42,10958.35, 8393.73, 9837.60,11160.73,11888.98,15375.15,21398.76,23620.69,27532.43,24957.40,21677.93,24030.01,23476.11,23760.96,23042.40,23350.17,23942.22
[2022-04-13 12:42:32.857] 
[2022-04-13 12:42:32.857] 
[2022-04-13 12:42:32.857] 
