[2022-04-13 17:32:10.222] corpus.train_file_list: 1
[2022-04-13 17:32:10.222]         ../data/sample_500k/cbt_train.txt
[2022-04-13 17:32:10.222] corpus.valid_file_list: 1
[2022-04-13 17:32:10.222]         ../data/sample_500k/cbt_valid.txt
[2022-04-13 17:32:10.222] corpus.test_file_list: 2
[2022-04-13 17:32:10.222]         ../data/sample_500k/adolescent_valid.txt
[2022-04-13 17:32:10.222]         ../data/sample_500k/adult_test.txt
[2022-04-13 17:32:10.222] corpus.subword_vocab_size: 0
[2022-04-13 17:32:10.222] corpus.subword_model = None. Corpus will not use subword.
[2022-04-13 17:32:10.222] corpus tokenize...
[2022-04-13 17:32:10.881]         train tokens: 511735  ../data/sample_500k/cbt_train.txt
[2022-04-13 17:32:11.018]         valid tokens: 115417  ../data/sample_500k/cbt_valid.txt
[2022-04-13 17:32:11.250]         test  tokens: 112256  ../data/sample_500k/adolescent_valid.txt
[2022-04-13 17:32:11.863]         test  tokens: 506878  ../data/sample_500k/adult_test.txt
[2022-04-13 17:32:11.863] corpus.ntokens      : 73236
[2022-04-13 17:32:11.863] corpus.char_count   : 157
[2022-04-13 17:32:11.863] corpus.char_cnt_dict: 157
[2022-04-13 17:32:11.863] corpus.char_id_dict : 157
[2022-04-13 17:32:11.867] corpus.batchify(1 files, batch_size=20)...
[2022-04-13 17:32:11.867]         tokens_all: 511735
[2022-04-13 17:32:11.867]         batched   :  25586
[2022-04-13 17:32:11.867]         ../data/sample_500k/cbt_train.txt
[2022-04-13 17:32:11.869] corpus.batchify(1 files, batch_size=20)...
[2022-04-13 17:32:11.869]         tokens_all: 115417
[2022-04-13 17:32:11.869]         batched   :   5770
[2022-04-13 17:32:11.870]         ../data/sample_500k/cbt_valid.txt
[2022-04-13 17:32:11.871] corpus.batchify(1 files, batch_size=20)...
[2022-04-13 17:32:11.871]         tokens_all: 112256
[2022-04-13 17:32:11.871]         batched   :   5612
[2022-04-13 17:32:11.871]         ../data/sample_500k/adolescent_valid.txt
[2022-04-13 17:32:11.875] corpus.batchify(1 files, batch_size=20)...
[2022-04-13 17:32:11.875]         tokens_all: 506878
[2022-04-13 17:32:11.875]         batched   :  25343
[2022-04-13 17:32:11.875]         ../data/sample_500k/adult_test.txt
[2022-04-13 17:32:11.876] subword_adapter will be generated due to word_split_mode='Subword.1000'
[2022-04-13 17:32:11.876] SubwordAdapter.file_list: 2
[2022-04-13 17:32:11.876]         ../data/sample_500k/cbt_train.txt
[2022-04-13 17:32:11.876]         ../data/sample_500k/cbt_valid.txt
[2022-04-13 17:32:11.876] SubwordAdapter.subword_vocab_size: 1000
[2022-04-13 17:32:11.876] SubwordAdapter.subword_model.train(2 files)...
[2022-04-13 17:32:12.225] SubwordAdapter.subword_model.train(2 files)...Done
[2022-04-13 17:32:12.761] RNNModel.rnn_type: LSTM
[2022-04-13 17:32:12.761] RNNModel.ntoken  : 73236
[2022-04-13 17:32:12.761] RNNModel.ninp    : 200
[2022-04-13 17:32:12.762] RNNModel.nhid    : 200
[2022-04-13 17:32:12.762] RNNModel.nlayers : 2
[2022-04-13 17:32:12.762] RNNModel.dropout : 0.2
[2022-04-13 17:32:12.762] RNNModel.tie_weights: False
[2022-04-13 17:32:12.762] RNNModel.fragment_aggregate_mode: LSTM
[2022-04-13 17:32:12.762] RNNModel.fragment_cnt           : 1002
[2022-04-13 17:32:12.762] RNNModel.fragment_emsize        : 25
[2022-04-13 17:32:12.762] RNNModel.fragment_nhid          : 200
[2022-04-13 17:32:12.763] RNNModel.fragment_embeds     : created
[2022-04-13 17:32:12.766] RNNModel.fragment_lstm       : created
[2022-04-13 17:32:12.766] RNNModel.fragment_lstm_linear: created
[2022-04-13 17:32:12.795] Epoch 001/20 ==================================================
[2022-04-13 17:33:13.472] E001 |   200/731 batches | lr 20.0000 | loss  7.372 | ppl   1590.29 frag_cnt/word_cnt=1.517=212422/140000
[2022-04-13 17:34:13.509] E001 |   400/731 batches | lr 20.0000 | loss  6.045 | ppl    421.81 frag_cnt/word_cnt=1.515=212107/140000
[2022-04-13 17:35:16.087] E001 |   600/731 batches | lr 20.0000 | loss  5.378 | ppl    216.56 frag_cnt/word_cnt=1.514=211977/140000
[2022-04-13 17:35:58.155] E001 |   731/731 batches | lr 20.0000 | loss  5.203 | ppl    181.76 frag_cnt/word_cnt=1.516=139054/91700
[2022-04-13 17:36:13.068] End E001 | valid loss  5.425; ppl    227.10 | accu 0.1501 = 17317/115380 | w_len 1.4664 = 169194/115380
[2022-04-13 17:36:27.258] End E001 |  test loss  8.760; ppl   6374.20 | accu 0.0332 = 3730/112220 | w_len 2.0324 = 228077/112220 ../data/sample_500k/adolescent_valid.txt
[2022-04-13 17:37:36.992] End E001 |  test loss  8.901; ppl   7340.78 | accu 0.0290 = 14683/506840 | w_len 2.1714 = 1100537/506840 ../data/sample_500k/adult_test.txt
[2022-04-13 17:37:36.993] Save: model.pt... 
[2022-04-13 17:37:37.455] Save: model.pt...Done. best_val_loss: 5.4254
[2022-04-13 17:37:37.455] Epoch 002/20 ==================================================
[2022-04-13 17:38:38.771] E002 |   200/731 batches | lr 20.0000 | loss  5.061 | ppl    157.82 frag_cnt/word_cnt=1.517=212422/140000
[2022-04-13 17:39:38.862] E002 |   400/731 batches | lr 20.0000 | loss  4.966 | ppl    143.44 frag_cnt/word_cnt=1.515=212107/140000
[2022-04-13 17:40:39.239] E002 |   600/731 batches | lr 20.0000 | loss  4.773 | ppl    118.32 frag_cnt/word_cnt=1.514=211977/140000
[2022-04-13 17:41:20.773] E002 |   731/731 batches | lr 20.0000 | loss  4.726 | ppl    112.86 frag_cnt/word_cnt=1.516=139054/91700
[2022-04-13 17:41:35.550] End E002 | valid loss  5.064; ppl    158.24 | accu 0.1816 = 20956/115380 | w_len 1.4664 = 169194/115380
[2022-04-13 17:41:49.654] End E002 |  test loss  8.541; ppl   5118.78 | accu 0.0538 = 6032/112220 | w_len 2.0324 = 228077/112220 ../data/sample_500k/adolescent_valid.txt
[2022-04-13 17:42:53.658] End E002 |  test loss  8.755; ppl   6342.91 | accu 0.0539 = 27343/506840 | w_len 2.1714 = 1100537/506840 ../data/sample_500k/adult_test.txt
[2022-04-13 17:42:53.658] Save: model.pt... 
[2022-04-13 17:42:54.123] Save: model.pt...Done. best_val_loss: 5.0641
[2022-04-13 17:42:54.123] Epoch 003/20 ==================================================
[2022-04-13 17:43:55.493] E003 |   200/731 batches | lr 20.0000 | loss  4.673 | ppl    106.99 frag_cnt/word_cnt=1.517=212422/140000
[2022-04-13 17:44:59.208] E003 |   400/731 batches | lr 20.0000 | loss  4.645 | ppl    104.04 frag_cnt/word_cnt=1.515=212107/140000
[2022-04-13 17:46:07.187] E003 |   600/731 batches | lr 20.0000 | loss  4.503 | ppl     90.32 frag_cnt/word_cnt=1.514=211977/140000
[2022-04-13 17:46:47.188] E003 |   731/731 batches | lr 20.0000 | loss  4.478 | ppl     88.10 frag_cnt/word_cnt=1.516=139054/91700
[2022-04-13 17:47:02.066] End E003 | valid loss  4.919; ppl    136.88 | accu 0.1932 = 22287/115380 | w_len 1.4664 = 169194/115380
[2022-04-13 17:47:16.385] End E003 |  test loss  8.529; ppl   5060.22 | accu 0.0542 = 6077/112220 | w_len 2.0324 = 228077/112220 ../data/sample_500k/adolescent_valid.txt
[2022-04-13 17:48:22.829] End E003 |  test loss  8.905; ppl   7367.84 | accu 0.0463 = 23453/506840 | w_len 2.1714 = 1100537/506840 ../data/sample_500k/adult_test.txt
[2022-04-13 17:48:22.830] Save: model.pt... 
[2022-04-13 17:48:23.292] Save: model.pt...Done. best_val_loss: 4.9191
[2022-04-13 17:48:23.293] Epoch 004/20 ==================================================
[2022-04-13 17:49:27.356] E004 |   200/731 batches | lr 20.0000 | loss  4.454 | ppl     85.93 frag_cnt/word_cnt=1.517=212422/140000
[2022-04-13 17:50:30.236] E004 |   400/731 batches | lr 20.0000 | loss  4.454 | ppl     85.94 frag_cnt/word_cnt=1.515=212107/140000
[2022-04-13 17:51:35.370] E004 |   600/731 batches | lr 20.0000 | loss  4.330 | ppl     75.92 frag_cnt/word_cnt=1.514=211977/140000
[2022-04-13 17:52:16.937] E004 |   731/731 batches | lr 20.0000 | loss  4.319 | ppl     75.11 frag_cnt/word_cnt=1.516=139054/91700
[2022-04-13 17:52:31.631] End E004 | valid loss  4.818; ppl    123.69 | accu 0.2007 = 23151/115380 | w_len 1.4664 = 169194/115380
[2022-04-13 17:52:45.881] End E004 |  test loss  8.416; ppl   4516.90 | accu 0.0592 = 6640/112220 | w_len 2.0324 = 228077/112220 ../data/sample_500k/adolescent_valid.txt
[2022-04-13 17:53:55.143] End E004 |  test loss  8.827; ppl   6813.39 | accu 0.0517 = 26215/506840 | w_len 2.1714 = 1100537/506840 ../data/sample_500k/adult_test.txt
[2022-04-13 17:53:55.143] Save: model.pt... 
[2022-04-13 17:53:55.607] Save: model.pt...Done. best_val_loss: 4.8177
[2022-04-13 17:53:55.607] Epoch 005/20 ==================================================
[2022-04-13 17:55:01.902] E005 |   200/731 batches | lr 20.0000 | loss  4.306 | ppl     74.13 frag_cnt/word_cnt=1.517=212422/140000
[2022-04-13 17:56:07.680] E005 |   400/731 batches | lr 20.0000 | loss  4.307 | ppl     74.23 frag_cnt/word_cnt=1.515=212107/140000
[2022-04-13 17:57:09.935] E005 |   600/731 batches | lr 20.0000 | loss  4.200 | ppl     66.68 frag_cnt/word_cnt=1.514=211977/140000
[2022-04-13 17:57:49.504] E005 |   731/731 batches | lr 20.0000 | loss  4.187 | ppl     65.81 frag_cnt/word_cnt=1.516=139054/91700
[2022-04-13 17:58:03.767] End E005 | valid loss  4.776; ppl    118.60 | accu 0.2080 = 24000/115380 | w_len 1.4664 = 169194/115380
[2022-04-13 17:58:17.938] End E005 |  test loss  8.547; ppl   5149.66 | accu 0.0625 = 7009/112220 | w_len 2.0324 = 228077/112220 ../data/sample_500k/adolescent_valid.txt
[2022-04-13 17:59:26.392] End E005 |  test loss  8.900; ppl   7335.27 | accu 0.0569 = 28846/506840 | w_len 2.1714 = 1100537/506840 ../data/sample_500k/adult_test.txt
[2022-04-13 17:59:26.392] Save: model.pt... 
[2022-04-13 17:59:26.920] Save: model.pt...Done. best_val_loss: 4.7757
[2022-04-13 17:59:26.920] Epoch 006/20 ==================================================
[2022-04-13 18:00:31.670] E006 |   200/731 batches | lr 20.0000 | loss  4.179 | ppl     65.33 frag_cnt/word_cnt=1.517=212422/140000
[2022-04-13 18:01:34.527] E006 |   400/731 batches | lr 20.0000 | loss  4.196 | ppl     66.39 frag_cnt/word_cnt=1.515=212107/140000
[2022-04-13 18:02:38.460] E006 |   600/731 batches | lr 20.0000 | loss  4.092 | ppl     59.88 frag_cnt/word_cnt=1.514=211977/140000
[2022-04-13 18:03:20.670] E006 |   731/731 batches | lr 20.0000 | loss  4.077 | ppl     58.97 frag_cnt/word_cnt=1.516=139054/91700
[2022-04-13 18:03:35.106] End E006 | valid loss  4.726; ppl    112.82 | accu 0.2143 = 24726/115380 | w_len 1.4664 = 169194/115380
[2022-04-13 18:03:49.419] End E006 |  test loss  8.640; ppl   5653.29 | accu 0.0607 = 6812/112220 | w_len 2.0324 = 228077/112220 ../data/sample_500k/adolescent_valid.txt
[2022-04-13 18:05:02.549] End E006 |  test loss  9.158; ppl   9487.73 | accu 0.0547 = 27747/506840 | w_len 2.1714 = 1100537/506840 ../data/sample_500k/adult_test.txt
[2022-04-13 18:05:02.549] Save: model.pt... 
[2022-04-13 18:05:03.095] Save: model.pt...Done. best_val_loss: 4.7258
[2022-04-13 18:05:03.095] Epoch 007/20 ==================================================
[2022-04-13 18:06:05.694] E007 |   200/731 batches | lr 20.0000 | loss  4.082 | ppl     59.26 frag_cnt/word_cnt=1.517=212422/140000
[2022-04-13 18:07:13.194] E007 |   400/731 batches | lr 20.0000 | loss  4.097 | ppl     60.15 frag_cnt/word_cnt=1.515=212107/140000
[2022-04-13 18:08:15.051] E007 |   600/731 batches | lr 20.0000 | loss  4.005 | ppl     54.86 frag_cnt/word_cnt=1.514=211977/140000
[2022-04-13 18:08:56.401] E007 |   731/731 batches | lr 20.0000 | loss  3.988 | ppl     53.92 frag_cnt/word_cnt=1.516=139054/91700
[2022-04-13 18:09:11.284] End E007 | valid loss  4.714; ppl    111.49 | accu 0.2171 = 25053/115380 | w_len 1.4664 = 169194/115380
[2022-04-13 18:09:25.488] End E007 |  test loss  8.687; ppl   5923.48 | accu 0.0632 = 7093/112220 | w_len 2.0324 = 228077/112220 ../data/sample_500k/adolescent_valid.txt
[2022-04-13 18:10:29.544] End E007 |  test loss  9.199; ppl   9888.83 | accu 0.0562 = 28482/506840 | w_len 2.1714 = 1100537/506840 ../data/sample_500k/adult_test.txt
[2022-04-13 18:10:29.544] Save: model.pt... 
[2022-04-13 18:10:30.086] Save: model.pt...Done. best_val_loss: 4.7139
[2022-04-13 18:10:30.086] Epoch 008/20 ==================================================
[2022-04-13 18:11:35.535] E008 |   200/731 batches | lr 20.0000 | loss  3.991 | ppl     54.10 frag_cnt/word_cnt=1.517=212422/140000
[2022-04-13 18:12:41.259] E008 |   400/731 batches | lr 20.0000 | loss  4.016 | ppl     55.47 frag_cnt/word_cnt=1.515=212107/140000
[2022-04-13 18:13:44.916] E008 |   600/731 batches | lr 20.0000 | loss  3.928 | ppl     50.78 frag_cnt/word_cnt=1.514=211977/140000
[2022-04-13 18:14:25.906] E008 |   731/731 batches | lr 20.0000 | loss  3.912 | ppl     49.99 frag_cnt/word_cnt=1.516=139054/91700
[2022-04-13 18:14:40.253] End E008 | valid loss  4.691; ppl    109.01 | accu 0.2226 = 25679/115380 | w_len 1.4664 = 169194/115380
[2022-04-13 18:14:54.513] End E008 |  test loss  8.669; ppl   5820.10 | accu 0.0635 = 7131/112220 | w_len 2.0324 = 228077/112220 ../data/sample_500k/adolescent_valid.txt
[2022-04-13 18:15:58.814] End E008 |  test loss  9.163; ppl   9535.09 | accu 0.0573 = 29056/506840 | w_len 2.1714 = 1100537/506840 ../data/sample_500k/adult_test.txt
[2022-04-13 18:15:58.814] Save: model.pt... 
[2022-04-13 18:15:59.322] Save: model.pt...Done. best_val_loss: 4.6914
[2022-04-13 18:15:59.322] Epoch 009/20 ==================================================
[2022-04-13 18:17:00.347] E009 |   200/731 batches | lr 20.0000 | loss  3.920 | ppl     50.38 frag_cnt/word_cnt=1.517=212422/140000
[2022-04-13 18:18:02.363] E009 |   400/731 batches | lr 20.0000 | loss  3.938 | ppl     51.34 frag_cnt/word_cnt=1.515=212107/140000
[2022-04-13 18:19:06.031] E009 |   600/731 batches | lr 20.0000 | loss  3.861 | ppl     47.52 frag_cnt/word_cnt=1.514=211977/140000
[2022-04-13 18:19:47.074] E009 |   731/731 batches | lr 20.0000 | loss  3.837 | ppl     46.39 frag_cnt/word_cnt=1.516=139054/91700
[2022-04-13 18:20:01.620] End E009 | valid loss  4.673; ppl    106.99 | accu 0.2229 = 25716/115380 | w_len 1.4664 = 169194/115380
[2022-04-13 18:20:15.845] End E009 |  test loss  8.665; ppl   5798.23 | accu 0.0697 = 7826/112220 | w_len 2.0324 = 228077/112220 ../data/sample_500k/adolescent_valid.txt
[2022-04-13 18:21:22.872] End E009 |  test loss  9.187; ppl   9769.39 | accu 0.0603 = 30572/506840 | w_len 2.1714 = 1100537/506840 ../data/sample_500k/adult_test.txt
[2022-04-13 18:21:22.872] Save: model.pt... 
[2022-04-13 18:21:23.381] Save: model.pt...Done. best_val_loss: 4.6727
[2022-04-13 18:21:23.382] Epoch 010/20 ==================================================
[2022-04-13 18:22:29.919] E010 |   200/731 batches | lr 20.0000 | loss  3.853 | ppl     47.15 frag_cnt/word_cnt=1.517=212422/140000
[2022-04-13 18:23:39.151] E010 |   400/731 batches | lr 20.0000 | loss  3.884 | ppl     48.61 frag_cnt/word_cnt=1.515=212107/140000
[2022-04-13 18:24:40.612] E010 |   600/731 batches | lr 20.0000 | loss  3.794 | ppl     44.43 frag_cnt/word_cnt=1.514=211977/140000
[2022-04-13 18:25:21.222] E010 |   731/731 batches | lr 20.0000 | loss  3.775 | ppl     43.58 frag_cnt/word_cnt=1.516=139054/91700
[2022-04-13 18:25:35.459] End E010 | valid loss  4.681; ppl    107.89 | accu 0.2232 = 25752/115380 | w_len 1.4664 = 169194/115380
[2022-04-13 18:25:50.124] End E010 |  test loss  8.868; ppl   7099.80 | accu 0.0656 = 7360/112220 | w_len 2.0324 = 228077/112220 ../data/sample_500k/adolescent_valid.txt
[2022-04-13 18:27:02.113] End E010 |  test loss  9.375; ppl  11793.96 | accu 0.0586 = 29693/506840 | w_len 2.1714 = 1100537/506840 ../data/sample_500k/adult_test.txt
[2022-04-13 18:27:02.113] Epoch 011/20 ==================================================
[2022-04-13 18:28:07.732] E011 |   200/731 batches | lr 10.0000 | loss  3.740 | ppl     42.08 frag_cnt/word_cnt=1.517=212422/140000
[2022-04-13 18:29:07.157] E011 |   400/731 batches | lr 10.0000 | loss  3.727 | ppl     41.55 frag_cnt/word_cnt=1.515=212107/140000
[2022-04-13 18:30:14.107] E011 |   600/731 batches | lr 10.0000 | loss  3.605 | ppl     36.79 frag_cnt/word_cnt=1.514=211977/140000
[2022-04-13 18:30:55.230] E011 |   731/731 batches | lr 10.0000 | loss  3.561 | ppl     35.21 frag_cnt/word_cnt=1.516=139054/91700
[2022-04-13 18:31:09.742] End E011 | valid loss  4.633; ppl    102.77 | accu 0.2398 = 27664/115380 | w_len 1.4664 = 169194/115380
[2022-04-13 18:31:24.153] End E011 |  test loss  9.028; ppl   8331.97 | accu 0.0636 = 7141/112220 | w_len 2.0324 = 228077/112220 ../data/sample_500k/adolescent_valid.txt
[2022-04-13 18:32:34.350] End E011 |  test loss  9.696; ppl  16244.46 | accu 0.0584 = 29575/506840 | w_len 2.1714 = 1100537/506840 ../data/sample_500k/adult_test.txt
[2022-04-13 18:32:34.350] Save: model.pt... 
[2022-04-13 18:32:34.859] Save: model.pt...Done. best_val_loss: 4.6325
[2022-04-13 18:32:34.859] Epoch 012/20 ==================================================
[2022-04-13 18:33:38.367] E012 |   200/731 batches | lr 10.0000 | loss  3.640 | ppl     38.09 frag_cnt/word_cnt=1.517=212422/140000
[2022-04-13 18:34:43.328] E012 |   400/731 batches | lr 10.0000 | loss  3.655 | ppl     38.69 frag_cnt/word_cnt=1.515=212107/140000
[2022-04-13 18:35:48.052] E012 |   600/731 batches | lr 10.0000 | loss  3.555 | ppl     34.99 frag_cnt/word_cnt=1.514=211977/140000
[2022-04-13 18:36:33.551] E012 |   731/731 batches | lr 10.0000 | loss  3.518 | ppl     33.73 frag_cnt/word_cnt=1.516=139054/91700
[2022-04-13 18:36:47.799] End E012 | valid loss  4.635; ppl    102.99 | accu 0.2394 = 27624/115380 | w_len 1.4664 = 169194/115380
[2022-04-13 18:37:02.114] End E012 |  test loss  9.103; ppl   8981.97 | accu 0.0636 = 7134/112220 | w_len 2.0324 = 228077/112220 ../data/sample_500k/adolescent_valid.txt
[2022-04-13 18:38:06.222] End E012 |  test loss  9.722; ppl  16679.01 | accu 0.0591 = 29973/506840 | w_len 2.1714 = 1100537/506840 ../data/sample_500k/adult_test.txt
[2022-04-13 18:38:06.222] Epoch 013/20 ==================================================
[2022-04-13 18:39:08.217] E013 |   200/731 batches | lr 5.0000 | loss  3.578 | ppl     35.82 frag_cnt/word_cnt=1.517=212422/140000
[2022-04-13 18:40:16.772] E013 |   400/731 batches | lr 5.0000 | loss  3.576 | ppl     35.72 frag_cnt/word_cnt=1.515=212107/140000
[2022-04-13 18:41:21.068] E013 |   600/731 batches | lr 5.0000 | loss  3.454 | ppl     31.62 frag_cnt/word_cnt=1.514=211977/140000
[2022-04-13 18:42:04.844] E013 |   731/731 batches | lr 5.0000 | loss  3.400 | ppl     29.95 frag_cnt/word_cnt=1.516=139054/91700
[2022-04-13 18:42:19.423] End E013 | valid loss  4.635; ppl    103.00 | accu 0.2432 = 28056/115380 | w_len 1.4664 = 169194/115380
[2022-04-13 18:42:33.716] End E013 |  test loss  9.242; ppl  10323.91 | accu 0.0639 = 7174/112220 | w_len 2.0324 = 228077/112220 ../data/sample_500k/adolescent_valid.txt
[2022-04-13 18:43:37.927] End E013 |  test loss  9.959; ppl  21134.14 | accu 0.0597 = 30242/506840 | w_len 2.1714 = 1100537/506840 ../data/sample_500k/adult_test.txt
[2022-04-13 18:43:37.927] Epoch 014/20 ==================================================
[2022-04-13 18:44:41.818] E014 |   200/731 batches | lr 2.5000 | loss  3.527 | ppl     34.04 frag_cnt/word_cnt=1.517=212422/140000
[2022-04-13 18:45:45.923] E014 |   400/731 batches | lr 2.5000 | loss  3.528 | ppl     34.04 frag_cnt/word_cnt=1.515=212107/140000
[2022-04-13 18:46:51.854] E014 |   600/731 batches | lr 2.5000 | loss  3.395 | ppl     29.81 frag_cnt/word_cnt=1.514=211977/140000
[2022-04-13 18:47:32.370] E014 |   731/731 batches | lr 2.5000 | loss  3.340 | ppl     28.23 frag_cnt/word_cnt=1.516=139054/91700
[2022-04-13 18:47:48.341] End E014 | valid loss  4.622; ppl    101.71 | accu 0.2458 = 28365/115380 | w_len 1.4664 = 169194/115380
[2022-04-13 18:48:02.460] End E014 |  test loss  9.253; ppl  10436.23 | accu 0.0657 = 7376/112220 | w_len 2.0324 = 228077/112220 ../data/sample_500k/adolescent_valid.txt
[2022-04-13 18:49:10.910] End E014 |  test loss  9.963; ppl  21231.33 | accu 0.0611 = 30988/506840 | w_len 2.1714 = 1100537/506840 ../data/sample_500k/adult_test.txt
[2022-04-13 18:49:10.911] Save: model.pt... 
[2022-04-13 18:49:11.413] Save: model.pt...Done. best_val_loss: 4.6221
[2022-04-13 18:49:11.414] Epoch 015/20 ==================================================
[2022-04-13 18:50:15.247] E015 |   200/731 batches | lr 2.5000 | loss  3.490 | ppl     32.78 frag_cnt/word_cnt=1.517=212422/140000
[2022-04-13 18:51:20.242] E015 |   400/731 batches | lr 2.5000 | loss  3.500 | ppl     33.12 frag_cnt/word_cnt=1.515=212107/140000
[2022-04-13 18:52:26.019] E015 |   600/731 batches | lr 2.5000 | loss  3.376 | ppl     29.25 frag_cnt/word_cnt=1.514=211977/140000
[2022-04-13 18:53:07.825] E015 |   731/731 batches | lr 2.5000 | loss  3.330 | ppl     27.94 frag_cnt/word_cnt=1.516=139054/91700
[2022-04-13 18:53:23.448] End E015 | valid loss  4.625; ppl    102.04 | accu 0.2451 = 28282/115380 | w_len 1.4664 = 169194/115380
[2022-04-13 18:53:39.630] End E015 |  test loss  9.270; ppl  10618.77 | accu 0.0649 = 7280/112220 | w_len 2.0324 = 228077/112220 ../data/sample_500k/adolescent_valid.txt
[2022-04-13 18:54:43.231] End E015 |  test loss  9.997; ppl  21968.08 | accu 0.0600 = 30390/506840 | w_len 2.1714 = 1100537/506840 ../data/sample_500k/adult_test.txt
[2022-04-13 18:54:43.232] Epoch 016/20 ==================================================
[2022-04-13 18:55:44.920] E016 |   200/731 batches | lr 1.2500 | loss  3.477 | ppl     32.36 frag_cnt/word_cnt=1.517=212422/140000
[2022-04-13 18:56:45.745] E016 |   400/731 batches | lr 1.2500 | loss  3.479 | ppl     32.42 frag_cnt/word_cnt=1.515=212107/140000
[2022-04-13 18:57:46.078] E016 |   600/731 batches | lr 1.2500 | loss  3.350 | ppl     28.50 frag_cnt/word_cnt=1.514=211977/140000
[2022-04-13 18:58:26.754] E016 |   731/731 batches | lr 1.2500 | loss  3.300 | ppl     27.12 frag_cnt/word_cnt=1.516=139054/91700
[2022-04-13 18:58:41.175] End E016 | valid loss  4.625; ppl    101.95 | accu 0.2465 = 28443/115380 | w_len 1.4664 = 169194/115380
[2022-04-13 18:58:55.230] End E016 |  test loss  9.309; ppl  11042.25 | accu 0.0667 = 7480/112220 | w_len 2.0324 = 228077/112220 ../data/sample_500k/adolescent_valid.txt
[2022-04-13 19:00:04.139] End E016 |  test loss 10.049; ppl  23129.25 | accu 0.0618 = 31333/506840 | w_len 2.1714 = 1100537/506840 ../data/sample_500k/adult_test.txt
[2022-04-13 19:00:04.139] Epoch 017/20 ==================================================
[2022-04-13 19:01:06.060] E017 |   200/731 batches | lr 0.6250 | loss  3.461 | ppl     31.85 frag_cnt/word_cnt=1.517=212422/140000
[2022-04-13 19:02:16.276] E017 |   400/731 batches | lr 0.6250 | loss  3.467 | ppl     32.03 frag_cnt/word_cnt=1.515=212107/140000
[2022-04-13 19:03:16.834] E017 |   600/731 batches | lr 0.6250 | loss  3.337 | ppl     28.14 frag_cnt/word_cnt=1.514=211977/140000
[2022-04-13 19:03:59.256] E017 |   731/731 batches | lr 0.6250 | loss  3.277 | ppl     26.51 frag_cnt/word_cnt=1.516=139054/91700
[2022-04-13 19:04:13.554] End E017 | valid loss  4.623; ppl    101.79 | accu 0.2470 = 28494/115380 | w_len 1.4664 = 169194/115380
[2022-04-13 19:04:27.825] End E017 |  test loss  9.302; ppl  10965.07 | accu 0.0671 = 7529/112220 | w_len 2.0324 = 228077/112220 ../data/sample_500k/adolescent_valid.txt
[2022-04-13 19:05:35.437] End E017 |  test loss 10.071; ppl  23645.38 | accu 0.0621 = 31490/506840 | w_len 2.1714 = 1100537/506840 ../data/sample_500k/adult_test.txt
[2022-04-13 19:05:35.437] Epoch 018/20 ==================================================
[2022-04-13 19:06:37.074] E018 |   200/731 batches | lr 0.3125 | loss  3.450 | ppl     31.50 frag_cnt/word_cnt=1.517=212422/140000
[2022-04-13 19:07:42.034] E018 |   400/731 batches | lr 0.3125 | loss  3.456 | ppl     31.68 frag_cnt/word_cnt=1.515=212107/140000
[2022-04-13 19:08:45.242] E018 |   600/731 batches | lr 0.3125 | loss  3.327 | ppl     27.86 frag_cnt/word_cnt=1.514=211977/140000
[2022-04-13 19:09:30.446] E018 |   731/731 batches | lr 0.3125 | loss  3.272 | ppl     26.35 frag_cnt/word_cnt=1.516=139054/91700
[2022-04-13 19:09:46.678] End E018 | valid loss  4.616; ppl    101.08 | accu 0.2475 = 28556/115380 | w_len 1.4664 = 169194/115380
[2022-04-13 19:10:04.201] End E018 |  test loss  9.310; ppl  11042.51 | accu 0.0671 = 7530/112220 | w_len 2.0324 = 228077/112220 ../data/sample_500k/adolescent_valid.txt
[2022-04-13 19:11:07.555] End E018 |  test loss 10.069; ppl  23602.05 | accu 0.0626 = 31706/506840 | w_len 2.1714 = 1100537/506840 ../data/sample_500k/adult_test.txt
[2022-04-13 19:11:07.556] Save: model.pt... 
[2022-04-13 19:11:08.056] Save: model.pt...Done. best_val_loss: 4.6159
[2022-04-13 19:11:08.056] Epoch 019/20 ==================================================
[2022-04-13 19:12:10.463] E019 |   200/731 batches | lr 0.3125 | loss  3.446 | ppl     31.36 frag_cnt/word_cnt=1.517=212422/140000
[2022-04-13 19:13:15.725] E019 |   400/731 batches | lr 0.3125 | loss  3.452 | ppl     31.57 frag_cnt/word_cnt=1.515=212107/140000
[2022-04-13 19:14:17.526] E019 |   600/731 batches | lr 0.3125 | loss  3.323 | ppl     27.74 frag_cnt/word_cnt=1.514=211977/140000
[2022-04-13 19:14:58.172] E019 |   731/731 batches | lr 0.3125 | loss  3.271 | ppl     26.33 frag_cnt/word_cnt=1.516=139054/91700
[2022-04-13 19:15:12.486] End E019 | valid loss  4.617; ppl    101.17 | accu 0.2470 = 28501/115380 | w_len 1.4664 = 169194/115380
[2022-04-13 19:15:26.597] End E019 |  test loss  9.308; ppl  11023.80 | accu 0.0670 = 7520/112220 | w_len 2.0324 = 228077/112220 ../data/sample_500k/adolescent_valid.txt
[2022-04-13 19:16:33.401] End E019 |  test loss 10.058; ppl  23340.76 | accu 0.0627 = 31804/506840 | w_len 2.1714 = 1100537/506840 ../data/sample_500k/adult_test.txt
[2022-04-13 19:16:33.402] Epoch 020/20 ==================================================
[2022-04-13 19:17:33.409] E020 |   200/731 batches | lr 0.1562 | loss  3.442 | ppl     31.25 frag_cnt/word_cnt=1.517=212422/140000
[2022-04-13 19:18:35.194] E020 |   400/731 batches | lr 0.1562 | loss  3.448 | ppl     31.43 frag_cnt/word_cnt=1.515=212107/140000
[2022-04-13 19:19:47.013] E020 |   600/731 batches | lr 0.1562 | loss  3.322 | ppl     27.73 frag_cnt/word_cnt=1.514=211977/140000
[2022-04-13 19:20:33.075] E020 |   731/731 batches | lr 0.1562 | loss  3.270 | ppl     26.32 frag_cnt/word_cnt=1.516=139054/91700
[2022-04-13 19:20:47.530] End E020 | valid loss  4.613; ppl    100.77 | accu 0.2474 = 28544/115380 | w_len 1.4664 = 169194/115380
[2022-04-13 19:21:01.690] End E020 |  test loss  9.304; ppl  10987.11 | accu 0.0674 = 7562/112220 | w_len 2.0324 = 228077/112220 ../data/sample_500k/adolescent_valid.txt
[2022-04-13 19:22:05.633] End E020 |  test loss 10.041; ppl  22937.38 | accu 0.0632 = 32040/506840 | w_len 2.1714 = 1100537/506840 ../data/sample_500k/adult_test.txt
[2022-04-13 19:22:05.633] Save: model.pt... 
[2022-04-13 19:22:06.124] Save: model.pt...Done. best_val_loss: 4.6128
[2022-04-13 19:22:20.701] End. test loss  9.30; ppl 10987.11 | accu 0.0674 = 7562/112220 | w_len 2.0324 = 228077/112220 ../data/sample_500k/adolescent_valid.txt
[2022-04-13 19:23:26.840] End. test loss 10.04; ppl 22937.38 | accu 0.0632 = 32040/506840 | w_len 2.1714 = 1100537/506840 ../data/sample_500k/adult_test.txt
[2022-04-13 19:23:26.840] =========================================================================================
[2022-04-13 19:23:26.840] valid_loss
[2022-04-13 19:23:26.840]  5.43, 5.06, 4.92, 4.82, 4.78, 4.73, 4.71, 4.69, 4.67, 4.68, 4.63, 4.63, 4.63, 4.62, 4.63, 4.62, 4.62, 4.62, 4.62, 4.61
[2022-04-13 19:23:26.840] valid_loss ppl
[2022-04-13 19:23:26.840]   227.10,  158.24,  136.88,  123.69,  118.60,  112.82,  111.49,  109.01,  106.99,  107.89,  102.77,  102.99,  103.00,  101.71,  102.04,  101.95,  101.79,  101.08,  101.17,  100.77
[2022-04-13 19:23:26.840] test_loss of ../data/sample_500k/adolescent_valid.txt
[2022-04-13 19:23:26.840]  8.76, 8.54, 8.53, 8.42, 8.55, 8.64, 8.69, 8.67, 8.67, 8.87, 9.03, 9.10, 9.24, 9.25, 9.27, 9.31, 9.30, 9.31, 9.31, 9.30
[2022-04-13 19:23:26.840] test_loss of ../data/sample_500k/adolescent_valid.txt ppl
[2022-04-13 19:23:26.840]  6374.20, 5118.78, 5060.22, 4516.90, 5149.66, 5653.29, 5923.48, 5820.10, 5798.23, 7099.80, 8331.97, 8981.97,10323.91,10436.23,10618.77,11042.25,10965.07,11042.51,11023.80,10987.11
[2022-04-13 19:23:26.841] test_loss of ../data/sample_500k/adult_test.txt
[2022-04-13 19:23:26.841]  8.90, 8.76, 8.90, 8.83, 8.90, 9.16, 9.20, 9.16, 9.19, 9.38, 9.70, 9.72, 9.96, 9.96,10.00,10.05,10.07,10.07,10.06,10.04
[2022-04-13 19:23:26.841] test_loss of ../data/sample_500k/adult_test.txt ppl
[2022-04-13 19:23:26.841]  7340.78, 6342.91, 7367.84, 6813.39, 7335.27, 9487.73, 9888.83, 9535.09, 9769.39,11793.96,16244.46,16679.01,21134.14,21231.33,21968.08,23129.25,23645.38,23602.05,23340.76,22937.38
[2022-04-13 19:23:26.841] 
[2022-04-13 19:23:26.841] 
[2022-04-13 19:23:26.841] 
