[2022-04-13 19:23:26.851] corpus.train_file_list: 1
[2022-04-13 19:23:26.851]         ../data/sample_500k/cbt_train.txt
[2022-04-13 19:23:26.852] corpus.valid_file_list: 1
[2022-04-13 19:23:26.852]         ../data/sample_500k/cbt_valid.txt
[2022-04-13 19:23:26.852] corpus.test_file_list: 2
[2022-04-13 19:23:26.852]         ../data/sample_500k/adolescent_valid.txt
[2022-04-13 19:23:26.852]         ../data/sample_500k/adult_test.txt
[2022-04-13 19:23:26.852] corpus.subword_vocab_size: 0
[2022-04-13 19:23:26.852] corpus.subword_model = None. Corpus will not use subword.
[2022-04-13 19:23:26.852] corpus tokenize...
[2022-04-13 19:23:27.595]         train tokens: 511735  ../data/sample_500k/cbt_train.txt
[2022-04-13 19:23:27.745]         valid tokens: 115417  ../data/sample_500k/cbt_valid.txt
[2022-04-13 19:23:28.026]         test  tokens: 112256  ../data/sample_500k/adolescent_valid.txt
[2022-04-13 19:23:28.643]         test  tokens: 506878  ../data/sample_500k/adult_test.txt
[2022-04-13 19:23:28.644] corpus.ntokens      : 73236
[2022-04-13 19:23:28.644] corpus.char_count   : 157
[2022-04-13 19:23:28.644] corpus.char_cnt_dict: 157
[2022-04-13 19:23:28.644] corpus.char_id_dict : 157
[2022-04-13 19:23:28.651] corpus.batchify(1 files, batch_size=20)...
[2022-04-13 19:23:28.652]         tokens_all: 511735
[2022-04-13 19:23:28.652]         batched   :  25586
[2022-04-13 19:23:28.652]         ../data/sample_500k/cbt_train.txt
[2022-04-13 19:23:28.656] corpus.batchify(1 files, batch_size=20)...
[2022-04-13 19:23:28.656]         tokens_all: 115417
[2022-04-13 19:23:28.657]         batched   :   5770
[2022-04-13 19:23:28.657]         ../data/sample_500k/cbt_valid.txt
[2022-04-13 19:23:28.661] corpus.batchify(1 files, batch_size=20)...
[2022-04-13 19:23:28.661]         tokens_all: 112256
[2022-04-13 19:23:28.661]         batched   :   5612
[2022-04-13 19:23:28.661]         ../data/sample_500k/adolescent_valid.txt
[2022-04-13 19:23:28.668] corpus.batchify(1 files, batch_size=20)...
[2022-04-13 19:23:28.668]         tokens_all: 506878
[2022-04-13 19:23:28.668]         batched   :  25343
[2022-04-13 19:23:28.668]         ../data/sample_500k/adult_test.txt
[2022-04-13 19:23:28.669] subword_adapter will be generated due to word_split_mode='Subword.2000'
[2022-04-13 19:23:28.669] SubwordAdapter.file_list: 2
[2022-04-13 19:23:28.669]         ../data/sample_500k/cbt_train.txt
[2022-04-13 19:23:28.670]         ../data/sample_500k/cbt_valid.txt
[2022-04-13 19:23:28.670] SubwordAdapter.subword_vocab_size: 2000
[2022-04-13 19:23:28.670] SubwordAdapter.subword_model.train(2 files)...
[2022-04-13 19:23:29.160] SubwordAdapter.subword_model.train(2 files)...Done
[2022-04-13 19:23:29.727] RNNModel.rnn_type: LSTM
[2022-04-13 19:23:29.728] RNNModel.ntoken  : 73236
[2022-04-13 19:23:29.728] RNNModel.ninp    : 200
[2022-04-13 19:23:29.728] RNNModel.nhid    : 200
[2022-04-13 19:23:29.728] RNNModel.nlayers : 2
[2022-04-13 19:23:29.728] RNNModel.dropout : 0.2
[2022-04-13 19:23:29.728] RNNModel.tie_weights: False
[2022-04-13 19:23:29.728] RNNModel.fragment_aggregate_mode: CNN
[2022-04-13 19:23:29.728] RNNModel.fragment_cnt           : 2002
[2022-04-13 19:23:29.728] RNNModel.fragment_emsize        : 25
[2022-04-13 19:23:29.728] RNNModel.fragment_nhid          : 200
[2022-04-13 19:23:29.730] RNNModel.fragment_embeds     : created
[2022-04-13 19:23:29.730] RNNModel.fragment_cnn3       : created
[2022-04-13 19:23:29.764] Epoch 001/20 ==================================================
[2022-04-13 19:23:45.029] E001 |   200/731 batches | lr 20.0000 | loss  7.405 | ppl   1644.69 frag_cnt/word_cnt=1.358=190183/140000
[2022-04-13 19:24:00.588] E001 |   400/731 batches | lr 20.0000 | loss  6.068 | ppl    432.00 frag_cnt/word_cnt=1.351=189199/140000
[2022-04-13 19:24:16.430] E001 |   600/731 batches | lr 20.0000 | loss  5.387 | ppl    218.55 frag_cnt/word_cnt=1.357=189938/140000
[2022-04-13 19:24:26.309] E001 |   731/731 batches | lr 20.0000 | loss  5.195 | ppl    180.38 frag_cnt/word_cnt=1.359=124608/91700
[2022-04-13 19:24:31.538] End E001 | valid loss  5.300; ppl    200.29 | accu 0.1708 = 19711/115380 | w_len 1.3133 = 151533/115380
[2022-04-13 19:24:36.746] End E001 |  test loss  8.862; ppl   7059.75 | accu 0.0337 = 3784/112220 | w_len 1.8753 = 210448/112220 ../data/sample_500k/adolescent_valid.txt
[2022-04-13 19:25:00.687] End E001 |  test loss  8.949; ppl   7701.41 | accu 0.0276 = 13980/506840 | w_len 1.9628 = 994802/506840 ../data/sample_500k/adult_test.txt
[2022-04-13 19:25:00.687] Save: model.pt... 
[2022-04-13 19:25:01.180] Save: model.pt...Done. best_val_loss: 5.2998
[2022-04-13 19:25:01.180] Epoch 002/20 ==================================================
[2022-04-13 19:25:16.802] E002 |   200/731 batches | lr 20.0000 | loss  5.048 | ppl    155.73 frag_cnt/word_cnt=1.358=190183/140000
[2022-04-13 19:25:32.073] E002 |   400/731 batches | lr 20.0000 | loss  4.950 | ppl    141.14 frag_cnt/word_cnt=1.351=189199/140000
[2022-04-13 19:25:47.108] E002 |   600/731 batches | lr 20.0000 | loss  4.750 | ppl    115.53 frag_cnt/word_cnt=1.357=189938/140000
[2022-04-13 19:25:57.736] E002 |   731/731 batches | lr 20.0000 | loss  4.695 | ppl    109.44 frag_cnt/word_cnt=1.359=124608/91700
[2022-04-13 19:26:04.118] End E002 | valid loss  5.050; ppl    156.04 | accu 0.1785 = 20592/115380 | w_len 1.3133 = 151533/115380
[2022-04-13 19:26:10.424] End E002 |  test loss  8.541; ppl   5119.94 | accu 0.0471 = 5286/112220 | w_len 1.8753 = 210448/112220 ../data/sample_500k/adolescent_valid.txt
[2022-04-13 19:26:39.136] End E002 |  test loss  8.854; ppl   7003.90 | accu 0.0321 = 16286/506840 | w_len 1.9628 = 994802/506840 ../data/sample_500k/adult_test.txt
[2022-04-13 19:26:39.136] Save: model.pt... 
[2022-04-13 19:26:39.630] Save: model.pt...Done. best_val_loss: 5.0501
[2022-04-13 19:26:39.630] Epoch 003/20 ==================================================
[2022-04-13 19:26:54.701] E003 |   200/731 batches | lr 20.0000 | loss  4.650 | ppl    104.56 frag_cnt/word_cnt=1.358=190183/140000
[2022-04-13 19:27:09.713] E003 |   400/731 batches | lr 20.0000 | loss  4.622 | ppl    101.74 frag_cnt/word_cnt=1.351=189199/140000
[2022-04-13 19:27:24.808] E003 |   600/731 batches | lr 20.0000 | loss  4.489 | ppl     88.99 frag_cnt/word_cnt=1.357=189938/140000
[2022-04-13 19:27:34.669] E003 |   731/731 batches | lr 20.0000 | loss  4.460 | ppl     86.51 frag_cnt/word_cnt=1.359=124608/91700
[2022-04-13 19:27:39.913] End E003 | valid loss  4.853; ppl    128.13 | accu 0.2018 = 23284/115380 | w_len 1.3133 = 151533/115380
[2022-04-13 19:27:45.119] End E003 |  test loss  8.566; ppl   5249.97 | accu 0.0621 = 6971/112220 | w_len 1.8753 = 210448/112220 ../data/sample_500k/adolescent_valid.txt
[2022-04-13 19:28:08.999] End E003 |  test loss  8.979; ppl   7932.04 | accu 0.0550 = 27888/506840 | w_len 1.9628 = 994802/506840 ../data/sample_500k/adult_test.txt
[2022-04-13 19:28:08.999] Save: model.pt... 
[2022-04-13 19:28:09.485] Save: model.pt...Done. best_val_loss: 4.8530
[2022-04-13 19:28:09.485] Epoch 004/20 ==================================================
[2022-04-13 19:28:24.397] E004 |   200/731 batches | lr 20.0000 | loss  4.441 | ppl     84.86 frag_cnt/word_cnt=1.358=190183/140000
[2022-04-13 19:28:40.003] E004 |   400/731 batches | lr 20.0000 | loss  4.442 | ppl     84.92 frag_cnt/word_cnt=1.351=189199/140000
[2022-04-13 19:28:56.136] E004 |   600/731 batches | lr 20.0000 | loss  4.328 | ppl     75.81 frag_cnt/word_cnt=1.357=189938/140000
[2022-04-13 19:29:06.057] E004 |   731/731 batches | lr 20.0000 | loss  4.309 | ppl     74.33 frag_cnt/word_cnt=1.359=124608/91700
[2022-04-13 19:29:11.318] End E004 | valid loss  4.792; ppl    120.55 | accu 0.2054 = 23694/115380 | w_len 1.3133 = 151533/115380
[2022-04-13 19:29:16.551] End E004 |  test loss  8.522; ppl   5022.03 | accu 0.0660 = 7402/112220 | w_len 1.8753 = 210448/112220 ../data/sample_500k/adolescent_valid.txt
[2022-04-13 19:29:40.388] End E004 |  test loss  9.018; ppl   8249.69 | accu 0.0521 = 26411/506840 | w_len 1.9628 = 994802/506840 ../data/sample_500k/adult_test.txt
[2022-04-13 19:29:40.388] Save: model.pt... 
[2022-04-13 19:29:40.875] Save: model.pt...Done. best_val_loss: 4.7920
[2022-04-13 19:29:40.875] Epoch 005/20 ==================================================
[2022-04-13 19:29:55.942] E005 |   200/731 batches | lr 20.0000 | loss  4.302 | ppl     73.82 frag_cnt/word_cnt=1.358=190183/140000
[2022-04-13 19:30:10.979] E005 |   400/731 batches | lr 20.0000 | loss  4.311 | ppl     74.49 frag_cnt/word_cnt=1.351=189199/140000
[2022-04-13 19:30:26.084] E005 |   600/731 batches | lr 20.0000 | loss  4.209 | ppl     67.31 frag_cnt/word_cnt=1.357=189938/140000
[2022-04-13 19:30:35.973] E005 |   731/731 batches | lr 20.0000 | loss  4.191 | ppl     66.08 frag_cnt/word_cnt=1.359=124608/91700
[2022-04-13 19:30:41.251] End E005 | valid loss  4.755; ppl    116.14 | accu 0.2077 = 23967/115380 | w_len 1.3133 = 151533/115380
[2022-04-13 19:30:46.571] End E005 |  test loss  8.602; ppl   5444.83 | accu 0.0646 = 7245/112220 | w_len 1.8753 = 210448/112220 ../data/sample_500k/adolescent_valid.txt
[2022-04-13 19:31:10.425] End E005 |  test loss  9.064; ppl   8641.82 | accu 0.0555 = 28107/506840 | w_len 1.9628 = 994802/506840 ../data/sample_500k/adult_test.txt
[2022-04-13 19:31:10.425] Save: model.pt... 
[2022-04-13 19:31:10.915] Save: model.pt...Done. best_val_loss: 4.7548
[2022-04-13 19:31:10.915] Epoch 006/20 ==================================================
[2022-04-13 19:31:25.855] E006 |   200/731 batches | lr 20.0000 | loss  4.196 | ppl     66.41 frag_cnt/word_cnt=1.358=190183/140000
[2022-04-13 19:31:41.509] E006 |   400/731 batches | lr 20.0000 | loss  4.210 | ppl     67.33 frag_cnt/word_cnt=1.351=189199/140000
[2022-04-13 19:31:57.070] E006 |   600/731 batches | lr 20.0000 | loss  4.113 | ppl     61.13 frag_cnt/word_cnt=1.357=189938/140000
[2022-04-13 19:32:06.955] E006 |   731/731 batches | lr 20.0000 | loss  4.099 | ppl     60.25 frag_cnt/word_cnt=1.359=124608/91700
[2022-04-13 19:32:12.228] End E006 | valid loss  4.743; ppl    114.83 | accu 0.2102 = 24251/115380 | w_len 1.3133 = 151533/115380
[2022-04-13 19:32:17.482] End E006 |  test loss  8.690; ppl   5945.35 | accu 0.0603 = 6768/112220 | w_len 1.8753 = 210448/112220 ../data/sample_500k/adolescent_valid.txt
[2022-04-13 19:32:41.306] End E006 |  test loss  9.225; ppl  10143.37 | accu 0.0491 = 24887/506840 | w_len 1.9628 = 994802/506840 ../data/sample_500k/adult_test.txt
[2022-04-13 19:32:41.306] Save: model.pt... 
[2022-04-13 19:32:41.750] Save: model.pt...Done. best_val_loss: 4.7434
[2022-04-13 19:32:41.750] Epoch 007/20 ==================================================
[2022-04-13 19:32:57.167] E007 |   200/731 batches | lr 20.0000 | loss  4.105 | ppl     60.66 frag_cnt/word_cnt=1.358=190183/140000
[2022-04-13 19:33:13.263] E007 |   400/731 batches | lr 20.0000 | loss  4.125 | ppl     61.86 frag_cnt/word_cnt=1.351=189199/140000
[2022-04-13 19:33:29.547] E007 |   600/731 batches | lr 20.0000 | loss  4.032 | ppl     56.36 frag_cnt/word_cnt=1.357=189938/140000
[2022-04-13 19:33:39.545] E007 |   731/731 batches | lr 20.0000 | loss  4.021 | ppl     55.74 frag_cnt/word_cnt=1.359=124608/91700
[2022-04-13 19:33:44.785] End E007 | valid loss  4.720; ppl    112.19 | accu 0.2132 = 24598/115380 | w_len 1.3133 = 151533/115380
[2022-04-13 19:33:50.012] End E007 |  test loss  8.788; ppl   6554.22 | accu 0.0630 = 7070/112220 | w_len 1.8753 = 210448/112220 ../data/sample_500k/adolescent_valid.txt
[2022-04-13 19:34:13.724] End E007 |  test loss  9.290; ppl  10827.77 | accu 0.0543 = 27526/506840 | w_len 1.9628 = 994802/506840 ../data/sample_500k/adult_test.txt
[2022-04-13 19:34:13.724] Save: model.pt... 
[2022-04-13 19:34:14.160] Save: model.pt...Done. best_val_loss: 4.7202
[2022-04-13 19:34:14.160] Epoch 008/20 ==================================================
[2022-04-13 19:34:29.556] E008 |   200/731 batches | lr 20.0000 | loss  4.025 | ppl     55.97 frag_cnt/word_cnt=1.358=190183/140000
[2022-04-13 19:34:44.831] E008 |   400/731 batches | lr 20.0000 | loss  4.052 | ppl     57.54 frag_cnt/word_cnt=1.351=189199/140000
[2022-04-13 19:35:00.424] E008 |   600/731 batches | lr 20.0000 | loss  3.962 | ppl     52.54 frag_cnt/word_cnt=1.357=189938/140000
[2022-04-13 19:35:10.446] E008 |   731/731 batches | lr 20.0000 | loss  3.953 | ppl     52.09 frag_cnt/word_cnt=1.359=124608/91700
[2022-04-13 19:35:15.744] End E008 | valid loss  4.702; ppl    110.17 | accu 0.2149 = 24793/115380 | w_len 1.3133 = 151533/115380
[2022-04-13 19:35:20.966] End E008 |  test loss  8.766; ppl   6415.00 | accu 0.0615 = 6905/112220 | w_len 1.8753 = 210448/112220 ../data/sample_500k/adolescent_valid.txt
[2022-04-13 19:35:44.704] End E008 |  test loss  9.418; ppl  12306.65 | accu 0.0495 = 25077/506840 | w_len 1.9628 = 994802/506840 ../data/sample_500k/adult_test.txt
[2022-04-13 19:35:44.705] Save: model.pt... 
[2022-04-13 19:35:45.144] Save: model.pt...Done. best_val_loss: 4.7020
[2022-04-13 19:35:45.144] Epoch 009/20 ==================================================
[2022-04-13 19:36:00.918] E009 |   200/731 batches | lr 20.0000 | loss  3.959 | ppl     52.42 frag_cnt/word_cnt=1.358=190183/140000
[2022-04-13 19:36:16.132] E009 |   400/731 batches | lr 20.0000 | loss  3.992 | ppl     54.14 frag_cnt/word_cnt=1.351=189199/140000
[2022-04-13 19:36:31.567] E009 |   600/731 batches | lr 20.0000 | loss  3.895 | ppl     49.17 frag_cnt/word_cnt=1.357=189938/140000
[2022-04-13 19:36:41.565] E009 |   731/731 batches | lr 20.0000 | loss  3.890 | ppl     48.90 frag_cnt/word_cnt=1.359=124608/91700
[2022-04-13 19:36:46.894] End E009 | valid loss  4.668; ppl    106.46 | accu 0.2258 = 26054/115380 | w_len 1.3133 = 151533/115380
[2022-04-13 19:36:52.132] End E009 |  test loss  8.933; ppl   7581.68 | accu 0.0635 = 7123/112220 | w_len 1.8753 = 210448/112220 ../data/sample_500k/adolescent_valid.txt
[2022-04-13 19:37:15.949] End E009 |  test loss  9.590; ppl  14615.75 | accu 0.0532 = 26972/506840 | w_len 1.9628 = 994802/506840 ../data/sample_500k/adult_test.txt
[2022-04-13 19:37:15.949] Save: model.pt... 
[2022-04-13 19:37:16.388] Save: model.pt...Done. best_val_loss: 4.6678
[2022-04-13 19:37:16.388] Epoch 010/20 ==================================================
[2022-04-13 19:37:31.558] E010 |   200/731 batches | lr 20.0000 | loss  3.900 | ppl     49.40 frag_cnt/word_cnt=1.358=190183/140000
[2022-04-13 19:37:47.626] E010 |   400/731 batches | lr 20.0000 | loss  3.933 | ppl     51.05 frag_cnt/word_cnt=1.351=189199/140000
[2022-04-13 19:38:03.563] E010 |   600/731 batches | lr 20.0000 | loss  3.841 | ppl     46.56 frag_cnt/word_cnt=1.357=189938/140000
[2022-04-13 19:38:13.541] E010 |   731/731 batches | lr 20.0000 | loss  3.836 | ppl     46.33 frag_cnt/word_cnt=1.359=124608/91700
[2022-04-13 19:38:18.797] End E010 | valid loss  4.671; ppl    106.82 | accu 0.2228 = 25710/115380 | w_len 1.3133 = 151533/115380
[2022-04-13 19:38:24.031] End E010 |  test loss  8.875; ppl   7148.96 | accu 0.0650 = 7296/112220 | w_len 1.8753 = 210448/112220 ../data/sample_500k/adolescent_valid.txt
[2022-04-13 19:38:47.833] End E010 |  test loss  9.534; ppl  13823.06 | accu 0.0522 = 26438/506840 | w_len 1.9628 = 994802/506840 ../data/sample_500k/adult_test.txt
[2022-04-13 19:38:47.833] Epoch 011/20 ==================================================
[2022-04-13 19:39:02.760] E011 |   200/731 batches | lr 10.0000 | loss  3.783 | ppl     43.96 frag_cnt/word_cnt=1.358=190183/140000
[2022-04-13 19:39:17.947] E011 |   400/731 batches | lr 10.0000 | loss  3.773 | ppl     43.50 frag_cnt/word_cnt=1.351=189199/140000
[2022-04-13 19:39:33.926] E011 |   600/731 batches | lr 10.0000 | loss  3.651 | ppl     38.53 frag_cnt/word_cnt=1.357=189938/140000
[2022-04-13 19:39:45.101] E011 |   731/731 batches | lr 10.0000 | loss  3.614 | ppl     37.10 frag_cnt/word_cnt=1.359=124608/91700
[2022-04-13 19:39:51.494] End E011 | valid loss  4.616; ppl    101.07 | accu 0.2375 = 27401/115380 | w_len 1.3133 = 151533/115380
[2022-04-13 19:39:57.810] End E011 |  test loss  9.066; ppl   8653.10 | accu 0.0674 = 7562/112220 | w_len 1.8753 = 210448/112220 ../data/sample_500k/adolescent_valid.txt
[2022-04-13 19:40:22.784] End E011 |  test loss  9.645; ppl  15444.94 | accu 0.0604 = 30635/506840 | w_len 1.9628 = 994802/506840 ../data/sample_500k/adult_test.txt
[2022-04-13 19:40:22.784] Save: model.pt... 
[2022-04-13 19:40:23.251] Save: model.pt...Done. best_val_loss: 4.6158
[2022-04-13 19:40:23.251] Epoch 012/20 ==================================================
[2022-04-13 19:40:38.895] E012 |   200/731 batches | lr 10.0000 | loss  3.686 | ppl     39.90 frag_cnt/word_cnt=1.358=190183/140000
[2022-04-13 19:40:54.155] E012 |   400/731 batches | lr 10.0000 | loss  3.701 | ppl     40.50 frag_cnt/word_cnt=1.351=189199/140000
[2022-04-13 19:41:09.263] E012 |   600/731 batches | lr 10.0000 | loss  3.596 | ppl     36.44 frag_cnt/word_cnt=1.357=189938/140000
[2022-04-13 19:41:20.063] E012 |   731/731 batches | lr 10.0000 | loss  3.575 | ppl     35.70 frag_cnt/word_cnt=1.359=124608/91700
[2022-04-13 19:41:26.460] End E012 | valid loss  4.629; ppl    102.40 | accu 0.2380 = 27462/115380 | w_len 1.3133 = 151533/115380
[2022-04-13 19:41:32.798] End E012 |  test loss  9.098; ppl   8941.05 | accu 0.0661 = 7420/112220 | w_len 1.8753 = 210448/112220 ../data/sample_500k/adolescent_valid.txt
[2022-04-13 19:42:01.757] End E012 |  test loss  9.688; ppl  16130.01 | accu 0.0595 = 30156/506840 | w_len 1.9628 = 994802/506840 ../data/sample_500k/adult_test.txt
[2022-04-13 19:42:01.757] Epoch 013/20 ==================================================
[2022-04-13 19:42:16.977] E013 |   200/731 batches | lr 5.0000 | loss  3.620 | ppl     37.33 frag_cnt/word_cnt=1.358=190183/140000
[2022-04-13 19:42:32.099] E013 |   400/731 batches | lr 5.0000 | loss  3.618 | ppl     37.26 frag_cnt/word_cnt=1.351=189199/140000
[2022-04-13 19:42:47.389] E013 |   600/731 batches | lr 5.0000 | loss  3.494 | ppl     32.91 frag_cnt/word_cnt=1.357=189938/140000
[2022-04-13 19:42:57.167] E013 |   731/731 batches | lr 5.0000 | loss  3.459 | ppl     31.78 frag_cnt/word_cnt=1.359=124608/91700
[2022-04-13 19:43:02.437] End E013 | valid loss  4.596; ppl     99.13 | accu 0.2438 = 28134/115380 | w_len 1.3133 = 151533/115380
[2022-04-13 19:43:07.686] End E013 |  test loss  9.283; ppl  10752.26 | accu 0.0655 = 7350/112220 | w_len 1.8753 = 210448/112220 ../data/sample_500k/adolescent_valid.txt
[2022-04-13 19:43:31.504] End E013 |  test loss  9.926; ppl  20452.16 | accu 0.0596 = 30210/506840 | w_len 1.9628 = 994802/506840 ../data/sample_500k/adult_test.txt
[2022-04-13 19:43:31.505] Save: model.pt... 
[2022-04-13 19:43:31.945] Save: model.pt...Done. best_val_loss: 4.5964
[2022-04-13 19:43:31.945] Epoch 014/20 ==================================================
[2022-04-13 19:43:47.161] E014 |   200/731 batches | lr 5.0000 | loss  3.562 | ppl     35.24 frag_cnt/word_cnt=1.358=190183/140000
[2022-04-13 19:44:02.363] E014 |   400/731 batches | lr 5.0000 | loss  3.573 | ppl     35.64 frag_cnt/word_cnt=1.351=189199/140000
[2022-04-13 19:44:17.508] E014 |   600/731 batches | lr 5.0000 | loss  3.463 | ppl     31.91 frag_cnt/word_cnt=1.357=189938/140000
[2022-04-13 19:44:27.503] E014 |   731/731 batches | lr 5.0000 | loss  3.434 | ppl     31.00 frag_cnt/word_cnt=1.359=124608/91700
[2022-04-13 19:44:32.758] End E014 | valid loss  4.599; ppl     99.43 | accu 0.2443 = 28192/115380 | w_len 1.3133 = 151533/115380
[2022-04-13 19:44:37.969] End E014 |  test loss  9.340; ppl  11381.30 | accu 0.0658 = 7384/112220 | w_len 1.8753 = 210448/112220 ../data/sample_500k/adolescent_valid.txt
[2022-04-13 19:45:01.655] End E014 |  test loss 10.024; ppl  22570.50 | accu 0.0590 = 29919/506840 | w_len 1.9628 = 994802/506840 ../data/sample_500k/adult_test.txt
[2022-04-13 19:45:01.655] Epoch 015/20 ==================================================
[2022-04-13 19:45:18.066] E015 |   200/731 batches | lr 2.5000 | loss  3.532 | ppl     34.20 frag_cnt/word_cnt=1.358=190183/140000
[2022-04-13 19:45:33.976] E015 |   400/731 batches | lr 2.5000 | loss  3.530 | ppl     34.12 frag_cnt/word_cnt=1.351=189199/140000
[2022-04-13 19:45:49.157] E015 |   600/731 batches | lr 2.5000 | loss  3.407 | ppl     30.17 frag_cnt/word_cnt=1.357=189938/140000
[2022-04-13 19:45:59.092] E015 |   731/731 batches | lr 2.5000 | loss  3.368 | ppl     29.03 frag_cnt/word_cnt=1.359=124608/91700
[2022-04-13 19:46:04.404] End E015 | valid loss  4.597; ppl     99.21 | accu 0.2463 = 28423/115380 | w_len 1.3133 = 151533/115380
[2022-04-13 19:46:09.627] End E015 |  test loss  9.411; ppl  12216.43 | accu 0.0667 = 7488/112220 | w_len 1.8753 = 210448/112220 ../data/sample_500k/adolescent_valid.txt
[2022-04-13 19:46:33.543] End E015 |  test loss 10.117; ppl  24772.04 | accu 0.0603 = 30550/506840 | w_len 1.9628 = 994802/506840 ../data/sample_500k/adult_test.txt
[2022-04-13 19:46:33.543] Epoch 016/20 ==================================================
[2022-04-13 19:46:48.659] E016 |   200/731 batches | lr 1.2500 | loss  3.506 | ppl     33.30 frag_cnt/word_cnt=1.358=190183/140000
[2022-04-13 19:47:03.899] E016 |   400/731 batches | lr 1.2500 | loss  3.507 | ppl     33.36 frag_cnt/word_cnt=1.351=189199/140000
[2022-04-13 19:47:19.044] E016 |   600/731 batches | lr 1.2500 | loss  3.381 | ppl     29.40 frag_cnt/word_cnt=1.357=189938/140000
[2022-04-13 19:47:29.052] E016 |   731/731 batches | lr 1.2500 | loss  3.336 | ppl     28.12 frag_cnt/word_cnt=1.359=124608/91700
[2022-04-13 19:47:34.326] End E016 | valid loss  4.598; ppl     99.27 | accu 0.2467 = 28459/115380 | w_len 1.3133 = 151533/115380
[2022-04-13 19:47:39.552] End E016 |  test loss  9.401; ppl  12098.88 | accu 0.0680 = 7629/112220 | w_len 1.8753 = 210448/112220 ../data/sample_500k/adolescent_valid.txt
[2022-04-13 19:48:03.313] End E016 |  test loss 10.085; ppl  23985.41 | accu 0.0622 = 31544/506840 | w_len 1.9628 = 994802/506840 ../data/sample_500k/adult_test.txt
[2022-04-13 19:48:03.313] Epoch 017/20 ==================================================
[2022-04-13 19:48:18.402] E017 |   200/731 batches | lr 0.6250 | loss  3.490 | ppl     32.79 frag_cnt/word_cnt=1.358=190183/140000
[2022-04-13 19:48:33.606] E017 |   400/731 batches | lr 0.6250 | loss  3.491 | ppl     32.82 frag_cnt/word_cnt=1.351=189199/140000
[2022-04-13 19:48:48.504] E017 |   600/731 batches | lr 0.6250 | loss  3.366 | ppl     28.98 frag_cnt/word_cnt=1.357=189938/140000
[2022-04-13 19:48:57.537] E017 |   731/731 batches | lr 0.6250 | loss  3.322 | ppl     27.73 frag_cnt/word_cnt=1.359=124608/91700
[2022-04-13 19:49:02.756] End E017 | valid loss  4.594; ppl     98.85 | accu 0.2475 = 28555/115380 | w_len 1.3133 = 151533/115380
[2022-04-13 19:49:07.989] End E017 |  test loss  9.426; ppl  12410.18 | accu 0.0677 = 7595/112220 | w_len 1.8753 = 210448/112220 ../data/sample_500k/adolescent_valid.txt
[2022-04-13 19:49:31.900] End E017 |  test loss 10.097; ppl  24278.22 | accu 0.0627 = 31803/506840 | w_len 1.9628 = 994802/506840 ../data/sample_500k/adult_test.txt
[2022-04-13 19:49:31.900] Save: model.pt... 
[2022-04-13 19:49:32.336] Save: model.pt...Done. best_val_loss: 4.5936
[2022-04-13 19:49:32.336] Epoch 018/20 ==================================================
[2022-04-13 19:49:47.503] E018 |   200/731 batches | lr 0.6250 | loss  3.476 | ppl     32.32 frag_cnt/word_cnt=1.358=190183/140000
[2022-04-13 19:50:02.747] E018 |   400/731 batches | lr 0.6250 | loss  3.480 | ppl     32.45 frag_cnt/word_cnt=1.351=189199/140000
[2022-04-13 19:50:18.364] E018 |   600/731 batches | lr 0.6250 | loss  3.362 | ppl     28.84 frag_cnt/word_cnt=1.357=189938/140000
[2022-04-13 19:50:28.232] E018 |   731/731 batches | lr 0.6250 | loss  3.314 | ppl     27.50 frag_cnt/word_cnt=1.359=124608/91700
[2022-04-13 19:50:33.571] End E018 | valid loss  4.591; ppl     98.57 | accu 0.2483 = 28645/115380 | w_len 1.3133 = 151533/115380
[2022-04-13 19:50:38.881] End E018 |  test loss  9.430; ppl  12462.37 | accu 0.0680 = 7632/112220 | w_len 1.8753 = 210448/112220 ../data/sample_500k/adolescent_valid.txt
[2022-04-13 19:51:04.680] End E018 |  test loss 10.092; ppl  24155.98 | accu 0.0631 = 31976/506840 | w_len 1.9628 = 994802/506840 ../data/sample_500k/adult_test.txt
[2022-04-13 19:51:04.680] Save: model.pt... 
[2022-04-13 19:51:05.132] Save: model.pt...Done. best_val_loss: 4.5907
[2022-04-13 19:51:05.132] Epoch 019/20 ==================================================
[2022-04-13 19:51:20.209] E019 |   200/731 batches | lr 0.6250 | loss  3.473 | ppl     32.22 frag_cnt/word_cnt=1.358=190183/140000
[2022-04-13 19:51:35.479] E019 |   400/731 batches | lr 0.6250 | loss  3.475 | ppl     32.31 frag_cnt/word_cnt=1.351=189199/140000
[2022-04-13 19:51:50.719] E019 |   600/731 batches | lr 0.6250 | loss  3.355 | ppl     28.63 frag_cnt/word_cnt=1.357=189938/140000
[2022-04-13 19:52:00.716] E019 |   731/731 batches | lr 0.6250 | loss  3.320 | ppl     27.66 frag_cnt/word_cnt=1.359=124608/91700
[2022-04-13 19:52:06.030] End E019 | valid loss  4.592; ppl     98.70 | accu 0.2482 = 28642/115380 | w_len 1.3133 = 151533/115380
[2022-04-13 19:52:11.293] End E019 |  test loss  9.461; ppl  12849.01 | accu 0.0675 = 7573/112220 | w_len 1.8753 = 210448/112220 ../data/sample_500k/adolescent_valid.txt
[2022-04-13 19:52:35.497] End E019 |  test loss 10.121; ppl  24850.81 | accu 0.0628 = 31849/506840 | w_len 1.9628 = 994802/506840 ../data/sample_500k/adult_test.txt
[2022-04-13 19:52:35.497] Epoch 020/20 ==================================================
[2022-04-13 19:52:50.663] E020 |   200/731 batches | lr 0.3125 | loss  3.464 | ppl     31.95 frag_cnt/word_cnt=1.358=190183/140000
[2022-04-13 19:53:05.888] E020 |   400/731 batches | lr 0.3125 | loss  3.472 | ppl     32.20 frag_cnt/word_cnt=1.351=189199/140000
[2022-04-13 19:53:21.215] E020 |   600/731 batches | lr 0.3125 | loss  3.344 | ppl     28.32 frag_cnt/word_cnt=1.357=189938/140000
[2022-04-13 19:53:31.270] E020 |   731/731 batches | lr 0.3125 | loss  3.305 | ppl     27.26 frag_cnt/word_cnt=1.359=124608/91700
[2022-04-13 19:53:36.606] End E020 | valid loss  4.590; ppl     98.50 | accu 0.2481 = 28629/115380 | w_len 1.3133 = 151533/115380
[2022-04-13 19:53:41.906] End E020 |  test loss  9.468; ppl  12939.99 | accu 0.0678 = 7605/112220 | w_len 1.8753 = 210448/112220 ../data/sample_500k/adolescent_valid.txt
[2022-04-13 19:54:06.147] End E020 |  test loss 10.117; ppl  24761.00 | accu 0.0635 = 32170/506840 | w_len 1.9628 = 994802/506840 ../data/sample_500k/adult_test.txt
[2022-04-13 19:54:06.147] Save: model.pt... 
[2022-04-13 19:54:06.600] Save: model.pt...Done. best_val_loss: 4.5900
[2022-04-13 19:54:12.098] End. test loss  9.47; ppl 12939.99 | accu 0.0678 = 7605/112220 | w_len 1.8753 = 210448/112220 ../data/sample_500k/adolescent_valid.txt
[2022-04-13 19:54:36.366] End. test loss 10.12; ppl 24761.00 | accu 0.0635 = 32170/506840 | w_len 1.9628 = 994802/506840 ../data/sample_500k/adult_test.txt
[2022-04-13 19:54:36.366] =========================================================================================
[2022-04-13 19:54:36.366] valid_loss
[2022-04-13 19:54:36.366]  5.30, 5.05, 4.85, 4.79, 4.75, 4.74, 4.72, 4.70, 4.67, 4.67, 4.62, 4.63, 4.60, 4.60, 4.60, 4.60, 4.59, 4.59, 4.59, 4.59
[2022-04-13 19:54:36.366] valid_loss ppl
[2022-04-13 19:54:36.366]   200.29,  156.04,  128.13,  120.55,  116.14,  114.83,  112.19,  110.17,  106.46,  106.82,  101.07,  102.40,   99.13,   99.43,   99.21,   99.27,   98.85,   98.57,   98.70,   98.50
[2022-04-13 19:54:36.366] test_loss of ../data/sample_500k/adolescent_valid.txt
[2022-04-13 19:54:36.366]  8.86, 8.54, 8.57, 8.52, 8.60, 8.69, 8.79, 8.77, 8.93, 8.87, 9.07, 9.10, 9.28, 9.34, 9.41, 9.40, 9.43, 9.43, 9.46, 9.47
[2022-04-13 19:54:36.366] test_loss of ../data/sample_500k/adolescent_valid.txt ppl
[2022-04-13 19:54:36.366]  7059.75, 5119.94, 5249.97, 5022.03, 5444.83, 5945.35, 6554.22, 6415.00, 7581.68, 7148.96, 8653.10, 8941.05,10752.26,11381.30,12216.43,12098.88,12410.18,12462.37,12849.01,12939.99
[2022-04-13 19:54:36.366] test_loss of ../data/sample_500k/adult_test.txt
[2022-04-13 19:54:36.366]  8.95, 8.85, 8.98, 9.02, 9.06, 9.22, 9.29, 9.42, 9.59, 9.53, 9.65, 9.69, 9.93,10.02,10.12,10.09,10.10,10.09,10.12,10.12
[2022-04-13 19:54:36.367] test_loss of ../data/sample_500k/adult_test.txt ppl
[2022-04-13 19:54:36.367]  7701.41, 7003.90, 7932.04, 8249.69, 8641.82,10143.37,10827.77,12306.65,14615.75,13823.06,15444.94,16130.01,20452.16,22570.50,24772.04,23985.41,24278.22,24155.98,24850.81,24761.00
[2022-04-13 19:54:36.367] 
[2022-04-13 19:54:36.367] 
[2022-04-13 19:54:36.367] 
