[2022-04-13 19:16:22.471] corpus.train_file_list: 1
[2022-04-13 19:16:22.471]         ../data/sample_500k/adolescent_train.txt
[2022-04-13 19:16:22.472] corpus.valid_file_list: 1
[2022-04-13 19:16:22.472]         ../data/sample_500k/adolescent_valid.txt
[2022-04-13 19:16:22.472] corpus.test_file_list: 2
[2022-04-13 19:16:22.472]         ../data/sample_500k/cbt_valid.txt
[2022-04-13 19:16:22.472]         ../data/sample_500k/adult_test.txt
[2022-04-13 19:16:22.472] corpus.subword_vocab_size: 0
[2022-04-13 19:16:22.472] corpus.subword_model = None. Corpus will not use subword.
[2022-04-13 19:16:22.472] corpus tokenize...
[2022-04-13 19:16:23.528]         train tokens: 467267  ../data/sample_500k/adolescent_train.txt
[2022-04-13 19:16:23.756]         valid tokens: 112256  ../data/sample_500k/adolescent_valid.txt
[2022-04-13 19:16:23.900]         test  tokens: 115417  ../data/sample_500k/cbt_valid.txt
[2022-04-13 19:16:24.548]         test  tokens: 506878  ../data/sample_500k/adult_test.txt
[2022-04-13 19:16:24.548] corpus.ntokens      : 95521
[2022-04-13 19:16:24.548] corpus.char_count   : 166
[2022-04-13 19:16:24.548] corpus.char_cnt_dict: 166
[2022-04-13 19:16:24.549] corpus.char_id_dict : 166
[2022-04-13 19:16:24.552] corpus.batchify(1 files, batch_size=20)...
[2022-04-13 19:16:24.552]         tokens_all: 467267
[2022-04-13 19:16:24.552]         batched   :  23363
[2022-04-13 19:16:24.552]         ../data/sample_500k/adolescent_train.txt
[2022-04-13 19:16:24.554] corpus.batchify(1 files, batch_size=20)...
[2022-04-13 19:16:24.554]         tokens_all: 112256
[2022-04-13 19:16:24.554]         batched   :   5612
[2022-04-13 19:16:24.554]         ../data/sample_500k/adolescent_valid.txt
[2022-04-13 19:16:24.556] corpus.batchify(1 files, batch_size=20)...
[2022-04-13 19:16:24.556]         tokens_all: 115417
[2022-04-13 19:16:24.556]         batched   :   5770
[2022-04-13 19:16:24.556]         ../data/sample_500k/cbt_valid.txt
[2022-04-13 19:16:24.560] corpus.batchify(1 files, batch_size=20)...
[2022-04-13 19:16:24.560]         tokens_all: 506878
[2022-04-13 19:16:24.560]         batched   :  25343
[2022-04-13 19:16:24.560]         ../data/sample_500k/adult_test.txt
[2022-04-13 19:16:24.561] subword_adapter will be generated due to word_split_mode='Subword.2000'
[2022-04-13 19:16:24.561] SubwordAdapter.file_list: 2
[2022-04-13 19:16:24.561]         ../data/sample_500k/adolescent_train.txt
[2022-04-13 19:16:24.561]         ../data/sample_500k/adolescent_valid.txt
[2022-04-13 19:16:24.561] SubwordAdapter.subword_vocab_size: 2000
[2022-04-13 19:16:24.561] SubwordAdapter.subword_model.train(2 files)...
[2022-04-13 19:16:25.250] SubwordAdapter.subword_model.train(2 files)...Done
[2022-04-13 19:16:25.957] RNNModel.rnn_type: LSTM
[2022-04-13 19:16:25.957] RNNModel.ntoken  : 95521
[2022-04-13 19:16:25.957] RNNModel.ninp    : 200
[2022-04-13 19:16:25.957] RNNModel.nhid    : 200
[2022-04-13 19:16:25.957] RNNModel.nlayers : 2
[2022-04-13 19:16:25.958] RNNModel.dropout : 0.2
[2022-04-13 19:16:25.958] RNNModel.tie_weights: False
[2022-04-13 19:16:25.958] RNNModel.fragment_aggregate_mode: CNN
[2022-04-13 19:16:25.958] RNNModel.fragment_cnt           : 2002
[2022-04-13 19:16:25.958] RNNModel.fragment_emsize        : 25
[2022-04-13 19:16:25.958] RNNModel.fragment_nhid          : 200
[2022-04-13 19:16:25.959] RNNModel.fragment_embeds     : created
[2022-04-13 19:16:25.960] RNNModel.fragment_cnn3       : created
[2022-04-13 19:16:26.032] Epoch 001/20 ==================================================
[2022-04-13 19:16:43.872] E001 |   200/667 batches | lr 20.0000 | loss  8.537 | ppl   5097.73 frag_cnt/word_cnt=1.997=279613/140000
[2022-04-13 19:17:01.704] E001 |   400/667 batches | lr 20.0000 | loss  7.677 | ppl   2158.70 frag_cnt/word_cnt=2.024=283418/140000
[2022-04-13 19:17:19.461] E001 |   600/667 batches | lr 20.0000 | loss  7.099 | ppl   1211.19 frag_cnt/word_cnt=2.013=281770/140000
[2022-04-13 19:17:25.455] E001 |   667/667 batches | lr 20.0000 | loss  6.771 | ppl    872.48 frag_cnt/word_cnt=2.008=94189/46900
[2022-04-13 19:17:31.363] End E001 | valid loss  6.809; ppl    905.83 | accu 0.1406 = 15779/112220 | w_len 1.9387 = 217561/112220
[2022-04-13 19:17:37.183] End E001 |  test loss  7.287; ppl   1461.30 | accu 0.0962 = 11104/115380 | w_len 1.4314 = 165159/115380 ../data/sample_500k/cbt_valid.txt
[2022-04-13 19:18:03.653] End E001 |  test loss  8.408; ppl   4481.12 | accu 0.0275 = 13936/506840 | w_len 1.9384 = 982436/506840 ../data/sample_500k/adult_test.txt
[2022-04-13 19:18:03.653] Save: model.pt... 
[2022-04-13 19:18:04.247] Save: model.pt...Done. best_val_loss: 6.8088
[2022-04-13 19:18:04.247] Epoch 002/20 ==================================================
[2022-04-13 19:18:21.883] E002 |   200/667 batches | lr 20.0000 | loss  6.578 | ppl    719.38 frag_cnt/word_cnt=1.997=279613/140000
[2022-04-13 19:18:39.744] E002 |   400/667 batches | lr 20.0000 | loss  6.416 | ppl    611.82 frag_cnt/word_cnt=2.024=283418/140000
[2022-04-13 19:18:57.565] E002 |   600/667 batches | lr 20.0000 | loss  6.208 | ppl    496.73 frag_cnt/word_cnt=2.013=281770/140000
[2022-04-13 19:19:03.539] E002 |   667/667 batches | lr 20.0000 | loss  6.094 | ppl    443.16 frag_cnt/word_cnt=2.008=94189/46900
[2022-04-13 19:19:09.474] End E002 | valid loss  6.202; ppl    493.60 | accu 0.1941 = 21786/112220 | w_len 1.9387 = 217561/112220
[2022-04-13 19:19:15.317] End E002 |  test loss  7.830; ppl   2514.56 | accu 0.0664 = 7666/115380 | w_len 1.4314 = 165159/115380 ../data/sample_500k/cbt_valid.txt
[2022-04-13 19:19:41.791] End E002 |  test loss  9.650; ppl  15514.71 | accu 0.0074 = 3758/506840 | w_len 1.9384 = 982436/506840 ../data/sample_500k/adult_test.txt
[2022-04-13 19:19:41.791] Save: model.pt... 
[2022-04-13 19:19:42.388] Save: model.pt...Done. best_val_loss: 6.2017
[2022-04-13 19:19:42.388] Epoch 003/20 ==================================================
[2022-04-13 19:20:00.479] E003 |   200/667 batches | lr 20.0000 | loss  6.039 | ppl    419.67 frag_cnt/word_cnt=1.997=279613/140000
[2022-04-13 19:20:18.340] E003 |   400/667 batches | lr 20.0000 | loss  5.993 | ppl    400.62 frag_cnt/word_cnt=2.024=283418/140000
[2022-04-13 19:20:36.236] E003 |   600/667 batches | lr 20.0000 | loss  5.868 | ppl    353.47 frag_cnt/word_cnt=2.013=281770/140000
[2022-04-13 19:20:42.451] E003 |   667/667 batches | lr 20.0000 | loss  5.771 | ppl    320.92 frag_cnt/word_cnt=2.008=94189/46900
[2022-04-13 19:20:48.378] End E003 | valid loss  6.144; ppl    465.77 | accu 0.1914 = 21482/112220 | w_len 1.9387 = 217561/112220
[2022-04-13 19:20:54.227] End E003 |  test loss  7.563; ppl   1926.39 | accu 0.0785 = 9057/115380 | w_len 1.4314 = 165159/115380 ../data/sample_500k/cbt_valid.txt
[2022-04-13 19:21:20.798] End E003 |  test loss  9.179; ppl   9690.06 | accu 0.0148 = 7501/506840 | w_len 1.9384 = 982436/506840 ../data/sample_500k/adult_test.txt
[2022-04-13 19:21:20.798] Save: model.pt... 
[2022-04-13 19:21:21.414] Save: model.pt...Done. best_val_loss: 6.1437
[2022-04-13 19:21:21.414] Epoch 004/20 ==================================================
[2022-04-13 19:21:39.193] E004 |   200/667 batches | lr 20.0000 | loss  5.769 | ppl    320.12 frag_cnt/word_cnt=1.997=279613/140000
[2022-04-13 19:21:57.200] E004 |   400/667 batches | lr 20.0000 | loss  5.747 | ppl    313.11 frag_cnt/word_cnt=2.024=283418/140000
[2022-04-13 19:22:15.335] E004 |   600/667 batches | lr 20.0000 | loss  5.636 | ppl    280.36 frag_cnt/word_cnt=2.013=281770/140000
[2022-04-13 19:22:21.349] E004 |   667/667 batches | lr 20.0000 | loss  5.549 | ppl    256.89 frag_cnt/word_cnt=2.008=94189/46900
[2022-04-13 19:22:27.310] End E004 | valid loss  6.010; ppl    407.62 | accu 0.2071 = 23239/112220 | w_len 1.9387 = 217561/112220
[2022-04-13 19:22:33.215] End E004 |  test loss  8.285; ppl   3963.11 | accu 0.0734 = 8466/115380 | w_len 1.4314 = 165159/115380 ../data/sample_500k/cbt_valid.txt
[2022-04-13 19:22:59.980] End E004 |  test loss 10.918; ppl  55158.85 | accu 0.0049 = 2493/506840 | w_len 1.9384 = 982436/506840 ../data/sample_500k/adult_test.txt
[2022-04-13 19:22:59.980] Save: model.pt... 
[2022-04-13 19:23:00.582] Save: model.pt...Done. best_val_loss: 6.0103
[2022-04-13 19:23:00.583] Epoch 005/20 ==================================================
[2022-04-13 19:23:18.466] E005 |   200/667 batches | lr 20.0000 | loss  5.548 | ppl    256.80 frag_cnt/word_cnt=1.997=279613/140000
[2022-04-13 19:23:36.424] E005 |   400/667 batches | lr 20.0000 | loss  5.551 | ppl    257.53 frag_cnt/word_cnt=2.024=283418/140000
[2022-04-13 19:23:54.403] E005 |   600/667 batches | lr 20.0000 | loss  5.454 | ppl    233.79 frag_cnt/word_cnt=2.013=281770/140000
[2022-04-13 19:24:00.401] E005 |   667/667 batches | lr 20.0000 | loss  5.384 | ppl    217.83 frag_cnt/word_cnt=2.008=94189/46900
[2022-04-13 19:24:06.313] End E005 | valid loss  5.970; ppl    391.68 | accu 0.2104 = 23615/112220 | w_len 1.9387 = 217561/112220
[2022-04-13 19:24:12.126] End E005 |  test loss  8.442; ppl   4637.84 | accu 0.0699 = 8068/115380 | w_len 1.4314 = 165159/115380 ../data/sample_500k/cbt_valid.txt
[2022-04-13 19:24:38.504] End E005 |  test loss 10.324; ppl  30467.00 | accu 0.0065 = 3316/506840 | w_len 1.9384 = 982436/506840 ../data/sample_500k/adult_test.txt
[2022-04-13 19:24:38.504] Save: model.pt... 
[2022-04-13 19:24:39.095] Save: model.pt...Done. best_val_loss: 5.9704
[2022-04-13 19:24:39.096] Epoch 006/20 ==================================================
[2022-04-13 19:24:56.973] E006 |   200/667 batches | lr 20.0000 | loss  5.391 | ppl    219.34 frag_cnt/word_cnt=1.997=279613/140000
[2022-04-13 19:25:14.946] E006 |   400/667 batches | lr 20.0000 | loss  5.394 | ppl    220.06 frag_cnt/word_cnt=2.024=283418/140000
[2022-04-13 19:25:32.884] E006 |   600/667 batches | lr 20.0000 | loss  5.307 | ppl    201.68 frag_cnt/word_cnt=2.013=281770/140000
[2022-04-13 19:25:38.907] E006 |   667/667 batches | lr 20.0000 | loss  5.235 | ppl    187.77 frag_cnt/word_cnt=2.008=94189/46900
[2022-04-13 19:25:44.811] End E006 | valid loss  5.992; ppl    400.22 | accu 0.2024 = 22710/112220 | w_len 1.9387 = 217561/112220
[2022-04-13 19:25:50.651] End E006 |  test loss  8.618; ppl   5530.11 | accu 0.0688 = 7939/115380 | w_len 1.4314 = 165159/115380 ../data/sample_500k/cbt_valid.txt
[2022-04-13 19:26:17.066] End E006 |  test loss 10.737; ppl  46031.88 | accu 0.0058 = 2946/506840 | w_len 1.9384 = 982436/506840 ../data/sample_500k/adult_test.txt
[2022-04-13 19:26:17.066] Epoch 007/20 ==================================================
[2022-04-13 19:26:34.889] E007 |   200/667 batches | lr 10.0000 | loss  5.151 | ppl    172.63 frag_cnt/word_cnt=1.997=279613/140000
[2022-04-13 19:26:52.872] E007 |   400/667 batches | lr 10.0000 | loss  5.113 | ppl    166.17 frag_cnt/word_cnt=2.024=283418/140000
[2022-04-13 19:27:10.831] E007 |   600/667 batches | lr 10.0000 | loss  5.001 | ppl    148.59 frag_cnt/word_cnt=2.013=281770/140000
[2022-04-13 19:27:16.832] E007 |   667/667 batches | lr 10.0000 | loss  4.915 | ppl    136.27 frag_cnt/word_cnt=2.008=94189/46900
[2022-04-13 19:27:22.730] End E007 | valid loss  5.899; ppl    364.52 | accu 0.2203 = 24717/112220 | w_len 1.9387 = 217561/112220
[2022-04-13 19:27:28.547] End E007 |  test loss  9.065; ppl   8649.20 | accu 0.0762 = 8796/115380 | w_len 1.4314 = 165159/115380 ../data/sample_500k/cbt_valid.txt
[2022-04-13 19:27:54.845] End E007 |  test loss 10.980; ppl  58702.46 | accu 0.0074 = 3755/506840 | w_len 1.9384 = 982436/506840 ../data/sample_500k/adult_test.txt
[2022-04-13 19:27:54.845] Save: model.pt... 
[2022-04-13 19:27:55.453] Save: model.pt...Done. best_val_loss: 5.8986
[2022-04-13 19:27:55.453] Epoch 008/20 ==================================================
[2022-04-13 19:28:13.311] E008 |   200/667 batches | lr 10.0000 | loss  5.007 | ppl    149.52 frag_cnt/word_cnt=1.997=279613/140000
[2022-04-13 19:28:31.362] E008 |   400/667 batches | lr 10.0000 | loss  4.999 | ppl    148.33 frag_cnt/word_cnt=2.024=283418/140000
[2022-04-13 19:28:49.333] E008 |   600/667 batches | lr 10.0000 | loss  4.905 | ppl    134.90 frag_cnt/word_cnt=2.013=281770/140000
[2022-04-13 19:28:55.339] E008 |   667/667 batches | lr 10.0000 | loss  4.831 | ppl    125.35 frag_cnt/word_cnt=2.008=94189/46900
[2022-04-13 19:29:01.278] End E008 | valid loss  5.917; ppl    371.37 | accu 0.2187 = 24537/112220 | w_len 1.9387 = 217561/112220
[2022-04-13 19:29:07.109] End E008 |  test loss  9.371; ppl  11746.44 | accu 0.0728 = 8396/115380 | w_len 1.4314 = 165159/115380 ../data/sample_500k/cbt_valid.txt
[2022-04-13 19:29:33.509] End E008 |  test loss 11.194; ppl  72664.69 | accu 0.0066 = 3330/506840 | w_len 1.9384 = 982436/506840 ../data/sample_500k/adult_test.txt
[2022-04-13 19:29:33.510] Epoch 009/20 ==================================================
[2022-04-13 19:29:51.293] E009 |   200/667 batches | lr 5.0000 | loss  4.881 | ppl    131.77 frag_cnt/word_cnt=1.997=279613/140000
[2022-04-13 19:30:09.217] E009 |   400/667 batches | lr 5.0000 | loss  4.848 | ppl    127.44 frag_cnt/word_cnt=2.024=283418/140000
[2022-04-13 19:30:27.187] E009 |   600/667 batches | lr 5.0000 | loss  4.734 | ppl    113.79 frag_cnt/word_cnt=2.013=281770/140000
[2022-04-13 19:30:33.202] E009 |   667/667 batches | lr 5.0000 | loss  4.649 | ppl    104.52 frag_cnt/word_cnt=2.008=94189/46900
[2022-04-13 19:30:39.110] End E009 | valid loss  5.892; ppl    362.30 | accu 0.2245 = 25188/112220 | w_len 1.9387 = 217561/112220
[2022-04-13 19:30:45.000] End E009 |  test loss  9.706; ppl  16417.00 | accu 0.0771 = 8899/115380 | w_len 1.4314 = 165159/115380 ../data/sample_500k/cbt_valid.txt
[2022-04-13 19:31:11.507] End E009 |  test loss 11.239; ppl  76044.20 | accu 0.0076 = 3842/506840 | w_len 1.9384 = 982436/506840 ../data/sample_500k/adult_test.txt
[2022-04-13 19:31:11.507] Save: model.pt... 
[2022-04-13 19:31:12.117] Save: model.pt...Done. best_val_loss: 5.8925
[2022-04-13 19:31:12.117] Epoch 010/20 ==================================================
[2022-04-13 19:31:30.022] E010 |   200/667 batches | lr 5.0000 | loss  4.798 | ppl    121.21 frag_cnt/word_cnt=1.997=279613/140000
[2022-04-13 19:31:47.950] E010 |   400/667 batches | lr 5.0000 | loss  4.782 | ppl    119.29 frag_cnt/word_cnt=2.024=283418/140000
[2022-04-13 19:32:05.913] E010 |   600/667 batches | lr 5.0000 | loss  4.687 | ppl    108.50 frag_cnt/word_cnt=2.013=281770/140000
[2022-04-13 19:32:11.914] E010 |   667/667 batches | lr 5.0000 | loss  4.611 | ppl    100.57 frag_cnt/word_cnt=2.008=94189/46900
[2022-04-13 19:32:17.892] End E010 | valid loss  5.894; ppl    362.72 | accu 0.2238 = 25118/112220 | w_len 1.9387 = 217561/112220
[2022-04-13 19:32:23.745] End E010 |  test loss  9.842; ppl  18801.45 | accu 0.0789 = 9106/115380 | w_len 1.4314 = 165159/115380 ../data/sample_500k/cbt_valid.txt
[2022-04-13 19:32:50.277] End E010 |  test loss 11.945; ppl 154062.30 | accu 0.0064 = 3265/506840 | w_len 1.9384 = 982436/506840 ../data/sample_500k/adult_test.txt
[2022-04-13 19:32:50.278] Epoch 011/20 ==================================================
[2022-04-13 19:33:08.102] E011 |   200/667 batches | lr 2.5000 | loss  4.731 | ppl    113.40 frag_cnt/word_cnt=1.997=279613/140000
[2022-04-13 19:33:26.029] E011 |   400/667 batches | lr 2.5000 | loss  4.700 | ppl    109.95 frag_cnt/word_cnt=2.024=283418/140000
[2022-04-13 19:33:43.794] E011 |   600/667 batches | lr 2.5000 | loss  4.590 | ppl     98.54 frag_cnt/word_cnt=2.013=281770/140000
[2022-04-13 19:33:49.654] E011 |   667/667 batches | lr 2.5000 | loss  4.509 | ppl     90.83 frag_cnt/word_cnt=2.008=94189/46900
[2022-04-13 19:33:55.548] End E011 | valid loss  5.892; ppl    362.27 | accu 0.2262 = 25389/112220 | w_len 1.9387 = 217561/112220
[2022-04-13 19:34:01.383] End E011 |  test loss 10.107; ppl  24506.78 | accu 0.0781 = 9013/115380 | w_len 1.4314 = 165159/115380 ../data/sample_500k/cbt_valid.txt
[2022-04-13 19:34:27.890] End E011 |  test loss 11.737; ppl 125058.03 | accu 0.0069 = 3497/506840 | w_len 1.9384 = 982436/506840 ../data/sample_500k/adult_test.txt
[2022-04-13 19:34:27.890] Save: model.pt... 
[2022-04-13 19:34:28.485] Save: model.pt...Done. best_val_loss: 5.8924
[2022-04-13 19:34:28.485] Epoch 012/20 ==================================================
[2022-04-13 19:34:46.277] E012 |   200/667 batches | lr 2.5000 | loss  4.681 | ppl    107.92 frag_cnt/word_cnt=1.997=279613/140000
[2022-04-13 19:35:04.213] E012 |   400/667 batches | lr 2.5000 | loss  4.665 | ppl    106.12 frag_cnt/word_cnt=2.024=283418/140000
[2022-04-13 19:35:22.191] E012 |   600/667 batches | lr 2.5000 | loss  4.567 | ppl     96.26 frag_cnt/word_cnt=2.013=281770/140000
[2022-04-13 19:35:28.210] E012 |   667/667 batches | lr 2.5000 | loss  4.486 | ppl     88.74 frag_cnt/word_cnt=2.008=94189/46900
[2022-04-13 19:35:34.115] End E012 | valid loss  5.892; ppl    362.23 | accu 0.2267 = 25443/112220 | w_len 1.9387 = 217561/112220
[2022-04-13 19:35:39.949] End E012 |  test loss 10.205; ppl  27043.83 | accu 0.0783 = 9029/115380 | w_len 1.4314 = 165159/115380 ../data/sample_500k/cbt_valid.txt
[2022-04-13 19:36:06.331] End E012 |  test loss 11.406; ppl  89901.62 | accu 0.0075 = 3817/506840 | w_len 1.9384 = 982436/506840 ../data/sample_500k/adult_test.txt
[2022-04-13 19:36:06.332] Save: model.pt... 
[2022-04-13 19:36:06.927] Save: model.pt...Done. best_val_loss: 5.8923
[2022-04-13 19:36:06.927] Epoch 013/20 ==================================================
[2022-04-13 19:36:24.523] E013 |   200/667 batches | lr 2.5000 | loss  4.650 | ppl    104.57 frag_cnt/word_cnt=1.997=279613/140000
[2022-04-13 19:36:42.460] E013 |   400/667 batches | lr 2.5000 | loss  4.634 | ppl    102.96 frag_cnt/word_cnt=2.024=283418/140000
[2022-04-13 19:37:00.437] E013 |   600/667 batches | lr 2.5000 | loss  4.544 | ppl     94.06 frag_cnt/word_cnt=2.013=281770/140000
[2022-04-13 19:37:06.449] E013 |   667/667 batches | lr 2.5000 | loss  4.468 | ppl     87.21 frag_cnt/word_cnt=2.008=94189/46900
[2022-04-13 19:37:12.337] End E013 | valid loss  5.897; ppl    363.90 | accu 0.2264 = 25411/112220 | w_len 1.9387 = 217561/112220
[2022-04-13 19:37:18.171] End E013 |  test loss 10.181; ppl  26404.55 | accu 0.0782 = 9021/115380 | w_len 1.4314 = 165159/115380 ../data/sample_500k/cbt_valid.txt
[2022-04-13 19:37:44.627] End E013 |  test loss 11.594; ppl 108437.62 | accu 0.0077 = 3878/506840 | w_len 1.9384 = 982436/506840 ../data/sample_500k/adult_test.txt
[2022-04-13 19:37:44.627] Epoch 014/20 ==================================================
[2022-04-13 19:38:02.442] E014 |   200/667 batches | lr 1.2500 | loss  4.622 | ppl    101.67 frag_cnt/word_cnt=1.997=279613/140000
[2022-04-13 19:38:20.466] E014 |   400/667 batches | lr 1.2500 | loss  4.598 | ppl     99.31 frag_cnt/word_cnt=2.024=283418/140000
[2022-04-13 19:38:38.419] E014 |   600/667 batches | lr 1.2500 | loss  4.495 | ppl     89.59 frag_cnt/word_cnt=2.013=281770/140000
[2022-04-13 19:38:44.472] E014 |   667/667 batches | lr 1.2500 | loss  4.413 | ppl     82.49 frag_cnt/word_cnt=2.008=94189/46900
[2022-04-13 19:38:50.360] End E014 | valid loss  5.898; ppl    364.26 | accu 0.2275 = 25535/112220 | w_len 1.9387 = 217561/112220
[2022-04-13 19:38:56.165] End E014 |  test loss 10.210; ppl  27175.15 | accu 0.0780 = 8995/115380 | w_len 1.4314 = 165159/115380 ../data/sample_500k/cbt_valid.txt
[2022-04-13 19:39:22.505] End E014 |  test loss 11.247; ppl  76674.95 | accu 0.0081 = 4108/506840 | w_len 1.9384 = 982436/506840 ../data/sample_500k/adult_test.txt
[2022-04-13 19:39:22.505] Epoch 015/20 ==================================================
[2022-04-13 19:39:40.418] E015 |   200/667 batches | lr 0.6250 | loss  4.601 | ppl     99.56 frag_cnt/word_cnt=1.997=279613/140000
[2022-04-13 19:39:58.374] E015 |   400/667 batches | lr 0.6250 | loss  4.576 | ppl     97.13 frag_cnt/word_cnt=2.024=283418/140000
[2022-04-13 19:40:16.365] E015 |   600/667 batches | lr 0.6250 | loss  4.469 | ppl     87.27 frag_cnt/word_cnt=2.013=281770/140000
[2022-04-13 19:40:22.470] E015 |   667/667 batches | lr 0.6250 | loss  4.386 | ppl     80.33 frag_cnt/word_cnt=2.008=94189/46900
[2022-04-13 19:40:28.398] End E015 | valid loss  5.896; ppl    363.44 | accu 0.2285 = 25638/112220 | w_len 1.9387 = 217561/112220
[2022-04-13 19:40:34.222] End E015 |  test loss 10.333; ppl  30731.50 | accu 0.0778 = 8974/115380 | w_len 1.4314 = 165159/115380 ../data/sample_500k/cbt_valid.txt
[2022-04-13 19:41:00.620] End E015 |  test loss 11.160; ppl  70279.07 | accu 0.0083 = 4183/506840 | w_len 1.9384 = 982436/506840 ../data/sample_500k/adult_test.txt
[2022-04-13 19:41:00.620] Epoch 016/20 ==================================================
[2022-04-13 19:41:18.544] E016 |   200/667 batches | lr 0.3125 | loss  4.588 | ppl     98.25 frag_cnt/word_cnt=1.997=279613/140000
[2022-04-13 19:41:36.530] E016 |   400/667 batches | lr 0.3125 | loss  4.565 | ppl     96.06 frag_cnt/word_cnt=2.024=283418/140000
[2022-04-13 19:41:54.464] E016 |   600/667 batches | lr 0.3125 | loss  4.455 | ppl     86.02 frag_cnt/word_cnt=2.013=281770/140000
[2022-04-13 19:42:00.416] E016 |   667/667 batches | lr 0.3125 | loss  4.369 | ppl     78.95 frag_cnt/word_cnt=2.008=94189/46900
[2022-04-13 19:42:06.335] End E016 | valid loss  5.895; ppl    363.12 | accu 0.2290 = 25699/112220 | w_len 1.9387 = 217561/112220
[2022-04-13 19:42:12.149] End E016 |  test loss 10.333; ppl  30716.03 | accu 0.0782 = 9024/115380 | w_len 1.4314 = 165159/115380 ../data/sample_500k/cbt_valid.txt
[2022-04-13 19:42:38.535] End E016 |  test loss 11.084; ppl  65094.85 | accu 0.0085 = 4306/506840 | w_len 1.9384 = 982436/506840 ../data/sample_500k/adult_test.txt
[2022-04-13 19:42:38.535] Epoch 017/20 ==================================================
[2022-04-13 19:42:56.341] E017 |   200/667 batches | lr 0.1562 | loss  4.581 | ppl     97.65 frag_cnt/word_cnt=1.997=279613/140000
[2022-04-13 19:43:14.244] E017 |   400/667 batches | lr 0.1562 | loss  4.559 | ppl     95.50 frag_cnt/word_cnt=2.024=283418/140000
[2022-04-13 19:43:32.163] E017 |   600/667 batches | lr 0.1562 | loss  4.448 | ppl     85.48 frag_cnt/word_cnt=2.013=281770/140000
[2022-04-13 19:43:38.159] E017 |   667/667 batches | lr 0.1562 | loss  4.366 | ppl     78.72 frag_cnt/word_cnt=2.008=94189/46900
[2022-04-13 19:43:44.052] End E017 | valid loss  5.894; ppl    362.87 | accu 0.2291 = 25714/112220 | w_len 1.9387 = 217561/112220
[2022-04-13 19:43:49.854] End E017 |  test loss 10.310; ppl  30036.93 | accu 0.0784 = 9044/115380 | w_len 1.4314 = 165159/115380 ../data/sample_500k/cbt_valid.txt
[2022-04-13 19:44:16.187] End E017 |  test loss 10.924; ppl  55515.87 | accu 0.0087 = 4431/506840 | w_len 1.9384 = 982436/506840 ../data/sample_500k/adult_test.txt
[2022-04-13 19:44:16.187] Epoch 018/20 ==================================================
[2022-04-13 19:44:33.835] E018 |   200/667 batches | lr 0.0781 | loss  4.578 | ppl     97.36 frag_cnt/word_cnt=1.997=279613/140000
[2022-04-13 19:44:51.784] E018 |   400/667 batches | lr 0.0781 | loss  4.553 | ppl     94.87 frag_cnt/word_cnt=2.024=283418/140000
[2022-04-13 19:45:09.697] E018 |   600/667 batches | lr 0.0781 | loss  4.447 | ppl     85.39 frag_cnt/word_cnt=2.013=281770/140000
[2022-04-13 19:45:15.673] E018 |   667/667 batches | lr 0.0781 | loss  4.360 | ppl     78.24 frag_cnt/word_cnt=2.008=94189/46900
[2022-04-13 19:45:21.554] End E018 | valid loss  5.895; ppl    363.25 | accu 0.2293 = 25729/112220 | w_len 1.9387 = 217561/112220
[2022-04-13 19:45:27.338] End E018 |  test loss 10.313; ppl  30109.68 | accu 0.0784 = 9047/115380 | w_len 1.4314 = 165159/115380 ../data/sample_500k/cbt_valid.txt
[2022-04-13 19:45:53.576] End E018 |  test loss 10.888; ppl  53506.91 | accu 0.0088 = 4478/506840 | w_len 1.9384 = 982436/506840 ../data/sample_500k/adult_test.txt
[2022-04-13 19:45:53.576] Epoch 019/20 ==================================================
[2022-04-13 19:46:11.378] E019 |   200/667 batches | lr 0.0391 | loss  4.576 | ppl     97.15 frag_cnt/word_cnt=1.997=279613/140000
[2022-04-13 19:46:29.299] E019 |   400/667 batches | lr 0.0391 | loss  4.552 | ppl     94.79 frag_cnt/word_cnt=2.024=283418/140000
[2022-04-13 19:46:47.257] E019 |   600/667 batches | lr 0.0391 | loss  4.445 | ppl     85.24 frag_cnt/word_cnt=2.013=281770/140000
[2022-04-13 19:46:53.254] E019 |   667/667 batches | lr 0.0391 | loss  4.358 | ppl     78.13 frag_cnt/word_cnt=2.008=94189/46900
[2022-04-13 19:46:59.139] End E019 | valid loss  5.896; ppl    363.65 | accu 0.2294 = 25748/112220 | w_len 1.9387 = 217561/112220
[2022-04-13 19:47:05.019] End E019 |  test loss 10.318; ppl  30283.81 | accu 0.0783 = 9033/115380 | w_len 1.4314 = 165159/115380 ../data/sample_500k/cbt_valid.txt
[2022-04-13 19:47:31.310] End E019 |  test loss 10.931; ppl  55857.73 | accu 0.0088 = 4453/506840 | w_len 1.9384 = 982436/506840 ../data/sample_500k/adult_test.txt
[2022-04-13 19:47:31.310] Epoch 020/20 ==================================================
[2022-04-13 19:47:49.062] E020 |   200/667 batches | lr 0.0195 | loss  4.575 | ppl     97.01 frag_cnt/word_cnt=1.997=279613/140000
[2022-04-13 19:48:06.884] E020 |   400/667 batches | lr 0.0195 | loss  4.553 | ppl     94.96 frag_cnt/word_cnt=2.024=283418/140000
[2022-04-13 19:48:24.850] E020 |   600/667 batches | lr 0.0195 | loss  4.444 | ppl     85.11 frag_cnt/word_cnt=2.013=281770/140000
[2022-04-13 19:48:30.825] E020 |   667/667 batches | lr 0.0195 | loss  4.361 | ppl     78.31 frag_cnt/word_cnt=2.008=94189/46900
[2022-04-13 19:48:36.777] End E020 | valid loss  5.897; ppl    363.82 | accu 0.2294 = 25744/112220 | w_len 1.9387 = 217561/112220
[2022-04-13 19:48:42.575] End E020 |  test loss 10.320; ppl  30341.75 | accu 0.0783 = 9035/115380 | w_len 1.4314 = 165159/115380 ../data/sample_500k/cbt_valid.txt
[2022-04-13 19:49:08.913] End E020 |  test loss 10.937; ppl  56206.35 | accu 0.0088 = 4455/506840 | w_len 1.9384 = 982436/506840 ../data/sample_500k/adult_test.txt
[2022-04-13 19:49:14.838] End. test loss 10.21; ppl 27043.83 | accu 0.0783 = 9029/115380 | w_len 1.4314 = 165159/115380 ../data/sample_500k/cbt_valid.txt
[2022-04-13 19:49:41.113] End. test loss 11.41; ppl 89901.62 | accu 0.0075 = 3817/506840 | w_len 1.9384 = 982436/506840 ../data/sample_500k/adult_test.txt
[2022-04-13 19:49:41.113] =========================================================================================
[2022-04-13 19:49:41.114] valid_loss
[2022-04-13 19:49:41.114]  6.81, 6.20, 6.14, 6.01, 5.97, 5.99, 5.90, 5.92, 5.89, 5.89, 5.89, 5.89, 5.90, 5.90, 5.90, 5.89, 5.89, 5.90, 5.90, 5.90
[2022-04-13 19:49:41.114] valid_loss ppl
[2022-04-13 19:49:41.114]   905.83,  493.60,  465.77,  407.62,  391.68,  400.22,  364.52,  371.37,  362.30,  362.72,  362.27,  362.23,  363.90,  364.26,  363.44,  363.12,  362.87,  363.25,  363.65,  363.82
[2022-04-13 19:49:41.114] test_loss of ../data/sample_500k/cbt_valid.txt
[2022-04-13 19:49:41.114]  7.29, 7.83, 7.56, 8.28, 8.44, 8.62, 9.07, 9.37, 9.71, 9.84,10.11,10.21,10.18,10.21,10.33,10.33,10.31,10.31,10.32,10.32
[2022-04-13 19:49:41.114] test_loss of ../data/sample_500k/cbt_valid.txt ppl
[2022-04-13 19:49:41.114]  1461.30, 2514.56, 1926.39, 3963.11, 4637.84, 5530.11, 8649.20,11746.44,16417.00,18801.45,24506.78,27043.83,26404.55,27175.15,30731.50,30716.03,30036.93,30109.68,30283.81,30341.75
[2022-04-13 19:49:41.114] test_loss of ../data/sample_500k/adult_test.txt
[2022-04-13 19:49:41.114]  8.41, 9.65, 9.18,10.92,10.32,10.74,10.98,11.19,11.24,11.95,11.74,11.41,11.59,11.25,11.16,11.08,10.92,10.89,10.93,10.94
[2022-04-13 19:49:41.114] test_loss of ../data/sample_500k/adult_test.txt ppl
[2022-04-13 19:49:41.114]  4481.12,15514.71, 9690.06,55158.85,30467.00,46031.88,58702.46,72664.69,76044.20,154062.30,125058.03,89901.62,108437.62,76674.95,70279.07,65094.85,55515.87,53506.91,55857.73,56206.35
[2022-04-13 19:49:41.114] 
[2022-04-13 19:49:41.114] 
[2022-04-13 19:49:41.114] 
