[2022-04-13 21:32:15.442] corpus.train_file_list: 1
[2022-04-13 21:32:15.442]         ../data/sample_500k/adolescent_train.txt
[2022-04-13 21:32:15.442] corpus.valid_file_list: 1
[2022-04-13 21:32:15.443]         ../data/sample_500k/adolescent_valid.txt
[2022-04-13 21:32:15.443] corpus.test_file_list: 2
[2022-04-13 21:32:15.443]         ../data/sample_500k/cbt_valid.txt
[2022-04-13 21:32:15.443]         ../data/sample_500k/adult_test.txt
[2022-04-13 21:32:15.443] corpus.subword_vocab_size: 0
[2022-04-13 21:32:15.443] corpus.subword_model = None. Corpus will not use subword.
[2022-04-13 21:32:15.443] corpus tokenize...
[2022-04-13 21:32:16.526]         train tokens: 467267  ../data/sample_500k/adolescent_train.txt
[2022-04-13 21:32:16.755]         valid tokens: 112256  ../data/sample_500k/adolescent_valid.txt
[2022-04-13 21:32:16.912]         test  tokens: 115417  ../data/sample_500k/cbt_valid.txt
[2022-04-13 21:32:17.569]         test  tokens: 506878  ../data/sample_500k/adult_test.txt
[2022-04-13 21:32:17.570] corpus.ntokens      : 95521
[2022-04-13 21:32:17.570] corpus.char_count   : 166
[2022-04-13 21:32:17.570] corpus.char_cnt_dict: 166
[2022-04-13 21:32:17.570] corpus.char_id_dict : 166
[2022-04-13 21:32:17.575] corpus.batchify(1 files, batch_size=20)...
[2022-04-13 21:32:17.575]         tokens_all: 467267
[2022-04-13 21:32:17.576]         batched   :  23363
[2022-04-13 21:32:17.576]         ../data/sample_500k/adolescent_train.txt
[2022-04-13 21:32:17.578] corpus.batchify(1 files, batch_size=20)...
[2022-04-13 21:32:17.578]         tokens_all: 112256
[2022-04-13 21:32:17.579]         batched   :   5612
[2022-04-13 21:32:17.579]         ../data/sample_500k/adolescent_valid.txt
[2022-04-13 21:32:17.581] corpus.batchify(1 files, batch_size=20)...
[2022-04-13 21:32:17.581]         tokens_all: 115417
[2022-04-13 21:32:17.581]         batched   :   5770
[2022-04-13 21:32:17.581]         ../data/sample_500k/cbt_valid.txt
[2022-04-13 21:32:17.587] corpus.batchify(1 files, batch_size=20)...
[2022-04-13 21:32:17.587]         tokens_all: 506878
[2022-04-13 21:32:17.587]         batched   :  25343
[2022-04-13 21:32:17.587]         ../data/sample_500k/adult_test.txt
[2022-04-13 21:32:17.588] subword_adapter will be generated due to word_split_mode='Subword.5000'
[2022-04-13 21:32:17.588] SubwordAdapter.file_list: 2
[2022-04-13 21:32:17.588]         ../data/sample_500k/adolescent_train.txt
[2022-04-13 21:32:17.588]         ../data/sample_500k/adolescent_valid.txt
[2022-04-13 21:32:17.588] SubwordAdapter.subword_vocab_size: 5000
[2022-04-13 21:32:17.588] SubwordAdapter.subword_model.train(2 files)...
[2022-04-13 21:32:18.514] SubwordAdapter.subword_model.train(2 files)...Done
[2022-04-13 21:32:19.176] RNNModel.rnn_type: LSTM
[2022-04-13 21:32:19.176] RNNModel.ntoken  : 95521
[2022-04-13 21:32:19.176] RNNModel.ninp    : 200
[2022-04-13 21:32:19.176] RNNModel.nhid    : 200
[2022-04-13 21:32:19.176] RNNModel.nlayers : 2
[2022-04-13 21:32:19.176] RNNModel.dropout : 0.2
[2022-04-13 21:32:19.176] RNNModel.tie_weights: False
[2022-04-13 21:32:19.176] RNNModel.fragment_aggregate_mode: CNN
[2022-04-13 21:32:19.177] RNNModel.fragment_cnt           : 5002
[2022-04-13 21:32:19.177] RNNModel.fragment_emsize        : 25
[2022-04-13 21:32:19.177] RNNModel.fragment_nhid          : 200
[2022-04-13 21:32:19.179] RNNModel.fragment_embeds     : created
[2022-04-13 21:32:19.179] RNNModel.fragment_cnn3       : created
[2022-04-13 21:32:19.219] Epoch 001/20 ==================================================
[2022-04-13 21:32:36.870] E001 |   200/667 batches | lr 20.0000 | loss  8.525 | ppl   5038.00 frag_cnt/word_cnt=1.798=251773/140000
[2022-04-13 21:32:54.780] E001 |   400/667 batches | lr 20.0000 | loss  7.582 | ppl   1962.44 frag_cnt/word_cnt=1.823=255238/140000
[2022-04-13 21:33:12.562] E001 |   600/667 batches | lr 20.0000 | loss  6.991 | ppl   1087.18 frag_cnt/word_cnt=1.815=254110/140000
[2022-04-13 21:33:18.567] E001 |   667/667 batches | lr 20.0000 | loss  6.693 | ppl    806.82 frag_cnt/word_cnt=1.821=85386/46900
[2022-04-13 21:33:24.471] End E001 | valid loss  6.644; ppl    768.10 | accu 0.1630 = 18289/112220 | w_len 1.7601 = 197513/112220
[2022-04-13 21:33:30.308] End E001 |  test loss  7.496; ppl   1800.95 | accu 0.0782 = 9023/115380 | w_len 1.3025 = 150286/115380 ../data/sample_500k/cbt_valid.txt
[2022-04-13 21:33:56.729] End E001 |  test loss  8.652; ppl   5723.69 | accu 0.0221 = 11203/506840 | w_len 1.6811 = 852047/506840 ../data/sample_500k/adult_test.txt
[2022-04-13 21:33:56.729] Save: model.pt... 
[2022-04-13 21:33:57.348] Save: model.pt...Done. best_val_loss: 6.6439
[2022-04-13 21:33:57.349] Epoch 002/20 ==================================================
[2022-04-13 21:34:15.102] E002 |   200/667 batches | lr 20.0000 | loss  6.543 | ppl    694.17 frag_cnt/word_cnt=1.798=251773/140000
[2022-04-13 21:34:32.966] E002 |   400/667 batches | lr 20.0000 | loss  6.388 | ppl    594.71 frag_cnt/word_cnt=1.823=255238/140000
[2022-04-13 21:34:50.921] E002 |   600/667 batches | lr 20.0000 | loss  6.172 | ppl    479.16 frag_cnt/word_cnt=1.815=254110/140000
[2022-04-13 21:34:56.952] E002 |   667/667 batches | lr 20.0000 | loss  6.054 | ppl    425.93 frag_cnt/word_cnt=1.821=85386/46900
[2022-04-13 21:35:02.919] End E002 | valid loss  6.194; ppl    490.00 | accu 0.1965 = 22050/112220 | w_len 1.7601 = 197513/112220
[2022-04-13 21:35:08.749] End E002 |  test loss  8.079; ppl   3225.34 | accu 0.0651 = 7511/115380 | w_len 1.3025 = 150286/115380 ../data/sample_500k/cbt_valid.txt
[2022-04-13 21:35:35.153] End E002 |  test loss  9.854; ppl  19036.25 | accu 0.0061 = 3071/506840 | w_len 1.6811 = 852047/506840 ../data/sample_500k/adult_test.txt
[2022-04-13 21:35:35.153] Save: model.pt... 
[2022-04-13 21:35:35.752] Save: model.pt...Done. best_val_loss: 6.1944
[2022-04-13 21:35:35.752] Epoch 003/20 ==================================================
[2022-04-13 21:35:53.543] E003 |   200/667 batches | lr 20.0000 | loss  6.014 | ppl    409.29 frag_cnt/word_cnt=1.798=251773/140000
[2022-04-13 21:36:11.392] E003 |   400/667 batches | lr 20.0000 | loss  5.974 | ppl    393.12 frag_cnt/word_cnt=1.823=255238/140000
[2022-04-13 21:36:29.321] E003 |   600/667 batches | lr 20.0000 | loss  5.832 | ppl    340.97 frag_cnt/word_cnt=1.815=254110/140000
[2022-04-13 21:36:35.275] E003 |   667/667 batches | lr 20.0000 | loss  5.744 | ppl    312.29 frag_cnt/word_cnt=1.821=85386/46900
[2022-04-13 21:36:41.181] End E003 | valid loss  6.083; ppl    438.45 | accu 0.2033 = 22819/112220 | w_len 1.7601 = 197513/112220
[2022-04-13 21:36:47.038] End E003 |  test loss  7.907; ppl   2716.18 | accu 0.0723 = 8339/115380 | w_len 1.3025 = 150286/115380 ../data/sample_500k/cbt_valid.txt
[2022-04-13 21:37:13.464] End E003 |  test loss  9.677; ppl  15950.57 | accu 0.0044 = 2255/506840 | w_len 1.6811 = 852047/506840 ../data/sample_500k/adult_test.txt
[2022-04-13 21:37:13.464] Save: model.pt... 
[2022-04-13 21:37:14.062] Save: model.pt...Done. best_val_loss: 6.0832
[2022-04-13 21:37:14.062] Epoch 004/20 ==================================================
[2022-04-13 21:37:31.929] E004 |   200/667 batches | lr 20.0000 | loss  5.728 | ppl    307.40 frag_cnt/word_cnt=1.798=251773/140000
[2022-04-13 21:37:49.841] E004 |   400/667 batches | lr 20.0000 | loss  5.716 | ppl    303.77 frag_cnt/word_cnt=1.823=255238/140000
[2022-04-13 21:38:07.625] E004 |   600/667 batches | lr 20.0000 | loss  5.604 | ppl    271.38 frag_cnt/word_cnt=1.815=254110/140000
[2022-04-13 21:38:13.498] E004 |   667/667 batches | lr 20.0000 | loss  5.521 | ppl    249.94 frag_cnt/word_cnt=1.821=85386/46900
[2022-04-13 21:38:19.453] End E004 | valid loss  6.024; ppl    413.16 | accu 0.2071 = 23236/112220 | w_len 1.7601 = 197513/112220
[2022-04-13 21:38:25.342] End E004 |  test loss  7.742; ppl   2301.99 | accu 0.0737 = 8499/115380 | w_len 1.3025 = 150286/115380 ../data/sample_500k/cbt_valid.txt
[2022-04-13 21:38:51.765] End E004 |  test loss  9.186; ppl   9758.62 | accu 0.0108 = 5499/506840 | w_len 1.6811 = 852047/506840 ../data/sample_500k/adult_test.txt
[2022-04-13 21:38:51.765] Save: model.pt... 
[2022-04-13 21:38:52.363] Save: model.pt...Done. best_val_loss: 6.0238
[2022-04-13 21:38:52.363] Epoch 005/20 ==================================================
[2022-04-13 21:39:10.220] E005 |   200/667 batches | lr 20.0000 | loss  5.514 | ppl    248.07 frag_cnt/word_cnt=1.798=251773/140000
[2022-04-13 21:39:28.158] E005 |   400/667 batches | lr 20.0000 | loss  5.516 | ppl    248.58 frag_cnt/word_cnt=1.823=255238/140000
[2022-04-13 21:39:46.149] E005 |   600/667 batches | lr 20.0000 | loss  5.417 | ppl    225.32 frag_cnt/word_cnt=1.815=254110/140000
[2022-04-13 21:39:52.181] E005 |   667/667 batches | lr 20.0000 | loss  5.348 | ppl    210.18 frag_cnt/word_cnt=1.821=85386/46900
[2022-04-13 21:39:58.138] End E005 | valid loss  5.976; ppl    393.94 | accu 0.2103 = 23597/112220 | w_len 1.7601 = 197513/112220
[2022-04-13 21:40:04.036] End E005 |  test loss  8.096; ppl   3282.12 | accu 0.0705 = 8140/115380 | w_len 1.3025 = 150286/115380 ../data/sample_500k/cbt_valid.txt
[2022-04-13 21:40:30.548] End E005 |  test loss  9.652; ppl  15550.77 | accu 0.0080 = 4030/506840 | w_len 1.6811 = 852047/506840 ../data/sample_500k/adult_test.txt
[2022-04-13 21:40:30.548] Save: model.pt... 
[2022-04-13 21:40:31.139] Save: model.pt...Done. best_val_loss: 5.9762
[2022-04-13 21:40:31.139] Epoch 006/20 ==================================================
[2022-04-13 21:40:48.836] E006 |   200/667 batches | lr 20.0000 | loss  5.342 | ppl    208.96 frag_cnt/word_cnt=1.798=251773/140000
[2022-04-13 21:41:06.718] E006 |   400/667 batches | lr 20.0000 | loss  5.358 | ppl    212.20 frag_cnt/word_cnt=1.823=255238/140000
[2022-04-13 21:41:24.742] E006 |   600/667 batches | lr 20.0000 | loss  5.270 | ppl    194.46 frag_cnt/word_cnt=1.815=254110/140000
[2022-04-13 21:41:30.753] E006 |   667/667 batches | lr 20.0000 | loss  5.203 | ppl    181.88 frag_cnt/word_cnt=1.821=85386/46900
[2022-04-13 21:41:36.687] End E006 | valid loss  6.005; ppl    405.38 | accu 0.2088 = 23429/112220 | w_len 1.7601 = 197513/112220
[2022-04-13 21:41:42.551] End E006 |  test loss  8.063; ppl   3174.99 | accu 0.0755 = 8712/115380 | w_len 1.3025 = 150286/115380 ../data/sample_500k/cbt_valid.txt
[2022-04-13 21:42:09.093] End E006 |  test loss  9.490; ppl  13229.08 | accu 0.0136 = 6887/506840 | w_len 1.6811 = 852047/506840 ../data/sample_500k/adult_test.txt
[2022-04-13 21:42:09.093] Epoch 007/20 ==================================================
[2022-04-13 21:42:26.933] E007 |   200/667 batches | lr 10.0000 | loss  5.111 | ppl    165.78 frag_cnt/word_cnt=1.798=251773/140000
[2022-04-13 21:42:44.905] E007 |   400/667 batches | lr 10.0000 | loss  5.074 | ppl    159.81 frag_cnt/word_cnt=1.823=255238/140000
[2022-04-13 21:43:02.850] E007 |   600/667 batches | lr 10.0000 | loss  4.956 | ppl    142.01 frag_cnt/word_cnt=1.815=254110/140000
[2022-04-13 21:43:08.846] E007 |   667/667 batches | lr 10.0000 | loss  4.880 | ppl    131.66 frag_cnt/word_cnt=1.821=85386/46900
[2022-04-13 21:43:14.838] End E007 | valid loss  5.934; ppl    377.48 | accu 0.2159 = 24232/112220 | w_len 1.7601 = 197513/112220
[2022-04-13 21:43:20.689] End E007 |  test loss  7.843; ppl   2546.89 | accu 0.0778 = 8975/115380 | w_len 1.3025 = 150286/115380 ../data/sample_500k/cbt_valid.txt
[2022-04-13 21:43:47.328] End E007 |  test loss  8.808; ppl   6684.81 | accu 0.0197 = 9986/506840 | w_len 1.6811 = 852047/506840 ../data/sample_500k/adult_test.txt
[2022-04-13 21:43:47.328] Save: model.pt... 
[2022-04-13 21:43:47.930] Save: model.pt...Done. best_val_loss: 5.9335
[2022-04-13 21:43:47.930] Epoch 008/20 ==================================================
[2022-04-13 21:44:05.868] E008 |   200/667 batches | lr 10.0000 | loss  4.966 | ppl    143.42 frag_cnt/word_cnt=1.798=251773/140000
[2022-04-13 21:44:23.907] E008 |   400/667 batches | lr 10.0000 | loss  4.956 | ppl    142.02 frag_cnt/word_cnt=1.823=255238/140000
[2022-04-13 21:44:41.886] E008 |   600/667 batches | lr 10.0000 | loss  4.864 | ppl    129.49 frag_cnt/word_cnt=1.815=254110/140000
[2022-04-13 21:44:47.923] E008 |   667/667 batches | lr 10.0000 | loss  4.802 | ppl    121.78 frag_cnt/word_cnt=1.821=85386/46900
[2022-04-13 21:44:53.885] End E008 | valid loss  5.939; ppl    379.57 | accu 0.2162 = 24257/112220 | w_len 1.7601 = 197513/112220
[2022-04-13 21:44:59.747] End E008 |  test loss  7.820; ppl   2490.71 | accu 0.0793 = 9150/115380 | w_len 1.3025 = 150286/115380 ../data/sample_500k/cbt_valid.txt
[2022-04-13 21:45:26.423] End E008 |  test loss  8.461; ppl   4726.80 | accu 0.0341 = 17269/506840 | w_len 1.6811 = 852047/506840 ../data/sample_500k/adult_test.txt
[2022-04-13 21:45:26.424] Epoch 009/20 ==================================================
[2022-04-13 21:45:44.219] E009 |   200/667 batches | lr 5.0000 | loss  4.841 | ppl    126.65 frag_cnt/word_cnt=1.798=251773/140000
[2022-04-13 21:46:02.233] E009 |   400/667 batches | lr 5.0000 | loss  4.807 | ppl    122.32 frag_cnt/word_cnt=1.823=255238/140000
[2022-04-13 21:46:20.197] E009 |   600/667 batches | lr 5.0000 | loss  4.692 | ppl    109.02 frag_cnt/word_cnt=1.815=254110/140000
[2022-04-13 21:46:26.222] E009 |   667/667 batches | lr 5.0000 | loss  4.615 | ppl    100.97 frag_cnt/word_cnt=1.821=85386/46900
[2022-04-13 21:46:32.122] End E009 | valid loss  5.924; ppl    373.98 | accu 0.2214 = 24851/112220 | w_len 1.7601 = 197513/112220
[2022-04-13 21:46:37.977] End E009 |  test loss  7.853; ppl   2572.93 | accu 0.0819 = 9454/115380 | w_len 1.3025 = 150286/115380 ../data/sample_500k/cbt_valid.txt
[2022-04-13 21:47:04.296] End E009 |  test loss  8.354; ppl   4248.27 | accu 0.0345 = 17475/506840 | w_len 1.6811 = 852047/506840 ../data/sample_500k/adult_test.txt
[2022-04-13 21:47:04.297] Save: model.pt... 
[2022-04-13 21:47:04.889] Save: model.pt...Done. best_val_loss: 5.9242
[2022-04-13 21:47:04.889] Epoch 010/20 ==================================================
[2022-04-13 21:47:22.673] E010 |   200/667 batches | lr 5.0000 | loss  4.759 | ppl    116.63 frag_cnt/word_cnt=1.798=251773/140000
[2022-04-13 21:47:40.583] E010 |   400/667 batches | lr 5.0000 | loss  4.737 | ppl    114.13 frag_cnt/word_cnt=1.823=255238/140000
[2022-04-13 21:47:58.342] E010 |   600/667 batches | lr 5.0000 | loss  4.640 | ppl    103.50 frag_cnt/word_cnt=1.815=254110/140000
[2022-04-13 21:48:04.338] E010 |   667/667 batches | lr 5.0000 | loss  4.571 | ppl     96.63 frag_cnt/word_cnt=1.821=85386/46900
[2022-04-13 21:48:10.294] End E010 | valid loss  5.924; ppl    374.08 | accu 0.2214 = 24846/112220 | w_len 1.7601 = 197513/112220
[2022-04-13 21:48:16.157] End E010 |  test loss  7.960; ppl   2864.51 | accu 0.0818 = 9433/115380 | w_len 1.3025 = 150286/115380 ../data/sample_500k/cbt_valid.txt
[2022-04-13 21:48:42.568] End E010 |  test loss  8.531; ppl   5067.73 | accu 0.0295 = 14972/506840 | w_len 1.6811 = 852047/506840 ../data/sample_500k/adult_test.txt
[2022-04-13 21:48:42.568] Epoch 011/20 ==================================================
[2022-04-13 21:49:00.386] E011 |   200/667 batches | lr 2.5000 | loss  4.691 | ppl    109.00 frag_cnt/word_cnt=1.798=251773/140000
[2022-04-13 21:49:18.382] E011 |   400/667 batches | lr 2.5000 | loss  4.657 | ppl    105.31 frag_cnt/word_cnt=1.823=255238/140000
[2022-04-13 21:49:36.299] E011 |   600/667 batches | lr 2.5000 | loss  4.550 | ppl     94.60 frag_cnt/word_cnt=1.815=254110/140000
[2022-04-13 21:49:42.321] E011 |   667/667 batches | lr 2.5000 | loss  4.474 | ppl     87.75 frag_cnt/word_cnt=1.821=85386/46900
[2022-04-13 21:49:48.207] End E011 | valid loss  5.917; ppl    371.20 | accu 0.2249 = 25234/112220 | w_len 1.7601 = 197513/112220
[2022-04-13 21:49:54.039] End E011 |  test loss  7.888; ppl   2663.99 | accu 0.0826 = 9535/115380 | w_len 1.3025 = 150286/115380 ../data/sample_500k/cbt_valid.txt
[2022-04-13 21:50:20.430] End E011 |  test loss  8.478; ppl   4808.30 | accu 0.0280 = 14198/506840 | w_len 1.6811 = 852047/506840 ../data/sample_500k/adult_test.txt
[2022-04-13 21:50:20.430] Save: model.pt... 
[2022-04-13 21:50:21.064] Save: model.pt...Done. best_val_loss: 5.9168
[2022-04-13 21:50:21.064] Epoch 012/20 ==================================================
[2022-04-13 21:50:38.864] E012 |   200/667 batches | lr 2.5000 | loss  4.647 | ppl    104.29 frag_cnt/word_cnt=1.798=251773/140000
[2022-04-13 21:50:56.826] E012 |   400/667 batches | lr 2.5000 | loss  4.623 | ppl    101.75 frag_cnt/word_cnt=1.823=255238/140000
[2022-04-13 21:51:14.711] E012 |   600/667 batches | lr 2.5000 | loss  4.526 | ppl     92.41 frag_cnt/word_cnt=1.815=254110/140000
[2022-04-13 21:51:20.733] E012 |   667/667 batches | lr 2.5000 | loss  4.456 | ppl     86.15 frag_cnt/word_cnt=1.821=85386/46900
[2022-04-13 21:51:26.612] End E012 | valid loss  5.924; ppl    373.89 | accu 0.2238 = 25120/112220 | w_len 1.7601 = 197513/112220
[2022-04-13 21:51:32.440] End E012 |  test loss  7.816; ppl   2480.67 | accu 0.0838 = 9670/115380 | w_len 1.3025 = 150286/115380 ../data/sample_500k/cbt_valid.txt
[2022-04-13 21:51:58.802] End E012 |  test loss  8.461; ppl   4725.12 | accu 0.0308 = 15616/506840 | w_len 1.6811 = 852047/506840 ../data/sample_500k/adult_test.txt
[2022-04-13 21:51:58.802] Epoch 013/20 ==================================================
[2022-04-13 21:52:16.555] E013 |   200/667 batches | lr 1.2500 | loss  4.615 | ppl    100.99 frag_cnt/word_cnt=1.798=251773/140000
[2022-04-13 21:52:34.538] E013 |   400/667 batches | lr 1.2500 | loss  4.581 | ppl     97.60 frag_cnt/word_cnt=1.823=255238/140000
[2022-04-13 21:52:52.430] E013 |   600/667 batches | lr 1.2500 | loss  4.475 | ppl     87.80 frag_cnt/word_cnt=1.815=254110/140000
[2022-04-13 21:52:58.391] E013 |   667/667 batches | lr 1.2500 | loss  4.397 | ppl     81.23 frag_cnt/word_cnt=1.821=85386/46900
[2022-04-13 21:53:04.324] End E013 | valid loss  5.919; ppl    372.02 | accu 0.2253 = 25278/112220 | w_len 1.7601 = 197513/112220
[2022-04-13 21:53:10.176] End E013 |  test loss  7.854; ppl   2576.78 | accu 0.0849 = 9792/115380 | w_len 1.3025 = 150286/115380 ../data/sample_500k/cbt_valid.txt
[2022-04-13 21:53:36.514] End E013 |  test loss  8.425; ppl   4558.50 | accu 0.0347 = 17568/506840 | w_len 1.6811 = 852047/506840 ../data/sample_500k/adult_test.txt
[2022-04-13 21:53:36.514] Epoch 014/20 ==================================================
[2022-04-13 21:53:54.216] E014 |   200/667 batches | lr 0.6250 | loss  4.590 | ppl     98.51 frag_cnt/word_cnt=1.798=251773/140000
[2022-04-13 21:54:12.173] E014 |   400/667 batches | lr 0.6250 | loss  4.558 | ppl     95.43 frag_cnt/word_cnt=1.823=255238/140000
[2022-04-13 21:54:30.137] E014 |   600/667 batches | lr 0.6250 | loss  4.450 | ppl     85.64 frag_cnt/word_cnt=1.815=254110/140000
[2022-04-13 21:54:36.193] E014 |   667/667 batches | lr 0.6250 | loss  4.375 | ppl     79.46 frag_cnt/word_cnt=1.821=85386/46900
[2022-04-13 21:54:42.092] End E014 | valid loss  5.918; ppl    371.84 | accu 0.2265 = 25417/112220 | w_len 1.7601 = 197513/112220
[2022-04-13 21:54:47.898] End E014 |  test loss  7.913; ppl   2732.91 | accu 0.0854 = 9854/115380 | w_len 1.3025 = 150286/115380 ../data/sample_500k/cbt_valid.txt
[2022-04-13 21:55:14.140] End E014 |  test loss  8.440; ppl   4626.73 | accu 0.0333 = 16853/506840 | w_len 1.6811 = 852047/506840 ../data/sample_500k/adult_test.txt
[2022-04-13 21:55:14.141] Epoch 015/20 ==================================================
[2022-04-13 21:55:31.998] E015 |   200/667 batches | lr 0.3125 | loss  4.578 | ppl     97.34 frag_cnt/word_cnt=1.798=251773/140000
[2022-04-13 21:55:49.956] E015 |   400/667 batches | lr 0.3125 | loss  4.543 | ppl     93.98 frag_cnt/word_cnt=1.823=255238/140000
[2022-04-13 21:56:07.910] E015 |   600/667 batches | lr 0.3125 | loss  4.437 | ppl     84.55 frag_cnt/word_cnt=1.815=254110/140000
[2022-04-13 21:56:13.881] E015 |   667/667 batches | lr 0.3125 | loss  4.357 | ppl     78.04 frag_cnt/word_cnt=1.821=85386/46900
[2022-04-13 21:56:19.785] End E015 | valid loss  5.920; ppl    372.33 | accu 0.2268 = 25452/112220 | w_len 1.7601 = 197513/112220
[2022-04-13 21:56:25.627] End E015 |  test loss  7.920; ppl   2753.09 | accu 0.0851 = 9824/115380 | w_len 1.3025 = 150286/115380 ../data/sample_500k/cbt_valid.txt
[2022-04-13 21:56:51.926] End E015 |  test loss  8.462; ppl   4732.51 | accu 0.0310 = 15696/506840 | w_len 1.6811 = 852047/506840 ../data/sample_500k/adult_test.txt
[2022-04-13 21:56:51.926] Epoch 016/20 ==================================================
[2022-04-13 21:57:09.710] E016 |   200/667 batches | lr 0.1562 | loss  4.569 | ppl     96.49 frag_cnt/word_cnt=1.798=251773/140000
[2022-04-13 21:57:27.600] E016 |   400/667 batches | lr 0.1562 | loss  4.541 | ppl     93.80 frag_cnt/word_cnt=1.823=255238/140000
[2022-04-13 21:57:45.461] E016 |   600/667 batches | lr 0.1562 | loss  4.428 | ppl     83.74 frag_cnt/word_cnt=1.815=254110/140000
[2022-04-13 21:57:51.450] E016 |   667/667 batches | lr 0.1562 | loss  4.351 | ppl     77.56 frag_cnt/word_cnt=1.821=85386/46900
[2022-04-13 21:57:57.322] End E016 | valid loss  5.920; ppl    372.41 | accu 0.2272 = 25491/112220 | w_len 1.7601 = 197513/112220
[2022-04-13 21:58:03.137] End E016 |  test loss  7.915; ppl   2736.75 | accu 0.0848 = 9784/115380 | w_len 1.3025 = 150286/115380 ../data/sample_500k/cbt_valid.txt
[2022-04-13 21:58:29.439] End E016 |  test loss  8.480; ppl   4819.76 | accu 0.0300 = 15200/506840 | w_len 1.6811 = 852047/506840 ../data/sample_500k/adult_test.txt
[2022-04-13 21:58:29.439] Epoch 017/20 ==================================================
[2022-04-13 21:58:47.204] E017 |   200/667 batches | lr 0.0781 | loss  4.567 | ppl     96.29 frag_cnt/word_cnt=1.798=251773/140000
[2022-04-13 21:59:05.285] E017 |   400/667 batches | lr 0.0781 | loss  4.536 | ppl     93.29 frag_cnt/word_cnt=1.823=255238/140000
[2022-04-13 21:59:23.126] E017 |   600/667 batches | lr 0.0781 | loss  4.424 | ppl     83.41 frag_cnt/word_cnt=1.815=254110/140000
[2022-04-13 21:59:29.044] E017 |   667/667 batches | lr 0.0781 | loss  4.351 | ppl     77.57 frag_cnt/word_cnt=1.821=85386/46900
[2022-04-13 21:59:34.951] End E017 | valid loss  5.921; ppl    372.62 | accu 0.2272 = 25497/112220 | w_len 1.7601 = 197513/112220
[2022-04-13 21:59:40.788] End E017 |  test loss  7.918; ppl   2746.33 | accu 0.0845 = 9749/115380 | w_len 1.3025 = 150286/115380 ../data/sample_500k/cbt_valid.txt
[2022-04-13 22:00:07.301] End E017 |  test loss  8.492; ppl   4876.07 | accu 0.0291 = 14732/506840 | w_len 1.6811 = 852047/506840 ../data/sample_500k/adult_test.txt
[2022-04-13 22:00:07.301] Epoch 018/20 ==================================================
[2022-04-13 22:00:24.782] E018 |   200/667 batches | lr 0.0391 | loss  4.568 | ppl     96.33 frag_cnt/word_cnt=1.798=251773/140000
[2022-04-13 22:00:42.805] E018 |   400/667 batches | lr 0.0391 | loss  4.536 | ppl     93.29 frag_cnt/word_cnt=1.823=255238/140000
[2022-04-13 22:01:00.389] E018 |   600/667 batches | lr 0.0391 | loss  4.427 | ppl     83.65 frag_cnt/word_cnt=1.815=254110/140000
[2022-04-13 22:01:06.238] E018 |   667/667 batches | lr 0.0391 | loss  4.348 | ppl     77.29 frag_cnt/word_cnt=1.821=85386/46900
[2022-04-13 22:01:12.180] End E018 | valid loss  5.922; ppl    373.02 | accu 0.2273 = 25513/112220 | w_len 1.7601 = 197513/112220
[2022-04-13 22:01:18.031] End E018 |  test loss  7.923; ppl   2761.23 | accu 0.0846 = 9760/115380 | w_len 1.3025 = 150286/115380 ../data/sample_500k/cbt_valid.txt
[2022-04-13 22:01:44.449] End E018 |  test loss  8.495; ppl   4887.91 | accu 0.0290 = 14720/506840 | w_len 1.6811 = 852047/506840 ../data/sample_500k/adult_test.txt
[2022-04-13 22:01:44.449] Epoch 019/20 ==================================================
[2022-04-13 22:02:02.285] E019 |   200/667 batches | lr 0.0195 | loss  4.561 | ppl     95.71 frag_cnt/word_cnt=1.798=251773/140000
[2022-04-13 22:02:20.231] E019 |   400/667 batches | lr 0.0195 | loss  4.535 | ppl     93.19 frag_cnt/word_cnt=1.823=255238/140000
[2022-04-13 22:02:38.011] E019 |   600/667 batches | lr 0.0195 | loss  4.422 | ppl     83.27 frag_cnt/word_cnt=1.815=254110/140000
[2022-04-13 22:02:44.027] E019 |   667/667 batches | lr 0.0195 | loss  4.347 | ppl     77.27 frag_cnt/word_cnt=1.821=85386/46900
[2022-04-13 22:02:49.937] End E019 | valid loss  5.922; ppl    373.25 | accu 0.2273 = 25509/112220 | w_len 1.7601 = 197513/112220
[2022-04-13 22:02:55.745] End E019 |  test loss  7.927; ppl   2771.33 | accu 0.0845 = 9745/115380 | w_len 1.3025 = 150286/115380 ../data/sample_500k/cbt_valid.txt
[2022-04-13 22:03:21.958] End E019 |  test loss  8.498; ppl   4903.03 | accu 0.0289 = 14623/506840 | w_len 1.6811 = 852047/506840 ../data/sample_500k/adult_test.txt
[2022-04-13 22:03:21.958] Epoch 020/20 ==================================================
[2022-04-13 22:03:39.444] E020 |   200/667 batches | lr 0.0098 | loss  4.567 | ppl     96.25 frag_cnt/word_cnt=1.798=251773/140000
[2022-04-13 22:03:57.505] E020 |   400/667 batches | lr 0.0098 | loss  4.532 | ppl     92.95 frag_cnt/word_cnt=1.823=255238/140000
[2022-04-13 22:04:15.526] E020 |   600/667 batches | lr 0.0098 | loss  4.420 | ppl     83.12 frag_cnt/word_cnt=1.815=254110/140000
[2022-04-13 22:04:21.490] E020 |   667/667 batches | lr 0.0098 | loss  4.347 | ppl     77.26 frag_cnt/word_cnt=1.821=85386/46900
[2022-04-13 22:04:27.468] End E020 | valid loss  5.923; ppl    373.42 | accu 0.2273 = 25505/112220 | w_len 1.7601 = 197513/112220
[2022-04-13 22:04:33.324] End E020 |  test loss  7.930; ppl   2780.28 | accu 0.0843 = 9732/115380 | w_len 1.3025 = 150286/115380 ../data/sample_500k/cbt_valid.txt
[2022-04-13 22:04:59.580] End E020 |  test loss  8.501; ppl   4917.64 | accu 0.0286 = 14508/506840 | w_len 1.6811 = 852047/506840 ../data/sample_500k/adult_test.txt
[2022-04-13 22:05:05.554] End. test loss  7.89; ppl  2663.99 | accu 0.0826 = 9535/115380 | w_len 1.3025 = 150286/115380 ../data/sample_500k/cbt_valid.txt
[2022-04-13 22:05:31.851] End. test loss  8.48; ppl  4808.30 | accu 0.0280 = 14198/506840 | w_len 1.6811 = 852047/506840 ../data/sample_500k/adult_test.txt
[2022-04-13 22:05:31.851] =========================================================================================
[2022-04-13 22:05:31.852] valid_loss
[2022-04-13 22:05:31.852]  6.64, 6.19, 6.08, 6.02, 5.98, 6.00, 5.93, 5.94, 5.92, 5.92, 5.92, 5.92, 5.92, 5.92, 5.92, 5.92, 5.92, 5.92, 5.92, 5.92
[2022-04-13 22:05:31.852] valid_loss ppl
[2022-04-13 22:05:31.852]   768.10,  490.00,  438.45,  413.16,  393.94,  405.38,  377.48,  379.57,  373.98,  374.08,  371.20,  373.89,  372.02,  371.84,  372.33,  372.41,  372.62,  373.02,  373.25,  373.42
[2022-04-13 22:05:31.852] test_loss of ../data/sample_500k/cbt_valid.txt
[2022-04-13 22:05:31.852]  7.50, 8.08, 7.91, 7.74, 8.10, 8.06, 7.84, 7.82, 7.85, 7.96, 7.89, 7.82, 7.85, 7.91, 7.92, 7.91, 7.92, 7.92, 7.93, 7.93
[2022-04-13 22:05:31.852] test_loss of ../data/sample_500k/cbt_valid.txt ppl
[2022-04-13 22:05:31.852]  1800.95, 3225.34, 2716.18, 2301.99, 3282.12, 3174.99, 2546.89, 2490.71, 2572.93, 2864.51, 2663.99, 2480.67, 2576.78, 2732.91, 2753.09, 2736.75, 2746.33, 2761.23, 2771.33, 2780.28
[2022-04-13 22:05:31.852] test_loss of ../data/sample_500k/adult_test.txt
[2022-04-13 22:05:31.852]  8.65, 9.85, 9.68, 9.19, 9.65, 9.49, 8.81, 8.46, 8.35, 8.53, 8.48, 8.46, 8.42, 8.44, 8.46, 8.48, 8.49, 8.49, 8.50, 8.50
[2022-04-13 22:05:31.852] test_loss of ../data/sample_500k/adult_test.txt ppl
[2022-04-13 22:05:31.852]  5723.69,19036.25,15950.57, 9758.62,15550.77,13229.08, 6684.81, 4726.80, 4248.27, 5067.73, 4808.30, 4725.12, 4558.50, 4626.73, 4732.51, 4819.76, 4876.07, 4887.91, 4903.03, 4917.64
[2022-04-13 22:05:31.852] 
[2022-04-13 22:05:31.852] 
[2022-04-13 22:05:31.852] 
