[2022-04-13 15:11:16.724] corpus.train_file_list: 1
[2022-04-13 15:11:16.724]         ../data/sample_500k/adolescent_train.txt
[2022-04-13 15:11:16.724] corpus.valid_file_list: 1
[2022-04-13 15:11:16.724]         ../data/sample_500k/adolescent_valid.txt
[2022-04-13 15:11:16.724] corpus.test_file_list: 2
[2022-04-13 15:11:16.724]         ../data/sample_500k/cbt_valid.txt
[2022-04-13 15:11:16.724]         ../data/sample_500k/adult_test.txt
[2022-04-13 15:11:16.724] corpus.subword_vocab_size: 0
[2022-04-13 15:11:16.724] corpus.subword_model = None. Corpus will not use subword.
[2022-04-13 15:11:16.724] corpus tokenize...
[2022-04-13 15:11:17.785]         train tokens: 467267  ../data/sample_500k/adolescent_train.txt
[2022-04-13 15:11:18.017]         valid tokens: 112256  ../data/sample_500k/adolescent_valid.txt
[2022-04-13 15:11:18.157]         test  tokens: 115417  ../data/sample_500k/cbt_valid.txt
[2022-04-13 15:11:18.803]         test  tokens: 506878  ../data/sample_500k/adult_test.txt
[2022-04-13 15:11:18.804] corpus.ntokens      : 95521
[2022-04-13 15:11:18.804] corpus.char_count   : 166
[2022-04-13 15:11:18.804] corpus.char_cnt_dict: 166
[2022-04-13 15:11:18.804] corpus.char_id_dict : 166
[2022-04-13 15:11:18.812] corpus.batchify(1 files, batch_size=20)...
[2022-04-13 15:11:18.812]         tokens_all: 467267
[2022-04-13 15:11:18.812]         batched   :  23363
[2022-04-13 15:11:18.812]         ../data/sample_500k/adolescent_train.txt
[2022-04-13 15:11:18.814] corpus.batchify(1 files, batch_size=20)...
[2022-04-13 15:11:18.814]         tokens_all: 112256
[2022-04-13 15:11:18.814]         batched   :   5612
[2022-04-13 15:11:18.814]         ../data/sample_500k/adolescent_valid.txt
[2022-04-13 15:11:18.815] corpus.batchify(1 files, batch_size=20)...
[2022-04-13 15:11:18.816]         tokens_all: 115417
[2022-04-13 15:11:18.816]         batched   :   5770
[2022-04-13 15:11:18.816]         ../data/sample_500k/cbt_valid.txt
[2022-04-13 15:11:18.819] corpus.batchify(1 files, batch_size=20)...
[2022-04-13 15:11:18.819]         tokens_all: 506878
[2022-04-13 15:11:18.820]         batched   :  25343
[2022-04-13 15:11:18.820]         ../data/sample_500k/adult_test.txt
[2022-04-13 15:11:18.821] subword_adapter will be generated due to word_split_mode='Subword.500'
[2022-04-13 15:11:18.821] SubwordAdapter.file_list: 2
[2022-04-13 15:11:18.821]         ../data/sample_500k/adolescent_train.txt
[2022-04-13 15:11:18.821]         ../data/sample_500k/adolescent_valid.txt
[2022-04-13 15:11:18.821] SubwordAdapter.subword_vocab_size: 500
[2022-04-13 15:11:18.821] SubwordAdapter.subword_model.train(2 files)...
[2022-04-13 15:11:19.295] SubwordAdapter.subword_model.train(2 files)...Done
[2022-04-13 15:11:20.067] RNNModel.rnn_type: LSTM
[2022-04-13 15:11:20.067] RNNModel.ntoken  : 95521
[2022-04-13 15:11:20.067] RNNModel.ninp    : 200
[2022-04-13 15:11:20.067] RNNModel.nhid    : 200
[2022-04-13 15:11:20.067] RNNModel.nlayers : 2
[2022-04-13 15:11:20.067] RNNModel.dropout : 0.2
[2022-04-13 15:11:20.067] RNNModel.tie_weights: False
[2022-04-13 15:11:20.067] RNNModel.fragment_aggregate_mode: LSTM
[2022-04-13 15:11:20.067] RNNModel.fragment_cnt           : 502
[2022-04-13 15:11:20.068] RNNModel.fragment_emsize        : 25
[2022-04-13 15:11:20.068] RNNModel.fragment_nhid          : 200
[2022-04-13 15:11:20.068] RNNModel.fragment_embeds     : created
[2022-04-13 15:11:20.072] RNNModel.fragment_lstm       : created
[2022-04-13 15:11:20.072] RNNModel.fragment_lstm_linear: created
[2022-04-13 15:11:20.113] Epoch 001/20 ==================================================
[2022-04-13 15:12:25.657] E001 |   200/667 batches | lr 20.0000 | loss  8.588 | ppl   5366.09 frag_cnt/word_cnt=2.609=365242/140000
[2022-04-13 15:13:33.358] E001 |   400/667 batches | lr 20.0000 | loss  7.749 | ppl   2320.39 frag_cnt/word_cnt=2.646=370388/140000
[2022-04-13 15:14:38.408] E001 |   600/667 batches | lr 20.0000 | loss  7.218 | ppl   1363.28 frag_cnt/word_cnt=2.630=368153/140000
[2022-04-13 15:15:01.434] E001 |   667/667 batches | lr 20.0000 | loss  6.889 | ppl    981.07 frag_cnt/word_cnt=2.618=122782/46900
[2022-04-13 15:15:15.947] End E001 | valid loss  6.904; ppl    996.22 | accu 0.1368 = 15354/112220 | w_len 2.5007 = 280626/112220
[2022-04-13 15:15:30.681] End E001 |  test loss  7.332; ppl   1529.15 | accu 0.1164 = 13429/115380 | w_len 1.8144 = 209350/115380 ../data/sample_500k/cbt_valid.txt
[2022-04-13 15:16:36.070] End E001 |  test loss  8.347; ppl   4215.49 | accu 0.0746 = 37831/506840 | w_len 2.4840 = 1258997/506840 ../data/sample_500k/adult_test.txt
[2022-04-13 15:16:36.071] Save: model.pt... 
[2022-04-13 15:16:36.673] Save: model.pt...Done. best_val_loss: 6.9040
[2022-04-13 15:16:36.673] Epoch 002/20 ==================================================
[2022-04-13 15:17:41.309] E002 |   200/667 batches | lr 20.0000 | loss  6.666 | ppl    785.24 frag_cnt/word_cnt=2.609=365242/140000
[2022-04-13 15:18:49.548] E002 |   400/667 batches | lr 20.0000 | loss  6.501 | ppl    665.87 frag_cnt/word_cnt=2.646=370388/140000
[2022-04-13 15:19:56.588] E002 |   600/667 batches | lr 20.0000 | loss  6.279 | ppl    533.31 frag_cnt/word_cnt=2.630=368153/140000
[2022-04-13 15:20:18.701] E002 |   667/667 batches | lr 20.0000 | loss  6.154 | ppl    470.43 frag_cnt/word_cnt=2.618=122782/46900
[2022-04-13 15:20:33.188] End E002 | valid loss  6.266; ppl    526.44 | accu 0.1927 = 21629/112220 | w_len 2.5007 = 280626/112220
[2022-04-13 15:20:47.798] End E002 |  test loss  8.227; ppl   3742.23 | accu 0.0700 = 8082/115380 | w_len 1.8144 = 209350/115380 ../data/sample_500k/cbt_valid.txt
[2022-04-13 15:21:53.359] End E002 |  test loss 10.842; ppl  51124.97 | accu 0.0053 = 2680/506840 | w_len 2.4840 = 1258997/506840 ../data/sample_500k/adult_test.txt
[2022-04-13 15:21:53.359] Save: model.pt... 
[2022-04-13 15:21:53.946] Save: model.pt...Done. best_val_loss: 6.2661
[2022-04-13 15:21:53.946] Epoch 003/20 ==================================================
[2022-04-13 15:22:58.663] E003 |   200/667 batches | lr 20.0000 | loss  6.098 | ppl    445.00 frag_cnt/word_cnt=2.609=365242/140000
[2022-04-13 15:24:06.320] E003 |   400/667 batches | lr 20.0000 | loss  6.027 | ppl    414.37 frag_cnt/word_cnt=2.646=370388/140000
[2022-04-13 15:25:13.159] E003 |   600/667 batches | lr 20.0000 | loss  5.880 | ppl    357.92 frag_cnt/word_cnt=2.630=368153/140000
[2022-04-13 15:25:35.906] E003 |   667/667 batches | lr 20.0000 | loss  5.796 | ppl    329.07 frag_cnt/word_cnt=2.618=122782/46900
[2022-04-13 15:25:50.403] End E003 | valid loss  6.112; ppl    451.33 | accu 0.2000 = 22444/112220 | w_len 2.5007 = 280626/112220
[2022-04-13 15:26:05.390] End E003 |  test loss  7.676; ppl   2156.09 | accu 0.0790 = 9116/115380 | w_len 1.8144 = 209350/115380 ../data/sample_500k/cbt_valid.txt
[2022-04-13 15:27:10.538] End E003 |  test loss  9.547; ppl  13997.25 | accu 0.0071 = 3587/506840 | w_len 2.4840 = 1258997/506840 ../data/sample_500k/adult_test.txt
[2022-04-13 15:27:10.538] Save: model.pt... 
[2022-04-13 15:27:11.135] Save: model.pt...Done. best_val_loss: 6.1122
[2022-04-13 15:27:11.135] Epoch 004/20 ==================================================
[2022-04-13 15:28:14.960] E004 |   200/667 batches | lr 20.0000 | loss  5.755 | ppl    315.88 frag_cnt/word_cnt=2.609=365242/140000
[2022-04-13 15:29:22.491] E004 |   400/667 batches | lr 20.0000 | loss  5.734 | ppl    309.14 frag_cnt/word_cnt=2.646=370388/140000
[2022-04-13 15:30:28.735] E004 |   600/667 batches | lr 20.0000 | loss  5.630 | ppl    278.62 frag_cnt/word_cnt=2.630=368153/140000
[2022-04-13 15:30:51.056] E004 |   667/667 batches | lr 20.0000 | loss  5.548 | ppl    256.72 frag_cnt/word_cnt=2.618=122782/46900
[2022-04-13 15:31:05.579] End E004 | valid loss  6.030; ppl    415.72 | accu 0.2073 = 23260/112220 | w_len 2.5007 = 280626/112220
[2022-04-13 15:31:19.974] End E004 |  test loss  8.174; ppl   3547.45 | accu 0.0734 = 8470/115380 | w_len 1.8144 = 209350/115380 ../data/sample_500k/cbt_valid.txt
[2022-04-13 15:32:24.177] End E004 |  test loss  9.554; ppl  14096.19 | accu 0.0059 = 2978/506840 | w_len 2.4840 = 1258997/506840 ../data/sample_500k/adult_test.txt
[2022-04-13 15:32:24.177] Save: model.pt... 
[2022-04-13 15:32:24.777] Save: model.pt...Done. best_val_loss: 6.0300
[2022-04-13 15:32:24.778] Epoch 005/20 ==================================================
[2022-04-13 15:33:28.772] E005 |   200/667 batches | lr 20.0000 | loss  5.530 | ppl    252.13 frag_cnt/word_cnt=2.609=365242/140000
[2022-04-13 15:34:35.244] E005 |   400/667 batches | lr 20.0000 | loss  5.520 | ppl    249.60 frag_cnt/word_cnt=2.646=370388/140000
[2022-04-13 15:35:42.802] E005 |   600/667 batches | lr 20.0000 | loss  5.432 | ppl    228.52 frag_cnt/word_cnt=2.630=368153/140000
[2022-04-13 15:36:05.395] E005 |   667/667 batches | lr 20.0000 | loss  5.354 | ppl    211.45 frag_cnt/word_cnt=2.618=122782/46900
[2022-04-13 15:36:19.837] End E005 | valid loss  6.003; ppl    404.82 | accu 0.2082 = 23359/112220 | w_len 2.5007 = 280626/112220
[2022-04-13 15:36:34.594] End E005 |  test loss  7.921; ppl   2755.71 | accu 0.0744 = 8581/115380 | w_len 1.8144 = 209350/115380 ../data/sample_500k/cbt_valid.txt
[2022-04-13 15:37:39.094] End E005 |  test loss  9.939; ppl  20721.15 | accu 0.0059 = 3001/506840 | w_len 2.4840 = 1258997/506840 ../data/sample_500k/adult_test.txt
[2022-04-13 15:37:39.094] Save: model.pt... 
[2022-04-13 15:37:39.697] Save: model.pt...Done. best_val_loss: 6.0035
[2022-04-13 15:37:39.697] Epoch 006/20 ==================================================
[2022-04-13 15:38:45.165] E006 |   200/667 batches | lr 20.0000 | loss  5.349 | ppl    210.44 frag_cnt/word_cnt=2.609=365242/140000
[2022-04-13 15:39:52.194] E006 |   400/667 batches | lr 20.0000 | loss  5.351 | ppl    210.73 frag_cnt/word_cnt=2.646=370388/140000
[2022-04-13 15:40:58.365] E006 |   600/667 batches | lr 20.0000 | loss  5.260 | ppl    192.39 frag_cnt/word_cnt=2.630=368153/140000
[2022-04-13 15:41:20.312] E006 |   667/667 batches | lr 20.0000 | loss  5.199 | ppl    181.05 frag_cnt/word_cnt=2.618=122782/46900
[2022-04-13 15:41:34.621] End E006 | valid loss  6.006; ppl    405.94 | accu 0.2087 = 23421/112220 | w_len 2.5007 = 280626/112220
[2022-04-13 15:41:49.182] End E006 |  test loss  8.020; ppl   3039.95 | accu 0.0727 = 8388/115380 | w_len 1.8144 = 209350/115380 ../data/sample_500k/cbt_valid.txt
[2022-04-13 15:42:54.905] End E006 |  test loss  9.592; ppl  14641.73 | accu 0.0103 = 5217/506840 | w_len 2.4840 = 1258997/506840 ../data/sample_500k/adult_test.txt
[2022-04-13 15:42:54.905] Epoch 007/20 ==================================================
[2022-04-13 15:43:59.090] E007 |   200/667 batches | lr 10.0000 | loss  5.096 | ppl    163.42 frag_cnt/word_cnt=2.609=365242/140000
[2022-04-13 15:45:07.257] E007 |   400/667 batches | lr 10.0000 | loss  5.052 | ppl    156.37 frag_cnt/word_cnt=2.646=370388/140000
[2022-04-13 15:46:13.922] E007 |   600/667 batches | lr 10.0000 | loss  4.948 | ppl    140.96 frag_cnt/word_cnt=2.630=368153/140000
[2022-04-13 15:46:36.134] E007 |   667/667 batches | lr 10.0000 | loss  4.865 | ppl    129.66 frag_cnt/word_cnt=2.618=122782/46900
[2022-04-13 15:46:50.528] End E007 | valid loss  5.934; ppl    377.63 | accu 0.2158 = 24220/112220 | w_len 2.5007 = 280626/112220
[2022-04-13 15:47:04.867] End E007 |  test loss  7.720; ppl   2252.41 | accu 0.0741 = 8548/115380 | w_len 1.8144 = 209350/115380 ../data/sample_500k/cbt_valid.txt
[2022-04-13 15:48:10.262] End E007 |  test loss  9.600; ppl  14767.20 | accu 0.0064 = 3242/506840 | w_len 2.4840 = 1258997/506840 ../data/sample_500k/adult_test.txt
[2022-04-13 15:48:10.262] Save: model.pt... 
[2022-04-13 15:48:10.848] Save: model.pt...Done. best_val_loss: 5.9339
[2022-04-13 15:48:10.848] Epoch 008/20 ==================================================
[2022-04-13 15:49:16.436] E008 |   200/667 batches | lr 10.0000 | loss  4.951 | ppl    141.32 frag_cnt/word_cnt=2.609=365242/140000
[2022-04-13 15:50:24.000] E008 |   400/667 batches | lr 10.0000 | loss  4.935 | ppl    139.10 frag_cnt/word_cnt=2.646=370388/140000
[2022-04-13 15:51:32.224] E008 |   600/667 batches | lr 10.0000 | loss  4.849 | ppl    127.62 frag_cnt/word_cnt=2.630=368153/140000
[2022-04-13 15:51:54.886] E008 |   667/667 batches | lr 10.0000 | loss  4.773 | ppl    118.29 frag_cnt/word_cnt=2.618=122782/46900
[2022-04-13 15:52:09.566] End E008 | valid loss  5.958; ppl    386.74 | accu 0.2181 = 24471/112220 | w_len 2.5007 = 280626/112220
[2022-04-13 15:52:24.138] End E008 |  test loss  7.748; ppl   2316.54 | accu 0.0759 = 8757/115380 | w_len 1.8144 = 209350/115380 ../data/sample_500k/cbt_valid.txt
[2022-04-13 15:53:28.616] End E008 |  test loss  9.449; ppl  12696.47 | accu 0.0102 = 5189/506840 | w_len 2.4840 = 1258997/506840 ../data/sample_500k/adult_test.txt
[2022-04-13 15:53:28.617] Epoch 009/20 ==================================================
[2022-04-13 15:54:33.053] E009 |   200/667 batches | lr 5.0000 | loss  4.820 | ppl    123.96 frag_cnt/word_cnt=2.609=365242/140000
[2022-04-13 15:55:41.667] E009 |   400/667 batches | lr 5.0000 | loss  4.782 | ppl    119.34 frag_cnt/word_cnt=2.646=370388/140000
[2022-04-13 15:56:49.877] E009 |   600/667 batches | lr 5.0000 | loss  4.676 | ppl    107.39 frag_cnt/word_cnt=2.630=368153/140000
[2022-04-13 15:57:11.983] E009 |   667/667 batches | lr 5.0000 | loss  4.590 | ppl     98.46 frag_cnt/word_cnt=2.618=122782/46900
[2022-04-13 15:57:26.900] End E009 | valid loss  5.940; ppl    380.00 | accu 0.2227 = 24991/112220 | w_len 2.5007 = 280626/112220
[2022-04-13 15:57:41.438] End E009 |  test loss  7.607; ppl   2012.94 | accu 0.0789 = 9107/115380 | w_len 1.8144 = 209350/115380 ../data/sample_500k/cbt_valid.txt
[2022-04-13 15:58:46.795] End E009 |  test loss  9.532; ppl  13793.15 | accu 0.0088 = 4482/506840 | w_len 2.4840 = 1258997/506840 ../data/sample_500k/adult_test.txt
[2022-04-13 15:58:46.795] Epoch 010/20 ==================================================
[2022-04-13 15:59:51.561] E010 |   200/667 batches | lr 2.5000 | loss  4.739 | ppl    114.36 frag_cnt/word_cnt=2.609=365242/140000
[2022-04-13 16:00:57.867] E010 |   400/667 batches | lr 2.5000 | loss  4.694 | ppl    109.33 frag_cnt/word_cnt=2.646=370388/140000
[2022-04-13 16:02:05.775] E010 |   600/667 batches | lr 2.5000 | loss  4.586 | ppl     98.09 frag_cnt/word_cnt=2.630=368153/140000
[2022-04-13 16:02:28.395] E010 |   667/667 batches | lr 2.5000 | loss  4.502 | ppl     90.24 frag_cnt/word_cnt=2.618=122782/46900
[2022-04-13 16:02:42.885] End E010 | valid loss  5.913; ppl    369.80 | accu 0.2254 = 25296/112220 | w_len 2.5007 = 280626/112220
[2022-04-13 16:02:57.166] End E010 |  test loss  7.470; ppl   1754.97 | accu 0.0819 = 9454/115380 | w_len 1.8144 = 209350/115380 ../data/sample_500k/cbt_valid.txt
[2022-04-13 16:04:01.813] End E010 |  test loss  9.206; ppl   9960.89 | accu 0.0105 = 5335/506840 | w_len 2.4840 = 1258997/506840 ../data/sample_500k/adult_test.txt
[2022-04-13 16:04:01.813] Save: model.pt... 
[2022-04-13 16:04:02.405] Save: model.pt...Done. best_val_loss: 5.9130
[2022-04-13 16:04:02.405] Epoch 011/20 ==================================================
[2022-04-13 16:05:08.553] E011 |   200/667 batches | lr 2.5000 | loss  4.687 | ppl    108.58 frag_cnt/word_cnt=2.609=365242/140000
[2022-04-13 16:06:17.162] E011 |   400/667 batches | lr 2.5000 | loss  4.656 | ppl    105.20 frag_cnt/word_cnt=2.646=370388/140000
[2022-04-13 16:07:24.001] E011 |   600/667 batches | lr 2.5000 | loss  4.557 | ppl     95.34 frag_cnt/word_cnt=2.630=368153/140000
[2022-04-13 16:07:46.457] E011 |   667/667 batches | lr 2.5000 | loss  4.478 | ppl     88.06 frag_cnt/word_cnt=2.618=122782/46900
[2022-04-13 16:08:01.111] End E011 | valid loss  5.923; ppl    373.67 | accu 0.2257 = 25329/112220 | w_len 2.5007 = 280626/112220
[2022-04-13 16:08:15.934] End E011 |  test loss  7.463; ppl   1743.15 | accu 0.0823 = 9499/115380 | w_len 1.8144 = 209350/115380 ../data/sample_500k/cbt_valid.txt
[2022-04-13 16:09:21.054] End E011 |  test loss  9.025; ppl   8308.41 | accu 0.0138 = 6973/506840 | w_len 2.4840 = 1258997/506840 ../data/sample_500k/adult_test.txt
[2022-04-13 16:09:21.054] Epoch 012/20 ==================================================
[2022-04-13 16:10:25.416] E012 |   200/667 batches | lr 1.2500 | loss  4.652 | ppl    104.81 frag_cnt/word_cnt=2.609=365242/140000
[2022-04-13 16:11:32.467] E012 |   400/667 batches | lr 1.2500 | loss  4.616 | ppl    101.10 frag_cnt/word_cnt=2.646=370388/140000
[2022-04-13 16:12:39.210] E012 |   600/667 batches | lr 1.2500 | loss  4.510 | ppl     90.95 frag_cnt/word_cnt=2.630=368153/140000
[2022-04-13 16:13:02.458] E012 |   667/667 batches | lr 1.2500 | loss  4.421 | ppl     83.20 frag_cnt/word_cnt=2.618=122782/46900
[2022-04-13 16:13:17.184] End E012 | valid loss  5.918; ppl    371.54 | accu 0.2262 = 25388/112220 | w_len 2.5007 = 280626/112220
[2022-04-13 16:13:32.126] End E012 |  test loss  7.441; ppl   1705.27 | accu 0.0841 = 9704/115380 | w_len 1.8144 = 209350/115380 ../data/sample_500k/cbt_valid.txt
[2022-04-13 16:14:38.234] End E012 |  test loss  8.916; ppl   7453.53 | accu 0.0154 = 7782/506840 | w_len 2.4840 = 1258997/506840 ../data/sample_500k/adult_test.txt
[2022-04-13 16:14:38.235] Epoch 013/20 ==================================================
[2022-04-13 16:15:43.241] E013 |   200/667 batches | lr 0.6250 | loss  4.631 | ppl    102.65 frag_cnt/word_cnt=2.609=365242/140000
[2022-04-13 16:16:51.255] E013 |   400/667 batches | lr 0.6250 | loss  4.596 | ppl     99.04 frag_cnt/word_cnt=2.646=370388/140000
[2022-04-13 16:17:58.287] E013 |   600/667 batches | lr 0.6250 | loss  4.487 | ppl     88.86 frag_cnt/word_cnt=2.630=368153/140000
[2022-04-13 16:18:20.572] E013 |   667/667 batches | lr 0.6250 | loss  4.395 | ppl     81.06 frag_cnt/word_cnt=2.618=122782/46900
[2022-04-13 16:18:35.376] End E013 | valid loss  5.914; ppl    370.27 | accu 0.2275 = 25525/112220 | w_len 2.5007 = 280626/112220
[2022-04-13 16:18:50.128] End E013 |  test loss  7.431; ppl   1688.23 | accu 0.0841 = 9703/115380 | w_len 1.8144 = 209350/115380 ../data/sample_500k/cbt_valid.txt
[2022-04-13 16:19:56.284] End E013 |  test loss  8.918; ppl   7467.91 | accu 0.0147 = 7438/506840 | w_len 2.4840 = 1258997/506840 ../data/sample_500k/adult_test.txt
[2022-04-13 16:19:56.284] Epoch 014/20 ==================================================
[2022-04-13 16:21:01.623] E014 |   200/667 batches | lr 0.3125 | loss  4.617 | ppl    101.17 frag_cnt/word_cnt=2.609=365242/140000
[2022-04-13 16:22:10.116] E014 |   400/667 batches | lr 0.3125 | loss  4.581 | ppl     97.61 frag_cnt/word_cnt=2.646=370388/140000
[2022-04-13 16:23:18.476] E014 |   600/667 batches | lr 0.3125 | loss  4.472 | ppl     87.55 frag_cnt/word_cnt=2.630=368153/140000
[2022-04-13 16:23:41.278] E014 |   667/667 batches | lr 0.3125 | loss  4.384 | ppl     80.17 frag_cnt/word_cnt=2.618=122782/46900
[2022-04-13 16:23:56.030] End E014 | valid loss  5.910; ppl    368.84 | accu 0.2282 = 25611/112220 | w_len 2.5007 = 280626/112220
[2022-04-13 16:24:10.585] End E014 |  test loss  7.418; ppl   1666.45 | accu 0.0851 = 9818/115380 | w_len 1.8144 = 209350/115380 ../data/sample_500k/cbt_valid.txt
[2022-04-13 16:25:15.201] End E014 |  test loss  8.890; ppl   7261.05 | accu 0.0156 = 7917/506840 | w_len 2.4840 = 1258997/506840 ../data/sample_500k/adult_test.txt
[2022-04-13 16:25:15.201] Save: model.pt... 
[2022-04-13 16:25:15.797] Save: model.pt...Done. best_val_loss: 5.9104
[2022-04-13 16:25:15.797] Epoch 015/20 ==================================================
[2022-04-13 16:26:20.431] E015 |   200/667 batches | lr 0.3125 | loss  4.611 | ppl    100.60 frag_cnt/word_cnt=2.609=365242/140000
[2022-04-13 16:27:27.875] E015 |   400/667 batches | lr 0.3125 | loss  4.576 | ppl     97.15 frag_cnt/word_cnt=2.646=370388/140000
[2022-04-13 16:28:35.381] E015 |   600/667 batches | lr 0.3125 | loss  4.469 | ppl     87.24 frag_cnt/word_cnt=2.630=368153/140000
[2022-04-13 16:28:57.958] E015 |   667/667 batches | lr 0.3125 | loss  4.385 | ppl     80.25 frag_cnt/word_cnt=2.618=122782/46900
[2022-04-13 16:29:12.543] End E015 | valid loss  5.910; ppl    368.65 | accu 0.2283 = 25618/112220 | w_len 2.5007 = 280626/112220
[2022-04-13 16:29:27.197] End E015 |  test loss  7.411; ppl   1654.79 | accu 0.0855 = 9861/115380 | w_len 1.8144 = 209350/115380 ../data/sample_500k/cbt_valid.txt
[2022-04-13 16:30:33.343] End E015 |  test loss  8.870; ppl   7115.24 | accu 0.0163 = 8244/506840 | w_len 2.4840 = 1258997/506840 ../data/sample_500k/adult_test.txt
[2022-04-13 16:30:33.343] Save: model.pt... 
[2022-04-13 16:30:33.938] Save: model.pt...Done. best_val_loss: 5.9099
[2022-04-13 16:30:33.938] Epoch 016/20 ==================================================
[2022-04-13 16:31:39.176] E016 |   200/667 batches | lr 0.3125 | loss  4.602 | ppl     99.71 frag_cnt/word_cnt=2.609=365242/140000
[2022-04-13 16:32:47.790] E016 |   400/667 batches | lr 0.3125 | loss  4.570 | ppl     96.52 frag_cnt/word_cnt=2.646=370388/140000
[2022-04-13 16:33:55.522] E016 |   600/667 batches | lr 0.3125 | loss  4.465 | ppl     86.96 frag_cnt/word_cnt=2.630=368153/140000
[2022-04-13 16:34:18.343] E016 |   667/667 batches | lr 0.3125 | loss  4.382 | ppl     79.96 frag_cnt/word_cnt=2.618=122782/46900
[2022-04-13 16:34:33.004] End E016 | valid loss  5.910; ppl    368.53 | accu 0.2285 = 25639/112220 | w_len 2.5007 = 280626/112220
[2022-04-13 16:34:47.717] End E016 |  test loss  7.414; ppl   1659.79 | accu 0.0854 = 9855/115380 | w_len 1.8144 = 209350/115380 ../data/sample_500k/cbt_valid.txt
[2022-04-13 16:35:53.129] End E016 |  test loss  8.873; ppl   7133.53 | accu 0.0160 = 8116/506840 | w_len 2.4840 = 1258997/506840 ../data/sample_500k/adult_test.txt
[2022-04-13 16:35:53.129] Save: model.pt... 
[2022-04-13 16:35:53.739] Save: model.pt...Done. best_val_loss: 5.9095
[2022-04-13 16:35:53.739] Epoch 017/20 ==================================================
[2022-04-13 16:36:58.736] E017 |   200/667 batches | lr 0.3125 | loss  4.596 | ppl     99.13 frag_cnt/word_cnt=2.609=365242/140000
[2022-04-13 16:38:06.774] E017 |   400/667 batches | lr 0.3125 | loss  4.565 | ppl     96.09 frag_cnt/word_cnt=2.646=370388/140000
[2022-04-13 16:39:13.556] E017 |   600/667 batches | lr 0.3125 | loss  4.463 | ppl     86.75 frag_cnt/word_cnt=2.630=368153/140000
[2022-04-13 16:39:36.492] E017 |   667/667 batches | lr 0.3125 | loss  4.378 | ppl     79.66 frag_cnt/word_cnt=2.618=122782/46900
[2022-04-13 16:39:51.144] End E017 | valid loss  5.911; ppl    369.24 | accu 0.2288 = 25678/112220 | w_len 2.5007 = 280626/112220
[2022-04-13 16:40:05.783] End E017 |  test loss  7.401; ppl   1638.24 | accu 0.0856 = 9881/115380 | w_len 1.8144 = 209350/115380 ../data/sample_500k/cbt_valid.txt
[2022-04-13 16:41:11.686] End E017 |  test loss  8.865; ppl   7079.41 | accu 0.0163 = 8250/506840 | w_len 2.4840 = 1258997/506840 ../data/sample_500k/adult_test.txt
[2022-04-13 16:41:11.686] Epoch 018/20 ==================================================
[2022-04-13 16:42:18.247] E018 |   200/667 batches | lr 0.1562 | loss  4.593 | ppl     98.79 frag_cnt/word_cnt=2.609=365242/140000
[2022-04-13 16:43:26.114] E018 |   400/667 batches | lr 0.1562 | loss  4.558 | ppl     95.38 frag_cnt/word_cnt=2.646=370388/140000
[2022-04-13 16:44:32.516] E018 |   600/667 batches | lr 0.1562 | loss  4.455 | ppl     86.05 frag_cnt/word_cnt=2.630=368153/140000
[2022-04-13 16:44:54.641] E018 |   667/667 batches | lr 0.1562 | loss  4.364 | ppl     78.60 frag_cnt/word_cnt=2.618=122782/46900
[2022-04-13 16:45:08.938] End E018 | valid loss  5.911; ppl    369.25 | accu 0.2287 = 25660/112220 | w_len 2.5007 = 280626/112220
[2022-04-13 16:45:23.320] End E018 |  test loss  7.406; ppl   1646.23 | accu 0.0855 = 9861/115380 | w_len 1.8144 = 209350/115380 ../data/sample_500k/cbt_valid.txt
[2022-04-13 16:46:27.294] End E018 |  test loss  8.850; ppl   6971.74 | accu 0.0168 = 8516/506840 | w_len 2.4840 = 1258997/506840 ../data/sample_500k/adult_test.txt
[2022-04-13 16:46:27.295] Epoch 019/20 ==================================================
[2022-04-13 16:47:31.973] E019 |   200/667 batches | lr 0.0781 | loss  4.591 | ppl     98.57 frag_cnt/word_cnt=2.609=365242/140000
[2022-04-13 16:48:39.353] E019 |   400/667 batches | lr 0.0781 | loss  4.558 | ppl     95.35 frag_cnt/word_cnt=2.646=370388/140000
[2022-04-13 16:49:46.172] E019 |   600/667 batches | lr 0.0781 | loss  4.451 | ppl     85.72 frag_cnt/word_cnt=2.630=368153/140000
[2022-04-13 16:50:08.244] E019 |   667/667 batches | lr 0.0781 | loss  4.365 | ppl     78.62 frag_cnt/word_cnt=2.618=122782/46900
[2022-04-13 16:50:22.698] End E019 | valid loss  5.913; ppl    369.81 | accu 0.2288 = 25671/112220 | w_len 2.5007 = 280626/112220
[2022-04-13 16:50:37.160] End E019 |  test loss  7.399; ppl   1634.76 | accu 0.0858 = 9899/115380 | w_len 1.8144 = 209350/115380 ../data/sample_500k/cbt_valid.txt
[2022-04-13 16:51:41.164] End E019 |  test loss  8.835; ppl   6871.35 | accu 0.0173 = 8763/506840 | w_len 2.4840 = 1258997/506840 ../data/sample_500k/adult_test.txt
[2022-04-13 16:51:41.164] Epoch 020/20 ==================================================
[2022-04-13 16:52:46.000] E020 |   200/667 batches | lr 0.0391 | loss  4.591 | ppl     98.56 frag_cnt/word_cnt=2.609=365242/140000
[2022-04-13 16:53:53.804] E020 |   400/667 batches | lr 0.0391 | loss  4.555 | ppl     95.08 frag_cnt/word_cnt=2.646=370388/140000
[2022-04-13 16:54:59.352] E020 |   600/667 batches | lr 0.0391 | loss  4.449 | ppl     85.52 frag_cnt/word_cnt=2.630=368153/140000
[2022-04-13 16:55:21.889] E020 |   667/667 batches | lr 0.0391 | loss  4.360 | ppl     78.22 frag_cnt/word_cnt=2.618=122782/46900
[2022-04-13 16:55:36.026] End E020 | valid loss  5.914; ppl    370.05 | accu 0.2288 = 25674/112220 | w_len 2.5007 = 280626/112220
[2022-04-13 16:55:50.321] End E020 |  test loss  7.397; ppl   1631.56 | accu 0.0859 = 9908/115380 | w_len 1.8144 = 209350/115380 ../data/sample_500k/cbt_valid.txt
[2022-04-13 16:56:54.711] End E020 |  test loss  8.828; ppl   6823.73 | accu 0.0174 = 8821/506840 | w_len 2.4840 = 1258997/506840 ../data/sample_500k/adult_test.txt
[2022-04-13 16:57:09.237] End. test loss  7.41; ppl  1659.79 | accu 0.0854 = 9855/115380 | w_len 1.8144 = 209350/115380 ../data/sample_500k/cbt_valid.txt
[2022-04-13 16:58:13.671] End. test loss  8.87; ppl  7133.53 | accu 0.0160 = 8116/506840 | w_len 2.4840 = 1258997/506840 ../data/sample_500k/adult_test.txt
[2022-04-13 16:58:13.671] =========================================================================================
[2022-04-13 16:58:13.671] valid_loss
[2022-04-13 16:58:13.671]  6.90, 6.27, 6.11, 6.03, 6.00, 6.01, 5.93, 5.96, 5.94, 5.91, 5.92, 5.92, 5.91, 5.91, 5.91, 5.91, 5.91, 5.91, 5.91, 5.91
[2022-04-13 16:58:13.671] valid_loss ppl
[2022-04-13 16:58:13.671]   996.22,  526.44,  451.33,  415.72,  404.82,  405.94,  377.63,  386.74,  380.00,  369.80,  373.67,  371.54,  370.27,  368.84,  368.65,  368.53,  369.24,  369.25,  369.81,  370.05
[2022-04-13 16:58:13.671] test_loss of ../data/sample_500k/cbt_valid.txt
[2022-04-13 16:58:13.671]  7.33, 8.23, 7.68, 8.17, 7.92, 8.02, 7.72, 7.75, 7.61, 7.47, 7.46, 7.44, 7.43, 7.42, 7.41, 7.41, 7.40, 7.41, 7.40, 7.40
[2022-04-13 16:58:13.672] test_loss of ../data/sample_500k/cbt_valid.txt ppl
[2022-04-13 16:58:13.672]  1529.15, 3742.23, 2156.09, 3547.45, 2755.71, 3039.95, 2252.41, 2316.54, 2012.94, 1754.97, 1743.15, 1705.27, 1688.23, 1666.45, 1654.79, 1659.79, 1638.24, 1646.23, 1634.76, 1631.56
[2022-04-13 16:58:13.672] test_loss of ../data/sample_500k/adult_test.txt
[2022-04-13 16:58:13.672]  8.35,10.84, 9.55, 9.55, 9.94, 9.59, 9.60, 9.45, 9.53, 9.21, 9.03, 8.92, 8.92, 8.89, 8.87, 8.87, 8.86, 8.85, 8.84, 8.83
[2022-04-13 16:58:13.672] test_loss of ../data/sample_500k/adult_test.txt ppl
[2022-04-13 16:58:13.672]  4215.49,51124.97,13997.25,14096.19,20721.15,14641.73,14767.20,12696.47,13793.15, 9960.89, 8308.41, 7453.53, 7467.91, 7261.05, 7115.24, 7133.53, 7079.41, 6971.74, 6871.35, 6823.73
[2022-04-13 16:58:13.672] 
[2022-04-13 16:58:13.672] 
[2022-04-13 16:58:13.672] 
