[2022-04-14 00:20:15.600] corpus.train_file_list: 1
[2022-04-14 00:20:15.600]         ../data/sample_500k/adolescent_train.txt
[2022-04-14 00:20:15.600] corpus.valid_file_list: 1
[2022-04-14 00:20:15.600]         ../data/sample_500k/adolescent_valid.txt
[2022-04-14 00:20:15.600] corpus.test_file_list: 2
[2022-04-14 00:20:15.600]         ../data/sample_500k/cbt_valid.txt
[2022-04-14 00:20:15.600]         ../data/sample_500k/adult_test.txt
[2022-04-14 00:20:15.600] corpus.subword_vocab_size: 0
[2022-04-14 00:20:15.600] corpus.subword_model = None. Corpus will not use subword.
[2022-04-14 00:20:15.600] corpus tokenize...
[2022-04-14 00:20:16.648]         train tokens: 467267  ../data/sample_500k/adolescent_train.txt
[2022-04-14 00:20:16.903]         valid tokens: 112256  ../data/sample_500k/adolescent_valid.txt
[2022-04-14 00:20:17.049]         test  tokens: 115417  ../data/sample_500k/cbt_valid.txt
[2022-04-14 00:20:17.683]         test  tokens: 506878  ../data/sample_500k/adult_test.txt
[2022-04-14 00:20:17.683] corpus.ntokens      : 95521
[2022-04-14 00:20:17.684] corpus.char_count   : 166
[2022-04-14 00:20:17.684] corpus.char_cnt_dict: 166
[2022-04-14 00:20:17.684] corpus.char_id_dict : 166
[2022-04-14 00:20:17.693] corpus.batchify(1 files, batch_size=20)...
[2022-04-14 00:20:17.693]         tokens_all: 467267
[2022-04-14 00:20:17.693]         batched   :  23363
[2022-04-14 00:20:17.693]         ../data/sample_500k/adolescent_train.txt
[2022-04-14 00:20:17.697] corpus.batchify(1 files, batch_size=20)...
[2022-04-14 00:20:17.698]         tokens_all: 112256
[2022-04-14 00:20:17.698]         batched   :   5612
[2022-04-14 00:20:17.698]         ../data/sample_500k/adolescent_valid.txt
[2022-04-14 00:20:17.702] corpus.batchify(1 files, batch_size=20)...
[2022-04-14 00:20:17.702]         tokens_all: 115417
[2022-04-14 00:20:17.702]         batched   :   5770
[2022-04-14 00:20:17.702]         ../data/sample_500k/cbt_valid.txt
[2022-04-14 00:20:17.711] corpus.batchify(1 files, batch_size=20)...
[2022-04-14 00:20:17.711]         tokens_all: 506878
[2022-04-14 00:20:17.711]         batched   :  25343
[2022-04-14 00:20:17.711]         ../data/sample_500k/adult_test.txt
[2022-04-14 00:20:17.712] subword_adapter will be generated due to word_split_mode='Subword.10000'
[2022-04-14 00:20:17.712] SubwordAdapter.file_list: 2
[2022-04-14 00:20:17.712]         ../data/sample_500k/adolescent_train.txt
[2022-04-14 00:20:17.712]         ../data/sample_500k/adolescent_valid.txt
[2022-04-14 00:20:17.712] SubwordAdapter.subword_vocab_size: 10000
[2022-04-14 00:20:17.712] SubwordAdapter.subword_model.train(2 files)...
[2022-04-14 00:20:18.878] SubwordAdapter.subword_model.train(2 files)...Done
[2022-04-14 00:20:19.536] RNNModel.rnn_type: LSTM
[2022-04-14 00:20:19.536] RNNModel.ntoken  : 95521
[2022-04-14 00:20:19.537] RNNModel.ninp    : 200
[2022-04-14 00:20:19.537] RNNModel.nhid    : 200
[2022-04-14 00:20:19.537] RNNModel.nlayers : 2
[2022-04-14 00:20:19.537] RNNModel.dropout : 0.2
[2022-04-14 00:20:19.537] RNNModel.tie_weights: False
[2022-04-14 00:20:19.537] RNNModel.fragment_aggregate_mode: LSTM
[2022-04-14 00:20:19.537] RNNModel.fragment_cnt           : 10002
[2022-04-14 00:20:19.537] RNNModel.fragment_emsize        : 25
[2022-04-14 00:20:19.537] RNNModel.fragment_nhid          : 200
[2022-04-14 00:20:19.542] RNNModel.fragment_embeds     : created
[2022-04-14 00:20:19.545] RNNModel.fragment_lstm       : created
[2022-04-14 00:20:19.545] RNNModel.fragment_lstm_linear: created
[2022-04-14 00:20:19.589] Epoch 001/20 ==================================================
[2022-04-14 00:21:19.419] E001 |   200/667 batches | lr 20.0000 | loss  8.525 | ppl   5038.16 frag_cnt/word_cnt=1.705=238644/140000
[2022-04-14 00:22:20.089] E001 |   400/667 batches | lr 20.0000 | loss  7.755 | ppl   2334.13 frag_cnt/word_cnt=1.725=241550/140000
[2022-04-14 00:23:21.088] E001 |   600/667 batches | lr 20.0000 | loss  7.218 | ppl   1363.24 frag_cnt/word_cnt=1.719=240603/140000
[2022-04-14 00:23:40.871] E001 |   667/667 batches | lr 20.0000 | loss  6.890 | ppl    982.56 frag_cnt/word_cnt=1.729=81105/46900
[2022-04-14 00:23:54.898] End E001 | valid loss  6.761; ppl    863.80 | accu 0.1759 = 19737/112220 | w_len 1.6669 = 187056/112220
[2022-04-14 00:24:09.186] End E001 |  test loss  7.880; ppl   2644.82 | accu 0.0665 = 7676/115380 | w_len 1.2338 = 142355/115380 ../data/sample_500k/cbt_valid.txt
[2022-04-14 00:25:13.041] End E001 |  test loss  9.298; ppl  10916.57 | accu 0.0062 = 3134/506840 | w_len 1.5287 = 774825/506840 ../data/sample_500k/adult_test.txt
[2022-04-14 00:25:13.041] Save: model.pt... 
[2022-04-14 00:25:13.661] Save: model.pt...Done. best_val_loss: 6.7613
[2022-04-14 00:25:13.661] Epoch 002/20 ==================================================
[2022-04-14 00:26:14.615] E002 |   200/667 batches | lr 20.0000 | loss  6.674 | ppl    791.34 frag_cnt/word_cnt=1.705=238644/140000
[2022-04-14 00:27:17.678] E002 |   400/667 batches | lr 20.0000 | loss  6.535 | ppl    688.86 frag_cnt/word_cnt=1.725=241550/140000
[2022-04-14 00:28:19.441] E002 |   600/667 batches | lr 20.0000 | loss  6.292 | ppl    540.21 frag_cnt/word_cnt=1.719=240603/140000
[2022-04-14 00:28:39.841] E002 |   667/667 batches | lr 20.0000 | loss  6.156 | ppl    471.73 frag_cnt/word_cnt=1.729=81105/46900
[2022-04-14 00:28:53.993] End E002 | valid loss  6.278; ppl    532.90 | accu 0.1938 = 21753/112220 | w_len 1.6669 = 187056/112220
[2022-04-14 00:29:08.296] End E002 |  test loss  7.874; ppl   2628.63 | accu 0.0692 = 7983/115380 | w_len 1.2338 = 142355/115380 ../data/sample_500k/cbt_valid.txt
[2022-04-14 00:30:11.701] End E002 |  test loss  9.701; ppl  16337.05 | accu 0.0072 = 3625/506840 | w_len 1.5287 = 774825/506840 ../data/sample_500k/adult_test.txt
[2022-04-14 00:30:11.701] Save: model.pt... 
[2022-04-14 00:30:12.288] Save: model.pt...Done. best_val_loss: 6.2783
[2022-04-14 00:30:12.288] Epoch 003/20 ==================================================
[2022-04-14 00:31:13.213] E003 |   200/667 batches | lr 20.0000 | loss  6.112 | ppl    451.26 frag_cnt/word_cnt=1.705=238644/140000
[2022-04-14 00:32:13.633] E003 |   400/667 batches | lr 20.0000 | loss  6.049 | ppl    423.75 frag_cnt/word_cnt=1.725=241550/140000
[2022-04-14 00:33:13.648] E003 |   600/667 batches | lr 20.0000 | loss  5.905 | ppl    366.88 frag_cnt/word_cnt=1.719=240603/140000
[2022-04-14 00:33:33.688] E003 |   667/667 batches | lr 20.0000 | loss  5.819 | ppl    336.51 frag_cnt/word_cnt=1.729=81105/46900
[2022-04-14 00:33:48.125] End E003 | valid loss  6.095; ppl    443.51 | accu 0.2013 = 22589/112220 | w_len 1.6669 = 187056/112220
[2022-04-14 00:34:02.390] End E003 |  test loss  7.743; ppl   2305.70 | accu 0.0762 = 8796/115380 | w_len 1.2338 = 142355/115380 ../data/sample_500k/cbt_valid.txt
[2022-04-14 00:35:06.553] End E003 |  test loss  9.772; ppl  17531.71 | accu 0.0050 = 2527/506840 | w_len 1.5287 = 774825/506840 ../data/sample_500k/adult_test.txt
[2022-04-14 00:35:06.554] Save: model.pt... 
[2022-04-14 00:35:07.138] Save: model.pt...Done. best_val_loss: 6.0947
[2022-04-14 00:35:07.138] Epoch 004/20 ==================================================
[2022-04-14 00:36:07.310] E004 |   200/667 batches | lr 20.0000 | loss  5.790 | ppl    327.15 frag_cnt/word_cnt=1.705=238644/140000
[2022-04-14 00:37:07.531] E004 |   400/667 batches | lr 20.0000 | loss  5.772 | ppl    321.04 frag_cnt/word_cnt=1.725=241550/140000
[2022-04-14 00:38:08.813] E004 |   600/667 batches | lr 20.0000 | loss  5.655 | ppl    285.78 frag_cnt/word_cnt=1.719=240603/140000
[2022-04-14 00:38:29.045] E004 |   667/667 batches | lr 20.0000 | loss  5.571 | ppl    262.65 frag_cnt/word_cnt=1.729=81105/46900
[2022-04-14 00:38:43.397] End E004 | valid loss  6.035; ppl    417.96 | accu 0.2037 = 22861/112220 | w_len 1.6669 = 187056/112220
[2022-04-14 00:38:57.775] End E004 |  test loss  7.832; ppl   2520.85 | accu 0.0743 = 8570/115380 | w_len 1.2338 = 142355/115380 ../data/sample_500k/cbt_valid.txt
[2022-04-14 00:40:02.043] End E004 |  test loss  9.445; ppl  12650.16 | accu 0.0047 = 2406/506840 | w_len 1.5287 = 774825/506840 ../data/sample_500k/adult_test.txt
[2022-04-14 00:40:02.043] Save: model.pt... 
[2022-04-14 00:40:02.646] Save: model.pt...Done. best_val_loss: 6.0354
[2022-04-14 00:40:02.647] Epoch 005/20 ==================================================
[2022-04-14 00:41:01.801] E005 |   200/667 batches | lr 20.0000 | loss  5.563 | ppl    260.52 frag_cnt/word_cnt=1.705=238644/140000
[2022-04-14 00:42:03.545] E005 |   400/667 batches | lr 20.0000 | loss  5.559 | ppl    259.55 frag_cnt/word_cnt=1.725=241550/140000
[2022-04-14 00:43:05.478] E005 |   600/667 batches | lr 20.0000 | loss  5.452 | ppl    233.13 frag_cnt/word_cnt=1.719=240603/140000
[2022-04-14 00:43:26.306] E005 |   667/667 batches | lr 20.0000 | loss  5.373 | ppl    215.59 frag_cnt/word_cnt=1.729=81105/46900
[2022-04-14 00:43:40.604] End E005 | valid loss  6.011; ppl    407.78 | accu 0.2028 = 22753/112220 | w_len 1.6669 = 187056/112220
[2022-04-14 00:43:55.364] End E005 |  test loss  7.913; ppl   2731.38 | accu 0.0711 = 8199/115380 | w_len 1.2338 = 142355/115380 ../data/sample_500k/cbt_valid.txt
[2022-04-14 00:44:59.883] End E005 |  test loss  9.598; ppl  14731.26 | accu 0.0063 = 3168/506840 | w_len 1.5287 = 774825/506840 ../data/sample_500k/adult_test.txt
[2022-04-14 00:44:59.883] Save: model.pt... 
[2022-04-14 00:45:00.483] Save: model.pt...Done. best_val_loss: 6.0107
[2022-04-14 00:45:00.483] Epoch 006/20 ==================================================
[2022-04-14 00:46:01.359] E006 |   200/667 batches | lr 20.0000 | loss  5.373 | ppl    215.53 frag_cnt/word_cnt=1.705=238644/140000
[2022-04-14 00:47:02.733] E006 |   400/667 batches | lr 20.0000 | loss  5.371 | ppl    214.99 frag_cnt/word_cnt=1.725=241550/140000
[2022-04-14 00:48:04.340] E006 |   600/667 batches | lr 20.0000 | loss  5.280 | ppl    196.34 frag_cnt/word_cnt=1.719=240603/140000
[2022-04-14 00:48:24.674] E006 |   667/667 batches | lr 20.0000 | loss  5.209 | ppl    182.85 frag_cnt/word_cnt=1.729=81105/46900
[2022-04-14 00:48:39.133] End E006 | valid loss  6.041; ppl    420.25 | accu 0.2015 = 22608/112220 | w_len 1.6669 = 187056/112220
[2022-04-14 00:48:53.523] End E006 |  test loss  7.689; ppl   2184.52 | accu 0.0788 = 9090/115380 | w_len 1.2338 = 142355/115380 ../data/sample_500k/cbt_valid.txt
[2022-04-14 00:49:58.188] End E006 |  test loss  9.183; ppl   9731.24 | accu 0.0076 = 3839/506840 | w_len 1.5287 = 774825/506840 ../data/sample_500k/adult_test.txt
[2022-04-14 00:49:58.189] Epoch 007/20 ==================================================
[2022-04-14 00:50:58.334] E007 |   200/667 batches | lr 10.0000 | loss  5.117 | ppl    166.89 frag_cnt/word_cnt=1.705=238644/140000
[2022-04-14 00:52:00.342] E007 |   400/667 batches | lr 10.0000 | loss  5.073 | ppl    159.64 frag_cnt/word_cnt=1.725=241550/140000
[2022-04-14 00:53:02.785] E007 |   600/667 batches | lr 10.0000 | loss  4.959 | ppl    142.41 frag_cnt/word_cnt=1.719=240603/140000
[2022-04-14 00:53:24.245] E007 |   667/667 batches | lr 10.0000 | loss  4.867 | ppl    129.99 frag_cnt/word_cnt=1.729=81105/46900
[2022-04-14 00:53:39.083] End E007 | valid loss  5.959; ppl    387.12 | accu 0.2158 = 24220/112220 | w_len 1.6669 = 187056/112220
[2022-04-14 00:53:53.510] End E007 |  test loss  8.248; ppl   3821.12 | accu 0.0765 = 8829/115380 | w_len 1.2338 = 142355/115380 ../data/sample_500k/cbt_valid.txt
[2022-04-14 00:54:58.438] End E007 |  test loss 10.231; ppl  27759.22 | accu 0.0056 = 2855/506840 | w_len 1.5287 = 774825/506840 ../data/sample_500k/adult_test.txt
[2022-04-14 00:54:58.439] Save: model.pt... 
[2022-04-14 00:54:59.029] Save: model.pt...Done. best_val_loss: 5.9587
[2022-04-14 00:54:59.029] Epoch 008/20 ==================================================
[2022-04-14 00:56:00.217] E008 |   200/667 batches | lr 10.0000 | loss  4.967 | ppl    143.57 frag_cnt/word_cnt=1.705=238644/140000
[2022-04-14 00:57:01.587] E008 |   400/667 batches | lr 10.0000 | loss  4.951 | ppl    141.38 frag_cnt/word_cnt=1.725=241550/140000
[2022-04-14 00:58:05.169] E008 |   600/667 batches | lr 10.0000 | loss  4.855 | ppl    128.35 frag_cnt/word_cnt=1.719=240603/140000
[2022-04-14 00:58:26.113] E008 |   667/667 batches | lr 10.0000 | loss  4.780 | ppl    119.08 frag_cnt/word_cnt=1.729=81105/46900
[2022-04-14 00:58:40.729] End E008 | valid loss  5.961; ppl    387.85 | accu 0.2151 = 24137/112220 | w_len 1.6669 = 187056/112220
[2022-04-14 00:58:55.174] End E008 |  test loss  8.274; ppl   3921.10 | accu 0.0783 = 9029/115380 | w_len 1.2338 = 142355/115380 ../data/sample_500k/cbt_valid.txt
[2022-04-14 00:59:59.354] End E008 |  test loss 10.278; ppl  29095.97 | accu 0.0058 = 2962/506840 | w_len 1.5287 = 774825/506840 ../data/sample_500k/adult_test.txt
[2022-04-14 00:59:59.354] Epoch 009/20 ==================================================
[2022-04-14 01:01:01.367] E009 |   200/667 batches | lr 5.0000 | loss  4.838 | ppl    126.16 frag_cnt/word_cnt=1.705=238644/140000
[2022-04-14 01:02:03.063] E009 |   400/667 batches | lr 5.0000 | loss  4.797 | ppl    121.13 frag_cnt/word_cnt=1.725=241550/140000
[2022-04-14 01:03:05.182] E009 |   600/667 batches | lr 5.0000 | loss  4.683 | ppl    108.08 frag_cnt/word_cnt=1.719=240603/140000
[2022-04-14 01:03:25.989] E009 |   667/667 batches | lr 5.0000 | loss  4.591 | ppl     98.63 frag_cnt/word_cnt=1.729=81105/46900
[2022-04-14 01:03:40.485] End E009 | valid loss  5.971; ppl    391.87 | accu 0.2191 = 24582/112220 | w_len 1.6669 = 187056/112220
[2022-04-14 01:03:55.182] End E009 |  test loss  8.349; ppl   4226.50 | accu 0.0793 = 9147/115380 | w_len 1.2338 = 142355/115380 ../data/sample_500k/cbt_valid.txt
[2022-04-14 01:04:59.775] End E009 |  test loss 10.300; ppl  29724.66 | accu 0.0064 = 3263/506840 | w_len 1.5287 = 774825/506840 ../data/sample_500k/adult_test.txt
[2022-04-14 01:04:59.775] Epoch 010/20 ==================================================
[2022-04-14 01:06:01.142] E010 |   200/667 batches | lr 2.5000 | loss  4.749 | ppl    115.43 frag_cnt/word_cnt=1.705=238644/140000
[2022-04-14 01:07:02.103] E010 |   400/667 batches | lr 2.5000 | loss  4.706 | ppl    110.66 frag_cnt/word_cnt=1.725=241550/140000
[2022-04-14 01:08:02.881] E010 |   600/667 batches | lr 2.5000 | loss  4.588 | ppl     98.30 frag_cnt/word_cnt=1.719=240603/140000
[2022-04-14 01:08:23.167] E010 |   667/667 batches | lr 2.5000 | loss  4.502 | ppl     90.22 frag_cnt/word_cnt=1.729=81105/46900
[2022-04-14 01:08:37.485] End E010 | valid loss  5.962; ppl    388.52 | accu 0.2212 = 24823/112220 | w_len 1.6669 = 187056/112220
[2022-04-14 01:08:52.134] End E010 |  test loss  8.296; ppl   4008.95 | accu 0.0799 = 9216/115380 | w_len 1.2338 = 142355/115380 ../data/sample_500k/cbt_valid.txt
[2022-04-14 01:09:56.685] End E010 |  test loss 10.337; ppl  30859.58 | accu 0.0052 = 2653/506840 | w_len 1.5287 = 774825/506840 ../data/sample_500k/adult_test.txt
[2022-04-14 01:09:56.685] Epoch 011/20 ==================================================
[2022-04-14 01:10:57.495] E011 |   200/667 batches | lr 1.2500 | loss  4.698 | ppl    109.76 frag_cnt/word_cnt=1.705=238644/140000
[2022-04-14 01:12:00.564] E011 |   400/667 batches | lr 1.2500 | loss  4.661 | ppl    105.76 frag_cnt/word_cnt=1.725=241550/140000
[2022-04-14 01:13:02.509] E011 |   600/667 batches | lr 1.2500 | loss  4.541 | ppl     93.80 frag_cnt/word_cnt=1.719=240603/140000
[2022-04-14 01:13:22.741] E011 |   667/667 batches | lr 1.2500 | loss  4.447 | ppl     85.37 frag_cnt/word_cnt=1.729=81105/46900
[2022-04-14 01:13:37.141] End E011 | valid loss  5.958; ppl    386.73 | accu 0.2232 = 25044/112220 | w_len 1.6669 = 187056/112220
[2022-04-14 01:13:51.592] End E011 |  test loss  8.228; ppl   3743.96 | accu 0.0808 = 9327/115380 | w_len 1.2338 = 142355/115380 ../data/sample_500k/cbt_valid.txt
[2022-04-14 01:14:56.112] End E011 |  test loss 10.263; ppl  28661.74 | accu 0.0058 = 2947/506840 | w_len 1.5287 = 774825/506840 ../data/sample_500k/adult_test.txt
[2022-04-14 01:14:56.113] Save: model.pt... 
[2022-04-14 01:14:56.778] Save: model.pt...Done. best_val_loss: 5.9577
[2022-04-14 01:14:56.779] Epoch 012/20 ==================================================
[2022-04-14 01:15:57.650] E012 |   200/667 batches | lr 1.2500 | loss  4.673 | ppl    106.97 frag_cnt/word_cnt=1.705=238644/140000
[2022-04-14 01:16:58.018] E012 |   400/667 batches | lr 1.2500 | loss  4.640 | ppl    103.58 frag_cnt/word_cnt=1.725=241550/140000
[2022-04-14 01:17:59.890] E012 |   600/667 batches | lr 1.2500 | loss  4.526 | ppl     92.36 frag_cnt/word_cnt=1.719=240603/140000
[2022-04-14 01:18:21.241] E012 |   667/667 batches | lr 1.2500 | loss  4.442 | ppl     84.97 frag_cnt/word_cnt=1.729=81105/46900
[2022-04-14 01:18:35.605] End E012 | valid loss  5.961; ppl    387.98 | accu 0.2232 = 25048/112220 | w_len 1.6669 = 187056/112220
[2022-04-14 01:18:50.370] End E012 |  test loss  8.226; ppl   3735.46 | accu 0.0809 = 9337/115380 | w_len 1.2338 = 142355/115380 ../data/sample_500k/cbt_valid.txt
[2022-04-14 01:19:54.716] End E012 |  test loss 10.274; ppl  28960.19 | accu 0.0061 = 3077/506840 | w_len 1.5287 = 774825/506840 ../data/sample_500k/adult_test.txt
[2022-04-14 01:19:54.716] Epoch 013/20 ==================================================
[2022-04-14 01:20:54.450] E013 |   200/667 batches | lr 0.6250 | loss  4.652 | ppl    104.82 frag_cnt/word_cnt=1.705=238644/140000
[2022-04-14 01:21:55.519] E013 |   400/667 batches | lr 0.6250 | loss  4.618 | ppl    101.25 frag_cnt/word_cnt=1.725=241550/140000
[2022-04-14 01:22:58.018] E013 |   600/667 batches | lr 0.6250 | loss  4.501 | ppl     90.13 frag_cnt/word_cnt=1.719=240603/140000
[2022-04-14 01:23:19.356] E013 |   667/667 batches | lr 0.6250 | loss  4.412 | ppl     82.41 frag_cnt/word_cnt=1.729=81105/46900
[2022-04-14 01:23:33.650] End E013 | valid loss  5.958; ppl    386.72 | accu 0.2238 = 25110/112220 | w_len 1.6669 = 187056/112220
[2022-04-14 01:23:48.194] End E013 |  test loss  8.199; ppl   3636.52 | accu 0.0810 = 9348/115380 | w_len 1.2338 = 142355/115380 ../data/sample_500k/cbt_valid.txt
[2022-04-14 01:24:51.866] End E013 |  test loss 10.251; ppl  28318.51 | accu 0.0061 = 3069/506840 | w_len 1.5287 = 774825/506840 ../data/sample_500k/adult_test.txt
[2022-04-14 01:24:51.866] Save: model.pt... 
[2022-04-14 01:24:52.608] Save: model.pt...Done. best_val_loss: 5.9577
[2022-04-14 01:24:52.609] Epoch 014/20 ==================================================
[2022-04-14 01:25:54.063] E014 |   200/667 batches | lr 0.6250 | loss  4.636 | ppl    103.13 frag_cnt/word_cnt=1.705=238644/140000
[2022-04-14 01:26:55.077] E014 |   400/667 batches | lr 0.6250 | loss  4.604 | ppl     99.84 frag_cnt/word_cnt=1.725=241550/140000
[2022-04-14 01:27:56.291] E014 |   600/667 batches | lr 0.6250 | loss  4.495 | ppl     89.54 frag_cnt/word_cnt=1.719=240603/140000
[2022-04-14 01:28:16.825] E014 |   667/667 batches | lr 0.6250 | loss  4.408 | ppl     82.07 frag_cnt/word_cnt=1.729=81105/46900
[2022-04-14 01:28:31.032] End E014 | valid loss  5.961; ppl    388.01 | accu 0.2238 = 25111/112220 | w_len 1.6669 = 187056/112220
[2022-04-14 01:28:45.529] End E014 |  test loss  8.202; ppl   3648.75 | accu 0.0811 = 9363/115380 | w_len 1.2338 = 142355/115380 ../data/sample_500k/cbt_valid.txt
[2022-04-14 01:29:49.178] End E014 |  test loss 10.257; ppl  28473.13 | accu 0.0064 = 3258/506840 | w_len 1.5287 = 774825/506840 ../data/sample_500k/adult_test.txt
[2022-04-14 01:29:49.179] Epoch 015/20 ==================================================
[2022-04-14 01:30:50.402] E015 |   200/667 batches | lr 0.3125 | loss  4.629 | ppl    102.39 frag_cnt/word_cnt=1.705=238644/140000
[2022-04-14 01:31:53.642] E015 |   400/667 batches | lr 0.3125 | loss  4.596 | ppl     99.07 frag_cnt/word_cnt=1.725=241550/140000
[2022-04-14 01:32:55.662] E015 |   600/667 batches | lr 0.3125 | loss  4.480 | ppl     88.27 frag_cnt/word_cnt=1.719=240603/140000
[2022-04-14 01:33:15.728] E015 |   667/667 batches | lr 0.3125 | loss  4.391 | ppl     80.68 frag_cnt/word_cnt=1.729=81105/46900
[2022-04-14 01:33:29.934] End E015 | valid loss  5.958; ppl    386.77 | accu 0.2242 = 25155/112220 | w_len 1.6669 = 187056/112220
[2022-04-14 01:33:44.628] End E015 |  test loss  8.196; ppl   3624.77 | accu 0.0809 = 9340/115380 | w_len 1.2338 = 142355/115380 ../data/sample_500k/cbt_valid.txt
[2022-04-14 01:34:49.211] End E015 |  test loss 10.236; ppl  27898.68 | accu 0.0064 = 3268/506840 | w_len 1.5287 = 774825/506840 ../data/sample_500k/adult_test.txt
[2022-04-14 01:34:49.211] Epoch 016/20 ==================================================
[2022-04-14 01:35:49.746] E016 |   200/667 batches | lr 0.1562 | loss  4.620 | ppl    101.54 frag_cnt/word_cnt=1.705=238644/140000
[2022-04-14 01:36:52.230] E016 |   400/667 batches | lr 0.1562 | loss  4.588 | ppl     98.30 frag_cnt/word_cnt=1.725=241550/140000
[2022-04-14 01:37:53.822] E016 |   600/667 batches | lr 0.1562 | loss  4.472 | ppl     87.53 frag_cnt/word_cnt=1.719=240603/140000
[2022-04-14 01:38:13.885] E016 |   667/667 batches | lr 0.1562 | loss  4.383 | ppl     80.05 frag_cnt/word_cnt=1.729=81105/46900
[2022-04-14 01:38:28.073] End E016 | valid loss  5.958; ppl    387.02 | accu 0.2247 = 25220/112220 | w_len 1.6669 = 187056/112220
[2022-04-14 01:38:42.510] End E016 |  test loss  8.184; ppl   3581.44 | accu 0.0808 = 9328/115380 | w_len 1.2338 = 142355/115380 ../data/sample_500k/cbt_valid.txt
[2022-04-14 01:39:46.506] End E016 |  test loss 10.211; ppl  27198.73 | accu 0.0067 = 3392/506840 | w_len 1.5287 = 774825/506840 ../data/sample_500k/adult_test.txt
[2022-04-14 01:39:46.506] Epoch 017/20 ==================================================
[2022-04-14 01:40:48.478] E017 |   200/667 batches | lr 0.0781 | loss  4.618 | ppl    101.34 frag_cnt/word_cnt=1.705=238644/140000
[2022-04-14 01:41:52.199] E017 |   400/667 batches | lr 0.0781 | loss  4.584 | ppl     97.87 frag_cnt/word_cnt=1.725=241550/140000
[2022-04-14 01:42:52.836] E017 |   600/667 batches | lr 0.0781 | loss  4.472 | ppl     87.50 frag_cnt/word_cnt=1.719=240603/140000
[2022-04-14 01:43:12.849] E017 |   667/667 batches | lr 0.0781 | loss  4.383 | ppl     80.04 frag_cnt/word_cnt=1.729=81105/46900
[2022-04-14 01:43:26.970] End E017 | valid loss  5.960; ppl    387.64 | accu 0.2249 = 25234/112220 | w_len 1.6669 = 187056/112220
[2022-04-14 01:43:41.597] End E017 |  test loss  8.196; ppl   3626.06 | accu 0.0807 = 9310/115380 | w_len 1.2338 = 142355/115380 ../data/sample_500k/cbt_valid.txt
[2022-04-14 01:44:45.236] End E017 |  test loss 10.231; ppl  27748.51 | accu 0.0066 = 3343/506840 | w_len 1.5287 = 774825/506840 ../data/sample_500k/adult_test.txt
[2022-04-14 01:44:45.236] Epoch 018/20 ==================================================
[2022-04-14 01:45:46.197] E018 |   200/667 batches | lr 0.0391 | loss  4.614 | ppl    100.94 frag_cnt/word_cnt=1.705=238644/140000
[2022-04-14 01:46:47.432] E018 |   400/667 batches | lr 0.0391 | loss  4.582 | ppl     97.68 frag_cnt/word_cnt=1.725=241550/140000
[2022-04-14 01:47:49.666] E018 |   600/667 batches | lr 0.0391 | loss  4.467 | ppl     87.12 frag_cnt/word_cnt=1.719=240603/140000
[2022-04-14 01:48:10.410] E018 |   667/667 batches | lr 0.0391 | loss  4.377 | ppl     79.60 frag_cnt/word_cnt=1.729=81105/46900
[2022-04-14 01:48:25.080] End E018 | valid loss  5.961; ppl    388.14 | accu 0.2246 = 25206/112220 | w_len 1.6669 = 187056/112220
[2022-04-14 01:48:39.634] End E018 |  test loss  8.198; ppl   3634.38 | accu 0.0806 = 9295/115380 | w_len 1.2338 = 142355/115380 ../data/sample_500k/cbt_valid.txt
[2022-04-14 01:49:43.741] End E018 |  test loss 10.232; ppl  27784.01 | accu 0.0066 = 3355/506840 | w_len 1.5287 = 774825/506840 ../data/sample_500k/adult_test.txt
[2022-04-14 01:49:43.741] Epoch 019/20 ==================================================
[2022-04-14 01:50:44.932] E019 |   200/667 batches | lr 0.0195 | loss  4.617 | ppl    101.22 frag_cnt/word_cnt=1.705=238644/140000
[2022-04-14 01:51:46.706] E019 |   400/667 batches | lr 0.0195 | loss  4.582 | ppl     97.74 frag_cnt/word_cnt=1.725=241550/140000
[2022-04-14 01:52:49.488] E019 |   600/667 batches | lr 0.0195 | loss  4.466 | ppl     87.00 frag_cnt/word_cnt=1.719=240603/140000
[2022-04-14 01:53:10.401] E019 |   667/667 batches | lr 0.0195 | loss  4.381 | ppl     79.89 frag_cnt/word_cnt=1.729=81105/46900
[2022-04-14 01:53:24.977] End E019 | valid loss  5.961; ppl    388.05 | accu 0.2245 = 25196/112220 | w_len 1.6669 = 187056/112220
[2022-04-14 01:53:39.336] End E019 |  test loss  8.198; ppl   3635.07 | accu 0.0806 = 9298/115380 | w_len 1.2338 = 142355/115380 ../data/sample_500k/cbt_valid.txt
[2022-04-14 01:54:43.476] End E019 |  test loss 10.230; ppl  27730.72 | accu 0.0066 = 3352/506840 | w_len 1.5287 = 774825/506840 ../data/sample_500k/adult_test.txt
[2022-04-14 01:54:43.476] Epoch 020/20 ==================================================
[2022-04-14 01:55:42.496] E020 |   200/667 batches | lr 0.0098 | loss  4.615 | ppl    100.98 frag_cnt/word_cnt=1.705=238644/140000
[2022-04-14 01:56:42.438] E020 |   400/667 batches | lr 0.0098 | loss  4.583 | ppl     97.79 frag_cnt/word_cnt=1.725=241550/140000
[2022-04-14 01:57:43.983] E020 |   600/667 batches | lr 0.0098 | loss  4.466 | ppl     87.01 frag_cnt/word_cnt=1.719=240603/140000
[2022-04-14 01:58:04.092] E020 |   667/667 batches | lr 0.0098 | loss  4.380 | ppl     79.81 frag_cnt/word_cnt=1.729=81105/46900
[2022-04-14 01:58:18.299] End E020 | valid loss  5.961; ppl    388.08 | accu 0.2246 = 25202/112220 | w_len 1.6669 = 187056/112220
[2022-04-14 01:58:33.126] End E020 |  test loss  8.197; ppl   3631.46 | accu 0.0806 = 9299/115380 | w_len 1.2338 = 142355/115380 ../data/sample_500k/cbt_valid.txt
[2022-04-14 01:59:37.523] End E020 |  test loss 10.229; ppl  27687.88 | accu 0.0066 = 3350/506840 | w_len 1.5287 = 774825/506840 ../data/sample_500k/adult_test.txt
[2022-04-14 01:59:52.209] End. test loss  8.20; ppl  3636.52 | accu 0.0810 = 9348/115380 | w_len 1.2338 = 142355/115380 ../data/sample_500k/cbt_valid.txt
[2022-04-14 02:00:56.608] End. test loss 10.25; ppl 28318.51 | accu 0.0061 = 3069/506840 | w_len 1.5287 = 774825/506840 ../data/sample_500k/adult_test.txt
[2022-04-14 02:00:56.608] =========================================================================================
[2022-04-14 02:00:56.608] valid_loss
[2022-04-14 02:00:56.608]  6.76, 6.28, 6.09, 6.04, 6.01, 6.04, 5.96, 5.96, 5.97, 5.96, 5.96, 5.96, 5.96, 5.96, 5.96, 5.96, 5.96, 5.96, 5.96, 5.96
[2022-04-14 02:00:56.608] valid_loss ppl
[2022-04-14 02:00:56.608]   863.80,  532.90,  443.51,  417.96,  407.78,  420.25,  387.12,  387.85,  391.87,  388.52,  386.73,  387.98,  386.72,  388.01,  386.77,  387.02,  387.64,  388.14,  388.05,  388.08
[2022-04-14 02:00:56.608] test_loss of ../data/sample_500k/cbt_valid.txt
[2022-04-14 02:00:56.608]  7.88, 7.87, 7.74, 7.83, 7.91, 7.69, 8.25, 8.27, 8.35, 8.30, 8.23, 8.23, 8.20, 8.20, 8.20, 8.18, 8.20, 8.20, 8.20, 8.20
[2022-04-14 02:00:56.608] test_loss of ../data/sample_500k/cbt_valid.txt ppl
[2022-04-14 02:00:56.608]  2644.82, 2628.63, 2305.70, 2520.85, 2731.38, 2184.52, 3821.12, 3921.10, 4226.50, 4008.95, 3743.96, 3735.46, 3636.52, 3648.75, 3624.77, 3581.44, 3626.06, 3634.38, 3635.07, 3631.46
[2022-04-14 02:00:56.608] test_loss of ../data/sample_500k/adult_test.txt
[2022-04-14 02:00:56.609]  9.30, 9.70, 9.77, 9.45, 9.60, 9.18,10.23,10.28,10.30,10.34,10.26,10.27,10.25,10.26,10.24,10.21,10.23,10.23,10.23,10.23
[2022-04-14 02:00:56.609] test_loss of ../data/sample_500k/adult_test.txt ppl
[2022-04-14 02:00:56.609] 10916.57,16337.05,17531.71,12650.16,14731.26, 9731.24,27759.22,29095.97,29724.66,30859.58,28661.74,28960.19,28318.51,28473.13,27898.68,27198.73,27748.51,27784.01,27730.72,27687.88
[2022-04-14 02:00:56.609] 
[2022-04-14 02:00:56.609] 
[2022-04-14 02:00:56.609] 
