[2022-04-13 17:31:33.777] corpus.train_file_list: 1
[2022-04-13 17:31:33.777]         ../data/sample_500k/adolescent_train.txt
[2022-04-13 17:31:33.777] corpus.valid_file_list: 1
[2022-04-13 17:31:33.777]         ../data/sample_500k/adolescent_valid.txt
[2022-04-13 17:31:33.777] corpus.test_file_list: 2
[2022-04-13 17:31:33.777]         ../data/sample_500k/cbt_valid.txt
[2022-04-13 17:31:33.777]         ../data/sample_500k/adult_test.txt
[2022-04-13 17:31:33.777] corpus.subword_vocab_size: 0
[2022-04-13 17:31:33.777] corpus.subword_model = None. Corpus will not use subword.
[2022-04-13 17:31:33.778] corpus tokenize...
[2022-04-13 17:31:34.836]         train tokens: 467267  ../data/sample_500k/adolescent_train.txt
[2022-04-13 17:31:35.078]         valid tokens: 112256  ../data/sample_500k/adolescent_valid.txt
[2022-04-13 17:31:35.214]         test  tokens: 115417  ../data/sample_500k/cbt_valid.txt
[2022-04-13 17:31:35.822]         test  tokens: 506878  ../data/sample_500k/adult_test.txt
[2022-04-13 17:31:35.822] corpus.ntokens      : 95521
[2022-04-13 17:31:35.823] corpus.char_count   : 166
[2022-04-13 17:31:35.823] corpus.char_cnt_dict: 166
[2022-04-13 17:31:35.823] corpus.char_id_dict : 166
[2022-04-13 17:31:35.828] corpus.batchify(1 files, batch_size=20)...
[2022-04-13 17:31:35.828]         tokens_all: 467267
[2022-04-13 17:31:35.829]         batched   :  23363
[2022-04-13 17:31:35.829]         ../data/sample_500k/adolescent_train.txt
[2022-04-13 17:31:35.833] corpus.batchify(1 files, batch_size=20)...
[2022-04-13 17:31:35.833]         tokens_all: 112256
[2022-04-13 17:31:35.833]         batched   :   5612
[2022-04-13 17:31:35.833]         ../data/sample_500k/adolescent_valid.txt
[2022-04-13 17:31:35.837] corpus.batchify(1 files, batch_size=20)...
[2022-04-13 17:31:35.837]         tokens_all: 115417
[2022-04-13 17:31:35.838]         batched   :   5770
[2022-04-13 17:31:35.838]         ../data/sample_500k/cbt_valid.txt
[2022-04-13 17:31:35.844] corpus.batchify(1 files, batch_size=20)...
[2022-04-13 17:31:35.845]         tokens_all: 506878
[2022-04-13 17:31:35.845]         batched   :  25343
[2022-04-13 17:31:35.845]         ../data/sample_500k/adult_test.txt
[2022-04-13 17:31:35.846] subword_adapter will be generated due to word_split_mode='Subword.1000'
[2022-04-13 17:31:35.846] SubwordAdapter.file_list: 2
[2022-04-13 17:31:35.846]         ../data/sample_500k/adolescent_train.txt
[2022-04-13 17:31:35.846]         ../data/sample_500k/adolescent_valid.txt
[2022-04-13 17:31:35.846] SubwordAdapter.subword_vocab_size: 1000
[2022-04-13 17:31:35.846] SubwordAdapter.subword_model.train(2 files)...
[2022-04-13 17:31:36.429] SubwordAdapter.subword_model.train(2 files)...Done
[2022-04-13 17:31:37.178] RNNModel.rnn_type: LSTM
[2022-04-13 17:31:37.178] RNNModel.ntoken  : 95521
[2022-04-13 17:31:37.178] RNNModel.ninp    : 200
[2022-04-13 17:31:37.178] RNNModel.nhid    : 200
[2022-04-13 17:31:37.178] RNNModel.nlayers : 2
[2022-04-13 17:31:37.178] RNNModel.dropout : 0.2
[2022-04-13 17:31:37.178] RNNModel.tie_weights: False
[2022-04-13 17:31:37.178] RNNModel.fragment_aggregate_mode: LSTM
[2022-04-13 17:31:37.178] RNNModel.fragment_cnt           : 1002
[2022-04-13 17:31:37.179] RNNModel.fragment_emsize        : 25
[2022-04-13 17:31:37.179] RNNModel.fragment_nhid          : 200
[2022-04-13 17:31:37.179] RNNModel.fragment_embeds     : created
[2022-04-13 17:31:37.183] RNNModel.fragment_lstm       : created
[2022-04-13 17:31:37.183] RNNModel.fragment_lstm_linear: created
[2022-04-13 17:31:37.224] Epoch 001/20 ==================================================
[2022-04-13 17:32:39.777] E001 |   200/667 batches | lr 20.0000 | loss  8.496 | ppl   4897.10 frag_cnt/word_cnt=2.337=327243/140000
[2022-04-13 17:33:43.280] E001 |   400/667 batches | lr 20.0000 | loss  7.785 | ppl   2404.66 frag_cnt/word_cnt=2.372=332053/140000
[2022-04-13 17:34:47.943] E001 |   600/667 batches | lr 20.0000 | loss  7.270 | ppl   1436.67 frag_cnt/word_cnt=2.361=330480/140000
[2022-04-13 17:35:10.149] E001 |   667/667 batches | lr 20.0000 | loss  6.953 | ppl   1046.67 frag_cnt/word_cnt=2.351=110285/46900
[2022-04-13 17:35:24.606] End E001 | valid loss  6.901; ppl    992.95 | accu 0.1278 = 14345/112220 | w_len 2.2450 = 251937/112220
[2022-04-13 17:35:39.162] End E001 |  test loss  7.278; ppl   1448.16 | accu 0.1140 = 13159/115380 | w_len 1.6106 = 185828/115380 ../data/sample_500k/cbt_valid.txt
[2022-04-13 17:36:43.681] End E001 |  test loss  8.358; ppl   4263.56 | accu 0.0749 = 37958/506840 | w_len 2.1848 = 1107354/506840 ../data/sample_500k/adult_test.txt
[2022-04-13 17:36:43.681] Save: model.pt... 
[2022-04-13 17:36:44.302] Save: model.pt...Done. best_val_loss: 6.9007
[2022-04-13 17:36:44.302] Epoch 002/20 ==================================================
[2022-04-13 17:37:46.251] E002 |   200/667 batches | lr 20.0000 | loss  6.713 | ppl    822.69 frag_cnt/word_cnt=2.337=327243/140000
[2022-04-13 17:38:50.729] E002 |   400/667 batches | lr 20.0000 | loss  6.516 | ppl    676.15 frag_cnt/word_cnt=2.372=332053/140000
[2022-04-13 17:39:53.889] E002 |   600/667 batches | lr 20.0000 | loss  6.294 | ppl    541.43 frag_cnt/word_cnt=2.361=330480/140000
[2022-04-13 17:40:15.403] E002 |   667/667 batches | lr 20.0000 | loss  6.180 | ppl    483.05 frag_cnt/word_cnt=2.351=110285/46900
[2022-04-13 17:40:29.515] End E002 | valid loss  6.248; ppl    516.84 | accu 0.1958 = 21972/112220 | w_len 2.2450 = 251937/112220
[2022-04-13 17:40:43.913] End E002 |  test loss  8.021; ppl   3044.58 | accu 0.0677 = 7811/115380 | w_len 1.6106 = 185828/115380 ../data/sample_500k/cbt_valid.txt
[2022-04-13 17:41:48.386] End E002 |  test loss  9.714; ppl  16551.98 | accu 0.0077 = 3914/506840 | w_len 2.1848 = 1107354/506840 ../data/sample_500k/adult_test.txt
[2022-04-13 17:41:48.386] Save: model.pt... 
[2022-04-13 17:41:48.970] Save: model.pt...Done. best_val_loss: 6.2477
[2022-04-13 17:41:48.971] Epoch 003/20 ==================================================
[2022-04-13 17:42:52.046] E003 |   200/667 batches | lr 20.0000 | loss  6.126 | ppl    457.56 frag_cnt/word_cnt=2.337=327243/140000
[2022-04-13 17:43:56.529] E003 |   400/667 batches | lr 20.0000 | loss  6.048 | ppl    423.29 frag_cnt/word_cnt=2.372=332053/140000
[2022-04-13 17:45:01.828] E003 |   600/667 batches | lr 20.0000 | loss  5.903 | ppl    366.12 frag_cnt/word_cnt=2.361=330480/140000
[2022-04-13 17:45:24.250] E003 |   667/667 batches | lr 20.0000 | loss  5.811 | ppl    334.02 frag_cnt/word_cnt=2.351=110285/46900
[2022-04-13 17:45:38.767] End E003 | valid loss  6.075; ppl    435.05 | accu 0.1945 = 21825/112220 | w_len 2.2450 = 251937/112220
[2022-04-13 17:45:53.122] End E003 |  test loss  7.540; ppl   1882.57 | accu 0.0695 = 8024/115380 | w_len 1.6106 = 185828/115380 ../data/sample_500k/cbt_valid.txt
[2022-04-13 17:46:57.601] End E003 |  test loss  8.842; ppl   6915.47 | accu 0.0161 = 8182/506840 | w_len 2.1848 = 1107354/506840 ../data/sample_500k/adult_test.txt
[2022-04-13 17:46:57.601] Save: model.pt... 
[2022-04-13 17:46:58.194] Save: model.pt...Done. best_val_loss: 6.0755
[2022-04-13 17:46:58.194] Epoch 004/20 ==================================================
[2022-04-13 17:48:02.173] E004 |   200/667 batches | lr 20.0000 | loss  5.787 | ppl    325.99 frag_cnt/word_cnt=2.337=327243/140000
[2022-04-13 17:49:08.181] E004 |   400/667 batches | lr 20.0000 | loss  5.752 | ppl    314.97 frag_cnt/word_cnt=2.372=332053/140000
[2022-04-13 17:50:13.037] E004 |   600/667 batches | lr 20.0000 | loss  5.636 | ppl    280.32 frag_cnt/word_cnt=2.361=330480/140000
[2022-04-13 17:50:35.264] E004 |   667/667 batches | lr 20.0000 | loss  5.568 | ppl    261.97 frag_cnt/word_cnt=2.351=110285/46900
[2022-04-13 17:50:49.687] End E004 | valid loss  6.016; ppl    409.97 | accu 0.2113 = 23714/112220 | w_len 2.2450 = 251937/112220
[2022-04-13 17:51:04.001] End E004 |  test loss  7.257; ppl   1418.26 | accu 0.0884 = 10205/115380 | w_len 1.6106 = 185828/115380 ../data/sample_500k/cbt_valid.txt
[2022-04-13 17:52:08.736] End E004 |  test loss  8.508; ppl   4952.27 | accu 0.0265 = 13413/506840 | w_len 2.1848 = 1107354/506840 ../data/sample_500k/adult_test.txt
[2022-04-13 17:52:08.736] Save: model.pt... 
[2022-04-13 17:52:09.326] Save: model.pt...Done. best_val_loss: 6.0161
[2022-04-13 17:52:09.326] Epoch 005/20 ==================================================
[2022-04-13 17:53:13.980] E005 |   200/667 batches | lr 20.0000 | loss  5.547 | ppl    256.36 frag_cnt/word_cnt=2.337=327243/140000
[2022-04-13 17:54:20.996] E005 |   400/667 batches | lr 20.0000 | loss  5.536 | ppl    253.64 frag_cnt/word_cnt=2.372=332053/140000
[2022-04-13 17:55:26.501] E005 |   600/667 batches | lr 20.0000 | loss  5.437 | ppl    229.67 frag_cnt/word_cnt=2.361=330480/140000
[2022-04-13 17:55:48.279] E005 |   667/667 batches | lr 20.0000 | loss  5.365 | ppl    213.80 frag_cnt/word_cnt=2.351=110285/46900
[2022-04-13 17:56:02.811] End E005 | valid loss  6.058; ppl    427.60 | accu 0.1983 = 22254/112220 | w_len 2.2450 = 251937/112220
[2022-04-13 17:56:17.476] End E005 |  test loss  7.270; ppl   1435.87 | accu 0.0943 = 10880/115380 | w_len 1.6106 = 185828/115380 ../data/sample_500k/cbt_valid.txt
[2022-04-13 17:57:22.285] End E005 |  test loss  8.360; ppl   4272.31 | accu 0.0491 = 24900/506840 | w_len 2.1848 = 1107354/506840 ../data/sample_500k/adult_test.txt
[2022-04-13 17:57:22.286] Epoch 006/20 ==================================================
[2022-04-13 17:58:24.025] E006 |   200/667 batches | lr 10.0000 | loss  5.256 | ppl    191.78 frag_cnt/word_cnt=2.337=327243/140000
[2022-04-13 17:59:30.235] E006 |   400/667 batches | lr 10.0000 | loss  5.223 | ppl    185.42 frag_cnt/word_cnt=2.372=332053/140000
[2022-04-13 18:00:34.554] E006 |   600/667 batches | lr 10.0000 | loss  5.095 | ppl    163.28 frag_cnt/word_cnt=2.361=330480/140000
[2022-04-13 18:00:56.355] E006 |   667/667 batches | lr 10.0000 | loss  5.019 | ppl    151.33 frag_cnt/word_cnt=2.351=110285/46900
[2022-04-13 18:01:10.745] End E006 | valid loss  5.923; ppl    373.55 | accu 0.2187 = 24540/112220 | w_len 2.2450 = 251937/112220
[2022-04-13 18:01:25.641] End E006 |  test loss  7.172; ppl   1301.98 | accu 0.0889 = 10260/115380 | w_len 1.6106 = 185828/115380 ../data/sample_500k/cbt_valid.txt
[2022-04-13 18:02:30.907] End E006 |  test loss  8.354; ppl   4245.91 | accu 0.0244 = 12378/506840 | w_len 2.1848 = 1107354/506840 ../data/sample_500k/adult_test.txt
[2022-04-13 18:02:30.907] Save: model.pt... 
[2022-04-13 18:02:31.507] Save: model.pt...Done. best_val_loss: 5.9231
[2022-04-13 18:02:31.508] Epoch 007/20 ==================================================
[2022-04-13 18:03:35.583] E007 |   200/667 batches | lr 10.0000 | loss  5.101 | ppl    164.20 frag_cnt/word_cnt=2.337=327243/140000
[2022-04-13 18:04:41.116] E007 |   400/667 batches | lr 10.0000 | loss  5.090 | ppl    162.43 frag_cnt/word_cnt=2.372=332053/140000
[2022-04-13 18:05:46.252] E007 |   600/667 batches | lr 10.0000 | loss  4.982 | ppl    145.79 frag_cnt/word_cnt=2.361=330480/140000
[2022-04-13 18:06:08.034] E007 |   667/667 batches | lr 10.0000 | loss  4.915 | ppl    136.36 frag_cnt/word_cnt=2.351=110285/46900
[2022-04-13 18:06:22.346] End E007 | valid loss  5.928; ppl    375.58 | accu 0.2180 = 24467/112220 | w_len 2.2450 = 251937/112220
[2022-04-13 18:06:36.718] End E007 |  test loss  7.239; ppl   1392.65 | accu 0.0846 = 9759/115380 | w_len 1.6106 = 185828/115380 ../data/sample_500k/cbt_valid.txt
[2022-04-13 18:07:41.144] End E007 |  test loss  8.518; ppl   5005.27 | accu 0.0208 = 10548/506840 | w_len 2.1848 = 1107354/506840 ../data/sample_500k/adult_test.txt
[2022-04-13 18:07:41.144] Epoch 008/20 ==================================================
[2022-04-13 18:08:44.025] E008 |   200/667 batches | lr 5.0000 | loss  4.959 | ppl    142.52 frag_cnt/word_cnt=2.337=327243/140000
[2022-04-13 18:09:47.843] E008 |   400/667 batches | lr 5.0000 | loss  4.922 | ppl    137.27 frag_cnt/word_cnt=2.372=332053/140000
[2022-04-13 18:10:52.284] E008 |   600/667 batches | lr 5.0000 | loss  4.805 | ppl    122.09 frag_cnt/word_cnt=2.361=330480/140000
[2022-04-13 18:11:14.534] E008 |   667/667 batches | lr 5.0000 | loss  4.722 | ppl    112.35 frag_cnt/word_cnt=2.351=110285/46900
[2022-04-13 18:11:29.142] End E008 | valid loss  5.910; ppl    368.81 | accu 0.2234 = 25075/112220 | w_len 2.2450 = 251937/112220
[2022-04-13 18:11:43.887] End E008 |  test loss  7.165; ppl   1292.97 | accu 0.0911 = 10516/115380 | w_len 1.6106 = 185828/115380 ../data/sample_500k/cbt_valid.txt
[2022-04-13 18:12:49.275] End E008 |  test loss  8.507; ppl   4947.47 | accu 0.0214 = 10838/506840 | w_len 2.1848 = 1107354/506840 ../data/sample_500k/adult_test.txt
[2022-04-13 18:12:49.275] Save: model.pt... 
[2022-04-13 18:12:49.905] Save: model.pt...Done. best_val_loss: 5.9103
[2022-04-13 18:12:49.905] Epoch 009/20 ==================================================
[2022-04-13 18:13:53.677] E009 |   200/667 batches | lr 5.0000 | loss  4.876 | ppl    131.09 frag_cnt/word_cnt=2.337=327243/140000
[2022-04-13 18:14:58.872] E009 |   400/667 batches | lr 5.0000 | loss  4.853 | ppl    128.09 frag_cnt/word_cnt=2.372=332053/140000
[2022-04-13 18:16:05.528] E009 |   600/667 batches | lr 5.0000 | loss  4.747 | ppl    115.29 frag_cnt/word_cnt=2.361=330480/140000
[2022-04-13 18:16:26.933] E009 |   667/667 batches | lr 5.0000 | loss  4.675 | ppl    107.22 frag_cnt/word_cnt=2.351=110285/46900
[2022-04-13 18:16:41.445] End E009 | valid loss  5.915; ppl    370.70 | accu 0.2227 = 24986/112220 | w_len 2.2450 = 251937/112220
[2022-04-13 18:16:56.091] End E009 |  test loss  7.151; ppl   1275.58 | accu 0.0940 = 10843/115380 | w_len 1.6106 = 185828/115380 ../data/sample_500k/cbt_valid.txt
[2022-04-13 18:18:00.821] End E009 |  test loss  8.465; ppl   4745.61 | accu 0.0259 = 13107/506840 | w_len 2.1848 = 1107354/506840 ../data/sample_500k/adult_test.txt
[2022-04-13 18:18:00.821] Epoch 010/20 ==================================================
[2022-04-13 18:19:03.640] E010 |   200/667 batches | lr 2.5000 | loss  4.803 | ppl    121.83 frag_cnt/word_cnt=2.337=327243/140000
[2022-04-13 18:20:08.979] E010 |   400/667 batches | lr 2.5000 | loss  4.767 | ppl    117.53 frag_cnt/word_cnt=2.372=332053/140000
[2022-04-13 18:21:16.056] E010 |   600/667 batches | lr 2.5000 | loss  4.650 | ppl    104.57 frag_cnt/word_cnt=2.361=330480/140000
[2022-04-13 18:21:37.410] E010 |   667/667 batches | lr 2.5000 | loss  4.570 | ppl     96.50 frag_cnt/word_cnt=2.351=110285/46900
[2022-04-13 18:21:52.139] End E010 | valid loss  5.913; ppl    369.87 | accu 0.2262 = 25386/112220 | w_len 2.2450 = 251937/112220
[2022-04-13 18:22:07.376] End E010 |  test loss  7.151; ppl   1274.99 | accu 0.0952 = 10986/115380 | w_len 1.6106 = 185828/115380 ../data/sample_500k/cbt_valid.txt
[2022-04-13 18:23:12.789] End E010 |  test loss  8.508; ppl   4953.99 | accu 0.0275 = 13922/506840 | w_len 2.1848 = 1107354/506840 ../data/sample_500k/adult_test.txt
[2022-04-13 18:23:12.790] Epoch 011/20 ==================================================
[2022-04-13 18:24:16.925] E011 |   200/667 batches | lr 1.2500 | loss  4.756 | ppl    116.30 frag_cnt/word_cnt=2.337=327243/140000
[2022-04-13 18:25:22.532] E011 |   400/667 batches | lr 1.2500 | loss  4.720 | ppl    112.15 frag_cnt/word_cnt=2.372=332053/140000
[2022-04-13 18:26:27.361] E011 |   600/667 batches | lr 1.2500 | loss  4.599 | ppl     99.34 frag_cnt/word_cnt=2.361=330480/140000
[2022-04-13 18:26:48.835] E011 |   667/667 batches | lr 1.2500 | loss  4.524 | ppl     92.21 frag_cnt/word_cnt=2.351=110285/46900
[2022-04-13 18:27:03.297] End E011 | valid loss  5.908; ppl    368.03 | accu 0.2274 = 25520/112220 | w_len 2.2450 = 251937/112220
[2022-04-13 18:27:17.802] End E011 |  test loss  7.103; ppl   1215.44 | accu 0.0957 = 11044/115380 | w_len 1.6106 = 185828/115380 ../data/sample_500k/cbt_valid.txt
[2022-04-13 18:28:23.144] End E011 |  test loss  8.486; ppl   4848.24 | accu 0.0251 = 12747/506840 | w_len 2.1848 = 1107354/506840 ../data/sample_500k/adult_test.txt
[2022-04-13 18:28:23.144] Save: model.pt... 
[2022-04-13 18:28:23.778] Save: model.pt...Done. best_val_loss: 5.9082
[2022-04-13 18:28:23.778] Epoch 012/20 ==================================================
[2022-04-13 18:29:26.403] E012 |   200/667 batches | lr 1.2500 | loss  4.727 | ppl    112.99 frag_cnt/word_cnt=2.337=327243/140000
[2022-04-13 18:30:32.546] E012 |   400/667 batches | lr 1.2500 | loss  4.697 | ppl    109.61 frag_cnt/word_cnt=2.372=332053/140000
[2022-04-13 18:31:39.837] E012 |   600/667 batches | lr 1.2500 | loss  4.589 | ppl     98.39 frag_cnt/word_cnt=2.361=330480/140000
[2022-04-13 18:32:01.951] E012 |   667/667 batches | lr 1.2500 | loss  4.510 | ppl     90.88 frag_cnt/word_cnt=2.351=110285/46900
[2022-04-13 18:32:16.482] End E012 | valid loss  5.914; ppl    370.05 | accu 0.2274 = 25522/112220 | w_len 2.2450 = 251937/112220
[2022-04-13 18:32:31.539] End E012 |  test loss  7.121; ppl   1238.21 | accu 0.0949 = 10949/115380 | w_len 1.6106 = 185828/115380 ../data/sample_500k/cbt_valid.txt
[2022-04-13 18:33:37.029] End E012 |  test loss  8.537; ppl   5102.14 | accu 0.0241 = 12193/506840 | w_len 2.1848 = 1107354/506840 ../data/sample_500k/adult_test.txt
[2022-04-13 18:33:37.029] Epoch 013/20 ==================================================
[2022-04-13 18:34:40.945] E013 |   200/667 batches | lr 0.6250 | loss  4.708 | ppl    110.82 frag_cnt/word_cnt=2.337=327243/140000
[2022-04-13 18:35:45.749] E013 |   400/667 batches | lr 0.6250 | loss  4.676 | ppl    107.35 frag_cnt/word_cnt=2.372=332053/140000
[2022-04-13 18:36:51.092] E013 |   600/667 batches | lr 0.6250 | loss  4.559 | ppl     95.45 frag_cnt/word_cnt=2.361=330480/140000
[2022-04-13 18:37:12.979] E013 |   667/667 batches | lr 0.6250 | loss  4.482 | ppl     88.39 frag_cnt/word_cnt=2.351=110285/46900
[2022-04-13 18:37:27.433] End E013 | valid loss  5.912; ppl    369.45 | accu 0.2281 = 25592/112220 | w_len 2.2450 = 251937/112220
[2022-04-13 18:37:41.871] End E013 |  test loss  7.095; ppl   1205.71 | accu 0.0960 = 11076/115380 | w_len 1.6106 = 185828/115380 ../data/sample_500k/cbt_valid.txt
[2022-04-13 18:38:47.484] End E013 |  test loss  8.514; ppl   4985.96 | accu 0.0253 = 12810/506840 | w_len 2.1848 = 1107354/506840 ../data/sample_500k/adult_test.txt
[2022-04-13 18:38:47.484] Epoch 014/20 ==================================================
[2022-04-13 18:39:51.414] E014 |   200/667 batches | lr 0.3125 | loss  4.696 | ppl    109.49 frag_cnt/word_cnt=2.337=327243/140000
[2022-04-13 18:40:57.696] E014 |   400/667 batches | lr 0.3125 | loss  4.663 | ppl    105.94 frag_cnt/word_cnt=2.372=332053/140000
[2022-04-13 18:42:02.231] E014 |   600/667 batches | lr 0.3125 | loss  4.545 | ppl     94.18 frag_cnt/word_cnt=2.361=330480/140000
[2022-04-13 18:42:24.101] E014 |   667/667 batches | lr 0.3125 | loss  4.461 | ppl     86.59 frag_cnt/word_cnt=2.351=110285/46900
[2022-04-13 18:42:38.630] End E014 | valid loss  5.908; ppl    367.95 | accu 0.2282 = 25612/112220 | w_len 2.2450 = 251937/112220
[2022-04-13 18:42:53.229] End E014 |  test loss  7.081; ppl   1189.12 | accu 0.0964 = 11120/115380 | w_len 1.6106 = 185828/115380 ../data/sample_500k/cbt_valid.txt
[2022-04-13 18:43:58.184] End E014 |  test loss  8.505; ppl   4941.23 | accu 0.0249 = 12638/506840 | w_len 2.1848 = 1107354/506840 ../data/sample_500k/adult_test.txt
[2022-04-13 18:43:58.185] Save: model.pt... 
[2022-04-13 18:43:58.816] Save: model.pt...Done. best_val_loss: 5.9079
[2022-04-13 18:43:58.816] Epoch 015/20 ==================================================
[2022-04-13 18:45:03.156] E015 |   200/667 batches | lr 0.3125 | loss  4.691 | ppl    108.93 frag_cnt/word_cnt=2.337=327243/140000
[2022-04-13 18:46:08.786] E015 |   400/667 batches | lr 0.3125 | loss  4.656 | ppl    105.19 frag_cnt/word_cnt=2.372=332053/140000
[2022-04-13 18:47:13.297] E015 |   600/667 batches | lr 0.3125 | loss  4.542 | ppl     93.85 frag_cnt/word_cnt=2.361=330480/140000
[2022-04-13 18:47:35.656] E015 |   667/667 batches | lr 0.3125 | loss  4.465 | ppl     86.90 frag_cnt/word_cnt=2.351=110285/46900
[2022-04-13 18:47:50.144] End E015 | valid loss  5.908; ppl    368.07 | accu 0.2284 = 25627/112220 | w_len 2.2450 = 251937/112220
[2022-04-13 18:48:04.608] End E015 |  test loss  7.083; ppl   1191.81 | accu 0.0966 = 11149/115380 | w_len 1.6106 = 185828/115380 ../data/sample_500k/cbt_valid.txt
[2022-04-13 18:49:10.083] End E015 |  test loss  8.503; ppl   4927.10 | accu 0.0254 = 12859/506840 | w_len 2.1848 = 1107354/506840 ../data/sample_500k/adult_test.txt
[2022-04-13 18:49:10.083] Epoch 016/20 ==================================================
[2022-04-13 18:50:14.815] E016 |   200/667 batches | lr 0.1562 | loss  4.682 | ppl    107.96 frag_cnt/word_cnt=2.337=327243/140000
[2022-04-13 18:51:22.439] E016 |   400/667 batches | lr 0.1562 | loss  4.652 | ppl    104.76 frag_cnt/word_cnt=2.372=332053/140000
[2022-04-13 18:52:27.903] E016 |   600/667 batches | lr 0.1562 | loss  4.533 | ppl     93.01 frag_cnt/word_cnt=2.361=330480/140000
[2022-04-13 18:52:49.526] E016 |   667/667 batches | lr 0.1562 | loss  4.458 | ppl     86.34 frag_cnt/word_cnt=2.351=110285/46900
[2022-04-13 18:53:04.107] End E016 | valid loss  5.906; ppl    367.41 | accu 0.2290 = 25698/112220 | w_len 2.2450 = 251937/112220
[2022-04-13 18:53:19.124] End E016 |  test loss  7.071; ppl   1177.12 | accu 0.0973 = 11222/115380 | w_len 1.6106 = 185828/115380 ../data/sample_500k/cbt_valid.txt
[2022-04-13 18:54:24.466] End E016 |  test loss  8.488; ppl   4857.59 | accu 0.0260 = 13183/506840 | w_len 2.1848 = 1107354/506840 ../data/sample_500k/adult_test.txt
[2022-04-13 18:54:24.466] Save: model.pt... 
[2022-04-13 18:54:25.143] Save: model.pt...Done. best_val_loss: 5.9065
[2022-04-13 18:54:25.143] Epoch 017/20 ==================================================
[2022-04-13 18:55:27.819] E017 |   200/667 batches | lr 0.1562 | loss  4.678 | ppl    107.51 frag_cnt/word_cnt=2.337=327243/140000
[2022-04-13 18:56:33.413] E017 |   400/667 batches | lr 0.1562 | loss  4.646 | ppl    104.13 frag_cnt/word_cnt=2.372=332053/140000
[2022-04-13 18:57:38.162] E017 |   600/667 batches | lr 0.1562 | loss  4.534 | ppl     93.18 frag_cnt/word_cnt=2.361=330480/140000
[2022-04-13 18:57:59.439] E017 |   667/667 batches | lr 0.1562 | loss  4.463 | ppl     86.77 frag_cnt/word_cnt=2.351=110285/46900
[2022-04-13 18:58:13.879] End E017 | valid loss  5.907; ppl    367.77 | accu 0.2290 = 25699/112220 | w_len 2.2450 = 251937/112220
[2022-04-13 18:58:28.348] End E017 |  test loss  7.067; ppl   1173.12 | accu 0.0976 = 11262/115380 | w_len 1.6106 = 185828/115380 ../data/sample_500k/cbt_valid.txt
[2022-04-13 18:59:34.585] End E017 |  test loss  8.487; ppl   4850.81 | accu 0.0262 = 13303/506840 | w_len 2.1848 = 1107354/506840 ../data/sample_500k/adult_test.txt
[2022-04-13 18:59:34.586] Epoch 018/20 ==================================================
[2022-04-13 19:00:37.711] E018 |   200/667 batches | lr 0.0781 | loss  4.679 | ppl    107.62 frag_cnt/word_cnt=2.337=327243/140000
[2022-04-13 19:01:43.005] E018 |   400/667 batches | lr 0.0781 | loss  4.644 | ppl    104.00 frag_cnt/word_cnt=2.372=332053/140000
[2022-04-13 19:02:48.414] E018 |   600/667 batches | lr 0.0781 | loss  4.529 | ppl     92.68 frag_cnt/word_cnt=2.361=330480/140000
[2022-04-13 19:03:10.100] E018 |   667/667 batches | lr 0.0781 | loss  4.450 | ppl     85.65 frag_cnt/word_cnt=2.351=110285/46900
[2022-04-13 19:03:24.487] End E018 | valid loss  5.907; ppl    367.64 | accu 0.2290 = 25700/112220 | w_len 2.2450 = 251937/112220
[2022-04-13 19:03:39.037] End E018 |  test loss  7.064; ppl   1169.02 | accu 0.0977 = 11272/115380 | w_len 1.6106 = 185828/115380 ../data/sample_500k/cbt_valid.txt
[2022-04-13 19:04:44.290] End E018 |  test loss  8.482; ppl   4827.31 | accu 0.0265 = 13407/506840 | w_len 2.1848 = 1107354/506840 ../data/sample_500k/adult_test.txt
[2022-04-13 19:04:44.290] Epoch 019/20 ==================================================
[2022-04-13 19:05:46.487] E019 |   200/667 batches | lr 0.0391 | loss  4.673 | ppl    107.02 frag_cnt/word_cnt=2.337=327243/140000
[2022-04-13 19:06:52.043] E019 |   400/667 batches | lr 0.0391 | loss  4.642 | ppl    103.80 frag_cnt/word_cnt=2.372=332053/140000
[2022-04-13 19:07:57.150] E019 |   600/667 batches | lr 0.0391 | loss  4.527 | ppl     92.45 frag_cnt/word_cnt=2.361=330480/140000
[2022-04-13 19:08:19.460] E019 |   667/667 batches | lr 0.0391 | loss  4.454 | ppl     85.99 frag_cnt/word_cnt=2.351=110285/46900
[2022-04-13 19:08:34.108] End E019 | valid loss  5.909; ppl    368.24 | accu 0.2292 = 25717/112220 | w_len 2.2450 = 251937/112220
[2022-04-13 19:08:48.625] End E019 |  test loss  7.063; ppl   1167.46 | accu 0.0978 = 11289/115380 | w_len 1.6106 = 185828/115380 ../data/sample_500k/cbt_valid.txt
[2022-04-13 19:09:52.922] End E019 |  test loss  8.480; ppl   4818.01 | accu 0.0268 = 13592/506840 | w_len 2.1848 = 1107354/506840 ../data/sample_500k/adult_test.txt
[2022-04-13 19:09:52.922] Epoch 020/20 ==================================================
[2022-04-13 19:10:56.688] E020 |   200/667 batches | lr 0.0195 | loss  4.674 | ppl    107.09 frag_cnt/word_cnt=2.337=327243/140000
[2022-04-13 19:12:02.349] E020 |   400/667 batches | lr 0.0195 | loss  4.643 | ppl    103.88 frag_cnt/word_cnt=2.372=332053/140000
[2022-04-13 19:13:06.613] E020 |   600/667 batches | lr 0.0195 | loss  4.526 | ppl     92.43 frag_cnt/word_cnt=2.361=330480/140000
[2022-04-13 19:13:28.601] E020 |   667/667 batches | lr 0.0195 | loss  4.452 | ppl     85.79 frag_cnt/word_cnt=2.351=110285/46900
[2022-04-13 19:13:43.106] End E020 | valid loss  5.909; ppl    368.25 | accu 0.2293 = 25734/112220 | w_len 2.2450 = 251937/112220
[2022-04-13 19:13:57.553] End E020 |  test loss  7.063; ppl   1167.37 | accu 0.0979 = 11290/115380 | w_len 1.6106 = 185828/115380 ../data/sample_500k/cbt_valid.txt
[2022-04-13 19:15:02.734] End E020 |  test loss  8.480; ppl   4817.19 | accu 0.0268 = 13573/506840 | w_len 2.1848 = 1107354/506840 ../data/sample_500k/adult_test.txt
[2022-04-13 19:15:17.572] End. test loss  7.07; ppl  1177.12 | accu 0.0973 = 11222/115380 | w_len 1.6106 = 185828/115380 ../data/sample_500k/cbt_valid.txt
[2022-04-13 19:16:22.459] End. test loss  8.49; ppl  4857.59 | accu 0.0260 = 13183/506840 | w_len 2.1848 = 1107354/506840 ../data/sample_500k/adult_test.txt
[2022-04-13 19:16:22.459] =========================================================================================
[2022-04-13 19:16:22.459] valid_loss
[2022-04-13 19:16:22.460]  6.90, 6.25, 6.08, 6.02, 6.06, 5.92, 5.93, 5.91, 5.92, 5.91, 5.91, 5.91, 5.91, 5.91, 5.91, 5.91, 5.91, 5.91, 5.91, 5.91
[2022-04-13 19:16:22.460] valid_loss ppl
[2022-04-13 19:16:22.460]   992.95,  516.84,  435.05,  409.97,  427.60,  373.55,  375.58,  368.81,  370.70,  369.87,  368.03,  370.05,  369.45,  367.95,  368.07,  367.41,  367.77,  367.64,  368.24,  368.25
[2022-04-13 19:16:22.460] test_loss of ../data/sample_500k/cbt_valid.txt
[2022-04-13 19:16:22.460]  7.28, 8.02, 7.54, 7.26, 7.27, 7.17, 7.24, 7.16, 7.15, 7.15, 7.10, 7.12, 7.09, 7.08, 7.08, 7.07, 7.07, 7.06, 7.06, 7.06
[2022-04-13 19:16:22.460] test_loss of ../data/sample_500k/cbt_valid.txt ppl
[2022-04-13 19:16:22.460]  1448.16, 3044.58, 1882.57, 1418.26, 1435.87, 1301.98, 1392.65, 1292.97, 1275.58, 1274.99, 1215.44, 1238.21, 1205.71, 1189.12, 1191.81, 1177.12, 1173.12, 1169.02, 1167.46, 1167.37
[2022-04-13 19:16:22.460] test_loss of ../data/sample_500k/adult_test.txt
[2022-04-13 19:16:22.460]  8.36, 9.71, 8.84, 8.51, 8.36, 8.35, 8.52, 8.51, 8.46, 8.51, 8.49, 8.54, 8.51, 8.51, 8.50, 8.49, 8.49, 8.48, 8.48, 8.48
[2022-04-13 19:16:22.460] test_loss of ../data/sample_500k/adult_test.txt ppl
[2022-04-13 19:16:22.460]  4263.56,16551.98, 6915.47, 4952.27, 4272.31, 4245.91, 5005.27, 4947.47, 4745.61, 4953.99, 4848.24, 5102.14, 4985.96, 4941.23, 4927.10, 4857.59, 4850.81, 4827.31, 4818.01, 4817.19
[2022-04-13 19:16:22.460] 
[2022-04-13 19:16:22.460] 
[2022-04-13 19:16:22.460] 
