[2022-04-13 19:49:41.125] corpus.train_file_list: 1
[2022-04-13 19:49:41.125]         ../data/sample_500k/adolescent_train.txt
[2022-04-13 19:49:41.125] corpus.valid_file_list: 1
[2022-04-13 19:49:41.125]         ../data/sample_500k/adolescent_valid.txt
[2022-04-13 19:49:41.125] corpus.test_file_list: 2
[2022-04-13 19:49:41.125]         ../data/sample_500k/cbt_valid.txt
[2022-04-13 19:49:41.125]         ../data/sample_500k/adult_test.txt
[2022-04-13 19:49:41.125] corpus.subword_vocab_size: 0
[2022-04-13 19:49:41.126] corpus.subword_model = None. Corpus will not use subword.
[2022-04-13 19:49:41.126] corpus tokenize...
[2022-04-13 19:49:42.165]         train tokens: 467267  ../data/sample_500k/adolescent_train.txt
[2022-04-13 19:49:42.395]         valid tokens: 112256  ../data/sample_500k/adolescent_valid.txt
[2022-04-13 19:49:42.537]         test  tokens: 115417  ../data/sample_500k/cbt_valid.txt
[2022-04-13 19:49:43.177]         test  tokens: 506878  ../data/sample_500k/adult_test.txt
[2022-04-13 19:49:43.177] corpus.ntokens      : 95521
[2022-04-13 19:49:43.177] corpus.char_count   : 166
[2022-04-13 19:49:43.177] corpus.char_cnt_dict: 166
[2022-04-13 19:49:43.178] corpus.char_id_dict : 166
[2022-04-13 19:49:43.183] corpus.batchify(1 files, batch_size=20)...
[2022-04-13 19:49:43.184]         tokens_all: 467267
[2022-04-13 19:49:43.184]         batched   :  23363
[2022-04-13 19:49:43.184]         ../data/sample_500k/adolescent_train.txt
[2022-04-13 19:49:43.188] corpus.batchify(1 files, batch_size=20)...
[2022-04-13 19:49:43.188]         tokens_all: 112256
[2022-04-13 19:49:43.188]         batched   :   5612
[2022-04-13 19:49:43.188]         ../data/sample_500k/adolescent_valid.txt
[2022-04-13 19:49:43.193] corpus.batchify(1 files, batch_size=20)...
[2022-04-13 19:49:43.193]         tokens_all: 115417
[2022-04-13 19:49:43.193]         batched   :   5770
[2022-04-13 19:49:43.193]         ../data/sample_500k/cbt_valid.txt
[2022-04-13 19:49:43.202] corpus.batchify(1 files, batch_size=20)...
[2022-04-13 19:49:43.202]         tokens_all: 506878
[2022-04-13 19:49:43.202]         batched   :  25343
[2022-04-13 19:49:43.202]         ../data/sample_500k/adult_test.txt
[2022-04-13 19:49:43.203] subword_adapter will be generated due to word_split_mode='Subword.2000'
[2022-04-13 19:49:43.203] SubwordAdapter.file_list: 2
[2022-04-13 19:49:43.203]         ../data/sample_500k/adolescent_train.txt
[2022-04-13 19:49:43.203]         ../data/sample_500k/adolescent_valid.txt
[2022-04-13 19:49:43.203] SubwordAdapter.subword_vocab_size: 2000
[2022-04-13 19:49:43.203] SubwordAdapter.subword_model.train(2 files)...
[2022-04-13 19:49:43.859] SubwordAdapter.subword_model.train(2 files)...Done
[2022-04-13 19:49:44.572] RNNModel.rnn_type: LSTM
[2022-04-13 19:49:44.572] RNNModel.ntoken  : 95521
[2022-04-13 19:49:44.572] RNNModel.ninp    : 200
[2022-04-13 19:49:44.572] RNNModel.nhid    : 200
[2022-04-13 19:49:44.572] RNNModel.nlayers : 2
[2022-04-13 19:49:44.572] RNNModel.dropout : 0.2
[2022-04-13 19:49:44.573] RNNModel.tie_weights: False
[2022-04-13 19:49:44.573] RNNModel.fragment_aggregate_mode: LSTM
[2022-04-13 19:49:44.573] RNNModel.fragment_cnt           : 2002
[2022-04-13 19:49:44.573] RNNModel.fragment_emsize        : 25
[2022-04-13 19:49:44.573] RNNModel.fragment_nhid          : 200
[2022-04-13 19:49:44.574] RNNModel.fragment_embeds     : created
[2022-04-13 19:49:44.577] RNNModel.fragment_lstm       : created
[2022-04-13 19:49:44.577] RNNModel.fragment_lstm_linear: created
[2022-04-13 19:49:44.619] Epoch 001/20 ==================================================
[2022-04-13 19:50:45.012] E001 |   200/667 batches | lr 20.0000 | loss  8.570 | ppl   5272.91 frag_cnt/word_cnt=1.997=279613/140000
[2022-04-13 19:51:46.710] E001 |   400/667 batches | lr 20.0000 | loss  7.797 | ppl   2432.95 frag_cnt/word_cnt=2.024=283418/140000
[2022-04-13 19:52:48.520] E001 |   600/667 batches | lr 20.0000 | loss  7.241 | ppl   1395.12 frag_cnt/word_cnt=2.013=281770/140000
[2022-04-13 19:53:10.466] E001 |   667/667 batches | lr 20.0000 | loss  6.926 | ppl   1018.82 frag_cnt/word_cnt=2.008=94189/46900
[2022-04-13 19:53:24.733] End E001 | valid loss  6.953; ppl   1046.10 | accu 0.1181 = 13258/112220 | w_len 1.9387 = 217561/112220
[2022-04-13 19:53:38.955] End E001 |  test loss  7.344; ppl   1547.18 | accu 0.0855 = 9869/115380 | w_len 1.4314 = 165159/115380 ../data/sample_500k/cbt_valid.txt
[2022-04-13 19:54:43.532] End E001 |  test loss  8.325; ppl   4126.02 | accu 0.0473 = 23990/506840 | w_len 1.9384 = 982436/506840 ../data/sample_500k/adult_test.txt
[2022-04-13 19:54:43.533] Save: model.pt... 
[2022-04-13 19:54:44.176] Save: model.pt...Done. best_val_loss: 6.9528
[2022-04-13 19:54:44.176] Epoch 002/20 ==================================================
[2022-04-13 19:55:45.596] E002 |   200/667 batches | lr 20.0000 | loss  6.731 | ppl    837.78 frag_cnt/word_cnt=1.997=279613/140000
[2022-04-13 19:56:47.725] E002 |   400/667 batches | lr 20.0000 | loss  6.529 | ppl    685.00 frag_cnt/word_cnt=2.024=283418/140000
[2022-04-13 19:57:50.397] E002 |   600/667 batches | lr 20.0000 | loss  6.298 | ppl    543.54 frag_cnt/word_cnt=2.013=281770/140000
[2022-04-13 19:58:11.576] E002 |   667/667 batches | lr 20.0000 | loss  6.160 | ppl    473.36 frag_cnt/word_cnt=2.008=94189/46900
[2022-04-13 19:58:26.142] End E002 | valid loss  6.260; ppl    523.40 | accu 0.1863 = 20907/112220 | w_len 1.9387 = 217561/112220
[2022-04-13 19:58:40.837] End E002 |  test loss  7.347; ppl   1551.67 | accu 0.0826 = 9525/115380 | w_len 1.4314 = 165159/115380 ../data/sample_500k/cbt_valid.txt
[2022-04-13 19:59:45.454] End E002 |  test loss  8.535; ppl   5088.73 | accu 0.0369 = 18706/506840 | w_len 1.9384 = 982436/506840 ../data/sample_500k/adult_test.txt
[2022-04-13 19:59:45.454] Save: model.pt... 
[2022-04-13 19:59:46.052] Save: model.pt...Done. best_val_loss: 6.2603
[2022-04-13 19:59:46.052] Epoch 003/20 ==================================================
[2022-04-13 20:00:49.605] E003 |   200/667 batches | lr 20.0000 | loss  6.115 | ppl    452.65 frag_cnt/word_cnt=1.997=279613/140000
[2022-04-13 20:01:54.498] E003 |   400/667 batches | lr 20.0000 | loss  6.048 | ppl    423.20 frag_cnt/word_cnt=2.024=283418/140000
[2022-04-13 20:02:57.148] E003 |   600/667 batches | lr 20.0000 | loss  5.899 | ppl    364.56 frag_cnt/word_cnt=2.013=281770/140000
[2022-04-13 20:03:18.329] E003 |   667/667 batches | lr 20.0000 | loss  5.811 | ppl    333.89 frag_cnt/word_cnt=2.008=94189/46900
[2022-04-13 20:03:32.965] End E003 | valid loss  6.086; ppl    439.56 | accu 0.2067 = 23191/112220 | w_len 1.9387 = 217561/112220
[2022-04-13 20:03:47.595] End E003 |  test loss  7.513; ppl   1832.20 | accu 0.0802 = 9254/115380 | w_len 1.4314 = 165159/115380 ../data/sample_500k/cbt_valid.txt
[2022-04-13 20:04:53.039] End E003 |  test loss  8.817; ppl   6748.38 | accu 0.0279 = 14134/506840 | w_len 1.9384 = 982436/506840 ../data/sample_500k/adult_test.txt
[2022-04-13 20:04:53.039] Save: model.pt... 
[2022-04-13 20:04:53.634] Save: model.pt...Done. best_val_loss: 6.0858
[2022-04-13 20:04:53.634] Epoch 004/20 ==================================================
[2022-04-13 20:05:56.723] E004 |   200/667 batches | lr 20.0000 | loss  5.788 | ppl    326.27 frag_cnt/word_cnt=1.997=279613/140000
[2022-04-13 20:06:59.634] E004 |   400/667 batches | lr 20.0000 | loss  5.760 | ppl    317.45 frag_cnt/word_cnt=2.024=283418/140000
[2022-04-13 20:08:03.155] E004 |   600/667 batches | lr 20.0000 | loss  5.637 | ppl    280.51 frag_cnt/word_cnt=2.013=281770/140000
[2022-04-13 20:08:24.221] E004 |   667/667 batches | lr 20.0000 | loss  5.566 | ppl    261.34 frag_cnt/word_cnt=2.008=94189/46900
[2022-04-13 20:08:38.745] End E004 | valid loss  6.002; ppl    404.10 | accu 0.2104 = 23612/112220 | w_len 1.9387 = 217561/112220
[2022-04-13 20:08:53.269] End E004 |  test loss  7.510; ppl   1825.52 | accu 0.0846 = 9766/115380 | w_len 1.4314 = 165159/115380 ../data/sample_500k/cbt_valid.txt
[2022-04-13 20:09:58.354] End E004 |  test loss  8.680; ppl   5882.66 | accu 0.0344 = 17433/506840 | w_len 1.9384 = 982436/506840 ../data/sample_500k/adult_test.txt
[2022-04-13 20:09:58.354] Save: model.pt... 
[2022-04-13 20:09:58.954] Save: model.pt...Done. best_val_loss: 6.0017
[2022-04-13 20:09:58.954] Epoch 005/20 ==================================================
[2022-04-13 20:11:02.678] E005 |   200/667 batches | lr 20.0000 | loss  5.551 | ppl    257.58 frag_cnt/word_cnt=1.997=279613/140000
[2022-04-13 20:12:05.487] E005 |   400/667 batches | lr 20.0000 | loss  5.541 | ppl    255.06 frag_cnt/word_cnt=2.024=283418/140000
[2022-04-13 20:13:08.591] E005 |   600/667 batches | lr 20.0000 | loss  5.437 | ppl    229.70 frag_cnt/word_cnt=2.013=281770/140000
[2022-04-13 20:13:29.728] E005 |   667/667 batches | lr 20.0000 | loss  5.361 | ppl    212.90 frag_cnt/word_cnt=2.008=94189/46900
[2022-04-13 20:13:44.168] End E005 | valid loss  5.981; ppl    395.75 | accu 0.2096 = 23523/112220 | w_len 1.9387 = 217561/112220
[2022-04-13 20:13:58.712] End E005 |  test loss  7.642; ppl   2083.87 | accu 0.0881 = 10167/115380 | w_len 1.4314 = 165159/115380 ../data/sample_500k/cbt_valid.txt
[2022-04-13 20:15:03.096] End E005 |  test loss  8.728; ppl   6173.76 | accu 0.0320 = 16232/506840 | w_len 1.9384 = 982436/506840 ../data/sample_500k/adult_test.txt
[2022-04-13 20:15:03.096] Save: model.pt... 
[2022-04-13 20:15:03.696] Save: model.pt...Done. best_val_loss: 5.9808
[2022-04-13 20:15:03.696] Epoch 006/20 ==================================================
[2022-04-13 20:16:05.198] E006 |   200/667 batches | lr 20.0000 | loss  5.358 | ppl    212.27 frag_cnt/word_cnt=1.997=279613/140000
[2022-04-13 20:17:07.830] E006 |   400/667 batches | lr 20.0000 | loss  5.362 | ppl    213.24 frag_cnt/word_cnt=2.024=283418/140000
[2022-04-13 20:18:11.540] E006 |   600/667 batches | lr 20.0000 | loss  5.265 | ppl    193.39 frag_cnt/word_cnt=2.013=281770/140000
[2022-04-13 20:18:33.046] E006 |   667/667 batches | lr 20.0000 | loss  5.209 | ppl    182.84 frag_cnt/word_cnt=2.008=94189/46900
[2022-04-13 20:18:47.734] End E006 | valid loss  5.988; ppl    398.75 | accu 0.2062 = 23139/112220 | w_len 1.9387 = 217561/112220
[2022-04-13 20:19:02.383] End E006 |  test loss  7.165; ppl   1293.01 | accu 0.1020 = 11768/115380 | w_len 1.4314 = 165159/115380 ../data/sample_500k/cbt_valid.txt
[2022-04-13 20:20:07.717] End E006 |  test loss  8.255; ppl   3847.25 | accu 0.0445 = 22570/506840 | w_len 1.9384 = 982436/506840 ../data/sample_500k/adult_test.txt
[2022-04-13 20:20:07.717] Epoch 007/20 ==================================================
[2022-04-13 20:21:11.036] E007 |   200/667 batches | lr 10.0000 | loss  5.104 | ppl    164.72 frag_cnt/word_cnt=1.997=279613/140000
[2022-04-13 20:22:15.271] E007 |   400/667 batches | lr 10.0000 | loss  5.065 | ppl    158.36 frag_cnt/word_cnt=2.024=283418/140000
[2022-04-13 20:23:18.396] E007 |   600/667 batches | lr 10.0000 | loss  4.944 | ppl    140.39 frag_cnt/word_cnt=2.013=281770/140000
[2022-04-13 20:23:40.246] E007 |   667/667 batches | lr 10.0000 | loss  4.869 | ppl    130.22 frag_cnt/word_cnt=2.008=94189/46900
[2022-04-13 20:23:54.552] End E007 | valid loss  5.931; ppl    376.36 | accu 0.2177 = 24430/112220 | w_len 1.9387 = 217561/112220
[2022-04-13 20:24:09.213] End E007 |  test loss  7.420; ppl   1668.74 | accu 0.0934 = 10774/115380 | w_len 1.4314 = 165159/115380 ../data/sample_500k/cbt_valid.txt
[2022-04-13 20:25:13.566] End E007 |  test loss  8.643; ppl   5669.53 | accu 0.0265 = 13435/506840 | w_len 1.9384 = 982436/506840 ../data/sample_500k/adult_test.txt
[2022-04-13 20:25:13.566] Save: model.pt... 
[2022-04-13 20:25:14.156] Save: model.pt...Done. best_val_loss: 5.9305
[2022-04-13 20:25:14.156] Epoch 008/20 ==================================================
[2022-04-13 20:26:16.944] E008 |   200/667 batches | lr 10.0000 | loss  4.958 | ppl    142.28 frag_cnt/word_cnt=1.997=279613/140000
[2022-04-13 20:27:19.743] E008 |   400/667 batches | lr 10.0000 | loss  4.943 | ppl    140.22 frag_cnt/word_cnt=2.024=283418/140000
[2022-04-13 20:28:23.333] E008 |   600/667 batches | lr 10.0000 | loss  4.844 | ppl    126.95 frag_cnt/word_cnt=2.013=281770/140000
[2022-04-13 20:28:44.570] E008 |   667/667 batches | lr 10.0000 | loss  4.778 | ppl    118.87 frag_cnt/word_cnt=2.008=94189/46900
[2022-04-13 20:28:59.089] End E008 | valid loss  5.946; ppl    382.05 | accu 0.2173 = 24390/112220 | w_len 1.9387 = 217561/112220
[2022-04-13 20:29:13.841] End E008 |  test loss  7.380; ppl   1603.47 | accu 0.0943 = 10879/115380 | w_len 1.4314 = 165159/115380 ../data/sample_500k/cbt_valid.txt
[2022-04-13 20:30:18.897] End E008 |  test loss  8.917; ppl   7454.55 | accu 0.0211 = 10688/506840 | w_len 1.9384 = 982436/506840 ../data/sample_500k/adult_test.txt
[2022-04-13 20:30:18.897] Epoch 009/20 ==================================================
[2022-04-13 20:31:21.312] E009 |   200/667 batches | lr 5.0000 | loss  4.829 | ppl    125.05 frag_cnt/word_cnt=1.997=279613/140000
[2022-04-13 20:32:24.464] E009 |   400/667 batches | lr 5.0000 | loss  4.789 | ppl    120.20 frag_cnt/word_cnt=2.024=283418/140000
[2022-04-13 20:33:27.982] E009 |   600/667 batches | lr 5.0000 | loss  4.670 | ppl    106.65 frag_cnt/word_cnt=2.013=281770/140000
[2022-04-13 20:33:48.879] E009 |   667/667 batches | lr 5.0000 | loss  4.592 | ppl     98.70 frag_cnt/word_cnt=2.008=94189/46900
[2022-04-13 20:34:03.321] End E009 | valid loss  5.920; ppl    372.48 | accu 0.2213 = 24831/112220 | w_len 1.9387 = 217561/112220
[2022-04-13 20:34:17.629] End E009 |  test loss  7.368; ppl   1584.98 | accu 0.1020 = 11772/115380 | w_len 1.4314 = 165159/115380 ../data/sample_500k/cbt_valid.txt
[2022-04-13 20:35:22.281] End E009 |  test loss  8.660; ppl   5766.25 | accu 0.0257 = 13051/506840 | w_len 1.9384 = 982436/506840 ../data/sample_500k/adult_test.txt
[2022-04-13 20:35:22.281] Save: model.pt... 
[2022-04-13 20:35:22.915] Save: model.pt...Done. best_val_loss: 5.9202
[2022-04-13 20:35:22.915] Epoch 010/20 ==================================================
[2022-04-13 20:36:23.918] E010 |   200/667 batches | lr 5.0000 | loss  4.747 | ppl    115.27 frag_cnt/word_cnt=1.997=279613/140000
[2022-04-13 20:37:27.586] E010 |   400/667 batches | lr 5.0000 | loss  4.719 | ppl    112.03 frag_cnt/word_cnt=2.024=283418/140000
[2022-04-13 20:38:32.410] E010 |   600/667 batches | lr 5.0000 | loss  4.622 | ppl    101.73 frag_cnt/word_cnt=2.013=281770/140000
[2022-04-13 20:38:54.186] E010 |   667/667 batches | lr 5.0000 | loss  4.551 | ppl     94.75 frag_cnt/word_cnt=2.008=94189/46900
[2022-04-13 20:39:08.476] End E010 | valid loss  5.929; ppl    375.68 | accu 0.2219 = 24901/112220 | w_len 1.9387 = 217561/112220
[2022-04-13 20:39:22.812] End E010 |  test loss  7.382; ppl   1607.21 | accu 0.0983 = 11345/115380 | w_len 1.4314 = 165159/115380 ../data/sample_500k/cbt_valid.txt
[2022-04-13 20:40:28.147] End E010 |  test loss  8.612; ppl   5499.02 | accu 0.0265 = 13452/506840 | w_len 1.9384 = 982436/506840 ../data/sample_500k/adult_test.txt
[2022-04-13 20:40:28.147] Epoch 011/20 ==================================================
[2022-04-13 20:41:30.389] E011 |   200/667 batches | lr 2.5000 | loss  4.681 | ppl    107.88 frag_cnt/word_cnt=1.997=279613/140000
[2022-04-13 20:42:33.396] E011 |   400/667 batches | lr 2.5000 | loss  4.641 | ppl    103.69 frag_cnt/word_cnt=2.024=283418/140000
[2022-04-13 20:43:36.904] E011 |   600/667 batches | lr 2.5000 | loss  4.533 | ppl     92.99 frag_cnt/word_cnt=2.013=281770/140000
[2022-04-13 20:43:58.122] E011 |   667/667 batches | lr 2.5000 | loss  4.451 | ppl     85.71 frag_cnt/word_cnt=2.008=94189/46900
[2022-04-13 20:44:12.670] End E011 | valid loss  5.931; ppl    376.58 | accu 0.2245 = 25192/112220 | w_len 1.9387 = 217561/112220
[2022-04-13 20:44:27.396] End E011 |  test loss  7.372; ppl   1591.57 | accu 0.1003 = 11572/115380 | w_len 1.4314 = 165159/115380 ../data/sample_500k/cbt_valid.txt
[2022-04-13 20:45:32.075] End E011 |  test loss  8.651; ppl   5713.07 | accu 0.0260 = 13195/506840 | w_len 1.9384 = 982436/506840 ../data/sample_500k/adult_test.txt
[2022-04-13 20:45:32.075] Epoch 012/20 ==================================================
[2022-04-13 20:46:33.305] E012 |   200/667 batches | lr 1.2500 | loss  4.638 | ppl    103.35 frag_cnt/word_cnt=1.997=279613/140000
[2022-04-13 20:47:38.119] E012 |   400/667 batches | lr 1.2500 | loss  4.597 | ppl     99.17 frag_cnt/word_cnt=2.024=283418/140000
[2022-04-13 20:48:42.217] E012 |   600/667 batches | lr 1.2500 | loss  4.481 | ppl     88.36 frag_cnt/word_cnt=2.013=281770/140000
[2022-04-13 20:49:03.904] E012 |   667/667 batches | lr 1.2500 | loss  4.398 | ppl     81.29 frag_cnt/word_cnt=2.008=94189/46900
[2022-04-13 20:49:18.382] End E012 | valid loss  5.932; ppl    377.02 | accu 0.2261 = 25376/112220 | w_len 1.9387 = 217561/112220
[2022-04-13 20:49:32.893] End E012 |  test loss  7.393; ppl   1624.50 | accu 0.1004 = 11579/115380 | w_len 1.4314 = 165159/115380 ../data/sample_500k/cbt_valid.txt
[2022-04-13 20:50:38.412] End E012 |  test loss  8.688; ppl   5930.50 | accu 0.0238 = 12044/506840 | w_len 1.9384 = 982436/506840 ../data/sample_500k/adult_test.txt
[2022-04-13 20:50:38.412] Epoch 013/20 ==================================================
[2022-04-13 20:51:39.830] E013 |   200/667 batches | lr 0.6250 | loss  4.614 | ppl    100.87 frag_cnt/word_cnt=1.997=279613/140000
[2022-04-13 20:52:43.498] E013 |   400/667 batches | lr 0.6250 | loss  4.574 | ppl     96.93 frag_cnt/word_cnt=2.024=283418/140000
[2022-04-13 20:53:45.889] E013 |   600/667 batches | lr 0.6250 | loss  4.458 | ppl     86.33 frag_cnt/word_cnt=2.013=281770/140000
[2022-04-13 20:54:07.523] E013 |   667/667 batches | lr 0.6250 | loss  4.378 | ppl     79.65 frag_cnt/word_cnt=2.008=94189/46900
[2022-04-13 20:54:22.147] End E013 | valid loss  5.932; ppl    377.02 | accu 0.2270 = 25477/112220 | w_len 1.9387 = 217561/112220
[2022-04-13 20:54:36.984] End E013 |  test loss  7.390; ppl   1619.02 | accu 0.1015 = 11710/115380 | w_len 1.4314 = 165159/115380 ../data/sample_500k/cbt_valid.txt
[2022-04-13 20:55:41.120] End E013 |  test loss  8.705; ppl   6034.54 | accu 0.0240 = 12171/506840 | w_len 1.9384 = 982436/506840 ../data/sample_500k/adult_test.txt
[2022-04-13 20:55:41.120] Epoch 014/20 ==================================================
[2022-04-13 20:56:43.976] E014 |   200/667 batches | lr 0.3125 | loss  4.596 | ppl     99.09 frag_cnt/word_cnt=1.997=279613/140000
[2022-04-13 20:57:47.530] E014 |   400/667 batches | lr 0.3125 | loss  4.563 | ppl     95.91 frag_cnt/word_cnt=2.024=283418/140000
[2022-04-13 20:58:50.789] E014 |   600/667 batches | lr 0.3125 | loss  4.444 | ppl     85.12 frag_cnt/word_cnt=2.013=281770/140000
[2022-04-13 20:59:12.115] E014 |   667/667 batches | lr 0.3125 | loss  4.361 | ppl     78.37 frag_cnt/word_cnt=2.008=94189/46900
[2022-04-13 20:59:26.808] End E014 | valid loss  5.932; ppl    377.04 | accu 0.2274 = 25524/112220 | w_len 1.9387 = 217561/112220
[2022-04-13 20:59:41.303] End E014 |  test loss  7.391; ppl   1622.10 | accu 0.1008 = 11635/115380 | w_len 1.4314 = 165159/115380 ../data/sample_500k/cbt_valid.txt
[2022-04-13 21:00:46.699] End E014 |  test loss  8.721; ppl   6133.22 | accu 0.0234 = 11838/506840 | w_len 1.9384 = 982436/506840 ../data/sample_500k/adult_test.txt
[2022-04-13 21:00:46.700] Epoch 015/20 ==================================================
[2022-04-13 21:01:47.884] E015 |   200/667 batches | lr 0.1562 | loss  4.591 | ppl     98.62 frag_cnt/word_cnt=1.997=279613/140000
[2022-04-13 21:02:50.749] E015 |   400/667 batches | lr 0.1562 | loss  4.553 | ppl     94.94 frag_cnt/word_cnt=2.024=283418/140000
[2022-04-13 21:03:54.063] E015 |   600/667 batches | lr 0.1562 | loss  4.436 | ppl     84.43 frag_cnt/word_cnt=2.013=281770/140000
[2022-04-13 21:04:14.837] E015 |   667/667 batches | lr 0.1562 | loss  4.351 | ppl     77.53 frag_cnt/word_cnt=2.008=94189/46900
[2022-04-13 21:04:29.189] End E015 | valid loss  5.933; ppl    377.31 | accu 0.2277 = 25554/112220 | w_len 1.9387 = 217561/112220
[2022-04-13 21:04:43.705] End E015 |  test loss  7.379; ppl   1601.98 | accu 0.0999 = 11521/115380 | w_len 1.4314 = 165159/115380 ../data/sample_500k/cbt_valid.txt
[2022-04-13 21:05:47.889] End E015 |  test loss  8.729; ppl   6177.60 | accu 0.0229 = 11623/506840 | w_len 1.9384 = 982436/506840 ../data/sample_500k/adult_test.txt
[2022-04-13 21:05:47.890] Epoch 016/20 ==================================================
[2022-04-13 21:06:48.027] E016 |   200/667 batches | lr 0.0781 | loss  4.589 | ppl     98.37 frag_cnt/word_cnt=1.997=279613/140000
[2022-04-13 21:07:50.227] E016 |   400/667 batches | lr 0.0781 | loss  4.550 | ppl     94.68 frag_cnt/word_cnt=2.024=283418/140000
[2022-04-13 21:08:53.432] E016 |   600/667 batches | lr 0.0781 | loss  4.433 | ppl     84.18 frag_cnt/word_cnt=2.013=281770/140000
[2022-04-13 21:09:14.214] E016 |   667/667 batches | lr 0.0781 | loss  4.353 | ppl     77.72 frag_cnt/word_cnt=2.008=94189/46900
[2022-04-13 21:09:28.476] End E016 | valid loss  5.933; ppl    377.40 | accu 0.2278 = 25559/112220 | w_len 1.9387 = 217561/112220
[2022-04-13 21:09:42.930] End E016 |  test loss  7.379; ppl   1602.49 | accu 0.1000 = 11541/115380 | w_len 1.4314 = 165159/115380 ../data/sample_500k/cbt_valid.txt
[2022-04-13 21:10:47.713] End E016 |  test loss  8.727; ppl   6169.39 | accu 0.0230 = 11667/506840 | w_len 1.9384 = 982436/506840 ../data/sample_500k/adult_test.txt
[2022-04-13 21:10:47.713] Epoch 017/20 ==================================================
[2022-04-13 21:11:49.902] E017 |   200/667 batches | lr 0.0391 | loss  4.586 | ppl     98.09 frag_cnt/word_cnt=1.997=279613/140000
[2022-04-13 21:12:52.995] E017 |   400/667 batches | lr 0.0391 | loss  4.551 | ppl     94.69 frag_cnt/word_cnt=2.024=283418/140000
[2022-04-13 21:13:56.264] E017 |   600/667 batches | lr 0.0391 | loss  4.432 | ppl     84.06 frag_cnt/word_cnt=2.013=281770/140000
[2022-04-13 21:14:18.035] E017 |   667/667 batches | lr 0.0391 | loss  4.348 | ppl     77.29 frag_cnt/word_cnt=2.008=94189/46900
[2022-04-13 21:14:32.410] End E017 | valid loss  5.934; ppl    377.79 | accu 0.2277 = 25548/112220 | w_len 1.9387 = 217561/112220
[2022-04-13 21:14:47.112] End E017 |  test loss  7.381; ppl   1605.40 | accu 0.0999 = 11528/115380 | w_len 1.4314 = 165159/115380 ../data/sample_500k/cbt_valid.txt
[2022-04-13 21:15:51.716] End E017 |  test loss  8.728; ppl   6173.89 | accu 0.0229 = 11623/506840 | w_len 1.9384 = 982436/506840 ../data/sample_500k/adult_test.txt
[2022-04-13 21:15:51.716] Epoch 018/20 ==================================================
[2022-04-13 21:16:52.315] E018 |   200/667 batches | lr 0.0195 | loss  4.585 | ppl     97.97 frag_cnt/word_cnt=1.997=279613/140000
[2022-04-13 21:17:54.370] E018 |   400/667 batches | lr 0.0195 | loss  4.549 | ppl     94.56 frag_cnt/word_cnt=2.024=283418/140000
[2022-04-13 21:18:57.169] E018 |   600/667 batches | lr 0.0195 | loss  4.430 | ppl     83.89 frag_cnt/word_cnt=2.013=281770/140000
[2022-04-13 21:19:18.294] E018 |   667/667 batches | lr 0.0195 | loss  4.343 | ppl     76.96 frag_cnt/word_cnt=2.008=94189/46900
[2022-04-13 21:19:32.544] End E018 | valid loss  5.935; ppl    378.19 | accu 0.2277 = 25556/112220 | w_len 1.9387 = 217561/112220
[2022-04-13 21:19:47.005] End E018 |  test loss  7.385; ppl   1611.21 | accu 0.0998 = 11519/115380 | w_len 1.4314 = 165159/115380 ../data/sample_500k/cbt_valid.txt
[2022-04-13 21:20:50.977] End E018 |  test loss  8.733; ppl   6206.79 | accu 0.0228 = 11557/506840 | w_len 1.9384 = 982436/506840 ../data/sample_500k/adult_test.txt
[2022-04-13 21:20:50.978] Epoch 019/20 ==================================================
[2022-04-13 21:21:51.632] E019 |   200/667 batches | lr 0.0098 | loss  4.586 | ppl     98.08 frag_cnt/word_cnt=1.997=279613/140000
[2022-04-13 21:22:54.490] E019 |   400/667 batches | lr 0.0098 | loss  4.548 | ppl     94.43 frag_cnt/word_cnt=2.024=283418/140000
[2022-04-13 21:23:59.183] E019 |   600/667 batches | lr 0.0098 | loss  4.430 | ppl     83.94 frag_cnt/word_cnt=2.013=281770/140000
[2022-04-13 21:24:19.808] E019 |   667/667 batches | lr 0.0098 | loss  4.348 | ppl     77.32 frag_cnt/word_cnt=2.008=94189/46900
[2022-04-13 21:24:34.427] End E019 | valid loss  5.936; ppl    378.25 | accu 0.2278 = 25563/112220 | w_len 1.9387 = 217561/112220
[2022-04-13 21:24:49.179] End E019 |  test loss  7.384; ppl   1610.52 | accu 0.0998 = 11514/115380 | w_len 1.4314 = 165159/115380 ../data/sample_500k/cbt_valid.txt
[2022-04-13 21:25:53.731] End E019 |  test loss  8.732; ppl   6200.62 | accu 0.0228 = 11557/506840 | w_len 1.9384 = 982436/506840 ../data/sample_500k/adult_test.txt
[2022-04-13 21:25:53.731] Epoch 020/20 ==================================================
[2022-04-13 21:26:54.873] E020 |   200/667 batches | lr 0.0049 | loss  4.584 | ppl     97.88 frag_cnt/word_cnt=1.997=279613/140000
[2022-04-13 21:27:58.042] E020 |   400/667 batches | lr 0.0049 | loss  4.548 | ppl     94.48 frag_cnt/word_cnt=2.024=283418/140000
[2022-04-13 21:29:00.344] E020 |   600/667 batches | lr 0.0049 | loss  4.431 | ppl     83.99 frag_cnt/word_cnt=2.013=281770/140000
[2022-04-13 21:29:21.083] E020 |   667/667 batches | lr 0.0049 | loss  4.352 | ppl     77.63 frag_cnt/word_cnt=2.008=94189/46900
[2022-04-13 21:29:35.855] End E020 | valid loss  5.936; ppl    378.26 | accu 0.2278 = 25566/112220 | w_len 1.9387 = 217561/112220
[2022-04-13 21:29:50.192] End E020 |  test loss  7.384; ppl   1610.78 | accu 0.0998 = 11510/115380 | w_len 1.4314 = 165159/115380 ../data/sample_500k/cbt_valid.txt
[2022-04-13 21:30:54.380] End E020 |  test loss  8.732; ppl   6198.49 | accu 0.0228 = 11559/506840 | w_len 1.9384 = 982436/506840 ../data/sample_500k/adult_test.txt
[2022-04-13 21:31:10.681] End. test loss  7.37; ppl  1584.98 | accu 0.1020 = 11772/115380 | w_len 1.4314 = 165159/115380 ../data/sample_500k/cbt_valid.txt
[2022-04-13 21:32:15.430] End. test loss  8.66; ppl  5766.25 | accu 0.0257 = 13051/506840 | w_len 1.9384 = 982436/506840 ../data/sample_500k/adult_test.txt
[2022-04-13 21:32:15.430] =========================================================================================
[2022-04-13 21:32:15.430] valid_loss
[2022-04-13 21:32:15.430]  6.95, 6.26, 6.09, 6.00, 5.98, 5.99, 5.93, 5.95, 5.92, 5.93, 5.93, 5.93, 5.93, 5.93, 5.93, 5.93, 5.93, 5.94, 5.94, 5.94
[2022-04-13 21:32:15.430] valid_loss ppl
[2022-04-13 21:32:15.430]  1046.10,  523.40,  439.56,  404.10,  395.75,  398.75,  376.36,  382.05,  372.48,  375.68,  376.58,  377.02,  377.02,  377.04,  377.31,  377.40,  377.79,  378.19,  378.25,  378.26
[2022-04-13 21:32:15.430] test_loss of ../data/sample_500k/cbt_valid.txt
[2022-04-13 21:32:15.430]  7.34, 7.35, 7.51, 7.51, 7.64, 7.16, 7.42, 7.38, 7.37, 7.38, 7.37, 7.39, 7.39, 7.39, 7.38, 7.38, 7.38, 7.38, 7.38, 7.38
[2022-04-13 21:32:15.430] test_loss of ../data/sample_500k/cbt_valid.txt ppl
[2022-04-13 21:32:15.430]  1547.18, 1551.67, 1832.20, 1825.52, 2083.87, 1293.01, 1668.74, 1603.47, 1584.98, 1607.21, 1591.57, 1624.50, 1619.02, 1622.10, 1601.98, 1602.49, 1605.40, 1611.21, 1610.52, 1610.78
[2022-04-13 21:32:15.430] test_loss of ../data/sample_500k/adult_test.txt
[2022-04-13 21:32:15.431]  8.33, 8.53, 8.82, 8.68, 8.73, 8.26, 8.64, 8.92, 8.66, 8.61, 8.65, 8.69, 8.71, 8.72, 8.73, 8.73, 8.73, 8.73, 8.73, 8.73
[2022-04-13 21:32:15.431] test_loss of ../data/sample_500k/adult_test.txt ppl
[2022-04-13 21:32:15.431]  4126.02, 5088.73, 6748.38, 5882.66, 6173.76, 3847.25, 5669.53, 7454.55, 5766.25, 5499.02, 5713.07, 5930.50, 6034.54, 6133.22, 6177.60, 6169.39, 6173.89, 6206.79, 6200.62, 6198.49
[2022-04-13 21:32:15.431] 
[2022-04-13 21:32:15.431] 
[2022-04-13 21:32:15.431] 
