[2022-04-13 16:58:13.685] corpus.train_file_list: 1
[2022-04-13 16:58:13.685]         ../data/sample_500k/adolescent_train.txt
[2022-04-13 16:58:13.685] corpus.valid_file_list: 1
[2022-04-13 16:58:13.685]         ../data/sample_500k/adolescent_valid.txt
[2022-04-13 16:58:13.685] corpus.test_file_list: 2
[2022-04-13 16:58:13.685]         ../data/sample_500k/cbt_valid.txt
[2022-04-13 16:58:13.685]         ../data/sample_500k/adult_test.txt
[2022-04-13 16:58:13.685] corpus.subword_vocab_size: 0
[2022-04-13 16:58:13.685] corpus.subword_model = None. Corpus will not use subword.
[2022-04-13 16:58:13.685] corpus tokenize...
[2022-04-13 16:58:14.736]         train tokens: 467267  ../data/sample_500k/adolescent_train.txt
[2022-04-13 16:58:14.980]         valid tokens: 112256  ../data/sample_500k/adolescent_valid.txt
[2022-04-13 16:58:15.139]         test  tokens: 115417  ../data/sample_500k/cbt_valid.txt
[2022-04-13 16:58:15.787]         test  tokens: 506878  ../data/sample_500k/adult_test.txt
[2022-04-13 16:58:15.787] corpus.ntokens      : 95521
[2022-04-13 16:58:15.787] corpus.char_count   : 166
[2022-04-13 16:58:15.787] corpus.char_cnt_dict: 166
[2022-04-13 16:58:15.787] corpus.char_id_dict : 166
[2022-04-13 16:58:15.796] corpus.batchify(1 files, batch_size=20)...
[2022-04-13 16:58:15.797]         tokens_all: 467267
[2022-04-13 16:58:15.797]         batched   :  23363
[2022-04-13 16:58:15.797]         ../data/sample_500k/adolescent_train.txt
[2022-04-13 16:58:15.800] corpus.batchify(1 files, batch_size=20)...
[2022-04-13 16:58:15.800]         tokens_all: 112256
[2022-04-13 16:58:15.801]         batched   :   5612
[2022-04-13 16:58:15.801]         ../data/sample_500k/adolescent_valid.txt
[2022-04-13 16:58:15.802] corpus.batchify(1 files, batch_size=20)...
[2022-04-13 16:58:15.802]         tokens_all: 115417
[2022-04-13 16:58:15.802]         batched   :   5770
[2022-04-13 16:58:15.802]         ../data/sample_500k/cbt_valid.txt
[2022-04-13 16:58:15.808] corpus.batchify(1 files, batch_size=20)...
[2022-04-13 16:58:15.808]         tokens_all: 506878
[2022-04-13 16:58:15.808]         batched   :  25343
[2022-04-13 16:58:15.809]         ../data/sample_500k/adult_test.txt
[2022-04-13 16:58:15.809] subword_adapter will be generated due to word_split_mode='Subword.1000'
[2022-04-13 16:58:15.810] SubwordAdapter.file_list: 2
[2022-04-13 16:58:15.810]         ../data/sample_500k/adolescent_train.txt
[2022-04-13 16:58:15.810]         ../data/sample_500k/adolescent_valid.txt
[2022-04-13 16:58:15.810] SubwordAdapter.subword_vocab_size: 1000
[2022-04-13 16:58:15.810] SubwordAdapter.subword_model.train(2 files)...
[2022-04-13 16:58:16.364] SubwordAdapter.subword_model.train(2 files)...Done
[2022-04-13 16:58:17.015] RNNModel.rnn_type: LSTM
[2022-04-13 16:58:17.015] RNNModel.ntoken  : 95521
[2022-04-13 16:58:17.015] RNNModel.ninp    : 200
[2022-04-13 16:58:17.015] RNNModel.nhid    : 200
[2022-04-13 16:58:17.015] RNNModel.nlayers : 2
[2022-04-13 16:58:17.015] RNNModel.dropout : 0.2
[2022-04-13 16:58:17.015] RNNModel.tie_weights: False
[2022-04-13 16:58:17.015] RNNModel.fragment_aggregate_mode: CNN
[2022-04-13 16:58:17.016] RNNModel.fragment_cnt           : 1002
[2022-04-13 16:58:17.016] RNNModel.fragment_emsize        : 25
[2022-04-13 16:58:17.016] RNNModel.fragment_nhid          : 200
[2022-04-13 16:58:17.017] RNNModel.fragment_embeds     : created
[2022-04-13 16:58:17.017] RNNModel.fragment_cnn3       : created
[2022-04-13 16:58:17.058] Epoch 001/20 ==================================================
[2022-04-13 16:58:34.755] E001 |   200/667 batches | lr 20.0000 | loss  8.550 | ppl   5168.85 frag_cnt/word_cnt=2.337=327243/140000
[2022-04-13 16:58:52.599] E001 |   400/667 batches | lr 20.0000 | loss  7.643 | ppl   2085.53 frag_cnt/word_cnt=2.372=332053/140000
[2022-04-13 16:59:10.401] E001 |   600/667 batches | lr 20.0000 | loss  7.043 | ppl   1145.24 frag_cnt/word_cnt=2.361=330480/140000
[2022-04-13 16:59:16.362] E001 |   667/667 batches | lr 20.0000 | loss  6.715 | ppl    824.98 frag_cnt/word_cnt=2.351=110285/46900
[2022-04-13 16:59:22.351] End E001 | valid loss  6.664; ppl    783.39 | accu 0.1679 = 18844/112220 | w_len 2.2450 = 251937/112220
[2022-04-13 16:59:28.241] End E001 |  test loss  7.751; ppl   2323.45 | accu 0.0691 = 7975/115380 | w_len 1.6106 = 185828/115380 ../data/sample_500k/cbt_valid.txt
[2022-04-13 16:59:54.728] End E001 |  test loss  8.693; ppl   5960.04 | accu 0.0333 = 16856/506840 | w_len 2.1848 = 1107354/506840 ../data/sample_500k/adult_test.txt
[2022-04-13 16:59:54.728] Save: model.pt... 
[2022-04-13 16:59:55.343] Save: model.pt...Done. best_val_loss: 6.6636
[2022-04-13 16:59:55.343] Epoch 002/20 ==================================================
[2022-04-13 17:00:13.215] E002 |   200/667 batches | lr 20.0000 | loss  6.556 | ppl    703.43 frag_cnt/word_cnt=2.337=327243/140000
[2022-04-13 17:00:31.075] E002 |   400/667 batches | lr 20.0000 | loss  6.404 | ppl    604.36 frag_cnt/word_cnt=2.372=332053/140000
[2022-04-13 17:00:49.087] E002 |   600/667 batches | lr 20.0000 | loss  6.193 | ppl    489.29 frag_cnt/word_cnt=2.361=330480/140000
[2022-04-13 17:00:55.086] E002 |   667/667 batches | lr 20.0000 | loss  6.062 | ppl    429.27 frag_cnt/word_cnt=2.351=110285/46900
[2022-04-13 17:01:01.062] End E002 | valid loss  6.240; ppl    512.67 | accu 0.1860 = 20877/112220 | w_len 2.2450 = 251937/112220
[2022-04-13 17:01:06.888] End E002 |  test loss  8.447; ppl   4662.75 | accu 0.0590 = 6804/115380 | w_len 1.6106 = 185828/115380 ../data/sample_500k/cbt_valid.txt
[2022-04-13 17:01:33.197] End E002 |  test loss 10.173; ppl  26177.03 | accu 0.0115 = 5811/506840 | w_len 2.1848 = 1107354/506840 ../data/sample_500k/adult_test.txt
[2022-04-13 17:01:33.197] Save: model.pt... 
[2022-04-13 17:01:33.787] Save: model.pt...Done. best_val_loss: 6.2396
[2022-04-13 17:01:33.787] Epoch 003/20 ==================================================
[2022-04-13 17:01:51.635] E003 |   200/667 batches | lr 20.0000 | loss  6.047 | ppl    422.73 frag_cnt/word_cnt=2.337=327243/140000
[2022-04-13 17:02:09.599] E003 |   400/667 batches | lr 20.0000 | loss  6.004 | ppl    405.16 frag_cnt/word_cnt=2.372=332053/140000
[2022-04-13 17:02:27.242] E003 |   600/667 batches | lr 20.0000 | loss  5.862 | ppl    351.44 frag_cnt/word_cnt=2.361=330480/140000
[2022-04-13 17:02:33.283] E003 |   667/667 batches | lr 20.0000 | loss  5.779 | ppl    323.49 frag_cnt/word_cnt=2.351=110285/46900
[2022-04-13 17:02:39.247] End E003 | valid loss  6.337; ppl    564.98 | accu 0.1729 = 19401/112220 | w_len 2.2450 = 251937/112220
[2022-04-13 17:02:45.107] End E003 |  test loss  7.577; ppl   1952.12 | accu 0.0746 = 8603/115380 | w_len 1.6106 = 185828/115380 ../data/sample_500k/cbt_valid.txt
[2022-04-13 17:03:11.472] End E003 |  test loss  9.210; ppl  10001.23 | accu 0.0114 = 5790/506840 | w_len 2.1848 = 1107354/506840 ../data/sample_500k/adult_test.txt
[2022-04-13 17:03:11.472] Epoch 004/20 ==================================================
[2022-04-13 17:03:29.168] E004 |   200/667 batches | lr 10.0000 | loss  5.659 | ppl    286.87 frag_cnt/word_cnt=2.337=327243/140000
[2022-04-13 17:03:46.998] E004 |   400/667 batches | lr 10.0000 | loss  5.615 | ppl    274.60 frag_cnt/word_cnt=2.372=332053/140000
[2022-04-13 17:04:04.982] E004 |   600/667 batches | lr 10.0000 | loss  5.480 | ppl    239.90 frag_cnt/word_cnt=2.361=330480/140000
[2022-04-13 17:04:10.963] E004 |   667/667 batches | lr 10.0000 | loss  5.399 | ppl    221.14 frag_cnt/word_cnt=2.351=110285/46900
[2022-04-13 17:04:16.923] End E004 | valid loss  5.939; ppl    379.67 | accu 0.2139 = 24006/112220 | w_len 2.2450 = 251937/112220
[2022-04-13 17:04:22.805] End E004 |  test loss  8.336; ppl   4171.16 | accu 0.0695 = 8022/115380 | w_len 1.6106 = 185828/115380 ../data/sample_500k/cbt_valid.txt
[2022-04-13 17:04:49.178] End E004 |  test loss 10.343; ppl  31024.16 | accu 0.0061 = 3095/506840 | w_len 2.1848 = 1107354/506840 ../data/sample_500k/adult_test.txt
[2022-04-13 17:04:49.178] Save: model.pt... 
[2022-04-13 17:04:49.787] Save: model.pt...Done. best_val_loss: 5.9393
[2022-04-13 17:04:49.787] Epoch 005/20 ==================================================
[2022-04-13 17:05:07.779] E005 |   200/667 batches | lr 10.0000 | loss  5.470 | ppl    237.37 frag_cnt/word_cnt=2.337=327243/140000
[2022-04-13 17:05:25.730] E005 |   400/667 batches | lr 10.0000 | loss  5.456 | ppl    234.06 frag_cnt/word_cnt=2.372=332053/140000
[2022-04-13 17:05:43.703] E005 |   600/667 batches | lr 10.0000 | loss  5.343 | ppl    209.19 frag_cnt/word_cnt=2.361=330480/140000
[2022-04-13 17:05:49.731] E005 |   667/667 batches | lr 10.0000 | loss  5.269 | ppl    194.22 frag_cnt/word_cnt=2.351=110285/46900
[2022-04-13 17:05:55.638] End E005 | valid loss  5.920; ppl    372.50 | accu 0.2164 = 24286/112220 | w_len 2.2450 = 251937/112220
[2022-04-13 17:06:01.494] End E005 |  test loss  8.450; ppl   4674.96 | accu 0.0718 = 8283/115380 | w_len 1.6106 = 185828/115380 ../data/sample_500k/cbt_valid.txt
[2022-04-13 17:06:27.840] End E005 |  test loss 10.270; ppl  28844.76 | accu 0.0083 = 4216/506840 | w_len 2.1848 = 1107354/506840 ../data/sample_500k/adult_test.txt
[2022-04-13 17:06:27.840] Save: model.pt... 
[2022-04-13 17:06:28.438] Save: model.pt...Done. best_val_loss: 5.9202
[2022-04-13 17:06:28.438] Epoch 006/20 ==================================================
[2022-04-13 17:06:46.339] E006 |   200/667 batches | lr 10.0000 | loss  5.332 | ppl    206.95 frag_cnt/word_cnt=2.337=327243/140000
[2022-04-13 17:07:04.391] E006 |   400/667 batches | lr 10.0000 | loss  5.330 | ppl    206.41 frag_cnt/word_cnt=2.372=332053/140000
[2022-04-13 17:07:22.402] E006 |   600/667 batches | lr 10.0000 | loss  5.230 | ppl    186.83 frag_cnt/word_cnt=2.361=330480/140000
[2022-04-13 17:07:28.410] E006 |   667/667 batches | lr 10.0000 | loss  5.160 | ppl    174.18 frag_cnt/word_cnt=2.351=110285/46900
[2022-04-13 17:07:34.315] End E006 | valid loss  5.891; ppl    361.65 | accu 0.2184 = 24514/112220 | w_len 2.2450 = 251937/112220
[2022-04-13 17:07:40.145] End E006 |  test loss  8.003; ppl   2989.70 | accu 0.0741 = 8550/115380 | w_len 1.6106 = 185828/115380 ../data/sample_500k/cbt_valid.txt
[2022-04-13 17:08:06.646] End E006 |  test loss  9.604; ppl  14821.27 | accu 0.0130 = 6593/506840 | w_len 2.1848 = 1107354/506840 ../data/sample_500k/adult_test.txt
[2022-04-13 17:08:06.647] Save: model.pt... 
[2022-04-13 17:08:07.250] Save: model.pt...Done. best_val_loss: 5.8907
[2022-04-13 17:08:07.250] Epoch 007/20 ==================================================
[2022-04-13 17:08:24.907] E007 |   200/667 batches | lr 10.0000 | loss  5.219 | ppl    184.72 frag_cnt/word_cnt=2.337=327243/140000
[2022-04-13 17:08:42.926] E007 |   400/667 batches | lr 10.0000 | loss  5.219 | ppl    184.78 frag_cnt/word_cnt=2.372=332053/140000
[2022-04-13 17:09:00.768] E007 |   600/667 batches | lr 10.0000 | loss  5.128 | ppl    168.71 frag_cnt/word_cnt=2.361=330480/140000
[2022-04-13 17:09:06.654] E007 |   667/667 batches | lr 10.0000 | loss  5.059 | ppl    157.45 frag_cnt/word_cnt=2.351=110285/46900
[2022-04-13 17:09:12.571] End E007 | valid loss  5.895; ppl    363.26 | accu 0.2194 = 24624/112220 | w_len 2.2450 = 251937/112220
[2022-04-13 17:09:18.404] End E007 |  test loss  8.114; ppl   3340.35 | accu 0.0755 = 8713/115380 | w_len 1.6106 = 185828/115380 ../data/sample_500k/cbt_valid.txt
[2022-04-13 17:09:44.762] End E007 |  test loss  9.780; ppl  17672.43 | accu 0.0111 = 5619/506840 | w_len 2.1848 = 1107354/506840 ../data/sample_500k/adult_test.txt
[2022-04-13 17:09:44.762] Epoch 008/20 ==================================================
[2022-04-13 17:10:02.590] E008 |   200/667 batches | lr 5.0000 | loss  5.077 | ppl    160.29 frag_cnt/word_cnt=2.337=327243/140000
[2022-04-13 17:10:20.653] E008 |   400/667 batches | lr 5.0000 | loss  5.052 | ppl    156.34 frag_cnt/word_cnt=2.372=332053/140000
[2022-04-13 17:10:38.658] E008 |   600/667 batches | lr 5.0000 | loss  4.940 | ppl    139.79 frag_cnt/word_cnt=2.361=330480/140000
[2022-04-13 17:10:44.741] E008 |   667/667 batches | lr 5.0000 | loss  4.863 | ppl    129.41 frag_cnt/word_cnt=2.351=110285/46900
[2022-04-13 17:10:50.640] End E008 | valid loss  5.866; ppl    353.00 | accu 0.2238 = 25117/112220 | w_len 2.2450 = 251937/112220
[2022-04-13 17:10:56.439] End E008 |  test loss  8.043; ppl   3110.84 | accu 0.0780 = 9003/115380 | w_len 1.6106 = 185828/115380 ../data/sample_500k/cbt_valid.txt
[2022-04-13 17:11:22.672] End E008 |  test loss  9.394; ppl  12021.07 | accu 0.0136 = 6917/506840 | w_len 2.1848 = 1107354/506840 ../data/sample_500k/adult_test.txt
[2022-04-13 17:11:22.672] Save: model.pt... 
[2022-04-13 17:11:23.294] Save: model.pt...Done. best_val_loss: 5.8665
[2022-04-13 17:11:23.294] Epoch 009/20 ==================================================
[2022-04-13 17:11:41.192] E009 |   200/667 batches | lr 5.0000 | loss  4.988 | ppl    146.64 frag_cnt/word_cnt=2.337=327243/140000
[2022-04-13 17:11:59.170] E009 |   400/667 batches | lr 5.0000 | loss  4.979 | ppl    145.28 frag_cnt/word_cnt=2.372=332053/140000
[2022-04-13 17:12:17.128] E009 |   600/667 batches | lr 5.0000 | loss  4.881 | ppl    131.81 frag_cnt/word_cnt=2.361=330480/140000
[2022-04-13 17:12:23.064] E009 |   667/667 batches | lr 5.0000 | loss  4.812 | ppl    122.99 frag_cnt/word_cnt=2.351=110285/46900
[2022-04-13 17:12:28.975] End E009 | valid loss  5.863; ppl    351.72 | accu 0.2241 = 25152/112220 | w_len 2.2450 = 251937/112220
[2022-04-13 17:12:34.791] End E009 |  test loss  8.012; ppl   3017.60 | accu 0.0796 = 9188/115380 | w_len 1.6106 = 185828/115380 ../data/sample_500k/cbt_valid.txt
[2022-04-13 17:13:01.259] End E009 |  test loss  9.340; ppl  11383.32 | accu 0.0175 = 8855/506840 | w_len 2.1848 = 1107354/506840 ../data/sample_500k/adult_test.txt
[2022-04-13 17:13:01.259] Save: model.pt... 
[2022-04-13 17:13:01.889] Save: model.pt...Done. best_val_loss: 5.8628
[2022-04-13 17:13:01.889] Epoch 010/20 ==================================================
[2022-04-13 17:13:19.694] E010 |   200/667 batches | lr 5.0000 | loss  4.925 | ppl    137.74 frag_cnt/word_cnt=2.337=327243/140000
[2022-04-13 17:13:37.638] E010 |   400/667 batches | lr 5.0000 | loss  4.920 | ppl    136.97 frag_cnt/word_cnt=2.372=332053/140000
[2022-04-13 17:13:55.358] E010 |   600/667 batches | lr 5.0000 | loss  4.830 | ppl    125.26 frag_cnt/word_cnt=2.361=330480/140000
[2022-04-13 17:14:01.394] E010 |   667/667 batches | lr 5.0000 | loss  4.765 | ppl    117.39 frag_cnt/word_cnt=2.351=110285/46900
[2022-04-13 17:14:07.289] End E010 | valid loss  5.874; ppl    355.67 | accu 0.2247 = 25219/112220 | w_len 2.2450 = 251937/112220
[2022-04-13 17:14:13.096] End E010 |  test loss  8.089; ppl   3259.54 | accu 0.0780 = 8999/115380 | w_len 1.6106 = 185828/115380 ../data/sample_500k/cbt_valid.txt
[2022-04-13 17:14:39.414] End E010 |  test loss  9.379; ppl  11836.83 | accu 0.0165 = 8351/506840 | w_len 2.1848 = 1107354/506840 ../data/sample_500k/adult_test.txt
[2022-04-13 17:14:39.414] Epoch 011/20 ==================================================
[2022-04-13 17:14:57.345] E011 |   200/667 batches | lr 2.5000 | loss  4.856 | ppl    128.52 frag_cnt/word_cnt=2.337=327243/140000
[2022-04-13 17:15:15.206] E011 |   400/667 batches | lr 2.5000 | loss  4.836 | ppl    125.91 frag_cnt/word_cnt=2.372=332053/140000
[2022-04-13 17:15:33.220] E011 |   600/667 batches | lr 2.5000 | loss  4.732 | ppl    113.56 frag_cnt/word_cnt=2.361=330480/140000
[2022-04-13 17:15:39.214] E011 |   667/667 batches | lr 2.5000 | loss  4.657 | ppl    105.29 frag_cnt/word_cnt=2.351=110285/46900
[2022-04-13 17:15:45.131] End E011 | valid loss  5.857; ppl    349.80 | accu 0.2277 = 25548/112220 | w_len 2.2450 = 251937/112220
[2022-04-13 17:15:50.928] End E011 |  test loss  8.077; ppl   3218.50 | accu 0.0828 = 9554/115380 | w_len 1.6106 = 185828/115380 ../data/sample_500k/cbt_valid.txt
[2022-04-13 17:16:17.199] End E011 |  test loss  9.275; ppl  10664.46 | accu 0.0200 = 10142/506840 | w_len 2.1848 = 1107354/506840 ../data/sample_500k/adult_test.txt
[2022-04-13 17:16:17.200] Save: model.pt... 
[2022-04-13 17:16:17.814] Save: model.pt...Done. best_val_loss: 5.8574
[2022-04-13 17:16:17.814] Epoch 012/20 ==================================================
[2022-04-13 17:16:35.731] E012 |   200/667 batches | lr 2.5000 | loss  4.809 | ppl    122.64 frag_cnt/word_cnt=2.337=327243/140000
[2022-04-13 17:16:53.697] E012 |   400/667 batches | lr 2.5000 | loss  4.798 | ppl    121.24 frag_cnt/word_cnt=2.372=332053/140000
[2022-04-13 17:17:11.779] E012 |   600/667 batches | lr 2.5000 | loss  4.705 | ppl    110.53 frag_cnt/word_cnt=2.361=330480/140000
[2022-04-13 17:17:17.824] E012 |   667/667 batches | lr 2.5000 | loss  4.634 | ppl    102.95 frag_cnt/word_cnt=2.351=110285/46900
[2022-04-13 17:17:23.792] End E012 | valid loss  5.862; ppl    351.26 | accu 0.2271 = 25487/112220 | w_len 2.2450 = 251937/112220
[2022-04-13 17:17:29.623] End E012 |  test loss  8.035; ppl   3086.32 | accu 0.0830 = 9576/115380 | w_len 1.6106 = 185828/115380 ../data/sample_500k/cbt_valid.txt
[2022-04-13 17:17:56.050] End E012 |  test loss  9.144; ppl   9354.05 | accu 0.0240 = 12188/506840 | w_len 2.1848 = 1107354/506840 ../data/sample_500k/adult_test.txt
[2022-04-13 17:17:56.050] Epoch 013/20 ==================================================
[2022-04-13 17:18:14.209] E013 |   200/667 batches | lr 1.2500 | loss  4.774 | ppl    118.39 frag_cnt/word_cnt=2.337=327243/140000
[2022-04-13 17:18:32.205] E013 |   400/667 batches | lr 1.2500 | loss  4.755 | ppl    116.18 frag_cnt/word_cnt=2.372=332053/140000
[2022-04-13 17:18:50.207] E013 |   600/667 batches | lr 1.2500 | loss  4.652 | ppl    104.78 frag_cnt/word_cnt=2.361=330480/140000
[2022-04-13 17:18:56.250] E013 |   667/667 batches | lr 1.2500 | loss  4.579 | ppl     97.42 frag_cnt/word_cnt=2.351=110285/46900
[2022-04-13 17:19:02.123] End E013 | valid loss  5.857; ppl    349.54 | accu 0.2286 = 25653/112220 | w_len 2.2450 = 251937/112220
[2022-04-13 17:19:07.902] End E013 |  test loss  8.084; ppl   3242.09 | accu 0.0843 = 9726/115380 | w_len 1.6106 = 185828/115380 ../data/sample_500k/cbt_valid.txt
[2022-04-13 17:19:34.211] End E013 |  test loss  9.182; ppl   9721.37 | accu 0.0228 = 11570/506840 | w_len 2.1848 = 1107354/506840 ../data/sample_500k/adult_test.txt
[2022-04-13 17:19:34.211] Save: model.pt... 
[2022-04-13 17:19:34.826] Save: model.pt...Done. best_val_loss: 5.8566
[2022-04-13 17:19:34.826] Epoch 014/20 ==================================================
[2022-04-13 17:19:52.662] E014 |   200/667 batches | lr 1.2500 | loss  4.749 | ppl    115.48 frag_cnt/word_cnt=2.337=327243/140000
[2022-04-13 17:20:10.690] E014 |   400/667 batches | lr 1.2500 | loss  4.736 | ppl    114.01 frag_cnt/word_cnt=2.372=332053/140000
[2022-04-13 17:20:28.617] E014 |   600/667 batches | lr 1.2500 | loss  4.641 | ppl    103.65 frag_cnt/word_cnt=2.361=330480/140000
[2022-04-13 17:20:34.638] E014 |   667/667 batches | lr 1.2500 | loss  4.569 | ppl     96.44 frag_cnt/word_cnt=2.351=110285/46900
[2022-04-13 17:20:40.532] End E014 | valid loss  5.858; ppl    350.16 | accu 0.2289 = 25687/112220 | w_len 2.2450 = 251937/112220
[2022-04-13 17:20:46.329] End E014 |  test loss  8.089; ppl   3259.57 | accu 0.0840 = 9693/115380 | w_len 1.6106 = 185828/115380 ../data/sample_500k/cbt_valid.txt
[2022-04-13 17:21:12.581] End E014 |  test loss  9.181; ppl   9706.92 | accu 0.0224 = 11376/506840 | w_len 2.1848 = 1107354/506840 ../data/sample_500k/adult_test.txt
[2022-04-13 17:21:12.582] Epoch 015/20 ==================================================
[2022-04-13 17:21:30.505] E015 |   200/667 batches | lr 0.6250 | loss  4.731 | ppl    113.40 frag_cnt/word_cnt=2.337=327243/140000
[2022-04-13 17:21:48.482] E015 |   400/667 batches | lr 0.6250 | loss  4.715 | ppl    111.57 frag_cnt/word_cnt=2.372=332053/140000
[2022-04-13 17:22:06.501] E015 |   600/667 batches | lr 0.6250 | loss  4.614 | ppl    100.93 frag_cnt/word_cnt=2.361=330480/140000
[2022-04-13 17:22:12.490] E015 |   667/667 batches | lr 0.6250 | loss  4.534 | ppl     93.12 frag_cnt/word_cnt=2.351=110285/46900
[2022-04-13 17:22:18.326] End E015 | valid loss  5.857; ppl    349.61 | accu 0.2294 = 25741/112220 | w_len 2.2450 = 251937/112220
[2022-04-13 17:22:24.158] End E015 |  test loss  8.044; ppl   3115.74 | accu 0.0861 = 9931/115380 | w_len 1.6106 = 185828/115380 ../data/sample_500k/cbt_valid.txt
[2022-04-13 17:22:50.525] End E015 |  test loss  9.149; ppl   9405.86 | accu 0.0255 = 12904/506840 | w_len 2.1848 = 1107354/506840 ../data/sample_500k/adult_test.txt
[2022-04-13 17:22:50.525] Epoch 016/20 ==================================================
[2022-04-13 17:23:08.005] E016 |   200/667 batches | lr 0.3125 | loss  4.719 | ppl    112.09 frag_cnt/word_cnt=2.337=327243/140000
[2022-04-13 17:23:25.601] E016 |   400/667 batches | lr 0.3125 | loss  4.698 | ppl    109.74 frag_cnt/word_cnt=2.372=332053/140000
[2022-04-13 17:23:43.574] E016 |   600/667 batches | lr 0.3125 | loss  4.598 | ppl     99.26 frag_cnt/word_cnt=2.361=330480/140000
[2022-04-13 17:23:49.617] E016 |   667/667 batches | lr 0.3125 | loss  4.520 | ppl     91.83 frag_cnt/word_cnt=2.351=110285/46900
[2022-04-13 17:23:55.581] End E016 | valid loss  5.854; ppl    348.79 | accu 0.2301 = 25822/112220 | w_len 2.2450 = 251937/112220
[2022-04-13 17:24:01.429] End E016 |  test loss  8.038; ppl   3096.35 | accu 0.0855 = 9867/115380 | w_len 1.6106 = 185828/115380 ../data/sample_500k/cbt_valid.txt
[2022-04-13 17:24:27.927] End E016 |  test loss  9.152; ppl   9437.31 | accu 0.0250 = 12690/506840 | w_len 2.1848 = 1107354/506840 ../data/sample_500k/adult_test.txt
[2022-04-13 17:24:27.928] Save: model.pt... 
[2022-04-13 17:24:28.531] Save: model.pt...Done. best_val_loss: 5.8545
[2022-04-13 17:24:28.531] Epoch 017/20 ==================================================
[2022-04-13 17:24:46.366] E017 |   200/667 batches | lr 0.3125 | loss  4.710 | ppl    111.09 frag_cnt/word_cnt=2.337=327243/140000
[2022-04-13 17:25:04.182] E017 |   400/667 batches | lr 0.3125 | loss  4.696 | ppl    109.54 frag_cnt/word_cnt=2.372=332053/140000
[2022-04-13 17:25:21.882] E017 |   600/667 batches | lr 0.3125 | loss  4.593 | ppl     98.79 frag_cnt/word_cnt=2.361=330480/140000
[2022-04-13 17:25:27.978] E017 |   667/667 batches | lr 0.3125 | loss  4.523 | ppl     92.07 frag_cnt/word_cnt=2.351=110285/46900
[2022-04-13 17:25:33.952] End E017 | valid loss  5.855; ppl    349.11 | accu 0.2302 = 25830/112220 | w_len 2.2450 = 251937/112220
[2022-04-13 17:25:39.819] End E017 |  test loss  8.060; ppl   3164.75 | accu 0.0854 = 9849/115380 | w_len 1.6106 = 185828/115380 ../data/sample_500k/cbt_valid.txt
[2022-04-13 17:26:06.258] End E017 |  test loss  9.176; ppl   9662.11 | accu 0.0249 = 12637/506840 | w_len 2.1848 = 1107354/506840 ../data/sample_500k/adult_test.txt
[2022-04-13 17:26:06.258] Epoch 018/20 ==================================================
[2022-04-13 17:26:24.145] E018 |   200/667 batches | lr 0.1562 | loss  4.706 | ppl    110.64 frag_cnt/word_cnt=2.337=327243/140000
[2022-04-13 17:26:42.141] E018 |   400/667 batches | lr 0.1562 | loss  4.690 | ppl    108.84 frag_cnt/word_cnt=2.372=332053/140000
[2022-04-13 17:27:00.010] E018 |   600/667 batches | lr 0.1562 | loss  4.589 | ppl     98.36 frag_cnt/word_cnt=2.361=330480/140000
[2022-04-13 17:27:06.052] E018 |   667/667 batches | lr 0.1562 | loss  4.512 | ppl     91.06 frag_cnt/word_cnt=2.351=110285/46900
[2022-04-13 17:27:11.997] End E018 | valid loss  5.855; ppl    349.05 | accu 0.2307 = 25893/112220 | w_len 2.2450 = 251937/112220
[2022-04-13 17:27:17.837] End E018 |  test loss  8.053; ppl   3143.19 | accu 0.0851 = 9816/115380 | w_len 1.6106 = 185828/115380 ../data/sample_500k/cbt_valid.txt
[2022-04-13 17:27:44.378] End E018 |  test loss  9.166; ppl   9567.13 | accu 0.0248 = 12564/506840 | w_len 2.1848 = 1107354/506840 ../data/sample_500k/adult_test.txt
[2022-04-13 17:27:44.379] Epoch 019/20 ==================================================
[2022-04-13 17:28:02.122] E019 |   200/667 batches | lr 0.0781 | loss  4.704 | ppl    110.35 frag_cnt/word_cnt=2.337=327243/140000
[2022-04-13 17:28:20.194] E019 |   400/667 batches | lr 0.0781 | loss  4.686 | ppl    108.43 frag_cnt/word_cnt=2.372=332053/140000
[2022-04-13 17:28:38.261] E019 |   600/667 batches | lr 0.0781 | loss  4.583 | ppl     97.83 frag_cnt/word_cnt=2.361=330480/140000
[2022-04-13 17:28:44.297] E019 |   667/667 batches | lr 0.0781 | loss  4.513 | ppl     91.24 frag_cnt/word_cnt=2.351=110285/46900
[2022-04-13 17:28:50.248] End E019 | valid loss  5.854; ppl    348.71 | accu 0.2308 = 25895/112220 | w_len 2.2450 = 251937/112220
[2022-04-13 17:28:56.131] End E019 |  test loss  8.027; ppl   3063.08 | accu 0.0856 = 9879/115380 | w_len 1.6106 = 185828/115380 ../data/sample_500k/cbt_valid.txt
[2022-04-13 17:29:22.466] End E019 |  test loss  9.126; ppl   9188.52 | accu 0.0254 = 12880/506840 | w_len 2.1848 = 1107354/506840 ../data/sample_500k/adult_test.txt
[2022-04-13 17:29:22.466] Save: model.pt... 
[2022-04-13 17:29:23.078] Save: model.pt...Done. best_val_loss: 5.8543
[2022-04-13 17:29:23.078] Epoch 020/20 ==================================================
[2022-04-13 17:29:40.979] E020 |   200/667 batches | lr 0.0781 | loss  4.700 | ppl    109.92 frag_cnt/word_cnt=2.337=327243/140000
[2022-04-13 17:29:58.891] E020 |   400/667 batches | lr 0.0781 | loss  4.685 | ppl    108.35 frag_cnt/word_cnt=2.372=332053/140000
[2022-04-13 17:30:16.792] E020 |   600/667 batches | lr 0.0781 | loss  4.582 | ppl     97.74 frag_cnt/word_cnt=2.361=330480/140000
[2022-04-13 17:30:22.826] E020 |   667/667 batches | lr 0.0781 | loss  4.510 | ppl     90.91 frag_cnt/word_cnt=2.351=110285/46900
[2022-04-13 17:30:28.722] End E020 | valid loss  5.854; ppl    348.64 | accu 0.2308 = 25895/112220 | w_len 2.2450 = 251937/112220
[2022-04-13 17:30:34.529] End E020 |  test loss  8.025; ppl   3055.15 | accu 0.0856 = 9876/115380 | w_len 1.6106 = 185828/115380 ../data/sample_500k/cbt_valid.txt
[2022-04-13 17:31:00.859] End E020 |  test loss  9.123; ppl   9163.74 | accu 0.0254 = 12875/506840 | w_len 2.1848 = 1107354/506840 ../data/sample_500k/adult_test.txt
[2022-04-13 17:31:00.859] Save: model.pt... 
[2022-04-13 17:31:01.488] Save: model.pt...Done. best_val_loss: 5.8540
[2022-04-13 17:31:07.486] End. test loss  8.02; ppl  3055.15 | accu 0.0856 = 9876/115380 | w_len 1.6106 = 185828/115380 ../data/sample_500k/cbt_valid.txt
[2022-04-13 17:31:33.766] End. test loss  9.12; ppl  9163.74 | accu 0.0254 = 12875/506840 | w_len 2.1848 = 1107354/506840 ../data/sample_500k/adult_test.txt
[2022-04-13 17:31:33.766] =========================================================================================
[2022-04-13 17:31:33.766] valid_loss
[2022-04-13 17:31:33.766]  6.66, 6.24, 6.34, 5.94, 5.92, 5.89, 5.90, 5.87, 5.86, 5.87, 5.86, 5.86, 5.86, 5.86, 5.86, 5.85, 5.86, 5.86, 5.85, 5.85
[2022-04-13 17:31:33.766] valid_loss ppl
[2022-04-13 17:31:33.766]   783.39,  512.67,  564.98,  379.67,  372.50,  361.65,  363.26,  353.00,  351.72,  355.67,  349.80,  351.26,  349.54,  350.16,  349.61,  348.79,  349.11,  349.05,  348.71,  348.64
[2022-04-13 17:31:33.766] test_loss of ../data/sample_500k/cbt_valid.txt
[2022-04-13 17:31:33.767]  7.75, 8.45, 7.58, 8.34, 8.45, 8.00, 8.11, 8.04, 8.01, 8.09, 8.08, 8.03, 8.08, 8.09, 8.04, 8.04, 8.06, 8.05, 8.03, 8.02
[2022-04-13 17:31:33.767] test_loss of ../data/sample_500k/cbt_valid.txt ppl
[2022-04-13 17:31:33.767]  2323.45, 4662.75, 1952.12, 4171.16, 4674.96, 2989.70, 3340.35, 3110.84, 3017.60, 3259.54, 3218.50, 3086.32, 3242.09, 3259.57, 3115.74, 3096.35, 3164.75, 3143.19, 3063.08, 3055.15
[2022-04-13 17:31:33.767] test_loss of ../data/sample_500k/adult_test.txt
[2022-04-13 17:31:33.767]  8.69,10.17, 9.21,10.34,10.27, 9.60, 9.78, 9.39, 9.34, 9.38, 9.27, 9.14, 9.18, 9.18, 9.15, 9.15, 9.18, 9.17, 9.13, 9.12
[2022-04-13 17:31:33.767] test_loss of ../data/sample_500k/adult_test.txt ppl
[2022-04-13 17:31:33.767]  5960.04,26177.03,10001.23,31024.16,28844.76,14821.27,17672.43,12021.07,11383.32,11836.83,10664.46, 9354.05, 9721.37, 9706.92, 9405.86, 9437.31, 9662.11, 9567.13, 9188.52, 9163.74
[2022-04-13 17:31:33.767] 
[2022-04-13 17:31:33.767] 
[2022-04-13 17:31:33.767] 
