[2022-04-13 12:12:22.921] corpus.train_file_list: 1
[2022-04-13 12:12:22.921]         ../data/sample_500k/adolescent_train.txt
[2022-04-13 12:12:22.921] corpus.valid_file_list: 1
[2022-04-13 12:12:22.921]         ../data/sample_500k/adolescent_valid.txt
[2022-04-13 12:12:22.921] corpus.test_file_list: 2
[2022-04-13 12:12:22.921]         ../data/sample_500k/cbt_valid.txt
[2022-04-13 12:12:22.921]         ../data/sample_500k/adult_test.txt
[2022-04-13 12:12:22.921] corpus.subword_vocab_size: 0
[2022-04-13 12:12:22.921] corpus.subword_model = None. Corpus will not use subword.
[2022-04-13 12:12:22.921] corpus tokenize...
[2022-04-13 12:12:23.951]         train tokens: 467267  ../data/sample_500k/adolescent_train.txt
[2022-04-13 12:12:24.174]         valid tokens: 112256  ../data/sample_500k/adolescent_valid.txt
[2022-04-13 12:12:24.319]         test  tokens: 115417  ../data/sample_500k/cbt_valid.txt
[2022-04-13 12:12:24.985]         test  tokens: 506878  ../data/sample_500k/adult_test.txt
[2022-04-13 12:12:24.986] corpus.ntokens      : 95521
[2022-04-13 12:12:24.986] corpus.char_count   : 166
[2022-04-13 12:12:24.986] corpus.char_cnt_dict: 166
[2022-04-13 12:12:24.986] corpus.char_id_dict : 166
[2022-04-13 12:12:24.996] corpus.batchify(1 files, batch_size=20)...
[2022-04-13 12:12:24.997]         tokens_all: 467267
[2022-04-13 12:12:24.997]         batched   :  23363
[2022-04-13 12:12:24.997]         ../data/sample_500k/adolescent_train.txt
[2022-04-13 12:12:26.708] corpus.batchify(1 files, batch_size=20)...
[2022-04-13 12:12:26.709]         tokens_all: 112256
[2022-04-13 12:12:26.709]         batched   :   5612
[2022-04-13 12:12:26.709]         ../data/sample_500k/adolescent_valid.txt
[2022-04-13 12:12:26.711] corpus.batchify(1 files, batch_size=20)...
[2022-04-13 12:12:26.711]         tokens_all: 115417
[2022-04-13 12:12:26.711]         batched   :   5770
[2022-04-13 12:12:26.711]         ../data/sample_500k/cbt_valid.txt
[2022-04-13 12:12:26.717] corpus.batchify(1 files, batch_size=20)...
[2022-04-13 12:12:26.717]         tokens_all: 506878
[2022-04-13 12:12:26.717]         batched   :  25343
[2022-04-13 12:12:26.717]         ../data/sample_500k/adult_test.txt
[2022-04-13 12:12:26.718] subword_adapter will be generated due to word_split_mode='Subword.200'
[2022-04-13 12:12:26.718] SubwordAdapter.file_list: 2
[2022-04-13 12:12:26.718]         ../data/sample_500k/adolescent_train.txt
[2022-04-13 12:12:26.718]         ../data/sample_500k/adolescent_valid.txt
[2022-04-13 12:12:26.718] SubwordAdapter.subword_vocab_size: 200
[2022-04-13 12:12:26.718] SubwordAdapter.subword_model.train(2 files)...
[2022-04-13 12:12:27.074] SubwordAdapter.subword_model.train(2 files)...Done
[2022-04-13 12:12:27.790] RNNModel.rnn_type: LSTM
[2022-04-13 12:12:27.791] RNNModel.ntoken  : 95521
[2022-04-13 12:12:27.791] RNNModel.ninp    : 200
[2022-04-13 12:12:27.791] RNNModel.nhid    : 200
[2022-04-13 12:12:27.791] RNNModel.nlayers : 2
[2022-04-13 12:12:27.791] RNNModel.dropout : 0.2
[2022-04-13 12:12:27.791] RNNModel.tie_weights: False
[2022-04-13 12:12:27.791] RNNModel.fragment_aggregate_mode: CNN
[2022-04-13 12:12:27.791] RNNModel.fragment_cnt           : 202
[2022-04-13 12:12:27.791] RNNModel.fragment_emsize        : 25
[2022-04-13 12:12:27.791] RNNModel.fragment_nhid          : 200
[2022-04-13 12:12:27.792] RNNModel.fragment_embeds     : created
[2022-04-13 12:12:27.792] RNNModel.fragment_cnn3       : created
[2022-04-13 12:12:27.978] Epoch 001/20 ==================================================
[2022-04-13 12:12:45.951] E001 |   200/667 batches | lr 20.0000 | loss  8.554 | ppl   5187.17 frag_cnt/word_cnt=3.254=455613/140000
[2022-04-13 12:13:03.738] E001 |   400/667 batches | lr 20.0000 | loss  7.682 | ppl   2167.89 frag_cnt/word_cnt=3.282=459419/140000
[2022-04-13 12:13:21.594] E001 |   600/667 batches | lr 20.0000 | loss  7.075 | ppl   1182.59 frag_cnt/word_cnt=3.266=457255/140000
[2022-04-13 12:13:27.606] E001 |   667/667 batches | lr 20.0000 | loss  6.751 | ppl    855.06 frag_cnt/word_cnt=3.246=152257/46900
[2022-04-13 12:13:33.561] End E001 | valid loss  6.747; ppl    851.75 | accu 0.1434 = 16088/112220 | w_len 3.1469 = 353149/112220
[2022-04-13 12:13:39.345] End E001 |  test loss  7.282; ppl   1454.35 | accu 0.1027 = 11851/115380 | w_len 2.3715 = 273618/115380 ../data/sample_500k/cbt_valid.txt
[2022-04-13 12:14:05.525] End E001 |  test loss  8.304; ppl   4039.95 | accu 0.0614 = 31139/506840 | w_len 3.1954 = 1619577/506840 ../data/sample_500k/adult_test.txt
[2022-04-13 12:14:05.525] Save: model.pt... 
[2022-04-13 12:14:06.116] Save: model.pt...Done. best_val_loss: 6.7473
[2022-04-13 12:14:06.116] Epoch 002/20 ==================================================
[2022-04-13 12:14:23.754] E002 |   200/667 batches | lr 20.0000 | loss  6.580 | ppl    720.39 frag_cnt/word_cnt=3.254=455613/140000
[2022-04-13 12:14:41.599] E002 |   400/667 batches | lr 20.0000 | loss  6.424 | ppl    616.68 frag_cnt/word_cnt=3.282=459419/140000
[2022-04-13 12:14:59.596] E002 |   600/667 batches | lr 20.0000 | loss  6.213 | ppl    499.22 frag_cnt/word_cnt=3.266=457255/140000
[2022-04-13 12:15:05.565] E002 |   667/667 batches | lr 20.0000 | loss  6.092 | ppl    442.15 frag_cnt/word_cnt=3.246=152257/46900
[2022-04-13 12:15:11.462] End E002 | valid loss  6.213; ppl    499.30 | accu 0.1989 = 22325/112220 | w_len 3.1469 = 353149/112220
[2022-04-13 12:15:17.243] End E002 |  test loss  8.068; ppl   3189.37 | accu 0.0672 = 7757/115380 | w_len 2.3715 = 273618/115380 ../data/sample_500k/cbt_valid.txt
[2022-04-13 12:15:43.431] End E002 |  test loss 10.047; ppl  23095.95 | accu 0.0054 = 2728/506840 | w_len 3.1954 = 1619577/506840 ../data/sample_500k/adult_test.txt
[2022-04-13 12:15:43.431] Save: model.pt... 
[2022-04-13 12:15:44.008] Save: model.pt...Done. best_val_loss: 6.2132
[2022-04-13 12:15:44.008] Epoch 003/20 ==================================================
[2022-04-13 12:16:01.863] E003 |   200/667 batches | lr 20.0000 | loss  6.048 | ppl    423.30 frag_cnt/word_cnt=3.254=455613/140000
[2022-04-13 12:16:19.866] E003 |   400/667 batches | lr 20.0000 | loss  6.001 | ppl    403.71 frag_cnt/word_cnt=3.282=459419/140000
[2022-04-13 12:16:38.064] E003 |   600/667 batches | lr 20.0000 | loss  5.876 | ppl    356.43 frag_cnt/word_cnt=3.266=457255/140000
[2022-04-13 12:16:44.126] E003 |   667/667 batches | lr 20.0000 | loss  5.776 | ppl    322.56 frag_cnt/word_cnt=3.246=152257/46900
[2022-04-13 12:16:50.033] End E003 | valid loss  6.063; ppl    429.85 | accu 0.1975 = 22159/112220 | w_len 3.1469 = 353149/112220
[2022-04-13 12:16:55.855] End E003 |  test loss  7.541; ppl   1882.98 | accu 0.0704 = 8117/115380 | w_len 2.3715 = 273618/115380 ../data/sample_500k/cbt_valid.txt
[2022-04-13 12:17:22.140] End E003 |  test loss  9.268; ppl  10593.75 | accu 0.0075 = 3809/506840 | w_len 3.1954 = 1619577/506840 ../data/sample_500k/adult_test.txt
[2022-04-13 12:17:22.140] Save: model.pt... 
[2022-04-13 12:17:22.716] Save: model.pt...Done. best_val_loss: 6.0634
[2022-04-13 12:17:22.716] Epoch 004/20 ==================================================
[2022-04-13 12:17:40.465] E004 |   200/667 batches | lr 20.0000 | loss  5.769 | ppl    320.26 frag_cnt/word_cnt=3.254=455613/140000
[2022-04-13 12:17:58.508] E004 |   400/667 batches | lr 20.0000 | loss  5.748 | ppl    313.62 frag_cnt/word_cnt=3.282=459419/140000
[2022-04-13 12:18:16.478] E004 |   600/667 batches | lr 20.0000 | loss  5.649 | ppl    283.92 frag_cnt/word_cnt=3.266=457255/140000
[2022-04-13 12:18:22.496] E004 |   667/667 batches | lr 20.0000 | loss  5.563 | ppl    260.54 frag_cnt/word_cnt=3.246=152257/46900
[2022-04-13 12:18:28.399] End E004 | valid loss  6.020; ppl    411.58 | accu 0.2081 = 23351/112220 | w_len 3.1469 = 353149/112220
[2022-04-13 12:18:34.181] End E004 |  test loss  8.217; ppl   3702.25 | accu 0.0664 = 7664/115380 | w_len 2.3715 = 273618/115380 ../data/sample_500k/cbt_valid.txt
[2022-04-13 12:19:00.545] End E004 |  test loss  9.625; ppl  15140.77 | accu 0.0064 = 3250/506840 | w_len 3.1954 = 1619577/506840 ../data/sample_500k/adult_test.txt
[2022-04-13 12:19:00.545] Save: model.pt... 
[2022-04-13 12:19:01.127] Save: model.pt...Done. best_val_loss: 6.0200
[2022-04-13 12:19:01.127] Epoch 005/20 ==================================================
[2022-04-13 12:19:19.117] E005 |   200/667 batches | lr 20.0000 | loss  5.552 | ppl    257.86 frag_cnt/word_cnt=3.254=455613/140000
[2022-04-13 12:19:37.222] E005 |   400/667 batches | lr 20.0000 | loss  5.559 | ppl    259.65 frag_cnt/word_cnt=3.282=459419/140000
[2022-04-13 12:19:55.191] E005 |   600/667 batches | lr 20.0000 | loss  5.468 | ppl    237.07 frag_cnt/word_cnt=3.266=457255/140000
[2022-04-13 12:20:01.100] E005 |   667/667 batches | lr 20.0000 | loss  5.388 | ppl    218.67 frag_cnt/word_cnt=3.246=152257/46900
[2022-04-13 12:20:07.039] End E005 | valid loss  6.026; ppl    413.90 | accu 0.2061 = 23130/112220 | w_len 3.1469 = 353149/112220
[2022-04-13 12:20:12.844] End E005 |  test loss  8.643; ppl   5668.63 | accu 0.0675 = 7792/115380 | w_len 2.3715 = 273618/115380 ../data/sample_500k/cbt_valid.txt
[2022-04-13 12:20:39.273] End E005 |  test loss 10.903; ppl  54344.33 | accu 0.0050 = 2535/506840 | w_len 3.1954 = 1619577/506840 ../data/sample_500k/adult_test.txt
[2022-04-13 12:20:39.273] Epoch 006/20 ==================================================
[2022-04-13 12:20:57.148] E006 |   200/667 batches | lr 10.0000 | loss  5.291 | ppl    198.50 frag_cnt/word_cnt=3.254=455613/140000
[2022-04-13 12:21:15.142] E006 |   400/667 batches | lr 10.0000 | loss  5.252 | ppl    191.00 frag_cnt/word_cnt=3.282=459419/140000
[2022-04-13 12:21:33.091] E006 |   600/667 batches | lr 10.0000 | loss  5.145 | ppl    171.63 frag_cnt/word_cnt=3.266=457255/140000
[2022-04-13 12:21:39.114] E006 |   667/667 batches | lr 10.0000 | loss  5.062 | ppl    157.88 frag_cnt/word_cnt=3.246=152257/46900
[2022-04-13 12:21:45.031] End E006 | valid loss  5.888; ppl    360.79 | accu 0.2187 = 24548/112220 | w_len 3.1469 = 353149/112220
[2022-04-13 12:21:50.872] End E006 |  test loss  8.176; ppl   3553.98 | accu 0.0709 = 8184/115380 | w_len 2.3715 = 273618/115380 ../data/sample_500k/cbt_valid.txt
[2022-04-13 12:22:17.296] End E006 |  test loss  9.023; ppl   8292.62 | accu 0.0074 = 3749/506840 | w_len 3.1954 = 1619577/506840 ../data/sample_500k/adult_test.txt
[2022-04-13 12:22:17.297] Save: model.pt... 
[2022-04-13 12:22:17.899] Save: model.pt...Done. best_val_loss: 5.8883
[2022-04-13 12:22:17.899] Epoch 007/20 ==================================================
[2022-04-13 12:22:35.767] E007 |   200/667 batches | lr 10.0000 | loss  5.143 | ppl    171.22 frag_cnt/word_cnt=3.254=455613/140000
[2022-04-13 12:22:53.857] E007 |   400/667 batches | lr 10.0000 | loss  5.129 | ppl    168.87 frag_cnt/word_cnt=3.282=459419/140000
[2022-04-13 12:23:11.924] E007 |   600/667 batches | lr 10.0000 | loss  5.043 | ppl    154.91 frag_cnt/word_cnt=3.266=457255/140000
[2022-04-13 12:23:17.958] E007 |   667/667 batches | lr 10.0000 | loss  4.969 | ppl    143.86 frag_cnt/word_cnt=3.246=152257/46900
[2022-04-13 12:23:23.878] End E007 | valid loss  5.891; ppl    361.61 | accu 0.2181 = 24476/112220 | w_len 3.1469 = 353149/112220
[2022-04-13 12:23:29.675] End E007 |  test loss  8.542; ppl   5127.31 | accu 0.0711 = 8198/115380 | w_len 2.3715 = 273618/115380 ../data/sample_500k/cbt_valid.txt
[2022-04-13 12:23:56.023] End E007 |  test loss  9.145; ppl   9371.50 | accu 0.0072 = 3624/506840 | w_len 3.1954 = 1619577/506840 ../data/sample_500k/adult_test.txt
[2022-04-13 12:23:56.023] Epoch 008/20 ==================================================
[2022-04-13 12:24:13.715] E008 |   200/667 batches | lr 5.0000 | loss  5.002 | ppl    148.68 frag_cnt/word_cnt=3.254=455613/140000
[2022-04-13 12:24:31.685] E008 |   400/667 batches | lr 5.0000 | loss  4.970 | ppl    143.97 frag_cnt/word_cnt=3.282=459419/140000
[2022-04-13 12:24:49.649] E008 |   600/667 batches | lr 5.0000 | loss  4.867 | ppl    129.87 frag_cnt/word_cnt=3.266=457255/140000
[2022-04-13 12:24:55.682] E008 |   667/667 batches | lr 5.0000 | loss  4.776 | ppl    118.64 frag_cnt/word_cnt=3.246=152257/46900
[2022-04-13 12:25:01.620] End E008 | valid loss  5.859; ppl    350.25 | accu 0.2244 = 25185/112220 | w_len 3.1469 = 353149/112220
[2022-04-13 12:25:07.455] End E008 |  test loss  7.946; ppl   2822.95 | accu 0.0766 = 8836/115380 | w_len 2.3715 = 273618/115380 ../data/sample_500k/cbt_valid.txt
[2022-04-13 12:25:33.917] End E008 |  test loss  8.592; ppl   5386.68 | accu 0.0121 = 6110/506840 | w_len 3.1954 = 1619577/506840 ../data/sample_500k/adult_test.txt
[2022-04-13 12:25:33.917] Save: model.pt... 
[2022-04-13 12:25:34.506] Save: model.pt...Done. best_val_loss: 5.8587
[2022-04-13 12:25:34.506] Epoch 009/20 ==================================================
[2022-04-13 12:25:52.466] E009 |   200/667 batches | lr 5.0000 | loss  4.912 | ppl    135.96 frag_cnt/word_cnt=3.254=455613/140000
[2022-04-13 12:26:10.554] E009 |   400/667 batches | lr 5.0000 | loss  4.900 | ppl    134.24 frag_cnt/word_cnt=3.282=459419/140000
[2022-04-13 12:26:28.499] E009 |   600/667 batches | lr 5.0000 | loss  4.809 | ppl    122.61 frag_cnt/word_cnt=3.266=457255/140000
[2022-04-13 12:26:34.526] E009 |   667/667 batches | lr 5.0000 | loss  4.732 | ppl    113.50 frag_cnt/word_cnt=3.246=152257/46900
[2022-04-13 12:26:40.386] End E009 | valid loss  5.863; ppl    351.83 | accu 0.2245 = 25189/112220 | w_len 3.1469 = 353149/112220
[2022-04-13 12:26:46.135] End E009 |  test loss  8.064; ppl   3178.50 | accu 0.0758 = 8751/115380 | w_len 2.3715 = 273618/115380 ../data/sample_500k/cbt_valid.txt
[2022-04-13 12:27:12.278] End E009 |  test loss  8.681; ppl   5889.52 | accu 0.0106 = 5368/506840 | w_len 3.1954 = 1619577/506840 ../data/sample_500k/adult_test.txt
[2022-04-13 12:27:12.278] Epoch 010/20 ==================================================
[2022-04-13 12:27:30.115] E010 |   200/667 batches | lr 2.5000 | loss  4.842 | ppl    126.78 frag_cnt/word_cnt=3.254=455613/140000
[2022-04-13 12:27:48.052] E010 |   400/667 batches | lr 2.5000 | loss  4.814 | ppl    123.18 frag_cnt/word_cnt=3.282=459419/140000
[2022-04-13 12:28:06.002] E010 |   600/667 batches | lr 2.5000 | loss  4.711 | ppl    111.14 frag_cnt/word_cnt=3.266=457255/140000
[2022-04-13 12:28:12.007] E010 |   667/667 batches | lr 2.5000 | loss  4.628 | ppl    102.28 frag_cnt/word_cnt=3.246=152257/46900
[2022-04-13 12:28:17.926] End E010 | valid loss  5.855; ppl    349.00 | accu 0.2272 = 25498/112220 | w_len 3.1469 = 353149/112220
[2022-04-13 12:28:23.699] End E010 |  test loss  7.828; ppl   2508.92 | accu 0.0771 = 8899/115380 | w_len 2.3715 = 273618/115380 ../data/sample_500k/cbt_valid.txt
[2022-04-13 12:28:49.923] End E010 |  test loss  8.575; ppl   5298.26 | accu 0.0137 = 6922/506840 | w_len 3.1954 = 1619577/506840 ../data/sample_500k/adult_test.txt
[2022-04-13 12:28:49.923] Save: model.pt... 
[2022-04-13 12:28:50.511] Save: model.pt...Done. best_val_loss: 5.8551
[2022-04-13 12:28:50.512] Epoch 011/20 ==================================================
[2022-04-13 12:29:08.491] E011 |   200/667 batches | lr 2.5000 | loss  4.796 | ppl    121.04 frag_cnt/word_cnt=3.254=455613/140000
[2022-04-13 12:29:26.460] E011 |   400/667 batches | lr 2.5000 | loss  4.777 | ppl    118.78 frag_cnt/word_cnt=3.282=459419/140000
[2022-04-13 12:29:44.481] E011 |   600/667 batches | lr 2.5000 | loss  4.686 | ppl    108.44 frag_cnt/word_cnt=3.266=457255/140000
[2022-04-13 12:29:50.493] E011 |   667/667 batches | lr 2.5000 | loss  4.601 | ppl     99.58 frag_cnt/word_cnt=3.246=152257/46900
[2022-04-13 12:29:56.378] End E011 | valid loss  5.853; ppl    348.35 | accu 0.2273 = 25503/112220 | w_len 3.1469 = 353149/112220
[2022-04-13 12:30:02.150] End E011 |  test loss  7.683; ppl   2171.77 | accu 0.0779 = 8988/115380 | w_len 2.3715 = 273618/115380 ../data/sample_500k/cbt_valid.txt
[2022-04-13 12:30:28.330] End E011 |  test loss  8.577; ppl   5307.48 | accu 0.0132 = 6700/506840 | w_len 3.1954 = 1619577/506840 ../data/sample_500k/adult_test.txt
[2022-04-13 12:30:28.330] Save: model.pt... 
[2022-04-13 12:30:28.909] Save: model.pt...Done. best_val_loss: 5.8532
[2022-04-13 12:30:28.909] Epoch 012/20 ==================================================
[2022-04-13 12:30:46.813] E012 |   200/667 batches | lr 2.5000 | loss  4.761 | ppl    116.81 frag_cnt/word_cnt=3.254=455613/140000
[2022-04-13 12:31:04.746] E012 |   400/667 batches | lr 2.5000 | loss  4.747 | ppl    115.19 frag_cnt/word_cnt=3.282=459419/140000
[2022-04-13 12:31:22.750] E012 |   600/667 batches | lr 2.5000 | loss  4.659 | ppl    105.56 frag_cnt/word_cnt=3.266=457255/140000
[2022-04-13 12:31:28.795] E012 |   667/667 batches | lr 2.5000 | loss  4.587 | ppl     98.17 frag_cnt/word_cnt=3.246=152257/46900
[2022-04-13 12:31:34.676] End E012 | valid loss  5.857; ppl    349.52 | accu 0.2273 = 25502/112220 | w_len 3.1469 = 353149/112220
[2022-04-13 12:31:40.478] End E012 |  test loss  7.654; ppl   2108.31 | accu 0.0780 = 8999/115380 | w_len 2.3715 = 273618/115380 ../data/sample_500k/cbt_valid.txt
[2022-04-13 12:32:06.702] End E012 |  test loss  8.550; ppl   5167.44 | accu 0.0143 = 7267/506840 | w_len 3.1954 = 1619577/506840 ../data/sample_500k/adult_test.txt
[2022-04-13 12:32:06.702] Epoch 013/20 ==================================================
[2022-04-13 12:32:24.572] E013 |   200/667 batches | lr 1.2500 | loss  4.729 | ppl    113.14 frag_cnt/word_cnt=3.254=455613/140000
[2022-04-13 12:32:42.539] E013 |   400/667 batches | lr 1.2500 | loss  4.706 | ppl    110.59 frag_cnt/word_cnt=3.282=459419/140000
[2022-04-13 12:33:00.525] E013 |   600/667 batches | lr 1.2500 | loss  4.607 | ppl    100.23 frag_cnt/word_cnt=3.266=457255/140000
[2022-04-13 12:33:06.541] E013 |   667/667 batches | lr 1.2500 | loss  4.527 | ppl     92.49 frag_cnt/word_cnt=3.246=152257/46900
[2022-04-13 12:33:12.430] End E013 | valid loss  5.856; ppl    349.27 | accu 0.2290 = 25699/112220 | w_len 3.1469 = 353149/112220
[2022-04-13 12:33:18.236] End E013 |  test loss  7.458; ppl   1732.92 | accu 0.0793 = 9153/115380 | w_len 2.3715 = 273618/115380 ../data/sample_500k/cbt_valid.txt
[2022-04-13 12:33:44.596] End E013 |  test loss  8.450; ppl   4675.67 | accu 0.0157 = 7949/506840 | w_len 3.1954 = 1619577/506840 ../data/sample_500k/adult_test.txt
[2022-04-13 12:33:44.596] Epoch 014/20 ==================================================
[2022-04-13 12:34:02.550] E014 |   200/667 batches | lr 0.6250 | loss  4.701 | ppl    110.09 frag_cnt/word_cnt=3.254=455613/140000
[2022-04-13 12:34:20.491] E014 |   400/667 batches | lr 0.6250 | loss  4.679 | ppl    107.71 frag_cnt/word_cnt=3.282=459419/140000
[2022-04-13 12:34:38.490] E014 |   600/667 batches | lr 0.6250 | loss  4.581 | ppl     97.65 frag_cnt/word_cnt=3.266=457255/140000
[2022-04-13 12:34:44.543] E014 |   667/667 batches | lr 0.6250 | loss  4.499 | ppl     89.97 frag_cnt/word_cnt=3.246=152257/46900
[2022-04-13 12:34:50.442] End E014 | valid loss  5.853; ppl    348.15 | accu 0.2299 = 25804/112220 | w_len 3.1469 = 353149/112220
[2022-04-13 12:34:56.247] End E014 |  test loss  7.446; ppl   1713.06 | accu 0.0792 = 9139/115380 | w_len 2.3715 = 273618/115380 ../data/sample_500k/cbt_valid.txt
[2022-04-13 12:35:22.427] End E014 |  test loss  8.452; ppl   4684.09 | accu 0.0169 = 8556/506840 | w_len 3.1954 = 1619577/506840 ../data/sample_500k/adult_test.txt
[2022-04-13 12:35:22.427] Save: model.pt... 
[2022-04-13 12:35:23.015] Save: model.pt...Done. best_val_loss: 5.8526
[2022-04-13 12:35:23.015] Epoch 015/20 ==================================================
[2022-04-13 12:35:40.873] E015 |   200/667 batches | lr 0.6250 | loss  4.691 | ppl    108.96 frag_cnt/word_cnt=3.254=455613/140000
[2022-04-13 12:35:58.850] E015 |   400/667 batches | lr 0.6250 | loss  4.669 | ppl    106.57 frag_cnt/word_cnt=3.282=459419/140000
[2022-04-13 12:36:16.810] E015 |   600/667 batches | lr 0.6250 | loss  4.575 | ppl     96.98 frag_cnt/word_cnt=3.266=457255/140000
[2022-04-13 12:36:22.862] E015 |   667/667 batches | lr 0.6250 | loss  4.497 | ppl     89.76 frag_cnt/word_cnt=3.246=152257/46900
[2022-04-13 12:36:28.751] End E015 | valid loss  5.855; ppl    348.91 | accu 0.2302 = 25832/112220 | w_len 3.1469 = 353149/112220
[2022-04-13 12:36:34.521] End E015 |  test loss  7.470; ppl   1754.98 | accu 0.0791 = 9123/115380 | w_len 2.3715 = 273618/115380 ../data/sample_500k/cbt_valid.txt
[2022-04-13 12:37:00.765] End E015 |  test loss  8.483; ppl   4831.34 | accu 0.0161 = 8170/506840 | w_len 3.1954 = 1619577/506840 ../data/sample_500k/adult_test.txt
[2022-04-13 12:37:00.765] Epoch 016/20 ==================================================
[2022-04-13 12:37:18.591] E016 |   200/667 batches | lr 0.3125 | loss  4.682 | ppl    107.94 frag_cnt/word_cnt=3.254=455613/140000
[2022-04-13 12:37:36.608] E016 |   400/667 batches | lr 0.3125 | loss  4.660 | ppl    105.63 frag_cnt/word_cnt=3.282=459419/140000
[2022-04-13 12:37:54.747] E016 |   600/667 batches | lr 0.3125 | loss  4.561 | ppl     95.68 frag_cnt/word_cnt=3.266=457255/140000
[2022-04-13 12:38:00.839] E016 |   667/667 batches | lr 0.3125 | loss  4.482 | ppl     88.44 frag_cnt/word_cnt=3.246=152257/46900
[2022-04-13 12:38:06.743] End E016 | valid loss  5.854; ppl    348.66 | accu 0.2303 = 25841/112220 | w_len 3.1469 = 353149/112220
[2022-04-13 12:38:12.516] End E016 |  test loss  7.441; ppl   1704.64 | accu 0.0792 = 9143/115380 | w_len 2.3715 = 273618/115380 ../data/sample_500k/cbt_valid.txt
[2022-04-13 12:38:38.717] End E016 |  test loss  8.456; ppl   4702.39 | accu 0.0174 = 8809/506840 | w_len 3.1954 = 1619577/506840 ../data/sample_500k/adult_test.txt
[2022-04-13 12:38:38.717] Epoch 017/20 ==================================================
[2022-04-13 12:38:56.546] E017 |   200/667 batches | lr 0.1562 | loss  4.674 | ppl    107.18 frag_cnt/word_cnt=3.254=455613/140000
[2022-04-13 12:39:14.597] E017 |   400/667 batches | lr 0.1562 | loss  4.654 | ppl    105.02 frag_cnt/word_cnt=3.282=459419/140000
[2022-04-13 12:39:32.634] E017 |   600/667 batches | lr 0.1562 | loss  4.554 | ppl     95.04 frag_cnt/word_cnt=3.266=457255/140000
[2022-04-13 12:39:38.710] E017 |   667/667 batches | lr 0.1562 | loss  4.472 | ppl     87.49 frag_cnt/word_cnt=3.246=152257/46900
[2022-04-13 12:39:44.584] End E017 | valid loss  5.855; ppl    348.97 | accu 0.2302 = 25835/112220 | w_len 3.1469 = 353149/112220
[2022-04-13 12:39:50.359] End E017 |  test loss  7.428; ppl   1683.04 | accu 0.0792 = 9137/115380 | w_len 2.3715 = 273618/115380 ../data/sample_500k/cbt_valid.txt
[2022-04-13 12:40:16.527] End E017 |  test loss  8.449; ppl   4671.97 | accu 0.0176 = 8935/506840 | w_len 3.1954 = 1619577/506840 ../data/sample_500k/adult_test.txt
[2022-04-13 12:40:16.528] Epoch 018/20 ==================================================
[2022-04-13 12:40:34.230] E018 |   200/667 batches | lr 0.0781 | loss  4.669 | ppl    106.57 frag_cnt/word_cnt=3.254=455613/140000
[2022-04-13 12:40:52.356] E018 |   400/667 batches | lr 0.0781 | loss  4.650 | ppl    104.54 frag_cnt/word_cnt=3.282=459419/140000
[2022-04-13 12:41:10.500] E018 |   600/667 batches | lr 0.0781 | loss  4.548 | ppl     94.42 frag_cnt/word_cnt=3.266=457255/140000
[2022-04-13 12:41:16.599] E018 |   667/667 batches | lr 0.0781 | loss  4.474 | ppl     87.74 frag_cnt/word_cnt=3.246=152257/46900
[2022-04-13 12:41:22.481] End E018 | valid loss  5.856; ppl    349.35 | accu 0.2303 = 25840/112220 | w_len 3.1469 = 353149/112220
[2022-04-13 12:41:28.273] End E018 |  test loss  7.431; ppl   1687.58 | accu 0.0791 = 9132/115380 | w_len 2.3715 = 273618/115380 ../data/sample_500k/cbt_valid.txt
[2022-04-13 12:41:54.424] End E018 |  test loss  8.452; ppl   4684.94 | accu 0.0177 = 8965/506840 | w_len 3.1954 = 1619577/506840 ../data/sample_500k/adult_test.txt
[2022-04-13 12:41:54.424] Epoch 019/20 ==================================================
[2022-04-13 12:42:12.340] E019 |   200/667 batches | lr 0.0391 | loss  4.670 | ppl    106.65 frag_cnt/word_cnt=3.254=455613/140000
[2022-04-13 12:42:30.283] E019 |   400/667 batches | lr 0.0391 | loss  4.645 | ppl    104.04 frag_cnt/word_cnt=3.282=459419/140000
[2022-04-13 12:42:48.218] E019 |   600/667 batches | lr 0.0391 | loss  4.546 | ppl     94.26 frag_cnt/word_cnt=3.266=457255/140000
[2022-04-13 12:42:54.252] E019 |   667/667 batches | lr 0.0391 | loss  4.463 | ppl     86.79 frag_cnt/word_cnt=3.246=152257/46900
[2022-04-13 12:43:00.124] End E019 | valid loss  5.857; ppl    349.81 | accu 0.2302 = 25838/112220 | w_len 3.1469 = 353149/112220
[2022-04-13 12:43:05.894] End E019 |  test loss  7.425; ppl   1678.15 | accu 0.0791 = 9130/115380 | w_len 2.3715 = 273618/115380 ../data/sample_500k/cbt_valid.txt
[2022-04-13 12:43:32.072] End E019 |  test loss  8.448; ppl   4663.40 | accu 0.0178 = 9039/506840 | w_len 3.1954 = 1619577/506840 ../data/sample_500k/adult_test.txt
[2022-04-13 12:43:32.073] Epoch 020/20 ==================================================
[2022-04-13 12:43:49.965] E020 |   200/667 batches | lr 0.0195 | loss  4.668 | ppl    106.44 frag_cnt/word_cnt=3.254=455613/140000
[2022-04-13 12:44:07.990] E020 |   400/667 batches | lr 0.0195 | loss  4.650 | ppl    104.58 frag_cnt/word_cnt=3.282=459419/140000
[2022-04-13 12:44:25.999] E020 |   600/667 batches | lr 0.0195 | loss  4.549 | ppl     94.52 frag_cnt/word_cnt=3.266=457255/140000
[2022-04-13 12:44:31.866] E020 |   667/667 batches | lr 0.0195 | loss  4.470 | ppl     87.37 frag_cnt/word_cnt=3.246=152257/46900
[2022-04-13 12:44:37.753] End E020 | valid loss  5.858; ppl    350.03 | accu 0.2305 = 25863/112220 | w_len 3.1469 = 353149/112220
[2022-04-13 12:44:43.513] End E020 |  test loss  7.425; ppl   1678.18 | accu 0.0791 = 9122/115380 | w_len 2.3715 = 273618/115380 ../data/sample_500k/cbt_valid.txt
[2022-04-13 12:45:09.701] End E020 |  test loss  8.445; ppl   4649.89 | accu 0.0180 = 9098/506840 | w_len 3.1954 = 1619577/506840 ../data/sample_500k/adult_test.txt
[2022-04-13 12:45:15.659] End. test loss  7.45; ppl  1713.06 | accu 0.0792 = 9139/115380 | w_len 2.3715 = 273618/115380 ../data/sample_500k/cbt_valid.txt
[2022-04-13 12:45:41.871] End. test loss  8.45; ppl  4684.09 | accu 0.0169 = 8556/506840 | w_len 3.1954 = 1619577/506840 ../data/sample_500k/adult_test.txt
[2022-04-13 12:45:41.872] =========================================================================================
[2022-04-13 12:45:41.872] valid_loss
[2022-04-13 12:45:41.872]  6.75, 6.21, 6.06, 6.02, 6.03, 5.89, 5.89, 5.86, 5.86, 5.86, 5.85, 5.86, 5.86, 5.85, 5.85, 5.85, 5.85, 5.86, 5.86, 5.86
[2022-04-13 12:45:41.872] valid_loss ppl
[2022-04-13 12:45:41.872]   851.75,  499.30,  429.85,  411.58,  413.90,  360.79,  361.61,  350.25,  351.83,  349.00,  348.35,  349.52,  349.27,  348.15,  348.91,  348.66,  348.97,  349.35,  349.81,  350.03
[2022-04-13 12:45:41.872] test_loss of ../data/sample_500k/cbt_valid.txt
[2022-04-13 12:45:41.872]  7.28, 8.07, 7.54, 8.22, 8.64, 8.18, 8.54, 7.95, 8.06, 7.83, 7.68, 7.65, 7.46, 7.45, 7.47, 7.44, 7.43, 7.43, 7.43, 7.43
[2022-04-13 12:45:41.872] test_loss of ../data/sample_500k/cbt_valid.txt ppl
[2022-04-13 12:45:41.872]  1454.35, 3189.37, 1882.98, 3702.25, 5668.63, 3553.98, 5127.31, 2822.95, 3178.50, 2508.92, 2171.77, 2108.31, 1732.92, 1713.06, 1754.98, 1704.64, 1683.04, 1687.58, 1678.15, 1678.18
[2022-04-13 12:45:41.872] test_loss of ../data/sample_500k/adult_test.txt
[2022-04-13 12:45:41.872]  8.30,10.05, 9.27, 9.63,10.90, 9.02, 9.15, 8.59, 8.68, 8.58, 8.58, 8.55, 8.45, 8.45, 8.48, 8.46, 8.45, 8.45, 8.45, 8.44
[2022-04-13 12:45:41.872] test_loss of ../data/sample_500k/adult_test.txt ppl
[2022-04-13 12:45:41.872]  4039.95,23095.95,10593.75,15140.77,54344.33, 8292.62, 9371.50, 5386.68, 5889.52, 5298.26, 5307.48, 5167.44, 4675.67, 4684.09, 4831.34, 4702.39, 4671.97, 4684.94, 4663.40, 4649.89
[2022-04-13 12:45:41.873] 
[2022-04-13 12:45:41.873] 
[2022-04-13 12:45:41.873] 
