[2022-04-13 23:46:59.609] corpus.train_file_list: 1
[2022-04-13 23:46:59.610]         ../data/sample_500k/adolescent_train.txt
[2022-04-13 23:46:59.610] corpus.valid_file_list: 1
[2022-04-13 23:46:59.610]         ../data/sample_500k/adolescent_valid.txt
[2022-04-13 23:46:59.610] corpus.test_file_list: 2
[2022-04-13 23:46:59.610]         ../data/sample_500k/cbt_valid.txt
[2022-04-13 23:46:59.610]         ../data/sample_500k/adult_test.txt
[2022-04-13 23:46:59.610] corpus.subword_vocab_size: 0
[2022-04-13 23:46:59.610] corpus.subword_model = None. Corpus will not use subword.
[2022-04-13 23:46:59.610] corpus tokenize...
[2022-04-13 23:47:00.804]         train tokens: 467267  ../data/sample_500k/adolescent_train.txt
[2022-04-13 23:47:01.054]         valid tokens: 112256  ../data/sample_500k/adolescent_valid.txt
[2022-04-13 23:47:01.205]         test  tokens: 115417  ../data/sample_500k/cbt_valid.txt
[2022-04-13 23:47:01.845]         test  tokens: 506878  ../data/sample_500k/adult_test.txt
[2022-04-13 23:47:01.845] corpus.ntokens      : 95521
[2022-04-13 23:47:01.846] corpus.char_count   : 166
[2022-04-13 23:47:01.846] corpus.char_cnt_dict: 166
[2022-04-13 23:47:01.846] corpus.char_id_dict : 166
[2022-04-13 23:47:01.851] corpus.batchify(1 files, batch_size=20)...
[2022-04-13 23:47:01.851]         tokens_all: 467267
[2022-04-13 23:47:01.851]         batched   :  23363
[2022-04-13 23:47:01.851]         ../data/sample_500k/adolescent_train.txt
[2022-04-13 23:47:01.853] corpus.batchify(1 files, batch_size=20)...
[2022-04-13 23:47:01.853]         tokens_all: 112256
[2022-04-13 23:47:01.853]         batched   :   5612
[2022-04-13 23:47:01.853]         ../data/sample_500k/adolescent_valid.txt
[2022-04-13 23:47:01.855] corpus.batchify(1 files, batch_size=20)...
[2022-04-13 23:47:01.855]         tokens_all: 115417
[2022-04-13 23:47:01.855]         batched   :   5770
[2022-04-13 23:47:01.855]         ../data/sample_500k/cbt_valid.txt
[2022-04-13 23:47:01.861] corpus.batchify(1 files, batch_size=20)...
[2022-04-13 23:47:01.861]         tokens_all: 506878
[2022-04-13 23:47:01.861]         batched   :  25343
[2022-04-13 23:47:01.861]         ../data/sample_500k/adult_test.txt
[2022-04-13 23:47:01.862] subword_adapter will be generated due to word_split_mode='Subword.10000'
[2022-04-13 23:47:01.862] SubwordAdapter.file_list: 2
[2022-04-13 23:47:01.862]         ../data/sample_500k/adolescent_train.txt
[2022-04-13 23:47:01.862]         ../data/sample_500k/adolescent_valid.txt
[2022-04-13 23:47:01.862] SubwordAdapter.subword_vocab_size: 10000
[2022-04-13 23:47:01.862] SubwordAdapter.subword_model.train(2 files)...
[2022-04-13 23:47:03.145] SubwordAdapter.subword_model.train(2 files)...Done
[2022-04-13 23:47:03.819] RNNModel.rnn_type: LSTM
[2022-04-13 23:47:03.820] RNNModel.ntoken  : 95521
[2022-04-13 23:47:03.820] RNNModel.ninp    : 200
[2022-04-13 23:47:03.820] RNNModel.nhid    : 200
[2022-04-13 23:47:03.820] RNNModel.nlayers : 2
[2022-04-13 23:47:03.820] RNNModel.dropout : 0.2
[2022-04-13 23:47:03.820] RNNModel.tie_weights: False
[2022-04-13 23:47:03.820] RNNModel.fragment_aggregate_mode: CNN
[2022-04-13 23:47:03.820] RNNModel.fragment_cnt           : 10002
[2022-04-13 23:47:03.820] RNNModel.fragment_emsize        : 25
[2022-04-13 23:47:03.820] RNNModel.fragment_nhid          : 200
[2022-04-13 23:47:03.825] RNNModel.fragment_embeds     : created
[2022-04-13 23:47:03.825] RNNModel.fragment_cnn3       : created
[2022-04-13 23:47:03.872] Epoch 001/20 ==================================================
[2022-04-13 23:47:21.874] E001 |   200/667 batches | lr 20.0000 | loss  8.552 | ppl   5177.79 frag_cnt/word_cnt=1.705=238644/140000
[2022-04-13 23:47:39.704] E001 |   400/667 batches | lr 20.0000 | loss  7.647 | ppl   2095.23 frag_cnt/word_cnt=1.725=241550/140000
[2022-04-13 23:47:57.514] E001 |   600/667 batches | lr 20.0000 | loss  7.129 | ppl   1247.57 frag_cnt/word_cnt=1.719=240603/140000
[2022-04-13 23:48:03.455] E001 |   667/667 batches | lr 20.0000 | loss  6.803 | ppl    900.27 frag_cnt/word_cnt=1.729=81105/46900
[2022-04-13 23:48:09.369] End E001 | valid loss  6.665; ppl    784.63 | accu 0.1682 = 18876/112220 | w_len 1.6669 = 187056/112220
[2022-04-13 23:48:15.225] End E001 |  test loss  7.618; ppl   2035.27 | accu 0.0766 = 8837/115380 | w_len 1.2338 = 142355/115380 ../data/sample_500k/cbt_valid.txt
[2022-04-13 23:48:41.694] End E001 |  test loss  8.807; ppl   6680.31 | accu 0.0409 = 20721/506840 | w_len 1.5287 = 774825/506840 ../data/sample_500k/adult_test.txt
[2022-04-13 23:48:41.694] Save: model.pt... 
[2022-04-13 23:48:42.311] Save: model.pt...Done. best_val_loss: 6.6652
[2022-04-13 23:48:42.312] Epoch 002/20 ==================================================
[2022-04-13 23:48:59.957] E002 |   200/667 batches | lr 20.0000 | loss  6.661 | ppl    780.95 frag_cnt/word_cnt=1.705=238644/140000
[2022-04-13 23:49:17.615] E002 |   400/667 batches | lr 20.0000 | loss  6.459 | ppl    638.55 frag_cnt/word_cnt=1.725=241550/140000
[2022-04-13 23:49:35.359] E002 |   600/667 batches | lr 20.0000 | loss  6.241 | ppl    513.36 frag_cnt/word_cnt=1.719=240603/140000
[2022-04-13 23:49:41.271] E002 |   667/667 batches | lr 20.0000 | loss  6.118 | ppl    454.09 frag_cnt/word_cnt=1.729=81105/46900
[2022-04-13 23:49:47.203] End E002 | valid loss  6.240; ppl    512.82 | accu 0.1899 = 21309/112220 | w_len 1.6669 = 187056/112220
[2022-04-13 23:49:53.050] End E002 |  test loss  7.624; ppl   2046.30 | accu 0.0727 = 8387/115380 | w_len 1.2338 = 142355/115380 ../data/sample_500k/cbt_valid.txt
[2022-04-13 23:50:19.479] End E002 |  test loss  9.269; ppl  10601.20 | accu 0.0092 = 4681/506840 | w_len 1.5287 = 774825/506840 ../data/sample_500k/adult_test.txt
[2022-04-13 23:50:19.479] Save: model.pt... 
[2022-04-13 23:50:20.098] Save: model.pt...Done. best_val_loss: 6.2399
[2022-04-13 23:50:20.098] Epoch 003/20 ==================================================
[2022-04-13 23:50:37.734] E003 |   200/667 batches | lr 20.0000 | loss  6.060 | ppl    428.42 frag_cnt/word_cnt=1.705=238644/140000
[2022-04-13 23:50:55.384] E003 |   400/667 batches | lr 20.0000 | loss  6.006 | ppl    405.87 frag_cnt/word_cnt=1.725=241550/140000
[2022-04-13 23:51:13.161] E003 |   600/667 batches | lr 20.0000 | loss  5.861 | ppl    351.01 frag_cnt/word_cnt=1.719=240603/140000
[2022-04-13 23:51:19.161] E003 |   667/667 batches | lr 20.0000 | loss  5.774 | ppl    321.74 frag_cnt/word_cnt=1.729=81105/46900
[2022-04-13 23:51:25.088] End E003 | valid loss  6.123; ppl    456.33 | accu 0.2020 = 22663/112220 | w_len 1.6669 = 187056/112220
[2022-04-13 23:51:30.911] End E003 |  test loss  7.982; ppl   2929.01 | accu 0.0713 = 8232/115380 | w_len 1.2338 = 142355/115380 ../data/sample_500k/cbt_valid.txt
[2022-04-13 23:51:57.251] End E003 |  test loss  9.927; ppl  20476.56 | accu 0.0064 = 3222/506840 | w_len 1.5287 = 774825/506840 ../data/sample_500k/adult_test.txt
[2022-04-13 23:51:57.251] Save: model.pt... 
[2022-04-13 23:51:57.865] Save: model.pt...Done. best_val_loss: 6.1232
[2022-04-13 23:51:57.865] Epoch 004/20 ==================================================
[2022-04-13 23:52:15.589] E004 |   200/667 batches | lr 20.0000 | loss  5.769 | ppl    320.08 frag_cnt/word_cnt=1.705=238644/140000
[2022-04-13 23:52:33.441] E004 |   400/667 batches | lr 20.0000 | loss  5.739 | ppl    310.88 frag_cnt/word_cnt=1.725=241550/140000
[2022-04-13 23:52:51.386] E004 |   600/667 batches | lr 20.0000 | loss  5.628 | ppl    277.98 frag_cnt/word_cnt=1.719=240603/140000
[2022-04-13 23:52:57.380] E004 |   667/667 batches | lr 20.0000 | loss  5.552 | ppl    257.71 frag_cnt/word_cnt=1.729=81105/46900
[2022-04-13 23:53:03.296] End E004 | valid loss  6.030; ppl    415.78 | accu 0.2019 = 22654/112220 | w_len 1.6669 = 187056/112220
[2022-04-13 23:53:09.182] End E004 |  test loss  8.096; ppl   3280.40 | accu 0.0658 = 7591/115380 | w_len 1.2338 = 142355/115380 ../data/sample_500k/cbt_valid.txt
[2022-04-13 23:53:35.615] End E004 |  test loss  9.905; ppl  20025.26 | accu 0.0073 = 3708/506840 | w_len 1.5287 = 774825/506840 ../data/sample_500k/adult_test.txt
[2022-04-13 23:53:35.616] Save: model.pt... 
[2022-04-13 23:53:36.217] Save: model.pt...Done. best_val_loss: 6.0302
[2022-04-13 23:53:36.217] Epoch 005/20 ==================================================
[2022-04-13 23:53:54.095] E005 |   200/667 batches | lr 20.0000 | loss  5.542 | ppl    255.18 frag_cnt/word_cnt=1.705=238644/140000
[2022-04-13 23:54:12.030] E005 |   400/667 batches | lr 20.0000 | loss  5.549 | ppl    256.86 frag_cnt/word_cnt=1.725=241550/140000
[2022-04-13 23:54:29.956] E005 |   600/667 batches | lr 20.0000 | loss  5.443 | ppl    231.21 frag_cnt/word_cnt=1.719=240603/140000
[2022-04-13 23:54:35.994] E005 |   667/667 batches | lr 20.0000 | loss  5.374 | ppl    215.81 frag_cnt/word_cnt=1.729=81105/46900
[2022-04-13 23:54:41.891] End E005 | valid loss  6.020; ppl    411.56 | accu 0.2017 = 22632/112220 | w_len 1.6669 = 187056/112220
[2022-04-13 23:54:47.725] End E005 |  test loss  7.821; ppl   2492.41 | accu 0.0660 = 7613/115380 | w_len 1.2338 = 142355/115380 ../data/sample_500k/cbt_valid.txt
[2022-04-13 23:55:14.058] End E005 |  test loss  9.268; ppl  10598.32 | accu 0.0092 = 4678/506840 | w_len 1.5287 = 774825/506840 ../data/sample_500k/adult_test.txt
[2022-04-13 23:55:14.058] Save: model.pt... 
[2022-04-13 23:55:14.651] Save: model.pt...Done. best_val_loss: 6.0200
[2022-04-13 23:55:14.651] Epoch 006/20 ==================================================
[2022-04-13 23:55:32.477] E006 |   200/667 batches | lr 20.0000 | loss  5.370 | ppl    214.96 frag_cnt/word_cnt=1.705=238644/140000
[2022-04-13 23:55:50.418] E006 |   400/667 batches | lr 20.0000 | loss  5.386 | ppl    218.25 frag_cnt/word_cnt=1.725=241550/140000
[2022-04-13 23:56:08.316] E006 |   600/667 batches | lr 20.0000 | loss  5.298 | ppl    199.98 frag_cnt/word_cnt=1.719=240603/140000
[2022-04-13 23:56:14.312] E006 |   667/667 batches | lr 20.0000 | loss  5.232 | ppl    187.14 frag_cnt/word_cnt=1.729=81105/46900
[2022-04-13 23:56:20.208] End E006 | valid loss  6.027; ppl    414.53 | accu 0.2088 = 23436/112220 | w_len 1.6669 = 187056/112220
[2022-04-13 23:56:26.013] End E006 |  test loss  8.182; ppl   3574.45 | accu 0.0706 = 8146/115380 | w_len 1.2338 = 142355/115380 ../data/sample_500k/cbt_valid.txt
[2022-04-13 23:56:52.225] End E006 |  test loss  9.351; ppl  11516.06 | accu 0.0116 = 5899/506840 | w_len 1.5287 = 774825/506840 ../data/sample_500k/adult_test.txt
[2022-04-13 23:56:52.225] Epoch 007/20 ==================================================
[2022-04-13 23:57:10.063] E007 |   200/667 batches | lr 10.0000 | loss  5.138 | ppl    170.44 frag_cnt/word_cnt=1.705=238644/140000
[2022-04-13 23:57:28.040] E007 |   400/667 batches | lr 10.0000 | loss  5.108 | ppl    165.39 frag_cnt/word_cnt=1.725=241550/140000
[2022-04-13 23:57:45.995] E007 |   600/667 batches | lr 10.0000 | loss  4.988 | ppl    146.63 frag_cnt/word_cnt=1.719=240603/140000
[2022-04-13 23:57:51.998] E007 |   667/667 batches | lr 10.0000 | loss  4.904 | ppl    134.82 frag_cnt/word_cnt=1.729=81105/46900
[2022-04-13 23:57:57.958] End E007 | valid loss  5.945; ppl    381.74 | accu 0.2160 = 24234/112220 | w_len 1.6669 = 187056/112220
[2022-04-13 23:58:03.804] End E007 |  test loss  8.182; ppl   3577.24 | accu 0.0728 = 8396/115380 | w_len 1.2338 = 142355/115380 ../data/sample_500k/cbt_valid.txt
[2022-04-13 23:58:30.331] End E007 |  test loss  9.213; ppl  10027.22 | accu 0.0121 = 6121/506840 | w_len 1.5287 = 774825/506840 ../data/sample_500k/adult_test.txt
[2022-04-13 23:58:30.331] Save: model.pt... 
[2022-04-13 23:58:30.930] Save: model.pt...Done. best_val_loss: 5.9447
[2022-04-13 23:58:30.930] Epoch 008/20 ==================================================
[2022-04-13 23:58:48.672] E008 |   200/667 batches | lr 10.0000 | loss  4.998 | ppl    148.09 frag_cnt/word_cnt=1.705=238644/140000
[2022-04-13 23:59:06.588] E008 |   400/667 batches | lr 10.0000 | loss  4.993 | ppl    147.31 frag_cnt/word_cnt=1.725=241550/140000
[2022-04-13 23:59:24.598] E008 |   600/667 batches | lr 10.0000 | loss  4.895 | ppl    133.65 frag_cnt/word_cnt=1.719=240603/140000
[2022-04-13 23:59:30.587] E008 |   667/667 batches | lr 10.0000 | loss  4.831 | ppl    125.32 frag_cnt/word_cnt=1.729=81105/46900
[2022-04-13 23:59:36.509] End E008 | valid loss  5.944; ppl    381.27 | accu 0.2166 = 24304/112220 | w_len 1.6669 = 187056/112220
[2022-04-13 23:59:42.339] End E008 |  test loss  8.117; ppl   3349.61 | accu 0.0730 = 8426/115380 | w_len 1.2338 = 142355/115380 ../data/sample_500k/cbt_valid.txt
[2022-04-14 00:00:08.765] End E008 |  test loss  9.288; ppl  10805.48 | accu 0.0111 = 5602/506840 | w_len 1.5287 = 774825/506840 ../data/sample_500k/adult_test.txt
[2022-04-14 00:00:08.765] Save: model.pt... 
[2022-04-14 00:00:09.373] Save: model.pt...Done. best_val_loss: 5.9435
[2022-04-14 00:00:09.374] Epoch 009/20 ==================================================
[2022-04-14 00:00:27.251] E009 |   200/667 batches | lr 10.0000 | loss  4.899 | ppl    134.11 frag_cnt/word_cnt=1.705=238644/140000
[2022-04-14 00:00:44.806] E009 |   400/667 batches | lr 10.0000 | loss  4.899 | ppl    134.10 frag_cnt/word_cnt=1.725=241550/140000
[2022-04-14 00:01:02.697] E009 |   600/667 batches | lr 10.0000 | loss  4.813 | ppl    123.13 frag_cnt/word_cnt=1.719=240603/140000
[2022-04-14 00:01:08.729] E009 |   667/667 batches | lr 10.0000 | loss  4.749 | ppl    115.44 frag_cnt/word_cnt=1.729=81105/46900
[2022-04-14 00:01:14.630] End E009 | valid loss  5.963; ppl    388.77 | accu 0.2154 = 24176/112220 | w_len 1.6669 = 187056/112220
[2022-04-14 00:01:20.496] End E009 |  test loss  8.022; ppl   3047.74 | accu 0.0732 = 8451/115380 | w_len 1.2338 = 142355/115380 ../data/sample_500k/cbt_valid.txt
[2022-04-14 00:01:46.839] End E009 |  test loss  8.955; ppl   7746.89 | accu 0.0152 = 7697/506840 | w_len 1.5287 = 774825/506840 ../data/sample_500k/adult_test.txt
[2022-04-14 00:01:46.840] Epoch 010/20 ==================================================
[2022-04-14 00:02:04.645] E010 |   200/667 batches | lr 5.0000 | loss  4.786 | ppl    119.77 frag_cnt/word_cnt=1.705=238644/140000
[2022-04-14 00:02:22.213] E010 |   400/667 batches | lr 5.0000 | loss  4.754 | ppl    116.09 frag_cnt/word_cnt=1.725=241550/140000
[2022-04-14 00:02:40.207] E010 |   600/667 batches | lr 5.0000 | loss  4.644 | ppl    103.95 frag_cnt/word_cnt=1.719=240603/140000
[2022-04-14 00:02:46.133] E010 |   667/667 batches | lr 5.0000 | loss  4.568 | ppl     96.30 frag_cnt/word_cnt=1.729=81105/46900
[2022-04-14 00:02:52.048] End E010 | valid loss  5.948; ppl    382.98 | accu 0.2202 = 24715/112220 | w_len 1.6669 = 187056/112220
[2022-04-14 00:02:57.895] End E010 |  test loss  8.159; ppl   3493.10 | accu 0.0736 = 8487/115380 | w_len 1.2338 = 142355/115380 ../data/sample_500k/cbt_valid.txt
[2022-04-14 00:03:24.350] End E010 |  test loss  9.016; ppl   8232.55 | accu 0.0157 = 7977/506840 | w_len 1.5287 = 774825/506840 ../data/sample_500k/adult_test.txt
[2022-04-14 00:03:24.350] Epoch 011/20 ==================================================
[2022-04-14 00:03:42.181] E011 |   200/667 batches | lr 2.5000 | loss  4.696 | ppl    109.50 frag_cnt/word_cnt=1.705=238644/140000
[2022-04-14 00:04:00.047] E011 |   400/667 batches | lr 2.5000 | loss  4.670 | ppl    106.70 frag_cnt/word_cnt=1.725=241550/140000
[2022-04-14 00:04:18.028] E011 |   600/667 batches | lr 2.5000 | loss  4.556 | ppl     95.19 frag_cnt/word_cnt=1.719=240603/140000
[2022-04-14 00:04:24.032] E011 |   667/667 batches | lr 2.5000 | loss  4.471 | ppl     87.42 frag_cnt/word_cnt=1.729=81105/46900
[2022-04-14 00:04:30.006] End E011 | valid loss  5.935; ppl    378.07 | accu 0.2233 = 25056/112220 | w_len 1.6669 = 187056/112220
[2022-04-14 00:04:35.983] End E011 |  test loss  8.038; ppl   3097.42 | accu 0.0751 = 8664/115380 | w_len 1.2338 = 142355/115380 ../data/sample_500k/cbt_valid.txt
[2022-04-14 00:05:02.669] End E011 |  test loss  9.048; ppl   8504.26 | accu 0.0150 = 7589/506840 | w_len 1.5287 = 774825/506840 ../data/sample_500k/adult_test.txt
[2022-04-14 00:05:02.670] Save: model.pt... 
[2022-04-14 00:05:03.280] Save: model.pt...Done. best_val_loss: 5.9351
[2022-04-14 00:05:03.280] Epoch 012/20 ==================================================
[2022-04-14 00:05:20.838] E012 |   200/667 batches | lr 2.5000 | loss  4.651 | ppl    104.74 frag_cnt/word_cnt=1.705=238644/140000
[2022-04-14 00:05:38.754] E012 |   400/667 batches | lr 2.5000 | loss  4.631 | ppl    102.60 frag_cnt/word_cnt=1.725=241550/140000
[2022-04-14 00:05:56.579] E012 |   600/667 batches | lr 2.5000 | loss  4.527 | ppl     92.53 frag_cnt/word_cnt=1.719=240603/140000
[2022-04-14 00:06:02.636] E012 |   667/667 batches | lr 2.5000 | loss  4.452 | ppl     85.76 frag_cnt/word_cnt=1.729=81105/46900
[2022-04-14 00:06:08.557] End E012 | valid loss  5.940; ppl    379.93 | accu 0.2229 = 25011/112220 | w_len 1.6669 = 187056/112220
[2022-04-14 00:06:14.367] End E012 |  test loss  8.059; ppl   3160.84 | accu 0.0760 = 8774/115380 | w_len 1.2338 = 142355/115380 ../data/sample_500k/cbt_valid.txt
[2022-04-14 00:06:40.838] End E012 |  test loss  9.005; ppl   8143.64 | accu 0.0166 = 8430/506840 | w_len 1.5287 = 774825/506840 ../data/sample_500k/adult_test.txt
[2022-04-14 00:06:40.838] Epoch 013/20 ==================================================
[2022-04-14 00:06:58.550] E013 |   200/667 batches | lr 1.2500 | loss  4.618 | ppl    101.31 frag_cnt/word_cnt=1.705=238644/140000
[2022-04-14 00:07:16.526] E013 |   400/667 batches | lr 1.2500 | loss  4.594 | ppl     98.89 frag_cnt/word_cnt=1.725=241550/140000
[2022-04-14 00:07:34.478] E013 |   600/667 batches | lr 1.2500 | loss  4.484 | ppl     88.59 frag_cnt/word_cnt=1.719=240603/140000
[2022-04-14 00:07:40.519] E013 |   667/667 batches | lr 1.2500 | loss  4.399 | ppl     81.38 frag_cnt/word_cnt=1.729=81105/46900
[2022-04-14 00:07:46.451] End E013 | valid loss  5.942; ppl    380.59 | accu 0.2243 = 25173/112220 | w_len 1.6669 = 187056/112220
[2022-04-14 00:07:52.304] End E013 |  test loss  8.002; ppl   2985.46 | accu 0.0767 = 8855/115380 | w_len 1.2338 = 142355/115380 ../data/sample_500k/cbt_valid.txt
[2022-04-14 00:08:18.834] End E013 |  test loss  8.832; ppl   6852.29 | accu 0.0195 = 9883/506840 | w_len 1.5287 = 774825/506840 ../data/sample_500k/adult_test.txt
[2022-04-14 00:08:18.834] Epoch 014/20 ==================================================
[2022-04-14 00:08:36.689] E014 |   200/667 batches | lr 0.6250 | loss  4.597 | ppl     99.18 frag_cnt/word_cnt=1.705=238644/140000
[2022-04-14 00:08:54.703] E014 |   400/667 batches | lr 0.6250 | loss  4.570 | ppl     96.54 frag_cnt/word_cnt=1.725=241550/140000
[2022-04-14 00:09:12.711] E014 |   600/667 batches | lr 0.6250 | loss  4.457 | ppl     86.20 frag_cnt/word_cnt=1.719=240603/140000
[2022-04-14 00:09:18.766] E014 |   667/667 batches | lr 0.6250 | loss  4.374 | ppl     79.35 frag_cnt/word_cnt=1.729=81105/46900
[2022-04-14 00:09:24.696] End E014 | valid loss  5.942; ppl    380.68 | accu 0.2254 = 25292/112220 | w_len 1.6669 = 187056/112220
[2022-04-14 00:09:30.515] End E014 |  test loss  7.989; ppl   2949.81 | accu 0.0779 = 8985/115380 | w_len 1.2338 = 142355/115380 ../data/sample_500k/cbt_valid.txt
[2022-04-14 00:09:56.918] End E014 |  test loss  8.918; ppl   7463.32 | accu 0.0188 = 9516/506840 | w_len 1.5287 = 774825/506840 ../data/sample_500k/adult_test.txt
[2022-04-14 00:09:56.918] Epoch 015/20 ==================================================
[2022-04-14 00:10:14.754] E015 |   200/667 batches | lr 0.3125 | loss  4.581 | ppl     97.65 frag_cnt/word_cnt=1.705=238644/140000
[2022-04-14 00:10:32.722] E015 |   400/667 batches | lr 0.3125 | loss  4.558 | ppl     95.36 frag_cnt/word_cnt=1.725=241550/140000
[2022-04-14 00:10:50.515] E015 |   600/667 batches | lr 0.3125 | loss  4.440 | ppl     84.80 frag_cnt/word_cnt=1.719=240603/140000
[2022-04-14 00:10:56.490] E015 |   667/667 batches | lr 0.3125 | loss  4.365 | ppl     78.66 frag_cnt/word_cnt=1.729=81105/46900
[2022-04-14 00:11:02.429] End E015 | valid loss  5.940; ppl    379.90 | accu 0.2259 = 25356/112220 | w_len 1.6669 = 187056/112220
[2022-04-14 00:11:08.244] End E015 |  test loss  7.981; ppl   2924.21 | accu 0.0777 = 8969/115380 | w_len 1.2338 = 142355/115380 ../data/sample_500k/cbt_valid.txt
[2022-04-14 00:11:34.592] End E015 |  test loss  8.923; ppl   7504.86 | accu 0.0191 = 9672/506840 | w_len 1.5287 = 774825/506840 ../data/sample_500k/adult_test.txt
[2022-04-14 00:11:34.592] Epoch 016/20 ==================================================
[2022-04-14 00:11:52.411] E016 |   200/667 batches | lr 0.1562 | loss  4.576 | ppl     97.10 frag_cnt/word_cnt=1.705=238644/140000
[2022-04-14 00:12:10.406] E016 |   400/667 batches | lr 0.1562 | loss  4.548 | ppl     94.48 frag_cnt/word_cnt=1.725=241550/140000
[2022-04-14 00:12:28.176] E016 |   600/667 batches | lr 0.1562 | loss  4.438 | ppl     84.61 frag_cnt/word_cnt=1.719=240603/140000
[2022-04-14 00:12:34.228] E016 |   667/667 batches | lr 0.1562 | loss  4.352 | ppl     77.62 frag_cnt/word_cnt=1.729=81105/46900
[2022-04-14 00:12:40.204] End E016 | valid loss  5.939; ppl    379.42 | accu 0.2260 = 25359/112220 | w_len 1.6669 = 187056/112220
[2022-04-14 00:12:46.025] End E016 |  test loss  7.962; ppl   2870.75 | accu 0.0777 = 8964/115380 | w_len 1.2338 = 142355/115380 ../data/sample_500k/cbt_valid.txt
[2022-04-14 00:13:12.336] End E016 |  test loss  8.893; ppl   7278.77 | accu 0.0200 = 10123/506840 | w_len 1.5287 = 774825/506840 ../data/sample_500k/adult_test.txt
[2022-04-14 00:13:12.336] Epoch 017/20 ==================================================
[2022-04-14 00:13:30.069] E017 |   200/667 batches | lr 0.0781 | loss  4.573 | ppl     96.81 frag_cnt/word_cnt=1.705=238644/140000
[2022-04-14 00:13:48.124] E017 |   400/667 batches | lr 0.0781 | loss  4.546 | ppl     94.29 frag_cnt/word_cnt=1.725=241550/140000
[2022-04-14 00:14:06.099] E017 |   600/667 batches | lr 0.0781 | loss  4.431 | ppl     84.04 frag_cnt/word_cnt=1.719=240603/140000
[2022-04-14 00:14:12.149] E017 |   667/667 batches | lr 0.0781 | loss  4.354 | ppl     77.76 frag_cnt/word_cnt=1.729=81105/46900
[2022-04-14 00:14:18.046] End E017 | valid loss  5.942; ppl    380.63 | accu 0.2259 = 25346/112220 | w_len 1.6669 = 187056/112220
[2022-04-14 00:14:23.878] End E017 |  test loss  7.989; ppl   2948.29 | accu 0.0776 = 8948/115380 | w_len 1.2338 = 142355/115380 ../data/sample_500k/cbt_valid.txt
[2022-04-14 00:14:50.197] End E017 |  test loss  8.928; ppl   7539.11 | accu 0.0197 = 9984/506840 | w_len 1.5287 = 774825/506840 ../data/sample_500k/adult_test.txt
[2022-04-14 00:14:50.197] Epoch 018/20 ==================================================
[2022-04-14 00:15:07.990] E018 |   200/667 batches | lr 0.0391 | loss  4.571 | ppl     96.68 frag_cnt/word_cnt=1.705=238644/140000
[2022-04-14 00:15:25.981] E018 |   400/667 batches | lr 0.0391 | loss  4.542 | ppl     93.91 frag_cnt/word_cnt=1.725=241550/140000
[2022-04-14 00:15:43.931] E018 |   600/667 batches | lr 0.0391 | loss  4.428 | ppl     83.74 frag_cnt/word_cnt=1.719=240603/140000
[2022-04-14 00:15:49.973] E018 |   667/667 batches | lr 0.0391 | loss  4.348 | ppl     77.29 frag_cnt/word_cnt=1.729=81105/46900
[2022-04-14 00:15:55.914] End E018 | valid loss  5.942; ppl    380.62 | accu 0.2259 = 25356/112220 | w_len 1.6669 = 187056/112220
[2022-04-14 00:16:01.729] End E018 |  test loss  7.990; ppl   2950.93 | accu 0.0776 = 8955/115380 | w_len 1.2338 = 142355/115380 ../data/sample_500k/cbt_valid.txt
[2022-04-14 00:16:28.019] End E018 |  test loss  8.923; ppl   7505.16 | accu 0.0199 = 10069/506840 | w_len 1.5287 = 774825/506840 ../data/sample_500k/adult_test.txt
[2022-04-14 00:16:28.019] Epoch 019/20 ==================================================
[2022-04-14 00:16:45.856] E019 |   200/667 batches | lr 0.0195 | loss  4.570 | ppl     96.52 frag_cnt/word_cnt=1.705=238644/140000
[2022-04-14 00:17:03.751] E019 |   400/667 batches | lr 0.0195 | loss  4.544 | ppl     94.03 frag_cnt/word_cnt=1.725=241550/140000
[2022-04-14 00:17:21.556] E019 |   600/667 batches | lr 0.0195 | loss  4.430 | ppl     83.97 frag_cnt/word_cnt=1.719=240603/140000
[2022-04-14 00:17:27.584] E019 |   667/667 batches | lr 0.0195 | loss  4.347 | ppl     77.26 frag_cnt/word_cnt=1.729=81105/46900
[2022-04-14 00:17:33.474] End E019 | valid loss  5.943; ppl    381.02 | accu 0.2260 = 25358/112220 | w_len 1.6669 = 187056/112220
[2022-04-14 00:17:39.309] End E019 |  test loss  7.999; ppl   2978.91 | accu 0.0775 = 8947/115380 | w_len 1.2338 = 142355/115380 ../data/sample_500k/cbt_valid.txt
[2022-04-14 00:18:05.731] End E019 |  test loss  8.931; ppl   7564.00 | accu 0.0198 = 10024/506840 | w_len 1.5287 = 774825/506840 ../data/sample_500k/adult_test.txt
[2022-04-14 00:18:05.731] Epoch 020/20 ==================================================
[2022-04-14 00:18:23.581] E020 |   200/667 batches | lr 0.0098 | loss  4.568 | ppl     96.33 frag_cnt/word_cnt=1.705=238644/140000
[2022-04-14 00:18:41.523] E020 |   400/667 batches | lr 0.0098 | loss  4.542 | ppl     93.91 frag_cnt/word_cnt=1.725=241550/140000
[2022-04-14 00:18:59.495] E020 |   600/667 batches | lr 0.0098 | loss  4.430 | ppl     83.90 frag_cnt/word_cnt=1.719=240603/140000
[2022-04-14 00:19:05.517] E020 |   667/667 batches | lr 0.0098 | loss  4.344 | ppl     77.03 frag_cnt/word_cnt=1.729=81105/46900
[2022-04-14 00:19:11.405] End E020 | valid loss  5.943; ppl    381.20 | accu 0.2261 = 25373/112220 | w_len 1.6669 = 187056/112220
[2022-04-14 00:19:17.208] End E020 |  test loss  8.000; ppl   2981.13 | accu 0.0775 = 8942/115380 | w_len 1.2338 = 142355/115380 ../data/sample_500k/cbt_valid.txt
[2022-04-14 00:19:43.346] End E020 |  test loss  8.934; ppl   7582.72 | accu 0.0197 = 10010/506840 | w_len 1.5287 = 774825/506840 ../data/sample_500k/adult_test.txt
[2022-04-14 00:19:49.359] End. test loss  8.04; ppl  3097.42 | accu 0.0751 = 8664/115380 | w_len 1.2338 = 142355/115380 ../data/sample_500k/cbt_valid.txt
[2022-04-14 00:20:15.586] End. test loss  9.05; ppl  8504.26 | accu 0.0150 = 7589/506840 | w_len 1.5287 = 774825/506840 ../data/sample_500k/adult_test.txt
[2022-04-14 00:20:15.586] =========================================================================================
[2022-04-14 00:20:15.586] valid_loss
[2022-04-14 00:20:15.586]  6.67, 6.24, 6.12, 6.03, 6.02, 6.03, 5.94, 5.94, 5.96, 5.95, 5.94, 5.94, 5.94, 5.94, 5.94, 5.94, 5.94, 5.94, 5.94, 5.94
[2022-04-14 00:20:15.586] valid_loss ppl
[2022-04-14 00:20:15.587]   784.63,  512.82,  456.33,  415.78,  411.56,  414.53,  381.74,  381.27,  388.77,  382.98,  378.07,  379.93,  380.59,  380.68,  379.90,  379.42,  380.63,  380.62,  381.02,  381.20
[2022-04-14 00:20:15.587] test_loss of ../data/sample_500k/cbt_valid.txt
[2022-04-14 00:20:15.587]  7.62, 7.62, 7.98, 8.10, 7.82, 8.18, 8.18, 8.12, 8.02, 8.16, 8.04, 8.06, 8.00, 7.99, 7.98, 7.96, 7.99, 7.99, 8.00, 8.00
[2022-04-14 00:20:15.587] test_loss of ../data/sample_500k/cbt_valid.txt ppl
[2022-04-14 00:20:15.587]  2035.27, 2046.30, 2929.01, 3280.40, 2492.41, 3574.45, 3577.24, 3349.61, 3047.74, 3493.10, 3097.42, 3160.84, 2985.46, 2949.81, 2924.21, 2870.75, 2948.29, 2950.93, 2978.91, 2981.13
[2022-04-14 00:20:15.587] test_loss of ../data/sample_500k/adult_test.txt
[2022-04-14 00:20:15.587]  8.81, 9.27, 9.93, 9.90, 9.27, 9.35, 9.21, 9.29, 8.96, 9.02, 9.05, 9.00, 8.83, 8.92, 8.92, 8.89, 8.93, 8.92, 8.93, 8.93
[2022-04-14 00:20:15.587] test_loss of ../data/sample_500k/adult_test.txt ppl
[2022-04-14 00:20:15.587]  6680.31,10601.20,20476.56,20025.26,10598.32,11516.06,10027.22,10805.48, 7746.89, 8232.55, 8504.26, 8143.64, 6852.29, 7463.32, 7504.86, 7278.77, 7539.11, 7505.16, 7564.00, 7582.72
[2022-04-14 00:20:15.587] 
[2022-04-14 00:20:15.587] 
[2022-04-14 00:20:15.587] 
