[2022-04-13 22:05:31.864] corpus.train_file_list: 1
[2022-04-13 22:05:31.864]         ../data/sample_500k/adolescent_train.txt
[2022-04-13 22:05:31.864] corpus.valid_file_list: 1
[2022-04-13 22:05:31.864]         ../data/sample_500k/adolescent_valid.txt
[2022-04-13 22:05:31.864] corpus.test_file_list: 2
[2022-04-13 22:05:31.864]         ../data/sample_500k/cbt_valid.txt
[2022-04-13 22:05:31.864]         ../data/sample_500k/adult_test.txt
[2022-04-13 22:05:31.864] corpus.subword_vocab_size: 0
[2022-04-13 22:05:31.864] corpus.subword_model = None. Corpus will not use subword.
[2022-04-13 22:05:31.864] corpus tokenize...
[2022-04-13 22:05:32.942]         train tokens: 467267  ../data/sample_500k/adolescent_train.txt
[2022-04-13 22:05:33.180]         valid tokens: 112256  ../data/sample_500k/adolescent_valid.txt
[2022-04-13 22:05:33.317]         test  tokens: 115417  ../data/sample_500k/cbt_valid.txt
[2022-04-13 22:05:33.951]         test  tokens: 506878  ../data/sample_500k/adult_test.txt
[2022-04-13 22:05:33.951] corpus.ntokens      : 95521
[2022-04-13 22:05:33.951] corpus.char_count   : 166
[2022-04-13 22:05:33.951] corpus.char_cnt_dict: 166
[2022-04-13 22:05:33.951] corpus.char_id_dict : 166
[2022-04-13 22:05:33.959] corpus.batchify(1 files, batch_size=20)...
[2022-04-13 22:05:33.959]         tokens_all: 467267
[2022-04-13 22:05:33.959]         batched   :  23363
[2022-04-13 22:05:33.959]         ../data/sample_500k/adolescent_train.txt
[2022-04-13 22:05:33.963] corpus.batchify(1 files, batch_size=20)...
[2022-04-13 22:05:33.963]         tokens_all: 112256
[2022-04-13 22:05:33.963]         batched   :   5612
[2022-04-13 22:05:33.963]         ../data/sample_500k/adolescent_valid.txt
[2022-04-13 22:05:33.968] corpus.batchify(1 files, batch_size=20)...
[2022-04-13 22:05:33.968]         tokens_all: 115417
[2022-04-13 22:05:33.968]         batched   :   5770
[2022-04-13 22:05:33.968]         ../data/sample_500k/cbt_valid.txt
[2022-04-13 22:05:33.976] corpus.batchify(1 files, batch_size=20)...
[2022-04-13 22:05:33.976]         tokens_all: 506878
[2022-04-13 22:05:33.977]         batched   :  25343
[2022-04-13 22:05:33.977]         ../data/sample_500k/adult_test.txt
[2022-04-13 22:05:33.977] subword_adapter will be generated due to word_split_mode='Subword.5000'
[2022-04-13 22:05:33.978] SubwordAdapter.file_list: 2
[2022-04-13 22:05:33.978]         ../data/sample_500k/adolescent_train.txt
[2022-04-13 22:05:33.978]         ../data/sample_500k/adolescent_valid.txt
[2022-04-13 22:05:33.978] SubwordAdapter.subword_vocab_size: 5000
[2022-04-13 22:05:33.978] SubwordAdapter.subword_model.train(2 files)...
[2022-04-13 22:05:34.897] SubwordAdapter.subword_model.train(2 files)...Done
[2022-04-13 22:05:35.585] RNNModel.rnn_type: LSTM
[2022-04-13 22:05:35.586] RNNModel.ntoken  : 95521
[2022-04-13 22:05:35.586] RNNModel.ninp    : 200
[2022-04-13 22:05:35.586] RNNModel.nhid    : 200
[2022-04-13 22:05:35.586] RNNModel.nlayers : 2
[2022-04-13 22:05:35.586] RNNModel.dropout : 0.2
[2022-04-13 22:05:35.586] RNNModel.tie_weights: False
[2022-04-13 22:05:35.586] RNNModel.fragment_aggregate_mode: LSTM
[2022-04-13 22:05:35.586] RNNModel.fragment_cnt           : 5002
[2022-04-13 22:05:35.586] RNNModel.fragment_emsize        : 25
[2022-04-13 22:05:35.586] RNNModel.fragment_nhid          : 200
[2022-04-13 22:05:35.588] RNNModel.fragment_embeds     : created
[2022-04-13 22:05:35.592] RNNModel.fragment_lstm       : created
[2022-04-13 22:05:35.592] RNNModel.fragment_lstm_linear: created
[2022-04-13 22:05:35.634] Epoch 001/20 ==================================================
[2022-04-13 22:06:38.046] E001 |   200/667 batches | lr 20.0000 | loss  8.534 | ppl   5083.27 frag_cnt/word_cnt=1.798=251773/140000
[2022-04-13 22:07:38.404] E001 |   400/667 batches | lr 20.0000 | loss  7.751 | ppl   2324.75 frag_cnt/word_cnt=1.823=255238/140000
[2022-04-13 22:08:39.897] E001 |   600/667 batches | lr 20.0000 | loss  7.178 | ppl   1310.26 frag_cnt/word_cnt=1.815=254110/140000
[2022-04-13 22:09:01.321] E001 |   667/667 batches | lr 20.0000 | loss  6.867 | ppl    959.86 frag_cnt/word_cnt=1.821=85386/46900
[2022-04-13 22:09:15.812] End E001 | valid loss  6.755; ppl    858.71 | accu 0.1753 = 19670/112220 | w_len 1.7601 = 197513/112220
[2022-04-13 22:09:30.243] End E001 |  test loss  7.863; ppl   2599.77 | accu 0.0640 = 7385/115380 | w_len 1.3025 = 150286/115380 ../data/sample_500k/cbt_valid.txt
[2022-04-13 22:10:35.563] End E001 |  test loss  9.188; ppl   9781.06 | accu 0.0088 = 4469/506840 | w_len 1.6811 = 852047/506840 ../data/sample_500k/adult_test.txt
[2022-04-13 22:10:35.564] Save: model.pt... 
[2022-04-13 22:10:36.161] Save: model.pt...Done. best_val_loss: 6.7554
[2022-04-13 22:10:36.162] Epoch 002/20 ==================================================
[2022-04-13 22:11:36.099] E002 |   200/667 batches | lr 20.0000 | loss  6.659 | ppl    779.50 frag_cnt/word_cnt=1.798=251773/140000
[2022-04-13 22:12:38.414] E002 |   400/667 batches | lr 20.0000 | loss  6.486 | ppl    655.76 frag_cnt/word_cnt=1.823=255238/140000
[2022-04-13 22:13:39.643] E002 |   600/667 batches | lr 20.0000 | loss  6.262 | ppl    524.48 frag_cnt/word_cnt=1.815=254110/140000
[2022-04-13 22:13:59.815] E002 |   667/667 batches | lr 20.0000 | loss  6.135 | ppl    461.90 frag_cnt/word_cnt=1.821=85386/46900
[2022-04-13 22:14:14.041] End E002 | valid loss  6.254; ppl    520.32 | accu 0.1876 = 21056/112220 | w_len 1.7601 = 197513/112220
[2022-04-13 22:14:28.513] End E002 |  test loss  7.495; ppl   1798.14 | accu 0.0802 = 9253/115380 | w_len 1.3025 = 150286/115380 ../data/sample_500k/cbt_valid.txt
[2022-04-13 22:15:32.812] End E002 |  test loss  9.216; ppl  10060.92 | accu 0.0101 = 5094/506840 | w_len 1.6811 = 852047/506840 ../data/sample_500k/adult_test.txt
[2022-04-13 22:15:32.813] Save: model.pt... 
[2022-04-13 22:15:33.401] Save: model.pt...Done. best_val_loss: 6.2544
[2022-04-13 22:15:33.402] Epoch 003/20 ==================================================
[2022-04-13 22:16:33.696] E003 |   200/667 batches | lr 20.0000 | loss  6.082 | ppl    438.03 frag_cnt/word_cnt=1.798=251773/140000
[2022-04-13 22:17:34.775] E003 |   400/667 batches | lr 20.0000 | loss  6.023 | ppl    412.99 frag_cnt/word_cnt=1.823=255238/140000
[2022-04-13 22:18:39.037] E003 |   600/667 batches | lr 20.0000 | loss  5.877 | ppl    356.91 frag_cnt/word_cnt=1.815=254110/140000
[2022-04-13 22:19:00.533] E003 |   667/667 batches | lr 20.0000 | loss  5.786 | ppl    325.82 frag_cnt/word_cnt=1.821=85386/46900
[2022-04-13 22:19:14.940] End E003 | valid loss  6.081; ppl    437.30 | accu 0.2052 = 23028/112220 | w_len 1.7601 = 197513/112220
[2022-04-13 22:19:29.675] End E003 |  test loss  7.833; ppl   2523.17 | accu 0.0723 = 8337/115380 | w_len 1.3025 = 150286/115380 ../data/sample_500k/cbt_valid.txt
[2022-04-13 22:20:33.984] End E003 |  test loss  9.087; ppl   8835.86 | accu 0.0099 = 5019/506840 | w_len 1.6811 = 852047/506840 ../data/sample_500k/adult_test.txt
[2022-04-13 22:20:33.984] Save: model.pt... 
[2022-04-13 22:20:34.582] Save: model.pt...Done. best_val_loss: 6.0806
[2022-04-13 22:20:34.582] Epoch 004/20 ==================================================
[2022-04-13 22:21:35.407] E004 |   200/667 batches | lr 20.0000 | loss  5.748 | ppl    313.59 frag_cnt/word_cnt=1.798=251773/140000
[2022-04-13 22:22:38.701] E004 |   400/667 batches | lr 20.0000 | loss  5.727 | ppl    307.00 frag_cnt/word_cnt=1.823=255238/140000
[2022-04-13 22:23:40.462] E004 |   600/667 batches | lr 20.0000 | loss  5.613 | ppl    273.97 frag_cnt/word_cnt=1.815=254110/140000
[2022-04-13 22:24:01.223] E004 |   667/667 batches | lr 20.0000 | loss  5.540 | ppl    254.78 frag_cnt/word_cnt=1.821=85386/46900
[2022-04-13 22:24:15.763] End E004 | valid loss  6.061; ppl    428.80 | accu 0.2084 = 23392/112220 | w_len 1.7601 = 197513/112220
[2022-04-13 22:24:30.527] End E004 |  test loss  7.824; ppl   2500.21 | accu 0.0734 = 8468/115380 | w_len 1.3025 = 150286/115380 ../data/sample_500k/cbt_valid.txt
[2022-04-13 22:25:34.626] End E004 |  test loss  9.334; ppl  11318.95 | accu 0.0107 = 5412/506840 | w_len 1.6811 = 852047/506840 ../data/sample_500k/adult_test.txt
[2022-04-13 22:25:34.627] Save: model.pt... 
[2022-04-13 22:25:35.230] Save: model.pt...Done. best_val_loss: 6.0610
[2022-04-13 22:25:35.230] Epoch 005/20 ==================================================
[2022-04-13 22:26:34.889] E005 |   200/667 batches | lr 20.0000 | loss  5.514 | ppl    248.18 frag_cnt/word_cnt=1.798=251773/140000
[2022-04-13 22:27:38.130] E005 |   400/667 batches | lr 20.0000 | loss  5.526 | ppl    251.15 frag_cnt/word_cnt=1.823=255238/140000
[2022-04-13 22:28:40.907] E005 |   600/667 batches | lr 20.0000 | loss  5.415 | ppl    224.66 frag_cnt/word_cnt=1.815=254110/140000
[2022-04-13 22:29:01.609] E005 |   667/667 batches | lr 20.0000 | loss  5.344 | ppl    209.25 frag_cnt/word_cnt=1.821=85386/46900
[2022-04-13 22:29:16.150] End E005 | valid loss  6.054; ppl    425.84 | accu 0.2011 = 22571/112220 | w_len 1.7601 = 197513/112220
[2022-04-13 22:29:30.701] End E005 |  test loss  7.325; ppl   1518.06 | accu 0.0777 = 8968/115380 | w_len 1.3025 = 150286/115380 ../data/sample_500k/cbt_valid.txt
[2022-04-13 22:30:35.018] End E005 |  test loss  8.824; ppl   6798.75 | accu 0.0166 = 8434/506840 | w_len 1.6811 = 852047/506840 ../data/sample_500k/adult_test.txt
[2022-04-13 22:30:35.019] Save: model.pt... 
[2022-04-13 22:30:35.609] Save: model.pt...Done. best_val_loss: 6.0541
[2022-04-13 22:30:35.609] Epoch 006/20 ==================================================
[2022-04-13 22:31:37.901] E006 |   200/667 batches | lr 20.0000 | loss  5.326 | ppl    205.62 frag_cnt/word_cnt=1.798=251773/140000
[2022-04-13 22:32:41.520] E006 |   400/667 batches | lr 20.0000 | loss  5.331 | ppl    206.75 frag_cnt/word_cnt=1.823=255238/140000
[2022-04-13 22:33:44.317] E006 |   600/667 batches | lr 20.0000 | loss  5.238 | ppl    188.25 frag_cnt/word_cnt=1.815=254110/140000
[2022-04-13 22:34:05.286] E006 |   667/667 batches | lr 20.0000 | loss  5.174 | ppl    176.71 frag_cnt/word_cnt=1.821=85386/46900
[2022-04-13 22:34:19.909] End E006 | valid loss  6.060; ppl    428.31 | accu 0.2056 = 23078/112220 | w_len 1.7601 = 197513/112220
[2022-04-13 22:34:34.595] End E006 |  test loss  7.443; ppl   1707.62 | accu 0.0751 = 8660/115380 | w_len 1.3025 = 150286/115380 ../data/sample_500k/cbt_valid.txt
[2022-04-13 22:35:38.944] End E006 |  test loss  8.900; ppl   7329.25 | accu 0.0108 = 5477/506840 | w_len 1.6811 = 852047/506840 ../data/sample_500k/adult_test.txt
[2022-04-13 22:35:38.944] Epoch 007/20 ==================================================
[2022-04-13 22:36:40.847] E007 |   200/667 batches | lr 10.0000 | loss  5.077 | ppl    160.22 frag_cnt/word_cnt=1.798=251773/140000
[2022-04-13 22:37:45.774] E007 |   400/667 batches | lr 10.0000 | loss  5.037 | ppl    153.93 frag_cnt/word_cnt=1.823=255238/140000
[2022-04-13 22:38:49.431] E007 |   600/667 batches | lr 10.0000 | loss  4.922 | ppl    137.32 frag_cnt/word_cnt=1.815=254110/140000
[2022-04-13 22:39:09.948] E007 |   667/667 batches | lr 10.0000 | loss  4.844 | ppl    126.96 frag_cnt/word_cnt=1.821=85386/46900
[2022-04-13 22:39:24.355] End E007 | valid loss  5.983; ppl    396.57 | accu 0.2135 = 23963/112220 | w_len 1.7601 = 197513/112220
[2022-04-13 22:39:38.898] End E007 |  test loss  7.413; ppl   1658.11 | accu 0.0761 = 8779/115380 | w_len 1.3025 = 150286/115380 ../data/sample_500k/cbt_valid.txt
[2022-04-13 22:40:43.042] End E007 |  test loss  9.052; ppl   8538.16 | accu 0.0119 = 6009/506840 | w_len 1.6811 = 852047/506840 ../data/sample_500k/adult_test.txt
[2022-04-13 22:40:43.043] Save: model.pt... 
[2022-04-13 22:40:43.650] Save: model.pt...Done. best_val_loss: 5.9829
[2022-04-13 22:40:43.650] Epoch 008/20 ==================================================
[2022-04-13 22:41:45.232] E008 |   200/667 batches | lr 10.0000 | loss  4.924 | ppl    137.49 frag_cnt/word_cnt=1.798=251773/140000
[2022-04-13 22:42:47.425] E008 |   400/667 batches | lr 10.0000 | loss  4.913 | ppl    136.06 frag_cnt/word_cnt=1.823=255238/140000
[2022-04-13 22:43:50.654] E008 |   600/667 batches | lr 10.0000 | loss  4.821 | ppl    124.08 frag_cnt/word_cnt=1.815=254110/140000
[2022-04-13 22:44:11.670] E008 |   667/667 batches | lr 10.0000 | loss  4.754 | ppl    116.09 frag_cnt/word_cnt=1.821=85386/46900
[2022-04-13 22:44:26.234] End E008 | valid loss  5.998; ppl    402.63 | accu 0.2143 = 24049/112220 | w_len 1.7601 = 197513/112220
[2022-04-13 22:44:40.614] End E008 |  test loss  7.435; ppl   1693.48 | accu 0.0786 = 9065/115380 | w_len 1.3025 = 150286/115380 ../data/sample_500k/cbt_valid.txt
[2022-04-13 22:45:44.818] End E008 |  test loss  9.129; ppl   9219.52 | accu 0.0147 = 7456/506840 | w_len 1.6811 = 852047/506840 ../data/sample_500k/adult_test.txt
[2022-04-13 22:45:44.818] Epoch 009/20 ==================================================
[2022-04-13 22:46:47.742] E009 |   200/667 batches | lr 5.0000 | loss  4.799 | ppl    121.42 frag_cnt/word_cnt=1.798=251773/140000
[2022-04-13 22:47:51.129] E009 |   400/667 batches | lr 5.0000 | loss  4.760 | ppl    116.70 frag_cnt/word_cnt=1.823=255238/140000
[2022-04-13 22:48:54.298] E009 |   600/667 batches | lr 5.0000 | loss  4.647 | ppl    104.23 frag_cnt/word_cnt=1.815=254110/140000
[2022-04-13 22:49:14.878] E009 |   667/667 batches | lr 5.0000 | loss  4.564 | ppl     96.01 frag_cnt/word_cnt=1.821=85386/46900
[2022-04-13 22:49:29.579] End E009 | valid loss  5.963; ppl    388.94 | accu 0.2193 = 24607/112220 | w_len 1.7601 = 197513/112220
[2022-04-13 22:49:43.989] End E009 |  test loss  7.313; ppl   1500.18 | accu 0.0824 = 9512/115380 | w_len 1.3025 = 150286/115380 ../data/sample_500k/cbt_valid.txt
[2022-04-13 22:50:48.368] End E009 |  test loss  9.030; ppl   8353.37 | accu 0.0144 = 7276/506840 | w_len 1.6811 = 852047/506840 ../data/sample_500k/adult_test.txt
[2022-04-13 22:50:48.368] Save: model.pt... 
[2022-04-13 22:50:48.996] Save: model.pt...Done. best_val_loss: 5.9634
[2022-04-13 22:50:48.996] Epoch 010/20 ==================================================
[2022-04-13 22:51:49.954] E010 |   200/667 batches | lr 5.0000 | loss  4.712 | ppl    111.29 frag_cnt/word_cnt=1.798=251773/140000
[2022-04-13 22:52:51.384] E010 |   400/667 batches | lr 5.0000 | loss  4.694 | ppl    109.29 frag_cnt/word_cnt=1.823=255238/140000
[2022-04-13 22:53:54.114] E010 |   600/667 batches | lr 5.0000 | loss  4.594 | ppl     98.90 frag_cnt/word_cnt=1.815=254110/140000
[2022-04-13 22:54:14.789] E010 |   667/667 batches | lr 5.0000 | loss  4.522 | ppl     92.01 frag_cnt/word_cnt=1.821=85386/46900
[2022-04-13 22:54:29.341] End E010 | valid loss  5.987; ppl    398.03 | accu 0.2181 = 24470/112220 | w_len 1.7601 = 197513/112220
[2022-04-13 22:54:43.917] End E010 |  test loss  7.333; ppl   1529.35 | accu 0.0840 = 9697/115380 | w_len 1.3025 = 150286/115380 ../data/sample_500k/cbt_valid.txt
[2022-04-13 22:55:49.051] End E010 |  test loss  9.161; ppl   9514.98 | accu 0.0168 = 8502/506840 | w_len 1.6811 = 852047/506840 ../data/sample_500k/adult_test.txt
[2022-04-13 22:55:49.051] Epoch 011/20 ==================================================
[2022-04-13 22:56:51.319] E011 |   200/667 batches | lr 2.5000 | loss  4.647 | ppl    104.23 frag_cnt/word_cnt=1.798=251773/140000
[2022-04-13 22:57:54.560] E011 |   400/667 batches | lr 2.5000 | loss  4.611 | ppl    100.58 frag_cnt/word_cnt=1.823=255238/140000
[2022-04-13 22:58:57.531] E011 |   600/667 batches | lr 2.5000 | loss  4.500 | ppl     89.98 frag_cnt/word_cnt=1.815=254110/140000
[2022-04-13 22:59:18.638] E011 |   667/667 batches | lr 2.5000 | loss  4.428 | ppl     83.80 frag_cnt/word_cnt=1.821=85386/46900
[2022-04-13 22:59:33.526] End E011 | valid loss  5.974; ppl    393.17 | accu 0.2198 = 24662/112220 | w_len 1.7601 = 197513/112220
[2022-04-13 22:59:48.426] End E011 |  test loss  7.210; ppl   1352.52 | accu 0.0878 = 10130/115380 | w_len 1.3025 = 150286/115380 ../data/sample_500k/cbt_valid.txt
[2022-04-13 23:00:53.090] End E011 |  test loss  8.975; ppl   7899.13 | accu 0.0194 = 9826/506840 | w_len 1.6811 = 852047/506840 ../data/sample_500k/adult_test.txt
[2022-04-13 23:00:53.090] Epoch 012/20 ==================================================
[2022-04-13 23:01:52.703] E012 |   200/667 batches | lr 1.2500 | loss  4.606 | ppl    100.04 frag_cnt/word_cnt=1.798=251773/140000
[2022-04-13 23:02:53.768] E012 |   400/667 batches | lr 1.2500 | loss  4.569 | ppl     96.44 frag_cnt/word_cnt=1.823=255238/140000
[2022-04-13 23:03:55.694] E012 |   600/667 batches | lr 1.2500 | loss  4.450 | ppl     85.59 frag_cnt/word_cnt=1.815=254110/140000
[2022-04-13 23:04:16.578] E012 |   667/667 batches | lr 1.2500 | loss  4.373 | ppl     79.29 frag_cnt/word_cnt=1.821=85386/46900
[2022-04-13 23:04:31.244] End E012 | valid loss  5.973; ppl    392.78 | accu 0.2213 = 24838/112220 | w_len 1.7601 = 197513/112220
[2022-04-13 23:04:45.884] End E012 |  test loss  7.204; ppl   1345.01 | accu 0.0872 = 10061/115380 | w_len 1.3025 = 150286/115380 ../data/sample_500k/cbt_valid.txt
[2022-04-13 23:05:52.063] End E012 |  test loss  9.040; ppl   8435.63 | accu 0.0173 = 8755/506840 | w_len 1.6811 = 852047/506840 ../data/sample_500k/adult_test.txt
[2022-04-13 23:05:52.063] Epoch 013/20 ==================================================
[2022-04-13 23:06:51.631] E013 |   200/667 batches | lr 0.6250 | loss  4.580 | ppl     97.51 frag_cnt/word_cnt=1.798=251773/140000
[2022-04-13 23:07:52.570] E013 |   400/667 batches | lr 0.6250 | loss  4.545 | ppl     94.14 frag_cnt/word_cnt=1.823=255238/140000
[2022-04-13 23:08:54.345] E013 |   600/667 batches | lr 0.6250 | loss  4.428 | ppl     83.79 frag_cnt/word_cnt=1.815=254110/140000
[2022-04-13 23:09:14.771] E013 |   667/667 batches | lr 0.6250 | loss  4.346 | ppl     77.20 frag_cnt/word_cnt=1.821=85386/46900
[2022-04-13 23:09:29.544] End E013 | valid loss  5.976; ppl    393.90 | accu 0.2227 = 24997/112220 | w_len 1.7601 = 197513/112220
[2022-04-13 23:09:44.308] End E013 |  test loss  7.196; ppl   1334.24 | accu 0.0884 = 10204/115380 | w_len 1.3025 = 150286/115380 ../data/sample_500k/cbt_valid.txt
[2022-04-13 23:10:49.424] End E013 |  test loss  9.059; ppl   8598.90 | accu 0.0179 = 9058/506840 | w_len 1.6811 = 852047/506840 ../data/sample_500k/adult_test.txt
[2022-04-13 23:10:49.425] Epoch 014/20 ==================================================
[2022-04-13 23:11:50.321] E014 |   200/667 batches | lr 0.3125 | loss  4.569 | ppl     96.49 frag_cnt/word_cnt=1.798=251773/140000
[2022-04-13 23:12:52.016] E014 |   400/667 batches | lr 0.3125 | loss  4.530 | ppl     92.79 frag_cnt/word_cnt=1.823=255238/140000
[2022-04-13 23:13:52.729] E014 |   600/667 batches | lr 0.3125 | loss  4.416 | ppl     82.80 frag_cnt/word_cnt=1.815=254110/140000
[2022-04-13 23:14:13.206] E014 |   667/667 batches | lr 0.3125 | loss  4.328 | ppl     75.81 frag_cnt/word_cnt=1.821=85386/46900
[2022-04-13 23:14:27.799] End E014 | valid loss  5.975; ppl    393.48 | accu 0.2228 = 25008/112220 | w_len 1.7601 = 197513/112220
[2022-04-13 23:14:42.571] End E014 |  test loss  7.198; ppl   1336.89 | accu 0.0873 = 10078/115380 | w_len 1.3025 = 150286/115380 ../data/sample_500k/cbt_valid.txt
[2022-04-13 23:15:48.174] End E014 |  test loss  9.052; ppl   8533.70 | accu 0.0178 = 9045/506840 | w_len 1.6811 = 852047/506840 ../data/sample_500k/adult_test.txt
[2022-04-13 23:15:48.174] Epoch 015/20 ==================================================
[2022-04-13 23:16:47.297] E015 |   200/667 batches | lr 0.1562 | loss  4.562 | ppl     95.73 frag_cnt/word_cnt=1.798=251773/140000
[2022-04-13 23:17:47.503] E015 |   400/667 batches | lr 0.1562 | loss  4.524 | ppl     92.25 frag_cnt/word_cnt=1.823=255238/140000
[2022-04-13 23:18:49.210] E015 |   600/667 batches | lr 0.1562 | loss  4.409 | ppl     82.21 frag_cnt/word_cnt=1.815=254110/140000
[2022-04-13 23:19:09.513] E015 |   667/667 batches | lr 0.1562 | loss  4.326 | ppl     75.61 frag_cnt/word_cnt=1.821=85386/46900
[2022-04-13 23:19:23.861] End E015 | valid loss  5.975; ppl    393.44 | accu 0.2229 = 25011/112220 | w_len 1.7601 = 197513/112220
[2022-04-13 23:19:38.224] End E015 |  test loss  7.185; ppl   1320.04 | accu 0.0875 = 10099/115380 | w_len 1.3025 = 150286/115380 ../data/sample_500k/cbt_valid.txt
[2022-04-13 23:20:43.729] End E015 |  test loss  9.032; ppl   8365.53 | accu 0.0181 = 9159/506840 | w_len 1.6811 = 852047/506840 ../data/sample_500k/adult_test.txt
[2022-04-13 23:20:43.729] Epoch 016/20 ==================================================
[2022-04-13 23:21:45.342] E016 |   200/667 batches | lr 0.0781 | loss  4.559 | ppl     95.47 frag_cnt/word_cnt=1.798=251773/140000
[2022-04-13 23:22:46.788] E016 |   400/667 batches | lr 0.0781 | loss  4.522 | ppl     92.06 frag_cnt/word_cnt=1.823=255238/140000
[2022-04-13 23:23:47.659] E016 |   600/667 batches | lr 0.0781 | loss  4.403 | ppl     81.66 frag_cnt/word_cnt=1.815=254110/140000
[2022-04-13 23:24:08.072] E016 |   667/667 batches | lr 0.0781 | loss  4.322 | ppl     75.33 frag_cnt/word_cnt=1.821=85386/46900
[2022-04-13 23:24:22.840] End E016 | valid loss  5.975; ppl    393.44 | accu 0.2231 = 25038/112220 | w_len 1.7601 = 197513/112220
[2022-04-13 23:24:37.406] End E016 |  test loss  7.193; ppl   1330.27 | accu 0.0871 = 10052/115380 | w_len 1.3025 = 150286/115380 ../data/sample_500k/cbt_valid.txt
[2022-04-13 23:25:41.510] End E016 |  test loss  9.051; ppl   8527.83 | accu 0.0178 = 9016/506840 | w_len 1.6811 = 852047/506840 ../data/sample_500k/adult_test.txt
[2022-04-13 23:25:41.510] Epoch 017/20 ==================================================
[2022-04-13 23:26:42.644] E017 |   200/667 batches | lr 0.0391 | loss  4.555 | ppl     95.10 frag_cnt/word_cnt=1.798=251773/140000
[2022-04-13 23:27:44.222] E017 |   400/667 batches | lr 0.0391 | loss  4.521 | ppl     91.96 frag_cnt/word_cnt=1.823=255238/140000
[2022-04-13 23:28:46.249] E017 |   600/667 batches | lr 0.0391 | loss  4.400 | ppl     81.47 frag_cnt/word_cnt=1.815=254110/140000
[2022-04-13 23:29:06.802] E017 |   667/667 batches | lr 0.0391 | loss  4.321 | ppl     75.23 frag_cnt/word_cnt=1.821=85386/46900
[2022-04-13 23:29:21.587] End E017 | valid loss  5.976; ppl    393.85 | accu 0.2230 = 25030/112220 | w_len 1.7601 = 197513/112220
[2022-04-13 23:29:36.528] End E017 |  test loss  7.194; ppl   1331.77 | accu 0.0869 = 10025/115380 | w_len 1.3025 = 150286/115380 ../data/sample_500k/cbt_valid.txt
[2022-04-13 23:30:41.708] End E017 |  test loss  9.056; ppl   8569.08 | accu 0.0176 = 8945/506840 | w_len 1.6811 = 852047/506840 ../data/sample_500k/adult_test.txt
[2022-04-13 23:30:41.708] Epoch 018/20 ==================================================
[2022-04-13 23:31:42.414] E018 |   200/667 batches | lr 0.0195 | loss  4.555 | ppl     95.14 frag_cnt/word_cnt=1.798=251773/140000
[2022-04-13 23:32:43.629] E018 |   400/667 batches | lr 0.0195 | loss  4.519 | ppl     91.75 frag_cnt/word_cnt=1.823=255238/140000
[2022-04-13 23:33:45.527] E018 |   600/667 batches | lr 0.0195 | loss  4.401 | ppl     81.52 frag_cnt/word_cnt=1.815=254110/140000
[2022-04-13 23:34:06.014] E018 |   667/667 batches | lr 0.0195 | loss  4.318 | ppl     75.04 frag_cnt/word_cnt=1.821=85386/46900
[2022-04-13 23:34:20.219] End E018 | valid loss  5.977; ppl    394.19 | accu 0.2232 = 25044/112220 | w_len 1.7601 = 197513/112220
[2022-04-13 23:34:34.720] End E018 |  test loss  7.199; ppl   1337.70 | accu 0.0866 = 9992/115380 | w_len 1.3025 = 150286/115380 ../data/sample_500k/cbt_valid.txt
[2022-04-13 23:35:39.666] End E018 |  test loss  9.064; ppl   8641.20 | accu 0.0175 = 8868/506840 | w_len 1.6811 = 852047/506840 ../data/sample_500k/adult_test.txt
[2022-04-13 23:35:39.666] Epoch 019/20 ==================================================
[2022-04-13 23:36:39.814] E019 |   200/667 batches | lr 0.0098 | loss  4.553 | ppl     94.94 frag_cnt/word_cnt=1.798=251773/140000
[2022-04-13 23:37:41.371] E019 |   400/667 batches | lr 0.0098 | loss  4.516 | ppl     91.49 frag_cnt/word_cnt=1.823=255238/140000
[2022-04-13 23:38:42.788] E019 |   600/667 batches | lr 0.0098 | loss  4.400 | ppl     81.42 frag_cnt/word_cnt=1.815=254110/140000
[2022-04-13 23:39:03.164] E019 |   667/667 batches | lr 0.0098 | loss  4.322 | ppl     75.34 frag_cnt/word_cnt=1.821=85386/46900
[2022-04-13 23:39:18.106] End E019 | valid loss  5.977; ppl    394.32 | accu 0.2232 = 25050/112220 | w_len 1.7601 = 197513/112220
[2022-04-13 23:39:32.471] End E019 |  test loss  7.199; ppl   1338.56 | accu 0.0866 = 9987/115380 | w_len 1.3025 = 150286/115380 ../data/sample_500k/cbt_valid.txt
[2022-04-13 23:40:36.624] End E019 |  test loss  9.064; ppl   8638.45 | accu 0.0175 = 8880/506840 | w_len 1.6811 = 852047/506840 ../data/sample_500k/adult_test.txt
[2022-04-13 23:40:36.625] Epoch 020/20 ==================================================
[2022-04-13 23:41:38.657] E020 |   200/667 batches | lr 0.0049 | loss  4.550 | ppl     94.65 frag_cnt/word_cnt=1.798=251773/140000
[2022-04-13 23:42:40.376] E020 |   400/667 batches | lr 0.0049 | loss  4.517 | ppl     91.53 frag_cnt/word_cnt=1.823=255238/140000
[2022-04-13 23:43:42.018] E020 |   600/667 batches | lr 0.0049 | loss  4.399 | ppl     81.38 frag_cnt/word_cnt=1.815=254110/140000
[2022-04-13 23:44:02.654] E020 |   667/667 batches | lr 0.0049 | loss  4.322 | ppl     75.31 frag_cnt/word_cnt=1.821=85386/46900
[2022-04-13 23:44:17.393] End E020 | valid loss  5.977; ppl    394.30 | accu 0.2232 = 25048/112220 | w_len 1.7601 = 197513/112220
[2022-04-13 23:44:32.133] End E020 |  test loss  7.200; ppl   1338.78 | accu 0.0866 = 9989/115380 | w_len 1.3025 = 150286/115380 ../data/sample_500k/cbt_valid.txt
[2022-04-13 23:45:37.385] End E020 |  test loss  9.064; ppl   8639.77 | accu 0.0175 = 8877/506840 | w_len 1.6811 = 852047/506840 ../data/sample_500k/adult_test.txt
[2022-04-13 23:45:52.233] End. test loss  7.31; ppl  1500.18 | accu 0.0824 = 9512/115380 | w_len 1.3025 = 150286/115380 ../data/sample_500k/cbt_valid.txt
[2022-04-13 23:46:59.591] End. test loss  9.03; ppl  8353.37 | accu 0.0144 = 7276/506840 | w_len 1.6811 = 852047/506840 ../data/sample_500k/adult_test.txt
[2022-04-13 23:46:59.591] =========================================================================================
[2022-04-13 23:46:59.591] valid_loss
[2022-04-13 23:46:59.591]  6.76, 6.25, 6.08, 6.06, 6.05, 6.06, 5.98, 6.00, 5.96, 5.99, 5.97, 5.97, 5.98, 5.98, 5.97, 5.97, 5.98, 5.98, 5.98, 5.98
[2022-04-13 23:46:59.592] valid_loss ppl
[2022-04-13 23:46:59.592]   858.71,  520.32,  437.30,  428.80,  425.84,  428.31,  396.57,  402.63,  388.94,  398.03,  393.17,  392.78,  393.90,  393.48,  393.44,  393.44,  393.85,  394.19,  394.32,  394.30
[2022-04-13 23:46:59.592] test_loss of ../data/sample_500k/cbt_valid.txt
[2022-04-13 23:46:59.592]  7.86, 7.49, 7.83, 7.82, 7.33, 7.44, 7.41, 7.43, 7.31, 7.33, 7.21, 7.20, 7.20, 7.20, 7.19, 7.19, 7.19, 7.20, 7.20, 7.20
[2022-04-13 23:46:59.592] test_loss of ../data/sample_500k/cbt_valid.txt ppl
[2022-04-13 23:46:59.592]  2599.77, 1798.14, 2523.17, 2500.21, 1518.06, 1707.62, 1658.11, 1693.48, 1500.18, 1529.35, 1352.52, 1345.01, 1334.24, 1336.89, 1320.04, 1330.27, 1331.77, 1337.70, 1338.56, 1338.78
[2022-04-13 23:46:59.592] test_loss of ../data/sample_500k/adult_test.txt
[2022-04-13 23:46:59.592]  9.19, 9.22, 9.09, 9.33, 8.82, 8.90, 9.05, 9.13, 9.03, 9.16, 8.97, 9.04, 9.06, 9.05, 9.03, 9.05, 9.06, 9.06, 9.06, 9.06
[2022-04-13 23:46:59.593] test_loss of ../data/sample_500k/adult_test.txt ppl
[2022-04-13 23:46:59.593]  9781.06,10060.92, 8835.86,11318.95, 6798.75, 7329.25, 8538.16, 9219.52, 8353.37, 9514.98, 7899.13, 8435.63, 8598.90, 8533.70, 8365.53, 8527.83, 8569.08, 8641.20, 8638.45, 8639.77
[2022-04-13 23:46:59.593] 
[2022-04-13 23:46:59.593] 
[2022-04-13 23:46:59.593] 
