[2022-04-10 23:51:36.682] corpus.train_file_list: 1
[2022-04-10 23:51:36.683]         ../data/sample_500k/cbt_train.txt
[2022-04-10 23:51:36.683] corpus.valid_file_list: 1
[2022-04-10 23:51:36.683]         ../data/sample_500k/cbt_valid.txt
[2022-04-10 23:51:36.683] corpus.test_file_list: 2
[2022-04-10 23:51:36.683]         ../data/sample_500k/adolescent_valid.txt
[2022-04-10 23:51:36.683]         ../data/sample_500k/adult_test.txt
[2022-04-10 23:51:36.683] corpus.subword_vocab_size: 200
[2022-04-10 23:51:36.683] corpus.subword_model.train(2 files)...
[2022-04-10 23:51:36.683]         ../data/sample_500k/cbt_train.txt
[2022-04-10 23:51:36.683]         ../data/sample_500k/cbt_valid.txt
[2022-04-10 23:51:36.952] corpus.subword_model.train(2 files)...Done
[2022-04-10 23:51:36.952] corpus tokenize...
[2022-04-10 23:51:39.291]         train tokens: 1058491  ../data/sample_500k/cbt_train.txt
[2022-04-10 23:51:39.770]         valid tokens: 236657  ../data/sample_500k/cbt_valid.txt
[2022-04-10 23:51:40.521]         test  tokens: 277286  ../data/sample_500k/adolescent_valid.txt
[2022-04-10 23:51:42.971]         test  tokens: 1517373  ../data/sample_500k/adult_test.txt
[2022-04-10 23:51:42.972] corpus.ntokens      : 196
[2022-04-10 23:51:42.972] corpus.char_count   : 81
[2022-04-10 23:51:42.972] corpus.char_cnt_dict: 81
[2022-04-10 23:51:42.972] corpus.char_id_dict : 81
[2022-04-10 23:51:42.984] corpus.batchify(1 files, batch_size=20)...
[2022-04-10 23:51:42.984]         tokens_all: 1058491
[2022-04-10 23:51:42.984]         batched   :  52924
[2022-04-10 23:51:42.985]         ../data/sample_500k/cbt_train.txt
[2022-04-10 23:51:42.989] corpus.batchify(1 files, batch_size=20)...
[2022-04-10 23:51:42.989]         tokens_all: 236657
[2022-04-10 23:51:42.990]         batched   :  11832
[2022-04-10 23:51:42.990]         ../data/sample_500k/cbt_valid.txt
[2022-04-10 23:51:42.993] corpus.batchify(1 files, batch_size=20)...
[2022-04-10 23:51:42.993]         tokens_all: 277286
[2022-04-10 23:51:42.993]         batched   :  13864
[2022-04-10 23:51:42.993]         ../data/sample_500k/adolescent_valid.txt
[2022-04-10 23:51:43.006] corpus.batchify(1 files, batch_size=20)...
[2022-04-10 23:51:43.006]         tokens_all: 1517373
[2022-04-10 23:51:43.006]         batched   :  75868
[2022-04-10 23:51:43.006]         ../data/sample_500k/adult_test.txt
[2022-04-10 23:51:43.016] RNNModel.rnn_type: LSTM
[2022-04-10 23:51:43.016] RNNModel.ntoken  : 196
[2022-04-10 23:51:43.016] RNNModel.ninp    : 200
[2022-04-10 23:51:43.016] RNNModel.nhid    : 200
[2022-04-10 23:51:43.017] RNNModel.nlayers : 2
[2022-04-10 23:51:43.017] RNNModel.dropout : 0.2
[2022-04-10 23:51:43.017] RNNModel.tie_weights: False
[2022-04-10 23:51:43.017] RNNModel.char_mode  : 
[2022-04-10 23:51:43.017] RNNModel.char_cnt   : 82
[2022-04-10 23:51:43.017] RNNModel.char_emsize: 25
[2022-04-10 23:51:43.017] RNNModel.char_nhid  : 200
[2022-04-10 23:51:43.017] RNNModel will not use char-encoding
[2022-04-10 23:51:43.019] Epoch 001/40 ==================================================
[2022-04-10 23:51:46.434] E001 |   200/1512 batches | lr 20.0000 | loss  4.570 | ppl     96.55
[2022-04-10 23:51:49.826] E001 |   400/1512 batches | lr 20.0000 | loss  3.981 | ppl     53.55
[2022-04-10 23:51:53.250] E001 |   600/1512 batches | lr 20.0000 | loss  3.541 | ppl     34.50
[2022-04-10 23:51:56.641] E001 |   800/1512 batches | lr 20.0000 | loss  3.281 | ppl     26.61
[2022-04-10 23:52:00.075] E001 |  1000/1512 batches | lr 20.0000 | loss  3.142 | ppl     23.15
[2022-04-10 23:52:03.477] E001 |  1200/1512 batches | lr 20.0000 | loss  3.039 | ppl     20.89
[2022-04-10 23:52:06.892] E001 |  1400/1512 batches | lr 20.0000 | loss  3.058 | ppl     21.29
[2022-04-10 23:52:08.798] E001 |  1512/1512 batches | lr 20.0000 | loss  2.993 | ppl     19.95
[2022-04-10 23:52:12.832] End E001 | valid loss  3.011; ppl     20.31 | accu 0.2968 = 70233/236620
[2022-04-10 23:52:17.575] End E001 |  test loss  3.920; ppl     50.41 | accu 0.2116 = 58662/277260 ../data/sample_500k/adolescent_valid.txt
[2022-04-10 23:52:43.326] End E001 |  test loss  3.967; ppl     52.85 | accu 0.1775 = 269321/1517340 ../data/sample_500k/adult_test.txt
[2022-04-10 23:52:43.326] Save: model.pt... 
[2022-04-10 23:52:43.338] Save: model.pt...Done. best_val_loss: 3.0110
[2022-04-10 23:52:43.339] Epoch 002/40 ==================================================
[2022-04-10 23:52:46.777] E002 |   200/1512 batches | lr 20.0000 | loss  2.941 | ppl     18.93
[2022-04-10 23:52:50.161] E002 |   400/1512 batches | lr 20.0000 | loss  2.912 | ppl     18.39
[2022-04-10 23:52:53.552] E002 |   600/1512 batches | lr 20.0000 | loss  2.895 | ppl     18.09
[2022-04-10 23:52:56.942] E002 |   800/1512 batches | lr 20.0000 | loss  2.871 | ppl     17.65
[2022-04-10 23:53:00.367] E002 |  1000/1512 batches | lr 20.0000 | loss  2.850 | ppl     17.28
[2022-04-10 23:53:03.748] E002 |  1200/1512 batches | lr 20.0000 | loss  2.810 | ppl     16.61
[2022-04-10 23:53:07.152] E002 |  1400/1512 batches | lr 20.0000 | loss  2.866 | ppl     17.56
[2022-04-10 23:53:09.057] E002 |  1512/1512 batches | lr 20.0000 | loss  2.828 | ppl     16.91
[2022-04-10 23:53:13.085] End E002 | valid loss  2.858; ppl     17.43 | accu 0.3268 = 77316/236620
[2022-04-10 23:53:17.821] End E002 |  test loss  3.831; ppl     46.10 | accu 0.2328 = 64558/277260 ../data/sample_500k/adolescent_valid.txt
[2022-04-10 23:53:43.595] End E002 |  test loss  3.912; ppl     50.02 | accu 0.1959 = 297189/1517340 ../data/sample_500k/adult_test.txt
[2022-04-10 23:53:43.595] Save: model.pt... 
[2022-04-10 23:53:43.605] Save: model.pt...Done. best_val_loss: 2.8582
[2022-04-10 23:53:43.605] Epoch 003/40 ==================================================
[2022-04-10 23:53:47.031] E003 |   200/1512 batches | lr 20.0000 | loss  2.792 | ppl     16.31
[2022-04-10 23:53:50.478] E003 |   400/1512 batches | lr 20.0000 | loss  2.784 | ppl     16.18
[2022-04-10 23:53:53.873] E003 |   600/1512 batches | lr 20.0000 | loss  2.781 | ppl     16.14
[2022-04-10 23:53:57.299] E003 |   800/1512 batches | lr 20.0000 | loss  2.778 | ppl     16.09
[2022-04-10 23:54:00.723] E003 |  1000/1512 batches | lr 20.0000 | loss  2.775 | ppl     16.05
[2022-04-10 23:54:04.115] E003 |  1200/1512 batches | lr 20.0000 | loss  2.737 | ppl     15.44
[2022-04-10 23:54:07.529] E003 |  1400/1512 batches | lr 20.0000 | loss  2.800 | ppl     16.45
[2022-04-10 23:54:09.426] E003 |  1512/1512 batches | lr 20.0000 | loss  2.770 | ppl     15.97
[2022-04-10 23:54:13.462] End E003 | valid loss  2.804; ppl     16.51 | accu 0.3382 = 80029/236620
[2022-04-10 23:54:18.185] End E003 |  test loss  3.797; ppl     44.57 | accu 0.2425 = 67233/277260 ../data/sample_500k/adolescent_valid.txt
[2022-04-10 23:54:44.177] End E003 |  test loss  3.882; ppl     48.50 | accu 0.2041 = 309686/1517340 ../data/sample_500k/adult_test.txt
[2022-04-10 23:54:44.177] Save: model.pt... 
[2022-04-10 23:54:44.191] Save: model.pt...Done. best_val_loss: 2.8040
[2022-04-10 23:54:44.192] Epoch 004/40 ==================================================
[2022-04-10 23:54:47.705] E004 |   200/1512 batches | lr 20.0000 | loss  2.737 | ppl     15.44
[2022-04-10 23:54:51.144] E004 |   400/1512 batches | lr 20.0000 | loss  2.734 | ppl     15.39
[2022-04-10 23:54:54.532] E004 |   600/1512 batches | lr 20.0000 | loss  2.740 | ppl     15.49
[2022-04-10 23:54:57.957] E004 |   800/1512 batches | lr 20.0000 | loss  2.742 | ppl     15.53
[2022-04-10 23:55:01.353] E004 |  1000/1512 batches | lr 20.0000 | loss  2.738 | ppl     15.45
[2022-04-10 23:55:04.759] E004 |  1200/1512 batches | lr 20.0000 | loss  2.709 | ppl     15.02
[2022-04-10 23:55:08.203] E004 |  1400/1512 batches | lr 20.0000 | loss  2.771 | ppl     15.98
[2022-04-10 23:55:10.146] E004 |  1512/1512 batches | lr 20.0000 | loss  2.740 | ppl     15.49
[2022-04-10 23:55:14.274] End E004 | valid loss  2.785; ppl     16.21 | accu 0.3438 = 81356/236620
[2022-04-10 23:55:19.028] End E004 |  test loss  3.797; ppl     44.57 | accu 0.2458 = 68138/277260 ../data/sample_500k/adolescent_valid.txt
[2022-04-10 23:55:44.730] End E004 |  test loss  3.881; ppl     48.48 | accu 0.2072 = 314375/1517340 ../data/sample_500k/adult_test.txt
[2022-04-10 23:55:44.731] Save: model.pt... 
[2022-04-10 23:55:44.740] Save: model.pt...Done. best_val_loss: 2.7855
[2022-04-10 23:55:44.741] Epoch 005/40 ==================================================
[2022-04-10 23:55:48.215] E005 |   200/1512 batches | lr 20.0000 | loss  2.715 | ppl     15.11
[2022-04-10 23:55:51.649] E005 |   400/1512 batches | lr 20.0000 | loss  2.710 | ppl     15.03
[2022-04-10 23:55:55.111] E005 |   600/1512 batches | lr 20.0000 | loss  2.718 | ppl     15.14
[2022-04-10 23:55:58.562] E005 |   800/1512 batches | lr 20.0000 | loss  2.720 | ppl     15.18
[2022-04-10 23:56:01.997] E005 |  1000/1512 batches | lr 20.0000 | loss  2.722 | ppl     15.21
[2022-04-10 23:56:05.457] E005 |  1200/1512 batches | lr 20.0000 | loss  2.687 | ppl     14.69
[2022-04-10 23:56:08.849] E005 |  1400/1512 batches | lr 20.0000 | loss  2.751 | ppl     15.66
[2022-04-10 23:56:10.760] E005 |  1512/1512 batches | lr 20.0000 | loss  2.724 | ppl     15.24
[2022-04-10 23:56:14.767] End E005 | valid loss  2.764; ppl     15.87 | accu 0.3469 = 82076/236620
[2022-04-10 23:56:19.480] End E005 |  test loss  3.781; ppl     43.88 | accu 0.2484 = 68876/277260 ../data/sample_500k/adolescent_valid.txt
[2022-04-10 23:56:45.321] End E005 |  test loss  3.870; ppl     47.93 | accu 0.2091 = 317303/1517340 ../data/sample_500k/adult_test.txt
[2022-04-10 23:56:45.321] Save: model.pt... 
[2022-04-10 23:56:45.331] Save: model.pt...Done. best_val_loss: 2.7643
[2022-04-10 23:56:45.331] Epoch 006/40 ==================================================
[2022-04-10 23:56:48.744] E006 |   200/1512 batches | lr 20.0000 | loss  2.696 | ppl     14.82
[2022-04-10 23:56:52.218] E006 |   400/1512 batches | lr 20.0000 | loss  2.694 | ppl     14.80
[2022-04-10 23:56:55.677] E006 |   600/1512 batches | lr 20.0000 | loss  2.702 | ppl     14.91
[2022-04-10 23:56:59.081] E006 |   800/1512 batches | lr 20.0000 | loss  2.707 | ppl     14.99
[2022-04-10 23:57:02.500] E006 |  1000/1512 batches | lr 20.0000 | loss  2.709 | ppl     15.01
[2022-04-10 23:57:05.907] E006 |  1200/1512 batches | lr 20.0000 | loss  2.671 | ppl     14.46
[2022-04-10 23:57:09.316] E006 |  1400/1512 batches | lr 20.0000 | loss  2.743 | ppl     15.53
[2022-04-10 23:57:11.230] E006 |  1512/1512 batches | lr 20.0000 | loss  2.713 | ppl     15.08
[2022-04-10 23:57:15.298] End E006 | valid loss  2.756; ppl     15.73 | accu 0.3495 = 82702/236620
[2022-04-10 23:57:20.006] End E006 |  test loss  3.781; ppl     43.85 | accu 0.2509 = 69556/277260 ../data/sample_500k/adolescent_valid.txt
[2022-04-10 23:57:45.798] End E006 |  test loss  3.870; ppl     47.94 | accu 0.2121 = 321898/1517340 ../data/sample_500k/adult_test.txt
[2022-04-10 23:57:45.799] Save: model.pt... 
[2022-04-10 23:57:45.809] Save: model.pt...Done. best_val_loss: 2.7556
[2022-04-10 23:57:45.809] Epoch 007/40 ==================================================
[2022-04-10 23:57:49.212] E007 |   200/1512 batches | lr 20.0000 | loss  2.687 | ppl     14.69
[2022-04-10 23:57:52.610] E007 |   400/1512 batches | lr 20.0000 | loss  2.687 | ppl     14.68
[2022-04-10 23:57:56.028] E007 |   600/1512 batches | lr 20.0000 | loss  2.693 | ppl     14.78
[2022-04-10 23:57:59.428] E007 |   800/1512 batches | lr 20.0000 | loss  2.702 | ppl     14.90
[2022-04-10 23:58:02.901] E007 |  1000/1512 batches | lr 20.0000 | loss  2.700 | ppl     14.89
[2022-04-10 23:58:06.325] E007 |  1200/1512 batches | lr 20.0000 | loss  2.665 | ppl     14.37
[2022-04-10 23:58:09.912] E007 |  1400/1512 batches | lr 20.0000 | loss  2.732 | ppl     15.37
[2022-04-10 23:58:11.851] E007 |  1512/1512 batches | lr 20.0000 | loss  2.706 | ppl     14.97
[2022-04-10 23:58:15.921] End E007 | valid loss  2.751; ppl     15.66 | accu 0.3526 = 83436/236620
[2022-04-10 23:58:20.670] End E007 |  test loss  3.764; ppl     43.11 | accu 0.2514 = 69714/277260 ../data/sample_500k/adolescent_valid.txt
[2022-04-10 23:58:46.415] End E007 |  test loss  3.870; ppl     47.92 | accu 0.2123 = 322207/1517340 ../data/sample_500k/adult_test.txt
[2022-04-10 23:58:46.415] Save: model.pt... 
[2022-04-10 23:58:46.425] Save: model.pt...Done. best_val_loss: 2.7512
[2022-04-10 23:58:46.425] Epoch 008/40 ==================================================
[2022-04-10 23:58:49.872] E008 |   200/1512 batches | lr 20.0000 | loss  2.679 | ppl     14.58
[2022-04-10 23:58:53.289] E008 |   400/1512 batches | lr 20.0000 | loss  2.681 | ppl     14.60
[2022-04-10 23:58:56.703] E008 |   600/1512 batches | lr 20.0000 | loss  2.685 | ppl     14.66
[2022-04-10 23:59:00.155] E008 |   800/1512 batches | lr 20.0000 | loss  2.694 | ppl     14.79
[2022-04-10 23:59:03.605] E008 |  1000/1512 batches | lr 20.0000 | loss  2.689 | ppl     14.72
[2022-04-10 23:59:07.001] E008 |  1200/1512 batches | lr 20.0000 | loss  2.661 | ppl     14.30
[2022-04-10 23:59:10.465] E008 |  1400/1512 batches | lr 20.0000 | loss  2.729 | ppl     15.32
[2022-04-10 23:59:12.380] E008 |  1512/1512 batches | lr 20.0000 | loss  2.700 | ppl     14.88
[2022-04-10 23:59:16.424] End E008 | valid loss  2.733; ppl     15.39 | accu 0.3559 = 84214/236620
[2022-04-10 23:59:21.159] End E008 |  test loss  3.779; ppl     43.76 | accu 0.2522 = 69923/277260 ../data/sample_500k/adolescent_valid.txt
[2022-04-10 23:59:46.864] End E008 |  test loss  3.867; ppl     47.82 | accu 0.2141 = 324866/1517340 ../data/sample_500k/adult_test.txt
[2022-04-10 23:59:46.865] Save: model.pt... 
[2022-04-10 23:59:46.874] Save: model.pt...Done. best_val_loss: 2.7335
[2022-04-10 23:59:46.875] Epoch 009/40 ==================================================
[2022-04-10 23:59:50.350] E009 |   200/1512 batches | lr 20.0000 | loss  2.670 | ppl     14.44
[2022-04-10 23:59:53.784] E009 |   400/1512 batches | lr 20.0000 | loss  2.674 | ppl     14.49
[2022-04-10 23:59:57.258] E009 |   600/1512 batches | lr 20.0000 | loss  2.680 | ppl     14.59
[2022-04-11 00:00:00.691] E009 |   800/1512 batches | lr 20.0000 | loss  2.689 | ppl     14.71
[2022-04-11 00:00:04.094] E009 |  1000/1512 batches | lr 20.0000 | loss  2.688 | ppl     14.71
[2022-04-11 00:00:07.508] E009 |  1200/1512 batches | lr 20.0000 | loss  2.655 | ppl     14.23
[2022-04-11 00:00:10.940] E009 |  1400/1512 batches | lr 20.0000 | loss  2.724 | ppl     15.24
[2022-04-11 00:00:12.895] E009 |  1512/1512 batches | lr 20.0000 | loss  2.697 | ppl     14.84
[2022-04-11 00:00:16.987] End E009 | valid loss  2.736; ppl     15.43 | accu 0.3547 = 83937/236620
[2022-04-11 00:00:21.757] End E009 |  test loss  3.771; ppl     43.40 | accu 0.2530 = 70157/277260 ../data/sample_500k/adolescent_valid.txt
[2022-04-11 00:00:47.476] End E009 |  test loss  3.849; ppl     46.96 | accu 0.2151 = 326353/1517340 ../data/sample_500k/adult_test.txt
[2022-04-11 00:00:47.476] Epoch 010/40 ==================================================
[2022-04-11 00:00:50.882] E010 |   200/1512 batches | lr 10.0000 | loss  2.639 | ppl     14.01
[2022-04-11 00:00:54.312] E010 |   400/1512 batches | lr 10.0000 | loss  2.613 | ppl     13.64
[2022-04-11 00:00:57.789] E010 |   600/1512 batches | lr 10.0000 | loss  2.607 | ppl     13.56
[2022-04-11 00:01:01.275] E010 |   800/1512 batches | lr 10.0000 | loss  2.610 | ppl     13.60
[2022-04-11 00:01:04.662] E010 |  1000/1512 batches | lr 10.0000 | loss  2.597 | ppl     13.42
[2022-04-11 00:01:08.083] E010 |  1200/1512 batches | lr 10.0000 | loss  2.553 | ppl     12.84
[2022-04-11 00:01:11.675] E010 |  1400/1512 batches | lr 10.0000 | loss  2.610 | ppl     13.60
[2022-04-11 00:01:13.582] E010 |  1512/1512 batches | lr 10.0000 | loss  2.586 | ppl     13.27
[2022-04-11 00:01:17.648] End E010 | valid loss  2.653; ppl     14.19 | accu 0.3722 = 88078/236620
[2022-04-11 00:01:22.394] End E010 |  test loss  3.731; ppl     41.74 | accu 0.2643 = 73269/277260 ../data/sample_500k/adolescent_valid.txt
[2022-04-11 00:01:48.146] End E010 |  test loss  3.803; ppl     44.86 | accu 0.2253 = 341864/1517340 ../data/sample_500k/adult_test.txt
[2022-04-11 00:01:48.147] Save: model.pt... 
[2022-04-11 00:01:48.157] Save: model.pt...Done. best_val_loss: 2.6526
[2022-04-11 00:01:48.157] Epoch 011/40 ==================================================
[2022-04-11 00:01:51.567] E011 |   200/1512 batches | lr 10.0000 | loss  2.564 | ppl     12.99
[2022-04-11 00:01:54.994] E011 |   400/1512 batches | lr 10.0000 | loss  2.566 | ppl     13.02
[2022-04-11 00:01:58.429] E011 |   600/1512 batches | lr 10.0000 | loss  2.569 | ppl     13.05
[2022-04-11 00:02:01.850] E011 |   800/1512 batches | lr 10.0000 | loss  2.579 | ppl     13.18
[2022-04-11 00:02:05.293] E011 |  1000/1512 batches | lr 10.0000 | loss  2.570 | ppl     13.07
[2022-04-11 00:02:08.742] E011 |  1200/1512 batches | lr 10.0000 | loss  2.533 | ppl     12.60
[2022-04-11 00:02:12.153] E011 |  1400/1512 batches | lr 10.0000 | loss  2.591 | ppl     13.34
[2022-04-11 00:02:14.069] E011 |  1512/1512 batches | lr 10.0000 | loss  2.568 | ppl     13.04
[2022-04-11 00:02:18.115] End E011 | valid loss  2.641; ppl     14.02 | accu 0.3751 = 88752/236620
[2022-04-11 00:02:22.866] End E011 |  test loss  3.714; ppl     41.01 | accu 0.2666 = 73926/277260 ../data/sample_500k/adolescent_valid.txt
[2022-04-11 00:02:48.612] End E011 |  test loss  3.800; ppl     44.70 | accu 0.2271 = 344644/1517340 ../data/sample_500k/adult_test.txt
[2022-04-11 00:02:48.612] Save: model.pt... 
[2022-04-11 00:02:48.622] Save: model.pt...Done. best_val_loss: 2.6407
[2022-04-11 00:02:48.623] Epoch 012/40 ==================================================
[2022-04-11 00:02:52.140] E012 |   200/1512 batches | lr 10.0000 | loss  2.545 | ppl     12.74
[2022-04-11 00:02:55.554] E012 |   400/1512 batches | lr 10.0000 | loss  2.543 | ppl     12.72
[2022-04-11 00:02:59.013] E012 |   600/1512 batches | lr 10.0000 | loss  2.547 | ppl     12.77
[2022-04-11 00:03:02.424] E012 |   800/1512 batches | lr 10.0000 | loss  2.561 | ppl     12.95
[2022-04-11 00:03:05.895] E012 |  1000/1512 batches | lr 10.0000 | loss  2.554 | ppl     12.86
[2022-04-11 00:03:09.374] E012 |  1200/1512 batches | lr 10.0000 | loss  2.519 | ppl     12.42
[2022-04-11 00:03:12.830] E012 |  1400/1512 batches | lr 10.0000 | loss  2.581 | ppl     13.21
[2022-04-11 00:03:14.741] E012 |  1512/1512 batches | lr 10.0000 | loss  2.558 | ppl     12.91
[2022-04-11 00:03:18.753] End E012 | valid loss  2.635; ppl     13.94 | accu 0.3764 = 89060/236620
[2022-04-11 00:03:23.470] End E012 |  test loss  3.709; ppl     40.82 | accu 0.2678 = 74263/277260 ../data/sample_500k/adolescent_valid.txt
[2022-04-11 00:03:49.240] End E012 |  test loss  3.792; ppl     44.35 | accu 0.2284 = 346584/1517340 ../data/sample_500k/adult_test.txt
[2022-04-11 00:03:49.241] Save: model.pt... 
[2022-04-11 00:03:49.250] Save: model.pt...Done. best_val_loss: 2.6346
[2022-04-11 00:03:49.251] Epoch 013/40 ==================================================
[2022-04-11 00:03:52.686] E013 |   200/1512 batches | lr 10.0000 | loss  2.532 | ppl     12.57
[2022-04-11 00:03:56.106] E013 |   400/1512 batches | lr 10.0000 | loss  2.534 | ppl     12.60
[2022-04-11 00:03:59.574] E013 |   600/1512 batches | lr 10.0000 | loss  2.540 | ppl     12.68
[2022-04-11 00:04:02.973] E013 |   800/1512 batches | lr 10.0000 | loss  2.550 | ppl     12.81
[2022-04-11 00:04:06.379] E013 |  1000/1512 batches | lr 10.0000 | loss  2.544 | ppl     12.73
[2022-04-11 00:04:09.772] E013 |  1200/1512 batches | lr 10.0000 | loss  2.512 | ppl     12.33
[2022-04-11 00:04:13.200] E013 |  1400/1512 batches | lr 10.0000 | loss  2.570 | ppl     13.07
[2022-04-11 00:04:15.132] E013 |  1512/1512 batches | lr 10.0000 | loss  2.545 | ppl     12.75
[2022-04-11 00:04:19.171] End E013 | valid loss  2.629; ppl     13.86 | accu 0.3780 = 89433/236620
[2022-04-11 00:04:23.899] End E013 |  test loss  3.701; ppl     40.50 | accu 0.2694 = 74689/277260 ../data/sample_500k/adolescent_valid.txt
[2022-04-11 00:04:49.929] End E013 |  test loss  3.786; ppl     44.07 | accu 0.2309 = 350317/1517340 ../data/sample_500k/adult_test.txt
[2022-04-11 00:04:49.929] Save: model.pt... 
[2022-04-11 00:04:49.941] Save: model.pt...Done. best_val_loss: 2.6293
[2022-04-11 00:04:49.941] Epoch 014/40 ==================================================
[2022-04-11 00:04:53.347] E014 |   200/1512 batches | lr 10.0000 | loss  2.522 | ppl     12.45
[2022-04-11 00:04:56.781] E014 |   400/1512 batches | lr 10.0000 | loss  2.523 | ppl     12.47
[2022-04-11 00:05:00.208] E014 |   600/1512 batches | lr 10.0000 | loss  2.526 | ppl     12.50
[2022-04-11 00:05:03.668] E014 |   800/1512 batches | lr 10.0000 | loss  2.538 | ppl     12.66
[2022-04-11 00:05:07.095] E014 |  1000/1512 batches | lr 10.0000 | loss  2.538 | ppl     12.65
[2022-04-11 00:05:10.543] E014 |  1200/1512 batches | lr 10.0000 | loss  2.503 | ppl     12.22
[2022-04-11 00:05:13.964] E014 |  1400/1512 batches | lr 10.0000 | loss  2.563 | ppl     12.97
[2022-04-11 00:05:15.874] E014 |  1512/1512 batches | lr 10.0000 | loss  2.541 | ppl     12.69
[2022-04-11 00:05:19.892] End E014 | valid loss  2.625; ppl     13.80 | accu 0.3783 = 89502/236620
[2022-04-11 00:05:24.612] End E014 |  test loss  3.700; ppl     40.47 | accu 0.2704 = 74963/277260 ../data/sample_500k/adolescent_valid.txt
[2022-04-11 00:05:50.569] End E014 |  test loss  3.779; ppl     43.75 | accu 0.2315 = 351337/1517340 ../data/sample_500k/adult_test.txt
[2022-04-11 00:05:50.569] Save: model.pt... 
[2022-04-11 00:05:50.579] Save: model.pt...Done. best_val_loss: 2.6248
[2022-04-11 00:05:50.579] Epoch 015/40 ==================================================
[2022-04-11 00:05:53.984] E015 |   200/1512 batches | lr 10.0000 | loss  2.512 | ppl     12.33
[2022-04-11 00:05:57.469] E015 |   400/1512 batches | lr 10.0000 | loss  2.517 | ppl     12.39
[2022-04-11 00:06:00.966] E015 |   600/1512 batches | lr 10.0000 | loss  2.522 | ppl     12.45
[2022-04-11 00:06:04.379] E015 |   800/1512 batches | lr 10.0000 | loss  2.534 | ppl     12.60
[2022-04-11 00:06:07.788] E015 |  1000/1512 batches | lr 10.0000 | loss  2.530 | ppl     12.55
[2022-04-11 00:06:11.189] E015 |  1200/1512 batches | lr 10.0000 | loss  2.495 | ppl     12.12
[2022-04-11 00:06:14.632] E015 |  1400/1512 batches | lr 10.0000 | loss  2.556 | ppl     12.88
[2022-04-11 00:06:16.558] E015 |  1512/1512 batches | lr 10.0000 | loss  2.533 | ppl     12.59
[2022-04-11 00:06:20.634] End E015 | valid loss  2.618; ppl     13.71 | accu 0.3806 = 90057/236620
[2022-04-11 00:06:25.378] End E015 |  test loss  3.705; ppl     40.64 | accu 0.2700 = 74870/277260 ../data/sample_500k/adolescent_valid.txt
[2022-04-11 00:06:51.126] End E015 |  test loss  3.790; ppl     44.27 | accu 0.2311 = 350671/1517340 ../data/sample_500k/adult_test.txt
[2022-04-11 00:06:51.127] Save: model.pt... 
[2022-04-11 00:06:51.136] Save: model.pt...Done. best_val_loss: 2.6185
[2022-04-11 00:06:51.136] Epoch 016/40 ==================================================
[2022-04-11 00:06:54.546] E016 |   200/1512 batches | lr 10.0000 | loss  2.506 | ppl     12.26
[2022-04-11 00:06:58.006] E016 |   400/1512 batches | lr 10.0000 | loss  2.510 | ppl     12.31
[2022-04-11 00:07:01.427] E016 |   600/1512 batches | lr 10.0000 | loss  2.514 | ppl     12.35
[2022-04-11 00:07:04.830] E016 |   800/1512 batches | lr 10.0000 | loss  2.529 | ppl     12.54
[2022-04-11 00:07:08.217] E016 |  1000/1512 batches | lr 10.0000 | loss  2.522 | ppl     12.46
[2022-04-11 00:07:11.661] E016 |  1200/1512 batches | lr 10.0000 | loss  2.493 | ppl     12.09
[2022-04-11 00:07:15.077] E016 |  1400/1512 batches | lr 10.0000 | loss  2.549 | ppl     12.80
[2022-04-11 00:07:16.983] E016 |  1512/1512 batches | lr 10.0000 | loss  2.528 | ppl     12.52
[2022-04-11 00:07:21.022] End E016 | valid loss  2.614; ppl     13.65 | accu 0.3807 = 90091/236620
[2022-04-11 00:07:25.766] End E016 |  test loss  3.688; ppl     39.97 | accu 0.2717 = 75322/277260 ../data/sample_500k/adolescent_valid.txt
[2022-04-11 00:07:51.503] End E016 |  test loss  3.776; ppl     43.65 | accu 0.2326 = 352863/1517340 ../data/sample_500k/adult_test.txt
[2022-04-11 00:07:51.503] Save: model.pt... 
[2022-04-11 00:07:51.513] Save: model.pt...Done. best_val_loss: 2.6140
[2022-04-11 00:07:51.513] Epoch 017/40 ==================================================
[2022-04-11 00:07:54.952] E017 |   200/1512 batches | lr 10.0000 | loss  2.499 | ppl     12.17
[2022-04-11 00:07:58.355] E017 |   400/1512 batches | lr 10.0000 | loss  2.504 | ppl     12.23
[2022-04-11 00:08:01.810] E017 |   600/1512 batches | lr 10.0000 | loss  2.510 | ppl     12.31
[2022-04-11 00:08:05.230] E017 |   800/1512 batches | lr 10.0000 | loss  2.522 | ppl     12.46
[2022-04-11 00:08:08.733] E017 |  1000/1512 batches | lr 10.0000 | loss  2.519 | ppl     12.41
[2022-04-11 00:08:12.140] E017 |  1200/1512 batches | lr 10.0000 | loss  2.489 | ppl     12.05
[2022-04-11 00:08:15.609] E017 |  1400/1512 batches | lr 10.0000 | loss  2.546 | ppl     12.76
[2022-04-11 00:08:17.520] E017 |  1512/1512 batches | lr 10.0000 | loss  2.524 | ppl     12.47
[2022-04-11 00:08:21.582] End E017 | valid loss  2.610; ppl     13.60 | accu 0.3821 = 90401/236620
[2022-04-11 00:08:26.309] End E017 |  test loss  3.694; ppl     40.21 | accu 0.2719 = 75380/277260 ../data/sample_500k/adolescent_valid.txt
[2022-04-11 00:08:52.051] End E017 |  test loss  3.787; ppl     44.12 | accu 0.2324 = 352648/1517340 ../data/sample_500k/adult_test.txt
[2022-04-11 00:08:52.051] Save: model.pt... 
[2022-04-11 00:08:52.061] Save: model.pt...Done. best_val_loss: 2.6104
[2022-04-11 00:08:52.061] Epoch 018/40 ==================================================
[2022-04-11 00:08:55.530] E018 |   200/1512 batches | lr 10.0000 | loss  2.496 | ppl     12.14
[2022-04-11 00:08:58.932] E018 |   400/1512 batches | lr 10.0000 | loss  2.495 | ppl     12.13
[2022-04-11 00:09:02.454] E018 |   600/1512 batches | lr 10.0000 | loss  2.506 | ppl     12.25
[2022-04-11 00:09:05.899] E018 |   800/1512 batches | lr 10.0000 | loss  2.520 | ppl     12.43
[2022-04-11 00:09:09.358] E018 |  1000/1512 batches | lr 10.0000 | loss  2.516 | ppl     12.38
[2022-04-11 00:09:12.817] E018 |  1200/1512 batches | lr 10.0000 | loss  2.479 | ppl     11.93
[2022-04-11 00:09:16.239] E018 |  1400/1512 batches | lr 10.0000 | loss  2.540 | ppl     12.68
[2022-04-11 00:09:18.495] E018 |  1512/1512 batches | lr 10.0000 | loss  2.516 | ppl     12.38
[2022-04-11 00:09:22.548] End E018 | valid loss  2.609; ppl     13.59 | accu 0.3820 = 90384/236620
[2022-04-11 00:09:27.310] End E018 |  test loss  3.688; ppl     39.97 | accu 0.2717 = 75343/277260 ../data/sample_500k/adolescent_valid.txt
[2022-04-11 00:09:52.946] End E018 |  test loss  3.793; ppl     44.37 | accu 0.2339 = 354931/1517340 ../data/sample_500k/adult_test.txt
[2022-04-11 00:09:52.946] Save: model.pt... 
[2022-04-11 00:09:52.956] Save: model.pt...Done. best_val_loss: 2.6092
[2022-04-11 00:09:52.956] Epoch 019/40 ==================================================
[2022-04-11 00:09:56.390] E019 |   200/1512 batches | lr 10.0000 | loss  2.490 | ppl     12.06
[2022-04-11 00:09:59.777] E019 |   400/1512 batches | lr 10.0000 | loss  2.495 | ppl     12.13
[2022-04-11 00:10:03.360] E019 |   600/1512 batches | lr 10.0000 | loss  2.499 | ppl     12.17
[2022-04-11 00:10:06.873] E019 |   800/1512 batches | lr 10.0000 | loss  2.511 | ppl     12.32
[2022-04-11 00:10:10.326] E019 |  1000/1512 batches | lr 10.0000 | loss  2.508 | ppl     12.28
[2022-04-11 00:10:13.737] E019 |  1200/1512 batches | lr 10.0000 | loss  2.477 | ppl     11.90
[2022-04-11 00:10:17.158] E019 |  1400/1512 batches | lr 10.0000 | loss  2.537 | ppl     12.65
[2022-04-11 00:10:19.152] E019 |  1512/1512 batches | lr 10.0000 | loss  2.516 | ppl     12.38
[2022-04-11 00:10:23.269] End E019 | valid loss  2.606; ppl     13.55 | accu 0.3831 = 90656/236620
[2022-04-11 00:10:28.161] End E019 |  test loss  3.685; ppl     39.83 | accu 0.2729 = 75678/277260 ../data/sample_500k/adolescent_valid.txt
[2022-04-11 00:10:55.788] End E019 |  test loss  3.778; ppl     43.74 | accu 0.2335 = 354258/1517340 ../data/sample_500k/adult_test.txt
[2022-04-11 00:10:55.788] Save: model.pt... 
[2022-04-11 00:10:55.798] Save: model.pt...Done. best_val_loss: 2.6064
[2022-04-11 00:10:55.798] Epoch 020/40 ==================================================
[2022-04-11 00:10:59.273] E020 |   200/1512 batches | lr 10.0000 | loss  2.485 | ppl     12.00
[2022-04-11 00:11:02.714] E020 |   400/1512 batches | lr 10.0000 | loss  2.491 | ppl     12.07
[2022-04-11 00:11:06.139] E020 |   600/1512 batches | lr 10.0000 | loss  2.496 | ppl     12.13
[2022-04-11 00:11:09.593] E020 |   800/1512 batches | lr 10.0000 | loss  2.512 | ppl     12.33
[2022-04-11 00:11:13.115] E020 |  1000/1512 batches | lr 10.0000 | loss  2.503 | ppl     12.22
[2022-04-11 00:11:16.898] E020 |  1200/1512 batches | lr 10.0000 | loss  2.475 | ppl     11.88
[2022-04-11 00:11:20.991] E020 |  1400/1512 batches | lr 10.0000 | loss  2.531 | ppl     12.57
[2022-04-11 00:11:23.281] E020 |  1512/1512 batches | lr 10.0000 | loss  2.515 | ppl     12.36
[2022-04-11 00:11:28.356] End E020 | valid loss  2.607; ppl     13.55 | accu 0.3837 = 90796/236620
[2022-04-11 00:11:34.376] End E020 |  test loss  3.703; ppl     40.55 | accu 0.2736 = 75863/277260 ../data/sample_500k/adolescent_valid.txt
[2022-04-11 00:12:06.582] End E020 |  test loss  3.792; ppl     44.34 | accu 0.2336 = 354393/1517340 ../data/sample_500k/adult_test.txt
[2022-04-11 00:12:06.583] Epoch 021/40 ==================================================
[2022-04-11 00:12:10.609] E021 |   200/1512 batches | lr 5.0000 | loss  2.475 | ppl     11.88
[2022-04-11 00:12:14.088] E021 |   400/1512 batches | lr 5.0000 | loss  2.474 | ppl     11.87
[2022-04-11 00:12:17.538] E021 |   600/1512 batches | lr 5.0000 | loss  2.469 | ppl     11.81
[2022-04-11 00:12:21.002] E021 |   800/1512 batches | lr 5.0000 | loss  2.476 | ppl     11.90
[2022-04-11 00:12:24.434] E021 |  1000/1512 batches | lr 5.0000 | loss  2.469 | ppl     11.81
[2022-04-11 00:12:27.880] E021 |  1200/1512 batches | lr 5.0000 | loss  2.434 | ppl     11.41
[2022-04-11 00:12:31.314] E021 |  1400/1512 batches | lr 5.0000 | loss  2.482 | ppl     11.96
[2022-04-11 00:12:33.235] E021 |  1512/1512 batches | lr 5.0000 | loss  2.456 | ppl     11.66
[2022-04-11 00:12:37.355] End E021 | valid loss  2.576; ppl     13.15 | accu 0.3910 = 92521/236620
[2022-04-11 00:12:42.187] End E021 |  test loss  3.683; ppl     39.77 | accu 0.2791 = 77375/277260 ../data/sample_500k/adolescent_valid.txt
[2022-04-11 00:13:08.242] End E021 |  test loss  3.778; ppl     43.72 | accu 0.2378 = 360855/1517340 ../data/sample_500k/adult_test.txt
[2022-04-11 00:13:08.242] Save: model.pt... 
[2022-04-11 00:13:08.261] Save: model.pt...Done. best_val_loss: 2.5760
[2022-04-11 00:13:08.261] Epoch 022/40 ==================================================
[2022-04-11 00:13:11.688] E022 |   200/1512 batches | lr 5.0000 | loss  2.445 | ppl     11.53
[2022-04-11 00:13:15.126] E022 |   400/1512 batches | lr 5.0000 | loss  2.449 | ppl     11.58
[2022-04-11 00:13:18.545] E022 |   600/1512 batches | lr 5.0000 | loss  2.449 | ppl     11.58
[2022-04-11 00:13:22.017] E022 |   800/1512 batches | lr 5.0000 | loss  2.464 | ppl     11.76
[2022-04-11 00:13:25.447] E022 |  1000/1512 batches | lr 5.0000 | loss  2.456 | ppl     11.66
[2022-04-11 00:13:28.892] E022 |  1200/1512 batches | lr 5.0000 | loss  2.426 | ppl     11.31
[2022-04-11 00:13:32.337] E022 |  1400/1512 batches | lr 5.0000 | loss  2.478 | ppl     11.92
[2022-04-11 00:13:34.255] E022 |  1512/1512 batches | lr 5.0000 | loss  2.454 | ppl     11.63
[2022-04-11 00:13:38.313] End E022 | valid loss  2.572; ppl     13.09 | accu 0.3926 = 92898/236620
[2022-04-11 00:13:43.058] End E022 |  test loss  3.674; ppl     39.41 | accu 0.2797 = 77537/277260 ../data/sample_500k/adolescent_valid.txt
[2022-04-11 00:14:08.960] End E022 |  test loss  3.772; ppl     43.46 | accu 0.2382 = 361357/1517340 ../data/sample_500k/adult_test.txt
[2022-04-11 00:14:08.960] Save: model.pt... 
[2022-04-11 00:14:08.970] Save: model.pt...Done. best_val_loss: 2.5721
[2022-04-11 00:14:08.970] Epoch 023/40 ==================================================
[2022-04-11 00:14:12.377] E023 |   200/1512 batches | lr 5.0000 | loss  2.439 | ppl     11.46
[2022-04-11 00:14:15.775] E023 |   400/1512 batches | lr 5.0000 | loss  2.438 | ppl     11.46
[2022-04-11 00:14:19.177] E023 |   600/1512 batches | lr 5.0000 | loss  2.439 | ppl     11.46
[2022-04-11 00:14:22.565] E023 |   800/1512 batches | lr 5.0000 | loss  2.458 | ppl     11.68
[2022-04-11 00:14:26.019] E023 |  1000/1512 batches | lr 5.0000 | loss  2.449 | ppl     11.58
[2022-04-11 00:14:29.410] E023 |  1200/1512 batches | lr 5.0000 | loss  2.419 | ppl     11.23
[2022-04-11 00:14:32.873] E023 |  1400/1512 batches | lr 5.0000 | loss  2.475 | ppl     11.88
[2022-04-11 00:14:34.888] E023 |  1512/1512 batches | lr 5.0000 | loss  2.450 | ppl     11.59
[2022-04-11 00:14:38.952] End E023 | valid loss  2.568; ppl     13.04 | accu 0.3929 = 92965/236620
[2022-04-11 00:14:43.712] End E023 |  test loss  3.677; ppl     39.52 | accu 0.2813 = 77982/277260 ../data/sample_500k/adolescent_valid.txt
[2022-04-11 00:15:09.452] End E023 |  test loss  3.769; ppl     43.35 | accu 0.2395 = 363439/1517340 ../data/sample_500k/adult_test.txt
[2022-04-11 00:15:09.452] Save: model.pt... 
[2022-04-11 00:15:09.462] Save: model.pt...Done. best_val_loss: 2.5678
[2022-04-11 00:15:09.462] Epoch 024/40 ==================================================
[2022-04-11 00:15:12.926] E024 |   200/1512 batches | lr 5.0000 | loss  2.430 | ppl     11.35
[2022-04-11 00:15:16.349] E024 |   400/1512 batches | lr 5.0000 | loss  2.430 | ppl     11.36
[2022-04-11 00:15:19.760] E024 |   600/1512 batches | lr 5.0000 | loss  2.435 | ppl     11.42
[2022-04-11 00:15:23.674] E024 |   800/1512 batches | lr 5.0000 | loss  2.453 | ppl     11.62
[2022-04-11 00:15:27.711] E024 |  1000/1512 batches | lr 5.0000 | loss  2.447 | ppl     11.55
[2022-04-11 00:15:31.725] E024 |  1200/1512 batches | lr 5.0000 | loss  2.412 | ppl     11.16
[2022-04-11 00:15:35.744] E024 |  1400/1512 batches | lr 5.0000 | loss  2.470 | ppl     11.82
[2022-04-11 00:15:38.016] E024 |  1512/1512 batches | lr 5.0000 | loss  2.445 | ppl     11.53
[2022-04-11 00:15:43.052] End E024 | valid loss  2.566; ppl     13.02 | accu 0.3930 = 93002/236620
[2022-04-11 00:15:48.879] End E024 |  test loss  3.684; ppl     39.80 | accu 0.2804 = 77740/277260 ../data/sample_500k/adolescent_valid.txt
[2022-04-11 00:16:20.683] End E024 |  test loss  3.774; ppl     43.54 | accu 0.2391 = 362838/1517340 ../data/sample_500k/adult_test.txt
[2022-04-11 00:16:20.683] Save: model.pt... 
[2022-04-11 00:16:20.693] Save: model.pt...Done. best_val_loss: 2.5662
[2022-04-11 00:16:20.693] Epoch 025/40 ==================================================
[2022-04-11 00:16:24.744] E025 |   200/1512 batches | lr 5.0000 | loss  2.428 | ppl     11.33
[2022-04-11 00:16:28.546] E025 |   400/1512 batches | lr 5.0000 | loss  2.428 | ppl     11.33
[2022-04-11 00:16:31.993] E025 |   600/1512 batches | lr 5.0000 | loss  2.431 | ppl     11.37
[2022-04-11 00:16:35.411] E025 |   800/1512 batches | lr 5.0000 | loss  2.449 | ppl     11.58
[2022-04-11 00:16:38.816] E025 |  1000/1512 batches | lr 5.0000 | loss  2.445 | ppl     11.53
[2022-04-11 00:16:42.215] E025 |  1200/1512 batches | lr 5.0000 | loss  2.413 | ppl     11.16
[2022-04-11 00:16:45.634] E025 |  1400/1512 batches | lr 5.0000 | loss  2.467 | ppl     11.79
[2022-04-11 00:16:47.559] E025 |  1512/1512 batches | lr 5.0000 | loss  2.443 | ppl     11.51
[2022-04-11 00:16:51.590] End E025 | valid loss  2.566; ppl     13.02 | accu 0.3932 = 93047/236620
[2022-04-11 00:16:56.373] End E025 |  test loss  3.675; ppl     39.44 | accu 0.2804 = 77738/277260 ../data/sample_500k/adolescent_valid.txt
[2022-04-11 00:17:22.301] End E025 |  test loss  3.766; ppl     43.20 | accu 0.2395 = 363375/1517340 ../data/sample_500k/adult_test.txt
[2022-04-11 00:17:22.301] Epoch 026/40 ==================================================
[2022-04-11 00:17:25.713] E026 |   200/1512 batches | lr 2.5000 | loss  2.422 | ppl     11.27
[2022-04-11 00:17:29.129] E026 |   400/1512 batches | lr 2.5000 | loss  2.422 | ppl     11.27
[2022-04-11 00:17:32.549] E026 |   600/1512 batches | lr 2.5000 | loss  2.419 | ppl     11.23
[2022-04-11 00:17:36.052] E026 |   800/1512 batches | lr 2.5000 | loss  2.434 | ppl     11.40
[2022-04-11 00:17:39.519] E026 |  1000/1512 batches | lr 2.5000 | loss  2.426 | ppl     11.31
[2022-04-11 00:17:42.969] E026 |  1200/1512 batches | lr 2.5000 | loss  2.392 | ppl     10.93
[2022-04-11 00:17:46.398] E026 |  1400/1512 batches | lr 2.5000 | loss  2.442 | ppl     11.49
[2022-04-11 00:17:48.326] E026 |  1512/1512 batches | lr 2.5000 | loss  2.416 | ppl     11.20
[2022-04-11 00:17:52.400] End E026 | valid loss  2.554; ppl     12.86 | accu 0.3966 = 93843/236620
[2022-04-11 00:17:57.168] End E026 |  test loss  3.675; ppl     39.44 | accu 0.2831 = 78482/277260 ../data/sample_500k/adolescent_valid.txt
[2022-04-11 00:18:22.990] End E026 |  test loss  3.765; ppl     43.17 | accu 0.2414 = 366360/1517340 ../data/sample_500k/adult_test.txt
[2022-04-11 00:18:22.990] Save: model.pt... 
[2022-04-11 00:18:23.000] Save: model.pt...Done. best_val_loss: 2.5538
[2022-04-11 00:18:23.000] Epoch 027/40 ==================================================
[2022-04-11 00:18:26.497] E027 |   200/1512 batches | lr 2.5000 | loss  2.404 | ppl     11.07
[2022-04-11 00:18:29.957] E027 |   400/1512 batches | lr 2.5000 | loss  2.409 | ppl     11.12
[2022-04-11 00:18:33.424] E027 |   600/1512 batches | lr 2.5000 | loss  2.411 | ppl     11.14
[2022-04-11 00:18:36.852] E027 |   800/1512 batches | lr 2.5000 | loss  2.426 | ppl     11.32
[2022-04-11 00:18:40.246] E027 |  1000/1512 batches | lr 2.5000 | loss  2.418 | ppl     11.23
[2022-04-11 00:18:43.640] E027 |  1200/1512 batches | lr 2.5000 | loss  2.388 | ppl     10.89
[2022-04-11 00:18:47.038] E027 |  1400/1512 batches | lr 2.5000 | loss  2.439 | ppl     11.46
[2022-04-11 00:18:48.935] E027 |  1512/1512 batches | lr 2.5000 | loss  2.418 | ppl     11.22
[2022-04-11 00:18:53.016] End E027 | valid loss  2.551; ppl     12.82 | accu 0.3977 = 94094/236620
[2022-04-11 00:18:57.781] End E027 |  test loss  3.673; ppl     39.37 | accu 0.2833 = 78553/277260 ../data/sample_500k/adolescent_valid.txt
[2022-04-11 00:19:23.601] End E027 |  test loss  3.770; ppl     43.37 | accu 0.2412 = 365978/1517340 ../data/sample_500k/adult_test.txt
[2022-04-11 00:19:23.601] Save: model.pt... 
[2022-04-11 00:19:23.611] Save: model.pt...Done. best_val_loss: 2.5507
[2022-04-11 00:19:23.611] Epoch 028/40 ==================================================
[2022-04-11 00:19:27.018] E028 |   200/1512 batches | lr 2.5000 | loss  2.400 | ppl     11.03
[2022-04-11 00:19:30.436] E028 |   400/1512 batches | lr 2.5000 | loss  2.403 | ppl     11.06
[2022-04-11 00:19:33.860] E028 |   600/1512 batches | lr 2.5000 | loss  2.408 | ppl     11.11
[2022-04-11 00:19:37.285] E028 |   800/1512 batches | lr 2.5000 | loss  2.422 | ppl     11.27
[2022-04-11 00:19:40.700] E028 |  1000/1512 batches | lr 2.5000 | loss  2.418 | ppl     11.22
[2022-04-11 00:19:44.113] E028 |  1200/1512 batches | lr 2.5000 | loss  2.387 | ppl     10.88
[2022-04-11 00:19:47.544] E028 |  1400/1512 batches | lr 2.5000 | loss  2.437 | ppl     11.44
[2022-04-11 00:19:49.441] E028 |  1512/1512 batches | lr 2.5000 | loss  2.417 | ppl     11.22
[2022-04-11 00:19:53.483] End E028 | valid loss  2.549; ppl     12.79 | accu 0.3977 = 94100/236620
[2022-04-11 00:19:58.208] End E028 |  test loss  3.664; ppl     39.01 | accu 0.2848 = 78954/277260 ../data/sample_500k/adolescent_valid.txt
[2022-04-11 00:20:27.900] End E028 |  test loss  3.760; ppl     42.95 | accu 0.2418 = 366842/1517340 ../data/sample_500k/adult_test.txt
[2022-04-11 00:20:27.901] Save: model.pt... 
[2022-04-11 00:20:27.911] Save: model.pt...Done. best_val_loss: 2.5486
[2022-04-11 00:20:27.911] Epoch 029/40 ==================================================
[2022-04-11 00:20:31.944] E029 |   200/1512 batches | lr 2.5000 | loss  2.401 | ppl     11.04
[2022-04-11 00:20:35.952] E029 |   400/1512 batches | lr 2.5000 | loss  2.399 | ppl     11.01
[2022-04-11 00:20:39.997] E029 |   600/1512 batches | lr 2.5000 | loss  2.404 | ppl     11.07
[2022-04-11 00:20:44.053] E029 |   800/1512 batches | lr 2.5000 | loss  2.419 | ppl     11.23
[2022-04-11 00:20:48.111] E029 |  1000/1512 batches | lr 2.5000 | loss  2.415 | ppl     11.19
[2022-04-11 00:20:52.176] E029 |  1200/1512 batches | lr 2.5000 | loss  2.384 | ppl     10.85
[2022-04-11 00:20:56.252] E029 |  1400/1512 batches | lr 2.5000 | loss  2.431 | ppl     11.37
[2022-04-11 00:20:58.536] E029 |  1512/1512 batches | lr 2.5000 | loss  2.419 | ppl     11.24
[2022-04-11 00:21:03.567] End E029 | valid loss  2.547; ppl     12.76 | accu 0.3982 = 94221/236620
[2022-04-11 00:21:09.462] End E029 |  test loss  3.666; ppl     39.11 | accu 0.2848 = 78950/277260 ../data/sample_500k/adolescent_valid.txt
[2022-04-11 00:21:41.471] End E029 |  test loss  3.757; ppl     42.82 | accu 0.2417 = 366690/1517340 ../data/sample_500k/adult_test.txt
[2022-04-11 00:21:41.472] Save: model.pt... 
[2022-04-11 00:21:41.482] Save: model.pt...Done. best_val_loss: 2.5467
[2022-04-11 00:21:41.482] Epoch 030/40 ==================================================
[2022-04-11 00:21:45.407] E030 |   200/1512 batches | lr 2.5000 | loss  2.393 | ppl     10.95
[2022-04-11 00:21:48.814] E030 |   400/1512 batches | lr 2.5000 | loss  2.396 | ppl     10.98
[2022-04-11 00:21:52.235] E030 |   600/1512 batches | lr 2.5000 | loss  2.398 | ppl     11.00
[2022-04-11 00:21:55.786] E030 |   800/1512 batches | lr 2.5000 | loss  2.417 | ppl     11.21
[2022-04-11 00:21:59.248] E030 |  1000/1512 batches | lr 2.5000 | loss  2.411 | ppl     11.15
[2022-04-11 00:22:02.694] E030 |  1200/1512 batches | lr 2.5000 | loss  2.383 | ppl     10.84
[2022-04-11 00:22:06.177] E030 |  1400/1512 batches | lr 2.5000 | loss  2.432 | ppl     11.39
[2022-04-11 00:22:08.398] E030 |  1512/1512 batches | lr 2.5000 | loss  2.413 | ppl     11.16
[2022-04-11 00:22:13.430] End E030 | valid loss  2.546; ppl     12.76 | accu 0.3982 = 94215/236620
[2022-04-11 00:22:19.309] End E030 |  test loss  3.661; ppl     38.91 | accu 0.2850 = 79026/277260 ../data/sample_500k/adolescent_valid.txt
[2022-04-11 00:22:48.183] End E030 |  test loss  3.757; ppl     42.81 | accu 0.2422 = 367512/1517340 ../data/sample_500k/adult_test.txt
[2022-04-11 00:22:48.184] Save: model.pt... 
[2022-04-11 00:22:48.193] Save: model.pt...Done. best_val_loss: 2.5464
[2022-04-11 00:22:48.193] Epoch 031/40 ==================================================
[2022-04-11 00:22:51.592] E031 |   200/1512 batches | lr 2.5000 | loss  2.392 | ppl     10.94
[2022-04-11 00:22:55.018] E031 |   400/1512 batches | lr 2.5000 | loss  2.396 | ppl     10.98
[2022-04-11 00:22:58.489] E031 |   600/1512 batches | lr 2.5000 | loss  2.399 | ppl     11.01
[2022-04-11 00:23:01.993] E031 |   800/1512 batches | lr 2.5000 | loss  2.414 | ppl     11.18
[2022-04-11 00:23:05.453] E031 |  1000/1512 batches | lr 2.5000 | loss  2.406 | ppl     11.09
[2022-04-11 00:23:08.926] E031 |  1200/1512 batches | lr 2.5000 | loss  2.378 | ppl     10.78
[2022-04-11 00:23:12.362] E031 |  1400/1512 batches | lr 2.5000 | loss  2.428 | ppl     11.34
[2022-04-11 00:23:14.348] E031 |  1512/1512 batches | lr 2.5000 | loss  2.413 | ppl     11.16
[2022-04-11 00:23:18.345] End E031 | valid loss  2.544; ppl     12.73 | accu 0.3980 = 94175/236620
[2022-04-11 00:23:23.051] End E031 |  test loss  3.661; ppl     38.88 | accu 0.2843 = 78817/277260 ../data/sample_500k/adolescent_valid.txt
[2022-04-11 00:23:48.958] End E031 |  test loss  3.754; ppl     42.68 | accu 0.2430 = 368647/1517340 ../data/sample_500k/adult_test.txt
[2022-04-11 00:23:48.958] Save: model.pt... 
[2022-04-11 00:23:48.968] Save: model.pt...Done. best_val_loss: 2.5436
[2022-04-11 00:23:48.968] Epoch 032/40 ==================================================
[2022-04-11 00:23:52.365] E032 |   200/1512 batches | lr 2.5000 | loss  2.392 | ppl     10.94
[2022-04-11 00:23:55.768] E032 |   400/1512 batches | lr 2.5000 | loss  2.392 | ppl     10.93
[2022-04-11 00:23:59.166] E032 |   600/1512 batches | lr 2.5000 | loss  2.396 | ppl     10.98
[2022-04-11 00:24:02.587] E032 |   800/1512 batches | lr 2.5000 | loss  2.413 | ppl     11.16
[2022-04-11 00:24:06.010] E032 |  1000/1512 batches | lr 2.5000 | loss  2.405 | ppl     11.08
[2022-04-11 00:24:09.458] E032 |  1200/1512 batches | lr 2.5000 | loss  2.377 | ppl     10.78
[2022-04-11 00:24:12.890] E032 |  1400/1512 batches | lr 2.5000 | loss  2.426 | ppl     11.31
[2022-04-11 00:24:14.816] E032 |  1512/1512 batches | lr 2.5000 | loss  2.411 | ppl     11.15
[2022-04-11 00:24:18.890] End E032 | valid loss  2.544; ppl     12.73 | accu 0.3993 = 94478/236620
[2022-04-11 00:24:23.598] End E032 |  test loss  3.662; ppl     38.95 | accu 0.2848 = 78970/277260 ../data/sample_500k/adolescent_valid.txt
[2022-04-11 00:24:49.356] End E032 |  test loss  3.756; ppl     42.80 | accu 0.2426 = 368130/1517340 ../data/sample_500k/adult_test.txt
[2022-04-11 00:24:49.356] Epoch 033/40 ==================================================
[2022-04-11 00:24:53.408] E033 |   200/1512 batches | lr 1.2500 | loss  2.390 | ppl     10.91
[2022-04-11 00:24:57.423] E033 |   400/1512 batches | lr 1.2500 | loss  2.393 | ppl     10.95
[2022-04-11 00:25:01.378] E033 |   600/1512 batches | lr 1.2500 | loss  2.392 | ppl     10.93
[2022-04-11 00:25:04.796] E033 |   800/1512 batches | lr 1.2500 | loss  2.408 | ppl     11.11
[2022-04-11 00:25:08.180] E033 |  1000/1512 batches | lr 1.2500 | loss  2.396 | ppl     10.98
[2022-04-11 00:25:11.631] E033 |  1200/1512 batches | lr 1.2500 | loss  2.367 | ppl     10.67
[2022-04-11 00:25:15.025] E033 |  1400/1512 batches | lr 1.2500 | loss  2.416 | ppl     11.20
[2022-04-11 00:25:16.925] E033 |  1512/1512 batches | lr 1.2500 | loss  2.392 | ppl     10.94
[2022-04-11 00:25:20.943] End E033 | valid loss  2.538; ppl     12.66 | accu 0.3999 = 94617/236620
[2022-04-11 00:25:25.645] End E033 |  test loss  3.663; ppl     38.96 | accu 0.2856 = 79184/277260 ../data/sample_500k/adolescent_valid.txt
[2022-04-11 00:25:51.406] End E033 |  test loss  3.756; ppl     42.76 | accu 0.2435 = 369477/1517340 ../data/sample_500k/adult_test.txt
[2022-04-11 00:25:51.406] Save: model.pt... 
[2022-04-11 00:25:51.416] Save: model.pt...Done. best_val_loss: 2.5381
[2022-04-11 00:25:51.416] Epoch 034/40 ==================================================
[2022-04-11 00:25:54.846] E034 |   200/1512 batches | lr 1.2500 | loss  2.382 | ppl     10.83
[2022-04-11 00:25:58.251] E034 |   400/1512 batches | lr 1.2500 | loss  2.387 | ppl     10.88
[2022-04-11 00:26:01.660] E034 |   600/1512 batches | lr 1.2500 | loss  2.387 | ppl     10.88
[2022-04-11 00:26:05.047] E034 |   800/1512 batches | lr 1.2500 | loss  2.405 | ppl     11.07
[2022-04-11 00:26:09.024] E034 |  1000/1512 batches | lr 1.2500 | loss  2.396 | ppl     10.98
[2022-04-11 00:26:13.091] E034 |  1200/1512 batches | lr 1.2500 | loss  2.364 | ppl     10.63
[2022-04-11 00:26:16.940] E034 |  1400/1512 batches | lr 1.2500 | loss  2.414 | ppl     11.18
[2022-04-11 00:26:18.840] E034 |  1512/1512 batches | lr 1.2500 | loss  2.399 | ppl     11.02
[2022-04-11 00:26:22.896] End E034 | valid loss  2.538; ppl     12.66 | accu 0.3997 = 94575/236620
[2022-04-11 00:26:27.642] End E034 |  test loss  3.662; ppl     38.95 | accu 0.2859 = 79272/277260 ../data/sample_500k/adolescent_valid.txt
[2022-04-11 00:26:53.489] End E034 |  test loss  3.757; ppl     42.83 | accu 0.2437 = 369736/1517340 ../data/sample_500k/adult_test.txt
[2022-04-11 00:26:53.489] Epoch 035/40 ==================================================
[2022-04-11 00:26:56.919] E035 |   200/1512 batches | lr 0.6250 | loss  2.383 | ppl     10.84
[2022-04-11 00:27:00.323] E035 |   400/1512 batches | lr 0.6250 | loss  2.388 | ppl     10.89
[2022-04-11 00:27:03.750] E035 |   600/1512 batches | lr 0.6250 | loss  2.383 | ppl     10.84
[2022-04-11 00:27:07.164] E035 |   800/1512 batches | lr 0.6250 | loss  2.399 | ppl     11.01
[2022-04-11 00:27:10.596] E035 |  1000/1512 batches | lr 0.6250 | loss  2.391 | ppl     10.93
[2022-04-11 00:27:14.036] E035 |  1200/1512 batches | lr 0.6250 | loss  2.362 | ppl     10.61
[2022-04-11 00:27:17.527] E035 |  1400/1512 batches | lr 0.6250 | loss  2.407 | ppl     11.10
[2022-04-11 00:27:19.442] E035 |  1512/1512 batches | lr 0.6250 | loss  2.389 | ppl     10.90
[2022-04-11 00:27:23.474] End E035 | valid loss  2.535; ppl     12.62 | accu 0.4004 = 94753/236620
[2022-04-11 00:27:28.217] End E035 |  test loss  3.659; ppl     38.84 | accu 0.2860 = 79283/277260 ../data/sample_500k/adolescent_valid.txt
[2022-04-11 00:27:54.130] End E035 |  test loss  3.752; ppl     42.60 | accu 0.2439 = 370150/1517340 ../data/sample_500k/adult_test.txt
[2022-04-11 00:27:54.130] Save: model.pt... 
[2022-04-11 00:27:54.140] Save: model.pt...Done. best_val_loss: 2.5354
[2022-04-11 00:27:54.140] Epoch 036/40 ==================================================
[2022-04-11 00:27:57.584] E036 |   200/1512 batches | lr 0.6250 | loss  2.378 | ppl     10.78
[2022-04-11 00:28:01.008] E036 |   400/1512 batches | lr 0.6250 | loss  2.380 | ppl     10.81
[2022-04-11 00:28:04.419] E036 |   600/1512 batches | lr 0.6250 | loss  2.380 | ppl     10.80
[2022-04-11 00:28:07.817] E036 |   800/1512 batches | lr 0.6250 | loss  2.399 | ppl     11.01
[2022-04-11 00:28:11.313] E036 |  1000/1512 batches | lr 0.6250 | loss  2.390 | ppl     10.92
[2022-04-11 00:28:14.739] E036 |  1200/1512 batches | lr 0.6250 | loss  2.358 | ppl     10.57
[2022-04-11 00:28:18.157] E036 |  1400/1512 batches | lr 0.6250 | loss  2.406 | ppl     11.08
[2022-04-11 00:28:20.072] E036 |  1512/1512 batches | lr 0.6250 | loss  2.389 | ppl     10.90
[2022-04-11 00:28:24.112] End E036 | valid loss  2.535; ppl     12.61 | accu 0.4007 = 94823/236620
[2022-04-11 00:28:28.930] End E036 |  test loss  3.661; ppl     38.91 | accu 0.2862 = 79340/277260 ../data/sample_500k/adolescent_valid.txt
[2022-04-11 00:28:54.613] End E036 |  test loss  3.753; ppl     42.65 | accu 0.2440 = 370157/1517340 ../data/sample_500k/adult_test.txt
[2022-04-11 00:28:54.613] Save: model.pt... 
[2022-04-11 00:28:54.624] Save: model.pt...Done. best_val_loss: 2.5347
[2022-04-11 00:28:54.624] Epoch 037/40 ==================================================
[2022-04-11 00:28:58.039] E037 |   200/1512 batches | lr 0.6250 | loss  2.377 | ppl     10.77
[2022-04-11 00:29:01.581] E037 |   400/1512 batches | lr 0.6250 | loss  2.378 | ppl     10.78
[2022-04-11 00:29:04.981] E037 |   600/1512 batches | lr 0.6250 | loss  2.378 | ppl     10.78
[2022-04-11 00:29:08.375] E037 |   800/1512 batches | lr 0.6250 | loss  2.400 | ppl     11.02
[2022-04-11 00:29:11.781] E037 |  1000/1512 batches | lr 0.6250 | loss  2.390 | ppl     10.92
[2022-04-11 00:29:15.192] E037 |  1200/1512 batches | lr 0.6250 | loss  2.361 | ppl     10.60
[2022-04-11 00:29:18.574] E037 |  1400/1512 batches | lr 0.6250 | loss  2.406 | ppl     11.09
[2022-04-11 00:29:20.480] E037 |  1512/1512 batches | lr 0.6250 | loss  2.387 | ppl     10.89
[2022-04-11 00:29:24.472] End E037 | valid loss  2.535; ppl     12.61 | accu 0.4008 = 94828/236620
[2022-04-11 00:29:29.195] End E037 |  test loss  3.663; ppl     38.99 | accu 0.2866 = 79458/277260 ../data/sample_500k/adolescent_valid.txt
[2022-04-11 00:29:54.957] End E037 |  test loss  3.755; ppl     42.72 | accu 0.2440 = 370213/1517340 ../data/sample_500k/adult_test.txt
[2022-04-11 00:29:54.958] Save: model.pt... 
[2022-04-11 00:29:54.967] Save: model.pt...Done. best_val_loss: 2.5345
[2022-04-11 00:29:54.967] Epoch 038/40 ==================================================
[2022-04-11 00:29:58.432] E038 |   200/1512 batches | lr 0.6250 | loss  2.377 | ppl     10.77
[2022-04-11 00:30:01.894] E038 |   400/1512 batches | lr 0.6250 | loss  2.378 | ppl     10.79
[2022-04-11 00:30:05.348] E038 |   600/1512 batches | lr 0.6250 | loss  2.380 | ppl     10.80
[2022-04-11 00:30:09.246] E038 |   800/1512 batches | lr 0.6250 | loss  2.396 | ppl     10.98
[2022-04-11 00:30:13.318] E038 |  1000/1512 batches | lr 0.6250 | loss  2.390 | ppl     10.91
[2022-04-11 00:30:17.375] E038 |  1200/1512 batches | lr 0.6250 | loss  2.355 | ppl     10.54
[2022-04-11 00:30:21.426] E038 |  1400/1512 batches | lr 0.6250 | loss  2.404 | ppl     11.07
[2022-04-11 00:30:23.699] E038 |  1512/1512 batches | lr 0.6250 | loss  2.386 | ppl     10.88
[2022-04-11 00:30:28.720] End E038 | valid loss  2.534; ppl     12.61 | accu 0.4008 = 94846/236620
[2022-04-11 00:30:34.577] End E038 |  test loss  3.661; ppl     38.92 | accu 0.2864 = 79413/277260 ../data/sample_500k/adolescent_valid.txt
[2022-04-11 00:31:06.776] End E038 |  test loss  3.755; ppl     42.73 | accu 0.2439 = 370021/1517340 ../data/sample_500k/adult_test.txt
[2022-04-11 00:31:06.777] Save: model.pt... 
[2022-04-11 00:31:06.787] Save: model.pt...Done. best_val_loss: 2.5345
[2022-04-11 00:31:06.787] Epoch 039/40 ==================================================
[2022-04-11 00:31:10.287] E039 |   200/1512 batches | lr 0.6250 | loss  2.372 | ppl     10.72
[2022-04-11 00:31:13.728] E039 |   400/1512 batches | lr 0.6250 | loss  2.374 | ppl     10.74
[2022-04-11 00:31:17.144] E039 |   600/1512 batches | lr 0.6250 | loss  2.375 | ppl     10.75
[2022-04-11 00:31:20.575] E039 |   800/1512 batches | lr 0.6250 | loss  2.395 | ppl     10.97
[2022-04-11 00:31:24.008] E039 |  1000/1512 batches | lr 0.6250 | loss  2.386 | ppl     10.87
[2022-04-11 00:31:27.448] E039 |  1200/1512 batches | lr 0.6250 | loss  2.357 | ppl     10.56
[2022-04-11 00:31:30.906] E039 |  1400/1512 batches | lr 0.6250 | loss  2.404 | ppl     11.06
[2022-04-11 00:31:32.835] E039 |  1512/1512 batches | lr 0.6250 | loss  2.390 | ppl     10.91
[2022-04-11 00:31:36.905] End E039 | valid loss  2.534; ppl     12.60 | accu 0.4010 = 94893/236620
[2022-04-11 00:31:41.652] End E039 |  test loss  3.657; ppl     38.74 | accu 0.2864 = 79406/277260 ../data/sample_500k/adolescent_valid.txt
[2022-04-11 00:32:07.409] End E039 |  test loss  3.752; ppl     42.59 | accu 0.2443 = 370648/1517340 ../data/sample_500k/adult_test.txt
[2022-04-11 00:32:07.410] Save: model.pt... 
[2022-04-11 00:32:07.419] Save: model.pt...Done. best_val_loss: 2.5336
[2022-04-11 00:32:07.419] Epoch 040/40 ==================================================
[2022-04-11 00:32:10.952] E040 |   200/1512 batches | lr 0.6250 | loss  2.371 | ppl     10.71
[2022-04-11 00:32:14.404] E040 |   400/1512 batches | lr 0.6250 | loss  2.372 | ppl     10.72
[2022-04-11 00:32:17.852] E040 |   600/1512 batches | lr 0.6250 | loss  2.375 | ppl     10.75
[2022-04-11 00:32:21.626] E040 |   800/1512 batches | lr 0.6250 | loss  2.394 | ppl     10.95
[2022-04-11 00:32:25.308] E040 |  1000/1512 batches | lr 0.6250 | loss  2.386 | ppl     10.87
[2022-04-11 00:32:28.708] E040 |  1200/1512 batches | lr 0.6250 | loss  2.357 | ppl     10.56
[2022-04-11 00:32:32.150] E040 |  1400/1512 batches | lr 0.6250 | loss  2.405 | ppl     11.08
[2022-04-11 00:32:34.075] E040 |  1512/1512 batches | lr 0.6250 | loss  2.387 | ppl     10.88
[2022-04-11 00:32:38.128] End E040 | valid loss  2.533; ppl     12.59 | accu 0.4012 = 94937/236620
[2022-04-11 00:32:42.884] End E040 |  test loss  3.656; ppl     38.72 | accu 0.2863 = 79375/277260 ../data/sample_500k/adolescent_valid.txt
[2022-04-11 00:33:08.790] End E040 |  test loss  3.753; ppl     42.63 | accu 0.2440 = 370214/1517340 ../data/sample_500k/adult_test.txt
[2022-04-11 00:33:08.790] Save: model.pt... 
[2022-04-11 00:33:08.800] Save: model.pt...Done. best_val_loss: 2.5332
[2022-04-11 00:33:13.612] End. test loss  3.66; ppl    38.72 | accu 0.2863 = 79375/277260 ../data/sample_500k/adolescent_valid.txt
[2022-04-11 00:33:39.531] End. test loss  3.75; ppl    42.63 | accu 0.2440 = 370214/1517340 ../data/sample_500k/adult_test.txt
[2022-04-11 00:33:39.532] =========================================================================================
[2022-04-11 00:33:39.532] valid_loss
[2022-04-11 00:33:39.532]  3.01, 2.86, 2.80, 2.79, 2.76, 2.76, 2.75, 2.73, 2.74, 2.65, 2.64, 2.63, 2.63, 2.62, 2.62, 2.61, 2.61, 2.61, 2.61, 2.61, 2.58, 2.57, 2.57, 2.57, 2.57, 2.55, 2.55, 2.55, 2.55, 2.55, 2.54, 2.54, 2.54, 2.54, 2.54, 2.53, 2.53, 2.53, 2.53, 2.53
[2022-04-11 00:33:39.532] valid_loss ppl
[2022-04-11 00:33:39.532]    20.31,   17.43,   16.51,   16.21,   15.87,   15.73,   15.66,   15.39,   15.43,   14.19,   14.02,   13.94,   13.86,   13.80,   13.71,   13.65,   13.60,   13.59,   13.55,   13.55,   13.15,   13.09,   13.04,   13.02,   13.02,   12.86,   12.82,   12.79,   12.76,   12.76,   12.73,   12.73,   12.66,   12.66,   12.62,   12.61,   12.61,   12.61,   12.60,   12.59
[2022-04-11 00:33:39.532] test_loss of ../data/sample_500k/adolescent_valid.txt
[2022-04-11 00:33:39.532]  3.92, 3.83, 3.80, 3.80, 3.78, 3.78, 3.76, 3.78, 3.77, 3.73, 3.71, 3.71, 3.70, 3.70, 3.70, 3.69, 3.69, 3.69, 3.68, 3.70, 3.68, 3.67, 3.68, 3.68, 3.67, 3.67, 3.67, 3.66, 3.67, 3.66, 3.66, 3.66, 3.66, 3.66, 3.66, 3.66, 3.66, 3.66, 3.66, 3.66
[2022-04-11 00:33:39.532] test_loss of ../data/sample_500k/adolescent_valid.txt ppl
[2022-04-11 00:33:39.533]    50.41,   46.10,   44.57,   44.57,   43.88,   43.85,   43.11,   43.76,   43.40,   41.74,   41.01,   40.82,   40.50,   40.47,   40.64,   39.97,   40.21,   39.97,   39.83,   40.55,   39.77,   39.41,   39.52,   39.80,   39.44,   39.44,   39.37,   39.01,   39.11,   38.91,   38.88,   38.95,   38.96,   38.95,   38.84,   38.91,   38.99,   38.92,   38.74,   38.72
[2022-04-11 00:33:39.533] test_loss of ../data/sample_500k/adult_test.txt
[2022-04-11 00:33:39.533]  3.97, 3.91, 3.88, 3.88, 3.87, 3.87, 3.87, 3.87, 3.85, 3.80, 3.80, 3.79, 3.79, 3.78, 3.79, 3.78, 3.79, 3.79, 3.78, 3.79, 3.78, 3.77, 3.77, 3.77, 3.77, 3.77, 3.77, 3.76, 3.76, 3.76, 3.75, 3.76, 3.76, 3.76, 3.75, 3.75, 3.75, 3.75, 3.75, 3.75
[2022-04-11 00:33:39.533] test_loss of ../data/sample_500k/adult_test.txt ppl
[2022-04-11 00:33:39.533]    52.85,   50.02,   48.50,   48.48,   47.93,   47.94,   47.92,   47.82,   46.96,   44.86,   44.70,   44.35,   44.07,   43.75,   44.27,   43.65,   44.12,   44.37,   43.74,   44.34,   43.72,   43.46,   43.35,   43.54,   43.20,   43.17,   43.37,   42.95,   42.82,   42.81,   42.68,   42.80,   42.76,   42.83,   42.60,   42.65,   42.72,   42.73,   42.59,   42.63
