[2022-04-11 02:29:01.078] corpus.train_file_list: 1
[2022-04-11 02:29:01.078]         ../data/sample_500k/cbt_train.txt
[2022-04-11 02:29:01.079] corpus.valid_file_list: 1
[2022-04-11 02:29:01.079]         ../data/sample_500k/cbt_valid.txt
[2022-04-11 02:29:01.079] corpus.test_file_list: 2
[2022-04-11 02:29:01.079]         ../data/sample_500k/adolescent_valid.txt
[2022-04-11 02:29:01.079]         ../data/sample_500k/adult_test.txt
[2022-04-11 02:29:01.079] corpus.subword_vocab_size: 0
[2022-04-11 02:29:01.079] corpus.subword_model = None. Corpus will not use subword.
[2022-04-11 02:29:01.079] corpus tokenize...
[2022-04-11 02:29:01.735]         train tokens: 511735  ../data/sample_500k/cbt_train.txt
[2022-04-11 02:29:01.867]         valid tokens: 115417  ../data/sample_500k/cbt_valid.txt
[2022-04-11 02:29:02.088]         test  tokens: 112256  ../data/sample_500k/adolescent_valid.txt
[2022-04-11 02:29:02.691]         test  tokens: 506878  ../data/sample_500k/adult_test.txt
[2022-04-11 02:29:02.691] corpus.ntokens      : 73236
[2022-04-11 02:29:02.691] corpus.char_count   : 157
[2022-04-11 02:29:02.691] corpus.char_cnt_dict: 157
[2022-04-11 02:29:02.691] corpus.char_id_dict : 157
[2022-04-11 02:29:02.702] corpus.batchify(1 files, batch_size=20)...
[2022-04-11 02:29:02.702]         tokens_all: 511735
[2022-04-11 02:29:02.702]         batched   :  25586
[2022-04-11 02:29:02.702]         ../data/sample_500k/cbt_train.txt
[2022-04-11 02:29:04.523] corpus.batchify(1 files, batch_size=20)...
[2022-04-11 02:29:04.523]         tokens_all: 115417
[2022-04-11 02:29:04.524]         batched   :   5770
[2022-04-11 02:29:04.524]         ../data/sample_500k/cbt_valid.txt
[2022-04-11 02:29:04.528] corpus.batchify(1 files, batch_size=20)...
[2022-04-11 02:29:04.528]         tokens_all: 112256
[2022-04-11 02:29:04.528]         batched   :   5612
[2022-04-11 02:29:04.528]         ../data/sample_500k/adolescent_valid.txt
[2022-04-11 02:29:04.534] corpus.batchify(1 files, batch_size=20)...
[2022-04-11 02:29:04.534]         tokens_all: 506878
[2022-04-11 02:29:04.535]         batched   :  25343
[2022-04-11 02:29:04.535]         ../data/sample_500k/adult_test.txt
[2022-04-11 02:29:05.041] RNNModel.rnn_type: LSTM
[2022-04-11 02:29:05.041] RNNModel.ntoken  : 73236
[2022-04-11 02:29:05.041] RNNModel.ninp    : 200
[2022-04-11 02:29:05.041] RNNModel.nhid    : 200
[2022-04-11 02:29:05.041] RNNModel.nlayers : 2
[2022-04-11 02:29:05.041] RNNModel.dropout : 0.2
[2022-04-11 02:29:05.041] RNNModel.tie_weights: False
[2022-04-11 02:29:05.041] RNNModel.char_mode  : CNN
[2022-04-11 02:29:05.041] RNNModel.char_cnt   : 158
[2022-04-11 02:29:05.041] RNNModel.char_emsize: 25
[2022-04-11 02:29:05.041] RNNModel.char_nhid  : 200
[2022-04-11 02:29:05.042] RNNModel.char_embeds: created
[2022-04-11 02:29:05.043] RNNModel.char_cnn3  : created
[2022-04-11 02:29:05.243] Epoch 001/40 ==================================================
[2022-04-11 02:29:18.241] E001 |   200/731 batches | lr 20.0000 | loss  7.391 | ppl   1622.04
[2022-04-11 02:29:31.255] E001 |   400/731 batches | lr 20.0000 | loss  5.992 | ppl    400.31
[2022-04-11 02:29:44.307] E001 |   600/731 batches | lr 20.0000 | loss  5.354 | ppl    211.53
[2022-04-11 02:29:52.852] E001 |   731/731 batches | lr 20.0000 | loss  5.185 | ppl    178.66
[2022-04-11 02:29:56.898] End E001 | valid loss  5.399; ppl    221.11 | accu 0.1523 = 17571/115380
[2022-04-11 02:30:00.774] End E001 |  test loss  8.788; ppl   6554.96 | accu 0.0323 = 3622/112220 ../data/sample_500k/adolescent_valid.txt
[2022-04-11 02:30:18.317] End E001 |  test loss  8.949; ppl   7699.68 | accu 0.0304 = 15397/506840 ../data/sample_500k/adult_test.txt
[2022-04-11 02:30:18.317] Save: model.pt... 
[2022-04-11 02:30:18.807] Save: model.pt...Done. best_val_loss: 5.3986
[2022-04-11 02:30:18.807] Epoch 002/40 ==================================================
[2022-04-11 02:30:31.794] E002 |   200/731 batches | lr 20.0000 | loss  5.042 | ppl    154.83
[2022-04-11 02:30:44.773] E002 |   400/731 batches | lr 20.0000 | loss  4.952 | ppl    141.44
[2022-04-11 02:30:57.849] E002 |   600/731 batches | lr 20.0000 | loss  4.765 | ppl    117.37
[2022-04-11 02:31:06.383] E002 |   731/731 batches | lr 20.0000 | loss  4.718 | ppl    111.96
[2022-04-11 02:31:10.384] End E002 | valid loss  5.094; ppl    163.01 | accu 0.1762 = 20325/115380
[2022-04-11 02:31:14.231] End E002 |  test loss  8.786; ppl   6542.95 | accu 0.0338 = 3798/112220 ../data/sample_500k/adolescent_valid.txt
[2022-04-11 02:31:31.694] End E002 |  test loss  9.012; ppl   8198.10 | accu 0.0297 = 15065/506840 ../data/sample_500k/adult_test.txt
[2022-04-11 02:31:31.694] Save: model.pt... 
[2022-04-11 02:31:32.207] Save: model.pt...Done. best_val_loss: 5.0938
[2022-04-11 02:31:32.207] Epoch 003/40 ==================================================
[2022-04-11 02:31:45.169] E003 |   200/731 batches | lr 20.0000 | loss  4.665 | ppl    106.17
[2022-04-11 02:31:58.157] E003 |   400/731 batches | lr 20.0000 | loss  4.647 | ppl    104.28
[2022-04-11 02:32:11.159] E003 |   600/731 batches | lr 20.0000 | loss  4.512 | ppl     91.09
[2022-04-11 02:32:19.695] E003 |   731/731 batches | lr 20.0000 | loss  4.493 | ppl     89.38
[2022-04-11 02:32:23.674] End E003 | valid loss  4.908; ppl    135.38 | accu 0.1936 = 22333/115380
[2022-04-11 02:32:27.517] End E003 |  test loss  8.692; ppl   5952.69 | accu 0.0477 = 5350/112220 ../data/sample_500k/adolescent_valid.txt
[2022-04-11 02:32:44.916] End E003 |  test loss  9.078; ppl   8759.86 | accu 0.0432 = 21892/506840 ../data/sample_500k/adult_test.txt
[2022-04-11 02:32:44.917] Save: model.pt... 
[2022-04-11 02:32:45.441] Save: model.pt...Done. best_val_loss: 4.9081
[2022-04-11 02:32:45.441] Epoch 004/40 ==================================================
[2022-04-11 02:32:58.385] E004 |   200/731 batches | lr 20.0000 | loss  4.470 | ppl     87.32
[2022-04-11 02:33:11.306] E004 |   400/731 batches | lr 20.0000 | loss  4.468 | ppl     87.21
[2022-04-11 02:33:24.276] E004 |   600/731 batches | lr 20.0000 | loss  4.358 | ppl     78.08
[2022-04-11 02:33:32.797] E004 |   731/731 batches | lr 20.0000 | loss  4.340 | ppl     76.69
[2022-04-11 02:33:36.786] End E004 | valid loss  4.844; ppl    127.00 | accu 0.2005 = 23138/115380
[2022-04-11 02:33:40.642] End E004 |  test loss  8.658; ppl   5753.61 | accu 0.0545 = 6112/112220 ../data/sample_500k/adolescent_valid.txt
[2022-04-11 02:33:58.486] End E004 |  test loss  9.041; ppl   8438.57 | accu 0.0504 = 25559/506840 ../data/sample_500k/adult_test.txt
[2022-04-11 02:33:58.486] Save: model.pt... 
[2022-04-11 02:33:58.973] Save: model.pt...Done. best_val_loss: 4.8442
[2022-04-11 02:33:58.973] Epoch 005/40 ==================================================
[2022-04-11 02:34:11.997] E005 |   200/731 batches | lr 20.0000 | loss  4.337 | ppl     76.51
[2022-04-11 02:34:24.971] E005 |   400/731 batches | lr 20.0000 | loss  4.340 | ppl     76.69
[2022-04-11 02:34:37.990] E005 |   600/731 batches | lr 20.0000 | loss  4.242 | ppl     69.58
[2022-04-11 02:34:46.532] E005 |   731/731 batches | lr 20.0000 | loss  4.221 | ppl     68.10
[2022-04-11 02:34:50.538] End E005 | valid loss  4.789; ppl    120.21 | accu 0.2078 = 23971/115380
[2022-04-11 02:34:54.430] End E005 |  test loss  8.698; ppl   5990.84 | accu 0.0541 = 6075/112220 ../data/sample_500k/adolescent_valid.txt
[2022-04-11 02:35:11.953] End E005 |  test loss  9.133; ppl   9257.19 | accu 0.0502 = 25467/506840 ../data/sample_500k/adult_test.txt
[2022-04-11 02:35:11.953] Save: model.pt... 
[2022-04-11 02:35:12.502] Save: model.pt...Done. best_val_loss: 4.7892
[2022-04-11 02:35:12.502] Epoch 006/40 ==================================================
[2022-04-11 02:35:26.257] E006 |   200/731 batches | lr 20.0000 | loss  4.223 | ppl     68.23
[2022-04-11 02:35:40.268] E006 |   400/731 batches | lr 20.0000 | loss  4.234 | ppl     68.98
[2022-04-11 02:35:53.399] E006 |   600/731 batches | lr 20.0000 | loss  4.137 | ppl     62.64
[2022-04-11 02:36:01.958] E006 |   731/731 batches | lr 20.0000 | loss  4.123 | ppl     61.74
[2022-04-11 02:36:05.969] End E006 | valid loss  4.753; ppl    115.98 | accu 0.2086 = 24065/115380
[2022-04-11 02:36:09.833] End E006 |  test loss  8.762; ppl   6386.97 | accu 0.0549 = 6159/112220 ../data/sample_500k/adolescent_valid.txt
[2022-04-11 02:36:27.333] End E006 |  test loss  9.157; ppl   9480.59 | accu 0.0511 = 25894/506840 ../data/sample_500k/adult_test.txt
[2022-04-11 02:36:27.333] Save: model.pt... 
[2022-04-11 02:36:27.816] Save: model.pt...Done. best_val_loss: 4.7534
[2022-04-11 02:36:27.816] Epoch 007/40 ==================================================
[2022-04-11 02:36:40.867] E007 |   200/731 batches | lr 20.0000 | loss  4.121 | ppl     61.64
[2022-04-11 02:36:53.908] E007 |   400/731 batches | lr 20.0000 | loss  4.137 | ppl     62.64
[2022-04-11 02:37:06.976] E007 |   600/731 batches | lr 20.0000 | loss  4.049 | ppl     57.35
[2022-04-11 02:37:15.571] E007 |   731/731 batches | lr 20.0000 | loss  4.033 | ppl     56.45
[2022-04-11 02:37:19.543] End E007 | valid loss  4.719; ppl    112.03 | accu 0.2123 = 24499/115380
[2022-04-11 02:37:23.402] End E007 |  test loss  8.777; ppl   6484.19 | accu 0.0522 = 5862/112220 ../data/sample_500k/adolescent_valid.txt
[2022-04-11 02:37:40.883] End E007 |  test loss  9.148; ppl   9398.62 | accu 0.0497 = 25176/506840 ../data/sample_500k/adult_test.txt
[2022-04-11 02:37:40.883] Save: model.pt... 
[2022-04-11 02:37:41.462] Save: model.pt...Done. best_val_loss: 4.7188
[2022-04-11 02:37:41.462] Epoch 008/40 ==================================================
[2022-04-11 02:37:54.541] E008 |   200/731 batches | lr 20.0000 | loss  4.032 | ppl     56.36
[2022-04-11 02:38:07.647] E008 |   400/731 batches | lr 20.0000 | loss  4.054 | ppl     57.65
[2022-04-11 02:38:20.781] E008 |   600/731 batches | lr 20.0000 | loss  3.965 | ppl     52.71
[2022-04-11 02:38:29.391] E008 |   731/731 batches | lr 20.0000 | loss  3.945 | ppl     51.69
[2022-04-11 02:38:33.378] End E008 | valid loss  4.703; ppl    110.26 | accu 0.2143 = 24725/115380
[2022-04-11 02:38:37.252] End E008 |  test loss  8.761; ppl   6377.44 | accu 0.0561 = 6296/112220 ../data/sample_500k/adolescent_valid.txt
[2022-04-11 02:38:54.730] End E008 |  test loss  9.141; ppl   9326.98 | accu 0.0512 = 25960/506840 ../data/sample_500k/adult_test.txt
[2022-04-11 02:38:54.730] Save: model.pt... 
[2022-04-11 02:38:55.226] Save: model.pt...Done. best_val_loss: 4.7028
[2022-04-11 02:38:55.226] Epoch 009/40 ==================================================
[2022-04-11 02:39:08.353] E009 |   200/731 batches | lr 20.0000 | loss  3.956 | ppl     52.25
[2022-04-11 02:39:21.488] E009 |   400/731 batches | lr 20.0000 | loss  3.982 | ppl     53.61
[2022-04-11 02:39:34.608] E009 |   600/731 batches | lr 20.0000 | loss  3.895 | ppl     49.17
[2022-04-11 02:39:43.221] E009 |   731/731 batches | lr 20.0000 | loss  3.883 | ppl     48.55
[2022-04-11 02:39:47.218] End E009 | valid loss  4.685; ppl    108.26 | accu 0.2193 = 25301/115380
[2022-04-11 02:39:51.071] End E009 |  test loss  8.842; ppl   6922.18 | accu 0.0566 = 6353/112220 ../data/sample_500k/adolescent_valid.txt
[2022-04-11 02:40:08.591] End E009 |  test loss  9.258; ppl  10491.23 | accu 0.0546 = 27661/506840 ../data/sample_500k/adult_test.txt
[2022-04-11 02:40:08.592] Save: model.pt... 
[2022-04-11 02:40:09.088] Save: model.pt...Done. best_val_loss: 4.6846
[2022-04-11 02:40:09.088] Epoch 010/40 ==================================================
[2022-04-11 02:40:22.161] E010 |   200/731 batches | lr 20.0000 | loss  3.892 | ppl     49.00
[2022-04-11 02:40:35.229] E010 |   400/731 batches | lr 20.0000 | loss  3.912 | ppl     49.98
[2022-04-11 02:40:48.379] E010 |   600/731 batches | lr 20.0000 | loss  3.833 | ppl     46.21
[2022-04-11 02:40:57.001] E010 |   731/731 batches | lr 20.0000 | loss  3.821 | ppl     45.64
[2022-04-11 02:41:00.992] End E010 | valid loss  4.697; ppl    109.64 | accu 0.2153 = 24845/115380
[2022-04-11 02:41:04.857] End E010 |  test loss  8.992; ppl   8040.37 | accu 0.0476 = 5343/112220 ../data/sample_500k/adolescent_valid.txt
[2022-04-11 02:41:22.373] End E010 |  test loss  9.610; ppl  14909.19 | accu 0.0427 = 21641/506840 ../data/sample_500k/adult_test.txt
[2022-04-11 02:41:22.373] Epoch 011/40 ==================================================
[2022-04-11 02:41:35.415] E011 |   200/731 batches | lr 10.0000 | loss  3.767 | ppl     43.25
[2022-04-11 02:41:48.477] E011 |   400/731 batches | lr 10.0000 | loss  3.755 | ppl     42.73
[2022-04-11 02:42:01.560] E011 |   600/731 batches | lr 10.0000 | loss  3.640 | ppl     38.09
[2022-04-11 02:42:10.172] E011 |   731/731 batches | lr 10.0000 | loss  3.600 | ppl     36.59
[2022-04-11 02:42:14.192] End E011 | valid loss  4.606; ppl    100.13 | accu 0.2411 = 27822/115380
[2022-04-11 02:42:18.061] End E011 |  test loss  9.158; ppl   9488.20 | accu 0.0565 = 6343/112220 ../data/sample_500k/adolescent_valid.txt
[2022-04-11 02:42:37.105] End E011 |  test loss  9.636; ppl  15310.15 | accu 0.0562 = 28509/506840 ../data/sample_500k/adult_test.txt
[2022-04-11 02:42:37.105] Save: model.pt... 
[2022-04-11 02:42:37.598] Save: model.pt...Done. best_val_loss: 4.6065
[2022-04-11 02:42:37.598] Epoch 012/40 ==================================================
[2022-04-11 02:42:50.986] E012 |   200/731 batches | lr 10.0000 | loss  3.676 | ppl     39.49
[2022-04-11 02:43:04.249] E012 |   400/731 batches | lr 10.0000 | loss  3.684 | ppl     39.82
[2022-04-11 02:43:17.669] E012 |   600/731 batches | lr 10.0000 | loss  3.587 | ppl     36.14
[2022-04-11 02:43:26.336] E012 |   731/731 batches | lr 10.0000 | loss  3.556 | ppl     35.04
[2022-04-11 02:43:30.330] End E012 | valid loss  4.614; ppl    100.93 | accu 0.2411 = 27821/115380
[2022-04-11 02:43:34.204] End E012 |  test loss  9.156; ppl   9472.21 | accu 0.0582 = 6533/112220 ../data/sample_500k/adolescent_valid.txt
[2022-04-11 02:43:51.721] End E012 |  test loss  9.638; ppl  15335.00 | accu 0.0584 = 29609/506840 ../data/sample_500k/adult_test.txt
[2022-04-11 02:43:51.721] Epoch 013/40 ==================================================
[2022-04-11 02:44:04.765] E013 |   200/731 batches | lr 5.0000 | loss  3.610 | ppl     36.95
[2022-04-11 02:44:17.894] E013 |   400/731 batches | lr 5.0000 | loss  3.601 | ppl     36.64
[2022-04-11 02:44:31.100] E013 |   600/731 batches | lr 5.0000 | loss  3.482 | ppl     32.54
[2022-04-11 02:44:39.740] E013 |   731/731 batches | lr 5.0000 | loss  3.438 | ppl     31.11
[2022-04-11 02:44:43.715] End E013 | valid loss  4.600; ppl     99.49 | accu 0.2458 = 28357/115380
[2022-04-11 02:44:47.565] End E013 |  test loss  9.305; ppl  10990.12 | accu 0.0601 = 6746/112220 ../data/sample_500k/adolescent_valid.txt
[2022-04-11 02:45:05.031] End E013 |  test loss  9.800; ppl  18038.72 | accu 0.0589 = 29872/506840 ../data/sample_500k/adult_test.txt
[2022-04-11 02:45:05.031] Save: model.pt... 
[2022-04-11 02:45:05.536] Save: model.pt...Done. best_val_loss: 4.6001
[2022-04-11 02:45:05.537] Epoch 014/40 ==================================================
[2022-04-11 02:45:18.555] E014 |   200/731 batches | lr 5.0000 | loss  3.552 | ppl     34.89
[2022-04-11 02:45:31.703] E014 |   400/731 batches | lr 5.0000 | loss  3.560 | ppl     35.15
[2022-04-11 02:45:44.858] E014 |   600/731 batches | lr 5.0000 | loss  3.458 | ppl     31.75
[2022-04-11 02:45:53.499] E014 |   731/731 batches | lr 5.0000 | loss  3.417 | ppl     30.48
[2022-04-11 02:45:57.511] End E014 | valid loss  4.601; ppl     99.60 | accu 0.2453 = 28305/115380
[2022-04-11 02:46:01.381] End E014 |  test loss  9.354; ppl  11544.63 | accu 0.0586 = 6579/112220 ../data/sample_500k/adolescent_valid.txt
[2022-04-11 02:46:18.987] End E014 |  test loss  9.934; ppl  20619.05 | accu 0.0575 = 29142/506840 ../data/sample_500k/adult_test.txt
[2022-04-11 02:46:18.987] Epoch 015/40 ==================================================
[2022-04-11 02:46:32.955] E015 |   200/731 batches | lr 2.5000 | loss  3.517 | ppl     33.68
[2022-04-11 02:46:46.185] E015 |   400/731 batches | lr 2.5000 | loss  3.521 | ppl     33.82
[2022-04-11 02:47:00.317] E015 |   600/731 batches | lr 2.5000 | loss  3.404 | ppl     30.08
[2022-04-11 02:47:09.124] E015 |   731/731 batches | lr 2.5000 | loss  3.358 | ppl     28.73
[2022-04-11 02:47:13.087] End E015 | valid loss  4.597; ppl     99.18 | accu 0.2477 = 28576/115380
[2022-04-11 02:47:16.944] End E015 |  test loss  9.345; ppl  11437.17 | accu 0.0618 = 6935/112220 ../data/sample_500k/adolescent_valid.txt
[2022-04-11 02:47:34.559] End E015 |  test loss  9.896; ppl  19855.73 | accu 0.0603 = 30570/506840 ../data/sample_500k/adult_test.txt
[2022-04-11 02:47:34.559] Save: model.pt... 
[2022-04-11 02:47:35.188] Save: model.pt...Done. best_val_loss: 4.5969
[2022-04-11 02:47:35.189] Epoch 016/40 ==================================================
[2022-04-11 02:47:49.301] E016 |   200/731 batches | lr 2.5000 | loss  3.488 | ppl     32.73
[2022-04-11 02:48:03.390] E016 |   400/731 batches | lr 2.5000 | loss  3.498 | ppl     33.06
[2022-04-11 02:48:16.563] E016 |   600/731 batches | lr 2.5000 | loss  3.390 | ppl     29.66
[2022-04-11 02:48:25.217] E016 |   731/731 batches | lr 2.5000 | loss  3.347 | ppl     28.41
[2022-04-11 02:48:29.212] End E016 | valid loss  4.601; ppl     99.57 | accu 0.2479 = 28601/115380
[2022-04-11 02:48:33.086] End E016 |  test loss  9.400; ppl  12082.54 | accu 0.0615 = 6903/112220 ../data/sample_500k/adolescent_valid.txt
[2022-04-11 02:48:50.535] End E016 |  test loss 10.010; ppl  22245.17 | accu 0.0594 = 30127/506840 ../data/sample_500k/adult_test.txt
[2022-04-11 02:48:50.536] Epoch 017/40 ==================================================
[2022-04-11 02:49:03.647] E017 |   200/731 batches | lr 1.2500 | loss  3.476 | ppl     32.34
[2022-04-11 02:49:16.811] E017 |   400/731 batches | lr 1.2500 | loss  3.479 | ppl     32.41
[2022-04-11 02:49:29.977] E017 |   600/731 batches | lr 1.2500 | loss  3.360 | ppl     28.80
[2022-04-11 02:49:38.629] E017 |   731/731 batches | lr 1.2500 | loss  3.312 | ppl     27.44
[2022-04-11 02:49:42.641] End E017 | valid loss  4.593; ppl     98.80 | accu 0.2484 = 28666/115380
[2022-04-11 02:49:46.489] End E017 |  test loss  9.424; ppl  12378.09 | accu 0.0629 = 7061/112220 ../data/sample_500k/adolescent_valid.txt
[2022-04-11 02:50:03.949] End E017 |  test loss 10.059; ppl  23359.96 | accu 0.0606 = 30715/506840 ../data/sample_500k/adult_test.txt
[2022-04-11 02:50:03.949] Save: model.pt... 
[2022-04-11 02:50:04.546] Save: model.pt...Done. best_val_loss: 4.5931
[2022-04-11 02:50:04.547] Epoch 018/40 ==================================================
[2022-04-11 02:50:17.610] E018 |   200/731 batches | lr 1.2500 | loss  3.456 | ppl     31.68
[2022-04-11 02:50:30.685] E018 |   400/731 batches | lr 1.2500 | loss  3.466 | ppl     32.01
[2022-04-11 02:50:43.832] E018 |   600/731 batches | lr 1.2500 | loss  3.355 | ppl     28.65
[2022-04-11 02:50:52.462] E018 |   731/731 batches | lr 1.2500 | loss  3.312 | ppl     27.45
[2022-04-11 02:50:56.443] End E018 | valid loss  4.596; ppl     99.12 | accu 0.2483 = 28647/115380
[2022-04-11 02:51:00.290] End E018 |  test loss  9.412; ppl  12238.69 | accu 0.0637 = 7150/112220 ../data/sample_500k/adolescent_valid.txt
[2022-04-11 02:51:17.790] End E018 |  test loss 10.004; ppl  22110.13 | accu 0.0618 = 31298/506840 ../data/sample_500k/adult_test.txt
[2022-04-11 02:51:17.790] Epoch 019/40 ==================================================
[2022-04-11 02:51:30.912] E019 |   200/731 batches | lr 0.6250 | loss  3.452 | ppl     31.56
[2022-04-11 02:51:44.088] E019 |   400/731 batches | lr 0.6250 | loss  3.458 | ppl     31.76
[2022-04-11 02:51:57.239] E019 |   600/731 batches | lr 0.6250 | loss  3.338 | ppl     28.17
[2022-04-11 02:52:05.894] E019 |   731/731 batches | lr 0.6250 | loss  3.295 | ppl     26.99
[2022-04-11 02:52:09.860] End E019 | valid loss  4.591; ppl     98.55 | accu 0.2489 = 28721/115380
[2022-04-11 02:52:13.718] End E019 |  test loss  9.417; ppl  12290.21 | accu 0.0646 = 7245/112220 ../data/sample_500k/adolescent_valid.txt
[2022-04-11 02:52:31.201] End E019 |  test loss 10.063; ppl  23462.31 | accu 0.0620 = 31401/506840 ../data/sample_500k/adult_test.txt
[2022-04-11 02:52:31.201] Save: model.pt... 
[2022-04-11 02:52:31.770] Save: model.pt...Done. best_val_loss: 4.5905
[2022-04-11 02:52:31.770] Epoch 020/40 ==================================================
[2022-04-11 02:52:44.926] E020 |   200/731 batches | lr 0.6250 | loss  3.443 | ppl     31.27
[2022-04-11 02:52:58.060] E020 |   400/731 batches | lr 0.6250 | loss  3.445 | ppl     31.33
[2022-04-11 02:53:11.701] E020 |   600/731 batches | lr 0.6250 | loss  3.337 | ppl     28.13
[2022-04-11 02:53:20.364] E020 |   731/731 batches | lr 0.6250 | loss  3.294 | ppl     26.96
[2022-04-11 02:53:24.350] End E020 | valid loss  4.590; ppl     98.47 | accu 0.2494 = 28772/115380
[2022-04-11 02:53:28.203] End E020 |  test loss  9.407; ppl  12176.52 | accu 0.0651 = 7309/112220 ../data/sample_500k/adolescent_valid.txt
[2022-04-11 02:53:45.663] End E020 |  test loss 10.049; ppl  23140.46 | accu 0.0624 = 31634/506840 ../data/sample_500k/adult_test.txt
[2022-04-11 02:53:45.663] Save: model.pt... 
[2022-04-11 02:53:46.274] Save: model.pt...Done. best_val_loss: 4.5898
[2022-04-11 02:53:46.274] Epoch 021/40 ==================================================
[2022-04-11 02:53:59.593] E021 |   200/731 batches | lr 0.6250 | loss  3.436 | ppl     31.08
[2022-04-11 02:54:12.688] E021 |   400/731 batches | lr 0.6250 | loss  3.441 | ppl     31.22
[2022-04-11 02:54:25.861] E021 |   600/731 batches | lr 0.6250 | loss  3.330 | ppl     27.94
[2022-04-11 02:54:34.360] E021 |   731/731 batches | lr 0.6250 | loss  3.288 | ppl     26.80
[2022-04-11 02:54:38.325] End E021 | valid loss  4.591; ppl     98.57 | accu 0.2489 = 28717/115380
[2022-04-11 02:54:42.191] End E021 |  test loss  9.426; ppl  12401.62 | accu 0.0646 = 7244/112220 ../data/sample_500k/adolescent_valid.txt
[2022-04-11 02:54:59.723] End E021 |  test loss 10.052; ppl  23199.47 | accu 0.0620 = 31435/506840 ../data/sample_500k/adult_test.txt
[2022-04-11 02:54:59.723] Epoch 022/40 ==================================================
[2022-04-11 02:55:12.800] E022 |   200/731 batches | lr 0.3125 | loss  3.436 | ppl     31.07
[2022-04-11 02:55:26.165] E022 |   400/731 batches | lr 0.3125 | loss  3.442 | ppl     31.24
[2022-04-11 02:55:39.346] E022 |   600/731 batches | lr 0.3125 | loss  3.323 | ppl     27.75
[2022-04-11 02:55:47.976] E022 |   731/731 batches | lr 0.3125 | loss  3.280 | ppl     26.58
[2022-04-11 02:55:51.968] End E022 | valid loss  4.588; ppl     98.30 | accu 0.2493 = 28761/115380
[2022-04-11 02:55:55.823] End E022 |  test loss  9.424; ppl  12383.02 | accu 0.0653 = 7325/112220 ../data/sample_500k/adolescent_valid.txt
[2022-04-11 02:56:13.367] End E022 |  test loss 10.057; ppl  23317.25 | accu 0.0628 = 31823/506840 ../data/sample_500k/adult_test.txt
[2022-04-11 02:56:13.367] Save: model.pt... 
[2022-04-11 02:56:13.970] Save: model.pt...Done. best_val_loss: 4.5880
[2022-04-11 02:56:13.970] Epoch 023/40 ==================================================
[2022-04-11 02:56:27.048] E023 |   200/731 batches | lr 0.3125 | loss  3.431 | ppl     30.90
[2022-04-11 02:56:40.108] E023 |   400/731 batches | lr 0.3125 | loss  3.436 | ppl     31.05
[2022-04-11 02:56:53.200] E023 |   600/731 batches | lr 0.3125 | loss  3.323 | ppl     27.75
[2022-04-11 02:57:01.803] E023 |   731/731 batches | lr 0.3125 | loss  3.279 | ppl     26.54
[2022-04-11 02:57:05.823] End E023 | valid loss  4.588; ppl     98.33 | accu 0.2493 = 28767/115380
[2022-04-11 02:57:09.716] End E023 |  test loss  9.433; ppl  12499.80 | accu 0.0657 = 7368/112220 ../data/sample_500k/adolescent_valid.txt
[2022-04-11 02:57:27.305] End E023 |  test loss 10.053; ppl  23226.55 | accu 0.0630 = 31953/506840 ../data/sample_500k/adult_test.txt
[2022-04-11 02:57:27.305] Epoch 024/40 ==================================================
[2022-04-11 02:57:40.344] E024 |   200/731 batches | lr 0.1562 | loss  3.432 | ppl     30.94
[2022-04-11 02:57:53.472] E024 |   400/731 batches | lr 0.1562 | loss  3.441 | ppl     31.21
[2022-04-11 02:58:06.617] E024 |   600/731 batches | lr 0.1562 | loss  3.317 | ppl     27.58
[2022-04-11 02:58:15.245] E024 |   731/731 batches | lr 0.1562 | loss  3.279 | ppl     26.54
[2022-04-11 02:58:19.234] End E024 | valid loss  4.585; ppl     98.05 | accu 0.2496 = 28797/115380
[2022-04-11 02:58:23.107] End E024 |  test loss  9.420; ppl  12330.26 | accu 0.0657 = 7370/112220 ../data/sample_500k/adolescent_valid.txt
[2022-04-11 02:58:40.549] End E024 |  test loss 10.023; ppl  22545.52 | accu 0.0635 = 32175/506840 ../data/sample_500k/adult_test.txt
[2022-04-11 02:58:40.550] Save: model.pt... 
[2022-04-11 02:58:41.126] Save: model.pt...Done. best_val_loss: 4.5855
[2022-04-11 02:58:41.126] Epoch 025/40 ==================================================
[2022-04-11 02:58:54.236] E025 |   200/731 batches | lr 0.1562 | loss  3.425 | ppl     30.72
[2022-04-11 02:59:07.401] E025 |   400/731 batches | lr 0.1562 | loss  3.436 | ppl     31.07
[2022-04-11 02:59:20.617] E025 |   600/731 batches | lr 0.1562 | loss  3.319 | ppl     27.63
[2022-04-11 02:59:29.239] E025 |   731/731 batches | lr 0.1562 | loss  3.271 | ppl     26.35
[2022-04-11 02:59:33.247] End E025 | valid loss  4.585; ppl     98.03 | accu 0.2494 = 28775/115380
[2022-04-11 02:59:37.104] End E025 |  test loss  9.417; ppl  12300.54 | accu 0.0658 = 7387/112220 ../data/sample_500k/adolescent_valid.txt
[2022-04-11 02:59:55.089] End E025 |  test loss 10.012; ppl  22285.84 | accu 0.0635 = 32204/506840 ../data/sample_500k/adult_test.txt
[2022-04-11 02:59:55.090] Save: model.pt... 
[2022-04-11 02:59:55.580] Save: model.pt...Done. best_val_loss: 4.5852
[2022-04-11 02:59:55.581] Epoch 026/40 ==================================================
[2022-04-11 03:00:08.759] E026 |   200/731 batches | lr 0.1562 | loss  3.426 | ppl     30.74
[2022-04-11 03:00:22.556] E026 |   400/731 batches | lr 0.1562 | loss  3.434 | ppl     30.99
[2022-04-11 03:00:35.325] E026 |   600/731 batches | lr 0.1562 | loss  3.318 | ppl     27.61
[2022-04-11 03:00:43.653] E026 |   731/731 batches | lr 0.1562 | loss  3.277 | ppl     26.51
[2022-04-11 03:00:47.615] End E026 | valid loss  4.585; ppl     98.02 | accu 0.2495 = 28787/115380
[2022-04-11 03:00:51.460] End E026 |  test loss  9.421; ppl  12349.06 | accu 0.0658 = 7383/112220 ../data/sample_500k/adolescent_valid.txt
[2022-04-11 03:01:08.959] End E026 |  test loss 10.011; ppl  22270.93 | accu 0.0636 = 32234/506840 ../data/sample_500k/adult_test.txt
[2022-04-11 03:01:08.959] Save: model.pt... 
[2022-04-11 03:01:09.440] Save: model.pt...Done. best_val_loss: 4.5851
[2022-04-11 03:01:09.440] Epoch 027/40 ==================================================
[2022-04-11 03:01:22.034] E027 |   200/731 batches | lr 0.1562 | loss  3.421 | ppl     30.59
[2022-04-11 03:01:34.879] E027 |   400/731 batches | lr 0.1562 | loss  3.427 | ppl     30.80
[2022-04-11 03:01:47.958] E027 |   600/731 batches | lr 0.1562 | loss  3.318 | ppl     27.60
[2022-04-11 03:01:56.561] E027 |   731/731 batches | lr 0.1562 | loss  3.278 | ppl     26.53
[2022-04-11 03:02:00.562] End E027 | valid loss  4.585; ppl     98.05 | accu 0.2495 = 28783/115380
[2022-04-11 03:02:04.434] End E027 |  test loss  9.420; ppl  12331.16 | accu 0.0659 = 7395/112220 ../data/sample_500k/adolescent_valid.txt
[2022-04-11 03:02:21.881] End E027 |  test loss 10.005; ppl  22146.33 | accu 0.0636 = 32251/506840 ../data/sample_500k/adult_test.txt
[2022-04-11 03:02:21.881] Epoch 028/40 ==================================================
[2022-04-11 03:02:34.941] E028 |   200/731 batches | lr 0.0781 | loss  3.421 | ppl     30.59
[2022-04-11 03:02:48.054] E028 |   400/731 batches | lr 0.0781 | loss  3.427 | ppl     30.79
[2022-04-11 03:03:01.220] E028 |   600/731 batches | lr 0.0781 | loss  3.316 | ppl     27.55
[2022-04-11 03:03:09.881] E028 |   731/731 batches | lr 0.0781 | loss  3.271 | ppl     26.35
[2022-04-11 03:03:13.885] End E028 | valid loss  4.584; ppl     97.92 | accu 0.2493 = 28770/115380
[2022-04-11 03:03:17.759] End E028 |  test loss  9.419; ppl  12321.58 | accu 0.0658 = 7385/112220 ../data/sample_500k/adolescent_valid.txt
[2022-04-11 03:03:35.297] End E028 |  test loss 10.000; ppl  22023.12 | accu 0.0637 = 32278/506840 ../data/sample_500k/adult_test.txt
[2022-04-11 03:03:35.297] Save: model.pt... 
[2022-04-11 03:03:35.889] Save: model.pt...Done. best_val_loss: 4.5841
[2022-04-11 03:03:35.889] Epoch 029/40 ==================================================
[2022-04-11 03:03:49.416] E029 |   200/731 batches | lr 0.0781 | loss  3.421 | ppl     30.59
[2022-04-11 03:04:03.369] E029 |   400/731 batches | lr 0.0781 | loss  3.431 | ppl     30.89
[2022-04-11 03:04:17.460] E029 |   600/731 batches | lr 0.0781 | loss  3.314 | ppl     27.51
[2022-04-11 03:04:26.081] E029 |   731/731 batches | lr 0.0781 | loss  3.272 | ppl     26.36
[2022-04-11 03:04:30.072] End E029 | valid loss  4.584; ppl     97.92 | accu 0.2493 = 28764/115380
[2022-04-11 03:04:33.943] End E029 |  test loss  9.423; ppl  12371.75 | accu 0.0658 = 7380/112220 ../data/sample_500k/adolescent_valid.txt
[2022-04-11 03:04:51.467] End E029 |  test loss 10.010; ppl  22243.89 | accu 0.0636 = 32243/506840 ../data/sample_500k/adult_test.txt
[2022-04-11 03:04:51.467] Epoch 030/40 ==================================================
[2022-04-11 03:05:04.547] E030 |   200/731 batches | lr 0.0391 | loss  3.423 | ppl     30.65
[2022-04-11 03:05:17.679] E030 |   400/731 batches | lr 0.0391 | loss  3.433 | ppl     30.96
[2022-04-11 03:05:30.833] E030 |   600/731 batches | lr 0.0391 | loss  3.313 | ppl     27.47
[2022-04-11 03:05:39.504] E030 |   731/731 batches | lr 0.0391 | loss  3.273 | ppl     26.40
[2022-04-11 03:05:43.518] End E030 | valid loss  4.584; ppl     97.87 | accu 0.2492 = 28748/115380
[2022-04-11 03:05:47.373] End E030 |  test loss  9.422; ppl  12354.30 | accu 0.0659 = 7393/112220 ../data/sample_500k/adolescent_valid.txt
[2022-04-11 03:06:04.854] End E030 |  test loss 10.001; ppl  22054.31 | accu 0.0636 = 32252/506840 ../data/sample_500k/adult_test.txt
[2022-04-11 03:06:04.854] Save: model.pt... 
[2022-04-11 03:06:05.453] Save: model.pt...Done. best_val_loss: 4.5837
[2022-04-11 03:06:05.453] Epoch 031/40 ==================================================
[2022-04-11 03:06:18.561] E031 |   200/731 batches | lr 0.0391 | loss  3.419 | ppl     30.54
[2022-04-11 03:06:31.899] E031 |   400/731 batches | lr 0.0391 | loss  3.427 | ppl     30.78
[2022-04-11 03:06:45.077] E031 |   600/731 batches | lr 0.0391 | loss  3.312 | ppl     27.43
[2022-04-11 03:06:53.729] E031 |   731/731 batches | lr 0.0391 | loss  3.270 | ppl     26.32
[2022-04-11 03:06:57.727] End E031 | valid loss  4.584; ppl     97.88 | accu 0.2493 = 28764/115380
[2022-04-11 03:07:01.588] End E031 |  test loss  9.422; ppl  12355.98 | accu 0.0658 = 7386/112220 ../data/sample_500k/adolescent_valid.txt
[2022-04-11 03:07:19.011] End E031 |  test loss  9.994; ppl  21904.62 | accu 0.0637 = 32261/506840 ../data/sample_500k/adult_test.txt
[2022-04-11 03:07:19.012] Epoch 032/40 ==================================================
[2022-04-11 03:07:32.216] E032 |   200/731 batches | lr 0.0195 | loss  3.417 | ppl     30.48
[2022-04-11 03:07:46.261] E032 |   400/731 batches | lr 0.0195 | loss  3.428 | ppl     30.83
[2022-04-11 03:07:59.355] E032 |   600/731 batches | lr 0.0195 | loss  3.315 | ppl     27.51
[2022-04-11 03:08:07.980] E032 |   731/731 batches | lr 0.0195 | loss  3.271 | ppl     26.34
[2022-04-11 03:08:11.918] End E032 | valid loss  4.584; ppl     97.87 | accu 0.2494 = 28774/115380
[2022-04-11 03:08:15.815] End E032 |  test loss  9.420; ppl  12335.51 | accu 0.0659 = 7394/112220 ../data/sample_500k/adolescent_valid.txt
[2022-04-11 03:08:33.308] End E032 |  test loss  9.989; ppl  21786.95 | accu 0.0637 = 32292/506840 ../data/sample_500k/adult_test.txt
[2022-04-11 03:08:33.308] Save: model.pt... 
[2022-04-11 03:08:33.847] Save: model.pt...Done. best_val_loss: 4.5836
[2022-04-11 03:08:33.848] Epoch 033/40 ==================================================
[2022-04-11 03:08:46.926] E033 |   200/731 batches | lr 0.0195 | loss  3.419 | ppl     30.54
[2022-04-11 03:09:00.015] E033 |   400/731 batches | lr 0.0195 | loss  3.427 | ppl     30.78
[2022-04-11 03:09:13.172] E033 |   600/731 batches | lr 0.0195 | loss  3.316 | ppl     27.54
[2022-04-11 03:09:21.778] E033 |   731/731 batches | lr 0.0195 | loss  3.270 | ppl     26.31
[2022-04-11 03:09:25.791] End E033 | valid loss  4.583; ppl     97.86 | accu 0.2494 = 28774/115380
[2022-04-11 03:09:29.640] End E033 |  test loss  9.419; ppl  12321.38 | accu 0.0660 = 7401/112220 ../data/sample_500k/adolescent_valid.txt
[2022-04-11 03:09:47.143] End E033 |  test loss  9.986; ppl  21719.78 | accu 0.0638 = 32319/506840 ../data/sample_500k/adult_test.txt
[2022-04-11 03:09:47.143] Save: model.pt... 
[2022-04-11 03:09:47.727] Save: model.pt...Done. best_val_loss: 4.5835
[2022-04-11 03:09:47.727] Epoch 034/40 ==================================================
[2022-04-11 03:10:00.873] E034 |   200/731 batches | lr 0.0195 | loss  3.419 | ppl     30.53
[2022-04-11 03:10:14.004] E034 |   400/731 batches | lr 0.0195 | loss  3.430 | ppl     30.88
[2022-04-11 03:10:27.173] E034 |   600/731 batches | lr 0.0195 | loss  3.313 | ppl     27.46
[2022-04-11 03:10:35.491] E034 |   731/731 batches | lr 0.0195 | loss  3.272 | ppl     26.36
[2022-04-11 03:10:39.463] End E034 | valid loss  4.583; ppl     97.85 | accu 0.2495 = 28787/115380
[2022-04-11 03:10:43.302] End E034 |  test loss  9.419; ppl  12325.70 | accu 0.0659 = 7400/112220 ../data/sample_500k/adolescent_valid.txt
[2022-04-11 03:11:00.790] End E034 |  test loss  9.986; ppl  21710.50 | accu 0.0638 = 32338/506840 ../data/sample_500k/adult_test.txt
[2022-04-11 03:11:00.791] Save: model.pt... 
[2022-04-11 03:11:01.294] Save: model.pt...Done. best_val_loss: 4.5835
[2022-04-11 03:11:01.294] Epoch 035/40 ==================================================
[2022-04-11 03:11:14.344] E035 |   200/731 batches | lr 0.0195 | loss  3.416 | ppl     30.45
[2022-04-11 03:11:27.460] E035 |   400/731 batches | lr 0.0195 | loss  3.428 | ppl     30.81
[2022-04-11 03:11:40.597] E035 |   600/731 batches | lr 0.0195 | loss  3.313 | ppl     27.48
[2022-04-11 03:11:49.224] E035 |   731/731 batches | lr 0.0195 | loss  3.270 | ppl     26.31
[2022-04-11 03:11:53.231] End E035 | valid loss  4.583; ppl     97.83 | accu 0.2493 = 28769/115380
[2022-04-11 03:11:57.091] End E035 |  test loss  9.420; ppl  12331.46 | accu 0.0659 = 7393/112220 ../data/sample_500k/adolescent_valid.txt
[2022-04-11 03:12:14.583] End E035 |  test loss  9.989; ppl  21788.96 | accu 0.0637 = 32304/506840 ../data/sample_500k/adult_test.txt
[2022-04-11 03:12:14.583] Save: model.pt... 
[2022-04-11 03:12:15.074] Save: model.pt...Done. best_val_loss: 4.5833
[2022-04-11 03:12:15.074] Epoch 036/40 ==================================================
[2022-04-11 03:12:28.140] E036 |   200/731 batches | lr 0.0195 | loss  3.418 | ppl     30.51
[2022-04-11 03:12:41.220] E036 |   400/731 batches | lr 0.0195 | loss  3.426 | ppl     30.74
[2022-04-11 03:12:54.364] E036 |   600/731 batches | lr 0.0195 | loss  3.308 | ppl     27.34
[2022-04-11 03:13:03.008] E036 |   731/731 batches | lr 0.0195 | loss  3.272 | ppl     26.36
[2022-04-11 03:13:06.994] End E036 | valid loss  4.583; ppl     97.83 | accu 0.2494 = 28779/115380
[2022-04-11 03:13:10.846] End E036 |  test loss  9.419; ppl  12319.66 | accu 0.0658 = 7387/112220 ../data/sample_500k/adolescent_valid.txt
[2022-04-11 03:13:28.328] End E036 |  test loss  9.987; ppl  21735.41 | accu 0.0637 = 32299/506840 ../data/sample_500k/adult_test.txt
[2022-04-11 03:13:28.328] Save: model.pt... 
[2022-04-11 03:13:28.800] Save: model.pt...Done. best_val_loss: 4.5832
[2022-04-11 03:13:28.800] Epoch 037/40 ==================================================
[2022-04-11 03:13:41.896] E037 |   200/731 batches | lr 0.0195 | loss  3.415 | ppl     30.43
[2022-04-11 03:13:55.021] E037 |   400/731 batches | lr 0.0195 | loss  3.427 | ppl     30.78
[2022-04-11 03:14:08.829] E037 |   600/731 batches | lr 0.0195 | loss  3.313 | ppl     27.46
[2022-04-11 03:14:18.097] E037 |   731/731 batches | lr 0.0195 | loss  3.272 | ppl     26.37
[2022-04-11 03:14:22.584] End E037 | valid loss  4.583; ppl     97.82 | accu 0.2494 = 28778/115380
[2022-04-11 03:14:26.989] End E037 |  test loss  9.419; ppl  12323.60 | accu 0.0659 = 7391/112220 ../data/sample_500k/adolescent_valid.txt
[2022-04-11 03:14:46.555] End E037 |  test loss  9.986; ppl  21728.35 | accu 0.0637 = 32306/506840 ../data/sample_500k/adult_test.txt
[2022-04-11 03:14:46.555] Save: model.pt... 
[2022-04-11 03:14:47.079] Save: model.pt...Done. best_val_loss: 4.5831
[2022-04-11 03:14:47.079] Epoch 038/40 ==================================================
[2022-04-11 03:15:01.084] E038 |   200/731 batches | lr 0.0195 | loss  3.413 | ppl     30.37
[2022-04-11 03:15:15.028] E038 |   400/731 batches | lr 0.0195 | loss  3.427 | ppl     30.78
[2022-04-11 03:15:28.149] E038 |   600/731 batches | lr 0.0195 | loss  3.309 | ppl     27.36
[2022-04-11 03:15:36.791] E038 |   731/731 batches | lr 0.0195 | loss  3.271 | ppl     26.35
[2022-04-11 03:15:40.795] End E038 | valid loss  4.583; ppl     97.82 | accu 0.2493 = 28759/115380
[2022-04-11 03:15:44.664] End E038 |  test loss  9.420; ppl  12334.15 | accu 0.0659 = 7399/112220 ../data/sample_500k/adolescent_valid.txt
[2022-04-11 03:16:02.123] End E038 |  test loss  9.990; ppl  21804.47 | accu 0.0637 = 32295/506840 ../data/sample_500k/adult_test.txt
[2022-04-11 03:16:02.123] Epoch 039/40 ==================================================
[2022-04-11 03:16:15.238] E039 |   200/731 batches | lr 0.0098 | loss  3.418 | ppl     30.52
[2022-04-11 03:16:28.367] E039 |   400/731 batches | lr 0.0098 | loss  3.427 | ppl     30.79
[2022-04-11 03:16:41.577] E039 |   600/731 batches | lr 0.0098 | loss  3.309 | ppl     27.36
[2022-04-11 03:16:50.252] E039 |   731/731 batches | lr 0.0098 | loss  3.272 | ppl     26.37
[2022-04-11 03:16:54.265] End E039 | valid loss  4.583; ppl     97.82 | accu 0.2492 = 28749/115380
[2022-04-11 03:16:58.158] End E039 |  test loss  9.420; ppl  12330.85 | accu 0.0659 = 7399/112220 ../data/sample_500k/adolescent_valid.txt
[2022-04-11 03:17:15.639] End E039 |  test loss  9.989; ppl  21788.06 | accu 0.0637 = 32304/506840 ../data/sample_500k/adult_test.txt
[2022-04-11 03:17:15.639] Epoch 040/40 ==================================================
[2022-04-11 03:17:28.765] E040 |   200/731 batches | lr 0.0049 | loss  3.411 | ppl     30.28
[2022-04-11 03:17:42.340] E040 |   400/731 batches | lr 0.0049 | loss  3.426 | ppl     30.74
[2022-04-11 03:17:55.855] E040 |   600/731 batches | lr 0.0049 | loss  3.311 | ppl     27.41
[2022-04-11 03:18:04.515] E040 |   731/731 batches | lr 0.0049 | loss  3.268 | ppl     26.25
[2022-04-11 03:18:08.508] End E040 | valid loss  4.583; ppl     97.82 | accu 0.2492 = 28749/115380
[2022-04-11 03:18:12.378] End E040 |  test loss  9.420; ppl  12327.21 | accu 0.0659 = 7400/112220 ../data/sample_500k/adolescent_valid.txt
[2022-04-11 03:18:29.838] End E040 |  test loss  9.988; ppl  21761.27 | accu 0.0638 = 32331/506840 ../data/sample_500k/adult_test.txt
[2022-04-11 03:18:33.810] End. test loss  9.42; ppl 12323.60 | accu 0.0659 = 7391/112220 ../data/sample_500k/adolescent_valid.txt
[2022-04-11 03:18:51.283] End. test loss  9.99; ppl 21728.35 | accu 0.0637 = 32306/506840 ../data/sample_500k/adult_test.txt
[2022-04-11 03:18:51.283] =========================================================================================
[2022-04-11 03:18:51.283] valid_loss
[2022-04-11 03:18:51.283]  5.40, 5.09, 4.91, 4.84, 4.79, 4.75, 4.72, 4.70, 4.68, 4.70, 4.61, 4.61, 4.60, 4.60, 4.60, 4.60, 4.59, 4.60, 4.59, 4.59, 4.59, 4.59, 4.59, 4.59, 4.59, 4.59, 4.59, 4.58, 4.58, 4.58, 4.58, 4.58, 4.58, 4.58, 4.58, 4.58, 4.58, 4.58, 4.58, 4.58
[2022-04-11 03:18:51.283] valid_loss ppl
[2022-04-11 03:18:51.284]   221.11,  163.01,  135.38,  127.00,  120.21,  115.98,  112.03,  110.26,  108.26,  109.64,  100.13,  100.93,   99.49,   99.60,   99.18,   99.57,   98.80,   99.12,   98.55,   98.47,   98.57,   98.30,   98.33,   98.05,   98.03,   98.02,   98.05,   97.92,   97.92,   97.87,   97.88,   97.87,   97.86,   97.85,   97.83,   97.83,   97.82,   97.82,   97.82,   97.82
[2022-04-11 03:18:51.284] test_loss of ../data/sample_500k/adolescent_valid.txt
[2022-04-11 03:18:51.284]  8.79, 8.79, 8.69, 8.66, 8.70, 8.76, 8.78, 8.76, 8.84, 8.99, 9.16, 9.16, 9.30, 9.35, 9.34, 9.40, 9.42, 9.41, 9.42, 9.41, 9.43, 9.42, 9.43, 9.42, 9.42, 9.42, 9.42, 9.42, 9.42, 9.42, 9.42, 9.42, 9.42, 9.42, 9.42, 9.42, 9.42, 9.42, 9.42, 9.42
[2022-04-11 03:18:51.284] test_loss of ../data/sample_500k/adolescent_valid.txt ppl
[2022-04-11 03:18:51.284]  6554.96, 6542.95, 5952.69, 5753.61, 5990.84, 6386.97, 6484.19, 6377.44, 6922.18, 8040.37, 9488.20, 9472.21,10990.12,11544.63,11437.17,12082.54,12378.09,12238.69,12290.21,12176.52,12401.62,12383.02,12499.80,12330.26,12300.54,12349.06,12331.16,12321.58,12371.75,12354.30,12355.98,12335.51,12321.38,12325.70,12331.46,12319.66,12323.60,12334.15,12330.85,12327.21
[2022-04-11 03:18:51.284] test_loss of ../data/sample_500k/adult_test.txt
[2022-04-11 03:18:51.284]  8.95, 9.01, 9.08, 9.04, 9.13, 9.16, 9.15, 9.14, 9.26, 9.61, 9.64, 9.64, 9.80, 9.93, 9.90,10.01,10.06,10.00,10.06,10.05,10.05,10.06,10.05,10.02,10.01,10.01,10.01,10.00,10.01,10.00, 9.99, 9.99, 9.99, 9.99, 9.99, 9.99, 9.99, 9.99, 9.99, 9.99
[2022-04-11 03:18:51.284] test_loss of ../data/sample_500k/adult_test.txt ppl
[2022-04-11 03:18:51.284]  7699.68, 8198.10, 8759.86, 8438.57, 9257.19, 9480.59, 9398.62, 9326.98,10491.23,14909.19,15310.15,15335.00,18038.72,20619.05,19855.73,22245.17,23359.96,22110.13,23462.31,23140.46,23199.47,23317.25,23226.55,22545.52,22285.84,22270.93,22146.33,22023.12,22243.89,22054.31,21904.62,21786.95,21719.78,21710.50,21788.96,21735.41,21728.35,21804.47,21788.06,21761.27
