[2022-04-11 02:03:21.861] corpus.train_file_list: 1
[2022-04-11 02:03:21.861]         ../data/sample_500k/cbt_train.txt
[2022-04-11 02:03:21.862] corpus.valid_file_list: 1
[2022-04-11 02:03:21.862]         ../data/sample_500k/cbt_valid.txt
[2022-04-11 02:03:21.862] corpus.test_file_list: 2
[2022-04-11 02:03:21.862]         ../data/sample_500k/adolescent_valid.txt
[2022-04-11 02:03:21.862]         ../data/sample_500k/adult_test.txt
[2022-04-11 02:03:21.862] corpus.subword_vocab_size: 10000
[2022-04-11 02:03:21.862] corpus.subword_model.train(2 files)...
[2022-04-11 02:03:21.862]         ../data/sample_500k/cbt_train.txt
[2022-04-11 02:03:21.862]         ../data/sample_500k/cbt_valid.txt
[2022-04-11 02:03:22.916] corpus.subword_model.train(2 files)...Done
[2022-04-11 02:03:22.917] corpus tokenize...
[2022-04-11 02:03:24.862]         train tokens: 543378  ../data/sample_500k/cbt_train.txt
[2022-04-11 02:03:25.265]         valid tokens: 120951  ../data/sample_500k/cbt_valid.txt
[2022-04-11 02:03:25.890]         test  tokens: 153109  ../data/sample_500k/adolescent_valid.txt
[2022-04-11 02:03:27.914]         test  tokens: 788968  ../data/sample_500k/adult_test.txt
[2022-04-11 02:03:27.914] corpus.ntokens      : 9701
[2022-04-11 02:03:27.914] corpus.char_count   : 81
[2022-04-11 02:03:27.914] corpus.char_cnt_dict: 81
[2022-04-11 02:03:27.915] corpus.char_id_dict : 81
[2022-04-11 02:03:27.924] corpus.batchify(1 files, batch_size=20)...
[2022-04-11 02:03:27.924]         tokens_all: 543378
[2022-04-11 02:03:27.924]         batched   :  27168
[2022-04-11 02:03:27.924]         ../data/sample_500k/cbt_train.txt
[2022-04-11 02:03:27.929] corpus.batchify(1 files, batch_size=20)...
[2022-04-11 02:03:27.929]         tokens_all: 120951
[2022-04-11 02:03:27.929]         batched   :   6047
[2022-04-11 02:03:27.929]         ../data/sample_500k/cbt_valid.txt
[2022-04-11 02:03:27.936] corpus.batchify(1 files, batch_size=20)...
[2022-04-11 02:03:27.936]         tokens_all: 153109
[2022-04-11 02:03:27.936]         batched   :   7655
[2022-04-11 02:03:27.936]         ../data/sample_500k/adolescent_valid.txt
[2022-04-11 02:03:27.948] corpus.batchify(1 files, batch_size=20)...
[2022-04-11 02:03:27.948]         tokens_all: 788968
[2022-04-11 02:03:27.948]         batched   :  39448
[2022-04-11 02:03:27.948]         ../data/sample_500k/adult_test.txt
[2022-04-11 02:03:28.017] RNNModel.rnn_type: LSTM
[2022-04-11 02:03:28.017] RNNModel.ntoken  : 9701
[2022-04-11 02:03:28.017] RNNModel.ninp    : 200
[2022-04-11 02:03:28.017] RNNModel.nhid    : 200
[2022-04-11 02:03:28.017] RNNModel.nlayers : 2
[2022-04-11 02:03:28.017] RNNModel.dropout : 0.2
[2022-04-11 02:03:28.017] RNNModel.tie_weights: False
[2022-04-11 02:03:28.018] RNNModel.char_mode  : 
[2022-04-11 02:03:28.018] RNNModel.char_cnt   : 82
[2022-04-11 02:03:28.018] RNNModel.char_emsize: 25
[2022-04-11 02:03:28.018] RNNModel.char_nhid  : 200
[2022-04-11 02:03:28.018] RNNModel will not use char-encoding
[2022-04-11 02:03:28.022] Epoch 001/40 ==================================================
[2022-04-11 02:03:32.219] E001 |   200/776 batches | lr 20.0000 | loss  6.450 | ppl    632.78
[2022-04-11 02:03:36.625] E001 |   400/776 batches | lr 20.0000 | loss  5.507 | ppl    246.30
[2022-04-11 02:03:41.451] E001 |   600/776 batches | lr 20.0000 | loss  5.071 | ppl    159.39
[2022-04-11 02:03:45.683] E001 |   776/776 batches | lr 20.0000 | loss  4.950 | ppl    141.11
[2022-04-11 02:03:48.487] End E001 | valid loss  5.034; ppl    153.60 | accu 0.1829 = 22112/120920
[2022-04-11 02:03:52.086] End E001 |  test loss  6.858; ppl    951.30 | accu 0.1000 = 15309/153080 ../data/sample_500k/adolescent_valid.txt
[2022-04-11 02:04:10.647] End E001 |  test loss  7.474; ppl   1762.14 | accu 0.0649 = 51237/788940 ../data/sample_500k/adult_test.txt
[2022-04-11 02:04:10.647] Save: model.pt... 
[2022-04-11 02:04:10.695] Save: model.pt...Done. best_val_loss: 5.0343
[2022-04-11 02:04:10.695] Epoch 002/40 ==================================================
[2022-04-11 02:04:15.207] E002 |   200/776 batches | lr 20.0000 | loss  4.780 | ppl    119.09
[2022-04-11 02:04:19.427] E002 |   400/776 batches | lr 20.0000 | loss  4.758 | ppl    116.46
[2022-04-11 02:04:23.609] E002 |   600/776 batches | lr 20.0000 | loss  4.602 | ppl     99.71
[2022-04-11 02:04:27.347] E002 |   776/776 batches | lr 20.0000 | loss  4.567 | ppl     96.22
[2022-04-11 02:04:29.630] End E002 | valid loss  4.818; ppl    123.77 | accu 0.1996 = 24138/120920
[2022-04-11 02:04:32.480] End E002 |  test loss  6.663; ppl    783.17 | accu 0.1033 = 15817/153080 ../data/sample_500k/adolescent_valid.txt
[2022-04-11 02:04:47.747] End E002 |  test loss  7.300; ppl   1480.33 | accu 0.0676 = 53308/788940 ../data/sample_500k/adult_test.txt
[2022-04-11 02:04:47.747] Save: model.pt... 
[2022-04-11 02:04:47.790] Save: model.pt...Done. best_val_loss: 4.8184
[2022-04-11 02:04:47.790] Epoch 003/40 ==================================================
[2022-04-11 02:04:51.985] E003 |   200/776 batches | lr 20.0000 | loss  4.460 | ppl     86.45
[2022-04-11 02:04:56.184] E003 |   400/776 batches | lr 20.0000 | loss  4.491 | ppl     89.20
[2022-04-11 02:05:00.357] E003 |   600/776 batches | lr 20.0000 | loss  4.380 | ppl     79.85
[2022-04-11 02:05:04.046] E003 |   776/776 batches | lr 20.0000 | loss  4.362 | ppl     78.41
[2022-04-11 02:05:06.340] End E003 | valid loss  4.719; ppl    112.03 | accu 0.2097 = 25360/120920
[2022-04-11 02:05:09.214] End E003 |  test loss  6.638; ppl    763.49 | accu 0.1087 = 16639/153080 ../data/sample_500k/adolescent_valid.txt
[2022-04-11 02:05:24.105] End E003 |  test loss  7.296; ppl   1474.89 | accu 0.0686 = 54092/788940 ../data/sample_500k/adult_test.txt
[2022-04-11 02:05:24.105] Save: model.pt... 
[2022-04-11 02:05:24.144] Save: model.pt...Done. best_val_loss: 4.7187
[2022-04-11 02:05:24.144] Epoch 004/40 ==================================================
[2022-04-11 02:05:28.360] E004 |   200/776 batches | lr 20.0000 | loss  4.276 | ppl     71.93
[2022-04-11 02:05:32.560] E004 |   400/776 batches | lr 20.0000 | loss  4.317 | ppl     75.00
[2022-04-11 02:05:36.757] E004 |   600/776 batches | lr 20.0000 | loss  4.233 | ppl     68.92
[2022-04-11 02:05:40.461] E004 |   776/776 batches | lr 20.0000 | loss  4.219 | ppl     67.97
[2022-04-11 02:05:42.737] End E004 | valid loss  4.664; ppl    106.09 | accu 0.2166 = 26187/120920
[2022-04-11 02:05:45.629] End E004 |  test loss  6.630; ppl    757.18 | accu 0.1099 = 16826/153080 ../data/sample_500k/adolescent_valid.txt
[2022-04-11 02:06:00.421] End E004 |  test loss  7.259; ppl   1421.44 | accu 0.0717 = 56585/788940 ../data/sample_500k/adult_test.txt
[2022-04-11 02:06:00.421] Save: model.pt... 
[2022-04-11 02:06:00.453] Save: model.pt...Done. best_val_loss: 4.6643
[2022-04-11 02:06:00.453] Epoch 005/40 ==================================================
[2022-04-11 02:06:05.166] E005 |   200/776 batches | lr 20.0000 | loss  4.148 | ppl     63.31
[2022-04-11 02:06:09.689] E005 |   400/776 batches | lr 20.0000 | loss  4.195 | ppl     66.34
[2022-04-11 02:06:14.039] E005 |   600/776 batches | lr 20.0000 | loss  4.122 | ppl     61.68
[2022-04-11 02:06:17.713] E005 |   776/776 batches | lr 20.0000 | loss  4.113 | ppl     61.12
[2022-04-11 02:06:20.014] End E005 | valid loss  4.650; ppl    104.59 | accu 0.2199 = 26593/120920
[2022-04-11 02:06:22.992] End E005 |  test loss  6.593; ppl    730.28 | accu 0.1113 = 17038/153080 ../data/sample_500k/adolescent_valid.txt
[2022-04-11 02:06:38.347] End E005 |  test loss  7.239; ppl   1392.33 | accu 0.0700 = 55217/788940 ../data/sample_500k/adult_test.txt
[2022-04-11 02:06:38.347] Save: model.pt... 
[2022-04-11 02:06:38.387] Save: model.pt...Done. best_val_loss: 4.6501
[2022-04-11 02:06:38.387] Epoch 006/40 ==================================================
[2022-04-11 02:06:42.594] E006 |   200/776 batches | lr 20.0000 | loss  4.045 | ppl     57.12
[2022-04-11 02:06:46.772] E006 |   400/776 batches | lr 20.0000 | loss  4.095 | ppl     60.03
[2022-04-11 02:06:50.965] E006 |   600/776 batches | lr 20.0000 | loss  4.035 | ppl     56.53
[2022-04-11 02:06:54.677] E006 |   776/776 batches | lr 20.0000 | loss  4.026 | ppl     56.04
[2022-04-11 02:06:56.962] End E006 | valid loss  4.639; ppl    103.47 | accu 0.2246 = 27162/120920
[2022-04-11 02:06:59.853] End E006 |  test loss  6.647; ppl    770.13 | accu 0.1088 = 16654/153080 ../data/sample_500k/adolescent_valid.txt
[2022-04-11 02:07:15.134] End E006 |  test loss  7.260; ppl   1422.59 | accu 0.0724 = 57133/788940 ../data/sample_500k/adult_test.txt
[2022-04-11 02:07:15.134] Save: model.pt... 
[2022-04-11 02:07:15.168] Save: model.pt...Done. best_val_loss: 4.6393
[2022-04-11 02:07:15.168] Epoch 007/40 ==================================================
[2022-04-11 02:07:19.370] E007 |   200/776 batches | lr 20.0000 | loss  3.963 | ppl     52.63
[2022-04-11 02:07:23.556] E007 |   400/776 batches | lr 20.0000 | loss  4.018 | ppl     55.62
[2022-04-11 02:07:27.749] E007 |   600/776 batches | lr 20.0000 | loss  3.963 | ppl     52.63
[2022-04-11 02:07:31.428] E007 |   776/776 batches | lr 20.0000 | loss  3.954 | ppl     52.15
[2022-04-11 02:07:33.702] End E007 | valid loss  4.627; ppl    102.20 | accu 0.2268 = 27424/120920
[2022-04-11 02:07:36.578] End E007 |  test loss  6.659; ppl    779.93 | accu 0.1089 = 16663/153080 ../data/sample_500k/adolescent_valid.txt
[2022-04-11 02:07:51.474] End E007 |  test loss  7.287; ppl   1461.52 | accu 0.0714 = 56353/788940 ../data/sample_500k/adult_test.txt
[2022-04-11 02:07:51.474] Save: model.pt... 
[2022-04-11 02:07:51.513] Save: model.pt...Done. best_val_loss: 4.6269
[2022-04-11 02:07:51.513] Epoch 008/40 ==================================================
[2022-04-11 02:07:55.727] E008 |   200/776 batches | lr 20.0000 | loss  3.888 | ppl     48.81
[2022-04-11 02:07:59.913] E008 |   400/776 batches | lr 20.0000 | loss  3.949 | ppl     51.87
[2022-04-11 02:08:04.129] E008 |   600/776 batches | lr 20.0000 | loss  3.900 | ppl     49.41
[2022-04-11 02:08:07.811] E008 |   776/776 batches | lr 20.0000 | loss  3.892 | ppl     49.02
[2022-04-11 02:08:10.099] End E008 | valid loss  4.616; ppl    101.13 | accu 0.2279 = 27557/120920
[2022-04-11 02:08:13.090] End E008 |  test loss  6.667; ppl    785.68 | accu 0.1121 = 17160/153080 ../data/sample_500k/adolescent_valid.txt
[2022-04-11 02:08:28.524] End E008 |  test loss  7.323; ppl   1515.32 | accu 0.0725 = 57210/788940 ../data/sample_500k/adult_test.txt
[2022-04-11 02:08:28.524] Save: model.pt... 
[2022-04-11 02:08:28.558] Save: model.pt...Done. best_val_loss: 4.6164
[2022-04-11 02:08:28.558] Epoch 009/40 ==================================================
[2022-04-11 02:08:32.829] E009 |   200/776 batches | lr 20.0000 | loss  3.830 | ppl     46.06
[2022-04-11 02:08:37.041] E009 |   400/776 batches | lr 20.0000 | loss  3.894 | ppl     49.13
[2022-04-11 02:08:41.263] E009 |   600/776 batches | lr 20.0000 | loss  3.843 | ppl     46.68
[2022-04-11 02:08:44.986] E009 |   776/776 batches | lr 20.0000 | loss  3.831 | ppl     46.12
[2022-04-11 02:08:47.272] End E009 | valid loss  4.627; ppl    102.23 | accu 0.2301 = 27825/120920
[2022-04-11 02:08:50.148] End E009 |  test loss  6.755; ppl    858.67 | accu 0.1106 = 16925/153080 ../data/sample_500k/adolescent_valid.txt
[2022-04-11 02:09:05.457] End E009 |  test loss  7.398; ppl   1633.11 | accu 0.0729 = 57528/788940 ../data/sample_500k/adult_test.txt
[2022-04-11 02:09:05.457] Epoch 010/40 ==================================================
[2022-04-11 02:09:09.688] E010 |   200/776 batches | lr 10.0000 | loss  3.733 | ppl     41.79
[2022-04-11 02:09:13.943] E010 |   400/776 batches | lr 10.0000 | loss  3.753 | ppl     42.66
[2022-04-11 02:09:18.149] E010 |   600/776 batches | lr 10.0000 | loss  3.667 | ppl     39.12
[2022-04-11 02:09:21.856] E010 |   776/776 batches | lr 10.0000 | loss  3.623 | ppl     37.47
[2022-04-11 02:09:24.154] End E010 | valid loss  4.584; ppl     97.91 | accu 0.2357 = 28501/120920
[2022-04-11 02:09:27.039] End E010 |  test loss  6.776; ppl    876.69 | accu 0.1145 = 17532/153080 ../data/sample_500k/adolescent_valid.txt
[2022-04-11 02:09:41.924] End E010 |  test loss  7.418; ppl   1665.22 | accu 0.0752 = 59334/788940 ../data/sample_500k/adult_test.txt
[2022-04-11 02:09:41.925] Save: model.pt... 
[2022-04-11 02:09:41.962] Save: model.pt...Done. best_val_loss: 4.5840
[2022-04-11 02:09:41.963] Epoch 011/40 ==================================================
[2022-04-11 02:09:46.205] E011 |   200/776 batches | lr 10.0000 | loss  3.637 | ppl     37.99
[2022-04-11 02:09:50.478] E011 |   400/776 batches | lr 10.0000 | loss  3.680 | ppl     39.63
[2022-04-11 02:09:54.683] E011 |   600/776 batches | lr 10.0000 | loss  3.615 | ppl     37.15
[2022-04-11 02:09:58.400] E011 |   776/776 batches | lr 10.0000 | loss  3.594 | ppl     36.38
[2022-04-11 02:10:00.664] End E011 | valid loss  4.577; ppl     97.26 | accu 0.2367 = 28625/120920
[2022-04-11 02:10:03.546] End E011 |  test loss  6.766; ppl    867.65 | accu 0.1138 = 17421/153080 ../data/sample_500k/adolescent_valid.txt
[2022-04-11 02:10:18.302] End E011 |  test loss  7.417; ppl   1664.75 | accu 0.0761 = 60029/788940 ../data/sample_500k/adult_test.txt
[2022-04-11 02:10:18.302] Save: model.pt... 
[2022-04-11 02:10:18.332] Save: model.pt...Done. best_val_loss: 4.5773
[2022-04-11 02:10:18.332] Epoch 012/40 ==================================================
[2022-04-11 02:10:22.542] E012 |   200/776 batches | lr 10.0000 | loss  3.591 | ppl     36.25
[2022-04-11 02:10:26.723] E012 |   400/776 batches | lr 10.0000 | loss  3.640 | ppl     38.09
[2022-04-11 02:10:30.912] E012 |   600/776 batches | lr 10.0000 | loss  3.582 | ppl     35.94
[2022-04-11 02:10:34.626] E012 |   776/776 batches | lr 10.0000 | loss  3.554 | ppl     34.94
[2022-04-11 02:10:36.905] End E012 | valid loss  4.584; ppl     97.91 | accu 0.2372 = 28687/120920
[2022-04-11 02:10:39.892] End E012 |  test loss  6.799; ppl    896.54 | accu 0.1152 = 17635/153080 ../data/sample_500k/adolescent_valid.txt
[2022-04-11 02:10:55.231] End E012 |  test loss  7.454; ppl   1727.35 | accu 0.0762 = 60136/788940 ../data/sample_500k/adult_test.txt
[2022-04-11 02:10:55.231] Epoch 013/40 ==================================================
[2022-04-11 02:10:59.465] E013 |   200/776 batches | lr 5.0000 | loss  3.541 | ppl     34.49
[2022-04-11 02:11:03.670] E013 |   400/776 batches | lr 5.0000 | loss  3.571 | ppl     35.55
[2022-04-11 02:11:07.905] E013 |   600/776 batches | lr 5.0000 | loss  3.485 | ppl     32.62
[2022-04-11 02:11:11.625] E013 |   776/776 batches | lr 5.0000 | loss  3.447 | ppl     31.41
[2022-04-11 02:11:13.909] End E013 | valid loss  4.579; ppl     97.42 | accu 0.2407 = 29102/120920
[2022-04-11 02:11:16.769] End E013 |  test loss  6.830; ppl    925.13 | accu 0.1166 = 17856/153080 ../data/sample_500k/adolescent_valid.txt
[2022-04-11 02:11:31.912] End E013 |  test loss  7.504; ppl   1814.43 | accu 0.0768 = 60606/788940 ../data/sample_500k/adult_test.txt
[2022-04-11 02:11:31.913] Epoch 014/40 ==================================================
[2022-04-11 02:11:36.139] E014 |   200/776 batches | lr 2.5000 | loss  3.493 | ppl     32.90
[2022-04-11 02:11:40.417] E014 |   400/776 batches | lr 2.5000 | loss  3.525 | ppl     33.94
[2022-04-11 02:11:44.628] E014 |   600/776 batches | lr 2.5000 | loss  3.429 | ppl     30.85
[2022-04-11 02:11:48.327] E014 |   776/776 batches | lr 2.5000 | loss  3.380 | ppl     29.38
[2022-04-11 02:11:50.635] End E014 | valid loss  4.566; ppl     96.20 | accu 0.2430 = 29382/120920
[2022-04-11 02:11:53.515] End E014 |  test loss  6.841; ppl    935.31 | accu 0.1171 = 17920/153080 ../data/sample_500k/adolescent_valid.txt
[2022-04-11 02:12:08.278] End E014 |  test loss  7.499; ppl   1806.08 | accu 0.0774 = 61068/788940 ../data/sample_500k/adult_test.txt
[2022-04-11 02:12:08.279] Save: model.pt... 
[2022-04-11 02:12:08.319] Save: model.pt...Done. best_val_loss: 4.5665
[2022-04-11 02:12:08.319] Epoch 015/40 ==================================================
[2022-04-11 02:12:12.519] E015 |   200/776 batches | lr 2.5000 | loss  3.463 | ppl     31.90
[2022-04-11 02:12:16.729] E015 |   400/776 batches | lr 2.5000 | loss  3.499 | ppl     33.07
[2022-04-11 02:12:20.912] E015 |   600/776 batches | lr 2.5000 | loss  3.421 | ppl     30.60
[2022-04-11 02:12:24.605] E015 |   776/776 batches | lr 2.5000 | loss  3.372 | ppl     29.15
[2022-04-11 02:12:26.896] End E015 | valid loss  4.568; ppl     96.38 | accu 0.2427 = 29351/120920
[2022-04-11 02:12:29.859] End E015 |  test loss  6.844; ppl    938.27 | accu 0.1170 = 17912/153080 ../data/sample_500k/adolescent_valid.txt
[2022-04-11 02:12:45.198] End E015 |  test loss  7.502; ppl   1811.42 | accu 0.0776 = 61209/788940 ../data/sample_500k/adult_test.txt
[2022-04-11 02:12:45.199] Epoch 016/40 ==================================================
[2022-04-11 02:12:49.424] E016 |   200/776 batches | lr 1.2500 | loss  3.446 | ppl     31.38
[2022-04-11 02:12:53.620] E016 |   400/776 batches | lr 1.2500 | loss  3.484 | ppl     32.59
[2022-04-11 02:12:57.824] E016 |   600/776 batches | lr 1.2500 | loss  3.390 | ppl     29.68
[2022-04-11 02:13:01.554] E016 |   776/776 batches | lr 1.2500 | loss  3.342 | ppl     28.26
[2022-04-11 02:13:03.843] End E016 | valid loss  4.567; ppl     96.27 | accu 0.2432 = 29405/120920
[2022-04-11 02:13:06.770] End E016 |  test loss  6.858; ppl    951.15 | accu 0.1175 = 17982/153080 ../data/sample_500k/adolescent_valid.txt
[2022-04-11 02:13:22.015] End E016 |  test loss  7.522; ppl   1848.39 | accu 0.0781 = 61614/788940 ../data/sample_500k/adult_test.txt
[2022-04-11 02:13:22.015] Epoch 017/40 ==================================================
[2022-04-11 02:13:26.253] E017 |   200/776 batches | lr 0.6250 | loss  3.439 | ppl     31.16
[2022-04-11 02:13:30.479] E017 |   400/776 batches | lr 0.6250 | loss  3.473 | ppl     32.23
[2022-04-11 02:13:34.734] E017 |   600/776 batches | lr 0.6250 | loss  3.376 | ppl     29.24
[2022-04-11 02:13:38.443] E017 |   776/776 batches | lr 0.6250 | loss  3.336 | ppl     28.11
[2022-04-11 02:13:40.730] End E017 | valid loss  4.563; ppl     95.84 | accu 0.2437 = 29469/120920
[2022-04-11 02:13:43.626] End E017 |  test loss  6.853; ppl    946.96 | accu 0.1177 = 18025/153080 ../data/sample_500k/adolescent_valid.txt
[2022-04-11 02:13:58.437] End E017 |  test loss  7.517; ppl   1838.80 | accu 0.0784 = 61840/788940 ../data/sample_500k/adult_test.txt
[2022-04-11 02:13:58.438] Save: model.pt... 
[2022-04-11 02:13:58.479] Save: model.pt...Done. best_val_loss: 4.5627
[2022-04-11 02:13:58.479] Epoch 018/40 ==================================================
[2022-04-11 02:14:02.705] E018 |   200/776 batches | lr 0.6250 | loss  3.427 | ppl     30.78
[2022-04-11 02:14:06.914] E018 |   400/776 batches | lr 0.6250 | loss  3.461 | ppl     31.84
[2022-04-11 02:14:11.106] E018 |   600/776 batches | lr 0.6250 | loss  3.372 | ppl     29.13
[2022-04-11 02:14:14.823] E018 |   776/776 batches | lr 0.6250 | loss  3.327 | ppl     27.86
[2022-04-11 02:14:17.139] End E018 | valid loss  4.563; ppl     95.89 | accu 0.2436 = 29460/120920
[2022-04-11 02:14:20.109] End E018 |  test loss  6.856; ppl    949.27 | accu 0.1172 = 17946/153080 ../data/sample_500k/adolescent_valid.txt
[2022-04-11 02:14:36.674] End E018 |  test loss  7.514; ppl   1833.24 | accu 0.0784 = 61839/788940 ../data/sample_500k/adult_test.txt
[2022-04-11 02:14:36.674] Epoch 019/40 ==================================================
[2022-04-11 02:14:41.513] E019 |   200/776 batches | lr 0.3125 | loss  3.425 | ppl     30.73
[2022-04-11 02:14:46.359] E019 |   400/776 batches | lr 0.3125 | loss  3.460 | ppl     31.83
[2022-04-11 02:14:51.196] E019 |   600/776 batches | lr 0.3125 | loss  3.366 | ppl     28.97
[2022-04-11 02:14:55.457] E019 |   776/776 batches | lr 0.3125 | loss  3.320 | ppl     27.67
[2022-04-11 02:14:58.262] End E019 | valid loss  4.560; ppl     95.57 | accu 0.2438 = 29484/120920
[2022-04-11 02:15:01.797] End E019 |  test loss  6.854; ppl    947.35 | accu 0.1180 = 18058/153080 ../data/sample_500k/adolescent_valid.txt
[2022-04-11 02:15:20.349] End E019 |  test loss  7.514; ppl   1832.78 | accu 0.0787 = 62093/788940 ../data/sample_500k/adult_test.txt
[2022-04-11 02:15:20.349] Save: model.pt... 
[2022-04-11 02:15:20.388] Save: model.pt...Done. best_val_loss: 4.5598
[2022-04-11 02:15:20.389] Epoch 020/40 ==================================================
[2022-04-11 02:15:25.240] E020 |   200/776 batches | lr 0.3125 | loss  3.414 | ppl     30.38
[2022-04-11 02:15:30.074] E020 |   400/776 batches | lr 0.3125 | loss  3.450 | ppl     31.50
[2022-04-11 02:15:34.961] E020 |   600/776 batches | lr 0.3125 | loss  3.363 | ppl     28.87
[2022-04-11 02:15:39.250] E020 |   776/776 batches | lr 0.3125 | loss  3.317 | ppl     27.57
[2022-04-11 02:15:42.047] End E020 | valid loss  4.560; ppl     95.62 | accu 0.2440 = 29509/120920
[2022-04-11 02:15:45.587] End E020 |  test loss  6.855; ppl    948.55 | accu 0.1181 = 18075/153080 ../data/sample_500k/adolescent_valid.txt
[2022-04-11 02:16:04.197] End E020 |  test loss  7.514; ppl   1834.31 | accu 0.0786 = 62031/788940 ../data/sample_500k/adult_test.txt
[2022-04-11 02:16:04.197] Epoch 021/40 ==================================================
[2022-04-11 02:16:09.071] E021 |   200/776 batches | lr 0.1562 | loss  3.412 | ppl     30.33
[2022-04-11 02:16:13.908] E021 |   400/776 batches | lr 0.1562 | loss  3.449 | ppl     31.48
[2022-04-11 02:16:18.740] E021 |   600/776 batches | lr 0.1562 | loss  3.359 | ppl     28.76
[2022-04-11 02:16:23.008] E021 |   776/776 batches | lr 0.1562 | loss  3.315 | ppl     27.53
[2022-04-11 02:16:25.803] End E021 | valid loss  4.559; ppl     95.52 | accu 0.2442 = 29523/120920
[2022-04-11 02:16:29.287] End E021 |  test loss  6.853; ppl    946.78 | accu 0.1182 = 18090/153080 ../data/sample_500k/adolescent_valid.txt
[2022-04-11 02:16:47.711] End E021 |  test loss  7.511; ppl   1827.47 | accu 0.0787 = 62067/788940 ../data/sample_500k/adult_test.txt
[2022-04-11 02:16:47.711] Save: model.pt... 
[2022-04-11 02:16:47.751] Save: model.pt...Done. best_val_loss: 4.5594
[2022-04-11 02:16:47.751] Epoch 022/40 ==================================================
[2022-04-11 02:16:52.399] E022 |   200/776 batches | lr 0.1562 | loss  3.411 | ppl     30.29
[2022-04-11 02:16:56.640] E022 |   400/776 batches | lr 0.1562 | loss  3.449 | ppl     31.47
[2022-04-11 02:17:00.859] E022 |   600/776 batches | lr 0.1562 | loss  3.358 | ppl     28.75
[2022-04-11 02:17:04.656] E022 |   776/776 batches | lr 0.1562 | loss  3.317 | ppl     27.59
[2022-04-11 02:17:06.968] End E022 | valid loss  4.559; ppl     95.46 | accu 0.2441 = 29513/120920
[2022-04-11 02:17:09.853] End E022 |  test loss  6.853; ppl    946.65 | accu 0.1183 = 18102/153080 ../data/sample_500k/adolescent_valid.txt
[2022-04-11 02:17:24.761] End E022 |  test loss  7.512; ppl   1829.22 | accu 0.0787 = 62080/788940 ../data/sample_500k/adult_test.txt
[2022-04-11 02:17:24.761] Save: model.pt... 
[2022-04-11 02:17:24.792] Save: model.pt...Done. best_val_loss: 4.5587
[2022-04-11 02:17:24.792] Epoch 023/40 ==================================================
[2022-04-11 02:17:29.086] E023 |   200/776 batches | lr 0.1562 | loss  3.408 | ppl     30.20
[2022-04-11 02:17:33.311] E023 |   400/776 batches | lr 0.1562 | loss  3.448 | ppl     31.44
[2022-04-11 02:17:37.510] E023 |   600/776 batches | lr 0.1562 | loss  3.357 | ppl     28.71
[2022-04-11 02:17:41.213] E023 |   776/776 batches | lr 0.1562 | loss  3.317 | ppl     27.57
[2022-04-11 02:17:43.483] End E023 | valid loss  4.559; ppl     95.45 | accu 0.2445 = 29567/120920
[2022-04-11 02:17:46.345] End E023 |  test loss  6.853; ppl    946.95 | accu 0.1183 = 18105/153080 ../data/sample_500k/adolescent_valid.txt
[2022-04-11 02:18:01.211] End E023 |  test loss  7.512; ppl   1829.62 | accu 0.0787 = 62082/788940 ../data/sample_500k/adult_test.txt
[2022-04-11 02:18:01.211] Save: model.pt... 
[2022-04-11 02:18:01.252] Save: model.pt...Done. best_val_loss: 4.5586
[2022-04-11 02:18:01.253] Epoch 024/40 ==================================================
[2022-04-11 02:18:05.474] E024 |   200/776 batches | lr 0.1562 | loss  3.405 | ppl     30.10
[2022-04-11 02:18:09.695] E024 |   400/776 batches | lr 0.1562 | loss  3.445 | ppl     31.35
[2022-04-11 02:18:13.934] E024 |   600/776 batches | lr 0.1562 | loss  3.355 | ppl     28.63
[2022-04-11 02:18:17.668] E024 |   776/776 batches | lr 0.1562 | loss  3.316 | ppl     27.56
[2022-04-11 02:18:19.949] End E024 | valid loss  4.559; ppl     95.48 | accu 0.2446 = 29571/120920
[2022-04-11 02:18:22.909] End E024 |  test loss  6.854; ppl    947.23 | accu 0.1182 = 18089/153080 ../data/sample_500k/adolescent_valid.txt
[2022-04-11 02:18:38.337] End E024 |  test loss  7.513; ppl   1832.47 | accu 0.0787 = 62113/788940 ../data/sample_500k/adult_test.txt
[2022-04-11 02:18:38.338] Epoch 025/40 ==================================================
[2022-04-11 02:18:42.544] E025 |   200/776 batches | lr 0.0781 | loss  3.407 | ppl     30.17
[2022-04-11 02:18:46.742] E025 |   400/776 batches | lr 0.0781 | loss  3.444 | ppl     31.31
[2022-04-11 02:18:50.995] E025 |   600/776 batches | lr 0.0781 | loss  3.353 | ppl     28.60
[2022-04-11 02:18:54.684] E025 |   776/776 batches | lr 0.0781 | loss  3.312 | ppl     27.45
[2022-04-11 02:18:56.973] End E025 | valid loss  4.559; ppl     95.48 | accu 0.2444 = 29549/120920
[2022-04-11 02:18:59.850] End E025 |  test loss  6.853; ppl    946.31 | accu 0.1183 = 18110/153080 ../data/sample_500k/adolescent_valid.txt
[2022-04-11 02:19:15.019] End E025 |  test loss  7.511; ppl   1828.81 | accu 0.0787 = 62070/788940 ../data/sample_500k/adult_test.txt
[2022-04-11 02:19:15.019] Epoch 026/40 ==================================================
[2022-04-11 02:19:19.214] E026 |   200/776 batches | lr 0.0391 | loss  3.406 | ppl     30.14
[2022-04-11 02:19:23.423] E026 |   400/776 batches | lr 0.0391 | loss  3.447 | ppl     31.39
[2022-04-11 02:19:27.917] E026 |   600/776 batches | lr 0.0391 | loss  3.352 | ppl     28.55
[2022-04-11 02:19:31.971] E026 |   776/776 batches | lr 0.0391 | loss  3.311 | ppl     27.42
[2022-04-11 02:19:34.770] End E026 | valid loss  4.559; ppl     95.47 | accu 0.2442 = 29530/120920
[2022-04-11 02:19:38.256] End E026 |  test loss  6.852; ppl    945.59 | accu 0.1183 = 18104/153080 ../data/sample_500k/adolescent_valid.txt
[2022-04-11 02:19:56.431] End E026 |  test loss  7.510; ppl   1826.63 | accu 0.0787 = 62080/788940 ../data/sample_500k/adult_test.txt
[2022-04-11 02:19:56.432] Epoch 027/40 ==================================================
[2022-04-11 02:20:00.704] E027 |   200/776 batches | lr 0.0195 | loss  3.405 | ppl     30.12
[2022-04-11 02:20:04.897] E027 |   400/776 batches | lr 0.0195 | loss  3.442 | ppl     31.26
[2022-04-11 02:20:09.110] E027 |   600/776 batches | lr 0.0195 | loss  3.350 | ppl     28.51
[2022-04-11 02:20:12.859] E027 |   776/776 batches | lr 0.0195 | loss  3.308 | ppl     27.33
[2022-04-11 02:20:15.150] End E027 | valid loss  4.559; ppl     95.47 | accu 0.2443 = 29536/120920
[2022-04-11 02:20:18.054] End E027 |  test loss  6.852; ppl    945.54 | accu 0.1184 = 18121/153080 ../data/sample_500k/adolescent_valid.txt
[2022-04-11 02:20:32.915] End E027 |  test loss  7.510; ppl   1826.70 | accu 0.0787 = 62099/788940 ../data/sample_500k/adult_test.txt
[2022-04-11 02:20:32.915] Epoch 028/40 ==================================================
[2022-04-11 02:20:37.127] E028 |   200/776 batches | lr 0.0098 | loss  3.404 | ppl     30.09
[2022-04-11 02:20:41.359] E028 |   400/776 batches | lr 0.0098 | loss  3.444 | ppl     31.32
[2022-04-11 02:20:45.571] E028 |   600/776 batches | lr 0.0098 | loss  3.355 | ppl     28.65
[2022-04-11 02:20:49.308] E028 |   776/776 batches | lr 0.0098 | loss  3.306 | ppl     27.26
[2022-04-11 02:20:51.598] End E028 | valid loss  4.559; ppl     95.48 | accu 0.2442 = 29531/120920
[2022-04-11 02:20:54.580] End E028 |  test loss  6.852; ppl    945.42 | accu 0.1184 = 18118/153080 ../data/sample_500k/adolescent_valid.txt
[2022-04-11 02:21:09.985] End E028 |  test loss  7.510; ppl   1826.26 | accu 0.0787 = 62119/788940 ../data/sample_500k/adult_test.txt
[2022-04-11 02:21:09.986] Epoch 029/40 ==================================================
[2022-04-11 02:21:14.228] E029 |   200/776 batches | lr 0.0049 | loss  3.408 | ppl     30.21
[2022-04-11 02:21:18.450] E029 |   400/776 batches | lr 0.0049 | loss  3.442 | ppl     31.26
[2022-04-11 02:21:22.678] E029 |   600/776 batches | lr 0.0049 | loss  3.350 | ppl     28.51
[2022-04-11 02:21:26.371] E029 |   776/776 batches | lr 0.0049 | loss  3.307 | ppl     27.31
[2022-04-11 02:21:28.648] End E029 | valid loss  4.559; ppl     95.48 | accu 0.2443 = 29537/120920
[2022-04-11 02:21:31.527] End E029 |  test loss  6.852; ppl    945.30 | accu 0.1184 = 18119/153080 ../data/sample_500k/adolescent_valid.txt
[2022-04-11 02:21:46.730] End E029 |  test loss  7.510; ppl   1825.91 | accu 0.0787 = 62126/788940 ../data/sample_500k/adult_test.txt
[2022-04-11 02:21:46.730] Epoch 030/40 ==================================================
[2022-04-11 02:21:50.975] E030 |   200/776 batches | lr 0.0024 | loss  3.406 | ppl     30.14
[2022-04-11 02:21:55.184] E030 |   400/776 batches | lr 0.0024 | loss  3.443 | ppl     31.29
[2022-04-11 02:21:59.399] E030 |   600/776 batches | lr 0.0024 | loss  3.354 | ppl     28.60
[2022-04-11 02:22:03.401] E030 |   776/776 batches | lr 0.0024 | loss  3.308 | ppl     27.34
[2022-04-11 02:22:06.159] End E030 | valid loss  4.559; ppl     95.48 | accu 0.2442 = 29534/120920
[2022-04-11 02:22:09.626] End E030 |  test loss  6.851; ppl    945.28 | accu 0.1184 = 18122/153080 ../data/sample_500k/adolescent_valid.txt
[2022-04-11 02:22:27.799] End E030 |  test loss  7.510; ppl   1825.90 | accu 0.0788 = 62130/788940 ../data/sample_500k/adult_test.txt
[2022-04-11 02:22:27.799] Epoch 031/40 ==================================================
[2022-04-11 02:22:32.239] E031 |   200/776 batches | lr 0.0012 | loss  3.400 | ppl     29.97
[2022-04-11 02:22:36.478] E031 |   400/776 batches | lr 0.0012 | loss  3.441 | ppl     31.22
[2022-04-11 02:22:40.682] E031 |   600/776 batches | lr 0.0012 | loss  3.356 | ppl     28.68
[2022-04-11 02:22:44.376] E031 |   776/776 batches | lr 0.0012 | loss  3.310 | ppl     27.40
[2022-04-11 02:22:46.638] End E031 | valid loss  4.559; ppl     95.48 | accu 0.2443 = 29539/120920
[2022-04-11 02:22:49.483] End E031 |  test loss  6.851; ppl    945.26 | accu 0.1184 = 18119/153080 ../data/sample_500k/adolescent_valid.txt
[2022-04-11 02:23:04.233] End E031 |  test loss  7.510; ppl   1825.84 | accu 0.0788 = 62133/788940 ../data/sample_500k/adult_test.txt
[2022-04-11 02:23:04.234] Epoch 032/40 ==================================================
[2022-04-11 02:23:08.433] E032 |   200/776 batches | lr 0.0006 | loss  3.403 | ppl     30.07
[2022-04-11 02:23:12.664] E032 |   400/776 batches | lr 0.0006 | loss  3.446 | ppl     31.36
[2022-04-11 02:23:16.863] E032 |   600/776 batches | lr 0.0006 | loss  3.353 | ppl     28.59
[2022-04-11 02:23:20.571] E032 |   776/776 batches | lr 0.0006 | loss  3.309 | ppl     27.35
[2022-04-11 02:23:22.826] End E032 | valid loss  4.559; ppl     95.48 | accu 0.2443 = 29539/120920
[2022-04-11 02:23:25.777] End E032 |  test loss  6.851; ppl    945.25 | accu 0.1184 = 18118/153080 ../data/sample_500k/adolescent_valid.txt
[2022-04-11 02:23:41.099] End E032 |  test loss  7.510; ppl   1825.80 | accu 0.0788 = 62131/788940 ../data/sample_500k/adult_test.txt
[2022-04-11 02:23:41.099] Epoch 033/40 ==================================================
[2022-04-11 02:23:45.305] E033 |   200/776 batches | lr 0.0003 | loss  3.403 | ppl     30.06
[2022-04-11 02:23:49.521] E033 |   400/776 batches | lr 0.0003 | loss  3.445 | ppl     31.33
[2022-04-11 02:23:53.723] E033 |   600/776 batches | lr 0.0003 | loss  3.351 | ppl     28.54
[2022-04-11 02:23:57.419] E033 |   776/776 batches | lr 0.0003 | loss  3.310 | ppl     27.39
[2022-04-11 02:23:59.698] End E033 | valid loss  4.559; ppl     95.48 | accu 0.2443 = 29539/120920
[2022-04-11 02:24:02.628] End E033 |  test loss  6.851; ppl    945.25 | accu 0.1184 = 18119/153080 ../data/sample_500k/adolescent_valid.txt
[2022-04-11 02:24:17.768] End E033 |  test loss  7.510; ppl   1825.81 | accu 0.0788 = 62134/788940 ../data/sample_500k/adult_test.txt
[2022-04-11 02:24:17.768] Epoch 034/40 ==================================================
[2022-04-11 02:24:21.980] E034 |   200/776 batches | lr 0.0002 | loss  3.400 | ppl     29.96
[2022-04-11 02:24:26.238] E034 |   400/776 batches | lr 0.0002 | loss  3.444 | ppl     31.33
[2022-04-11 02:24:30.728] E034 |   600/776 batches | lr 0.0002 | loss  3.353 | ppl     28.59
[2022-04-11 02:24:35.019] E034 |   776/776 batches | lr 0.0002 | loss  3.305 | ppl     27.25
[2022-04-11 02:24:37.819] End E034 | valid loss  4.559; ppl     95.48 | accu 0.2443 = 29538/120920
[2022-04-11 02:24:41.332] End E034 |  test loss  6.851; ppl    945.25 | accu 0.1184 = 18119/153080 ../data/sample_500k/adolescent_valid.txt
[2022-04-11 02:24:59.534] End E034 |  test loss  7.510; ppl   1825.81 | accu 0.0788 = 62134/788940 ../data/sample_500k/adult_test.txt
[2022-04-11 02:24:59.534] Epoch 035/40 ==================================================
[2022-04-11 02:25:04.372] E035 |   200/776 batches | lr 0.0001 | loss  3.404 | ppl     30.07
[2022-04-11 02:25:09.235] E035 |   400/776 batches | lr 0.0001 | loss  3.442 | ppl     31.24
[2022-04-11 02:25:13.997] E035 |   600/776 batches | lr 0.0001 | loss  3.350 | ppl     28.51
[2022-04-11 02:25:17.729] E035 |   776/776 batches | lr 0.0001 | loss  3.308 | ppl     27.33
[2022-04-11 02:25:20.027] End E035 | valid loss  4.559; ppl     95.48 | accu 0.2443 = 29537/120920
[2022-04-11 02:25:22.926] End E035 |  test loss  6.851; ppl    945.25 | accu 0.1184 = 18120/153080 ../data/sample_500k/adolescent_valid.txt
[2022-04-11 02:25:37.761] End E035 |  test loss  7.510; ppl   1825.81 | accu 0.0788 = 62134/788940 ../data/sample_500k/adult_test.txt
[2022-04-11 02:25:37.761] Epoch 036/40 ==================================================
[2022-04-11 02:25:41.955] E036 |   200/776 batches | lr 0.0000 | loss  3.405 | ppl     30.13
[2022-04-11 02:25:46.185] E036 |   400/776 batches | lr 0.0000 | loss  3.443 | ppl     31.29
[2022-04-11 02:25:50.429] E036 |   600/776 batches | lr 0.0000 | loss  3.348 | ppl     28.45
[2022-04-11 02:25:54.154] E036 |   776/776 batches | lr 0.0000 | loss  3.309 | ppl     27.35
[2022-04-11 02:25:56.449] End E036 | valid loss  4.559; ppl     95.48 | accu 0.2443 = 29537/120920
[2022-04-11 02:25:59.482] End E036 |  test loss  6.851; ppl    945.25 | accu 0.1184 = 18120/153080 ../data/sample_500k/adolescent_valid.txt
[2022-04-11 02:26:14.785] End E036 |  test loss  7.510; ppl   1825.81 | accu 0.0788 = 62133/788940 ../data/sample_500k/adult_test.txt
[2022-04-11 02:26:14.786] Epoch 037/40 ==================================================
[2022-04-11 02:26:19.005] E037 |   200/776 batches | lr 0.0000 | loss  3.400 | ppl     29.95
[2022-04-11 02:26:23.217] E037 |   400/776 batches | lr 0.0000 | loss  3.443 | ppl     31.28
[2022-04-11 02:26:27.427] E037 |   600/776 batches | lr 0.0000 | loss  3.350 | ppl     28.49
[2022-04-11 02:26:31.127] E037 |   776/776 batches | lr 0.0000 | loss  3.308 | ppl     27.32
[2022-04-11 02:26:33.401] End E037 | valid loss  4.559; ppl     95.48 | accu 0.2443 = 29537/120920
[2022-04-11 02:26:36.288] End E037 |  test loss  6.851; ppl    945.25 | accu 0.1184 = 18120/153080 ../data/sample_500k/adolescent_valid.txt
[2022-04-11 02:26:51.415] End E037 |  test loss  7.510; ppl   1825.82 | accu 0.0788 = 62134/788940 ../data/sample_500k/adult_test.txt
[2022-04-11 02:26:51.415] Epoch 038/40 ==================================================
[2022-04-11 02:26:55.662] E038 |   200/776 batches | lr 0.0000 | loss  3.406 | ppl     30.14
[2022-04-11 02:26:59.888] E038 |   400/776 batches | lr 0.0000 | loss  3.443 | ppl     31.30
[2022-04-11 02:27:04.119] E038 |   600/776 batches | lr 0.0000 | loss  3.353 | ppl     28.58
[2022-04-11 02:27:07.835] E038 |   776/776 batches | lr 0.0000 | loss  3.311 | ppl     27.41
[2022-04-11 02:27:10.125] End E038 | valid loss  4.559; ppl     95.48 | accu 0.2443 = 29537/120920
[2022-04-11 02:27:13.013] End E038 |  test loss  6.851; ppl    945.25 | accu 0.1184 = 18120/153080 ../data/sample_500k/adolescent_valid.txt
[2022-04-11 02:27:27.938] End E038 |  test loss  7.510; ppl   1825.82 | accu 0.0788 = 62134/788940 ../data/sample_500k/adult_test.txt
[2022-04-11 02:27:27.938] Epoch 039/40 ==================================================
[2022-04-11 02:27:32.182] E039 |   200/776 batches | lr 0.0000 | loss  3.405 | ppl     30.11
[2022-04-11 02:27:36.436] E039 |   400/776 batches | lr 0.0000 | loss  3.445 | ppl     31.34
[2022-04-11 02:27:40.635] E039 |   600/776 batches | lr 0.0000 | loss  3.353 | ppl     28.59
[2022-04-11 02:27:44.334] E039 |   776/776 batches | lr 0.0000 | loss  3.305 | ppl     27.26
[2022-04-11 02:27:46.621] End E039 | valid loss  4.559; ppl     95.48 | accu 0.2443 = 29537/120920
[2022-04-11 02:27:49.486] End E039 |  test loss  6.851; ppl    945.25 | accu 0.1184 = 18120/153080 ../data/sample_500k/adolescent_valid.txt
[2022-04-11 02:28:04.274] End E039 |  test loss  7.510; ppl   1825.82 | accu 0.0788 = 62134/788940 ../data/sample_500k/adult_test.txt
[2022-04-11 02:28:04.275] Epoch 040/40 ==================================================
[2022-04-11 02:28:08.492] E040 |   200/776 batches | lr 0.0000 | loss  3.405 | ppl     30.12
[2022-04-11 02:28:12.690] E040 |   400/776 batches | lr 0.0000 | loss  3.443 | ppl     31.29
[2022-04-11 02:28:16.920] E040 |   600/776 batches | lr 0.0000 | loss  3.352 | ppl     28.57
[2022-04-11 02:28:20.679] E040 |   776/776 batches | lr 0.0000 | loss  3.307 | ppl     27.30
[2022-04-11 02:28:22.968] End E040 | valid loss  4.559; ppl     95.48 | accu 0.2443 = 29537/120920
[2022-04-11 02:28:25.950] End E040 |  test loss  6.851; ppl    945.25 | accu 0.1184 = 18120/153080 ../data/sample_500k/adolescent_valid.txt
[2022-04-11 02:28:41.346] End E040 |  test loss  7.510; ppl   1825.82 | accu 0.0788 = 62134/788940 ../data/sample_500k/adult_test.txt
[2022-04-11 02:28:44.356] End. test loss  6.85; ppl   946.95 | accu 0.1183 = 18105/153080 ../data/sample_500k/adolescent_valid.txt
[2022-04-11 02:28:59.725] End. test loss  7.51; ppl  1829.62 | accu 0.0787 = 62082/788940 ../data/sample_500k/adult_test.txt
[2022-04-11 02:28:59.725] =========================================================================================
[2022-04-11 02:28:59.725] valid_loss
[2022-04-11 02:28:59.725]  5.03, 4.82, 4.72, 4.66, 4.65, 4.64, 4.63, 4.62, 4.63, 4.58, 4.58, 4.58, 4.58, 4.57, 4.57, 4.57, 4.56, 4.56, 4.56, 4.56, 4.56, 4.56, 4.56, 4.56, 4.56, 4.56, 4.56, 4.56, 4.56, 4.56, 4.56, 4.56, 4.56, 4.56, 4.56, 4.56, 4.56, 4.56, 4.56, 4.56
[2022-04-11 02:28:59.725] valid_loss ppl
[2022-04-11 02:28:59.726]   153.60,  123.77,  112.03,  106.09,  104.59,  103.47,  102.20,  101.13,  102.23,   97.91,   97.26,   97.91,   97.42,   96.20,   96.38,   96.27,   95.84,   95.89,   95.57,   95.62,   95.52,   95.46,   95.45,   95.48,   95.48,   95.47,   95.47,   95.48,   95.48,   95.48,   95.48,   95.48,   95.48,   95.48,   95.48,   95.48,   95.48,   95.48,   95.48,   95.48
[2022-04-11 02:28:59.726] test_loss of ../data/sample_500k/adolescent_valid.txt
[2022-04-11 02:28:59.726]  6.86, 6.66, 6.64, 6.63, 6.59, 6.65, 6.66, 6.67, 6.76, 6.78, 6.77, 6.80, 6.83, 6.84, 6.84, 6.86, 6.85, 6.86, 6.85, 6.85, 6.85, 6.85, 6.85, 6.85, 6.85, 6.85, 6.85, 6.85, 6.85, 6.85, 6.85, 6.85, 6.85, 6.85, 6.85, 6.85, 6.85, 6.85, 6.85, 6.85
[2022-04-11 02:28:59.726] test_loss of ../data/sample_500k/adolescent_valid.txt ppl
[2022-04-11 02:28:59.726]   951.30,  783.17,  763.49,  757.18,  730.28,  770.13,  779.93,  785.68,  858.67,  876.69,  867.65,  896.54,  925.13,  935.31,  938.27,  951.15,  946.96,  949.27,  947.35,  948.55,  946.78,  946.65,  946.95,  947.23,  946.31,  945.59,  945.54,  945.42,  945.30,  945.28,  945.26,  945.25,  945.25,  945.25,  945.25,  945.25,  945.25,  945.25,  945.25,  945.25
[2022-04-11 02:28:59.726] test_loss of ../data/sample_500k/adult_test.txt
[2022-04-11 02:28:59.726]  7.47, 7.30, 7.30, 7.26, 7.24, 7.26, 7.29, 7.32, 7.40, 7.42, 7.42, 7.45, 7.50, 7.50, 7.50, 7.52, 7.52, 7.51, 7.51, 7.51, 7.51, 7.51, 7.51, 7.51, 7.51, 7.51, 7.51, 7.51, 7.51, 7.51, 7.51, 7.51, 7.51, 7.51, 7.51, 7.51, 7.51, 7.51, 7.51, 7.51
[2022-04-11 02:28:59.726] test_loss of ../data/sample_500k/adult_test.txt ppl
[2022-04-11 02:28:59.726]  1762.14, 1480.33, 1474.89, 1421.44, 1392.33, 1422.59, 1461.52, 1515.32, 1633.11, 1665.22, 1664.75, 1727.35, 1814.43, 1806.08, 1811.42, 1848.39, 1838.80, 1833.24, 1832.78, 1834.31, 1827.47, 1829.22, 1829.62, 1832.47, 1828.81, 1826.63, 1826.70, 1826.26, 1825.91, 1825.90, 1825.84, 1825.80, 1825.81, 1825.81, 1825.81, 1825.81, 1825.82, 1825.82, 1825.82, 1825.82
