[2022-04-11 01:38:23.294] corpus.train_file_list: 1
[2022-04-11 01:38:23.294]         ../data/sample_500k/cbt_train.txt
[2022-04-11 01:38:23.294] corpus.valid_file_list: 1
[2022-04-11 01:38:23.294]         ../data/sample_500k/cbt_valid.txt
[2022-04-11 01:38:23.294] corpus.test_file_list: 2
[2022-04-11 01:38:23.294]         ../data/sample_500k/adolescent_valid.txt
[2022-04-11 01:38:23.294]         ../data/sample_500k/adult_test.txt
[2022-04-11 01:38:23.294] corpus.subword_vocab_size: 5000
[2022-04-11 01:38:23.295] corpus.subword_model.train(2 files)...
[2022-04-11 01:38:23.295]         ../data/sample_500k/cbt_train.txt
[2022-04-11 01:38:23.295]         ../data/sample_500k/cbt_valid.txt
[2022-04-11 01:38:24.096] corpus.subword_model.train(2 files)...Done
[2022-04-11 01:38:24.097] corpus tokenize...
[2022-04-11 01:38:26.267]         train tokens: 573752  ../data/sample_500k/cbt_train.txt
[2022-04-11 01:38:26.724]         valid tokens: 127681  ../data/sample_500k/cbt_valid.txt
[2022-04-11 01:38:27.498]         test  tokens: 163046  ../data/sample_500k/adolescent_valid.txt
[2022-04-11 01:38:29.570]         test  tokens: 868492  ../data/sample_500k/adult_test.txt
[2022-04-11 01:38:29.571] corpus.ntokens      : 4913
[2022-04-11 01:38:29.571] corpus.char_count   : 81
[2022-04-11 01:38:29.571] corpus.char_cnt_dict: 81
[2022-04-11 01:38:29.571] corpus.char_id_dict : 81
[2022-04-11 01:38:29.582] corpus.batchify(1 files, batch_size=20)...
[2022-04-11 01:38:29.582]         tokens_all: 573752
[2022-04-11 01:38:29.582]         batched   :  28687
[2022-04-11 01:38:29.582]         ../data/sample_500k/cbt_train.txt
[2022-04-11 01:38:29.587] corpus.batchify(1 files, batch_size=20)...
[2022-04-11 01:38:29.587]         tokens_all: 127681
[2022-04-11 01:38:29.587]         batched   :   6384
[2022-04-11 01:38:29.587]         ../data/sample_500k/cbt_valid.txt
[2022-04-11 01:38:29.589] corpus.batchify(1 files, batch_size=20)...
[2022-04-11 01:38:29.590]         tokens_all: 163046
[2022-04-11 01:38:29.590]         batched   :   8152
[2022-04-11 01:38:29.590]         ../data/sample_500k/adolescent_valid.txt
[2022-04-11 01:38:29.599] corpus.batchify(1 files, batch_size=20)...
[2022-04-11 01:38:29.599]         tokens_all: 868492
[2022-04-11 01:38:29.599]         batched   :  43424
[2022-04-11 01:38:29.599]         ../data/sample_500k/adult_test.txt
[2022-04-11 01:38:29.635] RNNModel.rnn_type: LSTM
[2022-04-11 01:38:29.636] RNNModel.ntoken  : 4913
[2022-04-11 01:38:29.636] RNNModel.ninp    : 200
[2022-04-11 01:38:29.636] RNNModel.nhid    : 200
[2022-04-11 01:38:29.636] RNNModel.nlayers : 2
[2022-04-11 01:38:29.636] RNNModel.dropout : 0.2
[2022-04-11 01:38:29.636] RNNModel.tie_weights: False
[2022-04-11 01:38:29.636] RNNModel.char_mode  : 
[2022-04-11 01:38:29.636] RNNModel.char_cnt   : 82
[2022-04-11 01:38:29.636] RNNModel.char_emsize: 25
[2022-04-11 01:38:29.636] RNNModel.char_nhid  : 200
[2022-04-11 01:38:29.636] RNNModel will not use char-encoding
[2022-04-11 01:38:29.640] Epoch 001/40 ==================================================
[2022-04-11 01:38:34.170] E001 |   200/819 batches | lr 20.0000 | loss  6.261 | ppl    523.56
[2022-04-11 01:38:38.636] E001 |   400/819 batches | lr 20.0000 | loss  5.434 | ppl    229.15
[2022-04-11 01:38:42.853] E001 |   600/819 batches | lr 20.0000 | loss  5.046 | ppl    155.38
[2022-04-11 01:38:46.570] E001 |   800/819 batches | lr 20.0000 | loss  4.876 | ppl    131.12
[2022-04-11 01:38:46.921] E001 |   819/819 batches | lr 20.0000 | loss  4.806 | ppl    122.18
[2022-04-11 01:38:49.211] End E001 | valid loss  5.055; ppl    156.74 | accu 0.1728 = 22065/127660
[2022-04-11 01:38:52.244] End E001 |  test loss  6.627; ppl    754.95 | accu 0.0874 = 14241/163020 ../data/sample_500k/adolescent_valid.txt
[2022-04-11 01:39:08.212] End E001 |  test loss  7.122; ppl   1238.51 | accu 0.0563 = 48862/868460 ../data/sample_500k/adult_test.txt
[2022-04-11 01:39:08.213] Save: model.pt... 
[2022-04-11 01:39:08.241] Save: model.pt...Done. best_val_loss: 5.0546
[2022-04-11 01:39:08.241] Epoch 002/40 ==================================================
[2022-04-11 01:39:11.937] E002 |   200/819 batches | lr 20.0000 | loss  4.713 | ppl    111.43
[2022-04-11 01:39:15.681] E002 |   400/819 batches | lr 20.0000 | loss  4.703 | ppl    110.28
[2022-04-11 01:39:19.415] E002 |   600/819 batches | lr 20.0000 | loss  4.576 | ppl     97.10
[2022-04-11 01:39:23.142] E002 |   800/819 batches | lr 20.0000 | loss  4.503 | ppl     90.31
[2022-04-11 01:39:23.492] E002 |   819/819 batches | lr 20.0000 | loss  4.473 | ppl     87.59
[2022-04-11 01:39:25.764] End E002 | valid loss  4.780; ppl    119.11 | accu 0.1934 = 24686/127660
[2022-04-11 01:39:28.675] End E002 |  test loss  6.404; ppl    604.03 | accu 0.0960 = 15654/163020 ../data/sample_500k/adolescent_valid.txt
[2022-04-11 01:39:44.312] End E002 |  test loss  6.835; ppl    929.52 | accu 0.0614 = 53346/868460 ../data/sample_500k/adult_test.txt
[2022-04-11 01:39:44.312] Save: model.pt... 
[2022-04-11 01:39:44.335] Save: model.pt...Done. best_val_loss: 4.7801
[2022-04-11 01:39:44.335] Epoch 003/40 ==================================================
[2022-04-11 01:39:48.118] E003 |   200/819 batches | lr 20.0000 | loss  4.410 | ppl     82.24
[2022-04-11 01:39:51.851] E003 |   400/819 batches | lr 20.0000 | loss  4.451 | ppl     85.75
[2022-04-11 01:39:55.836] E003 |   600/819 batches | lr 20.0000 | loss  4.364 | ppl     78.60
[2022-04-11 01:39:59.597] E003 |   800/819 batches | lr 20.0000 | loss  4.316 | ppl     74.87
[2022-04-11 01:39:59.959] E003 |   819/819 batches | lr 20.0000 | loss  4.298 | ppl     73.58
[2022-04-11 01:40:02.239] End E003 | valid loss  4.664; ppl    106.02 | accu 0.2018 = 25764/127660
[2022-04-11 01:40:05.151] End E003 |  test loss  6.286; ppl    536.81 | accu 0.1028 = 16766/163020 ../data/sample_500k/adolescent_valid.txt
[2022-04-11 01:40:20.445] End E003 |  test loss  6.691; ppl    804.95 | accu 0.0665 = 57773/868460 ../data/sample_500k/adult_test.txt
[2022-04-11 01:40:20.445] Save: model.pt... 
[2022-04-11 01:40:20.467] Save: model.pt...Done. best_val_loss: 4.6636
[2022-04-11 01:40:20.467] Epoch 004/40 ==================================================
[2022-04-11 01:40:24.182] E004 |   200/819 batches | lr 20.0000 | loss  4.235 | ppl     69.08
[2022-04-11 01:40:27.939] E004 |   400/819 batches | lr 20.0000 | loss  4.295 | ppl     73.33
[2022-04-11 01:40:31.658] E004 |   600/819 batches | lr 20.0000 | loss  4.229 | ppl     68.67
[2022-04-11 01:40:35.422] E004 |   800/819 batches | lr 20.0000 | loss  4.187 | ppl     65.84
[2022-04-11 01:40:35.780] E004 |   819/819 batches | lr 20.0000 | loss  4.161 | ppl     64.17
[2022-04-11 01:40:38.072] End E004 | valid loss  4.609; ppl    100.37 | accu 0.2067 = 26386/127660
[2022-04-11 01:40:41.063] End E004 |  test loss  6.326; ppl    559.16 | accu 0.1027 = 16744/163020 ../data/sample_500k/adolescent_valid.txt
[2022-04-11 01:40:57.059] End E004 |  test loss  6.683; ppl    799.07 | accu 0.0685 = 59502/868460 ../data/sample_500k/adult_test.txt
[2022-04-11 01:40:57.059] Save: model.pt... 
[2022-04-11 01:40:57.076] Save: model.pt...Done. best_val_loss: 4.6089
[2022-04-11 01:40:57.077] Epoch 005/40 ==================================================
[2022-04-11 01:41:00.827] E005 |   200/819 batches | lr 20.0000 | loss  4.119 | ppl     61.48
[2022-04-11 01:41:04.572] E005 |   400/819 batches | lr 20.0000 | loss  4.184 | ppl     65.60
[2022-04-11 01:41:08.306] E005 |   600/819 batches | lr 20.0000 | loss  4.127 | ppl     61.97
[2022-04-11 01:41:12.065] E005 |   800/819 batches | lr 20.0000 | loss  4.088 | ppl     59.61
[2022-04-11 01:41:12.418] E005 |   819/819 batches | lr 20.0000 | loss  4.074 | ppl     58.77
[2022-04-11 01:41:14.710] End E005 | valid loss  4.574; ppl     96.90 | accu 0.2119 = 27057/127660
[2022-04-11 01:41:17.599] End E005 |  test loss  6.316; ppl    553.44 | accu 0.1080 = 17601/163020 ../data/sample_500k/adolescent_valid.txt
[2022-04-11 01:41:33.338] End E005 |  test loss  6.702; ppl    813.79 | accu 0.0732 = 63607/868460 ../data/sample_500k/adult_test.txt
[2022-04-11 01:41:33.338] Save: model.pt... 
[2022-04-11 01:41:33.360] Save: model.pt...Done. best_val_loss: 4.5737
[2022-04-11 01:41:33.360] Epoch 006/40 ==================================================
[2022-04-11 01:41:37.131] E006 |   200/819 batches | lr 20.0000 | loss  4.027 | ppl     56.08
[2022-04-11 01:41:41.030] E006 |   400/819 batches | lr 20.0000 | loss  4.091 | ppl     59.80
[2022-04-11 01:41:45.387] E006 |   600/819 batches | lr 20.0000 | loss  4.045 | ppl     57.11
[2022-04-11 01:41:49.626] E006 |   800/819 batches | lr 20.0000 | loss  4.007 | ppl     55.01
[2022-04-11 01:41:49.980] E006 |   819/819 batches | lr 20.0000 | loss  3.975 | ppl     53.24
[2022-04-11 01:41:52.298] End E006 | valid loss  4.555; ppl     95.13 | accu 0.2143 = 27352/127660
[2022-04-11 01:41:55.207] End E006 |  test loss  6.307; ppl    548.47 | accu 0.1083 = 17648/163020 ../data/sample_500k/adolescent_valid.txt
[2022-04-11 01:42:10.814] End E006 |  test loss  6.685; ppl    800.30 | accu 0.0745 = 64728/868460 ../data/sample_500k/adult_test.txt
[2022-04-11 01:42:10.815] Save: model.pt... 
[2022-04-11 01:42:10.832] Save: model.pt...Done. best_val_loss: 4.5552
[2022-04-11 01:42:10.832] Epoch 007/40 ==================================================
[2022-04-11 01:42:14.589] E007 |   200/819 batches | lr 20.0000 | loss  3.953 | ppl     52.08
[2022-04-11 01:42:18.334] E007 |   400/819 batches | lr 20.0000 | loss  4.018 | ppl     55.58
[2022-04-11 01:42:22.026] E007 |   600/819 batches | lr 20.0000 | loss  3.979 | ppl     53.47
[2022-04-11 01:42:25.773] E007 |   800/819 batches | lr 20.0000 | loss  3.940 | ppl     51.40
[2022-04-11 01:42:26.127] E007 |   819/819 batches | lr 20.0000 | loss  3.921 | ppl     50.46
[2022-04-11 01:42:28.415] End E007 | valid loss  4.544; ppl     94.02 | accu 0.2187 = 27924/127660
[2022-04-11 01:42:31.309] End E007 |  test loss  6.298; ppl    543.70 | accu 0.1093 = 17814/163020 ../data/sample_500k/adolescent_valid.txt
[2022-04-11 01:42:46.772] End E007 |  test loss  6.664; ppl    784.04 | accu 0.0770 = 66841/868460 ../data/sample_500k/adult_test.txt
[2022-04-11 01:42:46.773] Save: model.pt... 
[2022-04-11 01:42:46.794] Save: model.pt...Done. best_val_loss: 4.5435
[2022-04-11 01:42:46.794] Epoch 008/40 ==================================================
[2022-04-11 01:42:50.580] E008 |   200/819 batches | lr 20.0000 | loss  3.890 | ppl     48.93
[2022-04-11 01:42:54.371] E008 |   400/819 batches | lr 20.0000 | loss  3.955 | ppl     52.21
[2022-04-11 01:42:58.109] E008 |   600/819 batches | lr 20.0000 | loss  3.923 | ppl     50.56
[2022-04-11 01:43:01.846] E008 |   800/819 batches | lr 20.0000 | loss  3.890 | ppl     48.92
[2022-04-11 01:43:02.211] E008 |   819/819 batches | lr 20.0000 | loss  3.861 | ppl     47.52
[2022-04-11 01:43:04.502] End E008 | valid loss  4.535; ppl     93.25 | accu 0.2191 = 27969/127660
[2022-04-11 01:43:07.478] End E008 |  test loss  6.397; ppl    600.21 | accu 0.1087 = 17728/163020 ../data/sample_500k/adolescent_valid.txt
[2022-04-11 01:43:23.304] End E008 |  test loss  6.717; ppl    826.75 | accu 0.0785 = 68141/868460 ../data/sample_500k/adult_test.txt
[2022-04-11 01:43:23.304] Save: model.pt... 
[2022-04-11 01:43:23.321] Save: model.pt...Done. best_val_loss: 4.5353
[2022-04-11 01:43:23.321] Epoch 009/40 ==================================================
[2022-04-11 01:43:27.053] E009 |   200/819 batches | lr 20.0000 | loss  3.830 | ppl     46.07
[2022-04-11 01:43:30.788] E009 |   400/819 batches | lr 20.0000 | loss  3.903 | ppl     49.53
[2022-04-11 01:43:34.513] E009 |   600/819 batches | lr 20.0000 | loss  3.878 | ppl     48.35
[2022-04-11 01:43:38.271] E009 |   800/819 batches | lr 20.0000 | loss  3.838 | ppl     46.41
[2022-04-11 01:43:38.626] E009 |   819/819 batches | lr 20.0000 | loss  3.807 | ppl     45.03
[2022-04-11 01:43:40.915] End E009 | valid loss  4.532; ppl     92.97 | accu 0.2204 = 28137/127660
[2022-04-11 01:43:43.813] End E009 |  test loss  6.390; ppl    595.83 | accu 0.1119 = 18240/163020 ../data/sample_500k/adolescent_valid.txt
[2022-04-11 01:43:59.421] End E009 |  test loss  6.703; ppl    814.93 | accu 0.0812 = 70540/868460 ../data/sample_500k/adult_test.txt
[2022-04-11 01:43:59.421] Save: model.pt... 
[2022-04-11 01:43:59.443] Save: model.pt...Done. best_val_loss: 4.5322
[2022-04-11 01:43:59.443] Epoch 010/40 ==================================================
[2022-04-11 01:44:03.195] E010 |   200/819 batches | lr 20.0000 | loss  3.789 | ppl     44.19
[2022-04-11 01:44:06.988] E010 |   400/819 batches | lr 20.0000 | loss  3.864 | ppl     47.65
[2022-04-11 01:44:10.764] E010 |   600/819 batches | lr 20.0000 | loss  3.834 | ppl     46.23
[2022-04-11 01:44:14.504] E010 |   800/819 batches | lr 20.0000 | loss  3.808 | ppl     45.07
[2022-04-11 01:44:14.861] E010 |   819/819 batches | lr 20.0000 | loss  3.769 | ppl     43.32
[2022-04-11 01:44:17.126] End E010 | valid loss  4.525; ppl     92.27 | accu 0.2247 = 28685/127660
[2022-04-11 01:44:20.003] End E010 |  test loss  6.421; ppl    614.39 | accu 0.1105 = 18009/163020 ../data/sample_500k/adolescent_valid.txt
[2022-04-11 01:44:35.365] End E010 |  test loss  6.768; ppl    869.19 | accu 0.0828 = 71882/868460 ../data/sample_500k/adult_test.txt
[2022-04-11 01:44:35.365] Save: model.pt... 
[2022-04-11 01:44:35.383] Save: model.pt...Done. best_val_loss: 4.5247
[2022-04-11 01:44:35.383] Epoch 011/40 ==================================================
[2022-04-11 01:44:39.121] E011 |   200/819 batches | lr 20.0000 | loss  3.755 | ppl     42.72
[2022-04-11 01:44:42.863] E011 |   400/819 batches | lr 20.0000 | loss  3.829 | ppl     46.02
[2022-04-11 01:44:46.620] E011 |   600/819 batches | lr 20.0000 | loss  3.802 | ppl     44.78
[2022-04-11 01:44:50.345] E011 |   800/819 batches | lr 20.0000 | loss  3.772 | ppl     43.47
[2022-04-11 01:44:50.701] E011 |   819/819 batches | lr 20.0000 | loss  3.741 | ppl     42.15
[2022-04-11 01:44:52.975] End E011 | valid loss  4.517; ppl     91.56 | accu 0.2258 = 28831/127660
[2022-04-11 01:44:55.925] End E011 |  test loss  6.414; ppl    610.07 | accu 0.1135 = 18509/163020 ../data/sample_500k/adolescent_valid.txt
[2022-04-11 01:45:11.793] End E011 |  test loss  6.725; ppl    832.58 | accu 0.0837 = 72721/868460 ../data/sample_500k/adult_test.txt
[2022-04-11 01:45:11.793] Save: model.pt... 
[2022-04-11 01:45:11.815] Save: model.pt...Done. best_val_loss: 4.5170
[2022-04-11 01:45:11.815] Epoch 012/40 ==================================================
[2022-04-11 01:45:15.595] E012 |   200/819 batches | lr 20.0000 | loss  3.718 | ppl     41.18
[2022-04-11 01:45:19.404] E012 |   400/819 batches | lr 20.0000 | loss  3.794 | ppl     44.44
[2022-04-11 01:45:23.176] E012 |   600/819 batches | lr 20.0000 | loss  3.774 | ppl     43.54
[2022-04-11 01:45:26.948] E012 |   800/819 batches | lr 20.0000 | loss  3.744 | ppl     42.28
[2022-04-11 01:45:27.307] E012 |   819/819 batches | lr 20.0000 | loss  3.704 | ppl     40.60
[2022-04-11 01:45:29.579] End E012 | valid loss  4.534; ppl     93.09 | accu 0.2247 = 28691/127660
[2022-04-11 01:45:32.491] End E012 |  test loss  6.401; ppl    602.63 | accu 0.1132 = 18449/163020 ../data/sample_500k/adolescent_valid.txt
[2022-04-11 01:45:48.082] End E012 |  test loss  6.720; ppl    829.00 | accu 0.0855 = 74221/868460 ../data/sample_500k/adult_test.txt
[2022-04-11 01:45:48.082] Epoch 013/40 ==================================================
[2022-04-11 01:45:51.865] E013 |   200/819 batches | lr 10.0000 | loss  3.662 | ppl     38.93
[2022-04-11 01:45:55.617] E013 |   400/819 batches | lr 10.0000 | loss  3.683 | ppl     39.78
[2022-04-11 01:45:59.379] E013 |   600/819 batches | lr 10.0000 | loss  3.629 | ppl     37.66
[2022-04-11 01:46:03.138] E013 |   800/819 batches | lr 10.0000 | loss  3.570 | ppl     35.52
[2022-04-11 01:46:03.495] E013 |   819/819 batches | lr 10.0000 | loss  3.526 | ppl     33.98
[2022-04-11 01:46:05.778] End E013 | valid loss  4.474; ppl     87.68 | accu 0.2347 = 29959/127660
[2022-04-11 01:46:08.669] End E013 |  test loss  6.410; ppl    608.14 | accu 0.1208 = 19698/163020 ../data/sample_500k/adolescent_valid.txt
[2022-04-11 01:46:24.082] End E013 |  test loss  6.717; ppl    825.99 | accu 0.0900 = 78200/868460 ../data/sample_500k/adult_test.txt
[2022-04-11 01:46:24.082] Save: model.pt... 
[2022-04-11 01:46:24.103] Save: model.pt...Done. best_val_loss: 4.4737
[2022-04-11 01:46:24.104] Epoch 014/40 ==================================================
[2022-04-11 01:46:27.853] E014 |   200/819 batches | lr 10.0000 | loss  3.568 | ppl     35.43
[2022-04-11 01:46:31.680] E014 |   400/819 batches | lr 10.0000 | loss  3.627 | ppl     37.60
[2022-04-11 01:46:35.411] E014 |   600/819 batches | lr 10.0000 | loss  3.599 | ppl     36.55
[2022-04-11 01:46:39.162] E014 |   800/819 batches | lr 10.0000 | loss  3.543 | ppl     34.58
[2022-04-11 01:46:39.516] E014 |   819/819 batches | lr 10.0000 | loss  3.496 | ppl     32.98
[2022-04-11 01:46:41.789] End E014 | valid loss  4.481; ppl     88.29 | accu 0.2361 = 30141/127660
[2022-04-11 01:46:44.782] End E014 |  test loss  6.388; ppl    594.83 | accu 0.1223 = 19940/163020 ../data/sample_500k/adolescent_valid.txt
[2022-04-11 01:47:00.705] End E014 |  test loss  6.729; ppl    836.43 | accu 0.0909 = 78928/868460 ../data/sample_500k/adult_test.txt
[2022-04-11 01:47:00.706] Epoch 015/40 ==================================================
[2022-04-11 01:47:04.487] E015 |   200/819 batches | lr 5.0000 | loss  3.529 | ppl     34.09
[2022-04-11 01:47:08.243] E015 |   400/819 batches | lr 5.0000 | loss  3.568 | ppl     35.45
[2022-04-11 01:47:11.992] E015 |   600/819 batches | lr 5.0000 | loss  3.512 | ppl     33.51
[2022-04-11 01:47:16.068] E015 |   800/819 batches | lr 5.0000 | loss  3.446 | ppl     31.36
[2022-04-11 01:47:16.468] E015 |   819/819 batches | lr 5.0000 | loss  3.407 | ppl     30.18
[2022-04-11 01:47:18.757] End E015 | valid loss  4.460; ppl     86.49 | accu 0.2389 = 30493/127660
[2022-04-11 01:47:21.687] End E015 |  test loss  6.377; ppl    588.04 | accu 0.1255 = 20455/163020 ../data/sample_500k/adolescent_valid.txt
[2022-04-11 01:47:37.570] End E015 |  test loss  6.722; ppl    830.26 | accu 0.0927 = 80483/868460 ../data/sample_500k/adult_test.txt
[2022-04-11 01:47:37.570] Save: model.pt... 
[2022-04-11 01:47:37.592] Save: model.pt...Done. best_val_loss: 4.4600
[2022-04-11 01:47:37.592] Epoch 016/40 ==================================================
[2022-04-11 01:47:41.450] E016 |   200/819 batches | lr 5.0000 | loss  3.481 | ppl     32.50
[2022-04-11 01:47:45.185] E016 |   400/819 batches | lr 5.0000 | loss  3.530 | ppl     34.13
[2022-04-11 01:47:48.958] E016 |   600/819 batches | lr 5.0000 | loss  3.488 | ppl     32.71
[2022-04-11 01:47:52.707] E016 |   800/819 batches | lr 5.0000 | loss  3.434 | ppl     30.99
[2022-04-11 01:47:53.061] E016 |   819/819 batches | lr 5.0000 | loss  3.388 | ppl     29.62
[2022-04-11 01:47:55.351] End E016 | valid loss  4.458; ppl     86.28 | accu 0.2390 = 30512/127660
[2022-04-11 01:47:58.228] End E016 |  test loss  6.369; ppl    583.48 | accu 0.1253 = 20431/163020 ../data/sample_500k/adolescent_valid.txt
[2022-04-11 01:48:13.707] End E016 |  test loss  6.723; ppl    831.64 | accu 0.0927 = 80529/868460 ../data/sample_500k/adult_test.txt
[2022-04-11 01:48:13.707] Save: model.pt... 
[2022-04-11 01:48:13.728] Save: model.pt...Done. best_val_loss: 4.4576
[2022-04-11 01:48:13.729] Epoch 017/40 ==================================================
[2022-04-11 01:48:17.500] E017 |   200/819 batches | lr 5.0000 | loss  3.455 | ppl     31.65
[2022-04-11 01:48:21.304] E017 |   400/819 batches | lr 5.0000 | loss  3.511 | ppl     33.49
[2022-04-11 01:48:25.051] E017 |   600/819 batches | lr 5.0000 | loss  3.470 | ppl     32.13
[2022-04-11 01:48:28.788] E017 |   800/819 batches | lr 5.0000 | loss  3.421 | ppl     30.61
[2022-04-11 01:48:29.142] E017 |   819/819 batches | lr 5.0000 | loss  3.391 | ppl     29.70
[2022-04-11 01:48:31.406] End E017 | valid loss  4.456; ppl     86.12 | accu 0.2398 = 30611/127660
[2022-04-11 01:48:34.373] End E017 |  test loss  6.367; ppl    582.33 | accu 0.1252 = 20406/163020 ../data/sample_500k/adolescent_valid.txt
[2022-04-11 01:48:52.435] End E017 |  test loss  6.726; ppl    833.86 | accu 0.0933 = 81038/868460 ../data/sample_500k/adult_test.txt
[2022-04-11 01:48:52.436] Save: model.pt... 
[2022-04-11 01:48:52.453] Save: model.pt...Done. best_val_loss: 4.4557
[2022-04-11 01:48:52.453] Epoch 018/40 ==================================================
[2022-04-11 01:48:57.067] E018 |   200/819 batches | lr 5.0000 | loss  3.431 | ppl     30.90
[2022-04-11 01:49:01.558] E018 |   400/819 batches | lr 5.0000 | loss  3.487 | ppl     32.70
[2022-04-11 01:49:05.461] E018 |   600/819 batches | lr 5.0000 | loss  3.458 | ppl     31.76
[2022-04-11 01:49:09.247] E018 |   800/819 batches | lr 5.0000 | loss  3.419 | ppl     30.55
[2022-04-11 01:49:09.602] E018 |   819/819 batches | lr 5.0000 | loss  3.375 | ppl     29.23
[2022-04-11 01:49:11.902] End E018 | valid loss  4.457; ppl     86.20 | accu 0.2396 = 30593/127660
[2022-04-11 01:49:14.786] End E018 |  test loss  6.381; ppl    590.66 | accu 0.1255 = 20463/163020 ../data/sample_500k/adolescent_valid.txt
[2022-04-11 01:49:30.584] End E018 |  test loss  6.739; ppl    844.48 | accu 0.0939 = 81580/868460 ../data/sample_500k/adult_test.txt
[2022-04-11 01:49:30.584] Epoch 019/40 ==================================================
[2022-04-11 01:49:34.396] E019 |   200/819 batches | lr 2.5000 | loss  3.415 | ppl     30.40
[2022-04-11 01:49:38.212] E019 |   400/819 batches | lr 2.5000 | loss  3.466 | ppl     31.99
[2022-04-11 01:49:41.996] E019 |   600/819 batches | lr 2.5000 | loss  3.421 | ppl     30.61
[2022-04-11 01:49:45.781] E019 |   800/819 batches | lr 2.5000 | loss  3.360 | ppl     28.79
[2022-04-11 01:49:46.135] E019 |   819/819 batches | lr 2.5000 | loss  3.321 | ppl     27.69
[2022-04-11 01:49:48.424] End E019 | valid loss  4.447; ppl     85.39 | accu 0.2415 = 30833/127660
[2022-04-11 01:49:51.299] End E019 |  test loss  6.383; ppl    591.96 | accu 0.1263 = 20583/163020 ../data/sample_500k/adolescent_valid.txt
[2022-04-11 01:50:06.665] End E019 |  test loss  6.741; ppl    846.67 | accu 0.0942 = 81806/868460 ../data/sample_500k/adult_test.txt
[2022-04-11 01:50:06.665] Save: model.pt... 
[2022-04-11 01:50:06.687] Save: model.pt...Done. best_val_loss: 4.4472
[2022-04-11 01:50:06.687] Epoch 020/40 ==================================================
[2022-04-11 01:50:10.497] E020 |   200/819 batches | lr 2.5000 | loss  3.391 | ppl     29.69
[2022-04-11 01:50:14.301] E020 |   400/819 batches | lr 2.5000 | loss  3.449 | ppl     31.48
[2022-04-11 01:50:18.064] E020 |   600/819 batches | lr 2.5000 | loss  3.403 | ppl     30.06
[2022-04-11 01:50:21.838] E020 |   800/819 batches | lr 2.5000 | loss  3.358 | ppl     28.72
[2022-04-11 01:50:22.195] E020 |   819/819 batches | lr 2.5000 | loss  3.299 | ppl     27.09
[2022-04-11 01:50:24.484] End E020 | valid loss  4.450; ppl     85.59 | accu 0.2412 = 30789/127660
[2022-04-11 01:50:27.360] End E020 |  test loss  6.387; ppl    593.87 | accu 0.1263 = 20585/163020 ../data/sample_500k/adolescent_valid.txt
[2022-04-11 01:50:42.767] End E020 |  test loss  6.737; ppl    843.05 | accu 0.0945 = 82069/868460 ../data/sample_500k/adult_test.txt
[2022-04-11 01:50:42.768] Epoch 021/40 ==================================================
[2022-04-11 01:50:46.530] E021 |   200/819 batches | lr 1.2500 | loss  3.399 | ppl     29.94
[2022-04-11 01:50:50.273] E021 |   400/819 batches | lr 1.2500 | loss  3.447 | ppl     31.40
[2022-04-11 01:50:54.050] E021 |   600/819 batches | lr 1.2500 | loss  3.396 | ppl     29.85
[2022-04-11 01:50:57.817] E021 |   800/819 batches | lr 1.2500 | loss  3.326 | ppl     27.84
[2022-04-11 01:50:58.172] E021 |   819/819 batches | lr 1.2500 | loss  3.291 | ppl     26.87
[2022-04-11 01:51:00.471] End E021 | valid loss  4.447; ppl     85.37 | accu 0.2425 = 30952/127660
[2022-04-11 01:51:03.444] End E021 |  test loss  6.394; ppl    598.51 | accu 0.1270 = 20711/163020 ../data/sample_500k/adolescent_valid.txt
[2022-04-11 01:51:19.388] End E021 |  test loss  6.754; ppl    857.56 | accu 0.0943 = 81917/868460 ../data/sample_500k/adult_test.txt
[2022-04-11 01:51:19.388] Save: model.pt... 
[2022-04-11 01:51:19.411] Save: model.pt...Done. best_val_loss: 4.4469
[2022-04-11 01:51:19.411] Epoch 022/40 ==================================================
[2022-04-11 01:51:23.185] E022 |   200/819 batches | lr 1.2500 | loss  3.375 | ppl     29.24
[2022-04-11 01:51:26.951] E022 |   400/819 batches | lr 1.2500 | loss  3.421 | ppl     30.61
[2022-04-11 01:51:30.717] E022 |   600/819 batches | lr 1.2500 | loss  3.379 | ppl     29.35
[2022-04-11 01:51:34.459] E022 |   800/819 batches | lr 1.2500 | loss  3.326 | ppl     27.82
[2022-04-11 01:51:34.810] E022 |   819/819 batches | lr 1.2500 | loss  3.286 | ppl     26.75
[2022-04-11 01:51:37.092] End E022 | valid loss  4.447; ppl     85.34 | accu 0.2426 = 30967/127660
[2022-04-11 01:51:39.990] End E022 |  test loss  6.405; ppl    604.82 | accu 0.1267 = 20656/163020 ../data/sample_500k/adolescent_valid.txt
[2022-04-11 01:51:55.702] End E022 |  test loss  6.752; ppl    855.74 | accu 0.0947 = 82239/868460 ../data/sample_500k/adult_test.txt
[2022-04-11 01:51:55.702] Save: model.pt... 
[2022-04-11 01:51:55.720] Save: model.pt...Done. best_val_loss: 4.4466
[2022-04-11 01:51:55.720] Epoch 023/40 ==================================================
[2022-04-11 01:51:59.475] E023 |   200/819 batches | lr 1.2500 | loss  3.366 | ppl     28.95
[2022-04-11 01:52:03.280] E023 |   400/819 batches | lr 1.2500 | loss  3.417 | ppl     30.46
[2022-04-11 01:52:07.039] E023 |   600/819 batches | lr 1.2500 | loss  3.376 | ppl     29.25
[2022-04-11 01:52:10.794] E023 |   800/819 batches | lr 1.2500 | loss  3.322 | ppl     27.72
[2022-04-11 01:52:11.152] E023 |   819/819 batches | lr 1.2500 | loss  3.281 | ppl     26.60
[2022-04-11 01:52:13.447] End E023 | valid loss  4.449; ppl     85.50 | accu 0.2423 = 30928/127660
[2022-04-11 01:52:16.353] End E023 |  test loss  6.399; ppl    600.95 | accu 0.1274 = 20772/163020 ../data/sample_500k/adolescent_valid.txt
[2022-04-11 01:52:31.775] End E023 |  test loss  6.758; ppl    861.04 | accu 0.0947 = 82223/868460 ../data/sample_500k/adult_test.txt
[2022-04-11 01:52:31.775] Epoch 024/40 ==================================================
[2022-04-11 01:52:35.569] E024 |   200/819 batches | lr 0.6250 | loss  3.362 | ppl     28.86
[2022-04-11 01:52:39.351] E024 |   400/819 batches | lr 0.6250 | loss  3.420 | ppl     30.58
[2022-04-11 01:52:43.136] E024 |   600/819 batches | lr 0.6250 | loss  3.370 | ppl     29.09
[2022-04-11 01:52:46.893] E024 |   800/819 batches | lr 0.6250 | loss  3.310 | ppl     27.39
[2022-04-11 01:52:47.264] E024 |   819/819 batches | lr 0.6250 | loss  3.280 | ppl     26.57
[2022-04-11 01:52:49.517] End E024 | valid loss  4.444; ppl     85.12 | accu 0.2428 = 30990/127660
[2022-04-11 01:52:52.469] End E024 |  test loss  6.411; ppl    608.35 | accu 0.1276 = 20807/163020 ../data/sample_500k/adolescent_valid.txt
[2022-04-11 01:53:08.724] End E024 |  test loss  6.764; ppl    865.86 | accu 0.0950 = 82531/868460 ../data/sample_500k/adult_test.txt
[2022-04-11 01:53:08.724] Save: model.pt... 
[2022-04-11 01:53:08.745] Save: model.pt...Done. best_val_loss: 4.4441
[2022-04-11 01:53:08.746] Epoch 025/40 ==================================================
[2022-04-11 01:53:12.547] E025 |   200/819 batches | lr 0.6250 | loss  3.361 | ppl     28.80
[2022-04-11 01:53:16.327] E025 |   400/819 batches | lr 0.6250 | loss  3.416 | ppl     30.44
[2022-04-11 01:53:20.095] E025 |   600/819 batches | lr 0.6250 | loss  3.365 | ppl     28.94
[2022-04-11 01:53:23.818] E025 |   800/819 batches | lr 0.6250 | loss  3.309 | ppl     27.37
[2022-04-11 01:53:24.187] E025 |   819/819 batches | lr 0.6250 | loss  3.280 | ppl     26.57
[2022-04-11 01:53:26.430] End E025 | valid loss  4.445; ppl     85.22 | accu 0.2431 = 31039/127660
[2022-04-11 01:53:29.297] End E025 |  test loss  6.410; ppl    607.77 | accu 0.1276 = 20808/163020 ../data/sample_500k/adolescent_valid.txt
[2022-04-11 01:53:44.899] End E025 |  test loss  6.764; ppl    865.74 | accu 0.0950 = 82481/868460 ../data/sample_500k/adult_test.txt
[2022-04-11 01:53:44.900] Epoch 026/40 ==================================================
[2022-04-11 01:53:48.718] E026 |   200/819 batches | lr 0.3125 | loss  3.356 | ppl     28.68
[2022-04-11 01:53:52.491] E026 |   400/819 batches | lr 0.3125 | loss  3.402 | ppl     30.03
[2022-04-11 01:53:56.459] E026 |   600/819 batches | lr 0.3125 | loss  3.356 | ppl     28.69
[2022-04-11 01:54:00.293] E026 |   800/819 batches | lr 0.3125 | loss  3.301 | ppl     27.13
[2022-04-11 01:54:00.654] E026 |   819/819 batches | lr 0.3125 | loss  3.264 | ppl     26.16
[2022-04-11 01:54:02.957] End E026 | valid loss  4.444; ppl     85.10 | accu 0.2435 = 31079/127660
[2022-04-11 01:54:05.869] End E026 |  test loss  6.414; ppl    610.07 | accu 0.1279 = 20852/163020 ../data/sample_500k/adolescent_valid.txt
[2022-04-11 01:54:21.355] End E026 |  test loss  6.764; ppl    866.01 | accu 0.0951 = 82572/868460 ../data/sample_500k/adult_test.txt
[2022-04-11 01:54:21.356] Save: model.pt... 
[2022-04-11 01:54:21.377] Save: model.pt...Done. best_val_loss: 4.4439
[2022-04-11 01:54:21.377] Epoch 027/40 ==================================================
[2022-04-11 01:54:25.278] E027 |   200/819 batches | lr 0.3125 | loss  3.354 | ppl     28.61
[2022-04-11 01:54:29.268] E027 |   400/819 batches | lr 0.3125 | loss  3.403 | ppl     30.06
[2022-04-11 01:54:33.047] E027 |   600/819 batches | lr 0.3125 | loss  3.362 | ppl     28.84
[2022-04-11 01:54:36.840] E027 |   800/819 batches | lr 0.3125 | loss  3.299 | ppl     27.08
[2022-04-11 01:54:37.199] E027 |   819/819 batches | lr 0.3125 | loss  3.265 | ppl     26.18
[2022-04-11 01:54:39.502] End E027 | valid loss  4.444; ppl     85.11 | accu 0.2435 = 31088/127660
[2022-04-11 01:54:42.439] End E027 |  test loss  6.413; ppl    609.56 | accu 0.1280 = 20868/163020 ../data/sample_500k/adolescent_valid.txt
[2022-04-11 01:54:57.886] End E027 |  test loss  6.762; ppl    864.76 | accu 0.0952 = 82635/868460 ../data/sample_500k/adult_test.txt
[2022-04-11 01:54:57.886] Epoch 028/40 ==================================================
[2022-04-11 01:55:01.951] E028 |   200/819 batches | lr 0.1562 | loss  3.356 | ppl     28.67
[2022-04-11 01:55:06.374] E028 |   400/819 batches | lr 0.1562 | loss  3.396 | ppl     29.84
[2022-04-11 01:55:10.812] E028 |   600/819 batches | lr 0.1562 | loss  3.353 | ppl     28.60
[2022-04-11 01:55:15.249] E028 |   800/819 batches | lr 0.1562 | loss  3.294 | ppl     26.95
[2022-04-11 01:55:15.625] E028 |   819/819 batches | lr 0.1562 | loss  3.256 | ppl     25.94
[2022-04-11 01:55:17.894] End E028 | valid loss  4.443; ppl     85.04 | accu 0.2438 = 31128/127660
[2022-04-11 01:55:20.852] End E028 |  test loss  6.407; ppl    606.10 | accu 0.1281 = 20889/163020 ../data/sample_500k/adolescent_valid.txt
[2022-04-11 01:55:36.731] End E028 |  test loss  6.761; ppl    863.66 | accu 0.0952 = 82680/868460 ../data/sample_500k/adult_test.txt
[2022-04-11 01:55:36.731] Save: model.pt... 
[2022-04-11 01:55:36.753] Save: model.pt...Done. best_val_loss: 4.4431
[2022-04-11 01:55:36.753] Epoch 029/40 ==================================================
[2022-04-11 01:55:40.535] E029 |   200/819 batches | lr 0.1562 | loss  3.346 | ppl     28.38
[2022-04-11 01:55:44.962] E029 |   400/819 batches | lr 0.1562 | loss  3.398 | ppl     29.90
[2022-04-11 01:55:48.928] E029 |   600/819 batches | lr 0.1562 | loss  3.353 | ppl     28.58
[2022-04-11 01:55:52.703] E029 |   800/819 batches | lr 0.1562 | loss  3.294 | ppl     26.94
[2022-04-11 01:55:53.060] E029 |   819/819 batches | lr 0.1562 | loss  3.252 | ppl     25.85
[2022-04-11 01:55:55.371] End E029 | valid loss  4.443; ppl     85.03 | accu 0.2439 = 31138/127660
[2022-04-11 01:55:58.296] End E029 |  test loss  6.408; ppl    606.96 | accu 0.1281 = 20891/163020 ../data/sample_500k/adolescent_valid.txt
[2022-04-11 01:56:14.128] End E029 |  test loss  6.763; ppl    865.00 | accu 0.0952 = 82658/868460 ../data/sample_500k/adult_test.txt
[2022-04-11 01:56:14.128] Save: model.pt... 
[2022-04-11 01:56:14.146] Save: model.pt...Done. best_val_loss: 4.4430
[2022-04-11 01:56:14.146] Epoch 030/40 ==================================================
[2022-04-11 01:56:17.958] E030 |   200/819 batches | lr 0.1562 | loss  3.341 | ppl     28.25
[2022-04-11 01:56:21.734] E030 |   400/819 batches | lr 0.1562 | loss  3.394 | ppl     29.77
[2022-04-11 01:56:25.525] E030 |   600/819 batches | lr 0.1562 | loss  3.356 | ppl     28.67
[2022-04-11 01:56:29.316] E030 |   800/819 batches | lr 0.1562 | loss  3.294 | ppl     26.95
[2022-04-11 01:56:29.686] E030 |   819/819 batches | lr 0.1562 | loss  3.248 | ppl     25.74
[2022-04-11 01:56:31.969] End E030 | valid loss  4.443; ppl     85.04 | accu 0.2437 = 31116/127660
[2022-04-11 01:56:34.904] End E030 |  test loss  6.409; ppl    607.29 | accu 0.1281 = 20885/163020 ../data/sample_500k/adolescent_valid.txt
[2022-04-11 01:56:50.448] End E030 |  test loss  6.762; ppl    864.43 | accu 0.0952 = 82643/868460 ../data/sample_500k/adult_test.txt
[2022-04-11 01:56:50.448] Epoch 031/40 ==================================================
[2022-04-11 01:56:54.251] E031 |   200/819 batches | lr 0.0781 | loss  3.343 | ppl     28.31
[2022-04-11 01:56:58.061] E031 |   400/819 batches | lr 0.0781 | loss  3.398 | ppl     29.89
[2022-04-11 01:57:01.837] E031 |   600/819 batches | lr 0.0781 | loss  3.352 | ppl     28.57
[2022-04-11 01:57:05.613] E031 |   800/819 batches | lr 0.0781 | loss  3.292 | ppl     26.91
[2022-04-11 01:57:05.968] E031 |   819/819 batches | lr 0.0781 | loss  3.253 | ppl     25.87
[2022-04-11 01:57:08.273] End E031 | valid loss  4.443; ppl     85.01 | accu 0.2439 = 31135/127660
[2022-04-11 01:57:11.180] End E031 |  test loss  6.409; ppl    607.23 | accu 0.1282 = 20905/163020 ../data/sample_500k/adolescent_valid.txt
[2022-04-11 01:57:26.605] End E031 |  test loss  6.762; ppl    864.19 | accu 0.0952 = 82662/868460 ../data/sample_500k/adult_test.txt
[2022-04-11 01:57:26.605] Save: model.pt... 
[2022-04-11 01:57:26.626] Save: model.pt...Done. best_val_loss: 4.4428
[2022-04-11 01:57:26.627] Epoch 032/40 ==================================================
[2022-04-11 01:57:31.005] E032 |   200/819 batches | lr 0.0781 | loss  3.341 | ppl     28.24
[2022-04-11 01:57:34.938] E032 |   400/819 batches | lr 0.0781 | loss  3.406 | ppl     30.14
[2022-04-11 01:57:38.682] E032 |   600/819 batches | lr 0.0781 | loss  3.354 | ppl     28.61
[2022-04-11 01:57:42.427] E032 |   800/819 batches | lr 0.0781 | loss  3.294 | ppl     26.95
[2022-04-11 01:57:42.802] E032 |   819/819 batches | lr 0.0781 | loss  3.262 | ppl     26.10
[2022-04-11 01:57:45.103] End E032 | valid loss  4.443; ppl     85.04 | accu 0.2438 = 31127/127660
[2022-04-11 01:57:48.112] End E032 |  test loss  6.411; ppl    608.22 | accu 0.1282 = 20900/163020 ../data/sample_500k/adolescent_valid.txt
[2022-04-11 01:58:04.175] End E032 |  test loss  6.764; ppl    865.79 | accu 0.0952 = 82699/868460 ../data/sample_500k/adult_test.txt
[2022-04-11 01:58:04.176] Epoch 033/40 ==================================================
[2022-04-11 01:58:07.982] E033 |   200/819 batches | lr 0.0391 | loss  3.341 | ppl     28.24
[2022-04-11 01:58:11.748] E033 |   400/819 batches | lr 0.0391 | loss  3.397 | ppl     29.89
[2022-04-11 01:58:15.552] E033 |   600/819 batches | lr 0.0391 | loss  3.349 | ppl     28.49
[2022-04-11 01:58:19.330] E033 |   800/819 batches | lr 0.0391 | loss  3.292 | ppl     26.91
[2022-04-11 01:58:19.690] E033 |   819/819 batches | lr 0.0391 | loss  3.254 | ppl     25.88
[2022-04-11 01:58:21.971] End E033 | valid loss  4.443; ppl     85.02 | accu 0.2440 = 31144/127660
[2022-04-11 01:58:24.837] End E033 |  test loss  6.410; ppl    607.67 | accu 0.1283 = 20922/163020 ../data/sample_500k/adolescent_valid.txt
[2022-04-11 01:58:40.631] End E033 |  test loss  6.762; ppl    864.69 | accu 0.0952 = 82712/868460 ../data/sample_500k/adult_test.txt
[2022-04-11 01:58:40.631] Epoch 034/40 ==================================================
[2022-04-11 01:58:44.410] E034 |   200/819 batches | lr 0.0195 | loss  3.348 | ppl     28.44
[2022-04-11 01:58:48.187] E034 |   400/819 batches | lr 0.0195 | loss  3.391 | ppl     29.69
[2022-04-11 01:58:51.960] E034 |   600/819 batches | lr 0.0195 | loss  3.346 | ppl     28.40
[2022-04-11 01:58:55.743] E034 |   800/819 batches | lr 0.0195 | loss  3.294 | ppl     26.94
[2022-04-11 01:58:56.099] E034 |   819/819 batches | lr 0.0195 | loss  3.263 | ppl     26.12
[2022-04-11 01:58:58.414] End E034 | valid loss  4.443; ppl     85.02 | accu 0.2439 = 31141/127660
[2022-04-11 01:59:01.388] End E034 |  test loss  6.409; ppl    607.51 | accu 0.1283 = 20913/163020 ../data/sample_500k/adolescent_valid.txt
[2022-04-11 01:59:16.849] End E034 |  test loss  6.762; ppl    864.24 | accu 0.0953 = 82729/868460 ../data/sample_500k/adult_test.txt
[2022-04-11 01:59:16.849] Epoch 035/40 ==================================================
[2022-04-11 01:59:21.273] E035 |   200/819 batches | lr 0.0098 | loss  3.352 | ppl     28.55
[2022-04-11 01:59:25.297] E035 |   400/819 batches | lr 0.0098 | loss  3.395 | ppl     29.80
[2022-04-11 01:59:29.084] E035 |   600/819 batches | lr 0.0098 | loss  3.347 | ppl     28.42
[2022-04-11 01:59:32.846] E035 |   800/819 batches | lr 0.0098 | loss  3.291 | ppl     26.86
[2022-04-11 01:59:33.218] E035 |   819/819 batches | lr 0.0098 | loss  3.248 | ppl     25.75
[2022-04-11 01:59:35.482] End E035 | valid loss  4.443; ppl     85.01 | accu 0.2439 = 31137/127660
[2022-04-11 01:59:38.485] End E035 |  test loss  6.409; ppl    607.44 | accu 0.1282 = 20904/163020 ../data/sample_500k/adolescent_valid.txt
[2022-04-11 01:59:54.421] End E035 |  test loss  6.762; ppl    864.17 | accu 0.0953 = 82733/868460 ../data/sample_500k/adult_test.txt
[2022-04-11 01:59:54.421] Save: model.pt... 
[2022-04-11 01:59:54.442] Save: model.pt...Done. best_val_loss: 4.4428
[2022-04-11 01:59:54.443] Epoch 036/40 ==================================================
[2022-04-11 01:59:58.280] E036 |   200/819 batches | lr 0.0098 | loss  3.342 | ppl     28.27
[2022-04-11 02:00:02.069] E036 |   400/819 batches | lr 0.0098 | loss  3.396 | ppl     29.85
[2022-04-11 02:00:05.823] E036 |   600/819 batches | lr 0.0098 | loss  3.347 | ppl     28.42
[2022-04-11 02:00:09.574] E036 |   800/819 batches | lr 0.0098 | loss  3.295 | ppl     26.97
[2022-04-11 02:00:09.929] E036 |   819/819 batches | lr 0.0098 | loss  3.257 | ppl     25.97
[2022-04-11 02:00:12.201] End E036 | valid loss  4.443; ppl     85.01 | accu 0.2439 = 31139/127660
[2022-04-11 02:00:15.077] End E036 |  test loss  6.409; ppl    607.39 | accu 0.1282 = 20907/163020 ../data/sample_500k/adolescent_valid.txt
[2022-04-11 02:00:30.816] End E036 |  test loss  6.762; ppl    864.00 | accu 0.0953 = 82749/868460 ../data/sample_500k/adult_test.txt
[2022-04-11 02:00:30.816] Save: model.pt... 
[2022-04-11 02:00:30.834] Save: model.pt...Done. best_val_loss: 4.4428
[2022-04-11 02:00:30.834] Epoch 037/40 ==================================================
[2022-04-11 02:00:34.613] E037 |   200/819 batches | lr 0.0098 | loss  3.346 | ppl     28.39
[2022-04-11 02:00:38.373] E037 |   400/819 batches | lr 0.0098 | loss  3.392 | ppl     29.72
[2022-04-11 02:00:42.137] E037 |   600/819 batches | lr 0.0098 | loss  3.348 | ppl     28.46
[2022-04-11 02:00:45.902] E037 |   800/819 batches | lr 0.0098 | loss  3.291 | ppl     26.86
[2022-04-11 02:00:46.283] E037 |   819/819 batches | lr 0.0098 | loss  3.255 | ppl     25.92
[2022-04-11 02:00:48.578] End E037 | valid loss  4.443; ppl     85.00 | accu 0.2440 = 31147/127660
[2022-04-11 02:00:51.497] End E037 |  test loss  6.409; ppl    607.25 | accu 0.1283 = 20910/163020 ../data/sample_500k/adolescent_valid.txt
[2022-04-11 02:01:06.892] End E037 |  test loss  6.761; ppl    863.80 | accu 0.0953 = 82772/868460 ../data/sample_500k/adult_test.txt
[2022-04-11 02:01:06.892] Save: model.pt... 
[2022-04-11 02:01:06.914] Save: model.pt...Done. best_val_loss: 4.4427
[2022-04-11 02:01:06.914] Epoch 038/40 ==================================================
[2022-04-11 02:01:10.687] E038 |   200/819 batches | lr 0.0098 | loss  3.337 | ppl     28.14
[2022-04-11 02:01:14.453] E038 |   400/819 batches | lr 0.0098 | loss  3.394 | ppl     29.80
[2022-04-11 02:01:18.221] E038 |   600/819 batches | lr 0.0098 | loss  3.349 | ppl     28.47
[2022-04-11 02:01:22.045] E038 |   800/819 batches | lr 0.0098 | loss  3.286 | ppl     26.74
[2022-04-11 02:01:22.403] E038 |   819/819 batches | lr 0.0098 | loss  3.238 | ppl     25.48
[2022-04-11 02:01:24.682] End E038 | valid loss  4.443; ppl     85.01 | accu 0.2439 = 31142/127660
[2022-04-11 02:01:27.646] End E038 |  test loss  6.409; ppl    607.29 | accu 0.1283 = 20915/163020 ../data/sample_500k/adolescent_valid.txt
[2022-04-11 02:01:43.538] End E038 |  test loss  6.761; ppl    863.72 | accu 0.0953 = 82766/868460 ../data/sample_500k/adult_test.txt
[2022-04-11 02:01:43.538] Epoch 039/40 ==================================================
[2022-04-11 02:01:47.302] E039 |   200/819 batches | lr 0.0049 | loss  3.346 | ppl     28.39
[2022-04-11 02:01:51.058] E039 |   400/819 batches | lr 0.0049 | loss  3.403 | ppl     30.05
[2022-04-11 02:01:55.510] E039 |   600/819 batches | lr 0.0049 | loss  3.353 | ppl     28.59
[2022-04-11 02:01:59.933] E039 |   800/819 batches | lr 0.0049 | loss  3.293 | ppl     26.91
[2022-04-11 02:02:00.350] E039 |   819/819 batches | lr 0.0049 | loss  3.253 | ppl     25.87
[2022-04-11 02:02:03.179] End E039 | valid loss  4.443; ppl     85.00 | accu 0.2439 = 31140/127660
[2022-04-11 02:02:06.771] End E039 |  test loss  6.409; ppl    607.27 | accu 0.1283 = 20917/163020 ../data/sample_500k/adolescent_valid.txt
[2022-04-11 02:02:26.294] End E039 |  test loss  6.761; ppl    863.73 | accu 0.0953 = 82767/868460 ../data/sample_500k/adult_test.txt
[2022-04-11 02:02:26.294] Epoch 040/40 ==================================================
[2022-04-11 02:02:30.154] E040 |   200/819 batches | lr 0.0024 | loss  3.344 | ppl     28.32
[2022-04-11 02:02:33.915] E040 |   400/819 batches | lr 0.0024 | loss  3.391 | ppl     29.69
[2022-04-11 02:02:37.697] E040 |   600/819 batches | lr 0.0024 | loss  3.346 | ppl     28.39
[2022-04-11 02:02:41.531] E040 |   800/819 batches | lr 0.0024 | loss  3.288 | ppl     26.80
[2022-04-11 02:02:41.898] E040 |   819/819 batches | lr 0.0024 | loss  3.257 | ppl     25.96
[2022-04-11 02:02:44.185] End E040 | valid loss  4.443; ppl     85.01 | accu 0.2439 = 31141/127660
[2022-04-11 02:02:47.108] End E040 |  test loss  6.409; ppl    607.28 | accu 0.1283 = 20914/163020 ../data/sample_500k/adolescent_valid.txt
[2022-04-11 02:03:02.802] End E040 |  test loss  6.761; ppl    863.71 | accu 0.0953 = 82770/868460 ../data/sample_500k/adult_test.txt
[2022-04-11 02:03:05.796] End. test loss  6.41; ppl   607.25 | accu 0.1283 = 20910/163020 ../data/sample_500k/adolescent_valid.txt
[2022-04-11 02:03:21.852] End. test loss  6.76; ppl   863.80 | accu 0.0953 = 82772/868460 ../data/sample_500k/adult_test.txt
[2022-04-11 02:03:21.852] =========================================================================================
[2022-04-11 02:03:21.853] valid_loss
[2022-04-11 02:03:21.853]  5.05, 4.78, 4.66, 4.61, 4.57, 4.56, 4.54, 4.54, 4.53, 4.52, 4.52, 4.53, 4.47, 4.48, 4.46, 4.46, 4.46, 4.46, 4.45, 4.45, 4.45, 4.45, 4.45, 4.44, 4.45, 4.44, 4.44, 4.44, 4.44, 4.44, 4.44, 4.44, 4.44, 4.44, 4.44, 4.44, 4.44, 4.44, 4.44, 4.44
[2022-04-11 02:03:21.853] valid_loss ppl
[2022-04-11 02:03:21.853]   156.74,  119.11,  106.02,  100.37,   96.90,   95.13,   94.02,   93.25,   92.97,   92.27,   91.56,   93.09,   87.68,   88.29,   86.49,   86.28,   86.12,   86.20,   85.39,   85.59,   85.37,   85.34,   85.50,   85.12,   85.22,   85.10,   85.11,   85.04,   85.03,   85.04,   85.01,   85.04,   85.02,   85.02,   85.01,   85.01,   85.00,   85.01,   85.00,   85.01
[2022-04-11 02:03:21.853] test_loss of ../data/sample_500k/adolescent_valid.txt
[2022-04-11 02:03:21.853]  6.63, 6.40, 6.29, 6.33, 6.32, 6.31, 6.30, 6.40, 6.39, 6.42, 6.41, 6.40, 6.41, 6.39, 6.38, 6.37, 6.37, 6.38, 6.38, 6.39, 6.39, 6.40, 6.40, 6.41, 6.41, 6.41, 6.41, 6.41, 6.41, 6.41, 6.41, 6.41, 6.41, 6.41, 6.41, 6.41, 6.41, 6.41, 6.41, 6.41
[2022-04-11 02:03:21.853] test_loss of ../data/sample_500k/adolescent_valid.txt ppl
[2022-04-11 02:03:21.853]   754.95,  604.03,  536.81,  559.16,  553.44,  548.47,  543.70,  600.21,  595.83,  614.39,  610.07,  602.63,  608.14,  594.83,  588.04,  583.48,  582.33,  590.66,  591.96,  593.87,  598.51,  604.82,  600.95,  608.35,  607.77,  610.07,  609.56,  606.10,  606.96,  607.29,  607.23,  608.22,  607.67,  607.51,  607.44,  607.39,  607.25,  607.29,  607.27,  607.28
[2022-04-11 02:03:21.853] test_loss of ../data/sample_500k/adult_test.txt
[2022-04-11 02:03:21.853]  7.12, 6.83, 6.69, 6.68, 6.70, 6.68, 6.66, 6.72, 6.70, 6.77, 6.72, 6.72, 6.72, 6.73, 6.72, 6.72, 6.73, 6.74, 6.74, 6.74, 6.75, 6.75, 6.76, 6.76, 6.76, 6.76, 6.76, 6.76, 6.76, 6.76, 6.76, 6.76, 6.76, 6.76, 6.76, 6.76, 6.76, 6.76, 6.76, 6.76
[2022-04-11 02:03:21.853] test_loss of ../data/sample_500k/adult_test.txt ppl
[2022-04-11 02:03:21.853]  1238.51,  929.52,  804.95,  799.07,  813.79,  800.30,  784.04,  826.75,  814.93,  869.19,  832.58,  829.00,  825.99,  836.43,  830.26,  831.64,  833.86,  844.48,  846.67,  843.05,  857.56,  855.74,  861.04,  865.86,  865.74,  866.01,  864.76,  863.66,  865.00,  864.43,  864.19,  865.79,  864.69,  864.24,  864.17,  864.00,  863.80,  863.72,  863.73,  863.71
