[2022-04-10 23:10:11.425] corpus.train_file_list: 1
[2022-04-10 23:10:11.425]         ../data/sample_500k/cbt_train.txt
[2022-04-10 23:10:11.425] corpus.valid_file_list: 1
[2022-04-10 23:10:11.425]         ../data/sample_500k/cbt_valid.txt
[2022-04-10 23:10:11.425] corpus.test_file_list: 2
[2022-04-10 23:10:11.425]         ../data/sample_500k/adolescent_valid.txt
[2022-04-10 23:10:11.425]         ../data/sample_500k/adult_test.txt
[2022-04-10 23:10:11.425] corpus.subword_vocab_size: 0
[2022-04-10 23:10:11.425] corpus.subword_model = None. Corpus will not use subword.
[2022-04-10 23:10:11.425] corpus tokenize...
[2022-04-10 23:10:12.073]         train tokens: 511735  ../data/sample_500k/cbt_train.txt
[2022-04-10 23:10:12.207]         valid tokens: 115417  ../data/sample_500k/cbt_valid.txt
[2022-04-10 23:10:12.433]         test  tokens: 112256  ../data/sample_500k/adolescent_valid.txt
[2022-04-10 23:10:13.051]         test  tokens: 506878  ../data/sample_500k/adult_test.txt
[2022-04-10 23:10:13.051] corpus.ntokens      : 73236
[2022-04-10 23:10:13.051] corpus.char_count   : 157
[2022-04-10 23:10:13.051] corpus.char_cnt_dict: 157
[2022-04-10 23:10:13.051] corpus.char_id_dict : 157
[2022-04-10 23:10:13.061] corpus.batchify(1 files, batch_size=20)...
[2022-04-10 23:10:13.061]         tokens_all: 511735
[2022-04-10 23:10:13.061]         batched   :  25586
[2022-04-10 23:10:13.061]         ../data/sample_500k/cbt_train.txt
[2022-04-10 23:10:14.950] corpus.batchify(1 files, batch_size=20)...
[2022-04-10 23:10:14.950]         tokens_all: 115417
[2022-04-10 23:10:14.950]         batched   :   5770
[2022-04-10 23:10:14.950]         ../data/sample_500k/cbt_valid.txt
[2022-04-10 23:10:14.954] corpus.batchify(1 files, batch_size=20)...
[2022-04-10 23:10:14.954]         tokens_all: 112256
[2022-04-10 23:10:14.954]         batched   :   5612
[2022-04-10 23:10:14.954]         ../data/sample_500k/adolescent_valid.txt
[2022-04-10 23:10:14.959] corpus.batchify(1 files, batch_size=20)...
[2022-04-10 23:10:14.959]         tokens_all: 506878
[2022-04-10 23:10:14.959]         batched   :  25343
[2022-04-10 23:10:14.959]         ../data/sample_500k/adult_test.txt
[2022-04-10 23:10:15.478] RNNModel.rnn_type: LSTM
[2022-04-10 23:10:15.478] RNNModel.ntoken  : 73236
[2022-04-10 23:10:15.478] RNNModel.ninp    : 200
[2022-04-10 23:10:15.478] RNNModel.nhid    : 200
[2022-04-10 23:10:15.478] RNNModel.nlayers : 2
[2022-04-10 23:10:15.478] RNNModel.dropout : 0.2
[2022-04-10 23:10:15.478] RNNModel.tie_weights: False
[2022-04-10 23:10:15.479] RNNModel.char_mode  : 
[2022-04-10 23:10:15.479] RNNModel.char_cnt   : 158
[2022-04-10 23:10:15.479] RNNModel.char_emsize: 25
[2022-04-10 23:10:15.479] RNNModel.char_nhid  : 200
[2022-04-10 23:10:15.479] RNNModel will not use char-encoding
[2022-04-10 23:10:15.687] Epoch 001/40 ==================================================
[2022-04-10 23:10:25.656] E001 |   200/731 batches | lr 20.0000 | loss  7.367 | ppl   1582.47
[2022-04-10 23:10:35.556] E001 |   400/731 batches | lr 20.0000 | loss  6.004 | ppl    404.84
[2022-04-10 23:10:45.358] E001 |   600/731 batches | lr 20.0000 | loss  5.392 | ppl    219.58
[2022-04-10 23:10:51.826] E001 |   731/731 batches | lr 20.0000 | loss  5.204 | ppl    182.08
[2022-04-10 23:10:55.658] End E001 | valid loss  5.461; ppl    235.28 | accu 0.1508 = 17405/115380
[2022-04-10 23:10:59.341] End E001 |  test loss  8.816; ppl   6742.21 | accu 0.0274 = 3072/112220 ../data/sample_500k/adolescent_valid.txt
[2022-04-10 23:11:16.167] End E001 |  test loss  8.984; ppl   7976.76 | accu 0.0246 = 12445/506840 ../data/sample_500k/adult_test.txt
[2022-04-10 23:11:16.167] Save: model.pt... 
[2022-04-10 23:11:16.617] Save: model.pt...Done. best_val_loss: 5.4608
[2022-04-10 23:11:16.617] Epoch 002/40 ==================================================
[2022-04-10 23:11:26.516] E002 |   200/731 batches | lr 20.0000 | loss  5.054 | ppl    156.72
[2022-04-10 23:11:36.385] E002 |   400/731 batches | lr 20.0000 | loss  4.965 | ppl    143.35
[2022-04-10 23:11:46.259] E002 |   600/731 batches | lr 20.0000 | loss  4.772 | ppl    118.10
[2022-04-10 23:11:52.751] E002 |   731/731 batches | lr 20.0000 | loss  4.718 | ppl    111.97
[2022-04-10 23:11:56.537] End E002 | valid loss  5.075; ppl    160.02 | accu 0.1766 = 20378/115380
[2022-04-10 23:12:00.228] End E002 |  test loss  8.774; ppl   6466.02 | accu 0.0344 = 3863/112220 ../data/sample_500k/adolescent_valid.txt
[2022-04-10 23:12:16.972] End E002 |  test loss  9.069; ppl   8683.15 | accu 0.0318 = 16101/506840 ../data/sample_500k/adult_test.txt
[2022-04-10 23:12:16.972] Save: model.pt... 
[2022-04-10 23:12:17.411] Save: model.pt...Done. best_val_loss: 5.0753
[2022-04-10 23:12:17.411] Epoch 003/40 ==================================================
[2022-04-10 23:12:27.293] E003 |   200/731 batches | lr 20.0000 | loss  4.666 | ppl    106.23
[2022-04-10 23:12:37.201] E003 |   400/731 batches | lr 20.0000 | loss  4.646 | ppl    104.12
[2022-04-10 23:12:47.031] E003 |   600/731 batches | lr 20.0000 | loss  4.510 | ppl     90.89
[2022-04-10 23:12:53.500] E003 |   731/731 batches | lr 20.0000 | loss  4.478 | ppl     88.02
[2022-04-10 23:12:57.268] End E003 | valid loss  4.898; ppl    133.96 | accu 0.1951 = 22513/115380
[2022-04-10 23:13:00.974] End E003 |  test loss  8.670; ppl   5823.80 | accu 0.0478 = 5368/112220 ../data/sample_500k/adolescent_valid.txt
[2022-04-10 23:13:17.819] End E003 |  test loss  8.994; ppl   8054.29 | accu 0.0455 = 23053/506840 ../data/sample_500k/adult_test.txt
[2022-04-10 23:13:17.819] Save: model.pt... 
[2022-04-10 23:13:18.265] Save: model.pt...Done. best_val_loss: 4.8975
[2022-04-10 23:13:18.265] Epoch 004/40 ==================================================
[2022-04-10 23:13:28.165] E004 |   200/731 batches | lr 20.0000 | loss  4.455 | ppl     86.07
[2022-04-10 23:13:38.044] E004 |   400/731 batches | lr 20.0000 | loss  4.452 | ppl     85.83
[2022-04-10 23:13:47.936] E004 |   600/731 batches | lr 20.0000 | loss  4.340 | ppl     76.73
[2022-04-10 23:13:54.424] E004 |   731/731 batches | lr 20.0000 | loss  4.321 | ppl     75.27
[2022-04-10 23:13:58.179] End E004 | valid loss  4.823; ppl    124.38 | accu 0.2046 = 23611/115380
[2022-04-10 23:14:01.864] End E004 |  test loss  8.667; ppl   5808.88 | accu 0.0553 = 6201/112220 ../data/sample_500k/adolescent_valid.txt
[2022-04-10 23:14:18.486] End E004 |  test loss  9.033; ppl   8374.81 | accu 0.0532 = 26975/506840 ../data/sample_500k/adult_test.txt
[2022-04-10 23:14:18.486] Save: model.pt... 
[2022-04-10 23:14:18.929] Save: model.pt...Done. best_val_loss: 4.8234
[2022-04-10 23:14:18.929] Epoch 005/40 ==================================================
[2022-04-10 23:14:28.897] E005 |   200/731 batches | lr 20.0000 | loss  4.310 | ppl     74.45
[2022-04-10 23:14:38.777] E005 |   400/731 batches | lr 20.0000 | loss  4.317 | ppl     74.95
[2022-04-10 23:14:48.721] E005 |   600/731 batches | lr 20.0000 | loss  4.215 | ppl     67.66
[2022-04-10 23:14:55.227] E005 |   731/731 batches | lr 20.0000 | loss  4.195 | ppl     66.35
[2022-04-10 23:14:59.025] End E005 | valid loss  4.775; ppl    118.49 | accu 0.2081 = 24012/115380
[2022-04-10 23:15:02.719] End E005 |  test loss  8.647; ppl   5693.70 | accu 0.0565 = 6340/112220 ../data/sample_500k/adolescent_valid.txt
[2022-04-10 23:15:19.429] End E005 |  test loss  9.094; ppl   8902.23 | accu 0.0545 = 27605/506840 ../data/sample_500k/adult_test.txt
[2022-04-10 23:15:19.429] Save: model.pt... 
[2022-04-10 23:15:19.880] Save: model.pt...Done. best_val_loss: 4.7749
[2022-04-10 23:15:19.880] Epoch 006/40 ==================================================
[2022-04-10 23:15:29.821] E006 |   200/731 batches | lr 20.0000 | loss  4.192 | ppl     66.15
[2022-04-10 23:15:39.776] E006 |   400/731 batches | lr 20.0000 | loss  4.205 | ppl     67.01
[2022-04-10 23:15:49.698] E006 |   600/731 batches | lr 20.0000 | loss  4.111 | ppl     60.98
[2022-04-10 23:15:56.213] E006 |   731/731 batches | lr 20.0000 | loss  4.092 | ppl     59.85
[2022-04-10 23:16:00.013] End E006 | valid loss  4.716; ppl    111.72 | accu 0.2170 = 25039/115380
[2022-04-10 23:16:03.705] End E006 |  test loss  8.685; ppl   5914.15 | accu 0.0580 = 6509/112220 ../data/sample_500k/adolescent_valid.txt
[2022-04-10 23:16:20.574] End E006 |  test loss  9.242; ppl  10323.09 | accu 0.0571 = 28954/506840 ../data/sample_500k/adult_test.txt
[2022-04-10 23:16:20.575] Save: model.pt... 
[2022-04-10 23:16:21.018] Save: model.pt...Done. best_val_loss: 4.7160
[2022-04-10 23:16:21.018] Epoch 007/40 ==================================================
[2022-04-10 23:16:30.975] E007 |   200/731 batches | lr 20.0000 | loss  4.092 | ppl     59.86
[2022-04-10 23:16:40.947] E007 |   400/731 batches | lr 20.0000 | loss  4.110 | ppl     60.95
[2022-04-10 23:16:50.949] E007 |   600/731 batches | lr 20.0000 | loss  4.020 | ppl     55.69
[2022-04-10 23:16:57.581] E007 |   731/731 batches | lr 20.0000 | loss  4.004 | ppl     54.80
[2022-04-10 23:17:01.367] End E007 | valid loss  4.710; ppl    111.06 | accu 0.2185 = 25213/115380
[2022-04-10 23:17:05.073] End E007 |  test loss  8.730; ppl   6183.51 | accu 0.0584 = 6558/112220 ../data/sample_500k/adolescent_valid.txt
[2022-04-10 23:17:21.926] End E007 |  test loss  9.347; ppl  11465.00 | accu 0.0579 = 29343/506840 ../data/sample_500k/adult_test.txt
[2022-04-10 23:17:21.926] Save: model.pt... 
[2022-04-10 23:17:22.399] Save: model.pt...Done. best_val_loss: 4.7101
[2022-04-10 23:17:22.399] Epoch 008/40 ==================================================
[2022-04-10 23:17:32.459] E008 |   200/731 batches | lr 20.0000 | loss  4.008 | ppl     55.06
[2022-04-10 23:17:42.485] E008 |   400/731 batches | lr 20.0000 | loss  4.030 | ppl     56.24
[2022-04-10 23:17:52.501] E008 |   600/731 batches | lr 20.0000 | loss  3.938 | ppl     51.34
[2022-04-10 23:17:59.125] E008 |   731/731 batches | lr 20.0000 | loss  3.921 | ppl     50.46
[2022-04-10 23:18:02.941] End E008 | valid loss  4.699; ppl    109.86 | accu 0.2210 = 25502/115380
[2022-04-10 23:18:06.663] End E008 |  test loss  8.754; ppl   6335.42 | accu 0.0547 = 6138/112220 ../data/sample_500k/adolescent_valid.txt
[2022-04-10 23:18:23.526] End E008 |  test loss  9.397; ppl  12055.18 | accu 0.0522 = 26471/506840 ../data/sample_500k/adult_test.txt
[2022-04-10 23:18:23.526] Save: model.pt... 
[2022-04-10 23:18:23.993] Save: model.pt...Done. best_val_loss: 4.6992
[2022-04-10 23:18:23.993] Epoch 009/40 ==================================================
[2022-04-10 23:18:34.150] E009 |   200/731 batches | lr 20.0000 | loss  3.928 | ppl     50.82
[2022-04-10 23:18:44.295] E009 |   400/731 batches | lr 20.0000 | loss  3.950 | ppl     51.93
[2022-04-10 23:18:54.450] E009 |   600/731 batches | lr 20.0000 | loss  3.871 | ppl     47.97
[2022-04-10 23:19:01.103] E009 |   731/731 batches | lr 20.0000 | loss  3.853 | ppl     47.12
[2022-04-10 23:19:04.899] End E009 | valid loss  4.693; ppl    109.19 | accu 0.2232 = 25752/115380
[2022-04-10 23:19:08.667] End E009 |  test loss  8.829; ppl   6832.05 | accu 0.0566 = 6356/112220 ../data/sample_500k/adolescent_valid.txt
[2022-04-10 23:19:25.414] End E009 |  test loss  9.515; ppl  13562.45 | accu 0.0531 = 26927/506840 ../data/sample_500k/adult_test.txt
[2022-04-10 23:19:25.414] Save: model.pt... 
[2022-04-10 23:19:25.873] Save: model.pt...Done. best_val_loss: 4.6931
[2022-04-10 23:19:25.874] Epoch 010/40 ==================================================
[2022-04-10 23:19:36.052] E010 |   200/731 batches | lr 20.0000 | loss  3.861 | ppl     47.53
[2022-04-10 23:19:46.213] E010 |   400/731 batches | lr 20.0000 | loss  3.883 | ppl     48.57
[2022-04-10 23:19:56.364] E010 |   600/731 batches | lr 20.0000 | loss  3.801 | ppl     44.73
[2022-04-10 23:20:03.005] E010 |   731/731 batches | lr 20.0000 | loss  3.786 | ppl     44.09
[2022-04-10 23:20:06.782] End E010 | valid loss  4.700; ppl    109.98 | accu 0.2249 = 25946/115380
[2022-04-10 23:20:10.483] End E010 |  test loss  8.962; ppl   7798.01 | accu 0.0583 = 6545/112220 ../data/sample_500k/adolescent_valid.txt
[2022-04-10 23:20:27.359] End E010 |  test loss  9.626; ppl  15151.69 | accu 0.0546 = 27684/506840 ../data/sample_500k/adult_test.txt
[2022-04-10 23:20:27.360] Epoch 011/40 ==================================================
[2022-04-10 23:20:37.478] E011 |   200/731 batches | lr 10.0000 | loss  3.746 | ppl     42.34
[2022-04-10 23:20:47.613] E011 |   400/731 batches | lr 10.0000 | loss  3.725 | ppl     41.48
[2022-04-10 23:20:57.774] E011 |   600/731 batches | lr 10.0000 | loss  3.610 | ppl     36.95
[2022-04-10 23:21:04.420] E011 |   731/731 batches | lr 10.0000 | loss  3.568 | ppl     35.43
[2022-04-10 23:21:08.191] End E011 | valid loss  4.661; ppl    105.70 | accu 0.2376 = 27416/115380
[2022-04-10 23:21:11.912] End E011 |  test loss  9.208; ppl   9973.63 | accu 0.0599 = 6725/112220 ../data/sample_500k/adolescent_valid.txt
[2022-04-10 23:21:28.745] End E011 |  test loss  9.808; ppl  18176.07 | accu 0.0594 = 30120/506840 ../data/sample_500k/adult_test.txt
[2022-04-10 23:21:28.745] Save: model.pt... 
[2022-04-10 23:21:29.218] Save: model.pt...Done. best_val_loss: 4.6606
[2022-04-10 23:21:29.218] Epoch 012/40 ==================================================
[2022-04-10 23:21:39.373] E012 |   200/731 batches | lr 10.0000 | loss  3.644 | ppl     38.24
[2022-04-10 23:21:49.529] E012 |   400/731 batches | lr 10.0000 | loss  3.656 | ppl     38.71
[2022-04-10 23:21:59.691] E012 |   600/731 batches | lr 10.0000 | loss  3.556 | ppl     35.04
[2022-04-10 23:22:06.348] E012 |   731/731 batches | lr 10.0000 | loss  3.537 | ppl     34.36
[2022-04-10 23:22:10.114] End E012 | valid loss  4.654; ppl    105.05 | accu 0.2384 = 27503/115380
[2022-04-10 23:22:13.808] End E012 |  test loss  9.166; ppl   9561.88 | accu 0.0634 = 7110/112220 ../data/sample_500k/adolescent_valid.txt
[2022-04-10 23:22:30.573] End E012 |  test loss  9.757; ppl  17277.80 | accu 0.0609 = 30859/506840 ../data/sample_500k/adult_test.txt
[2022-04-10 23:22:30.573] Save: model.pt... 
[2022-04-10 23:22:31.056] Save: model.pt...Done. best_val_loss: 4.6544
[2022-04-10 23:22:31.056] Epoch 013/40 ==================================================
[2022-04-10 23:22:41.199] E013 |   200/731 batches | lr 10.0000 | loss  3.595 | ppl     36.40
[2022-04-10 23:22:51.291] E013 |   400/731 batches | lr 10.0000 | loss  3.605 | ppl     36.78
[2022-04-10 23:23:01.449] E013 |   600/731 batches | lr 10.0000 | loss  3.518 | ppl     33.70
[2022-04-10 23:23:08.083] E013 |   731/731 batches | lr 10.0000 | loss  3.499 | ppl     33.09
[2022-04-10 23:23:11.855] End E013 | valid loss  4.668; ppl    106.43 | accu 0.2388 = 27553/115380
[2022-04-10 23:23:15.548] End E013 |  test loss  9.292; ppl  10848.83 | accu 0.0612 = 6863/112220 ../data/sample_500k/adolescent_valid.txt
[2022-04-10 23:23:32.365] End E013 |  test loss  9.940; ppl  20736.25 | accu 0.0604 = 30601/506840 ../data/sample_500k/adult_test.txt
[2022-04-10 23:23:32.365] Epoch 014/40 ==================================================
[2022-04-10 23:23:42.550] E014 |   200/731 batches | lr 5.0000 | loss  3.542 | ppl     34.53
[2022-04-10 23:23:52.743] E014 |   400/731 batches | lr 5.0000 | loss  3.531 | ppl     34.17
[2022-04-10 23:24:02.924] E014 |   600/731 batches | lr 5.0000 | loss  3.418 | ppl     30.50
[2022-04-10 23:24:09.592] E014 |   731/731 batches | lr 5.0000 | loss  3.383 | ppl     29.47
[2022-04-10 23:24:13.387] End E014 | valid loss  4.661; ppl    105.73 | accu 0.2425 = 27974/115380
[2022-04-10 23:24:17.078] End E014 |  test loss  9.401; ppl  12101.61 | accu 0.0620 = 6962/112220 ../data/sample_500k/adolescent_valid.txt
[2022-04-10 23:24:33.986] End E014 |  test loss 10.072; ppl  23677.12 | accu 0.0623 = 31558/506840 ../data/sample_500k/adult_test.txt
[2022-04-10 23:24:33.986] Epoch 015/40 ==================================================
[2022-04-10 23:24:44.121] E015 |   200/731 batches | lr 2.5000 | loss  3.492 | ppl     32.84
[2022-04-10 23:24:54.241] E015 |   400/731 batches | lr 2.5000 | loss  3.488 | ppl     32.71
[2022-04-10 23:25:04.343] E015 |   600/731 batches | lr 2.5000 | loss  3.367 | ppl     28.99
[2022-04-10 23:25:10.963] E015 |   731/731 batches | lr 2.5000 | loss  3.325 | ppl     27.81
[2022-04-10 23:25:14.724] End E015 | valid loss  4.655; ppl    105.13 | accu 0.2440 = 28151/115380
[2022-04-10 23:25:18.398] End E015 |  test loss  9.454; ppl  12763.28 | accu 0.0631 = 7086/112220 ../data/sample_500k/adolescent_valid.txt
[2022-04-10 23:25:35.051] End E015 |  test loss 10.101; ppl  24373.87 | accu 0.0631 = 31964/506840 ../data/sample_500k/adult_test.txt
[2022-04-10 23:25:35.052] Epoch 016/40 ==================================================
[2022-04-10 23:25:45.191] E016 |   200/731 batches | lr 1.2500 | loss  3.467 | ppl     32.05
[2022-04-10 23:25:55.358] E016 |   400/731 batches | lr 1.2500 | loss  3.462 | ppl     31.87
[2022-04-10 23:26:05.557] E016 |   600/731 batches | lr 1.2500 | loss  3.338 | ppl     28.17
[2022-04-10 23:26:12.210] E016 |   731/731 batches | lr 1.2500 | loss  3.291 | ppl     26.87
[2022-04-10 23:26:16.237] End E016 | valid loss  4.652; ppl    104.83 | accu 0.2443 = 28189/115380
[2022-04-10 23:26:19.990] End E016 |  test loss  9.464; ppl  12885.66 | accu 0.0644 = 7223/112220 ../data/sample_500k/adolescent_valid.txt
[2022-04-10 23:26:36.683] End E016 |  test loss 10.119; ppl  24809.03 | accu 0.0637 = 32278/506840 ../data/sample_500k/adult_test.txt
[2022-04-10 23:26:36.683] Save: model.pt... 
[2022-04-10 23:26:37.142] Save: model.pt...Done. best_val_loss: 4.6524
[2022-04-10 23:26:37.143] Epoch 017/40 ==================================================
[2022-04-10 23:26:47.675] E017 |   200/731 batches | lr 1.2500 | loss  3.446 | ppl     31.38
[2022-04-10 23:26:57.819] E017 |   400/731 batches | lr 1.2500 | loss  3.447 | ppl     31.40
[2022-04-10 23:27:07.929] E017 |   600/731 batches | lr 1.2500 | loss  3.331 | ppl     27.96
[2022-04-10 23:27:14.543] E017 |   731/731 batches | lr 1.2500 | loss  3.284 | ppl     26.68
[2022-04-10 23:27:18.332] End E017 | valid loss  4.655; ppl    105.12 | accu 0.2444 = 28202/115380
[2022-04-10 23:27:22.022] End E017 |  test loss  9.486; ppl  13175.58 | accu 0.0646 = 7247/112220 ../data/sample_500k/adolescent_valid.txt
[2022-04-10 23:27:38.704] End E017 |  test loss 10.159; ppl  25830.63 | accu 0.0637 = 32261/506840 ../data/sample_500k/adult_test.txt
[2022-04-10 23:27:38.704] Epoch 018/40 ==================================================
[2022-04-10 23:27:48.842] E018 |   200/731 batches | lr 0.6250 | loss  3.442 | ppl     31.26
[2022-04-10 23:27:58.974] E018 |   400/731 batches | lr 0.6250 | loss  3.437 | ppl     31.10
[2022-04-10 23:28:09.132] E018 |   600/731 batches | lr 0.6250 | loss  3.319 | ppl     27.63
[2022-04-10 23:28:15.780] E018 |   731/731 batches | lr 0.6250 | loss  3.268 | ppl     26.26
[2022-04-10 23:28:19.550] End E018 | valid loss  4.649; ppl    104.48 | accu 0.2451 = 28280/115380
[2022-04-10 23:28:23.244] End E018 |  test loss  9.491; ppl  13239.35 | accu 0.0651 = 7311/112220 ../data/sample_500k/adolescent_valid.txt
[2022-04-10 23:28:39.980] End E018 |  test loss 10.135; ppl  25202.58 | accu 0.0649 = 32917/506840 ../data/sample_500k/adult_test.txt
[2022-04-10 23:28:39.980] Save: model.pt... 
[2022-04-10 23:28:40.439] Save: model.pt...Done. best_val_loss: 4.6490
[2022-04-10 23:28:40.439] Epoch 019/40 ==================================================
[2022-04-10 23:28:50.600] E019 |   200/731 batches | lr 0.6250 | loss  3.434 | ppl     30.99
[2022-04-10 23:29:00.746] E019 |   400/731 batches | lr 0.6250 | loss  3.428 | ppl     30.82
[2022-04-10 23:29:10.849] E019 |   600/731 batches | lr 0.6250 | loss  3.317 | ppl     27.58
[2022-04-10 23:29:17.465] E019 |   731/731 batches | lr 0.6250 | loss  3.271 | ppl     26.35
[2022-04-10 23:29:21.232] End E019 | valid loss  4.650; ppl    104.54 | accu 0.2450 = 28269/115380
[2022-04-10 23:29:24.922] End E019 |  test loss  9.492; ppl  13255.14 | accu 0.0649 = 7285/112220 ../data/sample_500k/adolescent_valid.txt
[2022-04-10 23:29:41.611] End E019 |  test loss 10.136; ppl  25246.12 | accu 0.0648 = 32857/506840 ../data/sample_500k/adult_test.txt
[2022-04-10 23:29:41.611] Epoch 020/40 ==================================================
[2022-04-10 23:29:51.784] E020 |   200/731 batches | lr 0.3125 | loss  3.425 | ppl     30.73
[2022-04-10 23:30:01.891] E020 |   400/731 batches | lr 0.3125 | loss  3.422 | ppl     30.63
[2022-04-10 23:30:12.075] E020 |   600/731 batches | lr 0.3125 | loss  3.310 | ppl     27.38
[2022-04-10 23:30:18.735] E020 |   731/731 batches | lr 0.3125 | loss  3.258 | ppl     25.99
[2022-04-10 23:30:22.512] End E020 | valid loss  4.645; ppl    104.06 | accu 0.2456 = 28339/115380
[2022-04-10 23:30:26.218] End E020 |  test loss  9.486; ppl  13179.85 | accu 0.0650 = 7289/112220 ../data/sample_500k/adolescent_valid.txt
[2022-04-10 23:30:42.943] End E020 |  test loss 10.132; ppl  25143.36 | accu 0.0649 = 32903/506840 ../data/sample_500k/adult_test.txt
[2022-04-10 23:30:42.943] Save: model.pt... 
[2022-04-10 23:30:43.393] Save: model.pt...Done. best_val_loss: 4.6449
[2022-04-10 23:30:43.393] Epoch 021/40 ==================================================
[2022-04-10 23:30:53.580] E021 |   200/731 batches | lr 0.3125 | loss  3.417 | ppl     30.48
[2022-04-10 23:31:03.732] E021 |   400/731 batches | lr 0.3125 | loss  3.420 | ppl     30.56
[2022-04-10 23:31:13.864] E021 |   600/731 batches | lr 0.3125 | loss  3.309 | ppl     27.35
[2022-04-10 23:31:20.485] E021 |   731/731 batches | lr 0.3125 | loss  3.255 | ppl     25.92
[2022-04-10 23:31:24.252] End E021 | valid loss  4.645; ppl    104.07 | accu 0.2455 = 28328/115380
[2022-04-10 23:31:27.931] End E021 |  test loss  9.494; ppl  13282.31 | accu 0.0651 = 7308/112220 ../data/sample_500k/adolescent_valid.txt
[2022-04-10 23:31:44.631] End E021 |  test loss 10.134; ppl  25182.75 | accu 0.0649 = 32876/506840 ../data/sample_500k/adult_test.txt
[2022-04-10 23:31:44.631] Epoch 022/40 ==================================================
[2022-04-10 23:31:54.731] E022 |   200/731 batches | lr 0.1562 | loss  3.414 | ppl     30.39
[2022-04-10 23:32:04.891] E022 |   400/731 batches | lr 0.1562 | loss  3.417 | ppl     30.47
[2022-04-10 23:32:15.039] E022 |   600/731 batches | lr 0.1562 | loss  3.300 | ppl     27.10
[2022-04-10 23:32:21.681] E022 |   731/731 batches | lr 0.1562 | loss  3.249 | ppl     25.77
[2022-04-10 23:32:25.483] End E022 | valid loss  4.644; ppl    103.91 | accu 0.2458 = 28361/115380
[2022-04-10 23:32:29.164] End E022 |  test loss  9.497; ppl  13318.13 | accu 0.0649 = 7287/112220 ../data/sample_500k/adolescent_valid.txt
[2022-04-10 23:32:45.883] End E022 |  test loss 10.130; ppl  25078.52 | accu 0.0648 = 32836/506840 ../data/sample_500k/adult_test.txt
[2022-04-10 23:32:45.883] Save: model.pt... 
[2022-04-10 23:32:46.343] Save: model.pt...Done. best_val_loss: 4.6435
[2022-04-10 23:32:46.343] Epoch 023/40 ==================================================
[2022-04-10 23:32:56.523] E023 |   200/731 batches | lr 0.1562 | loss  3.414 | ppl     30.37
[2022-04-10 23:33:06.649] E023 |   400/731 batches | lr 0.1562 | loss  3.411 | ppl     30.31
[2022-04-10 23:33:16.784] E023 |   600/731 batches | lr 0.1562 | loss  3.300 | ppl     27.12
[2022-04-10 23:33:23.405] E023 |   731/731 batches | lr 0.1562 | loss  3.249 | ppl     25.76
[2022-04-10 23:33:27.168] End E023 | valid loss  4.643; ppl    103.86 | accu 0.2457 = 28351/115380
[2022-04-10 23:33:30.840] End E023 |  test loss  9.501; ppl  13377.60 | accu 0.0649 = 7287/112220 ../data/sample_500k/adolescent_valid.txt
[2022-04-10 23:33:47.527] End E023 |  test loss 10.136; ppl  25224.48 | accu 0.0648 = 32851/506840 ../data/sample_500k/adult_test.txt
[2022-04-10 23:33:47.527] Save: model.pt... 
[2022-04-10 23:33:47.976] Save: model.pt...Done. best_val_loss: 4.6430
[2022-04-10 23:33:47.976] Epoch 024/40 ==================================================
[2022-04-10 23:33:58.130] E024 |   200/731 batches | lr 0.1562 | loss  3.411 | ppl     30.30
[2022-04-10 23:34:08.263] E024 |   400/731 batches | lr 0.1562 | loss  3.413 | ppl     30.36
[2022-04-10 23:34:18.447] E024 |   600/731 batches | lr 0.1562 | loss  3.301 | ppl     27.14
[2022-04-10 23:34:25.141] E024 |   731/731 batches | lr 0.1562 | loss  3.255 | ppl     25.93
[2022-04-10 23:34:28.915] End E024 | valid loss  4.643; ppl    103.87 | accu 0.2459 = 28370/115380
[2022-04-10 23:34:32.630] End E024 |  test loss  9.503; ppl  13393.21 | accu 0.0650 = 7289/112220 ../data/sample_500k/adolescent_valid.txt
[2022-04-10 23:34:49.360] End E024 |  test loss 10.136; ppl  25228.11 | accu 0.0647 = 32805/506840 ../data/sample_500k/adult_test.txt
[2022-04-10 23:34:49.361] Epoch 025/40 ==================================================
[2022-04-10 23:34:59.519] E025 |   200/731 batches | lr 0.0781 | loss  3.412 | ppl     30.33
[2022-04-10 23:35:09.701] E025 |   400/731 batches | lr 0.0781 | loss  3.408 | ppl     30.20
[2022-04-10 23:35:19.837] E025 |   600/731 batches | lr 0.0781 | loss  3.298 | ppl     27.06
[2022-04-10 23:35:26.448] E025 |   731/731 batches | lr 0.0781 | loss  3.252 | ppl     25.84
[2022-04-10 23:35:30.237] End E025 | valid loss  4.642; ppl    103.77 | accu 0.2461 = 28392/115380
[2022-04-10 23:35:33.926] End E025 |  test loss  9.500; ppl  13364.84 | accu 0.0650 = 7292/112220 ../data/sample_500k/adolescent_valid.txt
[2022-04-10 23:35:50.651] End E025 |  test loss 10.132; ppl  25134.29 | accu 0.0646 = 32764/506840 ../data/sample_500k/adult_test.txt
[2022-04-10 23:35:50.651] Save: model.pt... 
[2022-04-10 23:35:51.098] Save: model.pt...Done. best_val_loss: 4.6422
[2022-04-10 23:35:51.099] Epoch 026/40 ==================================================
[2022-04-10 23:36:01.257] E026 |   200/731 batches | lr 0.0781 | loss  3.410 | ppl     30.28
[2022-04-10 23:36:11.379] E026 |   400/731 batches | lr 0.0781 | loss  3.410 | ppl     30.27
[2022-04-10 23:36:21.525] E026 |   600/731 batches | lr 0.0781 | loss  3.298 | ppl     27.05
[2022-04-10 23:36:28.162] E026 |   731/731 batches | lr 0.0781 | loss  3.253 | ppl     25.87
[2022-04-10 23:36:31.959] End E026 | valid loss  4.642; ppl    103.71 | accu 0.2460 = 28389/115380
[2022-04-10 23:36:35.643] End E026 |  test loss  9.500; ppl  13353.62 | accu 0.0649 = 7286/112220 ../data/sample_500k/adolescent_valid.txt
[2022-04-10 23:36:52.345] End E026 |  test loss 10.134; ppl  25176.21 | accu 0.0648 = 32841/506840 ../data/sample_500k/adult_test.txt
[2022-04-10 23:36:52.346] Save: model.pt... 
[2022-04-10 23:36:52.813] Save: model.pt...Done. best_val_loss: 4.6416
[2022-04-10 23:36:52.813] Epoch 027/40 ==================================================
[2022-04-10 23:37:02.973] E027 |   200/731 batches | lr 0.0781 | loss  3.407 | ppl     30.18
[2022-04-10 23:37:13.121] E027 |   400/731 batches | lr 0.0781 | loss  3.408 | ppl     30.21
[2022-04-10 23:37:23.237] E027 |   600/731 batches | lr 0.0781 | loss  3.301 | ppl     27.14
[2022-04-10 23:37:29.945] E027 |   731/731 batches | lr 0.0781 | loss  3.252 | ppl     25.84
[2022-04-10 23:37:33.723] End E027 | valid loss  4.641; ppl    103.69 | accu 0.2461 = 28394/115380
[2022-04-10 23:37:37.429] End E027 |  test loss  9.497; ppl  13323.19 | accu 0.0649 = 7285/112220 ../data/sample_500k/adolescent_valid.txt
[2022-04-10 23:37:54.208] End E027 |  test loss 10.133; ppl  25157.15 | accu 0.0647 = 32816/506840 ../data/sample_500k/adult_test.txt
[2022-04-10 23:37:54.208] Save: model.pt... 
[2022-04-10 23:37:54.658] Save: model.pt...Done. best_val_loss: 4.6414
[2022-04-10 23:37:54.658] Epoch 028/40 ==================================================
[2022-04-10 23:38:04.812] E028 |   200/731 batches | lr 0.0781 | loss  3.404 | ppl     30.10
[2022-04-10 23:38:14.924] E028 |   400/731 batches | lr 0.0781 | loss  3.406 | ppl     30.13
[2022-04-10 23:38:25.065] E028 |   600/731 batches | lr 0.0781 | loss  3.300 | ppl     27.11
[2022-04-10 23:38:31.740] E028 |   731/731 batches | lr 0.0781 | loss  3.252 | ppl     25.84
[2022-04-10 23:38:35.520] End E028 | valid loss  4.642; ppl    103.71 | accu 0.2461 = 28393/115380
[2022-04-10 23:38:39.223] End E028 |  test loss  9.498; ppl  13328.14 | accu 0.0649 = 7286/112220 ../data/sample_500k/adolescent_valid.txt
[2022-04-10 23:38:55.963] End E028 |  test loss 10.133; ppl  25171.97 | accu 0.0648 = 32849/506840 ../data/sample_500k/adult_test.txt
[2022-04-10 23:38:55.963] Epoch 029/40 ==================================================
[2022-04-10 23:39:06.115] E029 |   200/731 batches | lr 0.0391 | loss  3.404 | ppl     30.09
[2022-04-10 23:39:16.303] E029 |   400/731 batches | lr 0.0391 | loss  3.409 | ppl     30.23
[2022-04-10 23:39:26.448] E029 |   600/731 batches | lr 0.0391 | loss  3.293 | ppl     26.93
[2022-04-10 23:39:33.087] E029 |   731/731 batches | lr 0.0391 | loss  3.244 | ppl     25.63
[2022-04-10 23:39:36.869] End E029 | valid loss  4.641; ppl    103.70 | accu 0.2458 = 28366/115380
[2022-04-10 23:39:40.583] End E029 |  test loss  9.499; ppl  13345.69 | accu 0.0649 = 7282/112220 ../data/sample_500k/adolescent_valid.txt
[2022-04-10 23:39:57.352] End E029 |  test loss 10.133; ppl  25149.59 | accu 0.0648 = 32850/506840 ../data/sample_500k/adult_test.txt
[2022-04-10 23:39:57.352] Epoch 030/40 ==================================================
[2022-04-10 23:40:07.456] E030 |   200/731 batches | lr 0.0195 | loss  3.403 | ppl     30.04
[2022-04-10 23:40:17.580] E030 |   400/731 batches | lr 0.0195 | loss  3.405 | ppl     30.12
[2022-04-10 23:40:27.865] E030 |   600/731 batches | lr 0.0195 | loss  3.290 | ppl     26.86
[2022-04-10 23:40:34.515] E030 |   731/731 batches | lr 0.0195 | loss  3.246 | ppl     25.69
[2022-04-10 23:40:38.313] End E030 | valid loss  4.641; ppl    103.69 | accu 0.2459 = 28368/115380
[2022-04-10 23:40:42.029] End E030 |  test loss  9.498; ppl  13331.97 | accu 0.0650 = 7294/112220 ../data/sample_500k/adolescent_valid.txt
[2022-04-10 23:40:58.743] End E030 |  test loss 10.130; ppl  25095.33 | accu 0.0649 = 32894/506840 ../data/sample_500k/adult_test.txt
[2022-04-10 23:40:58.743] Save: model.pt... 
[2022-04-10 23:40:59.186] Save: model.pt...Done. best_val_loss: 4.6414
[2022-04-10 23:40:59.186] Epoch 031/40 ==================================================
[2022-04-10 23:41:09.350] E031 |   200/731 batches | lr 0.0195 | loss  3.404 | ppl     30.09
[2022-04-10 23:41:19.489] E031 |   400/731 batches | lr 0.0195 | loss  3.406 | ppl     30.16
[2022-04-10 23:41:29.636] E031 |   600/731 batches | lr 0.0195 | loss  3.293 | ppl     26.94
[2022-04-10 23:41:36.284] E031 |   731/731 batches | lr 0.0195 | loss  3.249 | ppl     25.77
[2022-04-10 23:41:40.061] End E031 | valid loss  4.641; ppl    103.67 | accu 0.2458 = 28362/115380
[2022-04-10 23:41:43.760] End E031 |  test loss  9.498; ppl  13332.65 | accu 0.0651 = 7300/112220 ../data/sample_500k/adolescent_valid.txt
[2022-04-10 23:42:00.506] End E031 |  test loss 10.130; ppl  25080.04 | accu 0.0649 = 32894/506840 ../data/sample_500k/adult_test.txt
[2022-04-10 23:42:00.506] Save: model.pt... 
[2022-04-10 23:42:00.967] Save: model.pt...Done. best_val_loss: 4.6413
[2022-04-10 23:42:00.967] Epoch 032/40 ==================================================
[2022-04-10 23:42:11.103] E032 |   200/731 batches | lr 0.0195 | loss  3.403 | ppl     30.05
[2022-04-10 23:42:21.246] E032 |   400/731 batches | lr 0.0195 | loss  3.406 | ppl     30.14
[2022-04-10 23:42:31.379] E032 |   600/731 batches | lr 0.0195 | loss  3.295 | ppl     26.98
[2022-04-10 23:42:38.024] E032 |   731/731 batches | lr 0.0195 | loss  3.246 | ppl     25.70
[2022-04-10 23:42:41.807] End E032 | valid loss  4.641; ppl    103.67 | accu 0.2459 = 28368/115380
[2022-04-10 23:42:45.528] End E032 |  test loss  9.499; ppl  13348.14 | accu 0.0650 = 7295/112220 ../data/sample_500k/adolescent_valid.txt
[2022-04-10 23:43:02.213] End E032 |  test loss 10.131; ppl  25103.28 | accu 0.0648 = 32868/506840 ../data/sample_500k/adult_test.txt
[2022-04-10 23:43:02.213] Save: model.pt... 
[2022-04-10 23:43:02.664] Save: model.pt...Done. best_val_loss: 4.6412
[2022-04-10 23:43:02.664] Epoch 033/40 ==================================================
[2022-04-10 23:43:12.800] E033 |   200/731 batches | lr 0.0195 | loss  3.405 | ppl     30.12
[2022-04-10 23:43:22.903] E033 |   400/731 batches | lr 0.0195 | loss  3.405 | ppl     30.11
[2022-04-10 23:43:33.038] E033 |   600/731 batches | lr 0.0195 | loss  3.299 | ppl     27.07
[2022-04-10 23:43:39.673] E033 |   731/731 batches | lr 0.0195 | loss  3.245 | ppl     25.66
[2022-04-10 23:43:43.464] End E033 | valid loss  4.641; ppl    103.67 | accu 0.2458 = 28358/115380
[2022-04-10 23:43:47.162] End E033 |  test loss  9.500; ppl  13360.75 | accu 0.0650 = 7295/112220 ../data/sample_500k/adolescent_valid.txt
[2022-04-10 23:44:03.910] End E033 |  test loss 10.132; ppl  25132.17 | accu 0.0648 = 32852/506840 ../data/sample_500k/adult_test.txt
[2022-04-10 23:44:03.910] Epoch 034/40 ==================================================
[2022-04-10 23:44:14.092] E034 |   200/731 batches | lr 0.0098 | loss  3.406 | ppl     30.15
[2022-04-10 23:44:24.240] E034 |   400/731 batches | lr 0.0098 | loss  3.404 | ppl     30.08
[2022-04-10 23:44:34.480] E034 |   600/731 batches | lr 0.0098 | loss  3.292 | ppl     26.89
[2022-04-10 23:44:41.187] E034 |   731/731 batches | lr 0.0098 | loss  3.245 | ppl     25.66
[2022-04-10 23:44:44.983] End E034 | valid loss  4.641; ppl    103.67 | accu 0.2458 = 28364/115380
[2022-04-10 23:44:48.698] End E034 |  test loss  9.500; ppl  13353.38 | accu 0.0650 = 7296/112220 ../data/sample_500k/adolescent_valid.txt
[2022-04-10 23:45:05.467] End E034 |  test loss 10.131; ppl  25114.71 | accu 0.0649 = 32874/506840 ../data/sample_500k/adult_test.txt
[2022-04-10 23:45:05.467] Save: model.pt... 
[2022-04-10 23:45:05.917] Save: model.pt...Done. best_val_loss: 4.6412
[2022-04-10 23:45:05.917] Epoch 035/40 ==================================================
[2022-04-10 23:45:16.116] E035 |   200/731 batches | lr 0.0098 | loss  3.403 | ppl     30.06
[2022-04-10 23:45:26.285] E035 |   400/731 batches | lr 0.0098 | loss  3.405 | ppl     30.12
[2022-04-10 23:45:36.389] E035 |   600/731 batches | lr 0.0098 | loss  3.296 | ppl     26.99
[2022-04-10 23:45:43.042] E035 |   731/731 batches | lr 0.0098 | loss  3.247 | ppl     25.71
[2022-04-10 23:45:46.845] End E035 | valid loss  4.641; ppl    103.67 | accu 0.2459 = 28369/115380
[2022-04-10 23:45:50.554] End E035 |  test loss  9.500; ppl  13354.45 | accu 0.0650 = 7292/112220 ../data/sample_500k/adolescent_valid.txt
[2022-04-10 23:46:07.444] End E035 |  test loss 10.131; ppl  25110.65 | accu 0.0649 = 32888/506840 ../data/sample_500k/adult_test.txt
[2022-04-10 23:46:07.444] Save: model.pt... 
[2022-04-10 23:46:07.893] Save: model.pt...Done. best_val_loss: 4.6412
[2022-04-10 23:46:07.893] Epoch 036/40 ==================================================
[2022-04-10 23:46:18.155] E036 |   200/731 batches | lr 0.0098 | loss  3.406 | ppl     30.14
[2022-04-10 23:46:28.308] E036 |   400/731 batches | lr 0.0098 | loss  3.403 | ppl     30.06
[2022-04-10 23:46:38.504] E036 |   600/731 batches | lr 0.0098 | loss  3.295 | ppl     26.97
[2022-04-10 23:46:45.157] E036 |   731/731 batches | lr 0.0098 | loss  3.247 | ppl     25.70
[2022-04-10 23:46:48.921] End E036 | valid loss  4.641; ppl    103.67 | accu 0.2459 = 28376/115380
[2022-04-10 23:46:52.631] End E036 |  test loss  9.499; ppl  13351.48 | accu 0.0650 = 7294/112220 ../data/sample_500k/adolescent_valid.txt
[2022-04-10 23:47:09.388] End E036 |  test loss 10.130; ppl  25090.48 | accu 0.0649 = 32907/506840 ../data/sample_500k/adult_test.txt
[2022-04-10 23:47:09.388] Save: model.pt... 
[2022-04-10 23:47:09.850] Save: model.pt...Done. best_val_loss: 4.6412
[2022-04-10 23:47:09.850] Epoch 037/40 ==================================================
[2022-04-10 23:47:20.023] E037 |   200/731 batches | lr 0.0098 | loss  3.401 | ppl     30.00
[2022-04-10 23:47:30.164] E037 |   400/731 batches | lr 0.0098 | loss  3.404 | ppl     30.07
[2022-04-10 23:47:40.295] E037 |   600/731 batches | lr 0.0098 | loss  3.295 | ppl     26.98
[2022-04-10 23:47:46.937] E037 |   731/731 batches | lr 0.0098 | loss  3.247 | ppl     25.72
[2022-04-10 23:47:50.717] End E037 | valid loss  4.641; ppl    103.66 | accu 0.2459 = 28369/115380
[2022-04-10 23:47:54.435] End E037 |  test loss  9.499; ppl  13348.23 | accu 0.0650 = 7295/112220 ../data/sample_500k/adolescent_valid.txt
[2022-04-10 23:48:11.282] End E037 |  test loss 10.130; ppl  25082.88 | accu 0.0649 = 32903/506840 ../data/sample_500k/adult_test.txt
[2022-04-10 23:48:11.283] Save: model.pt... 
[2022-04-10 23:48:11.761] Save: model.pt...Done. best_val_loss: 4.6411
[2022-04-10 23:48:11.761] Epoch 038/40 ==================================================
[2022-04-10 23:48:21.883] E038 |   200/731 batches | lr 0.0098 | loss  3.399 | ppl     29.95
[2022-04-10 23:48:32.026] E038 |   400/731 batches | lr 0.0098 | loss  3.406 | ppl     30.13
[2022-04-10 23:48:42.154] E038 |   600/731 batches | lr 0.0098 | loss  3.294 | ppl     26.96
[2022-04-10 23:48:48.806] E038 |   731/731 batches | lr 0.0098 | loss  3.242 | ppl     25.59
[2022-04-10 23:48:52.598] End E038 | valid loss  4.641; ppl    103.66 | accu 0.2459 = 28370/115380
[2022-04-10 23:48:56.297] End E038 |  test loss  9.499; ppl  13348.07 | accu 0.0650 = 7290/112220 ../data/sample_500k/adolescent_valid.txt
[2022-04-10 23:49:12.975] End E038 |  test loss 10.130; ppl  25078.45 | accu 0.0649 = 32900/506840 ../data/sample_500k/adult_test.txt
[2022-04-10 23:49:12.975] Save: model.pt... 
[2022-04-10 23:49:13.442] Save: model.pt...Done. best_val_loss: 4.6411
[2022-04-10 23:49:13.442] Epoch 039/40 ==================================================
[2022-04-10 23:49:23.609] E039 |   200/731 batches | lr 0.0098 | loss  3.403 | ppl     30.06
[2022-04-10 23:49:33.730] E039 |   400/731 batches | lr 0.0098 | loss  3.404 | ppl     30.09
[2022-04-10 23:49:43.870] E039 |   600/731 batches | lr 0.0098 | loss  3.293 | ppl     26.92
[2022-04-10 23:49:50.507] E039 |   731/731 batches | lr 0.0098 | loss  3.247 | ppl     25.71
[2022-04-10 23:49:54.268] End E039 | valid loss  4.641; ppl    103.66 | accu 0.2459 = 28367/115380
[2022-04-10 23:49:57.960] End E039 |  test loss  9.499; ppl  13340.87 | accu 0.0650 = 7294/112220 ../data/sample_500k/adolescent_valid.txt
[2022-04-10 23:50:14.672] End E039 |  test loss 10.129; ppl  25055.59 | accu 0.0650 = 32920/506840 ../data/sample_500k/adult_test.txt
[2022-04-10 23:50:14.672] Epoch 040/40 ==================================================
[2022-04-10 23:50:24.829] E040 |   200/731 batches | lr 0.0049 | loss  3.400 | ppl     29.98
[2022-04-10 23:50:34.962] E040 |   400/731 batches | lr 0.0049 | loss  3.404 | ppl     30.08
[2022-04-10 23:50:45.074] E040 |   600/731 batches | lr 0.0049 | loss  3.293 | ppl     26.91
[2022-04-10 23:50:51.734] E040 |   731/731 batches | lr 0.0049 | loss  3.247 | ppl     25.71
[2022-04-10 23:50:55.509] End E040 | valid loss  4.641; ppl    103.66 | accu 0.2459 = 28372/115380
[2022-04-10 23:50:59.221] End E040 |  test loss  9.499; ppl  13344.02 | accu 0.0650 = 7291/112220 ../data/sample_500k/adolescent_valid.txt
[2022-04-10 23:51:15.978] End E040 |  test loss 10.129; ppl  25057.93 | accu 0.0650 = 32922/506840 ../data/sample_500k/adult_test.txt
[2022-04-10 23:51:19.838] End. test loss  9.50; ppl 13348.07 | accu 0.0650 = 7290/112220 ../data/sample_500k/adolescent_valid.txt
[2022-04-10 23:51:36.675] End. test loss 10.13; ppl 25078.45 | accu 0.0649 = 32900/506840 ../data/sample_500k/adult_test.txt
[2022-04-10 23:51:36.675] =========================================================================================
[2022-04-10 23:51:36.675] valid_loss
[2022-04-10 23:51:36.675]  5.46, 5.08, 4.90, 4.82, 4.77, 4.72, 4.71, 4.70, 4.69, 4.70, 4.66, 4.65, 4.67, 4.66, 4.66, 4.65, 4.66, 4.65, 4.65, 4.64, 4.65, 4.64, 4.64, 4.64, 4.64, 4.64, 4.64, 4.64, 4.64, 4.64, 4.64, 4.64, 4.64, 4.64, 4.64, 4.64, 4.64, 4.64, 4.64, 4.64
[2022-04-10 23:51:36.676] valid_loss ppl
[2022-04-10 23:51:36.676]   235.28,  160.02,  133.96,  124.38,  118.49,  111.72,  111.06,  109.86,  109.19,  109.98,  105.70,  105.05,  106.43,  105.73,  105.13,  104.83,  105.12,  104.48,  104.54,  104.06,  104.07,  103.91,  103.86,  103.87,  103.77,  103.71,  103.69,  103.71,  103.70,  103.69,  103.67,  103.67,  103.67,  103.67,  103.67,  103.67,  103.66,  103.66,  103.66,  103.66
[2022-04-10 23:51:36.676] test_loss of ../data/sample_500k/adolescent_valid.txt
[2022-04-10 23:51:36.676]  8.82, 8.77, 8.67, 8.67, 8.65, 8.69, 8.73, 8.75, 8.83, 8.96, 9.21, 9.17, 9.29, 9.40, 9.45, 9.46, 9.49, 9.49, 9.49, 9.49, 9.49, 9.50, 9.50, 9.50, 9.50, 9.50, 9.50, 9.50, 9.50, 9.50, 9.50, 9.50, 9.50, 9.50, 9.50, 9.50, 9.50, 9.50, 9.50, 9.50
[2022-04-10 23:51:36.676] test_loss of ../data/sample_500k/adolescent_valid.txt ppl
[2022-04-10 23:51:36.676]  6742.21, 6466.02, 5823.80, 5808.88, 5693.70, 5914.15, 6183.51, 6335.42, 6832.05, 7798.01, 9973.63, 9561.88,10848.83,12101.61,12763.28,12885.66,13175.58,13239.35,13255.14,13179.85,13282.31,13318.13,13377.60,13393.21,13364.84,13353.62,13323.19,13328.14,13345.69,13331.97,13332.65,13348.14,13360.75,13353.38,13354.45,13351.48,13348.23,13348.07,13340.87,13344.02
[2022-04-10 23:51:36.676] test_loss of ../data/sample_500k/adult_test.txt
[2022-04-10 23:51:36.676]  8.98, 9.07, 8.99, 9.03, 9.09, 9.24, 9.35, 9.40, 9.52, 9.63, 9.81, 9.76, 9.94,10.07,10.10,10.12,10.16,10.13,10.14,10.13,10.13,10.13,10.14,10.14,10.13,10.13,10.13,10.13,10.13,10.13,10.13,10.13,10.13,10.13,10.13,10.13,10.13,10.13,10.13,10.13
[2022-04-10 23:51:36.676] test_loss of ../data/sample_500k/adult_test.txt ppl
[2022-04-10 23:51:36.676]  7976.76, 8683.15, 8054.29, 8374.81, 8902.23,10323.09,11465.00,12055.18,13562.45,15151.69,18176.07,17277.80,20736.25,23677.12,24373.87,24809.03,25830.63,25202.58,25246.12,25143.36,25182.75,25078.52,25224.48,25228.11,25134.29,25176.21,25157.15,25171.97,25149.59,25095.33,25080.04,25103.28,25132.17,25114.71,25110.65,25090.48,25082.88,25078.45,25055.59,25057.93
