[2022-04-11 01:07:38.330] corpus.train_file_list: 1
[2022-04-11 01:07:38.331]         ../data/sample_500k/cbt_train.txt
[2022-04-11 01:07:38.331] corpus.valid_file_list: 1
[2022-04-11 01:07:38.331]         ../data/sample_500k/cbt_valid.txt
[2022-04-11 01:07:38.331] corpus.test_file_list: 2
[2022-04-11 01:07:38.331]         ../data/sample_500k/adolescent_valid.txt
[2022-04-11 01:07:38.331]         ../data/sample_500k/adult_test.txt
[2022-04-11 01:07:38.331] corpus.subword_vocab_size: 1000
[2022-04-11 01:07:38.331] corpus.subword_model.train(2 files)...
[2022-04-11 01:07:38.331]         ../data/sample_500k/cbt_train.txt
[2022-04-11 01:07:38.331]         ../data/sample_500k/cbt_valid.txt
[2022-04-11 01:07:38.737] corpus.subword_model.train(2 files)...Done
[2022-04-11 01:07:38.737] corpus tokenize...
[2022-04-11 01:07:40.790]         train tokens: 729181  ../data/sample_500k/cbt_train.txt
[2022-04-11 01:07:41.224]         valid tokens: 161443  ../data/sample_500k/cbt_valid.txt
[2022-04-11 01:07:41.885]         test  tokens: 199005  ../data/sample_500k/adolescent_valid.txt
[2022-04-11 01:07:44.113]         test  tokens: 1091985  ../data/sample_500k/adult_test.txt
[2022-04-11 01:07:44.113] corpus.ntokens      : 996
[2022-04-11 01:07:44.113] corpus.char_count   : 81
[2022-04-11 01:07:44.113] corpus.char_cnt_dict: 81
[2022-04-11 01:07:44.114] corpus.char_id_dict : 81
[2022-04-11 01:07:44.123] corpus.batchify(1 files, batch_size=20)...
[2022-04-11 01:07:44.123]         tokens_all: 729181
[2022-04-11 01:07:44.123]         batched   :  36459
[2022-04-11 01:07:44.123]         ../data/sample_500k/cbt_train.txt
[2022-04-11 01:07:44.126] corpus.batchify(1 files, batch_size=20)...
[2022-04-11 01:07:44.126]         tokens_all: 161443
[2022-04-11 01:07:44.126]         batched   :   8072
[2022-04-11 01:07:44.126]         ../data/sample_500k/cbt_valid.txt
[2022-04-11 01:07:44.128] corpus.batchify(1 files, batch_size=20)...
[2022-04-11 01:07:44.128]         tokens_all: 199005
[2022-04-11 01:07:44.128]         batched   :   9950
[2022-04-11 01:07:44.129]         ../data/sample_500k/adolescent_valid.txt
[2022-04-11 01:07:44.141] corpus.batchify(1 files, batch_size=20)...
[2022-04-11 01:07:44.141]         tokens_all: 1091985
[2022-04-11 01:07:44.141]         batched   :  54599
[2022-04-11 01:07:44.141]         ../data/sample_500k/adult_test.txt
[2022-04-11 01:07:44.154] RNNModel.rnn_type: LSTM
[2022-04-11 01:07:44.154] RNNModel.ntoken  : 996
[2022-04-11 01:07:44.154] RNNModel.ninp    : 200
[2022-04-11 01:07:44.154] RNNModel.nhid    : 200
[2022-04-11 01:07:44.155] RNNModel.nlayers : 2
[2022-04-11 01:07:44.155] RNNModel.dropout : 0.2
[2022-04-11 01:07:44.155] RNNModel.tie_weights: False
[2022-04-11 01:07:44.155] RNNModel.char_mode  : 
[2022-04-11 01:07:44.155] RNNModel.char_cnt   : 82
[2022-04-11 01:07:44.155] RNNModel.char_emsize: 25
[2022-04-11 01:07:44.155] RNNModel.char_nhid  : 200
[2022-04-11 01:07:44.155] RNNModel will not use char-encoding
[2022-04-11 01:07:44.157] Epoch 001/40 ==================================================
[2022-04-11 01:07:47.686] E001 |   200/1041 batches | lr 20.0000 | loss  5.676 | ppl    291.88
[2022-04-11 01:07:51.676] E001 |   400/1041 batches | lr 20.0000 | loss  5.050 | ppl    156.04
[2022-04-11 01:07:55.850] E001 |   600/1041 batches | lr 20.0000 | loss  4.668 | ppl    106.49
[2022-04-11 01:07:59.832] E001 |   800/1041 batches | lr 20.0000 | loss  4.418 | ppl     82.97
[2022-04-11 01:08:03.387] E001 |  1000/1041 batches | lr 20.0000 | loss  4.313 | ppl     74.64
[2022-04-11 01:08:04.127] E001 |  1041/1041 batches | lr 20.0000 | loss  4.229 | ppl     68.65
[2022-04-11 01:08:06.967] End E001 | valid loss  4.397; ppl     81.19 | accu 0.1731 = 27941/161420
[2022-04-11 01:08:10.478] End E001 |  test loss  5.505; ppl    245.83 | accu 0.1013 = 20154/198980 ../data/sample_500k/adolescent_valid.txt
[2022-04-11 01:08:29.277] End E001 |  test loss  5.627; ppl    277.84 | accu 0.0741 = 80928/1091960 ../data/sample_500k/adult_test.txt
[2022-04-11 01:08:29.277] Save: model.pt... 
[2022-04-11 01:08:29.289] Save: model.pt...Done. best_val_loss: 4.3968
[2022-04-11 01:08:29.289] Epoch 002/40 ==================================================
[2022-04-11 01:08:32.809] E002 |   200/1041 batches | lr 20.0000 | loss  4.116 | ppl     61.34
[2022-04-11 01:08:36.352] E002 |   400/1041 batches | lr 20.0000 | loss  4.091 | ppl     59.82
[2022-04-11 01:08:39.876] E002 |   600/1041 batches | lr 20.0000 | loss  3.978 | ppl     53.40
[2022-04-11 01:08:43.491] E002 |   800/1041 batches | lr 20.0000 | loss  3.895 | ppl     49.13
[2022-04-11 01:08:47.017] E002 |  1000/1041 batches | lr 20.0000 | loss  3.882 | ppl     48.54
[2022-04-11 01:08:47.752] E002 |  1041/1041 batches | lr 20.0000 | loss  3.826 | ppl     45.87
[2022-04-11 01:08:50.563] End E002 | valid loss  4.043; ppl     57.02 | accu 0.2216 = 35770/161420
[2022-04-11 01:08:54.794] End E002 |  test loss  5.276; ppl    195.62 | accu 0.1323 = 26322/198980 ../data/sample_500k/adolescent_valid.txt
[2022-04-11 01:09:14.036] End E002 |  test loss  5.427; ppl    227.42 | accu 0.1017 = 111035/1091960 ../data/sample_500k/adult_test.txt
[2022-04-11 01:09:14.036] Save: model.pt... 
[2022-04-11 01:09:14.049] Save: model.pt...Done. best_val_loss: 4.0434
[2022-04-11 01:09:14.049] Epoch 003/40 ==================================================
[2022-04-11 01:09:17.547] E003 |   200/1041 batches | lr 20.0000 | loss  3.768 | ppl     43.28
[2022-04-11 01:09:21.041] E003 |   400/1041 batches | lr 20.0000 | loss  3.799 | ppl     44.65
[2022-04-11 01:09:24.544] E003 |   600/1041 batches | lr 20.0000 | loss  3.742 | ppl     42.17
[2022-04-11 01:09:28.031] E003 |   800/1041 batches | lr 20.0000 | loss  3.704 | ppl     40.62
[2022-04-11 01:09:31.516] E003 |  1000/1041 batches | lr 20.0000 | loss  3.716 | ppl     41.11
[2022-04-11 01:09:32.360] E003 |  1041/1041 batches | lr 20.0000 | loss  3.665 | ppl     39.06
[2022-04-11 01:09:35.841] End E003 | valid loss  3.914; ppl     50.09 | accu 0.2380 = 38420/161420
[2022-04-11 01:09:40.081] End E003 |  test loss  5.189; ppl    179.26 | accu 0.1455 = 28956/198980 ../data/sample_500k/adolescent_valid.txt
[2022-04-11 01:10:03.441] End E003 |  test loss  5.340; ppl    208.58 | accu 0.1127 = 123096/1091960 ../data/sample_500k/adult_test.txt
[2022-04-11 01:10:03.441] Save: model.pt... 
[2022-04-11 01:10:03.453] Save: model.pt...Done. best_val_loss: 3.9139
[2022-04-11 01:10:03.453] Epoch 004/40 ==================================================
[2022-04-11 01:10:07.560] E004 |   200/1041 batches | lr 20.0000 | loss  3.626 | ppl     37.56
[2022-04-11 01:10:11.362] E004 |   400/1041 batches | lr 20.0000 | loss  3.676 | ppl     39.48
[2022-04-11 01:10:14.869] E004 |   600/1041 batches | lr 20.0000 | loss  3.632 | ppl     37.80
[2022-04-11 01:10:18.403] E004 |   800/1041 batches | lr 20.0000 | loss  3.602 | ppl     36.67
[2022-04-11 01:10:21.930] E004 |  1000/1041 batches | lr 20.0000 | loss  3.630 | ppl     37.70
[2022-04-11 01:10:22.647] E004 |  1041/1041 batches | lr 20.0000 | loss  3.597 | ppl     36.48
[2022-04-11 01:10:25.455] End E004 | valid loss  3.853; ppl     47.15 | accu 0.2481 = 40052/161420
[2022-04-11 01:10:28.905] End E004 |  test loss  5.147; ppl    171.97 | accu 0.1535 = 30543/198980 ../data/sample_500k/adolescent_valid.txt
[2022-04-11 01:10:47.905] End E004 |  test loss  5.323; ppl    205.05 | accu 0.1196 = 130572/1091960 ../data/sample_500k/adult_test.txt
[2022-04-11 01:10:47.905] Save: model.pt... 
[2022-04-11 01:10:47.918] Save: model.pt...Done. best_val_loss: 3.8534
[2022-04-11 01:10:47.918] Epoch 005/40 ==================================================
[2022-04-11 01:10:51.507] E005 |   200/1041 batches | lr 20.0000 | loss  3.552 | ppl     34.88
[2022-04-11 01:10:54.976] E005 |   400/1041 batches | lr 20.0000 | loss  3.610 | ppl     36.96
[2022-04-11 01:10:58.439] E005 |   600/1041 batches | lr 20.0000 | loss  3.573 | ppl     35.63
[2022-04-11 01:11:01.892] E005 |   800/1041 batches | lr 20.0000 | loss  3.552 | ppl     34.89
[2022-04-11 01:11:05.477] E005 |  1000/1041 batches | lr 20.0000 | loss  3.575 | ppl     35.70
[2022-04-11 01:11:06.310] E005 |  1041/1041 batches | lr 20.0000 | loss  3.550 | ppl     34.82
[2022-04-11 01:11:09.814] End E005 | valid loss  3.815; ppl     45.40 | accu 0.2535 = 40924/161420
[2022-04-11 01:11:14.119] End E005 |  test loss  5.142; ppl    171.07 | accu 0.1566 = 31153/198980 ../data/sample_500k/adolescent_valid.txt
[2022-04-11 01:11:37.498] End E005 |  test loss  5.330; ppl    206.48 | accu 0.1228 = 134118/1091960 ../data/sample_500k/adult_test.txt
[2022-04-11 01:11:37.498] Save: model.pt... 
[2022-04-11 01:11:37.515] Save: model.pt...Done. best_val_loss: 3.8154
[2022-04-11 01:11:37.515] Epoch 006/40 ==================================================
[2022-04-11 01:11:41.655] E006 |   200/1041 batches | lr 20.0000 | loss  3.510 | ppl     33.45
[2022-04-11 01:11:45.773] E006 |   400/1041 batches | lr 20.0000 | loss  3.566 | ppl     35.39
[2022-04-11 01:11:49.828] E006 |   600/1041 batches | lr 20.0000 | loss  3.538 | ppl     34.38
[2022-04-11 01:11:53.366] E006 |   800/1041 batches | lr 20.0000 | loss  3.515 | ppl     33.63
[2022-04-11 01:11:56.865] E006 |  1000/1041 batches | lr 20.0000 | loss  3.543 | ppl     34.59
[2022-04-11 01:11:57.566] E006 |  1041/1041 batches | lr 20.0000 | loss  3.519 | ppl     33.75
[2022-04-11 01:12:00.343] End E006 | valid loss  3.800; ppl     44.68 | accu 0.2587 = 41755/161420
[2022-04-11 01:12:03.764] End E006 |  test loss  5.116; ppl    166.71 | accu 0.1572 = 31285/198980 ../data/sample_500k/adolescent_valid.txt
[2022-04-11 01:12:22.783] End E006 |  test loss  5.309; ppl    202.24 | accu 0.1254 = 136905/1091960 ../data/sample_500k/adult_test.txt
[2022-04-11 01:12:22.783] Save: model.pt... 
[2022-04-11 01:12:22.794] Save: model.pt...Done. best_val_loss: 3.7996
[2022-04-11 01:12:22.794] Epoch 007/40 ==================================================
[2022-04-11 01:12:26.340] E007 |   200/1041 batches | lr 20.0000 | loss  3.481 | ppl     32.50
[2022-04-11 01:12:29.860] E007 |   400/1041 batches | lr 20.0000 | loss  3.540 | ppl     34.47
[2022-04-11 01:12:33.359] E007 |   600/1041 batches | lr 20.0000 | loss  3.513 | ppl     33.56
[2022-04-11 01:12:36.851] E007 |   800/1041 batches | lr 20.0000 | loss  3.492 | ppl     32.86
[2022-04-11 01:12:40.325] E007 |  1000/1041 batches | lr 20.0000 | loss  3.526 | ppl     33.99
[2022-04-11 01:12:41.064] E007 |  1041/1041 batches | lr 20.0000 | loss  3.498 | ppl     33.05
[2022-04-11 01:12:43.867] End E007 | valid loss  3.781; ppl     43.86 | accu 0.2594 = 41866/161420
[2022-04-11 01:12:47.332] End E007 |  test loss  5.113; ppl    166.09 | accu 0.1595 = 31733/198980 ../data/sample_500k/adolescent_valid.txt
[2022-04-11 01:13:06.264] End E007 |  test loss  5.305; ppl    201.29 | accu 0.1277 = 139473/1091960 ../data/sample_500k/adult_test.txt
[2022-04-11 01:13:06.265] Save: model.pt... 
[2022-04-11 01:13:06.276] Save: model.pt...Done. best_val_loss: 3.7809
[2022-04-11 01:13:06.276] Epoch 008/40 ==================================================
[2022-04-11 01:13:09.778] E008 |   200/1041 batches | lr 20.0000 | loss  3.458 | ppl     31.75
[2022-04-11 01:13:13.253] E008 |   400/1041 batches | lr 20.0000 | loss  3.522 | ppl     33.85
[2022-04-11 01:13:16.815] E008 |   600/1041 batches | lr 20.0000 | loss  3.493 | ppl     32.87
[2022-04-11 01:13:20.291] E008 |   800/1041 batches | lr 20.0000 | loss  3.479 | ppl     32.42
[2022-04-11 01:13:24.116] E008 |  1000/1041 batches | lr 20.0000 | loss  3.506 | ppl     33.33
[2022-04-11 01:13:24.941] E008 |  1041/1041 batches | lr 20.0000 | loss  3.482 | ppl     32.52
[2022-04-11 01:13:28.396] End E008 | valid loss  3.770; ppl     43.37 | accu 0.2615 = 42209/161420
[2022-04-11 01:13:32.643] End E008 |  test loss  5.112; ppl    166.06 | accu 0.1599 = 31807/198980 ../data/sample_500k/adolescent_valid.txt
[2022-04-11 01:13:55.881] End E008 |  test loss  5.307; ppl    201.70 | accu 0.1281 = 139900/1091960 ../data/sample_500k/adult_test.txt
[2022-04-11 01:13:55.882] Save: model.pt... 
[2022-04-11 01:13:55.893] Save: model.pt...Done. best_val_loss: 3.7697
[2022-04-11 01:13:55.893] Epoch 009/40 ==================================================
[2022-04-11 01:14:00.070] E009 |   200/1041 batches | lr 20.0000 | loss  3.447 | ppl     31.41
[2022-04-11 01:14:04.261] E009 |   400/1041 batches | lr 20.0000 | loss  3.511 | ppl     33.47
[2022-04-11 01:14:08.447] E009 |   600/1041 batches | lr 20.0000 | loss  3.478 | ppl     32.39
[2022-04-11 01:14:12.646] E009 |   800/1041 batches | lr 20.0000 | loss  3.461 | ppl     31.86
[2022-04-11 01:14:16.828] E009 |  1000/1041 batches | lr 20.0000 | loss  3.496 | ppl     32.99
[2022-04-11 01:14:17.684] E009 |  1041/1041 batches | lr 20.0000 | loss  3.469 | ppl     32.09
[2022-04-11 01:14:21.138] End E009 | valid loss  3.763; ppl     43.10 | accu 0.2642 = 42652/161420
[2022-04-11 01:14:25.412] End E009 |  test loss  5.107; ppl    165.15 | accu 0.1613 = 32105/198980 ../data/sample_500k/adolescent_valid.txt
[2022-04-11 01:14:48.775] End E009 |  test loss  5.311; ppl    202.55 | accu 0.1304 = 142409/1091960 ../data/sample_500k/adult_test.txt
[2022-04-11 01:14:48.775] Save: model.pt... 
[2022-04-11 01:14:48.787] Save: model.pt...Done. best_val_loss: 3.7634
[2022-04-11 01:14:48.787] Epoch 010/40 ==================================================
[2022-04-11 01:14:52.961] E010 |   200/1041 batches | lr 20.0000 | loss  3.432 | ppl     30.95
[2022-04-11 01:14:56.679] E010 |   400/1041 batches | lr 20.0000 | loss  3.499 | ppl     33.09
[2022-04-11 01:15:00.256] E010 |   600/1041 batches | lr 20.0000 | loss  3.469 | ppl     32.09
[2022-04-11 01:15:03.762] E010 |   800/1041 batches | lr 20.0000 | loss  3.451 | ppl     31.53
[2022-04-11 01:15:07.311] E010 |  1000/1041 batches | lr 20.0000 | loss  3.488 | ppl     32.72
[2022-04-11 01:15:08.027] E010 |  1041/1041 batches | lr 20.0000 | loss  3.459 | ppl     31.80
[2022-04-11 01:15:10.848] End E010 | valid loss  3.754; ppl     42.70 | accu 0.2662 = 42972/161420
[2022-04-11 01:15:14.338] End E010 |  test loss  5.084; ppl    161.35 | accu 0.1607 = 31975/198980 ../data/sample_500k/adolescent_valid.txt
[2022-04-11 01:15:33.259] End E010 |  test loss  5.300; ppl    200.42 | accu 0.1286 = 140440/1091960 ../data/sample_500k/adult_test.txt
[2022-04-11 01:15:33.260] Save: model.pt... 
[2022-04-11 01:15:33.271] Save: model.pt...Done. best_val_loss: 3.7542
[2022-04-11 01:15:33.271] Epoch 011/40 ==================================================
[2022-04-11 01:15:36.825] E011 |   200/1041 batches | lr 20.0000 | loss  3.419 | ppl     30.54
[2022-04-11 01:15:40.282] E011 |   400/1041 batches | lr 20.0000 | loss  3.487 | ppl     32.70
[2022-04-11 01:15:43.747] E011 |   600/1041 batches | lr 20.0000 | loss  3.462 | ppl     31.90
[2022-04-11 01:15:47.196] E011 |   800/1041 batches | lr 20.0000 | loss  3.439 | ppl     31.16
[2022-04-11 01:15:50.665] E011 |  1000/1041 batches | lr 20.0000 | loss  3.482 | ppl     32.53
[2022-04-11 01:15:51.367] E011 |  1041/1041 batches | lr 20.0000 | loss  3.447 | ppl     31.42
[2022-04-11 01:15:54.143] End E011 | valid loss  3.750; ppl     42.53 | accu 0.2658 = 42912/161420
[2022-04-11 01:15:57.558] End E011 |  test loss  5.126; ppl    168.26 | accu 0.1620 = 32232/198980 ../data/sample_500k/adolescent_valid.txt
[2022-04-11 01:16:16.452] End E011 |  test loss  5.319; ppl    204.09 | accu 0.1307 = 142705/1091960 ../data/sample_500k/adult_test.txt
[2022-04-11 01:16:16.452] Save: model.pt... 
[2022-04-11 01:16:16.466] Save: model.pt...Done. best_val_loss: 3.7502
[2022-04-11 01:16:16.466] Epoch 012/40 ==================================================
[2022-04-11 01:16:19.921] E012 |   200/1041 batches | lr 20.0000 | loss  3.418 | ppl     30.50
[2022-04-11 01:16:23.529] E012 |   400/1041 batches | lr 20.0000 | loss  3.480 | ppl     32.46
[2022-04-11 01:16:27.629] E012 |   600/1041 batches | lr 20.0000 | loss  3.451 | ppl     31.54
[2022-04-11 01:16:31.693] E012 |   800/1041 batches | lr 20.0000 | loss  3.438 | ppl     31.14
[2022-04-11 01:16:35.225] E012 |  1000/1041 batches | lr 20.0000 | loss  3.474 | ppl     32.28
[2022-04-11 01:16:35.966] E012 |  1041/1041 batches | lr 20.0000 | loss  3.446 | ppl     31.38
[2022-04-11 01:16:38.782] End E012 | valid loss  3.748; ppl     42.44 | accu 0.2656 = 42871/161420
[2022-04-11 01:16:42.259] End E012 |  test loss  5.113; ppl    166.23 | accu 0.1635 = 32542/198980 ../data/sample_500k/adolescent_valid.txt
[2022-04-11 01:17:01.286] End E012 |  test loss  5.313; ppl    203.00 | accu 0.1315 = 143638/1091960 ../data/sample_500k/adult_test.txt
[2022-04-11 01:17:01.286] Save: model.pt... 
[2022-04-11 01:17:01.294] Save: model.pt...Done. best_val_loss: 3.7481
[2022-04-11 01:17:01.294] Epoch 013/40 ==================================================
[2022-04-11 01:17:04.866] E013 |   200/1041 batches | lr 20.0000 | loss  3.411 | ppl     30.29
[2022-04-11 01:17:08.416] E013 |   400/1041 batches | lr 20.0000 | loss  3.478 | ppl     32.39
[2022-04-11 01:17:11.943] E013 |   600/1041 batches | lr 20.0000 | loss  3.447 | ppl     31.42
[2022-04-11 01:17:15.426] E013 |   800/1041 batches | lr 20.0000 | loss  3.434 | ppl     31.01
[2022-04-11 01:17:18.946] E013 |  1000/1041 batches | lr 20.0000 | loss  3.467 | ppl     32.03
[2022-04-11 01:17:19.657] E013 |  1041/1041 batches | lr 20.0000 | loss  3.438 | ppl     31.11
[2022-04-11 01:17:22.462] End E013 | valid loss  3.750; ppl     42.51 | accu 0.2651 = 42785/161420
[2022-04-11 01:17:25.884] End E013 |  test loss  5.102; ppl    164.30 | accu 0.1630 = 32426/198980 ../data/sample_500k/adolescent_valid.txt
[2022-04-11 01:17:44.777] End E013 |  test loss  5.312; ppl    202.78 | accu 0.1311 = 143177/1091960 ../data/sample_500k/adult_test.txt
[2022-04-11 01:17:44.777] Epoch 014/40 ==================================================
[2022-04-11 01:17:48.311] E014 |   200/1041 batches | lr 10.0000 | loss  3.389 | ppl     29.63
[2022-04-11 01:17:51.827] E014 |   400/1041 batches | lr 10.0000 | loss  3.415 | ppl     30.40
[2022-04-11 01:17:55.301] E014 |   600/1041 batches | lr 10.0000 | loss  3.367 | ppl     28.98
[2022-04-11 01:17:58.773] E014 |   800/1041 batches | lr 10.0000 | loss  3.332 | ppl     28.00
[2022-04-11 01:18:02.234] E014 |  1000/1041 batches | lr 10.0000 | loss  3.350 | ppl     28.50
[2022-04-11 01:18:02.952] E014 |  1041/1041 batches | lr 10.0000 | loss  3.317 | ppl     27.58
[2022-04-11 01:18:05.733] End E014 | valid loss  3.679; ppl     39.59 | accu 0.2784 = 44938/161420
[2022-04-11 01:18:09.139] End E014 |  test loss  5.066; ppl    158.60 | accu 0.1708 = 33992/198980 ../data/sample_500k/adolescent_valid.txt
[2022-04-11 01:18:28.016] End E014 |  test loss  5.269; ppl    194.28 | accu 0.1380 = 150651/1091960 ../data/sample_500k/adult_test.txt
[2022-04-11 01:18:28.016] Save: model.pt... 
[2022-04-11 01:18:28.028] Save: model.pt...Done. best_val_loss: 3.6787
[2022-04-11 01:18:28.028] Epoch 015/40 ==================================================
[2022-04-11 01:18:31.540] E015 |   200/1041 batches | lr 10.0000 | loss  3.309 | ppl     27.37
[2022-04-11 01:18:35.056] E015 |   400/1041 batches | lr 10.0000 | loss  3.362 | ppl     28.84
[2022-04-11 01:18:38.523] E015 |   600/1041 batches | lr 10.0000 | loss  3.327 | ppl     27.85
[2022-04-11 01:18:42.013] E015 |   800/1041 batches | lr 10.0000 | loss  3.304 | ppl     27.22
[2022-04-11 01:18:45.865] E015 |  1000/1041 batches | lr 10.0000 | loss  3.332 | ppl     28.01
[2022-04-11 01:18:46.714] E015 |  1041/1041 batches | lr 10.0000 | loss  3.299 | ppl     27.08
[2022-04-11 01:18:50.176] End E015 | valid loss  3.670; ppl     39.25 | accu 0.2805 = 45286/161420
[2022-04-11 01:18:54.452] End E015 |  test loss  5.064; ppl    158.18 | accu 0.1720 = 34222/198980 ../data/sample_500k/adolescent_valid.txt
[2022-04-11 01:19:17.786] End E015 |  test loss  5.261; ppl    192.59 | accu 0.1412 = 154143/1091960 ../data/sample_500k/adult_test.txt
[2022-04-11 01:19:17.787] Save: model.pt... 
[2022-04-11 01:19:17.798] Save: model.pt...Done. best_val_loss: 3.6699
[2022-04-11 01:19:17.798] Epoch 016/40 ==================================================
[2022-04-11 01:19:21.929] E016 |   200/1041 batches | lr 10.0000 | loss  3.283 | ppl     26.67
[2022-04-11 01:19:26.067] E016 |   400/1041 batches | lr 10.0000 | loss  3.343 | ppl     28.32
[2022-04-11 01:19:30.163] E016 |   600/1041 batches | lr 10.0000 | loss  3.311 | ppl     27.40
[2022-04-11 01:19:33.725] E016 |   800/1041 batches | lr 10.0000 | loss  3.290 | ppl     26.85
[2022-04-11 01:19:37.223] E016 |  1000/1041 batches | lr 10.0000 | loss  3.318 | ppl     27.61
[2022-04-11 01:19:37.931] E016 |  1041/1041 batches | lr 10.0000 | loss  3.291 | ppl     26.87
[2022-04-11 01:19:40.708] End E016 | valid loss  3.664; ppl     39.01 | accu 0.2818 = 45487/161420
[2022-04-11 01:19:44.143] End E016 |  test loss  5.056; ppl    157.02 | accu 0.1723 = 34280/198980 ../data/sample_500k/adolescent_valid.txt
[2022-04-11 01:20:03.013] End E016 |  test loss  5.260; ppl    192.54 | accu 0.1421 = 155171/1091960 ../data/sample_500k/adult_test.txt
[2022-04-11 01:20:03.013] Save: model.pt... 
[2022-04-11 01:20:03.021] Save: model.pt...Done. best_val_loss: 3.6637
[2022-04-11 01:20:03.021] Epoch 017/40 ==================================================
[2022-04-11 01:20:06.526] E017 |   200/1041 batches | lr 10.0000 | loss  3.269 | ppl     26.29
[2022-04-11 01:20:10.052] E017 |   400/1041 batches | lr 10.0000 | loss  3.324 | ppl     27.78
[2022-04-11 01:20:13.553] E017 |   600/1041 batches | lr 10.0000 | loss  3.293 | ppl     26.93
[2022-04-11 01:20:17.127] E017 |   800/1041 batches | lr 10.0000 | loss  3.278 | ppl     26.53
[2022-04-11 01:20:20.647] E017 |  1000/1041 batches | lr 10.0000 | loss  3.311 | ppl     27.40
[2022-04-11 01:20:21.375] E017 |  1041/1041 batches | lr 10.0000 | loss  3.285 | ppl     26.72
[2022-04-11 01:20:24.197] End E017 | valid loss  3.660; ppl     38.88 | accu 0.2822 = 45554/161420
[2022-04-11 01:20:27.652] End E017 |  test loss  5.058; ppl    157.29 | accu 0.1717 = 34161/198980 ../data/sample_500k/adolescent_valid.txt
[2022-04-11 01:20:46.636] End E017 |  test loss  5.259; ppl    192.21 | accu 0.1409 = 153853/1091960 ../data/sample_500k/adult_test.txt
[2022-04-11 01:20:46.636] Save: model.pt... 
[2022-04-11 01:20:46.647] Save: model.pt...Done. best_val_loss: 3.6604
[2022-04-11 01:20:46.648] Epoch 018/40 ==================================================
[2022-04-11 01:20:50.405] E018 |   200/1041 batches | lr 10.0000 | loss  3.255 | ppl     25.93
[2022-04-11 01:20:53.932] E018 |   400/1041 batches | lr 10.0000 | loss  3.312 | ppl     27.45
[2022-04-11 01:20:57.498] E018 |   600/1041 batches | lr 10.0000 | loss  3.283 | ppl     26.65
[2022-04-11 01:21:01.027] E018 |   800/1041 batches | lr 10.0000 | loss  3.269 | ppl     26.29
[2022-04-11 01:21:04.527] E018 |  1000/1041 batches | lr 10.0000 | loss  3.302 | ppl     27.17
[2022-04-11 01:21:05.234] E018 |  1041/1041 batches | lr 10.0000 | loss  3.274 | ppl     26.41
[2022-04-11 01:21:08.053] End E018 | valid loss  3.658; ppl     38.77 | accu 0.2843 = 45888/161420
[2022-04-11 01:21:11.521] End E018 |  test loss  5.062; ppl    157.90 | accu 0.1736 = 34544/198980 ../data/sample_500k/adolescent_valid.txt
[2022-04-11 01:21:30.524] End E018 |  test loss  5.259; ppl    192.35 | accu 0.1427 = 155838/1091960 ../data/sample_500k/adult_test.txt
[2022-04-11 01:21:30.525] Save: model.pt... 
[2022-04-11 01:21:30.536] Save: model.pt...Done. best_val_loss: 3.6577
[2022-04-11 01:21:30.536] Epoch 019/40 ==================================================
[2022-04-11 01:21:34.055] E019 |   200/1041 batches | lr 10.0000 | loss  3.246 | ppl     25.70
[2022-04-11 01:21:37.562] E019 |   400/1041 batches | lr 10.0000 | loss  3.304 | ppl     27.22
[2022-04-11 01:21:41.046] E019 |   600/1041 batches | lr 10.0000 | loss  3.279 | ppl     26.55
[2022-04-11 01:21:44.758] E019 |   800/1041 batches | lr 10.0000 | loss  3.256 | ppl     25.96
[2022-04-11 01:21:48.873] E019 |  1000/1041 batches | lr 10.0000 | loss  3.291 | ppl     26.87
[2022-04-11 01:21:49.730] E019 |  1041/1041 batches | lr 10.0000 | loss  3.264 | ppl     26.16
[2022-04-11 01:21:53.199] End E019 | valid loss  3.654; ppl     38.62 | accu 0.2844 = 45914/161420
[2022-04-11 01:21:57.494] End E019 |  test loss  5.062; ppl    157.98 | accu 0.1737 = 34557/198980 ../data/sample_500k/adolescent_valid.txt
[2022-04-11 01:22:20.926] End E019 |  test loss  5.266; ppl    193.73 | accu 0.1430 = 156116/1091960 ../data/sample_500k/adult_test.txt
[2022-04-11 01:22:20.926] Save: model.pt... 
[2022-04-11 01:22:20.938] Save: model.pt...Done. best_val_loss: 3.6538
[2022-04-11 01:22:20.938] Epoch 020/40 ==================================================
[2022-04-11 01:22:25.095] E020 |   200/1041 batches | lr 10.0000 | loss  3.240 | ppl     25.54
[2022-04-11 01:22:29.227] E020 |   400/1041 batches | lr 10.0000 | loss  3.297 | ppl     27.02
[2022-04-11 01:22:33.369] E020 |   600/1041 batches | lr 10.0000 | loss  3.272 | ppl     26.35
[2022-04-11 01:22:37.509] E020 |   800/1041 batches | lr 10.0000 | loss  3.254 | ppl     25.89
[2022-04-11 01:22:41.314] E020 |  1000/1041 batches | lr 10.0000 | loss  3.285 | ppl     26.70
[2022-04-11 01:22:42.028] E020 |  1041/1041 batches | lr 10.0000 | loss  3.258 | ppl     26.00
[2022-04-11 01:22:44.843] End E020 | valid loss  3.648; ppl     38.40 | accu 0.2850 = 46002/161420
[2022-04-11 01:22:48.309] End E020 |  test loss  5.069; ppl    159.00 | accu 0.1732 = 34470/198980 ../data/sample_500k/adolescent_valid.txt
[2022-04-11 01:23:07.269] End E020 |  test loss  5.258; ppl    192.07 | accu 0.1439 = 157099/1091960 ../data/sample_500k/adult_test.txt
[2022-04-11 01:23:07.269] Save: model.pt... 
[2022-04-11 01:23:07.281] Save: model.pt...Done. best_val_loss: 3.6481
[2022-04-11 01:23:07.281] Epoch 021/40 ==================================================
[2022-04-11 01:23:10.765] E021 |   200/1041 batches | lr 10.0000 | loss  3.231 | ppl     25.30
[2022-04-11 01:23:14.249] E021 |   400/1041 batches | lr 10.0000 | loss  3.290 | ppl     26.85
[2022-04-11 01:23:17.724] E021 |   600/1041 batches | lr 10.0000 | loss  3.259 | ppl     26.01
[2022-04-11 01:23:21.199] E021 |   800/1041 batches | lr 10.0000 | loss  3.244 | ppl     25.63
[2022-04-11 01:23:24.651] E021 |  1000/1041 batches | lr 10.0000 | loss  3.281 | ppl     26.59
[2022-04-11 01:23:25.358] E021 |  1041/1041 batches | lr 10.0000 | loss  3.250 | ppl     25.78
[2022-04-11 01:23:28.143] End E021 | valid loss  3.651; ppl     38.50 | accu 0.2852 = 46042/161420
[2022-04-11 01:23:31.570] End E021 |  test loss  5.083; ppl    161.18 | accu 0.1742 = 34664/198980 ../data/sample_500k/adolescent_valid.txt
[2022-04-11 01:23:50.697] End E021 |  test loss  5.275; ppl    195.33 | accu 0.1433 = 156433/1091960 ../data/sample_500k/adult_test.txt
[2022-04-11 01:23:50.697] Epoch 022/40 ==================================================
[2022-04-11 01:23:54.256] E022 |   200/1041 batches | lr 5.0000 | loss  3.225 | ppl     25.16
[2022-04-11 01:23:57.929] E022 |   400/1041 batches | lr 5.0000 | loss  3.264 | ppl     26.16
[2022-04-11 01:24:01.369] E022 |   600/1041 batches | lr 5.0000 | loss  3.222 | ppl     25.07
[2022-04-11 01:24:04.869] E022 |   800/1041 batches | lr 5.0000 | loss  3.199 | ppl     24.51
[2022-04-11 01:24:08.409] E022 |  1000/1041 batches | lr 5.0000 | loss  3.221 | ppl     25.06
[2022-04-11 01:24:09.119] E022 |  1041/1041 batches | lr 5.0000 | loss  3.194 | ppl     24.39
[2022-04-11 01:24:11.936] End E022 | valid loss  3.621; ppl     37.39 | accu 0.2893 = 46702/161420
[2022-04-11 01:24:15.380] End E022 |  test loss  5.055; ppl    156.74 | accu 0.1766 = 35132/198980 ../data/sample_500k/adolescent_valid.txt
[2022-04-11 01:24:34.214] End E022 |  test loss  5.235; ppl    187.81 | accu 0.1472 = 160754/1091960 ../data/sample_500k/adult_test.txt
[2022-04-11 01:24:34.214] Save: model.pt... 
[2022-04-11 01:24:34.225] Save: model.pt...Done. best_val_loss: 3.6214
[2022-04-11 01:24:34.225] Epoch 023/40 ==================================================
[2022-04-11 01:24:37.791] E023 |   200/1041 batches | lr 5.0000 | loss  3.186 | ppl     24.19
[2022-04-11 01:24:41.223] E023 |   400/1041 batches | lr 5.0000 | loss  3.240 | ppl     25.53
[2022-04-11 01:24:44.697] E023 |   600/1041 batches | lr 5.0000 | loss  3.210 | ppl     24.79
[2022-04-11 01:24:48.141] E023 |   800/1041 batches | lr 5.0000 | loss  3.187 | ppl     24.21
[2022-04-11 01:24:51.625] E023 |  1000/1041 batches | lr 5.0000 | loss  3.214 | ppl     24.88
[2022-04-11 01:24:52.330] E023 |  1041/1041 batches | lr 5.0000 | loss  3.184 | ppl     24.14
[2022-04-11 01:24:55.158] End E023 | valid loss  3.619; ppl     37.31 | accu 0.2906 = 46910/161420
[2022-04-11 01:24:58.614] End E023 |  test loss  5.054; ppl    156.71 | accu 0.1771 = 35247/198980 ../data/sample_500k/adolescent_valid.txt
[2022-04-11 01:25:17.620] End E023 |  test loss  5.246; ppl    189.71 | accu 0.1478 = 161413/1091960 ../data/sample_500k/adult_test.txt
[2022-04-11 01:25:17.620] Save: model.pt... 
[2022-04-11 01:25:17.631] Save: model.pt...Done. best_val_loss: 3.6191
[2022-04-11 01:25:17.631] Epoch 024/40 ==================================================
[2022-04-11 01:25:21.208] E024 |   200/1041 batches | lr 5.0000 | loss  3.177 | ppl     23.98
[2022-04-11 01:25:24.751] E024 |   400/1041 batches | lr 5.0000 | loss  3.229 | ppl     25.25
[2022-04-11 01:25:28.277] E024 |   600/1041 batches | lr 5.0000 | loss  3.196 | ppl     24.43
[2022-04-11 01:25:31.809] E024 |   800/1041 batches | lr 5.0000 | loss  3.178 | ppl     24.00
[2022-04-11 01:25:35.528] E024 |  1000/1041 batches | lr 5.0000 | loss  3.206 | ppl     24.68
[2022-04-11 01:25:36.371] E024 |  1041/1041 batches | lr 5.0000 | loss  3.180 | ppl     24.05
[2022-04-11 01:25:39.672] End E024 | valid loss  3.616; ppl     37.18 | accu 0.2905 = 46898/161420
[2022-04-11 01:25:43.156] End E024 |  test loss  5.059; ppl    157.41 | accu 0.1778 = 35384/198980 ../data/sample_500k/adolescent_valid.txt
[2022-04-11 01:26:02.013] End E024 |  test loss  5.243; ppl    189.27 | accu 0.1482 = 161804/1091960 ../data/sample_500k/adult_test.txt
[2022-04-11 01:26:02.013] Save: model.pt... 
[2022-04-11 01:26:02.021] Save: model.pt...Done. best_val_loss: 3.6158
[2022-04-11 01:26:02.021] Epoch 025/40 ==================================================
[2022-04-11 01:26:05.559] E025 |   200/1041 batches | lr 5.0000 | loss  3.169 | ppl     23.78
[2022-04-11 01:26:09.080] E025 |   400/1041 batches | lr 5.0000 | loss  3.223 | ppl     25.10
[2022-04-11 01:26:12.609] E025 |   600/1041 batches | lr 5.0000 | loss  3.191 | ppl     24.31
[2022-04-11 01:26:16.122] E025 |   800/1041 batches | lr 5.0000 | loss  3.171 | ppl     23.84
[2022-04-11 01:26:19.619] E025 |  1000/1041 batches | lr 5.0000 | loss  3.202 | ppl     24.58
[2022-04-11 01:26:20.336] E025 |  1041/1041 batches | lr 5.0000 | loss  3.179 | ppl     24.03
[2022-04-11 01:26:23.138] End E025 | valid loss  3.615; ppl     37.17 | accu 0.2907 = 46932/161420
[2022-04-11 01:26:26.604] End E025 |  test loss  5.063; ppl    158.05 | accu 0.1776 = 35346/198980 ../data/sample_500k/adolescent_valid.txt
[2022-04-11 01:26:45.593] End E025 |  test loss  5.247; ppl    189.93 | accu 0.1486 = 162223/1091960 ../data/sample_500k/adult_test.txt
[2022-04-11 01:26:45.593] Save: model.pt... 
[2022-04-11 01:26:45.604] Save: model.pt...Done. best_val_loss: 3.6155
[2022-04-11 01:26:45.604] Epoch 026/40 ==================================================
[2022-04-11 01:26:49.590] E026 |   200/1041 batches | lr 5.0000 | loss  3.160 | ppl     23.57
[2022-04-11 01:26:53.739] E026 |   400/1041 batches | lr 5.0000 | loss  3.214 | ppl     24.87
[2022-04-11 01:26:57.849] E026 |   600/1041 batches | lr 5.0000 | loss  3.188 | ppl     24.23
[2022-04-11 01:27:01.968] E026 |   800/1041 batches | lr 5.0000 | loss  3.168 | ppl     23.77
[2022-04-11 01:27:06.073] E026 |  1000/1041 batches | lr 5.0000 | loss  3.196 | ppl     24.45
[2022-04-11 01:27:06.925] E026 |  1041/1041 batches | lr 5.0000 | loss  3.171 | ppl     23.84
[2022-04-11 01:27:10.385] End E026 | valid loss  3.614; ppl     37.12 | accu 0.2912 = 47013/161420
[2022-04-11 01:27:14.646] End E026 |  test loss  5.061; ppl    157.82 | accu 0.1775 = 35318/198980 ../data/sample_500k/adolescent_valid.txt
[2022-04-11 01:27:37.994] End E026 |  test loss  5.246; ppl    189.84 | accu 0.1477 = 161285/1091960 ../data/sample_500k/adult_test.txt
[2022-04-11 01:27:37.994] Save: model.pt... 
[2022-04-11 01:27:38.002] Save: model.pt...Done. best_val_loss: 3.6143
[2022-04-11 01:27:38.003] Epoch 027/40 ==================================================
[2022-04-11 01:27:42.162] E027 |   200/1041 batches | lr 5.0000 | loss  3.150 | ppl     23.33
[2022-04-11 01:27:45.864] E027 |   400/1041 batches | lr 5.0000 | loss  3.208 | ppl     24.72
[2022-04-11 01:27:49.338] E027 |   600/1041 batches | lr 5.0000 | loss  3.183 | ppl     24.12
[2022-04-11 01:27:52.819] E027 |   800/1041 batches | lr 5.0000 | loss  3.166 | ppl     23.70
[2022-04-11 01:27:56.266] E027 |  1000/1041 batches | lr 5.0000 | loss  3.193 | ppl     24.36
[2022-04-11 01:27:56.974] E027 |  1041/1041 batches | lr 5.0000 | loss  3.171 | ppl     23.84
[2022-04-11 01:27:59.766] End E027 | valid loss  3.612; ppl     37.02 | accu 0.2917 = 47087/161420
[2022-04-11 01:28:03.235] End E027 |  test loss  5.058; ppl    157.27 | accu 0.1784 = 35493/198980 ../data/sample_500k/adolescent_valid.txt
[2022-04-11 01:28:22.083] End E027 |  test loss  5.240; ppl    188.75 | accu 0.1487 = 162411/1091960 ../data/sample_500k/adult_test.txt
[2022-04-11 01:28:22.083] Save: model.pt... 
[2022-04-11 01:28:22.094] Save: model.pt...Done. best_val_loss: 3.6115
[2022-04-11 01:28:22.094] Epoch 028/40 ==================================================
[2022-04-11 01:28:25.594] E028 |   200/1041 batches | lr 5.0000 | loss  3.145 | ppl     23.22
[2022-04-11 01:28:29.064] E028 |   400/1041 batches | lr 5.0000 | loss  3.202 | ppl     24.57
[2022-04-11 01:28:32.496] E028 |   600/1041 batches | lr 5.0000 | loss  3.181 | ppl     24.08
[2022-04-11 01:28:35.997] E028 |   800/1041 batches | lr 5.0000 | loss  3.157 | ppl     23.51
[2022-04-11 01:28:39.462] E028 |  1000/1041 batches | lr 5.0000 | loss  3.188 | ppl     24.25
[2022-04-11 01:28:40.170] E028 |  1041/1041 batches | lr 5.0000 | loss  3.169 | ppl     23.79
[2022-04-11 01:28:42.984] End E028 | valid loss  3.610; ppl     36.98 | accu 0.2928 = 47260/161420
[2022-04-11 01:28:46.426] End E028 |  test loss  5.060; ppl    157.57 | accu 0.1784 = 35494/198980 ../data/sample_500k/adolescent_valid.txt
[2022-04-11 01:29:05.406] End E028 |  test loss  5.247; ppl    189.95 | accu 0.1484 = 162050/1091960 ../data/sample_500k/adult_test.txt
[2022-04-11 01:29:05.406] Save: model.pt... 
[2022-04-11 01:29:05.414] Save: model.pt...Done. best_val_loss: 3.6103
[2022-04-11 01:29:05.414] Epoch 029/40 ==================================================
[2022-04-11 01:29:08.929] E029 |   200/1041 batches | lr 5.0000 | loss  3.146 | ppl     23.24
[2022-04-11 01:29:12.389] E029 |   400/1041 batches | lr 5.0000 | loss  3.200 | ppl     24.52
[2022-04-11 01:29:15.845] E029 |   600/1041 batches | lr 5.0000 | loss  3.173 | ppl     23.89
[2022-04-11 01:29:19.344] E029 |   800/1041 batches | lr 5.0000 | loss  3.152 | ppl     23.39
[2022-04-11 01:29:22.815] E029 |  1000/1041 batches | lr 5.0000 | loss  3.190 | ppl     24.29
[2022-04-11 01:29:23.533] E029 |  1041/1041 batches | lr 5.0000 | loss  3.172 | ppl     23.87
[2022-04-11 01:29:26.326] End E029 | valid loss  3.608; ppl     36.91 | accu 0.2930 = 47298/161420
[2022-04-11 01:29:29.747] End E029 |  test loss  5.056; ppl    156.90 | accu 0.1780 = 35425/198980 ../data/sample_500k/adolescent_valid.txt
[2022-04-11 01:29:48.579] End E029 |  test loss  5.242; ppl    189.07 | accu 0.1484 = 162048/1091960 ../data/sample_500k/adult_test.txt
[2022-04-11 01:29:48.579] Save: model.pt... 
[2022-04-11 01:29:48.590] Save: model.pt...Done. best_val_loss: 3.6084
[2022-04-11 01:29:48.590] Epoch 030/40 ==================================================
[2022-04-11 01:29:52.098] E030 |   200/1041 batches | lr 5.0000 | loss  3.136 | ppl     23.02
[2022-04-11 01:29:55.599] E030 |   400/1041 batches | lr 5.0000 | loss  3.195 | ppl     24.41
[2022-04-11 01:29:59.122] E030 |   600/1041 batches | lr 5.0000 | loss  3.171 | ppl     23.83
[2022-04-11 01:30:02.651] E030 |   800/1041 batches | lr 5.0000 | loss  3.149 | ppl     23.31
[2022-04-11 01:30:06.122] E030 |  1000/1041 batches | lr 5.0000 | loss  3.182 | ppl     24.09
[2022-04-11 01:30:06.827] E030 |  1041/1041 batches | lr 5.0000 | loss  3.159 | ppl     23.56
[2022-04-11 01:30:09.600] End E030 | valid loss  3.610; ppl     36.96 | accu 0.2919 = 47122/161420
[2022-04-11 01:30:13.011] End E030 |  test loss  5.055; ppl    156.81 | accu 0.1789 = 35599/198980 ../data/sample_500k/adolescent_valid.txt
[2022-04-11 01:30:31.824] End E030 |  test loss  5.248; ppl    190.13 | accu 0.1488 = 162441/1091960 ../data/sample_500k/adult_test.txt
[2022-04-11 01:30:31.824] Epoch 031/40 ==================================================
[2022-04-11 01:30:35.298] E031 |   200/1041 batches | lr 2.5000 | loss  3.141 | ppl     23.12
[2022-04-11 01:30:38.775] E031 |   400/1041 batches | lr 2.5000 | loss  3.181 | ppl     24.07
[2022-04-11 01:30:42.338] E031 |   600/1041 batches | lr 2.5000 | loss  3.156 | ppl     23.47
[2022-04-11 01:30:45.769] E031 |   800/1041 batches | lr 2.5000 | loss  3.129 | ppl     22.85
[2022-04-11 01:30:49.222] E031 |  1000/1041 batches | lr 2.5000 | loss  3.151 | ppl     23.35
[2022-04-11 01:30:49.947] E031 |  1041/1041 batches | lr 2.5000 | loss  3.127 | ppl     22.79
[2022-04-11 01:30:52.719] End E031 | valid loss  3.599; ppl     36.56 | accu 0.2942 = 47492/161420
[2022-04-11 01:30:56.116] End E031 |  test loss  5.050; ppl    155.95 | accu 0.1796 = 35732/198980 ../data/sample_500k/adolescent_valid.txt
[2022-04-11 01:31:14.832] End E031 |  test loss  5.240; ppl    188.58 | accu 0.1499 = 163692/1091960 ../data/sample_500k/adult_test.txt
[2022-04-11 01:31:14.833] Save: model.pt... 
[2022-04-11 01:31:14.844] Save: model.pt...Done. best_val_loss: 3.5989
[2022-04-11 01:31:14.844] Epoch 032/40 ==================================================
[2022-04-11 01:31:18.393] E032 |   200/1041 batches | lr 2.5000 | loss  3.119 | ppl     22.62
[2022-04-11 01:31:21.892] E032 |   400/1041 batches | lr 2.5000 | loss  3.170 | ppl     23.80
[2022-04-11 01:31:25.456] E032 |   600/1041 batches | lr 2.5000 | loss  3.143 | ppl     23.16
[2022-04-11 01:31:28.947] E032 |   800/1041 batches | lr 2.5000 | loss  3.122 | ppl     22.69
[2022-04-11 01:31:32.439] E032 |  1000/1041 batches | lr 2.5000 | loss  3.148 | ppl     23.30
[2022-04-11 01:31:33.147] E032 |  1041/1041 batches | lr 2.5000 | loss  3.127 | ppl     22.79
[2022-04-11 01:31:35.911] End E032 | valid loss  3.598; ppl     36.51 | accu 0.2948 = 47579/161420
[2022-04-11 01:31:39.317] End E032 |  test loss  5.047; ppl    155.50 | accu 0.1799 = 35799/198980 ../data/sample_500k/adolescent_valid.txt
[2022-04-11 01:31:58.038] End E032 |  test loss  5.243; ppl    189.26 | accu 0.1501 = 163930/1091960 ../data/sample_500k/adult_test.txt
[2022-04-11 01:31:58.039] Save: model.pt... 
[2022-04-11 01:31:58.046] Save: model.pt...Done. best_val_loss: 3.5976
[2022-04-11 01:31:58.047] Epoch 033/40 ==================================================
[2022-04-11 01:32:01.560] E033 |   200/1041 batches | lr 2.5000 | loss  3.113 | ppl     22.49
[2022-04-11 01:32:05.041] E033 |   400/1041 batches | lr 2.5000 | loss  3.164 | ppl     23.66
[2022-04-11 01:32:08.506] E033 |   600/1041 batches | lr 2.5000 | loss  3.142 | ppl     23.15
[2022-04-11 01:32:11.978] E033 |   800/1041 batches | lr 2.5000 | loss  3.118 | ppl     22.61
[2022-04-11 01:32:15.451] E033 |  1000/1041 batches | lr 2.5000 | loss  3.147 | ppl     23.26
[2022-04-11 01:32:16.161] E033 |  1041/1041 batches | lr 2.5000 | loss  3.133 | ppl     22.95
[2022-04-11 01:32:18.967] End E033 | valid loss  3.595; ppl     36.41 | accu 0.2955 = 47702/161420
[2022-04-11 01:32:22.389] End E033 |  test loss  5.043; ppl    154.86 | accu 0.1800 = 35824/198980 ../data/sample_500k/adolescent_valid.txt
[2022-04-11 01:32:41.268] End E033 |  test loss  5.234; ppl    187.62 | accu 0.1503 = 164131/1091960 ../data/sample_500k/adult_test.txt
[2022-04-11 01:32:41.269] Save: model.pt... 
[2022-04-11 01:32:41.280] Save: model.pt...Done. best_val_loss: 3.5947
[2022-04-11 01:32:41.280] Epoch 034/40 ==================================================
[2022-04-11 01:32:44.814] E034 |   200/1041 batches | lr 2.5000 | loss  3.110 | ppl     22.42
[2022-04-11 01:32:48.321] E034 |   400/1041 batches | lr 2.5000 | loss  3.160 | ppl     23.58
[2022-04-11 01:32:51.806] E034 |   600/1041 batches | lr 2.5000 | loss  3.136 | ppl     23.01
[2022-04-11 01:32:55.271] E034 |   800/1041 batches | lr 2.5000 | loss  3.113 | ppl     22.49
[2022-04-11 01:32:58.728] E034 |  1000/1041 batches | lr 2.5000 | loss  3.144 | ppl     23.19
[2022-04-11 01:32:59.437] E034 |  1041/1041 batches | lr 2.5000 | loss  3.116 | ppl     22.56
[2022-04-11 01:33:02.218] End E034 | valid loss  3.595; ppl     36.43 | accu 0.2949 = 47607/161420
[2022-04-11 01:33:05.630] End E034 |  test loss  5.053; ppl    156.51 | accu 0.1796 = 35734/198980 ../data/sample_500k/adolescent_valid.txt
[2022-04-11 01:33:24.263] End E034 |  test loss  5.243; ppl    189.18 | accu 0.1504 = 164248/1091960 ../data/sample_500k/adult_test.txt
[2022-04-11 01:33:24.263] Epoch 035/40 ==================================================
[2022-04-11 01:33:27.768] E035 |   200/1041 batches | lr 1.2500 | loss  3.108 | ppl     22.38
[2022-04-11 01:33:31.212] E035 |   400/1041 batches | lr 1.2500 | loss  3.154 | ppl     23.44
[2022-04-11 01:33:34.690] E035 |   600/1041 batches | lr 1.2500 | loss  3.130 | ppl     22.88
[2022-04-11 01:33:38.192] E035 |   800/1041 batches | lr 1.2500 | loss  3.101 | ppl     22.22
[2022-04-11 01:33:41.664] E035 |  1000/1041 batches | lr 1.2500 | loss  3.125 | ppl     22.75
[2022-04-11 01:33:42.366] E035 |  1041/1041 batches | lr 1.2500 | loss  3.106 | ppl     22.32
[2022-04-11 01:33:45.143] End E035 | valid loss  3.592; ppl     36.32 | accu 0.2958 = 47750/161420
[2022-04-11 01:33:48.581] End E035 |  test loss  5.053; ppl    156.43 | accu 0.1807 = 35952/198980 ../data/sample_500k/adolescent_valid.txt
[2022-04-11 01:34:07.402] End E035 |  test loss  5.243; ppl    189.33 | accu 0.1505 = 164335/1091960 ../data/sample_500k/adult_test.txt
[2022-04-11 01:34:07.402] Save: model.pt... 
[2022-04-11 01:34:07.413] Save: model.pt...Done. best_val_loss: 3.5925
[2022-04-11 01:34:07.413] Epoch 036/40 ==================================================
[2022-04-11 01:34:10.871] E036 |   200/1041 batches | lr 1.2500 | loss  3.097 | ppl     22.13
[2022-04-11 01:34:14.332] E036 |   400/1041 batches | lr 1.2500 | loss  3.147 | ppl     23.26
[2022-04-11 01:34:17.982] E036 |   600/1041 batches | lr 1.2500 | loss  3.124 | ppl     22.73
[2022-04-11 01:34:22.085] E036 |   800/1041 batches | lr 1.2500 | loss  3.095 | ppl     22.09
[2022-04-11 01:34:26.250] E036 |  1000/1041 batches | lr 1.2500 | loss  3.123 | ppl     22.72
[2022-04-11 01:34:27.102] E036 |  1041/1041 batches | lr 1.2500 | loss  3.109 | ppl     22.41
[2022-04-11 01:34:30.560] End E036 | valid loss  3.592; ppl     36.30 | accu 0.2962 = 47806/161420
[2022-04-11 01:34:34.850] End E036 |  test loss  5.049; ppl    155.89 | accu 0.1805 = 35908/198980 ../data/sample_500k/adolescent_valid.txt
[2022-04-11 01:34:58.234] End E036 |  test loss  5.240; ppl    188.64 | accu 0.1509 = 164746/1091960 ../data/sample_500k/adult_test.txt
[2022-04-11 01:34:58.234] Save: model.pt... 
[2022-04-11 01:34:58.246] Save: model.pt...Done. best_val_loss: 3.5919
[2022-04-11 01:34:58.246] Epoch 037/40 ==================================================
[2022-04-11 01:35:02.387] E037 |   200/1041 batches | lr 1.2500 | loss  3.093 | ppl     22.05
[2022-04-11 01:35:06.527] E037 |   400/1041 batches | lr 1.2500 | loss  3.145 | ppl     23.22
[2022-04-11 01:35:10.685] E037 |   600/1041 batches | lr 1.2500 | loss  3.122 | ppl     22.68
[2022-04-11 01:35:14.814] E037 |   800/1041 batches | lr 1.2500 | loss  3.095 | ppl     22.09
[2022-04-11 01:35:18.943] E037 |  1000/1041 batches | lr 1.2500 | loss  3.121 | ppl     22.66
[2022-04-11 01:35:19.783] E037 |  1041/1041 batches | lr 1.2500 | loss  3.101 | ppl     22.23
[2022-04-11 01:35:23.283] End E037 | valid loss  3.591; ppl     36.27 | accu 0.2957 = 47737/161420
[2022-04-11 01:35:27.573] End E037 |  test loss  5.048; ppl    155.67 | accu 0.1811 = 36038/198980 ../data/sample_500k/adolescent_valid.txt
[2022-04-11 01:35:50.795] End E037 |  test loss  5.239; ppl    188.40 | accu 0.1513 = 165175/1091960 ../data/sample_500k/adult_test.txt
[2022-04-11 01:35:50.795] Save: model.pt... 
[2022-04-11 01:35:50.803] Save: model.pt...Done. best_val_loss: 3.5909
[2022-04-11 01:35:50.803] Epoch 038/40 ==================================================
[2022-04-11 01:35:54.303] E038 |   200/1041 batches | lr 1.2500 | loss  3.091 | ppl     21.99
[2022-04-11 01:35:57.750] E038 |   400/1041 batches | lr 1.2500 | loss  3.140 | ppl     23.11
[2022-04-11 01:36:01.215] E038 |   600/1041 batches | lr 1.2500 | loss  3.119 | ppl     22.62
[2022-04-11 01:36:04.697] E038 |   800/1041 batches | lr 1.2500 | loss  3.098 | ppl     22.15
[2022-04-11 01:36:08.157] E038 |  1000/1041 batches | lr 1.2500 | loss  3.124 | ppl     22.73
[2022-04-11 01:36:08.871] E038 |  1041/1041 batches | lr 1.2500 | loss  3.097 | ppl     22.13
[2022-04-11 01:36:11.672] End E038 | valid loss  3.590; ppl     36.22 | accu 0.2957 = 47729/161420
[2022-04-11 01:36:15.137] End E038 |  test loss  5.048; ppl    155.74 | accu 0.1812 = 36058/198980 ../data/sample_500k/adolescent_valid.txt
[2022-04-11 01:36:33.931] End E038 |  test loss  5.239; ppl    188.46 | accu 0.1511 = 164993/1091960 ../data/sample_500k/adult_test.txt
[2022-04-11 01:36:33.931] Save: model.pt... 
[2022-04-11 01:36:33.942] Save: model.pt...Done. best_val_loss: 3.5897
[2022-04-11 01:36:33.943] Epoch 039/40 ==================================================
[2022-04-11 01:36:37.492] E039 |   200/1041 batches | lr 1.2500 | loss  3.091 | ppl     21.99
[2022-04-11 01:36:41.042] E039 |   400/1041 batches | lr 1.2500 | loss  3.140 | ppl     23.11
[2022-04-11 01:36:44.576] E039 |   600/1041 batches | lr 1.2500 | loss  3.117 | ppl     22.59
[2022-04-11 01:36:48.056] E039 |   800/1041 batches | lr 1.2500 | loss  3.097 | ppl     22.14
[2022-04-11 01:36:51.516] E039 |  1000/1041 batches | lr 1.2500 | loss  3.122 | ppl     22.70
[2022-04-11 01:36:52.221] E039 |  1041/1041 batches | lr 1.2500 | loss  3.098 | ppl     22.15
[2022-04-11 01:36:54.999] End E039 | valid loss  3.590; ppl     36.22 | accu 0.2960 = 47776/161420
[2022-04-11 01:36:58.416] End E039 |  test loss  5.048; ppl    155.64 | accu 0.1811 = 36041/198980 ../data/sample_500k/adolescent_valid.txt
[2022-04-11 01:37:17.360] End E039 |  test loss  5.238; ppl    188.20 | accu 0.1514 = 165320/1091960 ../data/sample_500k/adult_test.txt
[2022-04-11 01:37:17.360] Save: model.pt... 
[2022-04-11 01:37:17.368] Save: model.pt...Done. best_val_loss: 3.5895
[2022-04-11 01:37:17.368] Epoch 040/40 ==================================================
[2022-04-11 01:37:20.909] E040 |   200/1041 batches | lr 1.2500 | loss  3.086 | ppl     21.90
[2022-04-11 01:37:24.431] E040 |   400/1041 batches | lr 1.2500 | loss  3.136 | ppl     23.01
[2022-04-11 01:37:27.985] E040 |   600/1041 batches | lr 1.2500 | loss  3.115 | ppl     22.53
[2022-04-11 01:37:31.445] E040 |   800/1041 batches | lr 1.2500 | loss  3.091 | ppl     22.00
[2022-04-11 01:37:34.921] E040 |  1000/1041 batches | lr 1.2500 | loss  3.120 | ppl     22.64
[2022-04-11 01:37:35.638] E040 |  1041/1041 batches | lr 1.2500 | loss  3.097 | ppl     22.13
[2022-04-11 01:37:38.439] End E040 | valid loss  3.591; ppl     36.26 | accu 0.2957 = 47731/161420
[2022-04-11 01:37:41.876] End E040 |  test loss  5.053; ppl    156.49 | accu 0.1810 = 36019/198980 ../data/sample_500k/adolescent_valid.txt
[2022-04-11 01:38:00.875] End E040 |  test loss  5.243; ppl    189.16 | accu 0.1513 = 165196/1091960 ../data/sample_500k/adult_test.txt
[2022-04-11 01:38:04.337] End. test loss  5.05; ppl   155.64 | accu 0.1811 = 36041/198980 ../data/sample_500k/adolescent_valid.txt
[2022-04-11 01:38:23.288] End. test loss  5.24; ppl   188.20 | accu 0.1514 = 165320/1091960 ../data/sample_500k/adult_test.txt
[2022-04-11 01:38:23.288] =========================================================================================
[2022-04-11 01:38:23.288] valid_loss
[2022-04-11 01:38:23.288]  4.40, 4.04, 3.91, 3.85, 3.82, 3.80, 3.78, 3.77, 3.76, 3.75, 3.75, 3.75, 3.75, 3.68, 3.67, 3.66, 3.66, 3.66, 3.65, 3.65, 3.65, 3.62, 3.62, 3.62, 3.62, 3.61, 3.61, 3.61, 3.61, 3.61, 3.60, 3.60, 3.59, 3.60, 3.59, 3.59, 3.59, 3.59, 3.59, 3.59
[2022-04-11 01:38:23.288] valid_loss ppl
[2022-04-11 01:38:23.288]    81.19,   57.02,   50.09,   47.15,   45.40,   44.68,   43.86,   43.37,   43.10,   42.70,   42.53,   42.44,   42.51,   39.59,   39.25,   39.01,   38.88,   38.77,   38.62,   38.40,   38.50,   37.39,   37.31,   37.18,   37.17,   37.12,   37.02,   36.98,   36.91,   36.96,   36.56,   36.51,   36.41,   36.43,   36.32,   36.30,   36.27,   36.22,   36.22,   36.26
[2022-04-11 01:38:23.288] test_loss of ../data/sample_500k/adolescent_valid.txt
[2022-04-11 01:38:23.289]  5.50, 5.28, 5.19, 5.15, 5.14, 5.12, 5.11, 5.11, 5.11, 5.08, 5.13, 5.11, 5.10, 5.07, 5.06, 5.06, 5.06, 5.06, 5.06, 5.07, 5.08, 5.05, 5.05, 5.06, 5.06, 5.06, 5.06, 5.06, 5.06, 5.06, 5.05, 5.05, 5.04, 5.05, 5.05, 5.05, 5.05, 5.05, 5.05, 5.05
[2022-04-11 01:38:23.289] test_loss of ../data/sample_500k/adolescent_valid.txt ppl
[2022-04-11 01:38:23.289]   245.83,  195.62,  179.26,  171.97,  171.07,  166.71,  166.09,  166.06,  165.15,  161.35,  168.26,  166.23,  164.30,  158.60,  158.18,  157.02,  157.29,  157.90,  157.98,  159.00,  161.18,  156.74,  156.71,  157.41,  158.05,  157.82,  157.27,  157.57,  156.90,  156.81,  155.95,  155.50,  154.86,  156.51,  156.43,  155.89,  155.67,  155.74,  155.64,  156.49
[2022-04-11 01:38:23.289] test_loss of ../data/sample_500k/adult_test.txt
[2022-04-11 01:38:23.289]  5.63, 5.43, 5.34, 5.32, 5.33, 5.31, 5.30, 5.31, 5.31, 5.30, 5.32, 5.31, 5.31, 5.27, 5.26, 5.26, 5.26, 5.26, 5.27, 5.26, 5.27, 5.24, 5.25, 5.24, 5.25, 5.25, 5.24, 5.25, 5.24, 5.25, 5.24, 5.24, 5.23, 5.24, 5.24, 5.24, 5.24, 5.24, 5.24, 5.24
[2022-04-11 01:38:23.289] test_loss of ../data/sample_500k/adult_test.txt ppl
[2022-04-11 01:38:23.289]   277.84,  227.42,  208.58,  205.05,  206.48,  202.24,  201.29,  201.70,  202.55,  200.42,  204.09,  203.00,  202.78,  194.28,  192.59,  192.54,  192.21,  192.35,  193.73,  192.07,  195.33,  187.81,  189.71,  189.27,  189.93,  189.84,  188.75,  189.95,  189.07,  190.13,  188.58,  189.26,  187.62,  189.18,  189.33,  188.64,  188.40,  188.46,  188.20,  189.16
