[2022-04-11 03:18:51.291] corpus.train_file_list: 1
[2022-04-11 03:18:51.291]         ../data/sample_500k/cbt_train.txt
[2022-04-11 03:18:51.291] corpus.valid_file_list: 1
[2022-04-11 03:18:51.291]         ../data/sample_500k/cbt_valid.txt
[2022-04-11 03:18:51.291] corpus.test_file_list: 2
[2022-04-11 03:18:51.291]         ../data/sample_500k/adolescent_valid.txt
[2022-04-11 03:18:51.291]         ../data/sample_500k/adult_test.txt
[2022-04-11 03:18:51.291] corpus.subword_vocab_size: 0
[2022-04-11 03:18:51.291] corpus.subword_model = None. Corpus will not use subword.
[2022-04-11 03:18:51.291] corpus tokenize...
[2022-04-11 03:18:51.940]         train tokens: 511735  ../data/sample_500k/cbt_train.txt
[2022-04-11 03:18:52.071]         valid tokens: 115417  ../data/sample_500k/cbt_valid.txt
[2022-04-11 03:18:52.287]         test  tokens: 112256  ../data/sample_500k/adolescent_valid.txt
[2022-04-11 03:18:52.914]         test  tokens: 506878  ../data/sample_500k/adult_test.txt
[2022-04-11 03:18:52.914] corpus.ntokens      : 73236
[2022-04-11 03:18:52.914] corpus.char_count   : 157
[2022-04-11 03:18:52.914] corpus.char_cnt_dict: 157
[2022-04-11 03:18:52.914] corpus.char_id_dict : 157
[2022-04-11 03:18:52.921] corpus.batchify(1 files, batch_size=20)...
[2022-04-11 03:18:52.921]         tokens_all: 511735
[2022-04-11 03:18:52.921]         batched   :  25586
[2022-04-11 03:18:52.921]         ../data/sample_500k/cbt_train.txt
[2022-04-11 03:18:52.923] corpus.batchify(1 files, batch_size=20)...
[2022-04-11 03:18:52.923]         tokens_all: 115417
[2022-04-11 03:18:52.923]         batched   :   5770
[2022-04-11 03:18:52.923]         ../data/sample_500k/cbt_valid.txt
[2022-04-11 03:18:52.924] corpus.batchify(1 files, batch_size=20)...
[2022-04-11 03:18:52.924]         tokens_all: 112256
[2022-04-11 03:18:52.924]         batched   :   5612
[2022-04-11 03:18:52.925]         ../data/sample_500k/adolescent_valid.txt
[2022-04-11 03:18:52.929] corpus.batchify(1 files, batch_size=20)...
[2022-04-11 03:18:52.929]         tokens_all: 506878
[2022-04-11 03:18:52.929]         batched   :  25343
[2022-04-11 03:18:52.929]         ../data/sample_500k/adult_test.txt
[2022-04-11 03:18:53.431] RNNModel.rnn_type: LSTM
[2022-04-11 03:18:53.431] RNNModel.ntoken  : 73236
[2022-04-11 03:18:53.431] RNNModel.ninp    : 200
[2022-04-11 03:18:53.431] RNNModel.nhid    : 200
[2022-04-11 03:18:53.431] RNNModel.nlayers : 2
[2022-04-11 03:18:53.431] RNNModel.dropout : 0.2
[2022-04-11 03:18:53.431] RNNModel.tie_weights: False
[2022-04-11 03:18:53.431] RNNModel.char_mode  : LSTM
[2022-04-11 03:18:53.431] RNNModel.char_cnt   : 158
[2022-04-11 03:18:53.431] RNNModel.char_emsize: 25
[2022-04-11 03:18:53.431] RNNModel.char_nhid  : 200
[2022-04-11 03:18:53.432] RNNModel.char_embeds: created
[2022-04-11 03:18:53.435] RNNModel.char_lstm       : created
[2022-04-11 03:18:53.435] RNNModel.char_lstm_linear: created
[2022-04-11 03:18:53.466] Epoch 001/40 ==================================================
[2022-04-11 03:20:10.420] E001 |   200/731 batches | lr 20.0000 | loss  7.351 | ppl   1557.28
[2022-04-11 03:21:23.202] E001 |   400/731 batches | lr 20.0000 | loss  5.996 | ppl    401.75
[2022-04-11 03:22:36.067] E001 |   600/731 batches | lr 20.0000 | loss  5.381 | ppl    217.22
[2022-04-11 03:23:23.886] E001 |   731/731 batches | lr 20.0000 | loss  5.207 | ppl    182.56
[2022-04-11 03:23:36.835] End E001 | valid loss  5.453; ppl    233.37 | accu 0.1554 = 17934/115380
[2022-04-11 03:23:50.818] End E001 |  test loss  8.817; ppl   6744.76 | accu 0.0405 = 4549/112220 ../data/sample_500k/adolescent_valid.txt
[2022-04-11 03:24:48.182] End E001 |  test loss  8.838; ppl   6888.70 | accu 0.0373 = 18910/506840 ../data/sample_500k/adult_test.txt
[2022-04-11 03:24:48.183] Save: model.pt... 
[2022-04-11 03:24:48.715] Save: model.pt...Done. best_val_loss: 5.4526
[2022-04-11 03:24:48.715] Epoch 002/40 ==================================================
[2022-04-11 03:26:04.242] E002 |   200/731 batches | lr 20.0000 | loss  5.066 | ppl    158.53
[2022-04-11 03:27:17.674] E002 |   400/731 batches | lr 20.0000 | loss  4.967 | ppl    143.58
[2022-04-11 03:28:31.076] E002 |   600/731 batches | lr 20.0000 | loss  4.771 | ppl    118.01
[2022-04-11 03:29:19.624] E002 |   731/731 batches | lr 20.0000 | loss  4.725 | ppl    112.74
[2022-04-11 03:29:32.727] End E002 | valid loss  5.072; ppl    159.43 | accu 0.1807 = 20847/115380
[2022-04-11 03:29:45.642] End E002 |  test loss  8.843; ppl   6927.00 | accu 0.0364 = 4086/112220 ../data/sample_500k/adolescent_valid.txt
[2022-04-11 03:30:46.730] End E002 |  test loss  9.037; ppl   8409.93 | accu 0.0362 = 18364/506840 ../data/sample_500k/adult_test.txt
[2022-04-11 03:30:46.730] Save: model.pt... 
[2022-04-11 03:30:47.241] Save: model.pt...Done. best_val_loss: 5.0716
[2022-04-11 03:30:47.241] Epoch 003/40 ==================================================
[2022-04-11 03:32:04.374] E003 |   200/731 batches | lr 20.0000 | loss  4.667 | ppl    106.33
[2022-04-11 03:33:18.883] E003 |   400/731 batches | lr 20.0000 | loss  4.640 | ppl    103.59
[2022-04-11 03:34:32.439] E003 |   600/731 batches | lr 20.0000 | loss  4.501 | ppl     90.09
[2022-04-11 03:35:21.233] E003 |   731/731 batches | lr 20.0000 | loss  4.477 | ppl     87.99
[2022-04-11 03:35:34.017] End E003 | valid loss  4.914; ppl    136.22 | accu 0.1873 = 21607/115380
[2022-04-11 03:35:46.808] End E003 |  test loss  8.889; ppl   7248.82 | accu 0.0354 = 3976/112220 ../data/sample_500k/adolescent_valid.txt
[2022-04-11 03:36:49.613] End E003 |  test loss  9.155; ppl   9465.37 | accu 0.0320 = 16229/506840 ../data/sample_500k/adult_test.txt
[2022-04-11 03:36:49.613] Save: model.pt... 
[2022-04-11 03:36:50.119] Save: model.pt...Done. best_val_loss: 4.9143
[2022-04-11 03:36:50.119] Epoch 004/40 ==================================================
[2022-04-11 03:38:07.638] E004 |   200/731 batches | lr 20.0000 | loss  4.453 | ppl     85.88
[2022-04-11 03:39:21.690] E004 |   400/731 batches | lr 20.0000 | loss  4.444 | ppl     85.15
[2022-04-11 03:40:36.307] E004 |   600/731 batches | lr 20.0000 | loss  4.331 | ppl     76.06
[2022-04-11 03:41:24.790] E004 |   731/731 batches | lr 20.0000 | loss  4.308 | ppl     74.31
[2022-04-11 03:41:38.236] End E004 | valid loss  4.786; ppl    119.88 | accu 0.2049 = 23641/115380
[2022-04-11 03:41:51.127] End E004 |  test loss  8.865; ppl   7081.57 | accu 0.0488 = 5477/112220 ../data/sample_500k/adolescent_valid.txt
[2022-04-11 03:42:52.034] End E004 |  test loss  9.247; ppl  10374.07 | accu 0.0458 = 23188/506840 ../data/sample_500k/adult_test.txt
[2022-04-11 03:42:52.034] Save: model.pt... 
[2022-04-11 03:42:52.541] Save: model.pt...Done. best_val_loss: 4.7865
[2022-04-11 03:42:52.541] Epoch 005/40 ==================================================
[2022-04-11 03:44:10.557] E005 |   200/731 batches | lr 20.0000 | loss  4.304 | ppl     73.98
[2022-04-11 03:45:24.851] E005 |   400/731 batches | lr 20.0000 | loss  4.306 | ppl     74.12
[2022-04-11 03:46:38.995] E005 |   600/731 batches | lr 20.0000 | loss  4.203 | ppl     66.89
[2022-04-11 03:47:28.627] E005 |   731/731 batches | lr 20.0000 | loss  4.186 | ppl     65.76
[2022-04-11 03:47:42.601] End E005 | valid loss  4.732; ppl    113.49 | accu 0.2153 = 24836/115380
[2022-04-11 03:47:55.496] End E005 |  test loss  8.850; ppl   6975.55 | accu 0.0558 = 6266/112220 ../data/sample_500k/adolescent_valid.txt
[2022-04-11 03:48:53.438] End E005 |  test loss  9.270; ppl  10610.78 | accu 0.0532 = 26958/506840 ../data/sample_500k/adult_test.txt
[2022-04-11 03:48:53.438] Save: model.pt... 
[2022-04-11 03:48:53.937] Save: model.pt...Done. best_val_loss: 4.7318
[2022-04-11 03:48:53.937] Epoch 006/40 ==================================================
[2022-04-11 03:50:11.757] E006 |   200/731 batches | lr 20.0000 | loss  4.178 | ppl     65.23
[2022-04-11 03:51:26.500] E006 |   400/731 batches | lr 20.0000 | loss  4.188 | ppl     65.92
[2022-04-11 03:52:39.919] E006 |   600/731 batches | lr 20.0000 | loss  4.098 | ppl     60.21
[2022-04-11 03:53:28.401] E006 |   731/731 batches | lr 20.0000 | loss  4.076 | ppl     58.93
[2022-04-11 03:53:42.102] End E006 | valid loss  4.714; ppl    111.50 | accu 0.2155 = 24859/115380
[2022-04-11 03:53:55.299] End E006 |  test loss  8.984; ppl   7977.44 | accu 0.0531 = 5954/112220 ../data/sample_500k/adolescent_valid.txt
[2022-04-11 03:54:55.008] End E006 |  test loss  9.468; ppl  12938.71 | accu 0.0492 = 24935/506840 ../data/sample_500k/adult_test.txt
[2022-04-11 03:54:55.008] Save: model.pt... 
[2022-04-11 03:54:55.507] Save: model.pt...Done. best_val_loss: 4.7141
[2022-04-11 03:54:55.507] Epoch 007/40 ==================================================
[2022-04-11 03:56:11.973] E007 |   200/731 batches | lr 20.0000 | loss  4.076 | ppl     58.88
[2022-04-11 03:57:26.305] E007 |   400/731 batches | lr 20.0000 | loss  4.097 | ppl     60.18
[2022-04-11 03:58:40.215] E007 |   600/731 batches | lr 20.0000 | loss  4.003 | ppl     54.74
[2022-04-11 03:59:29.825] E007 |   731/731 batches | lr 20.0000 | loss  3.980 | ppl     53.53
[2022-04-11 03:59:42.995] End E007 | valid loss  4.690; ppl    108.80 | accu 0.2186 = 25218/115380
[2022-04-11 03:59:55.961] End E007 |  test loss  9.035; ppl   8393.21 | accu 0.0530 = 5943/112220 ../data/sample_500k/adolescent_valid.txt
[2022-04-11 04:00:54.645] End E007 |  test loss  9.523; ppl  13675.05 | accu 0.0501 = 25373/506840 ../data/sample_500k/adult_test.txt
[2022-04-11 04:00:54.645] Save: model.pt... 
[2022-04-11 04:00:55.175] Save: model.pt...Done. best_val_loss: 4.6896
[2022-04-11 04:00:55.175] Epoch 008/40 ==================================================
[2022-04-11 04:02:12.196] E008 |   200/731 batches | lr 20.0000 | loss  3.992 | ppl     54.16
[2022-04-11 04:03:27.288] E008 |   400/731 batches | lr 20.0000 | loss  4.010 | ppl     55.12
[2022-04-11 04:04:40.506] E008 |   600/731 batches | lr 20.0000 | loss  3.921 | ppl     50.46
[2022-04-11 04:05:29.531] E008 |   731/731 batches | lr 20.0000 | loss  3.908 | ppl     49.80
[2022-04-11 04:05:42.726] End E008 | valid loss  4.678; ppl    107.57 | accu 0.2230 = 25732/115380
[2022-04-11 04:05:55.471] End E008 |  test loss  9.127; ppl   9201.74 | accu 0.0521 = 5844/112220 ../data/sample_500k/adolescent_valid.txt
[2022-04-11 04:06:55.361] End E008 |  test loss  9.636; ppl  15305.01 | accu 0.0470 = 23832/506840 ../data/sample_500k/adult_test.txt
[2022-04-11 04:06:55.361] Save: model.pt... 
[2022-04-11 04:06:55.867] Save: model.pt...Done. best_val_loss: 4.6781
[2022-04-11 04:06:55.868] Epoch 009/40 ==================================================
[2022-04-11 04:08:12.950] E009 |   200/731 batches | lr 20.0000 | loss  3.916 | ppl     50.22
[2022-04-11 04:09:27.063] E009 |   400/731 batches | lr 20.0000 | loss  3.936 | ppl     51.23
[2022-04-11 04:10:39.598] E009 |   600/731 batches | lr 20.0000 | loss  3.854 | ppl     47.18
[2022-04-11 04:11:27.833] E009 |   731/731 batches | lr 20.0000 | loss  3.837 | ppl     46.37
[2022-04-11 04:11:40.475] End E009 | valid loss  4.663; ppl    105.92 | accu 0.2267 = 26157/115380
[2022-04-11 04:11:53.114] End E009 |  test loss  9.135; ppl   9274.06 | accu 0.0578 = 6484/112220 ../data/sample_500k/adolescent_valid.txt
[2022-04-11 04:12:49.935] End E009 |  test loss  9.637; ppl  15315.98 | accu 0.0533 = 26999/506840 ../data/sample_500k/adult_test.txt
[2022-04-11 04:12:49.935] Save: model.pt... 
[2022-04-11 04:12:50.446] Save: model.pt...Done. best_val_loss: 4.6626
[2022-04-11 04:12:50.446] Epoch 010/40 ==================================================
[2022-04-11 04:14:07.951] E010 |   200/731 batches | lr 20.0000 | loss  3.851 | ppl     47.04
[2022-04-11 04:15:21.830] E010 |   400/731 batches | lr 20.0000 | loss  3.872 | ppl     48.02
[2022-04-11 04:16:34.472] E010 |   600/731 batches | lr 20.0000 | loss  3.794 | ppl     44.44
[2022-04-11 04:17:23.389] E010 |   731/731 batches | lr 20.0000 | loss  3.781 | ppl     43.88
[2022-04-11 04:17:36.006] End E010 | valid loss  4.661; ppl    105.77 | accu 0.2258 = 26048/115380
[2022-04-11 04:17:48.540] End E010 |  test loss  9.323; ppl  11187.11 | accu 0.0546 = 6131/112220 ../data/sample_500k/adolescent_valid.txt
[2022-04-11 04:18:44.816] End E010 |  test loss  9.967; ppl  21308.40 | accu 0.0495 = 25075/506840 ../data/sample_500k/adult_test.txt
[2022-04-11 04:18:44.817] Save: model.pt... 
[2022-04-11 04:18:45.325] Save: model.pt...Done. best_val_loss: 4.6612
[2022-04-11 04:18:45.325] Epoch 011/40 ==================================================
[2022-04-11 04:20:01.448] E011 |   200/731 batches | lr 20.0000 | loss  3.788 | ppl     44.19
[2022-04-11 04:21:14.575] E011 |   400/731 batches | lr 20.0000 | loss  3.813 | ppl     45.30
[2022-04-11 04:22:27.918] E011 |   600/731 batches | lr 20.0000 | loss  3.734 | ppl     41.86
[2022-04-11 04:23:17.567] E011 |   731/731 batches | lr 20.0000 | loss  3.723 | ppl     41.39
[2022-04-11 04:23:30.294] End E011 | valid loss  4.666; ppl    106.26 | accu 0.2266 = 26142/115380
[2022-04-11 04:23:43.050] End E011 |  test loss  9.321; ppl  11170.19 | accu 0.0595 = 6672/112220 ../data/sample_500k/adolescent_valid.txt
[2022-04-11 04:24:41.415] End E011 |  test loss  9.855; ppl  19046.98 | accu 0.0517 = 26219/506840 ../data/sample_500k/adult_test.txt
[2022-04-11 04:24:41.415] Epoch 012/40 ==================================================
[2022-04-11 04:25:58.279] E012 |   200/731 batches | lr 10.0000 | loss  3.689 | ppl     40.01
[2022-04-11 04:27:12.629] E012 |   400/731 batches | lr 10.0000 | loss  3.666 | ppl     39.10
[2022-04-11 04:28:26.542] E012 |   600/731 batches | lr 10.0000 | loss  3.555 | ppl     34.99
[2022-04-11 04:29:16.294] E012 |   731/731 batches | lr 10.0000 | loss  3.514 | ppl     33.60
[2022-04-11 04:29:29.240] End E012 | valid loss  4.625; ppl    102.00 | accu 0.2411 = 27819/115380
[2022-04-11 04:29:41.765] End E012 |  test loss  9.598; ppl  14741.41 | accu 0.0594 = 6666/112220 ../data/sample_500k/adolescent_valid.txt
[2022-04-11 04:30:40.222] End E012 |  test loss 10.130; ppl  25088.43 | accu 0.0542 = 27475/506840 ../data/sample_500k/adult_test.txt
[2022-04-11 04:30:40.222] Save: model.pt... 
[2022-04-11 04:30:40.730] Save: model.pt...Done. best_val_loss: 4.6250
[2022-04-11 04:30:40.730] Epoch 013/40 ==================================================
[2022-04-11 04:31:58.306] E013 |   200/731 batches | lr 10.0000 | loss  3.593 | ppl     36.35
[2022-04-11 04:33:13.624] E013 |   400/731 batches | lr 10.0000 | loss  3.600 | ppl     36.61
[2022-04-11 04:34:28.881] E013 |   600/731 batches | lr 10.0000 | loss  3.507 | ppl     33.35
[2022-04-11 04:35:18.836] E013 |   731/731 batches | lr 10.0000 | loss  3.482 | ppl     32.53
[2022-04-11 04:35:31.744] End E013 | valid loss  4.628; ppl    102.26 | accu 0.2407 = 27767/115380
[2022-04-11 04:35:44.687] End E013 |  test loss  9.628; ppl  15181.27 | accu 0.0609 = 6829/112220 ../data/sample_500k/adolescent_valid.txt
[2022-04-11 04:36:44.140] End E013 |  test loss 10.193; ppl  26718.64 | accu 0.0575 = 29166/506840 ../data/sample_500k/adult_test.txt
[2022-04-11 04:36:44.140] Epoch 014/40 ==================================================
[2022-04-11 04:38:01.973] E014 |   200/731 batches | lr 5.0000 | loss  3.535 | ppl     34.30
[2022-04-11 04:39:17.037] E014 |   400/731 batches | lr 5.0000 | loss  3.528 | ppl     34.05
[2022-04-11 04:40:31.480] E014 |   600/731 batches | lr 5.0000 | loss  3.405 | ppl     30.11
[2022-04-11 04:41:20.588] E014 |   731/731 batches | lr 5.0000 | loss  3.365 | ppl     28.93
[2022-04-11 04:41:34.811] End E014 | valid loss  4.623; ppl    101.77 | accu 0.2438 = 28131/115380
[2022-04-11 04:41:48.753] End E014 |  test loss  9.757; ppl  17281.95 | accu 0.0606 = 6800/112220 ../data/sample_500k/adolescent_valid.txt
[2022-04-11 04:42:46.387] End E014 |  test loss 10.398; ppl  32803.97 | accu 0.0569 = 28845/506840 ../data/sample_500k/adult_test.txt
[2022-04-11 04:42:46.388] Save: model.pt... 
[2022-04-11 04:42:46.895] Save: model.pt...Done. best_val_loss: 4.6227
[2022-04-11 04:42:46.895] Epoch 015/40 ==================================================
[2022-04-11 04:44:04.822] E015 |   200/731 batches | lr 5.0000 | loss  3.480 | ppl     32.46
[2022-04-11 04:45:20.348] E015 |   400/731 batches | lr 5.0000 | loss  3.482 | ppl     32.53
[2022-04-11 04:46:35.174] E015 |   600/731 batches | lr 5.0000 | loss  3.384 | ppl     29.48
[2022-04-11 04:47:24.544] E015 |   731/731 batches | lr 5.0000 | loss  3.347 | ppl     28.41
[2022-04-11 04:47:37.837] End E015 | valid loss  4.626; ppl    102.11 | accu 0.2446 = 28222/115380
[2022-04-11 04:47:51.011] End E015 |  test loss  9.819; ppl  18381.64 | accu 0.0609 = 6829/112220 ../data/sample_500k/adolescent_valid.txt
[2022-04-11 04:48:53.350] End E015 |  test loss 10.476; ppl  35458.59 | accu 0.0573 = 29047/506840 ../data/sample_500k/adult_test.txt
[2022-04-11 04:48:53.351] Epoch 016/40 ==================================================
[2022-04-11 04:50:11.316] E016 |   200/731 batches | lr 2.5000 | loss  3.452 | ppl     31.57
[2022-04-11 04:51:27.011] E016 |   400/731 batches | lr 2.5000 | loss  3.447 | ppl     31.41
[2022-04-11 04:52:41.919] E016 |   600/731 batches | lr 2.5000 | loss  3.335 | ppl     28.07
[2022-04-11 04:53:31.732] E016 |   731/731 batches | lr 2.5000 | loss  3.288 | ppl     26.78
[2022-04-11 04:53:45.060] End E016 | valid loss  4.629; ppl    102.37 | accu 0.2453 = 28304/115380
[2022-04-11 04:53:57.762] End E016 |  test loss  9.878; ppl  19490.78 | accu 0.0620 = 6961/112220 ../data/sample_500k/adolescent_valid.txt
[2022-04-11 04:54:55.544] End E016 |  test loss 10.553; ppl  38303.02 | accu 0.0590 = 29898/506840 ../data/sample_500k/adult_test.txt
[2022-04-11 04:54:55.544] Epoch 017/40 ==================================================
[2022-04-11 04:56:13.312] E017 |   200/731 batches | lr 1.2500 | loss  3.425 | ppl     30.73
[2022-04-11 04:57:27.670] E017 |   400/731 batches | lr 1.2500 | loss  3.425 | ppl     30.71
[2022-04-11 04:58:42.399] E017 |   600/731 batches | lr 1.2500 | loss  3.305 | ppl     27.24
[2022-04-11 04:59:31.745] E017 |   731/731 batches | lr 1.2500 | loss  3.261 | ppl     26.07
[2022-04-11 04:59:44.795] End E017 | valid loss  4.626; ppl    102.14 | accu 0.2479 = 28597/115380
[2022-04-11 04:59:59.098] End E017 |  test loss  9.931; ppl  20554.72 | accu 0.0618 = 6937/112220 ../data/sample_500k/adolescent_valid.txt
[2022-04-11 05:00:59.602] End E017 |  test loss 10.579; ppl  39295.44 | accu 0.0598 = 30313/506840 ../data/sample_500k/adult_test.txt
[2022-04-11 05:00:59.603] Epoch 018/40 ==================================================
[2022-04-11 05:02:15.974] E018 |   200/731 batches | lr 0.6250 | loss  3.416 | ppl     30.46
[2022-04-11 05:03:29.894] E018 |   400/731 batches | lr 0.6250 | loss  3.412 | ppl     30.33
[2022-04-11 05:04:42.934] E018 |   600/731 batches | lr 0.6250 | loss  3.290 | ppl     26.84
[2022-04-11 05:05:30.857] E018 |   731/731 batches | lr 0.6250 | loss  3.242 | ppl     25.58
[2022-04-11 05:05:43.276] End E018 | valid loss  4.624; ppl    101.94 | accu 0.2485 = 28669/115380
[2022-04-11 05:05:55.404] End E018 |  test loss  9.888; ppl  19698.54 | accu 0.0634 = 7118/112220 ../data/sample_500k/adolescent_valid.txt
[2022-04-11 05:06:50.696] End E018 |  test loss 10.541; ppl  37836.36 | accu 0.0614 = 31104/506840 ../data/sample_500k/adult_test.txt
[2022-04-11 05:06:50.696] Epoch 019/40 ==================================================
[2022-04-11 05:08:07.402] E019 |   200/731 batches | lr 0.3125 | loss  3.410 | ppl     30.27
[2022-04-11 05:09:21.077] E019 |   400/731 batches | lr 0.3125 | loss  3.408 | ppl     30.20
[2022-04-11 05:10:33.922] E019 |   600/731 batches | lr 0.3125 | loss  3.282 | ppl     26.63
[2022-04-11 05:11:22.089] E019 |   731/731 batches | lr 0.3125 | loss  3.240 | ppl     25.54
[2022-04-11 05:11:34.704] End E019 | valid loss  4.618; ppl    101.29 | accu 0.2489 = 28722/115380
[2022-04-11 05:11:46.799] End E019 |  test loss  9.868; ppl  19298.09 | accu 0.0632 = 7097/112220 ../data/sample_500k/adolescent_valid.txt
[2022-04-11 05:12:42.023] End E019 |  test loss 10.512; ppl  36748.65 | accu 0.0611 = 30989/506840 ../data/sample_500k/adult_test.txt
[2022-04-11 05:12:42.023] Save: model.pt... 
[2022-04-11 05:12:42.535] Save: model.pt...Done. best_val_loss: 4.6180
[2022-04-11 05:12:42.535] Epoch 020/40 ==================================================
[2022-04-11 05:14:00.047] E020 |   200/731 batches | lr 0.3125 | loss  3.407 | ppl     30.18
[2022-04-11 05:15:12.825] E020 |   400/731 batches | lr 0.3125 | loss  3.405 | ppl     30.12
[2022-04-11 05:16:25.460] E020 |   600/731 batches | lr 0.3125 | loss  3.284 | ppl     26.70
[2022-04-11 05:17:14.300] E020 |   731/731 batches | lr 0.3125 | loss  3.234 | ppl     25.37
[2022-04-11 05:17:26.896] End E020 | valid loss  4.618; ppl    101.29 | accu 0.2491 = 28736/115380
[2022-04-11 05:17:39.215] End E020 |  test loss  9.867; ppl  19283.35 | accu 0.0635 = 7124/112220 ../data/sample_500k/adolescent_valid.txt
[2022-04-11 05:18:41.527] End E020 |  test loss 10.501; ppl  36353.23 | accu 0.0616 = 31198/506840 ../data/sample_500k/adult_test.txt
[2022-04-11 05:18:41.527] Save: model.pt... 
[2022-04-11 05:18:42.287] Save: model.pt...Done. best_val_loss: 4.6180
[2022-04-11 05:18:42.287] Epoch 021/40 ==================================================
[2022-04-11 05:19:59.211] E021 |   200/731 batches | lr 0.3125 | loss  3.399 | ppl     29.94
[2022-04-11 05:21:13.272] E021 |   400/731 batches | lr 0.3125 | loss  3.396 | ppl     29.83
[2022-04-11 05:22:27.020] E021 |   600/731 batches | lr 0.3125 | loss  3.281 | ppl     26.61
[2022-04-11 05:23:16.013] E021 |   731/731 batches | lr 0.3125 | loss  3.235 | ppl     25.41
[2022-04-11 05:23:28.583] End E021 | valid loss  4.619; ppl    101.35 | accu 0.2489 = 28716/115380
[2022-04-11 05:23:40.899] End E021 |  test loss  9.876; ppl  19453.10 | accu 0.0633 = 7103/112220 ../data/sample_500k/adolescent_valid.txt
[2022-04-11 05:24:43.705] End E021 |  test loss 10.508; ppl  36595.38 | accu 0.0615 = 31157/506840 ../data/sample_500k/adult_test.txt
[2022-04-11 05:24:43.705] Epoch 022/40 ==================================================
[2022-04-11 05:26:01.164] E022 |   200/731 batches | lr 0.1562 | loss  3.395 | ppl     29.83
[2022-04-11 05:27:16.465] E022 |   400/731 batches | lr 0.1562 | loss  3.393 | ppl     29.76
[2022-04-11 05:28:30.426] E022 |   600/731 batches | lr 0.1562 | loss  3.277 | ppl     26.50
[2022-04-11 05:29:19.076] E022 |   731/731 batches | lr 0.1562 | loss  3.228 | ppl     25.24
[2022-04-11 05:29:32.874] End E022 | valid loss  4.616; ppl    101.13 | accu 0.2490 = 28729/115380
[2022-04-11 05:29:46.271] End E022 |  test loss  9.867; ppl  19281.62 | accu 0.0638 = 7164/112220 ../data/sample_500k/adolescent_valid.txt
[2022-04-11 05:30:45.870] End E022 |  test loss 10.498; ppl  36242.53 | accu 0.0618 = 31348/506840 ../data/sample_500k/adult_test.txt
[2022-04-11 05:30:45.870] Save: model.pt... 
[2022-04-11 05:30:46.385] Save: model.pt...Done. best_val_loss: 4.6164
[2022-04-11 05:30:46.385] Epoch 023/40 ==================================================
[2022-04-11 05:32:04.002] E023 |   200/731 batches | lr 0.1562 | loss  3.390 | ppl     29.67
[2022-04-11 05:33:19.350] E023 |   400/731 batches | lr 0.1562 | loss  3.390 | ppl     29.65
[2022-04-11 05:34:33.983] E023 |   600/731 batches | lr 0.1562 | loss  3.276 | ppl     26.47
[2022-04-11 05:35:23.495] E023 |   731/731 batches | lr 0.1562 | loss  3.230 | ppl     25.28
[2022-04-11 05:35:36.544] End E023 | valid loss  4.616; ppl    101.09 | accu 0.2490 = 28728/115380
[2022-04-11 05:35:49.170] End E023 |  test loss  9.868; ppl  19297.12 | accu 0.0639 = 7171/112220 ../data/sample_500k/adolescent_valid.txt
[2022-04-11 05:36:47.485] End E023 |  test loss 10.495; ppl  36140.12 | accu 0.0618 = 31331/506840 ../data/sample_500k/adult_test.txt
[2022-04-11 05:36:47.485] Save: model.pt... 
[2022-04-11 05:36:48.003] Save: model.pt...Done. best_val_loss: 4.6160
[2022-04-11 05:36:48.004] Epoch 024/40 ==================================================
[2022-04-11 05:38:05.209] E024 |   200/731 batches | lr 0.1562 | loss  3.387 | ppl     29.58
[2022-04-11 05:39:19.478] E024 |   400/731 batches | lr 0.1562 | loss  3.388 | ppl     29.61
[2022-04-11 05:40:33.785] E024 |   600/731 batches | lr 0.1562 | loss  3.277 | ppl     26.49
[2022-04-11 05:41:23.030] E024 |   731/731 batches | lr 0.1562 | loss  3.234 | ppl     25.38
[2022-04-11 05:41:36.096] End E024 | valid loss  4.616; ppl    101.08 | accu 0.2491 = 28742/115380
[2022-04-11 05:41:49.145] End E024 |  test loss  9.872; ppl  19388.35 | accu 0.0639 = 7168/112220 ../data/sample_500k/adolescent_valid.txt
[2022-04-11 05:42:48.032] End E024 |  test loss 10.502; ppl  36382.65 | accu 0.0615 = 31184/506840 ../data/sample_500k/adult_test.txt
[2022-04-11 05:42:48.032] Save: model.pt... 
[2022-04-11 05:42:48.571] Save: model.pt...Done. best_val_loss: 4.6159
[2022-04-11 05:42:48.572] Epoch 025/40 ==================================================
[2022-04-11 05:44:07.334] E025 |   200/731 batches | lr 0.1562 | loss  3.394 | ppl     29.77
[2022-04-11 05:45:22.445] E025 |   400/731 batches | lr 0.1562 | loss  3.387 | ppl     29.57
[2022-04-11 05:46:37.203] E025 |   600/731 batches | lr 0.1562 | loss  3.274 | ppl     26.41
[2022-04-11 05:47:25.719] E025 |   731/731 batches | lr 0.1562 | loss  3.231 | ppl     25.30
[2022-04-11 05:47:38.633] End E025 | valid loss  4.616; ppl    101.07 | accu 0.2491 = 28737/115380
[2022-04-11 05:47:52.563] End E025 |  test loss  9.865; ppl  19244.45 | accu 0.0640 = 7187/112220 ../data/sample_500k/adolescent_valid.txt
[2022-04-11 05:48:52.123] End E025 |  test loss 10.485; ppl  35776.20 | accu 0.0619 = 31376/506840 ../data/sample_500k/adult_test.txt
[2022-04-11 05:48:52.123] Save: model.pt... 
[2022-04-11 05:48:52.657] Save: model.pt...Done. best_val_loss: 4.6158
[2022-04-11 05:48:52.657] Epoch 026/40 ==================================================
[2022-04-11 05:50:09.784] E026 |   200/731 batches | lr 0.1562 | loss  3.389 | ppl     29.63
[2022-04-11 05:51:24.762] E026 |   400/731 batches | lr 0.1562 | loss  3.386 | ppl     29.55
[2022-04-11 05:52:38.745] E026 |   600/731 batches | lr 0.1562 | loss  3.274 | ppl     26.41
[2022-04-11 05:53:28.426] E026 |   731/731 batches | lr 0.1562 | loss  3.231 | ppl     25.29
[2022-04-11 05:53:41.620] End E026 | valid loss  4.616; ppl    101.11 | accu 0.2489 = 28715/115380
[2022-04-11 05:53:55.311] End E026 |  test loss  9.868; ppl  19293.34 | accu 0.0640 = 7181/112220 ../data/sample_500k/adolescent_valid.txt
[2022-04-11 05:54:54.906] End E026 |  test loss 10.483; ppl  35693.30 | accu 0.0621 = 31475/506840 ../data/sample_500k/adult_test.txt
[2022-04-11 05:54:54.906] Epoch 027/40 ==================================================
[2022-04-11 05:56:12.945] E027 |   200/731 batches | lr 0.0781 | loss  3.382 | ppl     29.42
[2022-04-11 05:57:28.081] E027 |   400/731 batches | lr 0.0781 | loss  3.386 | ppl     29.55
[2022-04-11 05:58:42.020] E027 |   600/731 batches | lr 0.0781 | loss  3.272 | ppl     26.36
[2022-04-11 05:59:31.276] E027 |   731/731 batches | lr 0.0781 | loss  3.224 | ppl     25.14
[2022-04-11 05:59:44.330] End E027 | valid loss  4.615; ppl    100.94 | accu 0.2487 = 28698/115380
[2022-04-11 05:59:57.086] End E027 |  test loss  9.872; ppl  19373.83 | accu 0.0637 = 7151/112220 ../data/sample_500k/adolescent_valid.txt
[2022-04-11 06:00:54.662] End E027 |  test loss 10.489; ppl  35925.50 | accu 0.0618 = 31298/506840 ../data/sample_500k/adult_test.txt
[2022-04-11 06:00:54.662] Save: model.pt... 
[2022-04-11 06:00:55.202] Save: model.pt...Done. best_val_loss: 4.6145
[2022-04-11 06:00:55.202] Epoch 028/40 ==================================================
[2022-04-11 06:02:13.755] E028 |   200/731 batches | lr 0.0781 | loss  3.385 | ppl     29.50
[2022-04-11 06:03:27.978] E028 |   400/731 batches | lr 0.0781 | loss  3.385 | ppl     29.53
[2022-04-11 06:04:42.322] E028 |   600/731 batches | lr 0.0781 | loss  3.268 | ppl     26.27
[2022-04-11 06:05:32.180] E028 |   731/731 batches | lr 0.0781 | loss  3.228 | ppl     25.23
[2022-04-11 06:05:45.038] End E028 | valid loss  4.615; ppl    100.95 | accu 0.2490 = 28727/115380
[2022-04-11 06:05:58.104] End E028 |  test loss  9.871; ppl  19368.14 | accu 0.0639 = 7167/112220 ../data/sample_500k/adolescent_valid.txt
[2022-04-11 06:06:58.704] End E028 |  test loss 10.489; ppl  35933.67 | accu 0.0618 = 31298/506840 ../data/sample_500k/adult_test.txt
[2022-04-11 06:06:58.704] Epoch 029/40 ==================================================
[2022-04-11 06:08:15.340] E029 |   200/731 batches | lr 0.0391 | loss  3.381 | ppl     29.39
[2022-04-11 06:09:31.397] E029 |   400/731 batches | lr 0.0391 | loss  3.383 | ppl     29.47
[2022-04-11 06:10:46.224] E029 |   600/731 batches | lr 0.0391 | loss  3.270 | ppl     26.32
[2022-04-11 06:11:36.034] E029 |   731/731 batches | lr 0.0391 | loss  3.222 | ppl     25.08
[2022-04-11 06:11:49.494] End E029 | valid loss  4.614; ppl    100.86 | accu 0.2486 = 28686/115380
[2022-04-11 06:12:02.384] End E029 |  test loss  9.872; ppl  19386.90 | accu 0.0638 = 7160/112220 ../data/sample_500k/adolescent_valid.txt
[2022-04-11 06:13:00.864] End E029 |  test loss 10.486; ppl  35808.44 | accu 0.0618 = 31312/506840 ../data/sample_500k/adult_test.txt
[2022-04-11 06:13:00.864] Save: model.pt... 
[2022-04-11 06:13:01.370] Save: model.pt...Done. best_val_loss: 4.6137
[2022-04-11 06:13:01.370] Epoch 030/40 ==================================================
[2022-04-11 06:14:18.285] E030 |   200/731 batches | lr 0.0391 | loss  3.383 | ppl     29.45
[2022-04-11 06:15:31.920] E030 |   400/731 batches | lr 0.0391 | loss  3.385 | ppl     29.53
[2022-04-11 06:16:45.890] E030 |   600/731 batches | lr 0.0391 | loss  3.269 | ppl     26.28
[2022-04-11 06:17:35.894] E030 |   731/731 batches | lr 0.0391 | loss  3.225 | ppl     25.16
[2022-04-11 06:17:49.928] End E030 | valid loss  4.614; ppl    100.84 | accu 0.2488 = 28704/115380
[2022-04-11 06:18:02.412] End E030 |  test loss  9.870; ppl  19344.90 | accu 0.0638 = 7165/112220 ../data/sample_500k/adolescent_valid.txt
[2022-04-11 06:18:59.295] End E030 |  test loss 10.486; ppl  35810.46 | accu 0.0618 = 31336/506840 ../data/sample_500k/adult_test.txt
[2022-04-11 06:18:59.295] Save: model.pt... 
[2022-04-11 06:18:59.831] Save: model.pt...Done. best_val_loss: 4.6135
[2022-04-11 06:18:59.831] Epoch 031/40 ==================================================
[2022-04-11 06:20:17.039] E031 |   200/731 batches | lr 0.0391 | loss  3.382 | ppl     29.43
[2022-04-11 06:21:32.502] E031 |   400/731 batches | lr 0.0391 | loss  3.381 | ppl     29.40
[2022-04-11 06:22:47.160] E031 |   600/731 batches | lr 0.0391 | loss  3.269 | ppl     26.27
[2022-04-11 06:23:36.765] E031 |   731/731 batches | lr 0.0391 | loss  3.223 | ppl     25.11
[2022-04-11 06:23:49.528] End E031 | valid loss  4.613; ppl    100.83 | accu 0.2490 = 28734/115380
[2022-04-11 06:24:02.545] End E031 |  test loss  9.872; ppl  19375.83 | accu 0.0638 = 7163/112220 ../data/sample_500k/adolescent_valid.txt
[2022-04-11 06:25:01.967] End E031 |  test loss 10.488; ppl  35897.06 | accu 0.0619 = 31364/506840 ../data/sample_500k/adult_test.txt
[2022-04-11 06:25:01.967] Save: model.pt... 
[2022-04-11 06:25:02.479] Save: model.pt...Done. best_val_loss: 4.6134
[2022-04-11 06:25:02.479] Epoch 032/40 ==================================================
[2022-04-11 06:26:19.673] E032 |   200/731 batches | lr 0.0391 | loss  3.385 | ppl     29.52
[2022-04-11 06:27:34.108] E032 |   400/731 batches | lr 0.0391 | loss  3.384 | ppl     29.48
[2022-04-11 06:28:47.767] E032 |   600/731 batches | lr 0.0391 | loss  3.264 | ppl     26.15
[2022-04-11 06:29:37.336] E032 |   731/731 batches | lr 0.0391 | loss  3.221 | ppl     25.04
[2022-04-11 06:29:50.467] End E032 | valid loss  4.614; ppl    100.86 | accu 0.2490 = 28727/115380
[2022-04-11 06:30:03.388] End E032 |  test loss  9.872; ppl  19384.54 | accu 0.0639 = 7173/112220 ../data/sample_500k/adolescent_valid.txt
[2022-04-11 06:31:04.041] End E032 |  test loss 10.488; ppl  35892.45 | accu 0.0619 = 31375/506840 ../data/sample_500k/adult_test.txt
[2022-04-11 06:31:04.042] Epoch 033/40 ==================================================
[2022-04-11 06:32:20.854] E033 |   200/731 batches | lr 0.0195 | loss  3.383 | ppl     29.45
[2022-04-11 06:33:35.043] E033 |   400/731 batches | lr 0.0195 | loss  3.384 | ppl     29.49
[2022-04-11 06:34:49.687] E033 |   600/731 batches | lr 0.0195 | loss  3.267 | ppl     26.23
[2022-04-11 06:35:39.483] E033 |   731/731 batches | lr 0.0195 | loss  3.225 | ppl     25.15
[2022-04-11 06:35:53.273] End E033 | valid loss  4.613; ppl    100.82 | accu 0.2490 = 28731/115380
[2022-04-11 06:36:05.989] End E033 |  test loss  9.872; ppl  19376.39 | accu 0.0639 = 7167/112220 ../data/sample_500k/adolescent_valid.txt
[2022-04-11 06:37:05.723] End E033 |  test loss 10.487; ppl  35830.98 | accu 0.0619 = 31374/506840 ../data/sample_500k/adult_test.txt
[2022-04-11 06:37:05.723] Save: model.pt... 
[2022-04-11 06:37:06.308] Save: model.pt...Done. best_val_loss: 4.6133
[2022-04-11 06:37:06.308] Epoch 034/40 ==================================================
[2022-04-11 06:38:24.661] E034 |   200/731 batches | lr 0.0195 | loss  3.379 | ppl     29.36
[2022-04-11 06:39:39.730] E034 |   400/731 batches | lr 0.0195 | loss  3.380 | ppl     29.37
[2022-04-11 06:40:54.352] E034 |   600/731 batches | lr 0.0195 | loss  3.269 | ppl     26.27
[2022-04-11 06:41:44.079] E034 |   731/731 batches | lr 0.0195 | loss  3.221 | ppl     25.07
[2022-04-11 06:41:57.181] End E034 | valid loss  4.613; ppl    100.82 | accu 0.2490 = 28725/115380
[2022-04-11 06:42:10.044] End E034 |  test loss  9.872; ppl  19378.36 | accu 0.0639 = 7173/112220 ../data/sample_500k/adolescent_valid.txt
[2022-04-11 06:43:07.780] End E034 |  test loss 10.486; ppl  35799.41 | accu 0.0619 = 31392/506840 ../data/sample_500k/adult_test.txt
[2022-04-11 06:43:07.780] Epoch 035/40 ==================================================
[2022-04-11 06:44:25.942] E035 |   200/731 batches | lr 0.0098 | loss  3.382 | ppl     29.43
[2022-04-11 06:45:40.490] E035 |   400/731 batches | lr 0.0098 | loss  3.385 | ppl     29.52
[2022-04-11 06:46:55.355] E035 |   600/731 batches | lr 0.0098 | loss  3.268 | ppl     26.26
[2022-04-11 06:47:44.315] E035 |   731/731 batches | lr 0.0098 | loss  3.229 | ppl     25.24
[2022-04-11 06:47:57.591] End E035 | valid loss  4.613; ppl    100.82 | accu 0.2489 = 28722/115380
[2022-04-11 06:48:10.852] End E035 |  test loss  9.872; ppl  19386.53 | accu 0.0639 = 7173/112220 ../data/sample_500k/adolescent_valid.txt
[2022-04-11 06:49:10.967] End E035 |  test loss 10.485; ppl  35791.91 | accu 0.0620 = 31407/506840 ../data/sample_500k/adult_test.txt
[2022-04-11 06:49:10.967] Epoch 036/40 ==================================================
[2022-04-11 06:50:27.984] E036 |   200/731 batches | lr 0.0049 | loss  3.388 | ppl     29.62
[2022-04-11 06:51:42.129] E036 |   400/731 batches | lr 0.0049 | loss  3.383 | ppl     29.47
[2022-04-11 06:52:56.336] E036 |   600/731 batches | lr 0.0049 | loss  3.268 | ppl     26.25
[2022-04-11 06:53:44.762] E036 |   731/731 batches | lr 0.0049 | loss  3.224 | ppl     25.12
[2022-04-11 06:53:57.630] End E036 | valid loss  4.613; ppl    100.81 | accu 0.2489 = 28720/115380
[2022-04-11 06:54:10.221] End E036 |  test loss  9.873; ppl  19390.73 | accu 0.0639 = 7167/112220 ../data/sample_500k/adolescent_valid.txt
[2022-04-11 06:55:08.978] End E036 |  test loss 10.486; ppl  35806.39 | accu 0.0619 = 31390/506840 ../data/sample_500k/adult_test.txt
[2022-04-11 06:55:08.978] Save: model.pt... 
[2022-04-11 06:55:09.503] Save: model.pt...Done. best_val_loss: 4.6132
[2022-04-11 06:55:09.503] Epoch 037/40 ==================================================
[2022-04-11 06:56:27.444] E037 |   200/731 batches | lr 0.0049 | loss  3.381 | ppl     29.39
[2022-04-11 06:57:42.528] E037 |   400/731 batches | lr 0.0049 | loss  3.385 | ppl     29.51
[2022-04-11 06:58:56.520] E037 |   600/731 batches | lr 0.0049 | loss  3.265 | ppl     26.19
[2022-04-11 06:59:46.042] E037 |   731/731 batches | lr 0.0049 | loss  3.223 | ppl     25.11
[2022-04-11 07:00:01.176] End E037 | valid loss  4.613; ppl    100.81 | accu 0.2489 = 28721/115380
[2022-04-11 07:00:13.985] End E037 |  test loss  9.873; ppl  19391.55 | accu 0.0639 = 7166/112220 ../data/sample_500k/adolescent_valid.txt
[2022-04-11 07:01:12.685] End E037 |  test loss 10.486; ppl  35805.20 | accu 0.0619 = 31393/506840 ../data/sample_500k/adult_test.txt
[2022-04-11 07:01:12.685] Save: model.pt... 
[2022-04-11 07:01:13.202] Save: model.pt...Done. best_val_loss: 4.6132
[2022-04-11 07:01:13.202] Epoch 038/40 ==================================================
[2022-04-11 07:02:30.651] E038 |   200/731 batches | lr 0.0049 | loss  3.378 | ppl     29.30
[2022-04-11 07:03:44.757] E038 |   400/731 batches | lr 0.0049 | loss  3.382 | ppl     29.42
[2022-04-11 07:04:59.385] E038 |   600/731 batches | lr 0.0049 | loss  3.266 | ppl     26.20
[2022-04-11 07:05:49.064] E038 |   731/731 batches | lr 0.0049 | loss  3.222 | ppl     25.08
[2022-04-11 07:06:01.995] End E038 | valid loss  4.613; ppl    100.81 | accu 0.2489 = 28717/115380
[2022-04-11 07:06:14.547] End E038 |  test loss  9.873; ppl  19398.09 | accu 0.0638 = 7164/112220 ../data/sample_500k/adolescent_valid.txt
[2022-04-11 07:07:12.167] End E038 |  test loss 10.486; ppl  35822.14 | accu 0.0619 = 31383/506840 ../data/sample_500k/adult_test.txt
[2022-04-11 07:07:12.167] Epoch 039/40 ==================================================
[2022-04-11 07:08:29.515] E039 |   200/731 batches | lr 0.0024 | loss  3.380 | ppl     29.38
[2022-04-11 07:09:43.504] E039 |   400/731 batches | lr 0.0024 | loss  3.382 | ppl     29.42
[2022-04-11 07:10:57.772] E039 |   600/731 batches | lr 0.0024 | loss  3.269 | ppl     26.28
[2022-04-11 07:11:46.929] E039 |   731/731 batches | lr 0.0024 | loss  3.224 | ppl     25.13
[2022-04-11 07:12:00.201] End E039 | valid loss  4.613; ppl    100.81 | accu 0.2490 = 28724/115380
[2022-04-11 07:12:13.149] End E039 |  test loss  9.873; ppl  19395.68 | accu 0.0639 = 7169/112220 ../data/sample_500k/adolescent_valid.txt
[2022-04-11 07:13:12.181] End E039 |  test loss 10.486; ppl  35819.90 | accu 0.0619 = 31392/506840 ../data/sample_500k/adult_test.txt
[2022-04-11 07:13:12.181] Save: model.pt... 
[2022-04-11 07:13:12.680] Save: model.pt...Done. best_val_loss: 4.6132
[2022-04-11 07:13:12.680] Epoch 040/40 ==================================================
[2022-04-11 07:14:29.595] E040 |   200/731 batches | lr 0.0024 | loss  3.379 | ppl     29.33
[2022-04-11 07:15:44.430] E040 |   400/731 batches | lr 0.0024 | loss  3.383 | ppl     29.47
[2022-04-11 07:16:58.458] E040 |   600/731 batches | lr 0.0024 | loss  3.268 | ppl     26.26
[2022-04-11 07:17:47.812] E040 |   731/731 batches | lr 0.0024 | loss  3.220 | ppl     25.02
[2022-04-11 07:18:00.804] End E040 | valid loss  4.613; ppl    100.80 | accu 0.2489 = 28719/115380
[2022-04-11 07:18:13.989] End E040 |  test loss  9.873; ppl  19391.60 | accu 0.0639 = 7169/112220 ../data/sample_500k/adolescent_valid.txt
[2022-04-11 07:19:11.984] End E040 |  test loss 10.486; ppl  35810.22 | accu 0.0619 = 31392/506840 ../data/sample_500k/adult_test.txt
[2022-04-11 07:19:11.984] Save: model.pt... 
[2022-04-11 07:19:12.503] Save: model.pt...Done. best_val_loss: 4.6132
[2022-04-11 07:19:25.818] End. test loss  9.87; ppl 19391.60 | accu 0.0639 = 7169/112220 ../data/sample_500k/adolescent_valid.txt
[2022-04-11 07:20:25.319] End. test loss 10.49; ppl 35810.22 | accu 0.0619 = 31392/506840 ../data/sample_500k/adult_test.txt
[2022-04-11 07:20:25.319] =========================================================================================
[2022-04-11 07:20:25.319] valid_loss
[2022-04-11 07:20:25.320]  5.45, 5.07, 4.91, 4.79, 4.73, 4.71, 4.69, 4.68, 4.66, 4.66, 4.67, 4.63, 4.63, 4.62, 4.63, 4.63, 4.63, 4.62, 4.62, 4.62, 4.62, 4.62, 4.62, 4.62, 4.62, 4.62, 4.61, 4.61, 4.61, 4.61, 4.61, 4.61, 4.61, 4.61, 4.61, 4.61, 4.61, 4.61, 4.61, 4.61
[2022-04-11 07:20:25.320] valid_loss ppl
[2022-04-11 07:20:25.320]   233.37,  159.43,  136.22,  119.88,  113.49,  111.50,  108.80,  107.57,  105.92,  105.77,  106.26,  102.00,  102.26,  101.77,  102.11,  102.37,  102.14,  101.94,  101.29,  101.29,  101.35,  101.13,  101.09,  101.08,  101.07,  101.11,  100.94,  100.95,  100.86,  100.84,  100.83,  100.86,  100.82,  100.82,  100.82,  100.81,  100.81,  100.81,  100.81,  100.80
[2022-04-11 07:20:25.320] test_loss of ../data/sample_500k/adolescent_valid.txt
[2022-04-11 07:20:25.320]  8.82, 8.84, 8.89, 8.87, 8.85, 8.98, 9.04, 9.13, 9.13, 9.32, 9.32, 9.60, 9.63, 9.76, 9.82, 9.88, 9.93, 9.89, 9.87, 9.87, 9.88, 9.87, 9.87, 9.87, 9.86, 9.87, 9.87, 9.87, 9.87, 9.87, 9.87, 9.87, 9.87, 9.87, 9.87, 9.87, 9.87, 9.87, 9.87, 9.87
[2022-04-11 07:20:25.320] test_loss of ../data/sample_500k/adolescent_valid.txt ppl
[2022-04-11 07:20:25.320]  6744.76, 6927.00, 7248.82, 7081.57, 6975.55, 7977.44, 8393.21, 9201.74, 9274.06,11187.11,11170.19,14741.41,15181.27,17281.95,18381.64,19490.78,20554.72,19698.54,19298.09,19283.35,19453.10,19281.62,19297.12,19388.35,19244.45,19293.34,19373.83,19368.14,19386.90,19344.90,19375.83,19384.54,19376.39,19378.36,19386.53,19390.73,19391.55,19398.09,19395.68,19391.60
[2022-04-11 07:20:25.320] test_loss of ../data/sample_500k/adult_test.txt
[2022-04-11 07:20:25.320]  8.84, 9.04, 9.16, 9.25, 9.27, 9.47, 9.52, 9.64, 9.64, 9.97, 9.85,10.13,10.19,10.40,10.48,10.55,10.58,10.54,10.51,10.50,10.51,10.50,10.50,10.50,10.49,10.48,10.49,10.49,10.49,10.49,10.49,10.49,10.49,10.49,10.49,10.49,10.49,10.49,10.49,10.49
[2022-04-11 07:20:25.321] test_loss of ../data/sample_500k/adult_test.txt ppl
[2022-04-11 07:20:25.321]  6888.70, 8409.93, 9465.37,10374.07,10610.78,12938.71,13675.05,15305.01,15315.98,21308.40,19046.98,25088.43,26718.64,32803.97,35458.59,38303.02,39295.44,37836.36,36748.65,36353.23,36595.38,36242.53,36140.12,36382.65,35776.20,35693.30,35925.50,35933.67,35808.44,35810.46,35897.06,35892.45,35830.98,35799.41,35791.91,35806.39,35805.20,35822.14,35819.90,35810.22
