[2022-04-11 02:46:02.902] corpus.train_file_list: 1
[2022-04-11 02:46:02.902]         ../data/sample_500k/adolescent_train.txt
[2022-04-11 02:46:02.902] corpus.valid_file_list: 1
[2022-04-11 02:46:02.903]         ../data/sample_500k/adolescent_valid.txt
[2022-04-11 02:46:02.903] corpus.test_file_list: 2
[2022-04-11 02:46:02.903]         ../data/sample_500k/cbt_valid.txt
[2022-04-11 02:46:02.903]         ../data/sample_500k/adult_test.txt
[2022-04-11 02:46:02.903] corpus.subword_vocab_size: 0
[2022-04-11 02:46:02.903] corpus.subword_model = None. Corpus will not use subword.
[2022-04-11 02:46:02.903] corpus tokenize...
[2022-04-11 02:46:04.270]         train tokens: 467267  ../data/sample_500k/adolescent_train.txt
[2022-04-11 02:46:04.587]         valid tokens: 112256  ../data/sample_500k/adolescent_valid.txt
[2022-04-11 02:46:04.750]         test  tokens: 115417  ../data/sample_500k/cbt_valid.txt
[2022-04-11 02:46:05.408]         test  tokens: 506878  ../data/sample_500k/adult_test.txt
[2022-04-11 02:46:05.409] corpus.ntokens      : 95521
[2022-04-11 02:46:05.409] corpus.char_count   : 166
[2022-04-11 02:46:05.409] corpus.char_cnt_dict: 166
[2022-04-11 02:46:05.409] corpus.char_id_dict : 166
[2022-04-11 02:46:05.422] corpus.batchify(1 files, batch_size=20)...
[2022-04-11 02:46:05.423]         tokens_all: 467267
[2022-04-11 02:46:05.423]         batched   :  23363
[2022-04-11 02:46:05.423]         ../data/sample_500k/adolescent_train.txt
[2022-04-11 02:46:07.316] corpus.batchify(1 files, batch_size=20)...
[2022-04-11 02:46:07.317]         tokens_all: 112256
[2022-04-11 02:46:07.317]         batched   :   5612
[2022-04-11 02:46:07.317]         ../data/sample_500k/adolescent_valid.txt
[2022-04-11 02:46:07.320] corpus.batchify(1 files, batch_size=20)...
[2022-04-11 02:46:07.320]         tokens_all: 115417
[2022-04-11 02:46:07.320]         batched   :   5770
[2022-04-11 02:46:07.320]         ../data/sample_500k/cbt_valid.txt
[2022-04-11 02:46:07.326] corpus.batchify(1 files, batch_size=20)...
[2022-04-11 02:46:07.326]         tokens_all: 506878
[2022-04-11 02:46:07.326]         batched   :  25343
[2022-04-11 02:46:07.326]         ../data/sample_500k/adult_test.txt
[2022-04-11 02:46:07.999] RNNModel.rnn_type: LSTM
[2022-04-11 02:46:07.999] RNNModel.ntoken  : 95521
[2022-04-11 02:46:07.999] RNNModel.ninp    : 200
[2022-04-11 02:46:07.999] RNNModel.nhid    : 200
[2022-04-11 02:46:07.999] RNNModel.nlayers : 2
[2022-04-11 02:46:07.999] RNNModel.dropout : 0.2
[2022-04-11 02:46:07.999] RNNModel.tie_weights: False
[2022-04-11 02:46:07.999] RNNModel.char_mode  : CNN
[2022-04-11 02:46:07.999] RNNModel.char_cnt   : 167
[2022-04-11 02:46:07.999] RNNModel.char_emsize: 25
[2022-04-11 02:46:08.000] RNNModel.char_nhid  : 200
[2022-04-11 02:46:08.000] RNNModel.char_embeds: created
[2022-04-11 02:46:08.001] RNNModel.char_cnn3  : created
[2022-04-11 02:46:08.212] Epoch 001/40 ==================================================
[2022-04-11 02:46:23.984] E001 |   200/667 batches | lr 20.0000 | loss  8.572 | ppl   5284.22
[2022-04-11 02:46:39.583] E001 |   400/667 batches | lr 20.0000 | loss  7.667 | ppl   2136.05
[2022-04-11 02:46:55.169] E001 |   600/667 batches | lr 20.0000 | loss  7.069 | ppl   1175.13
[2022-04-11 02:47:00.405] E001 |   667/667 batches | lr 20.0000 | loss  6.760 | ppl    862.24
[2022-04-11 02:47:04.979] End E001 | valid loss  6.686; ppl    800.77 | accu 0.1536 = 17235/112220
[2022-04-11 02:47:09.562] End E001 |  test loss  7.326; ppl   1518.72 | accu 0.0929 = 10716/115380 ../data/sample_500k/cbt_valid.txt
[2022-04-11 02:47:29.754] End E001 |  test loss  8.530; ppl   5064.48 | accu 0.0233 = 11789/506840 ../data/sample_500k/adult_test.txt
[2022-04-11 02:47:29.754] Save: model.pt... 
[2022-04-11 02:47:30.398] Save: model.pt...Done. best_val_loss: 6.6856
[2022-04-11 02:47:30.398] Epoch 002/40 ==================================================
[2022-04-11 02:47:46.018] E002 |   200/667 batches | lr 20.0000 | loss  6.587 | ppl    725.79
[2022-04-11 02:48:01.700] E002 |   400/667 batches | lr 20.0000 | loss  6.421 | ppl    614.52
[2022-04-11 02:48:17.424] E002 |   600/667 batches | lr 20.0000 | loss  6.211 | ppl    498.17
[2022-04-11 02:48:22.670] E002 |   667/667 batches | lr 20.0000 | loss  6.095 | ppl    443.42
[2022-04-11 02:48:27.225] End E002 | valid loss  6.171; ppl    478.61 | accu 0.2000 = 22448/112220
[2022-04-11 02:48:31.768] End E002 |  test loss  7.670; ppl   2143.45 | accu 0.0710 = 8192/115380 ../data/sample_500k/cbt_valid.txt
[2022-04-11 02:48:52.005] End E002 |  test loss  9.370; ppl  11733.39 | accu 0.0051 = 2597/506840 ../data/sample_500k/adult_test.txt
[2022-04-11 02:48:52.005] Save: model.pt... 
[2022-04-11 02:48:52.647] Save: model.pt...Done. best_val_loss: 6.1709
[2022-04-11 02:48:52.647] Epoch 003/40 ==================================================
[2022-04-11 02:49:08.326] E003 |   200/667 batches | lr 20.0000 | loss  6.051 | ppl    424.36
[2022-04-11 02:49:24.157] E003 |   400/667 batches | lr 20.0000 | loss  6.007 | ppl    406.20
[2022-04-11 02:49:39.955] E003 |   600/667 batches | lr 20.0000 | loss  5.876 | ppl    356.26
[2022-04-11 02:49:45.215] E003 |   667/667 batches | lr 20.0000 | loss  5.786 | ppl    325.69
[2022-04-11 02:49:49.752] End E003 | valid loss  6.062; ppl    429.37 | accu 0.2034 = 22821/112220
[2022-04-11 02:49:54.327] End E003 |  test loss  7.550; ppl   1901.15 | accu 0.0788 = 9096/115380 ../data/sample_500k/cbt_valid.txt
[2022-04-11 02:50:14.609] End E003 |  test loss  9.287; ppl  10801.80 | accu 0.0102 = 5180/506840 ../data/sample_500k/adult_test.txt
[2022-04-11 02:50:14.609] Save: model.pt... 
[2022-04-11 02:50:15.278] Save: model.pt...Done. best_val_loss: 6.0623
[2022-04-11 02:50:15.278] Epoch 004/40 ==================================================
[2022-04-11 02:50:31.111] E004 |   200/667 batches | lr 20.0000 | loss  5.782 | ppl    324.42
[2022-04-11 02:50:46.920] E004 |   400/667 batches | lr 20.0000 | loss  5.767 | ppl    319.73
[2022-04-11 02:51:02.769] E004 |   600/667 batches | lr 20.0000 | loss  5.655 | ppl    285.58
[2022-04-11 02:51:08.060] E004 |   667/667 batches | lr 20.0000 | loss  5.582 | ppl    265.47
[2022-04-11 02:51:12.635] End E004 | valid loss  6.054; ppl    425.82 | accu 0.2044 = 22940/112220
[2022-04-11 02:51:17.217] End E004 |  test loss  7.827; ppl   2507.65 | accu 0.0743 = 8572/115380 ../data/sample_500k/cbt_valid.txt
[2022-04-11 02:51:37.519] End E004 |  test loss  9.774; ppl  17565.14 | accu 0.0084 = 4260/506840 ../data/sample_500k/adult_test.txt
[2022-04-11 02:51:37.519] Save: model.pt... 
[2022-04-11 02:51:38.164] Save: model.pt...Done. best_val_loss: 6.0540
[2022-04-11 02:51:38.165] Epoch 005/40 ==================================================
[2022-04-11 02:51:53.926] E005 |   200/667 batches | lr 20.0000 | loss  5.584 | ppl    266.04
[2022-04-11 02:52:09.683] E005 |   400/667 batches | lr 20.0000 | loss  5.575 | ppl    263.67
[2022-04-11 02:52:25.491] E005 |   600/667 batches | lr 20.0000 | loss  5.476 | ppl    238.80
[2022-04-11 02:52:30.779] E005 |   667/667 batches | lr 20.0000 | loss  5.407 | ppl    222.86
[2022-04-11 02:52:35.344] End E005 | valid loss  5.984; ppl    397.05 | accu 0.2043 = 22928/112220
[2022-04-11 02:52:39.956] End E005 |  test loss  7.741; ppl   2300.65 | accu 0.0714 = 8242/115380 ../data/sample_500k/cbt_valid.txt
[2022-04-11 02:53:00.207] End E005 |  test loss  9.742; ppl  17019.21 | accu 0.0066 = 3333/506840 ../data/sample_500k/adult_test.txt
[2022-04-11 02:53:00.207] Save: model.pt... 
[2022-04-11 02:53:00.852] Save: model.pt...Done. best_val_loss: 5.9841
[2022-04-11 02:53:00.852] Epoch 006/40 ==================================================
[2022-04-11 02:53:16.671] E006 |   200/667 batches | lr 20.0000 | loss  5.411 | ppl    223.93
[2022-04-11 02:53:32.505] E006 |   400/667 batches | lr 20.0000 | loss  5.415 | ppl    224.80
[2022-04-11 02:53:48.331] E006 |   600/667 batches | lr 20.0000 | loss  5.326 | ppl    205.55
[2022-04-11 02:53:53.654] E006 |   667/667 batches | lr 20.0000 | loss  5.270 | ppl    194.50
[2022-04-11 02:53:58.221] End E006 | valid loss  5.968; ppl    390.62 | accu 0.2051 = 23013/112220
[2022-04-11 02:54:02.784] End E006 |  test loss  7.739; ppl   2297.01 | accu 0.0698 = 8056/115380 ../data/sample_500k/cbt_valid.txt
[2022-04-11 02:54:23.044] End E006 |  test loss  9.307; ppl  11018.55 | accu 0.0057 = 2897/506840 ../data/sample_500k/adult_test.txt
[2022-04-11 02:54:23.044] Save: model.pt... 
[2022-04-11 02:54:23.715] Save: model.pt...Done. best_val_loss: 5.9677
[2022-04-11 02:54:23.715] Epoch 007/40 ==================================================
[2022-04-11 02:54:39.505] E007 |   200/667 batches | lr 20.0000 | loss  5.271 | ppl    194.57
[2022-04-11 02:54:55.302] E007 |   400/667 batches | lr 20.0000 | loss  5.267 | ppl    193.87
[2022-04-11 02:55:11.170] E007 |   600/667 batches | lr 20.0000 | loss  5.190 | ppl    179.49
[2022-04-11 02:55:16.487] E007 |   667/667 batches | lr 20.0000 | loss  5.131 | ppl    169.25
[2022-04-11 02:55:21.047] End E007 | valid loss  6.014; ppl    409.09 | accu 0.2115 = 23729/112220
[2022-04-11 02:55:25.603] End E007 |  test loss  8.075; ppl   3214.72 | accu 0.0706 = 8141/115380 ../data/sample_500k/cbt_valid.txt
[2022-04-11 02:55:45.863] End E007 |  test loss 10.166; ppl  25999.42 | accu 0.0060 = 3030/506840 ../data/sample_500k/adult_test.txt
[2022-04-11 02:55:45.864] Epoch 008/40 ==================================================
[2022-04-11 02:56:01.592] E008 |   200/667 batches | lr 10.0000 | loss  5.039 | ppl    154.36
[2022-04-11 02:56:17.394] E008 |   400/667 batches | lr 10.0000 | loss  4.993 | ppl    147.30
[2022-04-11 02:56:33.162] E008 |   600/667 batches | lr 10.0000 | loss  4.883 | ppl    132.07
[2022-04-11 02:56:38.453] E008 |   667/667 batches | lr 10.0000 | loss  4.818 | ppl    123.77
[2022-04-11 02:56:42.994] End E008 | valid loss  5.926; ppl    374.56 | accu 0.2175 = 24411/112220
[2022-04-11 02:56:47.547] End E008 |  test loss  8.160; ppl   3497.09 | accu 0.0753 = 8683/115380 ../data/sample_500k/cbt_valid.txt
[2022-04-11 02:57:07.770] End E008 |  test loss  9.923; ppl  20400.16 | accu 0.0052 = 2657/506840 ../data/sample_500k/adult_test.txt
[2022-04-11 02:57:07.770] Save: model.pt... 
[2022-04-11 02:57:08.401] Save: model.pt...Done. best_val_loss: 5.9258
[2022-04-11 02:57:08.401] Epoch 009/40 ==================================================
[2022-04-11 02:57:24.109] E009 |   200/667 batches | lr 10.0000 | loss  4.899 | ppl    134.11
[2022-04-11 02:57:39.981] E009 |   400/667 batches | lr 10.0000 | loss  4.880 | ppl    131.58
[2022-04-11 02:57:55.787] E009 |   600/667 batches | lr 10.0000 | loss  4.794 | ppl    120.80
[2022-04-11 02:58:01.095] E009 |   667/667 batches | lr 10.0000 | loss  4.733 | ppl    113.59
[2022-04-11 02:58:05.673] End E009 | valid loss  5.927; ppl    374.98 | accu 0.2182 = 24491/112220
[2022-04-11 02:58:10.239] End E009 |  test loss  8.178; ppl   3563.00 | accu 0.0769 = 8872/115380 ../data/sample_500k/cbt_valid.txt
[2022-04-11 02:58:30.488] End E009 |  test loss  9.976; ppl  21498.07 | accu 0.0055 = 2785/506840 ../data/sample_500k/adult_test.txt
[2022-04-11 02:58:30.488] Epoch 010/40 ==================================================
[2022-04-11 02:58:46.303] E010 |   200/667 batches | lr 5.0000 | loss  4.771 | ppl    118.06
[2022-04-11 02:59:02.071] E010 |   400/667 batches | lr 5.0000 | loss  4.729 | ppl    113.19
[2022-04-11 02:59:17.909] E010 |   600/667 batches | lr 5.0000 | loss  4.625 | ppl    101.95
[2022-04-11 02:59:23.203] E010 |   667/667 batches | lr 5.0000 | loss  4.549 | ppl     94.55
[2022-04-11 02:59:27.789] End E010 | valid loss  5.915; ppl    370.48 | accu 0.2226 = 24984/112220
[2022-04-11 02:59:32.356] End E010 |  test loss  8.267; ppl   3893.31 | accu 0.0776 = 8959/115380 ../data/sample_500k/cbt_valid.txt
[2022-04-11 02:59:52.636] End E010 |  test loss 10.144; ppl  25445.14 | accu 0.0052 = 2624/506840 ../data/sample_500k/adult_test.txt
[2022-04-11 02:59:52.636] Save: model.pt... 
[2022-04-11 02:59:53.264] Save: model.pt...Done. best_val_loss: 5.9148
[2022-04-11 02:59:53.264] Epoch 011/40 ==================================================
[2022-04-11 03:00:09.020] E011 |   200/667 batches | lr 5.0000 | loss  4.693 | ppl    109.16
[2022-04-11 03:00:24.834] E011 |   400/667 batches | lr 5.0000 | loss  4.666 | ppl    106.29
[2022-04-11 03:00:40.677] E011 |   600/667 batches | lr 5.0000 | loss  4.573 | ppl     96.86
[2022-04-11 03:00:46.006] E011 |   667/667 batches | lr 5.0000 | loss  4.506 | ppl     90.59
[2022-04-11 03:00:50.584] End E011 | valid loss  5.925; ppl    374.18 | accu 0.2236 = 25091/112220
[2022-04-11 03:00:55.129] End E011 |  test loss  8.206; ppl   3662.80 | accu 0.0780 = 8994/115380 ../data/sample_500k/cbt_valid.txt
[2022-04-11 03:01:15.429] End E011 |  test loss 10.151; ppl  25612.54 | accu 0.0052 = 2615/506840 ../data/sample_500k/adult_test.txt
[2022-04-11 03:01:15.430] Epoch 012/40 ==================================================
[2022-04-11 03:01:31.092] E012 |   200/667 batches | lr 2.5000 | loss  4.628 | ppl    102.31
[2022-04-11 03:01:46.439] E012 |   400/667 batches | lr 2.5000 | loss  4.589 | ppl     98.36
[2022-04-11 03:02:01.799] E012 |   600/667 batches | lr 2.5000 | loss  4.485 | ppl     88.71
[2022-04-11 03:02:06.923] E012 |   667/667 batches | lr 2.5000 | loss  4.410 | ppl     82.24
[2022-04-11 03:02:11.480] End E012 | valid loss  5.912; ppl    369.59 | accu 0.2250 = 25252/112220
[2022-04-11 03:02:16.049] End E012 |  test loss  8.113; ppl   3339.04 | accu 0.0783 = 9040/115380 ../data/sample_500k/cbt_valid.txt
[2022-04-11 03:02:36.302] End E012 |  test loss  9.976; ppl  21497.18 | accu 0.0051 = 2600/506840 ../data/sample_500k/adult_test.txt
[2022-04-11 03:02:36.303] Save: model.pt... 
[2022-04-11 03:02:36.926] Save: model.pt...Done. best_val_loss: 5.9124
[2022-04-11 03:02:36.926] Epoch 013/40 ==================================================
[2022-04-11 03:02:52.611] E013 |   200/667 batches | lr 2.5000 | loss  4.584 | ppl     97.89
[2022-04-11 03:03:08.451] E013 |   400/667 batches | lr 2.5000 | loss  4.550 | ppl     94.66
[2022-04-11 03:03:24.260] E013 |   600/667 batches | lr 2.5000 | loss  4.458 | ppl     86.31
[2022-04-11 03:03:29.546] E013 |   667/667 batches | lr 2.5000 | loss  4.390 | ppl     80.61
[2022-04-11 03:03:34.114] End E013 | valid loss  5.917; ppl    371.37 | accu 0.2253 = 25286/112220
[2022-04-11 03:03:38.744] End E013 |  test loss  8.131; ppl   3398.01 | accu 0.0789 = 9107/115380 ../data/sample_500k/cbt_valid.txt
[2022-04-11 03:03:58.952] End E013 |  test loss  9.888; ppl  19697.12 | accu 0.0053 = 2664/506840 ../data/sample_500k/adult_test.txt
[2022-04-11 03:03:58.952] Epoch 014/40 ==================================================
[2022-04-11 03:04:14.727] E014 |   200/667 batches | lr 1.2500 | loss  4.554 | ppl     95.01
[2022-04-11 03:04:30.581] E014 |   400/667 batches | lr 1.2500 | loss  4.514 | ppl     91.27
[2022-04-11 03:04:46.353] E014 |   600/667 batches | lr 1.2500 | loss  4.409 | ppl     82.21
[2022-04-11 03:04:51.627] E014 |   667/667 batches | lr 1.2500 | loss  4.341 | ppl     76.79
[2022-04-11 03:04:56.193] End E014 | valid loss  5.914; ppl    370.10 | accu 0.2271 = 25485/112220
[2022-04-11 03:05:00.767] End E014 |  test loss  8.091; ppl   3264.17 | accu 0.0790 = 9118/115380 ../data/sample_500k/cbt_valid.txt
[2022-04-11 03:05:20.990] End E014 |  test loss  9.914; ppl  20206.44 | accu 0.0055 = 2795/506840 ../data/sample_500k/adult_test.txt
[2022-04-11 03:05:20.990] Epoch 015/40 ==================================================
[2022-04-11 03:05:36.769] E015 |   200/667 batches | lr 0.6250 | loss  4.531 | ppl     92.87
[2022-04-11 03:05:52.600] E015 |   400/667 batches | lr 0.6250 | loss  4.495 | ppl     89.57
[2022-04-11 03:06:08.477] E015 |   600/667 batches | lr 0.6250 | loss  4.384 | ppl     80.16
[2022-04-11 03:06:13.796] E015 |   667/667 batches | lr 0.6250 | loss  4.318 | ppl     75.04
[2022-04-11 03:06:18.376] End E015 | valid loss  5.909; ppl    368.26 | accu 0.2276 = 25538/112220
[2022-04-11 03:06:22.936] End E015 |  test loss  8.084; ppl   3241.32 | accu 0.0796 = 9186/115380 ../data/sample_500k/cbt_valid.txt
[2022-04-11 03:06:43.181] End E015 |  test loss  9.883; ppl  19586.84 | accu 0.0057 = 2870/506840 ../data/sample_500k/adult_test.txt
[2022-04-11 03:06:43.181] Save: model.pt... 
[2022-04-11 03:06:43.810] Save: model.pt...Done. best_val_loss: 5.9088
[2022-04-11 03:06:43.810] Epoch 016/40 ==================================================
[2022-04-11 03:06:59.599] E016 |   200/667 batches | lr 0.6250 | loss  4.517 | ppl     91.55
[2022-04-11 03:07:15.442] E016 |   400/667 batches | lr 0.6250 | loss  4.482 | ppl     88.43
[2022-04-11 03:07:31.197] E016 |   600/667 batches | lr 0.6250 | loss  4.380 | ppl     79.80
[2022-04-11 03:07:36.487] E016 |   667/667 batches | lr 0.6250 | loss  4.309 | ppl     74.38
[2022-04-11 03:07:41.042] End E016 | valid loss  5.912; ppl    369.28 | accu 0.2278 = 25568/112220
[2022-04-11 03:07:45.602] End E016 |  test loss  8.004; ppl   2992.67 | accu 0.0791 = 9127/115380 ../data/sample_500k/cbt_valid.txt
[2022-04-11 03:08:05.994] End E016 |  test loss  9.852; ppl  18990.50 | accu 0.0057 = 2911/506840 ../data/sample_500k/adult_test.txt
[2022-04-11 03:08:05.994] Epoch 017/40 ==================================================
[2022-04-11 03:08:22.336] E017 |   200/667 batches | lr 0.3125 | loss  4.512 | ppl     91.12
[2022-04-11 03:08:38.391] E017 |   400/667 batches | lr 0.3125 | loss  4.473 | ppl     87.66
[2022-04-11 03:08:54.242] E017 |   600/667 batches | lr 0.3125 | loss  4.366 | ppl     78.76
[2022-04-11 03:08:59.558] E017 |   667/667 batches | lr 0.3125 | loss  4.300 | ppl     73.68
[2022-04-11 03:09:04.145] End E017 | valid loss  5.909; ppl    368.38 | accu 0.2279 = 25574/112220
[2022-04-11 03:09:08.718] End E017 |  test loss  8.025; ppl   3057.01 | accu 0.0792 = 9137/115380 ../data/sample_500k/cbt_valid.txt
[2022-04-11 03:09:29.054] End E017 |  test loss  9.858; ppl  19118.64 | accu 0.0056 = 2832/506840 ../data/sample_500k/adult_test.txt
[2022-04-11 03:09:29.054] Epoch 018/40 ==================================================
[2022-04-11 03:09:44.823] E018 |   200/667 batches | lr 0.1562 | loss  4.505 | ppl     90.44
[2022-04-11 03:10:00.713] E018 |   400/667 batches | lr 0.1562 | loss  4.467 | ppl     87.07
[2022-04-11 03:10:16.524] E018 |   600/667 batches | lr 0.1562 | loss  4.357 | ppl     78.02
[2022-04-11 03:10:21.826] E018 |   667/667 batches | lr 0.1562 | loss  4.291 | ppl     73.03
[2022-04-11 03:10:26.403] End E018 | valid loss  5.908; ppl    367.96 | accu 0.2284 = 25626/112220
[2022-04-11 03:10:30.979] End E018 |  test loss  8.024; ppl   3054.62 | accu 0.0791 = 9130/115380 ../data/sample_500k/cbt_valid.txt
[2022-04-11 03:10:51.267] End E018 |  test loss  9.878; ppl  19495.76 | accu 0.0056 = 2853/506840 ../data/sample_500k/adult_test.txt
[2022-04-11 03:10:51.267] Save: model.pt... 
[2022-04-11 03:10:51.946] Save: model.pt...Done. best_val_loss: 5.9080
[2022-04-11 03:10:51.946] Epoch 019/40 ==================================================
[2022-04-11 03:11:07.688] E019 |   200/667 batches | lr 0.1562 | loss  4.500 | ppl     90.05
[2022-04-11 03:11:23.500] E019 |   400/667 batches | lr 0.1562 | loss  4.463 | ppl     86.76
[2022-04-11 03:11:39.279] E019 |   600/667 batches | lr 0.1562 | loss  4.358 | ppl     78.14
[2022-04-11 03:11:44.543] E019 |   667/667 batches | lr 0.1562 | loss  4.297 | ppl     73.44
[2022-04-11 03:11:49.096] End E019 | valid loss  5.909; ppl    368.16 | accu 0.2285 = 25637/112220
[2022-04-11 03:11:53.637] End E019 |  test loss  7.998; ppl   2973.92 | accu 0.0791 = 9127/115380 ../data/sample_500k/cbt_valid.txt
[2022-04-11 03:12:13.871] End E019 |  test loss  9.828; ppl  18550.21 | accu 0.0057 = 2874/506840 ../data/sample_500k/adult_test.txt
[2022-04-11 03:12:13.871] Epoch 020/40 ==================================================
[2022-04-11 03:12:29.666] E020 |   200/667 batches | lr 0.0781 | loss  4.498 | ppl     89.84
[2022-04-11 03:12:45.488] E020 |   400/667 batches | lr 0.0781 | loss  4.459 | ppl     86.43
[2022-04-11 03:13:01.615] E020 |   600/667 batches | lr 0.0781 | loss  4.356 | ppl     77.95
[2022-04-11 03:13:06.900] E020 |   667/667 batches | lr 0.0781 | loss  4.289 | ppl     72.90
[2022-04-11 03:13:11.483] End E020 | valid loss  5.909; ppl    368.52 | accu 0.2286 = 25652/112220
[2022-04-11 03:13:16.047] End E020 |  test loss  8.026; ppl   3060.39 | accu 0.0790 = 9117/115380 ../data/sample_500k/cbt_valid.txt
[2022-04-11 03:13:36.298] End E020 |  test loss  9.873; ppl  19396.26 | accu 0.0056 = 2813/506840 ../data/sample_500k/adult_test.txt
[2022-04-11 03:13:36.298] Epoch 021/40 ==================================================
[2022-04-11 03:13:52.092] E021 |   200/667 batches | lr 0.0391 | loss  4.495 | ppl     89.56
[2022-04-11 03:14:07.869] E021 |   400/667 batches | lr 0.0391 | loss  4.461 | ppl     86.55
[2022-04-11 03:14:23.781] E021 |   600/667 batches | lr 0.0391 | loss  4.355 | ppl     77.88
[2022-04-11 03:14:29.084] E021 |   667/667 batches | lr 0.0391 | loss  4.285 | ppl     72.61
[2022-04-11 03:14:33.648] End E021 | valid loss  5.911; ppl    368.89 | accu 0.2287 = 25669/112220
[2022-04-11 03:14:38.217] End E021 |  test loss  8.027; ppl   3063.62 | accu 0.0790 = 9117/115380 ../data/sample_500k/cbt_valid.txt
[2022-04-11 03:14:58.401] End E021 |  test loss  9.870; ppl  19334.62 | accu 0.0055 = 2799/506840 ../data/sample_500k/adult_test.txt
[2022-04-11 03:14:58.402] Epoch 022/40 ==================================================
[2022-04-11 03:15:14.220] E022 |   200/667 batches | lr 0.0195 | loss  4.494 | ppl     89.52
[2022-04-11 03:15:30.255] E022 |   400/667 batches | lr 0.0195 | loss  4.460 | ppl     86.52
[2022-04-11 03:15:46.083] E022 |   600/667 batches | lr 0.0195 | loss  4.353 | ppl     77.73
[2022-04-11 03:15:51.379] E022 |   667/667 batches | lr 0.0195 | loss  4.281 | ppl     72.33
[2022-04-11 03:15:55.922] End E022 | valid loss  5.911; ppl    369.09 | accu 0.2288 = 25671/112220
[2022-04-11 03:16:00.502] End E022 |  test loss  8.037; ppl   3092.78 | accu 0.0789 = 9102/115380 ../data/sample_500k/cbt_valid.txt
[2022-04-11 03:16:20.713] End E022 |  test loss  9.878; ppl  19487.46 | accu 0.0055 = 2789/506840 ../data/sample_500k/adult_test.txt
[2022-04-11 03:16:20.713] Epoch 023/40 ==================================================
[2022-04-11 03:16:36.517] E023 |   200/667 batches | lr 0.0098 | loss  4.494 | ppl     89.52
[2022-04-11 03:16:52.437] E023 |   400/667 batches | lr 0.0098 | loss  4.456 | ppl     86.13
[2022-04-11 03:17:08.664] E023 |   600/667 batches | lr 0.0098 | loss  4.353 | ppl     77.71
[2022-04-11 03:17:13.957] E023 |   667/667 batches | lr 0.0098 | loss  4.285 | ppl     72.58
[2022-04-11 03:17:18.520] End E023 | valid loss  5.912; ppl    369.32 | accu 0.2288 = 25672/112220
[2022-04-11 03:17:23.118] End E023 |  test loss  8.042; ppl   3108.37 | accu 0.0788 = 9097/115380 ../data/sample_500k/cbt_valid.txt
[2022-04-11 03:17:43.407] End E023 |  test loss  9.882; ppl  19581.08 | accu 0.0055 = 2782/506840 ../data/sample_500k/adult_test.txt
[2022-04-11 03:17:43.407] Epoch 024/40 ==================================================
[2022-04-11 03:17:59.175] E024 |   200/667 batches | lr 0.0049 | loss  4.495 | ppl     89.58
[2022-04-11 03:18:15.018] E024 |   400/667 batches | lr 0.0049 | loss  4.456 | ppl     86.16
[2022-04-11 03:18:30.815] E024 |   600/667 batches | lr 0.0049 | loss  4.351 | ppl     77.57
[2022-04-11 03:18:36.080] E024 |   667/667 batches | lr 0.0049 | loss  4.282 | ppl     72.37
[2022-04-11 03:18:40.624] End E024 | valid loss  5.912; ppl    369.41 | accu 0.2287 = 25665/112220
[2022-04-11 03:18:45.176] End E024 |  test loss  8.044; ppl   3114.45 | accu 0.0788 = 9093/115380 ../data/sample_500k/cbt_valid.txt
[2022-04-11 03:19:05.438] End E024 |  test loss  9.884; ppl  19606.10 | accu 0.0055 = 2779/506840 ../data/sample_500k/adult_test.txt
[2022-04-11 03:19:05.439] Epoch 025/40 ==================================================
[2022-04-11 03:19:21.199] E025 |   200/667 batches | lr 0.0024 | loss  4.495 | ppl     89.54
[2022-04-11 03:19:36.975] E025 |   400/667 batches | lr 0.0024 | loss  4.457 | ppl     86.20
[2022-04-11 03:19:52.754] E025 |   600/667 batches | lr 0.0024 | loss  4.352 | ppl     77.64
[2022-04-11 03:19:58.071] E025 |   667/667 batches | lr 0.0024 | loss  4.280 | ppl     72.21
[2022-04-11 03:20:02.627] End E025 | valid loss  5.912; ppl    369.49 | accu 0.2287 = 25665/112220
[2022-04-11 03:20:07.221] End E025 |  test loss  8.045; ppl   3119.61 | accu 0.0788 = 9088/115380 ../data/sample_500k/cbt_valid.txt
[2022-04-11 03:20:27.535] End E025 |  test loss  9.885; ppl  19629.64 | accu 0.0055 = 2780/506840 ../data/sample_500k/adult_test.txt
[2022-04-11 03:20:27.535] Epoch 026/40 ==================================================
[2022-04-11 03:20:43.285] E026 |   200/667 batches | lr 0.0012 | loss  4.492 | ppl     89.33
[2022-04-11 03:20:59.128] E026 |   400/667 batches | lr 0.0012 | loss  4.456 | ppl     86.11
[2022-04-11 03:21:14.936] E026 |   600/667 batches | lr 0.0012 | loss  4.349 | ppl     77.39
[2022-04-11 03:21:20.243] E026 |   667/667 batches | lr 0.0012 | loss  4.284 | ppl     72.52
[2022-04-11 03:21:24.833] End E026 | valid loss  5.912; ppl    369.51 | accu 0.2287 = 25663/112220
[2022-04-11 03:21:29.422] End E026 |  test loss  8.046; ppl   3121.07 | accu 0.0788 = 9088/115380 ../data/sample_500k/cbt_valid.txt
[2022-04-11 03:21:50.014] End E026 |  test loss  9.885; ppl  19637.16 | accu 0.0055 = 2779/506840 ../data/sample_500k/adult_test.txt
[2022-04-11 03:21:50.014] Epoch 027/40 ==================================================
[2022-04-11 03:22:05.851] E027 |   200/667 batches | lr 0.0006 | loss  4.493 | ppl     89.42
[2022-04-11 03:22:21.751] E027 |   400/667 batches | lr 0.0006 | loss  4.458 | ppl     86.29
[2022-04-11 03:22:37.596] E027 |   600/667 batches | lr 0.0006 | loss  4.349 | ppl     77.39
[2022-04-11 03:22:42.919] E027 |   667/667 batches | lr 0.0006 | loss  4.283 | ppl     72.45
[2022-04-11 03:22:47.500] End E027 | valid loss  5.912; ppl    369.52 | accu 0.2287 = 25663/112220
[2022-04-11 03:22:52.097] End E027 |  test loss  8.046; ppl   3121.49 | accu 0.0788 = 9089/115380 ../data/sample_500k/cbt_valid.txt
[2022-04-11 03:23:12.476] End E027 |  test loss  9.885; ppl  19641.13 | accu 0.0055 = 2779/506840 ../data/sample_500k/adult_test.txt
[2022-04-11 03:23:12.476] Epoch 028/40 ==================================================
[2022-04-11 03:23:28.315] E028 |   200/667 batches | lr 0.0003 | loss  4.494 | ppl     89.45
[2022-04-11 03:23:44.222] E028 |   400/667 batches | lr 0.0003 | loss  4.457 | ppl     86.27
[2022-04-11 03:24:00.074] E028 |   600/667 batches | lr 0.0003 | loss  4.350 | ppl     77.46
[2022-04-11 03:24:05.376] E028 |   667/667 batches | lr 0.0003 | loss  4.280 | ppl     72.27
[2022-04-11 03:24:10.027] End E028 | valid loss  5.912; ppl    369.52 | accu 0.2287 = 25664/112220
[2022-04-11 03:24:14.910] End E028 |  test loss  8.046; ppl   3122.00 | accu 0.0788 = 9087/115380 ../data/sample_500k/cbt_valid.txt
[2022-04-11 03:24:35.844] End E028 |  test loss  9.886; ppl  19644.81 | accu 0.0055 = 2779/506840 ../data/sample_500k/adult_test.txt
[2022-04-11 03:24:35.845] Epoch 029/40 ==================================================
[2022-04-11 03:24:51.715] E029 |   200/667 batches | lr 0.0002 | loss  4.495 | ppl     89.60
[2022-04-11 03:25:07.621] E029 |   400/667 batches | lr 0.0002 | loss  4.456 | ppl     86.15
[2022-04-11 03:25:23.487] E029 |   600/667 batches | lr 0.0002 | loss  4.352 | ppl     77.66
[2022-04-11 03:25:28.797] E029 |   667/667 batches | lr 0.0002 | loss  4.280 | ppl     72.21
[2022-04-11 03:25:33.426] End E029 | valid loss  5.912; ppl    369.52 | accu 0.2287 = 25664/112220
[2022-04-11 03:25:38.047] End E029 |  test loss  8.046; ppl   3122.07 | accu 0.0788 = 9087/115380 ../data/sample_500k/cbt_valid.txt
[2022-04-11 03:25:58.390] End E029 |  test loss  9.886; ppl  19645.26 | accu 0.0055 = 2779/506840 ../data/sample_500k/adult_test.txt
[2022-04-11 03:25:58.390] Epoch 030/40 ==================================================
[2022-04-11 03:26:14.247] E030 |   200/667 batches | lr 0.0001 | loss  4.494 | ppl     89.46
[2022-04-11 03:26:30.091] E030 |   400/667 batches | lr 0.0001 | loss  4.453 | ppl     85.91
[2022-04-11 03:26:45.974] E030 |   600/667 batches | lr 0.0001 | loss  4.350 | ppl     77.50
[2022-04-11 03:26:51.272] E030 |   667/667 batches | lr 0.0001 | loss  4.278 | ppl     72.10
[2022-04-11 03:26:55.876] End E030 | valid loss  5.912; ppl    369.52 | accu 0.2287 = 25664/112220
[2022-04-11 03:27:00.472] End E030 |  test loss  8.046; ppl   3122.07 | accu 0.0788 = 9087/115380 ../data/sample_500k/cbt_valid.txt
[2022-04-11 03:27:20.803] End E030 |  test loss  9.886; ppl  19645.41 | accu 0.0055 = 2779/506840 ../data/sample_500k/adult_test.txt
[2022-04-11 03:27:20.803] Epoch 031/40 ==================================================
[2022-04-11 03:27:36.577] E031 |   200/667 batches | lr 0.0000 | loss  4.492 | ppl     89.27
[2022-04-11 03:27:52.371] E031 |   400/667 batches | lr 0.0000 | loss  4.456 | ppl     86.14
[2022-04-11 03:28:08.320] E031 |   600/667 batches | lr 0.0000 | loss  4.348 | ppl     77.36
[2022-04-11 03:28:13.603] E031 |   667/667 batches | lr 0.0000 | loss  4.286 | ppl     72.64
[2022-04-11 03:28:18.226] End E031 | valid loss  5.912; ppl    369.52 | accu 0.2287 = 25664/112220
[2022-04-11 03:28:23.112] End E031 |  test loss  8.046; ppl   3122.08 | accu 0.0788 = 9088/115380 ../data/sample_500k/cbt_valid.txt
[2022-04-11 03:28:43.762] End E031 |  test loss  9.886; ppl  19645.27 | accu 0.0055 = 2779/506840 ../data/sample_500k/adult_test.txt
[2022-04-11 03:28:43.762] Epoch 032/40 ==================================================
[2022-04-11 03:28:59.633] E032 |   200/667 batches | lr 0.0000 | loss  4.493 | ppl     89.41
[2022-04-11 03:29:15.528] E032 |   400/667 batches | lr 0.0000 | loss  4.458 | ppl     86.29
[2022-04-11 03:29:31.339] E032 |   600/667 batches | lr 0.0000 | loss  4.353 | ppl     77.70
[2022-04-11 03:29:36.676] E032 |   667/667 batches | lr 0.0000 | loss  4.281 | ppl     72.30
[2022-04-11 03:29:41.275] End E032 | valid loss  5.912; ppl    369.52 | accu 0.2287 = 25664/112220
[2022-04-11 03:29:45.923] End E032 |  test loss  8.046; ppl   3122.08 | accu 0.0788 = 9088/115380 ../data/sample_500k/cbt_valid.txt
[2022-04-11 03:30:06.488] End E032 |  test loss  9.886; ppl  19645.22 | accu 0.0055 = 2779/506840 ../data/sample_500k/adult_test.txt
[2022-04-11 03:30:06.488] Epoch 033/40 ==================================================
[2022-04-11 03:30:22.172] E033 |   200/667 batches | lr 0.0000 | loss  4.492 | ppl     89.34
[2022-04-11 03:30:37.983] E033 |   400/667 batches | lr 0.0000 | loss  4.455 | ppl     86.10
[2022-04-11 03:30:53.910] E033 |   600/667 batches | lr 0.0000 | loss  4.354 | ppl     77.79
[2022-04-11 03:30:59.203] E033 |   667/667 batches | lr 0.0000 | loss  4.286 | ppl     72.69
[2022-04-11 03:31:03.834] End E033 | valid loss  5.912; ppl    369.52 | accu 0.2287 = 25665/112220
[2022-04-11 03:31:08.477] End E033 |  test loss  8.046; ppl   3122.07 | accu 0.0788 = 9088/115380 ../data/sample_500k/cbt_valid.txt
[2022-04-11 03:31:28.928] End E033 |  test loss  9.886; ppl  19645.14 | accu 0.0055 = 2779/506840 ../data/sample_500k/adult_test.txt
[2022-04-11 03:31:28.929] Epoch 034/40 ==================================================
[2022-04-11 03:31:45.032] E034 |   200/667 batches | lr 0.0000 | loss  4.496 | ppl     89.64
[2022-04-11 03:32:01.004] E034 |   400/667 batches | lr 0.0000 | loss  4.457 | ppl     86.20
[2022-04-11 03:32:16.793] E034 |   600/667 batches | lr 0.0000 | loss  4.355 | ppl     77.86
[2022-04-11 03:32:22.113] E034 |   667/667 batches | lr 0.0000 | loss  4.287 | ppl     72.75
[2022-04-11 03:32:26.716] End E034 | valid loss  5.912; ppl    369.52 | accu 0.2287 = 25665/112220
[2022-04-11 03:32:31.333] End E034 |  test loss  8.046; ppl   3122.07 | accu 0.0788 = 9088/115380 ../data/sample_500k/cbt_valid.txt
[2022-04-11 03:32:52.116] End E034 |  test loss  9.886; ppl  19645.10 | accu 0.0055 = 2779/506840 ../data/sample_500k/adult_test.txt
[2022-04-11 03:32:52.117] Epoch 035/40 ==================================================
[2022-04-11 03:33:07.896] E035 |   200/667 batches | lr 0.0000 | loss  4.496 | ppl     89.70
[2022-04-11 03:33:23.771] E035 |   400/667 batches | lr 0.0000 | loss  4.455 | ppl     86.04
[2022-04-11 03:33:39.638] E035 |   600/667 batches | lr 0.0000 | loss  4.351 | ppl     77.56
[2022-04-11 03:33:44.957] E035 |   667/667 batches | lr 0.0000 | loss  4.287 | ppl     72.73
[2022-04-11 03:33:49.740] End E035 | valid loss  5.912; ppl    369.52 | accu 0.2287 = 25665/112220
[2022-04-11 03:33:54.370] End E035 |  test loss  8.046; ppl   3122.06 | accu 0.0788 = 9088/115380 ../data/sample_500k/cbt_valid.txt
[2022-04-11 03:34:15.654] End E035 |  test loss  9.886; ppl  19645.09 | accu 0.0055 = 2779/506840 ../data/sample_500k/adult_test.txt
[2022-04-11 03:34:15.654] Epoch 036/40 ==================================================
[2022-04-11 03:34:31.501] E036 |   200/667 batches | lr 0.0000 | loss  4.494 | ppl     89.50
[2022-04-11 03:34:47.353] E036 |   400/667 batches | lr 0.0000 | loss  4.456 | ppl     86.12
[2022-04-11 03:35:03.067] E036 |   600/667 batches | lr 0.0000 | loss  4.353 | ppl     77.73
[2022-04-11 03:35:08.331] E036 |   667/667 batches | lr 0.0000 | loss  4.281 | ppl     72.31
[2022-04-11 03:35:12.929] End E036 | valid loss  5.912; ppl    369.52 | accu 0.2287 = 25665/112220
[2022-04-11 03:35:17.559] End E036 |  test loss  8.046; ppl   3122.06 | accu 0.0788 = 9088/115380 ../data/sample_500k/cbt_valid.txt
[2022-04-11 03:35:38.275] End E036 |  test loss  9.886; ppl  19645.08 | accu 0.0055 = 2779/506840 ../data/sample_500k/adult_test.txt
[2022-04-11 03:35:38.275] Epoch 037/40 ==================================================
[2022-04-11 03:35:54.156] E037 |   200/667 batches | lr 0.0000 | loss  4.495 | ppl     89.58
[2022-04-11 03:36:09.999] E037 |   400/667 batches | lr 0.0000 | loss  4.462 | ppl     86.62
[2022-04-11 03:36:25.945] E037 |   600/667 batches | lr 0.0000 | loss  4.351 | ppl     77.55
[2022-04-11 03:36:31.246] E037 |   667/667 batches | lr 0.0000 | loss  4.281 | ppl     72.34
[2022-04-11 03:36:35.875] End E037 | valid loss  5.912; ppl    369.52 | accu 0.2287 = 25665/112220
[2022-04-11 03:36:40.484] End E037 |  test loss  8.046; ppl   3122.06 | accu 0.0788 = 9088/115380 ../data/sample_500k/cbt_valid.txt
[2022-04-11 03:37:01.452] End E037 |  test loss  9.886; ppl  19645.08 | accu 0.0055 = 2779/506840 ../data/sample_500k/adult_test.txt
[2022-04-11 03:37:01.452] Epoch 038/40 ==================================================
[2022-04-11 03:37:17.419] E038 |   200/667 batches | lr 0.0000 | loss  4.493 | ppl     89.40
[2022-04-11 03:37:33.291] E038 |   400/667 batches | lr 0.0000 | loss  4.456 | ppl     86.12
[2022-04-11 03:37:49.185] E038 |   600/667 batches | lr 0.0000 | loss  4.351 | ppl     77.54
[2022-04-11 03:37:54.502] E038 |   667/667 batches | lr 0.0000 | loss  4.281 | ppl     72.31
[2022-04-11 03:37:59.070] End E038 | valid loss  5.912; ppl    369.52 | accu 0.2287 = 25665/112220
[2022-04-11 03:38:03.967] End E038 |  test loss  8.046; ppl   3122.06 | accu 0.0788 = 9088/115380 ../data/sample_500k/cbt_valid.txt
[2022-04-11 03:38:24.846] End E038 |  test loss  9.886; ppl  19645.08 | accu 0.0055 = 2779/506840 ../data/sample_500k/adult_test.txt
[2022-04-11 03:38:24.846] Epoch 039/40 ==================================================
[2022-04-11 03:38:40.491] E039 |   200/667 batches | lr 0.0000 | loss  4.494 | ppl     89.45
[2022-04-11 03:38:56.278] E039 |   400/667 batches | lr 0.0000 | loss  4.458 | ppl     86.30
[2022-04-11 03:39:12.052] E039 |   600/667 batches | lr 0.0000 | loss  4.351 | ppl     77.59
[2022-04-11 03:39:17.327] E039 |   667/667 batches | lr 0.0000 | loss  4.283 | ppl     72.45
[2022-04-11 03:39:21.940] End E039 | valid loss  5.912; ppl    369.52 | accu 0.2287 = 25665/112220
[2022-04-11 03:39:26.558] End E039 |  test loss  8.046; ppl   3122.06 | accu 0.0788 = 9088/115380 ../data/sample_500k/cbt_valid.txt
[2022-04-11 03:39:47.695] End E039 |  test loss  9.886; ppl  19645.08 | accu 0.0055 = 2779/506840 ../data/sample_500k/adult_test.txt
[2022-04-11 03:39:47.695] Epoch 040/40 ==================================================
[2022-04-11 03:40:03.404] E040 |   200/667 batches | lr 0.0000 | loss  4.492 | ppl     89.33
[2022-04-11 03:40:18.963] E040 |   400/667 batches | lr 0.0000 | loss  4.457 | ppl     86.27
[2022-04-11 03:40:34.817] E040 |   600/667 batches | lr 0.0000 | loss  4.349 | ppl     77.42
[2022-04-11 03:40:40.043] E040 |   667/667 batches | lr 0.0000 | loss  4.283 | ppl     72.44
[2022-04-11 03:40:44.641] End E040 | valid loss  5.912; ppl    369.52 | accu 0.2287 = 25665/112220
[2022-04-11 03:40:49.209] End E040 |  test loss  8.046; ppl   3122.06 | accu 0.0788 = 9088/115380 ../data/sample_500k/cbt_valid.txt
[2022-04-11 03:41:09.729] End E040 |  test loss  9.886; ppl  19645.08 | accu 0.0055 = 2779/506840 ../data/sample_500k/adult_test.txt
[2022-04-11 03:41:14.417] End. test loss  8.02; ppl  3054.62 | accu 0.0791 = 9130/115380 ../data/sample_500k/cbt_valid.txt
[2022-04-11 03:41:35.594] End. test loss  9.88; ppl 19495.76 | accu 0.0056 = 2853/506840 ../data/sample_500k/adult_test.txt
[2022-04-11 03:41:35.594] =========================================================================================
[2022-04-11 03:41:35.595] valid_loss
[2022-04-11 03:41:35.595]  6.69, 6.17, 6.06, 6.05, 5.98, 5.97, 6.01, 5.93, 5.93, 5.91, 5.92, 5.91, 5.92, 5.91, 5.91, 5.91, 5.91, 5.91, 5.91, 5.91, 5.91, 5.91, 5.91, 5.91, 5.91, 5.91, 5.91, 5.91, 5.91, 5.91, 5.91, 5.91, 5.91, 5.91, 5.91, 5.91, 5.91, 5.91, 5.91, 5.91
[2022-04-11 03:41:35.595] valid_loss ppl
[2022-04-11 03:41:35.595]   800.77,  478.61,  429.37,  425.82,  397.05,  390.62,  409.09,  374.56,  374.98,  370.48,  374.18,  369.59,  371.37,  370.10,  368.26,  369.28,  368.38,  367.96,  368.16,  368.52,  368.89,  369.09,  369.32,  369.41,  369.49,  369.51,  369.52,  369.52,  369.52,  369.52,  369.52,  369.52,  369.52,  369.52,  369.52,  369.52,  369.52,  369.52,  369.52,  369.52
[2022-04-11 03:41:35.595] test_loss of ../data/sample_500k/cbt_valid.txt
[2022-04-11 03:41:35.595]  7.33, 7.67, 7.55, 7.83, 7.74, 7.74, 8.08, 8.16, 8.18, 8.27, 8.21, 8.11, 8.13, 8.09, 8.08, 8.00, 8.03, 8.02, 8.00, 8.03, 8.03, 8.04, 8.04, 8.04, 8.05, 8.05, 8.05, 8.05, 8.05, 8.05, 8.05, 8.05, 8.05, 8.05, 8.05, 8.05, 8.05, 8.05, 8.05, 8.05
[2022-04-11 03:41:35.595] test_loss of ../data/sample_500k/cbt_valid.txt ppl
[2022-04-11 03:41:35.595]  1518.72, 2143.45, 1901.15, 2507.65, 2300.65, 2297.01, 3214.72, 3497.09, 3563.00, 3893.31, 3662.80, 3339.04, 3398.01, 3264.17, 3241.32, 2992.67, 3057.01, 3054.62, 2973.92, 3060.39, 3063.62, 3092.78, 3108.37, 3114.45, 3119.61, 3121.07, 3121.49, 3122.00, 3122.07, 3122.07, 3122.08, 3122.08, 3122.07, 3122.07, 3122.06, 3122.06, 3122.06, 3122.06, 3122.06, 3122.06
[2022-04-11 03:41:35.595] test_loss of ../data/sample_500k/adult_test.txt
[2022-04-11 03:41:35.595]  8.53, 9.37, 9.29, 9.77, 9.74, 9.31,10.17, 9.92, 9.98,10.14,10.15, 9.98, 9.89, 9.91, 9.88, 9.85, 9.86, 9.88, 9.83, 9.87, 9.87, 9.88, 9.88, 9.88, 9.88, 9.89, 9.89, 9.89, 9.89, 9.89, 9.89, 9.89, 9.89, 9.89, 9.89, 9.89, 9.89, 9.89, 9.89, 9.89
[2022-04-11 03:41:35.595] test_loss of ../data/sample_500k/adult_test.txt ppl
[2022-04-11 03:41:35.595]  5064.48,11733.39,10801.80,17565.14,17019.21,11018.55,25999.42,20400.16,21498.07,25445.14,25612.54,21497.18,19697.12,20206.44,19586.84,18990.50,19118.64,19495.76,18550.21,19396.26,19334.62,19487.46,19581.08,19606.10,19629.64,19637.16,19641.13,19644.81,19645.26,19645.41,19645.27,19645.22,19645.14,19645.10,19645.09,19645.08,19645.08,19645.08,19645.08,19645.08
