[2022-04-11 01:20:47.385] corpus.train_file_list: 1
[2022-04-11 01:20:47.385]         ../data/sample_500k/adolescent_train.txt
[2022-04-11 01:20:47.385] corpus.valid_file_list: 1
[2022-04-11 01:20:47.385]         ../data/sample_500k/adolescent_valid.txt
[2022-04-11 01:20:47.385] corpus.test_file_list: 2
[2022-04-11 01:20:47.385]         ../data/sample_500k/cbt_valid.txt
[2022-04-11 01:20:47.385]         ../data/sample_500k/adult_test.txt
[2022-04-11 01:20:47.385] corpus.subword_vocab_size: 1000
[2022-04-11 01:20:47.385] corpus.subword_model.train(2 files)...
[2022-04-11 01:20:47.386]         ../data/sample_500k/adolescent_train.txt
[2022-04-11 01:20:47.386]         ../data/sample_500k/adolescent_valid.txt
[2022-04-11 01:20:47.998] corpus.subword_model.train(2 files)...Done
[2022-04-11 01:20:47.998] corpus tokenize...
[2022-04-11 01:20:51.003]         train tokens: 840349  ../data/sample_500k/adolescent_train.txt
[2022-04-11 01:20:51.657]         valid tokens: 194505  ../data/sample_500k/adolescent_valid.txt
[2022-04-11 01:20:52.110]         test  tokens: 168966  ../data/sample_500k/cbt_valid.txt
[2022-04-11 01:20:54.372]         test  tokens: 1098204  ../data/sample_500k/adult_test.txt
[2022-04-11 01:20:54.372] corpus.ntokens      : 996
[2022-04-11 01:20:54.372] corpus.char_count   : 118
[2022-04-11 01:20:54.373] corpus.char_cnt_dict: 118
[2022-04-11 01:20:54.373] corpus.char_id_dict : 118
[2022-04-11 01:20:54.383] corpus.batchify(1 files, batch_size=20)...
[2022-04-11 01:20:54.383]         tokens_all: 840349
[2022-04-11 01:20:54.383]         batched   :  42017
[2022-04-11 01:20:54.383]         ../data/sample_500k/adolescent_train.txt
[2022-04-11 01:20:54.387] corpus.batchify(1 files, batch_size=20)...
[2022-04-11 01:20:54.388]         tokens_all: 194505
[2022-04-11 01:20:54.388]         batched   :   9725
[2022-04-11 01:20:54.388]         ../data/sample_500k/adolescent_valid.txt
[2022-04-11 01:20:54.390] corpus.batchify(1 files, batch_size=20)...
[2022-04-11 01:20:54.390]         tokens_all: 168966
[2022-04-11 01:20:54.390]         batched   :   8448
[2022-04-11 01:20:54.390]         ../data/sample_500k/cbt_valid.txt
[2022-04-11 01:20:54.401] corpus.batchify(1 files, batch_size=20)...
[2022-04-11 01:20:54.402]         tokens_all: 1098204
[2022-04-11 01:20:54.402]         batched   :  54910
[2022-04-11 01:20:54.402]         ../data/sample_500k/adult_test.txt
[2022-04-11 01:20:54.416] RNNModel.rnn_type: LSTM
[2022-04-11 01:20:54.416] RNNModel.ntoken  : 996
[2022-04-11 01:20:54.416] RNNModel.ninp    : 200
[2022-04-11 01:20:54.416] RNNModel.nhid    : 200
[2022-04-11 01:20:54.416] RNNModel.nlayers : 2
[2022-04-11 01:20:54.416] RNNModel.dropout : 0.2
[2022-04-11 01:20:54.416] RNNModel.tie_weights: False
[2022-04-11 01:20:54.417] RNNModel.char_mode  : 
[2022-04-11 01:20:54.417] RNNModel.char_cnt   : 119
[2022-04-11 01:20:54.417] RNNModel.char_emsize: 25
[2022-04-11 01:20:54.417] RNNModel.char_nhid  : 200
[2022-04-11 01:20:54.417] RNNModel will not use char-encoding
[2022-04-11 01:20:54.419] Epoch 001/40 ==================================================
[2022-04-11 01:20:57.994] E001 |   200/1200 batches | lr 20.0000 | loss  5.888 | ppl    360.52
[2022-04-11 01:21:01.552] E001 |   400/1200 batches | lr 20.0000 | loss  5.458 | ppl    234.60
[2022-04-11 01:21:05.147] E001 |   600/1200 batches | lr 20.0000 | loss  5.049 | ppl    155.92
[2022-04-11 01:21:08.698] E001 |   800/1200 batches | lr 20.0000 | loss  4.767 | ppl    117.55
[2022-04-11 01:21:12.295] E001 |  1000/1200 batches | lr 20.0000 | loss  4.583 | ppl     97.83
[2022-04-11 01:21:15.901] E001 |  1200/1200 batches | lr 20.0000 | loss  4.415 | ppl     82.70
[2022-04-11 01:21:19.371] End E001 | valid loss  4.507; ppl     90.61 | accu 0.1703 = 33115/194480
[2022-04-11 01:21:22.494] End E001 |  test loss  5.161; ppl    174.38 | accu 0.0823 = 13902/168940 ../data/sample_500k/cbt_valid.txt
[2022-04-11 01:21:42.246] End E001 |  test loss  5.657; ppl    286.38 | accu 0.0370 = 40632/1098180 ../data/sample_500k/adult_test.txt
[2022-04-11 01:21:42.246] Save: model.pt... 
[2022-04-11 01:21:42.257] Save: model.pt...Done. best_val_loss: 4.5066
[2022-04-11 01:21:42.257] Epoch 002/40 ==================================================
[2022-04-11 01:21:45.834] E002 |   200/1200 batches | lr 20.0000 | loss  4.356 | ppl     77.94
[2022-04-11 01:21:49.425] E002 |   400/1200 batches | lr 20.0000 | loss  4.278 | ppl     72.10
[2022-04-11 01:21:53.025] E002 |   600/1200 batches | lr 20.0000 | loss  4.203 | ppl     66.92
[2022-04-11 01:21:56.621] E002 |   800/1200 batches | lr 20.0000 | loss  4.096 | ppl     60.10
[2022-04-11 01:22:00.208] E002 |  1000/1200 batches | lr 20.0000 | loss  4.053 | ppl     57.55
[2022-04-11 01:22:03.773] E002 |  1200/1200 batches | lr 20.0000 | loss  3.964 | ppl     52.67
[2022-04-11 01:22:07.270] End E002 | valid loss  4.141; ppl     62.89 | accu 0.2176 = 42325/194480
[2022-04-11 01:22:10.310] End E002 |  test loss  5.066; ppl    158.54 | accu 0.1168 = 19724/168940 ../data/sample_500k/cbt_valid.txt
[2022-04-11 01:22:29.880] End E002 |  test loss  5.750; ppl    314.07 | accu 0.0647 = 71094/1098180 ../data/sample_500k/adult_test.txt
[2022-04-11 01:22:29.880] Save: model.pt... 
[2022-04-11 01:22:29.891] Save: model.pt...Done. best_val_loss: 4.1414
[2022-04-11 01:22:29.891] Epoch 003/40 ==================================================
[2022-04-11 01:22:33.444] E003 |   200/1200 batches | lr 20.0000 | loss  3.986 | ppl     53.85
[2022-04-11 01:22:36.976] E003 |   400/1200 batches | lr 20.0000 | loss  3.965 | ppl     52.71
[2022-04-11 01:22:40.482] E003 |   600/1200 batches | lr 20.0000 | loss  3.925 | ppl     50.67
[2022-04-11 01:22:43.980] E003 |   800/1200 batches | lr 20.0000 | loss  3.871 | ppl     47.97
[2022-04-11 01:22:47.482] E003 |  1000/1200 batches | lr 20.0000 | loss  3.859 | ppl     47.42
[2022-04-11 01:22:51.016] E003 |  1200/1200 batches | lr 20.0000 | loss  3.795 | ppl     44.49
[2022-04-11 01:22:54.458] End E003 | valid loss  4.001; ppl     54.67 | accu 0.2358 = 45857/194480
[2022-04-11 01:22:57.463] End E003 |  test loss  4.829; ppl    125.07 | accu 0.1343 = 22697/168940 ../data/sample_500k/cbt_valid.txt
[2022-04-11 01:23:16.847] End E003 |  test loss  5.526; ppl    251.07 | accu 0.0843 = 92612/1098180 ../data/sample_500k/adult_test.txt
[2022-04-11 01:23:16.848] Save: model.pt... 
[2022-04-11 01:23:16.859] Save: model.pt...Done. best_val_loss: 4.0012
[2022-04-11 01:23:16.859] Epoch 004/40 ==================================================
[2022-04-11 01:23:20.483] E004 |   200/1200 batches | lr 20.0000 | loss  3.829 | ppl     46.01
[2022-04-11 01:23:24.050] E004 |   400/1200 batches | lr 20.0000 | loss  3.833 | ppl     46.21
[2022-04-11 01:23:27.617] E004 |   600/1200 batches | lr 20.0000 | loss  3.807 | ppl     45.01
[2022-04-11 01:23:31.140] E004 |   800/1200 batches | lr 20.0000 | loss  3.769 | ppl     43.33
[2022-04-11 01:23:34.660] E004 |  1000/1200 batches | lr 20.0000 | loss  3.767 | ppl     43.24
[2022-04-11 01:23:38.198] E004 |  1200/1200 batches | lr 20.0000 | loss  3.715 | ppl     41.07
[2022-04-11 01:23:41.688] End E004 | valid loss  3.946; ppl     51.72 | accu 0.2441 = 47470/194480
[2022-04-11 01:23:44.687] End E004 |  test loss  4.851; ppl    127.89 | accu 0.1414 = 23886/168940 ../data/sample_500k/cbt_valid.txt
[2022-04-11 01:24:04.294] End E004 |  test loss  5.519; ppl    249.40 | accu 0.0920 = 101067/1098180 ../data/sample_500k/adult_test.txt
[2022-04-11 01:24:04.295] Save: model.pt... 
[2022-04-11 01:24:04.302] Save: model.pt...Done. best_val_loss: 3.9459
[2022-04-11 01:24:04.303] Epoch 005/40 ==================================================
[2022-04-11 01:24:07.896] E005 |   200/1200 batches | lr 20.0000 | loss  3.759 | ppl     42.90
[2022-04-11 01:24:11.434] E005 |   400/1200 batches | lr 20.0000 | loss  3.764 | ppl     43.12
[2022-04-11 01:24:14.967] E005 |   600/1200 batches | lr 20.0000 | loss  3.741 | ppl     42.16
[2022-04-11 01:24:18.478] E005 |   800/1200 batches | lr 20.0000 | loss  3.716 | ppl     41.11
[2022-04-11 01:24:22.060] E005 |  1000/1200 batches | lr 20.0000 | loss  3.719 | ppl     41.23
[2022-04-11 01:24:25.679] E005 |  1200/1200 batches | lr 20.0000 | loss  3.671 | ppl     39.29
[2022-04-11 01:24:29.124] End E005 | valid loss  3.903; ppl     49.53 | accu 0.2488 = 48384/194480
[2022-04-11 01:24:32.143] End E005 |  test loss  4.919; ppl    136.93 | accu 0.1442 = 24357/168940 ../data/sample_500k/cbt_valid.txt
[2022-04-11 01:24:51.662] End E005 |  test loss  5.677; ppl    291.97 | accu 0.0941 = 103360/1098180 ../data/sample_500k/adult_test.txt
[2022-04-11 01:24:51.663] Save: model.pt... 
[2022-04-11 01:24:51.674] Save: model.pt...Done. best_val_loss: 3.9025
[2022-04-11 01:24:51.674] Epoch 006/40 ==================================================
[2022-04-11 01:24:55.257] E006 |   200/1200 batches | lr 20.0000 | loss  3.712 | ppl     40.94
[2022-04-11 01:24:58.885] E006 |   400/1200 batches | lr 20.0000 | loss  3.728 | ppl     41.60
[2022-04-11 01:25:02.428] E006 |   600/1200 batches | lr 20.0000 | loss  3.708 | ppl     40.77
[2022-04-11 01:25:05.974] E006 |   800/1200 batches | lr 20.0000 | loss  3.678 | ppl     39.55
[2022-04-11 01:25:09.534] E006 |  1000/1200 batches | lr 20.0000 | loss  3.685 | ppl     39.86
[2022-04-11 01:25:13.135] E006 |  1200/1200 batches | lr 20.0000 | loss  3.640 | ppl     38.10
[2022-04-11 01:25:16.617] End E006 | valid loss  3.887; ppl     48.77 | accu 0.2516 = 48924/194480
[2022-04-11 01:25:19.657] End E006 |  test loss  4.718; ppl    111.90 | accu 0.1503 = 25394/168940 ../data/sample_500k/cbt_valid.txt
[2022-04-11 01:25:39.313] End E006 |  test loss  5.378; ppl    216.68 | accu 0.1033 = 113435/1098180 ../data/sample_500k/adult_test.txt
[2022-04-11 01:25:39.314] Save: model.pt... 
[2022-04-11 01:25:39.325] Save: model.pt...Done. best_val_loss: 3.8871
[2022-04-11 01:25:39.325] Epoch 007/40 ==================================================
[2022-04-11 01:25:42.979] E007 |   200/1200 batches | lr 20.0000 | loss  3.687 | ppl     39.91
[2022-04-11 01:25:46.587] E007 |   400/1200 batches | lr 20.0000 | loss  3.703 | ppl     40.57
[2022-04-11 01:25:50.236] E007 |   600/1200 batches | lr 20.0000 | loss  3.685 | ppl     39.84
[2022-04-11 01:25:53.778] E007 |   800/1200 batches | lr 20.0000 | loss  3.657 | ppl     38.74
[2022-04-11 01:25:57.344] E007 |  1000/1200 batches | lr 20.0000 | loss  3.664 | ppl     39.01
[2022-04-11 01:26:00.992] E007 |  1200/1200 batches | lr 20.0000 | loss  3.621 | ppl     37.39
[2022-04-11 01:26:04.437] End E007 | valid loss  3.858; ppl     47.36 | accu 0.2558 = 49747/194480
[2022-04-11 01:26:07.429] End E007 |  test loss  4.961; ppl    142.68 | accu 0.1484 = 25066/168940 ../data/sample_500k/cbt_valid.txt
[2022-04-11 01:26:26.907] End E007 |  test loss  5.641; ppl    281.75 | accu 0.0993 = 109039/1098180 ../data/sample_500k/adult_test.txt
[2022-04-11 01:26:26.908] Save: model.pt... 
[2022-04-11 01:26:26.919] Save: model.pt...Done. best_val_loss: 3.8578
[2022-04-11 01:26:26.919] Epoch 008/40 ==================================================
[2022-04-11 01:26:30.455] E008 |   200/1200 batches | lr 20.0000 | loss  3.666 | ppl     39.10
[2022-04-11 01:26:33.951] E008 |   400/1200 batches | lr 20.0000 | loss  3.686 | ppl     39.90
[2022-04-11 01:26:37.515] E008 |   600/1200 batches | lr 20.0000 | loss  3.663 | ppl     38.96
[2022-04-11 01:26:41.063] E008 |   800/1200 batches | lr 20.0000 | loss  3.640 | ppl     38.10
[2022-04-11 01:26:44.621] E008 |  1000/1200 batches | lr 20.0000 | loss  3.649 | ppl     38.43
[2022-04-11 01:26:48.143] E008 |  1200/1200 batches | lr 20.0000 | loss  3.605 | ppl     36.79
[2022-04-11 01:26:51.621] End E008 | valid loss  3.862; ppl     47.55 | accu 0.2569 = 49954/194480
[2022-04-11 01:26:54.616] End E008 |  test loss  4.766; ppl    117.45 | accu 0.1519 = 25658/168940 ../data/sample_500k/cbt_valid.txt
[2022-04-11 01:27:14.224] End E008 |  test loss  5.455; ppl    233.96 | accu 0.1047 = 114926/1098180 ../data/sample_500k/adult_test.txt
[2022-04-11 01:27:14.225] Epoch 009/40 ==================================================
[2022-04-11 01:27:17.832] E009 |   200/1200 batches | lr 10.0000 | loss  3.619 | ppl     37.29
[2022-04-11 01:27:21.373] E009 |   400/1200 batches | lr 10.0000 | loss  3.605 | ppl     36.79
[2022-04-11 01:27:24.896] E009 |   600/1200 batches | lr 10.0000 | loss  3.563 | ppl     35.26
[2022-04-11 01:27:28.461] E009 |   800/1200 batches | lr 10.0000 | loss  3.520 | ppl     33.79
[2022-04-11 01:27:31.994] E009 |  1000/1200 batches | lr 10.0000 | loss  3.515 | ppl     33.61
[2022-04-11 01:27:35.532] E009 |  1200/1200 batches | lr 10.0000 | loss  3.462 | ppl     31.89
[2022-04-11 01:27:39.010] End E009 | valid loss  3.780; ppl     43.81 | accu 0.2698 = 52465/194480
[2022-04-11 01:27:42.031] End E009 |  test loss  4.987; ppl    146.48 | accu 0.1534 = 25915/168940 ../data/sample_500k/cbt_valid.txt
[2022-04-11 01:28:01.551] End E009 |  test loss  5.807; ppl    332.56 | accu 0.1050 = 115359/1098180 ../data/sample_500k/adult_test.txt
[2022-04-11 01:28:01.552] Save: model.pt... 
[2022-04-11 01:28:01.563] Save: model.pt...Done. best_val_loss: 3.7798
[2022-04-11 01:28:01.563] Epoch 010/40 ==================================================
[2022-04-11 01:28:05.240] E010 |   200/1200 batches | lr 10.0000 | loss  3.533 | ppl     34.23
[2022-04-11 01:28:08.865] E010 |   400/1200 batches | lr 10.0000 | loss  3.543 | ppl     34.57
[2022-04-11 01:28:12.417] E010 |   600/1200 batches | lr 10.0000 | loss  3.515 | ppl     33.62
[2022-04-11 01:28:15.990] E010 |   800/1200 batches | lr 10.0000 | loss  3.483 | ppl     32.56
[2022-04-11 01:28:19.496] E010 |  1000/1200 batches | lr 10.0000 | loss  3.491 | ppl     32.82
[2022-04-11 01:28:23.011] E010 |  1200/1200 batches | lr 10.0000 | loss  3.443 | ppl     31.28
[2022-04-11 01:28:26.492] End E010 | valid loss  3.763; ppl     43.06 | accu 0.2724 = 52977/194480
[2022-04-11 01:28:29.508] End E010 |  test loss  4.961; ppl    142.70 | accu 0.1574 = 26585/168940 ../data/sample_500k/cbt_valid.txt
[2022-04-11 01:28:49.064] End E010 |  test loss  5.826; ppl    338.91 | accu 0.1052 = 115565/1098180 ../data/sample_500k/adult_test.txt
[2022-04-11 01:28:49.065] Save: model.pt... 
[2022-04-11 01:28:49.076] Save: model.pt...Done. best_val_loss: 3.7626
[2022-04-11 01:28:49.077] Epoch 011/40 ==================================================
[2022-04-11 01:28:52.600] E011 |   200/1200 batches | lr 10.0000 | loss  3.501 | ppl     33.16
[2022-04-11 01:28:56.121] E011 |   400/1200 batches | lr 10.0000 | loss  3.519 | ppl     33.74
[2022-04-11 01:28:59.803] E011 |   600/1200 batches | lr 10.0000 | loss  3.497 | ppl     33.00
[2022-04-11 01:29:03.359] E011 |   800/1200 batches | lr 10.0000 | loss  3.470 | ppl     32.12
[2022-04-11 01:29:06.928] E011 |  1000/1200 batches | lr 10.0000 | loss  3.475 | ppl     32.29
[2022-04-11 01:29:10.478] E011 |  1200/1200 batches | lr 10.0000 | loss  3.427 | ppl     30.79
[2022-04-11 01:29:13.932] End E011 | valid loss  3.753; ppl     42.66 | accu 0.2737 = 53228/194480
[2022-04-11 01:29:16.957] End E011 |  test loss  5.145; ppl    171.61 | accu 0.1535 = 25933/168940 ../data/sample_500k/cbt_valid.txt
[2022-04-11 01:29:36.725] End E011 |  test loss  5.991; ppl    399.83 | accu 0.1031 = 113178/1098180 ../data/sample_500k/adult_test.txt
[2022-04-11 01:29:36.725] Save: model.pt... 
[2022-04-11 01:29:36.736] Save: model.pt...Done. best_val_loss: 3.7533
[2022-04-11 01:29:36.736] Epoch 012/40 ==================================================
[2022-04-11 01:29:40.321] E012 |   200/1200 batches | lr 10.0000 | loss  3.486 | ppl     32.66
[2022-04-11 01:29:43.819] E012 |   400/1200 batches | lr 10.0000 | loss  3.503 | ppl     33.20
[2022-04-11 01:29:47.343] E012 |   600/1200 batches | lr 10.0000 | loss  3.478 | ppl     32.39
[2022-04-11 01:29:50.869] E012 |   800/1200 batches | lr 10.0000 | loss  3.451 | ppl     31.55
[2022-04-11 01:29:54.369] E012 |  1000/1200 batches | lr 10.0000 | loss  3.461 | ppl     31.84
[2022-04-11 01:29:57.890] E012 |  1200/1200 batches | lr 10.0000 | loss  3.415 | ppl     30.42
[2022-04-11 01:30:01.347] End E012 | valid loss  3.746; ppl     42.34 | accu 0.2748 = 53451/194480
[2022-04-11 01:30:04.330] End E012 |  test loss  5.003; ppl    148.80 | accu 0.1580 = 26687/168940 ../data/sample_500k/cbt_valid.txt
[2022-04-11 01:30:23.769] End E012 |  test loss  5.866; ppl    352.71 | accu 0.1054 = 115774/1098180 ../data/sample_500k/adult_test.txt
[2022-04-11 01:30:23.769] Save: model.pt... 
[2022-04-11 01:30:23.777] Save: model.pt...Done. best_val_loss: 3.7457
[2022-04-11 01:30:23.777] Epoch 013/40 ==================================================
[2022-04-11 01:30:27.387] E013 |   200/1200 batches | lr 10.0000 | loss  3.471 | ppl     32.16
[2022-04-11 01:30:30.958] E013 |   400/1200 batches | lr 10.0000 | loss  3.489 | ppl     32.75
[2022-04-11 01:30:34.466] E013 |   600/1200 batches | lr 10.0000 | loss  3.465 | ppl     31.97
[2022-04-11 01:30:38.050] E013 |   800/1200 batches | lr 10.0000 | loss  3.441 | ppl     31.21
[2022-04-11 01:30:41.642] E013 |  1000/1200 batches | lr 10.0000 | loss  3.450 | ppl     31.51
[2022-04-11 01:30:45.190] E013 |  1200/1200 batches | lr 10.0000 | loss  3.414 | ppl     30.39
[2022-04-11 01:30:48.672] End E013 | valid loss  3.744; ppl     42.28 | accu 0.2752 = 53529/194480
[2022-04-11 01:30:51.706] End E013 |  test loss  5.255; ppl    191.58 | accu 0.1522 = 25720/168940 ../data/sample_500k/cbt_valid.txt
[2022-04-11 01:31:11.331] End E013 |  test loss  6.219; ppl    501.97 | accu 0.1004 = 110212/1098180 ../data/sample_500k/adult_test.txt
[2022-04-11 01:31:11.331] Save: model.pt... 
[2022-04-11 01:31:11.343] Save: model.pt...Done. best_val_loss: 3.7444
[2022-04-11 01:31:11.343] Epoch 014/40 ==================================================
[2022-04-11 01:31:15.009] E014 |   200/1200 batches | lr 10.0000 | loss  3.459 | ppl     31.79
[2022-04-11 01:31:18.570] E014 |   400/1200 batches | lr 10.0000 | loss  3.481 | ppl     32.50
[2022-04-11 01:31:22.123] E014 |   600/1200 batches | lr 10.0000 | loss  3.457 | ppl     31.73
[2022-04-11 01:31:25.696] E014 |   800/1200 batches | lr 10.0000 | loss  3.431 | ppl     30.91
[2022-04-11 01:31:29.251] E014 |  1000/1200 batches | lr 10.0000 | loss  3.441 | ppl     31.21
[2022-04-11 01:31:32.787] E014 |  1200/1200 batches | lr 10.0000 | loss  3.402 | ppl     30.02
[2022-04-11 01:31:36.261] End E014 | valid loss  3.745; ppl     42.29 | accu 0.2756 = 53604/194480
[2022-04-11 01:31:39.258] End E014 |  test loss  5.050; ppl    155.98 | accu 0.1555 = 26265/168940 ../data/sample_500k/cbt_valid.txt
[2022-04-11 01:31:58.807] End E014 |  test loss  5.886; ppl    359.95 | accu 0.1071 = 117662/1098180 ../data/sample_500k/adult_test.txt
[2022-04-11 01:31:58.807] Epoch 015/40 ==================================================
[2022-04-11 01:32:02.410] E015 |   200/1200 batches | lr 5.0000 | loss  3.442 | ppl     31.25
[2022-04-11 01:32:05.958] E015 |   400/1200 batches | lr 5.0000 | loss  3.442 | ppl     31.24
[2022-04-11 01:32:09.509] E015 |   600/1200 batches | lr 5.0000 | loss  3.407 | ppl     30.18
[2022-04-11 01:32:13.045] E015 |   800/1200 batches | lr 5.0000 | loss  3.372 | ppl     29.14
[2022-04-11 01:32:16.718] E015 |  1000/1200 batches | lr 5.0000 | loss  3.377 | ppl     29.27
[2022-04-11 01:32:20.350] E015 |  1200/1200 batches | lr 5.0000 | loss  3.330 | ppl     27.93
[2022-04-11 01:32:23.823] End E015 | valid loss  3.710; ppl     40.84 | accu 0.2813 = 54713/194480
[2022-04-11 01:32:26.855] End E015 |  test loss  5.110; ppl    165.60 | accu 0.1580 = 26685/168940 ../data/sample_500k/cbt_valid.txt
[2022-04-11 01:32:46.549] End E015 |  test loss  5.883; ppl    358.82 | accu 0.1110 = 121933/1098180 ../data/sample_500k/adult_test.txt
[2022-04-11 01:32:46.549] Save: model.pt... 
[2022-04-11 01:32:46.561] Save: model.pt...Done. best_val_loss: 3.7098
[2022-04-11 01:32:46.561] Epoch 016/40 ==================================================
[2022-04-11 01:32:50.143] E016 |   200/1200 batches | lr 5.0000 | loss  3.400 | ppl     29.95
[2022-04-11 01:32:53.722] E016 |   400/1200 batches | lr 5.0000 | loss  3.415 | ppl     30.42
[2022-04-11 01:32:57.272] E016 |   600/1200 batches | lr 5.0000 | loss  3.387 | ppl     29.56
[2022-04-11 01:33:00.844] E016 |   800/1200 batches | lr 5.0000 | loss  3.357 | ppl     28.70
[2022-04-11 01:33:04.353] E016 |  1000/1200 batches | lr 5.0000 | loss  3.364 | ppl     28.91
[2022-04-11 01:33:07.884] E016 |  1200/1200 batches | lr 5.0000 | loss  3.318 | ppl     27.61
[2022-04-11 01:33:11.364] End E016 | valid loss  3.706; ppl     40.71 | accu 0.2831 = 55053/194480
[2022-04-11 01:33:14.365] End E016 |  test loss  5.106; ppl    165.09 | accu 0.1583 = 26747/168940 ../data/sample_500k/cbt_valid.txt
[2022-04-11 01:33:33.779] End E016 |  test loss  5.989; ppl    399.09 | accu 0.1088 = 119433/1098180 ../data/sample_500k/adult_test.txt
[2022-04-11 01:33:33.779] Save: model.pt... 
[2022-04-11 01:33:33.790] Save: model.pt...Done. best_val_loss: 3.7065
[2022-04-11 01:33:33.790] Epoch 017/40 ==================================================
[2022-04-11 01:33:37.386] E017 |   200/1200 batches | lr 5.0000 | loss  3.383 | ppl     29.45
[2022-04-11 01:33:40.912] E017 |   400/1200 batches | lr 5.0000 | loss  3.404 | ppl     30.09
[2022-04-11 01:33:44.395] E017 |   600/1200 batches | lr 5.0000 | loss  3.370 | ppl     29.07
[2022-04-11 01:33:47.915] E017 |   800/1200 batches | lr 5.0000 | loss  3.353 | ppl     28.58
[2022-04-11 01:33:51.522] E017 |  1000/1200 batches | lr 5.0000 | loss  3.354 | ppl     28.62
[2022-04-11 01:33:55.030] E017 |  1200/1200 batches | lr 5.0000 | loss  3.314 | ppl     27.48
[2022-04-11 01:33:58.469] End E017 | valid loss  3.700; ppl     40.45 | accu 0.2833 = 55095/194480
[2022-04-11 01:34:01.480] End E017 |  test loss  5.034; ppl    153.51 | accu 0.1594 = 26933/168940 ../data/sample_500k/cbt_valid.txt
[2022-04-11 01:34:20.983] End E017 |  test loss  5.816; ppl    335.47 | accu 0.1142 = 125427/1098180 ../data/sample_500k/adult_test.txt
[2022-04-11 01:34:20.983] Save: model.pt... 
[2022-04-11 01:34:20.994] Save: model.pt...Done. best_val_loss: 3.7001
[2022-04-11 01:34:20.994] Epoch 018/40 ==================================================
[2022-04-11 01:34:24.683] E018 |   200/1200 batches | lr 5.0000 | loss  3.374 | ppl     29.20
[2022-04-11 01:34:28.370] E018 |   400/1200 batches | lr 5.0000 | loss  3.388 | ppl     29.61
[2022-04-11 01:34:31.938] E018 |   600/1200 batches | lr 5.0000 | loss  3.364 | ppl     28.90
[2022-04-11 01:34:35.508] E018 |   800/1200 batches | lr 5.0000 | loss  3.344 | ppl     28.34
[2022-04-11 01:34:39.086] E018 |  1000/1200 batches | lr 5.0000 | loss  3.350 | ppl     28.50
[2022-04-11 01:34:42.645] E018 |  1200/1200 batches | lr 5.0000 | loss  3.308 | ppl     27.33
[2022-04-11 01:34:46.121] End E018 | valid loss  3.701; ppl     40.50 | accu 0.2828 = 55006/194480
[2022-04-11 01:34:49.160] End E018 |  test loss  5.184; ppl    178.34 | accu 0.1586 = 26786/168940 ../data/sample_500k/cbt_valid.txt
[2022-04-11 01:35:08.791] End E018 |  test loss  6.071; ppl    432.94 | accu 0.1099 = 120721/1098180 ../data/sample_500k/adult_test.txt
[2022-04-11 01:35:08.791] Epoch 019/40 ==================================================
[2022-04-11 01:35:12.371] E019 |   200/1200 batches | lr 2.5000 | loss  3.367 | ppl     28.98
[2022-04-11 01:35:15.932] E019 |   400/1200 batches | lr 2.5000 | loss  3.379 | ppl     29.33
[2022-04-11 01:35:19.502] E019 |   600/1200 batches | lr 2.5000 | loss  3.340 | ppl     28.22
[2022-04-11 01:35:23.070] E019 |   800/1200 batches | lr 2.5000 | loss  3.312 | ppl     27.44
[2022-04-11 01:35:26.663] E019 |  1000/1200 batches | lr 2.5000 | loss  3.316 | ppl     27.56
[2022-04-11 01:35:30.249] E019 |  1200/1200 batches | lr 2.5000 | loss  3.268 | ppl     26.26
[2022-04-11 01:35:33.716] End E019 | valid loss  3.688; ppl     39.95 | accu 0.2857 = 55572/194480
[2022-04-11 01:35:36.740] End E019 |  test loss  5.171; ppl    176.15 | accu 0.1592 = 26898/168940 ../data/sample_500k/cbt_valid.txt
[2022-04-11 01:35:56.302] End E019 |  test loss  6.083; ppl    438.29 | accu 0.1106 = 121497/1098180 ../data/sample_500k/adult_test.txt
[2022-04-11 01:35:56.302] Save: model.pt... 
[2022-04-11 01:35:56.313] Save: model.pt...Done. best_val_loss: 3.6876
[2022-04-11 01:35:56.314] Epoch 020/40 ==================================================
[2022-04-11 01:36:00.068] E020 |   200/1200 batches | lr 2.5000 | loss  3.345 | ppl     28.36
[2022-04-11 01:36:03.665] E020 |   400/1200 batches | lr 2.5000 | loss  3.357 | ppl     28.69
[2022-04-11 01:36:07.225] E020 |   600/1200 batches | lr 2.5000 | loss  3.329 | ppl     27.90
[2022-04-11 01:36:10.780] E020 |   800/1200 batches | lr 2.5000 | loss  3.303 | ppl     27.20
[2022-04-11 01:36:14.300] E020 |  1000/1200 batches | lr 2.5000 | loss  3.313 | ppl     27.46
[2022-04-11 01:36:17.939] E020 |  1200/1200 batches | lr 2.5000 | loss  3.264 | ppl     26.16
[2022-04-11 01:36:21.412] End E020 | valid loss  3.683; ppl     39.76 | accu 0.2863 = 55682/194480
[2022-04-11 01:36:24.417] End E020 |  test loss  5.190; ppl    179.52 | accu 0.1597 = 26985/168940 ../data/sample_500k/cbt_valid.txt
[2022-04-11 01:36:44.114] End E020 |  test loss  6.049; ppl    423.71 | accu 0.1113 = 122240/1098180 ../data/sample_500k/adult_test.txt
[2022-04-11 01:36:44.115] Save: model.pt... 
[2022-04-11 01:36:44.126] Save: model.pt...Done. best_val_loss: 3.6830
[2022-04-11 01:36:44.126] Epoch 021/40 ==================================================
[2022-04-11 01:36:47.739] E021 |   200/1200 batches | lr 2.5000 | loss  3.338 | ppl     28.16
[2022-04-11 01:36:51.325] E021 |   400/1200 batches | lr 2.5000 | loss  3.352 | ppl     28.55
[2022-04-11 01:36:54.875] E021 |   600/1200 batches | lr 2.5000 | loss  3.323 | ppl     27.73
[2022-04-11 01:36:58.389] E021 |   800/1200 batches | lr 2.5000 | loss  3.296 | ppl     27.01
[2022-04-11 01:37:01.927] E021 |  1000/1200 batches | lr 2.5000 | loss  3.302 | ppl     27.18
[2022-04-11 01:37:05.446] E021 |  1200/1200 batches | lr 2.5000 | loss  3.263 | ppl     26.12
[2022-04-11 01:37:08.861] End E021 | valid loss  3.681; ppl     39.69 | accu 0.2870 = 55819/194480
[2022-04-11 01:37:11.861] End E021 |  test loss  5.134; ppl    169.69 | accu 0.1614 = 27260/168940 ../data/sample_500k/cbt_valid.txt
[2022-04-11 01:37:31.290] End E021 |  test loss  6.027; ppl    414.46 | accu 0.1127 = 123817/1098180 ../data/sample_500k/adult_test.txt
[2022-04-11 01:37:31.291] Save: model.pt... 
[2022-04-11 01:37:31.301] Save: model.pt...Done. best_val_loss: 3.6811
[2022-04-11 01:37:31.302] Epoch 022/40 ==================================================
[2022-04-11 01:37:34.881] E022 |   200/1200 batches | lr 2.5000 | loss  3.330 | ppl     27.93
[2022-04-11 01:37:38.446] E022 |   400/1200 batches | lr 2.5000 | loss  3.345 | ppl     28.36
[2022-04-11 01:37:42.036] E022 |   600/1200 batches | lr 2.5000 | loss  3.319 | ppl     27.62
[2022-04-11 01:37:45.603] E022 |   800/1200 batches | lr 2.5000 | loss  3.295 | ppl     26.99
[2022-04-11 01:37:49.179] E022 |  1000/1200 batches | lr 2.5000 | loss  3.301 | ppl     27.13
[2022-04-11 01:37:52.767] E022 |  1200/1200 batches | lr 2.5000 | loss  3.256 | ppl     25.94
[2022-04-11 01:37:56.252] End E022 | valid loss  3.681; ppl     39.70 | accu 0.2872 = 55846/194480
[2022-04-11 01:37:59.346] End E022 |  test loss  5.135; ppl    169.93 | accu 0.1606 = 27136/168940 ../data/sample_500k/cbt_valid.txt
[2022-04-11 01:38:18.889] End E022 |  test loss  6.005; ppl    405.63 | accu 0.1124 = 123428/1098180 ../data/sample_500k/adult_test.txt
[2022-04-11 01:38:18.889] Epoch 023/40 ==================================================
[2022-04-11 01:38:22.671] E023 |   200/1200 batches | lr 1.2500 | loss  3.321 | ppl     27.70
[2022-04-11 01:38:26.535] E023 |   400/1200 batches | lr 1.2500 | loss  3.336 | ppl     28.10
[2022-04-11 01:38:30.223] E023 |   600/1200 batches | lr 1.2500 | loss  3.305 | ppl     27.24
[2022-04-11 01:38:33.906] E023 |   800/1200 batches | lr 1.2500 | loss  3.278 | ppl     26.53
[2022-04-11 01:38:37.482] E023 |  1000/1200 batches | lr 1.2500 | loss  3.290 | ppl     26.83
[2022-04-11 01:38:41.054] E023 |  1200/1200 batches | lr 1.2500 | loss  3.236 | ppl     25.43
[2022-04-11 01:38:44.524] End E023 | valid loss  3.673; ppl     39.37 | accu 0.2881 = 56031/194480
[2022-04-11 01:38:47.519] End E023 |  test loss  5.202; ppl    181.65 | accu 0.1605 = 27112/168940 ../data/sample_500k/cbt_valid.txt
[2022-04-11 01:39:06.893] End E023 |  test loss  6.062; ppl    429.30 | accu 0.1126 = 123688/1098180 ../data/sample_500k/adult_test.txt
[2022-04-11 01:39:06.893] Save: model.pt... 
[2022-04-11 01:39:06.905] Save: model.pt...Done. best_val_loss: 3.6731
[2022-04-11 01:39:06.905] Epoch 024/40 ==================================================
[2022-04-11 01:39:10.489] E024 |   200/1200 batches | lr 1.2500 | loss  3.315 | ppl     27.51
[2022-04-11 01:39:14.021] E024 |   400/1200 batches | lr 1.2500 | loss  3.326 | ppl     27.84
[2022-04-11 01:39:17.553] E024 |   600/1200 batches | lr 1.2500 | loss  3.297 | ppl     27.04
[2022-04-11 01:39:21.086] E024 |   800/1200 batches | lr 1.2500 | loss  3.269 | ppl     26.28
[2022-04-11 01:39:24.602] E024 |  1000/1200 batches | lr 1.2500 | loss  3.280 | ppl     26.59
[2022-04-11 01:39:28.163] E024 |  1200/1200 batches | lr 1.2500 | loss  3.237 | ppl     25.45
[2022-04-11 01:39:31.651] End E024 | valid loss  3.671; ppl     39.31 | accu 0.2884 = 56079/194480
[2022-04-11 01:39:34.679] End E024 |  test loss  5.229; ppl    186.62 | accu 0.1602 = 27059/168940 ../data/sample_500k/cbt_valid.txt
[2022-04-11 01:39:54.286] End E024 |  test loss  6.073; ppl    433.98 | accu 0.1124 = 123459/1098180 ../data/sample_500k/adult_test.txt
[2022-04-11 01:39:54.286] Save: model.pt... 
[2022-04-11 01:39:54.297] Save: model.pt...Done. best_val_loss: 3.6714
[2022-04-11 01:39:54.297] Epoch 025/40 ==================================================
[2022-04-11 01:39:57.933] E025 |   200/1200 batches | lr 1.2500 | loss  3.307 | ppl     27.31
[2022-04-11 01:40:01.479] E025 |   400/1200 batches | lr 1.2500 | loss  3.325 | ppl     27.80
[2022-04-11 01:40:05.028] E025 |   600/1200 batches | lr 1.2500 | loss  3.298 | ppl     27.05
[2022-04-11 01:40:08.733] E025 |   800/1200 batches | lr 1.2500 | loss  3.271 | ppl     26.33
[2022-04-11 01:40:12.358] E025 |  1000/1200 batches | lr 1.2500 | loss  3.280 | ppl     26.57
[2022-04-11 01:40:15.894] E025 |  1200/1200 batches | lr 1.2500 | loss  3.232 | ppl     25.33
[2022-04-11 01:40:19.367] End E025 | valid loss  3.672; ppl     39.35 | accu 0.2885 = 56117/194480
[2022-04-11 01:40:22.393] End E025 |  test loss  5.157; ppl    173.71 | accu 0.1614 = 27259/168940 ../data/sample_500k/cbt_valid.txt
[2022-04-11 01:40:42.173] End E025 |  test loss  5.981; ppl    395.70 | accu 0.1141 = 125330/1098180 ../data/sample_500k/adult_test.txt
[2022-04-11 01:40:42.173] Epoch 026/40 ==================================================
[2022-04-11 01:40:45.788] E026 |   200/1200 batches | lr 0.6250 | loss  3.311 | ppl     27.41
[2022-04-11 01:40:49.316] E026 |   400/1200 batches | lr 0.6250 | loss  3.321 | ppl     27.68
[2022-04-11 01:40:52.885] E026 |   600/1200 batches | lr 0.6250 | loss  3.291 | ppl     26.88
[2022-04-11 01:40:56.430] E026 |   800/1200 batches | lr 0.6250 | loss  3.263 | ppl     26.13
[2022-04-11 01:40:59.939] E026 |  1000/1200 batches | lr 0.6250 | loss  3.268 | ppl     26.25
[2022-04-11 01:41:03.479] E026 |  1200/1200 batches | lr 0.6250 | loss  3.222 | ppl     25.08
[2022-04-11 01:41:06.938] End E026 | valid loss  3.668; ppl     39.16 | accu 0.2895 = 56294/194480
[2022-04-11 01:41:09.942] End E026 |  test loss  5.255; ppl    191.50 | accu 0.1602 = 27067/168940 ../data/sample_500k/cbt_valid.txt
[2022-04-11 01:41:29.424] End E026 |  test loss  6.087; ppl    440.08 | accu 0.1130 = 124070/1098180 ../data/sample_500k/adult_test.txt
[2022-04-11 01:41:29.424] Save: model.pt... 
[2022-04-11 01:41:29.435] Save: model.pt...Done. best_val_loss: 3.6678
[2022-04-11 01:41:29.435] Epoch 027/40 ==================================================
[2022-04-11 01:41:33.000] E027 |   200/1200 batches | lr 0.6250 | loss  3.300 | ppl     27.10
[2022-04-11 01:41:36.555] E027 |   400/1200 batches | lr 0.6250 | loss  3.317 | ppl     27.58
[2022-04-11 01:41:40.087] E027 |   600/1200 batches | lr 0.6250 | loss  3.290 | ppl     26.83
[2022-04-11 01:41:43.637] E027 |   800/1200 batches | lr 0.6250 | loss  3.263 | ppl     26.13
[2022-04-11 01:41:47.195] E027 |  1000/1200 batches | lr 0.6250 | loss  3.269 | ppl     26.29
[2022-04-11 01:41:50.782] E027 |  1200/1200 batches | lr 0.6250 | loss  3.228 | ppl     25.22
[2022-04-11 01:41:54.237] End E027 | valid loss  3.665; ppl     39.07 | accu 0.2895 = 56300/194480
[2022-04-11 01:41:57.260] End E027 |  test loss  5.291; ppl    198.59 | accu 0.1605 = 27115/168940 ../data/sample_500k/cbt_valid.txt
[2022-04-11 01:42:16.973] End E027 |  test loss  6.145; ppl    466.49 | accu 0.1125 = 123546/1098180 ../data/sample_500k/adult_test.txt
[2022-04-11 01:42:16.974] Save: model.pt... 
[2022-04-11 01:42:16.985] Save: model.pt...Done. best_val_loss: 3.6653
[2022-04-11 01:42:16.985] Epoch 028/40 ==================================================
[2022-04-11 01:42:20.552] E028 |   200/1200 batches | lr 0.6250 | loss  3.297 | ppl     27.04
[2022-04-11 01:42:24.069] E028 |   400/1200 batches | lr 0.6250 | loss  3.312 | ppl     27.44
[2022-04-11 01:42:27.599] E028 |   600/1200 batches | lr 0.6250 | loss  3.285 | ppl     26.71
[2022-04-11 01:42:31.118] E028 |   800/1200 batches | lr 0.6250 | loss  3.260 | ppl     26.05
[2022-04-11 01:42:34.643] E028 |  1000/1200 batches | lr 0.6250 | loss  3.266 | ppl     26.21
[2022-04-11 01:42:38.149] E028 |  1200/1200 batches | lr 0.6250 | loss  3.224 | ppl     25.14
[2022-04-11 01:42:41.602] End E028 | valid loss  3.666; ppl     39.11 | accu 0.2894 = 56288/194480
[2022-04-11 01:42:44.605] End E028 |  test loss  5.247; ppl    189.95 | accu 0.1601 = 27042/168940 ../data/sample_500k/cbt_valid.txt
[2022-04-11 01:43:04.365] End E028 |  test loss  6.066; ppl    430.83 | accu 0.1134 = 124588/1098180 ../data/sample_500k/adult_test.txt
[2022-04-11 01:43:04.365] Epoch 029/40 ==================================================
[2022-04-11 01:43:07.932] E029 |   200/1200 batches | lr 0.3125 | loss  3.298 | ppl     27.05
[2022-04-11 01:43:11.484] E029 |   400/1200 batches | lr 0.3125 | loss  3.313 | ppl     27.46
[2022-04-11 01:43:15.048] E029 |   600/1200 batches | lr 0.3125 | loss  3.284 | ppl     26.69
[2022-04-11 01:43:18.673] E029 |   800/1200 batches | lr 0.3125 | loss  3.253 | ppl     25.86
[2022-04-11 01:43:22.320] E029 |  1000/1200 batches | lr 0.3125 | loss  3.261 | ppl     26.07
[2022-04-11 01:43:25.878] E029 |  1200/1200 batches | lr 0.3125 | loss  3.217 | ppl     24.96
[2022-04-11 01:43:29.377] End E029 | valid loss  3.663; ppl     38.99 | accu 0.2900 = 56399/194480
[2022-04-11 01:43:32.405] End E029 |  test loss  5.313; ppl    203.06 | accu 0.1601 = 27046/168940 ../data/sample_500k/cbt_valid.txt
[2022-04-11 01:43:52.175] End E029 |  test loss  6.151; ppl    469.25 | accu 0.1123 = 123332/1098180 ../data/sample_500k/adult_test.txt
[2022-04-11 01:43:52.176] Save: model.pt... 
[2022-04-11 01:43:52.187] Save: model.pt...Done. best_val_loss: 3.6634
[2022-04-11 01:43:52.187] Epoch 030/40 ==================================================
[2022-04-11 01:43:55.777] E030 |   200/1200 batches | lr 0.3125 | loss  3.294 | ppl     26.94
[2022-04-11 01:43:59.436] E030 |   400/1200 batches | lr 0.3125 | loss  3.307 | ppl     27.31
[2022-04-11 01:44:03.038] E030 |   600/1200 batches | lr 0.3125 | loss  3.278 | ppl     26.51
[2022-04-11 01:44:06.581] E030 |   800/1200 batches | lr 0.3125 | loss  3.247 | ppl     25.71
[2022-04-11 01:44:10.111] E030 |  1000/1200 batches | lr 0.3125 | loss  3.262 | ppl     26.11
[2022-04-11 01:44:13.628] E030 |  1200/1200 batches | lr 0.3125 | loss  3.214 | ppl     24.88
[2022-04-11 01:44:17.089] End E030 | valid loss  3.663; ppl     39.00 | accu 0.2902 = 56438/194480
[2022-04-11 01:44:20.102] End E030 |  test loss  5.283; ppl    196.91 | accu 0.1606 = 27128/168940 ../data/sample_500k/cbt_valid.txt
[2022-04-11 01:44:39.613] End E030 |  test loss  6.118; ppl    454.01 | accu 0.1128 = 123910/1098180 ../data/sample_500k/adult_test.txt
[2022-04-11 01:44:39.613] Epoch 031/40 ==================================================
[2022-04-11 01:44:43.217] E031 |   200/1200 batches | lr 0.1562 | loss  3.294 | ppl     26.95
[2022-04-11 01:44:46.746] E031 |   400/1200 batches | lr 0.1562 | loss  3.309 | ppl     27.37
[2022-04-11 01:44:50.284] E031 |   600/1200 batches | lr 0.1562 | loss  3.279 | ppl     26.55
[2022-04-11 01:44:53.812] E031 |   800/1200 batches | lr 0.1562 | loss  3.250 | ppl     25.78
[2022-04-11 01:44:57.371] E031 |  1000/1200 batches | lr 0.1562 | loss  3.263 | ppl     26.12
[2022-04-11 01:45:00.917] E031 |  1200/1200 batches | lr 0.1562 | loss  3.216 | ppl     24.93
[2022-04-11 01:45:04.387] End E031 | valid loss  3.661; ppl     38.92 | accu 0.2902 = 56442/194480
[2022-04-11 01:45:07.410] End E031 |  test loss  5.251; ppl    190.70 | accu 0.1613 = 27250/168940 ../data/sample_500k/cbt_valid.txt
[2022-04-11 01:45:27.059] End E031 |  test loss  6.065; ppl    430.46 | accu 0.1138 = 124953/1098180 ../data/sample_500k/adult_test.txt
[2022-04-11 01:45:27.059] Save: model.pt... 
[2022-04-11 01:45:27.070] Save: model.pt...Done. best_val_loss: 3.6614
[2022-04-11 01:45:27.070] Epoch 032/40 ==================================================
[2022-04-11 01:45:30.660] E032 |   200/1200 batches | lr 0.1562 | loss  3.293 | ppl     26.92
[2022-04-11 01:45:34.206] E032 |   400/1200 batches | lr 0.1562 | loss  3.307 | ppl     27.30
[2022-04-11 01:45:37.767] E032 |   600/1200 batches | lr 0.1562 | loss  3.279 | ppl     26.54
[2022-04-11 01:45:41.291] E032 |   800/1200 batches | lr 0.1562 | loss  3.249 | ppl     25.77
[2022-04-11 01:45:44.840] E032 |  1000/1200 batches | lr 0.1562 | loss  3.258 | ppl     25.99
[2022-04-11 01:45:48.385] E032 |  1200/1200 batches | lr 0.1562 | loss  3.214 | ppl     24.89
[2022-04-11 01:45:51.834] End E032 | valid loss  3.661; ppl     38.92 | accu 0.2903 = 56467/194480
[2022-04-11 01:45:54.831] End E032 |  test loss  5.293; ppl    198.89 | accu 0.1606 = 27131/168940 ../data/sample_500k/cbt_valid.txt
[2022-04-11 01:46:14.298] End E032 |  test loss  6.122; ppl    455.83 | accu 0.1129 = 124018/1098180 ../data/sample_500k/adult_test.txt
[2022-04-11 01:46:14.298] Epoch 033/40 ==================================================
[2022-04-11 01:46:17.860] E033 |   200/1200 batches | lr 0.0781 | loss  3.294 | ppl     26.94
[2022-04-11 01:46:21.440] E033 |   400/1200 batches | lr 0.0781 | loss  3.308 | ppl     27.33
[2022-04-11 01:46:24.989] E033 |   600/1200 batches | lr 0.0781 | loss  3.275 | ppl     26.44
[2022-04-11 01:46:28.558] E033 |   800/1200 batches | lr 0.0781 | loss  3.249 | ppl     25.76
[2022-04-11 01:46:32.091] E033 |  1000/1200 batches | lr 0.0781 | loss  3.256 | ppl     25.94
[2022-04-11 01:46:35.622] E033 |  1200/1200 batches | lr 0.0781 | loss  3.212 | ppl     24.83
[2022-04-11 01:46:39.097] End E033 | valid loss  3.661; ppl     38.89 | accu 0.2904 = 56472/194480
[2022-04-11 01:46:42.121] End E033 |  test loss  5.274; ppl    195.10 | accu 0.1610 = 27207/168940 ../data/sample_500k/cbt_valid.txt
[2022-04-11 01:47:01.734] End E033 |  test loss  6.101; ppl    446.12 | accu 0.1133 = 124422/1098180 ../data/sample_500k/adult_test.txt
[2022-04-11 01:47:01.734] Save: model.pt... 
[2022-04-11 01:47:01.745] Save: model.pt...Done. best_val_loss: 3.6608
[2022-04-11 01:47:01.745] Epoch 034/40 ==================================================
[2022-04-11 01:47:05.336] E034 |   200/1200 batches | lr 0.0781 | loss  3.292 | ppl     26.88
[2022-04-11 01:47:08.888] E034 |   400/1200 batches | lr 0.0781 | loss  3.303 | ppl     27.19
[2022-04-11 01:47:12.553] E034 |   600/1200 batches | lr 0.0781 | loss  3.275 | ppl     26.44
[2022-04-11 01:47:16.095] E034 |   800/1200 batches | lr 0.0781 | loss  3.250 | ppl     25.80
[2022-04-11 01:47:19.619] E034 |  1000/1200 batches | lr 0.0781 | loss  3.259 | ppl     26.02
[2022-04-11 01:47:23.162] E034 |  1200/1200 batches | lr 0.0781 | loss  3.211 | ppl     24.79
[2022-04-11 01:47:26.643] End E034 | valid loss  3.661; ppl     38.88 | accu 0.2903 = 56460/194480
[2022-04-11 01:47:29.653] End E034 |  test loss  5.276; ppl    195.67 | accu 0.1608 = 27167/168940 ../data/sample_500k/cbt_valid.txt
[2022-04-11 01:47:49.156] End E034 |  test loss  6.100; ppl    445.95 | accu 0.1134 = 124486/1098180 ../data/sample_500k/adult_test.txt
[2022-04-11 01:47:49.156] Save: model.pt... 
[2022-04-11 01:47:49.167] Save: model.pt...Done. best_val_loss: 3.6606
[2022-04-11 01:47:49.167] Epoch 035/40 ==================================================
[2022-04-11 01:47:52.808] E035 |   200/1200 batches | lr 0.0781 | loss  3.290 | ppl     26.85
[2022-04-11 01:47:56.339] E035 |   400/1200 batches | lr 0.0781 | loss  3.303 | ppl     27.20
[2022-04-11 01:47:59.873] E035 |   600/1200 batches | lr 0.0781 | loss  3.279 | ppl     26.55
[2022-04-11 01:48:03.464] E035 |   800/1200 batches | lr 0.0781 | loss  3.249 | ppl     25.76
[2022-04-11 01:48:07.031] E035 |  1000/1200 batches | lr 0.0781 | loss  3.257 | ppl     25.96
[2022-04-11 01:48:10.542] E035 |  1200/1200 batches | lr 0.0781 | loss  3.213 | ppl     24.86
[2022-04-11 01:48:13.968] End E035 | valid loss  3.660; ppl     38.88 | accu 0.2904 = 56476/194480
[2022-04-11 01:48:16.971] End E035 |  test loss  5.260; ppl    192.46 | accu 0.1612 = 27238/168940 ../data/sample_500k/cbt_valid.txt
[2022-04-11 01:48:36.483] End E035 |  test loss  6.081; ppl    437.68 | accu 0.1137 = 124839/1098180 ../data/sample_500k/adult_test.txt
[2022-04-11 01:48:36.483] Save: model.pt... 
[2022-04-11 01:48:36.494] Save: model.pt...Done. best_val_loss: 3.6604
[2022-04-11 01:48:36.495] Epoch 036/40 ==================================================
[2022-04-11 01:48:40.074] E036 |   200/1200 batches | lr 0.0781 | loss  3.290 | ppl     26.85
[2022-04-11 01:48:43.612] E036 |   400/1200 batches | lr 0.0781 | loss  3.305 | ppl     27.25
[2022-04-11 01:48:47.232] E036 |   600/1200 batches | lr 0.0781 | loss  3.276 | ppl     26.48
[2022-04-11 01:48:50.806] E036 |   800/1200 batches | lr 0.0781 | loss  3.248 | ppl     25.74
[2022-04-11 01:48:54.366] E036 |  1000/1200 batches | lr 0.0781 | loss  3.255 | ppl     25.92
[2022-04-11 01:48:58.014] E036 |  1200/1200 batches | lr 0.0781 | loss  3.211 | ppl     24.81
[2022-04-11 01:49:01.553] End E036 | valid loss  3.661; ppl     38.88 | accu 0.2903 = 56460/194480
[2022-04-11 01:49:04.799] End E036 |  test loss  5.279; ppl    196.26 | accu 0.1610 = 27196/168940 ../data/sample_500k/cbt_valid.txt
[2022-04-11 01:49:24.500] End E036 |  test loss  6.108; ppl    449.28 | accu 0.1133 = 124391/1098180 ../data/sample_500k/adult_test.txt
[2022-04-11 01:49:24.500] Epoch 037/40 ==================================================
[2022-04-11 01:49:28.090] E037 |   200/1200 batches | lr 0.0391 | loss  3.293 | ppl     26.93
[2022-04-11 01:49:31.674] E037 |   400/1200 batches | lr 0.0391 | loss  3.299 | ppl     27.09
[2022-04-11 01:49:35.250] E037 |   600/1200 batches | lr 0.0391 | loss  3.276 | ppl     26.46
[2022-04-11 01:49:38.783] E037 |   800/1200 batches | lr 0.0391 | loss  3.247 | ppl     25.71
[2022-04-11 01:49:42.301] E037 |  1000/1200 batches | lr 0.0391 | loss  3.256 | ppl     25.94
[2022-04-11 01:49:45.846] E037 |  1200/1200 batches | lr 0.0391 | loss  3.212 | ppl     24.82
[2022-04-11 01:49:49.297] End E037 | valid loss  3.660; ppl     38.86 | accu 0.2904 = 56476/194480
[2022-04-11 01:49:52.303] End E037 |  test loss  5.253; ppl    191.16 | accu 0.1613 = 27250/168940 ../data/sample_500k/cbt_valid.txt
[2022-04-11 01:50:11.809] End E037 |  test loss  6.075; ppl    434.87 | accu 0.1137 = 124901/1098180 ../data/sample_500k/adult_test.txt
[2022-04-11 01:50:11.809] Save: model.pt... 
[2022-04-11 01:50:11.820] Save: model.pt...Done. best_val_loss: 3.6599
[2022-04-11 01:50:11.821] Epoch 038/40 ==================================================
[2022-04-11 01:50:15.416] E038 |   200/1200 batches | lr 0.0391 | loss  3.291 | ppl     26.87
[2022-04-11 01:50:18.949] E038 |   400/1200 batches | lr 0.0391 | loss  3.302 | ppl     27.18
[2022-04-11 01:50:22.500] E038 |   600/1200 batches | lr 0.0391 | loss  3.275 | ppl     26.43
[2022-04-11 01:50:26.047] E038 |   800/1200 batches | lr 0.0391 | loss  3.247 | ppl     25.71
[2022-04-11 01:50:29.600] E038 |  1000/1200 batches | lr 0.0391 | loss  3.257 | ppl     25.98
[2022-04-11 01:50:33.170] E038 |  1200/1200 batches | lr 0.0391 | loss  3.213 | ppl     24.87
[2022-04-11 01:50:36.657] End E038 | valid loss  3.660; ppl     38.86 | accu 0.2903 = 56465/194480
[2022-04-11 01:50:39.666] End E038 |  test loss  5.253; ppl    191.13 | accu 0.1612 = 27230/168940 ../data/sample_500k/cbt_valid.txt
[2022-04-11 01:50:59.255] End E038 |  test loss  6.072; ppl    433.44 | accu 0.1138 = 124936/1098180 ../data/sample_500k/adult_test.txt
[2022-04-11 01:50:59.255] Epoch 039/40 ==================================================
[2022-04-11 01:51:02.902] E039 |   200/1200 batches | lr 0.0195 | loss  3.289 | ppl     26.81
[2022-04-11 01:51:06.482] E039 |   400/1200 batches | lr 0.0195 | loss  3.304 | ppl     27.23
[2022-04-11 01:51:10.078] E039 |   600/1200 batches | lr 0.0195 | loss  3.274 | ppl     26.42
[2022-04-11 01:51:13.602] E039 |   800/1200 batches | lr 0.0195 | loss  3.247 | ppl     25.72
[2022-04-11 01:51:17.129] E039 |  1000/1200 batches | lr 0.0195 | loss  3.256 | ppl     25.94
[2022-04-11 01:51:20.677] E039 |  1200/1200 batches | lr 0.0195 | loss  3.211 | ppl     24.80
[2022-04-11 01:51:24.089] End E039 | valid loss  3.660; ppl     38.85 | accu 0.2903 = 56466/194480
[2022-04-11 01:51:27.087] End E039 |  test loss  5.245; ppl    189.57 | accu 0.1613 = 27255/168940 ../data/sample_500k/cbt_valid.txt
[2022-04-11 01:51:46.483] End E039 |  test loss  6.063; ppl    429.68 | accu 0.1139 = 125077/1098180 ../data/sample_500k/adult_test.txt
[2022-04-11 01:51:46.484] Save: model.pt... 
[2022-04-11 01:51:46.494] Save: model.pt...Done. best_val_loss: 3.6598
[2022-04-11 01:51:46.494] Epoch 040/40 ==================================================
[2022-04-11 01:51:50.021] E040 |   200/1200 batches | lr 0.0195 | loss  3.290 | ppl     26.84
[2022-04-11 01:51:53.571] E040 |   400/1200 batches | lr 0.0195 | loss  3.304 | ppl     27.22
[2022-04-11 01:51:57.131] E040 |   600/1200 batches | lr 0.0195 | loss  3.272 | ppl     26.37
[2022-04-11 01:52:00.665] E040 |   800/1200 batches | lr 0.0195 | loss  3.246 | ppl     25.70
[2022-04-11 01:52:04.216] E040 |  1000/1200 batches | lr 0.0195 | loss  3.256 | ppl     25.96
[2022-04-11 01:52:07.774] E040 |  1200/1200 batches | lr 0.0195 | loss  3.212 | ppl     24.83
[2022-04-11 01:52:11.259] End E040 | valid loss  3.660; ppl     38.86 | accu 0.2904 = 56478/194480
[2022-04-11 01:52:14.269] End E040 |  test loss  5.248; ppl    190.20 | accu 0.1613 = 27248/168940 ../data/sample_500k/cbt_valid.txt
[2022-04-11 01:52:33.848] End E040 |  test loss  6.066; ppl    431.10 | accu 0.1139 = 125041/1098180 ../data/sample_500k/adult_test.txt
[2022-04-11 01:52:36.871] End. test loss  5.24; ppl   189.57 | accu 0.1613 = 27255/168940 ../data/sample_500k/cbt_valid.txt
[2022-04-11 01:52:56.475] End. test loss  6.06; ppl   429.68 | accu 0.1139 = 125077/1098180 ../data/sample_500k/adult_test.txt
[2022-04-11 01:52:56.476] =========================================================================================
[2022-04-11 01:52:56.476] valid_loss
[2022-04-11 01:52:56.476]  4.51, 4.14, 4.00, 3.95, 3.90, 3.89, 3.86, 3.86, 3.78, 3.76, 3.75, 3.75, 3.74, 3.74, 3.71, 3.71, 3.70, 3.70, 3.69, 3.68, 3.68, 3.68, 3.67, 3.67, 3.67, 3.67, 3.67, 3.67, 3.66, 3.66, 3.66, 3.66, 3.66, 3.66, 3.66, 3.66, 3.66, 3.66, 3.66, 3.66
[2022-04-11 01:52:56.476] valid_loss ppl
[2022-04-11 01:52:56.476]    90.61,   62.89,   54.67,   51.72,   49.53,   48.77,   47.36,   47.55,   43.81,   43.06,   42.66,   42.34,   42.28,   42.29,   40.84,   40.71,   40.45,   40.50,   39.95,   39.76,   39.69,   39.70,   39.37,   39.31,   39.35,   39.16,   39.07,   39.11,   38.99,   39.00,   38.92,   38.92,   38.89,   38.88,   38.88,   38.88,   38.86,   38.86,   38.85,   38.86
[2022-04-11 01:52:56.476] test_loss of ../data/sample_500k/cbt_valid.txt
[2022-04-11 01:52:56.476]  5.16, 5.07, 4.83, 4.85, 4.92, 4.72, 4.96, 4.77, 4.99, 4.96, 5.15, 5.00, 5.26, 5.05, 5.11, 5.11, 5.03, 5.18, 5.17, 5.19, 5.13, 5.14, 5.20, 5.23, 5.16, 5.25, 5.29, 5.25, 5.31, 5.28, 5.25, 5.29, 5.27, 5.28, 5.26, 5.28, 5.25, 5.25, 5.24, 5.25
[2022-04-11 01:52:56.476] test_loss of ../data/sample_500k/cbt_valid.txt ppl
[2022-04-11 01:52:56.476]   174.38,  158.54,  125.07,  127.89,  136.93,  111.90,  142.68,  117.45,  146.48,  142.70,  171.61,  148.80,  191.58,  155.98,  165.60,  165.09,  153.51,  178.34,  176.15,  179.52,  169.69,  169.93,  181.65,  186.62,  173.71,  191.50,  198.59,  189.95,  203.06,  196.91,  190.70,  198.89,  195.10,  195.67,  192.46,  196.26,  191.16,  191.13,  189.57,  190.20
[2022-04-11 01:52:56.477] test_loss of ../data/sample_500k/adult_test.txt
[2022-04-11 01:52:56.477]  5.66, 5.75, 5.53, 5.52, 5.68, 5.38, 5.64, 5.46, 5.81, 5.83, 5.99, 5.87, 6.22, 5.89, 5.88, 5.99, 5.82, 6.07, 6.08, 6.05, 6.03, 6.01, 6.06, 6.07, 5.98, 6.09, 6.15, 6.07, 6.15, 6.12, 6.06, 6.12, 6.10, 6.10, 6.08, 6.11, 6.08, 6.07, 6.06, 6.07
[2022-04-11 01:52:56.477] test_loss of ../data/sample_500k/adult_test.txt ppl
[2022-04-11 01:52:56.477]   286.38,  314.07,  251.07,  249.40,  291.97,  216.68,  281.75,  233.96,  332.56,  338.91,  399.83,  352.71,  501.97,  359.95,  358.82,  399.09,  335.47,  432.94,  438.29,  423.71,  414.46,  405.63,  429.30,  433.98,  395.70,  440.08,  466.49,  430.83,  469.25,  454.01,  430.46,  455.83,  446.12,  445.95,  437.68,  449.28,  434.87,  433.44,  429.68,  431.10
