[2022-04-11 02:19:26.674] corpus.train_file_list: 1
[2022-04-11 02:19:26.674]         ../data/sample_500k/adolescent_train.txt
[2022-04-11 02:19:26.674] corpus.valid_file_list: 1
[2022-04-11 02:19:26.674]         ../data/sample_500k/adolescent_valid.txt
[2022-04-11 02:19:26.674] corpus.test_file_list: 2
[2022-04-11 02:19:26.674]         ../data/sample_500k/cbt_valid.txt
[2022-04-11 02:19:26.674]         ../data/sample_500k/adult_test.txt
[2022-04-11 02:19:26.674] corpus.subword_vocab_size: 10000
[2022-04-11 02:19:26.674] corpus.subword_model.train(2 files)...
[2022-04-11 02:19:26.674]         ../data/sample_500k/adolescent_train.txt
[2022-04-11 02:19:26.675]         ../data/sample_500k/adolescent_valid.txt
[2022-04-11 02:19:27.912] corpus.subword_model.train(2 files)...Done
[2022-04-11 02:19:27.912] corpus tokenize...
[2022-04-11 02:19:30.746]         train tokens: 607102  ../data/sample_500k/adolescent_train.txt
[2022-04-11 02:19:31.407]         valid tokens: 143984  ../data/sample_500k/adolescent_valid.txt
[2022-04-11 02:19:31.838]         test  tokens: 129380  ../data/sample_500k/cbt_valid.txt
[2022-04-11 02:19:33.881]         test  tokens: 767904  ../data/sample_500k/adult_test.txt
[2022-04-11 02:19:33.882] corpus.ntokens      : 9811
[2022-04-11 02:19:33.882] corpus.char_count   : 118
[2022-04-11 02:19:33.882] corpus.char_cnt_dict: 118
[2022-04-11 02:19:33.882] corpus.char_id_dict : 118
[2022-04-11 02:19:33.889] corpus.batchify(1 files, batch_size=20)...
[2022-04-11 02:19:33.889]         tokens_all: 607102
[2022-04-11 02:19:33.889]         batched   :  30355
[2022-04-11 02:19:33.889]         ../data/sample_500k/adolescent_train.txt
[2022-04-11 02:19:33.892] corpus.batchify(1 files, batch_size=20)...
[2022-04-11 02:19:33.892]         tokens_all: 143984
[2022-04-11 02:19:33.892]         batched   :   7199
[2022-04-11 02:19:33.892]         ../data/sample_500k/adolescent_valid.txt
[2022-04-11 02:19:33.894] corpus.batchify(1 files, batch_size=20)...
[2022-04-11 02:19:33.894]         tokens_all: 129380
[2022-04-11 02:19:33.894]         batched   :   6469
[2022-04-11 02:19:33.894]         ../data/sample_500k/cbt_valid.txt
[2022-04-11 02:19:33.900] corpus.batchify(1 files, batch_size=20)...
[2022-04-11 02:19:33.900]         tokens_all: 767904
[2022-04-11 02:19:33.900]         batched   :  38395
[2022-04-11 02:19:33.900]         ../data/sample_500k/adult_test.txt
[2022-04-11 02:19:33.968] RNNModel.rnn_type: LSTM
[2022-04-11 02:19:33.968] RNNModel.ntoken  : 9811
[2022-04-11 02:19:33.968] RNNModel.ninp    : 200
[2022-04-11 02:19:33.968] RNNModel.nhid    : 200
[2022-04-11 02:19:33.968] RNNModel.nlayers : 2
[2022-04-11 02:19:33.968] RNNModel.dropout : 0.2
[2022-04-11 02:19:33.968] RNNModel.tie_weights: False
[2022-04-11 02:19:33.968] RNNModel.char_mode  : 
[2022-04-11 02:19:33.968] RNNModel.char_cnt   : 119
[2022-04-11 02:19:33.968] RNNModel.char_emsize: 25
[2022-04-11 02:19:33.968] RNNModel.char_nhid  : 200
[2022-04-11 02:19:33.968] RNNModel will not use char-encoding
[2022-04-11 02:19:33.973] Epoch 001/40 ==================================================
[2022-04-11 02:19:38.300] E001 |   200/867 batches | lr 20.0000 | loss  6.929 | ppl   1021.26
[2022-04-11 02:19:42.637] E001 |   400/867 batches | lr 20.0000 | loss  6.187 | ppl    486.62
[2022-04-11 02:19:46.902] E001 |   600/867 batches | lr 20.0000 | loss  5.709 | ppl    301.63
[2022-04-11 02:19:51.182] E001 |   800/867 batches | lr 20.0000 | loss  5.404 | ppl    222.35
[2022-04-11 02:19:52.597] E001 |   867/867 batches | lr 20.0000 | loss  5.376 | ppl    216.07
[2022-04-11 02:19:55.437] End E001 | valid loss  5.372; ppl    215.37 | accu 0.1875 = 26994/143960
[2022-04-11 02:19:58.032] End E001 |  test loss  6.164; ppl    475.46 | accu 0.0789 = 10207/129360 ../data/sample_500k/cbt_valid.txt
[2022-04-11 02:20:13.521] End E001 |  test loss  7.330; ppl   1525.09 | accu 0.0162 = 12426/767880 ../data/sample_500k/adult_test.txt
[2022-04-11 02:20:13.522] Save: model.pt... 
[2022-04-11 02:20:13.566] Save: model.pt...Done. best_val_loss: 5.3724
[2022-04-11 02:20:13.566] Epoch 002/40 ==================================================
[2022-04-11 02:20:17.833] E002 |   200/867 batches | lr 20.0000 | loss  5.278 | ppl    195.96
[2022-04-11 02:20:22.077] E002 |   400/867 batches | lr 20.0000 | loss  5.174 | ppl    176.69
[2022-04-11 02:20:26.308] E002 |   600/867 batches | lr 20.0000 | loss  5.053 | ppl    156.54
[2022-04-11 02:20:30.533] E002 |   800/867 batches | lr 20.0000 | loss  4.953 | ppl    141.61
[2022-04-11 02:20:31.962] E002 |   867/867 batches | lr 20.0000 | loss  4.973 | ppl    144.39
[2022-04-11 02:20:34.727] End E002 | valid loss  5.157; ppl    173.71 | accu 0.1979 = 28492/143960
[2022-04-11 02:20:37.214] End E002 |  test loss  6.616; ppl    746.61 | accu 0.0788 = 10198/129360 ../data/sample_500k/cbt_valid.txt
[2022-04-11 02:20:52.360] End E002 |  test loss  8.271; ppl   3907.69 | accu 0.0141 = 10831/767880 ../data/sample_500k/adult_test.txt
[2022-04-11 02:20:52.361] Save: model.pt... 
[2022-04-11 02:20:52.406] Save: model.pt...Done. best_val_loss: 5.1574
[2022-04-11 02:20:52.406] Epoch 003/40 ==================================================
[2022-04-11 02:20:56.652] E003 |   200/867 batches | lr 20.0000 | loss  4.918 | ppl    136.78
[2022-04-11 02:21:00.909] E003 |   400/867 batches | lr 20.0000 | loss  4.881 | ppl    131.81
[2022-04-11 02:21:05.174] E003 |   600/867 batches | lr 20.0000 | loss  4.808 | ppl    122.45
[2022-04-11 02:21:09.415] E003 |   800/867 batches | lr 20.0000 | loss  4.739 | ppl    114.37
[2022-04-11 02:21:10.847] E003 |   867/867 batches | lr 20.0000 | loss  4.751 | ppl    115.70
[2022-04-11 02:21:13.649] End E003 | valid loss  5.065; ppl    158.32 | accu 0.2062 = 29682/143960
[2022-04-11 02:21:16.165] End E003 |  test loss  6.576; ppl    717.73 | accu 0.0809 = 10471/129360 ../data/sample_500k/cbt_valid.txt
[2022-04-11 02:21:31.297] End E003 |  test loss  8.201; ppl   3646.06 | accu 0.0151 = 11569/767880 ../data/sample_500k/adult_test.txt
[2022-04-11 02:21:31.297] Save: model.pt... 
[2022-04-11 02:21:31.341] Save: model.pt...Done. best_val_loss: 5.0646
[2022-04-11 02:21:31.342] Epoch 004/40 ==================================================
[2022-04-11 02:21:35.607] E004 |   200/867 batches | lr 20.0000 | loss  4.731 | ppl    113.40
[2022-04-11 02:21:39.845] E004 |   400/867 batches | lr 20.0000 | loss  4.709 | ppl    110.99
[2022-04-11 02:21:44.091] E004 |   600/867 batches | lr 20.0000 | loss  4.651 | ppl    104.71
[2022-04-11 02:21:48.345] E004 |   800/867 batches | lr 20.0000 | loss  4.604 | ppl     99.92
[2022-04-11 02:21:49.755] E004 |   867/867 batches | lr 20.0000 | loss  4.606 | ppl    100.10
[2022-04-11 02:21:52.543] End E004 | valid loss  4.990; ppl    146.96 | accu 0.2128 = 30633/143960
[2022-04-11 02:21:55.047] End E004 |  test loss  6.701; ppl    812.81 | accu 0.0821 = 10621/129360 ../data/sample_500k/cbt_valid.txt
[2022-04-11 02:22:09.828] End E004 |  test loss  7.936; ppl   2795.35 | accu 0.0174 = 13348/767880 ../data/sample_500k/adult_test.txt
[2022-04-11 02:22:09.828] Save: model.pt... 
[2022-04-11 02:22:09.870] Save: model.pt...Done. best_val_loss: 4.9901
[2022-04-11 02:22:09.870] Epoch 005/40 ==================================================
[2022-04-11 02:22:14.106] E005 |   200/867 batches | lr 20.0000 | loss  4.599 | ppl     99.42
[2022-04-11 02:22:18.321] E005 |   400/867 batches | lr 20.0000 | loss  4.587 | ppl     98.20
[2022-04-11 02:22:22.549] E005 |   600/867 batches | lr 20.0000 | loss  4.543 | ppl     93.98
[2022-04-11 02:22:26.795] E005 |   800/867 batches | lr 20.0000 | loss  4.501 | ppl     90.10
[2022-04-11 02:22:28.223] E005 |   867/867 batches | lr 20.0000 | loss  4.509 | ppl     90.88
[2022-04-11 02:22:31.039] End E005 | valid loss  4.969; ppl    143.93 | accu 0.2173 = 31284/143960
[2022-04-11 02:22:33.661] End E005 |  test loss  6.746; ppl    850.56 | accu 0.0816 = 10557/129360 ../data/sample_500k/cbt_valid.txt
[2022-04-11 02:22:49.150] End E005 |  test loss  8.437; ppl   4612.64 | accu 0.0152 = 11669/767880 ../data/sample_500k/adult_test.txt
[2022-04-11 02:22:49.150] Save: model.pt... 
[2022-04-11 02:22:49.195] Save: model.pt...Done. best_val_loss: 4.9693
[2022-04-11 02:22:49.196] Epoch 006/40 ==================================================
[2022-04-11 02:22:53.469] E006 |   200/867 batches | lr 20.0000 | loss  4.499 | ppl     89.89
[2022-04-11 02:22:57.736] E006 |   400/867 batches | lr 20.0000 | loss  4.493 | ppl     89.38
[2022-04-11 02:23:02.029] E006 |   600/867 batches | lr 20.0000 | loss  4.457 | ppl     86.23
[2022-04-11 02:23:06.356] E006 |   800/867 batches | lr 20.0000 | loss  4.420 | ppl     83.10
[2022-04-11 02:23:07.787] E006 |   867/867 batches | lr 20.0000 | loss  4.426 | ppl     83.60
[2022-04-11 02:23:10.594] End E006 | valid loss  4.972; ppl    144.37 | accu 0.2156 = 31038/143960
[2022-04-11 02:23:13.084] End E006 |  test loss  6.707; ppl    818.49 | accu 0.0830 = 10732/129360 ../data/sample_500k/cbt_valid.txt
[2022-04-11 02:23:28.338] End E006 |  test loss  7.941; ppl   2808.84 | accu 0.0167 = 12801/767880 ../data/sample_500k/adult_test.txt
[2022-04-11 02:23:28.338] Epoch 007/40 ==================================================
[2022-04-11 02:23:32.579] E007 |   200/867 batches | lr 10.0000 | loss  4.366 | ppl     78.73
[2022-04-11 02:23:36.826] E007 |   400/867 batches | lr 10.0000 | loss  4.322 | ppl     75.37
[2022-04-11 02:23:41.075] E007 |   600/867 batches | lr 10.0000 | loss  4.263 | ppl     71.01
[2022-04-11 02:23:45.381] E007 |   800/867 batches | lr 10.0000 | loss  4.208 | ppl     67.23
[2022-04-11 02:23:46.809] E007 |   867/867 batches | lr 10.0000 | loss  4.193 | ppl     66.25
[2022-04-11 02:23:49.794] End E007 | valid loss  4.916; ppl    136.50 | accu 0.2272 = 32702/143960
[2022-04-11 02:23:52.328] End E007 |  test loss  6.798; ppl    896.42 | accu 0.0884 = 11433/129360 ../data/sample_500k/cbt_valid.txt
[2022-04-11 02:24:07.480] End E007 |  test loss  8.187; ppl   3593.43 | accu 0.0174 = 13376/767880 ../data/sample_500k/adult_test.txt
[2022-04-11 02:24:07.481] Save: model.pt... 
[2022-04-11 02:24:07.525] Save: model.pt...Done. best_val_loss: 4.9163
[2022-04-11 02:24:07.526] Epoch 008/40 ==================================================
[2022-04-11 02:24:11.825] E008 |   200/867 batches | lr 10.0000 | loss  4.268 | ppl     71.39
[2022-04-11 02:24:16.141] E008 |   400/867 batches | lr 10.0000 | loss  4.249 | ppl     70.06
[2022-04-11 02:24:20.505] E008 |   600/867 batches | lr 10.0000 | loss  4.203 | ppl     66.88
[2022-04-11 02:24:24.858] E008 |   800/867 batches | lr 10.0000 | loss  4.161 | ppl     64.14
[2022-04-11 02:24:26.347] E008 |   867/867 batches | lr 10.0000 | loss  4.153 | ppl     63.61
[2022-04-11 02:24:29.235] End E008 | valid loss  4.954; ppl    141.78 | accu 0.2242 = 32272/143960
[2022-04-11 02:24:31.749] End E008 |  test loss  7.033; ppl   1133.39 | accu 0.0868 = 11224/129360 ../data/sample_500k/cbt_valid.txt
[2022-04-11 02:24:46.572] End E008 |  test loss  7.968; ppl   2887.08 | accu 0.0204 = 15695/767880 ../data/sample_500k/adult_test.txt
[2022-04-11 02:24:46.572] Epoch 009/40 ==================================================
[2022-04-11 02:24:50.854] E009 |   200/867 batches | lr 5.0000 | loss  4.191 | ppl     66.11
[2022-04-11 02:24:55.122] E009 |   400/867 batches | lr 5.0000 | loss  4.156 | ppl     63.79
[2022-04-11 02:24:59.390] E009 |   600/867 batches | lr 5.0000 | loss  4.098 | ppl     60.22
[2022-04-11 02:25:03.679] E009 |   800/867 batches | lr 5.0000 | loss  4.037 | ppl     56.66
[2022-04-11 02:25:05.118] E009 |   867/867 batches | lr 5.0000 | loss  4.024 | ppl     55.93
[2022-04-11 02:25:07.868] End E009 | valid loss  4.888; ppl    132.75 | accu 0.2319 = 33384/143960
[2022-04-11 02:25:10.456] End E009 |  test loss  7.127; ppl   1245.30 | accu 0.0884 = 11430/129360 ../data/sample_500k/cbt_valid.txt
[2022-04-11 02:25:25.813] End E009 |  test loss  8.016; ppl   3028.99 | accu 0.0188 = 14457/767880 ../data/sample_500k/adult_test.txt
[2022-04-11 02:25:25.813] Save: model.pt... 
[2022-04-11 02:25:25.856] Save: model.pt...Done. best_val_loss: 4.8885
[2022-04-11 02:25:25.856] Epoch 010/40 ==================================================
[2022-04-11 02:25:30.179] E010 |   200/867 batches | lr 5.0000 | loss  4.131 | ppl     62.27
[2022-04-11 02:25:34.480] E010 |   400/867 batches | lr 5.0000 | loss  4.111 | ppl     61.00
[2022-04-11 02:25:38.774] E010 |   600/867 batches | lr 5.0000 | loss  4.057 | ppl     57.79
[2022-04-11 02:25:43.070] E010 |   800/867 batches | lr 5.0000 | loss  4.014 | ppl     55.38
[2022-04-11 02:25:44.534] E010 |   867/867 batches | lr 5.0000 | loss  4.000 | ppl     54.60
[2022-04-11 02:25:47.332] End E010 | valid loss  4.888; ppl    132.67 | accu 0.2332 = 33575/143960
[2022-04-11 02:25:49.822] End E010 |  test loss  7.217; ppl   1362.18 | accu 0.0890 = 11509/129360 ../data/sample_500k/cbt_valid.txt
[2022-04-11 02:26:04.973] End E010 |  test loss  7.952; ppl   2840.80 | accu 0.0207 = 15899/767880 ../data/sample_500k/adult_test.txt
[2022-04-11 02:26:04.973] Save: model.pt... 
[2022-04-11 02:26:05.018] Save: model.pt...Done. best_val_loss: 4.8878
[2022-04-11 02:26:05.018] Epoch 011/40 ==================================================
[2022-04-11 02:26:09.313] E011 |   200/867 batches | lr 5.0000 | loss  4.097 | ppl     60.14
[2022-04-11 02:26:13.586] E011 |   400/867 batches | lr 5.0000 | loss  4.076 | ppl     58.91
[2022-04-11 02:26:17.859] E011 |   600/867 batches | lr 5.0000 | loss  4.029 | ppl     56.20
[2022-04-11 02:26:22.133] E011 |   800/867 batches | lr 5.0000 | loss  3.984 | ppl     53.72
[2022-04-11 02:26:23.567] E011 |   867/867 batches | lr 5.0000 | loss  3.977 | ppl     53.35
[2022-04-11 02:26:26.353] End E011 | valid loss  4.915; ppl    136.35 | accu 0.2328 = 33515/143960
[2022-04-11 02:26:28.810] End E011 |  test loss  7.161; ppl   1288.40 | accu 0.0874 = 11304/129360 ../data/sample_500k/cbt_valid.txt
[2022-04-11 02:26:43.972] End E011 |  test loss  8.082; ppl   3235.24 | accu 0.0206 = 15793/767880 ../data/sample_500k/adult_test.txt
[2022-04-11 02:26:43.972] Epoch 012/40 ==================================================
[2022-04-11 02:26:48.286] E012 |   200/867 batches | lr 2.5000 | loss  4.061 | ppl     58.01
[2022-04-11 02:26:52.595] E012 |   400/867 batches | lr 2.5000 | loss  4.027 | ppl     56.10
[2022-04-11 02:26:56.911] E012 |   600/867 batches | lr 2.5000 | loss  3.972 | ppl     53.07
[2022-04-11 02:27:01.206] E012 |   800/867 batches | lr 2.5000 | loss  3.923 | ppl     50.57
[2022-04-11 02:27:02.640] E012 |   867/867 batches | lr 2.5000 | loss  3.903 | ppl     49.57
[2022-04-11 02:27:05.435] End E012 | valid loss  4.903; ppl    134.71 | accu 0.2359 = 33959/143960
[2022-04-11 02:27:07.941] End E012 |  test loss  7.282; ppl   1453.83 | accu 0.0889 = 11496/129360 ../data/sample_500k/cbt_valid.txt
[2022-04-11 02:27:22.863] End E012 |  test loss  8.151; ppl   3465.89 | accu 0.0204 = 15669/767880 ../data/sample_500k/adult_test.txt
[2022-04-11 02:27:22.863] Epoch 013/40 ==================================================
[2022-04-11 02:27:27.122] E013 |   200/867 batches | lr 1.2500 | loss  4.031 | ppl     56.33
[2022-04-11 02:27:31.576] E013 |   400/867 batches | lr 1.2500 | loss  3.999 | ppl     54.55
[2022-04-11 02:27:35.909] E013 |   600/867 batches | lr 1.2500 | loss  3.939 | ppl     51.36
[2022-04-11 02:27:40.166] E013 |   800/867 batches | lr 1.2500 | loss  3.887 | ppl     48.78
[2022-04-11 02:27:41.602] E013 |   867/867 batches | lr 1.2500 | loss  3.868 | ppl     47.86
[2022-04-11 02:27:44.414] End E013 | valid loss  4.890; ppl    133.01 | accu 0.2383 = 34304/143960
[2022-04-11 02:27:47.027] End E013 |  test loss  7.308; ppl   1492.70 | accu 0.0897 = 11599/129360 ../data/sample_500k/cbt_valid.txt
[2022-04-11 02:28:02.519] End E013 |  test loss  8.087; ppl   3250.67 | accu 0.0214 = 16416/767880 ../data/sample_500k/adult_test.txt
[2022-04-11 02:28:02.519] Epoch 014/40 ==================================================
[2022-04-11 02:28:06.831] E014 |   200/867 batches | lr 0.6250 | loss  4.017 | ppl     55.55
[2022-04-11 02:28:11.164] E014 |   400/867 batches | lr 0.6250 | loss  3.987 | ppl     53.88
[2022-04-11 02:28:15.471] E014 |   600/867 batches | lr 0.6250 | loss  3.924 | ppl     50.62
[2022-04-11 02:28:19.787] E014 |   800/867 batches | lr 0.6250 | loss  3.871 | ppl     47.99
[2022-04-11 02:28:21.232] E014 |   867/867 batches | lr 0.6250 | loss  3.852 | ppl     47.09
[2022-04-11 02:28:24.051] End E014 | valid loss  4.884; ppl    132.15 | accu 0.2388 = 34379/143960
[2022-04-11 02:28:26.546] End E014 |  test loss  7.335; ppl   1532.54 | accu 0.0902 = 11668/129360 ../data/sample_500k/cbt_valid.txt
[2022-04-11 02:28:41.814] End E014 |  test loss  8.144; ppl   3441.31 | accu 0.0208 = 15989/767880 ../data/sample_500k/adult_test.txt
[2022-04-11 02:28:41.815] Save: model.pt... 
[2022-04-11 02:28:41.858] Save: model.pt...Done. best_val_loss: 4.8839
[2022-04-11 02:28:41.858] Epoch 015/40 ==================================================
[2022-04-11 02:28:46.182] E015 |   200/867 batches | lr 0.6250 | loss  4.004 | ppl     54.81
[2022-04-11 02:28:50.469] E015 |   400/867 batches | lr 0.6250 | loss  3.977 | ppl     53.35
[2022-04-11 02:28:54.748] E015 |   600/867 batches | lr 0.6250 | loss  3.916 | ppl     50.22
[2022-04-11 02:28:59.024] E015 |   800/867 batches | lr 0.6250 | loss  3.864 | ppl     47.66
[2022-04-11 02:29:00.478] E015 |   867/867 batches | lr 0.6250 | loss  3.846 | ppl     46.82
[2022-04-11 02:29:03.272] End E015 | valid loss  4.885; ppl    132.29 | accu 0.2389 = 34389/143960
[2022-04-11 02:29:05.784] End E015 |  test loss  7.350; ppl   1556.75 | accu 0.0903 = 11686/129360 ../data/sample_500k/cbt_valid.txt
[2022-04-11 02:29:21.212] End E015 |  test loss  8.169; ppl   3528.62 | accu 0.0211 = 16176/767880 ../data/sample_500k/adult_test.txt
[2022-04-11 02:29:21.212] Epoch 016/40 ==================================================
[2022-04-11 02:29:25.583] E016 |   200/867 batches | lr 0.3125 | loss  4.001 | ppl     54.64
[2022-04-11 02:29:29.949] E016 |   400/867 batches | lr 0.3125 | loss  3.969 | ppl     52.95
[2022-04-11 02:29:34.281] E016 |   600/867 batches | lr 0.3125 | loss  3.909 | ppl     49.84
[2022-04-11 02:29:38.634] E016 |   800/867 batches | lr 0.3125 | loss  3.854 | ppl     47.17
[2022-04-11 02:29:40.099] E016 |   867/867 batches | lr 0.3125 | loss  3.834 | ppl     46.23
[2022-04-11 02:29:42.979] End E016 | valid loss  4.880; ppl    131.58 | accu 0.2396 = 34489/143960
[2022-04-11 02:29:45.539] End E016 |  test loss  7.347; ppl   1551.38 | accu 0.0904 = 11700/129360 ../data/sample_500k/cbt_valid.txt
[2022-04-11 02:30:00.644] End E016 |  test loss  8.192; ppl   3612.55 | accu 0.0213 = 16329/767880 ../data/sample_500k/adult_test.txt
[2022-04-11 02:30:00.644] Save: model.pt... 
[2022-04-11 02:30:00.686] Save: model.pt...Done. best_val_loss: 4.8796
[2022-04-11 02:30:00.687] Epoch 017/40 ==================================================
[2022-04-11 02:30:04.990] E017 |   200/867 batches | lr 0.3125 | loss  3.996 | ppl     54.40
[2022-04-11 02:30:09.258] E017 |   400/867 batches | lr 0.3125 | loss  3.968 | ppl     52.90
[2022-04-11 02:30:13.527] E017 |   600/867 batches | lr 0.3125 | loss  3.908 | ppl     49.80
[2022-04-11 02:30:17.794] E017 |   800/867 batches | lr 0.3125 | loss  3.853 | ppl     47.13
[2022-04-11 02:30:19.224] E017 |   867/867 batches | lr 0.3125 | loss  3.836 | ppl     46.33
[2022-04-11 02:30:22.139] End E017 | valid loss  4.879; ppl    131.46 | accu 0.2396 = 34489/143960
[2022-04-11 02:30:24.697] End E017 |  test loss  7.316; ppl   1504.71 | accu 0.0904 = 11699/129360 ../data/sample_500k/cbt_valid.txt
[2022-04-11 02:30:39.714] End E017 |  test loss  8.160; ppl   3497.11 | accu 0.0215 = 16520/767880 ../data/sample_500k/adult_test.txt
[2022-04-11 02:30:39.715] Save: model.pt... 
[2022-04-11 02:30:39.761] Save: model.pt...Done. best_val_loss: 4.8787
[2022-04-11 02:30:39.761] Epoch 018/40 ==================================================
[2022-04-11 02:30:44.215] E018 |   200/867 batches | lr 0.3125 | loss  3.985 | ppl     53.79
[2022-04-11 02:30:48.612] E018 |   400/867 batches | lr 0.3125 | loss  3.960 | ppl     52.44
[2022-04-11 02:30:52.987] E018 |   600/867 batches | lr 0.3125 | loss  3.904 | ppl     49.62
[2022-04-11 02:30:57.291] E018 |   800/867 batches | lr 0.3125 | loss  3.854 | ppl     47.18
[2022-04-11 02:30:58.741] E018 |   867/867 batches | lr 0.3125 | loss  3.834 | ppl     46.26
[2022-04-11 02:31:01.534] End E018 | valid loss  4.879; ppl    131.53 | accu 0.2393 = 34456/143960
[2022-04-11 02:31:04.130] End E018 |  test loss  7.319; ppl   1509.44 | accu 0.0906 = 11714/129360 ../data/sample_500k/cbt_valid.txt
[2022-04-11 02:31:19.582] End E018 |  test loss  8.155; ppl   3481.25 | accu 0.0217 = 16641/767880 ../data/sample_500k/adult_test.txt
[2022-04-11 02:31:19.582] Epoch 019/40 ==================================================
[2022-04-11 02:31:23.932] E019 |   200/867 batches | lr 0.1562 | loss  3.986 | ppl     53.84
[2022-04-11 02:31:28.294] E019 |   400/867 batches | lr 0.1562 | loss  3.955 | ppl     52.20
[2022-04-11 02:31:32.581] E019 |   600/867 batches | lr 0.1562 | loss  3.900 | ppl     49.39
[2022-04-11 02:31:36.908] E019 |   800/867 batches | lr 0.1562 | loss  3.849 | ppl     46.94
[2022-04-11 02:31:38.342] E019 |   867/867 batches | lr 0.1562 | loss  3.828 | ppl     45.97
[2022-04-11 02:31:41.154] End E019 | valid loss  4.877; ppl    131.18 | accu 0.2398 = 34525/143960
[2022-04-11 02:31:43.665] End E019 |  test loss  7.302; ppl   1483.58 | accu 0.0903 = 11686/129360 ../data/sample_500k/cbt_valid.txt
[2022-04-11 02:31:59.029] End E019 |  test loss  8.165; ppl   3514.22 | accu 0.0217 = 16679/767880 ../data/sample_500k/adult_test.txt
[2022-04-11 02:31:59.029] Save: model.pt... 
[2022-04-11 02:31:59.071] Save: model.pt...Done. best_val_loss: 4.8766
[2022-04-11 02:31:59.071] Epoch 020/40 ==================================================
[2022-04-11 02:32:03.374] E020 |   200/867 batches | lr 0.1562 | loss  3.981 | ppl     53.57
[2022-04-11 02:32:07.655] E020 |   400/867 batches | lr 0.1562 | loss  3.955 | ppl     52.21
[2022-04-11 02:32:11.941] E020 |   600/867 batches | lr 0.1562 | loss  3.898 | ppl     49.28
[2022-04-11 02:32:16.270] E020 |   800/867 batches | lr 0.1562 | loss  3.847 | ppl     46.87
[2022-04-11 02:32:17.710] E020 |   867/867 batches | lr 0.1562 | loss  3.829 | ppl     46.00
[2022-04-11 02:32:20.550] End E020 | valid loss  4.876; ppl    131.13 | accu 0.2399 = 34532/143960
[2022-04-11 02:32:23.060] End E020 |  test loss  7.311; ppl   1496.13 | accu 0.0902 = 11662/129360 ../data/sample_500k/cbt_valid.txt
[2022-04-11 02:32:38.225] End E020 |  test loss  8.163; ppl   3507.20 | accu 0.0217 = 16680/767880 ../data/sample_500k/adult_test.txt
[2022-04-11 02:32:38.225] Save: model.pt... 
[2022-04-11 02:32:38.267] Save: model.pt...Done. best_val_loss: 4.8762
[2022-04-11 02:32:38.267] Epoch 021/40 ==================================================
[2022-04-11 02:32:42.578] E021 |   200/867 batches | lr 0.1562 | loss  3.985 | ppl     53.77
[2022-04-11 02:32:46.934] E021 |   400/867 batches | lr 0.1562 | loss  3.953 | ppl     52.09
[2022-04-11 02:32:51.313] E021 |   600/867 batches | lr 0.1562 | loss  3.895 | ppl     49.18
[2022-04-11 02:32:55.598] E021 |   800/867 batches | lr 0.1562 | loss  3.846 | ppl     46.78
[2022-04-11 02:32:57.038] E021 |   867/867 batches | lr 0.1562 | loss  3.833 | ppl     46.18
[2022-04-11 02:32:59.814] End E021 | valid loss  4.876; ppl    131.07 | accu 0.2397 = 34501/143960
[2022-04-11 02:33:02.603] End E021 |  test loss  7.313; ppl   1500.03 | accu 0.0903 = 11684/129360 ../data/sample_500k/cbt_valid.txt
[2022-04-11 02:33:17.637] End E021 |  test loss  8.177; ppl   3558.82 | accu 0.0217 = 16639/767880 ../data/sample_500k/adult_test.txt
[2022-04-11 02:33:17.638] Save: model.pt... 
[2022-04-11 02:33:17.681] Save: model.pt...Done. best_val_loss: 4.8758
[2022-04-11 02:33:17.681] Epoch 022/40 ==================================================
[2022-04-11 02:33:22.020] E022 |   200/867 batches | lr 0.1562 | loss  3.979 | ppl     53.48
[2022-04-11 02:33:26.299] E022 |   400/867 batches | lr 0.1562 | loss  3.951 | ppl     51.99
[2022-04-11 02:33:30.620] E022 |   600/867 batches | lr 0.1562 | loss  3.893 | ppl     49.06
[2022-04-11 02:33:34.910] E022 |   800/867 batches | lr 0.1562 | loss  3.847 | ppl     46.84
[2022-04-11 02:33:36.384] E022 |   867/867 batches | lr 0.1562 | loss  3.828 | ppl     45.95
[2022-04-11 02:33:39.173] End E022 | valid loss  4.876; ppl    131.08 | accu 0.2397 = 34513/143960
[2022-04-11 02:33:41.693] End E022 |  test loss  7.319; ppl   1509.36 | accu 0.0899 = 11629/129360 ../data/sample_500k/cbt_valid.txt
[2022-04-11 02:33:56.698] End E022 |  test loss  8.167; ppl   3521.10 | accu 0.0219 = 16787/767880 ../data/sample_500k/adult_test.txt
[2022-04-11 02:33:56.698] Epoch 023/40 ==================================================
[2022-04-11 02:34:01.055] E023 |   200/867 batches | lr 0.0781 | loss  3.978 | ppl     53.39
[2022-04-11 02:34:05.356] E023 |   400/867 batches | lr 0.0781 | loss  3.951 | ppl     51.96
[2022-04-11 02:34:09.678] E023 |   600/867 batches | lr 0.0781 | loss  3.895 | ppl     49.17
[2022-04-11 02:34:14.025] E023 |   800/867 batches | lr 0.0781 | loss  3.840 | ppl     46.53
[2022-04-11 02:34:15.459] E023 |   867/867 batches | lr 0.0781 | loss  3.827 | ppl     45.94
[2022-04-11 02:34:18.260] End E023 | valid loss  4.875; ppl    130.91 | accu 0.2397 = 34503/143960
[2022-04-11 02:34:20.845] End E023 |  test loss  7.300; ppl   1480.98 | accu 0.0903 = 11682/129360 ../data/sample_500k/cbt_valid.txt
[2022-04-11 02:34:36.275] End E023 |  test loss  8.157; ppl   3487.39 | accu 0.0220 = 16913/767880 ../data/sample_500k/adult_test.txt
[2022-04-11 02:34:36.275] Save: model.pt... 
[2022-04-11 02:34:36.317] Save: model.pt...Done. best_val_loss: 4.8745
[2022-04-11 02:34:36.317] Epoch 024/40 ==================================================
[2022-04-11 02:34:40.615] E024 |   200/867 batches | lr 0.0781 | loss  3.979 | ppl     53.44
[2022-04-11 02:34:44.927] E024 |   400/867 batches | lr 0.0781 | loss  3.950 | ppl     51.92
[2022-04-11 02:34:49.207] E024 |   600/867 batches | lr 0.0781 | loss  3.893 | ppl     49.07
[2022-04-11 02:34:53.553] E024 |   800/867 batches | lr 0.0781 | loss  3.842 | ppl     46.60
[2022-04-11 02:34:55.047] E024 |   867/867 batches | lr 0.0781 | loss  3.827 | ppl     45.95
[2022-04-11 02:34:57.863] End E024 | valid loss  4.875; ppl    130.94 | accu 0.2396 = 34490/143960
[2022-04-11 02:35:00.353] End E024 |  test loss  7.286; ppl   1460.42 | accu 0.0902 = 11663/129360 ../data/sample_500k/cbt_valid.txt
[2022-04-11 02:35:15.702] End E024 |  test loss  8.161; ppl   3500.23 | accu 0.0219 = 16847/767880 ../data/sample_500k/adult_test.txt
[2022-04-11 02:35:15.702] Epoch 025/40 ==================================================
[2022-04-11 02:35:20.085] E025 |   200/867 batches | lr 0.0391 | loss  3.974 | ppl     53.19
[2022-04-11 02:35:24.426] E025 |   400/867 batches | lr 0.0391 | loss  3.948 | ppl     51.85
[2022-04-11 02:35:28.739] E025 |   600/867 batches | lr 0.0391 | loss  3.894 | ppl     49.10
[2022-04-11 02:35:33.051] E025 |   800/867 batches | lr 0.0391 | loss  3.843 | ppl     46.67
[2022-04-11 02:35:34.496] E025 |   867/867 batches | lr 0.0391 | loss  3.821 | ppl     45.66
[2022-04-11 02:35:37.336] End E025 | valid loss  4.874; ppl    130.90 | accu 0.2396 = 34499/143960
[2022-04-11 02:35:39.846] End E025 |  test loss  7.279; ppl   1449.56 | accu 0.0901 = 11656/129360 ../data/sample_500k/cbt_valid.txt
[2022-04-11 02:35:54.949] End E025 |  test loss  8.157; ppl   3486.28 | accu 0.0221 = 16936/767880 ../data/sample_500k/adult_test.txt
[2022-04-11 02:35:54.949] Save: model.pt... 
[2022-04-11 02:35:54.994] Save: model.pt...Done. best_val_loss: 4.8744
[2022-04-11 02:35:54.994] Epoch 026/40 ==================================================
[2022-04-11 02:35:59.287] E026 |   200/867 batches | lr 0.0391 | loss  3.971 | ppl     53.05
[2022-04-11 02:36:03.595] E026 |   400/867 batches | lr 0.0391 | loss  3.944 | ppl     51.64
[2022-04-11 02:36:07.862] E026 |   600/867 batches | lr 0.0391 | loss  3.892 | ppl     48.99
[2022-04-11 02:36:12.136] E026 |   800/867 batches | lr 0.0391 | loss  3.837 | ppl     46.37
[2022-04-11 02:36:13.569] E026 |   867/867 batches | lr 0.0391 | loss  3.822 | ppl     45.69
[2022-04-11 02:36:16.376] End E026 | valid loss  4.874; ppl    130.88 | accu 0.2397 = 34503/143960
[2022-04-11 02:36:18.887] End E026 |  test loss  7.286; ppl   1459.89 | accu 0.0902 = 11668/129360 ../data/sample_500k/cbt_valid.txt
[2022-04-11 02:36:33.844] End E026 |  test loss  8.153; ppl   3474.66 | accu 0.0220 = 16927/767880 ../data/sample_500k/adult_test.txt
[2022-04-11 02:36:33.844] Save: model.pt... 
[2022-04-11 02:36:33.877] Save: model.pt...Done. best_val_loss: 4.8743
[2022-04-11 02:36:33.877] Epoch 027/40 ==================================================
[2022-04-11 02:36:38.200] E027 |   200/867 batches | lr 0.0391 | loss  3.972 | ppl     53.09
[2022-04-11 02:36:42.513] E027 |   400/867 batches | lr 0.0391 | loss  3.947 | ppl     51.77
[2022-04-11 02:36:46.817] E027 |   600/867 batches | lr 0.0391 | loss  3.890 | ppl     48.92
[2022-04-11 02:36:51.114] E027 |   800/867 batches | lr 0.0391 | loss  3.839 | ppl     46.46
[2022-04-11 02:36:52.559] E027 |   867/867 batches | lr 0.0391 | loss  3.825 | ppl     45.84
[2022-04-11 02:36:55.380] End E027 | valid loss  4.874; ppl    130.87 | accu 0.2396 = 34495/143960
[2022-04-11 02:36:57.997] End E027 |  test loss  7.285; ppl   1458.67 | accu 0.0903 = 11682/129360 ../data/sample_500k/cbt_valid.txt
[2022-04-11 02:37:13.559] End E027 |  test loss  8.151; ppl   3466.29 | accu 0.0221 = 16935/767880 ../data/sample_500k/adult_test.txt
[2022-04-11 02:37:13.559] Save: model.pt... 
[2022-04-11 02:37:13.605] Save: model.pt...Done. best_val_loss: 4.8742
[2022-04-11 02:37:13.605] Epoch 028/40 ==================================================
[2022-04-11 02:37:17.951] E028 |   200/867 batches | lr 0.0391 | loss  3.976 | ppl     53.33
[2022-04-11 02:37:22.219] E028 |   400/867 batches | lr 0.0391 | loss  3.946 | ppl     51.75
[2022-04-11 02:37:26.540] E028 |   600/867 batches | lr 0.0391 | loss  3.891 | ppl     48.97
[2022-04-11 02:37:30.831] E028 |   800/867 batches | lr 0.0391 | loss  3.840 | ppl     46.53
[2022-04-11 02:37:32.281] E028 |   867/867 batches | lr 0.0391 | loss  3.826 | ppl     45.88
[2022-04-11 02:37:35.107] End E028 | valid loss  4.874; ppl    130.90 | accu 0.2396 = 34495/143960
[2022-04-11 02:37:37.631] End E028 |  test loss  7.290; ppl   1465.35 | accu 0.0902 = 11667/129360 ../data/sample_500k/cbt_valid.txt
[2022-04-11 02:37:53.068] End E028 |  test loss  8.148; ppl   3457.61 | accu 0.0220 = 16895/767880 ../data/sample_500k/adult_test.txt
[2022-04-11 02:37:53.069] Epoch 029/40 ==================================================
[2022-04-11 02:37:57.389] E029 |   200/867 batches | lr 0.0195 | loss  3.974 | ppl     53.22
[2022-04-11 02:38:01.712] E029 |   400/867 batches | lr 0.0195 | loss  3.947 | ppl     51.78
[2022-04-11 02:38:06.022] E029 |   600/867 batches | lr 0.0195 | loss  3.891 | ppl     48.97
[2022-04-11 02:38:10.334] E029 |   800/867 batches | lr 0.0195 | loss  3.839 | ppl     46.48
[2022-04-11 02:38:11.802] E029 |   867/867 batches | lr 0.0195 | loss  3.822 | ppl     45.67
[2022-04-11 02:38:14.615] End E029 | valid loss  4.874; ppl    130.88 | accu 0.2398 = 34522/143960
[2022-04-11 02:38:17.135] End E029 |  test loss  7.286; ppl   1460.23 | accu 0.0902 = 11665/129360 ../data/sample_500k/cbt_valid.txt
[2022-04-11 02:38:32.439] End E029 |  test loss  8.141; ppl   3431.30 | accu 0.0221 = 16957/767880 ../data/sample_500k/adult_test.txt
[2022-04-11 02:38:32.439] Epoch 030/40 ==================================================
[2022-04-11 02:38:36.755] E030 |   200/867 batches | lr 0.0098 | loss  3.975 | ppl     53.23
[2022-04-11 02:38:41.061] E030 |   400/867 batches | lr 0.0098 | loss  3.947 | ppl     51.78
[2022-04-11 02:38:45.434] E030 |   600/867 batches | lr 0.0098 | loss  3.891 | ppl     48.96
[2022-04-11 02:38:49.699] E030 |   800/867 batches | lr 0.0098 | loss  3.840 | ppl     46.53
[2022-04-11 02:38:51.148] E030 |   867/867 batches | lr 0.0098 | loss  3.823 | ppl     45.73
[2022-04-11 02:38:53.956] End E030 | valid loss  4.874; ppl    130.87 | accu 0.2398 = 34521/143960
[2022-04-11 02:38:56.556] End E030 |  test loss  7.285; ppl   1458.80 | accu 0.0901 = 11660/129360 ../data/sample_500k/cbt_valid.txt
[2022-04-11 02:39:11.722] End E030 |  test loss  8.139; ppl   3424.45 | accu 0.0221 = 16970/767880 ../data/sample_500k/adult_test.txt
[2022-04-11 02:39:11.723] Epoch 031/40 ==================================================
[2022-04-11 02:39:16.080] E031 |   200/867 batches | lr 0.0049 | loss  3.972 | ppl     53.09
[2022-04-11 02:39:20.453] E031 |   400/867 batches | lr 0.0049 | loss  3.949 | ppl     51.87
[2022-04-11 02:39:24.772] E031 |   600/867 batches | lr 0.0049 | loss  3.890 | ppl     48.89
[2022-04-11 02:39:29.081] E031 |   800/867 batches | lr 0.0049 | loss  3.838 | ppl     46.43
[2022-04-11 02:39:30.540] E031 |   867/867 batches | lr 0.0049 | loss  3.825 | ppl     45.82
[2022-04-11 02:39:33.416] End E031 | valid loss  4.874; ppl    130.87 | accu 0.2398 = 34520/143960
[2022-04-11 02:39:35.943] End E031 |  test loss  7.285; ppl   1458.71 | accu 0.0901 = 11658/129360 ../data/sample_500k/cbt_valid.txt
[2022-04-11 02:39:50.891] End E031 |  test loss  8.138; ppl   3421.53 | accu 0.0221 = 16967/767880 ../data/sample_500k/adult_test.txt
[2022-04-11 02:39:50.891] Epoch 032/40 ==================================================
[2022-04-11 02:39:55.205] E032 |   200/867 batches | lr 0.0024 | loss  3.974 | ppl     53.19
[2022-04-11 02:39:59.473] E032 |   400/867 batches | lr 0.0024 | loss  3.949 | ppl     51.89
[2022-04-11 02:40:03.745] E032 |   600/867 batches | lr 0.0024 | loss  3.889 | ppl     48.86
[2022-04-11 02:40:08.023] E032 |   800/867 batches | lr 0.0024 | loss  3.838 | ppl     46.44
[2022-04-11 02:40:09.464] E032 |   867/867 batches | lr 0.0024 | loss  3.822 | ppl     45.70
[2022-04-11 02:40:12.244] End E032 | valid loss  4.874; ppl    130.87 | accu 0.2398 = 34516/143960
[2022-04-11 02:40:14.885] End E032 |  test loss  7.285; ppl   1458.44 | accu 0.0901 = 11659/129360 ../data/sample_500k/cbt_valid.txt
[2022-04-11 02:40:30.260] End E032 |  test loss  8.138; ppl   3421.14 | accu 0.0221 = 16970/767880 ../data/sample_500k/adult_test.txt
[2022-04-11 02:40:30.260] Epoch 033/40 ==================================================
[2022-04-11 02:40:34.617] E033 |   200/867 batches | lr 0.0012 | loss  3.974 | ppl     53.18
[2022-04-11 02:40:38.988] E033 |   400/867 batches | lr 0.0012 | loss  3.942 | ppl     51.53
[2022-04-11 02:40:43.319] E033 |   600/867 batches | lr 0.0012 | loss  3.887 | ppl     48.75
[2022-04-11 02:40:47.621] E033 |   800/867 batches | lr 0.0012 | loss  3.836 | ppl     46.36
[2022-04-11 02:40:49.056] E033 |   867/867 batches | lr 0.0012 | loss  3.821 | ppl     45.64
[2022-04-11 02:40:51.911] End E033 | valid loss  4.874; ppl    130.87 | accu 0.2397 = 34513/143960
[2022-04-11 02:40:54.410] End E033 |  test loss  7.285; ppl   1458.68 | accu 0.0901 = 11661/129360 ../data/sample_500k/cbt_valid.txt
[2022-04-11 02:41:09.753] End E033 |  test loss  8.138; ppl   3421.56 | accu 0.0221 = 16969/767880 ../data/sample_500k/adult_test.txt
[2022-04-11 02:41:09.753] Epoch 034/40 ==================================================
[2022-04-11 02:41:14.084] E034 |   200/867 batches | lr 0.0006 | loss  3.972 | ppl     53.08
[2022-04-11 02:41:18.376] E034 |   400/867 batches | lr 0.0006 | loss  3.946 | ppl     51.73
[2022-04-11 02:41:22.667] E034 |   600/867 batches | lr 0.0006 | loss  3.887 | ppl     48.76
[2022-04-11 02:41:26.943] E034 |   800/867 batches | lr 0.0006 | loss  3.840 | ppl     46.51
[2022-04-11 02:41:28.381] E034 |   867/867 batches | lr 0.0006 | loss  3.820 | ppl     45.61
[2022-04-11 02:41:31.164] End E034 | valid loss  4.874; ppl    130.87 | accu 0.2397 = 34511/143960
[2022-04-11 02:41:33.679] End E034 |  test loss  7.285; ppl   1458.92 | accu 0.0902 = 11662/129360 ../data/sample_500k/cbt_valid.txt
[2022-04-11 02:41:48.726] End E034 |  test loss  8.138; ppl   3421.60 | accu 0.0221 = 16968/767880 ../data/sample_500k/adult_test.txt
[2022-04-11 02:41:48.726] Epoch 035/40 ==================================================
[2022-04-11 02:41:53.006] E035 |   200/867 batches | lr 0.0003 | loss  3.972 | ppl     53.11
[2022-04-11 02:41:57.356] E035 |   400/867 batches | lr 0.0003 | loss  3.947 | ppl     51.80
[2022-04-11 02:42:01.657] E035 |   600/867 batches | lr 0.0003 | loss  3.890 | ppl     48.89
[2022-04-11 02:42:05.979] E035 |   800/867 batches | lr 0.0003 | loss  3.838 | ppl     46.44
[2022-04-11 02:42:07.417] E035 |   867/867 batches | lr 0.0003 | loss  3.823 | ppl     45.75
[2022-04-11 02:42:10.232] End E035 | valid loss  4.874; ppl    130.87 | accu 0.2397 = 34510/143960
[2022-04-11 02:42:12.720] End E035 |  test loss  7.286; ppl   1459.02 | accu 0.0902 = 11662/129360 ../data/sample_500k/cbt_valid.txt
[2022-04-11 02:42:27.773] End E035 |  test loss  8.138; ppl   3421.85 | accu 0.0221 = 16965/767880 ../data/sample_500k/adult_test.txt
[2022-04-11 02:42:27.773] Epoch 036/40 ==================================================
[2022-04-11 02:42:32.103] E036 |   200/867 batches | lr 0.0002 | loss  3.975 | ppl     53.23
[2022-04-11 02:42:36.410] E036 |   400/867 batches | lr 0.0002 | loss  3.947 | ppl     51.76
[2022-04-11 02:42:40.700] E036 |   600/867 batches | lr 0.0002 | loss  3.888 | ppl     48.82
[2022-04-11 02:42:45.069] E036 |   800/867 batches | lr 0.0002 | loss  3.839 | ppl     46.46
[2022-04-11 02:42:46.487] E036 |   867/867 batches | lr 0.0002 | loss  3.822 | ppl     45.68
[2022-04-11 02:42:49.284] End E036 | valid loss  4.874; ppl    130.88 | accu 0.2397 = 34509/143960
[2022-04-11 02:42:51.858] End E036 |  test loss  7.286; ppl   1459.07 | accu 0.0902 = 11662/129360 ../data/sample_500k/cbt_valid.txt
[2022-04-11 02:43:07.197] End E036 |  test loss  8.138; ppl   3421.85 | accu 0.0221 = 16965/767880 ../data/sample_500k/adult_test.txt
[2022-04-11 02:43:07.197] Epoch 037/40 ==================================================
[2022-04-11 02:43:11.527] E037 |   200/867 batches | lr 0.0001 | loss  3.973 | ppl     53.13
[2022-04-11 02:43:15.823] E037 |   400/867 batches | lr 0.0001 | loss  3.943 | ppl     51.59
[2022-04-11 02:43:20.145] E037 |   600/867 batches | lr 0.0001 | loss  3.889 | ppl     48.84
[2022-04-11 02:43:24.537] E037 |   800/867 batches | lr 0.0001 | loss  3.837 | ppl     46.39
[2022-04-11 02:43:26.030] E037 |   867/867 batches | lr 0.0001 | loss  3.819 | ppl     45.56
[2022-04-11 02:43:28.817] End E037 | valid loss  4.874; ppl    130.88 | accu 0.2397 = 34509/143960
[2022-04-11 02:43:31.302] End E037 |  test loss  7.286; ppl   1459.11 | accu 0.0902 = 11662/129360 ../data/sample_500k/cbt_valid.txt
[2022-04-11 02:43:46.492] End E037 |  test loss  8.138; ppl   3421.95 | accu 0.0221 = 16965/767880 ../data/sample_500k/adult_test.txt
[2022-04-11 02:43:46.492] Epoch 038/40 ==================================================
[2022-04-11 02:43:50.761] E038 |   200/867 batches | lr 0.0000 | loss  3.974 | ppl     53.19
[2022-04-11 02:43:55.055] E038 |   400/867 batches | lr 0.0000 | loss  3.945 | ppl     51.70
[2022-04-11 02:43:59.378] E038 |   600/867 batches | lr 0.0000 | loss  3.890 | ppl     48.93
[2022-04-11 02:44:03.662] E038 |   800/867 batches | lr 0.0000 | loss  3.839 | ppl     46.47
[2022-04-11 02:44:05.106] E038 |   867/867 batches | lr 0.0000 | loss  3.824 | ppl     45.80
[2022-04-11 02:44:07.877] End E038 | valid loss  4.874; ppl    130.88 | accu 0.2397 = 34509/143960
[2022-04-11 02:44:10.366] End E038 |  test loss  7.286; ppl   1459.12 | accu 0.0902 = 11662/129360 ../data/sample_500k/cbt_valid.txt
[2022-04-11 02:44:25.324] End E038 |  test loss  8.138; ppl   3421.98 | accu 0.0221 = 16965/767880 ../data/sample_500k/adult_test.txt
[2022-04-11 02:44:25.325] Epoch 039/40 ==================================================
[2022-04-11 02:44:29.626] E039 |   200/867 batches | lr 0.0000 | loss  3.970 | ppl     53.00
[2022-04-11 02:44:33.929] E039 |   400/867 batches | lr 0.0000 | loss  3.949 | ppl     51.91
[2022-04-11 02:44:38.225] E039 |   600/867 batches | lr 0.0000 | loss  3.888 | ppl     48.80
[2022-04-11 02:44:42.530] E039 |   800/867 batches | lr 0.0000 | loss  3.836 | ppl     46.34
[2022-04-11 02:44:43.962] E039 |   867/867 batches | lr 0.0000 | loss  3.822 | ppl     45.69
[2022-04-11 02:44:46.772] End E039 | valid loss  4.874; ppl    130.88 | accu 0.2397 = 34509/143960
[2022-04-11 02:44:49.239] End E039 |  test loss  7.286; ppl   1459.11 | accu 0.0902 = 11662/129360 ../data/sample_500k/cbt_valid.txt
[2022-04-11 02:45:04.119] End E039 |  test loss  8.138; ppl   3421.98 | accu 0.0221 = 16965/767880 ../data/sample_500k/adult_test.txt
[2022-04-11 02:45:04.119] Epoch 040/40 ==================================================
[2022-04-11 02:45:08.477] E040 |   200/867 batches | lr 0.0000 | loss  3.976 | ppl     53.29
[2022-04-11 02:45:12.806] E040 |   400/867 batches | lr 0.0000 | loss  3.946 | ppl     51.71
[2022-04-11 02:45:17.112] E040 |   600/867 batches | lr 0.0000 | loss  3.891 | ppl     48.94
[2022-04-11 02:45:21.415] E040 |   800/867 batches | lr 0.0000 | loss  3.836 | ppl     46.36
[2022-04-11 02:45:22.865] E040 |   867/867 batches | lr 0.0000 | loss  3.824 | ppl     45.79
[2022-04-11 02:45:25.663] End E040 | valid loss  4.874; ppl    130.88 | accu 0.2397 = 34509/143960
[2022-04-11 02:45:28.258] End E040 |  test loss  7.286; ppl   1459.11 | accu 0.0902 = 11662/129360 ../data/sample_500k/cbt_valid.txt
[2022-04-11 02:45:43.620] End E040 |  test loss  8.138; ppl   3421.97 | accu 0.0221 = 16965/767880 ../data/sample_500k/adult_test.txt
[2022-04-11 02:45:46.224] End. test loss  7.29; ppl  1458.67 | accu 0.0903 = 11682/129360 ../data/sample_500k/cbt_valid.txt
[2022-04-11 02:46:01.596] End. test loss  8.15; ppl  3466.29 | accu 0.0221 = 16935/767880 ../data/sample_500k/adult_test.txt
[2022-04-11 02:46:01.597] =========================================================================================
[2022-04-11 02:46:01.597] valid_loss
[2022-04-11 02:46:01.597]  5.37, 5.16, 5.06, 4.99, 4.97, 4.97, 4.92, 4.95, 4.89, 4.89, 4.92, 4.90, 4.89, 4.88, 4.88, 4.88, 4.88, 4.88, 4.88, 4.88, 4.88, 4.88, 4.87, 4.87, 4.87, 4.87, 4.87, 4.87, 4.87, 4.87, 4.87, 4.87, 4.87, 4.87, 4.87, 4.87, 4.87, 4.87, 4.87, 4.87
[2022-04-11 02:46:01.597] valid_loss ppl
[2022-04-11 02:46:01.597]   215.37,  173.71,  158.32,  146.96,  143.93,  144.37,  136.50,  141.78,  132.75,  132.67,  136.35,  134.71,  133.01,  132.15,  132.29,  131.58,  131.46,  131.53,  131.18,  131.13,  131.07,  131.08,  130.91,  130.94,  130.90,  130.88,  130.87,  130.90,  130.88,  130.87,  130.87,  130.87,  130.87,  130.87,  130.87,  130.88,  130.88,  130.88,  130.88,  130.88
[2022-04-11 02:46:01.597] test_loss of ../data/sample_500k/cbt_valid.txt
[2022-04-11 02:46:01.597]  6.16, 6.62, 6.58, 6.70, 6.75, 6.71, 6.80, 7.03, 7.13, 7.22, 7.16, 7.28, 7.31, 7.33, 7.35, 7.35, 7.32, 7.32, 7.30, 7.31, 7.31, 7.32, 7.30, 7.29, 7.28, 7.29, 7.29, 7.29, 7.29, 7.29, 7.29, 7.29, 7.29, 7.29, 7.29, 7.29, 7.29, 7.29, 7.29, 7.29
[2022-04-11 02:46:01.597] test_loss of ../data/sample_500k/cbt_valid.txt ppl
[2022-04-11 02:46:01.597]   475.46,  746.61,  717.73,  812.81,  850.56,  818.49,  896.42, 1133.39, 1245.30, 1362.18, 1288.40, 1453.83, 1492.70, 1532.54, 1556.75, 1551.38, 1504.71, 1509.44, 1483.58, 1496.13, 1500.03, 1509.36, 1480.98, 1460.42, 1449.56, 1459.89, 1458.67, 1465.35, 1460.23, 1458.80, 1458.71, 1458.44, 1458.68, 1458.92, 1459.02, 1459.07, 1459.11, 1459.12, 1459.11, 1459.11
[2022-04-11 02:46:01.597] test_loss of ../data/sample_500k/adult_test.txt
[2022-04-11 02:46:01.597]  7.33, 8.27, 8.20, 7.94, 8.44, 7.94, 8.19, 7.97, 8.02, 7.95, 8.08, 8.15, 8.09, 8.14, 8.17, 8.19, 8.16, 8.16, 8.16, 8.16, 8.18, 8.17, 8.16, 8.16, 8.16, 8.15, 8.15, 8.15, 8.14, 8.14, 8.14, 8.14, 8.14, 8.14, 8.14, 8.14, 8.14, 8.14, 8.14, 8.14
[2022-04-11 02:46:01.597] test_loss of ../data/sample_500k/adult_test.txt ppl
[2022-04-11 02:46:01.598]  1525.09, 3907.69, 3646.06, 2795.35, 4612.64, 2808.84, 3593.43, 2887.08, 3028.99, 2840.80, 3235.24, 3465.89, 3250.67, 3441.31, 3528.62, 3612.55, 3497.11, 3481.25, 3514.22, 3507.20, 3558.82, 3521.10, 3487.39, 3500.23, 3486.28, 3474.66, 3466.29, 3457.61, 3431.30, 3424.45, 3421.53, 3421.14, 3421.56, 3421.60, 3421.85, 3421.85, 3421.95, 3421.98, 3421.98, 3421.97
