[2022-04-11 00:44:18.098] corpus.train_file_list: 1
[2022-04-11 00:44:18.098]         ../data/sample_500k/adolescent_train.txt
[2022-04-11 00:44:18.098] corpus.valid_file_list: 1
[2022-04-11 00:44:18.098]         ../data/sample_500k/adolescent_valid.txt
[2022-04-11 00:44:18.098] corpus.test_file_list: 2
[2022-04-11 00:44:18.098]         ../data/sample_500k/cbt_valid.txt
[2022-04-11 00:44:18.098]         ../data/sample_500k/adult_test.txt
[2022-04-11 00:44:18.098] corpus.subword_vocab_size: 500
[2022-04-11 00:44:18.099] corpus.subword_model.train(2 files)...
[2022-04-11 00:44:18.099]         ../data/sample_500k/adolescent_train.txt
[2022-04-11 00:44:18.099]         ../data/sample_500k/adolescent_valid.txt
[2022-04-11 00:44:18.617] corpus.subword_model.train(2 files)...Done
[2022-04-11 00:44:18.617] corpus tokenize...
[2022-04-11 00:44:21.883]         train tokens: 966940  ../data/sample_500k/adolescent_train.txt
[2022-04-11 00:44:22.582]         valid tokens: 223203  ../data/sample_500k/adolescent_valid.txt
[2022-04-11 00:44:23.051]         test  tokens: 192494  ../data/sample_500k/cbt_valid.txt
[2022-04-11 00:44:25.547]         test  tokens: 1249859  ../data/sample_500k/adult_test.txt
[2022-04-11 00:44:25.548] corpus.ntokens      : 496
[2022-04-11 00:44:25.548] corpus.char_count   : 118
[2022-04-11 00:44:25.548] corpus.char_cnt_dict: 118
[2022-04-11 00:44:25.548] corpus.char_id_dict : 118
[2022-04-11 00:44:25.561] corpus.batchify(1 files, batch_size=20)...
[2022-04-11 00:44:25.561]         tokens_all: 966940
[2022-04-11 00:44:25.562]         batched   :  48347
[2022-04-11 00:44:25.562]         ../data/sample_500k/adolescent_train.txt
[2022-04-11 00:44:25.567] corpus.batchify(1 files, batch_size=20)...
[2022-04-11 00:44:25.568]         tokens_all: 223203
[2022-04-11 00:44:25.568]         batched   :  11160
[2022-04-11 00:44:25.568]         ../data/sample_500k/adolescent_valid.txt
[2022-04-11 00:44:25.571] corpus.batchify(1 files, batch_size=20)...
[2022-04-11 00:44:25.572]         tokens_all: 192494
[2022-04-11 00:44:25.572]         batched   :   9624
[2022-04-11 00:44:25.572]         ../data/sample_500k/cbt_valid.txt
[2022-04-11 00:44:25.584] corpus.batchify(1 files, batch_size=20)...
[2022-04-11 00:44:25.584]         tokens_all: 1249859
[2022-04-11 00:44:25.584]         batched   :  62492
[2022-04-11 00:44:25.584]         ../data/sample_500k/adult_test.txt
[2022-04-11 00:44:25.595] RNNModel.rnn_type: LSTM
[2022-04-11 00:44:25.595] RNNModel.ntoken  : 496
[2022-04-11 00:44:25.595] RNNModel.ninp    : 200
[2022-04-11 00:44:25.595] RNNModel.nhid    : 200
[2022-04-11 00:44:25.595] RNNModel.nlayers : 2
[2022-04-11 00:44:25.595] RNNModel.dropout : 0.2
[2022-04-11 00:44:25.595] RNNModel.tie_weights: False
[2022-04-11 00:44:25.595] RNNModel.char_mode  : 
[2022-04-11 00:44:25.595] RNNModel.char_cnt   : 119
[2022-04-11 00:44:25.595] RNNModel.char_emsize: 25
[2022-04-11 00:44:25.595] RNNModel.char_nhid  : 200
[2022-04-11 00:44:25.595] RNNModel will not use char-encoding
[2022-04-11 00:44:25.598] Epoch 001/40 ==================================================
[2022-04-11 00:44:29.164] E001 |   200/1381 batches | lr 20.0000 | loss  5.373 | ppl    215.56
[2022-04-11 00:44:32.705] E001 |   400/1381 batches | lr 20.0000 | loss  4.965 | ppl    143.27
[2022-04-11 00:44:36.233] E001 |   600/1381 batches | lr 20.0000 | loss  4.604 | ppl     99.90
[2022-04-11 00:44:39.748] E001 |   800/1381 batches | lr 20.0000 | loss  4.325 | ppl     75.54
[2022-04-11 00:44:43.280] E001 |  1000/1381 batches | lr 20.0000 | loss  4.108 | ppl     60.83
[2022-04-11 00:44:46.791] E001 |  1200/1381 batches | lr 20.0000 | loss  3.961 | ppl     52.51
[2022-04-11 00:44:49.933] E001 |  1381/1381 batches | lr 20.0000 | loss  3.828 | ppl     45.95
[2022-04-11 00:44:53.863] End E001 | valid loss  3.913; ppl     50.03 | accu 0.2068 = 46144/223180
[2022-04-11 00:44:57.248] End E001 |  test loss  4.326; ppl     75.63 | accu 0.1347 = 25920/192460 ../data/sample_500k/cbt_valid.txt
[2022-04-11 00:45:19.026] End E001 |  test loss  4.675; ppl    107.28 | accu 0.0970 = 121284/1249820 ../data/sample_500k/adult_test.txt
[2022-04-11 00:45:19.027] Save: model.pt... 
[2022-04-11 00:45:19.038] Save: model.pt...Done. best_val_loss: 3.9127
[2022-04-11 00:45:19.038] Epoch 002/40 ==================================================
[2022-04-11 00:45:22.538] E002 |   200/1381 batches | lr 20.0000 | loss  3.795 | ppl     44.46
[2022-04-11 00:45:26.069] E002 |   400/1381 batches | lr 20.0000 | loss  3.739 | ppl     42.07
[2022-04-11 00:45:29.557] E002 |   600/1381 batches | lr 20.0000 | loss  3.689 | ppl     40.01
[2022-04-11 00:45:33.086] E002 |   800/1381 batches | lr 20.0000 | loss  3.620 | ppl     37.33
[2022-04-11 00:45:36.652] E002 |  1000/1381 batches | lr 20.0000 | loss  3.555 | ppl     34.98
[2022-04-11 00:45:40.196] E002 |  1200/1381 batches | lr 20.0000 | loss  3.535 | ppl     34.29
[2022-04-11 00:45:43.359] E002 |  1381/1381 batches | lr 20.0000 | loss  3.498 | ppl     33.05
[2022-04-11 00:45:47.332] End E002 | valid loss  3.637; ppl     37.99 | accu 0.2499 = 55767/223180
[2022-04-11 00:45:50.726] End E002 |  test loss  4.514; ppl     91.26 | accu 0.1499 = 28859/192460 ../data/sample_500k/cbt_valid.txt
[2022-04-11 00:46:12.660] End E002 |  test loss  5.133; ppl    169.51 | accu 0.1104 = 137979/1249820 ../data/sample_500k/adult_test.txt
[2022-04-11 00:46:12.661] Save: model.pt... 
[2022-04-11 00:46:12.670] Save: model.pt...Done. best_val_loss: 3.6374
[2022-04-11 00:46:12.670] Epoch 003/40 ==================================================
[2022-04-11 00:46:16.193] E003 |   200/1381 batches | lr 20.0000 | loss  3.525 | ppl     33.94
[2022-04-11 00:46:19.693] E003 |   400/1381 batches | lr 20.0000 | loss  3.521 | ppl     33.83
[2022-04-11 00:46:23.221] E003 |   600/1381 batches | lr 20.0000 | loss  3.497 | ppl     33.03
[2022-04-11 00:46:26.725] E003 |   800/1381 batches | lr 20.0000 | loss  3.462 | ppl     31.90
[2022-04-11 00:46:30.385] E003 |  1000/1381 batches | lr 20.0000 | loss  3.421 | ppl     30.60
[2022-04-11 00:46:33.873] E003 |  1200/1381 batches | lr 20.0000 | loss  3.422 | ppl     30.63
[2022-04-11 00:46:37.050] E003 |  1381/1381 batches | lr 20.0000 | loss  3.398 | ppl     29.91
[2022-04-11 00:46:40.995] End E003 | valid loss  3.594; ppl     36.38 | accu 0.2564 = 57219/223180
[2022-04-11 00:46:44.367] End E003 |  test loss  4.568; ppl     96.32 | accu 0.1617 = 31116/192460 ../data/sample_500k/cbt_valid.txt
[2022-04-11 00:47:06.286] End E003 |  test loss  5.385; ppl    218.13 | accu 0.1169 = 146048/1249820 ../data/sample_500k/adult_test.txt
[2022-04-11 00:47:06.287] Save: model.pt... 
[2022-04-11 00:47:06.297] Save: model.pt...Done. best_val_loss: 3.5940
[2022-04-11 00:47:06.297] Epoch 004/40 ==================================================
[2022-04-11 00:47:09.808] E004 |   200/1381 batches | lr 20.0000 | loss  3.435 | ppl     31.04
[2022-04-11 00:47:13.313] E004 |   400/1381 batches | lr 20.0000 | loss  3.435 | ppl     31.04
[2022-04-11 00:47:16.874] E004 |   600/1381 batches | lr 20.0000 | loss  3.417 | ppl     30.47
[2022-04-11 00:47:20.439] E004 |   800/1381 batches | lr 20.0000 | loss  3.399 | ppl     29.93
[2022-04-11 00:47:23.997] E004 |  1000/1381 batches | lr 20.0000 | loss  3.367 | ppl     28.99
[2022-04-11 00:47:27.542] E004 |  1200/1381 batches | lr 20.0000 | loss  3.372 | ppl     29.14
[2022-04-11 00:47:30.837] E004 |  1381/1381 batches | lr 20.0000 | loss  3.351 | ppl     28.54
[2022-04-11 00:47:34.780] End E004 | valid loss  3.507; ppl     33.34 | accu 0.2689 = 60009/223180
[2022-04-11 00:47:38.227] End E004 |  test loss  4.389; ppl     80.57 | accu 0.1680 = 32326/192460 ../data/sample_500k/cbt_valid.txt
[2022-04-11 00:48:00.381] End E004 |  test loss  4.973; ppl    144.48 | accu 0.1320 = 165022/1249820 ../data/sample_500k/adult_test.txt
[2022-04-11 00:48:00.381] Save: model.pt... 
[2022-04-11 00:48:00.391] Save: model.pt...Done. best_val_loss: 3.5069
[2022-04-11 00:48:00.391] Epoch 005/40 ==================================================
[2022-04-11 00:48:03.902] E005 |   200/1381 batches | lr 20.0000 | loss  3.383 | ppl     29.45
[2022-04-11 00:48:07.425] E005 |   400/1381 batches | lr 20.0000 | loss  3.395 | ppl     29.81
[2022-04-11 00:48:10.942] E005 |   600/1381 batches | lr 20.0000 | loss  3.380 | ppl     29.38
[2022-04-11 00:48:14.462] E005 |   800/1381 batches | lr 20.0000 | loss  3.364 | ppl     28.90
[2022-04-11 00:48:18.026] E005 |  1000/1381 batches | lr 20.0000 | loss  3.334 | ppl     28.06
[2022-04-11 00:48:21.556] E005 |  1200/1381 batches | lr 20.0000 | loss  3.345 | ppl     28.37
[2022-04-11 00:48:24.858] E005 |  1381/1381 batches | lr 20.0000 | loss  3.320 | ppl     27.65
[2022-04-11 00:48:28.838] End E005 | valid loss  3.491; ppl     32.80 | accu 0.2736 = 61052/223180
[2022-04-11 00:48:32.278] End E005 |  test loss  4.343; ppl     76.98 | accu 0.1726 = 33211/192460 ../data/sample_500k/cbt_valid.txt
[2022-04-11 00:48:54.310] End E005 |  test loss  4.976; ppl    144.96 | accu 0.1326 = 165763/1249820 ../data/sample_500k/adult_test.txt
[2022-04-11 00:48:54.310] Save: model.pt... 
[2022-04-11 00:48:54.320] Save: model.pt...Done. best_val_loss: 3.4905
[2022-04-11 00:48:54.320] Epoch 006/40 ==================================================
[2022-04-11 00:48:57.850] E006 |   200/1381 batches | lr 20.0000 | loss  3.363 | ppl     28.86
[2022-04-11 00:49:01.420] E006 |   400/1381 batches | lr 20.0000 | loss  3.372 | ppl     29.13
[2022-04-11 00:49:04.948] E006 |   600/1381 batches | lr 20.0000 | loss  3.359 | ppl     28.77
[2022-04-11 00:49:08.505] E006 |   800/1381 batches | lr 20.0000 | loss  3.345 | ppl     28.36
[2022-04-11 00:49:12.200] E006 |  1000/1381 batches | lr 20.0000 | loss  3.314 | ppl     27.49
[2022-04-11 00:49:15.816] E006 |  1200/1381 batches | lr 20.0000 | loss  3.324 | ppl     27.77
[2022-04-11 00:49:19.045] E006 |  1381/1381 batches | lr 20.0000 | loss  3.306 | ppl     27.26
[2022-04-11 00:49:23.073] End E006 | valid loss  3.473; ppl     32.25 | accu 0.2744 = 61237/223180
[2022-04-11 00:49:26.485] End E006 |  test loss  4.283; ppl     72.46 | accu 0.1721 = 33123/192460 ../data/sample_500k/cbt_valid.txt
[2022-04-11 00:49:48.532] End E006 |  test loss  4.851; ppl    127.85 | accu 0.1369 = 171149/1249820 ../data/sample_500k/adult_test.txt
[2022-04-11 00:49:48.532] Save: model.pt... 
[2022-04-11 00:49:48.542] Save: model.pt...Done. best_val_loss: 3.4734
[2022-04-11 00:49:48.542] Epoch 007/40 ==================================================
[2022-04-11 00:49:52.098] E007 |   200/1381 batches | lr 20.0000 | loss  3.352 | ppl     28.55
[2022-04-11 00:49:55.640] E007 |   400/1381 batches | lr 20.0000 | loss  3.354 | ppl     28.62
[2022-04-11 00:49:59.179] E007 |   600/1381 batches | lr 20.0000 | loss  3.348 | ppl     28.43
[2022-04-11 00:50:02.672] E007 |   800/1381 batches | lr 20.0000 | loss  3.329 | ppl     27.91
[2022-04-11 00:50:06.180] E007 |  1000/1381 batches | lr 20.0000 | loss  3.306 | ppl     27.28
[2022-04-11 00:50:09.669] E007 |  1200/1381 batches | lr 20.0000 | loss  3.316 | ppl     27.54
[2022-04-11 00:50:12.852] E007 |  1381/1381 batches | lr 20.0000 | loss  3.289 | ppl     26.83
[2022-04-11 00:50:16.801] End E007 | valid loss  3.631; ppl     37.76 | accu 0.2623 = 58535/223180
[2022-04-11 00:50:20.197] End E007 |  test loss  4.322; ppl     75.36 | accu 0.1791 = 34462/192460 ../data/sample_500k/cbt_valid.txt
[2022-04-11 00:50:42.261] End E007 |  test loss  4.930; ppl    138.38 | accu 0.1397 = 174548/1249820 ../data/sample_500k/adult_test.txt
[2022-04-11 00:50:42.261] Epoch 008/40 ==================================================
[2022-04-11 00:50:45.793] E008 |   200/1381 batches | lr 10.0000 | loss  3.297 | ppl     27.02
[2022-04-11 00:50:49.303] E008 |   400/1381 batches | lr 10.0000 | loss  3.279 | ppl     26.54
[2022-04-11 00:50:52.866] E008 |   600/1381 batches | lr 10.0000 | loss  3.244 | ppl     25.65
[2022-04-11 00:50:56.477] E008 |   800/1381 batches | lr 10.0000 | loss  3.218 | ppl     24.98
[2022-04-11 00:51:00.041] E008 |  1000/1381 batches | lr 10.0000 | loss  3.181 | ppl     24.06
[2022-04-11 00:51:03.628] E008 |  1200/1381 batches | lr 10.0000 | loss  3.186 | ppl     24.20
[2022-04-11 00:51:06.823] E008 |  1381/1381 batches | lr 10.0000 | loss  3.159 | ppl     23.54
[2022-04-11 00:51:10.801] End E008 | valid loss  3.361; ppl     28.81 | accu 0.2936 = 65528/223180
[2022-04-11 00:51:14.213] End E008 |  test loss  4.257; ppl     70.59 | accu 0.1902 = 36603/192460 ../data/sample_500k/cbt_valid.txt
[2022-04-11 00:51:36.310] End E008 |  test loss  4.881; ppl    131.82 | accu 0.1480 = 185029/1249820 ../data/sample_500k/adult_test.txt
[2022-04-11 00:51:36.311] Save: model.pt... 
[2022-04-11 00:51:36.320] Save: model.pt...Done. best_val_loss: 3.3606
[2022-04-11 00:51:36.321] Epoch 009/40 ==================================================
[2022-04-11 00:51:39.824] E009 |   200/1381 batches | lr 10.0000 | loss  3.215 | ppl     24.89
[2022-04-11 00:51:43.392] E009 |   400/1381 batches | lr 10.0000 | loss  3.223 | ppl     25.11
[2022-04-11 00:51:46.893] E009 |   600/1381 batches | lr 10.0000 | loss  3.199 | ppl     24.50
[2022-04-11 00:51:50.436] E009 |   800/1381 batches | lr 10.0000 | loss  3.182 | ppl     24.09
[2022-04-11 00:51:53.930] E009 |  1000/1381 batches | lr 10.0000 | loss  3.159 | ppl     23.55
[2022-04-11 00:51:57.450] E009 |  1200/1381 batches | lr 10.0000 | loss  3.162 | ppl     23.62
[2022-04-11 00:52:00.830] E009 |  1381/1381 batches | lr 10.0000 | loss  3.135 | ppl     22.99
[2022-04-11 00:52:04.808] End E009 | valid loss  3.348; ppl     28.44 | accu 0.2969 = 66257/223180
[2022-04-11 00:52:08.223] End E009 |  test loss  4.246; ppl     69.80 | accu 0.1907 = 36702/192460 ../data/sample_500k/cbt_valid.txt
[2022-04-11 00:52:30.320] End E009 |  test loss  4.822; ppl    124.16 | accu 0.1519 = 189813/1249820 ../data/sample_500k/adult_test.txt
[2022-04-11 00:52:30.320] Save: model.pt... 
[2022-04-11 00:52:30.331] Save: model.pt...Done. best_val_loss: 3.3477
[2022-04-11 00:52:30.331] Epoch 010/40 ==================================================
[2022-04-11 00:52:33.851] E010 |   200/1381 batches | lr 10.0000 | loss  3.190 | ppl     24.28
[2022-04-11 00:52:37.435] E010 |   400/1381 batches | lr 10.0000 | loss  3.196 | ppl     24.44
[2022-04-11 00:52:41.025] E010 |   600/1381 batches | lr 10.0000 | loss  3.182 | ppl     24.10
[2022-04-11 00:52:44.560] E010 |   800/1381 batches | lr 10.0000 | loss  3.165 | ppl     23.69
[2022-04-11 00:52:48.102] E010 |  1000/1381 batches | lr 10.0000 | loss  3.140 | ppl     23.11
[2022-04-11 00:52:51.723] E010 |  1200/1381 batches | lr 10.0000 | loss  3.145 | ppl     23.21
[2022-04-11 00:52:54.948] E010 |  1381/1381 batches | lr 10.0000 | loss  3.124 | ppl     22.73
[2022-04-11 00:52:58.938] End E010 | valid loss  3.335; ppl     28.08 | accu 0.2990 = 66730/223180
[2022-04-11 00:53:02.381] End E010 |  test loss  4.197; ppl     66.50 | accu 0.1945 = 37430/192460 ../data/sample_500k/cbt_valid.txt
[2022-04-11 00:53:24.580] End E010 |  test loss  4.791; ppl    120.36 | accu 0.1528 = 190964/1249820 ../data/sample_500k/adult_test.txt
[2022-04-11 00:53:24.580] Save: model.pt... 
[2022-04-11 00:53:24.590] Save: model.pt...Done. best_val_loss: 3.3349
[2022-04-11 00:53:24.590] Epoch 011/40 ==================================================
[2022-04-11 00:53:28.218] E011 |   200/1381 batches | lr 10.0000 | loss  3.170 | ppl     23.81
[2022-04-11 00:53:31.755] E011 |   400/1381 batches | lr 10.0000 | loss  3.185 | ppl     24.16
[2022-04-11 00:53:35.289] E011 |   600/1381 batches | lr 10.0000 | loss  3.163 | ppl     23.65
[2022-04-11 00:53:38.798] E011 |   800/1381 batches | lr 10.0000 | loss  3.154 | ppl     23.43
[2022-04-11 00:53:42.332] E011 |  1000/1381 batches | lr 10.0000 | loss  3.126 | ppl     22.77
[2022-04-11 00:53:45.852] E011 |  1200/1381 batches | lr 10.0000 | loss  3.135 | ppl     22.99
[2022-04-11 00:53:49.057] E011 |  1381/1381 batches | lr 10.0000 | loss  3.109 | ppl     22.40
[2022-04-11 00:53:52.998] End E011 | valid loss  3.329; ppl     27.90 | accu 0.2993 = 66808/223180
[2022-04-11 00:53:56.396] End E011 |  test loss  4.295; ppl     73.34 | accu 0.1936 = 37254/192460 ../data/sample_500k/cbt_valid.txt
[2022-04-11 00:54:18.360] End E011 |  test loss  4.945; ppl    140.45 | accu 0.1501 = 187538/1249820 ../data/sample_500k/adult_test.txt
[2022-04-11 00:54:18.360] Save: model.pt... 
[2022-04-11 00:54:18.370] Save: model.pt...Done. best_val_loss: 3.3287
[2022-04-11 00:54:18.370] Epoch 012/40 ==================================================
[2022-04-11 00:54:21.958] E012 |   200/1381 batches | lr 10.0000 | loss  3.159 | ppl     23.56
[2022-04-11 00:54:25.538] E012 |   400/1381 batches | lr 10.0000 | loss  3.172 | ppl     23.86
[2022-04-11 00:54:29.064] E012 |   600/1381 batches | lr 10.0000 | loss  3.156 | ppl     23.47
[2022-04-11 00:54:32.599] E012 |   800/1381 batches | lr 10.0000 | loss  3.142 | ppl     23.15
[2022-04-11 00:54:36.217] E012 |  1000/1381 batches | lr 10.0000 | loss  3.116 | ppl     22.56
[2022-04-11 00:54:39.761] E012 |  1200/1381 batches | lr 10.0000 | loss  3.127 | ppl     22.82
[2022-04-11 00:54:43.001] E012 |  1381/1381 batches | lr 10.0000 | loss  3.106 | ppl     22.33
[2022-04-11 00:54:47.019] End E012 | valid loss  3.336; ppl     28.11 | accu 0.2982 = 66561/223180
[2022-04-11 00:54:50.433] End E012 |  test loss  4.104; ppl     60.59 | accu 0.1998 = 38459/192460 ../data/sample_500k/cbt_valid.txt
[2022-04-11 00:55:12.540] End E012 |  test loss  4.676; ppl    107.33 | accu 0.1585 = 198157/1249820 ../data/sample_500k/adult_test.txt
[2022-04-11 00:55:12.540] Epoch 013/40 ==================================================
[2022-04-11 00:55:16.065] E013 |   200/1381 batches | lr 5.0000 | loss  3.140 | ppl     23.09
[2022-04-11 00:55:19.592] E013 |   400/1381 batches | lr 5.0000 | loss  3.138 | ppl     23.07
[2022-04-11 00:55:23.107] E013 |   600/1381 batches | lr 5.0000 | loss  3.110 | ppl     22.42
[2022-04-11 00:55:26.617] E013 |   800/1381 batches | lr 5.0000 | loss  3.088 | ppl     21.93
[2022-04-11 00:55:30.116] E013 |  1000/1381 batches | lr 5.0000 | loss  3.061 | ppl     21.35
[2022-04-11 00:55:33.661] E013 |  1200/1381 batches | lr 5.0000 | loss  3.064 | ppl     21.42
[2022-04-11 00:55:36.829] E013 |  1381/1381 batches | lr 5.0000 | loss  3.041 | ppl     20.93
[2022-04-11 00:55:40.777] End E013 | valid loss  3.287; ppl     26.76 | accu 0.3071 = 68537/223180
[2022-04-11 00:55:44.149] End E013 |  test loss  4.304; ppl     73.99 | accu 0.1963 = 37788/192460 ../data/sample_500k/cbt_valid.txt
[2022-04-11 00:56:06.172] End E013 |  test loss  4.908; ppl    135.34 | accu 0.1562 = 195282/1249820 ../data/sample_500k/adult_test.txt
[2022-04-11 00:56:06.173] Save: model.pt... 
[2022-04-11 00:56:06.182] Save: model.pt...Done. best_val_loss: 3.2869
[2022-04-11 00:56:06.182] Epoch 014/40 ==================================================
[2022-04-11 00:56:09.743] E014 |   200/1381 batches | lr 5.0000 | loss  3.099 | ppl     22.17
[2022-04-11 00:56:13.323] E014 |   400/1381 batches | lr 5.0000 | loss  3.110 | ppl     22.41
[2022-04-11 00:56:16.825] E014 |   600/1381 batches | lr 5.0000 | loss  3.092 | ppl     22.02
[2022-04-11 00:56:20.392] E014 |   800/1381 batches | lr 5.0000 | loss  3.071 | ppl     21.57
[2022-04-11 00:56:23.931] E014 |  1000/1381 batches | lr 5.0000 | loss  3.047 | ppl     21.06
[2022-04-11 00:56:27.474] E014 |  1200/1381 batches | lr 5.0000 | loss  3.053 | ppl     21.19
[2022-04-11 00:56:30.741] E014 |  1381/1381 batches | lr 5.0000 | loss  3.031 | ppl     20.71
[2022-04-11 00:56:34.720] End E014 | valid loss  3.283; ppl     26.66 | accu 0.3082 = 68773/223180
[2022-04-11 00:56:38.127] End E014 |  test loss  4.373; ppl     79.26 | accu 0.1960 = 37727/192460 ../data/sample_500k/cbt_valid.txt
[2022-04-11 00:57:00.397] End E014 |  test loss  5.036; ppl    153.88 | accu 0.1544 = 192916/1249820 ../data/sample_500k/adult_test.txt
[2022-04-11 00:57:00.397] Save: model.pt... 
[2022-04-11 00:57:00.407] Save: model.pt...Done. best_val_loss: 3.2832
[2022-04-11 00:57:00.407] Epoch 015/40 ==================================================
[2022-04-11 00:57:03.936] E015 |   200/1381 batches | lr 5.0000 | loss  3.085 | ppl     21.87
[2022-04-11 00:57:07.468] E015 |   400/1381 batches | lr 5.0000 | loss  3.098 | ppl     22.15
[2022-04-11 00:57:11.048] E015 |   600/1381 batches | lr 5.0000 | loss  3.074 | ppl     21.63
[2022-04-11 00:57:14.560] E015 |   800/1381 batches | lr 5.0000 | loss  3.057 | ppl     21.27
[2022-04-11 00:57:18.100] E015 |  1000/1381 batches | lr 5.0000 | loss  3.039 | ppl     20.88
[2022-04-11 00:57:21.604] E015 |  1200/1381 batches | lr 5.0000 | loss  3.047 | ppl     21.04
[2022-04-11 00:57:24.787] E015 |  1381/1381 batches | lr 5.0000 | loss  3.025 | ppl     20.59
[2022-04-11 00:57:28.716] End E015 | valid loss  3.276; ppl     26.48 | accu 0.3094 = 69060/223180
[2022-04-11 00:57:32.114] End E015 |  test loss  4.343; ppl     76.94 | accu 0.1992 = 38344/192460 ../data/sample_500k/cbt_valid.txt
[2022-04-11 00:57:54.012] End E015 |  test loss  4.995; ppl    147.71 | accu 0.1563 = 195321/1249820 ../data/sample_500k/adult_test.txt
[2022-04-11 00:57:54.012] Save: model.pt... 
[2022-04-11 00:57:54.023] Save: model.pt...Done. best_val_loss: 3.2765
[2022-04-11 00:57:54.023] Epoch 016/40 ==================================================
[2022-04-11 00:57:57.551] E016 |   200/1381 batches | lr 5.0000 | loss  3.077 | ppl     21.70
[2022-04-11 00:58:01.085] E016 |   400/1381 batches | lr 5.0000 | loss  3.088 | ppl     21.92
[2022-04-11 00:58:04.607] E016 |   600/1381 batches | lr 5.0000 | loss  3.071 | ppl     21.57
[2022-04-11 00:58:08.143] E016 |   800/1381 batches | lr 5.0000 | loss  3.055 | ppl     21.22
[2022-04-11 00:58:11.673] E016 |  1000/1381 batches | lr 5.0000 | loss  3.035 | ppl     20.80
[2022-04-11 00:58:15.196] E016 |  1200/1381 batches | lr 5.0000 | loss  3.042 | ppl     20.95
[2022-04-11 00:58:18.369] E016 |  1381/1381 batches | lr 5.0000 | loss  3.023 | ppl     20.55
[2022-04-11 00:58:22.433] End E016 | valid loss  3.269; ppl     26.29 | accu 0.3104 = 69283/223180
[2022-04-11 00:58:25.867] End E016 |  test loss  4.296; ppl     73.41 | accu 0.2005 = 38581/192460 ../data/sample_500k/cbt_valid.txt
[2022-04-11 00:58:48.007] End E016 |  test loss  4.934; ppl    138.97 | accu 0.1568 = 196026/1249820 ../data/sample_500k/adult_test.txt
[2022-04-11 00:58:48.008] Save: model.pt... 
[2022-04-11 00:58:48.017] Save: model.pt...Done. best_val_loss: 3.2691
[2022-04-11 00:58:48.018] Epoch 017/40 ==================================================
[2022-04-11 00:58:51.567] E017 |   200/1381 batches | lr 5.0000 | loss  3.072 | ppl     21.58
[2022-04-11 00:58:55.161] E017 |   400/1381 batches | lr 5.0000 | loss  3.084 | ppl     21.84
[2022-04-11 00:58:58.668] E017 |   600/1381 batches | lr 5.0000 | loss  3.062 | ppl     21.37
[2022-04-11 00:59:02.241] E017 |   800/1381 batches | lr 5.0000 | loss  3.046 | ppl     21.02
[2022-04-11 00:59:05.730] E017 |  1000/1381 batches | lr 5.0000 | loss  3.026 | ppl     20.60
[2022-04-11 00:59:09.232] E017 |  1200/1381 batches | lr 5.0000 | loss  3.038 | ppl     20.86
[2022-04-11 00:59:12.433] E017 |  1381/1381 batches | lr 5.0000 | loss  3.015 | ppl     20.39
[2022-04-11 00:59:16.351] End E017 | valid loss  3.263; ppl     26.14 | accu 0.3101 = 69199/223180
[2022-04-11 00:59:19.710] End E017 |  test loss  4.220; ppl     68.01 | accu 0.2023 = 38944/192460 ../data/sample_500k/cbt_valid.txt
[2022-04-11 00:59:41.515] End E017 |  test loss  4.833; ppl    125.57 | accu 0.1597 = 199575/1249820 ../data/sample_500k/adult_test.txt
[2022-04-11 00:59:41.515] Save: model.pt... 
[2022-04-11 00:59:41.524] Save: model.pt...Done. best_val_loss: 3.2634
[2022-04-11 00:59:41.525] Epoch 018/40 ==================================================
[2022-04-11 00:59:45.111] E018 |   200/1381 batches | lr 5.0000 | loss  3.061 | ppl     21.35
[2022-04-11 00:59:48.616] E018 |   400/1381 batches | lr 5.0000 | loss  3.077 | ppl     21.70
[2022-04-11 00:59:52.232] E018 |   600/1381 batches | lr 5.0000 | loss  3.059 | ppl     21.30
[2022-04-11 00:59:55.754] E018 |   800/1381 batches | lr 5.0000 | loss  3.040 | ppl     20.91
[2022-04-11 00:59:59.307] E018 |  1000/1381 batches | lr 5.0000 | loss  3.024 | ppl     20.57
[2022-04-11 01:00:02.878] E018 |  1200/1381 batches | lr 5.0000 | loss  3.028 | ppl     20.66
[2022-04-11 01:00:06.054] E018 |  1381/1381 batches | lr 5.0000 | loss  3.009 | ppl     20.26
[2022-04-11 01:00:10.045] End E018 | valid loss  3.263; ppl     26.12 | accu 0.3115 = 69515/223180
[2022-04-11 01:00:13.463] End E018 |  test loss  4.312; ppl     74.59 | accu 0.2004 = 38567/192460 ../data/sample_500k/cbt_valid.txt
[2022-04-11 01:00:35.655] End E018 |  test loss  4.928; ppl    138.06 | accu 0.1588 = 198426/1249820 ../data/sample_500k/adult_test.txt
[2022-04-11 01:00:35.656] Save: model.pt... 
[2022-04-11 01:00:35.666] Save: model.pt...Done. best_val_loss: 3.2627
[2022-04-11 01:00:35.666] Epoch 019/40 ==================================================
[2022-04-11 01:00:39.192] E019 |   200/1381 batches | lr 5.0000 | loss  3.056 | ppl     21.24
[2022-04-11 01:00:42.716] E019 |   400/1381 batches | lr 5.0000 | loss  3.070 | ppl     21.54
[2022-04-11 01:00:46.276] E019 |   600/1381 batches | lr 5.0000 | loss  3.050 | ppl     21.13
[2022-04-11 01:00:49.810] E019 |   800/1381 batches | lr 5.0000 | loss  3.038 | ppl     20.87
[2022-04-11 01:00:53.361] E019 |  1000/1381 batches | lr 5.0000 | loss  3.018 | ppl     20.45
[2022-04-11 01:00:56.927] E019 |  1200/1381 batches | lr 5.0000 | loss  3.025 | ppl     20.59
[2022-04-11 01:01:00.103] E019 |  1381/1381 batches | lr 5.0000 | loss  3.008 | ppl     20.25
[2022-04-11 01:01:04.019] End E019 | valid loss  3.266; ppl     26.22 | accu 0.3105 = 69291/223180
[2022-04-11 01:01:07.407] End E019 |  test loss  4.329; ppl     75.86 | accu 0.1994 = 38373/192460 ../data/sample_500k/cbt_valid.txt
[2022-04-11 01:01:29.241] End E019 |  test loss  4.918; ppl    136.80 | accu 0.1592 = 198973/1249820 ../data/sample_500k/adult_test.txt
[2022-04-11 01:01:29.241] Epoch 020/40 ==================================================
[2022-04-11 01:01:32.745] E020 |   200/1381 batches | lr 2.5000 | loss  3.051 | ppl     21.14
[2022-04-11 01:01:36.320] E020 |   400/1381 batches | lr 2.5000 | loss  3.060 | ppl     21.33
[2022-04-11 01:01:39.823] E020 |   600/1381 batches | lr 2.5000 | loss  3.036 | ppl     20.81
[2022-04-11 01:01:43.357] E020 |   800/1381 batches | lr 2.5000 | loss  3.011 | ppl     20.30
[2022-04-11 01:01:46.914] E020 |  1000/1381 batches | lr 2.5000 | loss  2.986 | ppl     19.80
[2022-04-11 01:01:50.477] E020 |  1200/1381 batches | lr 2.5000 | loss  2.993 | ppl     19.95
[2022-04-11 01:01:53.640] E020 |  1381/1381 batches | lr 2.5000 | loss  2.968 | ppl     19.45
[2022-04-11 01:01:57.616] End E020 | valid loss  3.244; ppl     25.63 | accu 0.3140 = 70089/223180
[2022-04-11 01:02:01.042] End E020 |  test loss  4.341; ppl     76.76 | accu 0.2020 = 38876/192460 ../data/sample_500k/cbt_valid.txt
[2022-04-11 01:02:23.109] End E020 |  test loss  4.976; ppl    144.87 | accu 0.1586 = 198201/1249820 ../data/sample_500k/adult_test.txt
[2022-04-11 01:02:23.109] Save: model.pt... 
[2022-04-11 01:02:23.119] Save: model.pt...Done. best_val_loss: 3.2437
[2022-04-11 01:02:23.119] Epoch 021/40 ==================================================
[2022-04-11 01:02:26.652] E021 |   200/1381 batches | lr 2.5000 | loss  3.035 | ppl     20.79
[2022-04-11 01:02:30.220] E021 |   400/1381 batches | lr 2.5000 | loss  3.046 | ppl     21.02
[2022-04-11 01:02:33.755] E021 |   600/1381 batches | lr 2.5000 | loss  3.020 | ppl     20.48
[2022-04-11 01:02:37.305] E021 |   800/1381 batches | lr 2.5000 | loss  3.006 | ppl     20.20
[2022-04-11 01:02:40.787] E021 |  1000/1381 batches | lr 2.5000 | loss  2.983 | ppl     19.75
[2022-04-11 01:02:44.311] E021 |  1200/1381 batches | lr 2.5000 | loss  2.994 | ppl     19.96
[2022-04-11 01:02:47.522] E021 |  1381/1381 batches | lr 2.5000 | loss  2.968 | ppl     19.46
[2022-04-11 01:02:51.491] End E021 | valid loss  3.243; ppl     25.60 | accu 0.3149 = 70270/223180
[2022-04-11 01:02:54.877] End E021 |  test loss  4.342; ppl     76.83 | accu 0.2026 = 38983/192460 ../data/sample_500k/cbt_valid.txt
[2022-04-11 01:03:16.802] End E021 |  test loss  4.984; ppl    146.02 | accu 0.1588 = 198462/1249820 ../data/sample_500k/adult_test.txt
[2022-04-11 01:03:16.803] Save: model.pt... 
[2022-04-11 01:03:16.812] Save: model.pt...Done. best_val_loss: 3.2427
[2022-04-11 01:03:16.812] Epoch 022/40 ==================================================
[2022-04-11 01:03:20.324] E022 |   200/1381 batches | lr 2.5000 | loss  3.023 | ppl     20.55
[2022-04-11 01:03:23.860] E022 |   400/1381 batches | lr 2.5000 | loss  3.037 | ppl     20.85
[2022-04-11 01:03:27.379] E022 |   600/1381 batches | lr 2.5000 | loss  3.017 | ppl     20.43
[2022-04-11 01:03:30.911] E022 |   800/1381 batches | lr 2.5000 | loss  2.997 | ppl     20.03
[2022-04-11 01:03:34.431] E022 |  1000/1381 batches | lr 2.5000 | loss  2.979 | ppl     19.66
[2022-04-11 01:03:37.993] E022 |  1200/1381 batches | lr 2.5000 | loss  2.989 | ppl     19.86
[2022-04-11 01:03:41.225] E022 |  1381/1381 batches | lr 2.5000 | loss  2.968 | ppl     19.45
[2022-04-11 01:03:45.211] End E022 | valid loss  3.242; ppl     25.57 | accu 0.3153 = 70360/223180
[2022-04-11 01:03:48.636] End E022 |  test loss  4.380; ppl     79.84 | accu 0.2010 = 38684/192460 ../data/sample_500k/cbt_valid.txt
[2022-04-11 01:04:10.774] End E022 |  test loss  4.996; ppl    147.85 | accu 0.1588 = 198490/1249820 ../data/sample_500k/adult_test.txt
[2022-04-11 01:04:10.774] Save: model.pt... 
[2022-04-11 01:04:10.781] Save: model.pt...Done. best_val_loss: 3.2416
[2022-04-11 01:04:10.781] Epoch 023/40 ==================================================
[2022-04-11 01:04:14.303] E023 |   200/1381 batches | lr 2.5000 | loss  3.021 | ppl     20.51
[2022-04-11 01:04:17.809] E023 |   400/1381 batches | lr 2.5000 | loss  3.034 | ppl     20.79
[2022-04-11 01:04:21.381] E023 |   600/1381 batches | lr 2.5000 | loss  3.010 | ppl     20.28
[2022-04-11 01:04:24.931] E023 |   800/1381 batches | lr 2.5000 | loss  3.000 | ppl     20.08
[2022-04-11 01:04:28.487] E023 |  1000/1381 batches | lr 2.5000 | loss  2.978 | ppl     19.64
[2022-04-11 01:04:31.966] E023 |  1200/1381 batches | lr 2.5000 | loss  2.984 | ppl     19.76
[2022-04-11 01:04:35.144] E023 |  1381/1381 batches | lr 2.5000 | loss  2.965 | ppl     19.40
[2022-04-11 01:04:39.085] End E023 | valid loss  3.239; ppl     25.52 | accu 0.3150 = 70300/223180
[2022-04-11 01:04:42.456] End E023 |  test loss  4.350; ppl     77.45 | accu 0.2030 = 39072/192460 ../data/sample_500k/cbt_valid.txt
[2022-04-11 01:05:04.346] End E023 |  test loss  4.983; ppl    145.91 | accu 0.1598 = 199669/1249820 ../data/sample_500k/adult_test.txt
[2022-04-11 01:05:04.346] Save: model.pt... 
[2022-04-11 01:05:04.356] Save: model.pt...Done. best_val_loss: 3.2394
[2022-04-11 01:05:04.356] Epoch 024/40 ==================================================
[2022-04-11 01:05:07.879] E024 |   200/1381 batches | lr 2.5000 | loss  3.015 | ppl     20.38
[2022-04-11 01:05:11.448] E024 |   400/1381 batches | lr 2.5000 | loss  3.029 | ppl     20.68
[2022-04-11 01:05:14.973] E024 |   600/1381 batches | lr 2.5000 | loss  3.007 | ppl     20.22
[2022-04-11 01:05:18.532] E024 |   800/1381 batches | lr 2.5000 | loss  2.990 | ppl     19.90
[2022-04-11 01:05:22.127] E024 |  1000/1381 batches | lr 2.5000 | loss  2.971 | ppl     19.52
[2022-04-11 01:05:25.780] E024 |  1200/1381 batches | lr 2.5000 | loss  2.985 | ppl     19.78
[2022-04-11 01:05:29.004] E024 |  1381/1381 batches | lr 2.5000 | loss  2.960 | ppl     19.29
[2022-04-11 01:05:32.974] End E024 | valid loss  3.235; ppl     25.39 | accu 0.3161 = 70556/223180
[2022-04-11 01:05:36.390] End E024 |  test loss  4.350; ppl     77.45 | accu 0.2028 = 39037/192460 ../data/sample_500k/cbt_valid.txt
[2022-04-11 01:05:58.471] End E024 |  test loss  4.988; ppl    146.65 | accu 0.1587 = 198294/1249820 ../data/sample_500k/adult_test.txt
[2022-04-11 01:05:58.471] Save: model.pt... 
[2022-04-11 01:05:58.481] Save: model.pt...Done. best_val_loss: 3.2345
[2022-04-11 01:05:58.481] Epoch 025/40 ==================================================
[2022-04-11 01:06:02.009] E025 |   200/1381 batches | lr 2.5000 | loss  3.014 | ppl     20.36
[2022-04-11 01:06:05.532] E025 |   400/1381 batches | lr 2.5000 | loss  3.026 | ppl     20.61
[2022-04-11 01:06:09.050] E025 |   600/1381 batches | lr 2.5000 | loss  3.005 | ppl     20.18
[2022-04-11 01:06:12.677] E025 |   800/1381 batches | lr 2.5000 | loss  2.988 | ppl     19.85
[2022-04-11 01:06:16.180] E025 |  1000/1381 batches | lr 2.5000 | loss  2.969 | ppl     19.48
[2022-04-11 01:06:19.682] E025 |  1200/1381 batches | lr 2.5000 | loss  2.979 | ppl     19.67
[2022-04-11 01:06:22.858] E025 |  1381/1381 batches | lr 2.5000 | loss  2.958 | ppl     19.27
[2022-04-11 01:06:26.818] End E025 | valid loss  3.235; ppl     25.40 | accu 0.3162 = 70562/223180
[2022-04-11 01:06:30.210] End E025 |  test loss  4.369; ppl     78.98 | accu 0.2024 = 38958/192460 ../data/sample_500k/cbt_valid.txt
[2022-04-11 01:06:52.130] End E025 |  test loss  4.998; ppl    148.12 | accu 0.1596 = 199440/1249820 ../data/sample_500k/adult_test.txt
[2022-04-11 01:06:52.130] Epoch 026/40 ==================================================
[2022-04-11 01:06:55.664] E026 |   200/1381 batches | lr 1.2500 | loss  3.005 | ppl     20.18
[2022-04-11 01:06:59.170] E026 |   400/1381 batches | lr 1.2500 | loss  3.020 | ppl     20.49
[2022-04-11 01:07:02.789] E026 |   600/1381 batches | lr 1.2500 | loss  2.992 | ppl     19.93
[2022-04-11 01:07:06.326] E026 |   800/1381 batches | lr 1.2500 | loss  2.977 | ppl     19.62
[2022-04-11 01:07:09.867] E026 |  1000/1381 batches | lr 1.2500 | loss  2.954 | ppl     19.19
[2022-04-11 01:07:13.461] E026 |  1200/1381 batches | lr 1.2500 | loss  2.962 | ppl     19.34
[2022-04-11 01:07:16.627] E026 |  1381/1381 batches | lr 1.2500 | loss  2.940 | ppl     18.92
[2022-04-11 01:07:20.676] End E026 | valid loss  3.229; ppl     25.25 | accu 0.3176 = 70872/223180
[2022-04-11 01:07:24.088] End E026 |  test loss  4.504; ppl     90.35 | accu 0.2014 = 38762/192460 ../data/sample_500k/cbt_valid.txt
[2022-04-11 01:07:46.270] End E026 |  test loss  5.197; ppl    180.67 | accu 0.1557 = 194580/1249820 ../data/sample_500k/adult_test.txt
[2022-04-11 01:07:46.270] Save: model.pt... 
[2022-04-11 01:07:46.280] Save: model.pt...Done. best_val_loss: 3.2287
[2022-04-11 01:07:46.280] Epoch 027/40 ==================================================
[2022-04-11 01:07:49.806] E027 |   200/1381 batches | lr 1.2500 | loss  2.998 | ppl     20.04
[2022-04-11 01:07:53.306] E027 |   400/1381 batches | lr 1.2500 | loss  3.010 | ppl     20.28
[2022-04-11 01:07:56.844] E027 |   600/1381 batches | lr 1.2500 | loss  2.989 | ppl     19.86
[2022-04-11 01:08:00.352] E027 |   800/1381 batches | lr 1.2500 | loss  2.975 | ppl     19.59
[2022-04-11 01:08:03.839] E027 |  1000/1381 batches | lr 1.2500 | loss  2.952 | ppl     19.15
[2022-04-11 01:08:07.341] E027 |  1200/1381 batches | lr 1.2500 | loss  2.960 | ppl     19.29
[2022-04-11 01:08:10.795] E027 |  1381/1381 batches | lr 1.2500 | loss  2.938 | ppl     18.88
[2022-04-11 01:08:14.966] End E027 | valid loss  3.226; ppl     25.18 | accu 0.3176 = 70876/223180
[2022-04-11 01:08:18.374] End E027 |  test loss  4.450; ppl     85.64 | accu 0.2025 = 38972/192460 ../data/sample_500k/cbt_valid.txt
[2022-04-11 01:08:40.376] End E027 |  test loss  5.136; ppl    169.97 | accu 0.1566 = 195728/1249820 ../data/sample_500k/adult_test.txt
[2022-04-11 01:08:40.376] Save: model.pt... 
[2022-04-11 01:08:40.386] Save: model.pt...Done. best_val_loss: 3.2260
[2022-04-11 01:08:40.386] Epoch 028/40 ==================================================
[2022-04-11 01:08:43.963] E028 |   200/1381 batches | lr 1.2500 | loss  2.998 | ppl     20.06
[2022-04-11 01:08:47.551] E028 |   400/1381 batches | lr 1.2500 | loss  3.012 | ppl     20.33
[2022-04-11 01:08:51.109] E028 |   600/1381 batches | lr 1.2500 | loss  2.988 | ppl     19.84
[2022-04-11 01:08:54.774] E028 |   800/1381 batches | lr 1.2500 | loss  2.974 | ppl     19.57
[2022-04-11 01:08:58.325] E028 |  1000/1381 batches | lr 1.2500 | loss  2.952 | ppl     19.14
[2022-04-11 01:09:01.947] E028 |  1200/1381 batches | lr 1.2500 | loss  2.956 | ppl     19.23
[2022-04-11 01:09:05.184] E028 |  1381/1381 batches | lr 1.2500 | loss  2.937 | ppl     18.85
[2022-04-11 01:09:09.146] End E028 | valid loss  3.227; ppl     25.20 | accu 0.3178 = 70918/223180
[2022-04-11 01:09:12.564] End E028 |  test loss  4.412; ppl     82.47 | accu 0.2032 = 39110/192460 ../data/sample_500k/cbt_valid.txt
[2022-04-11 01:09:34.683] End E028 |  test loss  5.085; ppl    161.63 | accu 0.1583 = 197862/1249820 ../data/sample_500k/adult_test.txt
[2022-04-11 01:09:34.684] Epoch 029/40 ==================================================
[2022-04-11 01:09:38.243] E029 |   200/1381 batches | lr 0.6250 | loss  2.995 | ppl     19.98
[2022-04-11 01:09:41.850] E029 |   400/1381 batches | lr 0.6250 | loss  3.006 | ppl     20.21
[2022-04-11 01:09:45.414] E029 |   600/1381 batches | lr 0.6250 | loss  2.980 | ppl     19.69
[2022-04-11 01:09:48.928] E029 |   800/1381 batches | lr 0.6250 | loss  2.966 | ppl     19.41
[2022-04-11 01:09:52.433] E029 |  1000/1381 batches | lr 0.6250 | loss  2.942 | ppl     18.96
[2022-04-11 01:09:55.947] E029 |  1200/1381 batches | lr 0.6250 | loss  2.950 | ppl     19.11
[2022-04-11 01:09:59.125] E029 |  1381/1381 batches | lr 0.6250 | loss  2.927 | ppl     18.67
[2022-04-11 01:10:03.070] End E029 | valid loss  3.223; ppl     25.10 | accu 0.3185 = 71092/223180
[2022-04-11 01:10:06.456] End E029 |  test loss  4.450; ppl     85.65 | accu 0.2017 = 38819/192460 ../data/sample_500k/cbt_valid.txt
[2022-04-11 01:10:28.454] End E029 |  test loss  5.124; ppl    167.95 | accu 0.1574 = 196662/1249820 ../data/sample_500k/adult_test.txt
[2022-04-11 01:10:28.454] Save: model.pt... 
[2022-04-11 01:10:28.464] Save: model.pt...Done. best_val_loss: 3.2231
[2022-04-11 01:10:28.464] Epoch 030/40 ==================================================
[2022-04-11 01:10:32.118] E030 |   200/1381 batches | lr 0.6250 | loss  2.993 | ppl     19.94
[2022-04-11 01:10:35.654] E030 |   400/1381 batches | lr 0.6250 | loss  3.004 | ppl     20.16
[2022-04-11 01:10:39.181] E030 |   600/1381 batches | lr 0.6250 | loss  2.976 | ppl     19.61
[2022-04-11 01:10:42.750] E030 |   800/1381 batches | lr 0.6250 | loss  2.964 | ppl     19.38
[2022-04-11 01:10:46.344] E030 |  1000/1381 batches | lr 0.6250 | loss  2.941 | ppl     18.94
[2022-04-11 01:10:49.920] E030 |  1200/1381 batches | lr 0.6250 | loss  2.949 | ppl     19.10
[2022-04-11 01:10:53.173] E030 |  1381/1381 batches | lr 0.6250 | loss  2.925 | ppl     18.63
[2022-04-11 01:10:57.238] End E030 | valid loss  3.222; ppl     25.07 | accu 0.3183 = 71048/223180
[2022-04-11 01:11:00.661] End E030 |  test loss  4.451; ppl     85.72 | accu 0.2028 = 39027/192460 ../data/sample_500k/cbt_valid.txt
[2022-04-11 01:11:22.785] End E030 |  test loss  5.134; ppl    169.77 | accu 0.1572 = 196415/1249820 ../data/sample_500k/adult_test.txt
[2022-04-11 01:11:22.786] Save: model.pt... 
[2022-04-11 01:11:22.795] Save: model.pt...Done. best_val_loss: 3.2217
[2022-04-11 01:11:22.796] Epoch 031/40 ==================================================
[2022-04-11 01:11:26.376] E031 |   200/1381 batches | lr 0.6250 | loss  2.985 | ppl     19.78
[2022-04-11 01:11:29.911] E031 |   400/1381 batches | lr 0.6250 | loss  2.998 | ppl     20.04
[2022-04-11 01:11:33.426] E031 |   600/1381 batches | lr 0.6250 | loss  2.976 | ppl     19.60
[2022-04-11 01:11:36.969] E031 |   800/1381 batches | lr 0.6250 | loss  2.964 | ppl     19.37
[2022-04-11 01:11:40.577] E031 |  1000/1381 batches | lr 0.6250 | loss  2.942 | ppl     18.95
[2022-04-11 01:11:44.079] E031 |  1200/1381 batches | lr 0.6250 | loss  2.948 | ppl     19.07
[2022-04-11 01:11:47.262] E031 |  1381/1381 batches | lr 0.6250 | loss  2.928 | ppl     18.68
[2022-04-11 01:11:51.199] End E031 | valid loss  3.221; ppl     25.05 | accu 0.3183 = 71040/223180
[2022-04-11 01:11:54.568] End E031 |  test loss  4.468; ppl     87.16 | accu 0.2024 = 38960/192460 ../data/sample_500k/cbt_valid.txt
[2022-04-11 01:12:16.684] End E031 |  test loss  5.151; ppl    172.57 | accu 0.1569 = 196135/1249820 ../data/sample_500k/adult_test.txt
[2022-04-11 01:12:16.685] Save: model.pt... 
[2022-04-11 01:12:16.694] Save: model.pt...Done. best_val_loss: 3.2208
[2022-04-11 01:12:16.695] Epoch 032/40 ==================================================
[2022-04-11 01:12:20.190] E032 |   200/1381 batches | lr 0.6250 | loss  2.985 | ppl     19.78
[2022-04-11 01:12:23.693] E032 |   400/1381 batches | lr 0.6250 | loss  2.997 | ppl     20.02
[2022-04-11 01:12:27.261] E032 |   600/1381 batches | lr 0.6250 | loss  2.977 | ppl     19.62
[2022-04-11 01:12:30.798] E032 |   800/1381 batches | lr 0.6250 | loss  2.961 | ppl     19.31
[2022-04-11 01:12:34.314] E032 |  1000/1381 batches | lr 0.6250 | loss  2.939 | ppl     18.89
[2022-04-11 01:12:37.872] E032 |  1200/1381 batches | lr 0.6250 | loss  2.951 | ppl     19.12
[2022-04-11 01:12:41.073] E032 |  1381/1381 batches | lr 0.6250 | loss  2.927 | ppl     18.67
[2022-04-11 01:12:45.020] End E032 | valid loss  3.220; ppl     25.03 | accu 0.3187 = 71131/223180
[2022-04-11 01:12:48.430] End E032 |  test loss  4.431; ppl     84.04 | accu 0.2033 = 39126/192460 ../data/sample_500k/cbt_valid.txt
[2022-04-11 01:13:10.663] End E032 |  test loss  5.114; ppl    166.36 | accu 0.1579 = 197387/1249820 ../data/sample_500k/adult_test.txt
[2022-04-11 01:13:10.663] Save: model.pt... 
[2022-04-11 01:13:10.673] Save: model.pt...Done. best_val_loss: 3.2199
[2022-04-11 01:13:10.673] Epoch 033/40 ==================================================
[2022-04-11 01:13:14.270] E033 |   200/1381 batches | lr 0.6250 | loss  2.984 | ppl     19.77
[2022-04-11 01:13:17.863] E033 |   400/1381 batches | lr 0.6250 | loss  2.994 | ppl     19.96
[2022-04-11 01:13:21.441] E033 |   600/1381 batches | lr 0.6250 | loss  2.972 | ppl     19.53
[2022-04-11 01:13:25.017] E033 |   800/1381 batches | lr 0.6250 | loss  2.957 | ppl     19.25
[2022-04-11 01:13:28.570] E033 |  1000/1381 batches | lr 0.6250 | loss  2.938 | ppl     18.88
[2022-04-11 01:13:32.135] E033 |  1200/1381 batches | lr 0.6250 | loss  2.949 | ppl     19.08
[2022-04-11 01:13:35.354] E033 |  1381/1381 batches | lr 0.6250 | loss  2.929 | ppl     18.70
[2022-04-11 01:13:39.300] End E033 | valid loss  3.221; ppl     25.05 | accu 0.3184 = 71053/223180
[2022-04-11 01:13:42.698] End E033 |  test loss  4.465; ppl     86.89 | accu 0.2024 = 38960/192460 ../data/sample_500k/cbt_valid.txt
[2022-04-11 01:14:04.732] End E033 |  test loss  5.135; ppl    169.82 | accu 0.1573 = 196626/1249820 ../data/sample_500k/adult_test.txt
[2022-04-11 01:14:04.732] Epoch 034/40 ==================================================
[2022-04-11 01:14:08.250] E034 |   200/1381 batches | lr 0.3125 | loss  2.981 | ppl     19.71
[2022-04-11 01:14:11.748] E034 |   400/1381 batches | lr 0.3125 | loss  2.991 | ppl     19.90
[2022-04-11 01:14:15.286] E034 |   600/1381 batches | lr 0.3125 | loss  2.968 | ppl     19.46
[2022-04-11 01:14:18.798] E034 |   800/1381 batches | lr 0.3125 | loss  2.957 | ppl     19.25
[2022-04-11 01:14:22.336] E034 |  1000/1381 batches | lr 0.3125 | loss  2.936 | ppl     18.85
[2022-04-11 01:14:25.935] E034 |  1200/1381 batches | lr 0.3125 | loss  2.940 | ppl     18.91
[2022-04-11 01:14:29.131] E034 |  1381/1381 batches | lr 0.3125 | loss  2.917 | ppl     18.49
[2022-04-11 01:14:33.111] End E034 | valid loss  3.219; ppl     25.01 | accu 0.3187 = 71133/223180
[2022-04-11 01:14:36.521] End E034 |  test loss  4.488; ppl     88.91 | accu 0.2024 = 38957/192460 ../data/sample_500k/cbt_valid.txt
[2022-04-11 01:14:58.590] End E034 |  test loss  5.169; ppl    175.69 | accu 0.1568 = 196026/1249820 ../data/sample_500k/adult_test.txt
[2022-04-11 01:14:58.590] Save: model.pt... 
[2022-04-11 01:14:58.602] Save: model.pt...Done. best_val_loss: 3.2192
[2022-04-11 01:14:58.603] Epoch 035/40 ==================================================
[2022-04-11 01:15:02.200] E035 |   200/1381 batches | lr 0.3125 | loss  2.979 | ppl     19.66
[2022-04-11 01:15:05.808] E035 |   400/1381 batches | lr 0.3125 | loss  2.992 | ppl     19.93
[2022-04-11 01:15:09.357] E035 |   600/1381 batches | lr 0.3125 | loss  2.970 | ppl     19.50
[2022-04-11 01:15:12.863] E035 |   800/1381 batches | lr 0.3125 | loss  2.951 | ppl     19.13
[2022-04-11 01:15:16.398] E035 |  1000/1381 batches | lr 0.3125 | loss  2.936 | ppl     18.84
[2022-04-11 01:15:19.898] E035 |  1200/1381 batches | lr 0.3125 | loss  2.942 | ppl     18.96
[2022-04-11 01:15:23.088] E035 |  1381/1381 batches | lr 0.3125 | loss  2.918 | ppl     18.50
[2022-04-11 01:15:27.032] End E035 | valid loss  3.218; ppl     24.97 | accu 0.3188 = 71157/223180
[2022-04-11 01:15:30.462] End E035 |  test loss  4.457; ppl     86.26 | accu 0.2035 = 39169/192460 ../data/sample_500k/cbt_valid.txt
[2022-04-11 01:15:52.611] End E035 |  test loss  5.138; ppl    170.34 | accu 0.1576 = 197016/1249820 ../data/sample_500k/adult_test.txt
[2022-04-11 01:15:52.611] Save: model.pt... 
[2022-04-11 01:15:52.621] Save: model.pt...Done. best_val_loss: 3.2177
[2022-04-11 01:15:52.621] Epoch 036/40 ==================================================
[2022-04-11 01:15:56.157] E036 |   200/1381 batches | lr 0.3125 | loss  2.977 | ppl     19.62
[2022-04-11 01:15:59.669] E036 |   400/1381 batches | lr 0.3125 | loss  2.992 | ppl     19.93
[2022-04-11 01:16:03.217] E036 |   600/1381 batches | lr 0.3125 | loss  2.966 | ppl     19.41
[2022-04-11 01:16:06.770] E036 |   800/1381 batches | lr 0.3125 | loss  2.952 | ppl     19.15
[2022-04-11 01:16:10.343] E036 |  1000/1381 batches | lr 0.3125 | loss  2.932 | ppl     18.76
[2022-04-11 01:16:13.868] E036 |  1200/1381 batches | lr 0.3125 | loss  2.943 | ppl     18.96
[2022-04-11 01:16:17.102] E036 |  1381/1381 batches | lr 0.3125 | loss  2.920 | ppl     18.55
[2022-04-11 01:16:21.051] End E036 | valid loss  3.217; ppl     24.96 | accu 0.3191 = 71222/223180
[2022-04-11 01:16:24.453] End E036 |  test loss  4.478; ppl     88.05 | accu 0.2027 = 39017/192460 ../data/sample_500k/cbt_valid.txt
[2022-04-11 01:16:46.504] End E036 |  test loss  5.168; ppl    175.48 | accu 0.1570 = 196190/1249820 ../data/sample_500k/adult_test.txt
[2022-04-11 01:16:46.504] Save: model.pt... 
[2022-04-11 01:16:46.514] Save: model.pt...Done. best_val_loss: 3.2173
[2022-04-11 01:16:46.514] Epoch 037/40 ==================================================
[2022-04-11 01:16:50.035] E037 |   200/1381 batches | lr 0.3125 | loss  2.978 | ppl     19.65
[2022-04-11 01:16:53.608] E037 |   400/1381 batches | lr 0.3125 | loss  2.992 | ppl     19.93
[2022-04-11 01:16:57.136] E037 |   600/1381 batches | lr 0.3125 | loss  2.969 | ppl     19.48
[2022-04-11 01:17:00.660] E037 |   800/1381 batches | lr 0.3125 | loss  2.953 | ppl     19.16
[2022-04-11 01:17:04.148] E037 |  1000/1381 batches | lr 0.3125 | loss  2.934 | ppl     18.80
[2022-04-11 01:17:07.662] E037 |  1200/1381 batches | lr 0.3125 | loss  2.943 | ppl     18.98
[2022-04-11 01:17:10.837] E037 |  1381/1381 batches | lr 0.3125 | loss  2.919 | ppl     18.53
[2022-04-11 01:17:14.761] End E037 | valid loss  3.218; ppl     24.97 | accu 0.3190 = 71192/223180
[2022-04-11 01:17:18.161] End E037 |  test loss  4.510; ppl     90.90 | accu 0.2026 = 38984/192460 ../data/sample_500k/cbt_valid.txt
[2022-04-11 01:17:40.154] End E037 |  test loss  5.200; ppl    181.23 | accu 0.1568 = 195973/1249820 ../data/sample_500k/adult_test.txt
[2022-04-11 01:17:40.154] Epoch 038/40 ==================================================
[2022-04-11 01:17:43.661] E038 |   200/1381 batches | lr 0.1562 | loss  2.976 | ppl     19.61
[2022-04-11 01:17:47.160] E038 |   400/1381 batches | lr 0.1562 | loss  2.992 | ppl     19.93
[2022-04-11 01:17:50.702] E038 |   600/1381 batches | lr 0.1562 | loss  2.965 | ppl     19.40
[2022-04-11 01:17:54.214] E038 |   800/1381 batches | lr 0.1562 | loss  2.954 | ppl     19.18
[2022-04-11 01:17:57.761] E038 |  1000/1381 batches | lr 0.1562 | loss  2.933 | ppl     18.79
[2022-04-11 01:18:01.549] E038 |  1200/1381 batches | lr 0.1562 | loss  2.936 | ppl     18.84
[2022-04-11 01:18:04.737] E038 |  1381/1381 batches | lr 0.1562 | loss  2.916 | ppl     18.48
[2022-04-11 01:18:08.693] End E038 | valid loss  3.216; ppl     24.94 | accu 0.3194 = 71275/223180
[2022-04-11 01:18:12.078] End E038 |  test loss  4.498; ppl     89.88 | accu 0.2031 = 39085/192460 ../data/sample_500k/cbt_valid.txt
[2022-04-11 01:18:34.214] End E038 |  test loss  5.190; ppl    179.41 | accu 0.1568 = 196033/1249820 ../data/sample_500k/adult_test.txt
[2022-04-11 01:18:34.215] Save: model.pt... 
[2022-04-11 01:18:34.225] Save: model.pt...Done. best_val_loss: 3.2163
[2022-04-11 01:18:34.225] Epoch 039/40 ==================================================
[2022-04-11 01:18:37.760] E039 |   200/1381 batches | lr 0.1562 | loss  2.972 | ppl     19.53
[2022-04-11 01:18:41.363] E039 |   400/1381 batches | lr 0.1562 | loss  2.990 | ppl     19.88
[2022-04-11 01:18:44.931] E039 |   600/1381 batches | lr 0.1562 | loss  2.968 | ppl     19.45
[2022-04-11 01:18:48.439] E039 |   800/1381 batches | lr 0.1562 | loss  2.951 | ppl     19.13
[2022-04-11 01:18:51.957] E039 |  1000/1381 batches | lr 0.1562 | loss  2.931 | ppl     18.75
[2022-04-11 01:18:55.467] E039 |  1200/1381 batches | lr 0.1562 | loss  2.937 | ppl     18.86
[2022-04-11 01:18:58.634] E039 |  1381/1381 batches | lr 0.1562 | loss  2.917 | ppl     18.48
[2022-04-11 01:19:02.565] End E039 | valid loss  3.216; ppl     24.94 | accu 0.3194 = 71286/223180
[2022-04-11 01:19:05.963] End E039 |  test loss  4.471; ppl     87.48 | accu 0.2032 = 39116/192460 ../data/sample_500k/cbt_valid.txt
[2022-04-11 01:19:27.922] End E039 |  test loss  5.152; ppl    172.77 | accu 0.1574 = 196733/1249820 ../data/sample_500k/adult_test.txt
[2022-04-11 01:19:27.923] Epoch 040/40 ==================================================
[2022-04-11 01:19:31.425] E040 |   200/1381 batches | lr 0.0781 | loss  2.973 | ppl     19.54
[2022-04-11 01:19:34.935] E040 |   400/1381 batches | lr 0.0781 | loss  2.988 | ppl     19.84
[2022-04-11 01:19:38.505] E040 |   600/1381 batches | lr 0.0781 | loss  2.965 | ppl     19.40
[2022-04-11 01:19:42.113] E040 |   800/1381 batches | lr 0.0781 | loss  2.949 | ppl     19.08
[2022-04-11 01:19:45.645] E040 |  1000/1381 batches | lr 0.0781 | loss  2.929 | ppl     18.70
[2022-04-11 01:19:49.185] E040 |  1200/1381 batches | lr 0.0781 | loss  2.937 | ppl     18.86
[2022-04-11 01:19:52.404] E040 |  1381/1381 batches | lr 0.0781 | loss  2.914 | ppl     18.42
[2022-04-11 01:19:56.460] End E040 | valid loss  3.216; ppl     24.92 | accu 0.3194 = 71282/223180
[2022-04-11 01:19:59.871] End E040 |  test loss  4.462; ppl     86.63 | accu 0.2033 = 39136/192460 ../data/sample_500k/cbt_valid.txt
[2022-04-11 01:20:21.932] End E040 |  test loss  5.134; ppl    169.77 | accu 0.1579 = 197296/1249820 ../data/sample_500k/adult_test.txt
[2022-04-11 01:20:21.932] Save: model.pt... 
[2022-04-11 01:20:21.942] Save: model.pt...Done. best_val_loss: 3.2155
[2022-04-11 01:20:25.391] End. test loss  4.46; ppl    86.63 | accu 0.2033 = 39136/192460 ../data/sample_500k/cbt_valid.txt
[2022-04-11 01:20:47.377] End. test loss  5.13; ppl   169.77 | accu 0.1579 = 197296/1249820 ../data/sample_500k/adult_test.txt
[2022-04-11 01:20:47.377] =========================================================================================
[2022-04-11 01:20:47.377] valid_loss
[2022-04-11 01:20:47.377]  3.91, 3.64, 3.59, 3.51, 3.49, 3.47, 3.63, 3.36, 3.35, 3.33, 3.33, 3.34, 3.29, 3.28, 3.28, 3.27, 3.26, 3.26, 3.27, 3.24, 3.24, 3.24, 3.24, 3.23, 3.23, 3.23, 3.23, 3.23, 3.22, 3.22, 3.22, 3.22, 3.22, 3.22, 3.22, 3.22, 3.22, 3.22, 3.22, 3.22
[2022-04-11 01:20:47.377] valid_loss ppl
[2022-04-11 01:20:47.377]    50.03,   37.99,   36.38,   33.34,   32.80,   32.25,   37.76,   28.81,   28.44,   28.08,   27.90,   28.11,   26.76,   26.66,   26.48,   26.29,   26.14,   26.12,   26.22,   25.63,   25.60,   25.57,   25.52,   25.39,   25.40,   25.25,   25.18,   25.20,   25.10,   25.07,   25.05,   25.03,   25.05,   25.01,   24.97,   24.96,   24.97,   24.94,   24.94,   24.92
[2022-04-11 01:20:47.377] test_loss of ../data/sample_500k/cbt_valid.txt
[2022-04-11 01:20:47.378]  4.33, 4.51, 4.57, 4.39, 4.34, 4.28, 4.32, 4.26, 4.25, 4.20, 4.30, 4.10, 4.30, 4.37, 4.34, 4.30, 4.22, 4.31, 4.33, 4.34, 4.34, 4.38, 4.35, 4.35, 4.37, 4.50, 4.45, 4.41, 4.45, 4.45, 4.47, 4.43, 4.46, 4.49, 4.46, 4.48, 4.51, 4.50, 4.47, 4.46
[2022-04-11 01:20:47.378] test_loss of ../data/sample_500k/cbt_valid.txt ppl
[2022-04-11 01:20:47.378]    75.63,   91.26,   96.32,   80.57,   76.98,   72.46,   75.36,   70.59,   69.80,   66.50,   73.34,   60.59,   73.99,   79.26,   76.94,   73.41,   68.01,   74.59,   75.86,   76.76,   76.83,   79.84,   77.45,   77.45,   78.98,   90.35,   85.64,   82.47,   85.65,   85.72,   87.16,   84.04,   86.89,   88.91,   86.26,   88.05,   90.90,   89.88,   87.48,   86.63
[2022-04-11 01:20:47.378] test_loss of ../data/sample_500k/adult_test.txt
[2022-04-11 01:20:47.378]  4.68, 5.13, 5.39, 4.97, 4.98, 4.85, 4.93, 4.88, 4.82, 4.79, 4.94, 4.68, 4.91, 5.04, 5.00, 4.93, 4.83, 4.93, 4.92, 4.98, 4.98, 5.00, 4.98, 4.99, 5.00, 5.20, 5.14, 5.09, 5.12, 5.13, 5.15, 5.11, 5.13, 5.17, 5.14, 5.17, 5.20, 5.19, 5.15, 5.13
[2022-04-11 01:20:47.378] test_loss of ../data/sample_500k/adult_test.txt ppl
[2022-04-11 01:20:47.378]   107.28,  169.51,  218.13,  144.48,  144.96,  127.85,  138.38,  131.82,  124.16,  120.36,  140.45,  107.33,  135.34,  153.88,  147.71,  138.97,  125.57,  138.06,  136.80,  144.87,  146.02,  147.85,  145.91,  146.65,  148.12,  180.67,  169.97,  161.63,  167.95,  169.77,  172.57,  166.36,  169.82,  175.69,  170.34,  175.48,  181.23,  179.41,  172.77,  169.77
