[2022-04-11 01:52:56.484] corpus.train_file_list: 1
[2022-04-11 01:52:56.485]         ../data/sample_500k/adolescent_train.txt
[2022-04-11 01:52:56.485] corpus.valid_file_list: 1
[2022-04-11 01:52:56.485]         ../data/sample_500k/adolescent_valid.txt
[2022-04-11 01:52:56.485] corpus.test_file_list: 2
[2022-04-11 01:52:56.485]         ../data/sample_500k/cbt_valid.txt
[2022-04-11 01:52:56.485]         ../data/sample_500k/adult_test.txt
[2022-04-11 01:52:56.485] corpus.subword_vocab_size: 5000
[2022-04-11 01:52:56.485] corpus.subword_model.train(2 files)...
[2022-04-11 01:52:56.485]         ../data/sample_500k/adolescent_train.txt
[2022-04-11 01:52:56.485]         ../data/sample_500k/adolescent_valid.txt
[2022-04-11 01:52:57.496] corpus.subword_model.train(2 files)...Done
[2022-04-11 01:52:57.496] corpus tokenize...
[2022-04-11 01:53:00.408]         train tokens: 651749  ../data/sample_500k/adolescent_train.txt
[2022-04-11 01:53:01.060]         valid tokens: 154444  ../data/sample_500k/adolescent_valid.txt
[2022-04-11 01:53:01.498]         test  tokens: 137312  ../data/sample_500k/cbt_valid.txt
[2022-04-11 01:53:03.614]         test  tokens: 845133  ../data/sample_500k/adult_test.txt
[2022-04-11 01:53:03.615] corpus.ntokens      : 4946
[2022-04-11 01:53:03.615] corpus.char_count   : 118
[2022-04-11 01:53:03.615] corpus.char_cnt_dict: 118
[2022-04-11 01:53:03.615] corpus.char_id_dict : 118
[2022-04-11 01:53:03.625] corpus.batchify(1 files, batch_size=20)...
[2022-04-11 01:53:03.625]         tokens_all: 651749
[2022-04-11 01:53:03.625]         batched   :  32587
[2022-04-11 01:53:03.625]         ../data/sample_500k/adolescent_train.txt
[2022-04-11 01:53:03.630] corpus.batchify(1 files, batch_size=20)...
[2022-04-11 01:53:03.630]         tokens_all: 154444
[2022-04-11 01:53:03.630]         batched   :   7722
[2022-04-11 01:53:03.630]         ../data/sample_500k/adolescent_valid.txt
[2022-04-11 01:53:03.632] corpus.batchify(1 files, batch_size=20)...
[2022-04-11 01:53:03.632]         tokens_all: 137312
[2022-04-11 01:53:03.632]         batched   :   6865
[2022-04-11 01:53:03.632]         ../data/sample_500k/cbt_valid.txt
[2022-04-11 01:53:03.641] corpus.batchify(1 files, batch_size=20)...
[2022-04-11 01:53:03.641]         tokens_all: 845133
[2022-04-11 01:53:03.641]         batched   :  42256
[2022-04-11 01:53:03.641]         ../data/sample_500k/adult_test.txt
[2022-04-11 01:53:03.679] RNNModel.rnn_type: LSTM
[2022-04-11 01:53:03.679] RNNModel.ntoken  : 4946
[2022-04-11 01:53:03.679] RNNModel.ninp    : 200
[2022-04-11 01:53:03.679] RNNModel.nhid    : 200
[2022-04-11 01:53:03.680] RNNModel.nlayers : 2
[2022-04-11 01:53:03.680] RNNModel.dropout : 0.2
[2022-04-11 01:53:03.680] RNNModel.tie_weights: False
[2022-04-11 01:53:03.680] RNNModel.char_mode  : 
[2022-04-11 01:53:03.680] RNNModel.char_cnt   : 119
[2022-04-11 01:53:03.680] RNNModel.char_emsize: 25
[2022-04-11 01:53:03.680] RNNModel.char_nhid  : 200
[2022-04-11 01:53:03.680] RNNModel will not use char-encoding
[2022-04-11 01:53:03.684] Epoch 001/40 ==================================================
[2022-04-11 01:53:07.539] E001 |   200/931 batches | lr 20.0000 | loss  6.679 | ppl    795.49
[2022-04-11 01:53:11.335] E001 |   400/931 batches | lr 20.0000 | loss  6.055 | ppl    426.38
[2022-04-11 01:53:15.153] E001 |   600/931 batches | lr 20.0000 | loss  5.632 | ppl    279.24
[2022-04-11 01:53:18.938] E001 |   800/931 batches | lr 20.0000 | loss  5.312 | ppl    202.71
[2022-04-11 01:53:21.432] E001 |   931/931 batches | lr 20.0000 | loss  5.229 | ppl    186.55
[2022-04-11 01:53:24.259] End E001 | valid loss  5.381; ppl    217.16 | accu 0.1474 = 22762/154420
[2022-04-11 01:53:26.835] End E001 |  test loss  5.872; ppl    354.84 | accu 0.0997 = 13681/137280 ../data/sample_500k/cbt_valid.txt
[2022-04-11 01:53:42.690] End E001 |  test loss  6.645; ppl    769.13 | accu 0.0491 = 41521/845100 ../data/sample_500k/adult_test.txt
[2022-04-11 01:53:42.690] Save: model.pt... 
[2022-04-11 01:53:42.712] Save: model.pt...Done. best_val_loss: 5.3806
[2022-04-11 01:53:42.712] Epoch 002/40 ==================================================
[2022-04-11 01:53:46.513] E002 |   200/931 batches | lr 20.0000 | loss  5.126 | ppl    168.31
[2022-04-11 01:53:50.281] E002 |   400/931 batches | lr 20.0000 | loss  5.055 | ppl    156.81
[2022-04-11 01:53:54.079] E002 |   600/931 batches | lr 20.0000 | loss  4.943 | ppl    140.22
[2022-04-11 01:53:57.908] E002 |   800/931 batches | lr 20.0000 | loss  4.838 | ppl    126.27
[2022-04-11 01:54:00.391] E002 |   931/931 batches | lr 20.0000 | loss  4.837 | ppl    126.14
[2022-04-11 01:54:03.231] End E002 | valid loss  4.987; ppl    146.46 | accu 0.1914 = 29563/154420
[2022-04-11 01:54:05.714] End E002 |  test loss  5.919; ppl    371.95 | accu 0.0828 = 11360/137280 ../data/sample_500k/cbt_valid.txt
[2022-04-11 01:54:21.393] End E002 |  test loss  6.951; ppl   1044.71 | accu 0.0211 = 17838/845100 ../data/sample_500k/adult_test.txt
[2022-04-11 01:54:21.393] Save: model.pt... 
[2022-04-11 01:54:21.415] Save: model.pt...Done. best_val_loss: 4.9867
[2022-04-11 01:54:21.415] Epoch 003/40 ==================================================
[2022-04-11 01:54:25.303] E003 |   200/931 batches | lr 20.0000 | loss  4.799 | ppl    121.39
[2022-04-11 01:54:29.287] E003 |   400/931 batches | lr 20.0000 | loss  4.776 | ppl    118.60
[2022-04-11 01:54:33.127] E003 |   600/931 batches | lr 20.0000 | loss  4.699 | ppl    109.79
[2022-04-11 01:54:36.923] E003 |   800/931 batches | lr 20.0000 | loss  4.623 | ppl    101.78
[2022-04-11 01:54:39.439] E003 |   931/931 batches | lr 20.0000 | loss  4.631 | ppl    102.66
[2022-04-11 01:54:42.284] End E003 | valid loss  4.868; ppl    130.12 | accu 0.2044 = 31557/154420
[2022-04-11 01:54:44.802] End E003 |  test loss  6.055; ppl    426.45 | accu 0.0862 = 11839/137280 ../data/sample_500k/cbt_valid.txt
[2022-04-11 01:55:00.239] End E003 |  test loss  7.422; ppl   1672.15 | accu 0.0209 = 17701/845100 ../data/sample_500k/adult_test.txt
[2022-04-11 01:55:00.239] Save: model.pt... 
[2022-04-11 01:55:00.261] Save: model.pt...Done. best_val_loss: 4.8685
[2022-04-11 01:55:00.261] Epoch 004/40 ==================================================
[2022-04-11 01:55:04.067] E004 |   200/931 batches | lr 20.0000 | loss  4.610 | ppl    100.43
[2022-04-11 01:55:07.872] E004 |   400/931 batches | lr 20.0000 | loss  4.606 | ppl    100.06
[2022-04-11 01:55:11.795] E004 |   600/931 batches | lr 20.0000 | loss  4.542 | ppl     93.92
[2022-04-11 01:55:15.614] E004 |   800/931 batches | lr 20.0000 | loss  4.489 | ppl     89.04
[2022-04-11 01:55:18.100] E004 |   931/931 batches | lr 20.0000 | loss  4.494 | ppl     89.51
[2022-04-11 01:55:20.948] End E004 | valid loss  4.807; ppl    122.40 | accu 0.2075 = 32036/154420
[2022-04-11 01:55:23.472] End E004 |  test loss  5.966; ppl    390.02 | accu 0.0957 = 13142/137280 ../data/sample_500k/cbt_valid.txt
[2022-04-11 01:55:38.823] End E004 |  test loss  7.363; ppl   1577.11 | accu 0.0289 = 24442/845100 ../data/sample_500k/adult_test.txt
[2022-04-11 01:55:38.823] Save: model.pt... 
[2022-04-11 01:55:38.844] Save: model.pt...Done. best_val_loss: 4.8073
[2022-04-11 01:55:38.845] Epoch 005/40 ==================================================
[2022-04-11 01:55:42.630] E005 |   200/931 batches | lr 20.0000 | loss  4.480 | ppl     88.20
[2022-04-11 01:55:46.424] E005 |   400/931 batches | lr 20.0000 | loss  4.482 | ppl     88.37
[2022-04-11 01:55:50.209] E005 |   600/931 batches | lr 20.0000 | loss  4.428 | ppl     83.73
[2022-04-11 01:55:53.981] E005 |   800/931 batches | lr 20.0000 | loss  4.387 | ppl     80.44
[2022-04-11 01:55:56.473] E005 |   931/931 batches | lr 20.0000 | loss  4.386 | ppl     80.36
[2022-04-11 01:55:59.290] End E005 | valid loss  4.763; ppl    117.06 | accu 0.2132 = 32921/154420
[2022-04-11 01:56:01.879] End E005 |  test loss  6.129; ppl    459.06 | accu 0.0968 = 13288/137280 ../data/sample_500k/cbt_valid.txt
[2022-04-11 01:56:17.828] End E005 |  test loss  7.690; ppl   2187.21 | accu 0.0277 = 23374/845100 ../data/sample_500k/adult_test.txt
[2022-04-11 01:56:17.828] Save: model.pt... 
[2022-04-11 01:56:17.845] Save: model.pt...Done. best_val_loss: 4.7627
[2022-04-11 01:56:17.845] Epoch 006/40 ==================================================
[2022-04-11 01:56:21.657] E006 |   200/931 batches | lr 20.0000 | loss  4.385 | ppl     80.27
[2022-04-11 01:56:25.481] E006 |   400/931 batches | lr 20.0000 | loss  4.387 | ppl     80.42
[2022-04-11 01:56:29.313] E006 |   600/931 batches | lr 20.0000 | loss  4.346 | ppl     77.17
[2022-04-11 01:56:33.117] E006 |   800/931 batches | lr 20.0000 | loss  4.305 | ppl     74.07
[2022-04-11 01:56:35.602] E006 |   931/931 batches | lr 20.0000 | loss  4.312 | ppl     74.56
[2022-04-11 01:56:38.440] End E006 | valid loss  4.736; ppl    113.98 | accu 0.2153 = 33245/154420
[2022-04-11 01:56:40.975] End E006 |  test loss  6.033; ppl    416.98 | accu 0.0981 = 13473/137280 ../data/sample_500k/cbt_valid.txt
[2022-04-11 01:56:56.692] End E006 |  test loss  7.465; ppl   1745.58 | accu 0.0282 = 23849/845100 ../data/sample_500k/adult_test.txt
[2022-04-11 01:56:56.693] Save: model.pt... 
[2022-04-11 01:56:56.714] Save: model.pt...Done. best_val_loss: 4.7360
[2022-04-11 01:56:56.714] Epoch 007/40 ==================================================
[2022-04-11 01:57:00.565] E007 |   200/931 batches | lr 20.0000 | loss  4.310 | ppl     74.47
[2022-04-11 01:57:04.351] E007 |   400/931 batches | lr 20.0000 | loss  4.320 | ppl     75.20
[2022-04-11 01:57:08.142] E007 |   600/931 batches | lr 20.0000 | loss  4.272 | ppl     71.63
[2022-04-11 01:57:11.933] E007 |   800/931 batches | lr 20.0000 | loss  4.245 | ppl     69.79
[2022-04-11 01:57:14.450] E007 |   931/931 batches | lr 20.0000 | loss  4.243 | ppl     69.61
[2022-04-11 01:57:17.261] End E007 | valid loss  4.709; ppl    110.94 | accu 0.2216 = 34221/154420
[2022-04-11 01:57:19.740] End E007 |  test loss  6.140; ppl    463.89 | accu 0.0956 = 13124/137280 ../data/sample_500k/cbt_valid.txt
[2022-04-11 01:57:35.354] End E007 |  test loss  7.584; ppl   1966.27 | accu 0.0278 = 23463/845100 ../data/sample_500k/adult_test.txt
[2022-04-11 01:57:35.354] Save: model.pt... 
[2022-04-11 01:57:35.371] Save: model.pt...Done. best_val_loss: 4.7090
[2022-04-11 01:57:35.372] Epoch 008/40 ==================================================
[2022-04-11 01:57:39.205] E008 |   200/931 batches | lr 20.0000 | loss  4.252 | ppl     70.23
[2022-04-11 01:57:43.040] E008 |   400/931 batches | lr 20.0000 | loss  4.256 | ppl     70.52
[2022-04-11 01:57:46.902] E008 |   600/931 batches | lr 20.0000 | loss  4.219 | ppl     67.99
[2022-04-11 01:57:50.724] E008 |   800/931 batches | lr 20.0000 | loss  4.195 | ppl     66.34
[2022-04-11 01:57:53.286] E008 |   931/931 batches | lr 20.0000 | loss  4.201 | ppl     66.78
[2022-04-11 01:57:56.138] End E008 | valid loss  4.699; ppl    109.86 | accu 0.2209 = 34104/154420
[2022-04-11 01:57:58.629] End E008 |  test loss  6.062; ppl    429.13 | accu 0.0987 = 13546/137280 ../data/sample_500k/cbt_valid.txt
[2022-04-11 01:58:14.176] End E008 |  test loss  7.383; ppl   1608.51 | accu 0.0321 = 27122/845100 ../data/sample_500k/adult_test.txt
[2022-04-11 01:58:14.177] Save: model.pt... 
[2022-04-11 01:58:14.198] Save: model.pt...Done. best_val_loss: 4.6992
[2022-04-11 01:58:14.198] Epoch 009/40 ==================================================
[2022-04-11 01:58:17.999] E009 |   200/931 batches | lr 20.0000 | loss  4.205 | ppl     67.02
[2022-04-11 01:58:21.840] E009 |   400/931 batches | lr 20.0000 | loss  4.209 | ppl     67.26
[2022-04-11 01:58:25.673] E009 |   600/931 batches | lr 20.0000 | loss  4.175 | ppl     65.03
[2022-04-11 01:58:29.481] E009 |   800/931 batches | lr 20.0000 | loss  4.155 | ppl     63.77
[2022-04-11 01:58:32.067] E009 |   931/931 batches | lr 20.0000 | loss  4.157 | ppl     63.85
[2022-04-11 01:58:34.962] End E009 | valid loss  4.720; ppl    112.14 | accu 0.2215 = 34205/154420
[2022-04-11 01:58:37.567] End E009 |  test loss  6.490; ppl    658.35 | accu 0.0920 = 12634/137280 ../data/sample_500k/cbt_valid.txt
[2022-04-11 01:58:53.505] End E009 |  test loss  7.837; ppl   2531.73 | accu 0.0277 = 23416/845100 ../data/sample_500k/adult_test.txt
[2022-04-11 01:58:53.505] Epoch 010/40 ==================================================
[2022-04-11 01:58:57.340] E010 |   200/931 batches | lr 10.0000 | loss  4.121 | ppl     61.61
[2022-04-11 01:59:01.199] E010 |   400/931 batches | lr 10.0000 | loss  4.082 | ppl     59.24
[2022-04-11 01:59:05.034] E010 |   600/931 batches | lr 10.0000 | loss  4.026 | ppl     56.02
[2022-04-11 01:59:08.860] E010 |   800/931 batches | lr 10.0000 | loss  3.980 | ppl     53.50
[2022-04-11 01:59:11.458] E010 |   931/931 batches | lr 10.0000 | loss  3.959 | ppl     52.41
[2022-04-11 01:59:14.313] End E010 | valid loss  4.643; ppl    103.84 | accu 0.2319 = 35810/154420
[2022-04-11 01:59:16.841] End E010 |  test loss  6.480; ppl    651.78 | accu 0.0963 = 13216/137280 ../data/sample_500k/cbt_valid.txt
[2022-04-11 01:59:32.727] End E010 |  test loss  8.121; ppl   3363.53 | accu 0.0282 = 23826/845100 ../data/sample_500k/adult_test.txt
[2022-04-11 01:59:32.727] Save: model.pt... 
[2022-04-11 01:59:32.750] Save: model.pt...Done. best_val_loss: 4.6429
[2022-04-11 01:59:32.750] Epoch 011/40 ==================================================
[2022-04-11 01:59:36.599] E011 |   200/931 batches | lr 10.0000 | loss  4.025 | ppl     56.00
[2022-04-11 01:59:40.461] E011 |   400/931 batches | lr 10.0000 | loss  4.017 | ppl     55.55
[2022-04-11 01:59:44.323] E011 |   600/931 batches | lr 10.0000 | loss  3.972 | ppl     53.09
[2022-04-11 01:59:48.165] E011 |   800/931 batches | lr 10.0000 | loss  3.938 | ppl     51.33
[2022-04-11 01:59:50.686] E011 |   931/931 batches | lr 10.0000 | loss  3.934 | ppl     51.12
[2022-04-11 01:59:53.497] End E011 | valid loss  4.646; ppl    104.12 | accu 0.2324 = 35881/154420
[2022-04-11 01:59:55.983] End E011 |  test loss  6.555; ppl    702.69 | accu 0.0991 = 13603/137280 ../data/sample_500k/cbt_valid.txt
[2022-04-11 02:00:11.542] End E011 |  test loss  8.109; ppl   3324.44 | accu 0.0295 = 24940/845100 ../data/sample_500k/adult_test.txt
[2022-04-11 02:00:11.543] Epoch 012/40 ==================================================
[2022-04-11 02:00:15.422] E012 |   200/931 batches | lr 5.0000 | loss  3.976 | ppl     53.30
[2022-04-11 02:00:19.262] E012 |   400/931 batches | lr 5.0000 | loss  3.950 | ppl     51.93
[2022-04-11 02:00:23.126] E012 |   600/931 batches | lr 5.0000 | loss  3.889 | ppl     48.84
[2022-04-11 02:00:26.969] E012 |   800/931 batches | lr 5.0000 | loss  3.842 | ppl     46.62
[2022-04-11 02:00:29.592] E012 |   931/931 batches | lr 5.0000 | loss  3.824 | ppl     45.78
[2022-04-11 02:00:32.475] End E012 | valid loss  4.627; ppl    102.25 | accu 0.2357 = 36399/154420
[2022-04-11 02:00:35.021] End E012 |  test loss  6.557; ppl    704.48 | accu 0.0978 = 13420/137280 ../data/sample_500k/cbt_valid.txt
[2022-04-11 02:00:50.532] End E012 |  test loss  8.077; ppl   3218.04 | accu 0.0303 = 25597/845100 ../data/sample_500k/adult_test.txt
[2022-04-11 02:00:50.532] Save: model.pt... 
[2022-04-11 02:00:50.554] Save: model.pt...Done. best_val_loss: 4.6274
[2022-04-11 02:00:50.554] Epoch 013/40 ==================================================
[2022-04-11 02:00:54.480] E013 |   200/931 batches | lr 5.0000 | loss  3.923 | ppl     50.56
[2022-04-11 02:00:58.323] E013 |   400/931 batches | lr 5.0000 | loss  3.910 | ppl     49.89
[2022-04-11 02:01:02.213] E013 |   600/931 batches | lr 5.0000 | loss  3.859 | ppl     47.42
[2022-04-11 02:01:06.051] E013 |   800/931 batches | lr 5.0000 | loss  3.826 | ppl     45.87
[2022-04-11 02:01:08.561] E013 |   931/931 batches | lr 5.0000 | loss  3.809 | ppl     45.12
[2022-04-11 02:01:11.401] End E013 | valid loss  4.624; ppl    101.85 | accu 0.2368 = 36568/154420
[2022-04-11 02:01:14.071] End E013 |  test loss  6.676; ppl    793.24 | accu 0.0971 = 13331/137280 ../data/sample_500k/cbt_valid.txt
[2022-04-11 02:01:30.062] End E013 |  test loss  8.083; ppl   3239.81 | accu 0.0292 = 24651/845100 ../data/sample_500k/adult_test.txt
[2022-04-11 02:01:30.062] Save: model.pt... 
[2022-04-11 02:01:30.083] Save: model.pt...Done. best_val_loss: 4.6235
[2022-04-11 02:01:30.084] Epoch 014/40 ==================================================
[2022-04-11 02:01:33.918] E014 |   200/931 batches | lr 5.0000 | loss  3.895 | ppl     49.14
[2022-04-11 02:01:37.876] E014 |   400/931 batches | lr 5.0000 | loss  3.879 | ppl     48.37
[2022-04-11 02:01:41.816] E014 |   600/931 batches | lr 5.0000 | loss  3.841 | ppl     46.59
[2022-04-11 02:01:45.809] E014 |   800/931 batches | lr 5.0000 | loss  3.806 | ppl     44.97
[2022-04-11 02:01:48.380] E014 |   931/931 batches | lr 5.0000 | loss  3.791 | ppl     44.31
[2022-04-11 02:01:51.308] End E014 | valid loss  4.620; ppl    101.49 | accu 0.2380 = 36751/154420
[2022-04-11 02:01:53.835] End E014 |  test loss  6.621; ppl    750.77 | accu 0.0964 = 13239/137280 ../data/sample_500k/cbt_valid.txt
[2022-04-11 02:02:09.775] End E014 |  test loss  7.909; ppl   2721.34 | accu 0.0316 = 26731/845100 ../data/sample_500k/adult_test.txt
[2022-04-11 02:02:09.775] Save: model.pt... 
[2022-04-11 02:02:09.797] Save: model.pt...Done. best_val_loss: 4.6200
[2022-04-11 02:02:09.798] Epoch 015/40 ==================================================
[2022-04-11 02:02:13.711] E015 |   200/931 batches | lr 5.0000 | loss  3.871 | ppl     48.01
[2022-04-11 02:02:17.591] E015 |   400/931 batches | lr 5.0000 | loss  3.864 | ppl     47.68
[2022-04-11 02:02:21.515] E015 |   600/931 batches | lr 5.0000 | loss  3.821 | ppl     45.65
[2022-04-11 02:02:25.385] E015 |   800/931 batches | lr 5.0000 | loss  3.793 | ppl     44.38
[2022-04-11 02:02:27.891] E015 |   931/931 batches | lr 5.0000 | loss  3.778 | ppl     43.72
[2022-04-11 02:02:30.734] End E015 | valid loss  4.626; ppl    102.06 | accu 0.2381 = 36772/154420
[2022-04-11 02:02:33.222] End E015 |  test loss  6.700; ppl    812.26 | accu 0.0969 = 13305/137280 ../data/sample_500k/cbt_valid.txt
[2022-04-11 02:02:48.865] End E015 |  test loss  7.874; ppl   2626.80 | accu 0.0307 = 25945/845100 ../data/sample_500k/adult_test.txt
[2022-04-11 02:02:48.865] Epoch 016/40 ==================================================
[2022-04-11 02:02:52.717] E016 |   200/931 batches | lr 2.5000 | loss  3.853 | ppl     47.12
[2022-04-11 02:02:56.547] E016 |   400/931 batches | lr 2.5000 | loss  3.830 | ppl     46.07
[2022-04-11 02:03:00.394] E016 |   600/931 batches | lr 2.5000 | loss  3.783 | ppl     43.93
[2022-04-11 02:03:04.230] E016 |   800/931 batches | lr 2.5000 | loss  3.741 | ppl     42.16
[2022-04-11 02:03:06.759] E016 |   931/931 batches | lr 2.5000 | loss  3.728 | ppl     41.58
[2022-04-11 02:03:09.578] End E016 | valid loss  4.612; ppl    100.66 | accu 0.2407 = 37163/154420
[2022-04-11 02:03:12.092] End E016 |  test loss  6.698; ppl    810.79 | accu 0.0987 = 13547/137280 ../data/sample_500k/cbt_valid.txt
[2022-04-11 02:03:27.846] End E016 |  test loss  7.929; ppl   2775.82 | accu 0.0331 = 27962/845100 ../data/sample_500k/adult_test.txt
[2022-04-11 02:03:27.846] Save: model.pt... 
[2022-04-11 02:03:27.869] Save: model.pt...Done. best_val_loss: 4.6118
[2022-04-11 02:03:27.869] Epoch 017/40 ==================================================
[2022-04-11 02:03:31.823] E017 |   200/931 batches | lr 2.5000 | loss  3.828 | ppl     45.97
[2022-04-11 02:03:35.732] E017 |   400/931 batches | lr 2.5000 | loss  3.809 | ppl     45.10
[2022-04-11 02:03:39.588] E017 |   600/931 batches | lr 2.5000 | loss  3.765 | ppl     43.15
[2022-04-11 02:03:43.454] E017 |   800/931 batches | lr 2.5000 | loss  3.732 | ppl     41.77
[2022-04-11 02:03:45.960] E017 |   931/931 batches | lr 2.5000 | loss  3.721 | ppl     41.31
[2022-04-11 02:03:48.792] End E017 | valid loss  4.613; ppl    100.83 | accu 0.2411 = 37231/154420
[2022-04-11 02:03:51.358] End E017 |  test loss  6.721; ppl    829.40 | accu 0.0979 = 13446/137280 ../data/sample_500k/cbt_valid.txt
[2022-04-11 02:04:07.239] End E017 |  test loss  8.036; ppl   3089.38 | accu 0.0318 = 26834/845100 ../data/sample_500k/adult_test.txt
[2022-04-11 02:04:07.239] Epoch 018/40 ==================================================
[2022-04-11 02:04:11.073] E018 |   200/931 batches | lr 1.2500 | loss  3.815 | ppl     45.37
[2022-04-11 02:04:14.927] E018 |   400/931 batches | lr 1.2500 | loss  3.796 | ppl     44.52
[2022-04-11 02:04:18.753] E018 |   600/931 batches | lr 1.2500 | loss  3.744 | ppl     42.28
[2022-04-11 02:04:22.608] E018 |   800/931 batches | lr 1.2500 | loss  3.706 | ppl     40.70
[2022-04-11 02:04:25.202] E018 |   931/931 batches | lr 1.2500 | loss  3.690 | ppl     40.05
[2022-04-11 02:04:28.051] End E018 | valid loss  4.609; ppl    100.36 | accu 0.2426 = 37462/154420
[2022-04-11 02:04:30.574] End E018 |  test loss  6.735; ppl    841.04 | accu 0.0982 = 13485/137280 ../data/sample_500k/cbt_valid.txt
[2022-04-11 02:04:46.442] End E018 |  test loss  8.068; ppl   3190.01 | accu 0.0327 = 27660/845100 ../data/sample_500k/adult_test.txt
[2022-04-11 02:04:46.442] Save: model.pt... 
[2022-04-11 02:04:46.467] Save: model.pt...Done. best_val_loss: 4.6088
[2022-04-11 02:04:46.467] Epoch 019/40 ==================================================
[2022-04-11 02:04:50.344] E019 |   200/931 batches | lr 1.2500 | loss  3.801 | ppl     44.73
[2022-04-11 02:04:54.186] E019 |   400/931 batches | lr 1.2500 | loss  3.782 | ppl     43.92
[2022-04-11 02:04:58.058] E019 |   600/931 batches | lr 1.2500 | loss  3.733 | ppl     41.80
[2022-04-11 02:05:01.926] E019 |   800/931 batches | lr 1.2500 | loss  3.700 | ppl     40.45
[2022-04-11 02:05:04.440] E019 |   931/931 batches | lr 1.2500 | loss  3.684 | ppl     39.81
[2022-04-11 02:05:07.285] End E019 | valid loss  4.612; ppl    100.66 | accu 0.2420 = 37372/154420
[2022-04-11 02:05:09.779] End E019 |  test loss  6.738; ppl    843.55 | accu 0.0984 = 13505/137280 ../data/sample_500k/cbt_valid.txt
[2022-04-11 02:05:25.151] End E019 |  test loss  8.041; ppl   3105.88 | accu 0.0332 = 28027/845100 ../data/sample_500k/adult_test.txt
[2022-04-11 02:05:25.152] Epoch 020/40 ==================================================
[2022-04-11 02:05:28.963] E020 |   200/931 batches | lr 0.6250 | loss  3.790 | ppl     44.25
[2022-04-11 02:05:32.835] E020 |   400/931 batches | lr 0.6250 | loss  3.768 | ppl     43.31
[2022-04-11 02:05:36.723] E020 |   600/931 batches | lr 0.6250 | loss  3.721 | ppl     41.30
[2022-04-11 02:05:40.558] E020 |   800/931 batches | lr 0.6250 | loss  3.687 | ppl     39.92
[2022-04-11 02:05:43.061] E020 |   931/931 batches | lr 0.6250 | loss  3.669 | ppl     39.23
[2022-04-11 02:05:45.903] End E020 | valid loss  4.611; ppl    100.55 | accu 0.2426 = 37462/154420
[2022-04-11 02:05:48.408] End E020 |  test loss  6.742; ppl    847.24 | accu 0.0983 = 13499/137280 ../data/sample_500k/cbt_valid.txt
[2022-04-11 02:06:03.913] End E020 |  test loss  8.074; ppl   3209.27 | accu 0.0333 = 28117/845100 ../data/sample_500k/adult_test.txt
[2022-04-11 02:06:03.913] Epoch 021/40 ==================================================
[2022-04-11 02:06:07.781] E021 |   200/931 batches | lr 0.3125 | loss  3.788 | ppl     44.15
[2022-04-11 02:06:11.654] E021 |   400/931 batches | lr 0.3125 | loss  3.768 | ppl     43.29
[2022-04-11 02:06:15.513] E021 |   600/931 batches | lr 0.3125 | loss  3.717 | ppl     41.13
[2022-04-11 02:06:19.379] E021 |   800/931 batches | lr 0.3125 | loss  3.680 | ppl     39.66
[2022-04-11 02:06:21.906] E021 |   931/931 batches | lr 0.3125 | loss  3.660 | ppl     38.86
[2022-04-11 02:06:24.752] End E021 | valid loss  4.610; ppl    100.48 | accu 0.2430 = 37528/154420
[2022-04-11 02:06:27.349] End E021 |  test loss  6.700; ppl    812.03 | accu 0.0987 = 13546/137280 ../data/sample_500k/cbt_valid.txt
[2022-04-11 02:06:43.250] End E021 |  test loss  8.002; ppl   2986.09 | accu 0.0343 = 28973/845100 ../data/sample_500k/adult_test.txt
[2022-04-11 02:06:43.250] Epoch 022/40 ==================================================
[2022-04-11 02:06:47.128] E022 |   200/931 batches | lr 0.1562 | loss  3.781 | ppl     43.86
[2022-04-11 02:06:50.966] E022 |   400/931 batches | lr 0.1562 | loss  3.765 | ppl     43.17
[2022-04-11 02:06:54.837] E022 |   600/931 batches | lr 0.1562 | loss  3.716 | ppl     41.11
[2022-04-11 02:06:58.680] E022 |   800/931 batches | lr 0.1562 | loss  3.671 | ppl     39.31
[2022-04-11 02:07:01.201] E022 |   931/931 batches | lr 0.1562 | loss  3.657 | ppl     38.73
[2022-04-11 02:07:04.046] End E022 | valid loss  4.607; ppl    100.19 | accu 0.2433 = 37567/154420
[2022-04-11 02:07:06.582] End E022 |  test loss  6.674; ppl    791.65 | accu 0.0991 = 13605/137280 ../data/sample_500k/cbt_valid.txt
[2022-04-11 02:07:22.388] End E022 |  test loss  7.958; ppl   2859.34 | accu 0.0348 = 29374/845100 ../data/sample_500k/adult_test.txt
[2022-04-11 02:07:22.388] Save: model.pt... 
[2022-04-11 02:07:22.410] Save: model.pt...Done. best_val_loss: 4.6070
[2022-04-11 02:07:22.410] Epoch 023/40 ==================================================
[2022-04-11 02:07:26.280] E023 |   200/931 batches | lr 0.1562 | loss  3.778 | ppl     43.74
[2022-04-11 02:07:30.145] E023 |   400/931 batches | lr 0.1562 | loss  3.761 | ppl     42.98
[2022-04-11 02:07:33.999] E023 |   600/931 batches | lr 0.1562 | loss  3.712 | ppl     40.93
[2022-04-11 02:07:37.853] E023 |   800/931 batches | lr 0.1562 | loss  3.673 | ppl     39.38
[2022-04-11 02:07:40.398] E023 |   931/931 batches | lr 0.1562 | loss  3.655 | ppl     38.67
[2022-04-11 02:07:43.223] End E023 | valid loss  4.606; ppl    100.09 | accu 0.2434 = 37590/154420
[2022-04-11 02:07:45.748] End E023 |  test loss  6.672; ppl    789.83 | accu 0.0990 = 13597/137280 ../data/sample_500k/cbt_valid.txt
[2022-04-11 02:08:01.241] End E023 |  test loss  7.958; ppl   2857.40 | accu 0.0348 = 29397/845100 ../data/sample_500k/adult_test.txt
[2022-04-11 02:08:01.241] Save: model.pt... 
[2022-04-11 02:08:01.263] Save: model.pt...Done. best_val_loss: 4.6060
[2022-04-11 02:08:01.263] Epoch 024/40 ==================================================
[2022-04-11 02:08:05.118] E024 |   200/931 batches | lr 0.1562 | loss  3.778 | ppl     43.75
[2022-04-11 02:08:09.155] E024 |   400/931 batches | lr 0.1562 | loss  3.760 | ppl     42.95
[2022-04-11 02:08:13.012] E024 |   600/931 batches | lr 0.1562 | loss  3.712 | ppl     40.92
[2022-04-11 02:08:16.898] E024 |   800/931 batches | lr 0.1562 | loss  3.676 | ppl     39.49
[2022-04-11 02:08:19.414] E024 |   931/931 batches | lr 0.1562 | loss  3.656 | ppl     38.69
[2022-04-11 02:08:22.278] End E024 | valid loss  4.607; ppl    100.14 | accu 0.2434 = 37581/154420
[2022-04-11 02:08:24.819] End E024 |  test loss  6.678; ppl    794.98 | accu 0.0990 = 13593/137280 ../data/sample_500k/cbt_valid.txt
[2022-04-11 02:08:40.544] End E024 |  test loss  7.967; ppl   2885.63 | accu 0.0348 = 29443/845100 ../data/sample_500k/adult_test.txt
[2022-04-11 02:08:40.545] Epoch 025/40 ==================================================
[2022-04-11 02:08:44.407] E025 |   200/931 batches | lr 0.0781 | loss  3.777 | ppl     43.67
[2022-04-11 02:08:48.308] E025 |   400/931 batches | lr 0.0781 | loss  3.762 | ppl     43.03
[2022-04-11 02:08:52.163] E025 |   600/931 batches | lr 0.0781 | loss  3.710 | ppl     40.85
[2022-04-11 02:08:56.100] E025 |   800/931 batches | lr 0.0781 | loss  3.672 | ppl     39.34
[2022-04-11 02:08:58.616] E025 |   931/931 batches | lr 0.0781 | loss  3.653 | ppl     38.57
[2022-04-11 02:09:01.522] End E025 | valid loss  4.605; ppl    100.02 | accu 0.2433 = 37565/154420
[2022-04-11 02:09:04.095] End E025 |  test loss  6.659; ppl    780.14 | accu 0.0992 = 13617/137280 ../data/sample_500k/cbt_valid.txt
[2022-04-11 02:09:20.115] End E025 |  test loss  7.930; ppl   2780.39 | accu 0.0352 = 29751/845100 ../data/sample_500k/adult_test.txt
[2022-04-11 02:09:20.115] Save: model.pt... 
[2022-04-11 02:09:20.137] Save: model.pt...Done. best_val_loss: 4.6054
[2022-04-11 02:09:20.137] Epoch 026/40 ==================================================
[2022-04-11 02:09:23.959] E026 |   200/931 batches | lr 0.0781 | loss  3.775 | ppl     43.59
[2022-04-11 02:09:27.777] E026 |   400/931 batches | lr 0.0781 | loss  3.759 | ppl     42.92
[2022-04-11 02:09:31.608] E026 |   600/931 batches | lr 0.0781 | loss  3.711 | ppl     40.89
[2022-04-11 02:09:35.419] E026 |   800/931 batches | lr 0.0781 | loss  3.670 | ppl     39.26
[2022-04-11 02:09:37.908] E026 |   931/931 batches | lr 0.0781 | loss  3.657 | ppl     38.74
[2022-04-11 02:09:40.726] End E026 | valid loss  4.604; ppl     99.92 | accu 0.2435 = 37607/154420
[2022-04-11 02:09:43.194] End E026 |  test loss  6.653; ppl    775.36 | accu 0.0994 = 13642/137280 ../data/sample_500k/cbt_valid.txt
[2022-04-11 02:09:58.969] End E026 |  test loss  7.928; ppl   2773.13 | accu 0.0353 = 29793/845100 ../data/sample_500k/adult_test.txt
[2022-04-11 02:09:58.969] Save: model.pt... 
[2022-04-11 02:09:58.991] Save: model.pt...Done. best_val_loss: 4.6044
[2022-04-11 02:09:58.992] Epoch 027/40 ==================================================
[2022-04-11 02:10:02.847] E027 |   200/931 batches | lr 0.0781 | loss  3.772 | ppl     43.46
[2022-04-11 02:10:06.660] E027 |   400/931 batches | lr 0.0781 | loss  3.759 | ppl     42.89
[2022-04-11 02:10:10.540] E027 |   600/931 batches | lr 0.0781 | loss  3.707 | ppl     40.73
[2022-04-11 02:10:14.381] E027 |   800/931 batches | lr 0.0781 | loss  3.669 | ppl     39.23
[2022-04-11 02:10:16.949] E027 |   931/931 batches | lr 0.0781 | loss  3.652 | ppl     38.55
[2022-04-11 02:10:19.821] End E027 | valid loss  4.605; ppl    100.01 | accu 0.2435 = 37598/154420
[2022-04-11 02:10:22.369] End E027 |  test loss  6.657; ppl    777.92 | accu 0.0992 = 13620/137280 ../data/sample_500k/cbt_valid.txt
[2022-04-11 02:10:38.087] End E027 |  test loss  7.932; ppl   2783.70 | accu 0.0353 = 29829/845100 ../data/sample_500k/adult_test.txt
[2022-04-11 02:10:38.087] Epoch 028/40 ==================================================
[2022-04-11 02:10:42.059] E028 |   200/931 batches | lr 0.0391 | loss  3.776 | ppl     43.64
[2022-04-11 02:10:45.910] E028 |   400/931 batches | lr 0.0391 | loss  3.759 | ppl     42.91
[2022-04-11 02:10:49.740] E028 |   600/931 batches | lr 0.0391 | loss  3.708 | ppl     40.77
[2022-04-11 02:10:53.612] E028 |   800/931 batches | lr 0.0391 | loss  3.670 | ppl     39.25
[2022-04-11 02:10:56.193] E028 |   931/931 batches | lr 0.0391 | loss  3.652 | ppl     38.55
[2022-04-11 02:10:59.032] End E028 | valid loss  4.605; ppl     99.93 | accu 0.2434 = 37593/154420
[2022-04-11 02:11:01.555] End E028 |  test loss  6.644; ppl    768.07 | accu 0.0994 = 13644/137280 ../data/sample_500k/cbt_valid.txt
[2022-04-11 02:11:17.093] End E028 |  test loss  7.911; ppl   2727.27 | accu 0.0355 = 29992/845100 ../data/sample_500k/adult_test.txt
[2022-04-11 02:11:17.093] Epoch 029/40 ==================================================
[2022-04-11 02:11:21.077] E029 |   200/931 batches | lr 0.0195 | loss  3.773 | ppl     43.52
[2022-04-11 02:11:25.033] E029 |   400/931 batches | lr 0.0195 | loss  3.758 | ppl     42.86
[2022-04-11 02:11:28.981] E029 |   600/931 batches | lr 0.0195 | loss  3.707 | ppl     40.74
[2022-04-11 02:11:32.899] E029 |   800/931 batches | lr 0.0195 | loss  3.672 | ppl     39.35
[2022-04-11 02:11:35.458] E029 |   931/931 batches | lr 0.0195 | loss  3.656 | ppl     38.69
[2022-04-11 02:11:38.282] End E029 | valid loss  4.605; ppl     99.95 | accu 0.2434 = 37585/154420
[2022-04-11 02:11:40.899] End E029 |  test loss  6.643; ppl    767.18 | accu 0.0994 = 13640/137280 ../data/sample_500k/cbt_valid.txt
[2022-04-11 02:11:56.903] End E029 |  test loss  7.905; ppl   2710.65 | accu 0.0355 = 30026/845100 ../data/sample_500k/adult_test.txt
[2022-04-11 02:11:56.903] Epoch 030/40 ==================================================
[2022-04-11 02:12:00.951] E030 |   200/931 batches | lr 0.0098 | loss  3.774 | ppl     43.55
[2022-04-11 02:12:04.784] E030 |   400/931 batches | lr 0.0098 | loss  3.757 | ppl     42.80
[2022-04-11 02:12:08.609] E030 |   600/931 batches | lr 0.0098 | loss  3.708 | ppl     40.79
[2022-04-11 02:12:12.499] E030 |   800/931 batches | lr 0.0098 | loss  3.663 | ppl     38.99
[2022-04-11 02:12:15.028] E030 |   931/931 batches | lr 0.0098 | loss  3.650 | ppl     38.48
[2022-04-11 02:12:17.842] End E030 | valid loss  4.605; ppl     99.95 | accu 0.2434 = 37585/154420
[2022-04-11 02:12:20.367] End E030 |  test loss  6.643; ppl    767.30 | accu 0.0993 = 13637/137280 ../data/sample_500k/cbt_valid.txt
[2022-04-11 02:12:36.434] End E030 |  test loss  7.904; ppl   2708.02 | accu 0.0355 = 30041/845100 ../data/sample_500k/adult_test.txt
[2022-04-11 02:12:36.434] Epoch 031/40 ==================================================
[2022-04-11 02:12:40.273] E031 |   200/931 batches | lr 0.0049 | loss  3.774 | ppl     43.55
[2022-04-11 02:12:44.175] E031 |   400/931 batches | lr 0.0049 | loss  3.760 | ppl     42.94
[2022-04-11 02:12:48.041] E031 |   600/931 batches | lr 0.0049 | loss  3.707 | ppl     40.73
[2022-04-11 02:12:51.880] E031 |   800/931 batches | lr 0.0049 | loss  3.669 | ppl     39.20
[2022-04-11 02:12:54.401] E031 |   931/931 batches | lr 0.0049 | loss  3.647 | ppl     38.34
[2022-04-11 02:12:57.251] End E031 | valid loss  4.605; ppl     99.95 | accu 0.2434 = 37587/154420
[2022-04-11 02:12:59.748] End E031 |  test loss  6.643; ppl    767.12 | accu 0.0994 = 13641/137280 ../data/sample_500k/cbt_valid.txt
[2022-04-11 02:13:15.475] End E031 |  test loss  7.903; ppl   2706.03 | accu 0.0356 = 30048/845100 ../data/sample_500k/adult_test.txt
[2022-04-11 02:13:15.475] Epoch 032/40 ==================================================
[2022-04-11 02:13:19.361] E032 |   200/931 batches | lr 0.0024 | loss  3.771 | ppl     43.43
[2022-04-11 02:13:23.218] E032 |   400/931 batches | lr 0.0024 | loss  3.761 | ppl     43.01
[2022-04-11 02:13:27.108] E032 |   600/931 batches | lr 0.0024 | loss  3.710 | ppl     40.87
[2022-04-11 02:13:30.987] E032 |   800/931 batches | lr 0.0024 | loss  3.666 | ppl     39.09
[2022-04-11 02:13:33.504] E032 |   931/931 batches | lr 0.0024 | loss  3.654 | ppl     38.62
[2022-04-11 02:13:36.349] End E032 | valid loss  4.605; ppl     99.95 | accu 0.2434 = 37584/154420
[2022-04-11 02:13:38.834] End E032 |  test loss  6.642; ppl    766.96 | accu 0.0994 = 13640/137280 ../data/sample_500k/cbt_valid.txt
[2022-04-11 02:13:54.227] End E032 |  test loss  7.903; ppl   2704.29 | accu 0.0356 = 30060/845100 ../data/sample_500k/adult_test.txt
[2022-04-11 02:13:54.228] Epoch 033/40 ==================================================
[2022-04-11 02:13:58.035] E033 |   200/931 batches | lr 0.0012 | loss  3.775 | ppl     43.61
[2022-04-11 02:14:01.882] E033 |   400/931 batches | lr 0.0012 | loss  3.756 | ppl     42.77
[2022-04-11 02:14:05.823] E033 |   600/931 batches | lr 0.0012 | loss  3.708 | ppl     40.79
[2022-04-11 02:14:09.673] E033 |   800/931 batches | lr 0.0012 | loss  3.669 | ppl     39.22
[2022-04-11 02:14:12.282] E033 |   931/931 batches | lr 0.0012 | loss  3.649 | ppl     38.45
[2022-04-11 02:14:15.121] End E033 | valid loss  4.605; ppl     99.95 | accu 0.2434 = 37585/154420
[2022-04-11 02:14:17.712] End E033 |  test loss  6.642; ppl    766.94 | accu 0.0993 = 13638/137280 ../data/sample_500k/cbt_valid.txt
[2022-04-11 02:14:33.963] End E033 |  test loss  7.903; ppl   2704.12 | accu 0.0356 = 30060/845100 ../data/sample_500k/adult_test.txt
[2022-04-11 02:14:33.963] Epoch 034/40 ==================================================
[2022-04-11 02:14:37.822] E034 |   200/931 batches | lr 0.0006 | loss  3.775 | ppl     43.60
[2022-04-11 02:14:41.685] E034 |   400/931 batches | lr 0.0006 | loss  3.758 | ppl     42.86
[2022-04-11 02:14:45.534] E034 |   600/931 batches | lr 0.0006 | loss  3.704 | ppl     40.61
[2022-04-11 02:14:49.370] E034 |   800/931 batches | lr 0.0006 | loss  3.671 | ppl     39.29
[2022-04-11 02:14:51.897] E034 |   931/931 batches | lr 0.0006 | loss  3.649 | ppl     38.43
[2022-04-11 02:14:54.699] End E034 | valid loss  4.605; ppl     99.95 | accu 0.2434 = 37586/154420
[2022-04-11 02:14:57.211] End E034 |  test loss  6.642; ppl    766.95 | accu 0.0993 = 13638/137280 ../data/sample_500k/cbt_valid.txt
[2022-04-11 02:15:13.005] End E034 |  test loss  7.903; ppl   2704.08 | accu 0.0356 = 30060/845100 ../data/sample_500k/adult_test.txt
[2022-04-11 02:15:13.006] Epoch 035/40 ==================================================
[2022-04-11 02:15:16.881] E035 |   200/931 batches | lr 0.0003 | loss  3.772 | ppl     43.47
[2022-04-11 02:15:20.785] E035 |   400/931 batches | lr 0.0003 | loss  3.758 | ppl     42.85
[2022-04-11 02:15:24.653] E035 |   600/931 batches | lr 0.0003 | loss  3.707 | ppl     40.72
[2022-04-11 02:15:28.516] E035 |   800/931 batches | lr 0.0003 | loss  3.668 | ppl     39.16
[2022-04-11 02:15:31.077] E035 |   931/931 batches | lr 0.0003 | loss  3.651 | ppl     38.52
[2022-04-11 02:15:33.933] End E035 | valid loss  4.605; ppl     99.95 | accu 0.2434 = 37584/154420
[2022-04-11 02:15:36.469] End E035 |  test loss  6.642; ppl    766.94 | accu 0.0994 = 13640/137280 ../data/sample_500k/cbt_valid.txt
[2022-04-11 02:15:52.148] End E035 |  test loss  7.902; ppl   2704.01 | accu 0.0356 = 30060/845100 ../data/sample_500k/adult_test.txt
[2022-04-11 02:15:52.148] Epoch 036/40 ==================================================
[2022-04-11 02:15:56.010] E036 |   200/931 batches | lr 0.0002 | loss  3.773 | ppl     43.52
[2022-04-11 02:15:59.840] E036 |   400/931 batches | lr 0.0002 | loss  3.755 | ppl     42.75
[2022-04-11 02:16:03.694] E036 |   600/931 batches | lr 0.0002 | loss  3.705 | ppl     40.65
[2022-04-11 02:16:07.539] E036 |   800/931 batches | lr 0.0002 | loss  3.670 | ppl     39.27
[2022-04-11 02:16:10.063] E036 |   931/931 batches | lr 0.0002 | loss  3.653 | ppl     38.59
[2022-04-11 02:16:12.915] End E036 | valid loss  4.605; ppl     99.95 | accu 0.2434 = 37584/154420
[2022-04-11 02:16:15.424] End E036 |  test loss  6.642; ppl    766.96 | accu 0.0994 = 13641/137280 ../data/sample_500k/cbt_valid.txt
[2022-04-11 02:16:30.777] End E036 |  test loss  7.902; ppl   2704.02 | accu 0.0356 = 30060/845100 ../data/sample_500k/adult_test.txt
[2022-04-11 02:16:30.777] Epoch 037/40 ==================================================
[2022-04-11 02:16:34.636] E037 |   200/931 batches | lr 0.0001 | loss  3.776 | ppl     43.63
[2022-04-11 02:16:38.540] E037 |   400/931 batches | lr 0.0001 | loss  3.760 | ppl     42.93
[2022-04-11 02:16:42.365] E037 |   600/931 batches | lr 0.0001 | loss  3.709 | ppl     40.82
[2022-04-11 02:16:46.199] E037 |   800/931 batches | lr 0.0001 | loss  3.670 | ppl     39.23
[2022-04-11 02:16:48.705] E037 |   931/931 batches | lr 0.0001 | loss  3.650 | ppl     38.46
[2022-04-11 02:16:51.556] End E037 | valid loss  4.605; ppl     99.95 | accu 0.2434 = 37584/154420
[2022-04-11 02:16:54.139] End E037 |  test loss  6.642; ppl    766.94 | accu 0.0994 = 13641/137280 ../data/sample_500k/cbt_valid.txt
[2022-04-11 02:17:10.142] End E037 |  test loss  7.902; ppl   2703.94 | accu 0.0356 = 30061/845100 ../data/sample_500k/adult_test.txt
[2022-04-11 02:17:10.142] Epoch 038/40 ==================================================
[2022-04-11 02:17:14.008] E038 |   200/931 batches | lr 0.0000 | loss  3.775 | ppl     43.58
[2022-04-11 02:17:17.871] E038 |   400/931 batches | lr 0.0000 | loss  3.758 | ppl     42.86
[2022-04-11 02:17:21.734] E038 |   600/931 batches | lr 0.0000 | loss  3.706 | ppl     40.70
[2022-04-11 02:17:25.660] E038 |   800/931 batches | lr 0.0000 | loss  3.669 | ppl     39.21
[2022-04-11 02:17:28.218] E038 |   931/931 batches | lr 0.0000 | loss  3.649 | ppl     38.43
[2022-04-11 02:17:31.052] End E038 | valid loss  4.605; ppl     99.95 | accu 0.2434 = 37584/154420
[2022-04-11 02:17:33.579] End E038 |  test loss  6.642; ppl    766.94 | accu 0.0994 = 13641/137280 ../data/sample_500k/cbt_valid.txt
[2022-04-11 02:17:49.365] End E038 |  test loss  7.902; ppl   2703.92 | accu 0.0356 = 30062/845100 ../data/sample_500k/adult_test.txt
[2022-04-11 02:17:49.365] Epoch 039/40 ==================================================
[2022-04-11 02:17:53.219] E039 |   200/931 batches | lr 0.0000 | loss  3.774 | ppl     43.54
[2022-04-11 02:17:57.071] E039 |   400/931 batches | lr 0.0000 | loss  3.761 | ppl     42.98
[2022-04-11 02:18:00.918] E039 |   600/931 batches | lr 0.0000 | loss  3.706 | ppl     40.70
[2022-04-11 02:18:04.765] E039 |   800/931 batches | lr 0.0000 | loss  3.665 | ppl     39.07
[2022-04-11 02:18:07.275] E039 |   931/931 batches | lr 0.0000 | loss  3.650 | ppl     38.48
[2022-04-11 02:18:10.100] End E039 | valid loss  4.605; ppl     99.95 | accu 0.2434 = 37584/154420
[2022-04-11 02:18:12.598] End E039 |  test loss  6.642; ppl    766.94 | accu 0.0994 = 13641/137280 ../data/sample_500k/cbt_valid.txt
[2022-04-11 02:18:29.396] End E039 |  test loss  7.902; ppl   2703.90 | accu 0.0356 = 30062/845100 ../data/sample_500k/adult_test.txt
[2022-04-11 02:18:29.397] Epoch 040/40 ==================================================
[2022-04-11 02:18:33.285] E040 |   200/931 batches | lr 0.0000 | loss  3.771 | ppl     43.41
[2022-04-11 02:18:37.157] E040 |   400/931 batches | lr 0.0000 | loss  3.757 | ppl     42.81
[2022-04-11 02:18:41.061] E040 |   600/931 batches | lr 0.0000 | loss  3.709 | ppl     40.82
[2022-04-11 02:18:44.927] E040 |   800/931 batches | lr 0.0000 | loss  3.666 | ppl     39.09
[2022-04-11 02:18:47.453] E040 |   931/931 batches | lr 0.0000 | loss  3.651 | ppl     38.50
[2022-04-11 02:18:50.310] End E040 | valid loss  4.605; ppl     99.95 | accu 0.2434 = 37583/154420
[2022-04-11 02:18:52.814] End E040 |  test loss  6.642; ppl    766.93 | accu 0.0994 = 13641/137280 ../data/sample_500k/cbt_valid.txt
[2022-04-11 02:19:08.265] End E040 |  test loss  7.902; ppl   2703.89 | accu 0.0356 = 30062/845100 ../data/sample_500k/adult_test.txt
[2022-04-11 02:19:10.861] End. test loss  6.65; ppl   775.36 | accu 0.0994 = 13642/137280 ../data/sample_500k/cbt_valid.txt
[2022-04-11 02:19:26.666] End. test loss  7.93; ppl  2773.13 | accu 0.0353 = 29793/845100 ../data/sample_500k/adult_test.txt
[2022-04-11 02:19:26.666] =========================================================================================
[2022-04-11 02:19:26.666] valid_loss
[2022-04-11 02:19:26.666]  5.38, 4.99, 4.87, 4.81, 4.76, 4.74, 4.71, 4.70, 4.72, 4.64, 4.65, 4.63, 4.62, 4.62, 4.63, 4.61, 4.61, 4.61, 4.61, 4.61, 4.61, 4.61, 4.61, 4.61, 4.61, 4.60, 4.61, 4.60, 4.60, 4.60, 4.60, 4.60, 4.60, 4.60, 4.60, 4.60, 4.60, 4.60, 4.60, 4.60
[2022-04-11 02:19:26.666] valid_loss ppl
[2022-04-11 02:19:26.666]   217.16,  146.46,  130.12,  122.40,  117.06,  113.98,  110.94,  109.86,  112.14,  103.84,  104.12,  102.25,  101.85,  101.49,  102.06,  100.66,  100.83,  100.36,  100.66,  100.55,  100.48,  100.19,  100.09,  100.14,  100.02,   99.92,  100.01,   99.93,   99.95,   99.95,   99.95,   99.95,   99.95,   99.95,   99.95,   99.95,   99.95,   99.95,   99.95,   99.95
[2022-04-11 02:19:26.666] test_loss of ../data/sample_500k/cbt_valid.txt
[2022-04-11 02:19:26.666]  5.87, 5.92, 6.06, 5.97, 6.13, 6.03, 6.14, 6.06, 6.49, 6.48, 6.55, 6.56, 6.68, 6.62, 6.70, 6.70, 6.72, 6.73, 6.74, 6.74, 6.70, 6.67, 6.67, 6.68, 6.66, 6.65, 6.66, 6.64, 6.64, 6.64, 6.64, 6.64, 6.64, 6.64, 6.64, 6.64, 6.64, 6.64, 6.64, 6.64
[2022-04-11 02:19:26.666] test_loss of ../data/sample_500k/cbt_valid.txt ppl
[2022-04-11 02:19:26.667]   354.84,  371.95,  426.45,  390.02,  459.06,  416.98,  463.89,  429.13,  658.35,  651.78,  702.69,  704.48,  793.24,  750.77,  812.26,  810.79,  829.40,  841.04,  843.55,  847.24,  812.03,  791.65,  789.83,  794.98,  780.14,  775.36,  777.92,  768.07,  767.18,  767.30,  767.12,  766.96,  766.94,  766.95,  766.94,  766.96,  766.94,  766.94,  766.94,  766.93
[2022-04-11 02:19:26.667] test_loss of ../data/sample_500k/adult_test.txt
[2022-04-11 02:19:26.667]  6.65, 6.95, 7.42, 7.36, 7.69, 7.46, 7.58, 7.38, 7.84, 8.12, 8.11, 8.08, 8.08, 7.91, 7.87, 7.93, 8.04, 8.07, 8.04, 8.07, 8.00, 7.96, 7.96, 7.97, 7.93, 7.93, 7.93, 7.91, 7.90, 7.90, 7.90, 7.90, 7.90, 7.90, 7.90, 7.90, 7.90, 7.90, 7.90, 7.90
[2022-04-11 02:19:26.667] test_loss of ../data/sample_500k/adult_test.txt ppl
[2022-04-11 02:19:26.667]   769.13, 1044.71, 1672.15, 1577.11, 2187.21, 1745.58, 1966.27, 1608.51, 2531.73, 3363.53, 3324.44, 3218.04, 3239.81, 2721.34, 2626.80, 2775.82, 3089.38, 3190.01, 3105.88, 3209.27, 2986.09, 2859.34, 2857.40, 2885.63, 2780.39, 2773.13, 2783.70, 2727.27, 2710.65, 2708.02, 2706.03, 2704.29, 2704.12, 2704.08, 2704.01, 2704.02, 2703.94, 2703.92, 2703.90, 2703.89
