[2022-04-10 23:57:23.135] corpus.train_file_list: 1
[2022-04-10 23:57:23.135]         ../data/sample_500k/adolescent_train.txt
[2022-04-10 23:57:23.135] corpus.valid_file_list: 1
[2022-04-10 23:57:23.135]         ../data/sample_500k/adolescent_valid.txt
[2022-04-10 23:57:23.135] corpus.test_file_list: 2
[2022-04-10 23:57:23.135]         ../data/sample_500k/cbt_valid.txt
[2022-04-10 23:57:23.135]         ../data/sample_500k/adult_test.txt
[2022-04-10 23:57:23.135] corpus.subword_vocab_size: 200
[2022-04-10 23:57:23.136] corpus.subword_model.train(2 files)...
[2022-04-10 23:57:23.136]         ../data/sample_500k/adolescent_train.txt
[2022-04-10 23:57:23.136]         ../data/sample_500k/adolescent_valid.txt
[2022-04-10 23:57:23.510] corpus.subword_model.train(2 files)...Done
[2022-04-10 23:57:23.510] corpus tokenize...
[2022-04-10 23:57:26.713]         train tokens: 1265150  ../data/sample_500k/adolescent_train.txt
[2022-04-10 23:57:27.417]         valid tokens: 295754  ../data/sample_500k/adolescent_valid.txt
[2022-04-10 23:57:27.909]         test  tokens: 256786  ../data/sample_500k/cbt_valid.txt
[2022-04-10 23:57:30.371]         test  tokens: 1610469  ../data/sample_500k/adult_test.txt
[2022-04-10 23:57:30.371] corpus.ntokens      : 196
[2022-04-10 23:57:30.371] corpus.char_count   : 118
[2022-04-10 23:57:30.371] corpus.char_cnt_dict: 118
[2022-04-10 23:57:30.371] corpus.char_id_dict : 118
[2022-04-10 23:57:30.389] corpus.batchify(1 files, batch_size=20)...
[2022-04-10 23:57:30.389]         tokens_all: 1265150
[2022-04-10 23:57:30.389]         batched   :  63257
[2022-04-10 23:57:30.389]         ../data/sample_500k/adolescent_train.txt
[2022-04-10 23:57:30.395] corpus.batchify(1 files, batch_size=20)...
[2022-04-10 23:57:30.395]         tokens_all: 295754
[2022-04-10 23:57:30.395]         batched   :  14787
[2022-04-10 23:57:30.395]         ../data/sample_500k/adolescent_valid.txt
[2022-04-10 23:57:30.401] corpus.batchify(1 files, batch_size=20)...
[2022-04-10 23:57:30.401]         tokens_all: 256786
[2022-04-10 23:57:30.401]         batched   :  12839
[2022-04-10 23:57:30.401]         ../data/sample_500k/cbt_valid.txt
[2022-04-10 23:57:30.416] corpus.batchify(1 files, batch_size=20)...
[2022-04-10 23:57:30.416]         tokens_all: 1610469
[2022-04-10 23:57:30.416]         batched   :  80523
[2022-04-10 23:57:30.416]         ../data/sample_500k/adult_test.txt
[2022-04-10 23:57:30.424] RNNModel.rnn_type: LSTM
[2022-04-10 23:57:30.424] RNNModel.ntoken  : 196
[2022-04-10 23:57:30.424] RNNModel.ninp    : 200
[2022-04-10 23:57:30.425] RNNModel.nhid    : 200
[2022-04-10 23:57:30.425] RNNModel.nlayers : 2
[2022-04-10 23:57:30.425] RNNModel.dropout : 0.2
[2022-04-10 23:57:30.425] RNNModel.tie_weights: False
[2022-04-10 23:57:30.425] RNNModel.char_mode  : 
[2022-04-10 23:57:30.425] RNNModel.char_cnt   : 119
[2022-04-10 23:57:30.425] RNNModel.char_emsize: 25
[2022-04-10 23:57:30.425] RNNModel.char_nhid  : 200
[2022-04-10 23:57:30.425] RNNModel will not use char-encoding
[2022-04-10 23:57:30.427] Epoch 001/40 ==================================================
[2022-04-10 23:57:33.776] E001 |   200/1807 batches | lr 20.0000 | loss  4.450 | ppl     85.63
[2022-04-10 23:57:37.265] E001 |   400/1807 batches | lr 20.0000 | loss  4.003 | ppl     54.79
[2022-04-10 23:57:40.678] E001 |   600/1807 batches | lr 20.0000 | loss  3.603 | ppl     36.70
[2022-04-10 23:57:44.087] E001 |   800/1807 batches | lr 20.0000 | loss  3.360 | ppl     28.80
[2022-04-10 23:57:47.497] E001 |  1000/1807 batches | lr 20.0000 | loss  3.227 | ppl     25.21
[2022-04-10 23:57:50.938] E001 |  1200/1807 batches | lr 20.0000 | loss  3.127 | ppl     22.79
[2022-04-10 23:57:54.309] E001 |  1400/1807 batches | lr 20.0000 | loss  3.078 | ppl     21.71
[2022-04-10 23:57:57.683] E001 |  1600/1807 batches | lr 20.0000 | loss  2.997 | ppl     20.02
[2022-04-10 23:58:01.103] E001 |  1800/1807 batches | lr 20.0000 | loss  2.969 | ppl     19.48
[2022-04-10 23:58:01.223] E001 |  1807/1807 batches | lr 20.0000 | loss  3.105 | ppl     22.30
[2022-04-10 23:58:06.230] End E001 | valid loss  2.960; ppl     19.30 | accu 0.2894 = 85595/295720
[2022-04-10 23:58:10.550] End E001 |  test loss  3.202; ppl     24.57 | accu 0.2394 = 61476/256760 ../data/sample_500k/cbt_valid.txt
[2022-04-10 23:58:37.534] End E001 |  test loss  3.463; ppl     31.92 | accu 0.2067 = 332854/1610440 ../data/sample_500k/adult_test.txt
[2022-04-10 23:58:37.534] Save: model.pt... 
[2022-04-10 23:58:37.553] Save: model.pt...Done. best_val_loss: 2.9603
[2022-04-10 23:58:37.553] Epoch 002/40 ==================================================
[2022-04-10 23:58:40.920] E002 |   200/1807 batches | lr 20.0000 | loss  2.968 | ppl     19.44
[2022-04-10 23:58:44.322] E002 |   400/1807 batches | lr 20.0000 | loss  2.961 | ppl     19.32
[2022-04-10 23:58:47.771] E002 |   600/1807 batches | lr 20.0000 | loss  2.938 | ppl     18.89
[2022-04-10 23:58:51.178] E002 |   800/1807 batches | lr 20.0000 | loss  2.904 | ppl     18.26
[2022-04-10 23:58:55.140] E002 |  1000/1807 batches | lr 20.0000 | loss  2.893 | ppl     18.05
[2022-04-10 23:58:58.542] E002 |  1200/1807 batches | lr 20.0000 | loss  2.864 | ppl     17.52
[2022-04-10 23:59:01.929] E002 |  1400/1807 batches | lr 20.0000 | loss  2.865 | ppl     17.55
[2022-04-10 23:59:05.306] E002 |  1600/1807 batches | lr 20.0000 | loss  2.819 | ppl     16.77
[2022-04-10 23:59:08.683] E002 |  1800/1807 batches | lr 20.0000 | loss  2.816 | ppl     16.72
[2022-04-10 23:59:08.801] E002 |  1807/1807 batches | lr 20.0000 | loss  2.989 | ppl     19.87
[2022-04-10 23:59:13.829] End E002 | valid loss  2.827; ppl     16.90 | accu 0.3154 = 93273/295720
[2022-04-10 23:59:18.152] End E002 |  test loss  3.086; ppl     21.89 | accu 0.2625 = 67403/256760 ../data/sample_500k/cbt_valid.txt
[2022-04-10 23:59:45.387] End E002 |  test loss  3.349; ppl     28.48 | accu 0.2306 = 371341/1610440 ../data/sample_500k/adult_test.txt
[2022-04-10 23:59:45.388] Save: model.pt... 
[2022-04-10 23:59:45.396] Save: model.pt...Done. best_val_loss: 2.8270
[2022-04-10 23:59:45.396] Epoch 003/40 ==================================================
[2022-04-10 23:59:48.767] E003 |   200/1807 batches | lr 20.0000 | loss  2.836 | ppl     17.04
[2022-04-10 23:59:52.133] E003 |   400/1807 batches | lr 20.0000 | loss  2.850 | ppl     17.28
[2022-04-10 23:59:55.521] E003 |   600/1807 batches | lr 20.0000 | loss  2.838 | ppl     17.08
[2022-04-10 23:59:58.876] E003 |   800/1807 batches | lr 20.0000 | loss  2.816 | ppl     16.71
[2022-04-11 00:00:02.255] E003 |  1000/1807 batches | lr 20.0000 | loss  2.812 | ppl     16.65
[2022-04-11 00:00:05.622] E003 |  1200/1807 batches | lr 20.0000 | loss  2.794 | ppl     16.35
[2022-04-11 00:00:09.042] E003 |  1400/1807 batches | lr 20.0000 | loss  2.800 | ppl     16.45
[2022-04-11 00:00:12.400] E003 |  1600/1807 batches | lr 20.0000 | loss  2.763 | ppl     15.84
[2022-04-11 00:00:15.762] E003 |  1800/1807 batches | lr 20.0000 | loss  2.759 | ppl     15.79
[2022-04-11 00:00:15.879] E003 |  1807/1807 batches | lr 20.0000 | loss  2.919 | ppl     18.52
[2022-04-11 00:00:20.822] End E003 | valid loss  2.781; ppl     16.14 | accu 0.3251 = 96129/295720
[2022-04-11 00:00:25.115] End E003 |  test loss  3.064; ppl     21.42 | accu 0.2669 = 68539/256760 ../data/sample_500k/cbt_valid.txt
[2022-04-11 00:00:52.067] End E003 |  test loss  3.344; ppl     28.34 | accu 0.2296 = 369742/1610440 ../data/sample_500k/adult_test.txt
[2022-04-11 00:00:52.067] Save: model.pt... 
[2022-04-11 00:00:52.075] Save: model.pt...Done. best_val_loss: 2.7814
[2022-04-11 00:00:52.075] Epoch 004/40 ==================================================
[2022-04-11 00:00:55.434] E004 |   200/1807 batches | lr 20.0000 | loss  2.784 | ppl     16.19
[2022-04-11 00:00:58.781] E004 |   400/1807 batches | lr 20.0000 | loss  2.806 | ppl     16.55
[2022-04-11 00:01:02.135] E004 |   600/1807 batches | lr 20.0000 | loss  2.795 | ppl     16.36
[2022-04-11 00:01:05.467] E004 |   800/1807 batches | lr 20.0000 | loss  2.778 | ppl     16.09
[2022-04-11 00:01:08.820] E004 |  1000/1807 batches | lr 20.0000 | loss  2.775 | ppl     16.04
[2022-04-11 00:01:12.297] E004 |  1200/1807 batches | lr 20.0000 | loss  2.757 | ppl     15.75
[2022-04-11 00:01:15.674] E004 |  1400/1807 batches | lr 20.0000 | loss  2.769 | ppl     15.94
[2022-04-11 00:01:19.015] E004 |  1600/1807 batches | lr 20.0000 | loss  2.724 | ppl     15.25
[2022-04-11 00:01:22.425] E004 |  1800/1807 batches | lr 20.0000 | loss  2.728 | ppl     15.31
[2022-04-11 00:01:22.545] E004 |  1807/1807 batches | lr 20.0000 | loss  2.910 | ppl     18.35
[2022-04-11 00:01:27.496] End E004 | valid loss  2.747; ppl     15.59 | accu 0.3357 = 99287/295720
[2022-04-11 00:01:31.813] End E004 |  test loss  3.041; ppl     20.93 | accu 0.2739 = 70328/256760 ../data/sample_500k/cbt_valid.txt
[2022-04-11 00:01:58.929] End E004 |  test loss  3.357; ppl     28.71 | accu 0.2319 = 373426/1610440 ../data/sample_500k/adult_test.txt
[2022-04-11 00:01:58.929] Save: model.pt... 
[2022-04-11 00:01:58.938] Save: model.pt...Done. best_val_loss: 2.7469
[2022-04-11 00:01:58.938] Epoch 005/40 ==================================================
[2022-04-11 00:02:02.346] E005 |   200/1807 batches | lr 20.0000 | loss  2.755 | ppl     15.72
[2022-04-11 00:02:05.744] E005 |   400/1807 batches | lr 20.0000 | loss  2.773 | ppl     16.01
[2022-04-11 00:02:09.140] E005 |   600/1807 batches | lr 20.0000 | loss  2.769 | ppl     15.95
[2022-04-11 00:02:12.509] E005 |   800/1807 batches | lr 20.0000 | loss  2.749 | ppl     15.62
[2022-04-11 00:02:15.865] E005 |  1000/1807 batches | lr 20.0000 | loss  2.751 | ppl     15.66
[2022-04-11 00:02:19.247] E005 |  1200/1807 batches | lr 20.0000 | loss  2.727 | ppl     15.29
[2022-04-11 00:02:22.612] E005 |  1400/1807 batches | lr 20.0000 | loss  2.744 | ppl     15.54
[2022-04-11 00:02:25.962] E005 |  1600/1807 batches | lr 20.0000 | loss  2.705 | ppl     14.96
[2022-04-11 00:02:29.339] E005 |  1800/1807 batches | lr 20.0000 | loss  2.704 | ppl     14.94
[2022-04-11 00:02:29.456] E005 |  1807/1807 batches | lr 20.0000 | loss  2.899 | ppl     18.15
[2022-04-11 00:02:34.427] End E005 | valid loss  2.731; ppl     15.35 | accu 0.3372 = 99726/295720
[2022-04-11 00:02:38.720] End E005 |  test loss  2.974; ppl     19.57 | accu 0.2939 = 75471/256760 ../data/sample_500k/cbt_valid.txt
[2022-04-11 00:03:05.714] End E005 |  test loss  3.423; ppl     30.65 | accu 0.2493 = 401562/1610440 ../data/sample_500k/adult_test.txt
[2022-04-11 00:03:05.714] Save: model.pt... 
[2022-04-11 00:03:05.723] Save: model.pt...Done. best_val_loss: 2.7314
[2022-04-11 00:03:05.723] Epoch 006/40 ==================================================
[2022-04-11 00:03:09.114] E006 |   200/1807 batches | lr 20.0000 | loss  2.740 | ppl     15.49
[2022-04-11 00:03:12.484] E006 |   400/1807 batches | lr 20.0000 | loss  2.756 | ppl     15.74
[2022-04-11 00:03:16.476] E006 |   600/1807 batches | lr 20.0000 | loss  2.756 | ppl     15.74
[2022-04-11 00:03:20.172] E006 |   800/1807 batches | lr 20.0000 | loss  2.735 | ppl     15.42
[2022-04-11 00:03:23.527] E006 |  1000/1807 batches | lr 20.0000 | loss  2.736 | ppl     15.43
[2022-04-11 00:03:26.915] E006 |  1200/1807 batches | lr 20.0000 | loss  2.721 | ppl     15.20
[2022-04-11 00:03:30.270] E006 |  1400/1807 batches | lr 20.0000 | loss  2.733 | ppl     15.37
[2022-04-11 00:03:33.633] E006 |  1600/1807 batches | lr 20.0000 | loss  2.692 | ppl     14.77
[2022-04-11 00:03:36.989] E006 |  1800/1807 batches | lr 20.0000 | loss  2.697 | ppl     14.83
[2022-04-11 00:03:37.107] E006 |  1807/1807 batches | lr 20.0000 | loss  2.864 | ppl     17.53
[2022-04-11 00:03:42.116] End E006 | valid loss  2.732; ppl     15.37 | accu 0.3371 = 99690/295720
[2022-04-11 00:03:46.470] End E006 |  test loss  3.015; ppl     20.40 | accu 0.2844 = 73015/256760 ../data/sample_500k/cbt_valid.txt
[2022-04-11 00:04:13.599] End E006 |  test loss  3.422; ppl     30.62 | accu 0.2382 = 383665/1610440 ../data/sample_500k/adult_test.txt
[2022-04-11 00:04:13.599] Epoch 007/40 ==================================================
[2022-04-11 00:04:16.957] E007 |   200/1807 batches | lr 10.0000 | loss  2.687 | ppl     14.69
[2022-04-11 00:04:20.354] E007 |   400/1807 batches | lr 10.0000 | loss  2.679 | ppl     14.57
[2022-04-11 00:04:23.734] E007 |   600/1807 batches | lr 10.0000 | loss  2.665 | ppl     14.37
[2022-04-11 00:04:27.145] E007 |   800/1807 batches | lr 10.0000 | loss  2.633 | ppl     13.91
[2022-04-11 00:04:30.498] E007 |  1000/1807 batches | lr 10.0000 | loss  2.628 | ppl     13.85
[2022-04-11 00:04:33.839] E007 |  1200/1807 batches | lr 10.0000 | loss  2.602 | ppl     13.50
[2022-04-11 00:04:37.203] E007 |  1400/1807 batches | lr 10.0000 | loss  2.614 | ppl     13.65
[2022-04-11 00:04:40.588] E007 |  1600/1807 batches | lr 10.0000 | loss  2.570 | ppl     13.06
[2022-04-11 00:04:44.555] E007 |  1800/1807 batches | lr 10.0000 | loss  2.571 | ppl     13.07
[2022-04-11 00:04:44.692] E007 |  1807/1807 batches | lr 10.0000 | loss  2.743 | ppl     15.53
[2022-04-11 00:04:50.823] End E007 | valid loss  2.625; ppl     13.80 | accu 0.3616 = 106940/295720
[2022-04-11 00:04:56.140] End E007 |  test loss  2.988; ppl     19.84 | accu 0.2829 = 72628/256760 ../data/sample_500k/cbt_valid.txt
[2022-04-11 00:05:29.427] End E007 |  test loss  3.368; ppl     29.02 | accu 0.2466 = 397110/1610440 ../data/sample_500k/adult_test.txt
[2022-04-11 00:05:29.427] Save: model.pt... 
[2022-04-11 00:05:29.436] Save: model.pt...Done. best_val_loss: 2.6249
[2022-04-11 00:05:29.436] Epoch 008/40 ==================================================
[2022-04-11 00:05:33.449] E008 |   200/1807 batches | lr 10.0000 | loss  2.608 | ppl     13.58
[2022-04-11 00:05:37.410] E008 |   400/1807 batches | lr 10.0000 | loss  2.627 | ppl     13.84
[2022-04-11 00:05:41.172] E008 |   600/1807 batches | lr 10.0000 | loss  2.622 | ppl     13.76
[2022-04-11 00:05:44.590] E008 |   800/1807 batches | lr 10.0000 | loss  2.597 | ppl     13.42
[2022-04-11 00:05:47.992] E008 |  1000/1807 batches | lr 10.0000 | loss  2.599 | ppl     13.44
[2022-04-11 00:05:51.361] E008 |  1200/1807 batches | lr 10.0000 | loss  2.576 | ppl     13.15
[2022-04-11 00:05:54.776] E008 |  1400/1807 batches | lr 10.0000 | loss  2.591 | ppl     13.35
[2022-04-11 00:05:58.159] E008 |  1600/1807 batches | lr 10.0000 | loss  2.549 | ppl     12.80
[2022-04-11 00:06:01.608] E008 |  1800/1807 batches | lr 10.0000 | loss  2.553 | ppl     12.84
[2022-04-11 00:06:01.736] E008 |  1807/1807 batches | lr 10.0000 | loss  2.715 | ppl     15.11
[2022-04-11 00:06:06.737] End E008 | valid loss  2.627; ppl     13.84 | accu 0.3619 = 107024/295720
[2022-04-11 00:06:11.040] End E008 |  test loss  2.955; ppl     19.20 | accu 0.2921 = 75001/256760 ../data/sample_500k/cbt_valid.txt
[2022-04-11 00:06:38.111] End E008 |  test loss  3.350; ppl     28.49 | accu 0.2486 = 400283/1610440 ../data/sample_500k/adult_test.txt
[2022-04-11 00:06:38.111] Epoch 009/40 ==================================================
[2022-04-11 00:06:41.496] E009 |   200/1807 batches | lr 5.0000 | loss  2.575 | ppl     13.13
[2022-04-11 00:06:44.885] E009 |   400/1807 batches | lr 5.0000 | loss  2.584 | ppl     13.25
[2022-04-11 00:06:48.236] E009 |   600/1807 batches | lr 5.0000 | loss  2.573 | ppl     13.10
[2022-04-11 00:06:51.594] E009 |   800/1807 batches | lr 5.0000 | loss  2.543 | ppl     12.72
[2022-04-11 00:06:54.954] E009 |  1000/1807 batches | lr 5.0000 | loss  2.543 | ppl     12.72
[2022-04-11 00:06:58.620] E009 |  1200/1807 batches | lr 5.0000 | loss  2.521 | ppl     12.45
[2022-04-11 00:07:02.612] E009 |  1400/1807 batches | lr 5.0000 | loss  2.532 | ppl     12.58
[2022-04-11 00:07:06.565] E009 |  1600/1807 batches | lr 5.0000 | loss  2.491 | ppl     12.08
[2022-04-11 00:07:10.540] E009 |  1800/1807 batches | lr 5.0000 | loss  2.490 | ppl     12.06
[2022-04-11 00:07:10.679] E009 |  1807/1807 batches | lr 5.0000 | loss  2.663 | ppl     14.34
[2022-04-11 00:07:16.845] End E009 | valid loss  2.569; ppl     13.05 | accu 0.3749 = 110879/295720
[2022-04-11 00:07:22.175] End E009 |  test loss  2.992; ppl     19.93 | accu 0.2873 = 73773/256760 ../data/sample_500k/cbt_valid.txt
[2022-04-11 00:07:55.703] End E009 |  test loss  3.391; ppl     29.70 | accu 0.2461 = 396284/1610440 ../data/sample_500k/adult_test.txt
[2022-04-11 00:07:55.703] Save: model.pt... 
[2022-04-11 00:07:55.712] Save: model.pt...Done. best_val_loss: 2.5685
[2022-04-11 00:07:55.712] Epoch 010/40 ==================================================
[2022-04-11 00:07:59.686] E010 |   200/1807 batches | lr 5.0000 | loss  2.534 | ppl     12.60
[2022-04-11 00:08:03.641] E010 |   400/1807 batches | lr 5.0000 | loss  2.553 | ppl     12.84
[2022-04-11 00:08:07.583] E010 |   600/1807 batches | lr 5.0000 | loss  2.547 | ppl     12.77
[2022-04-11 00:08:11.540] E010 |   800/1807 batches | lr 5.0000 | loss  2.523 | ppl     12.46
[2022-04-11 00:08:15.477] E010 |  1000/1807 batches | lr 5.0000 | loss  2.526 | ppl     12.50
[2022-04-11 00:08:19.469] E010 |  1200/1807 batches | lr 5.0000 | loss  2.504 | ppl     12.23
[2022-04-11 00:08:23.525] E010 |  1400/1807 batches | lr 5.0000 | loss  2.518 | ppl     12.41
[2022-04-11 00:08:27.177] E010 |  1600/1807 batches | lr 5.0000 | loss  2.479 | ppl     11.93
[2022-04-11 00:08:30.554] E010 |  1800/1807 batches | lr 5.0000 | loss  2.478 | ppl     11.91
[2022-04-11 00:08:30.671] E010 |  1807/1807 batches | lr 5.0000 | loss  2.649 | ppl     14.14
[2022-04-11 00:08:35.637] End E010 | valid loss  2.558; ppl     12.91 | accu 0.3777 = 111693/295720
[2022-04-11 00:08:39.963] End E010 |  test loss  2.929; ppl     18.71 | accu 0.2956 = 75904/256760 ../data/sample_500k/cbt_valid.txt
[2022-04-11 00:09:07.176] End E010 |  test loss  3.313; ppl     27.46 | accu 0.2556 = 411646/1610440 ../data/sample_500k/adult_test.txt
[2022-04-11 00:09:07.176] Save: model.pt... 
[2022-04-11 00:09:07.185] Save: model.pt...Done. best_val_loss: 2.5578
[2022-04-11 00:09:07.185] Epoch 011/40 ==================================================
[2022-04-11 00:09:10.694] E011 |   200/1807 batches | lr 5.0000 | loss  2.517 | ppl     12.39
[2022-04-11 00:09:14.098] E011 |   400/1807 batches | lr 5.0000 | loss  2.542 | ppl     12.71
[2022-04-11 00:09:17.535] E011 |   600/1807 batches | lr 5.0000 | loss  2.534 | ppl     12.60
[2022-04-11 00:09:20.938] E011 |   800/1807 batches | lr 5.0000 | loss  2.510 | ppl     12.30
[2022-04-11 00:09:24.330] E011 |  1000/1807 batches | lr 5.0000 | loss  2.515 | ppl     12.37
[2022-04-11 00:09:27.756] E011 |  1200/1807 batches | lr 5.0000 | loss  2.489 | ppl     12.05
[2022-04-11 00:09:31.157] E011 |  1400/1807 batches | lr 5.0000 | loss  2.504 | ppl     12.23
[2022-04-11 00:09:34.577] E011 |  1600/1807 batches | lr 5.0000 | loss  2.466 | ppl     11.78
[2022-04-11 00:09:38.012] E011 |  1800/1807 batches | lr 5.0000 | loss  2.471 | ppl     11.83
[2022-04-11 00:09:38.129] E011 |  1807/1807 batches | lr 5.0000 | loss  2.638 | ppl     13.99
[2022-04-11 00:09:43.134] End E011 | valid loss  2.551; ppl     12.82 | accu 0.3785 = 111925/295720
[2022-04-11 00:09:47.453] End E011 |  test loss  2.929; ppl     18.72 | accu 0.2972 = 76306/256760 ../data/sample_500k/cbt_valid.txt
[2022-04-11 00:10:14.971] End E011 |  test loss  3.328; ppl     27.89 | accu 0.2550 = 410642/1610440 ../data/sample_500k/adult_test.txt
[2022-04-11 00:10:14.971] Save: model.pt... 
[2022-04-11 00:10:14.979] Save: model.pt...Done. best_val_loss: 2.5511
[2022-04-11 00:10:14.980] Epoch 012/40 ==================================================
[2022-04-11 00:10:18.360] E012 |   200/1807 batches | lr 5.0000 | loss  2.510 | ppl     12.30
[2022-04-11 00:10:22.334] E012 |   400/1807 batches | lr 5.0000 | loss  2.528 | ppl     12.53
[2022-04-11 00:10:26.283] E012 |   600/1807 batches | lr 5.0000 | loss  2.525 | ppl     12.50
[2022-04-11 00:10:29.725] E012 |   800/1807 batches | lr 5.0000 | loss  2.503 | ppl     12.22
[2022-04-11 00:10:33.067] E012 |  1000/1807 batches | lr 5.0000 | loss  2.502 | ppl     12.20
[2022-04-11 00:10:36.504] E012 |  1200/1807 batches | lr 5.0000 | loss  2.482 | ppl     11.97
[2022-04-11 00:10:40.094] E012 |  1400/1807 batches | lr 5.0000 | loss  2.499 | ppl     12.17
[2022-04-11 00:10:43.463] E012 |  1600/1807 batches | lr 5.0000 | loss  2.458 | ppl     11.69
[2022-04-11 00:10:46.874] E012 |  1800/1807 batches | lr 5.0000 | loss  2.463 | ppl     11.74
[2022-04-11 00:10:46.993] E012 |  1807/1807 batches | lr 5.0000 | loss  2.614 | ppl     13.66
[2022-04-11 00:10:52.150] End E012 | valid loss  2.577; ppl     13.16 | accu 0.3729 = 110288/295720
[2022-04-11 00:10:56.496] End E012 |  test loss  2.914; ppl     18.43 | accu 0.3013 = 77365/256760 ../data/sample_500k/cbt_valid.txt
[2022-04-11 00:11:25.095] End E012 |  test loss  3.298; ppl     27.06 | accu 0.2583 = 415952/1610440 ../data/sample_500k/adult_test.txt
[2022-04-11 00:11:25.095] Epoch 013/40 ==================================================
[2022-04-11 00:11:28.564] E013 |   200/1807 batches | lr 2.5000 | loss  2.495 | ppl     12.12
[2022-04-11 00:11:32.026] E013 |   400/1807 batches | lr 2.5000 | loss  2.511 | ppl     12.32
[2022-04-11 00:11:35.499] E013 |   600/1807 batches | lr 2.5000 | loss  2.503 | ppl     12.22
[2022-04-11 00:11:38.935] E013 |   800/1807 batches | lr 2.5000 | loss  2.474 | ppl     11.87
[2022-04-11 00:11:42.397] E013 |  1000/1807 batches | lr 2.5000 | loss  2.476 | ppl     11.90
[2022-04-11 00:11:45.847] E013 |  1200/1807 batches | lr 2.5000 | loss  2.458 | ppl     11.68
[2022-04-11 00:11:49.272] E013 |  1400/1807 batches | lr 2.5000 | loss  2.467 | ppl     11.78
[2022-04-11 00:11:52.729] E013 |  1600/1807 batches | lr 2.5000 | loss  2.426 | ppl     11.31
[2022-04-11 00:11:56.177] E013 |  1800/1807 batches | lr 2.5000 | loss  2.428 | ppl     11.34
[2022-04-11 00:11:56.297] E013 |  1807/1807 batches | lr 2.5000 | loss  2.597 | ppl     13.42
[2022-04-11 00:12:01.435] End E013 | valid loss  2.555; ppl     12.87 | accu 0.3781 = 111813/295720
[2022-04-11 00:12:05.896] End E013 |  test loss  2.958; ppl     19.26 | accu 0.2935 = 75355/256760 ../data/sample_500k/cbt_valid.txt
[2022-04-11 00:12:34.265] End E013 |  test loss  3.345; ppl     28.36 | accu 0.2552 = 411045/1610440 ../data/sample_500k/adult_test.txt
[2022-04-11 00:12:34.265] Epoch 014/40 ==================================================
[2022-04-11 00:12:37.735] E014 |   200/1807 batches | lr 1.2500 | loss  2.477 | ppl     11.90
[2022-04-11 00:12:41.172] E014 |   400/1807 batches | lr 1.2500 | loss  2.495 | ppl     12.12
[2022-04-11 00:12:44.617] E014 |   600/1807 batches | lr 1.2500 | loss  2.486 | ppl     12.02
[2022-04-11 00:12:48.095] E014 |   800/1807 batches | lr 1.2500 | loss  2.460 | ppl     11.70
[2022-04-11 00:12:51.615] E014 |  1000/1807 batches | lr 1.2500 | loss  2.457 | ppl     11.67
[2022-04-11 00:12:55.137] E014 |  1200/1807 batches | lr 1.2500 | loss  2.439 | ppl     11.47
[2022-04-11 00:12:58.638] E014 |  1400/1807 batches | lr 1.2500 | loss  2.451 | ppl     11.60
[2022-04-11 00:13:02.120] E014 |  1600/1807 batches | lr 1.2500 | loss  2.409 | ppl     11.13
[2022-04-11 00:13:05.599] E014 |  1800/1807 batches | lr 1.2500 | loss  2.413 | ppl     11.17
[2022-04-11 00:13:05.718] E014 |  1807/1807 batches | lr 1.2500 | loss  2.587 | ppl     13.29
[2022-04-11 00:13:10.942] End E014 | valid loss  2.536; ppl     12.63 | accu 0.3824 = 113082/295720
[2022-04-11 00:13:15.471] End E014 |  test loss  2.995; ppl     19.98 | accu 0.2922 = 75021/256760 ../data/sample_500k/cbt_valid.txt
[2022-04-11 00:13:43.975] End E014 |  test loss  3.401; ppl     29.98 | accu 0.2517 = 405312/1610440 ../data/sample_500k/adult_test.txt
[2022-04-11 00:13:43.975] Save: model.pt... 
[2022-04-11 00:13:43.985] Save: model.pt...Done. best_val_loss: 2.5360
[2022-04-11 00:13:43.985] Epoch 015/40 ==================================================
[2022-04-11 00:13:47.490] E015 |   200/1807 batches | lr 1.2500 | loss  2.467 | ppl     11.79
[2022-04-11 00:13:50.994] E015 |   400/1807 batches | lr 1.2500 | loss  2.485 | ppl     12.00
[2022-04-11 00:13:54.494] E015 |   600/1807 batches | lr 1.2500 | loss  2.477 | ppl     11.91
[2022-04-11 00:13:58.007] E015 |   800/1807 batches | lr 1.2500 | loss  2.452 | ppl     11.61
[2022-04-11 00:14:01.496] E015 |  1000/1807 batches | lr 1.2500 | loss  2.456 | ppl     11.66
[2022-04-11 00:14:04.992] E015 |  1200/1807 batches | lr 1.2500 | loss  2.434 | ppl     11.41
[2022-04-11 00:14:08.471] E015 |  1400/1807 batches | lr 1.2500 | loss  2.447 | ppl     11.55
[2022-04-11 00:14:11.966] E015 |  1600/1807 batches | lr 1.2500 | loss  2.407 | ppl     11.10
[2022-04-11 00:14:15.429] E015 |  1800/1807 batches | lr 1.2500 | loss  2.409 | ppl     11.12
[2022-04-11 00:14:15.549] E015 |  1807/1807 batches | lr 1.2500 | loss  2.585 | ppl     13.27
[2022-04-11 00:14:20.771] End E015 | valid loss  2.526; ppl     12.51 | accu 0.3840 = 113548/295720
[2022-04-11 00:14:25.303] End E015 |  test loss  2.991; ppl     19.91 | accu 0.2923 = 75053/256760 ../data/sample_500k/cbt_valid.txt
[2022-04-11 00:14:53.579] End E015 |  test loss  3.406; ppl     30.13 | accu 0.2515 = 404962/1610440 ../data/sample_500k/adult_test.txt
[2022-04-11 00:14:53.580] Save: model.pt... 
[2022-04-11 00:14:53.595] Save: model.pt...Done. best_val_loss: 2.5263
[2022-04-11 00:14:53.595] Epoch 016/40 ==================================================
[2022-04-11 00:14:57.065] E016 |   200/1807 batches | lr 1.2500 | loss  2.460 | ppl     11.70
[2022-04-11 00:15:00.532] E016 |   400/1807 batches | lr 1.2500 | loss  2.479 | ppl     11.93
[2022-04-11 00:15:04.163] E016 |   600/1807 batches | lr 1.2500 | loss  2.474 | ppl     11.87
[2022-04-11 00:15:07.642] E016 |   800/1807 batches | lr 1.2500 | loss  2.446 | ppl     11.54
[2022-04-11 00:15:11.101] E016 |  1000/1807 batches | lr 1.2500 | loss  2.450 | ppl     11.59
[2022-04-11 00:15:14.609] E016 |  1200/1807 batches | lr 1.2500 | loss  2.432 | ppl     11.39
[2022-04-11 00:15:18.067] E016 |  1400/1807 batches | lr 1.2500 | loss  2.443 | ppl     11.51
[2022-04-11 00:15:21.573] E016 |  1600/1807 batches | lr 1.2500 | loss  2.401 | ppl     11.04
[2022-04-11 00:15:25.051] E016 |  1800/1807 batches | lr 1.2500 | loss  2.408 | ppl     11.12
[2022-04-11 00:15:25.172] E016 |  1807/1807 batches | lr 1.2500 | loss  2.575 | ppl     13.13
[2022-04-11 00:15:30.382] End E016 | valid loss  2.523; ppl     12.46 | accu 0.3847 = 113755/295720
[2022-04-11 00:15:34.871] End E016 |  test loss  3.003; ppl     20.15 | accu 0.2923 = 75041/256760 ../data/sample_500k/cbt_valid.txt
[2022-04-11 00:16:03.094] End E016 |  test loss  3.418; ppl     30.51 | accu 0.2507 = 403812/1610440 ../data/sample_500k/adult_test.txt
[2022-04-11 00:16:03.095] Save: model.pt... 
[2022-04-11 00:16:03.103] Save: model.pt...Done. best_val_loss: 2.5229
[2022-04-11 00:16:03.103] Epoch 017/40 ==================================================
[2022-04-11 00:16:06.589] E017 |   200/1807 batches | lr 1.2500 | loss  2.457 | ppl     11.67
[2022-04-11 00:16:10.014] E017 |   400/1807 batches | lr 1.2500 | loss  2.476 | ppl     11.89
[2022-04-11 00:16:13.455] E017 |   600/1807 batches | lr 1.2500 | loss  2.471 | ppl     11.83
[2022-04-11 00:16:16.921] E017 |   800/1807 batches | lr 1.2500 | loss  2.444 | ppl     11.52
[2022-04-11 00:16:20.352] E017 |  1000/1807 batches | lr 1.2500 | loss  2.447 | ppl     11.56
[2022-04-11 00:16:23.806] E017 |  1200/1807 batches | lr 1.2500 | loss  2.430 | ppl     11.35
[2022-04-11 00:16:27.253] E017 |  1400/1807 batches | lr 1.2500 | loss  2.442 | ppl     11.50
[2022-04-11 00:16:30.740] E017 |  1600/1807 batches | lr 1.2500 | loss  2.402 | ppl     11.04
[2022-04-11 00:16:34.344] E017 |  1800/1807 batches | lr 1.2500 | loss  2.404 | ppl     11.07
[2022-04-11 00:16:34.464] E017 |  1807/1807 batches | lr 1.2500 | loss  2.551 | ppl     12.82
[2022-04-11 00:16:39.622] End E017 | valid loss  2.523; ppl     12.47 | accu 0.3847 = 113753/295720
[2022-04-11 00:16:44.139] End E017 |  test loss  3.000; ppl     20.09 | accu 0.2921 = 74999/256760 ../data/sample_500k/cbt_valid.txt
[2022-04-11 00:17:12.142] End E017 |  test loss  3.404; ppl     30.08 | accu 0.2524 = 406404/1610440 ../data/sample_500k/adult_test.txt
[2022-04-11 00:17:12.142] Epoch 018/40 ==================================================
[2022-04-11 00:17:15.654] E018 |   200/1807 batches | lr 0.6250 | loss  2.452 | ppl     11.62
[2022-04-11 00:17:19.082] E018 |   400/1807 batches | lr 0.6250 | loss  2.471 | ppl     11.84
[2022-04-11 00:17:22.550] E018 |   600/1807 batches | lr 0.6250 | loss  2.461 | ppl     11.72
[2022-04-11 00:17:26.085] E018 |   800/1807 batches | lr 0.6250 | loss  2.437 | ppl     11.44
[2022-04-11 00:17:29.566] E018 |  1000/1807 batches | lr 0.6250 | loss  2.439 | ppl     11.47
[2022-04-11 00:17:33.025] E018 |  1200/1807 batches | lr 0.6250 | loss  2.418 | ppl     11.22
[2022-04-11 00:17:36.490] E018 |  1400/1807 batches | lr 0.6250 | loss  2.433 | ppl     11.39
[2022-04-11 00:17:40.013] E018 |  1600/1807 batches | lr 0.6250 | loss  2.392 | ppl     10.93
[2022-04-11 00:17:43.508] E018 |  1800/1807 batches | lr 0.6250 | loss  2.393 | ppl     10.95
[2022-04-11 00:17:43.628] E018 |  1807/1807 batches | lr 0.6250 | loss  2.573 | ppl     13.10
[2022-04-11 00:17:48.826] End E018 | valid loss  2.516; ppl     12.38 | accu 0.3863 = 114234/295720
[2022-04-11 00:17:53.329] End E018 |  test loss  3.034; ppl     20.78 | accu 0.2920 = 74978/256760 ../data/sample_500k/cbt_valid.txt
[2022-04-11 00:18:21.606] End E018 |  test loss  3.477; ppl     32.35 | accu 0.2476 = 398744/1610440 ../data/sample_500k/adult_test.txt
[2022-04-11 00:18:21.606] Save: model.pt... 
[2022-04-11 00:18:21.615] Save: model.pt...Done. best_val_loss: 2.5165
[2022-04-11 00:18:21.615] Epoch 019/40 ==================================================
[2022-04-11 00:18:25.103] E019 |   200/1807 batches | lr 0.6250 | loss  2.453 | ppl     11.62
[2022-04-11 00:18:28.554] E019 |   400/1807 batches | lr 0.6250 | loss  2.466 | ppl     11.77
[2022-04-11 00:18:32.063] E019 |   600/1807 batches | lr 0.6250 | loss  2.460 | ppl     11.71
[2022-04-11 00:18:35.558] E019 |   800/1807 batches | lr 0.6250 | loss  2.435 | ppl     11.42
[2022-04-11 00:18:38.995] E019 |  1000/1807 batches | lr 0.6250 | loss  2.441 | ppl     11.48
[2022-04-11 00:18:42.479] E019 |  1200/1807 batches | lr 0.6250 | loss  2.420 | ppl     11.24
[2022-04-11 00:18:45.982] E019 |  1400/1807 batches | lr 0.6250 | loss  2.432 | ppl     11.38
[2022-04-11 00:18:49.424] E019 |  1600/1807 batches | lr 0.6250 | loss  2.392 | ppl     10.94
[2022-04-11 00:18:52.928] E019 |  1800/1807 batches | lr 0.6250 | loss  2.394 | ppl     10.96
[2022-04-11 00:18:53.050] E019 |  1807/1807 batches | lr 0.6250 | loss  2.563 | ppl     12.98
[2022-04-11 00:18:58.225] End E019 | valid loss  2.512; ppl     12.32 | accu 0.3874 = 114562/295720
[2022-04-11 00:19:02.731] End E019 |  test loss  3.026; ppl     20.61 | accu 0.2925 = 75100/256760 ../data/sample_500k/cbt_valid.txt
[2022-04-11 00:19:30.904] End E019 |  test loss  3.469; ppl     32.10 | accu 0.2481 = 399569/1610440 ../data/sample_500k/adult_test.txt
[2022-04-11 00:19:30.904] Save: model.pt... 
[2022-04-11 00:19:30.913] Save: model.pt...Done. best_val_loss: 2.5116
[2022-04-11 00:19:30.913] Epoch 020/40 ==================================================
[2022-04-11 00:19:34.352] E020 |   200/1807 batches | lr 0.6250 | loss  2.449 | ppl     11.58
[2022-04-11 00:19:37.825] E020 |   400/1807 batches | lr 0.6250 | loss  2.463 | ppl     11.75
[2022-04-11 00:19:41.290] E020 |   600/1807 batches | lr 0.6250 | loss  2.453 | ppl     11.62
[2022-04-11 00:19:44.791] E020 |   800/1807 batches | lr 0.6250 | loss  2.432 | ppl     11.38
[2022-04-11 00:19:48.264] E020 |  1000/1807 batches | lr 0.6250 | loss  2.434 | ppl     11.40
[2022-04-11 00:19:51.730] E020 |  1200/1807 batches | lr 0.6250 | loss  2.415 | ppl     11.18
[2022-04-11 00:19:55.193] E020 |  1400/1807 batches | lr 0.6250 | loss  2.431 | ppl     11.38
[2022-04-11 00:19:58.675] E020 |  1600/1807 batches | lr 0.6250 | loss  2.387 | ppl     10.88
[2022-04-11 00:20:02.140] E020 |  1800/1807 batches | lr 0.6250 | loss  2.391 | ppl     10.93
[2022-04-11 00:20:02.266] E020 |  1807/1807 batches | lr 0.6250 | loss  2.558 | ppl     12.92
[2022-04-11 00:20:07.458] End E020 | valid loss  2.507; ppl     12.27 | accu 0.3883 = 114816/295720
[2022-04-11 00:20:11.946] End E020 |  test loss  3.019; ppl     20.47 | accu 0.2940 = 75490/256760 ../data/sample_500k/cbt_valid.txt
[2022-04-11 00:20:40.002] End E020 |  test loss  3.463; ppl     31.90 | accu 0.2493 = 401502/1610440 ../data/sample_500k/adult_test.txt
[2022-04-11 00:20:40.002] Save: model.pt... 
[2022-04-11 00:20:40.012] Save: model.pt...Done. best_val_loss: 2.5073
[2022-04-11 00:20:40.012] Epoch 021/40 ==================================================
[2022-04-11 00:20:43.442] E021 |   200/1807 batches | lr 0.6250 | loss  2.447 | ppl     11.56
[2022-04-11 00:20:46.951] E021 |   400/1807 batches | lr 0.6250 | loss  2.460 | ppl     11.70
[2022-04-11 00:20:50.412] E021 |   600/1807 batches | lr 0.6250 | loss  2.453 | ppl     11.62
[2022-04-11 00:20:53.885] E021 |   800/1807 batches | lr 0.6250 | loss  2.432 | ppl     11.38
[2022-04-11 00:20:57.410] E021 |  1000/1807 batches | lr 0.6250 | loss  2.434 | ppl     11.41
[2022-04-11 00:21:00.869] E021 |  1200/1807 batches | lr 0.6250 | loss  2.415 | ppl     11.19
[2022-04-11 00:21:04.313] E021 |  1400/1807 batches | lr 0.6250 | loss  2.430 | ppl     11.36
[2022-04-11 00:21:07.781] E021 |  1600/1807 batches | lr 0.6250 | loss  2.390 | ppl     10.91
[2022-04-11 00:21:11.276] E021 |  1800/1807 batches | lr 0.6250 | loss  2.392 | ppl     10.94
[2022-04-11 00:21:11.396] E021 |  1807/1807 batches | lr 0.6250 | loss  2.545 | ppl     12.74
[2022-04-11 00:21:16.591] End E021 | valid loss  2.509; ppl     12.29 | accu 0.3881 = 114774/295720
[2022-04-11 00:21:21.098] End E021 |  test loss  3.034; ppl     20.78 | accu 0.2931 = 75246/256760 ../data/sample_500k/cbt_valid.txt
[2022-04-11 00:21:49.238] End E021 |  test loss  3.479; ppl     32.42 | accu 0.2485 = 400153/1610440 ../data/sample_500k/adult_test.txt
[2022-04-11 00:21:49.238] Epoch 022/40 ==================================================
[2022-04-11 00:21:52.723] E022 |   200/1807 batches | lr 0.3125 | loss  2.449 | ppl     11.58
[2022-04-11 00:21:56.193] E022 |   400/1807 batches | lr 0.3125 | loss  2.462 | ppl     11.73
[2022-04-11 00:21:59.641] E022 |   600/1807 batches | lr 0.3125 | loss  2.453 | ppl     11.62
[2022-04-11 00:22:03.118] E022 |   800/1807 batches | lr 0.3125 | loss  2.428 | ppl     11.34
[2022-04-11 00:22:06.589] E022 |  1000/1807 batches | lr 0.3125 | loss  2.431 | ppl     11.37
[2022-04-11 00:22:10.062] E022 |  1200/1807 batches | lr 0.3125 | loss  2.409 | ppl     11.13
[2022-04-11 00:22:13.516] E022 |  1400/1807 batches | lr 0.3125 | loss  2.422 | ppl     11.27
[2022-04-11 00:22:17.064] E022 |  1600/1807 batches | lr 0.3125 | loss  2.385 | ppl     10.86
[2022-04-11 00:22:20.560] E022 |  1800/1807 batches | lr 0.3125 | loss  2.385 | ppl     10.86
[2022-04-11 00:22:20.683] E022 |  1807/1807 batches | lr 0.3125 | loss  2.557 | ppl     12.90
[2022-04-11 00:22:25.888] End E022 | valid loss  2.504; ppl     12.23 | accu 0.3892 = 115080/295720
[2022-04-11 00:22:30.393] End E022 |  test loss  3.035; ppl     20.81 | accu 0.2934 = 75338/256760 ../data/sample_500k/cbt_valid.txt
[2022-04-11 00:22:58.403] End E022 |  test loss  3.485; ppl     32.62 | accu 0.2479 = 399219/1610440 ../data/sample_500k/adult_test.txt
[2022-04-11 00:22:58.404] Save: model.pt... 
[2022-04-11 00:22:58.413] Save: model.pt...Done. best_val_loss: 2.5039
[2022-04-11 00:22:58.413] Epoch 023/40 ==================================================
[2022-04-11 00:23:01.864] E023 |   200/1807 batches | lr 0.3125 | loss  2.440 | ppl     11.48
[2022-04-11 00:23:05.289] E023 |   400/1807 batches | lr 0.3125 | loss  2.458 | ppl     11.68
[2022-04-11 00:23:08.723] E023 |   600/1807 batches | lr 0.3125 | loss  2.451 | ppl     11.60
[2022-04-11 00:23:12.170] E023 |   800/1807 batches | lr 0.3125 | loss  2.426 | ppl     11.31
[2022-04-11 00:23:15.693] E023 |  1000/1807 batches | lr 0.3125 | loss  2.427 | ppl     11.32
[2022-04-11 00:23:19.126] E023 |  1200/1807 batches | lr 0.3125 | loss  2.409 | ppl     11.13
[2022-04-11 00:23:22.718] E023 |  1400/1807 batches | lr 0.3125 | loss  2.421 | ppl     11.25
[2022-04-11 00:23:26.347] E023 |  1600/1807 batches | lr 0.3125 | loss  2.383 | ppl     10.83
[2022-04-11 00:23:29.816] E023 |  1800/1807 batches | lr 0.3125 | loss  2.383 | ppl     10.83
[2022-04-11 00:23:29.945] E023 |  1807/1807 batches | lr 0.3125 | loss  2.547 | ppl     12.77
[2022-04-11 00:23:35.143] End E023 | valid loss  2.504; ppl     12.23 | accu 0.3892 = 115102/295720
[2022-04-11 00:23:39.645] End E023 |  test loss  3.038; ppl     20.87 | accu 0.2934 = 75343/256760 ../data/sample_500k/cbt_valid.txt
[2022-04-11 00:24:08.082] End E023 |  test loss  3.489; ppl     32.75 | accu 0.2477 = 398892/1610440 ../data/sample_500k/adult_test.txt
[2022-04-11 00:24:08.082] Save: model.pt... 
[2022-04-11 00:24:08.091] Save: model.pt...Done. best_val_loss: 2.5038
[2022-04-11 00:24:08.091] Epoch 024/40 ==================================================
[2022-04-11 00:24:11.586] E024 |   200/1807 batches | lr 0.3125 | loss  2.442 | ppl     11.49
[2022-04-11 00:24:15.073] E024 |   400/1807 batches | lr 0.3125 | loss  2.456 | ppl     11.66
[2022-04-11 00:24:18.578] E024 |   600/1807 batches | lr 0.3125 | loss  2.450 | ppl     11.59
[2022-04-11 00:24:22.058] E024 |   800/1807 batches | lr 0.3125 | loss  2.427 | ppl     11.32
[2022-04-11 00:24:25.659] E024 |  1000/1807 batches | lr 0.3125 | loss  2.429 | ppl     11.35
[2022-04-11 00:24:29.214] E024 |  1200/1807 batches | lr 0.3125 | loss  2.409 | ppl     11.12
[2022-04-11 00:24:32.727] E024 |  1400/1807 batches | lr 0.3125 | loss  2.424 | ppl     11.29
[2022-04-11 00:24:36.224] E024 |  1600/1807 batches | lr 0.3125 | loss  2.384 | ppl     10.85
[2022-04-11 00:24:39.687] E024 |  1800/1807 batches | lr 0.3125 | loss  2.386 | ppl     10.87
[2022-04-11 00:24:39.806] E024 |  1807/1807 batches | lr 0.3125 | loss  2.537 | ppl     12.64
[2022-04-11 00:24:44.999] End E024 | valid loss  2.503; ppl     12.22 | accu 0.3894 = 115162/295720
[2022-04-11 00:24:49.489] End E024 |  test loss  3.040; ppl     20.90 | accu 0.2934 = 75333/256760 ../data/sample_500k/cbt_valid.txt
[2022-04-11 00:25:17.458] End E024 |  test loss  3.497; ppl     33.02 | accu 0.2473 = 398312/1610440 ../data/sample_500k/adult_test.txt
[2022-04-11 00:25:17.458] Save: model.pt... 
[2022-04-11 00:25:17.467] Save: model.pt...Done. best_val_loss: 2.5031
[2022-04-11 00:25:17.467] Epoch 025/40 ==================================================
[2022-04-11 00:25:20.908] E025 |   200/1807 batches | lr 0.3125 | loss  2.445 | ppl     11.53
[2022-04-11 00:25:24.367] E025 |   400/1807 batches | lr 0.3125 | loss  2.453 | ppl     11.62
[2022-04-11 00:25:27.835] E025 |   600/1807 batches | lr 0.3125 | loss  2.449 | ppl     11.58
[2022-04-11 00:25:31.287] E025 |   800/1807 batches | lr 0.3125 | loss  2.428 | ppl     11.34
[2022-04-11 00:25:34.724] E025 |  1000/1807 batches | lr 0.3125 | loss  2.431 | ppl     11.37
[2022-04-11 00:25:38.186] E025 |  1200/1807 batches | lr 0.3125 | loss  2.405 | ppl     11.08
[2022-04-11 00:25:41.654] E025 |  1400/1807 batches | lr 0.3125 | loss  2.423 | ppl     11.28
[2022-04-11 00:25:45.133] E025 |  1600/1807 batches | lr 0.3125 | loss  2.380 | ppl     10.81
[2022-04-11 00:25:48.566] E025 |  1800/1807 batches | lr 0.3125 | loss  2.386 | ppl     10.87
[2022-04-11 00:25:48.698] E025 |  1807/1807 batches | lr 0.3125 | loss  2.543 | ppl     12.72
[2022-04-11 00:25:53.871] End E025 | valid loss  2.501; ppl     12.20 | accu 0.3897 = 115240/295720
[2022-04-11 00:25:58.385] End E025 |  test loss  3.043; ppl     20.97 | accu 0.2935 = 75360/256760 ../data/sample_500k/cbt_valid.txt
[2022-04-11 00:26:26.531] End E025 |  test loss  3.500; ppl     33.13 | accu 0.2472 = 398027/1610440 ../data/sample_500k/adult_test.txt
[2022-04-11 00:26:26.531] Save: model.pt... 
[2022-04-11 00:26:26.540] Save: model.pt...Done. best_val_loss: 2.5010
[2022-04-11 00:26:26.540] Epoch 026/40 ==================================================
[2022-04-11 00:26:29.989] E026 |   200/1807 batches | lr 0.3125 | loss  2.438 | ppl     11.45
[2022-04-11 00:26:33.457] E026 |   400/1807 batches | lr 0.3125 | loss  2.451 | ppl     11.60
[2022-04-11 00:26:36.928] E026 |   600/1807 batches | lr 0.3125 | loss  2.448 | ppl     11.56
[2022-04-11 00:26:40.390] E026 |   800/1807 batches | lr 0.3125 | loss  2.424 | ppl     11.29
[2022-04-11 00:26:43.826] E026 |  1000/1807 batches | lr 0.3125 | loss  2.426 | ppl     11.32
[2022-04-11 00:26:47.287] E026 |  1200/1807 batches | lr 0.3125 | loss  2.407 | ppl     11.10
[2022-04-11 00:26:50.768] E026 |  1400/1807 batches | lr 0.3125 | loss  2.419 | ppl     11.23
[2022-04-11 00:26:54.278] E026 |  1600/1807 batches | lr 0.3125 | loss  2.378 | ppl     10.78
[2022-04-11 00:26:57.762] E026 |  1800/1807 batches | lr 0.3125 | loss  2.385 | ppl     10.86
[2022-04-11 00:26:57.882] E026 |  1807/1807 batches | lr 0.3125 | loss  2.543 | ppl     12.72
[2022-04-11 00:27:03.074] End E026 | valid loss  2.505; ppl     12.24 | accu 0.3890 = 115030/295720
[2022-04-11 00:27:07.558] End E026 |  test loss  3.049; ppl     21.08 | accu 0.2925 = 75112/256760 ../data/sample_500k/cbt_valid.txt
[2022-04-11 00:27:35.413] End E026 |  test loss  3.498; ppl     33.05 | accu 0.2475 = 398517/1610440 ../data/sample_500k/adult_test.txt
[2022-04-11 00:27:35.413] Epoch 027/40 ==================================================
[2022-04-11 00:27:38.848] E027 |   200/1807 batches | lr 0.1562 | loss  2.436 | ppl     11.43
[2022-04-11 00:27:42.397] E027 |   400/1807 batches | lr 0.1562 | loss  2.454 | ppl     11.63
[2022-04-11 00:27:45.843] E027 |   600/1807 batches | lr 0.1562 | loss  2.445 | ppl     11.54
[2022-04-11 00:27:49.303] E027 |   800/1807 batches | lr 0.1562 | loss  2.421 | ppl     11.26
[2022-04-11 00:27:52.842] E027 |  1000/1807 batches | lr 0.1562 | loss  2.428 | ppl     11.34
[2022-04-11 00:27:56.482] E027 |  1200/1807 batches | lr 0.1562 | loss  2.407 | ppl     11.10
[2022-04-11 00:27:59.959] E027 |  1400/1807 batches | lr 0.1562 | loss  2.418 | ppl     11.22
[2022-04-11 00:28:03.433] E027 |  1600/1807 batches | lr 0.1562 | loss  2.380 | ppl     10.80
[2022-04-11 00:28:06.882] E027 |  1800/1807 batches | lr 0.1562 | loss  2.380 | ppl     10.81
[2022-04-11 00:28:07.004] E027 |  1807/1807 batches | lr 0.1562 | loss  2.547 | ppl     12.78
[2022-04-11 00:28:12.192] End E027 | valid loss  2.500; ppl     12.18 | accu 0.3904 = 115444/295720
[2022-04-11 00:28:16.677] End E027 |  test loss  3.047; ppl     21.05 | accu 0.2934 = 75329/256760 ../data/sample_500k/cbt_valid.txt
[2022-04-11 00:28:44.727] End E027 |  test loss  3.506; ppl     33.33 | accu 0.2468 = 397418/1610440 ../data/sample_500k/adult_test.txt
[2022-04-11 00:28:44.728] Save: model.pt... 
[2022-04-11 00:28:44.737] Save: model.pt...Done. best_val_loss: 2.4999
[2022-04-11 00:28:44.737] Epoch 028/40 ==================================================
[2022-04-11 00:28:48.189] E028 |   200/1807 batches | lr 0.1562 | loss  2.439 | ppl     11.46
[2022-04-11 00:28:51.632] E028 |   400/1807 batches | lr 0.1562 | loss  2.452 | ppl     11.61
[2022-04-11 00:28:55.097] E028 |   600/1807 batches | lr 0.1562 | loss  2.448 | ppl     11.57
[2022-04-11 00:28:58.526] E028 |   800/1807 batches | lr 0.1562 | loss  2.420 | ppl     11.25
[2022-04-11 00:29:02.063] E028 |  1000/1807 batches | lr 0.1562 | loss  2.423 | ppl     11.28
[2022-04-11 00:29:05.598] E028 |  1200/1807 batches | lr 0.1562 | loss  2.405 | ppl     11.08
[2022-04-11 00:29:09.066] E028 |  1400/1807 batches | lr 0.1562 | loss  2.419 | ppl     11.23
[2022-04-11 00:29:12.543] E028 |  1600/1807 batches | lr 0.1562 | loss  2.377 | ppl     10.78
[2022-04-11 00:29:16.063] E028 |  1800/1807 batches | lr 0.1562 | loss  2.381 | ppl     10.81
[2022-04-11 00:29:16.181] E028 |  1807/1807 batches | lr 0.1562 | loss  2.548 | ppl     12.78
[2022-04-11 00:29:21.365] End E028 | valid loss  2.500; ppl     12.18 | accu 0.3905 = 115466/295720
[2022-04-11 00:29:25.841] End E028 |  test loss  3.050; ppl     21.12 | accu 0.2931 = 75250/256760 ../data/sample_500k/cbt_valid.txt
[2022-04-11 00:29:53.758] End E028 |  test loss  3.512; ppl     33.50 | accu 0.2467 = 397253/1610440 ../data/sample_500k/adult_test.txt
[2022-04-11 00:29:53.759] Epoch 029/40 ==================================================
[2022-04-11 00:29:57.250] E029 |   200/1807 batches | lr 0.0781 | loss  2.440 | ppl     11.48
[2022-04-11 00:30:00.689] E029 |   400/1807 batches | lr 0.0781 | loss  2.450 | ppl     11.59
[2022-04-11 00:30:04.127] E029 |   600/1807 batches | lr 0.0781 | loss  2.445 | ppl     11.53
[2022-04-11 00:30:07.576] E029 |   800/1807 batches | lr 0.0781 | loss  2.421 | ppl     11.26
[2022-04-11 00:30:11.026] E029 |  1000/1807 batches | lr 0.0781 | loss  2.421 | ppl     11.25
[2022-04-11 00:30:14.447] E029 |  1200/1807 batches | lr 0.0781 | loss  2.402 | ppl     11.05
[2022-04-11 00:30:17.901] E029 |  1400/1807 batches | lr 0.0781 | loss  2.420 | ppl     11.24
[2022-04-11 00:30:21.345] E029 |  1600/1807 batches | lr 0.0781 | loss  2.378 | ppl     10.78
[2022-04-11 00:30:24.793] E029 |  1800/1807 batches | lr 0.0781 | loss  2.378 | ppl     10.79
[2022-04-11 00:30:24.913] E029 |  1807/1807 batches | lr 0.0781 | loss  2.562 | ppl     12.96
[2022-04-11 00:30:30.083] End E029 | valid loss  2.497; ppl     12.15 | accu 0.3911 = 115648/295720
[2022-04-11 00:30:34.557] End E029 |  test loss  3.039; ppl     20.88 | accu 0.2941 = 75516/256760 ../data/sample_500k/cbt_valid.txt
[2022-04-11 00:31:02.661] End E029 |  test loss  3.501; ppl     33.16 | accu 0.2471 = 397926/1610440 ../data/sample_500k/adult_test.txt
[2022-04-11 00:31:02.661] Save: model.pt... 
[2022-04-11 00:31:02.670] Save: model.pt...Done. best_val_loss: 2.4972
[2022-04-11 00:31:02.670] Epoch 030/40 ==================================================
[2022-04-11 00:31:06.150] E030 |   200/1807 batches | lr 0.0781 | loss  2.437 | ppl     11.44
[2022-04-11 00:31:09.673] E030 |   400/1807 batches | lr 0.0781 | loss  2.450 | ppl     11.59
[2022-04-11 00:31:13.179] E030 |   600/1807 batches | lr 0.0781 | loss  2.449 | ppl     11.58
[2022-04-11 00:31:16.628] E030 |   800/1807 batches | lr 0.0781 | loss  2.419 | ppl     11.24
[2022-04-11 00:31:20.237] E030 |  1000/1807 batches | lr 0.0781 | loss  2.422 | ppl     11.27
[2022-04-11 00:31:23.708] E030 |  1200/1807 batches | lr 0.0781 | loss  2.403 | ppl     11.05
[2022-04-11 00:31:27.185] E030 |  1400/1807 batches | lr 0.0781 | loss  2.416 | ppl     11.20
[2022-04-11 00:31:30.719] E030 |  1600/1807 batches | lr 0.0781 | loss  2.376 | ppl     10.76
[2022-04-11 00:31:34.151] E030 |  1800/1807 batches | lr 0.0781 | loss  2.381 | ppl     10.82
[2022-04-11 00:31:34.283] E030 |  1807/1807 batches | lr 0.0781 | loss  2.550 | ppl     12.80
[2022-04-11 00:31:39.446] End E030 | valid loss  2.497; ppl     12.15 | accu 0.3910 = 115621/295720
[2022-04-11 00:31:44.006] End E030 |  test loss  3.040; ppl     20.90 | accu 0.2938 = 75429/256760 ../data/sample_500k/cbt_valid.txt
[2022-04-11 00:32:12.275] End E030 |  test loss  3.498; ppl     33.06 | accu 0.2473 = 398238/1610440 ../data/sample_500k/adult_test.txt
[2022-04-11 00:32:12.275] Epoch 031/40 ==================================================
[2022-04-11 00:32:15.728] E031 |   200/1807 batches | lr 0.0391 | loss  2.437 | ppl     11.44
[2022-04-11 00:32:19.171] E031 |   400/1807 batches | lr 0.0391 | loss  2.448 | ppl     11.57
[2022-04-11 00:32:22.643] E031 |   600/1807 batches | lr 0.0391 | loss  2.443 | ppl     11.51
[2022-04-11 00:32:26.129] E031 |   800/1807 batches | lr 0.0391 | loss  2.419 | ppl     11.23
[2022-04-11 00:32:29.575] E031 |  1000/1807 batches | lr 0.0391 | loss  2.423 | ppl     11.28
[2022-04-11 00:32:33.050] E031 |  1200/1807 batches | lr 0.0391 | loss  2.404 | ppl     11.06
[2022-04-11 00:32:36.520] E031 |  1400/1807 batches | lr 0.0391 | loss  2.414 | ppl     11.18
[2022-04-11 00:32:39.989] E031 |  1600/1807 batches | lr 0.0391 | loss  2.375 | ppl     10.75
[2022-04-11 00:32:43.443] E031 |  1800/1807 batches | lr 0.0391 | loss  2.381 | ppl     10.81
[2022-04-11 00:32:43.563] E031 |  1807/1807 batches | lr 0.0391 | loss  2.532 | ppl     12.57
[2022-04-11 00:32:48.743] End E031 | valid loss  2.497; ppl     12.14 | accu 0.3912 = 115680/295720
[2022-04-11 00:32:53.226] End E031 |  test loss  3.037; ppl     20.84 | accu 0.2942 = 75539/256760 ../data/sample_500k/cbt_valid.txt
[2022-04-11 00:33:21.382] End E031 |  test loss  3.498; ppl     33.06 | accu 0.2473 = 398200/1610440 ../data/sample_500k/adult_test.txt
[2022-04-11 00:33:21.383] Save: model.pt... 
[2022-04-11 00:33:21.392] Save: model.pt...Done. best_val_loss: 2.4966
[2022-04-11 00:33:21.392] Epoch 032/40 ==================================================
[2022-04-11 00:33:24.833] E032 |   200/1807 batches | lr 0.0391 | loss  2.433 | ppl     11.40
[2022-04-11 00:33:28.334] E032 |   400/1807 batches | lr 0.0391 | loss  2.449 | ppl     11.57
[2022-04-11 00:33:31.776] E032 |   600/1807 batches | lr 0.0391 | loss  2.443 | ppl     11.50
[2022-04-11 00:33:35.369] E032 |   800/1807 batches | lr 0.0391 | loss  2.420 | ppl     11.25
[2022-04-11 00:33:38.863] E032 |  1000/1807 batches | lr 0.0391 | loss  2.424 | ppl     11.29
[2022-04-11 00:33:42.459] E032 |  1200/1807 batches | lr 0.0391 | loss  2.402 | ppl     11.04
[2022-04-11 00:33:45.920] E032 |  1400/1807 batches | lr 0.0391 | loss  2.416 | ppl     11.20
[2022-04-11 00:33:49.345] E032 |  1600/1807 batches | lr 0.0391 | loss  2.375 | ppl     10.75
[2022-04-11 00:33:52.864] E032 |  1800/1807 batches | lr 0.0391 | loss  2.377 | ppl     10.78
[2022-04-11 00:33:52.990] E032 |  1807/1807 batches | lr 0.0391 | loss  2.531 | ppl     12.57
[2022-04-11 00:33:58.161] End E032 | valid loss  2.497; ppl     12.14 | accu 0.3913 = 115728/295720
[2022-04-11 00:34:02.636] End E032 |  test loss  3.036; ppl     20.82 | accu 0.2942 = 75526/256760 ../data/sample_500k/cbt_valid.txt
[2022-04-11 00:34:30.774] End E032 |  test loss  3.495; ppl     32.95 | accu 0.2475 = 398522/1610440 ../data/sample_500k/adult_test.txt
[2022-04-11 00:34:30.774] Save: model.pt... 
[2022-04-11 00:34:30.783] Save: model.pt...Done. best_val_loss: 2.4965
[2022-04-11 00:34:30.783] Epoch 033/40 ==================================================
[2022-04-11 00:34:34.252] E033 |   200/1807 batches | lr 0.0391 | loss  2.435 | ppl     11.41
[2022-04-11 00:34:37.744] E033 |   400/1807 batches | lr 0.0391 | loss  2.447 | ppl     11.55
[2022-04-11 00:34:41.250] E033 |   600/1807 batches | lr 0.0391 | loss  2.443 | ppl     11.51
[2022-04-11 00:34:44.747] E033 |   800/1807 batches | lr 0.0391 | loss  2.418 | ppl     11.22
[2022-04-11 00:34:48.265] E033 |  1000/1807 batches | lr 0.0391 | loss  2.423 | ppl     11.28
[2022-04-11 00:34:51.762] E033 |  1200/1807 batches | lr 0.0391 | loss  2.401 | ppl     11.04
[2022-04-11 00:34:55.247] E033 |  1400/1807 batches | lr 0.0391 | loss  2.415 | ppl     11.18
[2022-04-11 00:34:58.679] E033 |  1600/1807 batches | lr 0.0391 | loss  2.376 | ppl     10.77
[2022-04-11 00:35:02.285] E033 |  1800/1807 batches | lr 0.0391 | loss  2.380 | ppl     10.80
[2022-04-11 00:35:02.405] E033 |  1807/1807 batches | lr 0.0391 | loss  2.538 | ppl     12.65
[2022-04-11 00:35:07.669] End E033 | valid loss  2.496; ppl     12.14 | accu 0.3913 = 115730/295720
[2022-04-11 00:35:12.151] End E033 |  test loss  3.035; ppl     20.81 | accu 0.2944 = 75597/256760 ../data/sample_500k/cbt_valid.txt
[2022-04-11 00:35:40.218] End E033 |  test loss  3.496; ppl     32.97 | accu 0.2474 = 398492/1610440 ../data/sample_500k/adult_test.txt
[2022-04-11 00:35:40.218] Save: model.pt... 
[2022-04-11 00:35:40.227] Save: model.pt...Done. best_val_loss: 2.4962
[2022-04-11 00:35:40.227] Epoch 034/40 ==================================================
[2022-04-11 00:35:43.695] E034 |   200/1807 batches | lr 0.0391 | loss  2.436 | ppl     11.42
[2022-04-11 00:35:47.143] E034 |   400/1807 batches | lr 0.0391 | loss  2.444 | ppl     11.52
[2022-04-11 00:35:50.635] E034 |   600/1807 batches | lr 0.0391 | loss  2.444 | ppl     11.51
[2022-04-11 00:35:54.083] E034 |   800/1807 batches | lr 0.0391 | loss  2.418 | ppl     11.22
[2022-04-11 00:35:57.551] E034 |  1000/1807 batches | lr 0.0391 | loss  2.424 | ppl     11.29
[2022-04-11 00:36:00.989] E034 |  1200/1807 batches | lr 0.0391 | loss  2.401 | ppl     11.04
[2022-04-11 00:36:04.453] E034 |  1400/1807 batches | lr 0.0391 | loss  2.417 | ppl     11.21
[2022-04-11 00:36:07.886] E034 |  1600/1807 batches | lr 0.0391 | loss  2.376 | ppl     10.76
[2022-04-11 00:36:11.342] E034 |  1800/1807 batches | lr 0.0391 | loss  2.378 | ppl     10.78
[2022-04-11 00:36:11.461] E034 |  1807/1807 batches | lr 0.0391 | loss  2.542 | ppl     12.71
[2022-04-11 00:36:16.617] End E034 | valid loss  2.496; ppl     12.14 | accu 0.3914 = 115758/295720
[2022-04-11 00:36:21.083] End E034 |  test loss  3.035; ppl     20.81 | accu 0.2942 = 75532/256760 ../data/sample_500k/cbt_valid.txt
[2022-04-11 00:36:49.277] End E034 |  test loss  3.493; ppl     32.88 | accu 0.2476 = 398786/1610440 ../data/sample_500k/adult_test.txt
[2022-04-11 00:36:49.277] Epoch 035/40 ==================================================
[2022-04-11 00:36:52.744] E035 |   200/1807 batches | lr 0.0195 | loss  2.438 | ppl     11.45
[2022-04-11 00:36:56.270] E035 |   400/1807 batches | lr 0.0195 | loss  2.450 | ppl     11.59
[2022-04-11 00:36:59.793] E035 |   600/1807 batches | lr 0.0195 | loss  2.444 | ppl     11.51
[2022-04-11 00:37:03.354] E035 |   800/1807 batches | lr 0.0195 | loss  2.419 | ppl     11.23
[2022-04-11 00:37:06.830] E035 |  1000/1807 batches | lr 0.0195 | loss  2.422 | ppl     11.26
[2022-04-11 00:37:10.302] E035 |  1200/1807 batches | lr 0.0195 | loss  2.402 | ppl     11.05
[2022-04-11 00:37:13.852] E035 |  1400/1807 batches | lr 0.0195 | loss  2.414 | ppl     11.17
[2022-04-11 00:37:17.357] E035 |  1600/1807 batches | lr 0.0195 | loss  2.375 | ppl     10.75
[2022-04-11 00:37:20.815] E035 |  1800/1807 batches | lr 0.0195 | loss  2.378 | ppl     10.78
[2022-04-11 00:37:20.935] E035 |  1807/1807 batches | lr 0.0195 | loss  2.549 | ppl     12.80
[2022-04-11 00:37:26.117] End E035 | valid loss  2.496; ppl     12.13 | accu 0.3914 = 115755/295720
[2022-04-11 00:37:30.578] End E035 |  test loss  3.032; ppl     20.73 | accu 0.2945 = 75619/256760 ../data/sample_500k/cbt_valid.txt
[2022-04-11 00:37:58.684] End E035 |  test loss  3.489; ppl     32.77 | accu 0.2478 = 399032/1610440 ../data/sample_500k/adult_test.txt
[2022-04-11 00:37:58.685] Save: model.pt... 
[2022-04-11 00:37:58.694] Save: model.pt...Done. best_val_loss: 2.4960
[2022-04-11 00:37:58.694] Epoch 036/40 ==================================================
[2022-04-11 00:38:02.205] E036 |   200/1807 batches | lr 0.0195 | loss  2.437 | ppl     11.44
[2022-04-11 00:38:05.670] E036 |   400/1807 batches | lr 0.0195 | loss  2.447 | ppl     11.55
[2022-04-11 00:38:09.151] E036 |   600/1807 batches | lr 0.0195 | loss  2.441 | ppl     11.49
[2022-04-11 00:38:12.639] E036 |   800/1807 batches | lr 0.0195 | loss  2.418 | ppl     11.22
[2022-04-11 00:38:16.080] E036 |  1000/1807 batches | lr 0.0195 | loss  2.420 | ppl     11.25
[2022-04-11 00:38:19.516] E036 |  1200/1807 batches | lr 0.0195 | loss  2.404 | ppl     11.07
[2022-04-11 00:38:22.982] E036 |  1400/1807 batches | lr 0.0195 | loss  2.415 | ppl     11.19
[2022-04-11 00:38:26.432] E036 |  1600/1807 batches | lr 0.0195 | loss  2.375 | ppl     10.75
[2022-04-11 00:38:30.194] E036 |  1800/1807 batches | lr 0.0195 | loss  2.377 | ppl     10.78
[2022-04-11 00:38:30.333] E036 |  1807/1807 batches | lr 0.0195 | loss  2.534 | ppl     12.61
[2022-04-11 00:38:35.816] End E036 | valid loss  2.496; ppl     12.13 | accu 0.3914 = 115751/295720
[2022-04-11 00:38:40.529] End E036 |  test loss  3.031; ppl     20.72 | accu 0.2946 = 75639/256760 ../data/sample_500k/cbt_valid.txt
[2022-04-11 00:39:09.348] End E036 |  test loss  3.487; ppl     32.68 | accu 0.2479 = 399191/1610440 ../data/sample_500k/adult_test.txt
[2022-04-11 00:39:09.348] Epoch 037/40 ==================================================
[2022-04-11 00:39:12.847] E037 |   200/1807 batches | lr 0.0098 | loss  2.432 | ppl     11.38
[2022-04-11 00:39:16.290] E037 |   400/1807 batches | lr 0.0098 | loss  2.448 | ppl     11.57
[2022-04-11 00:39:19.711] E037 |   600/1807 batches | lr 0.0098 | loss  2.444 | ppl     11.52
[2022-04-11 00:39:23.185] E037 |   800/1807 batches | lr 0.0098 | loss  2.421 | ppl     11.25
[2022-04-11 00:39:26.629] E037 |  1000/1807 batches | lr 0.0098 | loss  2.419 | ppl     11.24
[2022-04-11 00:39:30.077] E037 |  1200/1807 batches | lr 0.0098 | loss  2.401 | ppl     11.03
[2022-04-11 00:39:33.526] E037 |  1400/1807 batches | lr 0.0098 | loss  2.414 | ppl     11.18
[2022-04-11 00:39:36.978] E037 |  1600/1807 batches | lr 0.0098 | loss  2.377 | ppl     10.77
[2022-04-11 00:39:40.418] E037 |  1800/1807 batches | lr 0.0098 | loss  2.376 | ppl     10.76
[2022-04-11 00:39:40.539] E037 |  1807/1807 batches | lr 0.0098 | loss  2.537 | ppl     12.64
[2022-04-11 00:39:45.690] End E037 | valid loss  2.496; ppl     12.13 | accu 0.3915 = 115763/295720
[2022-04-11 00:39:50.178] End E037 |  test loss  3.030; ppl     20.70 | accu 0.2947 = 75664/256760 ../data/sample_500k/cbt_valid.txt
[2022-04-11 00:40:18.263] End E037 |  test loss  3.487; ppl     32.68 | accu 0.2479 = 399272/1610440 ../data/sample_500k/adult_test.txt
[2022-04-11 00:40:18.263] Save: model.pt... 
[2022-04-11 00:40:18.272] Save: model.pt...Done. best_val_loss: 2.4958
[2022-04-11 00:40:18.273] Epoch 038/40 ==================================================
[2022-04-11 00:40:21.869] E038 |   200/1807 batches | lr 0.0098 | loss  2.434 | ppl     11.40
[2022-04-11 00:40:25.312] E038 |   400/1807 batches | lr 0.0098 | loss  2.450 | ppl     11.59
[2022-04-11 00:40:28.782] E038 |   600/1807 batches | lr 0.0098 | loss  2.441 | ppl     11.48
[2022-04-11 00:40:32.279] E038 |   800/1807 batches | lr 0.0098 | loss  2.419 | ppl     11.23
[2022-04-11 00:40:35.728] E038 |  1000/1807 batches | lr 0.0098 | loss  2.419 | ppl     11.23
[2022-04-11 00:40:39.147] E038 |  1200/1807 batches | lr 0.0098 | loss  2.399 | ppl     11.02
[2022-04-11 00:40:42.654] E038 |  1400/1807 batches | lr 0.0098 | loss  2.413 | ppl     11.17
[2022-04-11 00:40:46.120] E038 |  1600/1807 batches | lr 0.0098 | loss  2.376 | ppl     10.76
[2022-04-11 00:40:49.544] E038 |  1800/1807 batches | lr 0.0098 | loss  2.381 | ppl     10.81
[2022-04-11 00:40:49.663] E038 |  1807/1807 batches | lr 0.0098 | loss  2.567 | ppl     13.03
[2022-04-11 00:40:54.775] End E038 | valid loss  2.496; ppl     12.13 | accu 0.3915 = 115766/295720
[2022-04-11 00:40:59.218] End E038 |  test loss  3.030; ppl     20.70 | accu 0.2947 = 75663/256760 ../data/sample_500k/cbt_valid.txt
[2022-04-11 00:41:27.256] End E038 |  test loss  3.487; ppl     32.68 | accu 0.2479 = 399251/1610440 ../data/sample_500k/adult_test.txt
[2022-04-11 00:41:27.256] Save: model.pt... 
[2022-04-11 00:41:27.265] Save: model.pt...Done. best_val_loss: 2.4957
[2022-04-11 00:41:27.265] Epoch 039/40 ==================================================
[2022-04-11 00:41:30.694] E039 |   200/1807 batches | lr 0.0098 | loss  2.437 | ppl     11.44
[2022-04-11 00:41:34.222] E039 |   400/1807 batches | lr 0.0098 | loss  2.449 | ppl     11.58
[2022-04-11 00:41:37.662] E039 |   600/1807 batches | lr 0.0098 | loss  2.445 | ppl     11.53
[2022-04-11 00:41:41.089] E039 |   800/1807 batches | lr 0.0098 | loss  2.419 | ppl     11.23
[2022-04-11 00:41:44.639] E039 |  1000/1807 batches | lr 0.0098 | loss  2.421 | ppl     11.26
[2022-04-11 00:41:48.169] E039 |  1200/1807 batches | lr 0.0098 | loss  2.403 | ppl     11.05
[2022-04-11 00:41:51.620] E039 |  1400/1807 batches | lr 0.0098 | loss  2.413 | ppl     11.16
[2022-04-11 00:41:55.180] E039 |  1600/1807 batches | lr 0.0098 | loss  2.378 | ppl     10.78
[2022-04-11 00:41:58.647] E039 |  1800/1807 batches | lr 0.0098 | loss  2.380 | ppl     10.80
[2022-04-11 00:41:58.767] E039 |  1807/1807 batches | lr 0.0098 | loss  2.527 | ppl     12.51
[2022-04-11 00:42:03.954] End E039 | valid loss  2.495; ppl     12.13 | accu 0.3915 = 115784/295720
[2022-04-11 00:42:08.442] End E039 |  test loss  3.028; ppl     20.65 | accu 0.2948 = 75696/256760 ../data/sample_500k/cbt_valid.txt
[2022-04-11 00:42:36.559] End E039 |  test loss  3.484; ppl     32.59 | accu 0.2481 = 399521/1610440 ../data/sample_500k/adult_test.txt
[2022-04-11 00:42:36.559] Save: model.pt... 
[2022-04-11 00:42:36.567] Save: model.pt...Done. best_val_loss: 2.4955
[2022-04-11 00:42:36.568] Epoch 040/40 ==================================================
[2022-04-11 00:42:40.053] E040 |   200/1807 batches | lr 0.0098 | loss  2.437 | ppl     11.44
[2022-04-11 00:42:43.552] E040 |   400/1807 batches | lr 0.0098 | loss  2.450 | ppl     11.59
[2022-04-11 00:42:47.040] E040 |   600/1807 batches | lr 0.0098 | loss  2.442 | ppl     11.50
[2022-04-11 00:42:50.525] E040 |   800/1807 batches | lr 0.0098 | loss  2.416 | ppl     11.20
[2022-04-11 00:42:54.018] E040 |  1000/1807 batches | lr 0.0098 | loss  2.421 | ppl     11.25
[2022-04-11 00:42:57.502] E040 |  1200/1807 batches | lr 0.0098 | loss  2.400 | ppl     11.03
[2022-04-11 00:43:00.995] E040 |  1400/1807 batches | lr 0.0098 | loss  2.413 | ppl     11.17
[2022-04-11 00:43:04.472] E040 |  1600/1807 batches | lr 0.0098 | loss  2.377 | ppl     10.77
[2022-04-11 00:43:07.963] E040 |  1800/1807 batches | lr 0.0098 | loss  2.379 | ppl     10.79
[2022-04-11 00:43:08.084] E040 |  1807/1807 batches | lr 0.0098 | loss  2.553 | ppl     12.84
[2022-04-11 00:43:13.215] End E040 | valid loss  2.496; ppl     12.13 | accu 0.3915 = 115772/295720
[2022-04-11 00:43:17.659] End E040 |  test loss  3.028; ppl     20.66 | accu 0.2949 = 75706/256760 ../data/sample_500k/cbt_valid.txt
[2022-04-11 00:43:45.575] End E040 |  test loss  3.484; ppl     32.60 | accu 0.2481 = 399531/1610440 ../data/sample_500k/adult_test.txt
[2022-04-11 00:43:50.045] End. test loss  3.03; ppl    20.65 | accu 0.2948 = 75696/256760 ../data/sample_500k/cbt_valid.txt
[2022-04-11 00:44:18.088] End. test loss  3.48; ppl    32.59 | accu 0.2481 = 399521/1610440 ../data/sample_500k/adult_test.txt
[2022-04-11 00:44:18.088] =========================================================================================
[2022-04-11 00:44:18.088] valid_loss
[2022-04-11 00:44:18.088]  2.96, 2.83, 2.78, 2.75, 2.73, 2.73, 2.62, 2.63, 2.57, 2.56, 2.55, 2.58, 2.56, 2.54, 2.53, 2.52, 2.52, 2.52, 2.51, 2.51, 2.51, 2.50, 2.50, 2.50, 2.50, 2.50, 2.50, 2.50, 2.50, 2.50, 2.50, 2.50, 2.50, 2.50, 2.50, 2.50, 2.50, 2.50, 2.50, 2.50
[2022-04-11 00:44:18.089] valid_loss ppl
[2022-04-11 00:44:18.089]    19.30,   16.90,   16.14,   15.59,   15.35,   15.37,   13.80,   13.84,   13.05,   12.91,   12.82,   13.16,   12.87,   12.63,   12.51,   12.46,   12.47,   12.38,   12.32,   12.27,   12.29,   12.23,   12.23,   12.22,   12.20,   12.24,   12.18,   12.18,   12.15,   12.15,   12.14,   12.14,   12.14,   12.14,   12.13,   12.13,   12.13,   12.13,   12.13,   12.13
[2022-04-11 00:44:18.089] test_loss of ../data/sample_500k/cbt_valid.txt
[2022-04-11 00:44:18.089]  3.20, 3.09, 3.06, 3.04, 2.97, 3.02, 2.99, 2.96, 2.99, 2.93, 2.93, 2.91, 2.96, 2.99, 2.99, 3.00, 3.00, 3.03, 3.03, 3.02, 3.03, 3.04, 3.04, 3.04, 3.04, 3.05, 3.05, 3.05, 3.04, 3.04, 3.04, 3.04, 3.04, 3.04, 3.03, 3.03, 3.03, 3.03, 3.03, 3.03
[2022-04-11 00:44:18.089] test_loss of ../data/sample_500k/cbt_valid.txt ppl
[2022-04-11 00:44:18.089]    24.57,   21.89,   21.42,   20.93,   19.57,   20.40,   19.84,   19.20,   19.93,   18.71,   18.72,   18.43,   19.26,   19.98,   19.91,   20.15,   20.09,   20.78,   20.61,   20.47,   20.78,   20.81,   20.87,   20.90,   20.97,   21.08,   21.05,   21.12,   20.88,   20.90,   20.84,   20.82,   20.81,   20.81,   20.73,   20.72,   20.70,   20.70,   20.65,   20.66
[2022-04-11 00:44:18.089] test_loss of ../data/sample_500k/adult_test.txt
[2022-04-11 00:44:18.089]  3.46, 3.35, 3.34, 3.36, 3.42, 3.42, 3.37, 3.35, 3.39, 3.31, 3.33, 3.30, 3.35, 3.40, 3.41, 3.42, 3.40, 3.48, 3.47, 3.46, 3.48, 3.48, 3.49, 3.50, 3.50, 3.50, 3.51, 3.51, 3.50, 3.50, 3.50, 3.50, 3.50, 3.49, 3.49, 3.49, 3.49, 3.49, 3.48, 3.48
[2022-04-11 00:44:18.089] test_loss of ../data/sample_500k/adult_test.txt ppl
[2022-04-11 00:44:18.089]    31.92,   28.48,   28.34,   28.71,   30.65,   30.62,   29.02,   28.49,   29.70,   27.46,   27.89,   27.06,   28.36,   29.98,   30.13,   30.51,   30.08,   32.35,   32.10,   31.90,   32.42,   32.62,   32.75,   33.02,   33.13,   33.05,   33.33,   33.50,   33.16,   33.06,   33.06,   32.95,   32.97,   32.88,   32.77,   32.68,   32.68,   32.68,   32.59,   32.60
