[2022-04-11 03:41:35.603] corpus.train_file_list: 1
[2022-04-11 03:41:35.603]         ../data/sample_500k/adolescent_train.txt
[2022-04-11 03:41:35.603] corpus.valid_file_list: 1
[2022-04-11 03:41:35.603]         ../data/sample_500k/adolescent_valid.txt
[2022-04-11 03:41:35.604] corpus.test_file_list: 2
[2022-04-11 03:41:35.604]         ../data/sample_500k/cbt_valid.txt
[2022-04-11 03:41:35.604]         ../data/sample_500k/adult_test.txt
[2022-04-11 03:41:35.604] corpus.subword_vocab_size: 0
[2022-04-11 03:41:35.604] corpus.subword_model = None. Corpus will not use subword.
[2022-04-11 03:41:35.604] corpus tokenize...
[2022-04-11 03:41:36.750]         train tokens: 467267  ../data/sample_500k/adolescent_train.txt
[2022-04-11 03:41:36.994]         valid tokens: 112256  ../data/sample_500k/adolescent_valid.txt
[2022-04-11 03:41:37.143]         test  tokens: 115417  ../data/sample_500k/cbt_valid.txt
[2022-04-11 03:41:37.804]         test  tokens: 506878  ../data/sample_500k/adult_test.txt
[2022-04-11 03:41:37.805] corpus.ntokens      : 95521
[2022-04-11 03:41:37.805] corpus.char_count   : 166
[2022-04-11 03:41:37.805] corpus.char_cnt_dict: 166
[2022-04-11 03:41:37.805] corpus.char_id_dict : 166
[2022-04-11 03:41:37.810] corpus.batchify(1 files, batch_size=20)...
[2022-04-11 03:41:37.810]         tokens_all: 467267
[2022-04-11 03:41:37.810]         batched   :  23363
[2022-04-11 03:41:37.810]         ../data/sample_500k/adolescent_train.txt
[2022-04-11 03:41:37.812] corpus.batchify(1 files, batch_size=20)...
[2022-04-11 03:41:37.812]         tokens_all: 112256
[2022-04-11 03:41:37.812]         batched   :   5612
[2022-04-11 03:41:37.812]         ../data/sample_500k/adolescent_valid.txt
[2022-04-11 03:41:37.813] corpus.batchify(1 files, batch_size=20)...
[2022-04-11 03:41:37.813]         tokens_all: 115417
[2022-04-11 03:41:37.813]         batched   :   5770
[2022-04-11 03:41:37.813]         ../data/sample_500k/cbt_valid.txt
[2022-04-11 03:41:37.817] corpus.batchify(1 files, batch_size=20)...
[2022-04-11 03:41:37.817]         tokens_all: 506878
[2022-04-11 03:41:37.817]         batched   :  25343
[2022-04-11 03:41:37.817]         ../data/sample_500k/adult_test.txt
[2022-04-11 03:41:38.519] RNNModel.rnn_type: LSTM
[2022-04-11 03:41:38.519] RNNModel.ntoken  : 95521
[2022-04-11 03:41:38.519] RNNModel.ninp    : 200
[2022-04-11 03:41:38.519] RNNModel.nhid    : 200
[2022-04-11 03:41:38.519] RNNModel.nlayers : 2
[2022-04-11 03:41:38.519] RNNModel.dropout : 0.2
[2022-04-11 03:41:38.519] RNNModel.tie_weights: False
[2022-04-11 03:41:38.519] RNNModel.char_mode  : LSTM
[2022-04-11 03:41:38.519] RNNModel.char_cnt   : 167
[2022-04-11 03:41:38.519] RNNModel.char_emsize: 25
[2022-04-11 03:41:38.519] RNNModel.char_nhid  : 200
[2022-04-11 03:41:38.520] RNNModel.char_embeds: created
[2022-04-11 03:41:38.523] RNNModel.char_lstm       : created
[2022-04-11 03:41:38.523] RNNModel.char_lstm_linear: created
[2022-04-11 03:41:38.562] Epoch 001/40 ==================================================
[2022-04-11 03:43:02.356] E001 |   200/667 batches | lr 20.0000 | loss  8.506 | ppl   4946.15
[2022-04-11 03:44:27.622] E001 |   400/667 batches | lr 20.0000 | loss  7.797 | ppl   2433.92
[2022-04-11 03:45:53.476] E001 |   600/667 batches | lr 20.0000 | loss  7.250 | ppl   1408.46
[2022-04-11 03:46:21.924] E001 |   667/667 batches | lr 20.0000 | loss  6.933 | ppl   1025.37
[2022-04-11 03:46:35.831] End E001 | valid loss  6.758; ppl    860.85 | accu 0.1713 = 19227/112220
[2022-04-11 03:46:49.674] End E001 |  test loss  7.797; ppl   2433.54 | accu 0.0715 = 8249/115380 ../data/sample_500k/cbt_valid.txt
[2022-04-11 03:47:51.699] End E001 |  test loss  9.000; ppl   8106.55 | accu 0.0312 = 15793/506840 ../data/sample_500k/adult_test.txt
[2022-04-11 03:47:51.699] Save: model.pt... 
[2022-04-11 03:47:52.372] Save: model.pt...Done. best_val_loss: 6.7579
[2022-04-11 03:47:52.372] Epoch 002/40 ==================================================
[2022-04-11 03:49:15.286] E002 |   200/667 batches | lr 20.0000 | loss  6.682 | ppl    798.22
[2022-04-11 03:50:39.878] E002 |   400/667 batches | lr 20.0000 | loss  6.494 | ppl    660.94
[2022-04-11 03:52:04.797] E002 |   600/667 batches | lr 20.0000 | loss  6.260 | ppl    523.34
[2022-04-11 03:52:32.914] E002 |   667/667 batches | lr 20.0000 | loss  6.132 | ppl    460.30
[2022-04-11 03:52:46.796] End E002 | valid loss  6.262; ppl    524.10 | accu 0.1966 = 22065/112220
[2022-04-11 03:53:02.476] End E002 |  test loss  8.037; ppl   3093.23 | accu 0.0695 = 8014/115380 ../data/sample_500k/cbt_valid.txt
[2022-04-11 03:54:06.531] End E002 |  test loss 10.020; ppl  22467.17 | accu 0.0049 = 2461/506840 ../data/sample_500k/adult_test.txt
[2022-04-11 03:54:06.531] Save: model.pt... 
[2022-04-11 03:54:07.212] Save: model.pt...Done. best_val_loss: 6.2617
[2022-04-11 03:54:07.212] Epoch 003/40 ==================================================
[2022-04-11 03:55:30.096] E003 |   200/667 batches | lr 20.0000 | loss  6.079 | ppl    436.60
[2022-04-11 03:56:55.282] E003 |   400/667 batches | lr 20.0000 | loss  6.013 | ppl    408.65
[2022-04-11 03:58:21.345] E003 |   600/667 batches | lr 20.0000 | loss  5.881 | ppl    358.24
[2022-04-11 03:58:49.762] E003 |   667/667 batches | lr 20.0000 | loss  5.778 | ppl    322.98
[2022-04-11 03:59:04.265] End E003 | valid loss  6.096; ppl    443.90 | accu 0.2047 = 22976/112220
[2022-04-11 03:59:18.129] End E003 |  test loss  8.355; ppl   4253.31 | accu 0.0710 = 8192/115380 ../data/sample_500k/cbt_valid.txt
[2022-04-11 04:00:20.297] End E003 |  test loss 10.799; ppl  48983.65 | accu 0.0048 = 2450/506840 ../data/sample_500k/adult_test.txt
[2022-04-11 04:00:20.297] Save: model.pt... 
[2022-04-11 04:00:20.966] Save: model.pt...Done. best_val_loss: 6.0956
[2022-04-11 04:00:20.966] Epoch 004/40 ==================================================
[2022-04-11 04:01:44.473] E004 |   200/667 batches | lr 20.0000 | loss  5.756 | ppl    316.23
[2022-04-11 04:03:08.895] E004 |   400/667 batches | lr 20.0000 | loss  5.735 | ppl    309.41
[2022-04-11 04:04:33.268] E004 |   600/667 batches | lr 20.0000 | loss  5.625 | ppl    277.32
[2022-04-11 04:05:01.266] E004 |   667/667 batches | lr 20.0000 | loss  5.533 | ppl    252.83
[2022-04-11 04:05:15.102] End E004 | valid loss  6.022; ppl    412.60 | accu 0.2012 = 22578/112220
[2022-04-11 04:05:29.023] End E004 |  test loss  8.591; ppl   5385.40 | accu 0.0666 = 7689/115380 ../data/sample_500k/cbt_valid.txt
[2022-04-11 04:06:31.056] End E004 |  test loss 10.660; ppl  42619.53 | accu 0.0050 = 2509/506840 ../data/sample_500k/adult_test.txt
[2022-04-11 04:06:31.057] Save: model.pt... 
[2022-04-11 04:06:31.756] Save: model.pt...Done. best_val_loss: 6.0225
[2022-04-11 04:06:31.756] Epoch 005/40 ==================================================
[2022-04-11 04:07:54.922] E005 |   200/667 batches | lr 20.0000 | loss  5.530 | ppl    252.03
[2022-04-11 04:09:18.723] E005 |   400/667 batches | lr 20.0000 | loss  5.522 | ppl    250.17
[2022-04-11 04:10:42.238] E005 |   600/667 batches | lr 20.0000 | loss  5.434 | ppl    229.03
[2022-04-11 04:11:10.161] E005 |   667/667 batches | lr 20.0000 | loss  5.351 | ppl    210.86
[2022-04-11 04:11:23.160] End E005 | valid loss  6.009; ppl    406.95 | accu 0.2062 = 23143/112220
[2022-04-11 04:11:36.589] End E005 |  test loss  7.816; ppl   2479.09 | accu 0.0796 = 9181/115380 ../data/sample_500k/cbt_valid.txt
[2022-04-11 04:12:44.091] End E005 |  test loss  9.504; ppl  13409.02 | accu 0.0169 = 8543/506840 ../data/sample_500k/adult_test.txt
[2022-04-11 04:12:44.091] Save: model.pt... 
[2022-04-11 04:12:44.871] Save: model.pt...Done. best_val_loss: 6.0087
[2022-04-11 04:12:44.871] Epoch 006/40 ==================================================
[2022-04-11 04:14:07.721] E006 |   200/667 batches | lr 20.0000 | loss  5.343 | ppl    209.05
[2022-04-11 04:15:31.847] E006 |   400/667 batches | lr 20.0000 | loss  5.345 | ppl    209.62
[2022-04-11 04:16:56.703] E006 |   600/667 batches | lr 20.0000 | loss  5.264 | ppl    193.21
[2022-04-11 04:17:24.570] E006 |   667/667 batches | lr 20.0000 | loss  5.184 | ppl    178.46
[2022-04-11 04:17:37.992] End E006 | valid loss  6.002; ppl    404.30 | accu 0.2103 = 23605/112220
[2022-04-11 04:17:51.427] End E006 |  test loss  7.917; ppl   2742.18 | accu 0.0752 = 8673/115380 ../data/sample_500k/cbt_valid.txt
[2022-04-11 04:18:51.748] End E006 |  test loss  9.051; ppl   8530.83 | accu 0.0220 = 11151/506840 ../data/sample_500k/adult_test.txt
[2022-04-11 04:18:51.748] Save: model.pt... 
[2022-04-11 04:18:52.465] Save: model.pt...Done. best_val_loss: 6.0022
[2022-04-11 04:18:52.466] Epoch 007/40 ==================================================
[2022-04-11 04:20:14.424] E007 |   200/667 batches | lr 20.0000 | loss  5.177 | ppl    177.22
[2022-04-11 04:21:37.501] E007 |   400/667 batches | lr 20.0000 | loss  5.185 | ppl    178.53
[2022-04-11 04:23:00.673] E007 |   600/667 batches | lr 20.0000 | loss  5.119 | ppl    167.23
[2022-04-11 04:23:28.844] E007 |   667/667 batches | lr 20.0000 | loss  5.051 | ppl    156.13
[2022-04-11 04:23:42.268] End E007 | valid loss  6.012; ppl    408.11 | accu 0.2102 = 23590/112220
[2022-04-11 04:23:56.349] End E007 |  test loss  8.411; ppl   4498.12 | accu 0.0749 = 8645/115380 ../data/sample_500k/cbt_valid.txt
[2022-04-11 04:25:06.162] End E007 |  test loss  9.755; ppl  17235.45 | accu 0.0136 = 6889/506840 ../data/sample_500k/adult_test.txt
[2022-04-11 04:25:06.162] Epoch 008/40 ==================================================
[2022-04-11 04:26:29.333] E008 |   200/667 batches | lr 10.0000 | loss  4.953 | ppl    141.63
[2022-04-11 04:27:53.936] E008 |   400/667 batches | lr 10.0000 | loss  4.912 | ppl    135.85
[2022-04-11 04:29:18.239] E008 |   600/667 batches | lr 10.0000 | loss  4.808 | ppl    122.54
[2022-04-11 04:29:46.879] E008 |   667/667 batches | lr 10.0000 | loss  4.725 | ppl    112.70
[2022-04-11 04:30:00.706] End E008 | valid loss  5.959; ppl    387.08 | accu 0.2172 = 24373/112220
[2022-04-11 04:30:14.776] End E008 |  test loss  8.230; ppl   3750.25 | accu 0.0766 = 8839/115380 ../data/sample_500k/cbt_valid.txt
[2022-04-11 04:31:18.940] End E008 |  test loss  9.807; ppl  18152.63 | accu 0.0105 = 5319/506840 ../data/sample_500k/adult_test.txt
[2022-04-11 04:31:18.941] Save: model.pt... 
[2022-04-11 04:31:19.587] Save: model.pt...Done. best_val_loss: 5.9586
[2022-04-11 04:31:19.588] Epoch 009/40 ==================================================
[2022-04-11 04:32:42.796] E009 |   200/667 batches | lr 10.0000 | loss  4.811 | ppl    122.89
[2022-04-11 04:34:07.920] E009 |   400/667 batches | lr 10.0000 | loss  4.798 | ppl    121.31
[2022-04-11 04:35:34.032] E009 |   600/667 batches | lr 10.0000 | loss  4.715 | ppl    111.65
[2022-04-11 04:36:02.876] E009 |   667/667 batches | lr 10.0000 | loss  4.645 | ppl    104.03
[2022-04-11 04:36:17.006] End E009 | valid loss  5.971; ppl    391.86 | accu 0.2185 = 24523/112220
[2022-04-11 04:36:31.714] End E009 |  test loss  8.112; ppl   3335.88 | accu 0.0794 = 9159/115380 ../data/sample_500k/cbt_valid.txt
[2022-04-11 04:37:34.375] End E009 |  test loss  9.447; ppl  12663.90 | accu 0.0118 = 5959/506840 ../data/sample_500k/adult_test.txt
[2022-04-11 04:37:34.375] Epoch 010/40 ==================================================
[2022-04-11 04:38:57.991] E010 |   200/667 batches | lr 5.0000 | loss  4.692 | ppl    109.07
[2022-04-11 04:40:23.010] E010 |   400/667 batches | lr 5.0000 | loss  4.655 | ppl    105.06
[2022-04-11 04:41:48.741] E010 |   600/667 batches | lr 5.0000 | loss  4.548 | ppl     94.48
[2022-04-11 04:42:17.709] E010 |   667/667 batches | lr 5.0000 | loss  4.466 | ppl     86.98
[2022-04-11 04:42:31.506] End E010 | valid loss  5.945; ppl    381.66 | accu 0.2228 = 25003/112220
[2022-04-11 04:42:46.226] End E010 |  test loss  7.977; ppl   2913.64 | accu 0.0867 = 10003/115380 ../data/sample_500k/cbt_valid.txt
[2022-04-11 04:43:47.784] End E010 |  test loss  9.188; ppl   9774.58 | accu 0.0169 = 8572/506840 ../data/sample_500k/adult_test.txt
[2022-04-11 04:43:47.785] Save: model.pt... 
[2022-04-11 04:43:48.486] Save: model.pt...Done. best_val_loss: 5.9445
[2022-04-11 04:43:48.486] Epoch 011/40 ==================================================
[2022-04-11 04:45:11.938] E011 |   200/667 batches | lr 5.0000 | loss  4.615 | ppl    100.97
[2022-04-11 04:46:37.297] E011 |   400/667 batches | lr 5.0000 | loss  4.590 | ppl     98.53
[2022-04-11 04:48:02.627] E011 |   600/667 batches | lr 5.0000 | loss  4.501 | ppl     90.08
[2022-04-11 04:48:31.521] E011 |   667/667 batches | lr 5.0000 | loss  4.430 | ppl     83.96
[2022-04-11 04:48:44.988] End E011 | valid loss  5.957; ppl    386.49 | accu 0.2218 = 24892/112220
[2022-04-11 04:48:59.121] End E011 |  test loss  7.962; ppl   2870.06 | accu 0.0863 = 9962/115380 ../data/sample_500k/cbt_valid.txt
[2022-04-11 04:50:01.455] End E011 |  test loss  9.255; ppl  10456.52 | accu 0.0185 = 9397/506840 ../data/sample_500k/adult_test.txt
[2022-04-11 04:50:01.455] Epoch 012/40 ==================================================
[2022-04-11 04:51:25.226] E012 |   200/667 batches | lr 2.5000 | loss  4.550 | ppl     94.63
[2022-04-11 04:52:50.213] E012 |   400/667 batches | lr 2.5000 | loss  4.517 | ppl     91.53
[2022-04-11 04:54:15.681] E012 |   600/667 batches | lr 2.5000 | loss  4.416 | ppl     82.77
[2022-04-11 04:54:44.399] E012 |   667/667 batches | lr 2.5000 | loss  4.335 | ppl     76.29
[2022-04-11 04:54:58.504] End E012 | valid loss  5.948; ppl    382.97 | accu 0.2249 = 25237/112220
[2022-04-11 04:55:12.755] End E012 |  test loss  7.672; ppl   2146.32 | accu 0.0916 = 10566/115380 ../data/sample_500k/cbt_valid.txt
[2022-04-11 04:56:15.005] End E012 |  test loss  9.087; ppl   8839.97 | accu 0.0210 = 10624/506840 ../data/sample_500k/adult_test.txt
[2022-04-11 04:56:15.005] Epoch 013/40 ==================================================
[2022-04-11 04:57:38.238] E013 |   200/667 batches | lr 1.2500 | loss  4.511 | ppl     90.98
[2022-04-11 04:59:03.811] E013 |   400/667 batches | lr 1.2500 | loss  4.477 | ppl     87.98
[2022-04-11 05:00:30.137] E013 |   600/667 batches | lr 1.2500 | loss  4.371 | ppl     79.12
[2022-04-11 05:00:58.743] E013 |   667/667 batches | lr 1.2500 | loss  4.285 | ppl     72.58
[2022-04-11 05:01:12.582] End E013 | valid loss  5.948; ppl    383.10 | accu 0.2260 = 25360/112220
[2022-04-11 05:01:26.238] End E013 |  test loss  7.697; ppl   2201.94 | accu 0.0923 = 10649/115380 ../data/sample_500k/cbt_valid.txt
[2022-04-11 05:02:27.807] End E013 |  test loss  9.089; ppl   8857.10 | accu 0.0229 = 11608/506840 ../data/sample_500k/adult_test.txt
[2022-04-11 05:02:27.807] Epoch 014/40 ==================================================
[2022-04-11 05:03:51.528] E014 |   200/667 batches | lr 0.6250 | loss  4.486 | ppl     88.78
[2022-04-11 05:05:17.126] E014 |   400/667 batches | lr 0.6250 | loss  4.456 | ppl     86.12
[2022-04-11 05:06:41.282] E014 |   600/667 batches | lr 0.6250 | loss  4.344 | ppl     77.00
[2022-04-11 05:07:09.251] E014 |   667/667 batches | lr 0.6250 | loss  4.259 | ppl     70.76
[2022-04-11 05:07:22.698] End E014 | valid loss  5.944; ppl    381.58 | accu 0.2264 = 25408/112220
[2022-04-11 05:07:36.842] End E014 |  test loss  7.653; ppl   2106.45 | accu 0.0932 = 10755/115380 ../data/sample_500k/cbt_valid.txt
[2022-04-11 05:08:38.872] End E014 |  test loss  9.071; ppl   8703.16 | accu 0.0233 = 11806/506840 ../data/sample_500k/adult_test.txt
[2022-04-11 05:08:38.872] Save: model.pt... 
[2022-04-11 05:08:39.519] Save: model.pt...Done. best_val_loss: 5.9443
[2022-04-11 05:08:39.520] Epoch 015/40 ==================================================
[2022-04-11 05:10:01.701] E015 |   200/667 batches | lr 0.6250 | loss  4.471 | ppl     87.44
[2022-04-11 05:11:25.753] E015 |   400/667 batches | lr 0.6250 | loss  4.440 | ppl     84.80
[2022-04-11 05:12:50.910] E015 |   600/667 batches | lr 0.6250 | loss  4.341 | ppl     76.76
[2022-04-11 05:13:19.074] E015 |   667/667 batches | lr 0.6250 | loss  4.254 | ppl     70.41
[2022-04-11 05:13:32.496] End E015 | valid loss  5.947; ppl    382.68 | accu 0.2264 = 25403/112220
[2022-04-11 05:13:46.044] End E015 |  test loss  7.648; ppl   2095.72 | accu 0.0937 = 10810/115380 ../data/sample_500k/cbt_valid.txt
[2022-04-11 05:14:46.030] End E015 |  test loss  9.070; ppl   8689.93 | accu 0.0242 = 12284/506840 ../data/sample_500k/adult_test.txt
[2022-04-11 05:14:46.030] Epoch 016/40 ==================================================
[2022-04-11 05:16:09.381] E016 |   200/667 batches | lr 0.3125 | loss  4.464 | ppl     86.80
[2022-04-11 05:17:33.137] E016 |   400/667 batches | lr 0.3125 | loss  4.431 | ppl     84.04
[2022-04-11 05:18:58.086] E016 |   600/667 batches | lr 0.3125 | loss  4.326 | ppl     75.62
[2022-04-11 05:19:26.332] E016 |   667/667 batches | lr 0.3125 | loss  4.245 | ppl     69.75
[2022-04-11 05:19:39.837] End E016 | valid loss  5.945; ppl    381.92 | accu 0.2270 = 25473/112220
[2022-04-11 05:19:53.626] End E016 |  test loss  7.653; ppl   2106.00 | accu 0.0931 = 10745/115380 ../data/sample_500k/cbt_valid.txt
[2022-04-11 05:20:55.453] End E016 |  test loss  9.083; ppl   8807.06 | accu 0.0236 = 11954/506840 ../data/sample_500k/adult_test.txt
[2022-04-11 05:20:55.453] Epoch 017/40 ==================================================
[2022-04-11 05:22:18.508] E017 |   200/667 batches | lr 0.1562 | loss  4.456 | ppl     86.16
[2022-04-11 05:23:42.429] E017 |   400/667 batches | lr 0.1562 | loss  4.425 | ppl     83.55
[2022-04-11 05:25:06.523] E017 |   600/667 batches | lr 0.1562 | loss  4.318 | ppl     75.05
[2022-04-11 05:25:34.570] E017 |   667/667 batches | lr 0.1562 | loss  4.232 | ppl     68.83
[2022-04-11 05:25:48.371] End E017 | valid loss  5.947; ppl    382.49 | accu 0.2268 = 25454/112220
[2022-04-11 05:26:02.466] End E017 |  test loss  7.656; ppl   2113.38 | accu 0.0927 = 10690/115380 ../data/sample_500k/cbt_valid.txt
[2022-04-11 05:27:02.720] End E017 |  test loss  9.094; ppl   8898.04 | accu 0.0235 = 11926/506840 ../data/sample_500k/adult_test.txt
[2022-04-11 05:27:02.720] Epoch 018/40 ==================================================
[2022-04-11 05:28:26.310] E018 |   200/667 batches | lr 0.0781 | loss  4.457 | ppl     86.26
[2022-04-11 05:29:51.166] E018 |   400/667 batches | lr 0.0781 | loss  4.422 | ppl     83.30
[2022-04-11 05:31:16.732] E018 |   600/667 batches | lr 0.0781 | loss  4.314 | ppl     74.78
[2022-04-11 05:31:45.282] E018 |   667/667 batches | lr 0.0781 | loss  4.232 | ppl     68.85
[2022-04-11 05:32:01.644] End E018 | valid loss  5.948; ppl    383.07 | accu 0.2270 = 25479/112220
[2022-04-11 05:32:16.964] End E018 |  test loss  7.656; ppl   2114.28 | accu 0.0930 = 10727/115380 ../data/sample_500k/cbt_valid.txt
[2022-04-11 05:33:18.704] End E018 |  test loss  9.089; ppl   8859.94 | accu 0.0238 = 12055/506840 ../data/sample_500k/adult_test.txt
[2022-04-11 05:33:18.705] Epoch 019/40 ==================================================
[2022-04-11 05:34:41.702] E019 |   200/667 batches | lr 0.0391 | loss  4.453 | ppl     85.87
[2022-04-11 05:36:06.838] E019 |   400/667 batches | lr 0.0391 | loss  4.424 | ppl     83.40
[2022-04-11 05:37:32.665] E019 |   600/667 batches | lr 0.0391 | loss  4.311 | ppl     74.52
[2022-04-11 05:38:00.970] E019 |   667/667 batches | lr 0.0391 | loss  4.231 | ppl     68.76
[2022-04-11 05:38:14.620] End E019 | valid loss  5.949; ppl    383.31 | accu 0.2272 = 25498/112220
[2022-04-11 05:38:30.439] End E019 |  test loss  7.661; ppl   2123.86 | accu 0.0928 = 10710/115380 ../data/sample_500k/cbt_valid.txt
[2022-04-11 05:39:35.032] End E019 |  test loss  9.096; ppl   8919.93 | accu 0.0237 = 12008/506840 ../data/sample_500k/adult_test.txt
[2022-04-11 05:39:35.032] Epoch 020/40 ==================================================
[2022-04-11 05:40:59.971] E020 |   200/667 batches | lr 0.0195 | loss  4.452 | ppl     85.79
[2022-04-11 05:42:25.688] E020 |   400/667 batches | lr 0.0195 | loss  4.422 | ppl     83.27
[2022-04-11 05:43:52.257] E020 |   600/667 batches | lr 0.0195 | loss  4.313 | ppl     74.69
[2022-04-11 05:44:21.128] E020 |   667/667 batches | lr 0.0195 | loss  4.223 | ppl     68.23
[2022-04-11 05:44:35.591] End E020 | valid loss  5.950; ppl    383.60 | accu 0.2272 = 25492/112220
[2022-04-11 05:44:49.462] End E020 |  test loss  7.663; ppl   2127.32 | accu 0.0928 = 10704/115380 ../data/sample_500k/cbt_valid.txt
[2022-04-11 05:45:55.758] End E020 |  test loss  9.098; ppl   8933.64 | accu 0.0236 = 11972/506840 ../data/sample_500k/adult_test.txt
[2022-04-11 05:45:55.758] Epoch 021/40 ==================================================
[2022-04-11 05:47:19.114] E021 |   200/667 batches | lr 0.0098 | loss  4.453 | ppl     85.89
[2022-04-11 05:48:45.267] E021 |   400/667 batches | lr 0.0098 | loss  4.421 | ppl     83.17
[2022-04-11 05:50:10.322] E021 |   600/667 batches | lr 0.0098 | loss  4.313 | ppl     74.65
[2022-04-11 05:50:38.224] E021 |   667/667 batches | lr 0.0098 | loss  4.229 | ppl     68.67
[2022-04-11 05:50:51.660] End E021 | valid loss  5.950; ppl    383.74 | accu 0.2272 = 25491/112220
[2022-04-11 05:51:05.395] End E021 |  test loss  7.662; ppl   2126.36 | accu 0.0928 = 10704/115380 ../data/sample_500k/cbt_valid.txt
[2022-04-11 05:52:09.349] End E021 |  test loss  9.097; ppl   8926.62 | accu 0.0236 = 11972/506840 ../data/sample_500k/adult_test.txt
[2022-04-11 05:52:09.350] Epoch 022/40 ==================================================
[2022-04-11 05:53:32.796] E022 |   200/667 batches | lr 0.0049 | loss  4.452 | ppl     85.82
[2022-04-11 05:54:58.388] E022 |   400/667 batches | lr 0.0049 | loss  4.420 | ppl     83.06
[2022-04-11 05:56:23.219] E022 |   600/667 batches | lr 0.0049 | loss  4.312 | ppl     74.57
[2022-04-11 05:56:51.402] E022 |   667/667 batches | lr 0.0049 | loss  4.230 | ppl     68.75
[2022-04-11 05:57:05.186] End E022 | valid loss  5.950; ppl    383.78 | accu 0.2271 = 25486/112220
[2022-04-11 05:57:19.315] End E022 |  test loss  7.662; ppl   2125.72 | accu 0.0928 = 10703/115380 ../data/sample_500k/cbt_valid.txt
[2022-04-11 05:58:20.155] End E022 |  test loss  9.096; ppl   8920.14 | accu 0.0236 = 11972/506840 ../data/sample_500k/adult_test.txt
[2022-04-11 05:58:20.155] Epoch 023/40 ==================================================
[2022-04-11 05:59:43.817] E023 |   200/667 batches | lr 0.0024 | loss  4.450 | ppl     85.62
[2022-04-11 06:01:09.153] E023 |   400/667 batches | lr 0.0024 | loss  4.418 | ppl     82.96
[2022-04-11 06:02:34.159] E023 |   600/667 batches | lr 0.0024 | loss  4.313 | ppl     74.69
[2022-04-11 06:03:02.201] E023 |   667/667 batches | lr 0.0024 | loss  4.225 | ppl     68.38
[2022-04-11 06:03:16.016] End E023 | valid loss  5.950; ppl    383.79 | accu 0.2271 = 25487/112220
[2022-04-11 06:03:29.979] End E023 |  test loss  7.662; ppl   2125.89 | accu 0.0927 = 10701/115380 ../data/sample_500k/cbt_valid.txt
[2022-04-11 06:04:32.743] End E023 |  test loss  9.096; ppl   8915.42 | accu 0.0236 = 11978/506840 ../data/sample_500k/adult_test.txt
[2022-04-11 06:04:32.743] Epoch 024/40 ==================================================
[2022-04-11 06:05:56.346] E024 |   200/667 batches | lr 0.0012 | loss  4.451 | ppl     85.69
[2022-04-11 06:07:21.392] E024 |   400/667 batches | lr 0.0012 | loss  4.419 | ppl     82.99
[2022-04-11 06:08:47.401] E024 |   600/667 batches | lr 0.0012 | loss  4.312 | ppl     74.60
[2022-04-11 06:09:16.250] E024 |   667/667 batches | lr 0.0012 | loss  4.227 | ppl     68.52
[2022-04-11 06:09:29.825] End E024 | valid loss  5.950; ppl    383.81 | accu 0.2271 = 25486/112220
[2022-04-11 06:09:43.859] End E024 |  test loss  7.662; ppl   2126.29 | accu 0.0927 = 10699/115380 ../data/sample_500k/cbt_valid.txt
[2022-04-11 06:10:45.759] End E024 |  test loss  9.096; ppl   8916.35 | accu 0.0236 = 11976/506840 ../data/sample_500k/adult_test.txt
[2022-04-11 06:10:45.759] Epoch 025/40 ==================================================
[2022-04-11 06:12:09.030] E025 |   200/667 batches | lr 0.0006 | loss  4.452 | ppl     85.82
[2022-04-11 06:13:35.185] E025 |   400/667 batches | lr 0.0006 | loss  4.419 | ppl     83.01
[2022-04-11 06:14:59.950] E025 |   600/667 batches | lr 0.0006 | loss  4.310 | ppl     74.45
[2022-04-11 06:15:28.368] E025 |   667/667 batches | lr 0.0006 | loss  4.229 | ppl     68.66
[2022-04-11 06:15:42.381] End E025 | valid loss  5.950; ppl    383.82 | accu 0.2271 = 25487/112220
[2022-04-11 06:15:56.129] End E025 |  test loss  7.662; ppl   2126.42 | accu 0.0927 = 10699/115380 ../data/sample_500k/cbt_valid.txt
[2022-04-11 06:16:57.639] End E025 |  test loss  9.095; ppl   8914.62 | accu 0.0236 = 11976/506840 ../data/sample_500k/adult_test.txt
[2022-04-11 06:16:57.639] Epoch 026/40 ==================================================
[2022-04-11 06:18:22.114] E026 |   200/667 batches | lr 0.0003 | loss  4.451 | ppl     85.72
[2022-04-11 06:19:48.462] E026 |   400/667 batches | lr 0.0003 | loss  4.420 | ppl     83.13
[2022-04-11 06:21:13.860] E026 |   600/667 batches | lr 0.0003 | loss  4.310 | ppl     74.46
[2022-04-11 06:21:42.059] E026 |   667/667 batches | lr 0.0003 | loss  4.225 | ppl     68.39
[2022-04-11 06:21:55.874] End E026 | valid loss  5.950; ppl    383.82 | accu 0.2271 = 25487/112220
[2022-04-11 06:22:10.090] End E026 |  test loss  7.662; ppl   2126.51 | accu 0.0927 = 10699/115380 ../data/sample_500k/cbt_valid.txt
[2022-04-11 06:23:15.423] End E026 |  test loss  9.095; ppl   8914.51 | accu 0.0236 = 11974/506840 ../data/sample_500k/adult_test.txt
[2022-04-11 06:23:15.424] Epoch 027/40 ==================================================
[2022-04-11 06:24:39.327] E027 |   200/667 batches | lr 0.0002 | loss  4.451 | ppl     85.74
[2022-04-11 06:26:05.027] E027 |   400/667 batches | lr 0.0002 | loss  4.417 | ppl     82.83
[2022-04-11 06:27:30.410] E027 |   600/667 batches | lr 0.0002 | loss  4.311 | ppl     74.50
[2022-04-11 06:27:59.279] E027 |   667/667 batches | lr 0.0002 | loss  4.231 | ppl     68.79
[2022-04-11 06:28:14.082] End E027 | valid loss  5.950; ppl    383.82 | accu 0.2271 = 25488/112220
[2022-04-11 06:28:28.279] End E027 |  test loss  7.662; ppl   2126.52 | accu 0.0927 = 10699/115380 ../data/sample_500k/cbt_valid.txt
[2022-04-11 06:29:34.395] End E027 |  test loss  9.095; ppl   8914.19 | accu 0.0236 = 11975/506840 ../data/sample_500k/adult_test.txt
[2022-04-11 06:29:34.395] Epoch 028/40 ==================================================
[2022-04-11 06:30:59.800] E028 |   200/667 batches | lr 0.0001 | loss  4.450 | ppl     85.61
[2022-04-11 06:32:24.786] E028 |   400/667 batches | lr 0.0001 | loss  4.419 | ppl     83.03
[2022-04-11 06:33:49.320] E028 |   600/667 batches | lr 0.0001 | loss  4.313 | ppl     74.65
[2022-04-11 06:34:18.016] E028 |   667/667 batches | lr 0.0001 | loss  4.228 | ppl     68.58
[2022-04-11 06:34:32.117] End E028 | valid loss  5.950; ppl    383.82 | accu 0.2271 = 25487/112220
[2022-04-11 06:34:46.086] End E028 |  test loss  7.662; ppl   2126.56 | accu 0.0927 = 10699/115380 ../data/sample_500k/cbt_valid.txt
[2022-04-11 06:35:48.086] End E028 |  test loss  9.095; ppl   8914.35 | accu 0.0236 = 11975/506840 ../data/sample_500k/adult_test.txt
[2022-04-11 06:35:48.086] Epoch 029/40 ==================================================
[2022-04-11 06:37:12.442] E029 |   200/667 batches | lr 0.0000 | loss  4.451 | ppl     85.71
[2022-04-11 06:38:36.778] E029 |   400/667 batches | lr 0.0000 | loss  4.420 | ppl     83.12
[2022-04-11 06:40:01.717] E029 |   600/667 batches | lr 0.0000 | loss  4.314 | ppl     74.76
[2022-04-11 06:40:30.184] E029 |   667/667 batches | lr 0.0000 | loss  4.221 | ppl     68.12
[2022-04-11 06:40:44.244] End E029 | valid loss  5.950; ppl    383.82 | accu 0.2271 = 25487/112220
[2022-04-11 06:40:58.619] End E029 |  test loss  7.662; ppl   2126.56 | accu 0.0927 = 10699/115380 ../data/sample_500k/cbt_valid.txt
[2022-04-11 06:42:01.315] End E029 |  test loss  9.095; ppl   8914.28 | accu 0.0236 = 11975/506840 ../data/sample_500k/adult_test.txt
[2022-04-11 06:42:01.316] Epoch 030/40 ==================================================
[2022-04-11 06:43:25.471] E030 |   200/667 batches | lr 0.0000 | loss  4.451 | ppl     85.69
[2022-04-11 06:44:50.812] E030 |   400/667 batches | lr 0.0000 | loss  4.420 | ppl     83.09
[2022-04-11 06:46:16.115] E030 |   600/667 batches | lr 0.0000 | loss  4.311 | ppl     74.55
[2022-04-11 06:46:44.757] E030 |   667/667 batches | lr 0.0000 | loss  4.226 | ppl     68.45
[2022-04-11 06:46:58.612] End E030 | valid loss  5.950; ppl    383.82 | accu 0.2271 = 25487/112220
[2022-04-11 06:47:12.363] End E030 |  test loss  7.662; ppl   2126.55 | accu 0.0927 = 10699/115380 ../data/sample_500k/cbt_valid.txt
[2022-04-11 06:48:14.315] End E030 |  test loss  9.095; ppl   8914.22 | accu 0.0236 = 11975/506840 ../data/sample_500k/adult_test.txt
[2022-04-11 06:48:14.315] Epoch 031/40 ==================================================
[2022-04-11 06:49:38.405] E031 |   200/667 batches | lr 0.0000 | loss  4.450 | ppl     85.63
[2022-04-11 06:51:02.828] E031 |   400/667 batches | lr 0.0000 | loss  4.419 | ppl     83.05
[2022-04-11 06:52:27.731] E031 |   600/667 batches | lr 0.0000 | loss  4.315 | ppl     74.79
[2022-04-11 06:52:56.470] E031 |   667/667 batches | lr 0.0000 | loss  4.225 | ppl     68.37
[2022-04-11 06:53:10.036] End E031 | valid loss  5.950; ppl    383.82 | accu 0.2271 = 25486/112220
[2022-04-11 06:53:24.005] End E031 |  test loss  7.662; ppl   2126.55 | accu 0.0927 = 10699/115380 ../data/sample_500k/cbt_valid.txt
[2022-04-11 06:54:29.147] End E031 |  test loss  9.095; ppl   8914.21 | accu 0.0236 = 11975/506840 ../data/sample_500k/adult_test.txt
[2022-04-11 06:54:29.147] Epoch 032/40 ==================================================
[2022-04-11 06:55:53.004] E032 |   200/667 batches | lr 0.0000 | loss  4.450 | ppl     85.64
[2022-04-11 06:57:18.139] E032 |   400/667 batches | lr 0.0000 | loss  4.421 | ppl     83.22
[2022-04-11 06:58:43.648] E032 |   600/667 batches | lr 0.0000 | loss  4.311 | ppl     74.53
[2022-04-11 06:59:11.711] E032 |   667/667 batches | lr 0.0000 | loss  4.223 | ppl     68.23
[2022-04-11 06:59:25.199] End E032 | valid loss  5.950; ppl    383.82 | accu 0.2271 = 25486/112220
[2022-04-11 06:59:39.206] End E032 |  test loss  7.662; ppl   2126.55 | accu 0.0927 = 10699/115380 ../data/sample_500k/cbt_valid.txt
[2022-04-11 07:00:42.592] End E032 |  test loss  9.095; ppl   8914.21 | accu 0.0236 = 11975/506840 ../data/sample_500k/adult_test.txt
[2022-04-11 07:00:42.592] Epoch 033/40 ==================================================
[2022-04-11 07:02:06.865] E033 |   200/667 batches | lr 0.0000 | loss  4.449 | ppl     85.57
[2022-04-11 07:03:32.279] E033 |   400/667 batches | lr 0.0000 | loss  4.419 | ppl     83.04
[2022-04-11 07:04:57.469] E033 |   600/667 batches | lr 0.0000 | loss  4.312 | ppl     74.57
[2022-04-11 07:05:26.033] E033 |   667/667 batches | lr 0.0000 | loss  4.231 | ppl     68.78
[2022-04-11 07:05:39.641] End E033 | valid loss  5.950; ppl    383.82 | accu 0.2271 = 25486/112220
[2022-04-11 07:05:54.465] End E033 |  test loss  7.662; ppl   2126.55 | accu 0.0927 = 10699/115380 ../data/sample_500k/cbt_valid.txt
[2022-04-11 07:06:56.816] End E033 |  test loss  9.095; ppl   8914.20 | accu 0.0236 = 11975/506840 ../data/sample_500k/adult_test.txt
[2022-04-11 07:06:56.816] Epoch 034/40 ==================================================
[2022-04-11 07:08:19.741] E034 |   200/667 batches | lr 0.0000 | loss  4.450 | ppl     85.61
[2022-04-11 07:09:44.381] E034 |   400/667 batches | lr 0.0000 | loss  4.419 | ppl     83.04
[2022-04-11 07:11:10.423] E034 |   600/667 batches | lr 0.0000 | loss  4.312 | ppl     74.62
[2022-04-11 07:11:38.564] E034 |   667/667 batches | lr 0.0000 | loss  4.233 | ppl     68.92
[2022-04-11 07:11:52.538] End E034 | valid loss  5.950; ppl    383.82 | accu 0.2271 = 25486/112220
[2022-04-11 07:12:06.556] End E034 |  test loss  7.662; ppl   2126.55 | accu 0.0927 = 10699/115380 ../data/sample_500k/cbt_valid.txt
[2022-04-11 07:13:08.994] End E034 |  test loss  9.095; ppl   8914.20 | accu 0.0236 = 11975/506840 ../data/sample_500k/adult_test.txt
[2022-04-11 07:13:08.994] Epoch 035/40 ==================================================
[2022-04-11 07:14:33.248] E035 |   200/667 batches | lr 0.0000 | loss  4.453 | ppl     85.86
[2022-04-11 07:15:58.723] E035 |   400/667 batches | lr 0.0000 | loss  4.416 | ppl     82.77
[2022-04-11 07:17:23.963] E035 |   600/667 batches | lr 0.0000 | loss  4.312 | ppl     74.59
[2022-04-11 07:17:53.033] E035 |   667/667 batches | lr 0.0000 | loss  4.230 | ppl     68.68
[2022-04-11 07:18:07.171] End E035 | valid loss  5.950; ppl    383.82 | accu 0.2271 = 25486/112220
[2022-04-11 07:18:22.503] End E035 |  test loss  7.662; ppl   2126.55 | accu 0.0927 = 10699/115380 ../data/sample_500k/cbt_valid.txt
[2022-04-11 07:19:23.885] End E035 |  test loss  9.095; ppl   8914.20 | accu 0.0236 = 11975/506840 ../data/sample_500k/adult_test.txt
[2022-04-11 07:19:23.885] Epoch 036/40 ==================================================
[2022-04-11 07:20:47.406] E036 |   200/667 batches | lr 0.0000 | loss  4.452 | ppl     85.80
[2022-04-11 07:22:12.052] E036 |   400/667 batches | lr 0.0000 | loss  4.420 | ppl     83.12
[2022-04-11 07:23:36.468] E036 |   600/667 batches | lr 0.0000 | loss  4.316 | ppl     74.92
[2022-04-11 07:24:05.186] E036 |   667/667 batches | lr 0.0000 | loss  4.227 | ppl     68.50
[2022-04-11 07:24:18.511] End E036 | valid loss  5.950; ppl    383.82 | accu 0.2271 = 25486/112220
[2022-04-11 07:24:32.052] End E036 |  test loss  7.662; ppl   2126.55 | accu 0.0927 = 10699/115380 ../data/sample_500k/cbt_valid.txt
[2022-04-11 07:25:35.587] End E036 |  test loss  9.095; ppl   8914.20 | accu 0.0236 = 11975/506840 ../data/sample_500k/adult_test.txt
[2022-04-11 07:25:35.588] Epoch 037/40 ==================================================
[2022-04-11 07:26:59.500] E037 |   200/667 batches | lr 0.0000 | loss  4.451 | ppl     85.72
[2022-04-11 07:28:23.344] E037 |   400/667 batches | lr 0.0000 | loss  4.419 | ppl     83.04
[2022-04-11 07:29:49.059] E037 |   600/667 batches | lr 0.0000 | loss  4.311 | ppl     74.54
[2022-04-11 07:30:17.462] E037 |   667/667 batches | lr 0.0000 | loss  4.229 | ppl     68.66
[2022-04-11 07:30:30.368] End E037 | valid loss  5.950; ppl    383.82 | accu 0.2271 = 25486/112220
[2022-04-11 07:30:43.367] End E037 |  test loss  7.662; ppl   2126.55 | accu 0.0927 = 10699/115380 ../data/sample_500k/cbt_valid.txt
[2022-04-11 07:31:41.571] End E037 |  test loss  9.095; ppl   8914.20 | accu 0.0236 = 11975/506840 ../data/sample_500k/adult_test.txt
[2022-04-11 07:31:41.571] Epoch 038/40 ==================================================
[2022-04-11 07:33:04.197] E038 |   200/667 batches | lr 0.0000 | loss  4.449 | ppl     85.55
[2022-04-11 07:34:29.319] E038 |   400/667 batches | lr 0.0000 | loss  4.417 | ppl     82.86
[2022-04-11 07:35:55.451] E038 |   600/667 batches | lr 0.0000 | loss  4.315 | ppl     74.78
[2022-04-11 07:36:24.422] E038 |   667/667 batches | lr 0.0000 | loss  4.227 | ppl     68.52
[2022-04-11 07:36:38.931] End E038 | valid loss  5.950; ppl    383.82 | accu 0.2271 = 25486/112220
[2022-04-11 07:36:52.491] End E038 |  test loss  7.662; ppl   2126.55 | accu 0.0927 = 10699/115380 ../data/sample_500k/cbt_valid.txt
[2022-04-11 07:37:51.717] End E038 |  test loss  9.095; ppl   8914.20 | accu 0.0236 = 11975/506840 ../data/sample_500k/adult_test.txt
[2022-04-11 07:37:51.717] Epoch 039/40 ==================================================
[2022-04-11 07:39:13.435] E039 |   200/667 batches | lr 0.0000 | loss  4.453 | ppl     85.91
[2022-04-11 07:40:39.029] E039 |   400/667 batches | lr 0.0000 | loss  4.419 | ppl     82.98
[2022-04-11 07:42:04.394] E039 |   600/667 batches | lr 0.0000 | loss  4.313 | ppl     74.70
[2022-04-11 07:42:31.943] E039 |   667/667 batches | lr 0.0000 | loss  4.228 | ppl     68.56
[2022-04-11 07:42:45.155] End E039 | valid loss  5.950; ppl    383.82 | accu 0.2271 = 25486/112220
[2022-04-11 07:42:58.468] End E039 |  test loss  7.662; ppl   2126.55 | accu 0.0927 = 10699/115380 ../data/sample_500k/cbt_valid.txt
[2022-04-11 07:43:57.545] End E039 |  test loss  9.095; ppl   8914.20 | accu 0.0236 = 11975/506840 ../data/sample_500k/adult_test.txt
[2022-04-11 07:43:57.545] Epoch 040/40 ==================================================
[2022-04-11 07:45:21.571] E040 |   200/667 batches | lr 0.0000 | loss  4.451 | ppl     85.69
[2022-04-11 07:46:47.154] E040 |   400/667 batches | lr 0.0000 | loss  4.417 | ppl     82.88
[2022-04-11 07:48:12.989] E040 |   600/667 batches | lr 0.0000 | loss  4.313 | ppl     74.65
[2022-04-11 07:48:41.171] E040 |   667/667 batches | lr 0.0000 | loss  4.231 | ppl     68.76
[2022-04-11 07:48:54.387] End E040 | valid loss  5.950; ppl    383.82 | accu 0.2271 = 25486/112220
[2022-04-11 07:49:07.815] End E040 |  test loss  7.662; ppl   2126.55 | accu 0.0927 = 10699/115380 ../data/sample_500k/cbt_valid.txt
[2022-04-11 07:50:07.123] End E040 |  test loss  9.095; ppl   8914.20 | accu 0.0236 = 11975/506840 ../data/sample_500k/adult_test.txt
[2022-04-11 07:50:20.649] End. test loss  7.65; ppl  2106.45 | accu 0.0932 = 10755/115380 ../data/sample_500k/cbt_valid.txt
[2022-04-11 07:51:20.257] End. test loss  9.07; ppl  8703.16 | accu 0.0233 = 11806/506840 ../data/sample_500k/adult_test.txt
[2022-04-11 07:51:20.258] =========================================================================================
[2022-04-11 07:51:20.258] valid_loss
[2022-04-11 07:51:20.258]  6.76, 6.26, 6.10, 6.02, 6.01, 6.00, 6.01, 5.96, 5.97, 5.94, 5.96, 5.95, 5.95, 5.94, 5.95, 5.95, 5.95, 5.95, 5.95, 5.95, 5.95, 5.95, 5.95, 5.95, 5.95, 5.95, 5.95, 5.95, 5.95, 5.95, 5.95, 5.95, 5.95, 5.95, 5.95, 5.95, 5.95, 5.95, 5.95, 5.95
[2022-04-11 07:51:20.258] valid_loss ppl
[2022-04-11 07:51:20.258]   860.85,  524.10,  443.90,  412.60,  406.95,  404.30,  408.11,  387.08,  391.86,  381.66,  386.49,  382.97,  383.10,  381.58,  382.68,  381.92,  382.49,  383.07,  383.31,  383.60,  383.74,  383.78,  383.79,  383.81,  383.82,  383.82,  383.82,  383.82,  383.82,  383.82,  383.82,  383.82,  383.82,  383.82,  383.82,  383.82,  383.82,  383.82,  383.82,  383.82
[2022-04-11 07:51:20.258] test_loss of ../data/sample_500k/cbt_valid.txt
[2022-04-11 07:51:20.258]  7.80, 8.04, 8.36, 8.59, 7.82, 7.92, 8.41, 8.23, 8.11, 7.98, 7.96, 7.67, 7.70, 7.65, 7.65, 7.65, 7.66, 7.66, 7.66, 7.66, 7.66, 7.66, 7.66, 7.66, 7.66, 7.66, 7.66, 7.66, 7.66, 7.66, 7.66, 7.66, 7.66, 7.66, 7.66, 7.66, 7.66, 7.66, 7.66, 7.66
[2022-04-11 07:51:20.258] test_loss of ../data/sample_500k/cbt_valid.txt ppl
[2022-04-11 07:51:20.258]  2433.54, 3093.23, 4253.31, 5385.40, 2479.09, 2742.18, 4498.12, 3750.25, 3335.88, 2913.64, 2870.06, 2146.32, 2201.94, 2106.45, 2095.72, 2106.00, 2113.38, 2114.28, 2123.86, 2127.32, 2126.36, 2125.72, 2125.89, 2126.29, 2126.42, 2126.51, 2126.52, 2126.56, 2126.56, 2126.55, 2126.55, 2126.55, 2126.55, 2126.55, 2126.55, 2126.55, 2126.55, 2126.55, 2126.55, 2126.55
[2022-04-11 07:51:20.258] test_loss of ../data/sample_500k/adult_test.txt
[2022-04-11 07:51:20.258]  9.00,10.02,10.80,10.66, 9.50, 9.05, 9.75, 9.81, 9.45, 9.19, 9.25, 9.09, 9.09, 9.07, 9.07, 9.08, 9.09, 9.09, 9.10, 9.10, 9.10, 9.10, 9.10, 9.10, 9.10, 9.10, 9.10, 9.10, 9.10, 9.10, 9.10, 9.10, 9.10, 9.10, 9.10, 9.10, 9.10, 9.10, 9.10, 9.10
[2022-04-11 07:51:20.258] test_loss of ../data/sample_500k/adult_test.txt ppl
[2022-04-11 07:51:20.259]  8106.55,22467.17,48983.65,42619.53,13409.02, 8530.83,17235.45,18152.63,12663.90, 9774.58,10456.52, 8839.97, 8857.10, 8703.16, 8689.93, 8807.06, 8898.04, 8859.94, 8919.93, 8933.64, 8926.62, 8920.14, 8915.42, 8916.35, 8914.62, 8914.51, 8914.19, 8914.35, 8914.28, 8914.22, 8914.21, 8914.21, 8914.20, 8914.20, 8914.20, 8914.20, 8914.20, 8914.20, 8914.20, 8914.20
