[2022-04-10 15:21:07.806] corpus.train_file_list: 1
[2022-04-10 15:21:07.806]         ../data/cbt_train.txt
[2022-04-10 15:21:07.806] corpus.valid_file_list: 1
[2022-04-10 15:21:07.807]         ../data/cbt_valid.txt
[2022-04-10 15:21:07.807] corpus.test_file_list: 2
[2022-04-10 15:21:07.807]         ../data/adolescent_valid.txt
[2022-04-10 15:21:07.807]         ../data/adult_test.txt
[2022-04-10 15:21:07.807] corpus.subword_vocab_size: 500
[2022-04-10 15:21:07.807] corpus.subword_model.train(2 files)...
[2022-04-10 15:21:07.807]         ../data/cbt_train.txt
[2022-04-10 15:21:07.807]         ../data/cbt_valid.txt
[2022-04-10 15:21:08.159] corpus.subword_model.train(2 files)...Done
[2022-04-10 15:21:08.159] corpus tokenize...
[2022-04-10 15:21:11.065]         train tokens: 1160305  ../data/cbt_train.txt
[2022-04-10 15:21:12.237]         valid tokens: 448807  ../data/cbt_valid.txt
[2022-04-10 15:21:12.600]         test  tokens: 131539  ../data/adolescent_valid.txt
[2022-04-10 15:21:12.920]         test  tokens: 144343  ../data/adult_test.txt
[2022-04-10 15:21:12.921] corpus.ntokens      : 495
[2022-04-10 15:21:12.921] corpus.char_count   : 86
[2022-04-10 15:21:12.921] corpus.char_cnt_dict: 86
[2022-04-10 15:21:12.921] corpus.char_id_dict : 86
[2022-04-10 15:21:12.927] corpus.batchify(1 files, batch_size=20)...
[2022-04-10 15:21:12.927]         tokens_all: 1160305
[2022-04-10 15:21:12.928]         batched   :  58015
[2022-04-10 15:21:12.928]         ../data/cbt_train.txt
[2022-04-10 15:21:12.933] corpus.batchify(1 files, batch_size=20)...
[2022-04-10 15:21:12.933]         tokens_all: 448807
[2022-04-10 15:21:12.933]         batched   :  22440
[2022-04-10 15:21:12.933]         ../data/cbt_valid.txt
[2022-04-10 15:21:12.935] corpus.batchify(1 files, batch_size=20)...
[2022-04-10 15:21:12.935]         tokens_all: 131539
[2022-04-10 15:21:12.935]         batched   :   6576
[2022-04-10 15:21:12.935]         ../data/adolescent_valid.txt
[2022-04-10 15:21:12.937] corpus.batchify(1 files, batch_size=20)...
[2022-04-10 15:21:12.937]         tokens_all: 144343
[2022-04-10 15:21:12.937]         batched   :   7217
[2022-04-10 15:21:12.937]         ../data/adult_test.txt
[2022-04-10 15:21:12.946] RNNModel.rnn_type: LSTM
[2022-04-10 15:21:12.946] RNNModel.ntoken  : 495
[2022-04-10 15:21:12.946] RNNModel.ninp    : 200
[2022-04-10 15:21:12.946] RNNModel.nhid    : 200
[2022-04-10 15:21:12.946] RNNModel.nlayers : 2
[2022-04-10 15:21:12.946] RNNModel.dropout : 0.2
[2022-04-10 15:21:12.946] RNNModel.tie_weights: False
[2022-04-10 15:21:12.946] RNNModel.char_mode  : CNN
[2022-04-10 15:21:12.947] RNNModel.char_cnt   : 87
[2022-04-10 15:21:12.947] RNNModel.char_emsize: 25
[2022-04-10 15:21:12.947] RNNModel.char_nhid  : 200
[2022-04-10 15:21:12.947] RNNModel.char_embeds: created
[2022-04-10 15:21:12.947] RNNModel.char_cnn3  : created
[2022-04-10 15:21:12.949] Epoch 001/40 ==================================================
[2022-04-10 15:21:19.242] E001 |   200/1657 batches | lr 20.0000 | loss  5.229 | ppl    186.65
[2022-04-10 15:21:25.625] E001 |   400/1657 batches | lr 20.0000 | loss  4.512 | ppl     91.14
[2022-04-10 15:21:32.021] E001 |   600/1657 batches | lr 20.0000 | loss  4.092 | ppl     59.85
[2022-04-10 15:21:38.517] E001 |   800/1657 batches | lr 20.0000 | loss  3.856 | ppl     47.28
[2022-04-10 15:21:44.938] E001 |  1000/1657 batches | lr 20.0000 | loss  3.682 | ppl     39.72
[2022-04-10 15:21:51.394] E001 |  1200/1657 batches | lr 20.0000 | loss  3.679 | ppl     39.62
[2022-04-10 15:21:58.476] E001 |  1400/1657 batches | lr 20.0000 | loss  3.600 | ppl     36.61
[2022-04-10 15:22:05.926] E001 |  1600/1657 batches | lr 20.0000 | loss  3.595 | ppl     36.41
[2022-04-10 15:22:08.057] E001 |  1657/1657 batches | lr 20.0000 | loss  3.564 | ppl     35.32
[2022-04-10 15:22:18.462] End E001 | valid loss  3.754; ppl     42.69 | accu 0.2331 = 104620/448780
[2022-04-10 15:22:21.459] End E001 |  test loss  4.520; ppl     91.88 | accu 0.1761 = 23153/131500 ../data/adolescent_valid.txt
[2022-04-10 15:22:24.745] End E001 |  test loss  5.105; ppl    164.79 | accu 0.1057 = 15256/144320 ../data/adult_test.txt
[2022-04-10 15:22:24.745] Save: model.pt... 
[2022-04-10 15:22:24.756] Save: model.pt...Done. best_val_loss: 3.7540
[2022-04-10 15:22:24.757] Epoch 002/40 ==================================================
[2022-04-10 15:22:31.966] E002 |   200/1657 batches | lr 20.0000 | loss  3.521 | ppl     33.82
[2022-04-10 15:22:39.093] E002 |   400/1657 batches | lr 20.0000 | loss  3.484 | ppl     32.58
[2022-04-10 15:22:45.535] E002 |   600/1657 batches | lr 20.0000 | loss  3.497 | ppl     33.03
[2022-04-10 15:22:51.980] E002 |   800/1657 batches | lr 20.0000 | loss  3.466 | ppl     32.01
[2022-04-10 15:22:58.435] E002 |  1000/1657 batches | lr 20.0000 | loss  3.392 | ppl     29.71
[2022-04-10 15:23:04.898] E002 |  1200/1657 batches | lr 20.0000 | loss  3.438 | ppl     31.12
[2022-04-10 15:23:11.343] E002 |  1400/1657 batches | lr 20.0000 | loss  3.408 | ppl     30.20
[2022-04-10 15:23:17.803] E002 |  1600/1657 batches | lr 20.0000 | loss  3.415 | ppl     30.41
[2022-04-10 15:23:19.630] E002 |  1657/1657 batches | lr 20.0000 | loss  3.391 | ppl     29.70
[2022-04-10 15:23:28.076] End E002 | valid loss  3.647; ppl     38.35 | accu 0.2516 = 112897/448780
[2022-04-10 15:23:30.526] End E002 |  test loss  4.459; ppl     86.37 | accu 0.1881 = 24733/131500 ../data/adolescent_valid.txt
[2022-04-10 15:23:33.199] End E002 |  test loss  5.052; ppl    156.33 | accu 0.1151 = 16610/144320 ../data/adult_test.txt
[2022-04-10 15:23:33.200] Save: model.pt... 
[2022-04-10 15:23:33.211] Save: model.pt...Done. best_val_loss: 3.6468
[2022-04-10 15:23:33.211] Epoch 003/40 ==================================================
[2022-04-10 15:23:39.808] E003 |   200/1657 batches | lr 20.0000 | loss  3.368 | ppl     29.02
[2022-04-10 15:23:46.271] E003 |   400/1657 batches | lr 20.0000 | loss  3.343 | ppl     28.30
[2022-04-10 15:23:52.706] E003 |   600/1657 batches | lr 20.0000 | loss  3.366 | ppl     28.95
[2022-04-10 15:23:59.132] E003 |   800/1657 batches | lr 20.0000 | loss  3.355 | ppl     28.65
[2022-04-10 15:24:05.598] E003 |  1000/1657 batches | lr 20.0000 | loss  3.281 | ppl     26.59
[2022-04-10 15:24:12.159] E003 |  1200/1657 batches | lr 20.0000 | loss  3.345 | ppl     28.37
[2022-04-10 15:24:18.556] E003 |  1400/1657 batches | lr 20.0000 | loss  3.314 | ppl     27.51
[2022-04-10 15:24:24.975] E003 |  1600/1657 batches | lr 20.0000 | loss  3.330 | ppl     27.95
[2022-04-10 15:24:26.830] E003 |  1657/1657 batches | lr 20.0000 | loss  3.308 | ppl     27.32
[2022-04-10 15:24:35.204] End E003 | valid loss  3.566; ppl     35.37 | accu 0.2676 = 120072/448780
[2022-04-10 15:24:37.640] End E003 |  test loss  4.409; ppl     82.22 | accu 0.1980 = 26041/131500 ../data/adolescent_valid.txt
[2022-04-10 15:24:40.317] End E003 |  test loss  5.038; ppl    154.11 | accu 0.1247 = 17992/144320 ../data/adult_test.txt
[2022-04-10 15:24:40.317] Save: model.pt... 
[2022-04-10 15:24:40.328] Save: model.pt...Done. best_val_loss: 3.5659
[2022-04-10 15:24:40.328] Epoch 004/40 ==================================================
[2022-04-10 15:24:46.725] E004 |   200/1657 batches | lr 20.0000 | loss  3.276 | ppl     26.46
[2022-04-10 15:24:53.126] E004 |   400/1657 batches | lr 20.0000 | loss  3.265 | ppl     26.19
[2022-04-10 15:24:59.561] E004 |   600/1657 batches | lr 20.0000 | loss  3.296 | ppl     27.01
[2022-04-10 15:25:05.963] E004 |   800/1657 batches | lr 20.0000 | loss  3.287 | ppl     26.76
[2022-04-10 15:25:12.374] E004 |  1000/1657 batches | lr 20.0000 | loss  3.216 | ppl     24.94
[2022-04-10 15:25:18.769] E004 |  1200/1657 batches | lr 20.0000 | loss  3.281 | ppl     26.59
[2022-04-10 15:25:25.173] E004 |  1400/1657 batches | lr 20.0000 | loss  3.250 | ppl     25.78
[2022-04-10 15:25:31.572] E004 |  1600/1657 batches | lr 20.0000 | loss  3.266 | ppl     26.20
[2022-04-10 15:25:33.397] E004 |  1657/1657 batches | lr 20.0000 | loss  3.258 | ppl     25.99
[2022-04-10 15:25:41.818] End E004 | valid loss  3.516; ppl     33.66 | accu 0.2774 = 124500/448780
[2022-04-10 15:25:44.257] End E004 |  test loss  4.393; ppl     80.90 | accu 0.2040 = 26821/131500 ../data/adolescent_valid.txt
[2022-04-10 15:25:46.952] End E004 |  test loss  5.025; ppl    152.19 | accu 0.1294 = 18675/144320 ../data/adult_test.txt
[2022-04-10 15:25:46.953] Save: model.pt... 
[2022-04-10 15:25:46.964] Save: model.pt...Done. best_val_loss: 3.5162
[2022-04-10 15:25:46.964] Epoch 005/40 ==================================================
[2022-04-10 15:25:53.266] E005 |   200/1657 batches | lr 20.0000 | loss  3.217 | ppl     24.95
[2022-04-10 15:25:59.687] E005 |   400/1657 batches | lr 20.0000 | loss  3.213 | ppl     24.85
[2022-04-10 15:26:06.673] E005 |   600/1657 batches | lr 20.0000 | loss  3.238 | ppl     25.48
[2022-04-10 15:26:13.145] E005 |   800/1657 batches | lr 20.0000 | loss  3.234 | ppl     25.38
[2022-04-10 15:26:19.812] E005 |  1000/1657 batches | lr 20.0000 | loss  3.171 | ppl     23.84
[2022-04-10 15:26:26.205] E005 |  1200/1657 batches | lr 20.0000 | loss  3.234 | ppl     25.39
[2022-04-10 15:26:32.580] E005 |  1400/1657 batches | lr 20.0000 | loss  3.207 | ppl     24.70
[2022-04-10 15:26:38.982] E005 |  1600/1657 batches | lr 20.0000 | loss  3.230 | ppl     25.29
[2022-04-10 15:26:40.803] E005 |  1657/1657 batches | lr 20.0000 | loss  3.203 | ppl     24.62
[2022-04-10 15:26:49.175] End E005 | valid loss  3.491; ppl     32.81 | accu 0.2840 = 127472/448780
[2022-04-10 15:26:51.621] End E005 |  test loss  4.402; ppl     81.60 | accu 0.2110 = 27751/131500 ../data/adolescent_valid.txt
[2022-04-10 15:26:54.301] End E005 |  test loss  5.049; ppl    155.94 | accu 0.1376 = 19857/144320 ../data/adult_test.txt
[2022-04-10 15:26:54.301] Save: model.pt... 
[2022-04-10 15:26:54.312] Save: model.pt...Done. best_val_loss: 3.4906
[2022-04-10 15:26:54.312] Epoch 006/40 ==================================================
[2022-04-10 15:27:00.598] E006 |   200/1657 batches | lr 20.0000 | loss  3.182 | ppl     24.10
[2022-04-10 15:27:07.020] E006 |   400/1657 batches | lr 20.0000 | loss  3.180 | ppl     24.04
[2022-04-10 15:27:13.426] E006 |   600/1657 batches | lr 20.0000 | loss  3.209 | ppl     24.75
[2022-04-10 15:27:19.814] E006 |   800/1657 batches | lr 20.0000 | loss  3.213 | ppl     24.86
[2022-04-10 15:27:26.196] E006 |  1000/1657 batches | lr 20.0000 | loss  3.141 | ppl     23.13
[2022-04-10 15:27:32.632] E006 |  1200/1657 batches | lr 20.0000 | loss  3.207 | ppl     24.72
[2022-04-10 15:27:39.247] E006 |  1400/1657 batches | lr 20.0000 | loss  3.179 | ppl     24.01
[2022-04-10 15:27:45.729] E006 |  1600/1657 batches | lr 20.0000 | loss  3.198 | ppl     24.49
[2022-04-10 15:27:47.544] E006 |  1657/1657 batches | lr 20.0000 | loss  3.187 | ppl     24.21
[2022-04-10 15:27:56.093] End E006 | valid loss  3.467; ppl     32.06 | accu 0.2877 = 129115/448780
[2022-04-10 15:27:58.515] End E006 |  test loss  4.371; ppl     79.12 | accu 0.2103 = 27650/131500 ../data/adolescent_valid.txt
[2022-04-10 15:28:01.181] End E006 |  test loss  5.055; ppl    156.78 | accu 0.1367 = 19727/144320 ../data/adult_test.txt
[2022-04-10 15:28:01.181] Save: model.pt... 
[2022-04-10 15:28:01.192] Save: model.pt...Done. best_val_loss: 3.4675
[2022-04-10 15:28:01.192] Epoch 007/40 ==================================================
[2022-04-10 15:28:07.352] E007 |   200/1657 batches | lr 20.0000 | loss  3.159 | ppl     23.55
[2022-04-10 15:28:13.773] E007 |   400/1657 batches | lr 20.0000 | loss  3.150 | ppl     23.33
[2022-04-10 15:28:20.159] E007 |   600/1657 batches | lr 20.0000 | loss  3.183 | ppl     24.12
[2022-04-10 15:28:26.521] E007 |   800/1657 batches | lr 20.0000 | loss  3.185 | ppl     24.16
[2022-04-10 15:28:32.910] E007 |  1000/1657 batches | lr 20.0000 | loss  3.123 | ppl     22.72
[2022-04-10 15:28:39.335] E007 |  1200/1657 batches | lr 20.0000 | loss  3.188 | ppl     24.25
[2022-04-10 15:28:45.689] E007 |  1400/1657 batches | lr 20.0000 | loss  3.159 | ppl     23.54
[2022-04-10 15:28:52.048] E007 |  1600/1657 batches | lr 20.0000 | loss  3.186 | ppl     24.18
[2022-04-10 15:28:53.880] E007 |  1657/1657 batches | lr 20.0000 | loss  3.167 | ppl     23.74
[2022-04-10 15:29:02.312] End E007 | valid loss  3.463; ppl     31.93 | accu 0.2905 = 130385/448780
[2022-04-10 15:29:04.772] End E007 |  test loss  4.383; ppl     80.09 | accu 0.2142 = 28169/131500 ../data/adolescent_valid.txt
[2022-04-10 15:29:07.472] End E007 |  test loss  5.069; ppl    159.09 | accu 0.1381 = 19936/144320 ../data/adult_test.txt
[2022-04-10 15:29:07.472] Save: model.pt... 
[2022-04-10 15:29:07.480] Save: model.pt...Done. best_val_loss: 3.4634
[2022-04-10 15:29:07.480] Epoch 008/40 ==================================================
[2022-04-10 15:29:14.025] E008 |   200/1657 batches | lr 20.0000 | loss  3.138 | ppl     23.05
[2022-04-10 15:29:20.913] E008 |   400/1657 batches | lr 20.0000 | loss  3.132 | ppl     22.91
[2022-04-10 15:29:28.167] E008 |   600/1657 batches | lr 20.0000 | loss  3.171 | ppl     23.83
[2022-04-10 15:29:34.724] E008 |   800/1657 batches | lr 20.0000 | loss  3.173 | ppl     23.88
[2022-04-10 15:29:41.178] E008 |  1000/1657 batches | lr 20.0000 | loss  3.111 | ppl     22.45
[2022-04-10 15:29:47.607] E008 |  1200/1657 batches | lr 20.0000 | loss  3.171 | ppl     23.82
[2022-04-10 15:29:54.028] E008 |  1400/1657 batches | lr 20.0000 | loss  3.149 | ppl     23.31
[2022-04-10 15:30:00.404] E008 |  1600/1657 batches | lr 20.0000 | loss  3.172 | ppl     23.86
[2022-04-10 15:30:02.230] E008 |  1657/1657 batches | lr 20.0000 | loss  3.157 | ppl     23.49
[2022-04-10 15:30:10.767] End E008 | valid loss  3.451; ppl     31.54 | accu 0.2914 = 130795/448780
[2022-04-10 15:30:13.214] End E008 |  test loss  4.398; ppl     81.29 | accu 0.2142 = 28169/131500 ../data/adolescent_valid.txt
[2022-04-10 15:30:15.879] End E008 |  test loss  5.100; ppl    164.01 | accu 0.1368 = 19741/144320 ../data/adult_test.txt
[2022-04-10 15:30:15.880] Save: model.pt... 
[2022-04-10 15:30:15.891] Save: model.pt...Done. best_val_loss: 3.4512
[2022-04-10 15:30:15.891] Epoch 009/40 ==================================================
[2022-04-10 15:30:22.196] E009 |   200/1657 batches | lr 20.0000 | loss  3.131 | ppl     22.89
[2022-04-10 15:30:28.816] E009 |   400/1657 batches | lr 20.0000 | loss  3.124 | ppl     22.75
[2022-04-10 15:30:35.189] E009 |   600/1657 batches | lr 20.0000 | loss  3.156 | ppl     23.47
[2022-04-10 15:30:41.589] E009 |   800/1657 batches | lr 20.0000 | loss  3.160 | ppl     23.57
[2022-04-10 15:30:47.970] E009 |  1000/1657 batches | lr 20.0000 | loss  3.095 | ppl     22.08
[2022-04-10 15:30:54.351] E009 |  1200/1657 batches | lr 20.0000 | loss  3.165 | ppl     23.68
[2022-04-10 15:31:00.736] E009 |  1400/1657 batches | lr 20.0000 | loss  3.143 | ppl     23.18
[2022-04-10 15:31:07.128] E009 |  1600/1657 batches | lr 20.0000 | loss  3.162 | ppl     23.62
[2022-04-10 15:31:08.980] E009 |  1657/1657 batches | lr 20.0000 | loss  3.148 | ppl     23.29
[2022-04-10 15:31:17.328] End E009 | valid loss  3.450; ppl     31.50 | accu 0.2923 = 131159/448780
[2022-04-10 15:31:19.771] End E009 |  test loss  4.409; ppl     82.15 | accu 0.2159 = 28390/131500 ../data/adolescent_valid.txt
[2022-04-10 15:31:22.477] End E009 |  test loss  5.137; ppl    170.20 | accu 0.1391 = 20072/144320 ../data/adult_test.txt
[2022-04-10 15:31:22.477] Save: model.pt... 
[2022-04-10 15:31:22.488] Save: model.pt...Done. best_val_loss: 3.4500
[2022-04-10 15:31:22.488] Epoch 010/40 ==================================================
[2022-04-10 15:31:28.838] E010 |   200/1657 batches | lr 20.0000 | loss  3.119 | ppl     22.63
[2022-04-10 15:31:35.250] E010 |   400/1657 batches | lr 20.0000 | loss  3.115 | ppl     22.53
[2022-04-10 15:31:41.721] E010 |   600/1657 batches | lr 20.0000 | loss  3.149 | ppl     23.30
[2022-04-10 15:31:48.214] E010 |   800/1657 batches | lr 20.0000 | loss  3.153 | ppl     23.41
[2022-04-10 15:31:54.733] E010 |  1000/1657 batches | lr 20.0000 | loss  3.093 | ppl     22.04
[2022-04-10 15:32:01.116] E010 |  1200/1657 batches | lr 20.0000 | loss  3.156 | ppl     23.47
[2022-04-10 15:32:07.486] E010 |  1400/1657 batches | lr 20.0000 | loss  3.135 | ppl     22.99
[2022-04-10 15:32:13.873] E010 |  1600/1657 batches | lr 20.0000 | loss  3.154 | ppl     23.44
[2022-04-10 15:32:15.701] E010 |  1657/1657 batches | lr 20.0000 | loss  3.139 | ppl     23.08
[2022-04-10 15:32:24.076] End E010 | valid loss  3.437; ppl     31.09 | accu 0.2946 = 132233/448780
[2022-04-10 15:32:26.537] End E010 |  test loss  4.405; ppl     81.89 | accu 0.2165 = 28471/131500 ../data/adolescent_valid.txt
[2022-04-10 15:32:29.216] End E010 |  test loss  5.071; ppl    159.33 | accu 0.1417 = 20454/144320 ../data/adult_test.txt
[2022-04-10 15:32:29.217] Save: model.pt... 
[2022-04-10 15:32:29.228] Save: model.pt...Done. best_val_loss: 3.4370
[2022-04-10 15:32:29.228] Epoch 011/40 ==================================================
[2022-04-10 15:32:36.267] E011 |   200/1657 batches | lr 20.0000 | loss  3.113 | ppl     22.49
[2022-04-10 15:32:43.109] E011 |   400/1657 batches | lr 20.0000 | loss  3.106 | ppl     22.32
[2022-04-10 15:32:49.660] E011 |   600/1657 batches | lr 20.0000 | loss  3.140 | ppl     23.10
[2022-04-10 15:32:56.072] E011 |   800/1657 batches | lr 20.0000 | loss  3.147 | ppl     23.27
[2022-04-10 15:33:02.589] E011 |  1000/1657 batches | lr 20.0000 | loss  3.079 | ppl     21.74
[2022-04-10 15:33:08.982] E011 |  1200/1657 batches | lr 20.0000 | loss  3.156 | ppl     23.48
[2022-04-10 15:33:15.379] E011 |  1400/1657 batches | lr 20.0000 | loss  3.126 | ppl     22.78
[2022-04-10 15:33:21.763] E011 |  1600/1657 batches | lr 20.0000 | loss  3.146 | ppl     23.25
[2022-04-10 15:33:23.572] E011 |  1657/1657 batches | lr 20.0000 | loss  3.137 | ppl     23.03
[2022-04-10 15:33:31.990] End E011 | valid loss  3.428; ppl     30.82 | accu 0.2953 = 132526/448780
[2022-04-10 15:33:34.434] End E011 |  test loss  4.384; ppl     80.13 | accu 0.2163 = 28437/131500 ../data/adolescent_valid.txt
[2022-04-10 15:33:37.114] End E011 |  test loss  5.072; ppl    159.45 | accu 0.1423 = 20534/144320 ../data/adult_test.txt
[2022-04-10 15:33:37.114] Save: model.pt... 
[2022-04-10 15:33:37.126] Save: model.pt...Done. best_val_loss: 3.4280
[2022-04-10 15:33:37.126] Epoch 012/40 ==================================================
[2022-04-10 15:33:43.501] E012 |   200/1657 batches | lr 20.0000 | loss  3.104 | ppl     22.30
[2022-04-10 15:33:49.878] E012 |   400/1657 batches | lr 20.0000 | loss  3.099 | ppl     22.18
[2022-04-10 15:33:56.276] E012 |   600/1657 batches | lr 20.0000 | loss  3.135 | ppl     22.98
[2022-04-10 15:34:02.915] E012 |   800/1657 batches | lr 20.0000 | loss  3.143 | ppl     23.18
[2022-04-10 15:34:09.366] E012 |  1000/1657 batches | lr 20.0000 | loss  3.079 | ppl     21.74
[2022-04-10 15:34:15.743] E012 |  1200/1657 batches | lr 20.0000 | loss  3.145 | ppl     23.21
[2022-04-10 15:34:22.088] E012 |  1400/1657 batches | lr 20.0000 | loss  3.124 | ppl     22.74
[2022-04-10 15:34:28.844] E012 |  1600/1657 batches | lr 20.0000 | loss  3.145 | ppl     23.22
[2022-04-10 15:34:30.797] E012 |  1657/1657 batches | lr 20.0000 | loss  3.137 | ppl     23.02
[2022-04-10 15:34:39.183] End E012 | valid loss  3.428; ppl     30.80 | accu 0.2965 = 133068/448780
[2022-04-10 15:34:41.650] End E012 |  test loss  4.413; ppl     82.49 | accu 0.2179 = 28654/131500 ../data/adolescent_valid.txt
[2022-04-10 15:34:44.332] End E012 |  test loss  5.093; ppl    162.80 | accu 0.1408 = 20318/144320 ../data/adult_test.txt
[2022-04-10 15:34:44.332] Save: model.pt... 
[2022-04-10 15:34:44.343] Save: model.pt...Done. best_val_loss: 3.4277
[2022-04-10 15:34:44.343] Epoch 013/40 ==================================================
[2022-04-10 15:34:50.643] E013 |   200/1657 batches | lr 20.0000 | loss  3.101 | ppl     22.23
[2022-04-10 15:34:57.014] E013 |   400/1657 batches | lr 20.0000 | loss  3.096 | ppl     22.11
[2022-04-10 15:35:03.436] E013 |   600/1657 batches | lr 20.0000 | loss  3.131 | ppl     22.90
[2022-04-10 15:35:09.815] E013 |   800/1657 batches | lr 20.0000 | loss  3.136 | ppl     23.02
[2022-04-10 15:35:16.238] E013 |  1000/1657 batches | lr 20.0000 | loss  3.076 | ppl     21.67
[2022-04-10 15:35:22.623] E013 |  1200/1657 batches | lr 20.0000 | loss  3.144 | ppl     23.19
[2022-04-10 15:35:29.244] E013 |  1400/1657 batches | lr 20.0000 | loss  3.117 | ppl     22.58
[2022-04-10 15:35:35.681] E013 |  1600/1657 batches | lr 20.0000 | loss  3.142 | ppl     23.15
[2022-04-10 15:35:37.503] E013 |  1657/1657 batches | lr 20.0000 | loss  3.130 | ppl     22.88
[2022-04-10 15:35:45.955] End E013 | valid loss  3.428; ppl     30.81 | accu 0.2955 = 132605/448780
[2022-04-10 15:35:48.395] End E013 |  test loss  4.395; ppl     81.04 | accu 0.2149 = 28257/131500 ../data/adolescent_valid.txt
[2022-04-10 15:35:51.073] End E013 |  test loss  5.093; ppl    162.94 | accu 0.1426 = 20578/144320 ../data/adult_test.txt
[2022-04-10 15:35:51.074] Epoch 014/40 ==================================================
[2022-04-10 15:35:57.380] E014 |   200/1657 batches | lr 10.0000 | loss  3.078 | ppl     21.71
[2022-04-10 15:36:03.761] E014 |   400/1657 batches | lr 10.0000 | loss  3.052 | ppl     21.15
[2022-04-10 15:36:10.126] E014 |   600/1657 batches | lr 10.0000 | loss  3.069 | ppl     21.53
[2022-04-10 15:36:16.484] E014 |   800/1657 batches | lr 10.0000 | loss  3.068 | ppl     21.49
[2022-04-10 15:36:22.836] E014 |  1000/1657 batches | lr 10.0000 | loss  2.991 | ppl     19.90
[2022-04-10 15:36:29.198] E014 |  1200/1657 batches | lr 10.0000 | loss  3.055 | ppl     21.21
[2022-04-10 15:36:35.559] E014 |  1400/1657 batches | lr 10.0000 | loss  3.025 | ppl     20.59
[2022-04-10 15:36:41.930] E014 |  1600/1657 batches | lr 10.0000 | loss  3.037 | ppl     20.85
[2022-04-10 15:36:43.733] E014 |  1657/1657 batches | lr 10.0000 | loss  3.022 | ppl     20.53
[2022-04-10 15:36:52.149] End E014 | valid loss  3.351; ppl     28.53 | accu 0.3090 = 138686/448780
[2022-04-10 15:36:54.600] End E014 |  test loss  4.351; ppl     77.58 | accu 0.2284 = 30036/131500 ../data/adolescent_valid.txt
[2022-04-10 15:36:57.275] End E014 |  test loss  5.044; ppl    155.05 | accu 0.1525 = 22006/144320 ../data/adult_test.txt
[2022-04-10 15:36:57.275] Save: model.pt... 
[2022-04-10 15:36:57.286] Save: model.pt...Done. best_val_loss: 3.3511
[2022-04-10 15:36:57.286] Epoch 015/40 ==================================================
[2022-04-10 15:37:03.598] E015 |   200/1657 batches | lr 10.0000 | loss  3.006 | ppl     20.20
[2022-04-10 15:37:09.977] E015 |   400/1657 batches | lr 10.0000 | loss  3.002 | ppl     20.13
[2022-04-10 15:37:16.338] E015 |   600/1657 batches | lr 10.0000 | loss  3.034 | ppl     20.77
[2022-04-10 15:37:22.728] E015 |   800/1657 batches | lr 10.0000 | loss  3.035 | ppl     20.79
[2022-04-10 15:37:29.192] E015 |  1000/1657 batches | lr 10.0000 | loss  2.963 | ppl     19.35
[2022-04-10 15:37:35.609] E015 |  1200/1657 batches | lr 10.0000 | loss  3.029 | ppl     20.69
[2022-04-10 15:37:42.104] E015 |  1400/1657 batches | lr 10.0000 | loss  3.002 | ppl     20.12
[2022-04-10 15:37:48.597] E015 |  1600/1657 batches | lr 10.0000 | loss  3.020 | ppl     20.49
[2022-04-10 15:37:50.414] E015 |  1657/1657 batches | lr 10.0000 | loss  3.016 | ppl     20.41
[2022-04-10 15:37:58.810] End E015 | valid loss  3.346; ppl     28.38 | accu 0.3101 = 139185/448780
[2022-04-10 15:38:01.256] End E015 |  test loss  4.349; ppl     77.40 | accu 0.2298 = 30216/131500 ../data/adolescent_valid.txt
[2022-04-10 15:38:03.930] End E015 |  test loss  5.052; ppl    156.31 | accu 0.1548 = 22335/144320 ../data/adult_test.txt
[2022-04-10 15:38:03.930] Save: model.pt... 
[2022-04-10 15:38:03.937] Save: model.pt...Done. best_val_loss: 3.3457
[2022-04-10 15:38:03.937] Epoch 016/40 ==================================================
[2022-04-10 15:38:10.269] E016 |   200/1657 batches | lr 10.0000 | loss  2.985 | ppl     19.78
[2022-04-10 15:38:16.639] E016 |   400/1657 batches | lr 10.0000 | loss  2.984 | ppl     19.76
[2022-04-10 15:38:23.021] E016 |   600/1657 batches | lr 10.0000 | loss  3.010 | ppl     20.28
[2022-04-10 15:38:29.406] E016 |   800/1657 batches | lr 10.0000 | loss  3.015 | ppl     20.39
[2022-04-10 15:38:35.791] E016 |  1000/1657 batches | lr 10.0000 | loss  2.953 | ppl     19.16
[2022-04-10 15:38:42.151] E016 |  1200/1657 batches | lr 10.0000 | loss  3.018 | ppl     20.44
[2022-04-10 15:38:48.582] E016 |  1400/1657 batches | lr 10.0000 | loss  2.994 | ppl     19.96
[2022-04-10 15:38:54.989] E016 |  1600/1657 batches | lr 10.0000 | loss  3.013 | ppl     20.34
[2022-04-10 15:38:56.815] E016 |  1657/1657 batches | lr 10.0000 | loss  3.000 | ppl     20.09
[2022-04-10 15:39:05.250] End E016 | valid loss  3.335; ppl     28.09 | accu 0.3135 = 140691/448780
[2022-04-10 15:39:07.685] End E016 |  test loss  4.348; ppl     77.35 | accu 0.2298 = 30217/131500 ../data/adolescent_valid.txt
[2022-04-10 15:39:10.376] End E016 |  test loss  5.020; ppl    151.42 | accu 0.1562 = 22548/144320 ../data/adult_test.txt
[2022-04-10 15:39:10.376] Save: model.pt... 
[2022-04-10 15:39:10.388] Save: model.pt...Done. best_val_loss: 3.3353
[2022-04-10 15:39:10.388] Epoch 017/40 ==================================================
[2022-04-10 15:39:16.826] E017 |   200/1657 batches | lr 10.0000 | loss  2.973 | ppl     19.54
[2022-04-10 15:39:23.225] E017 |   400/1657 batches | lr 10.0000 | loss  2.971 | ppl     19.50
[2022-04-10 15:39:29.604] E017 |   600/1657 batches | lr 10.0000 | loss  3.001 | ppl     20.11
[2022-04-10 15:39:36.063] E017 |   800/1657 batches | lr 10.0000 | loss  3.006 | ppl     20.20
[2022-04-10 15:39:42.495] E017 |  1000/1657 batches | lr 10.0000 | loss  2.942 | ppl     18.95
[2022-04-10 15:39:48.852] E017 |  1200/1657 batches | lr 10.0000 | loss  3.011 | ppl     20.30
[2022-04-10 15:39:55.235] E017 |  1400/1657 batches | lr 10.0000 | loss  2.984 | ppl     19.76
[2022-04-10 15:40:01.670] E017 |  1600/1657 batches | lr 10.0000 | loss  2.999 | ppl     20.07
[2022-04-10 15:40:03.490] E017 |  1657/1657 batches | lr 10.0000 | loss  2.998 | ppl     20.04
[2022-04-10 15:40:11.898] End E017 | valid loss  3.338; ppl     28.16 | accu 0.3128 = 140390/448780
[2022-04-10 15:40:14.353] End E017 |  test loss  4.344; ppl     77.05 | accu 0.2304 = 30297/131500 ../data/adolescent_valid.txt
[2022-04-10 15:40:17.034] End E017 |  test loss  5.026; ppl    152.27 | accu 0.1550 = 22366/144320 ../data/adult_test.txt
[2022-04-10 15:40:17.034] Epoch 018/40 ==================================================
[2022-04-10 15:40:23.324] E018 |   200/1657 batches | lr 5.0000 | loss  2.965 | ppl     19.40
[2022-04-10 15:40:29.720] E018 |   400/1657 batches | lr 5.0000 | loss  2.949 | ppl     19.09
[2022-04-10 15:40:36.084] E018 |   600/1657 batches | lr 5.0000 | loss  2.974 | ppl     19.57
[2022-04-10 15:40:42.486] E018 |   800/1657 batches | lr 5.0000 | loss  2.978 | ppl     19.66
[2022-04-10 15:40:48.862] E018 |  1000/1657 batches | lr 5.0000 | loss  2.907 | ppl     18.31
[2022-04-10 15:40:55.230] E018 |  1200/1657 batches | lr 5.0000 | loss  2.968 | ppl     19.45
[2022-04-10 15:41:01.572] E018 |  1400/1657 batches | lr 5.0000 | loss  2.941 | ppl     18.94
[2022-04-10 15:41:07.930] E018 |  1600/1657 batches | lr 5.0000 | loss  2.953 | ppl     19.16
[2022-04-10 15:41:09.736] E018 |  1657/1657 batches | lr 5.0000 | loss  2.948 | ppl     19.06
[2022-04-10 15:41:18.150] End E018 | valid loss  3.308; ppl     27.34 | accu 0.3178 = 142619/448780
[2022-04-10 15:41:20.590] End E018 |  test loss  4.328; ppl     75.81 | accu 0.2342 = 30800/131500 ../data/adolescent_valid.txt
[2022-04-10 15:41:23.339] End E018 |  test loss  5.009; ppl    149.73 | accu 0.1584 = 22866/144320 ../data/adult_test.txt
[2022-04-10 15:41:23.339] Save: model.pt... 
[2022-04-10 15:41:23.350] Save: model.pt...Done. best_val_loss: 3.3082
[2022-04-10 15:41:23.350] Epoch 019/40 ==================================================
[2022-04-10 15:41:29.667] E019 |   200/1657 batches | lr 5.0000 | loss  2.931 | ppl     18.75
[2022-04-10 15:41:36.055] E019 |   400/1657 batches | lr 5.0000 | loss  2.928 | ppl     18.68
[2022-04-10 15:41:42.446] E019 |   600/1657 batches | lr 5.0000 | loss  2.954 | ppl     19.19
[2022-04-10 15:41:48.850] E019 |   800/1657 batches | lr 5.0000 | loss  2.964 | ppl     19.38
[2022-04-10 15:41:55.263] E019 |  1000/1657 batches | lr 5.0000 | loss  2.897 | ppl     18.12
[2022-04-10 15:42:01.664] E019 |  1200/1657 batches | lr 5.0000 | loss  2.958 | ppl     19.27
[2022-04-10 15:42:08.081] E019 |  1400/1657 batches | lr 5.0000 | loss  2.934 | ppl     18.80
[2022-04-10 15:42:14.580] E019 |  1600/1657 batches | lr 5.0000 | loss  2.952 | ppl     19.14
[2022-04-10 15:42:16.399] E019 |  1657/1657 batches | lr 5.0000 | loss  2.940 | ppl     18.92
[2022-04-10 15:42:24.870] End E019 | valid loss  3.305; ppl     27.26 | accu 0.3178 = 142610/448780
[2022-04-10 15:42:27.331] End E019 |  test loss  4.334; ppl     76.27 | accu 0.2341 = 30784/131500 ../data/adolescent_valid.txt
[2022-04-10 15:42:30.011] End E019 |  test loss  5.025; ppl    152.23 | accu 0.1593 = 22990/144320 ../data/adult_test.txt
[2022-04-10 15:42:30.011] Save: model.pt... 
[2022-04-10 15:42:30.023] Save: model.pt...Done. best_val_loss: 3.3055
[2022-04-10 15:42:30.023] Epoch 020/40 ==================================================
[2022-04-10 15:42:36.367] E020 |   200/1657 batches | lr 5.0000 | loss  2.917 | ppl     18.48
[2022-04-10 15:42:42.726] E020 |   400/1657 batches | lr 5.0000 | loss  2.918 | ppl     18.51
[2022-04-10 15:42:49.106] E020 |   600/1657 batches | lr 5.0000 | loss  2.948 | ppl     19.07
[2022-04-10 15:42:55.500] E020 |   800/1657 batches | lr 5.0000 | loss  2.955 | ppl     19.20
[2022-04-10 15:43:02.415] E020 |  1000/1657 batches | lr 5.0000 | loss  2.887 | ppl     17.94
[2022-04-10 15:43:09.690] E020 |  1200/1657 batches | lr 5.0000 | loss  2.951 | ppl     19.13
[2022-04-10 15:43:16.930] E020 |  1400/1657 batches | lr 5.0000 | loss  2.927 | ppl     18.67
[2022-04-10 15:43:23.285] E020 |  1600/1657 batches | lr 5.0000 | loss  2.944 | ppl     18.99
[2022-04-10 15:43:25.114] E020 |  1657/1657 batches | lr 5.0000 | loss  2.933 | ppl     18.79
[2022-04-10 15:43:33.517] End E020 | valid loss  3.299; ppl     27.08 | accu 0.3190 = 143155/448780
[2022-04-10 15:43:35.973] End E020 |  test loss  4.324; ppl     75.51 | accu 0.2358 = 31006/131500 ../data/adolescent_valid.txt
[2022-04-10 15:43:38.645] End E020 |  test loss  5.015; ppl    150.72 | accu 0.1594 = 23010/144320 ../data/adult_test.txt
[2022-04-10 15:43:38.645] Save: model.pt... 
[2022-04-10 15:43:38.657] Save: model.pt...Done. best_val_loss: 3.2989
[2022-04-10 15:43:38.657] Epoch 021/40 ==================================================
[2022-04-10 15:43:44.961] E021 |   200/1657 batches | lr 5.0000 | loss  2.911 | ppl     18.38
[2022-04-10 15:43:51.317] E021 |   400/1657 batches | lr 5.0000 | loss  2.911 | ppl     18.38
[2022-04-10 15:43:57.687] E021 |   600/1657 batches | lr 5.0000 | loss  2.937 | ppl     18.85
[2022-04-10 15:44:04.048] E021 |   800/1657 batches | lr 5.0000 | loss  2.945 | ppl     19.01
[2022-04-10 15:44:10.434] E021 |  1000/1657 batches | lr 5.0000 | loss  2.886 | ppl     17.93
[2022-04-10 15:44:16.799] E021 |  1200/1657 batches | lr 5.0000 | loss  2.944 | ppl     18.99
[2022-04-10 15:44:23.166] E021 |  1400/1657 batches | lr 5.0000 | loss  2.923 | ppl     18.60
[2022-04-10 15:44:29.528] E021 |  1600/1657 batches | lr 5.0000 | loss  2.942 | ppl     18.96
[2022-04-10 15:44:31.353] E021 |  1657/1657 batches | lr 5.0000 | loss  2.940 | ppl     18.91
[2022-04-10 15:44:39.766] End E021 | valid loss  3.296; ppl     27.00 | accu 0.3203 = 143764/448780
[2022-04-10 15:44:42.213] End E021 |  test loss  4.312; ppl     74.60 | accu 0.2369 = 31150/131500 ../data/adolescent_valid.txt
[2022-04-10 15:44:44.889] End E021 |  test loss  5.015; ppl    150.59 | accu 0.1594 = 23010/144320 ../data/adult_test.txt
[2022-04-10 15:44:44.889] Save: model.pt... 
[2022-04-10 15:44:44.900] Save: model.pt...Done. best_val_loss: 3.2957
[2022-04-10 15:44:44.900] Epoch 022/40 ==================================================
[2022-04-10 15:44:51.177] E022 |   200/1657 batches | lr 5.0000 | loss  2.905 | ppl     18.27
[2022-04-10 15:44:57.571] E022 |   400/1657 batches | lr 5.0000 | loss  2.903 | ppl     18.23
[2022-04-10 15:45:03.951] E022 |   600/1657 batches | lr 5.0000 | loss  2.932 | ppl     18.77
[2022-04-10 15:45:10.333] E022 |   800/1657 batches | lr 5.0000 | loss  2.942 | ppl     18.96
[2022-04-10 15:45:16.743] E022 |  1000/1657 batches | lr 5.0000 | loss  2.879 | ppl     17.80
[2022-04-10 15:45:23.160] E022 |  1200/1657 batches | lr 5.0000 | loss  2.939 | ppl     18.90
[2022-04-10 15:45:29.544] E022 |  1400/1657 batches | lr 5.0000 | loss  2.920 | ppl     18.55
[2022-04-10 15:45:35.920] E022 |  1600/1657 batches | lr 5.0000 | loss  2.935 | ppl     18.82
[2022-04-10 15:45:37.727] E022 |  1657/1657 batches | lr 5.0000 | loss  2.930 | ppl     18.73
[2022-04-10 15:45:46.170] End E022 | valid loss  3.294; ppl     26.96 | accu 0.3195 = 143394/448780
[2022-04-10 15:45:48.604] End E022 |  test loss  4.328; ppl     75.77 | accu 0.2368 = 31135/131500 ../data/adolescent_valid.txt
[2022-04-10 15:45:51.305] End E022 |  test loss  5.022; ppl    151.70 | accu 0.1604 = 23153/144320 ../data/adult_test.txt
[2022-04-10 15:45:51.305] Save: model.pt... 
[2022-04-10 15:45:51.317] Save: model.pt...Done. best_val_loss: 3.2943
[2022-04-10 15:45:51.317] Epoch 023/40 ==================================================
[2022-04-10 15:45:57.739] E023 |   200/1657 batches | lr 5.0000 | loss  2.898 | ppl     18.14
[2022-04-10 15:46:04.118] E023 |   400/1657 batches | lr 5.0000 | loss  2.900 | ppl     18.17
[2022-04-10 15:46:10.482] E023 |   600/1657 batches | lr 5.0000 | loss  2.926 | ppl     18.65
[2022-04-10 15:46:16.870] E023 |   800/1657 batches | lr 5.0000 | loss  2.939 | ppl     18.89
[2022-04-10 15:46:23.258] E023 |  1000/1657 batches | lr 5.0000 | loss  2.879 | ppl     17.80
[2022-04-10 15:46:29.676] E023 |  1200/1657 batches | lr 5.0000 | loss  2.936 | ppl     18.84
[2022-04-10 15:46:36.054] E023 |  1400/1657 batches | lr 5.0000 | loss  2.911 | ppl     18.37
[2022-04-10 15:46:42.851] E023 |  1600/1657 batches | lr 5.0000 | loss  2.937 | ppl     18.85
[2022-04-10 15:46:44.934] E023 |  1657/1657 batches | lr 5.0000 | loss  2.925 | ppl     18.64
[2022-04-10 15:46:55.225] End E023 | valid loss  3.292; ppl     26.91 | accu 0.3205 = 143828/448780
[2022-04-10 15:46:58.208] End E023 |  test loss  4.324; ppl     75.45 | accu 0.2373 = 31207/131500 ../data/adolescent_valid.txt
[2022-04-10 15:47:01.498] End E023 |  test loss  5.019; ppl    151.32 | accu 0.1612 = 23261/144320 ../data/adult_test.txt
[2022-04-10 15:47:01.498] Save: model.pt... 
[2022-04-10 15:47:01.510] Save: model.pt...Done. best_val_loss: 3.2925
[2022-04-10 15:47:01.510] Epoch 024/40 ==================================================
[2022-04-10 15:47:08.607] E024 |   200/1657 batches | lr 5.0000 | loss  2.898 | ppl     18.15
[2022-04-10 15:47:15.946] E024 |   400/1657 batches | lr 5.0000 | loss  2.896 | ppl     18.11
[2022-04-10 15:47:22.925] E024 |   600/1657 batches | lr 5.0000 | loss  2.922 | ppl     18.58
[2022-04-10 15:47:29.293] E024 |   800/1657 batches | lr 5.0000 | loss  2.934 | ppl     18.80
[2022-04-10 15:47:35.665] E024 |  1000/1657 batches | lr 5.0000 | loss  2.869 | ppl     17.61
[2022-04-10 15:47:42.038] E024 |  1200/1657 batches | lr 5.0000 | loss  2.933 | ppl     18.78
[2022-04-10 15:47:48.439] E024 |  1400/1657 batches | lr 5.0000 | loss  2.911 | ppl     18.37
[2022-04-10 15:47:54.814] E024 |  1600/1657 batches | lr 5.0000 | loss  2.929 | ppl     18.72
[2022-04-10 15:47:56.627] E024 |  1657/1657 batches | lr 5.0000 | loss  2.929 | ppl     18.71
[2022-04-10 15:48:05.024] End E024 | valid loss  3.290; ppl     26.84 | accu 0.3200 = 143588/448780
[2022-04-10 15:48:07.488] End E024 |  test loss  4.314; ppl     74.77 | accu 0.2368 = 31138/131500 ../data/adolescent_valid.txt
[2022-04-10 15:48:10.145] End E024 |  test loss  5.006; ppl    149.28 | accu 0.1604 = 23155/144320 ../data/adult_test.txt
[2022-04-10 15:48:10.145] Save: model.pt... 
[2022-04-10 15:48:10.153] Save: model.pt...Done. best_val_loss: 3.2898
[2022-04-10 15:48:10.153] Epoch 025/40 ==================================================
[2022-04-10 15:48:16.505] E025 |   200/1657 batches | lr 5.0000 | loss  2.889 | ppl     17.98
[2022-04-10 15:48:22.874] E025 |   400/1657 batches | lr 5.0000 | loss  2.891 | ppl     18.00
[2022-04-10 15:48:29.342] E025 |   600/1657 batches | lr 5.0000 | loss  2.919 | ppl     18.52
[2022-04-10 15:48:35.810] E025 |   800/1657 batches | lr 5.0000 | loss  2.926 | ppl     18.65
[2022-04-10 15:48:42.220] E025 |  1000/1657 batches | lr 5.0000 | loss  2.868 | ppl     17.60
[2022-04-10 15:48:48.620] E025 |  1200/1657 batches | lr 5.0000 | loss  2.927 | ppl     18.67
[2022-04-10 15:48:54.871] E025 |  1400/1657 batches | lr 5.0000 | loss  2.906 | ppl     18.29
[2022-04-10 15:49:00.965] E025 |  1600/1657 batches | lr 5.0000 | loss  2.927 | ppl     18.68
[2022-04-10 15:49:02.717] E025 |  1657/1657 batches | lr 5.0000 | loss  2.921 | ppl     18.56
[2022-04-10 15:49:11.126] End E025 | valid loss  3.289; ppl     26.83 | accu 0.3196 = 143423/448780
[2022-04-10 15:49:13.570] End E025 |  test loss  4.329; ppl     75.89 | accu 0.2378 = 31270/131500 ../data/adolescent_valid.txt
[2022-04-10 15:49:16.218] End E025 |  test loss  5.036; ppl    153.91 | accu 0.1607 = 23195/144320 ../data/adult_test.txt
[2022-04-10 15:49:16.219] Save: model.pt... 
[2022-04-10 15:49:16.230] Save: model.pt...Done. best_val_loss: 3.2893
[2022-04-10 15:49:16.230] Epoch 026/40 ==================================================
[2022-04-10 15:49:22.228] E026 |   200/1657 batches | lr 5.0000 | loss  2.885 | ppl     17.91
[2022-04-10 15:49:28.321] E026 |   400/1657 batches | lr 5.0000 | loss  2.887 | ppl     17.93
[2022-04-10 15:49:34.674] E026 |   600/1657 batches | lr 5.0000 | loss  2.915 | ppl     18.46
[2022-04-10 15:49:41.043] E026 |   800/1657 batches | lr 5.0000 | loss  2.923 | ppl     18.60
[2022-04-10 15:49:47.426] E026 |  1000/1657 batches | lr 5.0000 | loss  2.861 | ppl     17.48
[2022-04-10 15:49:53.843] E026 |  1200/1657 batches | lr 5.0000 | loss  2.927 | ppl     18.68
[2022-04-10 15:50:00.223] E026 |  1400/1657 batches | lr 5.0000 | loss  2.907 | ppl     18.31
[2022-04-10 15:50:06.594] E026 |  1600/1657 batches | lr 5.0000 | loss  2.923 | ppl     18.59
[2022-04-10 15:50:08.398] E026 |  1657/1657 batches | lr 5.0000 | loss  2.912 | ppl     18.40
[2022-04-10 15:50:16.791] End E026 | valid loss  3.286; ppl     26.73 | accu 0.3210 = 144064/448780
[2022-04-10 15:50:19.207] End E026 |  test loss  4.321; ppl     75.25 | accu 0.2375 = 31225/131500 ../data/adolescent_valid.txt
[2022-04-10 15:50:21.891] End E026 |  test loss  5.023; ppl    151.89 | accu 0.1613 = 23272/144320 ../data/adult_test.txt
[2022-04-10 15:50:21.892] Save: model.pt... 
[2022-04-10 15:50:21.903] Save: model.pt...Done. best_val_loss: 3.2857
[2022-04-10 15:50:21.903] Epoch 027/40 ==================================================
[2022-04-10 15:50:28.170] E027 |   200/1657 batches | lr 5.0000 | loss  2.886 | ppl     17.92
[2022-04-10 15:50:34.547] E027 |   400/1657 batches | lr 5.0000 | loss  2.883 | ppl     17.87
[2022-04-10 15:50:40.905] E027 |   600/1657 batches | lr 5.0000 | loss  2.912 | ppl     18.39
[2022-04-10 15:50:47.413] E027 |   800/1657 batches | lr 5.0000 | loss  2.919 | ppl     18.52
[2022-04-10 15:50:53.782] E027 |  1000/1657 batches | lr 5.0000 | loss  2.861 | ppl     17.48
[2022-04-10 15:51:00.694] E027 |  1200/1657 batches | lr 5.0000 | loss  2.918 | ppl     18.51
[2022-04-10 15:51:07.614] E027 |  1400/1657 batches | lr 5.0000 | loss  2.898 | ppl     18.14
[2022-04-10 15:51:13.960] E027 |  1600/1657 batches | lr 5.0000 | loss  2.922 | ppl     18.57
[2022-04-10 15:51:15.766] E027 |  1657/1657 batches | lr 5.0000 | loss  2.915 | ppl     18.46
[2022-04-10 15:51:24.207] End E027 | valid loss  3.287; ppl     26.76 | accu 0.3213 = 144202/448780
[2022-04-10 15:51:26.643] End E027 |  test loss  4.326; ppl     75.63 | accu 0.2381 = 31314/131500 ../data/adolescent_valid.txt
[2022-04-10 15:51:29.300] End E027 |  test loss  5.016; ppl    150.78 | accu 0.1622 = 23407/144320 ../data/adult_test.txt
[2022-04-10 15:51:29.300] Epoch 028/40 ==================================================
[2022-04-10 15:51:35.615] E028 |   200/1657 batches | lr 2.5000 | loss  2.881 | ppl     17.84
[2022-04-10 15:51:41.997] E028 |   400/1657 batches | lr 2.5000 | loss  2.880 | ppl     17.82
[2022-04-10 15:51:48.359] E028 |   600/1657 batches | lr 2.5000 | loss  2.903 | ppl     18.23
[2022-04-10 15:51:54.749] E028 |   800/1657 batches | lr 2.5000 | loss  2.909 | ppl     18.34
[2022-04-10 15:52:01.134] E028 |  1000/1657 batches | lr 2.5000 | loss  2.845 | ppl     17.21
[2022-04-10 15:52:07.554] E028 |  1200/1657 batches | lr 2.5000 | loss  2.905 | ppl     18.26
[2022-04-10 15:52:14.019] E028 |  1400/1657 batches | lr 2.5000 | loss  2.879 | ppl     17.80
[2022-04-10 15:52:20.459] E028 |  1600/1657 batches | lr 2.5000 | loss  2.897 | ppl     18.12
[2022-04-10 15:52:22.304] E028 |  1657/1657 batches | lr 2.5000 | loss  2.890 | ppl     18.00
[2022-04-10 15:52:30.693] End E028 | valid loss  3.276; ppl     26.48 | accu 0.3233 = 145081/448780
[2022-04-10 15:52:33.148] End E028 |  test loss  4.317; ppl     74.98 | accu 0.2401 = 31567/131500 ../data/adolescent_valid.txt
[2022-04-10 15:52:35.820] End E028 |  test loss  5.013; ppl    150.38 | accu 0.1631 = 23535/144320 ../data/adult_test.txt
[2022-04-10 15:52:35.821] Save: model.pt... 
[2022-04-10 15:52:35.832] Save: model.pt...Done. best_val_loss: 3.2762
[2022-04-10 15:52:35.832] Epoch 029/40 ==================================================
[2022-04-10 15:52:42.145] E029 |   200/1657 batches | lr 2.5000 | loss  2.866 | ppl     17.56
[2022-04-10 15:52:48.512] E029 |   400/1657 batches | lr 2.5000 | loss  2.866 | ppl     17.56
[2022-04-10 15:52:54.893] E029 |   600/1657 batches | lr 2.5000 | loss  2.894 | ppl     18.06
[2022-04-10 15:53:01.261] E029 |   800/1657 batches | lr 2.5000 | loss  2.903 | ppl     18.23
[2022-04-10 15:53:07.642] E029 |  1000/1657 batches | lr 2.5000 | loss  2.843 | ppl     17.16
[2022-04-10 15:53:14.020] E029 |  1200/1657 batches | lr 2.5000 | loss  2.901 | ppl     18.20
[2022-04-10 15:53:20.729] E029 |  1400/1657 batches | lr 2.5000 | loss  2.874 | ppl     17.71
[2022-04-10 15:53:27.683] E029 |  1600/1657 batches | lr 2.5000 | loss  2.893 | ppl     18.05
[2022-04-10 15:53:29.507] E029 |  1657/1657 batches | lr 2.5000 | loss  2.882 | ppl     17.85
[2022-04-10 15:53:37.856] End E029 | valid loss  3.274; ppl     26.41 | accu 0.3236 = 145247/448780
[2022-04-10 15:53:40.296] End E029 |  test loss  4.313; ppl     74.64 | accu 0.2404 = 31616/131500 ../data/adolescent_valid.txt
[2022-04-10 15:53:42.944] End E029 |  test loss  5.012; ppl    150.27 | accu 0.1632 = 23551/144320 ../data/adult_test.txt
[2022-04-10 15:53:42.944] Save: model.pt... 
[2022-04-10 15:53:42.956] Save: model.pt...Done. best_val_loss: 3.2737
[2022-04-10 15:53:42.956] Epoch 030/40 ==================================================
[2022-04-10 15:53:49.270] E030 |   200/1657 batches | lr 2.5000 | loss  2.863 | ppl     17.51
[2022-04-10 15:53:55.644] E030 |   400/1657 batches | lr 2.5000 | loss  2.863 | ppl     17.51
[2022-04-10 15:54:01.995] E030 |   600/1657 batches | lr 2.5000 | loss  2.890 | ppl     17.99
[2022-04-10 15:54:08.368] E030 |   800/1657 batches | lr 2.5000 | loss  2.900 | ppl     18.18
[2022-04-10 15:54:14.764] E030 |  1000/1657 batches | lr 2.5000 | loss  2.834 | ppl     17.02
[2022-04-10 15:54:21.303] E030 |  1200/1657 batches | lr 2.5000 | loss  2.894 | ppl     18.07
[2022-04-10 15:54:28.607] E030 |  1400/1657 batches | lr 2.5000 | loss  2.875 | ppl     17.73
[2022-04-10 15:54:35.813] E030 |  1600/1657 batches | lr 2.5000 | loss  2.894 | ppl     18.07
[2022-04-10 15:54:37.627] E030 |  1657/1657 batches | lr 2.5000 | loss  2.883 | ppl     17.86
[2022-04-10 15:54:45.979] End E030 | valid loss  3.272; ppl     26.35 | accu 0.3240 = 145420/448780
[2022-04-10 15:54:48.408] End E030 |  test loss  4.318; ppl     75.03 | accu 0.2406 = 31641/131500 ../data/adolescent_valid.txt
[2022-04-10 15:54:51.087] End E030 |  test loss  5.012; ppl    150.27 | accu 0.1639 = 23648/144320 ../data/adult_test.txt
[2022-04-10 15:54:51.088] Save: model.pt... 
[2022-04-10 15:54:51.099] Save: model.pt...Done. best_val_loss: 3.2716
[2022-04-10 15:54:51.099] Epoch 031/40 ==================================================
[2022-04-10 15:54:57.382] E031 |   200/1657 batches | lr 2.5000 | loss  2.861 | ppl     17.48
[2022-04-10 15:55:03.734] E031 |   400/1657 batches | lr 2.5000 | loss  2.859 | ppl     17.44
[2022-04-10 15:55:10.697] E031 |   600/1657 batches | lr 2.5000 | loss  2.883 | ppl     17.86
[2022-04-10 15:55:17.198] E031 |   800/1657 batches | lr 2.5000 | loss  2.894 | ppl     18.06
[2022-04-10 15:55:23.691] E031 |  1000/1657 batches | lr 2.5000 | loss  2.833 | ppl     17.00
[2022-04-10 15:55:30.142] E031 |  1200/1657 batches | lr 2.5000 | loss  2.896 | ppl     18.09
[2022-04-10 15:55:36.504] E031 |  1400/1657 batches | lr 2.5000 | loss  2.873 | ppl     17.68
[2022-04-10 15:55:43.039] E031 |  1600/1657 batches | lr 2.5000 | loss  2.889 | ppl     17.98
[2022-04-10 15:55:44.861] E031 |  1657/1657 batches | lr 2.5000 | loss  2.883 | ppl     17.86
[2022-04-10 15:55:53.697] End E031 | valid loss  3.272; ppl     26.38 | accu 0.3236 = 145212/448780
[2022-04-10 15:55:56.148] End E031 |  test loss  4.316; ppl     74.87 | accu 0.2407 = 31646/131500 ../data/adolescent_valid.txt
[2022-04-10 15:55:58.837] End E031 |  test loss  5.019; ppl    151.20 | accu 0.1629 = 23509/144320 ../data/adult_test.txt
[2022-04-10 15:55:58.837] Epoch 032/40 ==================================================
[2022-04-10 15:56:04.842] E032 |   200/1657 batches | lr 1.2500 | loss  2.859 | ppl     17.44
[2022-04-10 15:56:11.612] E032 |   400/1657 batches | lr 1.2500 | loss  2.858 | ppl     17.43
[2022-04-10 15:56:19.118] E032 |   600/1657 batches | lr 1.2500 | loss  2.881 | ppl     17.84
[2022-04-10 15:56:26.682] E032 |   800/1657 batches | lr 1.2500 | loss  2.890 | ppl     18.00
[2022-04-10 15:56:33.953] E032 |  1000/1657 batches | lr 1.2500 | loss  2.825 | ppl     16.87
[2022-04-10 15:56:41.210] E032 |  1200/1657 batches | lr 1.2500 | loss  2.884 | ppl     17.88
[2022-04-10 15:56:47.736] E032 |  1400/1657 batches | lr 1.2500 | loss  2.864 | ppl     17.52
[2022-04-10 15:56:54.114] E032 |  1600/1657 batches | lr 1.2500 | loss  2.877 | ppl     17.76
[2022-04-10 15:56:55.958] E032 |  1657/1657 batches | lr 1.2500 | loss  2.873 | ppl     17.69
[2022-04-10 15:57:06.331] End E032 | valid loss  3.267; ppl     26.24 | accu 0.3250 = 145833/448780
[2022-04-10 15:57:09.361] End E032 |  test loss  4.316; ppl     74.88 | accu 0.2418 = 31802/131500 ../data/adolescent_valid.txt
[2022-04-10 15:57:12.661] End E032 |  test loss  5.012; ppl    150.19 | accu 0.1637 = 23622/144320 ../data/adult_test.txt
[2022-04-10 15:57:12.661] Save: model.pt... 
[2022-04-10 15:57:12.673] Save: model.pt...Done. best_val_loss: 3.2671
[2022-04-10 15:57:12.673] Epoch 033/40 ==================================================
[2022-04-10 15:57:19.774] E033 |   200/1657 batches | lr 1.2500 | loss  2.850 | ppl     17.29
[2022-04-10 15:57:27.023] E033 |   400/1657 batches | lr 1.2500 | loss  2.852 | ppl     17.33
[2022-04-10 15:57:34.335] E033 |   600/1657 batches | lr 1.2500 | loss  2.879 | ppl     17.79
[2022-04-10 15:57:41.639] E033 |   800/1657 batches | lr 1.2500 | loss  2.881 | ppl     17.83
[2022-04-10 15:57:48.941] E033 |  1000/1657 batches | lr 1.2500 | loss  2.823 | ppl     16.83
[2022-04-10 15:57:55.562] E033 |  1200/1657 batches | lr 1.2500 | loss  2.882 | ppl     17.85
[2022-04-10 15:58:01.937] E033 |  1400/1657 batches | lr 1.2500 | loss  2.861 | ppl     17.48
[2022-04-10 15:58:08.368] E033 |  1600/1657 batches | lr 1.2500 | loss  2.875 | ppl     17.72
[2022-04-10 15:58:10.263] E033 |  1657/1657 batches | lr 1.2500 | loss  2.874 | ppl     17.71
[2022-04-10 15:58:20.064] End E033 | valid loss  3.268; ppl     26.25 | accu 0.3254 = 146046/448780
[2022-04-10 15:58:22.532] End E033 |  test loss  4.313; ppl     74.64 | accu 0.2421 = 31838/131500 ../data/adolescent_valid.txt
[2022-04-10 15:58:25.184] End E033 |  test loss  5.009; ppl    149.72 | accu 0.1640 = 23675/144320 ../data/adult_test.txt
[2022-04-10 15:58:25.185] Epoch 034/40 ==================================================
[2022-04-10 15:58:31.526] E034 |   200/1657 batches | lr 0.6250 | loss  2.853 | ppl     17.33
[2022-04-10 15:58:37.947] E034 |   400/1657 batches | lr 0.6250 | loss  2.847 | ppl     17.23
[2022-04-10 15:58:44.393] E034 |   600/1657 batches | lr 0.6250 | loss  2.873 | ppl     17.69
[2022-04-10 15:58:50.825] E034 |   800/1657 batches | lr 0.6250 | loss  2.881 | ppl     17.83
[2022-04-10 15:58:57.269] E034 |  1000/1657 batches | lr 0.6250 | loss  2.819 | ppl     16.76
[2022-04-10 15:59:03.636] E034 |  1200/1657 batches | lr 0.6250 | loss  2.874 | ppl     17.70
[2022-04-10 15:59:10.018] E034 |  1400/1657 batches | lr 0.6250 | loss  2.851 | ppl     17.30
[2022-04-10 15:59:16.390] E034 |  1600/1657 batches | lr 0.6250 | loss  2.871 | ppl     17.65
[2022-04-10 15:59:18.216] E034 |  1657/1657 batches | lr 0.6250 | loss  2.866 | ppl     17.57
[2022-04-10 15:59:26.578] End E034 | valid loss  3.264; ppl     26.16 | accu 0.3258 = 146217/448780
[2022-04-10 15:59:29.017] End E034 |  test loss  4.312; ppl     74.60 | accu 0.2425 = 31883/131500 ../data/adolescent_valid.txt
[2022-04-10 15:59:31.700] End E034 |  test loss  5.007; ppl    149.48 | accu 0.1646 = 23750/144320 ../data/adult_test.txt
[2022-04-10 15:59:31.701] Save: model.pt... 
[2022-04-10 15:59:31.712] Save: model.pt...Done. best_val_loss: 3.2641
[2022-04-10 15:59:31.712] Epoch 035/40 ==================================================
[2022-04-10 15:59:38.047] E035 |   200/1657 batches | lr 0.6250 | loss  2.846 | ppl     17.23
[2022-04-10 15:59:44.438] E035 |   400/1657 batches | lr 0.6250 | loss  2.847 | ppl     17.23
[2022-04-10 15:59:50.818] E035 |   600/1657 batches | lr 0.6250 | loss  2.872 | ppl     17.67
[2022-04-10 15:59:57.208] E035 |   800/1657 batches | lr 0.6250 | loss  2.877 | ppl     17.75
[2022-04-10 16:00:03.611] E035 |  1000/1657 batches | lr 0.6250 | loss  2.818 | ppl     16.75
[2022-04-10 16:00:10.018] E035 |  1200/1657 batches | lr 0.6250 | loss  2.875 | ppl     17.73
[2022-04-10 16:00:16.486] E035 |  1400/1657 batches | lr 0.6250 | loss  2.853 | ppl     17.34
[2022-04-10 16:00:23.034] E035 |  1600/1657 batches | lr 0.6250 | loss  2.869 | ppl     17.62
[2022-04-10 16:00:24.935] E035 |  1657/1657 batches | lr 0.6250 | loss  2.860 | ppl     17.47
[2022-04-10 16:00:33.307] End E035 | valid loss  3.263; ppl     26.14 | accu 0.3263 = 146430/448780
[2022-04-10 16:00:35.760] End E035 |  test loss  4.310; ppl     74.42 | accu 0.2426 = 31900/131500 ../data/adolescent_valid.txt
[2022-04-10 16:00:38.430] End E035 |  test loss  5.007; ppl    149.47 | accu 0.1648 = 23780/144320 ../data/adult_test.txt
[2022-04-10 16:00:38.430] Save: model.pt... 
[2022-04-10 16:00:38.437] Save: model.pt...Done. best_val_loss: 3.2634
[2022-04-10 16:00:38.437] Epoch 036/40 ==================================================
[2022-04-10 16:00:45.599] E036 |   200/1657 batches | lr 0.6250 | loss  2.842 | ppl     17.16
[2022-04-10 16:00:52.628] E036 |   400/1657 batches | lr 0.6250 | loss  2.845 | ppl     17.20
[2022-04-10 16:00:58.990] E036 |   600/1657 batches | lr 0.6250 | loss  2.870 | ppl     17.64
[2022-04-10 16:01:05.357] E036 |   800/1657 batches | lr 0.6250 | loss  2.877 | ppl     17.77
[2022-04-10 16:01:11.925] E036 |  1000/1657 batches | lr 0.6250 | loss  2.816 | ppl     16.71
[2022-04-10 16:01:19.252] E036 |  1200/1657 batches | lr 0.6250 | loss  2.877 | ppl     17.76
[2022-04-10 16:01:25.709] E036 |  1400/1657 batches | lr 0.6250 | loss  2.853 | ppl     17.34
[2022-04-10 16:01:32.089] E036 |  1600/1657 batches | lr 0.6250 | loss  2.870 | ppl     17.64
[2022-04-10 16:01:33.986] E036 |  1657/1657 batches | lr 0.6250 | loss  2.864 | ppl     17.53
[2022-04-10 16:01:42.384] End E036 | valid loss  3.264; ppl     26.15 | accu 0.3259 = 146267/448780
[2022-04-10 16:01:44.803] End E036 |  test loss  4.313; ppl     74.70 | accu 0.2428 = 31931/131500 ../data/adolescent_valid.txt
[2022-04-10 16:01:47.495] End E036 |  test loss  5.008; ppl    149.66 | accu 0.1653 = 23853/144320 ../data/adult_test.txt
[2022-04-10 16:01:47.495] Epoch 037/40 ==================================================
[2022-04-10 16:01:54.190] E037 |   200/1657 batches | lr 0.3125 | loss  2.840 | ppl     17.11
[2022-04-10 16:02:01.660] E037 |   400/1657 batches | lr 0.3125 | loss  2.840 | ppl     17.12
[2022-04-10 16:02:07.871] E037 |   600/1657 batches | lr 0.3125 | loss  2.867 | ppl     17.59
[2022-04-10 16:02:14.245] E037 |   800/1657 batches | lr 0.3125 | loss  2.871 | ppl     17.65
[2022-04-10 16:02:20.633] E037 |  1000/1657 batches | lr 0.3125 | loss  2.814 | ppl     16.67
[2022-04-10 16:02:27.021] E037 |  1200/1657 batches | lr 0.3125 | loss  2.872 | ppl     17.67
[2022-04-10 16:02:33.416] E037 |  1400/1657 batches | lr 0.3125 | loss  2.848 | ppl     17.25
[2022-04-10 16:02:39.801] E037 |  1600/1657 batches | lr 0.3125 | loss  2.865 | ppl     17.55
[2022-04-10 16:02:41.623] E037 |  1657/1657 batches | lr 0.3125 | loss  2.866 | ppl     17.57
[2022-04-10 16:02:50.022] End E037 | valid loss  3.262; ppl     26.10 | accu 0.3265 = 146514/448780
[2022-04-10 16:02:52.470] End E037 |  test loss  4.310; ppl     74.45 | accu 0.2426 = 31908/131500 ../data/adolescent_valid.txt
[2022-04-10 16:02:55.133] End E037 |  test loss  5.003; ppl    148.80 | accu 0.1656 = 23893/144320 ../data/adult_test.txt
[2022-04-10 16:02:55.133] Save: model.pt... 
[2022-04-10 16:02:55.144] Save: model.pt...Done. best_val_loss: 3.2619
[2022-04-10 16:02:55.145] Epoch 038/40 ==================================================
[2022-04-10 16:03:01.454] E038 |   200/1657 batches | lr 0.3125 | loss  2.841 | ppl     17.13
[2022-04-10 16:03:07.811] E038 |   400/1657 batches | lr 0.3125 | loss  2.839 | ppl     17.09
[2022-04-10 16:03:14.215] E038 |   600/1657 batches | lr 0.3125 | loss  2.866 | ppl     17.57
[2022-04-10 16:03:20.593] E038 |   800/1657 batches | lr 0.3125 | loss  2.873 | ppl     17.70
[2022-04-10 16:03:26.974] E038 |  1000/1657 batches | lr 0.3125 | loss  2.809 | ppl     16.59
[2022-04-10 16:03:33.354] E038 |  1200/1657 batches | lr 0.3125 | loss  2.870 | ppl     17.64
[2022-04-10 16:03:39.747] E038 |  1400/1657 batches | lr 0.3125 | loss  2.849 | ppl     17.27
[2022-04-10 16:03:46.118] E038 |  1600/1657 batches | lr 0.3125 | loss  2.866 | ppl     17.56
[2022-04-10 16:03:47.938] E038 |  1657/1657 batches | lr 0.3125 | loss  2.865 | ppl     17.56
[2022-04-10 16:03:56.298] End E038 | valid loss  3.262; ppl     26.09 | accu 0.3267 = 146611/448780
[2022-04-10 16:03:58.723] End E038 |  test loss  4.311; ppl     74.54 | accu 0.2427 = 31910/131500 ../data/adolescent_valid.txt
[2022-04-10 16:04:01.422] End E038 |  test loss  5.006; ppl    149.24 | accu 0.1657 = 23913/144320 ../data/adult_test.txt
[2022-04-10 16:04:01.422] Save: model.pt... 
[2022-04-10 16:04:01.433] Save: model.pt...Done. best_val_loss: 3.2616
[2022-04-10 16:04:01.433] Epoch 039/40 ==================================================
[2022-04-10 16:04:07.713] E039 |   200/1657 batches | lr 0.3125 | loss  2.837 | ppl     17.06
[2022-04-10 16:04:14.105] E039 |   400/1657 batches | lr 0.3125 | loss  2.839 | ppl     17.09
[2022-04-10 16:04:20.510] E039 |   600/1657 batches | lr 0.3125 | loss  2.866 | ppl     17.57
[2022-04-10 16:04:26.920] E039 |   800/1657 batches | lr 0.3125 | loss  2.877 | ppl     17.75
[2022-04-10 16:04:33.321] E039 |  1000/1657 batches | lr 0.3125 | loss  2.816 | ppl     16.71
[2022-04-10 16:04:39.718] E039 |  1200/1657 batches | lr 0.3125 | loss  2.869 | ppl     17.63
[2022-04-10 16:04:46.306] E039 |  1400/1657 batches | lr 0.3125 | loss  2.850 | ppl     17.29
[2022-04-10 16:04:53.566] E039 |  1600/1657 batches | lr 0.3125 | loss  2.865 | ppl     17.55
[2022-04-10 16:04:55.623] E039 |  1657/1657 batches | lr 0.3125 | loss  2.862 | ppl     17.50
[2022-04-10 16:05:05.920] End E039 | valid loss  3.262; ppl     26.10 | accu 0.3268 = 146681/448780
[2022-04-10 16:05:08.924] End E039 |  test loss  4.311; ppl     74.55 | accu 0.2430 = 31958/131500 ../data/adolescent_valid.txt
[2022-04-10 16:05:12.197] End E039 |  test loss  5.005; ppl    149.20 | accu 0.1656 = 23905/144320 ../data/adult_test.txt
[2022-04-10 16:05:12.197] Epoch 040/40 ==================================================
[2022-04-10 16:05:19.214] E040 |   200/1657 batches | lr 0.1562 | loss  2.839 | ppl     17.09
[2022-04-10 16:05:26.455] E040 |   400/1657 batches | lr 0.1562 | loss  2.837 | ppl     17.07
[2022-04-10 16:05:33.730] E040 |   600/1657 batches | lr 0.1562 | loss  2.864 | ppl     17.53
[2022-04-10 16:05:40.373] E040 |   800/1657 batches | lr 0.1562 | loss  2.872 | ppl     17.68
[2022-04-10 16:05:46.852] E040 |  1000/1657 batches | lr 0.1562 | loss  2.809 | ppl     16.60
[2022-04-10 16:05:53.354] E040 |  1200/1657 batches | lr 0.1562 | loss  2.867 | ppl     17.59
[2022-04-10 16:05:59.812] E040 |  1400/1657 batches | lr 0.1562 | loss  2.849 | ppl     17.28
[2022-04-10 16:06:06.306] E040 |  1600/1657 batches | lr 0.1562 | loss  2.862 | ppl     17.50
[2022-04-10 16:06:08.143] E040 |  1657/1657 batches | lr 0.1562 | loss  2.856 | ppl     17.39
[2022-04-10 16:06:16.482] End E040 | valid loss  3.262; ppl     26.09 | accu 0.3271 = 146792/448780
[2022-04-10 16:06:18.925] End E040 |  test loss  4.311; ppl     74.54 | accu 0.2429 = 31940/131500 ../data/adolescent_valid.txt
[2022-04-10 16:06:21.575] End E040 |  test loss  5.006; ppl    149.29 | accu 0.1656 = 23903/144320 ../data/adult_test.txt
[2022-04-10 16:06:21.575] Save: model.pt... 
[2022-04-10 16:06:21.586] Save: model.pt...Done. best_val_loss: 3.2616
[2022-04-10 16:06:24.071] End. test loss  4.31; ppl    74.54 | accu 0.2429 = 31940/131500 ../data/adolescent_valid.txt
[2022-04-10 16:06:26.734] End. test loss  5.01; ppl   149.29 | accu 0.1656 = 23903/144320 ../data/adult_test.txt
[2022-04-10 16:06:26.734] =========================================================================================
