[2022-04-10 16:31:01.582] corpus.train_file_list: 1
[2022-04-10 16:31:01.582]         ../data/cbt_train.txt
[2022-04-10 16:31:01.583] corpus.valid_file_list: 1
[2022-04-10 16:31:01.583]         ../data/cbt_valid.txt
[2022-04-10 16:31:01.583] corpus.test_file_list: 2
[2022-04-10 16:31:01.583]         ../data/adolescent_valid.txt
[2022-04-10 16:31:01.583]         ../data/adult_test.txt
[2022-04-10 16:31:01.583] corpus.subword_vocab_size: 1000
[2022-04-10 16:31:01.583] corpus.subword_model.train(2 files)...
[2022-04-10 16:31:01.583]         ../data/cbt_train.txt
[2022-04-10 16:31:01.583]         ../data/cbt_valid.txt
[2022-04-10 16:31:01.995] corpus.subword_model.train(2 files)...Done
[2022-04-10 16:31:01.996] corpus tokenize...
[2022-04-10 16:31:05.163]         train tokens: 1007363  ../data/cbt_train.txt
[2022-04-10 16:31:06.390]         valid tokens: 386339  ../data/cbt_valid.txt
[2022-04-10 16:31:06.801]         test  tokens: 115268  ../data/adolescent_valid.txt
[2022-04-10 16:31:07.106]         test  tokens: 126795  ../data/adult_test.txt
[2022-04-10 16:31:07.106] corpus.ntokens      : 994
[2022-04-10 16:31:07.107] corpus.char_count   : 86
[2022-04-10 16:31:07.107] corpus.char_cnt_dict: 86
[2022-04-10 16:31:07.107] corpus.char_id_dict : 86
[2022-04-10 16:31:07.113] corpus.batchify(1 files, batch_size=20)...
[2022-04-10 16:31:07.113]         tokens_all: 1007363
[2022-04-10 16:31:07.113]         batched   :  50368
[2022-04-10 16:31:07.113]         ../data/cbt_train.txt
[2022-04-10 16:31:07.118] corpus.batchify(1 files, batch_size=20)...
[2022-04-10 16:31:07.118]         tokens_all: 386339
[2022-04-10 16:31:07.118]         batched   :  19316
[2022-04-10 16:31:07.118]         ../data/cbt_valid.txt
[2022-04-10 16:31:07.120] corpus.batchify(1 files, batch_size=20)...
[2022-04-10 16:31:07.120]         tokens_all: 115268
[2022-04-10 16:31:07.120]         batched   :   5763
[2022-04-10 16:31:07.120]         ../data/adolescent_valid.txt
[2022-04-10 16:31:07.122] corpus.batchify(1 files, batch_size=20)...
[2022-04-10 16:31:07.122]         tokens_all: 126795
[2022-04-10 16:31:07.122]         batched   :   6339
[2022-04-10 16:31:07.122]         ../data/adult_test.txt
[2022-04-10 16:31:07.134] RNNModel.rnn_type: LSTM
[2022-04-10 16:31:07.135] RNNModel.ntoken  : 994
[2022-04-10 16:31:07.135] RNNModel.ninp    : 200
[2022-04-10 16:31:07.135] RNNModel.nhid    : 200
[2022-04-10 16:31:07.135] RNNModel.nlayers : 2
[2022-04-10 16:31:07.135] RNNModel.dropout : 0.2
[2022-04-10 16:31:07.135] RNNModel.tie_weights: False
[2022-04-10 16:31:07.135] RNNModel.char_mode  : CNN
[2022-04-10 16:31:07.135] RNNModel.char_cnt   : 87
[2022-04-10 16:31:07.135] RNNModel.char_emsize: 25
[2022-04-10 16:31:07.135] RNNModel.char_nhid  : 200
[2022-04-10 16:31:07.135] RNNModel.char_embeds: created
[2022-04-10 16:31:07.136] RNNModel.char_cnn3  : created
[2022-04-10 16:31:07.139] Epoch 001/40 ==================================================
[2022-04-10 16:31:13.748] E001 |   200/1439 batches | lr 20.0000 | loss  5.630 | ppl    278.80
[2022-04-10 16:31:20.356] E001 |   400/1439 batches | lr 20.0000 | loss  4.891 | ppl    133.05
[2022-04-10 16:31:26.946] E001 |   600/1439 batches | lr 20.0000 | loss  4.529 | ppl     92.65
[2022-04-10 16:31:33.617] E001 |   800/1439 batches | lr 20.0000 | loss  4.248 | ppl     69.98
[2022-04-10 16:31:40.333] E001 |  1000/1439 batches | lr 20.0000 | loss  4.148 | ppl     63.30
[2022-04-10 16:31:47.043] E001 |  1200/1439 batches | lr 20.0000 | loss  4.042 | ppl     56.93
[2022-04-10 16:31:53.604] E001 |  1400/1439 batches | lr 20.0000 | loss  4.029 | ppl     56.19
[2022-04-10 16:31:54.889] E001 |  1439/1439 batches | lr 20.0000 | loss  3.988 | ppl     53.94
[2022-04-10 16:32:02.140] End E001 | valid loss  4.274; ppl     71.81 | accu 0.1947 = 75208/386300
[2022-04-10 16:32:04.298] End E001 |  test loss  5.221; ppl    185.18 | accu 0.1330 = 15331/115240 ../data/adolescent_valid.txt
[2022-04-10 16:32:06.645] End E001 |  test loss  5.852; ppl    348.10 | accu 0.0619 = 7842/126760 ../data/adult_test.txt
[2022-04-10 16:32:06.645] Save: model.pt... 
[2022-04-10 16:32:06.658] Save: model.pt...Done. best_val_loss: 4.2741
[2022-04-10 16:32:06.658] Epoch 002/40 ==================================================
[2022-04-10 16:32:13.227] E002 |   200/1439 batches | lr 20.0000 | loss  3.925 | ppl     50.66
[2022-04-10 16:32:19.900] E002 |   400/1439 batches | lr 20.0000 | loss  3.916 | ppl     50.21
[2022-04-10 16:32:26.600] E002 |   600/1439 batches | lr 20.0000 | loss  3.912 | ppl     49.98
[2022-04-10 16:32:33.281] E002 |   800/1439 batches | lr 20.0000 | loss  3.808 | ppl     45.08
[2022-04-10 16:32:39.980] E002 |  1000/1439 batches | lr 20.0000 | loss  3.835 | ppl     46.29
[2022-04-10 16:32:46.668] E002 |  1200/1439 batches | lr 20.0000 | loss  3.793 | ppl     44.39
[2022-04-10 16:32:53.361] E002 |  1400/1439 batches | lr 20.0000 | loss  3.823 | ppl     45.74
[2022-04-10 16:32:54.658] E002 |  1439/1439 batches | lr 20.0000 | loss  3.785 | ppl     44.05
[2022-04-10 16:33:01.949] End E002 | valid loss  4.122; ppl     61.66 | accu 0.2188 = 84507/386300
[2022-04-10 16:33:04.114] End E002 |  test loss  5.108; ppl    165.34 | accu 0.1493 = 17200/115240 ../data/adolescent_valid.txt
[2022-04-10 16:33:06.484] End E002 |  test loss  5.832; ppl    341.06 | accu 0.0771 = 9772/126760 ../data/adult_test.txt
[2022-04-10 16:33:06.484] Save: model.pt... 
[2022-04-10 16:33:06.497] Save: model.pt...Done. best_val_loss: 4.1216
[2022-04-10 16:33:06.497] Epoch 003/40 ==================================================
[2022-04-10 16:33:13.154] E003 |   200/1439 batches | lr 20.0000 | loss  3.744 | ppl     42.26
[2022-04-10 16:33:19.826] E003 |   400/1439 batches | lr 20.0000 | loss  3.757 | ppl     42.82
[2022-04-10 16:33:26.389] E003 |   600/1439 batches | lr 20.0000 | loss  3.777 | ppl     43.68
[2022-04-10 16:33:33.088] E003 |   800/1439 batches | lr 20.0000 | loss  3.683 | ppl     39.76
[2022-04-10 16:33:39.648] E003 |  1000/1439 batches | lr 20.0000 | loss  3.724 | ppl     41.43
[2022-04-10 16:33:46.310] E003 |  1200/1439 batches | lr 20.0000 | loss  3.692 | ppl     40.11
[2022-04-10 16:33:52.996] E003 |  1400/1439 batches | lr 20.0000 | loss  3.727 | ppl     41.55
[2022-04-10 16:33:54.304] E003 |  1439/1439 batches | lr 20.0000 | loss  3.699 | ppl     40.40
[2022-04-10 16:34:01.569] End E003 | valid loss  4.042; ppl     56.95 | accu 0.2323 = 89755/386300
[2022-04-10 16:34:03.719] End E003 |  test loss  5.045; ppl    155.27 | accu 0.1593 = 18363/115240 ../data/adolescent_valid.txt
[2022-04-10 16:34:06.065] End E003 |  test loss  5.788; ppl    326.30 | accu 0.0891 = 11293/126760 ../data/adult_test.txt
[2022-04-10 16:34:06.065] Save: model.pt... 
[2022-04-10 16:34:06.074] Save: model.pt...Done. best_val_loss: 4.0423
[2022-04-10 16:34:06.074] Epoch 004/40 ==================================================
[2022-04-10 16:34:12.664] E004 |   200/1439 batches | lr 20.0000 | loss  3.639 | ppl     38.05
[2022-04-10 16:34:19.326] E004 |   400/1439 batches | lr 20.0000 | loss  3.664 | ppl     39.01
[2022-04-10 16:34:25.940] E004 |   600/1439 batches | lr 20.0000 | loss  3.695 | ppl     40.23
[2022-04-10 16:34:32.516] E004 |   800/1439 batches | lr 20.0000 | loss  3.606 | ppl     36.84
[2022-04-10 16:34:39.128] E004 |  1000/1439 batches | lr 20.0000 | loss  3.648 | ppl     38.41
[2022-04-10 16:34:45.737] E004 |  1200/1439 batches | lr 20.0000 | loss  3.614 | ppl     37.12
[2022-04-10 16:34:52.289] E004 |  1400/1439 batches | lr 20.0000 | loss  3.650 | ppl     38.49
[2022-04-10 16:34:53.564] E004 |  1439/1439 batches | lr 20.0000 | loss  3.634 | ppl     37.86
[2022-04-10 16:35:00.827] End E004 | valid loss  3.982; ppl     53.63 | accu 0.2408 = 93015/386300
[2022-04-10 16:35:02.994] End E004 |  test loss  4.996; ppl    147.84 | accu 0.1678 = 19342/115240 ../data/adolescent_valid.txt
[2022-04-10 16:35:05.348] End E004 |  test loss  5.776; ppl    322.38 | accu 0.0944 = 11972/126760 ../data/adult_test.txt
[2022-04-10 16:35:05.348] Save: model.pt... 
[2022-04-10 16:35:05.361] Save: model.pt...Done. best_val_loss: 3.9821
[2022-04-10 16:35:05.361] Epoch 005/40 ==================================================
[2022-04-10 16:35:12.559] E005 |   200/1439 batches | lr 20.0000 | loss  3.571 | ppl     35.55
[2022-04-10 16:35:19.130] E005 |   400/1439 batches | lr 20.0000 | loss  3.596 | ppl     36.44
[2022-04-10 16:35:25.694] E005 |   600/1439 batches | lr 20.0000 | loss  3.629 | ppl     37.69
[2022-04-10 16:35:32.199] E005 |   800/1439 batches | lr 20.0000 | loss  3.543 | ppl     34.56
[2022-04-10 16:35:38.790] E005 |  1000/1439 batches | lr 20.0000 | loss  3.589 | ppl     36.19
[2022-04-10 16:35:45.391] E005 |  1200/1439 batches | lr 20.0000 | loss  3.562 | ppl     35.24
[2022-04-10 16:35:51.999] E005 |  1400/1439 batches | lr 20.0000 | loss  3.595 | ppl     36.42
[2022-04-10 16:35:53.275] E005 |  1439/1439 batches | lr 20.0000 | loss  3.570 | ppl     35.52
[2022-04-10 16:36:00.526] End E005 | valid loss  3.938; ppl     51.34 | accu 0.2486 = 96053/386300
[2022-04-10 16:36:02.682] End E005 |  test loss  4.948; ppl    140.86 | accu 0.1733 = 19975/115240 ../data/adolescent_valid.txt
[2022-04-10 16:36:05.050] End E005 |  test loss  5.733; ppl    308.91 | accu 0.0973 = 12329/126760 ../data/adult_test.txt
[2022-04-10 16:36:05.050] Save: model.pt... 
[2022-04-10 16:36:05.063] Save: model.pt...Done. best_val_loss: 3.9384
[2022-04-10 16:36:05.063] Epoch 006/40 ==================================================
[2022-04-10 16:36:11.572] E006 |   200/1439 batches | lr 20.0000 | loss  3.512 | ppl     33.51
[2022-04-10 16:36:18.070] E006 |   400/1439 batches | lr 20.0000 | loss  3.539 | ppl     34.44
[2022-04-10 16:36:24.546] E006 |   600/1439 batches | lr 20.0000 | loss  3.573 | ppl     35.61
[2022-04-10 16:36:31.021] E006 |   800/1439 batches | lr 20.0000 | loss  3.493 | ppl     32.87
[2022-04-10 16:36:37.732] E006 |  1000/1439 batches | lr 20.0000 | loss  3.538 | ppl     34.39
[2022-04-10 16:36:44.584] E006 |  1200/1439 batches | lr 20.0000 | loss  3.512 | ppl     33.51
[2022-04-10 16:36:51.270] E006 |  1400/1439 batches | lr 20.0000 | loss  3.544 | ppl     34.61
[2022-04-10 16:36:52.563] E006 |  1439/1439 batches | lr 20.0000 | loss  3.518 | ppl     33.72
[2022-04-10 16:36:59.868] End E006 | valid loss  3.909; ppl     49.86 | accu 0.2560 = 98898/386300
[2022-04-10 16:37:02.047] End E006 |  test loss  4.919; ppl    136.84 | accu 0.1790 = 20632/115240 ../data/adolescent_valid.txt
[2022-04-10 16:37:04.409] End E006 |  test loss  5.782; ppl    324.31 | accu 0.1031 = 13074/126760 ../data/adult_test.txt
[2022-04-10 16:37:04.409] Save: model.pt... 
[2022-04-10 16:37:04.422] Save: model.pt...Done. best_val_loss: 3.9093
[2022-04-10 16:37:04.422] Epoch 007/40 ==================================================
[2022-04-10 16:37:10.955] E007 |   200/1439 batches | lr 20.0000 | loss  3.472 | ppl     32.20
[2022-04-10 16:37:17.549] E007 |   400/1439 batches | lr 20.0000 | loss  3.499 | ppl     33.10
[2022-04-10 16:37:24.159] E007 |   600/1439 batches | lr 20.0000 | loss  3.537 | ppl     34.36
[2022-04-10 16:37:30.821] E007 |   800/1439 batches | lr 20.0000 | loss  3.455 | ppl     31.66
[2022-04-10 16:37:37.419] E007 |  1000/1439 batches | lr 20.0000 | loss  3.501 | ppl     33.14
[2022-04-10 16:37:43.967] E007 |  1200/1439 batches | lr 20.0000 | loss  3.480 | ppl     32.46
[2022-04-10 16:37:50.443] E007 |  1400/1439 batches | lr 20.0000 | loss  3.512 | ppl     33.50
[2022-04-10 16:37:51.707] E007 |  1439/1439 batches | lr 20.0000 | loss  3.488 | ppl     32.74
[2022-04-10 16:37:58.999] End E007 | valid loss  3.903; ppl     49.54 | accu 0.2569 = 99245/386300
[2022-04-10 16:38:01.152] End E007 |  test loss  4.914; ppl    136.19 | accu 0.1795 = 20690/115240 ../data/adolescent_valid.txt
[2022-04-10 16:38:03.532] End E007 |  test loss  5.841; ppl    344.08 | accu 0.1029 = 13039/126760 ../data/adult_test.txt
[2022-04-10 16:38:03.532] Save: model.pt... 
[2022-04-10 16:38:03.544] Save: model.pt...Done. best_val_loss: 3.9029
[2022-04-10 16:38:03.544] Epoch 008/40 ==================================================
[2022-04-10 16:38:10.064] E008 |   200/1439 batches | lr 20.0000 | loss  3.442 | ppl     31.26
[2022-04-10 16:38:16.655] E008 |   400/1439 batches | lr 20.0000 | loss  3.473 | ppl     32.24
[2022-04-10 16:38:23.254] E008 |   600/1439 batches | lr 20.0000 | loss  3.509 | ppl     33.42
[2022-04-10 16:38:29.875] E008 |   800/1439 batches | lr 20.0000 | loss  3.428 | ppl     30.80
[2022-04-10 16:38:36.471] E008 |  1000/1439 batches | lr 20.0000 | loss  3.474 | ppl     32.28
[2022-04-10 16:38:43.054] E008 |  1200/1439 batches | lr 20.0000 | loss  3.451 | ppl     31.55
[2022-04-10 16:38:49.664] E008 |  1400/1439 batches | lr 20.0000 | loss  3.487 | ppl     32.69
[2022-04-10 16:38:50.947] E008 |  1439/1439 batches | lr 20.0000 | loss  3.469 | ppl     32.12
[2022-04-10 16:38:58.216] End E008 | valid loss  3.892; ppl     49.03 | accu 0.2579 = 99630/386300
[2022-04-10 16:39:00.351] End E008 |  test loss  4.916; ppl    136.50 | accu 0.1792 = 20656/115240 ../data/adolescent_valid.txt
[2022-04-10 16:39:02.710] End E008 |  test loss  5.824; ppl    338.28 | accu 0.1021 = 12940/126760 ../data/adult_test.txt
[2022-04-10 16:39:02.710] Save: model.pt... 
[2022-04-10 16:39:02.718] Save: model.pt...Done. best_val_loss: 3.8923
[2022-04-10 16:39:02.719] Epoch 009/40 ==================================================
[2022-04-10 16:39:09.465] E009 |   200/1439 batches | lr 20.0000 | loss  3.416 | ppl     30.44
[2022-04-10 16:39:16.131] E009 |   400/1439 batches | lr 20.0000 | loss  3.448 | ppl     31.44
[2022-04-10 16:39:22.863] E009 |   600/1439 batches | lr 20.0000 | loss  3.488 | ppl     32.71
[2022-04-10 16:39:29.315] E009 |   800/1439 batches | lr 20.0000 | loss  3.407 | ppl     30.19
[2022-04-10 16:39:36.034] E009 |  1000/1439 batches | lr 20.0000 | loss  3.453 | ppl     31.58
[2022-04-10 16:39:43.185] E009 |  1200/1439 batches | lr 20.0000 | loss  3.439 | ppl     31.16
[2022-04-10 16:39:50.709] E009 |  1400/1439 batches | lr 20.0000 | loss  3.474 | ppl     32.25
[2022-04-10 16:39:52.179] E009 |  1439/1439 batches | lr 20.0000 | loss  3.451 | ppl     31.54
[2022-04-10 16:39:59.683] End E009 | valid loss  3.883; ppl     48.57 | accu 0.2589 = 100013/386300
[2022-04-10 16:40:01.830] End E009 |  test loss  4.924; ppl    137.59 | accu 0.1812 = 20882/115240 ../data/adolescent_valid.txt
[2022-04-10 16:40:04.183] End E009 |  test loss  5.868; ppl    353.38 | accu 0.1061 = 13447/126760 ../data/adult_test.txt
[2022-04-10 16:40:04.183] Save: model.pt... 
[2022-04-10 16:40:04.195] Save: model.pt...Done. best_val_loss: 3.8831
[2022-04-10 16:40:04.195] Epoch 010/40 ==================================================
[2022-04-10 16:40:11.695] E010 |   200/1439 batches | lr 20.0000 | loss  3.401 | ppl     29.99
[2022-04-10 16:40:18.299] E010 |   400/1439 batches | lr 20.0000 | loss  3.432 | ppl     30.92
[2022-04-10 16:40:24.875] E010 |   600/1439 batches | lr 20.0000 | loss  3.471 | ppl     32.18
[2022-04-10 16:40:31.449] E010 |   800/1439 batches | lr 20.0000 | loss  3.394 | ppl     29.78
[2022-04-10 16:40:37.996] E010 |  1000/1439 batches | lr 20.0000 | loss  3.439 | ppl     31.16
[2022-04-10 16:40:44.479] E010 |  1200/1439 batches | lr 20.0000 | loss  3.417 | ppl     30.49
[2022-04-10 16:40:50.907] E010 |  1400/1439 batches | lr 20.0000 | loss  3.455 | ppl     31.64
[2022-04-10 16:40:52.175] E010 |  1439/1439 batches | lr 20.0000 | loss  3.436 | ppl     31.06
[2022-04-10 16:40:59.408] End E010 | valid loss  3.860; ppl     47.47 | accu 0.2650 = 102355/386300
[2022-04-10 16:41:01.596] End E010 |  test loss  4.906; ppl    135.12 | accu 0.1850 = 21321/115240 ../data/adolescent_valid.txt
[2022-04-10 16:41:03.969] End E010 |  test loss  5.829; ppl    340.00 | accu 0.1072 = 13588/126760 ../data/adult_test.txt
[2022-04-10 16:41:03.969] Save: model.pt... 
[2022-04-10 16:41:03.981] Save: model.pt...Done. best_val_loss: 3.8602
[2022-04-10 16:41:03.981] Epoch 011/40 ==================================================
[2022-04-10 16:41:11.163] E011 |   200/1439 batches | lr 20.0000 | loss  3.387 | ppl     29.58
[2022-04-10 16:41:18.698] E011 |   400/1439 batches | lr 20.0000 | loss  3.419 | ppl     30.55
[2022-04-10 16:41:26.204] E011 |   600/1439 batches | lr 20.0000 | loss  3.463 | ppl     31.90
[2022-04-10 16:41:32.775] E011 |   800/1439 batches | lr 20.0000 | loss  3.384 | ppl     29.50
[2022-04-10 16:41:39.376] E011 |  1000/1439 batches | lr 20.0000 | loss  3.428 | ppl     30.80
[2022-04-10 16:41:45.961] E011 |  1200/1439 batches | lr 20.0000 | loss  3.410 | ppl     30.27
[2022-04-10 16:41:52.577] E011 |  1400/1439 batches | lr 20.0000 | loss  3.448 | ppl     31.43
[2022-04-10 16:41:53.861] E011 |  1439/1439 batches | lr 20.0000 | loss  3.428 | ppl     30.82
[2022-04-10 16:42:01.174] End E011 | valid loss  3.871; ppl     47.97 | accu 0.2651 = 102390/386300
[2022-04-10 16:42:03.335] End E011 |  test loss  4.915; ppl    136.34 | accu 0.1859 = 21421/115240 ../data/adolescent_valid.txt
[2022-04-10 16:42:05.675] End E011 |  test loss  5.835; ppl    342.20 | accu 0.1070 = 13567/126760 ../data/adult_test.txt
[2022-04-10 16:42:05.675] Epoch 012/40 ==================================================
[2022-04-10 16:42:12.093] E012 |   200/1439 batches | lr 10.0000 | loss  3.356 | ppl     28.68
[2022-04-10 16:42:18.734] E012 |   400/1439 batches | lr 10.0000 | loss  3.358 | ppl     28.74
[2022-04-10 16:42:25.192] E012 |   600/1439 batches | lr 10.0000 | loss  3.387 | ppl     29.58
[2022-04-10 16:42:31.696] E012 |   800/1439 batches | lr 10.0000 | loss  3.298 | ppl     27.05
[2022-04-10 16:42:38.244] E012 |  1000/1439 batches | lr 10.0000 | loss  3.337 | ppl     28.12
[2022-04-10 16:42:44.968] E012 |  1200/1439 batches | lr 10.0000 | loss  3.309 | ppl     27.36
[2022-04-10 16:42:51.615] E012 |  1400/1439 batches | lr 10.0000 | loss  3.333 | ppl     28.02
[2022-04-10 16:42:52.910] E012 |  1439/1439 batches | lr 10.0000 | loss  3.324 | ppl     27.77
[2022-04-10 16:43:00.127] End E012 | valid loss  3.788; ppl     44.15 | accu 0.2766 = 106836/386300
[2022-04-10 16:43:02.255] End E012 |  test loss  4.851; ppl    127.89 | accu 0.1952 = 22491/115240 ../data/adolescent_valid.txt
[2022-04-10 16:43:04.582] End E012 |  test loss  5.768; ppl    319.89 | accu 0.1170 = 14827/126760 ../data/adult_test.txt
[2022-04-10 16:43:04.582] Save: model.pt... 
[2022-04-10 16:43:04.594] Save: model.pt...Done. best_val_loss: 3.7876
[2022-04-10 16:43:04.595] Epoch 013/40 ==================================================
[2022-04-10 16:43:11.115] E013 |   200/1439 batches | lr 10.0000 | loss  3.283 | ppl     26.64
[2022-04-10 16:43:17.678] E013 |   400/1439 batches | lr 10.0000 | loss  3.312 | ppl     27.43
[2022-04-10 16:43:24.251] E013 |   600/1439 batches | lr 10.0000 | loss  3.350 | ppl     28.50
[2022-04-10 16:43:30.822] E013 |   800/1439 batches | lr 10.0000 | loss  3.264 | ppl     26.16
[2022-04-10 16:43:37.391] E013 |  1000/1439 batches | lr 10.0000 | loss  3.306 | ppl     27.27
[2022-04-10 16:43:43.866] E013 |  1200/1439 batches | lr 10.0000 | loss  3.288 | ppl     26.78
[2022-04-10 16:43:50.361] E013 |  1400/1439 batches | lr 10.0000 | loss  3.322 | ppl     27.71
[2022-04-10 16:43:51.614] E013 |  1439/1439 batches | lr 10.0000 | loss  3.305 | ppl     27.25
[2022-04-10 16:43:58.895] End E013 | valid loss  3.782; ppl     43.89 | accu 0.2771 = 107043/386300
[2022-04-10 16:44:01.072] End E013 |  test loss  4.857; ppl    128.69 | accu 0.1965 = 22642/115240 ../data/adolescent_valid.txt
[2022-04-10 16:44:03.428] End E013 |  test loss  5.771; ppl    320.81 | accu 0.1166 = 14782/126760 ../data/adult_test.txt
[2022-04-10 16:44:03.428] Save: model.pt... 
[2022-04-10 16:44:03.437] Save: model.pt...Done. best_val_loss: 3.7818
[2022-04-10 16:44:03.437] Epoch 014/40 ==================================================
[2022-04-10 16:44:09.921] E014 |   200/1439 batches | lr 10.0000 | loss  3.262 | ppl     26.09
[2022-04-10 16:44:16.479] E014 |   400/1439 batches | lr 10.0000 | loss  3.290 | ppl     26.85
[2022-04-10 16:44:23.016] E014 |   600/1439 batches | lr 10.0000 | loss  3.327 | ppl     27.85
[2022-04-10 16:44:29.697] E014 |   800/1439 batches | lr 10.0000 | loss  3.249 | ppl     25.77
[2022-04-10 16:44:36.257] E014 |  1000/1439 batches | lr 10.0000 | loss  3.292 | ppl     26.89
[2022-04-10 16:44:42.863] E014 |  1200/1439 batches | lr 10.0000 | loss  3.276 | ppl     26.46
[2022-04-10 16:44:49.418] E014 |  1400/1439 batches | lr 10.0000 | loss  3.309 | ppl     27.34
[2022-04-10 16:44:50.700] E014 |  1439/1439 batches | lr 10.0000 | loss  3.291 | ppl     26.88
[2022-04-10 16:44:58.044] End E014 | valid loss  3.770; ppl     43.40 | accu 0.2781 = 107427/386300
[2022-04-10 16:45:00.233] End E014 |  test loss  4.845; ppl    127.09 | accu 0.1972 = 22728/115240 ../data/adolescent_valid.txt
[2022-04-10 16:45:02.620] End E014 |  test loss  5.765; ppl    318.84 | accu 0.1170 = 14836/126760 ../data/adult_test.txt
[2022-04-10 16:45:02.620] Save: model.pt... 
[2022-04-10 16:45:02.634] Save: model.pt...Done. best_val_loss: 3.7703
[2022-04-10 16:45:02.634] Epoch 015/40 ==================================================
[2022-04-10 16:45:09.021] E015 |   200/1439 batches | lr 10.0000 | loss  3.244 | ppl     25.63
[2022-04-10 16:45:15.217] E015 |   400/1439 batches | lr 10.0000 | loss  3.276 | ppl     26.48
[2022-04-10 16:45:21.596] E015 |   600/1439 batches | lr 10.0000 | loss  3.316 | ppl     27.56
[2022-04-10 16:45:28.074] E015 |   800/1439 batches | lr 10.0000 | loss  3.238 | ppl     25.49
[2022-04-10 16:45:34.579] E015 |  1000/1439 batches | lr 10.0000 | loss  3.279 | ppl     26.56
[2022-04-10 16:45:41.709] E015 |  1200/1439 batches | lr 10.0000 | loss  3.260 | ppl     26.05
[2022-04-10 16:45:49.184] E015 |  1400/1439 batches | lr 10.0000 | loss  3.295 | ppl     26.96
[2022-04-10 16:45:50.634] E015 |  1439/1439 batches | lr 10.0000 | loss  3.281 | ppl     26.59
[2022-04-10 16:45:59.611] End E015 | valid loss  3.768; ppl     43.28 | accu 0.2789 = 107742/386300
[2022-04-10 16:46:02.259] End E015 |  test loss  4.858; ppl    128.74 | accu 0.1987 = 22895/115240 ../data/adolescent_valid.txt
[2022-04-10 16:46:05.186] End E015 |  test loss  5.783; ppl    324.81 | accu 0.1193 = 15125/126760 ../data/adult_test.txt
[2022-04-10 16:46:05.186] Save: model.pt... 
[2022-04-10 16:46:05.199] Save: model.pt...Done. best_val_loss: 3.7677
[2022-04-10 16:46:05.199] Epoch 016/40 ==================================================
[2022-04-10 16:46:11.836] E016 |   200/1439 batches | lr 10.0000 | loss  3.232 | ppl     25.34
[2022-04-10 16:46:18.327] E016 |   400/1439 batches | lr 10.0000 | loss  3.265 | ppl     26.17
[2022-04-10 16:46:24.791] E016 |   600/1439 batches | lr 10.0000 | loss  3.300 | ppl     27.12
[2022-04-10 16:46:31.666] E016 |   800/1439 batches | lr 10.0000 | loss  3.226 | ppl     25.18
[2022-04-10 16:46:38.205] E016 |  1000/1439 batches | lr 10.0000 | loss  3.272 | ppl     26.35
[2022-04-10 16:46:44.664] E016 |  1200/1439 batches | lr 10.0000 | loss  3.252 | ppl     25.85
[2022-04-10 16:46:51.163] E016 |  1400/1439 batches | lr 10.0000 | loss  3.291 | ppl     26.86
[2022-04-10 16:46:52.421] E016 |  1439/1439 batches | lr 10.0000 | loss  3.271 | ppl     26.33
[2022-04-10 16:46:59.826] End E016 | valid loss  3.765; ppl     43.15 | accu 0.2804 = 108312/386300
[2022-04-10 16:47:02.025] End E016 |  test loss  4.855; ppl    128.44 | accu 0.1979 = 22802/115240 ../data/adolescent_valid.txt
[2022-04-10 16:47:04.421] End E016 |  test loss  5.790; ppl    326.88 | accu 0.1198 = 15182/126760 ../data/adult_test.txt
[2022-04-10 16:47:04.421] Save: model.pt... 
[2022-04-10 16:47:04.434] Save: model.pt...Done. best_val_loss: 3.7646
[2022-04-10 16:47:04.434] Epoch 017/40 ==================================================
[2022-04-10 16:47:10.884] E017 |   200/1439 batches | lr 10.0000 | loss  3.219 | ppl     24.99
[2022-04-10 16:47:17.378] E017 |   400/1439 batches | lr 10.0000 | loss  3.254 | ppl     25.90
[2022-04-10 16:47:23.931] E017 |   600/1439 batches | lr 10.0000 | loss  3.295 | ppl     26.97
[2022-04-10 16:47:30.473] E017 |   800/1439 batches | lr 10.0000 | loss  3.220 | ppl     25.04
[2022-04-10 16:47:37.017] E017 |  1000/1439 batches | lr 10.0000 | loss  3.261 | ppl     26.08
[2022-04-10 16:47:43.657] E017 |  1200/1439 batches | lr 10.0000 | loss  3.247 | ppl     25.71
[2022-04-10 16:47:50.257] E017 |  1400/1439 batches | lr 10.0000 | loss  3.283 | ppl     26.66
[2022-04-10 16:47:51.528] E017 |  1439/1439 batches | lr 10.0000 | loss  3.269 | ppl     26.29
[2022-04-10 16:47:58.901] End E017 | valid loss  3.761; ppl     42.99 | accu 0.2812 = 108624/386300
[2022-04-10 16:48:01.097] End E017 |  test loss  4.839; ppl    126.33 | accu 0.1995 = 22990/115240 ../data/adolescent_valid.txt
[2022-04-10 16:48:03.505] End E017 |  test loss  5.744; ppl    312.41 | accu 0.1204 = 15266/126760 ../data/adult_test.txt
[2022-04-10 16:48:03.505] Save: model.pt... 
[2022-04-10 16:48:03.515] Save: model.pt...Done. best_val_loss: 3.7610
[2022-04-10 16:48:03.515] Epoch 018/40 ==================================================
[2022-04-10 16:48:09.909] E018 |   200/1439 batches | lr 10.0000 | loss  3.214 | ppl     24.87
[2022-04-10 16:48:16.410] E018 |   400/1439 batches | lr 10.0000 | loss  3.251 | ppl     25.82
[2022-04-10 16:48:22.900] E018 |   600/1439 batches | lr 10.0000 | loss  3.289 | ppl     26.82
[2022-04-10 16:48:29.350] E018 |   800/1439 batches | lr 10.0000 | loss  3.213 | ppl     24.86
[2022-04-10 16:48:35.893] E018 |  1000/1439 batches | lr 10.0000 | loss  3.261 | ppl     26.08
[2022-04-10 16:48:42.475] E018 |  1200/1439 batches | lr 10.0000 | loss  3.240 | ppl     25.55
[2022-04-10 16:48:49.098] E018 |  1400/1439 batches | lr 10.0000 | loss  3.275 | ppl     26.43
[2022-04-10 16:48:50.358] E018 |  1439/1439 batches | lr 10.0000 | loss  3.253 | ppl     25.88
[2022-04-10 16:48:57.794] End E018 | valid loss  3.762; ppl     43.05 | accu 0.2825 = 109120/386300
[2022-04-10 16:48:59.982] End E018 |  test loss  4.856; ppl    128.54 | accu 0.2004 = 23097/115240 ../data/adolescent_valid.txt
[2022-04-10 16:49:02.401] End E018 |  test loss  5.788; ppl    326.40 | accu 0.1232 = 15617/126760 ../data/adult_test.txt
[2022-04-10 16:49:02.401] Epoch 019/40 ==================================================
[2022-04-10 16:49:08.884] E019 |   200/1439 batches | lr 5.0000 | loss  3.205 | ppl     24.67
[2022-04-10 16:49:15.400] E019 |   400/1439 batches | lr 5.0000 | loss  3.226 | ppl     25.18
[2022-04-10 16:49:21.909] E019 |   600/1439 batches | lr 5.0000 | loss  3.255 | ppl     25.91
[2022-04-10 16:49:28.459] E019 |   800/1439 batches | lr 5.0000 | loss  3.174 | ppl     23.90
[2022-04-10 16:49:35.018] E019 |  1000/1439 batches | lr 5.0000 | loss  3.211 | ppl     24.80
[2022-04-10 16:49:42.210] E019 |  1200/1439 batches | lr 5.0000 | loss  3.194 | ppl     24.38
[2022-04-10 16:49:48.846] E019 |  1400/1439 batches | lr 5.0000 | loss  3.223 | ppl     25.10
[2022-04-10 16:49:50.114] E019 |  1439/1439 batches | lr 5.0000 | loss  3.206 | ppl     24.69
[2022-04-10 16:49:57.388] End E019 | valid loss  3.738; ppl     42.01 | accu 0.2858 = 110423/386300
[2022-04-10 16:49:59.543] End E019 |  test loss  4.829; ppl    125.08 | accu 0.2034 = 23439/115240 ../data/adolescent_valid.txt
[2022-04-10 16:50:01.900] End E019 |  test loss  5.773; ppl    321.62 | accu 0.1240 = 15720/126760 ../data/adult_test.txt
[2022-04-10 16:50:01.900] Save: model.pt... 
[2022-04-10 16:50:01.913] Save: model.pt...Done. best_val_loss: 3.7380
[2022-04-10 16:50:01.913] Epoch 020/40 ==================================================
[2022-04-10 16:50:08.394] E020 |   200/1439 batches | lr 5.0000 | loss  3.175 | ppl     23.92
[2022-04-10 16:50:14.938] E020 |   400/1439 batches | lr 5.0000 | loss  3.200 | ppl     24.54
[2022-04-10 16:50:21.474] E020 |   600/1439 batches | lr 5.0000 | loss  3.241 | ppl     25.56
[2022-04-10 16:50:28.119] E020 |   800/1439 batches | lr 5.0000 | loss  3.157 | ppl     23.51
[2022-04-10 16:50:34.635] E020 |  1000/1439 batches | lr 5.0000 | loss  3.202 | ppl     24.58
[2022-04-10 16:50:41.102] E020 |  1200/1439 batches | lr 5.0000 | loss  3.182 | ppl     24.10
[2022-04-10 16:50:47.746] E020 |  1400/1439 batches | lr 5.0000 | loss  3.220 | ppl     25.02
[2022-04-10 16:50:49.020] E020 |  1439/1439 batches | lr 5.0000 | loss  3.196 | ppl     24.45
[2022-04-10 16:50:56.242] End E020 | valid loss  3.734; ppl     41.85 | accu 0.2873 = 110981/386300
[2022-04-10 16:50:58.381] End E020 |  test loss  4.827; ppl    124.89 | accu 0.2035 = 23454/115240 ../data/adolescent_valid.txt
[2022-04-10 16:51:00.736] End E020 |  test loss  5.770; ppl    320.46 | accu 0.1228 = 15569/126760 ../data/adult_test.txt
[2022-04-10 16:51:00.736] Save: model.pt... 
[2022-04-10 16:51:00.750] Save: model.pt...Done. best_val_loss: 3.7342
[2022-04-10 16:51:00.750] Epoch 021/40 ==================================================
[2022-04-10 16:51:07.233] E021 |   200/1439 batches | lr 5.0000 | loss  3.162 | ppl     23.62
[2022-04-10 16:51:13.707] E021 |   400/1439 batches | lr 5.0000 | loss  3.191 | ppl     24.32
[2022-04-10 16:51:20.153] E021 |   600/1439 batches | lr 5.0000 | loss  3.230 | ppl     25.29
[2022-04-10 16:51:26.617] E021 |   800/1439 batches | lr 5.0000 | loss  3.148 | ppl     23.29
[2022-04-10 16:51:33.089] E021 |  1000/1439 batches | lr 5.0000 | loss  3.195 | ppl     24.41
[2022-04-10 16:51:39.659] E021 |  1200/1439 batches | lr 5.0000 | loss  3.179 | ppl     24.03
[2022-04-10 16:51:46.202] E021 |  1400/1439 batches | lr 5.0000 | loss  3.214 | ppl     24.87
[2022-04-10 16:51:47.490] E021 |  1439/1439 batches | lr 5.0000 | loss  3.194 | ppl     24.38
[2022-04-10 16:51:54.867] End E021 | valid loss  3.731; ppl     41.71 | accu 0.2868 = 110798/386300
[2022-04-10 16:51:57.056] End E021 |  test loss  4.825; ppl    124.58 | accu 0.2037 = 23476/115240 ../data/adolescent_valid.txt
[2022-04-10 16:51:59.435] End E021 |  test loss  5.758; ppl    316.77 | accu 0.1226 = 15544/126760 ../data/adult_test.txt
[2022-04-10 16:51:59.435] Save: model.pt... 
[2022-04-10 16:51:59.444] Save: model.pt...Done. best_val_loss: 3.7308
[2022-04-10 16:51:59.445] Epoch 022/40 ==================================================
[2022-04-10 16:52:05.938] E022 |   200/1439 batches | lr 5.0000 | loss  3.153 | ppl     23.41
[2022-04-10 16:52:12.478] E022 |   400/1439 batches | lr 5.0000 | loss  3.184 | ppl     24.15
[2022-04-10 16:52:19.003] E022 |   600/1439 batches | lr 5.0000 | loss  3.223 | ppl     25.10
[2022-04-10 16:52:25.820] E022 |   800/1439 batches | lr 5.0000 | loss  3.149 | ppl     23.31
[2022-04-10 16:52:32.830] E022 |  1000/1439 batches | lr 5.0000 | loss  3.189 | ppl     24.27
[2022-04-10 16:52:40.245] E022 |  1200/1439 batches | lr 5.0000 | loss  3.173 | ppl     23.89
[2022-04-10 16:52:47.017] E022 |  1400/1439 batches | lr 5.0000 | loss  3.207 | ppl     24.71
[2022-04-10 16:52:48.278] E022 |  1439/1439 batches | lr 5.0000 | loss  3.187 | ppl     24.21
[2022-04-10 16:52:55.710] End E022 | valid loss  3.727; ppl     41.55 | accu 0.2878 = 111182/386300
[2022-04-10 16:52:57.900] End E022 |  test loss  4.827; ppl    124.85 | accu 0.2046 = 23583/115240 ../data/adolescent_valid.txt
[2022-04-10 16:53:00.670] End E022 |  test loss  5.773; ppl    321.47 | accu 0.1256 = 15924/126760 ../data/adult_test.txt
[2022-04-10 16:53:00.670] Save: model.pt... 
[2022-04-10 16:53:00.683] Save: model.pt...Done. best_val_loss: 3.7269
[2022-04-10 16:53:00.684] Epoch 023/40 ==================================================
[2022-04-10 16:53:07.973] E023 |   200/1439 batches | lr 5.0000 | loss  3.147 | ppl     23.26
[2022-04-10 16:53:14.984] E023 |   400/1439 batches | lr 5.0000 | loss  3.180 | ppl     24.05
[2022-04-10 16:53:21.559] E023 |   600/1439 batches | lr 5.0000 | loss  3.217 | ppl     24.95
[2022-04-10 16:53:28.116] E023 |   800/1439 batches | lr 5.0000 | loss  3.143 | ppl     23.18
[2022-04-10 16:53:35.570] E023 |  1000/1439 batches | lr 5.0000 | loss  3.183 | ppl     24.11
[2022-04-10 16:53:42.488] E023 |  1200/1439 batches | lr 5.0000 | loss  3.170 | ppl     23.81
[2022-04-10 16:53:49.070] E023 |  1400/1439 batches | lr 5.0000 | loss  3.201 | ppl     24.56
[2022-04-10 16:53:50.356] E023 |  1439/1439 batches | lr 5.0000 | loss  3.184 | ppl     24.14
[2022-04-10 16:53:57.821] End E023 | valid loss  3.725; ppl     41.49 | accu 0.2880 = 111244/386300
[2022-04-10 16:54:00.029] End E023 |  test loss  4.822; ppl    124.27 | accu 0.2046 = 23581/115240 ../data/adolescent_valid.txt
[2022-04-10 16:54:02.431] End E023 |  test loss  5.774; ppl    321.74 | accu 0.1257 = 15938/126760 ../data/adult_test.txt
[2022-04-10 16:54:02.432] Save: model.pt... 
[2022-04-10 16:54:02.444] Save: model.pt...Done. best_val_loss: 3.7253
[2022-04-10 16:54:02.445] Epoch 024/40 ==================================================
[2022-04-10 16:54:08.881] E024 |   200/1439 batches | lr 5.0000 | loss  3.140 | ppl     23.10
[2022-04-10 16:54:15.347] E024 |   400/1439 batches | lr 5.0000 | loss  3.175 | ppl     23.92
[2022-04-10 16:54:21.798] E024 |   600/1439 batches | lr 5.0000 | loss  3.210 | ppl     24.77
[2022-04-10 16:54:28.303] E024 |   800/1439 batches | lr 5.0000 | loss  3.136 | ppl     23.01
[2022-04-10 16:54:34.861] E024 |  1000/1439 batches | lr 5.0000 | loss  3.175 | ppl     23.92
[2022-04-10 16:54:41.402] E024 |  1200/1439 batches | lr 5.0000 | loss  3.165 | ppl     23.70
[2022-04-10 16:54:48.200] E024 |  1400/1439 batches | lr 5.0000 | loss  3.200 | ppl     24.52
[2022-04-10 16:54:49.627] E024 |  1439/1439 batches | lr 5.0000 | loss  3.184 | ppl     24.14
[2022-04-10 16:54:58.744] End E024 | valid loss  3.726; ppl     41.53 | accu 0.2882 = 111333/386300
[2022-04-10 16:55:01.448] End E024 |  test loss  4.826; ppl    124.73 | accu 0.2050 = 23626/115240 ../data/adolescent_valid.txt
[2022-04-10 16:55:04.379] End E024 |  test loss  5.785; ppl    325.48 | accu 0.1261 = 15981/126760 ../data/adult_test.txt
[2022-04-10 16:55:04.379] Epoch 025/40 ==================================================
[2022-04-10 16:55:11.601] E025 |   200/1439 batches | lr 2.5000 | loss  3.140 | ppl     23.11
[2022-04-10 16:55:18.134] E025 |   400/1439 batches | lr 2.5000 | loss  3.164 | ppl     23.67
[2022-04-10 16:55:24.755] E025 |   600/1439 batches | lr 2.5000 | loss  3.201 | ppl     24.56
[2022-04-10 16:55:31.301] E025 |   800/1439 batches | lr 2.5000 | loss  3.121 | ppl     22.67
[2022-04-10 16:55:37.790] E025 |  1000/1439 batches | lr 2.5000 | loss  3.159 | ppl     23.56
[2022-04-10 16:55:44.226] E025 |  1200/1439 batches | lr 2.5000 | loss  3.138 | ppl     23.06
[2022-04-10 16:55:50.719] E025 |  1400/1439 batches | lr 2.5000 | loss  3.173 | ppl     23.87
[2022-04-10 16:55:51.979] E025 |  1439/1439 batches | lr 2.5000 | loss  3.160 | ppl     23.57
[2022-04-10 16:55:59.307] End E025 | valid loss  3.716; ppl     41.12 | accu 0.2909 = 112376/386300
[2022-04-10 16:56:01.484] End E025 |  test loss  4.819; ppl    123.86 | accu 0.2063 = 23771/115240 ../data/adolescent_valid.txt
[2022-04-10 16:56:03.890] End E025 |  test loss  5.764; ppl    318.78 | accu 0.1269 = 16085/126760 ../data/adult_test.txt
[2022-04-10 16:56:03.891] Save: model.pt... 
[2022-04-10 16:56:03.904] Save: model.pt...Done. best_val_loss: 3.7165
[2022-04-10 16:56:03.905] Epoch 026/40 ==================================================
[2022-04-10 16:56:10.475] E026 |   200/1439 batches | lr 2.5000 | loss  3.125 | ppl     22.76
[2022-04-10 16:56:17.043] E026 |   400/1439 batches | lr 2.5000 | loss  3.153 | ppl     23.40
[2022-04-10 16:56:23.539] E026 |   600/1439 batches | lr 2.5000 | loss  3.194 | ppl     24.38
[2022-04-10 16:56:30.032] E026 |   800/1439 batches | lr 2.5000 | loss  3.110 | ppl     22.43
[2022-04-10 16:56:36.591] E026 |  1000/1439 batches | lr 2.5000 | loss  3.153 | ppl     23.40
[2022-04-10 16:56:43.203] E026 |  1200/1439 batches | lr 2.5000 | loss  3.136 | ppl     23.01
[2022-04-10 16:56:49.738] E026 |  1400/1439 batches | lr 2.5000 | loss  3.172 | ppl     23.86
[2022-04-10 16:56:51.006] E026 |  1439/1439 batches | lr 2.5000 | loss  3.148 | ppl     23.28
[2022-04-10 16:56:58.445] End E026 | valid loss  3.711; ppl     40.91 | accu 0.2917 = 112687/386300
[2022-04-10 16:57:00.649] End E026 |  test loss  4.803; ppl    121.90 | accu 0.2080 = 23968/115240 ../data/adolescent_valid.txt
[2022-04-10 16:57:03.038] End E026 |  test loss  5.750; ppl    314.31 | accu 0.1277 = 16184/126760 ../data/adult_test.txt
[2022-04-10 16:57:03.038] Save: model.pt... 
[2022-04-10 16:57:03.051] Save: model.pt...Done. best_val_loss: 3.7114
[2022-04-10 16:57:03.051] Epoch 027/40 ==================================================
[2022-04-10 16:57:09.491] E027 |   200/1439 batches | lr 2.5000 | loss  3.117 | ppl     22.58
[2022-04-10 16:57:15.967] E027 |   400/1439 batches | lr 2.5000 | loss  3.147 | ppl     23.26
[2022-04-10 16:57:22.251] E027 |   600/1439 batches | lr 2.5000 | loss  3.184 | ppl     24.13
[2022-04-10 16:57:28.591] E027 |   800/1439 batches | lr 2.5000 | loss  3.107 | ppl     22.36
[2022-04-10 16:57:35.029] E027 |  1000/1439 batches | lr 2.5000 | loss  3.151 | ppl     23.36
[2022-04-10 16:57:41.610] E027 |  1200/1439 batches | lr 2.5000 | loss  3.130 | ppl     22.88
[2022-04-10 16:57:48.101] E027 |  1400/1439 batches | lr 2.5000 | loss  3.167 | ppl     23.75
[2022-04-10 16:57:49.367] E027 |  1439/1439 batches | lr 2.5000 | loss  3.153 | ppl     23.40
[2022-04-10 16:57:56.759] End E027 | valid loss  3.714; ppl     41.04 | accu 0.2913 = 112544/386300
[2022-04-10 16:57:58.935] End E027 |  test loss  4.800; ppl    121.56 | accu 0.2079 = 23955/115240 ../data/adolescent_valid.txt
[2022-04-10 16:58:01.341] End E027 |  test loss  5.759; ppl    316.89 | accu 0.1283 = 16262/126760 ../data/adult_test.txt
[2022-04-10 16:58:01.341] Epoch 028/40 ==================================================
[2022-04-10 16:58:07.736] E028 |   200/1439 batches | lr 1.2500 | loss  3.117 | ppl     22.59
[2022-04-10 16:58:14.266] E028 |   400/1439 batches | lr 1.2500 | loss  3.143 | ppl     23.17
[2022-04-10 16:58:20.804] E028 |   600/1439 batches | lr 1.2500 | loss  3.179 | ppl     24.02
[2022-04-10 16:58:27.399] E028 |   800/1439 batches | lr 1.2500 | loss  3.102 | ppl     22.24
[2022-04-10 16:58:33.973] E028 |  1000/1439 batches | lr 1.2500 | loss  3.139 | ppl     23.09
[2022-04-10 16:58:40.560] E028 |  1200/1439 batches | lr 1.2500 | loss  3.117 | ppl     22.59
[2022-04-10 16:58:47.091] E028 |  1400/1439 batches | lr 1.2500 | loss  3.154 | ppl     23.43
[2022-04-10 16:58:48.364] E028 |  1439/1439 batches | lr 1.2500 | loss  3.133 | ppl     22.94
[2022-04-10 16:58:55.636] End E028 | valid loss  3.708; ppl     40.78 | accu 0.2928 = 113096/386300
[2022-04-10 16:58:57.795] End E028 |  test loss  4.804; ppl    121.96 | accu 0.2089 = 24069/115240 ../data/adolescent_valid.txt
[2022-04-10 16:59:00.160] End E028 |  test loss  5.760; ppl    317.46 | accu 0.1289 = 16344/126760 ../data/adult_test.txt
[2022-04-10 16:59:00.160] Save: model.pt... 
[2022-04-10 16:59:00.173] Save: model.pt...Done. best_val_loss: 3.7082
[2022-04-10 16:59:00.173] Epoch 029/40 ==================================================
[2022-04-10 16:59:06.716] E029 |   200/1439 batches | lr 1.2500 | loss  3.107 | ppl     22.36
[2022-04-10 16:59:13.256] E029 |   400/1439 batches | lr 1.2500 | loss  3.135 | ppl     22.99
[2022-04-10 16:59:19.858] E029 |   600/1439 batches | lr 1.2500 | loss  3.171 | ppl     23.83
[2022-04-10 16:59:26.480] E029 |   800/1439 batches | lr 1.2500 | loss  3.094 | ppl     22.07
[2022-04-10 16:59:33.094] E029 |  1000/1439 batches | lr 1.2500 | loss  3.137 | ppl     23.03
[2022-04-10 16:59:39.662] E029 |  1200/1439 batches | lr 1.2500 | loss  3.115 | ppl     22.54
[2022-04-10 16:59:46.059] E029 |  1400/1439 batches | lr 1.2500 | loss  3.152 | ppl     23.39
[2022-04-10 16:59:47.325] E029 |  1439/1439 batches | lr 1.2500 | loss  3.138 | ppl     23.06
[2022-04-10 16:59:54.728] End E029 | valid loss  3.706; ppl     40.67 | accu 0.2931 = 113221/386300
[2022-04-10 16:59:56.894] End E029 |  test loss  4.802; ppl    121.73 | accu 0.2086 = 24042/115240 ../data/adolescent_valid.txt
[2022-04-10 16:59:59.264] End E029 |  test loss  5.762; ppl    317.85 | accu 0.1287 = 16311/126760 ../data/adult_test.txt
[2022-04-10 16:59:59.264] Save: model.pt... 
[2022-04-10 16:59:59.277] Save: model.pt...Done. best_val_loss: 3.7055
[2022-04-10 16:59:59.277] Epoch 030/40 ==================================================
[2022-04-10 17:00:05.666] E030 |   200/1439 batches | lr 1.2500 | loss  3.100 | ppl     22.21
[2022-04-10 17:00:12.142] E030 |   400/1439 batches | lr 1.2500 | loss  3.130 | ppl     22.88
[2022-04-10 17:00:18.607] E030 |   600/1439 batches | lr 1.2500 | loss  3.167 | ppl     23.73
[2022-04-10 17:00:25.170] E030 |   800/1439 batches | lr 1.2500 | loss  3.092 | ppl     22.01
[2022-04-10 17:00:31.688] E030 |  1000/1439 batches | lr 1.2500 | loss  3.134 | ppl     22.96
[2022-04-10 17:00:38.134] E030 |  1200/1439 batches | lr 1.2500 | loss  3.116 | ppl     22.55
[2022-04-10 17:00:44.653] E030 |  1400/1439 batches | lr 1.2500 | loss  3.156 | ppl     23.48
[2022-04-10 17:00:45.939] E030 |  1439/1439 batches | lr 1.2500 | loss  3.133 | ppl     22.95
[2022-04-10 17:00:53.227] End E030 | valid loss  3.705; ppl     40.64 | accu 0.2932 = 113276/386300
[2022-04-10 17:00:55.395] End E030 |  test loss  4.799; ppl    121.42 | accu 0.2090 = 24085/115240 ../data/adolescent_valid.txt
[2022-04-10 17:00:57.760] End E030 |  test loss  5.758; ppl    316.62 | accu 0.1295 = 16419/126760 ../data/adult_test.txt
[2022-04-10 17:00:57.761] Save: model.pt... 
[2022-04-10 17:00:57.773] Save: model.pt...Done. best_val_loss: 3.7049
[2022-04-10 17:00:57.774] Epoch 031/40 ==================================================
[2022-04-10 17:01:04.292] E031 |   200/1439 batches | lr 1.2500 | loss  3.096 | ppl     22.11
[2022-04-10 17:01:11.069] E031 |   400/1439 batches | lr 1.2500 | loss  3.125 | ppl     22.76
[2022-04-10 17:01:17.759] E031 |   600/1439 batches | lr 1.2500 | loss  3.168 | ppl     23.77
[2022-04-10 17:01:24.222] E031 |   800/1439 batches | lr 1.2500 | loss  3.090 | ppl     21.97
[2022-04-10 17:01:30.696] E031 |  1000/1439 batches | lr 1.2500 | loss  3.131 | ppl     22.91
[2022-04-10 17:01:37.256] E031 |  1200/1439 batches | lr 1.2500 | loss  3.115 | ppl     22.53
[2022-04-10 17:01:43.815] E031 |  1400/1439 batches | lr 1.2500 | loss  3.148 | ppl     23.30
[2022-04-10 17:01:45.095] E031 |  1439/1439 batches | lr 1.2500 | loss  3.134 | ppl     22.96
[2022-04-10 17:01:52.366] End E031 | valid loss  3.705; ppl     40.63 | accu 0.2934 = 113352/386300
[2022-04-10 17:01:54.530] End E031 |  test loss  4.800; ppl    121.48 | accu 0.2094 = 24137/115240 ../data/adolescent_valid.txt
[2022-04-10 17:01:56.898] End E031 |  test loss  5.761; ppl    317.64 | accu 0.1295 = 16410/126760 ../data/adult_test.txt
[2022-04-10 17:01:56.898] Save: model.pt... 
[2022-04-10 17:01:56.911] Save: model.pt...Done. best_val_loss: 3.7046
[2022-04-10 17:01:56.911] Epoch 032/40 ==================================================
[2022-04-10 17:02:03.422] E032 |   200/1439 batches | lr 1.2500 | loss  3.097 | ppl     22.12
[2022-04-10 17:02:10.001] E032 |   400/1439 batches | lr 1.2500 | loss  3.122 | ppl     22.69
[2022-04-10 17:02:16.470] E032 |   600/1439 batches | lr 1.2500 | loss  3.163 | ppl     23.64
[2022-04-10 17:02:22.928] E032 |   800/1439 batches | lr 1.2500 | loss  3.089 | ppl     21.96
[2022-04-10 17:02:29.447] E032 |  1000/1439 batches | lr 1.2500 | loss  3.127 | ppl     22.82
[2022-04-10 17:02:35.907] E032 |  1200/1439 batches | lr 1.2500 | loss  3.113 | ppl     22.49
[2022-04-10 17:02:42.397] E032 |  1400/1439 batches | lr 1.2500 | loss  3.149 | ppl     23.30
[2022-04-10 17:02:43.828] E032 |  1439/1439 batches | lr 1.2500 | loss  3.125 | ppl     22.77
[2022-04-10 17:02:52.834] End E032 | valid loss  3.705; ppl     40.66 | accu 0.2934 = 113324/386300
[2022-04-10 17:02:55.465] End E032 |  test loss  4.800; ppl    121.46 | accu 0.2090 = 24089/115240 ../data/adolescent_valid.txt
[2022-04-10 17:02:58.391] End E032 |  test loss  5.763; ppl    318.18 | accu 0.1295 = 16410/126760 ../data/adult_test.txt
[2022-04-10 17:02:58.391] Epoch 033/40 ==================================================
[2022-04-10 17:03:05.647] E033 |   200/1439 batches | lr 0.6250 | loss  3.097 | ppl     22.14
[2022-04-10 17:03:13.042] E033 |   400/1439 batches | lr 0.6250 | loss  3.123 | ppl     22.71
[2022-04-10 17:03:20.199] E033 |   600/1439 batches | lr 0.6250 | loss  3.160 | ppl     23.56
[2022-04-10 17:03:26.765] E033 |   800/1439 batches | lr 0.6250 | loss  3.086 | ppl     21.88
[2022-04-10 17:03:33.321] E033 |  1000/1439 batches | lr 0.6250 | loss  3.124 | ppl     22.74
[2022-04-10 17:03:39.882] E033 |  1200/1439 batches | lr 0.6250 | loss  3.107 | ppl     22.36
[2022-04-10 17:03:46.349] E033 |  1400/1439 batches | lr 0.6250 | loss  3.139 | ppl     23.08
[2022-04-10 17:03:47.502] E033 |  1439/1439 batches | lr 0.6250 | loss  3.124 | ppl     22.73
[2022-04-10 17:03:54.685] End E033 | valid loss  3.702; ppl     40.51 | accu 0.2940 = 113588/386300
[2022-04-10 17:03:56.843] End E033 |  test loss  4.797; ppl    121.21 | accu 0.2097 = 24168/115240 ../data/adolescent_valid.txt
[2022-04-10 17:03:59.208] End E033 |  test loss  5.762; ppl    317.92 | accu 0.1299 = 16465/126760 ../data/adult_test.txt
[2022-04-10 17:03:59.208] Save: model.pt... 
[2022-04-10 17:03:59.221] Save: model.pt...Done. best_val_loss: 3.7016
[2022-04-10 17:03:59.221] Epoch 034/40 ==================================================
[2022-04-10 17:04:05.697] E034 |   200/1439 batches | lr 0.6250 | loss  3.092 | ppl     22.02
[2022-04-10 17:04:12.235] E034 |   400/1439 batches | lr 0.6250 | loss  3.123 | ppl     22.70
[2022-04-10 17:04:18.831] E034 |   600/1439 batches | lr 0.6250 | loss  3.159 | ppl     23.56
[2022-04-10 17:04:25.499] E034 |   800/1439 batches | lr 0.6250 | loss  3.085 | ppl     21.87
[2022-04-10 17:04:32.610] E034 |  1000/1439 batches | lr 0.6250 | loss  3.122 | ppl     22.69
[2022-04-10 17:04:39.108] E034 |  1200/1439 batches | lr 0.6250 | loss  3.103 | ppl     22.27
[2022-04-10 17:04:45.567] E034 |  1400/1439 batches | lr 0.6250 | loss  3.140 | ppl     23.10
[2022-04-10 17:04:46.817] E034 |  1439/1439 batches | lr 0.6250 | loss  3.122 | ppl     22.70
[2022-04-10 17:04:54.170] End E034 | valid loss  3.701; ppl     40.50 | accu 0.2941 = 113602/386300
[2022-04-10 17:04:56.372] End E034 |  test loss  4.798; ppl    121.24 | accu 0.2101 = 24211/115240 ../data/adolescent_valid.txt
[2022-04-10 17:04:58.745] End E034 |  test loss  5.760; ppl    317.37 | accu 0.1300 = 16479/126760 ../data/adult_test.txt
[2022-04-10 17:04:58.745] Save: model.pt... 
[2022-04-10 17:04:58.754] Save: model.pt...Done. best_val_loss: 3.7013
[2022-04-10 17:04:58.754] Epoch 035/40 ==================================================
[2022-04-10 17:05:05.777] E035 |   200/1439 batches | lr 0.6250 | loss  3.092 | ppl     22.01
[2022-04-10 17:05:12.222] E035 |   400/1439 batches | lr 0.6250 | loss  3.118 | ppl     22.61
[2022-04-10 17:05:18.654] E035 |   600/1439 batches | lr 0.6250 | loss  3.157 | ppl     23.49
[2022-04-10 17:05:25.196] E035 |   800/1439 batches | lr 0.6250 | loss  3.080 | ppl     21.76
[2022-04-10 17:05:31.719] E035 |  1000/1439 batches | lr 0.6250 | loss  3.122 | ppl     22.69
[2022-04-10 17:05:38.171] E035 |  1200/1439 batches | lr 0.6250 | loss  3.104 | ppl     22.29
[2022-04-10 17:05:44.625] E035 |  1400/1439 batches | lr 0.6250 | loss  3.139 | ppl     23.09
[2022-04-10 17:05:45.895] E035 |  1439/1439 batches | lr 0.6250 | loss  3.125 | ppl     22.77
[2022-04-10 17:05:53.206] End E035 | valid loss  3.701; ppl     40.48 | accu 0.2944 = 113714/386300
[2022-04-10 17:05:55.374] End E035 |  test loss  4.799; ppl    121.35 | accu 0.2100 = 24206/115240 ../data/adolescent_valid.txt
[2022-04-10 17:05:57.750] End E035 |  test loss  5.762; ppl    317.94 | accu 0.1303 = 16516/126760 ../data/adult_test.txt
[2022-04-10 17:05:57.750] Save: model.pt... 
[2022-04-10 17:05:57.763] Save: model.pt...Done. best_val_loss: 3.7009
[2022-04-10 17:05:57.763] Epoch 036/40 ==================================================
[2022-04-10 17:06:04.212] E036 |   200/1439 batches | lr 0.6250 | loss  3.085 | ppl     21.87
[2022-04-10 17:06:11.463] E036 |   400/1439 batches | lr 0.6250 | loss  3.120 | ppl     22.64
[2022-04-10 17:06:18.840] E036 |   600/1439 batches | lr 0.6250 | loss  3.156 | ppl     23.49
[2022-04-10 17:06:25.297] E036 |   800/1439 batches | lr 0.6250 | loss  3.080 | ppl     21.76
[2022-04-10 17:06:31.786] E036 |  1000/1439 batches | lr 0.6250 | loss  3.119 | ppl     22.63
[2022-04-10 17:06:38.303] E036 |  1200/1439 batches | lr 0.6250 | loss  3.103 | ppl     22.26
[2022-04-10 17:06:44.899] E036 |  1400/1439 batches | lr 0.6250 | loss  3.140 | ppl     23.10
[2022-04-10 17:06:46.174] E036 |  1439/1439 batches | lr 0.6250 | loss  3.117 | ppl     22.59
[2022-04-10 17:06:53.481] End E036 | valid loss  3.701; ppl     40.47 | accu 0.2942 = 113642/386300
[2022-04-10 17:06:55.653] End E036 |  test loss  4.801; ppl    121.63 | accu 0.2097 = 24169/115240 ../data/adolescent_valid.txt
[2022-04-10 17:06:58.052] End E036 |  test loss  5.762; ppl    317.93 | accu 0.1297 = 16437/126760 ../data/adult_test.txt
[2022-04-10 17:06:58.053] Save: model.pt... 
[2022-04-10 17:06:58.065] Save: model.pt...Done. best_val_loss: 3.7005
[2022-04-10 17:06:58.066] Epoch 037/40 ==================================================
[2022-04-10 17:07:04.570] E037 |   200/1439 batches | lr 0.6250 | loss  3.086 | ppl     21.89
[2022-04-10 17:07:11.134] E037 |   400/1439 batches | lr 0.6250 | loss  3.116 | ppl     22.55
[2022-04-10 17:07:17.594] E037 |   600/1439 batches | lr 0.6250 | loss  3.155 | ppl     23.46
[2022-04-10 17:07:24.146] E037 |   800/1439 batches | lr 0.6250 | loss  3.080 | ppl     21.77
[2022-04-10 17:07:30.698] E037 |  1000/1439 batches | lr 0.6250 | loss  3.121 | ppl     22.68
[2022-04-10 17:07:37.235] E037 |  1200/1439 batches | lr 0.6250 | loss  3.103 | ppl     22.27
[2022-04-10 17:07:43.707] E037 |  1400/1439 batches | lr 0.6250 | loss  3.136 | ppl     23.01
[2022-04-10 17:07:44.974] E037 |  1439/1439 batches | lr 0.6250 | loss  3.127 | ppl     22.81
[2022-04-10 17:07:52.250] End E037 | valid loss  3.700; ppl     40.44 | accu 0.2939 = 113541/386300
[2022-04-10 17:07:54.417] End E037 |  test loss  4.800; ppl    121.49 | accu 0.2100 = 24201/115240 ../data/adolescent_valid.txt
[2022-04-10 17:07:56.776] End E037 |  test loss  5.762; ppl    318.10 | accu 0.1300 = 16476/126760 ../data/adult_test.txt
[2022-04-10 17:07:56.777] Save: model.pt... 
[2022-04-10 17:07:56.790] Save: model.pt...Done. best_val_loss: 3.6997
[2022-04-10 17:07:56.790] Epoch 038/40 ==================================================
[2022-04-10 17:08:03.310] E038 |   200/1439 batches | lr 0.6250 | loss  3.082 | ppl     21.80
[2022-04-10 17:08:09.788] E038 |   400/1439 batches | lr 0.6250 | loss  3.115 | ppl     22.53
[2022-04-10 17:08:16.345] E038 |   600/1439 batches | lr 0.6250 | loss  3.154 | ppl     23.42
[2022-04-10 17:08:22.878] E038 |   800/1439 batches | lr 0.6250 | loss  3.079 | ppl     21.74
[2022-04-10 17:08:29.428] E038 |  1000/1439 batches | lr 0.6250 | loss  3.118 | ppl     22.60
[2022-04-10 17:08:35.954] E038 |  1200/1439 batches | lr 0.6250 | loss  3.101 | ppl     22.22
[2022-04-10 17:08:42.495] E038 |  1400/1439 batches | lr 0.6250 | loss  3.136 | ppl     23.02
[2022-04-10 17:08:43.776] E038 |  1439/1439 batches | lr 0.6250 | loss  3.119 | ppl     22.62
[2022-04-10 17:08:51.145] End E038 | valid loss  3.701; ppl     40.47 | accu 0.2942 = 113646/386300
[2022-04-10 17:08:53.313] End E038 |  test loss  4.800; ppl    121.52 | accu 0.2102 = 24226/115240 ../data/adolescent_valid.txt
[2022-04-10 17:08:55.677] End E038 |  test loss  5.762; ppl    318.05 | accu 0.1298 = 16448/126760 ../data/adult_test.txt
[2022-04-10 17:08:55.677] Epoch 039/40 ==================================================
[2022-04-10 17:09:02.081] E039 |   200/1439 batches | lr 0.3125 | loss  3.085 | ppl     21.87
[2022-04-10 17:09:08.883] E039 |   400/1439 batches | lr 0.3125 | loss  3.118 | ppl     22.59
[2022-04-10 17:09:15.448] E039 |   600/1439 batches | lr 0.3125 | loss  3.153 | ppl     23.40
[2022-04-10 17:09:22.027] E039 |   800/1439 batches | lr 0.3125 | loss  3.077 | ppl     21.70
[2022-04-10 17:09:28.576] E039 |  1000/1439 batches | lr 0.3125 | loss  3.117 | ppl     22.58
[2022-04-10 17:09:35.177] E039 |  1200/1439 batches | lr 0.3125 | loss  3.098 | ppl     22.16
[2022-04-10 17:09:41.679] E039 |  1400/1439 batches | lr 0.3125 | loss  3.131 | ppl     22.89
[2022-04-10 17:09:42.950] E039 |  1439/1439 batches | lr 0.3125 | loss  3.114 | ppl     22.51
[2022-04-10 17:09:50.179] End E039 | valid loss  3.699; ppl     40.40 | accu 0.2945 = 113757/386300
[2022-04-10 17:09:52.328] End E039 |  test loss  4.797; ppl    121.18 | accu 0.2104 = 24248/115240 ../data/adolescent_valid.txt
[2022-04-10 17:09:54.665] End E039 |  test loss  5.757; ppl    316.28 | accu 0.1302 = 16499/126760 ../data/adult_test.txt
[2022-04-10 17:09:54.666] Save: model.pt... 
[2022-04-10 17:09:54.678] Save: model.pt...Done. best_val_loss: 3.6987
[2022-04-10 17:09:54.679] Epoch 040/40 ==================================================
[2022-04-10 17:10:01.134] E040 |   200/1439 batches | lr 0.3125 | loss  3.082 | ppl     21.80
[2022-04-10 17:10:07.615] E040 |   400/1439 batches | lr 0.3125 | loss  3.112 | ppl     22.46
[2022-04-10 17:10:14.071] E040 |   600/1439 batches | lr 0.3125 | loss  3.150 | ppl     23.34
[2022-04-10 17:10:20.526] E040 |   800/1439 batches | lr 0.3125 | loss  3.073 | ppl     21.61
[2022-04-10 17:10:27.064] E040 |  1000/1439 batches | lr 0.3125 | loss  3.115 | ppl     22.54
[2022-04-10 17:10:33.559] E040 |  1200/1439 batches | lr 0.3125 | loss  3.101 | ppl     22.21
[2022-04-10 17:10:40.050] E040 |  1400/1439 batches | lr 0.3125 | loss  3.132 | ppl     22.91
[2022-04-10 17:10:41.322] E040 |  1439/1439 batches | lr 0.3125 | loss  3.108 | ppl     22.37
[2022-04-10 17:10:48.620] End E040 | valid loss  3.698; ppl     40.38 | accu 0.2948 = 113900/386300
[2022-04-10 17:10:50.779] End E040 |  test loss  4.799; ppl    121.34 | accu 0.2108 = 24288/115240 ../data/adolescent_valid.txt
[2022-04-10 17:10:53.143] End E040 |  test loss  5.758; ppl    316.64 | accu 0.1304 = 16524/126760 ../data/adult_test.txt
[2022-04-10 17:10:53.143] Save: model.pt... 
[2022-04-10 17:10:53.156] Save: model.pt...Done. best_val_loss: 3.6984
[2022-04-10 17:10:55.378] End. test loss  4.80; ppl   121.34 | accu 0.2108 = 24288/115240 ../data/adolescent_valid.txt
[2022-04-10 17:10:57.739] End. test loss  5.76; ppl   316.64 | accu 0.1304 = 16524/126760 ../data/adult_test.txt
[2022-04-10 17:10:57.739] =========================================================================================
