[2022-04-10 18:05:57.121] corpus.train_file_list: 1
[2022-04-10 18:05:57.121]         ../data/cbt_train.txt
[2022-04-10 18:05:57.121] corpus.valid_file_list: 1
[2022-04-10 18:05:57.121]         ../data/cbt_valid.txt
[2022-04-10 18:05:57.121] corpus.test_file_list: 2
[2022-04-10 18:05:57.121]         ../data/adolescent_valid.txt
[2022-04-10 18:05:57.121]         ../data/adult_test.txt
[2022-04-10 18:05:57.121] corpus.subword_vocab_size: 10000
[2022-04-10 18:05:57.121] corpus.subword_model.train(2 files)...
[2022-04-10 18:05:57.121]         ../data/cbt_train.txt
[2022-04-10 18:05:57.121]         ../data/cbt_valid.txt
[2022-04-10 18:05:58.176] corpus.subword_model.train(2 files)...Done
[2022-04-10 18:05:58.177] corpus tokenize...
[2022-04-10 18:06:00.802]         train tokens: 762400  ../data/cbt_train.txt
[2022-04-10 18:06:01.844]         valid tokens: 287643  ../data/cbt_valid.txt
[2022-04-10 18:06:02.206]         test  tokens:  86279  ../data/adolescent_valid.txt
[2022-04-10 18:06:02.494]         test  tokens:  92698  ../data/adult_test.txt
[2022-04-10 18:06:02.495] corpus.ntokens      : 9429
[2022-04-10 18:06:02.495] corpus.char_count   : 86
[2022-04-10 18:06:02.495] corpus.char_cnt_dict: 86
[2022-04-10 18:06:02.495] corpus.char_id_dict : 86
[2022-04-10 18:06:02.504] corpus.batchify(1 files, batch_size=20)...
[2022-04-10 18:06:02.505]         tokens_all: 762400
[2022-04-10 18:06:02.505]         batched   :  38120
[2022-04-10 18:06:02.505]         ../data/cbt_train.txt
[2022-04-10 18:06:02.509] corpus.batchify(1 files, batch_size=20)...
[2022-04-10 18:06:02.509]         tokens_all: 287643
[2022-04-10 18:06:02.509]         batched   :  14382
[2022-04-10 18:06:02.509]         ../data/cbt_valid.txt
[2022-04-10 18:06:02.511] corpus.batchify(1 files, batch_size=20)...
[2022-04-10 18:06:02.511]         tokens_all:  86279
[2022-04-10 18:06:02.511]         batched   :   4313
[2022-04-10 18:06:02.511]         ../data/adolescent_valid.txt
[2022-04-10 18:06:02.512] corpus.batchify(1 files, batch_size=20)...
[2022-04-10 18:06:02.512]         tokens_all:  92698
[2022-04-10 18:06:02.513]         batched   :   4634
[2022-04-10 18:06:02.513]         ../data/adult_test.txt
[2022-04-10 18:06:02.573] RNNModel.rnn_type: LSTM
[2022-04-10 18:06:02.573] RNNModel.ntoken  : 9429
[2022-04-10 18:06:02.573] RNNModel.ninp    : 200
[2022-04-10 18:06:02.573] RNNModel.nhid    : 200
[2022-04-10 18:06:02.573] RNNModel.nlayers : 2
[2022-04-10 18:06:02.574] RNNModel.dropout : 0.2
[2022-04-10 18:06:02.574] RNNModel.tie_weights: False
[2022-04-10 18:06:02.574] RNNModel.char_mode  : 
[2022-04-10 18:06:02.574] RNNModel.char_cnt   : 87
[2022-04-10 18:06:02.574] RNNModel.char_emsize: 25
[2022-04-10 18:06:02.574] RNNModel.char_nhid  : 200
[2022-04-10 18:06:02.574] RNNModel will not use char-encoding
[2022-04-10 18:06:02.579] Epoch 001/40 ==================================================
[2022-04-10 18:06:07.408] E001 |   200/1089 batches | lr 20.0000 | loss  6.387 | ppl    594.12
[2022-04-10 18:06:12.172] E001 |   400/1089 batches | lr 20.0000 | loss  5.416 | ppl    225.09
[2022-04-10 18:06:16.958] E001 |   600/1089 batches | lr 20.0000 | loss  4.953 | ppl    141.60
[2022-04-10 18:06:21.508] E001 |   800/1089 batches | lr 20.0000 | loss  4.838 | ppl    126.20
[2022-04-10 18:06:25.646] E001 |  1000/1089 batches | lr 20.0000 | loss  4.718 | ppl    111.98
[2022-04-10 18:06:27.510] E001 |  1089/1089 batches | lr 20.0000 | loss  4.624 | ppl    101.93
[2022-04-10 18:06:32.821] End E001 | valid loss  5.052; ppl    156.41 | accu 0.1894 = 54477/287620
[2022-04-10 18:06:34.474] End E001 |  test loss  6.789; ppl    887.77 | accu 0.1031 = 8890/86240 ../data/adolescent_valid.txt
[2022-04-10 18:06:36.241] End E001 |  test loss  8.013; ppl   3019.54 | accu 0.0409 = 3786/92660 ../data/adult_test.txt
[2022-04-10 18:06:36.241] Save: model.pt... 
[2022-04-10 18:06:36.282] Save: model.pt...Done. best_val_loss: 5.0525
[2022-04-10 18:06:36.282] Epoch 002/40 ==================================================
[2022-04-10 18:06:40.434] E002 |   200/1089 batches | lr 20.0000 | loss  4.523 | ppl     92.12
[2022-04-10 18:06:44.533] E002 |   400/1089 batches | lr 20.0000 | loss  4.556 | ppl     95.17
[2022-04-10 18:06:48.650] E002 |   600/1089 batches | lr 20.0000 | loss  4.374 | ppl     79.38
[2022-04-10 18:06:52.779] E002 |   800/1089 batches | lr 20.0000 | loss  4.389 | ppl     80.58
[2022-04-10 18:06:56.968] E002 |  1000/1089 batches | lr 20.0000 | loss  4.354 | ppl     77.82
[2022-04-10 18:06:58.802] E002 |  1089/1089 batches | lr 20.0000 | loss  4.292 | ppl     73.15
[2022-04-10 18:07:04.134] End E002 | valid loss  4.886; ppl    132.47 | accu 0.2084 = 59947/287620
[2022-04-10 18:07:05.728] End E002 |  test loss  6.660; ppl    780.32 | accu 0.1146 = 9879/86240 ../data/adolescent_valid.txt
[2022-04-10 18:07:07.441] End E002 |  test loss  7.932; ppl   2785.83 | accu 0.0434 = 4025/92660 ../data/adult_test.txt
[2022-04-10 18:07:07.441] Save: model.pt... 
[2022-04-10 18:07:07.481] Save: model.pt...Done. best_val_loss: 4.8864
[2022-04-10 18:07:07.481] Epoch 003/40 ==================================================
[2022-04-10 18:07:11.650] E003 |   200/1089 batches | lr 20.0000 | loss  4.231 | ppl     68.77
[2022-04-10 18:07:15.788] E003 |   400/1089 batches | lr 20.0000 | loss  4.307 | ppl     74.20
[2022-04-10 18:07:20.050] E003 |   600/1089 batches | lr 20.0000 | loss  4.158 | ppl     63.97
[2022-04-10 18:07:24.179] E003 |   800/1089 batches | lr 20.0000 | loss  4.191 | ppl     66.11
[2022-04-10 18:07:28.656] E003 |  1000/1089 batches | lr 20.0000 | loss  4.180 | ppl     65.37
[2022-04-10 18:07:30.532] E003 |  1089/1089 batches | lr 20.0000 | loss  4.126 | ppl     61.91
[2022-04-10 18:07:35.923] End E003 | valid loss  4.801; ppl    121.64 | accu 0.2216 = 63740/287620
[2022-04-10 18:07:37.574] End E003 |  test loss  6.570; ppl    713.46 | accu 0.1207 = 10405/86240 ../data/adolescent_valid.txt
[2022-04-10 18:07:39.359] End E003 |  test loss  7.828; ppl   2509.17 | accu 0.0513 = 4755/92660 ../data/adult_test.txt
[2022-04-10 18:07:39.359] Save: model.pt... 
[2022-04-10 18:07:39.399] Save: model.pt...Done. best_val_loss: 4.8010
[2022-04-10 18:07:39.399] Epoch 004/40 ==================================================
[2022-04-10 18:07:43.518] E004 |   200/1089 batches | lr 20.0000 | loss  4.078 | ppl     59.05
[2022-04-10 18:07:47.643] E004 |   400/1089 batches | lr 20.0000 | loss  4.162 | ppl     64.21
[2022-04-10 18:07:51.774] E004 |   600/1089 batches | lr 20.0000 | loss  4.029 | ppl     56.22
[2022-04-10 18:07:55.921] E004 |   800/1089 batches | lr 20.0000 | loss  4.076 | ppl     58.89
[2022-04-10 18:08:00.044] E004 |  1000/1089 batches | lr 20.0000 | loss  4.070 | ppl     58.55
[2022-04-10 18:08:01.869] E004 |  1089/1089 batches | lr 20.0000 | loss  4.010 | ppl     55.16
[2022-04-10 18:08:07.179] End E004 | valid loss  4.718; ppl    111.93 | accu 0.2297 = 66063/287620
[2022-04-10 18:08:08.782] End E004 |  test loss  6.519; ppl    677.75 | accu 0.1257 = 10844/86240 ../data/adolescent_valid.txt
[2022-04-10 18:08:10.490] End E004 |  test loss  7.742; ppl   2303.66 | accu 0.0523 = 4848/92660 ../data/adult_test.txt
[2022-04-10 18:08:10.491] Save: model.pt... 
[2022-04-10 18:08:10.522] Save: model.pt...Done. best_val_loss: 4.7179
[2022-04-10 18:08:10.522] Epoch 005/40 ==================================================
[2022-04-10 18:08:14.664] E005 |   200/1089 batches | lr 20.0000 | loss  3.974 | ppl     53.20
[2022-04-10 18:08:18.790] E005 |   400/1089 batches | lr 20.0000 | loss  4.068 | ppl     58.42
[2022-04-10 18:08:22.923] E005 |   600/1089 batches | lr 20.0000 | loss  3.938 | ppl     51.31
[2022-04-10 18:08:27.058] E005 |   800/1089 batches | lr 20.0000 | loss  3.990 | ppl     54.05
[2022-04-10 18:08:31.192] E005 |  1000/1089 batches | lr 20.0000 | loss  3.985 | ppl     53.79
[2022-04-10 18:08:33.040] E005 |  1089/1089 batches | lr 20.0000 | loss  3.928 | ppl     50.78
[2022-04-10 18:08:38.462] End E005 | valid loss  4.722; ppl    112.42 | accu 0.2311 = 66465/287620
[2022-04-10 18:08:40.119] End E005 |  test loss  6.528; ppl    684.28 | accu 0.1231 = 10613/86240 ../data/adolescent_valid.txt
[2022-04-10 18:08:41.884] End E005 |  test loss  7.837; ppl   2531.57 | accu 0.0528 = 4894/92660 ../data/adult_test.txt
[2022-04-10 18:08:41.884] Epoch 006/40 ==================================================
[2022-04-10 18:08:46.042] E006 |   200/1089 batches | lr 10.0000 | loss  3.859 | ppl     47.41
[2022-04-10 18:08:50.172] E006 |   400/1089 batches | lr 10.0000 | loss  3.923 | ppl     50.55
[2022-04-10 18:08:54.310] E006 |   600/1089 batches | lr 10.0000 | loss  3.782 | ppl     43.92
[2022-04-10 18:08:58.452] E006 |   800/1089 batches | lr 10.0000 | loss  3.825 | ppl     45.81
[2022-04-10 18:09:02.611] E006 |  1000/1089 batches | lr 10.0000 | loss  3.805 | ppl     44.92
[2022-04-10 18:09:04.438] E006 |  1089/1089 batches | lr 10.0000 | loss  3.742 | ppl     42.19
[2022-04-10 18:09:09.754] End E006 | valid loss  4.663; ppl    105.92 | accu 0.2435 = 70036/287620
[2022-04-10 18:09:11.354] End E006 |  test loss  6.541; ppl    693.12 | accu 0.1318 = 11370/86240 ../data/adolescent_valid.txt
[2022-04-10 18:09:13.060] End E006 |  test loss  7.864; ppl   2601.56 | accu 0.0606 = 5615/92660 ../data/adult_test.txt
[2022-04-10 18:09:13.060] Save: model.pt... 
[2022-04-10 18:09:13.100] Save: model.pt...Done. best_val_loss: 4.6627
[2022-04-10 18:09:13.101] Epoch 007/40 ==================================================
[2022-04-10 18:09:17.239] E007 |   200/1089 batches | lr 10.0000 | loss  3.769 | ppl     43.34
[2022-04-10 18:09:21.369] E007 |   400/1089 batches | lr 10.0000 | loss  3.854 | ppl     47.19
[2022-04-10 18:09:25.485] E007 |   600/1089 batches | lr 10.0000 | loss  3.725 | ppl     41.49
[2022-04-10 18:09:29.594] E007 |   800/1089 batches | lr 10.0000 | loss  3.774 | ppl     43.56
[2022-04-10 18:09:33.745] E007 |  1000/1089 batches | lr 10.0000 | loss  3.768 | ppl     43.29
[2022-04-10 18:09:35.592] E007 |  1089/1089 batches | lr 10.0000 | loss  3.703 | ppl     40.57
[2022-04-10 18:09:41.037] End E007 | valid loss  4.655; ppl    105.12 | accu 0.2455 = 70605/287620
[2022-04-10 18:09:42.691] End E007 |  test loss  6.549; ppl    698.31 | accu 0.1335 = 11516/86240 ../data/adolescent_valid.txt
[2022-04-10 18:09:44.460] End E007 |  test loss  7.866; ppl   2607.43 | accu 0.0620 = 5742/92660 ../data/adult_test.txt
[2022-04-10 18:09:44.460] Save: model.pt... 
[2022-04-10 18:09:44.501] Save: model.pt...Done. best_val_loss: 4.6551
[2022-04-10 18:09:44.501] Epoch 008/40 ==================================================
[2022-04-10 18:09:48.647] E008 |   200/1089 batches | lr 10.0000 | loss  3.721 | ppl     41.29
[2022-04-10 18:09:52.799] E008 |   400/1089 batches | lr 10.0000 | loss  3.808 | ppl     45.07
[2022-04-10 18:09:56.936] E008 |   600/1089 batches | lr 10.0000 | loss  3.685 | ppl     39.85
[2022-04-10 18:10:01.272] E008 |   800/1089 batches | lr 10.0000 | loss  3.733 | ppl     41.82
[2022-04-10 18:10:06.060] E008 |  1000/1089 batches | lr 10.0000 | loss  3.733 | ppl     41.81
[2022-04-10 18:10:08.212] E008 |  1089/1089 batches | lr 10.0000 | loss  3.666 | ppl     39.11
[2022-04-10 18:10:14.772] End E008 | valid loss  4.671; ppl    106.79 | accu 0.2444 = 70281/287620
[2022-04-10 18:10:16.730] End E008 |  test loss  6.567; ppl    711.50 | accu 0.1329 = 11460/86240 ../data/adolescent_valid.txt
[2022-04-10 18:10:18.820] End E008 |  test loss  7.960; ppl   2864.19 | accu 0.0582 = 5394/92660 ../data/adult_test.txt
[2022-04-10 18:10:18.820] Epoch 009/40 ==================================================
[2022-04-10 18:10:23.584] E009 |   200/1089 batches | lr 5.0000 | loss  3.668 | ppl     39.17
[2022-04-10 18:10:28.372] E009 |   400/1089 batches | lr 5.0000 | loss  3.736 | ppl     41.95
[2022-04-10 18:10:33.152] E009 |   600/1089 batches | lr 5.0000 | loss  3.604 | ppl     36.76
[2022-04-10 18:10:37.954] E009 |   800/1089 batches | lr 5.0000 | loss  3.643 | ppl     38.19
[2022-04-10 18:10:42.765] E009 |  1000/1089 batches | lr 5.0000 | loss  3.628 | ppl     37.62
[2022-04-10 18:10:44.915] E009 |  1089/1089 batches | lr 5.0000 | loss  3.557 | ppl     35.05
[2022-04-10 18:10:51.590] End E009 | valid loss  4.643; ppl    103.82 | accu 0.2513 = 72285/287620
[2022-04-10 18:10:53.622] End E009 |  test loss  6.563; ppl    708.17 | accu 0.1362 = 11748/86240 ../data/adolescent_valid.txt
[2022-04-10 18:10:55.785] End E009 |  test loss  7.937; ppl   2799.49 | accu 0.0623 = 5773/92660 ../data/adult_test.txt
[2022-04-10 18:10:55.785] Save: model.pt... 
[2022-04-10 18:10:55.828] Save: model.pt...Done. best_val_loss: 4.6426
[2022-04-10 18:10:55.828] Epoch 010/40 ==================================================
[2022-04-10 18:11:00.663] E010 |   200/1089 batches | lr 5.0000 | loss  3.611 | ppl     36.98
[2022-04-10 18:11:05.089] E010 |   400/1089 batches | lr 5.0000 | loss  3.696 | ppl     40.27
[2022-04-10 18:11:09.265] E010 |   600/1089 batches | lr 5.0000 | loss  3.573 | ppl     35.63
[2022-04-10 18:11:13.431] E010 |   800/1089 batches | lr 5.0000 | loss  3.616 | ppl     37.17
[2022-04-10 18:11:17.604] E010 |  1000/1089 batches | lr 5.0000 | loss  3.606 | ppl     36.82
[2022-04-10 18:11:19.468] E010 |  1089/1089 batches | lr 5.0000 | loss  3.534 | ppl     34.26
[2022-04-10 18:11:24.778] End E010 | valid loss  4.649; ppl    104.48 | accu 0.2533 = 72860/287620
[2022-04-10 18:11:26.362] End E010 |  test loss  6.589; ppl    727.17 | accu 0.1372 = 11832/86240 ../data/adolescent_valid.txt
[2022-04-10 18:11:28.049] End E010 |  test loss  7.993; ppl   2959.55 | accu 0.0634 = 5874/92660 ../data/adult_test.txt
[2022-04-10 18:11:28.049] Epoch 011/40 ==================================================
[2022-04-10 18:11:32.226] E011 |   200/1089 batches | lr 2.5000 | loss  3.579 | ppl     35.85
[2022-04-10 18:11:36.402] E011 |   400/1089 batches | lr 2.5000 | loss  3.654 | ppl     38.62
[2022-04-10 18:11:40.581] E011 |   600/1089 batches | lr 2.5000 | loss  3.529 | ppl     34.08
[2022-04-10 18:11:44.915] E011 |   800/1089 batches | lr 2.5000 | loss  3.563 | ppl     35.25
[2022-04-10 18:11:49.107] E011 |  1000/1089 batches | lr 2.5000 | loss  3.551 | ppl     34.85
[2022-04-10 18:11:50.956] E011 |  1089/1089 batches | lr 2.5000 | loss  3.479 | ppl     32.41
[2022-04-10 18:11:56.373] End E011 | valid loss  4.644; ppl    103.91 | accu 0.2553 = 73420/287620
[2022-04-10 18:11:58.018] End E011 |  test loss  6.587; ppl    725.41 | accu 0.1378 = 11884/86240 ../data/adolescent_valid.txt
[2022-04-10 18:11:59.794] End E011 |  test loss  7.985; ppl   2936.28 | accu 0.0625 = 5792/92660 ../data/adult_test.txt
[2022-04-10 18:11:59.795] Epoch 012/40 ==================================================
[2022-04-10 18:12:03.977] E012 |   200/1089 batches | lr 1.2500 | loss  3.553 | ppl     34.92
[2022-04-10 18:12:08.169] E012 |   400/1089 batches | lr 1.2500 | loss  3.629 | ppl     37.68
[2022-04-10 18:12:12.380] E012 |   600/1089 batches | lr 1.2500 | loss  3.502 | ppl     33.18
[2022-04-10 18:12:16.547] E012 |   800/1089 batches | lr 1.2500 | loss  3.535 | ppl     34.30
[2022-04-10 18:12:20.743] E012 |  1000/1089 batches | lr 1.2500 | loss  3.520 | ppl     33.78
[2022-04-10 18:12:22.587] E012 |  1089/1089 batches | lr 1.2500 | loss  3.449 | ppl     31.48
[2022-04-10 18:12:28.351] End E012 | valid loss  4.639; ppl    103.43 | accu 0.2567 = 73824/287620
[2022-04-10 18:12:29.932] End E012 |  test loss  6.586; ppl    724.88 | accu 0.1392 = 12003/86240 ../data/adolescent_valid.txt
[2022-04-10 18:12:31.628] End E012 |  test loss  7.979; ppl   2919.21 | accu 0.0620 = 5749/92660 ../data/adult_test.txt
[2022-04-10 18:12:31.628] Save: model.pt... 
[2022-04-10 18:12:31.669] Save: model.pt...Done. best_val_loss: 4.6389
[2022-04-10 18:12:31.669] Epoch 013/40 ==================================================
[2022-04-10 18:12:35.851] E013 |   200/1089 batches | lr 1.2500 | loss  3.536 | ppl     34.34
[2022-04-10 18:12:40.500] E013 |   400/1089 batches | lr 1.2500 | loss  3.615 | ppl     37.13
[2022-04-10 18:12:45.335] E013 |   600/1089 batches | lr 1.2500 | loss  3.491 | ppl     32.82
[2022-04-10 18:12:49.906] E013 |   800/1089 batches | lr 1.2500 | loss  3.526 | ppl     33.98
[2022-04-10 18:12:54.106] E013 |  1000/1089 batches | lr 1.2500 | loss  3.515 | ppl     33.63
[2022-04-10 18:12:55.990] E013 |  1089/1089 batches | lr 1.2500 | loss  3.443 | ppl     31.29
[2022-04-10 18:13:01.681] End E013 | valid loss  4.640; ppl    103.52 | accu 0.2568 = 73853/287620
[2022-04-10 18:13:03.697] End E013 |  test loss  6.594; ppl    730.85 | accu 0.1400 = 12072/86240 ../data/adolescent_valid.txt
[2022-04-10 18:13:05.865] End E013 |  test loss  7.981; ppl   2925.25 | accu 0.0617 = 5714/92660 ../data/adult_test.txt
[2022-04-10 18:13:05.865] Epoch 014/40 ==================================================
[2022-04-10 18:13:10.165] E014 |   200/1089 batches | lr 0.6250 | loss  3.523 | ppl     33.88
[2022-04-10 18:13:14.357] E014 |   400/1089 batches | lr 0.6250 | loss  3.600 | ppl     36.59
[2022-04-10 18:13:18.518] E014 |   600/1089 batches | lr 0.6250 | loss  3.480 | ppl     32.46
[2022-04-10 18:13:22.708] E014 |   800/1089 batches | lr 0.6250 | loss  3.511 | ppl     33.49
[2022-04-10 18:13:26.906] E014 |  1000/1089 batches | lr 0.6250 | loss  3.497 | ppl     33.03
[2022-04-10 18:13:28.765] E014 |  1089/1089 batches | lr 0.6250 | loss  3.430 | ppl     30.86
[2022-04-10 18:13:34.100] End E014 | valid loss  4.635; ppl    103.03 | accu 0.2570 = 73917/287620
[2022-04-10 18:13:35.695] End E014 |  test loss  6.594; ppl    730.99 | accu 0.1399 = 12066/86240 ../data/adolescent_valid.txt
[2022-04-10 18:13:37.406] End E014 |  test loss  7.983; ppl   2931.62 | accu 0.0609 = 5643/92660 ../data/adult_test.txt
[2022-04-10 18:13:37.406] Save: model.pt... 
[2022-04-10 18:13:37.447] Save: model.pt...Done. best_val_loss: 4.6350
[2022-04-10 18:13:37.447] Epoch 015/40 ==================================================
[2022-04-10 18:13:41.667] E015 |   200/1089 batches | lr 0.6250 | loss  3.519 | ppl     33.74
[2022-04-10 18:13:45.832] E015 |   400/1089 batches | lr 0.6250 | loss  3.596 | ppl     36.47
[2022-04-10 18:13:49.993] E015 |   600/1089 batches | lr 0.6250 | loss  3.473 | ppl     32.25
[2022-04-10 18:13:54.198] E015 |   800/1089 batches | lr 0.6250 | loss  3.506 | ppl     33.30
[2022-04-10 18:13:58.355] E015 |  1000/1089 batches | lr 0.6250 | loss  3.498 | ppl     33.05
[2022-04-10 18:14:00.203] E015 |  1089/1089 batches | lr 0.6250 | loss  3.424 | ppl     30.69
[2022-04-10 18:14:05.597] End E015 | valid loss  4.635; ppl    103.07 | accu 0.2570 = 73915/287620
[2022-04-10 18:14:07.239] End E015 |  test loss  6.595; ppl    731.11 | accu 0.1402 = 12088/86240 ../data/adolescent_valid.txt
[2022-04-10 18:14:09.004] End E015 |  test loss  7.986; ppl   2938.49 | accu 0.0615 = 5695/92660 ../data/adult_test.txt
[2022-04-10 18:14:09.004] Epoch 016/40 ==================================================
[2022-04-10 18:14:13.175] E016 |   200/1089 batches | lr 0.3125 | loss  3.512 | ppl     33.51
[2022-04-10 18:14:17.508] E016 |   400/1089 batches | lr 0.3125 | loss  3.590 | ppl     36.23
[2022-04-10 18:14:22.320] E016 |   600/1089 batches | lr 0.3125 | loss  3.474 | ppl     32.26
[2022-04-10 18:14:26.595] E016 |   800/1089 batches | lr 0.3125 | loss  3.498 | ppl     33.05
[2022-04-10 18:14:30.761] E016 |  1000/1089 batches | lr 0.3125 | loss  3.484 | ppl     32.60
[2022-04-10 18:14:32.605] E016 |  1089/1089 batches | lr 0.3125 | loss  3.417 | ppl     30.47
[2022-04-10 18:14:37.922] End E016 | valid loss  4.632; ppl    102.76 | accu 0.2573 = 73992/287620
[2022-04-10 18:14:39.507] End E016 |  test loss  6.597; ppl    733.23 | accu 0.1406 = 12123/86240 ../data/adolescent_valid.txt
[2022-04-10 18:14:41.202] End E016 |  test loss  7.984; ppl   2932.51 | accu 0.0611 = 5658/92660 ../data/adult_test.txt
[2022-04-10 18:14:41.202] Save: model.pt... 
[2022-04-10 18:14:41.243] Save: model.pt...Done. best_val_loss: 4.6324
[2022-04-10 18:14:41.243] Epoch 017/40 ==================================================
[2022-04-10 18:14:45.448] E017 |   200/1089 batches | lr 0.3125 | loss  3.508 | ppl     33.37
[2022-04-10 18:14:49.597] E017 |   400/1089 batches | lr 0.3125 | loss  3.586 | ppl     36.07
[2022-04-10 18:14:53.802] E017 |   600/1089 batches | lr 0.3125 | loss  3.468 | ppl     32.08
[2022-04-10 18:14:57.978] E017 |   800/1089 batches | lr 0.3125 | loss  3.491 | ppl     32.83
[2022-04-10 18:15:02.155] E017 |  1000/1089 batches | lr 0.3125 | loss  3.485 | ppl     32.61
[2022-04-10 18:15:04.047] E017 |  1089/1089 batches | lr 0.3125 | loss  3.415 | ppl     30.42
[2022-04-10 18:15:09.469] End E017 | valid loss  4.633; ppl    102.81 | accu 0.2572 = 73980/287620
[2022-04-10 18:15:11.108] End E017 |  test loss  6.597; ppl    732.56 | accu 0.1405 = 12115/86240 ../data/adolescent_valid.txt
[2022-04-10 18:15:12.877] End E017 |  test loss  7.983; ppl   2930.53 | accu 0.0615 = 5700/92660 ../data/adult_test.txt
[2022-04-10 18:15:12.877] Epoch 018/40 ==================================================
[2022-04-10 18:15:17.076] E018 |   200/1089 batches | lr 0.1562 | loss  3.506 | ppl     33.33
[2022-04-10 18:15:21.248] E018 |   400/1089 batches | lr 0.1562 | loss  3.580 | ppl     35.88
[2022-04-10 18:15:25.432] E018 |   600/1089 batches | lr 0.1562 | loss  3.464 | ppl     31.96
[2022-04-10 18:15:29.595] E018 |   800/1089 batches | lr 0.1562 | loss  3.495 | ppl     32.95
[2022-04-10 18:15:33.777] E018 |  1000/1089 batches | lr 0.1562 | loss  3.480 | ppl     32.46
[2022-04-10 18:15:35.667] E018 |  1089/1089 batches | lr 0.1562 | loss  3.411 | ppl     30.29
[2022-04-10 18:15:40.982] End E018 | valid loss  4.631; ppl    102.57 | accu 0.2572 = 73980/287620
[2022-04-10 18:15:42.576] End E018 |  test loss  6.593; ppl    730.01 | accu 0.1408 = 12139/86240 ../data/adolescent_valid.txt
[2022-04-10 18:15:44.284] End E018 |  test loss  7.974; ppl   2905.37 | accu 0.0613 = 5678/92660 ../data/adult_test.txt
[2022-04-10 18:15:44.284] Save: model.pt... 
[2022-04-10 18:15:44.326] Save: model.pt...Done. best_val_loss: 4.6306
[2022-04-10 18:15:44.326] Epoch 019/40 ==================================================
[2022-04-10 18:15:48.509] E019 |   200/1089 batches | lr 0.1562 | loss  3.502 | ppl     33.18
[2022-04-10 18:15:52.701] E019 |   400/1089 batches | lr 0.1562 | loss  3.582 | ppl     35.93
[2022-04-10 18:15:56.865] E019 |   600/1089 batches | lr 0.1562 | loss  3.464 | ppl     31.94
[2022-04-10 18:16:01.178] E019 |   800/1089 batches | lr 0.1562 | loss  3.491 | ppl     32.83
[2022-04-10 18:16:05.354] E019 |  1000/1089 batches | lr 0.1562 | loss  3.482 | ppl     32.52
[2022-04-10 18:16:07.232] E019 |  1089/1089 batches | lr 0.1562 | loss  3.417 | ppl     30.47
[2022-04-10 18:16:12.675] End E019 | valid loss  4.630; ppl    102.56 | accu 0.2572 = 73985/287620
[2022-04-10 18:16:14.325] End E019 |  test loss  6.593; ppl    729.95 | accu 0.1406 = 12129/86240 ../data/adolescent_valid.txt
[2022-04-10 18:16:16.103] End E019 |  test loss  7.975; ppl   2908.14 | accu 0.0616 = 5710/92660 ../data/adult_test.txt
[2022-04-10 18:16:16.103] Save: model.pt... 
[2022-04-10 18:16:16.143] Save: model.pt...Done. best_val_loss: 4.6304
[2022-04-10 18:16:16.143] Epoch 020/40 ==================================================
[2022-04-10 18:16:20.345] E020 |   200/1089 batches | lr 0.1562 | loss  3.503 | ppl     33.23
[2022-04-10 18:16:24.509] E020 |   400/1089 batches | lr 0.1562 | loss  3.578 | ppl     35.79
[2022-04-10 18:16:28.664] E020 |   600/1089 batches | lr 0.1562 | loss  3.463 | ppl     31.93
[2022-04-10 18:16:32.843] E020 |   800/1089 batches | lr 0.1562 | loss  3.492 | ppl     32.84
[2022-04-10 18:16:37.002] E020 |  1000/1089 batches | lr 0.1562 | loss  3.480 | ppl     32.45
[2022-04-10 18:16:38.857] E020 |  1089/1089 batches | lr 0.1562 | loss  3.411 | ppl     30.30
[2022-04-10 18:16:44.164] End E020 | valid loss  4.631; ppl    102.60 | accu 0.2572 = 73967/287620
[2022-04-10 18:16:45.753] End E020 |  test loss  6.595; ppl    731.60 | accu 0.1406 = 12125/86240 ../data/adolescent_valid.txt
[2022-04-10 18:16:47.451] End E020 |  test loss  7.977; ppl   2914.54 | accu 0.0617 = 5720/92660 ../data/adult_test.txt
[2022-04-10 18:16:47.451] Epoch 021/40 ==================================================
[2022-04-10 18:16:51.607] E021 |   200/1089 batches | lr 0.0781 | loss  3.501 | ppl     33.16
[2022-04-10 18:16:55.761] E021 |   400/1089 batches | lr 0.0781 | loss  3.576 | ppl     35.72
[2022-04-10 18:16:59.930] E021 |   600/1089 batches | lr 0.0781 | loss  3.460 | ppl     31.81
[2022-04-10 18:17:04.101] E021 |   800/1089 batches | lr 0.0781 | loss  3.486 | ppl     32.67
[2022-04-10 18:17:08.425] E021 |  1000/1089 batches | lr 0.0781 | loss  3.476 | ppl     32.33
[2022-04-10 18:17:10.301] E021 |  1089/1089 batches | lr 0.0781 | loss  3.413 | ppl     30.37
[2022-04-10 18:17:15.716] End E021 | valid loss  4.629; ppl    102.46 | accu 0.2574 = 74025/287620
[2022-04-10 18:17:17.371] End E021 |  test loss  6.594; ppl    730.40 | accu 0.1406 = 12129/86240 ../data/adolescent_valid.txt
[2022-04-10 18:17:19.137] End E021 |  test loss  7.974; ppl   2903.93 | accu 0.0614 = 5692/92660 ../data/adult_test.txt
[2022-04-10 18:17:19.137] Save: model.pt... 
[2022-04-10 18:17:19.177] Save: model.pt...Done. best_val_loss: 4.6295
[2022-04-10 18:17:19.177] Epoch 022/40 ==================================================
[2022-04-10 18:17:23.376] E022 |   200/1089 batches | lr 0.0781 | loss  3.500 | ppl     33.10
[2022-04-10 18:17:27.530] E022 |   400/1089 batches | lr 0.0781 | loss  3.575 | ppl     35.71
[2022-04-10 18:17:31.716] E022 |   600/1089 batches | lr 0.0781 | loss  3.458 | ppl     31.76
[2022-04-10 18:17:35.875] E022 |   800/1089 batches | lr 0.0781 | loss  3.490 | ppl     32.78
[2022-04-10 18:17:40.050] E022 |  1000/1089 batches | lr 0.0781 | loss  3.478 | ppl     32.38
[2022-04-10 18:17:41.908] E022 |  1089/1089 batches | lr 0.0781 | loss  3.411 | ppl     30.30
[2022-04-10 18:17:47.296] End E022 | valid loss  4.629; ppl    102.45 | accu 0.2573 = 74016/287620
[2022-04-10 18:17:48.893] End E022 |  test loss  6.594; ppl    730.95 | accu 0.1405 = 12115/86240 ../data/adolescent_valid.txt
[2022-04-10 18:17:50.599] End E022 |  test loss  7.976; ppl   2910.66 | accu 0.0613 = 5681/92660 ../data/adult_test.txt
[2022-04-10 18:17:50.600] Save: model.pt... 
[2022-04-10 18:17:50.631] Save: model.pt...Done. best_val_loss: 4.6294
[2022-04-10 18:17:50.631] Epoch 023/40 ==================================================
[2022-04-10 18:17:54.830] E023 |   200/1089 batches | lr 0.0781 | loss  3.498 | ppl     33.05
[2022-04-10 18:17:58.986] E023 |   400/1089 batches | lr 0.0781 | loss  3.576 | ppl     35.72
[2022-04-10 18:18:03.174] E023 |   600/1089 batches | lr 0.0781 | loss  3.456 | ppl     31.68
[2022-04-10 18:18:07.327] E023 |   800/1089 batches | lr 0.0781 | loss  3.485 | ppl     32.63
[2022-04-10 18:18:11.642] E023 |  1000/1089 batches | lr 0.0781 | loss  3.476 | ppl     32.34
[2022-04-10 18:18:13.798] E023 |  1089/1089 batches | lr 0.0781 | loss  3.406 | ppl     30.14
[2022-04-10 18:18:20.455] End E023 | valid loss  4.630; ppl    102.47 | accu 0.2573 = 74010/287620
[2022-04-10 18:18:22.472] End E023 |  test loss  6.594; ppl    730.83 | accu 0.1407 = 12133/86240 ../data/adolescent_valid.txt
[2022-04-10 18:18:24.638] End E023 |  test loss  7.977; ppl   2913.09 | accu 0.0611 = 5665/92660 ../data/adult_test.txt
[2022-04-10 18:18:24.639] Epoch 024/40 ==================================================
[2022-04-10 18:18:29.467] E024 |   200/1089 batches | lr 0.0391 | loss  3.498 | ppl     33.05
[2022-04-10 18:18:33.860] E024 |   400/1089 batches | lr 0.0391 | loss  3.572 | ppl     35.59
[2022-04-10 18:18:38.021] E024 |   600/1089 batches | lr 0.0391 | loss  3.456 | ppl     31.70
[2022-04-10 18:18:42.197] E024 |   800/1089 batches | lr 0.0391 | loss  3.488 | ppl     32.72
[2022-04-10 18:18:46.365] E024 |  1000/1089 batches | lr 0.0391 | loss  3.475 | ppl     32.30
[2022-04-10 18:18:48.224] E024 |  1089/1089 batches | lr 0.0391 | loss  3.401 | ppl     30.00
[2022-04-10 18:18:53.561] End E024 | valid loss  4.629; ppl    102.43 | accu 0.2574 = 74031/287620
[2022-04-10 18:18:55.155] End E024 |  test loss  6.594; ppl    730.48 | accu 0.1406 = 12122/86240 ../data/adolescent_valid.txt
[2022-04-10 18:18:56.859] End E024 |  test loss  7.974; ppl   2905.77 | accu 0.0613 = 5679/92660 ../data/adult_test.txt
[2022-04-10 18:18:56.859] Save: model.pt... 
[2022-04-10 18:18:56.899] Save: model.pt...Done. best_val_loss: 4.6292
[2022-04-10 18:18:56.899] Epoch 025/40 ==================================================
[2022-04-10 18:19:01.097] E025 |   200/1089 batches | lr 0.0391 | loss  3.497 | ppl     33.01
[2022-04-10 18:19:05.259] E025 |   400/1089 batches | lr 0.0391 | loss  3.574 | ppl     35.67
[2022-04-10 18:19:09.432] E025 |   600/1089 batches | lr 0.0391 | loss  3.453 | ppl     31.60
[2022-04-10 18:19:13.646] E025 |   800/1089 batches | lr 0.0391 | loss  3.487 | ppl     32.68
[2022-04-10 18:19:17.843] E025 |  1000/1089 batches | lr 0.0391 | loss  3.477 | ppl     32.36
[2022-04-10 18:19:19.704] E025 |  1089/1089 batches | lr 0.0391 | loss  3.407 | ppl     30.17
[2022-04-10 18:19:25.103] End E025 | valid loss  4.629; ppl    102.40 | accu 0.2574 = 74033/287620
[2022-04-10 18:19:26.748] End E025 |  test loss  6.593; ppl    730.15 | accu 0.1405 = 12119/86240 ../data/adolescent_valid.txt
[2022-04-10 18:19:28.501] End E025 |  test loss  7.974; ppl   2905.63 | accu 0.0612 = 5671/92660 ../data/adult_test.txt
[2022-04-10 18:19:28.501] Save: model.pt... 
[2022-04-10 18:19:28.540] Save: model.pt...Done. best_val_loss: 4.6289
[2022-04-10 18:19:28.541] Epoch 026/40 ==================================================
[2022-04-10 18:19:32.730] E026 |   200/1089 batches | lr 0.0391 | loss  3.494 | ppl     32.92
[2022-04-10 18:19:36.904] E026 |   400/1089 batches | lr 0.0391 | loss  3.571 | ppl     35.56
[2022-04-10 18:19:41.060] E026 |   600/1089 batches | lr 0.0391 | loss  3.459 | ppl     31.78
[2022-04-10 18:19:45.230] E026 |   800/1089 batches | lr 0.0391 | loss  3.482 | ppl     32.52
[2022-04-10 18:19:49.389] E026 |  1000/1089 batches | lr 0.0391 | loss  3.475 | ppl     32.29
[2022-04-10 18:19:51.458] E026 |  1089/1089 batches | lr 0.0391 | loss  3.402 | ppl     30.04
[2022-04-10 18:19:58.004] End E026 | valid loss  4.629; ppl    102.40 | accu 0.2574 = 74037/287620
[2022-04-10 18:19:59.963] End E026 |  test loss  6.594; ppl    730.41 | accu 0.1405 = 12121/86240 ../data/adolescent_valid.txt
[2022-04-10 18:20:02.064] End E026 |  test loss  7.973; ppl   2901.21 | accu 0.0611 = 5661/92660 ../data/adult_test.txt
[2022-04-10 18:20:02.064] Epoch 027/40 ==================================================
[2022-04-10 18:20:06.885] E027 |   200/1089 batches | lr 0.0195 | loss  3.494 | ppl     32.92
[2022-04-10 18:20:11.637] E027 |   400/1089 batches | lr 0.0195 | loss  3.574 | ppl     35.65
[2022-04-10 18:20:15.817] E027 |   600/1089 batches | lr 0.0195 | loss  3.456 | ppl     31.68
[2022-04-10 18:20:19.979] E027 |   800/1089 batches | lr 0.0195 | loss  3.485 | ppl     32.64
[2022-04-10 18:20:24.146] E027 |  1000/1089 batches | lr 0.0195 | loss  3.475 | ppl     32.30
[2022-04-10 18:20:25.997] E027 |  1089/1089 batches | lr 0.0195 | loss  3.402 | ppl     30.03
[2022-04-10 18:20:31.419] End E027 | valid loss  4.629; ppl    102.39 | accu 0.2575 = 74063/287620
[2022-04-10 18:20:33.075] End E027 |  test loss  6.594; ppl    730.53 | accu 0.1405 = 12119/86240 ../data/adolescent_valid.txt
[2022-04-10 18:20:34.840] End E027 |  test loss  7.973; ppl   2901.93 | accu 0.0611 = 5665/92660 ../data/adult_test.txt
[2022-04-10 18:20:34.841] Save: model.pt... 
[2022-04-10 18:20:34.881] Save: model.pt...Done. best_val_loss: 4.6288
[2022-04-10 18:20:34.881] Epoch 028/40 ==================================================
[2022-04-10 18:20:39.087] E028 |   200/1089 batches | lr 0.0195 | loss  3.494 | ppl     32.93
[2022-04-10 18:20:43.245] E028 |   400/1089 batches | lr 0.0195 | loss  3.573 | ppl     35.62
[2022-04-10 18:20:47.447] E028 |   600/1089 batches | lr 0.0195 | loss  3.456 | ppl     31.68
[2022-04-10 18:20:51.621] E028 |   800/1089 batches | lr 0.0195 | loss  3.487 | ppl     32.69
[2022-04-10 18:20:55.800] E028 |  1000/1089 batches | lr 0.0195 | loss  3.476 | ppl     32.33
[2022-04-10 18:20:57.652] E028 |  1089/1089 batches | lr 0.0195 | loss  3.405 | ppl     30.12
[2022-04-10 18:21:02.986] End E028 | valid loss  4.629; ppl    102.38 | accu 0.2575 = 74056/287620
[2022-04-10 18:21:04.569] End E028 |  test loss  6.594; ppl    730.48 | accu 0.1403 = 12100/86240 ../data/adolescent_valid.txt
[2022-04-10 18:21:06.275] End E028 |  test loss  7.973; ppl   2901.95 | accu 0.0611 = 5666/92660 ../data/adult_test.txt
[2022-04-10 18:21:06.275] Save: model.pt... 
[2022-04-10 18:21:06.305] Save: model.pt...Done. best_val_loss: 4.6287
[2022-04-10 18:21:06.305] Epoch 029/40 ==================================================
[2022-04-10 18:21:10.541] E029 |   200/1089 batches | lr 0.0195 | loss  3.495 | ppl     32.95
[2022-04-10 18:21:14.733] E029 |   400/1089 batches | lr 0.0195 | loss  3.572 | ppl     35.60
[2022-04-10 18:21:18.906] E029 |   600/1089 batches | lr 0.0195 | loss  3.452 | ppl     31.57
[2022-04-10 18:21:23.065] E029 |   800/1089 batches | lr 0.0195 | loss  3.481 | ppl     32.50
[2022-04-10 18:21:27.256] E029 |  1000/1089 batches | lr 0.0195 | loss  3.475 | ppl     32.30
[2022-04-10 18:21:29.122] E029 |  1089/1089 batches | lr 0.0195 | loss  3.405 | ppl     30.13
[2022-04-10 18:21:34.594] End E029 | valid loss  4.629; ppl    102.37 | accu 0.2575 = 74049/287620
[2022-04-10 18:21:36.242] End E029 |  test loss  6.593; ppl    730.15 | accu 0.1405 = 12116/86240 ../data/adolescent_valid.txt
[2022-04-10 18:21:38.020] End E029 |  test loss  7.972; ppl   2899.98 | accu 0.0612 = 5673/92660 ../data/adult_test.txt
[2022-04-10 18:21:38.020] Save: model.pt... 
[2022-04-10 18:21:38.059] Save: model.pt...Done. best_val_loss: 4.6286
[2022-04-10 18:21:38.059] Epoch 030/40 ==================================================
[2022-04-10 18:21:42.243] E030 |   200/1089 batches | lr 0.0195 | loss  3.497 | ppl     33.00
[2022-04-10 18:21:46.458] E030 |   400/1089 batches | lr 0.0195 | loss  3.571 | ppl     35.55
[2022-04-10 18:21:50.622] E030 |   600/1089 batches | lr 0.0195 | loss  3.451 | ppl     31.54
[2022-04-10 18:21:54.792] E030 |   800/1089 batches | lr 0.0195 | loss  3.483 | ppl     32.55
[2022-04-10 18:21:59.028] E030 |  1000/1089 batches | lr 0.0195 | loss  3.476 | ppl     32.32
[2022-04-10 18:22:00.888] E030 |  1089/1089 batches | lr 0.0195 | loss  3.404 | ppl     30.08
[2022-04-10 18:22:06.207] End E030 | valid loss  4.629; ppl    102.36 | accu 0.2574 = 74047/287620
[2022-04-10 18:22:07.804] End E030 |  test loss  6.593; ppl    730.13 | accu 0.1405 = 12117/86240 ../data/adolescent_valid.txt
[2022-04-10 18:22:09.522] End E030 |  test loss  7.973; ppl   2900.14 | accu 0.0611 = 5662/92660 ../data/adult_test.txt
[2022-04-10 18:22:09.523] Save: model.pt... 
[2022-04-10 18:22:09.553] Save: model.pt...Done. best_val_loss: 4.6285
[2022-04-10 18:22:09.553] Epoch 031/40 ==================================================
[2022-04-10 18:22:13.743] E031 |   200/1089 batches | lr 0.0195 | loss  3.495 | ppl     32.96
[2022-04-10 18:22:17.936] E031 |   400/1089 batches | lr 0.0195 | loss  3.573 | ppl     35.63
[2022-04-10 18:22:22.137] E031 |   600/1089 batches | lr 0.0195 | loss  3.456 | ppl     31.68
[2022-04-10 18:22:26.334] E031 |   800/1089 batches | lr 0.0195 | loss  3.481 | ppl     32.48
[2022-04-10 18:22:30.507] E031 |  1000/1089 batches | lr 0.0195 | loss  3.477 | ppl     32.37
[2022-04-10 18:22:32.358] E031 |  1089/1089 batches | lr 0.0195 | loss  3.406 | ppl     30.16
[2022-04-10 18:22:37.765] End E031 | valid loss  4.628; ppl    102.35 | accu 0.2574 = 74028/287620
[2022-04-10 18:22:39.425] End E031 |  test loss  6.593; ppl    730.06 | accu 0.1405 = 12116/86240 ../data/adolescent_valid.txt
[2022-04-10 18:22:41.207] End E031 |  test loss  7.972; ppl   2899.68 | accu 0.0611 = 5664/92660 ../data/adult_test.txt
[2022-04-10 18:22:41.207] Save: model.pt... 
[2022-04-10 18:22:41.248] Save: model.pt...Done. best_val_loss: 4.6284
[2022-04-10 18:22:41.248] Epoch 032/40 ==================================================
[2022-04-10 18:22:45.598] E032 |   200/1089 batches | lr 0.0195 | loss  3.494 | ppl     32.93
[2022-04-10 18:22:50.309] E032 |   400/1089 batches | lr 0.0195 | loss  3.575 | ppl     35.68
[2022-04-10 18:22:54.478] E032 |   600/1089 batches | lr 0.0195 | loss  3.456 | ppl     31.68
[2022-04-10 18:22:58.653] E032 |   800/1089 batches | lr 0.0195 | loss  3.485 | ppl     32.63
[2022-04-10 18:23:02.851] E032 |  1000/1089 batches | lr 0.0195 | loss  3.474 | ppl     32.26
[2022-04-10 18:23:04.699] E032 |  1089/1089 batches | lr 0.0195 | loss  3.402 | ppl     30.03
[2022-04-10 18:23:10.023] End E032 | valid loss  4.628; ppl    102.36 | accu 0.2574 = 74045/287620
[2022-04-10 18:23:11.605] End E032 |  test loss  6.593; ppl    729.89 | accu 0.1405 = 12120/86240 ../data/adolescent_valid.txt
[2022-04-10 18:23:13.303] End E032 |  test loss  7.972; ppl   2898.95 | accu 0.0611 = 5666/92660 ../data/adult_test.txt
[2022-04-10 18:23:13.304] Epoch 033/40 ==================================================
[2022-04-10 18:23:17.469] E033 |   200/1089 batches | lr 0.0098 | loss  3.493 | ppl     32.88
[2022-04-10 18:23:21.624] E033 |   400/1089 batches | lr 0.0098 | loss  3.573 | ppl     35.61
[2022-04-10 18:23:25.828] E033 |   600/1089 batches | lr 0.0098 | loss  3.455 | ppl     31.67
[2022-04-10 18:23:30.024] E033 |   800/1089 batches | lr 0.0098 | loss  3.484 | ppl     32.57
[2022-04-10 18:23:34.270] E033 |  1000/1089 batches | lr 0.0098 | loss  3.476 | ppl     32.32
[2022-04-10 18:23:36.146] E033 |  1089/1089 batches | lr 0.0098 | loss  3.403 | ppl     30.06
[2022-04-10 18:23:42.846] End E033 | valid loss  4.628; ppl    102.35 | accu 0.2574 = 74033/287620
[2022-04-10 18:23:44.862] End E033 |  test loss  6.593; ppl    729.98 | accu 0.1405 = 12116/86240 ../data/adolescent_valid.txt
[2022-04-10 18:23:47.047] End E033 |  test loss  7.972; ppl   2898.51 | accu 0.0611 = 5664/92660 ../data/adult_test.txt
[2022-04-10 18:23:47.048] Epoch 034/40 ==================================================
[2022-04-10 18:23:51.901] E034 |   200/1089 batches | lr 0.0049 | loss  3.492 | ppl     32.86
[2022-04-10 18:23:56.735] E034 |   400/1089 batches | lr 0.0049 | loss  3.570 | ppl     35.53
[2022-04-10 18:24:01.576] E034 |   600/1089 batches | lr 0.0049 | loss  3.451 | ppl     31.53
[2022-04-10 18:24:06.398] E034 |   800/1089 batches | lr 0.0049 | loss  3.483 | ppl     32.57
[2022-04-10 18:24:11.237] E034 |  1000/1089 batches | lr 0.0049 | loss  3.472 | ppl     32.20
[2022-04-10 18:24:13.387] E034 |  1089/1089 batches | lr 0.0049 | loss  3.403 | ppl     30.05
[2022-04-10 18:24:19.915] End E034 | valid loss  4.628; ppl    102.35 | accu 0.2574 = 74041/287620
[2022-04-10 18:24:21.880] End E034 |  test loss  6.593; ppl    729.92 | accu 0.1405 = 12120/86240 ../data/adolescent_valid.txt
[2022-04-10 18:24:23.977] End E034 |  test loss  7.972; ppl   2898.44 | accu 0.0611 = 5666/92660 ../data/adult_test.txt
[2022-04-10 18:24:23.977] Epoch 035/40 ==================================================
[2022-04-10 18:24:28.832] E035 |   200/1089 batches | lr 0.0024 | loss  3.496 | ppl     32.97
[2022-04-10 18:24:33.673] E035 |   400/1089 batches | lr 0.0024 | loss  3.574 | ppl     35.66
[2022-04-10 18:24:38.223] E035 |   600/1089 batches | lr 0.0024 | loss  3.454 | ppl     31.61
[2022-04-10 18:24:42.427] E035 |   800/1089 batches | lr 0.0024 | loss  3.485 | ppl     32.64
[2022-04-10 18:24:46.618] E035 |  1000/1089 batches | lr 0.0024 | loss  3.475 | ppl     32.31
[2022-04-10 18:24:48.484] E035 |  1089/1089 batches | lr 0.0024 | loss  3.404 | ppl     30.10
[2022-04-10 18:24:53.886] End E035 | valid loss  4.628; ppl    102.35 | accu 0.2574 = 74039/287620
[2022-04-10 18:24:55.539] End E035 |  test loss  6.593; ppl    729.93 | accu 0.1405 = 12118/86240 ../data/adolescent_valid.txt
[2022-04-10 18:24:57.305] End E035 |  test loss  7.972; ppl   2898.40 | accu 0.0611 = 5666/92660 ../data/adult_test.txt
[2022-04-10 18:24:57.305] Save: model.pt... 
[2022-04-10 18:24:57.345] Save: model.pt...Done. best_val_loss: 4.6284
[2022-04-10 18:24:57.345] Epoch 036/40 ==================================================
[2022-04-10 18:25:01.526] E036 |   200/1089 batches | lr 0.0024 | loss  3.493 | ppl     32.89
[2022-04-10 18:25:05.716] E036 |   400/1089 batches | lr 0.0024 | loss  3.573 | ppl     35.62
[2022-04-10 18:25:09.932] E036 |   600/1089 batches | lr 0.0024 | loss  3.456 | ppl     31.70
[2022-04-10 18:25:14.137] E036 |   800/1089 batches | lr 0.0024 | loss  3.482 | ppl     32.54
[2022-04-10 18:25:18.314] E036 |  1000/1089 batches | lr 0.0024 | loss  3.473 | ppl     32.25
[2022-04-10 18:25:20.173] E036 |  1089/1089 batches | lr 0.0024 | loss  3.404 | ppl     30.09
[2022-04-10 18:25:25.513] End E036 | valid loss  4.628; ppl    102.35 | accu 0.2574 = 74035/287620
[2022-04-10 18:25:27.108] End E036 |  test loss  6.593; ppl    729.92 | accu 0.1405 = 12121/86240 ../data/adolescent_valid.txt
[2022-04-10 18:25:28.827] End E036 |  test loss  7.972; ppl   2898.74 | accu 0.0611 = 5666/92660 ../data/adult_test.txt
[2022-04-10 18:25:28.827] Save: model.pt... 
[2022-04-10 18:25:28.859] Save: model.pt...Done. best_val_loss: 4.6284
[2022-04-10 18:25:28.859] Epoch 037/40 ==================================================
[2022-04-10 18:25:33.044] E037 |   200/1089 batches | lr 0.0024 | loss  3.495 | ppl     32.95
[2022-04-10 18:25:37.217] E037 |   400/1089 batches | lr 0.0024 | loss  3.575 | ppl     35.69
[2022-04-10 18:25:41.454] E037 |   600/1089 batches | lr 0.0024 | loss  3.456 | ppl     31.70
[2022-04-10 18:25:46.117] E037 |   800/1089 batches | lr 0.0024 | loss  3.483 | ppl     32.56
[2022-04-10 18:25:50.945] E037 |  1000/1089 batches | lr 0.0024 | loss  3.474 | ppl     32.25
[2022-04-10 18:25:53.093] E037 |  1089/1089 batches | lr 0.0024 | loss  3.404 | ppl     30.09
[2022-04-10 18:25:59.797] End E037 | valid loss  4.628; ppl    102.35 | accu 0.2574 = 74033/287620
[2022-04-10 18:26:01.822] End E037 |  test loss  6.593; ppl    729.92 | accu 0.1405 = 12119/86240 ../data/adolescent_valid.txt
[2022-04-10 18:26:03.989] End E037 |  test loss  7.972; ppl   2898.65 | accu 0.0612 = 5668/92660 ../data/adult_test.txt
[2022-04-10 18:26:03.989] Save: model.pt... 
[2022-04-10 18:26:04.029] Save: model.pt...Done. best_val_loss: 4.6284
[2022-04-10 18:26:04.029] Epoch 038/40 ==================================================
[2022-04-10 18:26:08.867] E038 |   200/1089 batches | lr 0.0024 | loss  3.495 | ppl     32.95
[2022-04-10 18:26:13.349] E038 |   400/1089 batches | lr 0.0024 | loss  3.573 | ppl     35.61
[2022-04-10 18:26:17.549] E038 |   600/1089 batches | lr 0.0024 | loss  3.453 | ppl     31.60
[2022-04-10 18:26:21.718] E038 |   800/1089 batches | lr 0.0024 | loss  3.485 | ppl     32.61
[2022-04-10 18:26:25.908] E038 |  1000/1089 batches | lr 0.0024 | loss  3.471 | ppl     32.18
[2022-04-10 18:26:27.755] E038 |  1089/1089 batches | lr 0.0024 | loss  3.406 | ppl     30.14
[2022-04-10 18:26:33.077] End E038 | valid loss  4.628; ppl    102.35 | accu 0.2574 = 74025/287620
[2022-04-10 18:26:34.669] End E038 |  test loss  6.593; ppl    729.93 | accu 0.1405 = 12120/86240 ../data/adolescent_valid.txt
[2022-04-10 18:26:36.370] End E038 |  test loss  7.972; ppl   2898.57 | accu 0.0612 = 5669/92660 ../data/adult_test.txt
[2022-04-10 18:26:36.370] Epoch 039/40 ==================================================
[2022-04-10 18:26:40.545] E039 |   200/1089 batches | lr 0.0012 | loss  3.493 | ppl     32.87
[2022-04-10 18:26:44.731] E039 |   400/1089 batches | lr 0.0012 | loss  3.569 | ppl     35.49
[2022-04-10 18:26:48.943] E039 |   600/1089 batches | lr 0.0012 | loss  3.452 | ppl     31.55
[2022-04-10 18:26:53.129] E039 |   800/1089 batches | lr 0.0012 | loss  3.484 | ppl     32.59
[2022-04-10 18:26:57.324] E039 |  1000/1089 batches | lr 0.0012 | loss  3.476 | ppl     32.33
[2022-04-10 18:26:59.187] E039 |  1089/1089 batches | lr 0.0012 | loss  3.405 | ppl     30.12
[2022-04-10 18:27:04.621] End E039 | valid loss  4.628; ppl    102.35 | accu 0.2574 = 74025/287620
[2022-04-10 18:27:06.282] End E039 |  test loss  6.593; ppl    729.94 | accu 0.1406 = 12122/86240 ../data/adolescent_valid.txt
[2022-04-10 18:27:08.043] End E039 |  test loss  7.972; ppl   2898.71 | accu 0.0612 = 5670/92660 ../data/adult_test.txt
[2022-04-10 18:27:08.043] Save: model.pt... 
[2022-04-10 18:27:08.083] Save: model.pt...Done. best_val_loss: 4.6284
[2022-04-10 18:27:08.083] Epoch 040/40 ==================================================
[2022-04-10 18:27:12.359] E040 |   200/1089 batches | lr 0.0012 | loss  3.491 | ppl     32.83
[2022-04-10 18:27:16.766] E040 |   400/1089 batches | lr 0.0012 | loss  3.572 | ppl     35.60
[2022-04-10 18:27:20.923] E040 |   600/1089 batches | lr 0.0012 | loss  3.454 | ppl     31.64
[2022-04-10 18:27:25.102] E040 |   800/1089 batches | lr 0.0012 | loss  3.482 | ppl     32.53
[2022-04-10 18:27:29.787] E040 |  1000/1089 batches | lr 0.0012 | loss  3.469 | ppl     32.12
[2022-04-10 18:27:31.944] E040 |  1089/1089 batches | lr 0.0012 | loss  3.402 | ppl     30.01
[2022-04-10 18:27:38.486] End E040 | valid loss  4.628; ppl    102.35 | accu 0.2574 = 74031/287620
[2022-04-10 18:27:40.430] End E040 |  test loss  6.593; ppl    729.94 | accu 0.1406 = 12123/86240 ../data/adolescent_valid.txt
[2022-04-10 18:27:42.537] End E040 |  test loss  7.972; ppl   2898.61 | accu 0.0612 = 5670/92660 ../data/adult_test.txt
[2022-04-10 18:27:44.507] End. test loss  6.59; ppl   729.94 | accu 0.1406 = 12122/86240 ../data/adolescent_valid.txt
[2022-04-10 18:27:46.621] End. test loss  7.97; ppl  2898.71 | accu 0.0612 = 5670/92660 ../data/adult_test.txt
[2022-04-10 18:27:46.621] =========================================================================================
