[2022-04-10 13:55:39.565] corpus.train_file_list: 1
[2022-04-10 13:55:39.565]         ../data/cbt_train.txt
[2022-04-10 13:55:39.565] corpus.valid_file_list: 1
[2022-04-10 13:55:39.565]         ../data/cbt_valid.txt
[2022-04-10 13:55:39.565] corpus.test_file_list: 2
[2022-04-10 13:55:39.565]         ../data/adolescent_valid.txt
[2022-04-10 13:55:39.565]         ../data/adult_test.txt
[2022-04-10 13:55:39.565] corpus.subword_vocab_size: 200
[2022-04-10 13:55:39.565] corpus.subword_model.train(2 files)...
[2022-04-10 13:55:39.565]         ../data/cbt_train.txt
[2022-04-10 13:55:39.565]         ../data/cbt_valid.txt
[2022-04-10 13:55:39.857] corpus.subword_model.train(2 files)...Done
[2022-04-10 13:55:39.858] corpus tokenize...
[2022-04-10 13:55:43.277]         train tokens: 1486331  ../data/cbt_train.txt
[2022-04-10 13:55:44.659]         valid tokens: 569395  ../data/cbt_valid.txt
[2022-04-10 13:55:45.129]         test  tokens: 163764  ../data/adolescent_valid.txt
[2022-04-10 13:55:45.478]         test  tokens: 177263  ../data/adult_test.txt
[2022-04-10 13:55:45.478] corpus.ntokens      : 196
[2022-04-10 13:55:45.478] corpus.char_count   : 86
[2022-04-10 13:55:45.478] corpus.char_cnt_dict: 86
[2022-04-10 13:55:45.478] corpus.char_id_dict : 86
[2022-04-10 13:55:45.490] corpus.batchify(1 files, batch_size=20)...
[2022-04-10 13:55:45.490]         tokens_all: 1486331
[2022-04-10 13:55:45.490]         batched   :  74316
[2022-04-10 13:55:45.490]         ../data/cbt_train.txt
[2022-04-10 13:55:45.500] corpus.batchify(1 files, batch_size=20)...
[2022-04-10 13:55:45.500]         tokens_all: 569395
[2022-04-10 13:55:45.500]         batched   :  28469
[2022-04-10 13:55:45.500]         ../data/cbt_valid.txt
[2022-04-10 13:55:45.503] corpus.batchify(1 files, batch_size=20)...
[2022-04-10 13:55:45.503]         tokens_all: 163764
[2022-04-10 13:55:45.503]         batched   :   8188
[2022-04-10 13:55:45.503]         ../data/adolescent_valid.txt
[2022-04-10 13:55:45.505] corpus.batchify(1 files, batch_size=20)...
[2022-04-10 13:55:45.505]         tokens_all: 177263
[2022-04-10 13:55:45.505]         batched   :   8863
[2022-04-10 13:55:45.505]         ../data/adult_test.txt
[2022-04-10 13:55:45.513] RNNModel.rnn_type: LSTM
[2022-04-10 13:55:45.513] RNNModel.ntoken  : 196
[2022-04-10 13:55:45.513] RNNModel.ninp    : 200
[2022-04-10 13:55:45.513] RNNModel.nhid    : 200
[2022-04-10 13:55:45.513] RNNModel.nlayers : 2
[2022-04-10 13:55:45.513] RNNModel.dropout : 0.2
[2022-04-10 13:55:45.513] RNNModel.tie_weights: False
[2022-04-10 13:55:45.513] RNNModel.char_mode  : CNN
[2022-04-10 13:55:45.513] RNNModel.char_cnt   : 87
[2022-04-10 13:55:45.513] RNNModel.char_emsize: 25
[2022-04-10 13:55:45.513] RNNModel.char_nhid  : 200
[2022-04-10 13:55:45.514] RNNModel.char_embeds: created
[2022-04-10 13:55:45.514] RNNModel.char_cnn3  : created
[2022-04-10 13:55:45.516] Epoch 001/40 ==================================================
[2022-04-10 13:55:51.777] E001 |   200/2123 batches | lr 20.0000 | loss  4.482 | ppl     88.39
[2022-04-10 13:55:57.948] E001 |   400/2123 batches | lr 20.0000 | loss  3.724 | ppl     41.45
[2022-04-10 13:56:04.293] E001 |   600/2123 batches | lr 20.0000 | loss  3.337 | ppl     28.13
[2022-04-10 13:56:10.738] E001 |   800/2123 batches | lr 20.0000 | loss  3.182 | ppl     24.10
[2022-04-10 13:56:17.223] E001 |  1000/2123 batches | lr 20.0000 | loss  3.077 | ppl     21.69
[2022-04-10 13:56:23.681] E001 |  1200/2123 batches | lr 20.0000 | loss  2.955 | ppl     19.21
[2022-04-10 13:56:30.114] E001 |  1400/2123 batches | lr 20.0000 | loss  2.993 | ppl     19.95
[2022-04-10 13:56:36.553] E001 |  1600/2123 batches | lr 20.0000 | loss  2.945 | ppl     19.00
[2022-04-10 13:56:42.913] E001 |  1800/2123 batches | lr 20.0000 | loss  2.908 | ppl     18.33
[2022-04-10 13:56:49.276] E001 |  2000/2123 batches | lr 20.0000 | loss  2.901 | ppl     18.19
[2022-04-10 13:56:53.202] E001 |  2123/2123 batches | lr 20.0000 | loss  2.887 | ppl     17.93
[2022-04-10 13:57:03.726] End E001 | valid loss  3.010; ppl     20.29 | accu 0.3086 = 175714/569360
[2022-04-10 13:57:06.747] End E001 |  test loss  3.670; ppl     39.26 | accu 0.2408 = 39424/163740 ../data/adolescent_valid.txt
[2022-04-10 13:57:09.997] End E001 |  test loss  4.154; ppl     63.71 | accu 0.1705 = 30224/177240 ../data/adult_test.txt
[2022-04-10 13:57:09.998] Save: model.pt... 
[2022-04-10 13:57:10.007] Save: model.pt...Done. best_val_loss: 3.0103
[2022-04-10 13:57:10.007] Epoch 002/40 ==================================================
[2022-04-10 13:57:16.260] E002 |   200/2123 batches | lr 20.0000 | loss  2.859 | ppl     17.45
[2022-04-10 13:57:22.567] E002 |   400/2123 batches | lr 20.0000 | loss  2.795 | ppl     16.36
[2022-04-10 13:57:28.901] E002 |   600/2123 batches | lr 20.0000 | loss  2.817 | ppl     16.73
[2022-04-10 13:57:35.271] E002 |   800/2123 batches | lr 20.0000 | loss  2.829 | ppl     16.93
[2022-04-10 13:57:41.659] E002 |  1000/2123 batches | lr 20.0000 | loss  2.793 | ppl     16.32
[2022-04-10 13:57:48.033] E002 |  1200/2123 batches | lr 20.0000 | loss  2.720 | ppl     15.19
[2022-04-10 13:57:54.432] E002 |  1400/2123 batches | lr 20.0000 | loss  2.797 | ppl     16.40
[2022-04-10 13:58:00.734] E002 |  1600/2123 batches | lr 20.0000 | loss  2.773 | ppl     16.00
[2022-04-10 13:58:07.035] E002 |  1800/2123 batches | lr 20.0000 | loss  2.755 | ppl     15.72
[2022-04-10 13:58:13.326] E002 |  2000/2123 batches | lr 20.0000 | loss  2.759 | ppl     15.78
[2022-04-10 13:58:17.194] E002 |  2123/2123 batches | lr 20.0000 | loss  2.744 | ppl     15.55
[2022-04-10 13:58:27.681] End E002 | valid loss  2.917; ppl     18.48 | accu 0.3281 = 186815/569360
[2022-04-10 13:58:30.695] End E002 |  test loss  3.611; ppl     37.01 | accu 0.2548 = 41716/163740 ../data/adolescent_valid.txt
[2022-04-10 13:58:33.949] End E002 |  test loss  4.121; ppl     61.63 | accu 0.1813 = 32138/177240 ../data/adult_test.txt
[2022-04-10 13:58:33.950] Save: model.pt... 
[2022-04-10 13:58:33.959] Save: model.pt...Done. best_val_loss: 2.9168
[2022-04-10 13:58:33.959] Epoch 003/40 ==================================================
[2022-04-10 13:58:40.245] E003 |   200/2123 batches | lr 20.0000 | loss  2.734 | ppl     15.39
[2022-04-10 13:58:46.646] E003 |   400/2123 batches | lr 20.0000 | loss  2.687 | ppl     14.68
[2022-04-10 13:58:53.162] E003 |   600/2123 batches | lr 20.0000 | loss  2.710 | ppl     15.02
[2022-04-10 13:58:59.907] E003 |   800/2123 batches | lr 20.0000 | loss  2.739 | ppl     15.47
[2022-04-10 13:59:06.197] E003 |  1000/2123 batches | lr 20.0000 | loss  2.707 | ppl     14.99
[2022-04-10 13:59:12.564] E003 |  1200/2123 batches | lr 20.0000 | loss  2.642 | ppl     14.04
[2022-04-10 13:59:18.939] E003 |  1400/2123 batches | lr 20.0000 | loss  2.732 | ppl     15.36
[2022-04-10 13:59:25.370] E003 |  1600/2123 batches | lr 20.0000 | loss  2.700 | ppl     14.88
[2022-04-10 13:59:31.826] E003 |  1800/2123 batches | lr 20.0000 | loss  2.689 | ppl     14.72
[2022-04-10 13:59:38.204] E003 |  2000/2123 batches | lr 20.0000 | loss  2.702 | ppl     14.90
[2022-04-10 13:59:41.983] E003 |  2123/2123 batches | lr 20.0000 | loss  2.688 | ppl     14.70
[2022-04-10 13:59:52.534] End E003 | valid loss  2.863; ppl     17.51 | accu 0.3404 = 193831/569360
[2022-04-10 13:59:55.583] End E003 |  test loss  3.570; ppl     35.52 | accu 0.2642 = 43268/163740 ../data/adolescent_valid.txt
[2022-04-10 13:59:58.853] End E003 |  test loss  4.128; ppl     62.06 | accu 0.1873 = 33194/177240 ../data/adult_test.txt
[2022-04-10 13:59:58.853] Save: model.pt... 
[2022-04-10 13:59:58.862] Save: model.pt...Done. best_val_loss: 2.8626
[2022-04-10 13:59:58.862] Epoch 004/40 ==================================================
[2022-04-10 14:00:05.176] E004 |   200/2123 batches | lr 20.0000 | loss  2.681 | ppl     14.60
[2022-04-10 14:00:11.603] E004 |   400/2123 batches | lr 20.0000 | loss  2.641 | ppl     14.02
[2022-04-10 14:00:18.198] E004 |   600/2123 batches | lr 20.0000 | loss  2.670 | ppl     14.44
[2022-04-10 14:00:24.565] E004 |   800/2123 batches | lr 20.0000 | loss  2.701 | ppl     14.89
[2022-04-10 14:00:30.869] E004 |  1000/2123 batches | lr 20.0000 | loss  2.667 | ppl     14.40
[2022-04-10 14:00:37.188] E004 |  1200/2123 batches | lr 20.0000 | loss  2.603 | ppl     13.50
[2022-04-10 14:00:43.831] E004 |  1400/2123 batches | lr 20.0000 | loss  2.693 | ppl     14.77
[2022-04-10 14:00:51.115] E004 |  1600/2123 batches | lr 20.0000 | loss  2.669 | ppl     14.43
[2022-04-10 14:00:57.505] E004 |  1800/2123 batches | lr 20.0000 | loss  2.665 | ppl     14.37
[2022-04-10 14:01:03.887] E004 |  2000/2123 batches | lr 20.0000 | loss  2.670 | ppl     14.43
[2022-04-10 14:01:07.817] E004 |  2123/2123 batches | lr 20.0000 | loss  2.661 | ppl     14.32
[2022-04-10 14:01:18.389] End E004 | valid loss  2.844; ppl     17.19 | accu 0.3464 = 197215/569360
[2022-04-10 14:01:21.399] End E004 |  test loss  3.562; ppl     35.23 | accu 0.2663 = 43600/163740 ../data/adolescent_valid.txt
[2022-04-10 14:01:24.655] End E004 |  test loss  4.142; ppl     62.94 | accu 0.1929 = 34181/177240 ../data/adult_test.txt
[2022-04-10 14:01:24.655] Save: model.pt... 
[2022-04-10 14:01:24.664] Save: model.pt...Done. best_val_loss: 2.8443
[2022-04-10 14:01:24.664] Epoch 005/40 ==================================================
[2022-04-10 14:01:30.914] E005 |   200/2123 batches | lr 20.0000 | loss  2.652 | ppl     14.19
[2022-04-10 14:01:37.214] E005 |   400/2123 batches | lr 20.0000 | loss  2.613 | ppl     13.65
[2022-04-10 14:01:43.536] E005 |   600/2123 batches | lr 20.0000 | loss  2.650 | ppl     14.15
[2022-04-10 14:01:49.849] E005 |   800/2123 batches | lr 20.0000 | loss  2.675 | ppl     14.51
[2022-04-10 14:01:56.212] E005 |  1000/2123 batches | lr 20.0000 | loss  2.649 | ppl     14.14
[2022-04-10 14:02:02.578] E005 |  1200/2123 batches | lr 20.0000 | loss  2.584 | ppl     13.24
[2022-04-10 14:02:08.894] E005 |  1400/2123 batches | lr 20.0000 | loss  2.678 | ppl     14.55
[2022-04-10 14:02:15.243] E005 |  1600/2123 batches | lr 20.0000 | loss  2.661 | ppl     14.31
[2022-04-10 14:02:21.576] E005 |  1800/2123 batches | lr 20.0000 | loss  2.647 | ppl     14.11
[2022-04-10 14:02:27.902] E005 |  2000/2123 batches | lr 20.0000 | loss  2.655 | ppl     14.23
[2022-04-10 14:02:31.776] E005 |  2123/2123 batches | lr 20.0000 | loss  2.649 | ppl     14.14
[2022-04-10 14:02:42.335] End E005 | valid loss  2.830; ppl     16.95 | accu 0.3495 = 198986/569360
[2022-04-10 14:02:45.358] End E005 |  test loss  3.577; ppl     35.78 | accu 0.2680 = 43884/163740 ../data/adolescent_valid.txt
[2022-04-10 14:02:48.628] End E005 |  test loss  4.122; ppl     61.66 | accu 0.1946 = 34488/177240 ../data/adult_test.txt
[2022-04-10 14:02:48.628] Save: model.pt... 
[2022-04-10 14:02:48.638] Save: model.pt...Done. best_val_loss: 2.8302
[2022-04-10 14:02:48.638] Epoch 006/40 ==================================================
[2022-04-10 14:02:55.855] E006 |   200/2123 batches | lr 20.0000 | loss  2.640 | ppl     14.02
[2022-04-10 14:03:03.134] E006 |   400/2123 batches | lr 20.0000 | loss  2.600 | ppl     13.46
[2022-04-10 14:03:10.365] E006 |   600/2123 batches | lr 20.0000 | loss  2.638 | ppl     13.98
[2022-04-10 14:03:17.082] E006 |   800/2123 batches | lr 20.0000 | loss  2.671 | ppl     14.46
[2022-04-10 14:03:23.404] E006 |  1000/2123 batches | lr 20.0000 | loss  2.643 | ppl     14.06
[2022-04-10 14:03:29.425] E006 |  1200/2123 batches | lr 20.0000 | loss  2.573 | ppl     13.11
[2022-04-10 14:03:35.477] E006 |  1400/2123 batches | lr 20.0000 | loss  2.669 | ppl     14.43
[2022-04-10 14:03:41.510] E006 |  1600/2123 batches | lr 20.0000 | loss  2.643 | ppl     14.06
[2022-04-10 14:03:47.552] E006 |  1800/2123 batches | lr 20.0000 | loss  2.639 | ppl     13.99
[2022-04-10 14:03:53.580] E006 |  2000/2123 batches | lr 20.0000 | loss  2.649 | ppl     14.14
[2022-04-10 14:03:57.366] E006 |  2123/2123 batches | lr 20.0000 | loss  2.634 | ppl     13.93
[2022-04-10 14:04:07.879] End E006 | valid loss  2.822; ppl     16.82 | accu 0.3500 = 199288/569360
[2022-04-10 14:04:10.889] End E006 |  test loss  3.547; ppl     34.70 | accu 0.2714 = 44436/163740 ../data/adolescent_valid.txt
[2022-04-10 14:04:14.131] End E006 |  test loss  4.114; ppl     61.19 | accu 0.1959 = 34723/177240 ../data/adult_test.txt
[2022-04-10 14:04:14.131] Save: model.pt... 
[2022-04-10 14:04:14.140] Save: model.pt...Done. best_val_loss: 2.8223
[2022-04-10 14:04:14.140] Epoch 007/40 ==================================================
[2022-04-10 14:04:20.399] E007 |   200/2123 batches | lr 20.0000 | loss  2.634 | ppl     13.93
[2022-04-10 14:04:27.672] E007 |   400/2123 batches | lr 20.0000 | loss  2.596 | ppl     13.41
[2022-04-10 14:04:34.148] E007 |   600/2123 batches | lr 20.0000 | loss  2.632 | ppl     13.91
[2022-04-10 14:04:40.478] E007 |   800/2123 batches | lr 20.0000 | loss  2.659 | ppl     14.29
[2022-04-10 14:04:47.055] E007 |  1000/2123 batches | lr 20.0000 | loss  2.637 | ppl     13.97
[2022-04-10 14:04:53.784] E007 |  1200/2123 batches | lr 20.0000 | loss  2.575 | ppl     13.13
[2022-04-10 14:05:01.046] E007 |  1400/2123 batches | lr 20.0000 | loss  2.669 | ppl     14.42
[2022-04-10 14:05:08.343] E007 |  1600/2123 batches | lr 20.0000 | loss  2.642 | ppl     14.04
[2022-04-10 14:05:15.603] E007 |  1800/2123 batches | lr 20.0000 | loss  2.633 | ppl     13.92
[2022-04-10 14:05:22.871] E007 |  2000/2123 batches | lr 20.0000 | loss  2.645 | ppl     14.08
[2022-04-10 14:05:26.953] E007 |  2123/2123 batches | lr 20.0000 | loss  2.632 | ppl     13.91
[2022-04-10 14:05:37.515] End E007 | valid loss  2.834; ppl     17.01 | accu 0.3480 = 198125/569360
[2022-04-10 14:05:40.551] End E007 |  test loss  3.594; ppl     36.39 | accu 0.2710 = 44372/163740 ../data/adolescent_valid.txt
[2022-04-10 14:05:43.834] End E007 |  test loss  4.165; ppl     64.41 | accu 0.1947 = 34502/177240 ../data/adult_test.txt
[2022-04-10 14:05:43.835] Epoch 008/40 ==================================================
[2022-04-10 14:05:50.051] E008 |   200/2123 batches | lr 10.0000 | loss  2.599 | ppl     13.45
[2022-04-10 14:05:56.374] E008 |   400/2123 batches | lr 10.0000 | loss  2.536 | ppl     12.63
[2022-04-10 14:06:02.676] E008 |   600/2123 batches | lr 10.0000 | loss  2.559 | ppl     12.93
[2022-04-10 14:06:09.004] E008 |   800/2123 batches | lr 10.0000 | loss  2.577 | ppl     13.15
[2022-04-10 14:06:15.323] E008 |  1000/2123 batches | lr 10.0000 | loss  2.548 | ppl     12.78
[2022-04-10 14:06:21.652] E008 |  1200/2123 batches | lr 10.0000 | loss  2.478 | ppl     11.92
[2022-04-10 14:06:27.962] E008 |  1400/2123 batches | lr 10.0000 | loss  2.563 | ppl     12.97
[2022-04-10 14:06:34.356] E008 |  1600/2123 batches | lr 10.0000 | loss  2.534 | ppl     12.60
[2022-04-10 14:06:40.815] E008 |  1800/2123 batches | lr 10.0000 | loss  2.527 | ppl     12.51
[2022-04-10 14:06:47.142] E008 |  2000/2123 batches | lr 10.0000 | loss  2.530 | ppl     12.56
[2022-04-10 14:06:51.037] E008 |  2123/2123 batches | lr 10.0000 | loss  2.520 | ppl     12.43
[2022-04-10 14:07:01.552] End E008 | valid loss  2.734; ppl     15.40 | accu 0.3682 = 209648/569360
[2022-04-10 14:07:04.566] End E008 |  test loss  3.497; ppl     33.02 | accu 0.2861 = 46839/163740 ../data/adolescent_valid.txt
[2022-04-10 14:07:07.822] End E008 |  test loss  4.077; ppl     58.98 | accu 0.2068 = 36657/177240 ../data/adult_test.txt
[2022-04-10 14:07:07.822] Save: model.pt... 
[2022-04-10 14:07:07.831] Save: model.pt...Done. best_val_loss: 2.7342
[2022-04-10 14:07:07.831] Epoch 009/40 ==================================================
[2022-04-10 14:07:14.044] E009 |   200/2123 batches | lr 10.0000 | loss  2.519 | ppl     12.41
[2022-04-10 14:07:20.329] E009 |   400/2123 batches | lr 10.0000 | loss  2.484 | ppl     11.99
[2022-04-10 14:07:26.628] E009 |   600/2123 batches | lr 10.0000 | loss  2.511 | ppl     12.31
[2022-04-10 14:07:32.917] E009 |   800/2123 batches | lr 10.0000 | loss  2.538 | ppl     12.66
[2022-04-10 14:07:39.226] E009 |  1000/2123 batches | lr 10.0000 | loss  2.513 | ppl     12.35
[2022-04-10 14:07:45.934] E009 |  1200/2123 batches | lr 10.0000 | loss  2.450 | ppl     11.59
[2022-04-10 14:07:52.253] E009 |  1400/2123 batches | lr 10.0000 | loss  2.532 | ppl     12.58
[2022-04-10 14:07:58.560] E009 |  1600/2123 batches | lr 10.0000 | loss  2.509 | ppl     12.30
[2022-04-10 14:08:04.885] E009 |  1800/2123 batches | lr 10.0000 | loss  2.506 | ppl     12.25
[2022-04-10 14:08:11.185] E009 |  2000/2123 batches | lr 10.0000 | loss  2.508 | ppl     12.28
[2022-04-10 14:08:15.073] E009 |  2123/2123 batches | lr 10.0000 | loss  2.503 | ppl     12.22
[2022-04-10 14:08:25.619] End E009 | valid loss  2.720; ppl     15.18 | accu 0.3705 = 210959/569360
[2022-04-10 14:08:28.646] End E009 |  test loss  3.480; ppl     32.45 | accu 0.2904 = 47551/163740 ../data/adolescent_valid.txt
[2022-04-10 14:08:31.910] End E009 |  test loss  4.084; ppl     59.37 | accu 0.2084 = 36936/177240 ../data/adult_test.txt
[2022-04-10 14:08:31.910] Save: model.pt... 
[2022-04-10 14:08:31.919] Save: model.pt...Done. best_val_loss: 2.7199
[2022-04-10 14:08:31.919] Epoch 010/40 ==================================================
[2022-04-10 14:08:38.146] E010 |   200/2123 batches | lr 10.0000 | loss  2.497 | ppl     12.15
[2022-04-10 14:08:44.456] E010 |   400/2123 batches | lr 10.0000 | loss  2.466 | ppl     11.77
[2022-04-10 14:08:51.590] E010 |   600/2123 batches | lr 10.0000 | loss  2.491 | ppl     12.08
[2022-04-10 14:08:58.854] E010 |   800/2123 batches | lr 10.0000 | loss  2.517 | ppl     12.40
[2022-04-10 14:09:05.856] E010 |  1000/2123 batches | lr 10.0000 | loss  2.495 | ppl     12.12
[2022-04-10 14:09:12.233] E010 |  1200/2123 batches | lr 10.0000 | loss  2.436 | ppl     11.43
[2022-04-10 14:09:18.742] E010 |  1400/2123 batches | lr 10.0000 | loss  2.517 | ppl     12.40
[2022-04-10 14:09:25.335] E010 |  1600/2123 batches | lr 10.0000 | loss  2.497 | ppl     12.14
[2022-04-10 14:09:32.460] E010 |  1800/2123 batches | lr 10.0000 | loss  2.492 | ppl     12.08
[2022-04-10 14:09:38.811] E010 |  2000/2123 batches | lr 10.0000 | loss  2.498 | ppl     12.16
[2022-04-10 14:09:42.742] E010 |  2123/2123 batches | lr 10.0000 | loss  2.495 | ppl     12.12
[2022-04-10 14:09:53.369] End E010 | valid loss  2.712; ppl     15.06 | accu 0.3718 = 211696/569360
[2022-04-10 14:09:56.405] End E010 |  test loss  3.480; ppl     32.46 | accu 0.2924 = 47879/163740 ../data/adolescent_valid.txt
[2022-04-10 14:09:59.702] End E010 |  test loss  4.091; ppl     59.82 | accu 0.2094 = 37113/177240 ../data/adult_test.txt
[2022-04-10 14:09:59.702] Save: model.pt... 
[2022-04-10 14:09:59.711] Save: model.pt...Done. best_val_loss: 2.7121
[2022-04-10 14:09:59.712] Epoch 011/40 ==================================================
[2022-04-10 14:10:05.975] E011 |   200/2123 batches | lr 10.0000 | loss  2.480 | ppl     11.94
[2022-04-10 14:10:12.460] E011 |   400/2123 batches | lr 10.0000 | loss  2.451 | ppl     11.61
[2022-04-10 14:10:18.978] E011 |   600/2123 batches | lr 10.0000 | loss  2.476 | ppl     11.89
[2022-04-10 14:10:25.383] E011 |   800/2123 batches | lr 10.0000 | loss  2.506 | ppl     12.26
[2022-04-10 14:10:31.719] E011 |  1000/2123 batches | lr 10.0000 | loss  2.482 | ppl     11.96
[2022-04-10 14:10:38.183] E011 |  1200/2123 batches | lr 10.0000 | loss  2.422 | ppl     11.27
[2022-04-10 14:10:44.969] E011 |  1400/2123 batches | lr 10.0000 | loss  2.508 | ppl     12.28
[2022-04-10 14:10:51.333] E011 |  1600/2123 batches | lr 10.0000 | loss  2.486 | ppl     12.01
[2022-04-10 14:10:57.701] E011 |  1800/2123 batches | lr 10.0000 | loss  2.481 | ppl     11.96
[2022-04-10 14:11:04.077] E011 |  2000/2123 batches | lr 10.0000 | loss  2.488 | ppl     12.03
[2022-04-10 14:11:07.989] E011 |  2123/2123 batches | lr 10.0000 | loss  2.480 | ppl     11.94
[2022-04-10 14:11:18.575] End E011 | valid loss  2.713; ppl     15.07 | accu 0.3730 = 212357/569360
[2022-04-10 14:11:21.610] End E011 |  test loss  3.483; ppl     32.57 | accu 0.2927 = 47932/163740 ../data/adolescent_valid.txt
[2022-04-10 14:11:24.872] End E011 |  test loss  4.090; ppl     59.72 | accu 0.2091 = 37069/177240 ../data/adult_test.txt
[2022-04-10 14:11:24.872] Epoch 012/40 ==================================================
[2022-04-10 14:11:31.082] E012 |   200/2123 batches | lr 5.0000 | loss  2.468 | ppl     11.79
[2022-04-10 14:11:38.438] E012 |   400/2123 batches | lr 5.0000 | loss  2.429 | ppl     11.34
[2022-04-10 14:11:45.694] E012 |   600/2123 batches | lr 5.0000 | loss  2.449 | ppl     11.58
[2022-04-10 14:11:52.969] E012 |   800/2123 batches | lr 5.0000 | loss  2.474 | ppl     11.87
[2022-04-10 14:12:00.224] E012 |  1000/2123 batches | lr 5.0000 | loss  2.448 | ppl     11.57
[2022-04-10 14:12:07.606] E012 |  1200/2123 batches | lr 5.0000 | loss  2.387 | ppl     10.88
[2022-04-10 14:12:14.887] E012 |  1400/2123 batches | lr 5.0000 | loss  2.462 | ppl     11.73
[2022-04-10 14:12:22.234] E012 |  1600/2123 batches | lr 5.0000 | loss  2.443 | ppl     11.51
[2022-04-10 14:12:29.471] E012 |  1800/2123 batches | lr 5.0000 | loss  2.436 | ppl     11.42
[2022-04-10 14:12:36.717] E012 |  2000/2123 batches | lr 5.0000 | loss  2.440 | ppl     11.47
[2022-04-10 14:12:41.186] E012 |  2123/2123 batches | lr 5.0000 | loss  2.433 | ppl     11.40
[2022-04-10 14:12:54.193] End E012 | valid loss  2.672; ppl     14.47 | accu 0.3805 = 216648/569360
[2022-04-10 14:12:57.878] End E012 |  test loss  3.445; ppl     31.36 | accu 0.2989 = 48935/163740 ../data/adolescent_valid.txt
[2022-04-10 14:13:01.879] End E012 |  test loss  4.049; ppl     57.33 | accu 0.2148 = 38070/177240 ../data/adult_test.txt
[2022-04-10 14:13:01.879] Save: model.pt... 
[2022-04-10 14:13:01.889] Save: model.pt...Done. best_val_loss: 2.6722
[2022-04-10 14:13:01.889] Epoch 013/40 ==================================================
[2022-04-10 14:13:08.257] E013 |   200/2123 batches | lr 5.0000 | loss  2.434 | ppl     11.40
[2022-04-10 14:13:14.586] E013 |   400/2123 batches | lr 5.0000 | loss  2.401 | ppl     11.03
[2022-04-10 14:13:20.890] E013 |   600/2123 batches | lr 5.0000 | loss  2.427 | ppl     11.32
[2022-04-10 14:13:27.187] E013 |   800/2123 batches | lr 5.0000 | loss  2.458 | ppl     11.69
[2022-04-10 14:13:33.543] E013 |  1000/2123 batches | lr 5.0000 | loss  2.430 | ppl     11.36
[2022-04-10 14:13:39.867] E013 |  1200/2123 batches | lr 5.0000 | loss  2.367 | ppl     10.66
[2022-04-10 14:13:46.182] E013 |  1400/2123 batches | lr 5.0000 | loss  2.456 | ppl     11.66
[2022-04-10 14:13:52.482] E013 |  1600/2123 batches | lr 5.0000 | loss  2.435 | ppl     11.41
[2022-04-10 14:13:58.887] E013 |  1800/2123 batches | lr 5.0000 | loss  2.426 | ppl     11.32
[2022-04-10 14:14:05.328] E013 |  2000/2123 batches | lr 5.0000 | loss  2.433 | ppl     11.39
[2022-04-10 14:14:09.199] E013 |  2123/2123 batches | lr 5.0000 | loss  2.421 | ppl     11.26
[2022-04-10 14:14:19.759] End E013 | valid loss  2.666; ppl     14.38 | accu 0.3827 = 217903/569360
[2022-04-10 14:14:22.785] End E013 |  test loss  3.453; ppl     31.61 | accu 0.2995 = 49046/163740 ../data/adolescent_valid.txt
[2022-04-10 14:14:26.065] End E013 |  test loss  4.073; ppl     58.73 | accu 0.2144 = 37995/177240 ../data/adult_test.txt
[2022-04-10 14:14:26.066] Save: model.pt... 
[2022-04-10 14:14:26.075] Save: model.pt...Done. best_val_loss: 2.6662
[2022-04-10 14:14:26.075] Epoch 014/40 ==================================================
[2022-04-10 14:14:32.713] E014 |   200/2123 batches | lr 5.0000 | loss  2.423 | ppl     11.28
[2022-04-10 14:14:39.845] E014 |   400/2123 batches | lr 5.0000 | loss  2.393 | ppl     10.95
[2022-04-10 14:14:46.168] E014 |   600/2123 batches | lr 5.0000 | loss  2.417 | ppl     11.22
[2022-04-10 14:14:52.617] E014 |   800/2123 batches | lr 5.0000 | loss  2.444 | ppl     11.51
[2022-04-10 14:14:58.938] E014 |  1000/2123 batches | lr 5.0000 | loss  2.423 | ppl     11.28
[2022-04-10 14:15:05.322] E014 |  1200/2123 batches | lr 5.0000 | loss  2.365 | ppl     10.64
[2022-04-10 14:15:11.662] E014 |  1400/2123 batches | lr 5.0000 | loss  2.447 | ppl     11.55
[2022-04-10 14:15:17.980] E014 |  1600/2123 batches | lr 5.0000 | loss  2.425 | ppl     11.30
[2022-04-10 14:15:24.326] E014 |  1800/2123 batches | lr 5.0000 | loss  2.421 | ppl     11.25
[2022-04-10 14:15:30.660] E014 |  2000/2123 batches | lr 5.0000 | loss  2.426 | ppl     11.31
[2022-04-10 14:15:34.533] E014 |  2123/2123 batches | lr 5.0000 | loss  2.422 | ppl     11.27
[2022-04-10 14:15:45.073] End E014 | valid loss  2.663; ppl     14.34 | accu 0.3819 = 217442/569360
[2022-04-10 14:15:48.127] End E014 |  test loss  3.442; ppl     31.26 | accu 0.3014 = 49359/163740 ../data/adolescent_valid.txt
[2022-04-10 14:15:51.400] End E014 |  test loss  4.059; ppl     57.90 | accu 0.2146 = 38032/177240 ../data/adult_test.txt
[2022-04-10 14:15:51.400] Save: model.pt... 
[2022-04-10 14:15:51.410] Save: model.pt...Done. best_val_loss: 2.6627
[2022-04-10 14:15:51.410] Epoch 015/40 ==================================================
[2022-04-10 14:15:57.683] E015 |   200/2123 batches | lr 5.0000 | loss  2.415 | ppl     11.19
[2022-04-10 14:16:03.994] E015 |   400/2123 batches | lr 5.0000 | loss  2.384 | ppl     10.85
[2022-04-10 14:16:10.306] E015 |   600/2123 batches | lr 5.0000 | loss  2.413 | ppl     11.17
[2022-04-10 14:16:16.620] E015 |   800/2123 batches | lr 5.0000 | loss  2.440 | ppl     11.47
[2022-04-10 14:16:22.957] E015 |  1000/2123 batches | lr 5.0000 | loss  2.417 | ppl     11.21
[2022-04-10 14:16:29.264] E015 |  1200/2123 batches | lr 5.0000 | loss  2.356 | ppl     10.54
[2022-04-10 14:16:36.026] E015 |  1400/2123 batches | lr 5.0000 | loss  2.438 | ppl     11.45
[2022-04-10 14:16:43.311] E015 |  1600/2123 batches | lr 5.0000 | loss  2.420 | ppl     11.25
[2022-04-10 14:16:50.557] E015 |  1800/2123 batches | lr 5.0000 | loss  2.414 | ppl     11.18
[2022-04-10 14:16:57.031] E015 |  2000/2123 batches | lr 5.0000 | loss  2.420 | ppl     11.24
[2022-04-10 14:17:00.739] E015 |  2123/2123 batches | lr 5.0000 | loss  2.415 | ppl     11.19
[2022-04-10 14:17:11.257] End E015 | valid loss  2.663; ppl     14.34 | accu 0.3825 = 217767/569360
[2022-04-10 14:17:14.289] End E015 |  test loss  3.438; ppl     31.13 | accu 0.3009 = 49275/163740 ../data/adolescent_valid.txt
[2022-04-10 14:17:17.550] End E015 |  test loss  4.060; ppl     57.97 | accu 0.2149 = 38097/177240 ../data/adult_test.txt
[2022-04-10 14:17:17.550] Epoch 016/40 ==================================================
[2022-04-10 14:17:23.495] E016 |   200/2123 batches | lr 2.5000 | loss  2.406 | ppl     11.09
[2022-04-10 14:17:29.803] E016 |   400/2123 batches | lr 2.5000 | loss  2.376 | ppl     10.76
[2022-04-10 14:17:36.109] E016 |   600/2123 batches | lr 2.5000 | loss  2.397 | ppl     10.99
[2022-04-10 14:17:42.436] E016 |   800/2123 batches | lr 2.5000 | loss  2.425 | ppl     11.30
[2022-04-10 14:17:48.736] E016 |  1000/2123 batches | lr 2.5000 | loss  2.397 | ppl     11.00
[2022-04-10 14:17:55.045] E016 |  1200/2123 batches | lr 2.5000 | loss  2.339 | ppl     10.38
[2022-04-10 14:18:01.333] E016 |  1400/2123 batches | lr 2.5000 | loss  2.421 | ppl     11.26
[2022-04-10 14:18:07.635] E016 |  1600/2123 batches | lr 2.5000 | loss  2.399 | ppl     11.01
[2022-04-10 14:18:13.924] E016 |  1800/2123 batches | lr 2.5000 | loss  2.396 | ppl     10.98
[2022-04-10 14:18:20.230] E016 |  2000/2123 batches | lr 2.5000 | loss  2.397 | ppl     10.99
[2022-04-10 14:18:24.095] E016 |  2123/2123 batches | lr 2.5000 | loss  2.391 | ppl     10.93
[2022-04-10 14:18:34.622] End E016 | valid loss  2.647; ppl     14.12 | accu 0.3858 = 219678/569360
[2022-04-10 14:18:37.626] End E016 |  test loss  3.433; ppl     30.98 | accu 0.3035 = 49690/163740 ../data/adolescent_valid.txt
[2022-04-10 14:18:40.876] End E016 |  test loss  4.055; ppl     57.67 | accu 0.2166 = 38389/177240 ../data/adult_test.txt
[2022-04-10 14:18:40.876] Save: model.pt... 
[2022-04-10 14:18:40.885] Save: model.pt...Done. best_val_loss: 2.6473
[2022-04-10 14:18:40.885] Epoch 017/40 ==================================================
[2022-04-10 14:18:47.136] E017 |   200/2123 batches | lr 2.5000 | loss  2.392 | ppl     10.93
[2022-04-10 14:18:53.682] E017 |   400/2123 batches | lr 2.5000 | loss  2.362 | ppl     10.61
[2022-04-10 14:19:00.062] E017 |   600/2123 batches | lr 2.5000 | loss  2.389 | ppl     10.90
[2022-04-10 14:19:06.490] E017 |   800/2123 batches | lr 2.5000 | loss  2.414 | ppl     11.18
[2022-04-10 14:19:12.830] E017 |  1000/2123 batches | lr 2.5000 | loss  2.391 | ppl     10.92
[2022-04-10 14:19:18.864] E017 |  1200/2123 batches | lr 2.5000 | loss  2.334 | ppl     10.32
[2022-04-10 14:19:24.890] E017 |  1400/2123 batches | lr 2.5000 | loss  2.416 | ppl     11.20
[2022-04-10 14:19:30.933] E017 |  1600/2123 batches | lr 2.5000 | loss  2.395 | ppl     10.97
[2022-04-10 14:19:36.968] E017 |  1800/2123 batches | lr 2.5000 | loss  2.391 | ppl     10.92
[2022-04-10 14:19:43.016] E017 |  2000/2123 batches | lr 2.5000 | loss  2.398 | ppl     11.01
[2022-04-10 14:19:46.739] E017 |  2123/2123 batches | lr 2.5000 | loss  2.387 | ppl     10.89
[2022-04-10 14:19:57.268] End E017 | valid loss  2.641; ppl     14.03 | accu 0.3864 = 220004/569360
[2022-04-10 14:20:00.296] End E017 |  test loss  3.430; ppl     30.87 | accu 0.3033 = 49669/163740 ../data/adolescent_valid.txt
[2022-04-10 14:20:03.562] End E017 |  test loss  4.048; ppl     57.26 | accu 0.2171 = 38470/177240 ../data/adult_test.txt
[2022-04-10 14:20:03.562] Save: model.pt... 
[2022-04-10 14:20:03.571] Save: model.pt...Done. best_val_loss: 2.6413
[2022-04-10 14:20:03.571] Epoch 018/40 ==================================================
[2022-04-10 14:20:09.520] E018 |   200/2123 batches | lr 2.5000 | loss  2.384 | ppl     10.84
[2022-04-10 14:20:15.697] E018 |   400/2123 batches | lr 2.5000 | loss  2.356 | ppl     10.54
[2022-04-10 14:20:22.014] E018 |   600/2123 batches | lr 2.5000 | loss  2.382 | ppl     10.83
[2022-04-10 14:20:28.345] E018 |   800/2123 batches | lr 2.5000 | loss  2.410 | ppl     11.13
[2022-04-10 14:20:34.806] E018 |  1000/2123 batches | lr 2.5000 | loss  2.386 | ppl     10.87
[2022-04-10 14:20:41.422] E018 |  1200/2123 batches | lr 2.5000 | loss  2.329 | ppl     10.26
[2022-04-10 14:20:48.378] E018 |  1400/2123 batches | lr 2.5000 | loss  2.411 | ppl     11.14
[2022-04-10 14:20:54.728] E018 |  1600/2123 batches | lr 2.5000 | loss  2.391 | ppl     10.92
[2022-04-10 14:21:01.045] E018 |  1800/2123 batches | lr 2.5000 | loss  2.386 | ppl     10.87
[2022-04-10 14:21:07.369] E018 |  2000/2123 batches | lr 2.5000 | loss  2.391 | ppl     10.93
[2022-04-10 14:21:11.301] E018 |  2123/2123 batches | lr 2.5000 | loss  2.383 | ppl     10.84
[2022-04-10 14:21:21.843] End E018 | valid loss  2.641; ppl     14.03 | accu 0.3865 = 220071/569360
[2022-04-10 14:21:24.869] End E018 |  test loss  3.432; ppl     30.93 | accu 0.3046 = 49873/163740 ../data/adolescent_valid.txt
[2022-04-10 14:21:28.117] End E018 |  test loss  4.060; ppl     57.97 | accu 0.2168 = 38422/177240 ../data/adult_test.txt
[2022-04-10 14:21:28.117] Epoch 019/40 ==================================================
[2022-04-10 14:21:34.389] E019 |   200/2123 batches | lr 1.2500 | loss  2.384 | ppl     10.85
[2022-04-10 14:21:40.714] E019 |   400/2123 batches | lr 1.2500 | loss  2.355 | ppl     10.53
[2022-04-10 14:21:47.009] E019 |   600/2123 batches | lr 1.2500 | loss  2.376 | ppl     10.76
[2022-04-10 14:21:53.325] E019 |   800/2123 batches | lr 1.2500 | loss  2.405 | ppl     11.07
[2022-04-10 14:21:59.550] E019 |  1000/2123 batches | lr 1.2500 | loss  2.382 | ppl     10.83
[2022-04-10 14:22:05.837] E019 |  1200/2123 batches | lr 1.2500 | loss  2.322 | ppl     10.19
[2022-04-10 14:22:12.109] E019 |  1400/2123 batches | lr 1.2500 | loss  2.400 | ppl     11.03
[2022-04-10 14:22:18.531] E019 |  1600/2123 batches | lr 1.2500 | loss  2.380 | ppl     10.81
[2022-04-10 14:22:24.988] E019 |  1800/2123 batches | lr 1.2500 | loss  2.374 | ppl     10.74
[2022-04-10 14:22:31.356] E019 |  2000/2123 batches | lr 1.2500 | loss  2.378 | ppl     10.78
[2022-04-10 14:22:35.285] E019 |  2123/2123 batches | lr 1.2500 | loss  2.372 | ppl     10.71
[2022-04-10 14:22:45.799] End E019 | valid loss  2.634; ppl     13.93 | accu 0.3875 = 220641/569360
[2022-04-10 14:22:48.850] End E019 |  test loss  3.426; ppl     30.77 | accu 0.3053 = 49994/163740 ../data/adolescent_valid.txt
[2022-04-10 14:22:52.097] End E019 |  test loss  4.053; ppl     57.59 | accu 0.2176 = 38576/177240 ../data/adult_test.txt
[2022-04-10 14:22:52.097] Save: model.pt... 
[2022-04-10 14:22:52.106] Save: model.pt...Done. best_val_loss: 2.6341
[2022-04-10 14:22:52.106] Epoch 020/40 ==================================================
[2022-04-10 14:22:58.353] E020 |   200/2123 batches | lr 1.2500 | loss  2.374 | ppl     10.74
[2022-04-10 14:23:04.633] E020 |   400/2123 batches | lr 1.2500 | loss  2.350 | ppl     10.48
[2022-04-10 14:23:10.936] E020 |   600/2123 batches | lr 1.2500 | loss  2.371 | ppl     10.71
[2022-04-10 14:23:17.226] E020 |   800/2123 batches | lr 1.2500 | loss  2.398 | ppl     11.00
[2022-04-10 14:23:23.532] E020 |  1000/2123 batches | lr 1.2500 | loss  2.375 | ppl     10.75
[2022-04-10 14:23:29.825] E020 |  1200/2123 batches | lr 1.2500 | loss  2.316 | ppl     10.13
[2022-04-10 14:23:36.119] E020 |  1400/2123 batches | lr 1.2500 | loss  2.398 | ppl     11.00
[2022-04-10 14:23:42.453] E020 |  1600/2123 batches | lr 1.2500 | loss  2.376 | ppl     10.76
[2022-04-10 14:23:48.850] E020 |  1800/2123 batches | lr 1.2500 | loss  2.372 | ppl     10.72
[2022-04-10 14:23:55.129] E020 |  2000/2123 batches | lr 1.2500 | loss  2.377 | ppl     10.77
[2022-04-10 14:23:58.998] E020 |  2123/2123 batches | lr 1.2500 | loss  2.373 | ppl     10.73
[2022-04-10 14:24:09.520] End E020 | valid loss  2.632; ppl     13.91 | accu 0.3879 = 220875/569360
[2022-04-10 14:24:12.535] End E020 |  test loss  3.427; ppl     30.79 | accu 0.3060 = 50107/163740 ../data/adolescent_valid.txt
[2022-04-10 14:24:15.791] End E020 |  test loss  4.052; ppl     57.50 | accu 0.2183 = 38688/177240 ../data/adult_test.txt
[2022-04-10 14:24:15.791] Save: model.pt... 
[2022-04-10 14:24:15.800] Save: model.pt...Done. best_val_loss: 2.6325
[2022-04-10 14:24:15.800] Epoch 021/40 ==================================================
[2022-04-10 14:24:22.037] E021 |   200/2123 batches | lr 1.2500 | loss  2.372 | ppl     10.72
[2022-04-10 14:24:28.340] E021 |   400/2123 batches | lr 1.2500 | loss  2.346 | ppl     10.45
[2022-04-10 14:24:34.669] E021 |   600/2123 batches | lr 1.2500 | loss  2.367 | ppl     10.66
[2022-04-10 14:24:40.918] E021 |   800/2123 batches | lr 1.2500 | loss  2.395 | ppl     10.97
[2022-04-10 14:24:47.256] E021 |  1000/2123 batches | lr 1.2500 | loss  2.372 | ppl     10.72
[2022-04-10 14:24:53.569] E021 |  1200/2123 batches | lr 1.2500 | loss  2.312 | ppl     10.09
[2022-04-10 14:24:59.914] E021 |  1400/2123 batches | lr 1.2500 | loss  2.397 | ppl     10.99
[2022-04-10 14:25:06.225] E021 |  1600/2123 batches | lr 1.2500 | loss  2.377 | ppl     10.77
[2022-04-10 14:25:12.548] E021 |  1800/2123 batches | lr 1.2500 | loss  2.371 | ppl     10.71
[2022-04-10 14:25:18.852] E021 |  2000/2123 batches | lr 1.2500 | loss  2.376 | ppl     10.76
[2022-04-10 14:25:22.729] E021 |  2123/2123 batches | lr 1.2500 | loss  2.368 | ppl     10.67
[2022-04-10 14:25:33.282] End E021 | valid loss  2.632; ppl     13.91 | accu 0.3884 = 221136/569360
[2022-04-10 14:25:36.294] End E021 |  test loss  3.422; ppl     30.64 | accu 0.3061 = 50114/163740 ../data/adolescent_valid.txt
[2022-04-10 14:25:39.555] End E021 |  test loss  4.047; ppl     57.23 | accu 0.2186 = 38753/177240 ../data/adult_test.txt
[2022-04-10 14:25:39.555] Save: model.pt... 
[2022-04-10 14:25:39.564] Save: model.pt...Done. best_val_loss: 2.6325
[2022-04-10 14:25:39.565] Epoch 022/40 ==================================================
[2022-04-10 14:25:45.803] E022 |   200/2123 batches | lr 1.2500 | loss  2.366 | ppl     10.65
[2022-04-10 14:25:52.130] E022 |   400/2123 batches | lr 1.2500 | loss  2.339 | ppl     10.37
[2022-04-10 14:25:58.442] E022 |   600/2123 batches | lr 1.2500 | loss  2.364 | ppl     10.64
[2022-04-10 14:26:04.757] E022 |   800/2123 batches | lr 1.2500 | loss  2.392 | ppl     10.94
[2022-04-10 14:26:11.068] E022 |  1000/2123 batches | lr 1.2500 | loss  2.372 | ppl     10.72
[2022-04-10 14:26:17.387] E022 |  1200/2123 batches | lr 1.2500 | loss  2.312 | ppl     10.09
[2022-04-10 14:26:23.723] E022 |  1400/2123 batches | lr 1.2500 | loss  2.393 | ppl     10.94
[2022-04-10 14:26:30.165] E022 |  1600/2123 batches | lr 1.2500 | loss  2.372 | ppl     10.72
[2022-04-10 14:26:36.473] E022 |  1800/2123 batches | lr 1.2500 | loss  2.367 | ppl     10.67
[2022-04-10 14:26:42.780] E022 |  2000/2123 batches | lr 1.2500 | loss  2.371 | ppl     10.71
[2022-04-10 14:26:46.668] E022 |  2123/2123 batches | lr 1.2500 | loss  2.367 | ppl     10.67
[2022-04-10 14:26:57.189] End E022 | valid loss  2.631; ppl     13.88 | accu 0.3888 = 221393/569360
[2022-04-10 14:27:00.202] End E022 |  test loss  3.425; ppl     30.71 | accu 0.3066 = 50208/163740 ../data/adolescent_valid.txt
[2022-04-10 14:27:03.520] End E022 |  test loss  4.054; ppl     57.61 | accu 0.2187 = 38765/177240 ../data/adult_test.txt
[2022-04-10 14:27:03.521] Save: model.pt... 
[2022-04-10 14:27:03.530] Save: model.pt...Done. best_val_loss: 2.6308
[2022-04-10 14:27:03.530] Epoch 023/40 ==================================================
[2022-04-10 14:27:09.795] E023 |   200/2123 batches | lr 1.2500 | loss  2.364 | ppl     10.63
[2022-04-10 14:27:16.192] E023 |   400/2123 batches | lr 1.2500 | loss  2.339 | ppl     10.37
[2022-04-10 14:27:22.499] E023 |   600/2123 batches | lr 1.2500 | loss  2.363 | ppl     10.62
[2022-04-10 14:27:28.915] E023 |   800/2123 batches | lr 1.2500 | loss  2.391 | ppl     10.92
[2022-04-10 14:27:35.755] E023 |  1000/2123 batches | lr 1.2500 | loss  2.370 | ppl     10.70
[2022-04-10 14:27:42.072] E023 |  1200/2123 batches | lr 1.2500 | loss  2.307 | ppl     10.05
[2022-04-10 14:27:48.380] E023 |  1400/2123 batches | lr 1.2500 | loss  2.394 | ppl     10.95
[2022-04-10 14:27:54.702] E023 |  1600/2123 batches | lr 1.2500 | loss  2.372 | ppl     10.71
[2022-04-10 14:28:01.008] E023 |  1800/2123 batches | lr 1.2500 | loss  2.371 | ppl     10.71
[2022-04-10 14:28:07.323] E023 |  2000/2123 batches | lr 1.2500 | loss  2.372 | ppl     10.72
[2022-04-10 14:28:11.155] E023 |  2123/2123 batches | lr 1.2500 | loss  2.364 | ppl     10.64
[2022-04-10 14:28:21.764] End E023 | valid loss  2.631; ppl     13.88 | accu 0.3891 = 221527/569360
[2022-04-10 14:28:24.787] End E023 |  test loss  3.425; ppl     30.71 | accu 0.3066 = 50199/163740 ../data/adolescent_valid.txt
[2022-04-10 14:28:28.049] End E023 |  test loss  4.055; ppl     57.70 | accu 0.2186 = 38736/177240 ../data/adult_test.txt
[2022-04-10 14:28:28.049] Epoch 024/40 ==================================================
[2022-04-10 14:28:34.330] E024 |   200/2123 batches | lr 0.6250 | loss  2.364 | ppl     10.63
[2022-04-10 14:28:40.733] E024 |   400/2123 batches | lr 0.6250 | loss  2.339 | ppl     10.37
[2022-04-10 14:28:47.049] E024 |   600/2123 batches | lr 0.6250 | loss  2.362 | ppl     10.61
[2022-04-10 14:28:53.411] E024 |   800/2123 batches | lr 0.6250 | loss  2.387 | ppl     10.88
[2022-04-10 14:28:59.814] E024 |  1000/2123 batches | lr 0.6250 | loss  2.368 | ppl     10.68
[2022-04-10 14:29:06.156] E024 |  1200/2123 batches | lr 0.6250 | loss  2.304 | ppl     10.02
[2022-04-10 14:29:12.483] E024 |  1400/2123 batches | lr 0.6250 | loss  2.387 | ppl     10.89
[2022-04-10 14:29:18.866] E024 |  1600/2123 batches | lr 0.6250 | loss  2.363 | ppl     10.63
[2022-04-10 14:29:25.196] E024 |  1800/2123 batches | lr 0.6250 | loss  2.364 | ppl     10.63
[2022-04-10 14:29:31.610] E024 |  2000/2123 batches | lr 0.6250 | loss  2.363 | ppl     10.62
[2022-04-10 14:29:35.536] E024 |  2123/2123 batches | lr 0.6250 | loss  2.360 | ppl     10.59
[2022-04-10 14:29:46.050] End E024 | valid loss  2.626; ppl     13.82 | accu 0.3897 = 221852/569360
[2022-04-10 14:29:49.056] End E024 |  test loss  3.421; ppl     30.60 | accu 0.3072 = 50299/163740 ../data/adolescent_valid.txt
[2022-04-10 14:29:52.330] End E024 |  test loss  4.050; ppl     57.41 | accu 0.2188 = 38786/177240 ../data/adult_test.txt
[2022-04-10 14:29:52.330] Save: model.pt... 
[2022-04-10 14:29:52.340] Save: model.pt...Done. best_val_loss: 2.6260
[2022-04-10 14:29:52.340] Epoch 025/40 ==================================================
[2022-04-10 14:29:58.673] E025 |   200/2123 batches | lr 0.6250 | loss  2.361 | ppl     10.60
[2022-04-10 14:30:05.030] E025 |   400/2123 batches | lr 0.6250 | loss  2.333 | ppl     10.31
[2022-04-10 14:30:11.386] E025 |   600/2123 batches | lr 0.6250 | loss  2.357 | ppl     10.56
[2022-04-10 14:30:17.724] E025 |   800/2123 batches | lr 0.6250 | loss  2.385 | ppl     10.85
[2022-04-10 14:30:24.082] E025 |  1000/2123 batches | lr 0.6250 | loss  2.361 | ppl     10.60
[2022-04-10 14:30:30.239] E025 |  1200/2123 batches | lr 0.6250 | loss  2.303 | ppl     10.01
[2022-04-10 14:30:36.546] E025 |  1400/2123 batches | lr 0.6250 | loss  2.384 | ppl     10.85
[2022-04-10 14:30:42.838] E025 |  1600/2123 batches | lr 0.6250 | loss  2.364 | ppl     10.64
[2022-04-10 14:30:49.182] E025 |  1800/2123 batches | lr 0.6250 | loss  2.365 | ppl     10.65
[2022-04-10 14:30:55.493] E025 |  2000/2123 batches | lr 0.6250 | loss  2.366 | ppl     10.65
[2022-04-10 14:30:59.690] E025 |  2123/2123 batches | lr 0.6250 | loss  2.359 | ppl     10.58
[2022-04-10 14:31:12.659] End E025 | valid loss  2.625; ppl     13.81 | accu 0.3894 = 221726/569360
[2022-04-10 14:31:16.378] End E025 |  test loss  3.422; ppl     30.64 | accu 0.3072 = 50293/163740 ../data/adolescent_valid.txt
[2022-04-10 14:31:20.371] End E025 |  test loss  4.049; ppl     57.32 | accu 0.2191 = 38839/177240 ../data/adult_test.txt
[2022-04-10 14:31:20.371] Save: model.pt... 
[2022-04-10 14:31:20.380] Save: model.pt...Done. best_val_loss: 2.6255
[2022-04-10 14:31:20.380] Epoch 026/40 ==================================================
[2022-04-10 14:31:26.970] E026 |   200/2123 batches | lr 0.6250 | loss  2.357 | ppl     10.56
[2022-04-10 14:31:33.405] E026 |   400/2123 batches | lr 0.6250 | loss  2.332 | ppl     10.30
[2022-04-10 14:31:39.810] E026 |   600/2123 batches | lr 0.6250 | loss  2.353 | ppl     10.52
[2022-04-10 14:31:46.145] E026 |   800/2123 batches | lr 0.6250 | loss  2.384 | ppl     10.85
[2022-04-10 14:31:52.465] E026 |  1000/2123 batches | lr 0.6250 | loss  2.363 | ppl     10.62
[2022-04-10 14:31:58.797] E026 |  1200/2123 batches | lr 0.6250 | loss  2.303 | ppl     10.01
[2022-04-10 14:32:05.135] E026 |  1400/2123 batches | lr 0.6250 | loss  2.386 | ppl     10.87
[2022-04-10 14:32:11.509] E026 |  1600/2123 batches | lr 0.6250 | loss  2.365 | ppl     10.64
[2022-04-10 14:32:17.873] E026 |  1800/2123 batches | lr 0.6250 | loss  2.358 | ppl     10.57
[2022-04-10 14:32:24.225] E026 |  2000/2123 batches | lr 0.6250 | loss  2.364 | ppl     10.64
[2022-04-10 14:32:28.107] E026 |  2123/2123 batches | lr 0.6250 | loss  2.359 | ppl     10.58
[2022-04-10 14:32:38.646] End E026 | valid loss  2.624; ppl     13.80 | accu 0.3898 = 221950/569360
[2022-04-10 14:32:41.668] End E026 |  test loss  3.421; ppl     30.59 | accu 0.3075 = 50357/163740 ../data/adolescent_valid.txt
[2022-04-10 14:32:44.902] End E026 |  test loss  4.048; ppl     57.30 | accu 0.2190 = 38822/177240 ../data/adult_test.txt
[2022-04-10 14:32:44.902] Save: model.pt... 
[2022-04-10 14:32:44.911] Save: model.pt...Done. best_val_loss: 2.6244
[2022-04-10 14:32:44.911] Epoch 027/40 ==================================================
[2022-04-10 14:32:51.171] E027 |   200/2123 batches | lr 0.6250 | loss  2.358 | ppl     10.57
[2022-04-10 14:32:57.500] E027 |   400/2123 batches | lr 0.6250 | loss  2.329 | ppl     10.27
[2022-04-10 14:33:03.810] E027 |   600/2123 batches | lr 0.6250 | loss  2.352 | ppl     10.51
[2022-04-10 14:33:10.137] E027 |   800/2123 batches | lr 0.6250 | loss  2.382 | ppl     10.83
[2022-04-10 14:33:16.430] E027 |  1000/2123 batches | lr 0.6250 | loss  2.358 | ppl     10.57
[2022-04-10 14:33:22.758] E027 |  1200/2123 batches | lr 0.6250 | loss  2.303 | ppl     10.01
[2022-04-10 14:33:29.042] E027 |  1400/2123 batches | lr 0.6250 | loss  2.386 | ppl     10.87
[2022-04-10 14:33:35.332] E027 |  1600/2123 batches | lr 0.6250 | loss  2.366 | ppl     10.65
[2022-04-10 14:33:41.617] E027 |  1800/2123 batches | lr 0.6250 | loss  2.363 | ppl     10.62
[2022-04-10 14:33:47.923] E027 |  2000/2123 batches | lr 0.6250 | loss  2.365 | ppl     10.64
[2022-04-10 14:33:51.787] E027 |  2123/2123 batches | lr 0.6250 | loss  2.357 | ppl     10.56
[2022-04-10 14:34:02.336] End E027 | valid loss  2.624; ppl     13.79 | accu 0.3902 = 222172/569360
[2022-04-10 14:34:05.334] End E027 |  test loss  3.422; ppl     30.62 | accu 0.3071 = 50288/163740 ../data/adolescent_valid.txt
[2022-04-10 14:34:08.602] End E027 |  test loss  4.052; ppl     57.54 | accu 0.2191 = 38842/177240 ../data/adult_test.txt
[2022-04-10 14:34:08.602] Save: model.pt... 
[2022-04-10 14:34:08.611] Save: model.pt...Done. best_val_loss: 2.6241
[2022-04-10 14:34:08.612] Epoch 028/40 ==================================================
[2022-04-10 14:34:14.839] E028 |   200/2123 batches | lr 0.6250 | loss  2.355 | ppl     10.53
[2022-04-10 14:34:21.122] E028 |   400/2123 batches | lr 0.6250 | loss  2.331 | ppl     10.29
[2022-04-10 14:34:27.512] E028 |   600/2123 batches | lr 0.6250 | loss  2.354 | ppl     10.52
[2022-04-10 14:34:33.728] E028 |   800/2123 batches | lr 0.6250 | loss  2.382 | ppl     10.83
[2022-04-10 14:34:40.007] E028 |  1000/2123 batches | lr 0.6250 | loss  2.358 | ppl     10.57
[2022-04-10 14:34:46.295] E028 |  1200/2123 batches | lr 0.6250 | loss  2.301 | ppl      9.98
[2022-04-10 14:34:52.612] E028 |  1400/2123 batches | lr 0.6250 | loss  2.381 | ppl     10.82
[2022-04-10 14:34:58.907] E028 |  1600/2123 batches | lr 0.6250 | loss  2.360 | ppl     10.59
[2022-04-10 14:35:05.377] E028 |  1800/2123 batches | lr 0.6250 | loss  2.360 | ppl     10.59
[2022-04-10 14:35:11.690] E028 |  2000/2123 batches | lr 0.6250 | loss  2.363 | ppl     10.62
[2022-04-10 14:35:15.576] E028 |  2123/2123 batches | lr 0.6250 | loss  2.356 | ppl     10.55
[2022-04-10 14:35:26.162] End E028 | valid loss  2.624; ppl     13.79 | accu 0.3901 = 222115/569360
[2022-04-10 14:35:29.200] End E028 |  test loss  3.421; ppl     30.59 | accu 0.3074 = 50339/163740 ../data/adolescent_valid.txt
[2022-04-10 14:35:32.477] End E028 |  test loss  4.050; ppl     57.42 | accu 0.2196 = 38923/177240 ../data/adult_test.txt
[2022-04-10 14:35:32.477] Save: model.pt... 
[2022-04-10 14:35:32.486] Save: model.pt...Done. best_val_loss: 2.6239
[2022-04-10 14:35:32.486] Epoch 029/40 ==================================================
[2022-04-10 14:35:38.754] E029 |   200/2123 batches | lr 0.6250 | loss  2.355 | ppl     10.54
[2022-04-10 14:35:45.073] E029 |   400/2123 batches | lr 0.6250 | loss  2.330 | ppl     10.27
[2022-04-10 14:35:51.421] E029 |   600/2123 batches | lr 0.6250 | loss  2.350 | ppl     10.48
[2022-04-10 14:35:57.748] E029 |   800/2123 batches | lr 0.6250 | loss  2.379 | ppl     10.80
[2022-04-10 14:36:04.083] E029 |  1000/2123 batches | lr 0.6250 | loss  2.357 | ppl     10.56
[2022-04-10 14:36:10.480] E029 |  1200/2123 batches | lr 0.6250 | loss  2.301 | ppl      9.98
[2022-04-10 14:36:17.844] E029 |  1400/2123 batches | lr 0.6250 | loss  2.381 | ppl     10.82
[2022-04-10 14:36:25.083] E029 |  1600/2123 batches | lr 0.6250 | loss  2.361 | ppl     10.60
[2022-04-10 14:36:31.422] E029 |  1800/2123 batches | lr 0.6250 | loss  2.357 | ppl     10.55
[2022-04-10 14:36:37.750] E029 |  2000/2123 batches | lr 0.6250 | loss  2.359 | ppl     10.58
[2022-04-10 14:36:41.651] E029 |  2123/2123 batches | lr 0.6250 | loss  2.356 | ppl     10.55
[2022-04-10 14:36:52.172] End E029 | valid loss  2.623; ppl     13.78 | accu 0.3901 = 222087/569360
[2022-04-10 14:36:55.200] End E029 |  test loss  3.424; ppl     30.69 | accu 0.3070 = 50271/163740 ../data/adolescent_valid.txt
[2022-04-10 14:36:58.489] End E029 |  test loss  4.053; ppl     57.55 | accu 0.2195 = 38900/177240 ../data/adult_test.txt
[2022-04-10 14:36:58.489] Save: model.pt... 
[2022-04-10 14:36:58.498] Save: model.pt...Done. best_val_loss: 2.6231
[2022-04-10 14:36:58.498] Epoch 030/40 ==================================================
[2022-04-10 14:37:04.730] E030 |   200/2123 batches | lr 0.6250 | loss  2.354 | ppl     10.53
[2022-04-10 14:37:11.096] E030 |   400/2123 batches | lr 0.6250 | loss  2.328 | ppl     10.25
[2022-04-10 14:37:17.434] E030 |   600/2123 batches | lr 0.6250 | loss  2.349 | ppl     10.48
[2022-04-10 14:37:23.766] E030 |   800/2123 batches | lr 0.6250 | loss  2.379 | ppl     10.79
[2022-04-10 14:37:30.865] E030 |  1000/2123 batches | lr 0.6250 | loss  2.360 | ppl     10.59
[2022-04-10 14:37:37.278] E030 |  1200/2123 batches | lr 0.6250 | loss  2.301 | ppl      9.98
[2022-04-10 14:37:43.634] E030 |  1400/2123 batches | lr 0.6250 | loss  2.380 | ppl     10.81
[2022-04-10 14:37:49.929] E030 |  1600/2123 batches | lr 0.6250 | loss  2.358 | ppl     10.57
[2022-04-10 14:37:56.233] E030 |  1800/2123 batches | lr 0.6250 | loss  2.356 | ppl     10.55
[2022-04-10 14:38:02.529] E030 |  2000/2123 batches | lr 0.6250 | loss  2.361 | ppl     10.60
[2022-04-10 14:38:06.397] E030 |  2123/2123 batches | lr 0.6250 | loss  2.358 | ppl     10.57
[2022-04-10 14:38:16.918] End E030 | valid loss  2.622; ppl     13.77 | accu 0.3904 = 222268/569360
[2022-04-10 14:38:19.936] End E030 |  test loss  3.421; ppl     30.59 | accu 0.3073 = 50314/163740 ../data/adolescent_valid.txt
[2022-04-10 14:38:23.193] End E030 |  test loss  4.048; ppl     57.29 | accu 0.2195 = 38908/177240 ../data/adult_test.txt
[2022-04-10 14:38:23.193] Save: model.pt... 
[2022-04-10 14:38:23.203] Save: model.pt...Done. best_val_loss: 2.6222
[2022-04-10 14:38:23.203] Epoch 031/40 ==================================================
[2022-04-10 14:38:29.458] E031 |   200/2123 batches | lr 0.6250 | loss  2.352 | ppl     10.50
[2022-04-10 14:38:35.775] E031 |   400/2123 batches | lr 0.6250 | loss  2.326 | ppl     10.24
[2022-04-10 14:38:42.095] E031 |   600/2123 batches | lr 0.6250 | loss  2.347 | ppl     10.46
[2022-04-10 14:38:48.405] E031 |   800/2123 batches | lr 0.6250 | loss  2.379 | ppl     10.80
[2022-04-10 14:38:54.667] E031 |  1000/2123 batches | lr 0.6250 | loss  2.357 | ppl     10.56
[2022-04-10 14:39:01.651] E031 |  1200/2123 batches | lr 0.6250 | loss  2.297 | ppl      9.94
[2022-04-10 14:39:08.749] E031 |  1400/2123 batches | lr 0.6250 | loss  2.381 | ppl     10.81
[2022-04-10 14:39:15.045] E031 |  1600/2123 batches | lr 0.6250 | loss  2.359 | ppl     10.58
[2022-04-10 14:39:21.342] E031 |  1800/2123 batches | lr 0.6250 | loss  2.359 | ppl     10.58
[2022-04-10 14:39:27.612] E031 |  2000/2123 batches | lr 0.6250 | loss  2.359 | ppl     10.58
[2022-04-10 14:39:31.482] E031 |  2123/2123 batches | lr 0.6250 | loss  2.357 | ppl     10.56
[2022-04-10 14:39:42.001] End E031 | valid loss  2.623; ppl     13.77 | accu 0.3907 = 222468/569360
[2022-04-10 14:39:45.017] End E031 |  test loss  3.424; ppl     30.69 | accu 0.3072 = 50297/163740 ../data/adolescent_valid.txt
[2022-04-10 14:39:48.280] End E031 |  test loss  4.052; ppl     57.52 | accu 0.2199 = 38972/177240 ../data/adult_test.txt
[2022-04-10 14:39:48.281] Epoch 032/40 ==================================================
[2022-04-10 14:39:54.755] E032 |   200/2123 batches | lr 0.3125 | loss  2.352 | ppl     10.51
[2022-04-10 14:40:01.168] E032 |   400/2123 batches | lr 0.3125 | loss  2.325 | ppl     10.22
[2022-04-10 14:40:07.584] E032 |   600/2123 batches | lr 0.3125 | loss  2.350 | ppl     10.48
[2022-04-10 14:40:13.879] E032 |   800/2123 batches | lr 0.3125 | loss  2.378 | ppl     10.78
[2022-04-10 14:40:20.194] E032 |  1000/2123 batches | lr 0.3125 | loss  2.352 | ppl     10.50
[2022-04-10 14:40:26.520] E032 |  1200/2123 batches | lr 0.3125 | loss  2.295 | ppl      9.93
[2022-04-10 14:40:32.812] E032 |  1400/2123 batches | lr 0.3125 | loss  2.378 | ppl     10.78
[2022-04-10 14:40:39.100] E032 |  1600/2123 batches | lr 0.3125 | loss  2.358 | ppl     10.57
[2022-04-10 14:40:45.390] E032 |  1800/2123 batches | lr 0.3125 | loss  2.355 | ppl     10.54
[2022-04-10 14:40:51.760] E032 |  2000/2123 batches | lr 0.3125 | loss  2.358 | ppl     10.57
[2022-04-10 14:40:55.711] E032 |  2123/2123 batches | lr 0.3125 | loss  2.352 | ppl     10.50
[2022-04-10 14:41:06.294] End E032 | valid loss  2.621; ppl     13.75 | accu 0.3911 = 222650/569360
[2022-04-10 14:41:09.327] End E032 |  test loss  3.421; ppl     30.58 | accu 0.3072 = 50303/163740 ../data/adolescent_valid.txt
[2022-04-10 14:41:12.591] End E032 |  test loss  4.045; ppl     57.13 | accu 0.2201 = 39016/177240 ../data/adult_test.txt
[2022-04-10 14:41:12.591] Save: model.pt... 
[2022-04-10 14:41:12.601] Save: model.pt...Done. best_val_loss: 2.6207
[2022-04-10 14:41:12.601] Epoch 033/40 ==================================================
[2022-04-10 14:41:18.889] E033 |   200/2123 batches | lr 0.3125 | loss  2.350 | ppl     10.48
[2022-04-10 14:41:25.207] E033 |   400/2123 batches | lr 0.3125 | loss  2.326 | ppl     10.24
[2022-04-10 14:41:31.541] E033 |   600/2123 batches | lr 0.3125 | loss  2.347 | ppl     10.46
[2022-04-10 14:41:37.901] E033 |   800/2123 batches | lr 0.3125 | loss  2.377 | ppl     10.78
[2022-04-10 14:41:44.360] E033 |  1000/2123 batches | lr 0.3125 | loss  2.353 | ppl     10.52
[2022-04-10 14:41:50.684] E033 |  1200/2123 batches | lr 0.3125 | loss  2.297 | ppl      9.95
[2022-04-10 14:41:57.013] E033 |  1400/2123 batches | lr 0.3125 | loss  2.376 | ppl     10.76
[2022-04-10 14:42:03.353] E033 |  1600/2123 batches | lr 0.3125 | loss  2.355 | ppl     10.54
[2022-04-10 14:42:10.219] E033 |  1800/2123 batches | lr 0.3125 | loss  2.355 | ppl     10.54
[2022-04-10 14:42:17.189] E033 |  2000/2123 batches | lr 0.3125 | loss  2.355 | ppl     10.54
[2022-04-10 14:42:21.104] E033 |  2123/2123 batches | lr 0.3125 | loss  2.353 | ppl     10.52
[2022-04-10 14:42:31.639] End E033 | valid loss  2.621; ppl     13.75 | accu 0.3910 = 222597/569360
[2022-04-10 14:42:34.660] End E033 |  test loss  3.421; ppl     30.59 | accu 0.3072 = 50304/163740 ../data/adolescent_valid.txt
[2022-04-10 14:42:37.926] End E033 |  test loss  4.046; ppl     57.17 | accu 0.2201 = 39010/177240 ../data/adult_test.txt
[2022-04-10 14:42:37.926] Epoch 034/40 ==================================================
[2022-04-10 14:42:44.132] E034 |   200/2123 batches | lr 0.1562 | loss  2.352 | ppl     10.50
[2022-04-10 14:42:50.518] E034 |   400/2123 batches | lr 0.1562 | loss  2.324 | ppl     10.22
[2022-04-10 14:42:56.920] E034 |   600/2123 batches | lr 0.1562 | loss  2.347 | ppl     10.45
[2022-04-10 14:43:03.243] E034 |   800/2123 batches | lr 0.1562 | loss  2.372 | ppl     10.72
[2022-04-10 14:43:09.554] E034 |  1000/2123 batches | lr 0.1562 | loss  2.353 | ppl     10.52
[2022-04-10 14:43:15.869] E034 |  1200/2123 batches | lr 0.1562 | loss  2.293 | ppl      9.90
[2022-04-10 14:43:22.176] E034 |  1400/2123 batches | lr 0.1562 | loss  2.376 | ppl     10.76
[2022-04-10 14:43:28.485] E034 |  1600/2123 batches | lr 0.1562 | loss  2.351 | ppl     10.50
[2022-04-10 14:43:34.798] E034 |  1800/2123 batches | lr 0.1562 | loss  2.353 | ppl     10.52
[2022-04-10 14:43:41.121] E034 |  2000/2123 batches | lr 0.1562 | loss  2.353 | ppl     10.52
[2022-04-10 14:43:45.559] E034 |  2123/2123 batches | lr 0.1562 | loss  2.347 | ppl     10.45
[2022-04-10 14:43:58.504] End E034 | valid loss  2.620; ppl     13.73 | accu 0.3914 = 222855/569360
[2022-04-10 14:44:02.225] End E034 |  test loss  3.420; ppl     30.56 | accu 0.3073 = 50320/163740 ../data/adolescent_valid.txt
[2022-04-10 14:44:06.217] End E034 |  test loss  4.045; ppl     57.08 | accu 0.2204 = 39056/177240 ../data/adult_test.txt
[2022-04-10 14:44:06.217] Save: model.pt... 
[2022-04-10 14:44:06.226] Save: model.pt...Done. best_val_loss: 2.6199
[2022-04-10 14:44:06.226] Epoch 035/40 ==================================================
[2022-04-10 14:44:13.294] E035 |   200/2123 batches | lr 0.1562 | loss  2.350 | ppl     10.48
[2022-04-10 14:44:20.594] E035 |   400/2123 batches | lr 0.1562 | loss  2.322 | ppl     10.20
[2022-04-10 14:44:27.538] E035 |   600/2123 batches | lr 0.1562 | loss  2.346 | ppl     10.44
[2022-04-10 14:44:33.864] E035 |   800/2123 batches | lr 0.1562 | loss  2.374 | ppl     10.74
[2022-04-10 14:44:40.175] E035 |  1000/2123 batches | lr 0.1562 | loss  2.353 | ppl     10.52
[2022-04-10 14:44:46.633] E035 |  1200/2123 batches | lr 0.1562 | loss  2.292 | ppl      9.89
[2022-04-10 14:44:52.950] E035 |  1400/2123 batches | lr 0.1562 | loss  2.376 | ppl     10.77
[2022-04-10 14:44:59.319] E035 |  1600/2123 batches | lr 0.1562 | loss  2.355 | ppl     10.54
[2022-04-10 14:45:05.710] E035 |  1800/2123 batches | lr 0.1562 | loss  2.352 | ppl     10.50
[2022-04-10 14:45:12.015] E035 |  2000/2123 batches | lr 0.1562 | loss  2.354 | ppl     10.53
[2022-04-10 14:45:15.880] E035 |  2123/2123 batches | lr 0.1562 | loss  2.349 | ppl     10.48
[2022-04-10 14:45:26.434] End E035 | valid loss  2.619; ppl     13.73 | accu 0.3915 = 222895/569360
[2022-04-10 14:45:29.460] End E035 |  test loss  3.419; ppl     30.53 | accu 0.3075 = 50349/163740 ../data/adolescent_valid.txt
[2022-04-10 14:45:32.784] End E035 |  test loss  4.043; ppl     57.01 | accu 0.2202 = 39034/177240 ../data/adult_test.txt
[2022-04-10 14:45:32.784] Save: model.pt... 
[2022-04-10 14:45:32.793] Save: model.pt...Done. best_val_loss: 2.6194
[2022-04-10 14:45:32.793] Epoch 036/40 ==================================================
[2022-04-10 14:45:38.890] E036 |   200/2123 batches | lr 0.1562 | loss  2.349 | ppl     10.48
[2022-04-10 14:45:45.013] E036 |   400/2123 batches | lr 0.1562 | loss  2.321 | ppl     10.19
[2022-04-10 14:45:51.329] E036 |   600/2123 batches | lr 0.1562 | loss  2.344 | ppl     10.42
[2022-04-10 14:45:57.627] E036 |   800/2123 batches | lr 0.1562 | loss  2.375 | ppl     10.75
[2022-04-10 14:46:03.939] E036 |  1000/2123 batches | lr 0.1562 | loss  2.351 | ppl     10.50
[2022-04-10 14:46:10.241] E036 |  1200/2123 batches | lr 0.1562 | loss  2.295 | ppl      9.92
[2022-04-10 14:46:16.704] E036 |  1400/2123 batches | lr 0.1562 | loss  2.376 | ppl     10.76
[2022-04-10 14:46:23.512] E036 |  1600/2123 batches | lr 0.1562 | loss  2.354 | ppl     10.52
[2022-04-10 14:46:29.846] E036 |  1800/2123 batches | lr 0.1562 | loss  2.353 | ppl     10.52
[2022-04-10 14:46:36.305] E036 |  2000/2123 batches | lr 0.1562 | loss  2.352 | ppl     10.51
[2022-04-10 14:46:40.279] E036 |  2123/2123 batches | lr 0.1562 | loss  2.350 | ppl     10.49
[2022-04-10 14:46:50.906] End E036 | valid loss  2.620; ppl     13.73 | accu 0.3914 = 222847/569360
[2022-04-10 14:46:53.939] End E036 |  test loss  3.419; ppl     30.55 | accu 0.3078 = 50404/163740 ../data/adolescent_valid.txt
[2022-04-10 14:46:57.229] End E036 |  test loss  4.045; ppl     57.12 | accu 0.2200 = 39000/177240 ../data/adult_test.txt
[2022-04-10 14:46:57.229] Epoch 037/40 ==================================================
[2022-04-10 14:47:03.453] E037 |   200/2123 batches | lr 0.0781 | loss  2.349 | ppl     10.48
[2022-04-10 14:47:09.790] E037 |   400/2123 batches | lr 0.0781 | loss  2.321 | ppl     10.19
[2022-04-10 14:47:16.107] E037 |   600/2123 batches | lr 0.0781 | loss  2.344 | ppl     10.42
[2022-04-10 14:47:22.435] E037 |   800/2123 batches | lr 0.0781 | loss  2.376 | ppl     10.76
[2022-04-10 14:47:28.757] E037 |  1000/2123 batches | lr 0.0781 | loss  2.352 | ppl     10.50
[2022-04-10 14:47:35.108] E037 |  1200/2123 batches | lr 0.0781 | loss  2.294 | ppl      9.91
[2022-04-10 14:47:41.423] E037 |  1400/2123 batches | lr 0.0781 | loss  2.373 | ppl     10.73
[2022-04-10 14:47:47.750] E037 |  1600/2123 batches | lr 0.0781 | loss  2.351 | ppl     10.49
[2022-04-10 14:47:54.067] E037 |  1800/2123 batches | lr 0.0781 | loss  2.352 | ppl     10.51
[2022-04-10 14:48:00.388] E037 |  2000/2123 batches | lr 0.0781 | loss  2.355 | ppl     10.54
[2022-04-10 14:48:04.265] E037 |  2123/2123 batches | lr 0.0781 | loss  2.347 | ppl     10.46
[2022-04-10 14:48:14.876] End E037 | valid loss  2.619; ppl     13.72 | accu 0.3917 = 223017/569360
[2022-04-10 14:48:17.891] End E037 |  test loss  3.418; ppl     30.52 | accu 0.3078 = 50399/163740 ../data/adolescent_valid.txt
[2022-04-10 14:48:21.150] End E037 |  test loss  4.044; ppl     57.05 | accu 0.2202 = 39035/177240 ../data/adult_test.txt
[2022-04-10 14:48:21.150] Save: model.pt... 
[2022-04-10 14:48:21.159] Save: model.pt...Done. best_val_loss: 2.6189
[2022-04-10 14:48:21.159] Epoch 038/40 ==================================================
[2022-04-10 14:48:27.406] E038 |   200/2123 batches | lr 0.0781 | loss  2.348 | ppl     10.46
[2022-04-10 14:48:34.476] E038 |   400/2123 batches | lr 0.0781 | loss  2.321 | ppl     10.19
[2022-04-10 14:48:40.927] E038 |   600/2123 batches | lr 0.0781 | loss  2.347 | ppl     10.45
[2022-04-10 14:48:47.257] E038 |   800/2123 batches | lr 0.0781 | loss  2.372 | ppl     10.72
[2022-04-10 14:48:53.580] E038 |  1000/2123 batches | lr 0.0781 | loss  2.351 | ppl     10.50
[2022-04-10 14:48:59.918] E038 |  1200/2123 batches | lr 0.0781 | loss  2.292 | ppl      9.89
[2022-04-10 14:49:06.333] E038 |  1400/2123 batches | lr 0.0781 | loss  2.374 | ppl     10.74
[2022-04-10 14:49:13.178] E038 |  1600/2123 batches | lr 0.0781 | loss  2.353 | ppl     10.52
[2022-04-10 14:49:20.426] E038 |  1800/2123 batches | lr 0.0781 | loss  2.352 | ppl     10.50
[2022-04-10 14:49:27.674] E038 |  2000/2123 batches | lr 0.0781 | loss  2.354 | ppl     10.53
[2022-04-10 14:49:32.127] E038 |  2123/2123 batches | lr 0.0781 | loss  2.352 | ppl     10.50
[2022-04-10 14:49:45.063] End E038 | valid loss  2.619; ppl     13.72 | accu 0.3917 = 223020/569360
[2022-04-10 14:49:48.759] End E038 |  test loss  3.418; ppl     30.50 | accu 0.3077 = 50379/163740 ../data/adolescent_valid.txt
[2022-04-10 14:49:52.917] End E038 |  test loss  4.043; ppl     56.97 | accu 0.2204 = 39067/177240 ../data/adult_test.txt
[2022-04-10 14:49:52.917] Save: model.pt... 
[2022-04-10 14:49:52.926] Save: model.pt...Done. best_val_loss: 2.6186
[2022-04-10 14:49:52.926] Epoch 039/40 ==================================================
[2022-04-10 14:49:59.619] E039 |   200/2123 batches | lr 0.0781 | loss  2.349 | ppl     10.48
[2022-04-10 14:50:05.927] E039 |   400/2123 batches | lr 0.0781 | loss  2.321 | ppl     10.18
[2022-04-10 14:50:12.231] E039 |   600/2123 batches | lr 0.0781 | loss  2.343 | ppl     10.41
[2022-04-10 14:50:18.522] E039 |   800/2123 batches | lr 0.0781 | loss  2.373 | ppl     10.73
[2022-04-10 14:50:24.817] E039 |  1000/2123 batches | lr 0.0781 | loss  2.350 | ppl     10.49
[2022-04-10 14:50:31.190] E039 |  1200/2123 batches | lr 0.0781 | loss  2.292 | ppl      9.90
[2022-04-10 14:50:37.554] E039 |  1400/2123 batches | lr 0.0781 | loss  2.377 | ppl     10.77
[2022-04-10 14:50:43.863] E039 |  1600/2123 batches | lr 0.0781 | loss  2.354 | ppl     10.53
[2022-04-10 14:50:50.399] E039 |  1800/2123 batches | lr 0.0781 | loss  2.349 | ppl     10.47
[2022-04-10 14:50:57.793] E039 |  2000/2123 batches | lr 0.0781 | loss  2.354 | ppl     10.53
[2022-04-10 14:51:02.327] E039 |  2123/2123 batches | lr 0.0781 | loss  2.348 | ppl     10.47
[2022-04-10 14:51:15.298] End E039 | valid loss  2.619; ppl     13.72 | accu 0.3917 = 222994/569360
[2022-04-10 14:51:19.016] End E039 |  test loss  3.417; ppl     30.49 | accu 0.3077 = 50389/163740 ../data/adolescent_valid.txt
[2022-04-10 14:51:23.053] End E039 |  test loss  4.042; ppl     56.96 | accu 0.2203 = 39043/177240 ../data/adult_test.txt
[2022-04-10 14:51:23.053] Epoch 040/40 ==================================================
[2022-04-10 14:51:29.460] E040 |   200/2123 batches | lr 0.0391 | loss  2.349 | ppl     10.47
[2022-04-10 14:51:35.868] E040 |   400/2123 batches | lr 0.0391 | loss  2.319 | ppl     10.17
[2022-04-10 14:51:42.294] E040 |   600/2123 batches | lr 0.0391 | loss  2.344 | ppl     10.42
[2022-04-10 14:51:48.619] E040 |   800/2123 batches | lr 0.0391 | loss  2.372 | ppl     10.72
[2022-04-10 14:51:55.033] E040 |  1000/2123 batches | lr 0.0391 | loss  2.354 | ppl     10.53
[2022-04-10 14:52:01.422] E040 |  1200/2123 batches | lr 0.0391 | loss  2.292 | ppl      9.90
[2022-04-10 14:52:07.863] E040 |  1400/2123 batches | lr 0.0391 | loss  2.373 | ppl     10.73
[2022-04-10 14:52:15.030] E040 |  1600/2123 batches | lr 0.0391 | loss  2.349 | ppl     10.47
[2022-04-10 14:52:21.813] E040 |  1800/2123 batches | lr 0.0391 | loss  2.351 | ppl     10.50
[2022-04-10 14:52:28.123] E040 |  2000/2123 batches | lr 0.0391 | loss  2.350 | ppl     10.49
[2022-04-10 14:52:32.003] E040 |  2123/2123 batches | lr 0.0391 | loss  2.348 | ppl     10.47
[2022-04-10 14:52:42.540] End E040 | valid loss  2.618; ppl     13.71 | accu 0.3918 = 223048/569360
[2022-04-10 14:52:45.566] End E040 |  test loss  3.417; ppl     30.49 | accu 0.3078 = 50405/163740 ../data/adolescent_valid.txt
[2022-04-10 14:52:48.817] End E040 |  test loss  4.042; ppl     56.93 | accu 0.2205 = 39077/177240 ../data/adult_test.txt
[2022-04-10 14:52:48.817] Save: model.pt... 
[2022-04-10 14:52:48.827] Save: model.pt...Done. best_val_loss: 2.6185
[2022-04-10 14:52:51.893] End. test loss  3.42; ppl    30.49 | accu 0.3078 = 50405/163740 ../data/adolescent_valid.txt
[2022-04-10 14:52:55.161] End. test loss  4.04; ppl    56.93 | accu 0.2205 = 39077/177240 ../data/adult_test.txt
[2022-04-10 14:52:55.162] =========================================================================================
