[2022-04-10 14:52:55.167] corpus.train_file_list: 1
[2022-04-10 14:52:55.167]         ../data/cbt_train.txt
[2022-04-10 14:52:55.167] corpus.valid_file_list: 1
[2022-04-10 14:52:55.167]         ../data/cbt_valid.txt
[2022-04-10 14:52:55.167] corpus.test_file_list: 2
[2022-04-10 14:52:55.167]         ../data/adolescent_valid.txt
[2022-04-10 14:52:55.167]         ../data/adult_test.txt
[2022-04-10 14:52:55.167] corpus.subword_vocab_size: 500
[2022-04-10 14:52:55.167] corpus.subword_model.train(2 files)...
[2022-04-10 14:52:55.167]         ../data/cbt_train.txt
[2022-04-10 14:52:55.167]         ../data/cbt_valid.txt
[2022-04-10 14:52:55.515] corpus.subword_model.train(2 files)...Done
[2022-04-10 14:52:55.516] corpus tokenize...
[2022-04-10 14:52:58.565]         train tokens: 1160305  ../data/cbt_train.txt
[2022-04-10 14:52:59.722]         valid tokens: 448807  ../data/cbt_valid.txt
[2022-04-10 14:53:00.107]         test  tokens: 131539  ../data/adolescent_valid.txt
[2022-04-10 14:53:00.422]         test  tokens: 144343  ../data/adult_test.txt
[2022-04-10 14:53:00.422] corpus.ntokens      : 495
[2022-04-10 14:53:00.422] corpus.char_count   : 86
[2022-04-10 14:53:00.422] corpus.char_cnt_dict: 86
[2022-04-10 14:53:00.423] corpus.char_id_dict : 86
[2022-04-10 14:53:00.430] corpus.batchify(1 files, batch_size=20)...
[2022-04-10 14:53:00.430]         tokens_all: 1160305
[2022-04-10 14:53:00.430]         batched   :  58015
[2022-04-10 14:53:00.430]         ../data/cbt_train.txt
[2022-04-10 14:53:00.435] corpus.batchify(1 files, batch_size=20)...
[2022-04-10 14:53:00.435]         tokens_all: 448807
[2022-04-10 14:53:00.435]         batched   :  22440
[2022-04-10 14:53:00.435]         ../data/cbt_valid.txt
[2022-04-10 14:53:00.437] corpus.batchify(1 files, batch_size=20)...
[2022-04-10 14:53:00.437]         tokens_all: 131539
[2022-04-10 14:53:00.438]         batched   :   6576
[2022-04-10 14:53:00.438]         ../data/adolescent_valid.txt
[2022-04-10 14:53:00.439] corpus.batchify(1 files, batch_size=20)...
[2022-04-10 14:53:00.439]         tokens_all: 144343
[2022-04-10 14:53:00.439]         batched   :   7217
[2022-04-10 14:53:00.439]         ../data/adult_test.txt
[2022-04-10 14:53:00.449] RNNModel.rnn_type: LSTM
[2022-04-10 14:53:00.449] RNNModel.ntoken  : 495
[2022-04-10 14:53:00.449] RNNModel.ninp    : 200
[2022-04-10 14:53:00.449] RNNModel.nhid    : 200
[2022-04-10 14:53:00.449] RNNModel.nlayers : 2
[2022-04-10 14:53:00.449] RNNModel.dropout : 0.2
[2022-04-10 14:53:00.449] RNNModel.tie_weights: False
[2022-04-10 14:53:00.449] RNNModel.char_mode  : 
[2022-04-10 14:53:00.450] RNNModel.char_cnt   : 87
[2022-04-10 14:53:00.450] RNNModel.char_emsize: 25
[2022-04-10 14:53:00.450] RNNModel.char_nhid  : 200
[2022-04-10 14:53:00.450] RNNModel will not use char-encoding
[2022-04-10 14:53:00.452] Epoch 001/40 ==================================================
[2022-04-10 14:53:03.966] E001 |   200/1657 batches | lr 20.0000 | loss  5.248 | ppl    190.09
[2022-04-10 14:53:07.409] E001 |   400/1657 batches | lr 20.0000 | loss  4.604 | ppl     99.89
[2022-04-10 14:53:10.923] E001 |   600/1657 batches | lr 20.0000 | loss  4.246 | ppl     69.80
[2022-04-10 14:53:14.428] E001 |   800/1657 batches | lr 20.0000 | loss  3.989 | ppl     54.02
[2022-04-10 14:53:17.887] E001 |  1000/1657 batches | lr 20.0000 | loss  3.751 | ppl     42.54
[2022-04-10 14:53:21.338] E001 |  1200/1657 batches | lr 20.0000 | loss  3.697 | ppl     40.34
[2022-04-10 14:53:24.805] E001 |  1400/1657 batches | lr 20.0000 | loss  3.587 | ppl     36.11
[2022-04-10 14:53:28.284] E001 |  1600/1657 batches | lr 20.0000 | loss  3.557 | ppl     35.04
[2022-04-10 14:53:29.263] E001 |  1657/1657 batches | lr 20.0000 | loss  3.507 | ppl     33.36
[2022-04-10 14:53:36.933] End E001 | valid loss  3.730; ppl     41.66 | accu 0.2414 = 108323/448780
[2022-04-10 14:53:39.180] End E001 |  test loss  4.534; ppl     93.13 | accu 0.1775 = 23339/131500 ../data/adolescent_valid.txt
[2022-04-10 14:53:41.627] End E001 |  test loss  5.132; ppl    169.31 | accu 0.1079 = 15573/144320 ../data/adult_test.txt
[2022-04-10 14:53:41.627] Save: model.pt... 
[2022-04-10 14:53:41.639] Save: model.pt...Done. best_val_loss: 3.7295
[2022-04-10 14:53:41.639] Epoch 002/40 ==================================================
[2022-04-10 14:53:45.163] E002 |   200/1657 batches | lr 20.0000 | loss  3.464 | ppl     31.93
[2022-04-10 14:53:48.607] E002 |   400/1657 batches | lr 20.0000 | loss  3.415 | ppl     30.42
[2022-04-10 14:53:52.053] E002 |   600/1657 batches | lr 20.0000 | loss  3.429 | ppl     30.84
[2022-04-10 14:53:55.501] E002 |   800/1657 batches | lr 20.0000 | loss  3.392 | ppl     29.72
[2022-04-10 14:53:59.004] E002 |  1000/1657 batches | lr 20.0000 | loss  3.309 | ppl     27.35
[2022-04-10 14:54:02.431] E002 |  1200/1657 batches | lr 20.0000 | loss  3.358 | ppl     28.73
[2022-04-10 14:54:05.909] E002 |  1400/1657 batches | lr 20.0000 | loss  3.314 | ppl     27.51
[2022-04-10 14:54:09.338] E002 |  1600/1657 batches | lr 20.0000 | loss  3.329 | ppl     27.91
[2022-04-10 14:54:10.333] E002 |  1657/1657 batches | lr 20.0000 | loss  3.299 | ppl     27.08
[2022-04-10 14:54:17.950] End E002 | valid loss  3.572; ppl     35.59 | accu 0.2706 = 121449/448780
[2022-04-10 14:54:20.187] End E002 |  test loss  4.451; ppl     85.72 | accu 0.1990 = 26166/131500 ../data/adolescent_valid.txt
[2022-04-10 14:54:22.633] End E002 |  test loss  5.076; ppl    160.20 | accu 0.1262 = 18208/144320 ../data/adult_test.txt
[2022-04-10 14:54:22.634] Save: model.pt... 
[2022-04-10 14:54:22.644] Save: model.pt...Done. best_val_loss: 3.5720
[2022-04-10 14:54:22.645] Epoch 003/40 ==================================================
[2022-04-10 14:54:26.155] E003 |   200/1657 batches | lr 20.0000 | loss  3.272 | ppl     26.37
[2022-04-10 14:54:29.597] E003 |   400/1657 batches | lr 20.0000 | loss  3.257 | ppl     25.98
[2022-04-10 14:54:33.068] E003 |   600/1657 batches | lr 20.0000 | loss  3.285 | ppl     26.70
[2022-04-10 14:54:36.488] E003 |   800/1657 batches | lr 20.0000 | loss  3.273 | ppl     26.38
[2022-04-10 14:54:40.045] E003 |  1000/1657 batches | lr 20.0000 | loss  3.200 | ppl     24.54
[2022-04-10 14:54:43.703] E003 |  1200/1657 batches | lr 20.0000 | loss  3.264 | ppl     26.15
[2022-04-10 14:54:47.760] E003 |  1400/1657 batches | lr 20.0000 | loss  3.234 | ppl     25.39
[2022-04-10 14:54:51.797] E003 |  1600/1657 batches | lr 20.0000 | loss  3.249 | ppl     25.77
[2022-04-10 14:54:52.937] E003 |  1657/1657 batches | lr 20.0000 | loss  3.233 | ppl     25.34
[2022-04-10 14:55:00.639] End E003 | valid loss  3.510; ppl     33.45 | accu 0.2799 = 125614/448780
[2022-04-10 14:55:02.874] End E003 |  test loss  4.385; ppl     80.26 | accu 0.2086 = 27428/131500 ../data/adolescent_valid.txt
[2022-04-10 14:55:05.331] End E003 |  test loss  5.067; ppl    158.76 | accu 0.1327 = 19152/144320 ../data/adult_test.txt
[2022-04-10 14:55:05.331] Save: model.pt... 
[2022-04-10 14:55:05.338] Save: model.pt...Done. best_val_loss: 3.5100
[2022-04-10 14:55:05.338] Epoch 004/40 ==================================================
[2022-04-10 14:55:08.838] E004 |   200/1657 batches | lr 20.0000 | loss  3.202 | ppl     24.57
[2022-04-10 14:55:12.313] E004 |   400/1657 batches | lr 20.0000 | loss  3.195 | ppl     24.41
[2022-04-10 14:55:15.772] E004 |   600/1657 batches | lr 20.0000 | loss  3.228 | ppl     25.23
[2022-04-10 14:55:19.234] E004 |   800/1657 batches | lr 20.0000 | loss  3.222 | ppl     25.09
[2022-04-10 14:55:22.690] E004 |  1000/1657 batches | lr 20.0000 | loss  3.153 | ppl     23.40
[2022-04-10 14:55:26.145] E004 |  1200/1657 batches | lr 20.0000 | loss  3.221 | ppl     25.05
[2022-04-10 14:55:30.022] E004 |  1400/1657 batches | lr 20.0000 | loss  3.192 | ppl     24.33
[2022-04-10 14:55:34.011] E004 |  1600/1657 batches | lr 20.0000 | loss  3.213 | ppl     24.84
[2022-04-10 14:55:34.978] E004 |  1657/1657 batches | lr 20.0000 | loss  3.194 | ppl     24.39
[2022-04-10 14:55:42.581] End E004 | valid loss  3.481; ppl     32.50 | accu 0.2867 = 128668/448780
[2022-04-10 14:55:44.807] End E004 |  test loss  4.400; ppl     81.48 | accu 0.2107 = 27701/131500 ../data/adolescent_valid.txt
[2022-04-10 14:55:47.240] End E004 |  test loss  5.074; ppl    159.81 | accu 0.1318 = 19023/144320 ../data/adult_test.txt
[2022-04-10 14:55:47.241] Save: model.pt... 
[2022-04-10 14:55:47.251] Save: model.pt...Done. best_val_loss: 3.4812
[2022-04-10 14:55:47.251] Epoch 005/40 ==================================================
[2022-04-10 14:55:50.684] E005 |   200/1657 batches | lr 20.0000 | loss  3.168 | ppl     23.77
[2022-04-10 14:55:54.129] E005 |   400/1657 batches | lr 20.0000 | loss  3.164 | ppl     23.66
[2022-04-10 14:55:57.544] E005 |   600/1657 batches | lr 20.0000 | loss  3.194 | ppl     24.39
[2022-04-10 14:56:00.986] E005 |   800/1657 batches | lr 20.0000 | loss  3.192 | ppl     24.34
[2022-04-10 14:56:04.427] E005 |  1000/1657 batches | lr 20.0000 | loss  3.130 | ppl     22.88
[2022-04-10 14:56:07.861] E005 |  1200/1657 batches | lr 20.0000 | loss  3.200 | ppl     24.52
[2022-04-10 14:56:11.286] E005 |  1400/1657 batches | lr 20.0000 | loss  3.169 | ppl     23.78
[2022-04-10 14:56:14.737] E005 |  1600/1657 batches | lr 20.0000 | loss  3.193 | ppl     24.37
[2022-04-10 14:56:15.715] E005 |  1657/1657 batches | lr 20.0000 | loss  3.176 | ppl     23.95
[2022-04-10 14:56:23.317] End E005 | valid loss  3.469; ppl     32.12 | accu 0.2892 = 129795/448780
[2022-04-10 14:56:25.541] End E005 |  test loss  4.402; ppl     81.60 | accu 0.2130 = 28005/131500 ../data/adolescent_valid.txt
[2022-04-10 14:56:27.973] End E005 |  test loss  5.078; ppl    160.51 | accu 0.1393 = 20103/144320 ../data/adult_test.txt
[2022-04-10 14:56:27.973] Save: model.pt... 
[2022-04-10 14:56:27.984] Save: model.pt...Done. best_val_loss: 3.4694
[2022-04-10 14:56:27.984] Epoch 006/40 ==================================================
[2022-04-10 14:56:31.426] E006 |   200/1657 batches | lr 20.0000 | loss  3.149 | ppl     23.31
[2022-04-10 14:56:34.857] E006 |   400/1657 batches | lr 20.0000 | loss  3.144 | ppl     23.20
[2022-04-10 14:56:38.291] E006 |   600/1657 batches | lr 20.0000 | loss  3.179 | ppl     24.02
[2022-04-10 14:56:41.721] E006 |   800/1657 batches | lr 20.0000 | loss  3.179 | ppl     24.02
[2022-04-10 14:56:45.175] E006 |  1000/1657 batches | lr 20.0000 | loss  3.116 | ppl     22.56
[2022-04-10 14:56:48.617] E006 |  1200/1657 batches | lr 20.0000 | loss  3.179 | ppl     24.03
[2022-04-10 14:56:52.063] E006 |  1400/1657 batches | lr 20.0000 | loss  3.160 | ppl     23.56
[2022-04-10 14:56:55.492] E006 |  1600/1657 batches | lr 20.0000 | loss  3.181 | ppl     24.07
[2022-04-10 14:56:56.473] E006 |  1657/1657 batches | lr 20.0000 | loss  3.161 | ppl     23.59
[2022-04-10 14:57:04.062] End E006 | valid loss  3.468; ppl     32.07 | accu 0.2919 = 131015/448780
[2022-04-10 14:57:06.304] End E006 |  test loss  4.414; ppl     82.59 | accu 0.2130 = 28008/131500 ../data/adolescent_valid.txt
[2022-04-10 14:57:08.729] End E006 |  test loss  5.130; ppl    169.02 | accu 0.1337 = 19295/144320 ../data/adult_test.txt
[2022-04-10 14:57:08.729] Save: model.pt... 
[2022-04-10 14:57:08.736] Save: model.pt...Done. best_val_loss: 3.4679
[2022-04-10 14:57:08.736] Epoch 007/40 ==================================================
[2022-04-10 14:57:12.319] E007 |   200/1657 batches | lr 20.0000 | loss  3.134 | ppl     22.97
[2022-04-10 14:57:15.783] E007 |   400/1657 batches | lr 20.0000 | loss  3.128 | ppl     22.83
[2022-04-10 14:57:19.253] E007 |   600/1657 batches | lr 20.0000 | loss  3.170 | ppl     23.81
[2022-04-10 14:57:22.710] E007 |   800/1657 batches | lr 20.0000 | loss  3.167 | ppl     23.74
[2022-04-10 14:57:26.206] E007 |  1000/1657 batches | lr 20.0000 | loss  3.104 | ppl     22.29
[2022-04-10 14:57:29.653] E007 |  1200/1657 batches | lr 20.0000 | loss  3.169 | ppl     23.78
[2022-04-10 14:57:33.138] E007 |  1400/1657 batches | lr 20.0000 | loss  3.147 | ppl     23.26
[2022-04-10 14:57:36.592] E007 |  1600/1657 batches | lr 20.0000 | loss  3.172 | ppl     23.86
[2022-04-10 14:57:37.574] E007 |  1657/1657 batches | lr 20.0000 | loss  3.155 | ppl     23.46
[2022-04-10 14:57:45.230] End E007 | valid loss  3.454; ppl     31.62 | accu 0.2905 = 130373/448780
[2022-04-10 14:57:47.463] End E007 |  test loss  4.383; ppl     80.06 | accu 0.2131 = 28017/131500 ../data/adolescent_valid.txt
[2022-04-10 14:57:49.902] End E007 |  test loss  5.105; ppl    164.80 | accu 0.1361 = 19649/144320 ../data/adult_test.txt
[2022-04-10 14:57:49.902] Save: model.pt... 
[2022-04-10 14:57:49.913] Save: model.pt...Done. best_val_loss: 3.4538
[2022-04-10 14:57:49.913] Epoch 008/40 ==================================================
[2022-04-10 14:57:53.529] E008 |   200/1657 batches | lr 20.0000 | loss  3.129 | ppl     22.84
[2022-04-10 14:57:57.022] E008 |   400/1657 batches | lr 20.0000 | loss  3.123 | ppl     22.72
[2022-04-10 14:58:00.458] E008 |   600/1657 batches | lr 20.0000 | loss  3.163 | ppl     23.63
[2022-04-10 14:58:03.998] E008 |   800/1657 batches | lr 20.0000 | loss  3.162 | ppl     23.61
[2022-04-10 14:58:07.607] E008 |  1000/1657 batches | lr 20.0000 | loss  3.094 | ppl     22.06
[2022-04-10 14:58:11.221] E008 |  1200/1657 batches | lr 20.0000 | loss  3.165 | ppl     23.68
[2022-04-10 14:58:15.299] E008 |  1400/1657 batches | lr 20.0000 | loss  3.143 | ppl     23.16
[2022-04-10 14:58:19.384] E008 |  1600/1657 batches | lr 20.0000 | loss  3.171 | ppl     23.82
[2022-04-10 14:58:20.379] E008 |  1657/1657 batches | lr 20.0000 | loss  3.158 | ppl     23.52
[2022-04-10 14:58:28.027] End E008 | valid loss  3.442; ppl     31.24 | accu 0.2924 = 131213/448780
[2022-04-10 14:58:30.266] End E008 |  test loss  4.377; ppl     79.56 | accu 0.2151 = 28284/131500 ../data/adolescent_valid.txt
[2022-04-10 14:58:32.716] End E008 |  test loss  5.067; ppl    158.69 | accu 0.1407 = 20309/144320 ../data/adult_test.txt
[2022-04-10 14:58:32.716] Save: model.pt... 
[2022-04-10 14:58:32.726] Save: model.pt...Done. best_val_loss: 3.4418
[2022-04-10 14:58:32.727] Epoch 009/40 ==================================================
[2022-04-10 14:58:36.167] E009 |   200/1657 batches | lr 20.0000 | loss  3.124 | ppl     22.75
[2022-04-10 14:58:39.607] E009 |   400/1657 batches | lr 20.0000 | loss  3.118 | ppl     22.60
[2022-04-10 14:58:43.043] E009 |   600/1657 batches | lr 20.0000 | loss  3.157 | ppl     23.51
[2022-04-10 14:58:46.529] E009 |   800/1657 batches | lr 20.0000 | loss  3.154 | ppl     23.42
[2022-04-10 14:58:50.040] E009 |  1000/1657 batches | lr 20.0000 | loss  3.089 | ppl     21.96
[2022-04-10 14:58:53.594] E009 |  1200/1657 batches | lr 20.0000 | loss  3.157 | ppl     23.50
[2022-04-10 14:58:57.054] E009 |  1400/1657 batches | lr 20.0000 | loss  3.138 | ppl     23.06
[2022-04-10 14:59:00.507] E009 |  1600/1657 batches | lr 20.0000 | loss  3.163 | ppl     23.65
[2022-04-10 14:59:01.485] E009 |  1657/1657 batches | lr 20.0000 | loss  3.144 | ppl     23.19
[2022-04-10 14:59:09.116] End E009 | valid loss  3.442; ppl     31.24 | accu 0.2963 = 132958/448780
[2022-04-10 14:59:11.348] End E009 |  test loss  4.381; ppl     79.93 | accu 0.2181 = 28686/131500 ../data/adolescent_valid.txt
[2022-04-10 14:59:13.799] End E009 |  test loss  5.097; ppl    163.46 | accu 0.1410 = 20348/144320 ../data/adult_test.txt
[2022-04-10 14:59:13.799] Epoch 010/40 ==================================================
[2022-04-10 14:59:17.268] E010 |   200/1657 batches | lr 10.0000 | loss  3.094 | ppl     22.06
[2022-04-10 14:59:20.962] E010 |   400/1657 batches | lr 10.0000 | loss  3.061 | ppl     21.34
[2022-04-10 14:59:25.025] E010 |   600/1657 batches | lr 10.0000 | loss  3.085 | ppl     21.88
[2022-04-10 14:59:29.014] E010 |   800/1657 batches | lr 10.0000 | loss  3.073 | ppl     21.61
[2022-04-10 14:59:32.432] E010 |  1000/1657 batches | lr 10.0000 | loss  3.003 | ppl     20.14
[2022-04-10 14:59:35.877] E010 |  1200/1657 batches | lr 10.0000 | loss  3.059 | ppl     21.30
[2022-04-10 14:59:39.337] E010 |  1400/1657 batches | lr 10.0000 | loss  3.033 | ppl     20.75
[2022-04-10 14:59:42.757] E010 |  1600/1657 batches | lr 10.0000 | loss  3.047 | ppl     21.05
[2022-04-10 14:59:43.732] E010 |  1657/1657 batches | lr 10.0000 | loss  3.026 | ppl     20.61
[2022-04-10 14:59:51.350] End E010 | valid loss  3.377; ppl     29.29 | accu 0.3072 = 137843/448780
[2022-04-10 14:59:53.565] End E010 |  test loss  4.327; ppl     75.71 | accu 0.2282 = 30004/131500 ../data/adolescent_valid.txt
[2022-04-10 14:59:55.986] End E010 |  test loss  5.083; ppl    161.28 | accu 0.1477 = 21322/144320 ../data/adult_test.txt
[2022-04-10 14:59:55.986] Save: model.pt... 
[2022-04-10 14:59:55.997] Save: model.pt...Done. best_val_loss: 3.3773
[2022-04-10 14:59:55.997] Epoch 011/40 ==================================================
[2022-04-10 14:59:59.442] E011 |   200/1657 batches | lr 10.0000 | loss  3.013 | ppl     20.34
[2022-04-10 15:00:02.868] E011 |   400/1657 batches | lr 10.0000 | loss  3.005 | ppl     20.18
[2022-04-10 15:00:06.304] E011 |   600/1657 batches | lr 10.0000 | loss  3.037 | ppl     20.84
[2022-04-10 15:00:09.732] E011 |   800/1657 batches | lr 10.0000 | loss  3.036 | ppl     20.82
[2022-04-10 15:00:13.175] E011 |  1000/1657 batches | lr 10.0000 | loss  2.967 | ppl     19.44
[2022-04-10 15:00:16.610] E011 |  1200/1657 batches | lr 10.0000 | loss  3.031 | ppl     20.71
[2022-04-10 15:00:20.066] E011 |  1400/1657 batches | lr 10.0000 | loss  3.010 | ppl     20.28
[2022-04-10 15:00:23.486] E011 |  1600/1657 batches | lr 10.0000 | loss  3.024 | ppl     20.57
[2022-04-10 15:00:24.465] E011 |  1657/1657 batches | lr 10.0000 | loss  3.015 | ppl     20.40
[2022-04-10 15:00:32.010] End E011 | valid loss  3.358; ppl     28.72 | accu 0.3097 = 138997/448780
[2022-04-10 15:00:34.215] End E011 |  test loss  4.320; ppl     75.21 | accu 0.2293 = 30157/131500 ../data/adolescent_valid.txt
[2022-04-10 15:00:36.635] End E011 |  test loss  5.050; ppl    156.09 | accu 0.1518 = 21909/144320 ../data/adult_test.txt
[2022-04-10 15:00:36.635] Save: model.pt... 
[2022-04-10 15:00:36.646] Save: model.pt...Done. best_val_loss: 3.3576
[2022-04-10 15:00:36.646] Epoch 012/40 ==================================================
[2022-04-10 15:00:40.173] E012 |   200/1657 batches | lr 10.0000 | loss  2.987 | ppl     19.83
[2022-04-10 15:00:44.232] E012 |   400/1657 batches | lr 10.0000 | loss  2.988 | ppl     19.84
[2022-04-10 15:00:48.328] E012 |   600/1657 batches | lr 10.0000 | loss  3.017 | ppl     20.42
[2022-04-10 15:00:52.401] E012 |   800/1657 batches | lr 10.0000 | loss  3.018 | ppl     20.45
[2022-04-10 15:00:56.481] E012 |  1000/1657 batches | lr 10.0000 | loss  2.955 | ppl     19.20
[2022-04-10 15:01:00.533] E012 |  1200/1657 batches | lr 10.0000 | loss  3.021 | ppl     20.52
[2022-04-10 15:01:04.152] E012 |  1400/1657 batches | lr 10.0000 | loss  2.995 | ppl     19.98
[2022-04-10 15:01:07.593] E012 |  1600/1657 batches | lr 10.0000 | loss  3.012 | ppl     20.33
[2022-04-10 15:01:08.579] E012 |  1657/1657 batches | lr 10.0000 | loss  3.004 | ppl     20.17
[2022-04-10 15:01:16.199] End E012 | valid loss  3.347; ppl     28.42 | accu 0.3113 = 139725/448780
[2022-04-10 15:01:18.421] End E012 |  test loss  4.314; ppl     74.70 | accu 0.2303 = 30283/131500 ../data/adolescent_valid.txt
[2022-04-10 15:01:20.866] End E012 |  test loss  5.066; ppl    158.53 | accu 0.1526 = 22030/144320 ../data/adult_test.txt
[2022-04-10 15:01:20.867] Save: model.pt... 
[2022-04-10 15:01:20.874] Save: model.pt...Done. best_val_loss: 3.3470
[2022-04-10 15:01:20.874] Epoch 013/40 ==================================================
[2022-04-10 15:01:24.306] E013 |   200/1657 batches | lr 10.0000 | loss  2.973 | ppl     19.55
[2022-04-10 15:01:27.750] E013 |   400/1657 batches | lr 10.0000 | loss  2.972 | ppl     19.53
[2022-04-10 15:01:31.188] E013 |   600/1657 batches | lr 10.0000 | loss  3.005 | ppl     20.18
[2022-04-10 15:01:34.636] E013 |   800/1657 batches | lr 10.0000 | loss  3.008 | ppl     20.24
[2022-04-10 15:01:38.090] E013 |  1000/1657 batches | lr 10.0000 | loss  2.939 | ppl     18.89
[2022-04-10 15:01:41.539] E013 |  1200/1657 batches | lr 10.0000 | loss  3.008 | ppl     20.24
[2022-04-10 15:01:44.967] E013 |  1400/1657 batches | lr 10.0000 | loss  2.986 | ppl     19.81
[2022-04-10 15:01:48.428] E013 |  1600/1657 batches | lr 10.0000 | loss  3.005 | ppl     20.18
[2022-04-10 15:01:49.401] E013 |  1657/1657 batches | lr 10.0000 | loss  2.992 | ppl     19.93
[2022-04-10 15:01:57.045] End E013 | valid loss  3.341; ppl     28.25 | accu 0.3116 = 139839/448780
[2022-04-10 15:01:59.273] End E013 |  test loss  4.317; ppl     74.93 | accu 0.2307 = 30338/131500 ../data/adolescent_valid.txt
[2022-04-10 15:02:01.722] End E013 |  test loss  5.060; ppl    157.54 | accu 0.1539 = 22207/144320 ../data/adult_test.txt
[2022-04-10 15:02:01.722] Save: model.pt... 
[2022-04-10 15:02:01.733] Save: model.pt...Done. best_val_loss: 3.3410
[2022-04-10 15:02:01.733] Epoch 014/40 ==================================================
[2022-04-10 15:02:05.312] E014 |   200/1657 batches | lr 10.0000 | loss  2.963 | ppl     19.36
[2022-04-10 15:02:08.769] E014 |   400/1657 batches | lr 10.0000 | loss  2.963 | ppl     19.36
[2022-04-10 15:02:12.197] E014 |   600/1657 batches | lr 10.0000 | loss  2.993 | ppl     19.95
[2022-04-10 15:02:15.621] E014 |   800/1657 batches | lr 10.0000 | loss  2.998 | ppl     20.05
[2022-04-10 15:02:19.061] E014 |  1000/1657 batches | lr 10.0000 | loss  2.933 | ppl     18.77
[2022-04-10 15:02:22.596] E014 |  1200/1657 batches | lr 10.0000 | loss  2.993 | ppl     19.95
[2022-04-10 15:02:26.308] E014 |  1400/1657 batches | lr 10.0000 | loss  2.978 | ppl     19.64
[2022-04-10 15:02:30.460] E014 |  1600/1657 batches | lr 10.0000 | loss  2.997 | ppl     20.03
[2022-04-10 15:02:31.624] E014 |  1657/1657 batches | lr 10.0000 | loss  2.987 | ppl     19.83
[2022-04-10 15:02:41.150] End E014 | valid loss  3.333; ppl     28.02 | accu 0.3122 = 140108/448780
[2022-04-10 15:02:43.946] End E014 |  test loss  4.310; ppl     74.44 | accu 0.2301 = 30256/131500 ../data/adolescent_valid.txt
[2022-04-10 15:02:46.991] End E014 |  test loss  5.027; ppl    152.42 | accu 0.1530 = 22083/144320 ../data/adult_test.txt
[2022-04-10 15:02:46.992] Save: model.pt... 
[2022-04-10 15:02:47.002] Save: model.pt...Done. best_val_loss: 3.3329
[2022-04-10 15:02:47.003] Epoch 015/40 ==================================================
[2022-04-10 15:02:51.098] E015 |   200/1657 batches | lr 10.0000 | loss  2.956 | ppl     19.22
[2022-04-10 15:02:55.190] E015 |   400/1657 batches | lr 10.0000 | loss  2.955 | ppl     19.21
[2022-04-10 15:02:59.267] E015 |   600/1657 batches | lr 10.0000 | loss  2.985 | ppl     19.79
[2022-04-10 15:03:03.274] E015 |   800/1657 batches | lr 10.0000 | loss  2.989 | ppl     19.87
[2022-04-10 15:03:06.749] E015 |  1000/1657 batches | lr 10.0000 | loss  2.926 | ppl     18.65
[2022-04-10 15:03:10.189] E015 |  1200/1657 batches | lr 10.0000 | loss  2.991 | ppl     19.91
[2022-04-10 15:03:13.650] E015 |  1400/1657 batches | lr 10.0000 | loss  2.971 | ppl     19.51
[2022-04-10 15:03:17.162] E015 |  1600/1657 batches | lr 10.0000 | loss  2.988 | ppl     19.86
[2022-04-10 15:03:18.142] E015 |  1657/1657 batches | lr 10.0000 | loss  2.980 | ppl     19.69
[2022-04-10 15:03:25.735] End E015 | valid loss  3.338; ppl     28.16 | accu 0.3136 = 140717/448780
[2022-04-10 15:03:27.971] End E015 |  test loss  4.297; ppl     73.51 | accu 0.2324 = 30565/131500 ../data/adolescent_valid.txt
[2022-04-10 15:03:30.407] End E015 |  test loss  5.075; ppl    159.95 | accu 0.1530 = 22077/144320 ../data/adult_test.txt
[2022-04-10 15:03:30.407] Epoch 016/40 ==================================================
[2022-04-10 15:03:33.885] E016 |   200/1657 batches | lr 5.0000 | loss  2.949 | ppl     19.09
[2022-04-10 15:03:37.352] E016 |   400/1657 batches | lr 5.0000 | loss  2.932 | ppl     18.76
[2022-04-10 15:03:40.868] E016 |   600/1657 batches | lr 5.0000 | loss  2.958 | ppl     19.27
[2022-04-10 15:03:44.928] E016 |   800/1657 batches | lr 5.0000 | loss  2.956 | ppl     19.22
[2022-04-10 15:03:48.565] E016 |  1000/1657 batches | lr 5.0000 | loss  2.888 | ppl     17.95
[2022-04-10 15:03:52.049] E016 |  1200/1657 batches | lr 5.0000 | loss  2.945 | ppl     19.01
[2022-04-10 15:03:55.551] E016 |  1400/1657 batches | lr 5.0000 | loss  2.921 | ppl     18.56
[2022-04-10 15:03:59.040] E016 |  1600/1657 batches | lr 5.0000 | loss  2.937 | ppl     18.85
[2022-04-10 15:04:00.042] E016 |  1657/1657 batches | lr 5.0000 | loss  2.928 | ppl     18.69
[2022-04-10 15:04:07.707] End E016 | valid loss  3.304; ppl     27.23 | accu 0.3190 = 143163/448780
[2022-04-10 15:04:09.941] End E016 |  test loss  4.288; ppl     72.84 | accu 0.2369 = 31155/131500 ../data/adolescent_valid.txt
[2022-04-10 15:04:12.378] End E016 |  test loss  5.049; ppl    155.92 | accu 0.1585 = 22868/144320 ../data/adult_test.txt
[2022-04-10 15:04:12.379] Save: model.pt... 
[2022-04-10 15:04:12.389] Save: model.pt...Done. best_val_loss: 3.3042
[2022-04-10 15:04:12.389] Epoch 017/40 ==================================================
[2022-04-10 15:04:15.853] E017 |   200/1657 batches | lr 5.0000 | loss  2.910 | ppl     18.36
[2022-04-10 15:04:19.325] E017 |   400/1657 batches | lr 5.0000 | loss  2.909 | ppl     18.34
[2022-04-10 15:04:22.783] E017 |   600/1657 batches | lr 5.0000 | loss  2.938 | ppl     18.87
[2022-04-10 15:04:26.250] E017 |   800/1657 batches | lr 5.0000 | loss  2.941 | ppl     18.93
[2022-04-10 15:04:29.674] E017 |  1000/1657 batches | lr 5.0000 | loss  2.874 | ppl     17.71
[2022-04-10 15:04:33.144] E017 |  1200/1657 batches | lr 5.0000 | loss  2.935 | ppl     18.82
[2022-04-10 15:04:36.890] E017 |  1400/1657 batches | lr 5.0000 | loss  2.913 | ppl     18.41
[2022-04-10 15:04:40.997] E017 |  1600/1657 batches | lr 5.0000 | loss  2.933 | ppl     18.79
[2022-04-10 15:04:42.158] E017 |  1657/1657 batches | lr 5.0000 | loss  2.927 | ppl     18.67
[2022-04-10 15:04:51.661] End E017 | valid loss  3.302; ppl     27.17 | accu 0.3191 = 143185/448780
[2022-04-10 15:04:54.229] End E017 |  test loss  4.295; ppl     73.35 | accu 0.2372 = 31194/131500 ../data/adolescent_valid.txt
[2022-04-10 15:04:56.703] End E017 |  test loss  5.052; ppl    156.29 | accu 0.1583 = 22846/144320 ../data/adult_test.txt
[2022-04-10 15:04:56.703] Save: model.pt... 
[2022-04-10 15:04:56.714] Save: model.pt...Done. best_val_loss: 3.3020
[2022-04-10 15:04:56.714] Epoch 018/40 ==================================================
[2022-04-10 15:05:00.217] E018 |   200/1657 batches | lr 5.0000 | loss  2.898 | ppl     18.13
[2022-04-10 15:05:03.664] E018 |   400/1657 batches | lr 5.0000 | loss  2.900 | ppl     18.18
[2022-04-10 15:05:07.097] E018 |   600/1657 batches | lr 5.0000 | loss  2.928 | ppl     18.69
[2022-04-10 15:05:10.538] E018 |   800/1657 batches | lr 5.0000 | loss  2.927 | ppl     18.68
[2022-04-10 15:05:14.000] E018 |  1000/1657 batches | lr 5.0000 | loss  2.868 | ppl     17.60
[2022-04-10 15:05:17.463] E018 |  1200/1657 batches | lr 5.0000 | loss  2.928 | ppl     18.70
[2022-04-10 15:05:20.880] E018 |  1400/1657 batches | lr 5.0000 | loss  2.907 | ppl     18.31
[2022-04-10 15:05:24.331] E018 |  1600/1657 batches | lr 5.0000 | loss  2.928 | ppl     18.69
[2022-04-10 15:05:25.305] E018 |  1657/1657 batches | lr 5.0000 | loss  2.915 | ppl     18.45
[2022-04-10 15:05:34.281] End E018 | valid loss  3.299; ppl     27.10 | accu 0.3200 = 143610/448780
[2022-04-10 15:05:37.063] End E018 |  test loss  4.297; ppl     73.44 | accu 0.2378 = 31269/131500 ../data/adolescent_valid.txt
[2022-04-10 15:05:40.091] End E018 |  test loss  5.051; ppl    156.13 | accu 0.1595 = 23020/144320 ../data/adult_test.txt
[2022-04-10 15:05:40.091] Save: model.pt... 
[2022-04-10 15:05:40.102] Save: model.pt...Done. best_val_loss: 3.2994
[2022-04-10 15:05:40.102] Epoch 019/40 ==================================================
[2022-04-10 15:05:44.189] E019 |   200/1657 batches | lr 5.0000 | loss  2.893 | ppl     18.05
[2022-04-10 15:05:48.262] E019 |   400/1657 batches | lr 5.0000 | loss  2.892 | ppl     18.03
[2022-04-10 15:05:52.330] E019 |   600/1657 batches | lr 5.0000 | loss  2.920 | ppl     18.55
[2022-04-10 15:05:56.381] E019 |   800/1657 batches | lr 5.0000 | loss  2.923 | ppl     18.59
[2022-04-10 15:06:00.446] E019 |  1000/1657 batches | lr 5.0000 | loss  2.863 | ppl     17.52
[2022-04-10 15:06:04.494] E019 |  1200/1657 batches | lr 5.0000 | loss  2.920 | ppl     18.53
[2022-04-10 15:06:08.031] E019 |  1400/1657 batches | lr 5.0000 | loss  2.904 | ppl     18.25
[2022-04-10 15:06:11.449] E019 |  1600/1657 batches | lr 5.0000 | loss  2.919 | ppl     18.52
[2022-04-10 15:06:12.455] E019 |  1657/1657 batches | lr 5.0000 | loss  2.911 | ppl     18.38
[2022-04-10 15:06:20.158] End E019 | valid loss  3.291; ppl     26.87 | accu 0.3212 = 144153/448780
[2022-04-10 15:06:22.393] End E019 |  test loss  4.285; ppl     72.58 | accu 0.2379 = 31284/131500 ../data/adolescent_valid.txt
[2022-04-10 15:06:24.827] End E019 |  test loss  5.029; ppl    152.77 | accu 0.1598 = 23060/144320 ../data/adult_test.txt
[2022-04-10 15:06:24.827] Save: model.pt... 
[2022-04-10 15:06:24.834] Save: model.pt...Done. best_val_loss: 3.2912
[2022-04-10 15:06:24.835] Epoch 020/40 ==================================================
[2022-04-10 15:06:28.852] E020 |   200/1657 batches | lr 5.0000 | loss  2.887 | ppl     17.93
[2022-04-10 15:06:32.900] E020 |   400/1657 batches | lr 5.0000 | loss  2.881 | ppl     17.83
[2022-04-10 15:06:36.981] E020 |   600/1657 batches | lr 5.0000 | loss  2.914 | ppl     18.43
[2022-04-10 15:06:41.038] E020 |   800/1657 batches | lr 5.0000 | loss  2.918 | ppl     18.51
[2022-04-10 15:06:44.939] E020 |  1000/1657 batches | lr 5.0000 | loss  2.858 | ppl     17.42
[2022-04-10 15:06:48.398] E020 |  1200/1657 batches | lr 5.0000 | loss  2.915 | ppl     18.45
[2022-04-10 15:06:51.848] E020 |  1400/1657 batches | lr 5.0000 | loss  2.900 | ppl     18.18
[2022-04-10 15:06:55.332] E020 |  1600/1657 batches | lr 5.0000 | loss  2.916 | ppl     18.46
[2022-04-10 15:06:56.318] E020 |  1657/1657 batches | lr 5.0000 | loss  2.906 | ppl     18.29
[2022-04-10 15:07:03.941] End E020 | valid loss  3.293; ppl     26.91 | accu 0.3211 = 144081/448780
[2022-04-10 15:07:06.154] End E020 |  test loss  4.290; ppl     72.96 | accu 0.2377 = 31257/131500 ../data/adolescent_valid.txt
[2022-04-10 15:07:08.582] End E020 |  test loss  5.025; ppl    152.18 | accu 0.1605 = 23162/144320 ../data/adult_test.txt
[2022-04-10 15:07:08.582] Epoch 021/40 ==================================================
[2022-04-10 15:07:12.015] E021 |   200/1657 batches | lr 2.5000 | loss  2.882 | ppl     17.86
[2022-04-10 15:07:15.489] E021 |   400/1657 batches | lr 2.5000 | loss  2.879 | ppl     17.80
[2022-04-10 15:07:18.914] E021 |   600/1657 batches | lr 2.5000 | loss  2.905 | ppl     18.26
[2022-04-10 15:07:22.375] E021 |   800/1657 batches | lr 2.5000 | loss  2.903 | ppl     18.23
[2022-04-10 15:07:25.815] E021 |  1000/1657 batches | lr 2.5000 | loss  2.839 | ppl     17.09
[2022-04-10 15:07:29.255] E021 |  1200/1657 batches | lr 2.5000 | loss  2.894 | ppl     18.07
[2022-04-10 15:07:32.975] E021 |  1400/1657 batches | lr 2.5000 | loss  2.875 | ppl     17.72
[2022-04-10 15:07:37.061] E021 |  1600/1657 batches | lr 2.5000 | loss  2.889 | ppl     17.97
[2022-04-10 15:07:38.218] E021 |  1657/1657 batches | lr 2.5000 | loss  2.887 | ppl     17.94
[2022-04-10 15:07:47.693] End E021 | valid loss  3.282; ppl     26.63 | accu 0.3243 = 145539/448780
[2022-04-10 15:07:50.464] End E021 |  test loss  4.288; ppl     72.84 | accu 0.2403 = 31604/131500 ../data/adolescent_valid.txt
[2022-04-10 15:07:53.499] End E021 |  test loss  5.042; ppl    154.78 | accu 0.1611 = 23244/144320 ../data/adult_test.txt
[2022-04-10 15:07:53.499] Save: model.pt... 
[2022-04-10 15:07:53.510] Save: model.pt...Done. best_val_loss: 3.2822
[2022-04-10 15:07:53.510] Epoch 022/40 ==================================================
[2022-04-10 15:07:57.555] E022 |   200/1657 batches | lr 2.5000 | loss  2.863 | ppl     17.52
[2022-04-10 15:08:01.662] E022 |   400/1657 batches | lr 2.5000 | loss  2.862 | ppl     17.49
[2022-04-10 15:08:05.205] E022 |   600/1657 batches | lr 2.5000 | loss  2.893 | ppl     18.05
[2022-04-10 15:08:08.654] E022 |   800/1657 batches | lr 2.5000 | loss  2.895 | ppl     18.09
[2022-04-10 15:08:12.105] E022 |  1000/1657 batches | lr 2.5000 | loss  2.833 | ppl     16.99
[2022-04-10 15:08:15.636] E022 |  1200/1657 batches | lr 2.5000 | loss  2.889 | ppl     17.98
[2022-04-10 15:08:19.160] E022 |  1400/1657 batches | lr 2.5000 | loss  2.871 | ppl     17.65
[2022-04-10 15:08:22.661] E022 |  1600/1657 batches | lr 2.5000 | loss  2.887 | ppl     17.94
[2022-04-10 15:08:23.640] E022 |  1657/1657 batches | lr 2.5000 | loss  2.878 | ppl     17.78
[2022-04-10 15:08:31.265] End E022 | valid loss  3.275; ppl     26.45 | accu 0.3251 = 145893/448780
[2022-04-10 15:08:33.475] End E022 |  test loss  4.290; ppl     72.99 | accu 0.2404 = 31611/131500 ../data/adolescent_valid.txt
[2022-04-10 15:08:35.902] End E022 |  test loss  5.044; ppl    155.01 | accu 0.1621 = 23388/144320 ../data/adult_test.txt
[2022-04-10 15:08:35.902] Save: model.pt... 
[2022-04-10 15:08:35.910] Save: model.pt...Done. best_val_loss: 3.2751
[2022-04-10 15:08:35.910] Epoch 023/40 ==================================================
[2022-04-10 15:08:39.359] E023 |   200/1657 batches | lr 2.5000 | loss  2.860 | ppl     17.46
[2022-04-10 15:08:42.856] E023 |   400/1657 batches | lr 2.5000 | loss  2.856 | ppl     17.39
[2022-04-10 15:08:46.301] E023 |   600/1657 batches | lr 2.5000 | loss  2.884 | ppl     17.89
[2022-04-10 15:08:49.726] E023 |   800/1657 batches | lr 2.5000 | loss  2.891 | ppl     18.01
[2022-04-10 15:08:53.164] E023 |  1000/1657 batches | lr 2.5000 | loss  2.827 | ppl     16.90
[2022-04-10 15:08:56.588] E023 |  1200/1657 batches | lr 2.5000 | loss  2.886 | ppl     17.91
[2022-04-10 15:09:00.022] E023 |  1400/1657 batches | lr 2.5000 | loss  2.868 | ppl     17.61
[2022-04-10 15:09:03.474] E023 |  1600/1657 batches | lr 2.5000 | loss  2.888 | ppl     17.96
[2022-04-10 15:09:04.447] E023 |  1657/1657 batches | lr 2.5000 | loss  2.877 | ppl     17.77
[2022-04-10 15:09:12.065] End E023 | valid loss  3.275; ppl     26.45 | accu 0.3247 = 145729/448780
[2022-04-10 15:09:14.317] End E023 |  test loss  4.290; ppl     72.93 | accu 0.2408 = 31663/131500 ../data/adolescent_valid.txt
[2022-04-10 15:09:16.758] End E023 |  test loss  5.047; ppl    155.52 | accu 0.1614 = 23291/144320 ../data/adult_test.txt
[2022-04-10 15:09:16.758] Epoch 024/40 ==================================================
[2022-04-10 15:09:20.208] E024 |   200/1657 batches | lr 1.2500 | loss  2.858 | ppl     17.42
[2022-04-10 15:09:23.686] E024 |   400/1657 batches | lr 1.2500 | loss  2.854 | ppl     17.37
[2022-04-10 15:09:27.178] E024 |   600/1657 batches | lr 1.2500 | loss  2.875 | ppl     17.73
[2022-04-10 15:09:30.654] E024 |   800/1657 batches | lr 1.2500 | loss  2.878 | ppl     17.78
[2022-04-10 15:09:34.149] E024 |  1000/1657 batches | lr 1.2500 | loss  2.822 | ppl     16.81
[2022-04-10 15:09:37.624] E024 |  1200/1657 batches | lr 1.2500 | loss  2.873 | ppl     17.69
[2022-04-10 15:09:41.091] E024 |  1400/1657 batches | lr 1.2500 | loss  2.854 | ppl     17.36
[2022-04-10 15:09:44.510] E024 |  1600/1657 batches | lr 1.2500 | loss  2.870 | ppl     17.63
[2022-04-10 15:09:45.492] E024 |  1657/1657 batches | lr 1.2500 | loss  2.863 | ppl     17.51
[2022-04-10 15:09:53.075] End E024 | valid loss  3.271; ppl     26.33 | accu 0.3256 = 146135/448780
[2022-04-10 15:09:55.303] End E024 |  test loss  4.281; ppl     72.28 | accu 0.2421 = 31833/131500 ../data/adolescent_valid.txt
[2022-04-10 15:09:57.756] End E024 |  test loss  5.033; ppl    153.40 | accu 0.1630 = 23527/144320 ../data/adult_test.txt
[2022-04-10 15:09:57.756] Save: model.pt... 
[2022-04-10 15:09:57.767] Save: model.pt...Done. best_val_loss: 3.2708
[2022-04-10 15:09:57.767] Epoch 025/40 ==================================================
[2022-04-10 15:10:01.244] E025 |   200/1657 batches | lr 1.2500 | loss  2.845 | ppl     17.20
[2022-04-10 15:10:04.674] E025 |   400/1657 batches | lr 1.2500 | loss  2.846 | ppl     17.22
[2022-04-10 15:10:08.105] E025 |   600/1657 batches | lr 1.2500 | loss  2.873 | ppl     17.69
[2022-04-10 15:10:11.529] E025 |   800/1657 batches | lr 1.2500 | loss  2.875 | ppl     17.73
[2022-04-10 15:10:15.014] E025 |  1000/1657 batches | lr 1.2500 | loss  2.815 | ppl     16.69
[2022-04-10 15:10:18.542] E025 |  1200/1657 batches | lr 1.2500 | loss  2.870 | ppl     17.64
[2022-04-10 15:10:21.987] E025 |  1400/1657 batches | lr 1.2500 | loss  2.852 | ppl     17.32
[2022-04-10 15:10:25.432] E025 |  1600/1657 batches | lr 1.2500 | loss  2.871 | ppl     17.66
[2022-04-10 15:10:26.411] E025 |  1657/1657 batches | lr 1.2500 | loss  2.858 | ppl     17.43
[2022-04-10 15:10:33.987] End E025 | valid loss  3.269; ppl     26.29 | accu 0.3260 = 146295/448780
[2022-04-10 15:10:36.203] End E025 |  test loss  4.278; ppl     72.13 | accu 0.2425 = 31893/131500 ../data/adolescent_valid.txt
[2022-04-10 15:10:38.643] End E025 |  test loss  5.032; ppl    153.31 | accu 0.1631 = 23543/144320 ../data/adult_test.txt
[2022-04-10 15:10:38.643] Save: model.pt... 
[2022-04-10 15:10:38.650] Save: model.pt...Done. best_val_loss: 3.2691
[2022-04-10 15:10:38.650] Epoch 026/40 ==================================================
[2022-04-10 15:10:42.174] E026 |   200/1657 batches | lr 1.2500 | loss  2.841 | ppl     17.14
[2022-04-10 15:10:45.641] E026 |   400/1657 batches | lr 1.2500 | loss  2.841 | ppl     17.12
[2022-04-10 15:10:49.123] E026 |   600/1657 batches | lr 1.2500 | loss  2.871 | ppl     17.65
[2022-04-10 15:10:52.562] E026 |   800/1657 batches | lr 1.2500 | loss  2.873 | ppl     17.69
[2022-04-10 15:10:56.469] E026 |  1000/1657 batches | lr 1.2500 | loss  2.812 | ppl     16.64
[2022-04-10 15:11:00.609] E026 |  1200/1657 batches | lr 1.2500 | loss  2.869 | ppl     17.62
[2022-04-10 15:11:04.341] E026 |  1400/1657 batches | lr 1.2500 | loss  2.849 | ppl     17.27
[2022-04-10 15:11:07.781] E026 |  1600/1657 batches | lr 1.2500 | loss  2.868 | ppl     17.60
[2022-04-10 15:11:08.748] E026 |  1657/1657 batches | lr 1.2500 | loss  2.862 | ppl     17.50
[2022-04-10 15:11:16.380] End E026 | valid loss  3.265; ppl     26.19 | accu 0.3264 = 146496/448780
[2022-04-10 15:11:18.594] End E026 |  test loss  4.276; ppl     71.97 | accu 0.2428 = 31934/131500 ../data/adolescent_valid.txt
[2022-04-10 15:11:21.033] End E026 |  test loss  5.033; ppl    153.46 | accu 0.1635 = 23598/144320 ../data/adult_test.txt
[2022-04-10 15:11:21.034] Save: model.pt... 
[2022-04-10 15:11:21.044] Save: model.pt...Done. best_val_loss: 3.2654
[2022-04-10 15:11:21.045] Epoch 027/40 ==================================================
[2022-04-10 15:11:24.467] E027 |   200/1657 batches | lr 1.2500 | loss  2.838 | ppl     17.08
[2022-04-10 15:11:27.937] E027 |   400/1657 batches | lr 1.2500 | loss  2.840 | ppl     17.12
[2022-04-10 15:11:31.404] E027 |   600/1657 batches | lr 1.2500 | loss  2.869 | ppl     17.62
[2022-04-10 15:11:34.827] E027 |   800/1657 batches | lr 1.2500 | loss  2.872 | ppl     17.67
[2022-04-10 15:11:38.254] E027 |  1000/1657 batches | lr 1.2500 | loss  2.810 | ppl     16.60
[2022-04-10 15:11:41.697] E027 |  1200/1657 batches | lr 1.2500 | loss  2.868 | ppl     17.61
[2022-04-10 15:11:45.115] E027 |  1400/1657 batches | lr 1.2500 | loss  2.855 | ppl     17.37
[2022-04-10 15:11:48.563] E027 |  1600/1657 batches | lr 1.2500 | loss  2.867 | ppl     17.59
[2022-04-10 15:11:49.534] E027 |  1657/1657 batches | lr 1.2500 | loss  2.858 | ppl     17.42
[2022-04-10 15:11:57.278] End E027 | valid loss  3.266; ppl     26.21 | accu 0.3267 = 146634/448780
[2022-04-10 15:11:59.513] End E027 |  test loss  4.280; ppl     72.25 | accu 0.2426 = 31908/131500 ../data/adolescent_valid.txt
[2022-04-10 15:12:01.946] End E027 |  test loss  5.046; ppl    155.41 | accu 0.1632 = 23550/144320 ../data/adult_test.txt
[2022-04-10 15:12:01.946] Epoch 028/40 ==================================================
[2022-04-10 15:12:05.441] E028 |   200/1657 batches | lr 0.6250 | loss  2.840 | ppl     17.12
[2022-04-10 15:12:08.919] E028 |   400/1657 batches | lr 0.6250 | loss  2.837 | ppl     17.06
[2022-04-10 15:12:12.362] E028 |   600/1657 batches | lr 0.6250 | loss  2.865 | ppl     17.54
[2022-04-10 15:12:15.887] E028 |   800/1657 batches | lr 0.6250 | loss  2.872 | ppl     17.67
[2022-04-10 15:12:19.385] E028 |  1000/1657 batches | lr 0.6250 | loss  2.805 | ppl     16.53
[2022-04-10 15:12:22.837] E028 |  1200/1657 batches | lr 0.6250 | loss  2.863 | ppl     17.52
[2022-04-10 15:12:26.288] E028 |  1400/1657 batches | lr 0.6250 | loss  2.845 | ppl     17.20
[2022-04-10 15:12:29.729] E028 |  1600/1657 batches | lr 0.6250 | loss  2.857 | ppl     17.40
[2022-04-10 15:12:30.717] E028 |  1657/1657 batches | lr 0.6250 | loss  2.856 | ppl     17.39
[2022-04-10 15:12:38.332] End E028 | valid loss  3.263; ppl     26.13 | accu 0.3272 = 146853/448780
[2022-04-10 15:12:40.558] End E028 |  test loss  4.277; ppl     72.03 | accu 0.2433 = 31995/131500 ../data/adolescent_valid.txt
[2022-04-10 15:12:42.993] End E028 |  test loss  5.038; ppl    154.09 | accu 0.1639 = 23655/144320 ../data/adult_test.txt
[2022-04-10 15:12:42.993] Save: model.pt... 
[2022-04-10 15:12:43.003] Save: model.pt...Done. best_val_loss: 3.2631
[2022-04-10 15:12:43.003] Epoch 029/40 ==================================================
[2022-04-10 15:12:46.466] E029 |   200/1657 batches | lr 0.6250 | loss  2.835 | ppl     17.03
[2022-04-10 15:12:49.920] E029 |   400/1657 batches | lr 0.6250 | loss  2.833 | ppl     17.00
[2022-04-10 15:12:53.532] E029 |   600/1657 batches | lr 0.6250 | loss  2.865 | ppl     17.55
[2022-04-10 15:12:57.474] E029 |   800/1657 batches | lr 0.6250 | loss  2.868 | ppl     17.60
[2022-04-10 15:13:00.928] E029 |  1000/1657 batches | lr 0.6250 | loss  2.805 | ppl     16.52
[2022-04-10 15:13:04.353] E029 |  1200/1657 batches | lr 0.6250 | loss  2.862 | ppl     17.50
[2022-04-10 15:13:07.790] E029 |  1400/1657 batches | lr 0.6250 | loss  2.844 | ppl     17.18
[2022-04-10 15:13:11.322] E029 |  1600/1657 batches | lr 0.6250 | loss  2.860 | ppl     17.46
[2022-04-10 15:13:12.311] E029 |  1657/1657 batches | lr 0.6250 | loss  2.852 | ppl     17.33
[2022-04-10 15:13:19.974] End E029 | valid loss  3.263; ppl     26.12 | accu 0.3270 = 146758/448780
[2022-04-10 15:13:22.196] End E029 |  test loss  4.276; ppl     71.93 | accu 0.2436 = 32034/131500 ../data/adolescent_valid.txt
[2022-04-10 15:13:24.633] End E029 |  test loss  5.033; ppl    153.44 | accu 0.1640 = 23668/144320 ../data/adult_test.txt
[2022-04-10 15:13:24.633] Save: model.pt... 
[2022-04-10 15:13:24.644] Save: model.pt...Done. best_val_loss: 3.2627
[2022-04-10 15:13:24.644] Epoch 030/40 ==================================================
[2022-04-10 15:13:28.102] E030 |   200/1657 batches | lr 0.6250 | loss  2.835 | ppl     17.04
[2022-04-10 15:13:31.527] E030 |   400/1657 batches | lr 0.6250 | loss  2.833 | ppl     17.00
[2022-04-10 15:13:34.949] E030 |   600/1657 batches | lr 0.6250 | loss  2.862 | ppl     17.50
[2022-04-10 15:13:38.382] E030 |   800/1657 batches | lr 0.6250 | loss  2.866 | ppl     17.57
[2022-04-10 15:13:41.953] E030 |  1000/1657 batches | lr 0.6250 | loss  2.802 | ppl     16.48
[2022-04-10 15:13:45.770] E030 |  1200/1657 batches | lr 0.6250 | loss  2.857 | ppl     17.42
[2022-04-10 15:13:49.837] E030 |  1400/1657 batches | lr 0.6250 | loss  2.839 | ppl     17.09
[2022-04-10 15:13:53.913] E030 |  1600/1657 batches | lr 0.6250 | loss  2.862 | ppl     17.49
[2022-04-10 15:13:55.073] E030 |  1657/1657 batches | lr 0.6250 | loss  2.848 | ppl     17.26
[2022-04-10 15:14:04.556] End E030 | valid loss  3.262; ppl     26.10 | accu 0.3275 = 146957/448780
[2022-04-10 15:14:07.306] End E030 |  test loss  4.274; ppl     71.82 | accu 0.2435 = 32019/131500 ../data/adolescent_valid.txt
[2022-04-10 15:14:10.352] End E030 |  test loss  5.032; ppl    153.23 | accu 0.1637 = 23628/144320 ../data/adult_test.txt
[2022-04-10 15:14:10.352] Save: model.pt... 
[2022-04-10 15:14:10.363] Save: model.pt...Done. best_val_loss: 3.2621
[2022-04-10 15:14:10.363] Epoch 031/40 ==================================================
[2022-04-10 15:14:14.021] E031 |   200/1657 batches | lr 0.6250 | loss  2.831 | ppl     16.96
[2022-04-10 15:14:17.480] E031 |   400/1657 batches | lr 0.6250 | loss  2.829 | ppl     16.92
[2022-04-10 15:14:20.908] E031 |   600/1657 batches | lr 0.6250 | loss  2.857 | ppl     17.41
[2022-04-10 15:14:24.353] E031 |   800/1657 batches | lr 0.6250 | loss  2.860 | ppl     17.46
[2022-04-10 15:14:27.844] E031 |  1000/1657 batches | lr 0.6250 | loss  2.804 | ppl     16.51
[2022-04-10 15:14:31.317] E031 |  1200/1657 batches | lr 0.6250 | loss  2.859 | ppl     17.45
[2022-04-10 15:14:34.837] E031 |  1400/1657 batches | lr 0.6250 | loss  2.840 | ppl     17.11
[2022-04-10 15:14:38.276] E031 |  1600/1657 batches | lr 0.6250 | loss  2.860 | ppl     17.46
[2022-04-10 15:14:39.249] E031 |  1657/1657 batches | lr 0.6250 | loss  2.849 | ppl     17.27
[2022-04-10 15:14:46.858] End E031 | valid loss  3.262; ppl     26.09 | accu 0.3275 = 146967/448780
[2022-04-10 15:14:49.092] End E031 |  test loss  4.276; ppl     71.94 | accu 0.2433 = 31993/131500 ../data/adolescent_valid.txt
[2022-04-10 15:14:51.551] End E031 |  test loss  5.032; ppl    153.29 | accu 0.1638 = 23641/144320 ../data/adult_test.txt
[2022-04-10 15:14:51.551] Save: model.pt... 
[2022-04-10 15:14:51.558] Save: model.pt...Done. best_val_loss: 3.2617
[2022-04-10 15:14:51.558] Epoch 032/40 ==================================================
[2022-04-10 15:14:55.038] E032 |   200/1657 batches | lr 0.6250 | loss  2.831 | ppl     16.97
[2022-04-10 15:14:58.519] E032 |   400/1657 batches | lr 0.6250 | loss  2.829 | ppl     16.93
[2022-04-10 15:15:02.014] E032 |   600/1657 batches | lr 0.6250 | loss  2.860 | ppl     17.46
[2022-04-10 15:15:05.474] E032 |   800/1657 batches | lr 0.6250 | loss  2.865 | ppl     17.54
[2022-04-10 15:15:08.921] E032 |  1000/1657 batches | lr 0.6250 | loss  2.801 | ppl     16.46
[2022-04-10 15:15:12.359] E032 |  1200/1657 batches | lr 0.6250 | loss  2.854 | ppl     17.35
[2022-04-10 15:15:15.798] E032 |  1400/1657 batches | lr 0.6250 | loss  2.841 | ppl     17.14
[2022-04-10 15:15:19.221] E032 |  1600/1657 batches | lr 0.6250 | loss  2.857 | ppl     17.41
[2022-04-10 15:15:20.203] E032 |  1657/1657 batches | lr 0.6250 | loss  2.852 | ppl     17.31
[2022-04-10 15:15:27.796] End E032 | valid loss  3.261; ppl     26.08 | accu 0.3278 = 147111/448780
[2022-04-10 15:15:30.027] End E032 |  test loss  4.272; ppl     71.66 | accu 0.2437 = 32052/131500 ../data/adolescent_valid.txt
[2022-04-10 15:15:32.460] End E032 |  test loss  5.027; ppl    152.53 | accu 0.1642 = 23692/144320 ../data/adult_test.txt
[2022-04-10 15:15:32.461] Save: model.pt... 
[2022-04-10 15:15:32.471] Save: model.pt...Done. best_val_loss: 3.2612
[2022-04-10 15:15:32.471] Epoch 033/40 ==================================================
[2022-04-10 15:15:35.933] E033 |   200/1657 batches | lr 0.6250 | loss  2.828 | ppl     16.91
[2022-04-10 15:15:39.374] E033 |   400/1657 batches | lr 0.6250 | loss  2.828 | ppl     16.91
[2022-04-10 15:15:42.833] E033 |   600/1657 batches | lr 0.6250 | loss  2.855 | ppl     17.38
[2022-04-10 15:15:46.266] E033 |   800/1657 batches | lr 0.6250 | loss  2.863 | ppl     17.52
[2022-04-10 15:15:49.742] E033 |  1000/1657 batches | lr 0.6250 | loss  2.805 | ppl     16.54
[2022-04-10 15:15:53.177] E033 |  1200/1657 batches | lr 0.6250 | loss  2.856 | ppl     17.40
[2022-04-10 15:15:56.657] E033 |  1400/1657 batches | lr 0.6250 | loss  2.840 | ppl     17.11
[2022-04-10 15:16:00.118] E033 |  1600/1657 batches | lr 0.6250 | loss  2.859 | ppl     17.44
[2022-04-10 15:16:01.102] E033 |  1657/1657 batches | lr 0.6250 | loss  2.847 | ppl     17.24
[2022-04-10 15:16:08.718] End E033 | valid loss  3.259; ppl     26.04 | accu 0.3279 = 147156/448780
[2022-04-10 15:16:10.934] End E033 |  test loss  4.275; ppl     71.86 | accu 0.2435 = 32016/131500 ../data/adolescent_valid.txt
[2022-04-10 15:16:13.372] End E033 |  test loss  5.030; ppl    152.98 | accu 0.1640 = 23670/144320 ../data/adult_test.txt
[2022-04-10 15:16:13.372] Save: model.pt... 
[2022-04-10 15:16:13.383] Save: model.pt...Done. best_val_loss: 3.2595
[2022-04-10 15:16:13.383] Epoch 034/40 ==================================================
[2022-04-10 15:16:17.396] E034 |   200/1657 batches | lr 0.6250 | loss  2.829 | ppl     16.92
[2022-04-10 15:16:20.842] E034 |   400/1657 batches | lr 0.6250 | loss  2.830 | ppl     16.94
[2022-04-10 15:16:24.761] E034 |   600/1657 batches | lr 0.6250 | loss  2.852 | ppl     17.31
[2022-04-10 15:16:28.547] E034 |   800/1657 batches | lr 0.6250 | loss  2.863 | ppl     17.51
[2022-04-10 15:16:32.086] E034 |  1000/1657 batches | lr 0.6250 | loss  2.799 | ppl     16.42
[2022-04-10 15:16:35.823] E034 |  1200/1657 batches | lr 0.6250 | loss  2.854 | ppl     17.35
[2022-04-10 15:16:39.504] E034 |  1400/1657 batches | lr 0.6250 | loss  2.841 | ppl     17.13
[2022-04-10 15:16:42.960] E034 |  1600/1657 batches | lr 0.6250 | loss  2.859 | ppl     17.44
[2022-04-10 15:16:43.944] E034 |  1657/1657 batches | lr 0.6250 | loss  2.849 | ppl     17.28
[2022-04-10 15:16:51.584] End E034 | valid loss  3.260; ppl     26.05 | accu 0.3280 = 147193/448780
[2022-04-10 15:16:53.822] End E034 |  test loss  4.277; ppl     72.02 | accu 0.2433 = 31998/131500 ../data/adolescent_valid.txt
[2022-04-10 15:16:56.261] End E034 |  test loss  5.036; ppl    153.87 | accu 0.1637 = 23627/144320 ../data/adult_test.txt
[2022-04-10 15:16:56.261] Epoch 035/40 ==================================================
[2022-04-10 15:16:59.709] E035 |   200/1657 batches | lr 0.3125 | loss  2.827 | ppl     16.90
[2022-04-10 15:17:03.180] E035 |   400/1657 batches | lr 0.3125 | loss  2.825 | ppl     16.86
[2022-04-10 15:17:06.727] E035 |   600/1657 batches | lr 0.3125 | loss  2.856 | ppl     17.40
[2022-04-10 15:17:10.214] E035 |   800/1657 batches | lr 0.3125 | loss  2.860 | ppl     17.45
[2022-04-10 15:17:13.646] E035 |  1000/1657 batches | lr 0.3125 | loss  2.797 | ppl     16.39
[2022-04-10 15:17:17.072] E035 |  1200/1657 batches | lr 0.3125 | loss  2.850 | ppl     17.28
[2022-04-10 15:17:20.523] E035 |  1400/1657 batches | lr 0.3125 | loss  2.838 | ppl     17.08
[2022-04-10 15:17:23.944] E035 |  1600/1657 batches | lr 0.3125 | loss  2.854 | ppl     17.36
[2022-04-10 15:17:24.915] E035 |  1657/1657 batches | lr 0.3125 | loss  2.841 | ppl     17.13
[2022-04-10 15:17:32.512] End E035 | valid loss  3.259; ppl     26.02 | accu 0.3282 = 147288/448780
[2022-04-10 15:17:34.738] End E035 |  test loss  4.277; ppl     71.99 | accu 0.2435 = 32023/131500 ../data/adolescent_valid.txt
[2022-04-10 15:17:37.174] End E035 |  test loss  5.036; ppl    153.79 | accu 0.1644 = 23721/144320 ../data/adult_test.txt
[2022-04-10 15:17:37.174] Save: model.pt... 
[2022-04-10 15:17:37.185] Save: model.pt...Done. best_val_loss: 3.2588
[2022-04-10 15:17:37.185] Epoch 036/40 ==================================================
[2022-04-10 15:17:40.660] E036 |   200/1657 batches | lr 0.3125 | loss  2.823 | ppl     16.83
[2022-04-10 15:17:44.094] E036 |   400/1657 batches | lr 0.3125 | loss  2.824 | ppl     16.85
[2022-04-10 15:17:47.546] E036 |   600/1657 batches | lr 0.3125 | loss  2.852 | ppl     17.33
[2022-04-10 15:17:51.070] E036 |   800/1657 batches | lr 0.3125 | loss  2.859 | ppl     17.45
[2022-04-10 15:17:54.499] E036 |  1000/1657 batches | lr 0.3125 | loss  2.798 | ppl     16.41
[2022-04-10 15:17:57.928] E036 |  1200/1657 batches | lr 0.3125 | loss  2.855 | ppl     17.37
[2022-04-10 15:18:01.703] E036 |  1400/1657 batches | lr 0.3125 | loss  2.834 | ppl     17.02
[2022-04-10 15:18:05.337] E036 |  1600/1657 batches | lr 0.3125 | loss  2.852 | ppl     17.33
[2022-04-10 15:18:06.311] E036 |  1657/1657 batches | lr 0.3125 | loss  2.844 | ppl     17.18
[2022-04-10 15:18:13.910] End E036 | valid loss  3.258; ppl     26.00 | accu 0.3283 = 147325/448780
[2022-04-10 15:18:16.145] End E036 |  test loss  4.275; ppl     71.90 | accu 0.2436 = 32035/131500 ../data/adolescent_valid.txt
[2022-04-10 15:18:18.567] End E036 |  test loss  5.034; ppl    153.51 | accu 0.1645 = 23741/144320 ../data/adult_test.txt
[2022-04-10 15:18:18.567] Save: model.pt... 
[2022-04-10 15:18:18.574] Save: model.pt...Done. best_val_loss: 3.2582
[2022-04-10 15:18:18.574] Epoch 037/40 ==================================================
[2022-04-10 15:18:22.105] E037 |   200/1657 batches | lr 0.3125 | loss  2.827 | ppl     16.89
[2022-04-10 15:18:25.551] E037 |   400/1657 batches | lr 0.3125 | loss  2.823 | ppl     16.83
[2022-04-10 15:18:28.982] E037 |   600/1657 batches | lr 0.3125 | loss  2.852 | ppl     17.32
[2022-04-10 15:18:32.423] E037 |   800/1657 batches | lr 0.3125 | loss  2.858 | ppl     17.43
[2022-04-10 15:18:35.886] E037 |  1000/1657 batches | lr 0.3125 | loss  2.796 | ppl     16.37
[2022-04-10 15:18:39.329] E037 |  1200/1657 batches | lr 0.3125 | loss  2.854 | ppl     17.36
[2022-04-10 15:18:42.777] E037 |  1400/1657 batches | lr 0.3125 | loss  2.837 | ppl     17.06
[2022-04-10 15:18:46.273] E037 |  1600/1657 batches | lr 0.3125 | loss  2.853 | ppl     17.33
[2022-04-10 15:18:47.256] E037 |  1657/1657 batches | lr 0.3125 | loss  2.848 | ppl     17.26
[2022-04-10 15:18:54.855] End E037 | valid loss  3.257; ppl     25.97 | accu 0.3284 = 147369/448780
[2022-04-10 15:18:57.079] End E037 |  test loss  4.273; ppl     71.73 | accu 0.2438 = 32058/131500 ../data/adolescent_valid.txt
[2022-04-10 15:18:59.509] End E037 |  test loss  5.031; ppl    153.03 | accu 0.1645 = 23742/144320 ../data/adult_test.txt
[2022-04-10 15:18:59.509] Save: model.pt... 
[2022-04-10 15:18:59.520] Save: model.pt...Done. best_val_loss: 3.2568
[2022-04-10 15:18:59.520] Epoch 038/40 ==================================================
[2022-04-10 15:19:02.946] E038 |   200/1657 batches | lr 0.3125 | loss  2.823 | ppl     16.83
[2022-04-10 15:19:06.382] E038 |   400/1657 batches | lr 0.3125 | loss  2.822 | ppl     16.81
[2022-04-10 15:19:09.817] E038 |   600/1657 batches | lr 0.3125 | loss  2.852 | ppl     17.33
[2022-04-10 15:19:13.253] E038 |   800/1657 batches | lr 0.3125 | loss  2.857 | ppl     17.41
[2022-04-10 15:19:16.688] E038 |  1000/1657 batches | lr 0.3125 | loss  2.794 | ppl     16.34
[2022-04-10 15:19:20.172] E038 |  1200/1657 batches | lr 0.3125 | loss  2.850 | ppl     17.29
[2022-04-10 15:19:23.650] E038 |  1400/1657 batches | lr 0.3125 | loss  2.836 | ppl     17.05
[2022-04-10 15:19:27.131] E038 |  1600/1657 batches | lr 0.3125 | loss  2.851 | ppl     17.30
[2022-04-10 15:19:28.105] E038 |  1657/1657 batches | lr 0.3125 | loss  2.843 | ppl     17.16
[2022-04-10 15:19:35.732] End E038 | valid loss  3.257; ppl     25.97 | accu 0.3282 = 147288/448780
[2022-04-10 15:19:37.973] End E038 |  test loss  4.273; ppl     71.72 | accu 0.2440 = 32089/131500 ../data/adolescent_valid.txt
[2022-04-10 15:19:40.418] End E038 |  test loss  5.031; ppl    153.12 | accu 0.1644 = 23733/144320 ../data/adult_test.txt
[2022-04-10 15:19:40.418] Epoch 039/40 ==================================================
[2022-04-10 15:19:43.854] E039 |   200/1657 batches | lr 0.1562 | loss  2.822 | ppl     16.82
[2022-04-10 15:19:47.283] E039 |   400/1657 batches | lr 0.1562 | loss  2.825 | ppl     16.86
[2022-04-10 15:19:50.746] E039 |   600/1657 batches | lr 0.1562 | loss  2.852 | ppl     17.32
[2022-04-10 15:19:54.197] E039 |   800/1657 batches | lr 0.1562 | loss  2.857 | ppl     17.41
[2022-04-10 15:19:57.639] E039 |  1000/1657 batches | lr 0.1562 | loss  2.794 | ppl     16.35
[2022-04-10 15:20:01.172] E039 |  1200/1657 batches | lr 0.1562 | loss  2.845 | ppl     17.21
[2022-04-10 15:20:04.613] E039 |  1400/1657 batches | lr 0.1562 | loss  2.834 | ppl     17.01
[2022-04-10 15:20:08.055] E039 |  1600/1657 batches | lr 0.1562 | loss  2.851 | ppl     17.31
[2022-04-10 15:20:09.031] E039 |  1657/1657 batches | lr 0.1562 | loss  2.846 | ppl     17.22
[2022-04-10 15:20:16.640] End E039 | valid loss  3.256; ppl     25.95 | accu 0.3286 = 147452/448780
[2022-04-10 15:20:18.865] End E039 |  test loss  4.273; ppl     71.71 | accu 0.2440 = 32084/131500 ../data/adolescent_valid.txt
[2022-04-10 15:20:21.290] End E039 |  test loss  5.031; ppl    153.13 | accu 0.1649 = 23793/144320 ../data/adult_test.txt
[2022-04-10 15:20:21.290] Save: model.pt... 
[2022-04-10 15:20:21.301] Save: model.pt...Done. best_val_loss: 3.2562
[2022-04-10 15:20:21.301] Epoch 040/40 ==================================================
[2022-04-10 15:20:24.725] E040 |   200/1657 batches | lr 0.1562 | loss  2.821 | ppl     16.79
[2022-04-10 15:20:28.429] E040 |   400/1657 batches | lr 0.1562 | loss  2.822 | ppl     16.81
[2022-04-10 15:20:32.465] E040 |   600/1657 batches | lr 0.1562 | loss  2.850 | ppl     17.28
[2022-04-10 15:20:35.943] E040 |   800/1657 batches | lr 0.1562 | loss  2.858 | ppl     17.43
[2022-04-10 15:20:39.405] E040 |  1000/1657 batches | lr 0.1562 | loss  2.794 | ppl     16.34
[2022-04-10 15:20:42.852] E040 |  1200/1657 batches | lr 0.1562 | loss  2.850 | ppl     17.29
[2022-04-10 15:20:46.396] E040 |  1400/1657 batches | lr 0.1562 | loss  2.831 | ppl     16.96
[2022-04-10 15:20:49.841] E040 |  1600/1657 batches | lr 0.1562 | loss  2.849 | ppl     17.27
[2022-04-10 15:20:50.814] E040 |  1657/1657 batches | lr 0.1562 | loss  2.842 | ppl     17.14
[2022-04-10 15:20:58.440] End E040 | valid loss  3.256; ppl     25.95 | accu 0.3285 = 147427/448780
[2022-04-10 15:21:00.656] End E040 |  test loss  4.273; ppl     71.71 | accu 0.2438 = 32061/131500 ../data/adolescent_valid.txt
[2022-04-10 15:21:03.084] End E040 |  test loss  5.031; ppl    153.05 | accu 0.1646 = 23749/144320 ../data/adult_test.txt
[2022-04-10 15:21:03.084] Save: model.pt... 
[2022-04-10 15:21:03.094] Save: model.pt...Done. best_val_loss: 3.2561
[2022-04-10 15:21:05.384] End. test loss  4.27; ppl    71.71 | accu 0.2438 = 32061/131500 ../data/adolescent_valid.txt
[2022-04-10 15:21:07.801] End. test loss  5.03; ppl   153.05 | accu 0.1646 = 23749/144320 ../data/adult_test.txt
[2022-04-10 15:21:07.801] =========================================================================================
