[2022-04-10 17:31:50.589] corpus.train_file_list: 1
[2022-04-10 17:31:50.589]         ../data/cbt_train.txt
[2022-04-10 17:31:50.589] corpus.valid_file_list: 1
[2022-04-10 17:31:50.590]         ../data/cbt_valid.txt
[2022-04-10 17:31:50.590] corpus.test_file_list: 2
[2022-04-10 17:31:50.590]         ../data/adolescent_valid.txt
[2022-04-10 17:31:50.590]         ../data/adult_test.txt
[2022-04-10 17:31:50.590] corpus.subword_vocab_size: 5000
[2022-04-10 17:31:50.590] corpus.subword_model.train(2 files)...
[2022-04-10 17:31:50.590]         ../data/cbt_train.txt
[2022-04-10 17:31:50.590]         ../data/cbt_valid.txt
[2022-04-10 17:31:51.383] corpus.subword_model.train(2 files)...Done
[2022-04-10 17:31:51.383] corpus tokenize...
[2022-04-10 17:31:54.255]         train tokens: 800279  ../data/cbt_train.txt
[2022-04-10 17:31:55.424]         valid tokens: 304375  ../data/cbt_valid.txt
[2022-04-10 17:31:55.816]         test  tokens:  92020  ../data/adolescent_valid.txt
[2022-04-10 17:31:56.106]         test  tokens: 100916  ../data/adult_test.txt
[2022-04-10 17:31:56.107] corpus.ntokens      : 4845
[2022-04-10 17:31:56.107] corpus.char_count   : 86
[2022-04-10 17:31:56.107] corpus.char_cnt_dict: 86
[2022-04-10 17:31:56.107] corpus.char_id_dict : 86
[2022-04-10 17:31:56.112] corpus.batchify(1 files, batch_size=20)...
[2022-04-10 17:31:56.112]         tokens_all: 800279
[2022-04-10 17:31:56.112]         batched   :  40013
[2022-04-10 17:31:56.112]         ../data/cbt_train.txt
[2022-04-10 17:31:56.116] corpus.batchify(1 files, batch_size=20)...
[2022-04-10 17:31:56.116]         tokens_all: 304375
[2022-04-10 17:31:56.116]         batched   :  15218
[2022-04-10 17:31:56.117]         ../data/cbt_valid.txt
[2022-04-10 17:31:56.118] corpus.batchify(1 files, batch_size=20)...
[2022-04-10 17:31:56.119]         tokens_all:  92020
[2022-04-10 17:31:56.119]         batched   :   4601
[2022-04-10 17:31:56.119]         ../data/adolescent_valid.txt
[2022-04-10 17:31:56.120] corpus.batchify(1 files, batch_size=20)...
[2022-04-10 17:31:56.120]         tokens_all: 100916
[2022-04-10 17:31:56.120]         batched   :   5045
[2022-04-10 17:31:56.121]         ../data/adult_test.txt
[2022-04-10 17:31:56.155] RNNModel.rnn_type: LSTM
[2022-04-10 17:31:56.155] RNNModel.ntoken  : 4845
[2022-04-10 17:31:56.155] RNNModel.ninp    : 200
[2022-04-10 17:31:56.155] RNNModel.nhid    : 200
[2022-04-10 17:31:56.155] RNNModel.nlayers : 2
[2022-04-10 17:31:56.155] RNNModel.dropout : 0.2
[2022-04-10 17:31:56.155] RNNModel.tie_weights: False
[2022-04-10 17:31:56.156] RNNModel.char_mode  : CNN
[2022-04-10 17:31:56.156] RNNModel.char_cnt   : 87
[2022-04-10 17:31:56.156] RNNModel.char_emsize: 25
[2022-04-10 17:31:56.156] RNNModel.char_nhid  : 200
[2022-04-10 17:31:56.156] RNNModel.char_embeds: created
[2022-04-10 17:31:56.156] RNNModel.char_cnn3  : created
[2022-04-10 17:31:56.160] Epoch 001/40 ==================================================
[2022-04-10 17:32:03.962] E001 |   200/1143 batches | lr 20.0000 | loss  6.130 | ppl    459.27
[2022-04-10 17:32:11.150] E001 |   400/1143 batches | lr 20.0000 | loss  5.290 | ppl    198.27
[2022-04-10 17:32:18.710] E001 |   600/1143 batches | lr 20.0000 | loss  4.901 | ppl    134.37
[2022-04-10 17:32:25.762] E001 |   800/1143 batches | lr 20.0000 | loss  4.767 | ppl    117.57
[2022-04-10 17:32:32.731] E001 |  1000/1143 batches | lr 20.0000 | loss  4.632 | ppl    102.69
[2022-04-10 17:32:37.748] E001 |  1143/1143 batches | lr 20.0000 | loss  4.612 | ppl    100.73
[2022-04-10 17:32:43.780] End E001 | valid loss  4.915; ppl    136.35 | accu 0.1886 = 57390/304340
[2022-04-10 17:32:45.597] End E001 |  test loss  6.274; ppl    530.55 | accu 0.1106 = 10171/92000 ../data/adolescent_valid.txt
[2022-04-10 17:32:47.584] End E001 |  test loss  7.089; ppl   1198.12 | accu 0.0602 = 6075/100880 ../data/adult_test.txt
[2022-04-10 17:32:47.584] Save: model.pt... 
[2022-04-10 17:32:47.607] Save: model.pt...Done. best_val_loss: 4.9152
[2022-04-10 17:32:47.607] Epoch 002/40 ==================================================
[2022-04-10 17:32:54.535] E002 |   200/1143 batches | lr 20.0000 | loss  4.479 | ppl     88.16
[2022-04-10 17:33:01.505] E002 |   400/1143 batches | lr 20.0000 | loss  4.510 | ppl     90.92
[2022-04-10 17:33:08.558] E002 |   600/1143 batches | lr 20.0000 | loss  4.385 | ppl     80.27
[2022-04-10 17:33:15.721] E002 |   800/1143 batches | lr 20.0000 | loss  4.378 | ppl     79.67
[2022-04-10 17:33:22.751] E002 |  1000/1143 batches | lr 20.0000 | loss  4.308 | ppl     74.32
[2022-04-10 17:33:27.730] E002 |  1143/1143 batches | lr 20.0000 | loss  4.323 | ppl     75.41
[2022-04-10 17:33:33.750] End E002 | valid loss  4.739; ppl    114.29 | accu 0.2105 = 64055/304340
[2022-04-10 17:33:35.569] End E002 |  test loss  6.192; ppl    488.93 | accu 0.1211 = 11138/92000 ../data/adolescent_valid.txt
[2022-04-10 17:33:37.552] End E002 |  test loss  7.092; ppl   1202.48 | accu 0.0610 = 6155/100880 ../data/adult_test.txt
[2022-04-10 17:33:37.553] Save: model.pt... 
[2022-04-10 17:33:37.575] Save: model.pt...Done. best_val_loss: 4.7388
[2022-04-10 17:33:37.575] Epoch 003/40 ==================================================
[2022-04-10 17:33:44.587] E003 |   200/1143 batches | lr 20.0000 | loss  4.234 | ppl     69.03
[2022-04-10 17:33:51.611] E003 |   400/1143 batches | lr 20.0000 | loss  4.299 | ppl     73.62
[2022-04-10 17:33:58.661] E003 |   600/1143 batches | lr 20.0000 | loss  4.196 | ppl     66.42
[2022-04-10 17:34:05.683] E003 |   800/1143 batches | lr 20.0000 | loss  4.211 | ppl     67.40
[2022-04-10 17:34:12.791] E003 |  1000/1143 batches | lr 20.0000 | loss  4.159 | ppl     64.03
[2022-04-10 17:34:17.809] E003 |  1143/1143 batches | lr 20.0000 | loss  4.180 | ppl     65.38
[2022-04-10 17:34:23.883] End E003 | valid loss  4.662; ppl    105.82 | accu 0.2188 = 66604/304340
[2022-04-10 17:34:25.701] End E003 |  test loss  6.124; ppl    456.89 | accu 0.1240 = 11405/92000 ../data/adolescent_valid.txt
[2022-04-10 17:34:27.680] End E003 |  test loss  7.072; ppl   1178.99 | accu 0.0656 = 6620/100880 ../data/adult_test.txt
[2022-04-10 17:34:27.680] Save: model.pt... 
[2022-04-10 17:34:27.698] Save: model.pt...Done. best_val_loss: 4.6618
[2022-04-10 17:34:27.698] Epoch 004/40 ==================================================
[2022-04-10 17:34:34.732] E004 |   200/1143 batches | lr 20.0000 | loss  4.099 | ppl     60.28
[2022-04-10 17:34:41.712] E004 |   400/1143 batches | lr 20.0000 | loss  4.168 | ppl     64.57
[2022-04-10 17:34:48.713] E004 |   600/1143 batches | lr 20.0000 | loss  4.081 | ppl     59.18
[2022-04-10 17:34:55.684] E004 |   800/1143 batches | lr 20.0000 | loss  4.102 | ppl     60.46
[2022-04-10 17:35:02.796] E004 |  1000/1143 batches | lr 20.0000 | loss  4.056 | ppl     57.76
[2022-04-10 17:35:08.280] E004 |  1143/1143 batches | lr 20.0000 | loss  4.078 | ppl     59.06
[2022-04-10 17:35:14.347] End E004 | valid loss  4.616; ppl    101.10 | accu 0.2260 = 68791/304340
[2022-04-10 17:35:16.153] End E004 |  test loss  6.056; ppl    426.71 | accu 0.1290 = 11871/92000 ../data/adolescent_valid.txt
[2022-04-10 17:35:18.139] End E004 |  test loss  6.950; ppl   1043.46 | accu 0.0677 = 6832/100880 ../data/adult_test.txt
[2022-04-10 17:35:18.139] Save: model.pt... 
[2022-04-10 17:35:18.162] Save: model.pt...Done. best_val_loss: 4.6161
[2022-04-10 17:35:18.163] Epoch 005/40 ==================================================
[2022-04-10 17:35:25.157] E005 |   200/1143 batches | lr 20.0000 | loss  3.998 | ppl     54.47
[2022-04-10 17:35:32.227] E005 |   400/1143 batches | lr 20.0000 | loss  4.076 | ppl     58.89
[2022-04-10 17:35:39.233] E005 |   600/1143 batches | lr 20.0000 | loss  3.990 | ppl     54.08
[2022-04-10 17:35:46.249] E005 |   800/1143 batches | lr 20.0000 | loss  4.020 | ppl     55.70
[2022-04-10 17:35:53.297] E005 |  1000/1143 batches | lr 20.0000 | loss  3.977 | ppl     53.35
[2022-04-10 17:35:58.328] E005 |  1143/1143 batches | lr 20.0000 | loss  3.997 | ppl     54.41
[2022-04-10 17:36:04.358] End E005 | valid loss  4.594; ppl     98.86 | accu 0.2284 = 69498/304340
[2022-04-10 17:36:06.169] End E005 |  test loss  6.073; ppl    434.10 | accu 0.1293 = 11894/92000 ../data/adolescent_valid.txt
[2022-04-10 17:36:08.143] End E005 |  test loss  7.045; ppl   1147.03 | accu 0.0696 = 7025/100880 ../data/adult_test.txt
[2022-04-10 17:36:08.143] Save: model.pt... 
[2022-04-10 17:36:08.166] Save: model.pt...Done. best_val_loss: 4.5937
[2022-04-10 17:36:08.166] Epoch 006/40 ==================================================
[2022-04-10 17:36:15.161] E006 |   200/1143 batches | lr 20.0000 | loss  3.921 | ppl     50.48
[2022-04-10 17:36:22.125] E006 |   400/1143 batches | lr 20.0000 | loss  3.997 | ppl     54.44
[2022-04-10 17:36:29.104] E006 |   600/1143 batches | lr 20.0000 | loss  3.923 | ppl     50.53
[2022-04-10 17:36:36.145] E006 |   800/1143 batches | lr 20.0000 | loss  3.949 | ppl     51.86
[2022-04-10 17:36:43.205] E006 |  1000/1143 batches | lr 20.0000 | loss  3.912 | ppl     49.99
[2022-04-10 17:36:48.257] E006 |  1143/1143 batches | lr 20.0000 | loss  3.935 | ppl     51.17
[2022-04-10 17:36:54.349] End E006 | valid loss  4.576; ppl     97.10 | accu 0.2301 = 70018/304340
[2022-04-10 17:36:56.164] End E006 |  test loss  6.064; ppl    429.91 | accu 0.1309 = 12042/92000 ../data/adolescent_valid.txt
[2022-04-10 17:36:58.136] End E006 |  test loss  6.956; ppl   1049.69 | accu 0.0714 = 7202/100880 ../data/adult_test.txt
[2022-04-10 17:36:58.137] Save: model.pt... 
[2022-04-10 17:36:58.155] Save: model.pt...Done. best_val_loss: 4.5757
[2022-04-10 17:36:58.155] Epoch 007/40 ==================================================
[2022-04-10 17:37:05.226] E007 |   200/1143 batches | lr 20.0000 | loss  3.856 | ppl     47.27
[2022-04-10 17:37:12.301] E007 |   400/1143 batches | lr 20.0000 | loss  3.934 | ppl     51.11
[2022-04-10 17:37:19.418] E007 |   600/1143 batches | lr 20.0000 | loss  3.865 | ppl     47.70
[2022-04-10 17:37:26.485] E007 |   800/1143 batches | lr 20.0000 | loss  3.890 | ppl     48.89
[2022-04-10 17:37:33.540] E007 |  1000/1143 batches | lr 20.0000 | loss  3.856 | ppl     47.29
[2022-04-10 17:37:38.500] E007 |  1143/1143 batches | lr 20.0000 | loss  3.875 | ppl     48.19
[2022-04-10 17:37:44.556] End E007 | valid loss  4.571; ppl     96.61 | accu 0.2324 = 70736/304340
[2022-04-10 17:37:46.365] End E007 |  test loss  6.050; ppl    424.01 | accu 0.1345 = 12370/92000 ../data/adolescent_valid.txt
[2022-04-10 17:37:48.341] End E007 |  test loss  7.006; ppl   1103.57 | accu 0.0729 = 7355/100880 ../data/adult_test.txt
[2022-04-10 17:37:48.341] Save: model.pt... 
[2022-04-10 17:37:48.364] Save: model.pt...Done. best_val_loss: 4.5707
[2022-04-10 17:37:48.364] Epoch 008/40 ==================================================
[2022-04-10 17:37:55.316] E008 |   200/1143 batches | lr 20.0000 | loss  3.808 | ppl     45.07
[2022-04-10 17:38:02.278] E008 |   400/1143 batches | lr 20.0000 | loss  3.879 | ppl     48.38
[2022-04-10 17:38:09.245] E008 |   600/1143 batches | lr 20.0000 | loss  3.817 | ppl     45.47
[2022-04-10 17:38:16.219] E008 |   800/1143 batches | lr 20.0000 | loss  3.845 | ppl     46.77
[2022-04-10 17:38:23.181] E008 |  1000/1143 batches | lr 20.0000 | loss  3.816 | ppl     45.42
[2022-04-10 17:38:28.164] E008 |  1143/1143 batches | lr 20.0000 | loss  3.834 | ppl     46.26
[2022-04-10 17:38:34.214] End E008 | valid loss  4.558; ppl     95.42 | accu 0.2370 = 72114/304340
[2022-04-10 17:38:36.031] End E008 |  test loss  6.054; ppl    425.65 | accu 0.1371 = 12615/92000 ../data/adolescent_valid.txt
[2022-04-10 17:38:38.278] End E008 |  test loss  7.057; ppl   1161.13 | accu 0.0743 = 7497/100880 ../data/adult_test.txt
[2022-04-10 17:38:38.278] Save: model.pt... 
[2022-04-10 17:38:38.306] Save: model.pt...Done. best_val_loss: 4.5582
[2022-04-10 17:38:38.306] Epoch 009/40 ==================================================
[2022-04-10 17:38:45.378] E009 |   200/1143 batches | lr 20.0000 | loss  3.762 | ppl     43.02
[2022-04-10 17:38:52.485] E009 |   400/1143 batches | lr 20.0000 | loss  3.837 | ppl     46.39
[2022-04-10 17:38:59.711] E009 |   600/1143 batches | lr 20.0000 | loss  3.776 | ppl     43.66
[2022-04-10 17:39:06.917] E009 |   800/1143 batches | lr 20.0000 | loss  3.806 | ppl     44.98
[2022-04-10 17:39:13.945] E009 |  1000/1143 batches | lr 20.0000 | loss  3.776 | ppl     43.66
[2022-04-10 17:39:18.944] E009 |  1143/1143 batches | lr 20.0000 | loss  3.802 | ppl     44.77
[2022-04-10 17:39:24.998] End E009 | valid loss  4.553; ppl     94.91 | accu 0.2381 = 72456/304340
[2022-04-10 17:39:26.801] End E009 |  test loss  6.060; ppl    428.34 | accu 0.1405 = 12922/92000 ../data/adolescent_valid.txt
[2022-04-10 17:39:28.780] End E009 |  test loss  7.086; ppl   1195.42 | accu 0.0764 = 7707/100880 ../data/adult_test.txt
[2022-04-10 17:39:28.780] Save: model.pt... 
[2022-04-10 17:39:28.798] Save: model.pt...Done. best_val_loss: 4.5529
[2022-04-10 17:39:28.798] Epoch 010/40 ==================================================
[2022-04-10 17:39:35.802] E010 |   200/1143 batches | lr 20.0000 | loss  3.730 | ppl     41.70
[2022-04-10 17:39:43.038] E010 |   400/1143 batches | lr 20.0000 | loss  3.806 | ppl     44.97
[2022-04-10 17:39:51.080] E010 |   600/1143 batches | lr 20.0000 | loss  3.741 | ppl     42.13
[2022-04-10 17:39:58.191] E010 |   800/1143 batches | lr 20.0000 | loss  3.778 | ppl     43.73
[2022-04-10 17:40:05.309] E010 |  1000/1143 batches | lr 20.0000 | loss  3.751 | ppl     42.55
[2022-04-10 17:40:10.426] E010 |  1143/1143 batches | lr 20.0000 | loss  3.771 | ppl     43.41
[2022-04-10 17:40:16.531] End E010 | valid loss  4.554; ppl     94.98 | accu 0.2400 = 73038/304340
[2022-04-10 17:40:18.345] End E010 |  test loss  6.084; ppl    438.65 | accu 0.1397 = 12857/92000 ../data/adolescent_valid.txt
[2022-04-10 17:40:20.349] End E010 |  test loss  7.114; ppl   1228.89 | accu 0.0789 = 7962/100880 ../data/adult_test.txt
[2022-04-10 17:40:20.349] Epoch 011/40 ==================================================
[2022-04-10 17:40:27.372] E011 |   200/1143 batches | lr 10.0000 | loss  3.666 | ppl     39.09
[2022-04-10 17:40:34.545] E011 |   400/1143 batches | lr 10.0000 | loss  3.703 | ppl     40.57
[2022-04-10 17:40:41.614] E011 |   600/1143 batches | lr 10.0000 | loss  3.630 | ppl     37.72
[2022-04-10 17:40:48.734] E011 |   800/1143 batches | lr 10.0000 | loss  3.641 | ppl     38.15
[2022-04-10 17:40:55.906] E011 |  1000/1143 batches | lr 10.0000 | loss  3.598 | ppl     36.51
[2022-04-10 17:41:00.974] E011 |  1143/1143 batches | lr 10.0000 | loss  3.605 | ppl     36.78
[2022-04-10 17:41:07.008] End E011 | valid loss  4.501; ppl     90.15 | accu 0.2492 = 75836/304340
[2022-04-10 17:41:08.803] End E011 |  test loss  6.054; ppl    425.95 | accu 0.1494 = 13741/92000 ../data/adolescent_valid.txt
[2022-04-10 17:41:10.784] End E011 |  test loss  7.143; ppl   1264.72 | accu 0.0778 = 7846/100880 ../data/adult_test.txt
[2022-04-10 17:41:10.784] Save: model.pt... 
[2022-04-10 17:41:10.807] Save: model.pt...Done. best_val_loss: 4.5014
[2022-04-10 17:41:10.808] Epoch 012/40 ==================================================
[2022-04-10 17:41:17.821] E012 |   200/1143 batches | lr 10.0000 | loss  3.584 | ppl     36.00
[2022-04-10 17:41:24.921] E012 |   400/1143 batches | lr 10.0000 | loss  3.645 | ppl     38.28
[2022-04-10 17:41:32.027] E012 |   600/1143 batches | lr 10.0000 | loss  3.583 | ppl     35.99
[2022-04-10 17:41:39.070] E012 |   800/1143 batches | lr 10.0000 | loss  3.607 | ppl     36.87
[2022-04-10 17:41:46.090] E012 |  1000/1143 batches | lr 10.0000 | loss  3.570 | ppl     35.52
[2022-04-10 17:41:51.134] E012 |  1143/1143 batches | lr 10.0000 | loss  3.584 | ppl     36.03
[2022-04-10 17:41:57.201] End E012 | valid loss  4.500; ppl     90.03 | accu 0.2499 = 76067/304340
[2022-04-10 17:41:59.015] End E012 |  test loss  6.057; ppl    427.06 | accu 0.1502 = 13814/92000 ../data/adolescent_valid.txt
[2022-04-10 17:42:00.995] End E012 |  test loss  7.100; ppl   1212.03 | accu 0.0815 = 8217/100880 ../data/adult_test.txt
[2022-04-10 17:42:00.996] Save: model.pt... 
[2022-04-10 17:42:01.013] Save: model.pt...Done. best_val_loss: 4.5002
[2022-04-10 17:42:01.013] Epoch 013/40 ==================================================
[2022-04-10 17:42:08.054] E013 |   200/1143 batches | lr 10.0000 | loss  3.553 | ppl     34.92
[2022-04-10 17:42:15.174] E013 |   400/1143 batches | lr 10.0000 | loss  3.614 | ppl     37.11
[2022-04-10 17:42:22.294] E013 |   600/1143 batches | lr 10.0000 | loss  3.554 | ppl     34.96
[2022-04-10 17:42:29.437] E013 |   800/1143 batches | lr 10.0000 | loss  3.585 | ppl     36.06
[2022-04-10 17:42:36.549] E013 |  1000/1143 batches | lr 10.0000 | loss  3.550 | ppl     34.81
[2022-04-10 17:42:41.674] E013 |  1143/1143 batches | lr 10.0000 | loss  3.564 | ppl     35.29
[2022-04-10 17:42:47.755] End E013 | valid loss  4.504; ppl     90.35 | accu 0.2516 = 76568/304340
[2022-04-10 17:42:49.566] End E013 |  test loss  6.066; ppl    431.00 | accu 0.1505 = 13849/92000 ../data/adolescent_valid.txt
[2022-04-10 17:42:51.547] End E013 |  test loss  7.159; ppl   1286.15 | accu 0.0818 = 8252/100880 ../data/adult_test.txt
[2022-04-10 17:42:51.547] Epoch 014/40 ==================================================
[2022-04-10 17:42:58.525] E014 |   200/1143 batches | lr 5.0000 | loss  3.518 | ppl     33.71
[2022-04-10 17:43:05.582] E014 |   400/1143 batches | lr 5.0000 | loss  3.564 | ppl     35.32
[2022-04-10 17:43:12.670] E014 |   600/1143 batches | lr 5.0000 | loss  3.494 | ppl     32.92
[2022-04-10 17:43:19.802] E014 |   800/1143 batches | lr 5.0000 | loss  3.514 | ppl     33.59
[2022-04-10 17:43:26.923] E014 |  1000/1143 batches | lr 5.0000 | loss  3.470 | ppl     32.14
[2022-04-10 17:43:32.030] E014 |  1143/1143 batches | lr 5.0000 | loss  3.472 | ppl     32.19
[2022-04-10 17:43:38.082] End E014 | valid loss  4.494; ppl     89.45 | accu 0.2546 = 77494/304340
[2022-04-10 17:43:39.908] End E014 |  test loss  6.087; ppl    440.09 | accu 0.1529 = 14068/92000 ../data/adolescent_valid.txt
[2022-04-10 17:43:41.881] End E014 |  test loss  7.189; ppl   1324.33 | accu 0.0802 = 8091/100880 ../data/adult_test.txt
[2022-04-10 17:43:41.882] Save: model.pt... 
[2022-04-10 17:43:41.904] Save: model.pt...Done. best_val_loss: 4.4937
[2022-04-10 17:43:41.904] Epoch 015/40 ==================================================
[2022-04-10 17:43:49.017] E015 |   200/1143 batches | lr 5.0000 | loss  3.476 | ppl     32.34
[2022-04-10 17:43:56.139] E015 |   400/1143 batches | lr 5.0000 | loss  3.528 | ppl     34.07
[2022-04-10 17:44:03.262] E015 |   600/1143 batches | lr 5.0000 | loss  3.472 | ppl     32.22
[2022-04-10 17:44:10.429] E015 |   800/1143 batches | lr 5.0000 | loss  3.493 | ppl     32.88
[2022-04-10 17:44:17.442] E015 |  1000/1143 batches | lr 5.0000 | loss  3.451 | ppl     31.52
[2022-04-10 17:44:22.893] E015 |  1143/1143 batches | lr 5.0000 | loss  3.466 | ppl     32.02
[2022-04-10 17:44:30.307] End E015 | valid loss  4.490; ppl     89.15 | accu 0.2544 = 77430/304340
[2022-04-10 17:44:32.518] End E015 |  test loss  6.082; ppl    437.73 | accu 0.1540 = 14172/92000 ../data/adolescent_valid.txt
[2022-04-10 17:44:34.923] End E015 |  test loss  7.185; ppl   1320.02 | accu 0.0813 = 8203/100880 ../data/adult_test.txt
[2022-04-10 17:44:34.923] Save: model.pt... 
[2022-04-10 17:44:34.941] Save: model.pt...Done. best_val_loss: 4.4903
[2022-04-10 17:44:34.941] Epoch 016/40 ==================================================
[2022-04-10 17:44:42.224] E016 |   200/1143 batches | lr 5.0000 | loss  3.454 | ppl     31.62
[2022-04-10 17:44:49.433] E016 |   400/1143 batches | lr 5.0000 | loss  3.514 | ppl     33.58
[2022-04-10 17:44:56.595] E016 |   600/1143 batches | lr 5.0000 | loss  3.458 | ppl     31.77
[2022-04-10 17:45:03.764] E016 |   800/1143 batches | lr 5.0000 | loss  3.481 | ppl     32.50
[2022-04-10 17:45:10.972] E016 |  1000/1143 batches | lr 5.0000 | loss  3.442 | ppl     31.26
[2022-04-10 17:45:16.088] E016 |  1143/1143 batches | lr 5.0000 | loss  3.458 | ppl     31.75
[2022-04-10 17:45:22.134] End E016 | valid loss  4.490; ppl     89.09 | accu 0.2550 = 77596/304340
[2022-04-10 17:45:23.944] End E016 |  test loss  6.083; ppl    438.35 | accu 0.1540 = 14170/92000 ../data/adolescent_valid.txt
[2022-04-10 17:45:25.922] End E016 |  test loss  7.185; ppl   1319.57 | accu 0.0803 = 8097/100880 ../data/adult_test.txt
[2022-04-10 17:45:25.922] Save: model.pt... 
[2022-04-10 17:45:25.945] Save: model.pt...Done. best_val_loss: 4.4896
[2022-04-10 17:45:25.945] Epoch 017/40 ==================================================
[2022-04-10 17:45:33.022] E017 |   200/1143 batches | lr 5.0000 | loss  3.435 | ppl     31.03
[2022-04-10 17:45:40.291] E017 |   400/1143 batches | lr 5.0000 | loss  3.492 | ppl     32.86
[2022-04-10 17:45:48.160] E017 |   600/1143 batches | lr 5.0000 | loss  3.443 | ppl     31.27
[2022-04-10 17:45:56.082] E017 |   800/1143 batches | lr 5.0000 | loss  3.469 | ppl     32.11
[2022-04-10 17:46:03.263] E017 |  1000/1143 batches | lr 5.0000 | loss  3.431 | ppl     30.89
[2022-04-10 17:46:08.319] E017 |  1143/1143 batches | lr 5.0000 | loss  3.447 | ppl     31.40
[2022-04-10 17:46:14.382] End E017 | valid loss  4.496; ppl     89.65 | accu 0.2548 = 77547/304340
[2022-04-10 17:46:16.194] End E017 |  test loss  6.111; ppl    450.88 | accu 0.1538 = 14148/92000 ../data/adolescent_valid.txt
[2022-04-10 17:46:18.178] End E017 |  test loss  7.211; ppl   1353.88 | accu 0.0798 = 8049/100880 ../data/adult_test.txt
[2022-04-10 17:46:18.178] Epoch 018/40 ==================================================
[2022-04-10 17:46:25.275] E018 |   200/1143 batches | lr 2.5000 | loss  3.417 | ppl     30.48
[2022-04-10 17:46:32.411] E018 |   400/1143 batches | lr 2.5000 | loss  3.470 | ppl     32.14
[2022-04-10 17:46:39.611] E018 |   600/1143 batches | lr 2.5000 | loss  3.411 | ppl     30.31
[2022-04-10 17:46:46.748] E018 |   800/1143 batches | lr 2.5000 | loss  3.428 | ppl     30.80
[2022-04-10 17:46:54.102] E018 |  1000/1143 batches | lr 2.5000 | loss  3.387 | ppl     29.58
[2022-04-10 17:46:59.238] E018 |  1143/1143 batches | lr 2.5000 | loss  3.396 | ppl     29.85
[2022-04-10 17:47:05.267] End E018 | valid loss  4.489; ppl     89.02 | accu 0.2574 = 78324/304340
[2022-04-10 17:47:07.073] End E018 |  test loss  6.112; ppl    451.29 | accu 0.1556 = 14319/92000 ../data/adolescent_valid.txt
[2022-04-10 17:47:09.037] End E018 |  test loss  7.247; ppl   1404.33 | accu 0.0803 = 8102/100880 ../data/adult_test.txt
[2022-04-10 17:47:09.038] Save: model.pt... 
[2022-04-10 17:47:09.061] Save: model.pt...Done. best_val_loss: 4.4888
[2022-04-10 17:47:09.061] Epoch 019/40 ==================================================
[2022-04-10 17:47:16.163] E019 |   200/1143 batches | lr 2.5000 | loss  3.398 | ppl     29.92
[2022-04-10 17:47:23.315] E019 |   400/1143 batches | lr 2.5000 | loss  3.452 | ppl     31.56
[2022-04-10 17:47:30.494] E019 |   600/1143 batches | lr 2.5000 | loss  3.398 | ppl     29.89
[2022-04-10 17:47:37.603] E019 |   800/1143 batches | lr 2.5000 | loss  3.421 | ppl     30.60
[2022-04-10 17:47:44.740] E019 |  1000/1143 batches | lr 2.5000 | loss  3.382 | ppl     29.43
[2022-04-10 17:47:49.790] E019 |  1143/1143 batches | lr 2.5000 | loss  3.394 | ppl     29.77
[2022-04-10 17:47:55.850] End E019 | valid loss  4.490; ppl     89.11 | accu 0.2571 = 78238/304340
[2022-04-10 17:47:57.665] End E019 |  test loss  6.112; ppl    451.33 | accu 0.1555 = 14310/92000 ../data/adolescent_valid.txt
[2022-04-10 17:47:59.641] End E019 |  test loss  7.244; ppl   1400.33 | accu 0.0813 = 8198/100880 ../data/adult_test.txt
[2022-04-10 17:47:59.642] Epoch 020/40 ==================================================
[2022-04-10 17:48:06.690] E020 |   200/1143 batches | lr 1.2500 | loss  3.389 | ppl     29.62
[2022-04-10 17:48:13.802] E020 |   400/1143 batches | lr 1.2500 | loss  3.442 | ppl     31.26
[2022-04-10 17:48:20.942] E020 |   600/1143 batches | lr 1.2500 | loss  3.384 | ppl     29.49
[2022-04-10 17:48:28.015] E020 |   800/1143 batches | lr 1.2500 | loss  3.404 | ppl     30.09
[2022-04-10 17:48:34.620] E020 |  1000/1143 batches | lr 1.2500 | loss  3.358 | ppl     28.73
[2022-04-10 17:48:39.566] E020 |  1143/1143 batches | lr 1.2500 | loss  3.368 | ppl     29.03
[2022-04-10 17:48:45.682] End E020 | valid loss  4.490; ppl     89.12 | accu 0.2574 = 78334/304340
[2022-04-10 17:48:47.516] End E020 |  test loss  6.121; ppl    455.42 | accu 0.1562 = 14368/92000 ../data/adolescent_valid.txt
[2022-04-10 17:48:49.496] End E020 |  test loss  7.281; ppl   1452.64 | accu 0.0795 = 8021/100880 ../data/adult_test.txt
[2022-04-10 17:48:49.496] Epoch 021/40 ==================================================
[2022-04-10 17:48:56.652] E021 |   200/1143 batches | lr 0.6250 | loss  3.384 | ppl     29.48
[2022-04-10 17:49:03.835] E021 |   400/1143 batches | lr 0.6250 | loss  3.431 | ppl     30.90
[2022-04-10 17:49:11.783] E021 |   600/1143 batches | lr 0.6250 | loss  3.376 | ppl     29.25
[2022-04-10 17:49:19.870] E021 |   800/1143 batches | lr 0.6250 | loss  3.393 | ppl     29.74
[2022-04-10 17:49:27.951] E021 |  1000/1143 batches | lr 0.6250 | loss  3.346 | ppl     28.40
[2022-04-10 17:49:33.675] E021 |  1143/1143 batches | lr 0.6250 | loss  3.351 | ppl     28.54
[2022-04-10 17:49:41.064] End E021 | valid loss  4.490; ppl     89.08 | accu 0.2581 = 78564/304340
[2022-04-10 17:49:43.290] End E021 |  test loss  6.122; ppl    455.78 | accu 0.1566 = 14410/92000 ../data/adolescent_valid.txt
[2022-04-10 17:49:45.708] End E021 |  test loss  7.293; ppl   1470.04 | accu 0.0794 = 8011/100880 ../data/adult_test.txt
[2022-04-10 17:49:45.708] Epoch 022/40 ==================================================
[2022-04-10 17:49:53.643] E022 |   200/1143 batches | lr 0.3125 | loss  3.375 | ppl     29.22
[2022-04-10 17:50:00.967] E022 |   400/1143 batches | lr 0.3125 | loss  3.425 | ppl     30.73
[2022-04-10 17:50:08.094] E022 |   600/1143 batches | lr 0.3125 | loss  3.373 | ppl     29.16
[2022-04-10 17:50:15.205] E022 |   800/1143 batches | lr 0.3125 | loss  3.385 | ppl     29.53
[2022-04-10 17:50:22.267] E022 |  1000/1143 batches | lr 0.3125 | loss  3.339 | ppl     28.19
[2022-04-10 17:50:27.387] E022 |  1143/1143 batches | lr 0.3125 | loss  3.347 | ppl     28.42
[2022-04-10 17:50:33.467] End E022 | valid loss  4.487; ppl     88.83 | accu 0.2585 = 78670/304340
[2022-04-10 17:50:35.297] End E022 |  test loss  6.113; ppl    451.73 | accu 0.1568 = 14422/92000 ../data/adolescent_valid.txt
[2022-04-10 17:50:37.286] End E022 |  test loss  7.285; ppl   1457.95 | accu 0.0799 = 8059/100880 ../data/adult_test.txt
[2022-04-10 17:50:37.286] Save: model.pt... 
[2022-04-10 17:50:37.310] Save: model.pt...Done. best_val_loss: 4.4868
[2022-04-10 17:50:37.310] Epoch 023/40 ==================================================
[2022-04-10 17:50:44.411] E023 |   200/1143 batches | lr 0.3125 | loss  3.371 | ppl     29.11
[2022-04-10 17:50:51.565] E023 |   400/1143 batches | lr 0.3125 | loss  3.419 | ppl     30.54
[2022-04-10 17:50:58.680] E023 |   600/1143 batches | lr 0.3125 | loss  3.365 | ppl     28.93
[2022-04-10 17:51:05.811] E023 |   800/1143 batches | lr 0.3125 | loss  3.384 | ppl     29.49
[2022-04-10 17:51:12.918] E023 |  1000/1143 batches | lr 0.3125 | loss  3.341 | ppl     28.24
[2022-04-10 17:51:17.999] E023 |  1143/1143 batches | lr 0.3125 | loss  3.347 | ppl     28.41
[2022-04-10 17:51:24.046] End E023 | valid loss  4.486; ppl     88.75 | accu 0.2586 = 78700/304340
[2022-04-10 17:51:25.871] End E023 |  test loss  6.111; ppl    450.73 | accu 0.1566 = 14411/92000 ../data/adolescent_valid.txt
[2022-04-10 17:51:27.856] End E023 |  test loss  7.279; ppl   1449.95 | accu 0.0797 = 8045/100880 ../data/adult_test.txt
[2022-04-10 17:51:27.856] Save: model.pt... 
[2022-04-10 17:51:27.878] Save: model.pt...Done. best_val_loss: 4.4858
[2022-04-10 17:51:27.879] Epoch 024/40 ==================================================
[2022-04-10 17:51:34.962] E024 |   200/1143 batches | lr 0.3125 | loss  3.368 | ppl     29.03
[2022-04-10 17:51:42.848] E024 |   400/1143 batches | lr 0.3125 | loss  3.422 | ppl     30.63
[2022-04-10 17:51:50.974] E024 |   600/1143 batches | lr 0.3125 | loss  3.364 | ppl     28.90
[2022-04-10 17:51:58.694] E024 |   800/1143 batches | lr 0.3125 | loss  3.381 | ppl     29.40
[2022-04-10 17:52:05.881] E024 |  1000/1143 batches | lr 0.3125 | loss  3.340 | ppl     28.21
[2022-04-10 17:52:11.023] E024 |  1143/1143 batches | lr 0.3125 | loss  3.349 | ppl     28.47
[2022-04-10 17:52:17.093] End E024 | valid loss  4.487; ppl     88.82 | accu 0.2586 = 78715/304340
[2022-04-10 17:52:18.915] End E024 |  test loss  6.115; ppl    452.75 | accu 0.1567 = 14420/92000 ../data/adolescent_valid.txt
[2022-04-10 17:52:20.903] End E024 |  test loss  7.285; ppl   1458.80 | accu 0.0796 = 8032/100880 ../data/adult_test.txt
[2022-04-10 17:52:20.903] Epoch 025/40 ==================================================
[2022-04-10 17:52:28.147] E025 |   200/1143 batches | lr 0.1562 | loss  3.367 | ppl     29.00
[2022-04-10 17:52:35.332] E025 |   400/1143 batches | lr 0.1562 | loss  3.419 | ppl     30.54
[2022-04-10 17:52:42.471] E025 |   600/1143 batches | lr 0.1562 | loss  3.362 | ppl     28.84
[2022-04-10 17:52:49.662] E025 |   800/1143 batches | lr 0.1562 | loss  3.379 | ppl     29.33
[2022-04-10 17:52:56.839] E025 |  1000/1143 batches | lr 0.1562 | loss  3.336 | ppl     28.11
[2022-04-10 17:53:02.283] E025 |  1143/1143 batches | lr 0.1562 | loss  3.344 | ppl     28.34
[2022-04-10 17:53:08.298] End E025 | valid loss  4.484; ppl     88.60 | accu 0.2590 = 78817/304340
[2022-04-10 17:53:10.097] End E025 |  test loss  6.109; ppl    449.82 | accu 0.1565 = 14395/92000 ../data/adolescent_valid.txt
[2022-04-10 17:53:12.061] End E025 |  test loss  7.274; ppl   1442.29 | accu 0.0800 = 8068/100880 ../data/adult_test.txt
[2022-04-10 17:53:12.061] Save: model.pt... 
[2022-04-10 17:53:12.084] Save: model.pt...Done. best_val_loss: 4.4841
[2022-04-10 17:53:12.084] Epoch 026/40 ==================================================
[2022-04-10 17:53:19.218] E026 |   200/1143 batches | lr 0.1562 | loss  3.363 | ppl     28.89
[2022-04-10 17:53:26.442] E026 |   400/1143 batches | lr 0.1562 | loss  3.418 | ppl     30.51
[2022-04-10 17:53:33.459] E026 |   600/1143 batches | lr 0.1562 | loss  3.360 | ppl     28.78
[2022-04-10 17:53:40.610] E026 |   800/1143 batches | lr 0.1562 | loss  3.377 | ppl     29.28
[2022-04-10 17:53:47.614] E026 |  1000/1143 batches | lr 0.1562 | loss  3.332 | ppl     28.00
[2022-04-10 17:53:52.677] E026 |  1143/1143 batches | lr 0.1562 | loss  3.340 | ppl     28.23
[2022-04-10 17:53:58.742] End E026 | valid loss  4.484; ppl     88.58 | accu 0.2591 = 78869/304340
[2022-04-10 17:54:00.553] End E026 |  test loss  6.107; ppl    449.12 | accu 0.1566 = 14404/92000 ../data/adolescent_valid.txt
[2022-04-10 17:54:02.532] End E026 |  test loss  7.276; ppl   1444.61 | accu 0.0804 = 8115/100880 ../data/adult_test.txt
[2022-04-10 17:54:02.532] Save: model.pt... 
[2022-04-10 17:54:02.555] Save: model.pt...Done. best_val_loss: 4.4839
[2022-04-10 17:54:02.555] Epoch 027/40 ==================================================
[2022-04-10 17:54:09.707] E027 |   200/1143 batches | lr 0.1562 | loss  3.364 | ppl     28.92
[2022-04-10 17:54:16.837] E027 |   400/1143 batches | lr 0.1562 | loss  3.413 | ppl     30.35
[2022-04-10 17:54:23.994] E027 |   600/1143 batches | lr 0.1562 | loss  3.360 | ppl     28.80
[2022-04-10 17:54:31.128] E027 |   800/1143 batches | lr 0.1562 | loss  3.377 | ppl     29.29
[2022-04-10 17:54:38.244] E027 |  1000/1143 batches | lr 0.1562 | loss  3.331 | ppl     27.96
[2022-04-10 17:54:43.369] E027 |  1143/1143 batches | lr 0.1562 | loss  3.341 | ppl     28.26
[2022-04-10 17:54:49.462] End E027 | valid loss  4.484; ppl     88.62 | accu 0.2589 = 78798/304340
[2022-04-10 17:54:51.297] End E027 |  test loss  6.108; ppl    449.31 | accu 0.1564 = 14385/92000 ../data/adolescent_valid.txt
[2022-04-10 17:54:53.284] End E027 |  test loss  7.277; ppl   1446.87 | accu 0.0802 = 8092/100880 ../data/adult_test.txt
[2022-04-10 17:54:53.284] Epoch 028/40 ==================================================
[2022-04-10 17:55:00.362] E028 |   200/1143 batches | lr 0.0781 | loss  3.362 | ppl     28.85
[2022-04-10 17:55:07.479] E028 |   400/1143 batches | lr 0.0781 | loss  3.417 | ppl     30.47
[2022-04-10 17:55:14.651] E028 |   600/1143 batches | lr 0.0781 | loss  3.359 | ppl     28.76
[2022-04-10 17:55:21.811] E028 |   800/1143 batches | lr 0.0781 | loss  3.378 | ppl     29.30
[2022-04-10 17:55:28.931] E028 |  1000/1143 batches | lr 0.0781 | loss  3.331 | ppl     27.96
[2022-04-10 17:55:34.031] E028 |  1143/1143 batches | lr 0.0781 | loss  3.341 | ppl     28.24
[2022-04-10 17:55:40.102] End E028 | valid loss  4.483; ppl     88.50 | accu 0.2590 = 78827/304340
[2022-04-10 17:55:41.937] End E028 |  test loss  6.105; ppl    448.22 | accu 0.1563 = 14383/92000 ../data/adolescent_valid.txt
[2022-04-10 17:55:43.933] End E028 |  test loss  7.275; ppl   1443.21 | accu 0.0803 = 8097/100880 ../data/adult_test.txt
[2022-04-10 17:55:43.933] Save: model.pt... 
[2022-04-10 17:55:43.957] Save: model.pt...Done. best_val_loss: 4.4829
[2022-04-10 17:55:43.957] Epoch 029/40 ==================================================
[2022-04-10 17:55:51.042] E029 |   200/1143 batches | lr 0.0781 | loss  3.360 | ppl     28.78
[2022-04-10 17:55:58.198] E029 |   400/1143 batches | lr 0.0781 | loss  3.412 | ppl     30.31
[2022-04-10 17:56:05.377] E029 |   600/1143 batches | lr 0.0781 | loss  3.359 | ppl     28.76
[2022-04-10 17:56:12.522] E029 |   800/1143 batches | lr 0.0781 | loss  3.377 | ppl     29.27
[2022-04-10 17:56:19.720] E029 |  1000/1143 batches | lr 0.0781 | loss  3.333 | ppl     28.01
[2022-04-10 17:56:24.821] E029 |  1143/1143 batches | lr 0.0781 | loss  3.341 | ppl     28.25
[2022-04-10 17:56:30.863] End E029 | valid loss  4.483; ppl     88.49 | accu 0.2591 = 78860/304340
[2022-04-10 17:56:32.671] End E029 |  test loss  6.103; ppl    447.36 | accu 0.1567 = 14412/92000 ../data/adolescent_valid.txt
[2022-04-10 17:56:34.647] End E029 |  test loss  7.273; ppl   1440.40 | accu 0.0805 = 8122/100880 ../data/adult_test.txt
[2022-04-10 17:56:34.648] Save: model.pt... 
[2022-04-10 17:56:34.671] Save: model.pt...Done. best_val_loss: 4.4829
[2022-04-10 17:56:34.671] Epoch 030/40 ==================================================
[2022-04-10 17:56:41.787] E030 |   200/1143 batches | lr 0.0781 | loss  3.361 | ppl     28.82
[2022-04-10 17:56:48.926] E030 |   400/1143 batches | lr 0.0781 | loss  3.412 | ppl     30.33
[2022-04-10 17:56:56.038] E030 |   600/1143 batches | lr 0.0781 | loss  3.358 | ppl     28.72
[2022-04-10 17:57:03.234] E030 |   800/1143 batches | lr 0.0781 | loss  3.375 | ppl     29.21
[2022-04-10 17:57:10.446] E030 |  1000/1143 batches | lr 0.0781 | loss  3.332 | ppl     28.00
[2022-04-10 17:57:15.806] E030 |  1143/1143 batches | lr 0.0781 | loss  3.338 | ppl     28.16
[2022-04-10 17:57:21.870] End E030 | valid loss  4.483; ppl     88.49 | accu 0.2592 = 78871/304340
[2022-04-10 17:57:23.682] End E030 |  test loss  6.106; ppl    448.39 | accu 0.1563 = 14378/92000 ../data/adolescent_valid.txt
[2022-04-10 17:57:25.669] End E030 |  test loss  7.276; ppl   1445.64 | accu 0.0801 = 8082/100880 ../data/adult_test.txt
[2022-04-10 17:57:25.670] Save: model.pt... 
[2022-04-10 17:57:25.688] Save: model.pt...Done. best_val_loss: 4.4829
[2022-04-10 17:57:25.688] Epoch 031/40 ==================================================
[2022-04-10 17:57:32.806] E031 |   200/1143 batches | lr 0.0781 | loss  3.358 | ppl     28.74
[2022-04-10 17:57:39.947] E031 |   400/1143 batches | lr 0.0781 | loss  3.414 | ppl     30.38
[2022-04-10 17:57:47.082] E031 |   600/1143 batches | lr 0.0781 | loss  3.358 | ppl     28.73
[2022-04-10 17:57:54.244] E031 |   800/1143 batches | lr 0.0781 | loss  3.376 | ppl     29.26
[2022-04-10 17:58:01.354] E031 |  1000/1143 batches | lr 0.0781 | loss  3.334 | ppl     28.05
[2022-04-10 17:58:06.444] E031 |  1143/1143 batches | lr 0.0781 | loss  3.339 | ppl     28.18
[2022-04-10 17:58:12.500] End E031 | valid loss  4.483; ppl     88.48 | accu 0.2592 = 78883/304340
[2022-04-10 17:58:14.303] End E031 |  test loss  6.105; ppl    448.22 | accu 0.1562 = 14370/92000 ../data/adolescent_valid.txt
[2022-04-10 17:58:16.291] End E031 |  test loss  7.274; ppl   1442.53 | accu 0.0802 = 8094/100880 ../data/adult_test.txt
[2022-04-10 17:58:16.292] Save: model.pt... 
[2022-04-10 17:58:16.314] Save: model.pt...Done. best_val_loss: 4.4828
[2022-04-10 17:58:16.314] Epoch 032/40 ==================================================
[2022-04-10 17:58:23.707] E032 |   200/1143 batches | lr 0.0781 | loss  3.358 | ppl     28.72
[2022-04-10 17:58:30.835] E032 |   400/1143 batches | lr 0.0781 | loss  3.412 | ppl     30.31
[2022-04-10 17:58:37.962] E032 |   600/1143 batches | lr 0.0781 | loss  3.358 | ppl     28.72
[2022-04-10 17:58:45.385] E032 |   800/1143 batches | lr 0.0781 | loss  3.376 | ppl     29.26
[2022-04-10 17:58:52.575] E032 |  1000/1143 batches | lr 0.0781 | loss  3.332 | ppl     28.00
[2022-04-10 17:58:57.706] E032 |  1143/1143 batches | lr 0.0781 | loss  3.341 | ppl     28.24
[2022-04-10 17:59:03.747] End E032 | valid loss  4.483; ppl     88.48 | accu 0.2591 = 78842/304340
[2022-04-10 17:59:05.546] End E032 |  test loss  6.106; ppl    448.36 | accu 0.1561 = 14365/92000 ../data/adolescent_valid.txt
[2022-04-10 17:59:07.527] End E032 |  test loss  7.273; ppl   1440.22 | accu 0.0802 = 8093/100880 ../data/adult_test.txt
[2022-04-10 17:59:07.527] Save: model.pt... 
[2022-04-10 17:59:07.550] Save: model.pt...Done. best_val_loss: 4.4828
[2022-04-10 17:59:07.550] Epoch 033/40 ==================================================
[2022-04-10 17:59:14.555] E033 |   200/1143 batches | lr 0.0781 | loss  3.355 | ppl     28.66
[2022-04-10 17:59:21.742] E033 |   400/1143 batches | lr 0.0781 | loss  3.414 | ppl     30.38
[2022-04-10 17:59:28.879] E033 |   600/1143 batches | lr 0.0781 | loss  3.357 | ppl     28.71
[2022-04-10 17:59:35.958] E033 |   800/1143 batches | lr 0.0781 | loss  3.375 | ppl     29.22
[2022-04-10 17:59:43.074] E033 |  1000/1143 batches | lr 0.0781 | loss  3.333 | ppl     28.01
[2022-04-10 17:59:48.383] E033 |  1143/1143 batches | lr 0.0781 | loss  3.339 | ppl     28.18
[2022-04-10 17:59:54.437] End E033 | valid loss  4.483; ppl     88.49 | accu 0.2591 = 78867/304340
[2022-04-10 17:59:56.244] End E033 |  test loss  6.106; ppl    448.45 | accu 0.1564 = 14385/92000 ../data/adolescent_valid.txt
[2022-04-10 17:59:58.238] End E033 |  test loss  7.274; ppl   1442.73 | accu 0.0803 = 8102/100880 ../data/adult_test.txt
[2022-04-10 17:59:58.238] Epoch 034/40 ==================================================
[2022-04-10 18:00:05.355] E034 |   200/1143 batches | lr 0.0391 | loss  3.359 | ppl     28.77
[2022-04-10 18:00:12.530] E034 |   400/1143 batches | lr 0.0391 | loss  3.412 | ppl     30.34
[2022-04-10 18:00:19.738] E034 |   600/1143 batches | lr 0.0391 | loss  3.356 | ppl     28.69
[2022-04-10 18:00:26.930] E034 |   800/1143 batches | lr 0.0391 | loss  3.372 | ppl     29.14
[2022-04-10 18:00:34.120] E034 |  1000/1143 batches | lr 0.0391 | loss  3.332 | ppl     28.00
[2022-04-10 18:00:39.230] E034 |  1143/1143 batches | lr 0.0391 | loss  3.336 | ppl     28.11
[2022-04-10 18:00:45.273] End E034 | valid loss  4.482; ppl     88.45 | accu 0.2591 = 78859/304340
[2022-04-10 18:00:47.083] End E034 |  test loss  6.105; ppl    448.23 | accu 0.1562 = 14368/92000 ../data/adolescent_valid.txt
[2022-04-10 18:00:49.067] End E034 |  test loss  7.274; ppl   1441.63 | accu 0.0803 = 8101/100880 ../data/adult_test.txt
[2022-04-10 18:00:49.067] Save: model.pt... 
[2022-04-10 18:00:49.090] Save: model.pt...Done. best_val_loss: 4.4825
[2022-04-10 18:00:49.090] Epoch 035/40 ==================================================
[2022-04-10 18:00:56.216] E035 |   200/1143 batches | lr 0.0391 | loss  3.357 | ppl     28.71
[2022-04-10 18:01:03.343] E035 |   400/1143 batches | lr 0.0391 | loss  3.409 | ppl     30.24
[2022-04-10 18:01:10.514] E035 |   600/1143 batches | lr 0.0391 | loss  3.358 | ppl     28.72
[2022-04-10 18:01:17.690] E035 |   800/1143 batches | lr 0.0391 | loss  3.375 | ppl     29.23
[2022-04-10 18:01:24.867] E035 |  1000/1143 batches | lr 0.0391 | loss  3.330 | ppl     27.94
[2022-04-10 18:01:29.993] E035 |  1143/1143 batches | lr 0.0391 | loss  3.338 | ppl     28.17
[2022-04-10 18:01:36.094] End E035 | valid loss  4.482; ppl     88.44 | accu 0.2591 = 78850/304340
[2022-04-10 18:01:37.923] End E035 |  test loss  6.104; ppl    447.86 | accu 0.1562 = 14372/92000 ../data/adolescent_valid.txt
[2022-04-10 18:01:39.917] End E035 |  test loss  7.272; ppl   1439.81 | accu 0.0802 = 8094/100880 ../data/adult_test.txt
[2022-04-10 18:01:39.917] Save: model.pt... 
[2022-04-10 18:01:39.940] Save: model.pt...Done. best_val_loss: 4.4824
[2022-04-10 18:01:39.940] Epoch 036/40 ==================================================
[2022-04-10 18:01:47.009] E036 |   200/1143 batches | lr 0.0391 | loss  3.357 | ppl     28.71
[2022-04-10 18:01:54.222] E036 |   400/1143 batches | lr 0.0391 | loss  3.413 | ppl     30.37
[2022-04-10 18:02:01.380] E036 |   600/1143 batches | lr 0.0391 | loss  3.354 | ppl     28.63
[2022-04-10 18:02:08.550] E036 |   800/1143 batches | lr 0.0391 | loss  3.372 | ppl     29.15
[2022-04-10 18:02:15.715] E036 |  1000/1143 batches | lr 0.0391 | loss  3.333 | ppl     28.03
[2022-04-10 18:02:20.843] E036 |  1143/1143 batches | lr 0.0391 | loss  3.335 | ppl     28.09
[2022-04-10 18:02:26.918] End E036 | valid loss  4.482; ppl     88.42 | accu 0.2592 = 78884/304340
[2022-04-10 18:02:28.730] End E036 |  test loss  6.104; ppl    447.74 | accu 0.1562 = 14368/92000 ../data/adolescent_valid.txt
[2022-04-10 18:02:30.715] End E036 |  test loss  7.272; ppl   1439.55 | accu 0.0804 = 8112/100880 ../data/adult_test.txt
[2022-04-10 18:02:30.715] Save: model.pt... 
[2022-04-10 18:02:30.733] Save: model.pt...Done. best_val_loss: 4.4821
[2022-04-10 18:02:30.733] Epoch 037/40 ==================================================
[2022-04-10 18:02:37.854] E037 |   200/1143 batches | lr 0.0391 | loss  3.355 | ppl     28.64
[2022-04-10 18:02:45.034] E037 |   400/1143 batches | lr 0.0391 | loss  3.406 | ppl     30.14
[2022-04-10 18:02:52.182] E037 |   600/1143 batches | lr 0.0391 | loss  3.355 | ppl     28.66
[2022-04-10 18:02:59.233] E037 |   800/1143 batches | lr 0.0391 | loss  3.375 | ppl     29.22
[2022-04-10 18:03:06.362] E037 |  1000/1143 batches | lr 0.0391 | loss  3.330 | ppl     27.93
[2022-04-10 18:03:11.474] E037 |  1143/1143 batches | lr 0.0391 | loss  3.340 | ppl     28.22
[2022-04-10 18:03:17.515] End E037 | valid loss  4.482; ppl     88.45 | accu 0.2592 = 78898/304340
[2022-04-10 18:03:19.320] End E037 |  test loss  6.104; ppl    447.77 | accu 0.1563 = 14378/92000 ../data/adolescent_valid.txt
[2022-04-10 18:03:21.295] End E037 |  test loss  7.274; ppl   1442.39 | accu 0.0805 = 8116/100880 ../data/adult_test.txt
[2022-04-10 18:03:21.295] Epoch 038/40 ==================================================
[2022-04-10 18:03:28.399] E038 |   200/1143 batches | lr 0.0195 | loss  3.355 | ppl     28.65
[2022-04-10 18:03:35.562] E038 |   400/1143 batches | lr 0.0195 | loss  3.412 | ppl     30.32
[2022-04-10 18:03:42.682] E038 |   600/1143 batches | lr 0.0195 | loss  3.354 | ppl     28.62
[2022-04-10 18:03:49.838] E038 |   800/1143 batches | lr 0.0195 | loss  3.372 | ppl     29.14
[2022-04-10 18:03:57.018] E038 |  1000/1143 batches | lr 0.0195 | loss  3.327 | ppl     27.85
[2022-04-10 18:04:02.154] E038 |  1143/1143 batches | lr 0.0195 | loss  3.339 | ppl     28.20
[2022-04-10 18:04:08.238] End E038 | valid loss  4.482; ppl     88.43 | accu 0.2593 = 78908/304340
[2022-04-10 18:04:10.050] End E038 |  test loss  6.104; ppl    447.78 | accu 0.1563 = 14382/92000 ../data/adolescent_valid.txt
[2022-04-10 18:04:12.031] End E038 |  test loss  7.273; ppl   1441.38 | accu 0.0805 = 8123/100880 ../data/adult_test.txt
[2022-04-10 18:04:12.031] Epoch 039/40 ==================================================
[2022-04-10 18:04:19.171] E039 |   200/1143 batches | lr 0.0098 | loss  3.357 | ppl     28.70
[2022-04-10 18:04:26.321] E039 |   400/1143 batches | lr 0.0098 | loss  3.407 | ppl     30.17
[2022-04-10 18:04:33.412] E039 |   600/1143 batches | lr 0.0098 | loss  3.354 | ppl     28.61
[2022-04-10 18:04:40.521] E039 |   800/1143 batches | lr 0.0098 | loss  3.372 | ppl     29.14
[2022-04-10 18:04:47.731] E039 |  1000/1143 batches | lr 0.0098 | loss  3.330 | ppl     27.94
[2022-04-10 18:04:52.855] E039 |  1143/1143 batches | lr 0.0098 | loss  3.334 | ppl     28.05
[2022-04-10 18:04:58.962] End E039 | valid loss  4.482; ppl     88.43 | accu 0.2593 = 78923/304340
[2022-04-10 18:05:00.786] End E039 |  test loss  6.104; ppl    447.85 | accu 0.1563 = 14379/92000 ../data/adolescent_valid.txt
[2022-04-10 18:05:02.780] End E039 |  test loss  7.274; ppl   1441.64 | accu 0.0806 = 8131/100880 ../data/adult_test.txt
[2022-04-10 18:05:02.780] Epoch 040/40 ==================================================
[2022-04-10 18:05:09.881] E040 |   200/1143 batches | lr 0.0049 | loss  3.356 | ppl     28.66
[2022-04-10 18:05:17.018] E040 |   400/1143 batches | lr 0.0049 | loss  3.411 | ppl     30.28
[2022-04-10 18:05:24.161] E040 |   600/1143 batches | lr 0.0049 | loss  3.355 | ppl     28.66
[2022-04-10 18:05:31.286] E040 |   800/1143 batches | lr 0.0049 | loss  3.374 | ppl     29.19
[2022-04-10 18:05:38.402] E040 |  1000/1143 batches | lr 0.0049 | loss  3.332 | ppl     27.99
[2022-04-10 18:05:43.466] E040 |  1143/1143 batches | lr 0.0049 | loss  3.339 | ppl     28.18
[2022-04-10 18:05:49.546] End E040 | valid loss  4.482; ppl     88.42 | accu 0.2593 = 78919/304340
[2022-04-10 18:05:51.360] End E040 |  test loss  6.104; ppl    447.83 | accu 0.1564 = 14385/92000 ../data/adolescent_valid.txt
[2022-04-10 18:05:53.318] End E040 |  test loss  7.273; ppl   1441.43 | accu 0.0806 = 8127/100880 ../data/adult_test.txt
[2022-04-10 18:05:55.122] End. test loss  6.10; ppl   447.74 | accu 0.1562 = 14368/92000 ../data/adolescent_valid.txt
[2022-04-10 18:05:57.115] End. test loss  7.27; ppl  1439.55 | accu 0.0804 = 8112/100880 ../data/adult_test.txt
[2022-04-10 18:05:57.115] =========================================================================================
