[2022-04-10 12:39:26.228] corpus.train_file_list: 1
[2022-04-10 12:39:26.228]         ../data/cbt_train.txt
[2022-04-10 12:39:26.228] corpus.valid_file_list: 1
[2022-04-10 12:39:26.228]         ../data/cbt_valid.txt
[2022-04-10 12:39:26.228] corpus.test_file_list: 2
[2022-04-10 12:39:26.228]         ../data/adolescent_valid.txt
[2022-04-10 12:39:26.228]         ../data/adult_test.txt
[2022-04-10 12:39:26.228] corpus.subword_vocab_size: 0
[2022-04-10 12:39:26.228] corpus.subword_model = None. Corpus will not use subword.
[2022-04-10 12:39:26.228] corpus tokenize...
[2022-04-10 12:39:27.143]         train tokens: 732483  ../data/cbt_train.txt
[2022-04-10 12:39:27.482]         valid tokens: 269037  ../data/cbt_valid.txt
[2022-04-10 12:39:27.592]         test  tokens:  64138  ../data/adolescent_valid.txt
[2022-04-10 12:39:27.660]         test  tokens:  60655  ../data/adult_test.txt
[2022-04-10 12:39:27.661] corpus.ntokens      : 32198
[2022-04-10 12:39:27.661] corpus.char_count   : 102
[2022-04-10 12:39:27.661] corpus.char_cnt_dict: 102
[2022-04-10 12:39:27.661] corpus.char_id_dict : 102
[2022-04-10 12:39:27.670] corpus.batchify(1 files, batch_size=20)...
[2022-04-10 12:39:27.670]         tokens_all: 732483
[2022-04-10 12:39:27.670]         batched   :  36624
[2022-04-10 12:39:27.670]         ../data/cbt_train.txt
[2022-04-10 12:39:27.673] corpus.batchify(1 files, batch_size=20)...
[2022-04-10 12:39:27.673]         tokens_all: 269037
[2022-04-10 12:39:27.673]         batched   :  13451
[2022-04-10 12:39:27.673]         ../data/cbt_valid.txt
[2022-04-10 12:39:27.675] corpus.batchify(1 files, batch_size=20)...
[2022-04-10 12:39:27.675]         tokens_all:  64138
[2022-04-10 12:39:27.675]         batched   :   3206
[2022-04-10 12:39:27.675]         ../data/adolescent_valid.txt
[2022-04-10 12:39:27.676] corpus.batchify(1 files, batch_size=20)...
[2022-04-10 12:39:27.676]         tokens_all:  60655
[2022-04-10 12:39:27.676]         batched   :   3032
[2022-04-10 12:39:27.676]         ../data/adult_test.txt
[2022-04-10 12:39:27.893] RNNModel.rnn_type: LSTM
[2022-04-10 12:39:27.893] RNNModel.ntoken  : 32198
[2022-04-10 12:39:27.893] RNNModel.ninp    : 200
[2022-04-10 12:39:27.893] RNNModel.nhid    : 200
[2022-04-10 12:39:27.893] RNNModel.nlayers : 2
[2022-04-10 12:39:27.893] RNNModel.dropout : 0.2
[2022-04-10 12:39:27.893] RNNModel.tie_weights: False
[2022-04-10 12:39:27.893] RNNModel.char_mode  : CNN
[2022-04-10 12:39:27.893] RNNModel.char_cnt   : 103
[2022-04-10 12:39:27.894] RNNModel.char_emsize: 25
[2022-04-10 12:39:27.894] RNNModel.char_nhid  : 200
[2022-04-10 12:39:27.894] RNNModel.char_embeds: created
[2022-04-10 12:39:27.895] RNNModel.char_cnn3  : created
[2022-04-10 12:39:27.905] Epoch 001/40 ==================================================
[2022-04-10 12:39:37.612] E001 |   200/1046 batches | lr 20.0000 | loss  6.854 | ppl    947.88
[2022-04-10 12:39:47.222] E001 |   400/1046 batches | lr 20.0000 | loss  5.558 | ppl    259.28
[2022-04-10 12:39:56.822] E001 |   600/1046 batches | lr 20.0000 | loss  5.085 | ppl    161.51
[2022-04-10 12:40:06.398] E001 |   800/1046 batches | lr 20.0000 | loss  4.870 | ppl    130.35
[2022-04-10 12:40:15.959] E001 |  1000/1046 batches | lr 20.0000 | loss  4.768 | ppl    117.64
[2022-04-10 12:40:18.167] E001 |  1046/1046 batches | lr 20.0000 | loss  4.642 | ppl    103.74
[2022-04-10 12:40:25.046] End E001 | valid loss  5.102; ppl    164.37 | accu 0.1851 = 49785/269000
[2022-04-10 12:40:26.680] End E001 |  test loss  8.000; ppl   2981.41 | accu 0.0405 = 2597/64100 ../data/adolescent_valid.txt
[2022-04-10 12:40:28.218] End E001 |  test loss  8.558; ppl   5209.75 | accu 0.0283 = 1718/60620 ../data/adult_test.txt
[2022-04-10 12:40:28.219] Save: model.pt... 
[2022-04-10 12:40:28.378] Save: model.pt...Done. best_val_loss: 5.1021
[2022-04-10 12:40:28.378] Epoch 002/40 ==================================================
[2022-04-10 12:40:37.860] E002 |   200/1046 batches | lr 20.0000 | loss  4.600 | ppl     99.48
[2022-04-10 12:40:47.436] E002 |   400/1046 batches | lr 20.0000 | loss  4.567 | ppl     96.23
[2022-04-10 12:40:57.015] E002 |   600/1046 batches | lr 20.0000 | loss  4.464 | ppl     86.88
[2022-04-10 12:41:06.587] E002 |   800/1046 batches | lr 20.0000 | loss  4.405 | ppl     81.87
[2022-04-10 12:41:16.411] E002 |  1000/1046 batches | lr 20.0000 | loss  4.382 | ppl     79.99
[2022-04-10 12:41:18.786] E002 |  1046/1046 batches | lr 20.0000 | loss  4.282 | ppl     72.36
[2022-04-10 12:41:26.889] End E002 | valid loss  4.870; ppl    130.27 | accu 0.2242 = 60301/269000
[2022-04-10 12:41:28.800] End E002 |  test loss  7.903; ppl   2705.19 | accu 0.0703 = 4508/64100 ../data/adolescent_valid.txt
[2022-04-10 12:41:30.615] End E002 |  test loss  8.612; ppl   5498.74 | accu 0.0518 = 3139/60620 ../data/adult_test.txt
[2022-04-10 12:41:30.615] Save: model.pt... 
[2022-04-10 12:41:30.758] Save: model.pt...Done. best_val_loss: 4.8696
[2022-04-10 12:41:30.758] Epoch 003/40 ==================================================
[2022-04-10 12:41:41.011] E003 |   200/1046 batches | lr 20.0000 | loss  4.298 | ppl     73.55
[2022-04-10 12:41:50.581] E003 |   400/1046 batches | lr 20.0000 | loss  4.306 | ppl     74.11
[2022-04-10 12:42:00.200] E003 |   600/1046 batches | lr 20.0000 | loss  4.242 | ppl     69.51
[2022-04-10 12:42:09.804] E003 |   800/1046 batches | lr 20.0000 | loss  4.205 | ppl     66.99
[2022-04-10 12:42:19.415] E003 |  1000/1046 batches | lr 20.0000 | loss  4.205 | ppl     67.01
[2022-04-10 12:42:21.625] E003 |  1046/1046 batches | lr 20.0000 | loss  4.111 | ppl     61.01
[2022-04-10 12:42:28.551] End E003 | valid loss  4.788; ppl    120.10 | accu 0.2311 = 62177/269000
[2022-04-10 12:42:30.196] End E003 |  test loss  7.948; ppl   2830.49 | accu 0.0724 = 4640/64100 ../data/adolescent_valid.txt
[2022-04-10 12:42:31.735] End E003 |  test loss  8.789; ppl   6562.43 | accu 0.0516 = 3125/60620 ../data/adult_test.txt
[2022-04-10 12:42:31.735] Save: model.pt... 
[2022-04-10 12:42:31.894] Save: model.pt...Done. best_val_loss: 4.7883
[2022-04-10 12:42:31.894] Epoch 004/40 ==================================================
[2022-04-10 12:42:41.463] E004 |   200/1046 batches | lr 20.0000 | loss  4.136 | ppl     62.57
[2022-04-10 12:42:51.506] E004 |   400/1046 batches | lr 20.0000 | loss  4.157 | ppl     63.90
[2022-04-10 12:43:01.913] E004 |   600/1046 batches | lr 20.0000 | loss  4.101 | ppl     60.39
[2022-04-10 12:43:11.892] E004 |   800/1046 batches | lr 20.0000 | loss  4.077 | ppl     59.00
[2022-04-10 12:43:21.496] E004 |  1000/1046 batches | lr 20.0000 | loss  4.080 | ppl     59.12
[2022-04-10 12:43:23.699] E004 |  1046/1046 batches | lr 20.0000 | loss  3.991 | ppl     54.09
[2022-04-10 12:43:30.516] End E004 | valid loss  4.756; ppl    116.29 | accu 0.2313 = 62231/269000
[2022-04-10 12:43:32.136] End E004 |  test loss  7.874; ppl   2627.73 | accu 0.0790 = 5064/64100 ../data/adolescent_valid.txt
[2022-04-10 12:43:33.667] End E004 |  test loss  8.732; ppl   6196.86 | accu 0.0575 = 3484/60620 ../data/adult_test.txt
[2022-04-10 12:43:33.667] Save: model.pt... 
[2022-04-10 12:43:33.824] Save: model.pt...Done. best_val_loss: 4.7561
[2022-04-10 12:43:33.824] Epoch 005/40 ==================================================
[2022-04-10 12:43:43.382] E005 |   200/1046 batches | lr 20.0000 | loss  4.025 | ppl     55.96
[2022-04-10 12:43:52.943] E005 |   400/1046 batches | lr 20.0000 | loss  4.050 | ppl     57.41
[2022-04-10 12:44:02.511] E005 |   600/1046 batches | lr 20.0000 | loss  3.998 | ppl     54.51
[2022-04-10 12:44:12.204] E005 |   800/1046 batches | lr 20.0000 | loss  3.979 | ppl     53.48
[2022-04-10 12:44:21.745] E005 |  1000/1046 batches | lr 20.0000 | loss  3.983 | ppl     53.70
[2022-04-10 12:44:23.936] E005 |  1046/1046 batches | lr 20.0000 | loss  3.901 | ppl     49.46
[2022-04-10 12:44:31.780] End E005 | valid loss  4.717; ppl    111.85 | accu 0.2363 = 63552/269000
[2022-04-10 12:44:33.882] End E005 |  test loss  7.969; ppl   2890.01 | accu 0.0752 = 4820/64100 ../data/adolescent_valid.txt
[2022-04-10 12:44:35.705] End E005 |  test loss  8.883; ppl   7207.66 | accu 0.0553 = 3355/60620 ../data/adult_test.txt
[2022-04-10 12:44:35.705] Save: model.pt... 
[2022-04-10 12:44:35.861] Save: model.pt...Done. best_val_loss: 4.7172
[2022-04-10 12:44:35.861] Epoch 006/40 ==================================================
[2022-04-10 12:44:46.166] E006 |   200/1046 batches | lr 20.0000 | loss  3.934 | ppl     51.12
[2022-04-10 12:44:56.533] E006 |   400/1046 batches | lr 20.0000 | loss  3.963 | ppl     52.63
[2022-04-10 12:45:06.906] E006 |   600/1046 batches | lr 20.0000 | loss  3.919 | ppl     50.35
[2022-04-10 12:45:17.283] E006 |   800/1046 batches | lr 20.0000 | loss  3.907 | ppl     49.74
[2022-04-10 12:45:26.988] E006 |  1000/1046 batches | lr 20.0000 | loss  3.910 | ppl     49.90
[2022-04-10 12:45:29.182] E006 |  1046/1046 batches | lr 20.0000 | loss  3.827 | ppl     45.94
[2022-04-10 12:45:36.091] End E006 | valid loss  4.718; ppl    111.92 | accu 0.2391 = 64330/269000
[2022-04-10 12:45:37.720] End E006 |  test loss  8.007; ppl   3000.42 | accu 0.0770 = 4938/64100 ../data/adolescent_valid.txt
[2022-04-10 12:45:39.263] End E006 |  test loss  8.951; ppl   7717.66 | accu 0.0593 = 3593/60620 ../data/adult_test.txt
[2022-04-10 12:45:39.263] Epoch 007/40 ==================================================
[2022-04-10 12:45:48.763] E007 |   200/1046 batches | lr 10.0000 | loss  3.814 | ppl     45.33
[2022-04-10 12:45:58.218] E007 |   400/1046 batches | lr 10.0000 | loss  3.819 | ppl     45.55
[2022-04-10 12:46:07.694] E007 |   600/1046 batches | lr 10.0000 | loss  3.751 | ppl     42.58
[2022-04-10 12:46:17.292] E007 |   800/1046 batches | lr 10.0000 | loss  3.732 | ppl     41.75
[2022-04-10 12:46:26.909] E007 |  1000/1046 batches | lr 10.0000 | loss  3.718 | ppl     41.19
[2022-04-10 12:46:29.127] E007 |  1046/1046 batches | lr 10.0000 | loss  3.631 | ppl     37.75
[2022-04-10 12:46:35.966] End E007 | valid loss  4.678; ppl    107.60 | accu 0.2484 = 66815/269000
[2022-04-10 12:46:37.602] End E007 |  test loss  8.144; ppl   3441.41 | accu 0.0789 = 5057/64100 ../data/adolescent_valid.txt
[2022-04-10 12:46:39.153] End E007 |  test loss  9.114; ppl   9084.59 | accu 0.0588 = 3565/60620 ../data/adult_test.txt
[2022-04-10 12:46:39.153] Save: model.pt... 
[2022-04-10 12:46:39.313] Save: model.pt...Done. best_val_loss: 4.6784
[2022-04-10 12:46:39.314] Epoch 008/40 ==================================================
[2022-04-10 12:46:49.493] E008 |   200/1046 batches | lr 10.0000 | loss  3.718 | ppl     41.16
[2022-04-10 12:46:59.937] E008 |   400/1046 batches | lr 10.0000 | loss  3.750 | ppl     42.53
[2022-04-10 12:47:10.387] E008 |   600/1046 batches | lr 10.0000 | loss  3.696 | ppl     40.29
[2022-04-10 12:47:20.841] E008 |   800/1046 batches | lr 10.0000 | loss  3.678 | ppl     39.57
[2022-04-10 12:47:31.289] E008 |  1000/1046 batches | lr 10.0000 | loss  3.682 | ppl     39.74
[2022-04-10 12:47:33.700] E008 |  1046/1046 batches | lr 10.0000 | loss  3.599 | ppl     36.55
[2022-04-10 12:47:41.645] End E008 | valid loss  4.674; ppl    107.14 | accu 0.2495 = 67114/269000
[2022-04-10 12:47:43.548] End E008 |  test loss  8.213; ppl   3687.18 | accu 0.0764 = 4897/64100 ../data/adolescent_valid.txt
[2022-04-10 12:47:45.341] End E008 |  test loss  9.198; ppl   9877.38 | accu 0.0587 = 3559/60620 ../data/adult_test.txt
[2022-04-10 12:47:45.341] Save: model.pt... 
[2022-04-10 12:47:45.493] Save: model.pt...Done. best_val_loss: 4.6741
[2022-04-10 12:47:45.493] Epoch 009/40 ==================================================
[2022-04-10 12:47:55.112] E009 |   200/1046 batches | lr 10.0000 | loss  3.669 | ppl     39.23
[2022-04-10 12:48:04.718] E009 |   400/1046 batches | lr 10.0000 | loss  3.705 | ppl     40.63
[2022-04-10 12:48:14.296] E009 |   600/1046 batches | lr 10.0000 | loss  3.654 | ppl     38.62
[2022-04-10 12:48:23.894] E009 |   800/1046 batches | lr 10.0000 | loss  3.644 | ppl     38.26
[2022-04-10 12:48:33.484] E009 |  1000/1046 batches | lr 10.0000 | loss  3.645 | ppl     38.28
[2022-04-10 12:48:35.699] E009 |  1046/1046 batches | lr 10.0000 | loss  3.562 | ppl     35.22
[2022-04-10 12:48:42.599] End E009 | valid loss  4.688; ppl    108.60 | accu 0.2501 = 67278/269000
[2022-04-10 12:48:44.232] End E009 |  test loss  8.263; ppl   3878.85 | accu 0.0804 = 5156/64100 ../data/adolescent_valid.txt
[2022-04-10 12:48:45.799] End E009 |  test loss  9.250; ppl  10409.38 | accu 0.0617 = 3741/60620 ../data/adult_test.txt
[2022-04-10 12:48:45.799] Epoch 010/40 ==================================================
[2022-04-10 12:48:55.379] E010 |   200/1046 batches | lr 5.0000 | loss  3.615 | ppl     37.16
[2022-04-10 12:49:05.028] E010 |   400/1046 batches | lr 5.0000 | loss  3.634 | ppl     37.88
[2022-04-10 12:49:14.879] E010 |   600/1046 batches | lr 5.0000 | loss  3.571 | ppl     35.56
[2022-04-10 12:49:24.523] E010 |   800/1046 batches | lr 5.0000 | loss  3.549 | ppl     34.78
[2022-04-10 12:49:34.136] E010 |  1000/1046 batches | lr 5.0000 | loss  3.538 | ppl     34.40
[2022-04-10 12:49:36.362] E010 |  1046/1046 batches | lr 5.0000 | loss  3.455 | ppl     31.67
[2022-04-10 12:49:43.300] End E010 | valid loss  4.672; ppl    106.92 | accu 0.2564 = 68979/269000
[2022-04-10 12:49:44.935] End E010 |  test loss  8.305; ppl   4045.33 | accu 0.0856 = 5487/64100 ../data/adolescent_valid.txt
[2022-04-10 12:49:46.511] End E010 |  test loss  9.285; ppl  10779.88 | accu 0.0662 = 4014/60620 ../data/adult_test.txt
[2022-04-10 12:49:46.511] Save: model.pt... 
[2022-04-10 12:49:46.666] Save: model.pt...Done. best_val_loss: 4.6720
[2022-04-10 12:49:46.666] Epoch 011/40 ==================================================
[2022-04-10 12:49:56.263] E011 |   200/1046 batches | lr 5.0000 | loss  3.561 | ppl     35.20
[2022-04-10 12:50:05.894] E011 |   400/1046 batches | lr 5.0000 | loss  3.593 | ppl     36.35
[2022-04-10 12:50:15.517] E011 |   600/1046 batches | lr 5.0000 | loss  3.539 | ppl     34.42
[2022-04-10 12:50:25.134] E011 |   800/1046 batches | lr 5.0000 | loss  3.523 | ppl     33.87
[2022-04-10 12:50:34.913] E011 |  1000/1046 batches | lr 5.0000 | loss  3.515 | ppl     33.63
[2022-04-10 12:50:37.278] E011 |  1046/1046 batches | lr 5.0000 | loss  3.438 | ppl     31.14
[2022-04-10 12:50:44.192] End E011 | valid loss  4.677; ppl    107.42 | accu 0.2560 = 68870/269000
[2022-04-10 12:50:45.819] End E011 |  test loss  8.368; ppl   4306.09 | accu 0.0835 = 5354/64100 ../data/adolescent_valid.txt
[2022-04-10 12:50:47.376] End E011 |  test loss  9.348; ppl  11476.23 | accu 0.0633 = 3838/60620 ../data/adult_test.txt
[2022-04-10 12:50:47.376] Epoch 012/40 ==================================================
[2022-04-10 12:50:56.980] E012 |   200/1046 batches | lr 2.5000 | loss  3.528 | ppl     34.04
[2022-04-10 12:51:06.797] E012 |   400/1046 batches | lr 2.5000 | loss  3.553 | ppl     34.91
[2022-04-10 12:51:16.429] E012 |   600/1046 batches | lr 2.5000 | loss  3.495 | ppl     32.95
[2022-04-10 12:51:26.064] E012 |   800/1046 batches | lr 2.5000 | loss  3.471 | ppl     32.17
[2022-04-10 12:51:35.815] E012 |  1000/1046 batches | lr 2.5000 | loss  3.459 | ppl     31.78
[2022-04-10 12:51:38.019] E012 |  1046/1046 batches | lr 2.5000 | loss  3.376 | ppl     29.25
[2022-04-10 12:51:44.875] End E012 | valid loss  4.677; ppl    107.47 | accu 0.2580 = 69395/269000
[2022-04-10 12:51:46.470] End E012 |  test loss  8.412; ppl   4499.40 | accu 0.0861 = 5521/64100 ../data/adolescent_valid.txt
[2022-04-10 12:51:48.008] End E012 |  test loss  9.408; ppl  12188.00 | accu 0.0677 = 4103/60620 ../data/adult_test.txt
[2022-04-10 12:51:48.008] Epoch 013/40 ==================================================
[2022-04-10 12:51:57.597] E013 |   200/1046 batches | lr 1.2500 | loss  3.500 | ppl     33.12
[2022-04-10 12:52:07.242] E013 |   400/1046 batches | lr 1.2500 | loss  3.528 | ppl     34.07
[2022-04-10 12:52:16.962] E013 |   600/1046 batches | lr 1.2500 | loss  3.468 | ppl     32.07
[2022-04-10 12:52:26.687] E013 |   800/1046 batches | lr 1.2500 | loss  3.445 | ppl     31.35
[2022-04-10 12:52:36.308] E013 |  1000/1046 batches | lr 1.2500 | loss  3.428 | ppl     30.81
[2022-04-10 12:52:38.523] E013 |  1046/1046 batches | lr 1.2500 | loss  3.345 | ppl     28.36
[2022-04-10 12:52:45.358] End E013 | valid loss  4.679; ppl    107.66 | accu 0.2584 = 69521/269000
[2022-04-10 12:52:46.990] End E013 |  test loss  8.432; ppl   4590.40 | accu 0.0872 = 5588/64100 ../data/adolescent_valid.txt
[2022-04-10 12:52:48.524] End E013 |  test loss  9.437; ppl  12537.85 | accu 0.0686 = 4157/60620 ../data/adult_test.txt
[2022-04-10 12:52:48.525] Epoch 014/40 ==================================================
[2022-04-10 12:52:58.125] E014 |   200/1046 batches | lr 0.6250 | loss  3.485 | ppl     32.63
[2022-04-10 12:53:07.756] E014 |   400/1046 batches | lr 0.6250 | loss  3.509 | ppl     33.40
[2022-04-10 12:53:17.344] E014 |   600/1046 batches | lr 0.6250 | loss  3.453 | ppl     31.59
[2022-04-10 12:53:26.936] E014 |   800/1046 batches | lr 0.6250 | loss  3.429 | ppl     30.86
[2022-04-10 12:53:36.647] E014 |  1000/1046 batches | lr 0.6250 | loss  3.412 | ppl     30.33
[2022-04-10 12:53:38.859] E014 |  1046/1046 batches | lr 0.6250 | loss  3.334 | ppl     28.06
[2022-04-10 12:53:45.683] End E014 | valid loss  4.675; ppl    107.21 | accu 0.2585 = 69529/269000
[2022-04-10 12:53:47.310] End E014 |  test loss  8.436; ppl   4607.83 | accu 0.0875 = 5608/64100 ../data/adolescent_valid.txt
[2022-04-10 12:53:48.826] End E014 |  test loss  9.445; ppl  12640.35 | accu 0.0675 = 4094/60620 ../data/adult_test.txt
[2022-04-10 12:53:48.826] Epoch 015/40 ==================================================
[2022-04-10 12:53:59.006] E015 |   200/1046 batches | lr 0.3125 | loss  3.477 | ppl     32.35
[2022-04-10 12:54:09.515] E015 |   400/1046 batches | lr 0.3125 | loss  3.505 | ppl     33.30
[2022-04-10 12:54:20.013] E015 |   600/1046 batches | lr 0.3125 | loss  3.446 | ppl     31.36
[2022-04-10 12:54:29.856] E015 |   800/1046 batches | lr 0.3125 | loss  3.422 | ppl     30.64
[2022-04-10 12:54:39.469] E015 |  1000/1046 batches | lr 0.3125 | loss  3.406 | ppl     30.13
[2022-04-10 12:54:41.687] E015 |  1046/1046 batches | lr 0.3125 | loss  3.327 | ppl     27.86
[2022-04-10 12:54:48.523] End E015 | valid loss  4.673; ppl    107.01 | accu 0.2593 = 69758/269000
[2022-04-10 12:54:50.141] End E015 |  test loss  8.435; ppl   4606.23 | accu 0.0883 = 5659/64100 ../data/adolescent_valid.txt
[2022-04-10 12:54:51.664] End E015 |  test loss  9.447; ppl  12674.50 | accu 0.0680 = 4125/60620 ../data/adult_test.txt
[2022-04-10 12:54:51.664] Epoch 016/40 ==================================================
[2022-04-10 12:55:01.259] E016 |   200/1046 batches | lr 0.1562 | loss  3.473 | ppl     32.25
[2022-04-10 12:55:10.891] E016 |   400/1046 batches | lr 0.1562 | loss  3.501 | ppl     33.15
[2022-04-10 12:55:20.884] E016 |   600/1046 batches | lr 0.1562 | loss  3.443 | ppl     31.27
[2022-04-10 12:55:30.774] E016 |   800/1046 batches | lr 0.1562 | loss  3.418 | ppl     30.51
[2022-04-10 12:55:40.353] E016 |  1000/1046 batches | lr 0.1562 | loss  3.400 | ppl     29.96
[2022-04-10 12:55:42.552] E016 |  1046/1046 batches | lr 0.1562 | loss  3.319 | ppl     27.63
[2022-04-10 12:55:49.390] End E016 | valid loss  4.671; ppl    106.85 | accu 0.2596 = 69835/269000
[2022-04-10 12:55:51.009] End E016 |  test loss  8.435; ppl   4604.66 | accu 0.0883 = 5661/64100 ../data/adolescent_valid.txt
[2022-04-10 12:55:52.529] End E016 |  test loss  9.445; ppl  12646.60 | accu 0.0683 = 4143/60620 ../data/adult_test.txt
[2022-04-10 12:55:52.529] Save: model.pt... 
[2022-04-10 12:55:52.732] Save: model.pt...Done. best_val_loss: 4.6714
[2022-04-10 12:55:52.732] Epoch 017/40 ==================================================
[2022-04-10 12:56:02.294] E017 |   200/1046 batches | lr 0.1562 | loss  3.467 | ppl     32.05
[2022-04-10 12:56:11.938] E017 |   400/1046 batches | lr 0.1562 | loss  3.501 | ppl     33.15
[2022-04-10 12:56:21.556] E017 |   600/1046 batches | lr 0.1562 | loss  3.443 | ppl     31.27
[2022-04-10 12:56:31.183] E017 |   800/1046 batches | lr 0.1562 | loss  3.419 | ppl     30.55
[2022-04-10 12:56:40.835] E017 |  1000/1046 batches | lr 0.1562 | loss  3.403 | ppl     30.05
[2022-04-10 12:56:43.055] E017 |  1046/1046 batches | lr 0.1562 | loss  3.319 | ppl     27.65
[2022-04-10 12:56:49.944] End E017 | valid loss  4.670; ppl    106.69 | accu 0.2597 = 69857/269000
[2022-04-10 12:56:51.589] End E017 |  test loss  8.431; ppl   4585.77 | accu 0.0882 = 5651/64100 ../data/adolescent_valid.txt
[2022-04-10 12:56:53.135] End E017 |  test loss  9.438; ppl  12557.26 | accu 0.0684 = 4147/60620 ../data/adult_test.txt
[2022-04-10 12:56:53.135] Save: model.pt... 
[2022-04-10 12:56:53.302] Save: model.pt...Done. best_val_loss: 4.6699
[2022-04-10 12:56:53.302] Epoch 018/40 ==================================================
[2022-04-10 12:57:02.904] E018 |   200/1046 batches | lr 0.1562 | loss  3.468 | ppl     32.06
[2022-04-10 12:57:12.529] E018 |   400/1046 batches | lr 0.1562 | loss  3.497 | ppl     33.00
[2022-04-10 12:57:22.160] E018 |   600/1046 batches | lr 0.1562 | loss  3.438 | ppl     31.11
[2022-04-10 12:57:31.776] E018 |   800/1046 batches | lr 0.1562 | loss  3.417 | ppl     30.46
[2022-04-10 12:57:41.415] E018 |  1000/1046 batches | lr 0.1562 | loss  3.398 | ppl     29.91
[2022-04-10 12:57:43.618] E018 |  1046/1046 batches | lr 0.1562 | loss  3.320 | ppl     27.65
[2022-04-10 12:57:50.522] End E018 | valid loss  4.671; ppl    106.77 | accu 0.2596 = 69841/269000
[2022-04-10 12:57:52.177] End E018 |  test loss  8.435; ppl   4603.63 | accu 0.0883 = 5657/64100 ../data/adolescent_valid.txt
[2022-04-10 12:57:53.745] End E018 |  test loss  9.441; ppl  12596.67 | accu 0.0683 = 4138/60620 ../data/adult_test.txt
[2022-04-10 12:57:53.745] Epoch 019/40 ==================================================
[2022-04-10 12:58:03.356] E019 |   200/1046 batches | lr 0.0781 | loss  3.467 | ppl     32.03
[2022-04-10 12:58:12.977] E019 |   400/1046 batches | lr 0.0781 | loss  3.494 | ppl     32.92
[2022-04-10 12:58:22.607] E019 |   600/1046 batches | lr 0.0781 | loss  3.433 | ppl     30.98
[2022-04-10 12:58:32.228] E019 |   800/1046 batches | lr 0.0781 | loss  3.411 | ppl     30.29
[2022-04-10 12:58:41.827] E019 |  1000/1046 batches | lr 0.0781 | loss  3.399 | ppl     29.93
[2022-04-10 12:58:44.040] E019 |  1046/1046 batches | lr 0.0781 | loss  3.318 | ppl     27.59
[2022-04-10 12:58:50.948] End E019 | valid loss  4.670; ppl    106.70 | accu 0.2598 = 69887/269000
[2022-04-10 12:58:52.583] End E019 |  test loss  8.431; ppl   4585.75 | accu 0.0886 = 5679/64100 ../data/adolescent_valid.txt
[2022-04-10 12:58:54.139] End E019 |  test loss  9.437; ppl  12549.82 | accu 0.0685 = 4152/60620 ../data/adult_test.txt
[2022-04-10 12:58:54.139] Epoch 020/40 ==================================================
[2022-04-10 12:59:03.722] E020 |   200/1046 batches | lr 0.0391 | loss  3.465 | ppl     31.98
[2022-04-10 12:59:13.368] E020 |   400/1046 batches | lr 0.0391 | loss  3.489 | ppl     32.77
[2022-04-10 12:59:22.960] E020 |   600/1046 batches | lr 0.0391 | loss  3.436 | ppl     31.08
[2022-04-10 12:59:32.547] E020 |   800/1046 batches | lr 0.0391 | loss  3.413 | ppl     30.35
[2022-04-10 12:59:42.182] E020 |  1000/1046 batches | lr 0.0391 | loss  3.395 | ppl     29.82
[2022-04-10 12:59:44.411] E020 |  1046/1046 batches | lr 0.0391 | loss  3.313 | ppl     27.48
[2022-04-10 12:59:51.369] End E020 | valid loss  4.669; ppl    106.58 | accu 0.2598 = 69893/269000
[2022-04-10 12:59:53.009] End E020 |  test loss  8.427; ppl   4567.38 | accu 0.0887 = 5686/64100 ../data/adolescent_valid.txt
[2022-04-10 12:59:54.565] End E020 |  test loss  9.431; ppl  12469.44 | accu 0.0686 = 4160/60620 ../data/adult_test.txt
[2022-04-10 12:59:54.565] Save: model.pt... 
[2022-04-10 12:59:54.735] Save: model.pt...Done. best_val_loss: 4.6689
[2022-04-10 12:59:54.736] Epoch 021/40 ==================================================
[2022-04-10 13:00:04.322] E021 |   200/1046 batches | lr 0.0391 | loss  3.465 | ppl     31.97
[2022-04-10 13:00:13.928] E021 |   400/1046 batches | lr 0.0391 | loss  3.493 | ppl     32.88
[2022-04-10 13:00:23.549] E021 |   600/1046 batches | lr 0.0391 | loss  3.436 | ppl     31.05
[2022-04-10 13:00:33.202] E021 |   800/1046 batches | lr 0.0391 | loss  3.412 | ppl     30.34
[2022-04-10 13:00:42.815] E021 |  1000/1046 batches | lr 0.0391 | loss  3.397 | ppl     29.87
[2022-04-10 13:00:45.086] E021 |  1046/1046 batches | lr 0.0391 | loss  3.318 | ppl     27.60
[2022-04-10 13:00:52.244] End E021 | valid loss  4.669; ppl    106.55 | accu 0.2599 = 69916/269000
[2022-04-10 13:00:53.840] End E021 |  test loss  8.426; ppl   4562.81 | accu 0.0886 = 5677/64100 ../data/adolescent_valid.txt
[2022-04-10 13:00:55.363] End E021 |  test loss  9.430; ppl  12459.43 | accu 0.0687 = 4164/60620 ../data/adult_test.txt
[2022-04-10 13:00:55.363] Save: model.pt... 
[2022-04-10 13:00:55.527] Save: model.pt...Done. best_val_loss: 4.6686
[2022-04-10 13:00:55.527] Epoch 022/40 ==================================================
[2022-04-10 13:01:05.178] E022 |   200/1046 batches | lr 0.0391 | loss  3.465 | ppl     31.98
[2022-04-10 13:01:14.803] E022 |   400/1046 batches | lr 0.0391 | loss  3.490 | ppl     32.80
[2022-04-10 13:01:24.423] E022 |   600/1046 batches | lr 0.0391 | loss  3.435 | ppl     31.03
[2022-04-10 13:01:34.680] E022 |   800/1046 batches | lr 0.0391 | loss  3.412 | ppl     30.34
[2022-04-10 13:01:45.153] E022 |  1000/1046 batches | lr 0.0391 | loss  3.394 | ppl     29.80
[2022-04-10 13:01:47.569] E022 |  1046/1046 batches | lr 0.0391 | loss  3.312 | ppl     27.45
[2022-04-10 13:01:55.645] End E022 | valid loss  4.669; ppl    106.54 | accu 0.2600 = 69952/269000
[2022-04-10 13:01:57.549] End E022 |  test loss  8.424; ppl   4553.90 | accu 0.0887 = 5687/64100 ../data/adolescent_valid.txt
[2022-04-10 13:01:59.373] End E022 |  test loss  9.430; ppl  12454.52 | accu 0.0687 = 4162/60620 ../data/adult_test.txt
[2022-04-10 13:01:59.373] Save: model.pt... 
[2022-04-10 13:01:59.539] Save: model.pt...Done. best_val_loss: 4.6685
[2022-04-10 13:01:59.539] Epoch 023/40 ==================================================
[2022-04-10 13:02:09.729] E023 |   200/1046 batches | lr 0.0391 | loss  3.462 | ppl     31.88
[2022-04-10 13:02:19.837] E023 |   400/1046 batches | lr 0.0391 | loss  3.490 | ppl     32.78
[2022-04-10 13:02:30.148] E023 |   600/1046 batches | lr 0.0391 | loss  3.433 | ppl     30.96
[2022-04-10 13:02:39.707] E023 |   800/1046 batches | lr 0.0391 | loss  3.413 | ppl     30.36
[2022-04-10 13:02:49.557] E023 |  1000/1046 batches | lr 0.0391 | loss  3.395 | ppl     29.82
[2022-04-10 13:02:52.013] E023 |  1046/1046 batches | lr 0.0391 | loss  3.310 | ppl     27.40
[2022-04-10 13:02:59.053] End E023 | valid loss  4.668; ppl    106.54 | accu 0.2600 = 69953/269000
[2022-04-10 13:03:00.681] End E023 |  test loss  8.424; ppl   4554.13 | accu 0.0885 = 5673/64100 ../data/adolescent_valid.txt
[2022-04-10 13:03:02.233] End E023 |  test loss  9.431; ppl  12469.80 | accu 0.0686 = 4158/60620 ../data/adult_test.txt
[2022-04-10 13:03:02.233] Save: model.pt... 
[2022-04-10 13:03:02.401] Save: model.pt...Done. best_val_loss: 4.6685
[2022-04-10 13:03:02.401] Epoch 024/40 ==================================================
[2022-04-10 13:03:12.640] E024 |   200/1046 batches | lr 0.0391 | loss  3.463 | ppl     31.90
[2022-04-10 13:03:23.214] E024 |   400/1046 batches | lr 0.0391 | loss  3.493 | ppl     32.89
[2022-04-10 13:03:33.847] E024 |   600/1046 batches | lr 0.0391 | loss  3.434 | ppl     31.00
[2022-04-10 13:03:44.432] E024 |   800/1046 batches | lr 0.0391 | loss  3.412 | ppl     30.34
[2022-04-10 13:03:54.119] E024 |  1000/1046 batches | lr 0.0391 | loss  3.395 | ppl     29.83
[2022-04-10 13:03:56.317] E024 |  1046/1046 batches | lr 0.0391 | loss  3.325 | ppl     27.80
[2022-04-10 13:04:03.275] End E024 | valid loss  4.669; ppl    106.55 | accu 0.2599 = 69912/269000
[2022-04-10 13:04:04.902] End E024 |  test loss  8.424; ppl   4553.17 | accu 0.0885 = 5676/64100 ../data/adolescent_valid.txt
[2022-04-10 13:04:06.450] End E024 |  test loss  9.430; ppl  12453.76 | accu 0.0687 = 4162/60620 ../data/adult_test.txt
[2022-04-10 13:04:06.450] Epoch 025/40 ==================================================
[2022-04-10 13:04:16.047] E025 |   200/1046 batches | lr 0.0195 | loss  3.462 | ppl     31.89
[2022-04-10 13:04:25.646] E025 |   400/1046 batches | lr 0.0195 | loss  3.492 | ppl     32.85
[2022-04-10 13:04:35.306] E025 |   600/1046 batches | lr 0.0195 | loss  3.434 | ppl     31.01
[2022-04-10 13:04:45.078] E025 |   800/1046 batches | lr 0.0195 | loss  3.411 | ppl     30.31
[2022-04-10 13:04:54.723] E025 |  1000/1046 batches | lr 0.0195 | loss  3.397 | ppl     29.89
[2022-04-10 13:04:56.940] E025 |  1046/1046 batches | lr 0.0195 | loss  3.312 | ppl     27.45
[2022-04-10 13:05:03.841] End E025 | valid loss  4.668; ppl    106.49 | accu 0.2600 = 69932/269000
[2022-04-10 13:05:05.472] End E025 |  test loss  8.421; ppl   4540.08 | accu 0.0886 = 5677/64100 ../data/adolescent_valid.txt
[2022-04-10 13:05:07.003] End E025 |  test loss  9.426; ppl  12404.38 | accu 0.0688 = 4169/60620 ../data/adult_test.txt
[2022-04-10 13:05:07.003] Save: model.pt... 
[2022-04-10 13:05:07.165] Save: model.pt...Done. best_val_loss: 4.6681
[2022-04-10 13:05:07.165] Epoch 026/40 ==================================================
[2022-04-10 13:05:16.763] E026 |   200/1046 batches | lr 0.0195 | loss  3.461 | ppl     31.86
[2022-04-10 13:05:26.396] E026 |   400/1046 batches | lr 0.0195 | loss  3.490 | ppl     32.77
[2022-04-10 13:05:36.055] E026 |   600/1046 batches | lr 0.0195 | loss  3.430 | ppl     30.86
[2022-04-10 13:05:45.688] E026 |   800/1046 batches | lr 0.0195 | loss  3.409 | ppl     30.23
[2022-04-10 13:05:55.331] E026 |  1000/1046 batches | lr 0.0195 | loss  3.393 | ppl     29.76
[2022-04-10 13:05:57.537] E026 |  1046/1046 batches | lr 0.0195 | loss  3.319 | ppl     27.63
[2022-04-10 13:06:04.434] End E026 | valid loss  4.668; ppl    106.49 | accu 0.2600 = 69938/269000
[2022-04-10 13:06:06.050] End E026 |  test loss  8.421; ppl   4541.73 | accu 0.0887 = 5685/64100 ../data/adolescent_valid.txt
[2022-04-10 13:06:07.582] End E026 |  test loss  9.426; ppl  12404.88 | accu 0.0688 = 4171/60620 ../data/adult_test.txt
[2022-04-10 13:06:07.582] Save: model.pt... 
[2022-04-10 13:06:07.748] Save: model.pt...Done. best_val_loss: 4.6680
[2022-04-10 13:06:07.748] Epoch 027/40 ==================================================
[2022-04-10 13:06:17.361] E027 |   200/1046 batches | lr 0.0195 | loss  3.460 | ppl     31.83
[2022-04-10 13:06:27.218] E027 |   400/1046 batches | lr 0.0195 | loss  3.492 | ppl     32.85
[2022-04-10 13:06:37.728] E027 |   600/1046 batches | lr 0.0195 | loss  3.433 | ppl     30.97
[2022-04-10 13:06:48.220] E027 |   800/1046 batches | lr 0.0195 | loss  3.411 | ppl     30.29
[2022-04-10 13:06:58.456] E027 |  1000/1046 batches | lr 0.0195 | loss  3.399 | ppl     29.94
[2022-04-10 13:07:00.665] E027 |  1046/1046 batches | lr 0.0195 | loss  3.315 | ppl     27.52
[2022-04-10 13:07:07.552] End E027 | valid loss  4.668; ppl    106.47 | accu 0.2599 = 69926/269000
[2022-04-10 13:07:09.204] End E027 |  test loss  8.421; ppl   4539.18 | accu 0.0888 = 5693/64100 ../data/adolescent_valid.txt
[2022-04-10 13:07:10.744] End E027 |  test loss  9.425; ppl  12398.86 | accu 0.0688 = 4168/60620 ../data/adult_test.txt
[2022-04-10 13:07:10.744] Save: model.pt... 
[2022-04-10 13:07:10.908] Save: model.pt...Done. best_val_loss: 4.6679
[2022-04-10 13:07:10.908] Epoch 028/40 ==================================================
[2022-04-10 13:07:20.472] E028 |   200/1046 batches | lr 0.0195 | loss  3.461 | ppl     31.84
[2022-04-10 13:07:30.013] E028 |   400/1046 batches | lr 0.0195 | loss  3.491 | ppl     32.81
[2022-04-10 13:07:39.636] E028 |   600/1046 batches | lr 0.0195 | loss  3.433 | ppl     30.97
[2022-04-10 13:07:49.240] E028 |   800/1046 batches | lr 0.0195 | loss  3.409 | ppl     30.23
[2022-04-10 13:07:59.655] E028 |  1000/1046 batches | lr 0.0195 | loss  3.395 | ppl     29.81
[2022-04-10 13:08:02.045] E028 |  1046/1046 batches | lr 0.0195 | loss  3.316 | ppl     27.56
[2022-04-10 13:08:08.908] End E028 | valid loss  4.668; ppl    106.48 | accu 0.2600 = 69951/269000
[2022-04-10 13:08:10.608] End E028 |  test loss  8.420; ppl   4537.00 | accu 0.0889 = 5698/64100 ../data/adolescent_valid.txt
[2022-04-10 13:08:12.165] End E028 |  test loss  9.426; ppl  12400.87 | accu 0.0688 = 4170/60620 ../data/adult_test.txt
[2022-04-10 13:08:12.166] Epoch 029/40 ==================================================
[2022-04-10 13:08:22.019] E029 |   200/1046 batches | lr 0.0098 | loss  3.464 | ppl     31.94
[2022-04-10 13:08:31.675] E029 |   400/1046 batches | lr 0.0098 | loss  3.489 | ppl     32.75
[2022-04-10 13:08:41.349] E029 |   600/1046 batches | lr 0.0098 | loss  3.433 | ppl     30.96
[2022-04-10 13:08:50.980] E029 |   800/1046 batches | lr 0.0098 | loss  3.411 | ppl     30.29
[2022-04-10 13:09:00.640] E029 |  1000/1046 batches | lr 0.0098 | loss  3.394 | ppl     29.80
[2022-04-10 13:09:02.851] E029 |  1046/1046 batches | lr 0.0098 | loss  3.314 | ppl     27.51
[2022-04-10 13:09:09.696] End E029 | valid loss  4.668; ppl    106.46 | accu 0.2600 = 69942/269000
[2022-04-10 13:09:11.306] End E029 |  test loss  8.420; ppl   4536.87 | accu 0.0889 = 5699/64100 ../data/adolescent_valid.txt
[2022-04-10 13:09:12.869] End E029 |  test loss  9.425; ppl  12390.56 | accu 0.0688 = 4169/60620 ../data/adult_test.txt
[2022-04-10 13:09:12.870] Save: model.pt... 
[2022-04-10 13:09:13.070] Save: model.pt...Done. best_val_loss: 4.6678
[2022-04-10 13:09:13.071] Epoch 030/40 ==================================================
[2022-04-10 13:09:22.655] E030 |   200/1046 batches | lr 0.0098 | loss  3.464 | ppl     31.93
[2022-04-10 13:09:32.267] E030 |   400/1046 batches | lr 0.0098 | loss  3.485 | ppl     32.63
[2022-04-10 13:09:41.842] E030 |   600/1046 batches | lr 0.0098 | loss  3.432 | ppl     30.94
[2022-04-10 13:09:51.434] E030 |   800/1046 batches | lr 0.0098 | loss  3.412 | ppl     30.33
[2022-04-10 13:10:01.076] E030 |  1000/1046 batches | lr 0.0098 | loss  3.394 | ppl     29.79
[2022-04-10 13:10:03.285] E030 |  1046/1046 batches | lr 0.0098 | loss  3.315 | ppl     27.51
[2022-04-10 13:10:10.183] End E030 | valid loss  4.668; ppl    106.46 | accu 0.2600 = 69933/269000
[2022-04-10 13:10:11.818] End E030 |  test loss  8.419; ppl   4534.60 | accu 0.0889 = 5701/64100 ../data/adolescent_valid.txt
[2022-04-10 13:10:13.370] End E030 |  test loss  9.424; ppl  12383.56 | accu 0.0688 = 4171/60620 ../data/adult_test.txt
[2022-04-10 13:10:13.370] Save: model.pt... 
[2022-04-10 13:10:13.552] Save: model.pt...Done. best_val_loss: 4.6678
[2022-04-10 13:10:13.552] Epoch 031/40 ==================================================
[2022-04-10 13:10:23.281] E031 |   200/1046 batches | lr 0.0098 | loss  3.461 | ppl     31.86
[2022-04-10 13:10:32.408] E031 |   400/1046 batches | lr 0.0098 | loss  3.489 | ppl     32.76
[2022-04-10 13:10:41.374] E031 |   600/1046 batches | lr 0.0098 | loss  3.430 | ppl     30.87
[2022-04-10 13:10:50.737] E031 |   800/1046 batches | lr 0.0098 | loss  3.409 | ppl     30.24
[2022-04-10 13:11:00.391] E031 |  1000/1046 batches | lr 0.0098 | loss  3.394 | ppl     29.79
[2022-04-10 13:11:02.590] E031 |  1046/1046 batches | lr 0.0098 | loss  3.308 | ppl     27.33
[2022-04-10 13:11:09.460] End E031 | valid loss  4.668; ppl    106.47 | accu 0.2600 = 69943/269000
[2022-04-10 13:11:11.094] End E031 |  test loss  8.419; ppl   4534.22 | accu 0.0889 = 5699/64100 ../data/adolescent_valid.txt
[2022-04-10 13:11:12.644] End E031 |  test loss  9.423; ppl  12374.50 | accu 0.0688 = 4169/60620 ../data/adult_test.txt
[2022-04-10 13:11:12.644] Epoch 032/40 ==================================================
[2022-04-10 13:11:22.290] E032 |   200/1046 batches | lr 0.0049 | loss  3.462 | ppl     31.88
[2022-04-10 13:11:32.863] E032 |   400/1046 batches | lr 0.0049 | loss  3.491 | ppl     32.82
[2022-04-10 13:11:42.611] E032 |   600/1046 batches | lr 0.0049 | loss  3.432 | ppl     30.93
[2022-04-10 13:11:52.250] E032 |   800/1046 batches | lr 0.0049 | loss  3.410 | ppl     30.26
[2022-04-10 13:12:01.851] E032 |  1000/1046 batches | lr 0.0049 | loss  3.395 | ppl     29.80
[2022-04-10 13:12:04.085] E032 |  1046/1046 batches | lr 0.0049 | loss  3.311 | ppl     27.42
[2022-04-10 13:12:10.982] End E032 | valid loss  4.668; ppl    106.46 | accu 0.2601 = 69955/269000
[2022-04-10 13:12:12.619] End E032 |  test loss  8.419; ppl   4533.94 | accu 0.0888 = 5693/64100 ../data/adolescent_valid.txt
[2022-04-10 13:12:14.171] End E032 |  test loss  9.424; ppl  12376.79 | accu 0.0688 = 4170/60620 ../data/adult_test.txt
[2022-04-10 13:12:14.171] Save: model.pt... 
[2022-04-10 13:12:14.322] Save: model.pt...Done. best_val_loss: 4.6678
[2022-04-10 13:12:14.322] Epoch 033/40 ==================================================
[2022-04-10 13:12:23.944] E033 |   200/1046 batches | lr 0.0049 | loss  3.460 | ppl     31.82
[2022-04-10 13:12:33.561] E033 |   400/1046 batches | lr 0.0049 | loss  3.486 | ppl     32.66
[2022-04-10 13:12:43.160] E033 |   600/1046 batches | lr 0.0049 | loss  3.431 | ppl     30.90
[2022-04-10 13:12:52.752] E033 |   800/1046 batches | lr 0.0049 | loss  3.408 | ppl     30.21
[2022-04-10 13:13:02.466] E033 |  1000/1046 batches | lr 0.0049 | loss  3.395 | ppl     29.81
[2022-04-10 13:13:04.691] E033 |  1046/1046 batches | lr 0.0049 | loss  3.314 | ppl     27.49
[2022-04-10 13:13:11.694] End E033 | valid loss  4.668; ppl    106.46 | accu 0.2600 = 69951/269000
[2022-04-10 13:13:13.324] End E033 |  test loss  8.420; ppl   4535.04 | accu 0.0888 = 5694/64100 ../data/adolescent_valid.txt
[2022-04-10 13:13:14.890] End E033 |  test loss  9.424; ppl  12378.91 | accu 0.0688 = 4173/60620 ../data/adult_test.txt
[2022-04-10 13:13:14.890] Save: model.pt... 
[2022-04-10 13:13:15.029] Save: model.pt...Done. best_val_loss: 4.6677
[2022-04-10 13:13:15.029] Epoch 034/40 ==================================================
[2022-04-10 13:13:24.606] E034 |   200/1046 batches | lr 0.0049 | loss  3.461 | ppl     31.83
[2022-04-10 13:13:34.280] E034 |   400/1046 batches | lr 0.0049 | loss  3.488 | ppl     32.71
[2022-04-10 13:13:43.903] E034 |   600/1046 batches | lr 0.0049 | loss  3.430 | ppl     30.87
[2022-04-10 13:13:53.554] E034 |   800/1046 batches | lr 0.0049 | loss  3.409 | ppl     30.23
[2022-04-10 13:14:03.162] E034 |  1000/1046 batches | lr 0.0049 | loss  3.398 | ppl     29.90
[2022-04-10 13:14:05.377] E034 |  1046/1046 batches | lr 0.0049 | loss  3.312 | ppl     27.44
[2022-04-10 13:14:12.236] End E034 | valid loss  4.668; ppl    106.46 | accu 0.2601 = 69961/269000
[2022-04-10 13:14:13.844] End E034 |  test loss  8.420; ppl   4534.66 | accu 0.0888 = 5695/64100 ../data/adolescent_valid.txt
[2022-04-10 13:14:15.381] End E034 |  test loss  9.424; ppl  12379.51 | accu 0.0688 = 4170/60620 ../data/adult_test.txt
[2022-04-10 13:14:15.381] Epoch 035/40 ==================================================
[2022-04-10 13:14:25.033] E035 |   200/1046 batches | lr 0.0024 | loss  3.460 | ppl     31.83
[2022-04-10 13:14:35.540] E035 |   400/1046 batches | lr 0.0024 | loss  3.489 | ppl     32.76
[2022-04-10 13:14:45.857] E035 |   600/1046 batches | lr 0.0024 | loss  3.432 | ppl     30.94
[2022-04-10 13:14:55.475] E035 |   800/1046 batches | lr 0.0024 | loss  3.409 | ppl     30.23
[2022-04-10 13:15:05.052] E035 |  1000/1046 batches | lr 0.0024 | loss  3.396 | ppl     29.84
[2022-04-10 13:15:07.252] E035 |  1046/1046 batches | lr 0.0024 | loss  3.310 | ppl     27.38
[2022-04-10 13:15:14.082] End E035 | valid loss  4.668; ppl    106.46 | accu 0.2601 = 69957/269000
[2022-04-10 13:15:15.696] End E035 |  test loss  8.420; ppl   4534.86 | accu 0.0889 = 5698/64100 ../data/adolescent_valid.txt
[2022-04-10 13:15:17.232] End E035 |  test loss  9.424; ppl  12378.60 | accu 0.0689 = 4174/60620 ../data/adult_test.txt
[2022-04-10 13:15:17.232] Save: model.pt... 
[2022-04-10 13:15:17.404] Save: model.pt...Done. best_val_loss: 4.6677
[2022-04-10 13:15:17.404] Epoch 036/40 ==================================================
[2022-04-10 13:15:26.932] E036 |   200/1046 batches | lr 0.0024 | loss  3.459 | ppl     31.80
[2022-04-10 13:15:36.483] E036 |   400/1046 batches | lr 0.0024 | loss  3.491 | ppl     32.80
[2022-04-10 13:15:46.037] E036 |   600/1046 batches | lr 0.0024 | loss  3.431 | ppl     30.90
[2022-04-10 13:15:55.588] E036 |   800/1046 batches | lr 0.0024 | loss  3.408 | ppl     30.20
[2022-04-10 13:16:05.340] E036 |  1000/1046 batches | lr 0.0024 | loss  3.393 | ppl     29.75
[2022-04-10 13:16:07.544] E036 |  1046/1046 batches | lr 0.0024 | loss  3.310 | ppl     27.39
[2022-04-10 13:16:14.391] End E036 | valid loss  4.668; ppl    106.46 | accu 0.2601 = 69961/269000
[2022-04-10 13:16:15.989] End E036 |  test loss  8.420; ppl   4535.10 | accu 0.0888 = 5695/64100 ../data/adolescent_valid.txt
[2022-04-10 13:16:17.516] End E036 |  test loss  9.424; ppl  12377.04 | accu 0.0688 = 4173/60620 ../data/adult_test.txt
[2022-04-10 13:16:17.517] Save: model.pt... 
[2022-04-10 13:16:17.667] Save: model.pt...Done. best_val_loss: 4.6677
[2022-04-10 13:16:17.668] Epoch 037/40 ==================================================
[2022-04-10 13:16:27.241] E037 |   200/1046 batches | lr 0.0024 | loss  3.459 | ppl     31.80
[2022-04-10 13:16:36.791] E037 |   400/1046 batches | lr 0.0024 | loss  3.485 | ppl     32.61
[2022-04-10 13:16:46.327] E037 |   600/1046 batches | lr 0.0024 | loss  3.432 | ppl     30.94
[2022-04-10 13:16:55.870] E037 |   800/1046 batches | lr 0.0024 | loss  3.411 | ppl     30.31
[2022-04-10 13:17:05.406] E037 |  1000/1046 batches | lr 0.0024 | loss  3.396 | ppl     29.85
[2022-04-10 13:17:07.594] E037 |  1046/1046 batches | lr 0.0024 | loss  3.312 | ppl     27.43
[2022-04-10 13:17:14.472] End E037 | valid loss  4.668; ppl    106.45 | accu 0.2601 = 69954/269000
[2022-04-10 13:17:16.097] End E037 |  test loss  8.419; ppl   4534.48 | accu 0.0889 = 5696/64100 ../data/adolescent_valid.txt
[2022-04-10 13:17:17.624] End E037 |  test loss  9.423; ppl  12373.72 | accu 0.0689 = 4174/60620 ../data/adult_test.txt
[2022-04-10 13:17:17.624] Save: model.pt... 
[2022-04-10 13:17:17.761] Save: model.pt...Done. best_val_loss: 4.6677
[2022-04-10 13:17:17.761] Epoch 038/40 ==================================================
[2022-04-10 13:17:27.345] E038 |   200/1046 batches | lr 0.0024 | loss  3.460 | ppl     31.82
[2022-04-10 13:17:36.956] E038 |   400/1046 batches | lr 0.0024 | loss  3.490 | ppl     32.79
[2022-04-10 13:17:46.571] E038 |   600/1046 batches | lr 0.0024 | loss  3.432 | ppl     30.95
[2022-04-10 13:17:56.146] E038 |   800/1046 batches | lr 0.0024 | loss  3.408 | ppl     30.22
[2022-04-10 13:18:05.946] E038 |  1000/1046 batches | lr 0.0024 | loss  3.393 | ppl     29.76
[2022-04-10 13:18:08.158] E038 |  1046/1046 batches | lr 0.0024 | loss  3.312 | ppl     27.43
[2022-04-10 13:18:14.986] End E038 | valid loss  4.668; ppl    106.45 | accu 0.2601 = 69958/269000
[2022-04-10 13:18:16.610] End E038 |  test loss  8.419; ppl   4533.96 | accu 0.0889 = 5698/64100 ../data/adolescent_valid.txt
[2022-04-10 13:18:18.137] End E038 |  test loss  9.423; ppl  12372.66 | accu 0.0688 = 4173/60620 ../data/adult_test.txt
[2022-04-10 13:18:18.137] Save: model.pt... 
[2022-04-10 13:18:18.293] Save: model.pt...Done. best_val_loss: 4.6677
[2022-04-10 13:18:18.294] Epoch 039/40 ==================================================
[2022-04-10 13:18:27.886] E039 |   200/1046 batches | lr 0.0024 | loss  3.461 | ppl     31.85
[2022-04-10 13:18:37.520] E039 |   400/1046 batches | lr 0.0024 | loss  3.485 | ppl     32.62
[2022-04-10 13:18:47.152] E039 |   600/1046 batches | lr 0.0024 | loss  3.432 | ppl     30.94
[2022-04-10 13:18:56.755] E039 |   800/1046 batches | lr 0.0024 | loss  3.409 | ppl     30.25
[2022-04-10 13:19:06.378] E039 |  1000/1046 batches | lr 0.0024 | loss  3.393 | ppl     29.77
[2022-04-10 13:19:08.578] E039 |  1046/1046 batches | lr 0.0024 | loss  3.316 | ppl     27.56
[2022-04-10 13:19:15.432] End E039 | valid loss  4.668; ppl    106.45 | accu 0.2601 = 69958/269000
[2022-04-10 13:19:17.048] End E039 |  test loss  8.419; ppl   4534.22 | accu 0.0889 = 5698/64100 ../data/adolescent_valid.txt
[2022-04-10 13:19:18.583] End E039 |  test loss  9.423; ppl  12370.99 | accu 0.0689 = 4174/60620 ../data/adult_test.txt
[2022-04-10 13:19:18.583] Save: model.pt... 
[2022-04-10 13:19:18.738] Save: model.pt...Done. best_val_loss: 4.6677
[2022-04-10 13:19:18.738] Epoch 040/40 ==================================================
[2022-04-10 13:19:28.335] E040 |   200/1046 batches | lr 0.0024 | loss  3.460 | ppl     31.82
[2022-04-10 13:19:37.973] E040 |   400/1046 batches | lr 0.0024 | loss  3.490 | ppl     32.77
[2022-04-10 13:19:47.603] E040 |   600/1046 batches | lr 0.0024 | loss  3.431 | ppl     30.89
[2022-04-10 13:19:57.219] E040 |   800/1046 batches | lr 0.0024 | loss  3.410 | ppl     30.27
[2022-04-10 13:20:06.978] E040 |  1000/1046 batches | lr 0.0024 | loss  3.396 | ppl     29.83
[2022-04-10 13:20:09.187] E040 |  1046/1046 batches | lr 0.0024 | loss  3.314 | ppl     27.49
[2022-04-10 13:20:16.014] End E040 | valid loss  4.668; ppl    106.45 | accu 0.2601 = 69957/269000
[2022-04-10 13:20:17.622] End E040 |  test loss  8.419; ppl   4534.11 | accu 0.0889 = 5696/64100 ../data/adolescent_valid.txt
[2022-04-10 13:20:19.151] End E040 |  test loss  9.423; ppl  12372.03 | accu 0.0689 = 4175/60620 ../data/adult_test.txt
[2022-04-10 13:20:19.151] Save: model.pt... 
[2022-04-10 13:20:19.300] Save: model.pt...Done. best_val_loss: 4.6677
[2022-04-10 13:20:20.993] End. test loss  8.42; ppl  4534.11 | accu 0.0889 = 5696/64100 ../data/adolescent_valid.txt
[2022-04-10 13:20:22.518] End. test loss  9.42; ppl 12372.03 | accu 0.0689 = 4175/60620 ../data/adult_test.txt
[2022-04-10 13:20:22.519] =========================================================================================
