[2022-04-10 12:10:33.214] corpus.train_file_list: 1
[2022-04-10 12:10:33.214]         ../data/cbt_train.txt
[2022-04-10 12:10:33.214] corpus.valid_file_list: 1
[2022-04-10 12:10:33.214]         ../data/cbt_valid.txt
[2022-04-10 12:10:33.214] corpus.test_file_list: 2
[2022-04-10 12:10:33.214]         ../data/adolescent_valid.txt
[2022-04-10 12:10:33.214]         ../data/adult_test.txt
[2022-04-10 12:10:33.214] corpus.subword_vocab_size: 0
[2022-04-10 12:10:33.214] corpus.subword_model = None. Corpus will not use subword.
[2022-04-10 12:10:33.214] corpus tokenize...
[2022-04-10 12:10:34.095]         train tokens: 732483  ../data/cbt_train.txt
[2022-04-10 12:10:34.429]         valid tokens: 269037  ../data/cbt_valid.txt
[2022-04-10 12:10:34.542]         test  tokens:  64138  ../data/adolescent_valid.txt
[2022-04-10 12:10:34.615]         test  tokens:  60655  ../data/adult_test.txt
[2022-04-10 12:10:34.615] corpus.ntokens      : 32198
[2022-04-10 12:10:34.615] corpus.char_count   : 102
[2022-04-10 12:10:34.615] corpus.char_cnt_dict: 102
[2022-04-10 12:10:34.615] corpus.char_id_dict : 102
[2022-04-10 12:10:34.624] corpus.batchify(1 files, batch_size=20)...
[2022-04-10 12:10:34.624]         tokens_all: 732483
[2022-04-10 12:10:34.624]         batched   :  36624
[2022-04-10 12:10:34.624]         ../data/cbt_train.txt
[2022-04-10 12:10:36.396] corpus.batchify(1 files, batch_size=20)...
[2022-04-10 12:10:36.396]         tokens_all: 269037
[2022-04-10 12:10:36.396]         batched   :  13451
[2022-04-10 12:10:36.397]         ../data/cbt_valid.txt
[2022-04-10 12:10:36.398] corpus.batchify(1 files, batch_size=20)...
[2022-04-10 12:10:36.398]         tokens_all:  64138
[2022-04-10 12:10:36.398]         batched   :   3206
[2022-04-10 12:10:36.398]         ../data/adolescent_valid.txt
[2022-04-10 12:10:36.399] corpus.batchify(1 files, batch_size=20)...
[2022-04-10 12:10:36.399]         tokens_all:  60655
[2022-04-10 12:10:36.399]         batched   :   3032
[2022-04-10 12:10:36.399]         ../data/adult_test.txt
[2022-04-10 12:10:36.628] RNNModel.rnn_type: LSTM
[2022-04-10 12:10:36.628] RNNModel.ntoken  : 32198
[2022-04-10 12:10:36.628] RNNModel.ninp    : 200
[2022-04-10 12:10:36.628] RNNModel.nhid    : 200
[2022-04-10 12:10:36.628] RNNModel.nlayers : 2
[2022-04-10 12:10:36.628] RNNModel.dropout : 0.2
[2022-04-10 12:10:36.628] RNNModel.tie_weights: False
[2022-04-10 12:10:36.628] RNNModel.char_mode  : 
[2022-04-10 12:10:36.628] RNNModel.char_cnt   : 103
[2022-04-10 12:10:36.628] RNNModel.char_emsize: 25
[2022-04-10 12:10:36.628] RNNModel.char_nhid  : 200
[2022-04-10 12:10:36.628] RNNModel will not use char-encoding
[2022-04-10 12:10:36.818] Epoch 001/40 ==================================================
[2022-04-10 12:10:43.094] E001 |   200/1046 batches | lr 20.0000 | loss  6.848 | ppl    942.09
[2022-04-10 12:10:49.302] E001 |   400/1046 batches | lr 20.0000 | loss  5.585 | ppl    266.52
[2022-04-10 12:10:55.487] E001 |   600/1046 batches | lr 20.0000 | loss  5.101 | ppl    164.14
[2022-04-10 12:11:01.637] E001 |   800/1046 batches | lr 20.0000 | loss  4.877 | ppl    131.25
[2022-04-10 12:11:07.791] E001 |  1000/1046 batches | lr 20.0000 | loss  4.779 | ppl    118.94
[2022-04-10 12:11:09.198] E001 |  1046/1046 batches | lr 20.0000 | loss  4.638 | ppl    103.36
[2022-04-10 12:11:15.438] End E001 | valid loss  5.104; ppl    164.72 | accu 0.1867 = 50221/269000
[2022-04-10 12:11:16.922] End E001 |  test loss  7.937; ppl   2797.87 | accu 0.0626 = 4014/64100 ../data/adolescent_valid.txt
[2022-04-10 12:11:18.335] End E001 |  test loss  8.581; ppl   5330.95 | accu 0.0420 = 2546/60620 ../data/adult_test.txt
[2022-04-10 12:11:18.336] Save: model.pt... 
[2022-04-10 12:11:18.578] Save: model.pt...Done. best_val_loss: 5.1043
[2022-04-10 12:11:18.578] Epoch 002/40 ==================================================
[2022-04-10 12:11:24.737] E002 |   200/1046 batches | lr 20.0000 | loss  4.606 | ppl    100.08
[2022-04-10 12:11:30.877] E002 |   400/1046 batches | lr 20.0000 | loss  4.571 | ppl     96.66
[2022-04-10 12:11:37.023] E002 |   600/1046 batches | lr 20.0000 | loss  4.468 | ppl     87.15
[2022-04-10 12:11:43.164] E002 |   800/1046 batches | lr 20.0000 | loss  4.412 | ppl     82.39
[2022-04-10 12:11:49.318] E002 |  1000/1046 batches | lr 20.0000 | loss  4.379 | ppl     79.79
[2022-04-10 12:11:50.733] E002 |  1046/1046 batches | lr 20.0000 | loss  4.268 | ppl     71.41
[2022-04-10 12:11:57.080] End E002 | valid loss  4.896; ppl    133.72 | accu 0.2160 = 58093/269000
[2022-04-10 12:11:58.590] End E002 |  test loss  7.921; ppl   2755.31 | accu 0.0699 = 4483/64100 ../data/adolescent_valid.txt
[2022-04-10 12:12:00.002] End E002 |  test loss  8.646; ppl   5687.32 | accu 0.0506 = 3066/60620 ../data/adult_test.txt
[2022-04-10 12:12:00.002] Save: model.pt... 
[2022-04-10 12:12:00.200] Save: model.pt...Done. best_val_loss: 4.8958
[2022-04-10 12:12:00.200] Epoch 003/40 ==================================================
[2022-04-10 12:12:06.406] E003 |   200/1046 batches | lr 20.0000 | loss  4.285 | ppl     72.60
[2022-04-10 12:12:12.574] E003 |   400/1046 batches | lr 20.0000 | loss  4.299 | ppl     73.59
[2022-04-10 12:12:18.751] E003 |   600/1046 batches | lr 20.0000 | loss  4.225 | ppl     68.40
[2022-04-10 12:12:24.939] E003 |   800/1046 batches | lr 20.0000 | loss  4.190 | ppl     66.05
[2022-04-10 12:12:31.149] E003 |  1000/1046 batches | lr 20.0000 | loss  4.183 | ppl     65.58
[2022-04-10 12:12:32.577] E003 |  1046/1046 batches | lr 20.0000 | loss  4.089 | ppl     59.65
[2022-04-10 12:12:38.853] End E003 | valid loss  4.815; ppl    123.29 | accu 0.2296 = 61765/269000
[2022-04-10 12:12:40.356] End E003 |  test loss  7.977; ppl   2912.78 | accu 0.0696 = 4462/64100 ../data/adolescent_valid.txt
[2022-04-10 12:12:41.771] End E003 |  test loss  8.796; ppl   6609.28 | accu 0.0516 = 3127/60620 ../data/adult_test.txt
[2022-04-10 12:12:41.771] Save: model.pt... 
[2022-04-10 12:12:41.969] Save: model.pt...Done. best_val_loss: 4.8145
[2022-04-10 12:12:41.970] Epoch 004/40 ==================================================
[2022-04-10 12:12:48.772] E004 |   200/1046 batches | lr 20.0000 | loss  4.114 | ppl     61.20
[2022-04-10 12:12:55.542] E004 |   400/1046 batches | lr 20.0000 | loss  4.138 | ppl     62.69
[2022-04-10 12:13:01.722] E004 |   600/1046 batches | lr 20.0000 | loss  4.079 | ppl     59.10
[2022-04-10 12:13:07.906] E004 |   800/1046 batches | lr 20.0000 | loss  4.058 | ppl     57.87
[2022-04-10 12:13:14.088] E004 |  1000/1046 batches | lr 20.0000 | loss  4.058 | ppl     57.87
[2022-04-10 12:13:15.508] E004 |  1046/1046 batches | lr 20.0000 | loss  3.962 | ppl     52.56
[2022-04-10 12:13:21.793] End E004 | valid loss  4.778; ppl    118.82 | accu 0.2322 = 62467/269000
[2022-04-10 12:13:23.299] End E004 |  test loss  8.030; ppl   3071.56 | accu 0.0755 = 4837/64100 ../data/adolescent_valid.txt
[2022-04-10 12:13:24.724] End E004 |  test loss  8.924; ppl   7507.18 | accu 0.0581 = 3519/60620 ../data/adult_test.txt
[2022-04-10 12:13:24.725] Save: model.pt... 
[2022-04-10 12:13:24.922] Save: model.pt...Done. best_val_loss: 4.7776
[2022-04-10 12:13:24.922] Epoch 005/40 ==================================================
[2022-04-10 12:13:31.116] E005 |   200/1046 batches | lr 20.0000 | loss  3.996 | ppl     54.36
[2022-04-10 12:13:37.280] E005 |   400/1046 batches | lr 20.0000 | loss  4.027 | ppl     56.08
[2022-04-10 12:13:43.468] E005 |   600/1046 batches | lr 20.0000 | loss  3.973 | ppl     53.14
[2022-04-10 12:13:49.729] E005 |   800/1046 batches | lr 20.0000 | loss  3.961 | ppl     52.50
[2022-04-10 12:13:55.906] E005 |  1000/1046 batches | lr 20.0000 | loss  3.963 | ppl     52.61
[2022-04-10 12:13:57.326] E005 |  1046/1046 batches | lr 20.0000 | loss  3.877 | ppl     48.30
[2022-04-10 12:14:03.607] End E005 | valid loss  4.768; ppl    117.67 | accu 0.2362 = 63544/269000
[2022-04-10 12:14:05.098] End E005 |  test loss  8.067; ppl   3186.67 | accu 0.0766 = 4909/64100 ../data/adolescent_valid.txt
[2022-04-10 12:14:06.511] End E005 |  test loss  9.031; ppl   8362.13 | accu 0.0569 = 3451/60620 ../data/adult_test.txt
[2022-04-10 12:14:06.512] Save: model.pt... 
[2022-04-10 12:14:06.709] Save: model.pt...Done. best_val_loss: 4.7678
[2022-04-10 12:14:06.709] Epoch 006/40 ==================================================
[2022-04-10 12:14:12.871] E006 |   200/1046 batches | lr 20.0000 | loss  3.907 | ppl     49.76
[2022-04-10 12:14:19.007] E006 |   400/1046 batches | lr 20.0000 | loss  3.943 | ppl     51.56
[2022-04-10 12:14:25.165] E006 |   600/1046 batches | lr 20.0000 | loss  3.896 | ppl     49.19
[2022-04-10 12:14:31.358] E006 |   800/1046 batches | lr 20.0000 | loss  3.887 | ppl     48.74
[2022-04-10 12:14:37.525] E006 |  1000/1046 batches | lr 20.0000 | loss  3.893 | ppl     49.08
[2022-04-10 12:14:38.935] E006 |  1046/1046 batches | lr 20.0000 | loss  3.799 | ppl     44.65
[2022-04-10 12:14:45.181] End E006 | valid loss  4.750; ppl    115.57 | accu 0.2388 = 64237/269000
[2022-04-10 12:14:46.679] End E006 |  test loss  8.085; ppl   3246.06 | accu 0.0791 = 5073/64100 ../data/adolescent_valid.txt
[2022-04-10 12:14:48.088] End E006 |  test loss  8.980; ppl   7939.22 | accu 0.0599 = 3631/60620 ../data/adult_test.txt
[2022-04-10 12:14:48.088] Save: model.pt... 
[2022-04-10 12:14:48.289] Save: model.pt...Done. best_val_loss: 4.7499
[2022-04-10 12:14:48.289] Epoch 007/40 ==================================================
[2022-04-10 12:14:54.480] E007 |   200/1046 batches | lr 20.0000 | loss  3.837 | ppl     46.37
[2022-04-10 12:15:00.646] E007 |   400/1046 batches | lr 20.0000 | loss  3.878 | ppl     48.34
[2022-04-10 12:15:06.833] E007 |   600/1046 batches | lr 20.0000 | loss  3.829 | ppl     46.02
[2022-04-10 12:15:13.009] E007 |   800/1046 batches | lr 20.0000 | loss  3.825 | ppl     45.83
[2022-04-10 12:15:19.189] E007 |  1000/1046 batches | lr 20.0000 | loss  3.836 | ppl     46.32
[2022-04-10 12:15:20.604] E007 |  1046/1046 batches | lr 20.0000 | loss  3.746 | ppl     42.34
[2022-04-10 12:15:26.862] End E007 | valid loss  4.745; ppl    115.00 | accu 0.2374 = 63856/269000
[2022-04-10 12:15:28.369] End E007 |  test loss  8.124; ppl   3373.81 | accu 0.0763 = 4894/64100 ../data/adolescent_valid.txt
[2022-04-10 12:15:29.791] End E007 |  test loss  9.135; ppl   9272.72 | accu 0.0570 = 3457/60620 ../data/adult_test.txt
[2022-04-10 12:15:29.791] Save: model.pt... 
[2022-04-10 12:15:29.984] Save: model.pt...Done. best_val_loss: 4.7450
[2022-04-10 12:15:29.984] Epoch 008/40 ==================================================
[2022-04-10 12:15:36.161] E008 |   200/1046 batches | lr 20.0000 | loss  3.778 | ppl     43.72
[2022-04-10 12:15:42.340] E008 |   400/1046 batches | lr 20.0000 | loss  3.823 | ppl     45.74
[2022-04-10 12:15:48.527] E008 |   600/1046 batches | lr 20.0000 | loss  3.780 | ppl     43.80
[2022-04-10 12:15:54.719] E008 |   800/1046 batches | lr 20.0000 | loss  3.778 | ppl     43.74
[2022-04-10 12:16:00.895] E008 |  1000/1046 batches | lr 20.0000 | loss  3.786 | ppl     44.07
[2022-04-10 12:16:02.325] E008 |  1046/1046 batches | lr 20.0000 | loss  3.695 | ppl     40.24
[2022-04-10 12:16:08.584] End E008 | valid loss  4.757; ppl    116.45 | accu 0.2386 = 64183/269000
[2022-04-10 12:16:10.080] End E008 |  test loss  8.152; ppl   3470.61 | accu 0.0771 = 4941/64100 ../data/adolescent_valid.txt
[2022-04-10 12:16:11.505] End E008 |  test loss  9.143; ppl   9348.89 | accu 0.0599 = 3631/60620 ../data/adult_test.txt
[2022-04-10 12:16:11.505] Epoch 009/40 ==================================================
[2022-04-10 12:16:17.806] E009 |   200/1046 batches | lr 10.0000 | loss  3.688 | ppl     39.97
[2022-04-10 12:16:24.026] E009 |   400/1046 batches | lr 10.0000 | loss  3.697 | ppl     40.33
[2022-04-10 12:16:30.255] E009 |   600/1046 batches | lr 10.0000 | loss  3.632 | ppl     37.79
[2022-04-10 12:16:36.509] E009 |   800/1046 batches | lr 10.0000 | loss  3.610 | ppl     36.98
[2022-04-10 12:16:42.762] E009 |  1000/1046 batches | lr 10.0000 | loss  3.597 | ppl     36.49
[2022-04-10 12:16:44.209] E009 |  1046/1046 batches | lr 10.0000 | loss  3.513 | ppl     33.56
[2022-04-10 12:16:50.511] End E009 | valid loss  4.733; ppl    113.59 | accu 0.2490 = 66984/269000
[2022-04-10 12:16:52.028] End E009 |  test loss  8.493; ppl   4882.38 | accu 0.0744 = 4772/64100 ../data/adolescent_valid.txt
[2022-04-10 12:16:53.456] End E009 |  test loss  9.669; ppl  15812.67 | accu 0.0550 = 3333/60620 ../data/adult_test.txt
[2022-04-10 12:16:53.456] Save: model.pt... 
[2022-04-10 12:16:53.703] Save: model.pt...Done. best_val_loss: 4.7326
[2022-04-10 12:16:53.703] Epoch 010/40 ==================================================
[2022-04-10 12:16:59.985] E010 |   200/1046 batches | lr 10.0000 | loss  3.596 | ppl     36.46
[2022-04-10 12:17:06.259] E010 |   400/1046 batches | lr 10.0000 | loss  3.634 | ppl     37.87
[2022-04-10 12:17:12.526] E010 |   600/1046 batches | lr 10.0000 | loss  3.578 | ppl     35.82
[2022-04-10 12:17:18.811] E010 |   800/1046 batches | lr 10.0000 | loss  3.566 | ppl     35.37
[2022-04-10 12:17:25.096] E010 |  1000/1046 batches | lr 10.0000 | loss  3.565 | ppl     35.33
[2022-04-10 12:17:26.557] E010 |  1046/1046 batches | lr 10.0000 | loss  3.486 | ppl     32.67
[2022-04-10 12:17:32.850] End E010 | valid loss  4.741; ppl    114.55 | accu 0.2500 = 67246/269000
[2022-04-10 12:17:34.361] End E010 |  test loss  8.512; ppl   4974.87 | accu 0.0757 = 4855/64100 ../data/adolescent_valid.txt
[2022-04-10 12:17:35.804] End E010 |  test loss  9.700; ppl  16320.24 | accu 0.0554 = 3357/60620 ../data/adult_test.txt
[2022-04-10 12:17:35.805] Epoch 011/40 ==================================================
[2022-04-10 12:17:42.108] E011 |   200/1046 batches | lr 5.0000 | loss  3.540 | ppl     34.48
[2022-04-10 12:17:48.502] E011 |   400/1046 batches | lr 5.0000 | loss  3.564 | ppl     35.32
[2022-04-10 12:17:54.853] E011 |   600/1046 batches | lr 5.0000 | loss  3.498 | ppl     33.06
[2022-04-10 12:18:01.269] E011 |   800/1046 batches | lr 5.0000 | loss  3.479 | ppl     32.42
[2022-04-10 12:18:07.616] E011 |  1000/1046 batches | lr 5.0000 | loss  3.465 | ppl     31.99
[2022-04-10 12:18:09.075] E011 |  1046/1046 batches | lr 5.0000 | loss  3.382 | ppl     29.44
[2022-04-10 12:18:15.390] End E011 | valid loss  4.736; ppl    113.96 | accu 0.2531 = 68077/269000
[2022-04-10 12:18:16.902] End E011 |  test loss  8.663; ppl   5787.72 | accu 0.0780 = 5001/64100 ../data/adolescent_valid.txt
[2022-04-10 12:18:18.333] End E011 |  test loss  9.784; ppl  17755.88 | accu 0.0586 = 3553/60620 ../data/adult_test.txt
[2022-04-10 12:18:18.333] Epoch 012/40 ==================================================
[2022-04-10 12:18:24.628] E012 |   200/1046 batches | lr 2.5000 | loss  3.488 | ppl     32.72
[2022-04-10 12:18:30.946] E012 |   400/1046 batches | lr 2.5000 | loss  3.517 | ppl     33.68
[2022-04-10 12:18:37.250] E012 |   600/1046 batches | lr 2.5000 | loss  3.453 | ppl     31.61
[2022-04-10 12:18:43.597] E012 |   800/1046 batches | lr 2.5000 | loss  3.423 | ppl     30.66
[2022-04-10 12:18:49.918] E012 |  1000/1046 batches | lr 2.5000 | loss  3.407 | ppl     30.18
[2022-04-10 12:18:51.377] E012 |  1046/1046 batches | lr 2.5000 | loss  3.327 | ppl     27.86
[2022-04-10 12:18:57.728] End E012 | valid loss  4.737; ppl    114.09 | accu 0.2554 = 68695/269000
[2022-04-10 12:18:59.239] End E012 |  test loss  8.704; ppl   6025.11 | accu 0.0810 = 5190/64100 ../data/adolescent_valid.txt
[2022-04-10 12:19:00.681] End E012 |  test loss  9.814; ppl  18294.48 | accu 0.0612 = 3711/60620 ../data/adult_test.txt
[2022-04-10 12:19:00.681] Epoch 013/40 ==================================================
[2022-04-10 12:19:07.038] E013 |   200/1046 batches | lr 1.2500 | loss  3.456 | ppl     31.70
[2022-04-10 12:19:13.397] E013 |   400/1046 batches | lr 1.2500 | loss  3.495 | ppl     32.95
[2022-04-10 12:19:19.739] E013 |   600/1046 batches | lr 1.2500 | loss  3.429 | ppl     30.84
[2022-04-10 12:19:26.084] E013 |   800/1046 batches | lr 1.2500 | loss  3.401 | ppl     30.00
[2022-04-10 12:19:32.415] E013 |  1000/1046 batches | lr 1.2500 | loss  3.377 | ppl     29.29
[2022-04-10 12:19:33.862] E013 |  1046/1046 batches | lr 1.2500 | loss  3.298 | ppl     27.07
[2022-04-10 12:19:40.166] End E013 | valid loss  4.737; ppl    114.11 | accu 0.2563 = 68939/269000
[2022-04-10 12:19:41.666] End E013 |  test loss  8.705; ppl   6035.54 | accu 0.0826 = 5295/64100 ../data/adolescent_valid.txt
[2022-04-10 12:19:43.101] End E013 |  test loss  9.788; ppl  17824.20 | accu 0.0622 = 3771/60620 ../data/adult_test.txt
[2022-04-10 12:19:43.101] Epoch 014/40 ==================================================
[2022-04-10 12:19:49.462] E014 |   200/1046 batches | lr 0.6250 | loss  3.445 | ppl     31.33
[2022-04-10 12:19:55.793] E014 |   400/1046 batches | lr 0.6250 | loss  3.475 | ppl     32.29
[2022-04-10 12:20:02.127] E014 |   600/1046 batches | lr 0.6250 | loss  3.415 | ppl     30.41
[2022-04-10 12:20:08.443] E014 |   800/1046 batches | lr 0.6250 | loss  3.384 | ppl     29.49
[2022-04-10 12:20:14.773] E014 |  1000/1046 batches | lr 0.6250 | loss  3.364 | ppl     28.91
[2022-04-10 12:20:16.226] E014 |  1046/1046 batches | lr 0.6250 | loss  3.283 | ppl     26.64
[2022-04-10 12:20:22.586] End E014 | valid loss  4.734; ppl    113.78 | accu 0.2569 = 69105/269000
[2022-04-10 12:20:24.103] End E014 |  test loss  8.706; ppl   6037.38 | accu 0.0832 = 5332/64100 ../data/adolescent_valid.txt
[2022-04-10 12:20:25.541] End E014 |  test loss  9.782; ppl  17714.71 | accu 0.0619 = 3754/60620 ../data/adult_test.txt
[2022-04-10 12:20:25.541] Epoch 015/40 ==================================================
[2022-04-10 12:20:31.870] E015 |   200/1046 batches | lr 0.3125 | loss  3.431 | ppl     30.90
[2022-04-10 12:20:38.270] E015 |   400/1046 batches | lr 0.3125 | loss  3.468 | ppl     32.06
[2022-04-10 12:20:44.791] E015 |   600/1046 batches | lr 0.3125 | loss  3.406 | ppl     30.13
[2022-04-10 12:20:51.271] E015 |   800/1046 batches | lr 0.3125 | loss  3.376 | ppl     29.26
[2022-04-10 12:20:57.665] E015 |  1000/1046 batches | lr 0.3125 | loss  3.356 | ppl     28.67
[2022-04-10 12:20:59.124] E015 |  1046/1046 batches | lr 0.3125 | loss  3.277 | ppl     26.49
[2022-04-10 12:21:05.578] End E015 | valid loss  4.729; ppl    113.23 | accu 0.2579 = 69383/269000
[2022-04-10 12:21:07.119] End E015 |  test loss  8.688; ppl   5928.69 | accu 0.0836 = 5356/64100 ../data/adolescent_valid.txt
[2022-04-10 12:21:08.551] End E015 |  test loss  9.766; ppl  17436.97 | accu 0.0625 = 3788/60620 ../data/adult_test.txt
[2022-04-10 12:21:08.552] Save: model.pt... 
[2022-04-10 12:21:08.762] Save: model.pt...Done. best_val_loss: 4.7295
[2022-04-10 12:21:08.762] Epoch 016/40 ==================================================
[2022-04-10 12:21:15.155] E016 |   200/1046 batches | lr 0.3125 | loss  3.428 | ppl     30.80
[2022-04-10 12:21:21.543] E016 |   400/1046 batches | lr 0.3125 | loss  3.464 | ppl     31.94
[2022-04-10 12:21:27.878] E016 |   600/1046 batches | lr 0.3125 | loss  3.399 | ppl     29.94
[2022-04-10 12:21:34.247] E016 |   800/1046 batches | lr 0.3125 | loss  3.371 | ppl     29.10
[2022-04-10 12:21:41.193] E016 |  1000/1046 batches | lr 0.3125 | loss  3.356 | ppl     28.68
[2022-04-10 12:21:42.799] E016 |  1046/1046 batches | lr 0.3125 | loss  3.280 | ppl     26.57
[2022-04-10 12:21:50.351] End E016 | valid loss  4.730; ppl    113.34 | accu 0.2578 = 69356/269000
[2022-04-10 12:21:52.184] End E016 |  test loss  8.687; ppl   5923.51 | accu 0.0841 = 5388/64100 ../data/adolescent_valid.txt
[2022-04-10 12:21:53.887] End E016 |  test loss  9.765; ppl  17405.42 | accu 0.0630 = 3819/60620 ../data/adult_test.txt
[2022-04-10 12:21:53.887] Epoch 017/40 ==================================================
[2022-04-10 12:22:00.888] E017 |   200/1046 batches | lr 0.1562 | loss  3.429 | ppl     30.85
[2022-04-10 12:22:07.375] E017 |   400/1046 batches | lr 0.1562 | loss  3.462 | ppl     31.87
[2022-04-10 12:22:13.778] E017 |   600/1046 batches | lr 0.1562 | loss  3.398 | ppl     29.92
[2022-04-10 12:22:20.100] E017 |   800/1046 batches | lr 0.1562 | loss  3.371 | ppl     29.10
[2022-04-10 12:22:26.501] E017 |  1000/1046 batches | lr 0.1562 | loss  3.353 | ppl     28.60
[2022-04-10 12:22:27.958] E017 |  1046/1046 batches | lr 0.1562 | loss  3.272 | ppl     26.37
[2022-04-10 12:22:34.381] End E017 | valid loss  4.728; ppl    113.07 | accu 0.2580 = 69402/269000
[2022-04-10 12:22:35.930] End E017 |  test loss  8.680; ppl   5886.51 | accu 0.0844 = 5410/64100 ../data/adolescent_valid.txt
[2022-04-10 12:22:37.381] End E017 |  test loss  9.757; ppl  17280.94 | accu 0.0632 = 3832/60620 ../data/adult_test.txt
[2022-04-10 12:22:37.381] Save: model.pt... 
[2022-04-10 12:22:37.598] Save: model.pt...Done. best_val_loss: 4.7280
[2022-04-10 12:22:37.599] Epoch 018/40 ==================================================
[2022-04-10 12:22:43.986] E018 |   200/1046 batches | lr 0.1562 | loss  3.422 | ppl     30.64
[2022-04-10 12:22:50.389] E018 |   400/1046 batches | lr 0.1562 | loss  3.459 | ppl     31.80
[2022-04-10 12:22:56.756] E018 |   600/1046 batches | lr 0.1562 | loss  3.396 | ppl     29.84
[2022-04-10 12:23:03.089] E018 |   800/1046 batches | lr 0.1562 | loss  3.369 | ppl     29.05
[2022-04-10 12:23:09.493] E018 |  1000/1046 batches | lr 0.1562 | loss  3.353 | ppl     28.59
[2022-04-10 12:23:10.950] E018 |  1046/1046 batches | lr 0.1562 | loss  3.265 | ppl     26.17
[2022-04-10 12:23:17.361] End E018 | valid loss  4.728; ppl    113.01 | accu 0.2580 = 69411/269000
[2022-04-10 12:23:18.925] End E018 |  test loss  8.679; ppl   5877.45 | accu 0.0844 = 5411/64100 ../data/adolescent_valid.txt
[2022-04-10 12:23:20.363] End E018 |  test loss  9.754; ppl  17225.58 | accu 0.0631 = 3828/60620 ../data/adult_test.txt
[2022-04-10 12:23:20.363] Save: model.pt... 
[2022-04-10 12:23:20.570] Save: model.pt...Done. best_val_loss: 4.7275
[2022-04-10 12:23:20.570] Epoch 019/40 ==================================================
[2022-04-10 12:23:27.339] E019 |   200/1046 batches | lr 0.1562 | loss  3.424 | ppl     30.68
[2022-04-10 12:23:34.351] E019 |   400/1046 batches | lr 0.1562 | loss  3.459 | ppl     31.78
[2022-04-10 12:23:41.201] E019 |   600/1046 batches | lr 0.1562 | loss  3.396 | ppl     29.84
[2022-04-10 12:23:47.626] E019 |   800/1046 batches | lr 0.1562 | loss  3.370 | ppl     29.07
[2022-04-10 12:23:54.081] E019 |  1000/1046 batches | lr 0.1562 | loss  3.356 | ppl     28.66
[2022-04-10 12:23:55.546] E019 |  1046/1046 batches | lr 0.1562 | loss  3.265 | ppl     26.19
[2022-04-10 12:24:02.002] End E019 | valid loss  4.728; ppl    113.06 | accu 0.2580 = 69393/269000
[2022-04-10 12:24:03.537] End E019 |  test loss  8.682; ppl   5894.98 | accu 0.0841 = 5394/64100 ../data/adolescent_valid.txt
[2022-04-10 12:24:04.997] End E019 |  test loss  9.758; ppl  17295.86 | accu 0.0633 = 3837/60620 ../data/adult_test.txt
[2022-04-10 12:24:04.998] Epoch 020/40 ==================================================
[2022-04-10 12:24:11.561] E020 |   200/1046 batches | lr 0.0781 | loss  3.421 | ppl     30.59
[2022-04-10 12:24:17.931] E020 |   400/1046 batches | lr 0.0781 | loss  3.454 | ppl     31.63
[2022-04-10 12:24:24.269] E020 |   600/1046 batches | lr 0.0781 | loss  3.395 | ppl     29.81
[2022-04-10 12:24:30.635] E020 |   800/1046 batches | lr 0.0781 | loss  3.365 | ppl     28.94
[2022-04-10 12:24:36.945] E020 |  1000/1046 batches | lr 0.0781 | loss  3.353 | ppl     28.58
[2022-04-10 12:24:38.402] E020 |  1046/1046 batches | lr 0.0781 | loss  3.266 | ppl     26.21
[2022-04-10 12:24:44.753] End E020 | valid loss  4.727; ppl    112.91 | accu 0.2581 = 69436/269000
[2022-04-10 12:24:46.274] End E020 |  test loss  8.672; ppl   5837.99 | accu 0.0844 = 5410/64100 ../data/adolescent_valid.txt
[2022-04-10 12:24:47.728] End E020 |  test loss  9.746; ppl  17077.74 | accu 0.0635 = 3850/60620 ../data/adult_test.txt
[2022-04-10 12:24:47.728] Save: model.pt... 
[2022-04-10 12:24:47.939] Save: model.pt...Done. best_val_loss: 4.7266
[2022-04-10 12:24:47.939] Epoch 021/40 ==================================================
[2022-04-10 12:24:54.290] E021 |   200/1046 batches | lr 0.0781 | loss  3.417 | ppl     30.47
[2022-04-10 12:25:00.668] E021 |   400/1046 batches | lr 0.0781 | loss  3.455 | ppl     31.66
[2022-04-10 12:25:07.490] E021 |   600/1046 batches | lr 0.0781 | loss  3.395 | ppl     29.81
[2022-04-10 12:25:13.991] E021 |   800/1046 batches | lr 0.0781 | loss  3.366 | ppl     28.96
[2022-04-10 12:25:20.366] E021 |  1000/1046 batches | lr 0.0781 | loss  3.351 | ppl     28.55
[2022-04-10 12:25:21.837] E021 |  1046/1046 batches | lr 0.0781 | loss  3.269 | ppl     26.28
[2022-04-10 12:25:28.233] End E021 | valid loss  4.726; ppl    112.84 | accu 0.2582 = 69465/269000
[2022-04-10 12:25:29.771] End E021 |  test loss  8.671; ppl   5833.36 | accu 0.0844 = 5407/64100 ../data/adolescent_valid.txt
[2022-04-10 12:25:31.226] End E021 |  test loss  9.740; ppl  16987.81 | accu 0.0636 = 3857/60620 ../data/adult_test.txt
[2022-04-10 12:25:31.226] Save: model.pt... 
[2022-04-10 12:25:31.435] Save: model.pt...Done. best_val_loss: 4.7259
[2022-04-10 12:25:31.435] Epoch 022/40 ==================================================
[2022-04-10 12:25:37.827] E022 |   200/1046 batches | lr 0.0781 | loss  3.415 | ppl     30.43
[2022-04-10 12:25:44.195] E022 |   400/1046 batches | lr 0.0781 | loss  3.455 | ppl     31.65
[2022-04-10 12:25:50.566] E022 |   600/1046 batches | lr 0.0781 | loss  3.392 | ppl     29.72
[2022-04-10 12:25:56.942] E022 |   800/1046 batches | lr 0.0781 | loss  3.365 | ppl     28.94
[2022-04-10 12:26:03.269] E022 |  1000/1046 batches | lr 0.0781 | loss  3.346 | ppl     28.39
[2022-04-10 12:26:04.739] E022 |  1046/1046 batches | lr 0.0781 | loss  3.268 | ppl     26.27
[2022-04-10 12:26:11.115] End E022 | valid loss  4.726; ppl    112.85 | accu 0.2582 = 69456/269000
[2022-04-10 12:26:12.629] End E022 |  test loss  8.677; ppl   5864.29 | accu 0.0841 = 5389/64100 ../data/adolescent_valid.txt
[2022-04-10 12:26:14.062] End E022 |  test loss  9.745; ppl  17074.30 | accu 0.0634 = 3846/60620 ../data/adult_test.txt
[2022-04-10 12:26:14.062] Epoch 023/40 ==================================================
[2022-04-10 12:26:20.373] E023 |   200/1046 batches | lr 0.0391 | loss  3.417 | ppl     30.48
[2022-04-10 12:26:26.708] E023 |   400/1046 batches | lr 0.0391 | loss  3.453 | ppl     31.61
[2022-04-10 12:26:33.108] E023 |   600/1046 batches | lr 0.0391 | loss  3.389 | ppl     29.64
[2022-04-10 12:26:39.491] E023 |   800/1046 batches | lr 0.0391 | loss  3.367 | ppl     28.99
[2022-04-10 12:26:45.856] E023 |  1000/1046 batches | lr 0.0391 | loss  3.344 | ppl     28.34
[2022-04-10 12:26:47.338] E023 |  1046/1046 batches | lr 0.0391 | loss  3.265 | ppl     26.19
[2022-04-10 12:26:53.769] End E023 | valid loss  4.726; ppl    112.80 | accu 0.2581 = 69440/269000
[2022-04-10 12:26:55.312] End E023 |  test loss  8.669; ppl   5822.40 | accu 0.0843 = 5401/64100 ../data/adolescent_valid.txt
[2022-04-10 12:26:56.778] End E023 |  test loss  9.737; ppl  16928.20 | accu 0.0637 = 3862/60620 ../data/adult_test.txt
[2022-04-10 12:26:56.779] Save: model.pt... 
[2022-04-10 12:26:56.994] Save: model.pt...Done. best_val_loss: 4.7256
[2022-04-10 12:26:56.994] Epoch 024/40 ==================================================
[2022-04-10 12:27:03.366] E024 |   200/1046 batches | lr 0.0391 | loss  3.414 | ppl     30.40
[2022-04-10 12:27:09.749] E024 |   400/1046 batches | lr 0.0391 | loss  3.451 | ppl     31.52
[2022-04-10 12:27:16.162] E024 |   600/1046 batches | lr 0.0391 | loss  3.390 | ppl     29.67
[2022-04-10 12:27:22.650] E024 |   800/1046 batches | lr 0.0391 | loss  3.367 | ppl     28.99
[2022-04-10 12:27:29.026] E024 |  1000/1046 batches | lr 0.0391 | loss  3.348 | ppl     28.44
[2022-04-10 12:27:30.505] E024 |  1046/1046 batches | lr 0.0391 | loss  3.260 | ppl     26.04
[2022-04-10 12:27:36.881] End E024 | valid loss  4.726; ppl    112.82 | accu 0.2581 = 69439/269000
[2022-04-10 12:27:38.688] End E024 |  test loss  8.670; ppl   5825.08 | accu 0.0844 = 5413/64100 ../data/adolescent_valid.txt
[2022-04-10 12:27:40.422] End E024 |  test loss  9.738; ppl  16951.80 | accu 0.0637 = 3863/60620 ../data/adult_test.txt
[2022-04-10 12:27:40.422] Epoch 025/40 ==================================================
[2022-04-10 12:27:47.387] E025 |   200/1046 batches | lr 0.0195 | loss  3.414 | ppl     30.39
[2022-04-10 12:27:54.340] E025 |   400/1046 batches | lr 0.0195 | loss  3.452 | ppl     31.57
[2022-04-10 12:28:01.279] E025 |   600/1046 batches | lr 0.0195 | loss  3.390 | ppl     29.67
[2022-04-10 12:28:08.247] E025 |   800/1046 batches | lr 0.0195 | loss  3.364 | ppl     28.90
[2022-04-10 12:28:15.182] E025 |  1000/1046 batches | lr 0.0195 | loss  3.347 | ppl     28.41
[2022-04-10 12:28:16.794] E025 |  1046/1046 batches | lr 0.0195 | loss  3.266 | ppl     26.22
[2022-04-10 12:28:24.263] End E025 | valid loss  4.726; ppl    112.79 | accu 0.2581 = 69418/269000
[2022-04-10 12:28:26.048] End E025 |  test loss  8.668; ppl   5811.27 | accu 0.0845 = 5418/64100 ../data/adolescent_valid.txt
[2022-04-10 12:28:27.780] End E025 |  test loss  9.735; ppl  16894.57 | accu 0.0639 = 3872/60620 ../data/adult_test.txt
[2022-04-10 12:28:27.780] Save: model.pt... 
[2022-04-10 12:28:27.988] Save: model.pt...Done. best_val_loss: 4.7255
[2022-04-10 12:28:27.988] Epoch 026/40 ==================================================
[2022-04-10 12:28:34.823] E026 |   200/1046 batches | lr 0.0195 | loss  3.414 | ppl     30.38
[2022-04-10 12:28:41.457] E026 |   400/1046 batches | lr 0.0195 | loss  3.448 | ppl     31.45
[2022-04-10 12:28:48.515] E026 |   600/1046 batches | lr 0.0195 | loss  3.388 | ppl     29.60
[2022-04-10 12:28:55.101] E026 |   800/1046 batches | lr 0.0195 | loss  3.365 | ppl     28.94
[2022-04-10 12:29:01.556] E026 |  1000/1046 batches | lr 0.0195 | loss  3.347 | ppl     28.43
[2022-04-10 12:29:03.017] E026 |  1046/1046 batches | lr 0.0195 | loss  3.266 | ppl     26.21
[2022-04-10 12:29:09.450] End E026 | valid loss  4.725; ppl    112.79 | accu 0.2580 = 69408/269000
[2022-04-10 12:29:10.993] End E026 |  test loss  8.667; ppl   5808.55 | accu 0.0845 = 5417/64100 ../data/adolescent_valid.txt
[2022-04-10 12:29:12.478] End E026 |  test loss  9.734; ppl  16885.32 | accu 0.0639 = 3874/60620 ../data/adult_test.txt
[2022-04-10 12:29:12.478] Save: model.pt... 
[2022-04-10 12:29:12.692] Save: model.pt...Done. best_val_loss: 4.7255
[2022-04-10 12:29:12.692] Epoch 027/40 ==================================================
[2022-04-10 12:29:19.088] E027 |   200/1046 batches | lr 0.0195 | loss  3.416 | ppl     30.43
[2022-04-10 12:29:25.457] E027 |   400/1046 batches | lr 0.0195 | loss  3.448 | ppl     31.44
[2022-04-10 12:29:31.805] E027 |   600/1046 batches | lr 0.0195 | loss  3.390 | ppl     29.66
[2022-04-10 12:29:38.209] E027 |   800/1046 batches | lr 0.0195 | loss  3.361 | ppl     28.83
[2022-04-10 12:29:44.604] E027 |  1000/1046 batches | lr 0.0195 | loss  3.345 | ppl     28.37
[2022-04-10 12:29:46.078] E027 |  1046/1046 batches | lr 0.0195 | loss  3.264 | ppl     26.16
[2022-04-10 12:29:52.522] End E027 | valid loss  4.725; ppl    112.77 | accu 0.2580 = 69415/269000
[2022-04-10 12:29:54.074] End E027 |  test loss  8.667; ppl   5807.68 | accu 0.0845 = 5415/64100 ../data/adolescent_valid.txt
[2022-04-10 12:29:55.518] End E027 |  test loss  9.734; ppl  16873.80 | accu 0.0639 = 3871/60620 ../data/adult_test.txt
[2022-04-10 12:29:55.518] Save: model.pt... 
[2022-04-10 12:29:55.728] Save: model.pt...Done. best_val_loss: 4.7253
[2022-04-10 12:29:55.728] Epoch 028/40 ==================================================
[2022-04-10 12:30:02.130] E028 |   200/1046 batches | lr 0.0195 | loss  3.415 | ppl     30.41
[2022-04-10 12:30:08.491] E028 |   400/1046 batches | lr 0.0195 | loss  3.450 | ppl     31.50
[2022-04-10 12:30:14.936] E028 |   600/1046 batches | lr 0.0195 | loss  3.386 | ppl     29.55
[2022-04-10 12:30:21.337] E028 |   800/1046 batches | lr 0.0195 | loss  3.363 | ppl     28.89
[2022-04-10 12:30:27.798] E028 |  1000/1046 batches | lr 0.0195 | loss  3.347 | ppl     28.42
[2022-04-10 12:30:29.274] E028 |  1046/1046 batches | lr 0.0195 | loss  3.262 | ppl     26.10
[2022-04-10 12:30:35.740] End E028 | valid loss  4.725; ppl    112.77 | accu 0.2581 = 69433/269000
[2022-04-10 12:30:37.296] End E028 |  test loss  8.667; ppl   5806.24 | accu 0.0846 = 5420/64100 ../data/adolescent_valid.txt
[2022-04-10 12:30:38.742] End E028 |  test loss  9.734; ppl  16874.15 | accu 0.0639 = 3871/60620 ../data/adult_test.txt
[2022-04-10 12:30:38.743] Save: model.pt... 
[2022-04-10 12:30:38.953] Save: model.pt...Done. best_val_loss: 4.7253
[2022-04-10 12:30:38.953] Epoch 029/40 ==================================================
[2022-04-10 12:30:45.335] E029 |   200/1046 batches | lr 0.0195 | loss  3.409 | ppl     30.24
[2022-04-10 12:30:51.839] E029 |   400/1046 batches | lr 0.0195 | loss  3.448 | ppl     31.44
[2022-04-10 12:30:58.263] E029 |   600/1046 batches | lr 0.0195 | loss  3.393 | ppl     29.75
[2022-04-10 12:31:05.199] E029 |   800/1046 batches | lr 0.0195 | loss  3.364 | ppl     28.90
[2022-04-10 12:31:11.774] E029 |  1000/1046 batches | lr 0.0195 | loss  3.346 | ppl     28.39
[2022-04-10 12:31:13.225] E029 |  1046/1046 batches | lr 0.0195 | loss  3.268 | ppl     26.26
[2022-04-10 12:31:19.633] End E029 | valid loss  4.725; ppl    112.77 | accu 0.2581 = 69428/269000
[2022-04-10 12:31:21.189] End E029 |  test loss  8.667; ppl   5807.64 | accu 0.0847 = 5427/64100 ../data/adolescent_valid.txt
[2022-04-10 12:31:22.617] End E029 |  test loss  9.734; ppl  16874.89 | accu 0.0639 = 3871/60620 ../data/adult_test.txt
[2022-04-10 12:31:22.617] Epoch 030/40 ==================================================
[2022-04-10 12:31:29.135] E030 |   200/1046 batches | lr 0.0098 | loss  3.416 | ppl     30.44
[2022-04-10 12:31:35.522] E030 |   400/1046 batches | lr 0.0098 | loss  3.448 | ppl     31.44
[2022-04-10 12:31:41.892] E030 |   600/1046 batches | lr 0.0098 | loss  3.387 | ppl     29.58
[2022-04-10 12:31:48.317] E030 |   800/1046 batches | lr 0.0098 | loss  3.364 | ppl     28.91
[2022-04-10 12:31:54.670] E030 |  1000/1046 batches | lr 0.0098 | loss  3.347 | ppl     28.42
[2022-04-10 12:31:56.125] E030 |  1046/1046 batches | lr 0.0098 | loss  3.264 | ppl     26.16
[2022-04-10 12:32:02.463] End E030 | valid loss  4.725; ppl    112.76 | accu 0.2581 = 69435/269000
[2022-04-10 12:32:03.980] End E030 |  test loss  8.666; ppl   5803.21 | accu 0.0847 = 5428/64100 ../data/adolescent_valid.txt
[2022-04-10 12:32:05.409] End E030 |  test loss  9.733; ppl  16859.57 | accu 0.0639 = 3875/60620 ../data/adult_test.txt
[2022-04-10 12:32:05.409] Save: model.pt... 
[2022-04-10 12:32:05.611] Save: model.pt...Done. best_val_loss: 4.7253
[2022-04-10 12:32:05.611] Epoch 031/40 ==================================================
[2022-04-10 12:32:11.966] E031 |   200/1046 batches | lr 0.0098 | loss  3.414 | ppl     30.39
[2022-04-10 12:32:18.275] E031 |   400/1046 batches | lr 0.0098 | loss  3.449 | ppl     31.47
[2022-04-10 12:32:24.584] E031 |   600/1046 batches | lr 0.0098 | loss  3.387 | ppl     29.57
[2022-04-10 12:32:30.901] E031 |   800/1046 batches | lr 0.0098 | loss  3.366 | ppl     28.96
[2022-04-10 12:32:37.217] E031 |  1000/1046 batches | lr 0.0098 | loss  3.348 | ppl     28.45
[2022-04-10 12:32:38.666] E031 |  1046/1046 batches | lr 0.0098 | loss  3.265 | ppl     26.17
[2022-04-10 12:32:44.962] End E031 | valid loss  4.725; ppl    112.76 | accu 0.2581 = 69435/269000
[2022-04-10 12:32:46.467] End E031 |  test loss  8.666; ppl   5799.99 | accu 0.0846 = 5426/64100 ../data/adolescent_valid.txt
[2022-04-10 12:32:47.906] End E031 |  test loss  9.732; ppl  16846.23 | accu 0.0639 = 3874/60620 ../data/adult_test.txt
[2022-04-10 12:32:47.906] Save: model.pt... 
[2022-04-10 12:32:48.108] Save: model.pt...Done. best_val_loss: 4.7253
[2022-04-10 12:32:48.108] Epoch 032/40 ==================================================
[2022-04-10 12:32:54.428] E032 |   200/1046 batches | lr 0.0098 | loss  3.417 | ppl     30.47
[2022-04-10 12:33:00.947] E032 |   400/1046 batches | lr 0.0098 | loss  3.452 | ppl     31.56
[2022-04-10 12:33:07.592] E032 |   600/1046 batches | lr 0.0098 | loss  3.392 | ppl     29.73
[2022-04-10 12:33:13.930] E032 |   800/1046 batches | lr 0.0098 | loss  3.365 | ppl     28.93
[2022-04-10 12:33:20.291] E032 |  1000/1046 batches | lr 0.0098 | loss  3.345 | ppl     28.36
[2022-04-10 12:33:21.771] E032 |  1046/1046 batches | lr 0.0098 | loss  3.263 | ppl     26.13
[2022-04-10 12:33:29.222] End E032 | valid loss  4.725; ppl    112.76 | accu 0.2581 = 69424/269000
[2022-04-10 12:33:31.031] End E032 |  test loss  8.665; ppl   5798.30 | accu 0.0847 = 5430/64100 ../data/adolescent_valid.txt
[2022-04-10 12:33:32.722] End E032 |  test loss  9.732; ppl  16841.21 | accu 0.0639 = 3876/60620 ../data/adult_test.txt
[2022-04-10 12:33:32.722] Epoch 033/40 ==================================================
[2022-04-10 12:33:39.640] E033 |   200/1046 batches | lr 0.0049 | loss  3.412 | ppl     30.33
[2022-04-10 12:33:46.595] E033 |   400/1046 batches | lr 0.0049 | loss  3.449 | ppl     31.47
[2022-04-10 12:33:53.535] E033 |   600/1046 batches | lr 0.0049 | loss  3.386 | ppl     29.54
[2022-04-10 12:34:00.503] E033 |   800/1046 batches | lr 0.0049 | loss  3.362 | ppl     28.86
[2022-04-10 12:34:07.486] E033 |  1000/1046 batches | lr 0.0049 | loss  3.349 | ppl     28.46
[2022-04-10 12:34:09.085] E033 |  1046/1046 batches | lr 0.0049 | loss  3.269 | ppl     26.28
[2022-04-10 12:34:16.483] End E033 | valid loss  4.725; ppl    112.76 | accu 0.2581 = 69429/269000
[2022-04-10 12:34:18.245] End E033 |  test loss  8.665; ppl   5796.52 | accu 0.0847 = 5430/64100 ../data/adolescent_valid.txt
[2022-04-10 12:34:19.931] End E033 |  test loss  9.731; ppl  16835.12 | accu 0.0640 = 3878/60620 ../data/adult_test.txt
[2022-04-10 12:34:19.931] Epoch 034/40 ==================================================
[2022-04-10 12:34:26.681] E034 |   200/1046 batches | lr 0.0024 | loss  3.415 | ppl     30.43
[2022-04-10 12:34:33.551] E034 |   400/1046 batches | lr 0.0024 | loss  3.452 | ppl     31.56
[2022-04-10 12:34:40.513] E034 |   600/1046 batches | lr 0.0024 | loss  3.389 | ppl     29.65
[2022-04-10 12:34:47.482] E034 |   800/1046 batches | lr 0.0024 | loss  3.361 | ppl     28.82
[2022-04-10 12:34:54.434] E034 |  1000/1046 batches | lr 0.0024 | loss  3.349 | ppl     28.48
[2022-04-10 12:34:56.039] E034 |  1046/1046 batches | lr 0.0024 | loss  3.264 | ppl     26.14
[2022-04-10 12:35:03.484] End E034 | valid loss  4.725; ppl    112.76 | accu 0.2581 = 69433/269000
[2022-04-10 12:35:05.271] End E034 |  test loss  8.665; ppl   5796.23 | accu 0.0847 = 5430/64100 ../data/adolescent_valid.txt
[2022-04-10 12:35:06.961] End E034 |  test loss  9.731; ppl  16834.30 | accu 0.0640 = 3878/60620 ../data/adult_test.txt
[2022-04-10 12:35:06.961] Save: model.pt... 
[2022-04-10 12:35:07.163] Save: model.pt...Done. best_val_loss: 4.7253
[2022-04-10 12:35:07.163] Epoch 035/40 ==================================================
[2022-04-10 12:35:14.128] E035 |   200/1046 batches | lr 0.0024 | loss  3.411 | ppl     30.30
[2022-04-10 12:35:20.584] E035 |   400/1046 batches | lr 0.0024 | loss  3.450 | ppl     31.51
[2022-04-10 12:35:26.911] E035 |   600/1046 batches | lr 0.0024 | loss  3.386 | ppl     29.56
[2022-04-10 12:35:33.253] E035 |   800/1046 batches | lr 0.0024 | loss  3.362 | ppl     28.85
[2022-04-10 12:35:39.578] E035 |  1000/1046 batches | lr 0.0024 | loss  3.347 | ppl     28.41
[2022-04-10 12:35:41.034] E035 |  1046/1046 batches | lr 0.0024 | loss  3.263 | ppl     26.12
[2022-04-10 12:35:47.319] End E035 | valid loss  4.725; ppl    112.76 | accu 0.2581 = 69434/269000
[2022-04-10 12:35:48.808] End E035 |  test loss  8.665; ppl   5795.89 | accu 0.0847 = 5429/64100 ../data/adolescent_valid.txt
[2022-04-10 12:35:50.232] End E035 |  test loss  9.731; ppl  16834.26 | accu 0.0640 = 3878/60620 ../data/adult_test.txt
[2022-04-10 12:35:50.232] Save: model.pt... 
[2022-04-10 12:35:50.435] Save: model.pt...Done. best_val_loss: 4.7252
[2022-04-10 12:35:50.435] Epoch 036/40 ==================================================
[2022-04-10 12:35:56.751] E036 |   200/1046 batches | lr 0.0024 | loss  3.414 | ppl     30.37
[2022-04-10 12:36:03.064] E036 |   400/1046 batches | lr 0.0024 | loss  3.449 | ppl     31.46
[2022-04-10 12:36:09.377] E036 |   600/1046 batches | lr 0.0024 | loss  3.388 | ppl     29.61
[2022-04-10 12:36:15.706] E036 |   800/1046 batches | lr 0.0024 | loss  3.363 | ppl     28.87
[2022-04-10 12:36:22.038] E036 |  1000/1046 batches | lr 0.0024 | loss  3.349 | ppl     28.46
[2022-04-10 12:36:23.498] E036 |  1046/1046 batches | lr 0.0024 | loss  3.264 | ppl     26.17
[2022-04-10 12:36:29.801] End E036 | valid loss  4.725; ppl    112.75 | accu 0.2581 = 69432/269000
[2022-04-10 12:36:31.293] End E036 |  test loss  8.665; ppl   5795.12 | accu 0.0847 = 5428/64100 ../data/adolescent_valid.txt
[2022-04-10 12:36:32.720] End E036 |  test loss  9.731; ppl  16832.00 | accu 0.0639 = 3876/60620 ../data/adult_test.txt
[2022-04-10 12:36:32.720] Save: model.pt... 
[2022-04-10 12:36:32.921] Save: model.pt...Done. best_val_loss: 4.7252
[2022-04-10 12:36:32.921] Epoch 037/40 ==================================================
[2022-04-10 12:36:39.252] E037 |   200/1046 batches | lr 0.0024 | loss  3.413 | ppl     30.35
[2022-04-10 12:36:45.596] E037 |   400/1046 batches | lr 0.0024 | loss  3.452 | ppl     31.55
[2022-04-10 12:36:51.914] E037 |   600/1046 batches | lr 0.0024 | loss  3.390 | ppl     29.66
[2022-04-10 12:36:58.264] E037 |   800/1046 batches | lr 0.0024 | loss  3.362 | ppl     28.86
[2022-04-10 12:37:04.601] E037 |  1000/1046 batches | lr 0.0024 | loss  3.342 | ppl     28.29
[2022-04-10 12:37:06.067] E037 |  1046/1046 batches | lr 0.0024 | loss  3.260 | ppl     26.05
[2022-04-10 12:37:12.389] End E037 | valid loss  4.725; ppl    112.75 | accu 0.2581 = 69437/269000
[2022-04-10 12:37:13.897] End E037 |  test loss  8.665; ppl   5794.79 | accu 0.0847 = 5429/64100 ../data/adolescent_valid.txt
[2022-04-10 12:37:15.334] End E037 |  test loss  9.731; ppl  16831.70 | accu 0.0639 = 3876/60620 ../data/adult_test.txt
[2022-04-10 12:37:15.334] Save: model.pt... 
[2022-04-10 12:37:15.534] Save: model.pt...Done. best_val_loss: 4.7252
[2022-04-10 12:37:15.534] Epoch 038/40 ==================================================
[2022-04-10 12:37:21.902] E038 |   200/1046 batches | lr 0.0024 | loss  3.410 | ppl     30.28
[2022-04-10 12:37:28.221] E038 |   400/1046 batches | lr 0.0024 | loss  3.446 | ppl     31.38
[2022-04-10 12:37:34.549] E038 |   600/1046 batches | lr 0.0024 | loss  3.383 | ppl     29.46
[2022-04-10 12:37:40.843] E038 |   800/1046 batches | lr 0.0024 | loss  3.363 | ppl     28.87
[2022-04-10 12:37:47.166] E038 |  1000/1046 batches | lr 0.0024 | loss  3.350 | ppl     28.50
[2022-04-10 12:37:48.610] E038 |  1046/1046 batches | lr 0.0024 | loss  3.267 | ppl     26.24
[2022-04-10 12:37:54.942] End E038 | valid loss  4.725; ppl    112.75 | accu 0.2581 = 69431/269000
[2022-04-10 12:37:56.447] End E038 |  test loss  8.664; ppl   5793.33 | accu 0.0847 = 5429/64100 ../data/adolescent_valid.txt
[2022-04-10 12:37:57.882] End E038 |  test loss  9.731; ppl  16826.51 | accu 0.0640 = 3878/60620 ../data/adult_test.txt
[2022-04-10 12:37:57.882] Epoch 039/40 ==================================================
[2022-04-10 12:38:04.209] E039 |   200/1046 batches | lr 0.0012 | loss  3.413 | ppl     30.36
[2022-04-10 12:38:10.538] E039 |   400/1046 batches | lr 0.0012 | loss  3.450 | ppl     31.51
[2022-04-10 12:38:16.884] E039 |   600/1046 batches | lr 0.0012 | loss  3.390 | ppl     29.66
[2022-04-10 12:38:23.212] E039 |   800/1046 batches | lr 0.0012 | loss  3.362 | ppl     28.85
[2022-04-10 12:38:29.566] E039 |  1000/1046 batches | lr 0.0012 | loss  3.345 | ppl     28.35
[2022-04-10 12:38:31.034] E039 |  1046/1046 batches | lr 0.0012 | loss  3.270 | ppl     26.32
[2022-04-10 12:38:37.381] End E039 | valid loss  4.725; ppl    112.75 | accu 0.2581 = 69433/269000
[2022-04-10 12:38:38.894] End E039 |  test loss  8.664; ppl   5793.15 | accu 0.0847 = 5429/64100 ../data/adolescent_valid.txt
[2022-04-10 12:38:40.319] End E039 |  test loss  9.731; ppl  16826.10 | accu 0.0640 = 3877/60620 ../data/adult_test.txt
[2022-04-10 12:38:40.319] Save: model.pt... 
[2022-04-10 12:38:40.521] Save: model.pt...Done. best_val_loss: 4.7252
[2022-04-10 12:38:40.521] Epoch 040/40 ==================================================
[2022-04-10 12:38:46.914] E040 |   200/1046 batches | lr 0.0012 | loss  3.415 | ppl     30.43
[2022-04-10 12:38:53.229] E040 |   400/1046 batches | lr 0.0012 | loss  3.449 | ppl     31.48
[2022-04-10 12:38:59.571] E040 |   600/1046 batches | lr 0.0012 | loss  3.389 | ppl     29.63
[2022-04-10 12:39:05.943] E040 |   800/1046 batches | lr 0.0012 | loss  3.360 | ppl     28.78
[2022-04-10 12:39:12.293] E040 |  1000/1046 batches | lr 0.0012 | loss  3.345 | ppl     28.36
[2022-04-10 12:39:13.740] E040 |  1046/1046 batches | lr 0.0012 | loss  3.269 | ppl     26.29
[2022-04-10 12:39:20.063] End E040 | valid loss  4.725; ppl    112.75 | accu 0.2581 = 69430/269000
[2022-04-10 12:39:21.579] End E040 |  test loss  8.664; ppl   5792.88 | accu 0.0847 = 5429/64100 ../data/adolescent_valid.txt
[2022-04-10 12:39:23.006] End E040 |  test loss  9.731; ppl  16825.54 | accu 0.0640 = 3878/60620 ../data/adult_test.txt
[2022-04-10 12:39:23.007] Save: model.pt... 
[2022-04-10 12:39:23.208] Save: model.pt...Done. best_val_loss: 4.7252
[2022-04-10 12:39:24.781] End. test loss  8.66; ppl  5792.88 | accu 0.0847 = 5429/64100 ../data/adolescent_valid.txt
[2022-04-10 12:39:26.225] End. test loss  9.73; ppl 16825.54 | accu 0.0640 = 3878/60620 ../data/adult_test.txt
[2022-04-10 12:39:26.225] =========================================================================================
