[2022-04-10 13:20:22.521] corpus.train_file_list: 1
[2022-04-10 13:20:22.521]         ../data/cbt_train.txt
[2022-04-10 13:20:22.521] corpus.valid_file_list: 1
[2022-04-10 13:20:22.521]         ../data/cbt_valid.txt
[2022-04-10 13:20:22.521] corpus.test_file_list: 2
[2022-04-10 13:20:22.521]         ../data/adolescent_valid.txt
[2022-04-10 13:20:22.521]         ../data/adult_test.txt
[2022-04-10 13:20:22.522] corpus.subword_vocab_size: 200
[2022-04-10 13:20:22.522] corpus.subword_model.train(2 files)...
[2022-04-10 13:20:22.522]         ../data/cbt_train.txt
[2022-04-10 13:20:22.522]         ../data/cbt_valid.txt
[2022-04-10 13:20:22.799] corpus.subword_model.train(2 files)...Done
[2022-04-10 13:20:22.799] corpus tokenize...
[2022-04-10 13:20:25.965]         train tokens: 1486331  ../data/cbt_train.txt
[2022-04-10 13:20:27.213]         valid tokens: 569395  ../data/cbt_valid.txt
[2022-04-10 13:20:27.613]         test  tokens: 163764  ../data/adolescent_valid.txt
[2022-04-10 13:20:27.954]         test  tokens: 177263  ../data/adult_test.txt
[2022-04-10 13:20:27.954] corpus.ntokens      : 196
[2022-04-10 13:20:27.954] corpus.char_count   : 86
[2022-04-10 13:20:27.954] corpus.char_cnt_dict: 86
[2022-04-10 13:20:27.954] corpus.char_id_dict : 86
[2022-04-10 13:20:27.966] corpus.batchify(1 files, batch_size=20)...
[2022-04-10 13:20:27.966]         tokens_all: 1486331
[2022-04-10 13:20:27.966]         batched   :  74316
[2022-04-10 13:20:27.966]         ../data/cbt_train.txt
[2022-04-10 13:20:27.972] corpus.batchify(1 files, batch_size=20)...
[2022-04-10 13:20:27.972]         tokens_all: 569395
[2022-04-10 13:20:27.972]         batched   :  28469
[2022-04-10 13:20:27.972]         ../data/cbt_valid.txt
[2022-04-10 13:20:27.976] corpus.batchify(1 files, batch_size=20)...
[2022-04-10 13:20:27.976]         tokens_all: 163764
[2022-04-10 13:20:27.976]         batched   :   8188
[2022-04-10 13:20:27.976]         ../data/adolescent_valid.txt
[2022-04-10 13:20:27.978] corpus.batchify(1 files, batch_size=20)...
[2022-04-10 13:20:27.978]         tokens_all: 177263
[2022-04-10 13:20:27.978]         batched   :   8863
[2022-04-10 13:20:27.978]         ../data/adult_test.txt
[2022-04-10 13:20:27.986] RNNModel.rnn_type: LSTM
[2022-04-10 13:20:27.986] RNNModel.ntoken  : 196
[2022-04-10 13:20:27.986] RNNModel.ninp    : 200
[2022-04-10 13:20:27.986] RNNModel.nhid    : 200
[2022-04-10 13:20:27.986] RNNModel.nlayers : 2
[2022-04-10 13:20:27.986] RNNModel.dropout : 0.2
[2022-04-10 13:20:27.986] RNNModel.tie_weights: False
[2022-04-10 13:20:27.986] RNNModel.char_mode  : 
[2022-04-10 13:20:27.986] RNNModel.char_cnt   : 87
[2022-04-10 13:20:27.986] RNNModel.char_emsize: 25
[2022-04-10 13:20:27.986] RNNModel.char_nhid  : 200
[2022-04-10 13:20:27.986] RNNModel will not use char-encoding
[2022-04-10 13:20:27.989] Epoch 001/40 ==================================================
[2022-04-10 13:20:31.446] E001 |   200/2123 batches | lr 20.0000 | loss  4.517 | ppl     91.55
[2022-04-10 13:20:34.880] E001 |   400/2123 batches | lr 20.0000 | loss  3.868 | ppl     47.84
[2022-04-10 13:20:38.286] E001 |   600/2123 batches | lr 20.0000 | loss  3.432 | ppl     30.93
[2022-04-10 13:20:41.677] E001 |   800/2123 batches | lr 20.0000 | loss  3.226 | ppl     25.17
[2022-04-10 13:20:45.077] E001 |  1000/2123 batches | lr 20.0000 | loss  3.080 | ppl     21.76
[2022-04-10 13:20:48.467] E001 |  1200/2123 batches | lr 20.0000 | loss  2.942 | ppl     18.95
[2022-04-10 13:20:51.873] E001 |  1400/2123 batches | lr 20.0000 | loss  2.967 | ppl     19.43
[2022-04-10 13:20:55.254] E001 |  1600/2123 batches | lr 20.0000 | loss  2.909 | ppl     18.33
[2022-04-10 13:20:58.650] E001 |  1800/2123 batches | lr 20.0000 | loss  2.873 | ppl     17.69
[2022-04-10 13:21:02.058] E001 |  2000/2123 batches | lr 20.0000 | loss  2.867 | ppl     17.58
[2022-04-10 13:21:04.158] E001 |  2123/2123 batches | lr 20.0000 | loss  2.842 | ppl     17.15
[2022-04-10 13:21:13.714] End E001 | valid loss  2.994; ppl     19.97 | accu 0.3130 = 178230/569360
[2022-04-10 13:21:16.471] End E001 |  test loss  3.651; ppl     38.51 | accu 0.2451 = 40131/163740 ../data/adolescent_valid.txt
[2022-04-10 13:21:19.437] End E001 |  test loss  4.113; ppl     61.12 | accu 0.1727 = 30617/177240 ../data/adult_test.txt
[2022-04-10 13:21:19.438] Save: model.pt... 
[2022-04-10 13:21:19.447] Save: model.pt...Done. best_val_loss: 2.9942
[2022-04-10 13:21:19.447] Epoch 002/40 ==================================================
[2022-04-10 13:21:22.901] E002 |   200/2123 batches | lr 20.0000 | loss  2.822 | ppl     16.81
[2022-04-10 13:21:26.298] E002 |   400/2123 batches | lr 20.0000 | loss  2.766 | ppl     15.89
[2022-04-10 13:21:29.760] E002 |   600/2123 batches | lr 20.0000 | loss  2.787 | ppl     16.23
[2022-04-10 13:21:33.142] E002 |   800/2123 batches | lr 20.0000 | loss  2.797 | ppl     16.39
[2022-04-10 13:21:36.549] E002 |  1000/2123 batches | lr 20.0000 | loss  2.763 | ppl     15.85
[2022-04-10 13:21:39.935] E002 |  1200/2123 batches | lr 20.0000 | loss  2.693 | ppl     14.77
[2022-04-10 13:21:43.348] E002 |  1400/2123 batches | lr 20.0000 | loss  2.764 | ppl     15.86
[2022-04-10 13:21:46.746] E002 |  1600/2123 batches | lr 20.0000 | loss  2.737 | ppl     15.45
[2022-04-10 13:21:50.145] E002 |  1800/2123 batches | lr 20.0000 | loss  2.726 | ppl     15.27
[2022-04-10 13:21:53.578] E002 |  2000/2123 batches | lr 20.0000 | loss  2.737 | ppl     15.44
[2022-04-10 13:21:55.685] E002 |  2123/2123 batches | lr 20.0000 | loss  2.725 | ppl     15.25
[2022-04-10 13:22:05.284] End E002 | valid loss  2.899; ppl     18.15 | accu 0.3329 = 189520/569360
[2022-04-10 13:22:08.049] End E002 |  test loss  3.602; ppl     36.68 | accu 0.2591 = 42431/163740 ../data/adolescent_valid.txt
[2022-04-10 13:22:11.025] End E002 |  test loss  4.098; ppl     60.23 | accu 0.1874 = 33216/177240 ../data/adult_test.txt
[2022-04-10 13:22:11.025] Save: model.pt... 
[2022-04-10 13:22:11.033] Save: model.pt...Done. best_val_loss: 2.8989
[2022-04-10 13:22:11.034] Epoch 003/40 ==================================================
[2022-04-10 13:22:14.439] E003 |   200/2123 batches | lr 20.0000 | loss  2.715 | ppl     15.11
[2022-04-10 13:22:17.827] E003 |   400/2123 batches | lr 20.0000 | loss  2.673 | ppl     14.48
[2022-04-10 13:22:21.216] E003 |   600/2123 batches | lr 20.0000 | loss  2.700 | ppl     14.88
[2022-04-10 13:22:24.623] E003 |   800/2123 batches | lr 20.0000 | loss  2.724 | ppl     15.25
[2022-04-10 13:22:28.030] E003 |  1000/2123 batches | lr 20.0000 | loss  2.695 | ppl     14.80
[2022-04-10 13:22:31.438] E003 |  1200/2123 batches | lr 20.0000 | loss  2.629 | ppl     13.86
[2022-04-10 13:22:35.056] E003 |  1400/2123 batches | lr 20.0000 | loss  2.710 | ppl     15.03
[2022-04-10 13:22:38.902] E003 |  1600/2123 batches | lr 20.0000 | loss  2.688 | ppl     14.70
[2022-04-10 13:22:42.340] E003 |  1800/2123 batches | lr 20.0000 | loss  2.680 | ppl     14.59
[2022-04-10 13:22:45.912] E003 |  2000/2123 batches | lr 20.0000 | loss  2.693 | ppl     14.77
[2022-04-10 13:22:48.038] E003 |  2123/2123 batches | lr 20.0000 | loss  2.682 | ppl     14.61
[2022-04-10 13:22:57.698] End E003 | valid loss  2.858; ppl     17.42 | accu 0.3408 = 194015/569360
[2022-04-10 13:23:00.475] End E003 |  test loss  3.574; ppl     35.66 | accu 0.2675 = 43795/163740 ../data/adolescent_valid.txt
[2022-04-10 13:23:03.454] End E003 |  test loss  4.120; ppl     61.55 | accu 0.1911 = 33862/177240 ../data/adult_test.txt
[2022-04-10 13:23:03.455] Save: model.pt... 
[2022-04-10 13:23:03.463] Save: model.pt...Done. best_val_loss: 2.8579
[2022-04-10 13:23:03.463] Epoch 004/40 ==================================================
[2022-04-10 13:23:06.852] E004 |   200/2123 batches | lr 20.0000 | loss  2.671 | ppl     14.45
[2022-04-10 13:23:10.228] E004 |   400/2123 batches | lr 20.0000 | loss  2.632 | ppl     13.90
[2022-04-10 13:23:13.623] E004 |   600/2123 batches | lr 20.0000 | loss  2.660 | ppl     14.30
[2022-04-10 13:23:17.020] E004 |   800/2123 batches | lr 20.0000 | loss  2.692 | ppl     14.76
[2022-04-10 13:23:20.414] E004 |  1000/2123 batches | lr 20.0000 | loss  2.663 | ppl     14.34
[2022-04-10 13:23:23.793] E004 |  1200/2123 batches | lr 20.0000 | loss  2.603 | ppl     13.50
[2022-04-10 13:23:27.242] E004 |  1400/2123 batches | lr 20.0000 | loss  2.686 | ppl     14.68
[2022-04-10 13:23:30.648] E004 |  1600/2123 batches | lr 20.0000 | loss  2.663 | ppl     14.34
[2022-04-10 13:23:34.062] E004 |  1800/2123 batches | lr 20.0000 | loss  2.664 | ppl     14.36
[2022-04-10 13:23:37.468] E004 |  2000/2123 batches | lr 20.0000 | loss  2.665 | ppl     14.37
[2022-04-10 13:23:39.571] E004 |  2123/2123 batches | lr 20.0000 | loss  2.656 | ppl     14.24
[2022-04-10 13:23:49.234] End E004 | valid loss  2.845; ppl     17.20 | accu 0.3458 = 196878/569360
[2022-04-10 13:23:52.002] End E004 |  test loss  3.577; ppl     35.76 | accu 0.2695 = 44134/163740 ../data/adolescent_valid.txt
[2022-04-10 13:23:55.001] End E004 |  test loss  4.105; ppl     60.63 | accu 0.1957 = 34689/177240 ../data/adult_test.txt
[2022-04-10 13:23:55.002] Save: model.pt... 
[2022-04-10 13:23:55.010] Save: model.pt...Done. best_val_loss: 2.8450
[2022-04-10 13:23:55.010] Epoch 005/40 ==================================================
[2022-04-10 13:23:58.414] E005 |   200/2123 batches | lr 20.0000 | loss  2.649 | ppl     14.14
[2022-04-10 13:24:01.812] E005 |   400/2123 batches | lr 20.0000 | loss  2.612 | ppl     13.63
[2022-04-10 13:24:05.220] E005 |   600/2123 batches | lr 20.0000 | loss  2.646 | ppl     14.09
[2022-04-10 13:24:08.689] E005 |   800/2123 batches | lr 20.0000 | loss  2.677 | ppl     14.55
[2022-04-10 13:24:12.102] E005 |  1000/2123 batches | lr 20.0000 | loss  2.652 | ppl     14.18
[2022-04-10 13:24:15.507] E005 |  1200/2123 batches | lr 20.0000 | loss  2.586 | ppl     13.27
[2022-04-10 13:24:18.948] E005 |  1400/2123 batches | lr 20.0000 | loss  2.674 | ppl     14.50
[2022-04-10 13:24:22.541] E005 |  1600/2123 batches | lr 20.0000 | loss  2.648 | ppl     14.12
[2022-04-10 13:24:26.009] E005 |  1800/2123 batches | lr 20.0000 | loss  2.647 | ppl     14.11
[2022-04-10 13:24:29.489] E005 |  2000/2123 batches | lr 20.0000 | loss  2.655 | ppl     14.22
[2022-04-10 13:24:31.599] E005 |  2123/2123 batches | lr 20.0000 | loss  2.653 | ppl     14.20
[2022-04-10 13:24:41.209] End E005 | valid loss  2.839; ppl     17.09 | accu 0.3465 = 197257/569360
[2022-04-10 13:24:43.961] End E005 |  test loss  3.586; ppl     36.07 | accu 0.2703 = 44255/163740 ../data/adolescent_valid.txt
[2022-04-10 13:24:46.936] End E005 |  test loss  4.124; ppl     61.80 | accu 0.1947 = 34515/177240 ../data/adult_test.txt
[2022-04-10 13:24:46.936] Save: model.pt... 
[2022-04-10 13:24:46.944] Save: model.pt...Done. best_val_loss: 2.8387
[2022-04-10 13:24:46.945] Epoch 006/40 ==================================================
[2022-04-10 13:24:50.363] E006 |   200/2123 batches | lr 20.0000 | loss  2.641 | ppl     14.03
[2022-04-10 13:24:53.806] E006 |   400/2123 batches | lr 20.0000 | loss  2.603 | ppl     13.51
[2022-04-10 13:24:57.305] E006 |   600/2123 batches | lr 20.0000 | loss  2.634 | ppl     13.93
[2022-04-10 13:25:00.813] E006 |   800/2123 batches | lr 20.0000 | loss  2.669 | ppl     14.43
[2022-04-10 13:25:04.286] E006 |  1000/2123 batches | lr 20.0000 | loss  2.645 | ppl     14.08
[2022-04-10 13:25:07.922] E006 |  1200/2123 batches | lr 20.0000 | loss  2.580 | ppl     13.19
[2022-04-10 13:25:11.428] E006 |  1400/2123 batches | lr 20.0000 | loss  2.665 | ppl     14.37
[2022-04-10 13:25:14.846] E006 |  1600/2123 batches | lr 20.0000 | loss  2.645 | ppl     14.08
[2022-04-10 13:25:18.299] E006 |  1800/2123 batches | lr 20.0000 | loss  2.644 | ppl     14.07
[2022-04-10 13:25:21.889] E006 |  2000/2123 batches | lr 20.0000 | loss  2.653 | ppl     14.20
[2022-04-10 13:25:24.119] E006 |  2123/2123 batches | lr 20.0000 | loss  2.646 | ppl     14.10
[2022-04-10 13:25:33.624] End E006 | valid loss  2.829; ppl     16.93 | accu 0.3472 = 197690/569360
[2022-04-10 13:25:36.359] End E006 |  test loss  3.581; ppl     35.90 | accu 0.2720 = 44539/163740 ../data/adolescent_valid.txt
[2022-04-10 13:25:39.329] End E006 |  test loss  4.120; ppl     61.58 | accu 0.1978 = 35053/177240 ../data/adult_test.txt
[2022-04-10 13:25:39.330] Save: model.pt... 
[2022-04-10 13:25:39.338] Save: model.pt...Done. best_val_loss: 2.8292
[2022-04-10 13:25:39.338] Epoch 007/40 ==================================================
[2022-04-10 13:25:42.774] E007 |   200/2123 batches | lr 20.0000 | loss  2.636 | ppl     13.96
[2022-04-10 13:25:46.189] E007 |   400/2123 batches | lr 20.0000 | loss  2.600 | ppl     13.46
[2022-04-10 13:25:49.576] E007 |   600/2123 batches | lr 20.0000 | loss  2.635 | ppl     13.94
[2022-04-10 13:25:53.305] E007 |   800/2123 batches | lr 20.0000 | loss  2.665 | ppl     14.36
[2022-04-10 13:25:57.307] E007 |  1000/2123 batches | lr 20.0000 | loss  2.638 | ppl     13.99
[2022-04-10 13:26:01.320] E007 |  1200/2123 batches | lr 20.0000 | loss  2.575 | ppl     13.13
[2022-04-10 13:26:04.784] E007 |  1400/2123 batches | lr 20.0000 | loss  2.661 | ppl     14.31
[2022-04-10 13:26:08.199] E007 |  1600/2123 batches | lr 20.0000 | loss  2.638 | ppl     13.98
[2022-04-10 13:26:11.570] E007 |  1800/2123 batches | lr 20.0000 | loss  2.639 | ppl     13.99
[2022-04-10 13:26:15.008] E007 |  2000/2123 batches | lr 20.0000 | loss  2.646 | ppl     14.10
[2022-04-10 13:26:17.090] E007 |  2123/2123 batches | lr 20.0000 | loss  2.638 | ppl     13.98
[2022-04-10 13:26:26.632] End E007 | valid loss  2.823; ppl     16.83 | accu 0.3491 = 198791/569360
[2022-04-10 13:26:29.382] End E007 |  test loss  3.561; ppl     35.18 | accu 0.2734 = 44769/163740 ../data/adolescent_valid.txt
[2022-04-10 13:26:32.365] End E007 |  test loss  4.127; ppl     61.98 | accu 0.1967 = 34860/177240 ../data/adult_test.txt
[2022-04-10 13:26:32.365] Save: model.pt... 
[2022-04-10 13:26:32.375] Save: model.pt...Done. best_val_loss: 2.8232
[2022-04-10 13:26:32.375] Epoch 008/40 ==================================================
[2022-04-10 13:26:35.775] E008 |   200/2123 batches | lr 20.0000 | loss  2.633 | ppl     13.91
[2022-04-10 13:26:39.197] E008 |   400/2123 batches | lr 20.0000 | loss  2.599 | ppl     13.45
[2022-04-10 13:26:42.592] E008 |   600/2123 batches | lr 20.0000 | loss  2.630 | ppl     13.87
[2022-04-10 13:26:45.985] E008 |   800/2123 batches | lr 20.0000 | loss  2.666 | ppl     14.38
[2022-04-10 13:26:49.386] E008 |  1000/2123 batches | lr 20.0000 | loss  2.638 | ppl     13.99
[2022-04-10 13:26:53.194] E008 |  1200/2123 batches | lr 20.0000 | loss  2.576 | ppl     13.14
[2022-04-10 13:26:56.627] E008 |  1400/2123 batches | lr 20.0000 | loss  2.664 | ppl     14.36
[2022-04-10 13:27:00.016] E008 |  1600/2123 batches | lr 20.0000 | loss  2.640 | ppl     14.02
[2022-04-10 13:27:03.400] E008 |  1800/2123 batches | lr 20.0000 | loss  2.633 | ppl     13.92
[2022-04-10 13:27:06.786] E008 |  2000/2123 batches | lr 20.0000 | loss  2.644 | ppl     14.07
[2022-04-10 13:27:08.874] E008 |  2123/2123 batches | lr 20.0000 | loss  2.644 | ppl     14.07
[2022-04-10 13:27:18.462] End E008 | valid loss  2.825; ppl     16.86 | accu 0.3514 = 200066/569360
[2022-04-10 13:27:21.313] End E008 |  test loss  3.583; ppl     35.97 | accu 0.2729 = 44690/163740 ../data/adolescent_valid.txt
[2022-04-10 13:27:24.307] End E008 |  test loss  4.115; ppl     61.23 | accu 0.1950 = 34557/177240 ../data/adult_test.txt
[2022-04-10 13:27:24.307] Epoch 009/40 ==================================================
[2022-04-10 13:27:27.708] E009 |   200/2123 batches | lr 10.0000 | loss  2.601 | ppl     13.47
[2022-04-10 13:27:31.124] E009 |   400/2123 batches | lr 10.0000 | loss  2.540 | ppl     12.68
[2022-04-10 13:27:34.556] E009 |   600/2123 batches | lr 10.0000 | loss  2.563 | ppl     12.97
[2022-04-10 13:27:38.033] E009 |   800/2123 batches | lr 10.0000 | loss  2.583 | ppl     13.23
[2022-04-10 13:27:41.454] E009 |  1000/2123 batches | lr 10.0000 | loss  2.549 | ppl     12.80
[2022-04-10 13:27:44.830] E009 |  1200/2123 batches | lr 10.0000 | loss  2.482 | ppl     11.97
[2022-04-10 13:27:48.250] E009 |  1400/2123 batches | lr 10.0000 | loss  2.568 | ppl     13.04
[2022-04-10 13:27:51.706] E009 |  1600/2123 batches | lr 10.0000 | loss  2.537 | ppl     12.64
[2022-04-10 13:27:55.212] E009 |  1800/2123 batches | lr 10.0000 | loss  2.532 | ppl     12.58
[2022-04-10 13:27:58.616] E009 |  2000/2123 batches | lr 10.0000 | loss  2.534 | ppl     12.61
[2022-04-10 13:28:00.701] E009 |  2123/2123 batches | lr 10.0000 | loss  2.530 | ppl     12.55
[2022-04-10 13:28:10.305] End E009 | valid loss  2.736; ppl     15.42 | accu 0.3656 = 208144/569360
[2022-04-10 13:28:13.062] End E009 |  test loss  3.508; ppl     33.38 | accu 0.2847 = 46623/163740 ../data/adolescent_valid.txt
[2022-04-10 13:28:16.051] End E009 |  test loss  4.032; ppl     56.40 | accu 0.2077 = 36813/177240 ../data/adult_test.txt
[2022-04-10 13:28:16.051] Save: model.pt... 
[2022-04-10 13:28:16.060] Save: model.pt...Done. best_val_loss: 2.7357
[2022-04-10 13:28:16.060] Epoch 010/40 ==================================================
[2022-04-10 13:28:19.477] E010 |   200/2123 batches | lr 10.0000 | loss  2.518 | ppl     12.41
[2022-04-10 13:28:22.877] E010 |   400/2123 batches | lr 10.0000 | loss  2.485 | ppl     12.01
[2022-04-10 13:28:26.243] E010 |   600/2123 batches | lr 10.0000 | loss  2.515 | ppl     12.37
[2022-04-10 13:28:29.614] E010 |   800/2123 batches | lr 10.0000 | loss  2.547 | ppl     12.76
[2022-04-10 13:28:33.005] E010 |  1000/2123 batches | lr 10.0000 | loss  2.513 | ppl     12.34
[2022-04-10 13:28:36.376] E010 |  1200/2123 batches | lr 10.0000 | loss  2.457 | ppl     11.67
[2022-04-10 13:28:39.734] E010 |  1400/2123 batches | lr 10.0000 | loss  2.538 | ppl     12.65
[2022-04-10 13:28:43.173] E010 |  1600/2123 batches | lr 10.0000 | loss  2.512 | ppl     12.33
[2022-04-10 13:28:46.598] E010 |  1800/2123 batches | lr 10.0000 | loss  2.508 | ppl     12.28
[2022-04-10 13:28:50.050] E010 |  2000/2123 batches | lr 10.0000 | loss  2.517 | ppl     12.39
[2022-04-10 13:28:52.239] E010 |  2123/2123 batches | lr 10.0000 | loss  2.509 | ppl     12.29
[2022-04-10 13:29:01.926] End E010 | valid loss  2.727; ppl     15.29 | accu 0.3686 = 209869/569360
[2022-04-10 13:29:04.677] End E010 |  test loss  3.498; ppl     33.04 | accu 0.2880 = 47155/163740 ../data/adolescent_valid.txt
[2022-04-10 13:29:07.702] End E010 |  test loss  4.055; ppl     57.70 | accu 0.2093 = 37094/177240 ../data/adult_test.txt
[2022-04-10 13:29:07.702] Save: model.pt... 
[2022-04-10 13:29:07.711] Save: model.pt...Done. best_val_loss: 2.7269
[2022-04-10 13:29:07.711] Epoch 011/40 ==================================================
[2022-04-10 13:29:11.113] E011 |   200/2123 batches | lr 10.0000 | loss  2.498 | ppl     12.15
[2022-04-10 13:29:14.563] E011 |   400/2123 batches | lr 10.0000 | loss  2.469 | ppl     11.81
[2022-04-10 13:29:18.205] E011 |   600/2123 batches | lr 10.0000 | loss  2.498 | ppl     12.15
[2022-04-10 13:29:22.203] E011 |   800/2123 batches | lr 10.0000 | loss  2.526 | ppl     12.51
[2022-04-10 13:29:25.613] E011 |  1000/2123 batches | lr 10.0000 | loss  2.498 | ppl     12.16
[2022-04-10 13:29:29.049] E011 |  1200/2123 batches | lr 10.0000 | loss  2.437 | ppl     11.44
[2022-04-10 13:29:32.428] E011 |  1400/2123 batches | lr 10.0000 | loss  2.525 | ppl     12.49
[2022-04-10 13:29:35.808] E011 |  1600/2123 batches | lr 10.0000 | loss  2.502 | ppl     12.20
[2022-04-10 13:29:39.189] E011 |  1800/2123 batches | lr 10.0000 | loss  2.496 | ppl     12.14
[2022-04-10 13:29:42.568] E011 |  2000/2123 batches | lr 10.0000 | loss  2.503 | ppl     12.22
[2022-04-10 13:29:44.644] E011 |  2123/2123 batches | lr 10.0000 | loss  2.496 | ppl     12.14
[2022-04-10 13:29:54.186] End E011 | valid loss  2.714; ppl     15.09 | accu 0.3715 = 211503/569360
[2022-04-10 13:29:56.909] End E011 |  test loss  3.498; ppl     33.05 | accu 0.2910 = 47643/163740 ../data/adolescent_valid.txt
[2022-04-10 13:29:59.871] End E011 |  test loss  4.064; ppl     58.19 | accu 0.2085 = 36950/177240 ../data/adult_test.txt
[2022-04-10 13:29:59.871] Save: model.pt... 
[2022-04-10 13:29:59.877] Save: model.pt...Done. best_val_loss: 2.7138
[2022-04-10 13:29:59.877] Epoch 012/40 ==================================================
[2022-04-10 13:30:03.376] E012 |   200/2123 batches | lr 10.0000 | loss  2.482 | ppl     11.97
[2022-04-10 13:30:06.782] E012 |   400/2123 batches | lr 10.0000 | loss  2.457 | ppl     11.67
[2022-04-10 13:30:10.181] E012 |   600/2123 batches | lr 10.0000 | loss  2.483 | ppl     11.98
[2022-04-10 13:30:13.591] E012 |   800/2123 batches | lr 10.0000 | loss  2.517 | ppl     12.39
[2022-04-10 13:30:17.546] E012 |  1000/2123 batches | lr 10.0000 | loss  2.484 | ppl     11.99
[2022-04-10 13:30:21.607] E012 |  1200/2123 batches | lr 10.0000 | loss  2.425 | ppl     11.30
[2022-04-10 13:30:25.252] E012 |  1400/2123 batches | lr 10.0000 | loss  2.513 | ppl     12.35
[2022-04-10 13:30:28.682] E012 |  1600/2123 batches | lr 10.0000 | loss  2.493 | ppl     12.09
[2022-04-10 13:30:32.127] E012 |  1800/2123 batches | lr 10.0000 | loss  2.492 | ppl     12.08
[2022-04-10 13:30:35.565] E012 |  2000/2123 batches | lr 10.0000 | loss  2.493 | ppl     12.10
[2022-04-10 13:30:37.670] E012 |  2123/2123 batches | lr 10.0000 | loss  2.490 | ppl     12.06
[2022-04-10 13:30:47.210] End E012 | valid loss  2.711; ppl     15.05 | accu 0.3726 = 212122/569360
[2022-04-10 13:30:49.953] End E012 |  test loss  3.491; ppl     32.83 | accu 0.2904 = 47546/163740 ../data/adolescent_valid.txt
[2022-04-10 13:30:52.914] End E012 |  test loss  4.048; ppl     57.28 | accu 0.2093 = 37101/177240 ../data/adult_test.txt
[2022-04-10 13:30:52.914] Save: model.pt... 
[2022-04-10 13:30:52.922] Save: model.pt...Done. best_val_loss: 2.7112
[2022-04-10 13:30:52.922] Epoch 013/40 ==================================================
[2022-04-10 13:30:56.346] E013 |   200/2123 batches | lr 10.0000 | loss  2.471 | ppl     11.83
[2022-04-10 13:30:59.737] E013 |   400/2123 batches | lr 10.0000 | loss  2.446 | ppl     11.55
[2022-04-10 13:31:03.191] E013 |   600/2123 batches | lr 10.0000 | loss  2.473 | ppl     11.86
[2022-04-10 13:31:06.577] E013 |   800/2123 batches | lr 10.0000 | loss  2.509 | ppl     12.30
[2022-04-10 13:31:10.191] E013 |  1000/2123 batches | lr 10.0000 | loss  2.478 | ppl     11.92
[2022-04-10 13:31:14.233] E013 |  1200/2123 batches | lr 10.0000 | loss  2.420 | ppl     11.24
[2022-04-10 13:31:18.282] E013 |  1400/2123 batches | lr 10.0000 | loss  2.503 | ppl     12.22
[2022-04-10 13:31:22.295] E013 |  1600/2123 batches | lr 10.0000 | loss  2.481 | ppl     11.95
[2022-04-10 13:31:26.312] E013 |  1800/2123 batches | lr 10.0000 | loss  2.481 | ppl     11.95
[2022-04-10 13:31:30.389] E013 |  2000/2123 batches | lr 10.0000 | loss  2.484 | ppl     11.99
[2022-04-10 13:31:32.880] E013 |  2123/2123 batches | lr 10.0000 | loss  2.479 | ppl     11.93
[2022-04-10 13:31:44.770] End E013 | valid loss  2.709; ppl     15.02 | accu 0.3740 = 212965/569360
[2022-04-10 13:31:48.205] End E013 |  test loss  3.482; ppl     32.52 | accu 0.2918 = 47786/163740 ../data/adolescent_valid.txt
[2022-04-10 13:31:51.911] End E013 |  test loss  4.032; ppl     56.36 | accu 0.2115 = 37494/177240 ../data/adult_test.txt
[2022-04-10 13:31:51.912] Save: model.pt... 
[2022-04-10 13:31:51.920] Save: model.pt...Done. best_val_loss: 2.7091
[2022-04-10 13:31:51.920] Epoch 014/40 ==================================================
[2022-04-10 13:31:55.477] E014 |   200/2123 batches | lr 10.0000 | loss  2.467 | ppl     11.79
[2022-04-10 13:31:58.859] E014 |   400/2123 batches | lr 10.0000 | loss  2.438 | ppl     11.45
[2022-04-10 13:32:02.236] E014 |   600/2123 batches | lr 10.0000 | loss  2.468 | ppl     11.80
[2022-04-10 13:32:05.608] E014 |   800/2123 batches | lr 10.0000 | loss  2.496 | ppl     12.13
[2022-04-10 13:32:08.992] E014 |  1000/2123 batches | lr 10.0000 | loss  2.473 | ppl     11.85
[2022-04-10 13:32:12.381] E014 |  1200/2123 batches | lr 10.0000 | loss  2.412 | ppl     11.16
[2022-04-10 13:32:15.750] E014 |  1400/2123 batches | lr 10.0000 | loss  2.494 | ppl     12.11
[2022-04-10 13:32:19.134] E014 |  1600/2123 batches | lr 10.0000 | loss  2.474 | ppl     11.87
[2022-04-10 13:32:22.519] E014 |  1800/2123 batches | lr 10.0000 | loss  2.476 | ppl     11.89
[2022-04-10 13:32:25.906] E014 |  2000/2123 batches | lr 10.0000 | loss  2.481 | ppl     11.95
[2022-04-10 13:32:28.015] E014 |  2123/2123 batches | lr 10.0000 | loss  2.475 | ppl     11.88
[2022-04-10 13:32:37.569] End E014 | valid loss  2.700; ppl     14.88 | accu 0.3751 = 213567/569360
[2022-04-10 13:32:40.334] End E014 |  test loss  3.488; ppl     32.72 | accu 0.2920 = 47811/163740 ../data/adolescent_valid.txt
[2022-04-10 13:32:43.318] End E014 |  test loss  4.041; ppl     56.90 | accu 0.2139 = 37908/177240 ../data/adult_test.txt
[2022-04-10 13:32:43.318] Save: model.pt... 
[2022-04-10 13:32:43.326] Save: model.pt...Done. best_val_loss: 2.7003
[2022-04-10 13:32:43.327] Epoch 015/40 ==================================================
[2022-04-10 13:32:46.726] E015 |   200/2123 batches | lr 10.0000 | loss  2.460 | ppl     11.71
[2022-04-10 13:32:50.093] E015 |   400/2123 batches | lr 10.0000 | loss  2.434 | ppl     11.40
[2022-04-10 13:32:53.475] E015 |   600/2123 batches | lr 10.0000 | loss  2.458 | ppl     11.69
[2022-04-10 13:32:56.853] E015 |   800/2123 batches | lr 10.0000 | loss  2.491 | ppl     12.07
[2022-04-10 13:33:00.244] E015 |  1000/2123 batches | lr 10.0000 | loss  2.462 | ppl     11.72
[2022-04-10 13:33:03.633] E015 |  1200/2123 batches | lr 10.0000 | loss  2.407 | ppl     11.10
[2022-04-10 13:33:07.027] E015 |  1400/2123 batches | lr 10.0000 | loss  2.494 | ppl     12.11
[2022-04-10 13:33:10.408] E015 |  1600/2123 batches | lr 10.0000 | loss  2.471 | ppl     11.84
[2022-04-10 13:33:13.793] E015 |  1800/2123 batches | lr 10.0000 | loss  2.469 | ppl     11.81
[2022-04-10 13:33:17.399] E015 |  2000/2123 batches | lr 10.0000 | loss  2.470 | ppl     11.82
[2022-04-10 13:33:19.896] E015 |  2123/2123 batches | lr 10.0000 | loss  2.473 | ppl     11.86
[2022-04-10 13:33:31.754] End E015 | valid loss  2.705; ppl     14.95 | accu 0.3741 = 212980/569360
[2022-04-10 13:33:35.171] End E015 |  test loss  3.476; ppl     32.33 | accu 0.2907 = 47595/163740 ../data/adolescent_valid.txt
[2022-04-10 13:33:38.687] End E015 |  test loss  4.016; ppl     55.50 | accu 0.2104 = 37283/177240 ../data/adult_test.txt
[2022-04-10 13:33:38.688] Epoch 016/40 ==================================================
[2022-04-10 13:33:42.085] E016 |   200/2123 batches | lr 5.0000 | loss  2.450 | ppl     11.59
[2022-04-10 13:33:45.463] E016 |   400/2123 batches | lr 5.0000 | loss  2.411 | ppl     11.15
[2022-04-10 13:33:48.906] E016 |   600/2123 batches | lr 5.0000 | loss  2.432 | ppl     11.38
[2022-04-10 13:33:52.275] E016 |   800/2123 batches | lr 5.0000 | loss  2.464 | ppl     11.75
[2022-04-10 13:33:55.659] E016 |  1000/2123 batches | lr 5.0000 | loss  2.433 | ppl     11.39
[2022-04-10 13:33:59.332] E016 |  1200/2123 batches | lr 5.0000 | loss  2.369 | ppl     10.69
[2022-04-10 13:34:03.400] E016 |  1400/2123 batches | lr 5.0000 | loss  2.449 | ppl     11.58
[2022-04-10 13:34:07.266] E016 |  1600/2123 batches | lr 5.0000 | loss  2.430 | ppl     11.36
[2022-04-10 13:34:10.676] E016 |  1800/2123 batches | lr 5.0000 | loss  2.429 | ppl     11.34
[2022-04-10 13:34:14.053] E016 |  2000/2123 batches | lr 5.0000 | loss  2.424 | ppl     11.30
[2022-04-10 13:34:16.117] E016 |  2123/2123 batches | lr 5.0000 | loss  2.425 | ppl     11.30
[2022-04-10 13:34:25.752] End E016 | valid loss  2.670; ppl     14.44 | accu 0.3813 = 217098/569360
[2022-04-10 13:34:28.544] End E016 |  test loss  3.472; ppl     32.21 | accu 0.2981 = 48806/163740 ../data/adolescent_valid.txt
[2022-04-10 13:34:31.511] End E016 |  test loss  4.036; ppl     56.58 | accu 0.2147 = 38048/177240 ../data/adult_test.txt
[2022-04-10 13:34:31.511] Save: model.pt... 
[2022-04-10 13:34:31.520] Save: model.pt...Done. best_val_loss: 2.6703
[2022-04-10 13:34:31.520] Epoch 017/40 ==================================================
[2022-04-10 13:34:34.937] E017 |   200/2123 batches | lr 5.0000 | loss  2.419 | ppl     11.24
[2022-04-10 13:34:38.323] E017 |   400/2123 batches | lr 5.0000 | loss  2.390 | ppl     10.91
[2022-04-10 13:34:41.739] E017 |   600/2123 batches | lr 5.0000 | loss  2.415 | ppl     11.19
[2022-04-10 13:34:45.129] E017 |   800/2123 batches | lr 5.0000 | loss  2.444 | ppl     11.52
[2022-04-10 13:34:48.491] E017 |  1000/2123 batches | lr 5.0000 | loss  2.415 | ppl     11.19
[2022-04-10 13:34:51.962] E017 |  1200/2123 batches | lr 5.0000 | loss  2.358 | ppl     10.57
[2022-04-10 13:34:55.334] E017 |  1400/2123 batches | lr 5.0000 | loss  2.442 | ppl     11.49
[2022-04-10 13:34:58.711] E017 |  1600/2123 batches | lr 5.0000 | loss  2.422 | ppl     11.26
[2022-04-10 13:35:02.088] E017 |  1800/2123 batches | lr 5.0000 | loss  2.419 | ppl     11.24
[2022-04-10 13:35:05.478] E017 |  2000/2123 batches | lr 5.0000 | loss  2.416 | ppl     11.20
[2022-04-10 13:35:07.659] E017 |  2123/2123 batches | lr 5.0000 | loss  2.414 | ppl     11.18
[2022-04-10 13:35:17.327] End E017 | valid loss  2.669; ppl     14.43 | accu 0.3825 = 217780/569360
[2022-04-10 13:35:20.107] End E017 |  test loss  3.470; ppl     32.13 | accu 0.3001 = 49142/163740 ../data/adolescent_valid.txt
[2022-04-10 13:35:23.112] End E017 |  test loss  4.024; ppl     55.92 | accu 0.2156 = 38213/177240 ../data/adult_test.txt
[2022-04-10 13:35:23.112] Save: model.pt... 
[2022-04-10 13:35:23.120] Save: model.pt...Done. best_val_loss: 2.6695
[2022-04-10 13:35:23.120] Epoch 018/40 ==================================================
[2022-04-10 13:35:26.525] E018 |   200/2123 batches | lr 5.0000 | loss  2.404 | ppl     11.07
[2022-04-10 13:35:29.934] E018 |   400/2123 batches | lr 5.0000 | loss  2.383 | ppl     10.84
[2022-04-10 13:35:33.335] E018 |   600/2123 batches | lr 5.0000 | loss  2.403 | ppl     11.06
[2022-04-10 13:35:36.727] E018 |   800/2123 batches | lr 5.0000 | loss  2.436 | ppl     11.42
[2022-04-10 13:35:40.106] E018 |  1000/2123 batches | lr 5.0000 | loss  2.409 | ppl     11.12
[2022-04-10 13:35:43.588] E018 |  1200/2123 batches | lr 5.0000 | loss  2.353 | ppl     10.52
[2022-04-10 13:35:46.977] E018 |  1400/2123 batches | lr 5.0000 | loss  2.432 | ppl     11.38
[2022-04-10 13:35:50.369] E018 |  1600/2123 batches | lr 5.0000 | loss  2.412 | ppl     11.16
[2022-04-10 13:35:53.793] E018 |  1800/2123 batches | lr 5.0000 | loss  2.416 | ppl     11.20
[2022-04-10 13:35:57.443] E018 |  2000/2123 batches | lr 5.0000 | loss  2.415 | ppl     11.19
[2022-04-10 13:35:59.541] E018 |  2123/2123 batches | lr 5.0000 | loss  2.408 | ppl     11.12
[2022-04-10 13:36:09.072] End E018 | valid loss  2.662; ppl     14.33 | accu 0.3831 = 218116/569360
[2022-04-10 13:36:11.835] End E018 |  test loss  3.474; ppl     32.28 | accu 0.2991 = 48971/163740 ../data/adolescent_valid.txt
[2022-04-10 13:36:14.803] End E018 |  test loss  4.033; ppl     56.45 | accu 0.2160 = 38277/177240 ../data/adult_test.txt
[2022-04-10 13:36:14.804] Save: model.pt... 
[2022-04-10 13:36:14.810] Save: model.pt...Done. best_val_loss: 2.6624
[2022-04-10 13:36:14.810] Epoch 019/40 ==================================================
[2022-04-10 13:36:18.227] E019 |   200/2123 batches | lr 5.0000 | loss  2.398 | ppl     11.01
[2022-04-10 13:36:21.602] E019 |   400/2123 batches | lr 5.0000 | loss  2.372 | ppl     10.72
[2022-04-10 13:36:24.979] E019 |   600/2123 batches | lr 5.0000 | loss  2.396 | ppl     10.98
[2022-04-10 13:36:28.374] E019 |   800/2123 batches | lr 5.0000 | loss  2.433 | ppl     11.39
[2022-04-10 13:36:31.891] E019 |  1000/2123 batches | lr 5.0000 | loss  2.404 | ppl     11.07
[2022-04-10 13:36:35.280] E019 |  1200/2123 batches | lr 5.0000 | loss  2.347 | ppl     10.45
[2022-04-10 13:36:38.672] E019 |  1400/2123 batches | lr 5.0000 | loss  2.429 | ppl     11.35
[2022-04-10 13:36:42.055] E019 |  1600/2123 batches | lr 5.0000 | loss  2.406 | ppl     11.09
[2022-04-10 13:36:45.431] E019 |  1800/2123 batches | lr 5.0000 | loss  2.407 | ppl     11.10
[2022-04-10 13:36:48.805] E019 |  2000/2123 batches | lr 5.0000 | loss  2.409 | ppl     11.12
[2022-04-10 13:36:50.891] E019 |  2123/2123 batches | lr 5.0000 | loss  2.405 | ppl     11.08
[2022-04-10 13:37:00.440] End E019 | valid loss  2.663; ppl     14.33 | accu 0.3837 = 218469/569360
[2022-04-10 13:37:03.203] End E019 |  test loss  3.465; ppl     31.99 | accu 0.2992 = 48984/163740 ../data/adolescent_valid.txt
[2022-04-10 13:37:06.151] End E019 |  test loss  4.020; ppl     55.68 | accu 0.2160 = 38286/177240 ../data/adult_test.txt
[2022-04-10 13:37:06.151] Epoch 020/40 ==================================================
[2022-04-10 13:37:09.539] E020 |   200/2123 batches | lr 2.5000 | loss  2.395 | ppl     10.97
[2022-04-10 13:37:12.920] E020 |   400/2123 batches | lr 2.5000 | loss  2.368 | ppl     10.68
[2022-04-10 13:37:16.307] E020 |   600/2123 batches | lr 2.5000 | loss  2.387 | ppl     10.88
[2022-04-10 13:37:19.683] E020 |   800/2123 batches | lr 2.5000 | loss  2.418 | ppl     11.23
[2022-04-10 13:37:23.088] E020 |  1000/2123 batches | lr 2.5000 | loss  2.392 | ppl     10.93
[2022-04-10 13:37:26.480] E020 |  1200/2123 batches | lr 2.5000 | loss  2.330 | ppl     10.28
[2022-04-10 13:37:29.924] E020 |  1400/2123 batches | lr 2.5000 | loss  2.414 | ppl     11.18
[2022-04-10 13:37:33.412] E020 |  1600/2123 batches | lr 2.5000 | loss  2.392 | ppl     10.94
[2022-04-10 13:37:36.816] E020 |  1800/2123 batches | lr 2.5000 | loss  2.388 | ppl     10.89
[2022-04-10 13:37:40.891] E020 |  2000/2123 batches | lr 2.5000 | loss  2.389 | ppl     10.91
[2022-04-10 13:37:43.361] E020 |  2123/2123 batches | lr 2.5000 | loss  2.383 | ppl     10.84
[2022-04-10 13:37:55.254] End E020 | valid loss  2.649; ppl     14.15 | accu 0.3862 = 219913/569360
[2022-04-10 13:37:58.673] End E020 |  test loss  3.455; ppl     31.64 | accu 0.3022 = 49478/163740 ../data/adolescent_valid.txt
[2022-04-10 13:38:02.359] End E020 |  test loss  4.017; ppl     55.53 | accu 0.2180 = 38637/177240 ../data/adult_test.txt
[2022-04-10 13:38:02.359] Save: model.pt... 
[2022-04-10 13:38:02.368] Save: model.pt...Done. best_val_loss: 2.6494
[2022-04-10 13:38:02.368] Epoch 021/40 ==================================================
[2022-04-10 13:38:06.400] E021 |   200/2123 batches | lr 2.5000 | loss  2.379 | ppl     10.80
[2022-04-10 13:38:09.951] E021 |   400/2123 batches | lr 2.5000 | loss  2.356 | ppl     10.55
[2022-04-10 13:38:13.346] E021 |   600/2123 batches | lr 2.5000 | loss  2.376 | ppl     10.76
[2022-04-10 13:38:16.771] E021 |   800/2123 batches | lr 2.5000 | loss  2.411 | ppl     11.14
[2022-04-10 13:38:20.151] E021 |  1000/2123 batches | lr 2.5000 | loss  2.383 | ppl     10.84
[2022-04-10 13:38:23.553] E021 |  1200/2123 batches | lr 2.5000 | loss  2.325 | ppl     10.23
[2022-04-10 13:38:26.945] E021 |  1400/2123 batches | lr 2.5000 | loss  2.402 | ppl     11.04
[2022-04-10 13:38:30.326] E021 |  1600/2123 batches | lr 2.5000 | loss  2.382 | ppl     10.83
[2022-04-10 13:38:33.796] E021 |  1800/2123 batches | lr 2.5000 | loss  2.384 | ppl     10.85
[2022-04-10 13:38:37.225] E021 |  2000/2123 batches | lr 2.5000 | loss  2.383 | ppl     10.84
[2022-04-10 13:38:39.325] E021 |  2123/2123 batches | lr 2.5000 | loss  2.380 | ppl     10.80
[2022-04-10 13:38:48.877] End E021 | valid loss  2.647; ppl     14.11 | accu 0.3872 = 220459/569360
[2022-04-10 13:38:51.640] End E021 |  test loss  3.457; ppl     31.72 | accu 0.3026 = 49553/163740 ../data/adolescent_valid.txt
[2022-04-10 13:38:54.610] End E021 |  test loss  4.023; ppl     55.85 | accu 0.2187 = 38764/177240 ../data/adult_test.txt
[2022-04-10 13:38:54.610] Save: model.pt... 
[2022-04-10 13:38:54.618] Save: model.pt...Done. best_val_loss: 2.6471
[2022-04-10 13:38:54.618] Epoch 022/40 ==================================================
[2022-04-10 13:38:58.077] E022 |   200/2123 batches | lr 2.5000 | loss  2.374 | ppl     10.74
[2022-04-10 13:39:01.760] E022 |   400/2123 batches | lr 2.5000 | loss  2.350 | ppl     10.49
[2022-04-10 13:39:05.756] E022 |   600/2123 batches | lr 2.5000 | loss  2.369 | ppl     10.69
[2022-04-10 13:39:09.196] E022 |   800/2123 batches | lr 2.5000 | loss  2.403 | ppl     11.05
[2022-04-10 13:39:12.621] E022 |  1000/2123 batches | lr 2.5000 | loss  2.378 | ppl     10.78
[2022-04-10 13:39:16.058] E022 |  1200/2123 batches | lr 2.5000 | loss  2.319 | ppl     10.17
[2022-04-10 13:39:19.473] E022 |  1400/2123 batches | lr 2.5000 | loss  2.404 | ppl     11.07
[2022-04-10 13:39:22.921] E022 |  1600/2123 batches | lr 2.5000 | loss  2.382 | ppl     10.83
[2022-04-10 13:39:26.343] E022 |  1800/2123 batches | lr 2.5000 | loss  2.381 | ppl     10.82
[2022-04-10 13:39:29.784] E022 |  2000/2123 batches | lr 2.5000 | loss  2.383 | ppl     10.84
[2022-04-10 13:39:31.911] E022 |  2123/2123 batches | lr 2.5000 | loss  2.377 | ppl     10.78
[2022-04-10 13:39:41.475] End E022 | valid loss  2.646; ppl     14.10 | accu 0.3870 = 220340/569360
[2022-04-10 13:39:44.227] End E022 |  test loss  3.454; ppl     31.63 | accu 0.3035 = 49695/163740 ../data/adolescent_valid.txt
[2022-04-10 13:39:47.223] End E022 |  test loss  4.015; ppl     55.41 | accu 0.2184 = 38713/177240 ../data/adult_test.txt
[2022-04-10 13:39:47.223] Save: model.pt... 
[2022-04-10 13:39:47.231] Save: model.pt...Done. best_val_loss: 2.6459
[2022-04-10 13:39:47.231] Epoch 023/40 ==================================================
[2022-04-10 13:39:50.671] E023 |   200/2123 batches | lr 2.5000 | loss  2.370 | ppl     10.70
[2022-04-10 13:39:54.109] E023 |   400/2123 batches | lr 2.5000 | loss  2.347 | ppl     10.45
[2022-04-10 13:39:57.497] E023 |   600/2123 batches | lr 2.5000 | loss  2.370 | ppl     10.70
[2022-04-10 13:40:00.902] E023 |   800/2123 batches | lr 2.5000 | loss  2.401 | ppl     11.03
[2022-04-10 13:40:04.331] E023 |  1000/2123 batches | lr 2.5000 | loss  2.374 | ppl     10.74
[2022-04-10 13:40:07.718] E023 |  1200/2123 batches | lr 2.5000 | loss  2.316 | ppl     10.14
[2022-04-10 13:40:11.101] E023 |  1400/2123 batches | lr 2.5000 | loss  2.396 | ppl     10.98
[2022-04-10 13:40:14.504] E023 |  1600/2123 batches | lr 2.5000 | loss  2.378 | ppl     10.79
[2022-04-10 13:40:17.914] E023 |  1800/2123 batches | lr 2.5000 | loss  2.382 | ppl     10.82
[2022-04-10 13:40:21.284] E023 |  2000/2123 batches | lr 2.5000 | loss  2.380 | ppl     10.80
[2022-04-10 13:40:23.375] E023 |  2123/2123 batches | lr 2.5000 | loss  2.378 | ppl     10.78
[2022-04-10 13:40:32.971] End E023 | valid loss  2.642; ppl     14.05 | accu 0.3880 = 220910/569360
[2022-04-10 13:40:35.697] End E023 |  test loss  3.448; ppl     31.45 | accu 0.3030 = 49606/163740 ../data/adolescent_valid.txt
[2022-04-10 13:40:38.653] End E023 |  test loss  4.014; ppl     55.38 | accu 0.2182 = 38666/177240 ../data/adult_test.txt
[2022-04-10 13:40:38.653] Save: model.pt... 
[2022-04-10 13:40:38.661] Save: model.pt...Done. best_val_loss: 2.6424
[2022-04-10 13:40:38.662] Epoch 024/40 ==================================================
[2022-04-10 13:40:42.035] E024 |   200/2123 batches | lr 2.5000 | loss  2.368 | ppl     10.68
[2022-04-10 13:40:45.412] E024 |   400/2123 batches | lr 2.5000 | loss  2.341 | ppl     10.39
[2022-04-10 13:40:48.791] E024 |   600/2123 batches | lr 2.5000 | loss  2.367 | ppl     10.67
[2022-04-10 13:40:52.193] E024 |   800/2123 batches | lr 2.5000 | loss  2.398 | ppl     11.00
[2022-04-10 13:40:55.605] E024 |  1000/2123 batches | lr 2.5000 | loss  2.371 | ppl     10.70
[2022-04-10 13:40:58.994] E024 |  1200/2123 batches | lr 2.5000 | loss  2.318 | ppl     10.15
[2022-04-10 13:41:02.384] E024 |  1400/2123 batches | lr 2.5000 | loss  2.397 | ppl     11.00
[2022-04-10 13:41:05.796] E024 |  1600/2123 batches | lr 2.5000 | loss  2.378 | ppl     10.78
[2022-04-10 13:41:09.219] E024 |  1800/2123 batches | lr 2.5000 | loss  2.375 | ppl     10.75
[2022-04-10 13:41:12.711] E024 |  2000/2123 batches | lr 2.5000 | loss  2.379 | ppl     10.79
[2022-04-10 13:41:15.201] E024 |  2123/2123 batches | lr 2.5000 | loss  2.373 | ppl     10.73
[2022-04-10 13:41:24.867] End E024 | valid loss  2.643; ppl     14.05 | accu 0.3877 = 220744/569360
[2022-04-10 13:41:27.635] End E024 |  test loss  3.450; ppl     31.51 | accu 0.3034 = 49680/163740 ../data/adolescent_valid.txt
[2022-04-10 13:41:30.628] End E024 |  test loss  4.025; ppl     56.00 | accu 0.2185 = 38719/177240 ../data/adult_test.txt
[2022-04-10 13:41:30.629] Epoch 025/40 ==================================================
[2022-04-10 13:41:34.060] E025 |   200/2123 batches | lr 1.2500 | loss  2.366 | ppl     10.66
[2022-04-10 13:41:37.448] E025 |   400/2123 batches | lr 1.2500 | loss  2.342 | ppl     10.40
[2022-04-10 13:41:40.948] E025 |   600/2123 batches | lr 1.2500 | loss  2.360 | ppl     10.59
[2022-04-10 13:41:44.336] E025 |   800/2123 batches | lr 1.2500 | loss  2.393 | ppl     10.94
[2022-04-10 13:41:47.708] E025 |  1000/2123 batches | lr 1.2500 | loss  2.367 | ppl     10.66
[2022-04-10 13:41:51.098] E025 |  1200/2123 batches | lr 1.2500 | loss  2.310 | ppl     10.07
[2022-04-10 13:41:54.521] E025 |  1400/2123 batches | lr 1.2500 | loss  2.388 | ppl     10.89
[2022-04-10 13:41:57.915] E025 |  1600/2123 batches | lr 1.2500 | loss  2.369 | ppl     10.68
[2022-04-10 13:42:01.307] E025 |  1800/2123 batches | lr 1.2500 | loss  2.366 | ppl     10.66
[2022-04-10 13:42:04.722] E025 |  2000/2123 batches | lr 1.2500 | loss  2.364 | ppl     10.63
[2022-04-10 13:42:06.803] E025 |  2123/2123 batches | lr 1.2500 | loss  2.363 | ppl     10.62
[2022-04-10 13:42:16.389] End E025 | valid loss  2.635; ppl     13.94 | accu 0.3896 = 221818/569360
[2022-04-10 13:42:19.129] End E025 |  test loss  3.446; ppl     31.38 | accu 0.3048 = 49916/163740 ../data/adolescent_valid.txt
[2022-04-10 13:42:22.098] End E025 |  test loss  4.016; ppl     55.48 | accu 0.2190 = 38817/177240 ../data/adult_test.txt
[2022-04-10 13:42:22.098] Save: model.pt... 
[2022-04-10 13:42:22.106] Save: model.pt...Done. best_val_loss: 2.6350
[2022-04-10 13:42:22.106] Epoch 026/40 ==================================================
[2022-04-10 13:42:25.499] E026 |   200/2123 batches | lr 1.2500 | loss  2.359 | ppl     10.58
[2022-04-10 13:42:28.880] E026 |   400/2123 batches | lr 1.2500 | loss  2.335 | ppl     10.33
[2022-04-10 13:42:32.286] E026 |   600/2123 batches | lr 1.2500 | loss  2.355 | ppl     10.54
[2022-04-10 13:42:35.713] E026 |   800/2123 batches | lr 1.2500 | loss  2.387 | ppl     10.88
[2022-04-10 13:42:39.162] E026 |  1000/2123 batches | lr 1.2500 | loss  2.363 | ppl     10.62
[2022-04-10 13:42:42.634] E026 |  1200/2123 batches | lr 1.2500 | loss  2.304 | ppl     10.01
[2022-04-10 13:42:46.545] E026 |  1400/2123 batches | lr 1.2500 | loss  2.387 | ppl     10.88
[2022-04-10 13:42:50.565] E026 |  1600/2123 batches | lr 1.2500 | loss  2.363 | ppl     10.62
[2022-04-10 13:42:53.996] E026 |  1800/2123 batches | lr 1.2500 | loss  2.365 | ppl     10.65
[2022-04-10 13:42:57.425] E026 |  2000/2123 batches | lr 1.2500 | loss  2.363 | ppl     10.62
[2022-04-10 13:42:59.486] E026 |  2123/2123 batches | lr 1.2500 | loss  2.364 | ppl     10.63
[2022-04-10 13:43:09.072] End E026 | valid loss  2.634; ppl     13.93 | accu 0.3892 = 221599/569360
[2022-04-10 13:43:11.830] End E026 |  test loss  3.447; ppl     31.40 | accu 0.3051 = 49950/163740 ../data/adolescent_valid.txt
[2022-04-10 13:43:14.808] End E026 |  test loss  4.016; ppl     55.50 | accu 0.2194 = 38891/177240 ../data/adult_test.txt
[2022-04-10 13:43:14.809] Save: model.pt... 
[2022-04-10 13:43:14.817] Save: model.pt...Done. best_val_loss: 2.6338
[2022-04-10 13:43:14.817] Epoch 027/40 ==================================================
[2022-04-10 13:43:18.442] E027 |   200/2123 batches | lr 1.2500 | loss  2.354 | ppl     10.52
[2022-04-10 13:43:22.066] E027 |   400/2123 batches | lr 1.2500 | loss  2.334 | ppl     10.32
[2022-04-10 13:43:26.077] E027 |   600/2123 batches | lr 1.2500 | loss  2.355 | ppl     10.54
[2022-04-10 13:43:30.081] E027 |   800/2123 batches | lr 1.2500 | loss  2.385 | ppl     10.86
[2022-04-10 13:43:34.102] E027 |  1000/2123 batches | lr 1.2500 | loss  2.361 | ppl     10.60
[2022-04-10 13:43:37.619] E027 |  1200/2123 batches | lr 1.2500 | loss  2.307 | ppl     10.05
[2022-04-10 13:43:41.011] E027 |  1400/2123 batches | lr 1.2500 | loss  2.384 | ppl     10.85
[2022-04-10 13:43:44.431] E027 |  1600/2123 batches | lr 1.2500 | loss  2.363 | ppl     10.62
[2022-04-10 13:43:48.124] E027 |  1800/2123 batches | lr 1.2500 | loss  2.364 | ppl     10.63
[2022-04-10 13:43:52.149] E027 |  2000/2123 batches | lr 1.2500 | loss  2.365 | ppl     10.64
[2022-04-10 13:43:54.326] E027 |  2123/2123 batches | lr 1.2500 | loss  2.359 | ppl     10.58
[2022-04-10 13:44:03.986] End E027 | valid loss  2.633; ppl     13.92 | accu 0.3898 = 221909/569360
[2022-04-10 13:44:06.736] End E027 |  test loss  3.449; ppl     31.46 | accu 0.3048 = 49906/163740 ../data/adolescent_valid.txt
[2022-04-10 13:44:09.720] End E027 |  test loss  4.019; ppl     55.63 | accu 0.2191 = 38825/177240 ../data/adult_test.txt
[2022-04-10 13:44:09.721] Save: model.pt... 
[2022-04-10 13:44:09.729] Save: model.pt...Done. best_val_loss: 2.6332
[2022-04-10 13:44:09.729] Epoch 028/40 ==================================================
[2022-04-10 13:44:13.135] E028 |   200/2123 batches | lr 1.2500 | loss  2.352 | ppl     10.51
[2022-04-10 13:44:16.583] E028 |   400/2123 batches | lr 1.2500 | loss  2.328 | ppl     10.26
[2022-04-10 13:44:20.001] E028 |   600/2123 batches | lr 1.2500 | loss  2.350 | ppl     10.49
[2022-04-10 13:44:23.451] E028 |   800/2123 batches | lr 1.2500 | loss  2.383 | ppl     10.84
[2022-04-10 13:44:26.843] E028 |  1000/2123 batches | lr 1.2500 | loss  2.359 | ppl     10.58
[2022-04-10 13:44:30.289] E028 |  1200/2123 batches | lr 1.2500 | loss  2.304 | ppl     10.01
[2022-04-10 13:44:33.699] E028 |  1400/2123 batches | lr 1.2500 | loss  2.380 | ppl     10.81
[2022-04-10 13:44:37.099] E028 |  1600/2123 batches | lr 1.2500 | loss  2.361 | ppl     10.61
[2022-04-10 13:44:40.497] E028 |  1800/2123 batches | lr 1.2500 | loss  2.360 | ppl     10.59
[2022-04-10 13:44:43.932] E028 |  2000/2123 batches | lr 1.2500 | loss  2.364 | ppl     10.64
[2022-04-10 13:44:46.022] E028 |  2123/2123 batches | lr 1.2500 | loss  2.359 | ppl     10.59
[2022-04-10 13:44:55.598] End E028 | valid loss  2.633; ppl     13.91 | accu 0.3897 = 221889/569360
[2022-04-10 13:44:58.346] End E028 |  test loss  3.442; ppl     31.26 | accu 0.3050 = 49937/163740 ../data/adolescent_valid.txt
[2022-04-10 13:45:01.315] End E028 |  test loss  4.006; ppl     54.93 | accu 0.2196 = 38929/177240 ../data/adult_test.txt
[2022-04-10 13:45:01.315] Save: model.pt... 
[2022-04-10 13:45:01.324] Save: model.pt...Done. best_val_loss: 2.6328
[2022-04-10 13:45:01.324] Epoch 029/40 ==================================================
[2022-04-10 13:45:05.115] E029 |   200/2123 batches | lr 1.2500 | loss  2.353 | ppl     10.52
[2022-04-10 13:45:08.529] E029 |   400/2123 batches | lr 1.2500 | loss  2.328 | ppl     10.26
[2022-04-10 13:45:12.455] E029 |   600/2123 batches | lr 1.2500 | loss  2.353 | ppl     10.51
[2022-04-10 13:45:16.193] E029 |   800/2123 batches | lr 1.2500 | loss  2.383 | ppl     10.84
[2022-04-10 13:45:19.581] E029 |  1000/2123 batches | lr 1.2500 | loss  2.356 | ppl     10.55
[2022-04-10 13:45:22.966] E029 |  1200/2123 batches | lr 1.2500 | loss  2.299 | ppl      9.97
[2022-04-10 13:45:26.341] E029 |  1400/2123 batches | lr 1.2500 | loss  2.381 | ppl     10.81
[2022-04-10 13:45:29.755] E029 |  1600/2123 batches | lr 1.2500 | loss  2.359 | ppl     10.58
[2022-04-10 13:45:33.192] E029 |  1800/2123 batches | lr 1.2500 | loss  2.362 | ppl     10.61
[2022-04-10 13:45:36.590] E029 |  2000/2123 batches | lr 1.2500 | loss  2.360 | ppl     10.59
[2022-04-10 13:45:38.684] E029 |  2123/2123 batches | lr 1.2500 | loss  2.359 | ppl     10.58
[2022-04-10 13:45:48.211] End E029 | valid loss  2.631; ppl     13.88 | accu 0.3904 = 222299/569360
[2022-04-10 13:45:50.945] End E029 |  test loss  3.443; ppl     31.28 | accu 0.3048 = 49904/163740 ../data/adolescent_valid.txt
[2022-04-10 13:45:53.913] End E029 |  test loss  4.013; ppl     55.31 | accu 0.2196 = 38920/177240 ../data/adult_test.txt
[2022-04-10 13:45:53.913] Save: model.pt... 
[2022-04-10 13:45:53.922] Save: model.pt...Done. best_val_loss: 2.6307
[2022-04-10 13:45:53.922] Epoch 030/40 ==================================================
[2022-04-10 13:45:57.691] E030 |   200/2123 batches | lr 1.2500 | loss  2.351 | ppl     10.49
[2022-04-10 13:46:01.733] E030 |   400/2123 batches | lr 1.2500 | loss  2.326 | ppl     10.23
[2022-04-10 13:46:05.788] E030 |   600/2123 batches | lr 1.2500 | loss  2.348 | ppl     10.47
[2022-04-10 13:46:09.813] E030 |   800/2123 batches | lr 1.2500 | loss  2.379 | ppl     10.79
[2022-04-10 13:46:13.477] E030 |  1000/2123 batches | lr 1.2500 | loss  2.352 | ppl     10.51
[2022-04-10 13:46:16.879] E030 |  1200/2123 batches | lr 1.2500 | loss  2.298 | ppl      9.95
[2022-04-10 13:46:20.262] E030 |  1400/2123 batches | lr 1.2500 | loss  2.381 | ppl     10.81
[2022-04-10 13:46:23.634] E030 |  1600/2123 batches | lr 1.2500 | loss  2.357 | ppl     10.56
[2022-04-10 13:46:27.070] E030 |  1800/2123 batches | lr 1.2500 | loss  2.361 | ppl     10.60
[2022-04-10 13:46:30.491] E030 |  2000/2123 batches | lr 1.2500 | loss  2.359 | ppl     10.58
[2022-04-10 13:46:32.592] E030 |  2123/2123 batches | lr 1.2500 | loss  2.358 | ppl     10.57
[2022-04-10 13:46:42.139] End E030 | valid loss  2.631; ppl     13.89 | accu 0.3907 = 222424/569360
[2022-04-10 13:46:44.901] End E030 |  test loss  3.444; ppl     31.31 | accu 0.3054 = 50005/163740 ../data/adolescent_valid.txt
[2022-04-10 13:46:47.886] End E030 |  test loss  4.018; ppl     55.58 | accu 0.2197 = 38935/177240 ../data/adult_test.txt
[2022-04-10 13:46:47.886] Epoch 031/40 ==================================================
[2022-04-10 13:46:51.281] E031 |   200/2123 batches | lr 0.6250 | loss  2.353 | ppl     10.52
[2022-04-10 13:46:54.669] E031 |   400/2123 batches | lr 0.6250 | loss  2.324 | ppl     10.22
[2022-04-10 13:46:58.225] E031 |   600/2123 batches | lr 0.6250 | loss  2.348 | ppl     10.47
[2022-04-10 13:47:01.665] E031 |   800/2123 batches | lr 0.6250 | loss  2.378 | ppl     10.79
[2022-04-10 13:47:05.078] E031 |  1000/2123 batches | lr 0.6250 | loss  2.353 | ppl     10.52
[2022-04-10 13:47:08.474] E031 |  1200/2123 batches | lr 0.6250 | loss  2.295 | ppl      9.93
[2022-04-10 13:47:11.877] E031 |  1400/2123 batches | lr 0.6250 | loss  2.372 | ppl     10.72
[2022-04-10 13:47:15.268] E031 |  1600/2123 batches | lr 0.6250 | loss  2.355 | ppl     10.54
[2022-04-10 13:47:18.671] E031 |  1800/2123 batches | lr 0.6250 | loss  2.354 | ppl     10.53
[2022-04-10 13:47:22.055] E031 |  2000/2123 batches | lr 0.6250 | loss  2.354 | ppl     10.52
[2022-04-10 13:47:24.146] E031 |  2123/2123 batches | lr 0.6250 | loss  2.353 | ppl     10.52
[2022-04-10 13:47:33.749] End E031 | valid loss  2.628; ppl     13.85 | accu 0.3911 = 222680/569360
[2022-04-10 13:47:36.496] End E031 |  test loss  3.444; ppl     31.30 | accu 0.3062 = 50139/163740 ../data/adolescent_valid.txt
[2022-04-10 13:47:39.476] End E031 |  test loss  4.016; ppl     55.47 | accu 0.2197 = 38939/177240 ../data/adult_test.txt
[2022-04-10 13:47:39.476] Save: model.pt... 
[2022-04-10 13:47:39.484] Save: model.pt...Done. best_val_loss: 2.6280
[2022-04-10 13:47:39.484] Epoch 032/40 ==================================================
[2022-04-10 13:47:42.877] E032 |   200/2123 batches | lr 0.6250 | loss  2.348 | ppl     10.46
[2022-04-10 13:47:46.265] E032 |   400/2123 batches | lr 0.6250 | loss  2.322 | ppl     10.20
[2022-04-10 13:47:49.647] E032 |   600/2123 batches | lr 0.6250 | loss  2.341 | ppl     10.39
[2022-04-10 13:47:53.072] E032 |   800/2123 batches | lr 0.6250 | loss  2.376 | ppl     10.76
[2022-04-10 13:47:56.456] E032 |  1000/2123 batches | lr 0.6250 | loss  2.351 | ppl     10.50
[2022-04-10 13:47:59.863] E032 |  1200/2123 batches | lr 0.6250 | loss  2.298 | ppl      9.95
[2022-04-10 13:48:03.262] E032 |  1400/2123 batches | lr 0.6250 | loss  2.372 | ppl     10.72
[2022-04-10 13:48:06.677] E032 |  1600/2123 batches | lr 0.6250 | loss  2.356 | ppl     10.54
[2022-04-10 13:48:10.148] E032 |  1800/2123 batches | lr 0.6250 | loss  2.355 | ppl     10.53
[2022-04-10 13:48:13.726] E032 |  2000/2123 batches | lr 0.6250 | loss  2.353 | ppl     10.51
[2022-04-10 13:48:15.808] E032 |  2123/2123 batches | lr 0.6250 | loss  2.348 | ppl     10.47
[2022-04-10 13:48:25.421] End E032 | valid loss  2.627; ppl     13.84 | accu 0.3916 = 222939/569360
[2022-04-10 13:48:28.172] End E032 |  test loss  3.447; ppl     31.41 | accu 0.3059 = 50089/163740 ../data/adolescent_valid.txt
[2022-04-10 13:48:31.156] End E032 |  test loss  4.021; ppl     55.75 | accu 0.2199 = 38983/177240 ../data/adult_test.txt
[2022-04-10 13:48:31.156] Save: model.pt... 
[2022-04-10 13:48:31.165] Save: model.pt...Done. best_val_loss: 2.6274
[2022-04-10 13:48:31.165] Epoch 033/40 ==================================================
[2022-04-10 13:48:34.620] E033 |   200/2123 batches | lr 0.6250 | loss  2.346 | ppl     10.45
[2022-04-10 13:48:38.047] E033 |   400/2123 batches | lr 0.6250 | loss  2.321 | ppl     10.19
[2022-04-10 13:48:41.421] E033 |   600/2123 batches | lr 0.6250 | loss  2.344 | ppl     10.42
[2022-04-10 13:48:44.933] E033 |   800/2123 batches | lr 0.6250 | loss  2.373 | ppl     10.73
[2022-04-10 13:48:48.302] E033 |  1000/2123 batches | lr 0.6250 | loss  2.349 | ppl     10.48
[2022-04-10 13:48:51.704] E033 |  1200/2123 batches | lr 0.6250 | loss  2.288 | ppl      9.86
[2022-04-10 13:48:55.110] E033 |  1400/2123 batches | lr 0.6250 | loss  2.373 | ppl     10.73
[2022-04-10 13:48:58.521] E033 |  1600/2123 batches | lr 0.6250 | loss  2.350 | ppl     10.49
[2022-04-10 13:49:01.894] E033 |  1800/2123 batches | lr 0.6250 | loss  2.353 | ppl     10.52
[2022-04-10 13:49:05.288] E033 |  2000/2123 batches | lr 0.6250 | loss  2.355 | ppl     10.54
[2022-04-10 13:49:07.376] E033 |  2123/2123 batches | lr 0.6250 | loss  2.351 | ppl     10.49
[2022-04-10 13:49:16.960] End E033 | valid loss  2.627; ppl     13.84 | accu 0.3912 = 222722/569360
[2022-04-10 13:49:19.711] End E033 |  test loss  3.444; ppl     31.31 | accu 0.3060 = 50107/163740 ../data/adolescent_valid.txt
[2022-04-10 13:49:22.678] End E033 |  test loss  4.020; ppl     55.69 | accu 0.2197 = 38942/177240 ../data/adult_test.txt
[2022-04-10 13:49:22.679] Epoch 034/40 ==================================================
[2022-04-10 13:49:26.098] E034 |   200/2123 batches | lr 0.3125 | loss  2.345 | ppl     10.43
[2022-04-10 13:49:29.724] E034 |   400/2123 batches | lr 0.3125 | loss  2.322 | ppl     10.19
[2022-04-10 13:49:33.162] E034 |   600/2123 batches | lr 0.3125 | loss  2.343 | ppl     10.41
[2022-04-10 13:49:36.558] E034 |   800/2123 batches | lr 0.3125 | loss  2.372 | ppl     10.72
[2022-04-10 13:49:39.957] E034 |  1000/2123 batches | lr 0.3125 | loss  2.350 | ppl     10.48
[2022-04-10 13:49:43.332] E034 |  1200/2123 batches | lr 0.3125 | loss  2.293 | ppl      9.91
[2022-04-10 13:49:46.750] E034 |  1400/2123 batches | lr 0.3125 | loss  2.371 | ppl     10.71
[2022-04-10 13:49:50.150] E034 |  1600/2123 batches | lr 0.3125 | loss  2.349 | ppl     10.48
[2022-04-10 13:49:53.545] E034 |  1800/2123 batches | lr 0.3125 | loss  2.351 | ppl     10.49
[2022-04-10 13:49:56.917] E034 |  2000/2123 batches | lr 0.3125 | loss  2.351 | ppl     10.49
[2022-04-10 13:49:58.993] E034 |  2123/2123 batches | lr 0.3125 | loss  2.345 | ppl     10.44
[2022-04-10 13:50:08.577] End E034 | valid loss  2.625; ppl     13.81 | accu 0.3917 = 223032/569360
[2022-04-10 13:50:11.341] End E034 |  test loss  3.443; ppl     31.29 | accu 0.3061 = 50117/163740 ../data/adolescent_valid.txt
[2022-04-10 13:50:14.305] End E034 |  test loss  4.017; ppl     55.56 | accu 0.2201 = 39011/177240 ../data/adult_test.txt
[2022-04-10 13:50:14.305] Save: model.pt... 
[2022-04-10 13:50:14.314] Save: model.pt...Done. best_val_loss: 2.6253
[2022-04-10 13:50:14.314] Epoch 035/40 ==================================================
[2022-04-10 13:50:17.761] E035 |   200/2123 batches | lr 0.3125 | loss  2.343 | ppl     10.41
[2022-04-10 13:50:21.216] E035 |   400/2123 batches | lr 0.3125 | loss  2.317 | ppl     10.15
[2022-04-10 13:50:24.648] E035 |   600/2123 batches | lr 0.3125 | loss  2.342 | ppl     10.40
[2022-04-10 13:50:28.044] E035 |   800/2123 batches | lr 0.3125 | loss  2.373 | ppl     10.73
[2022-04-10 13:50:31.479] E035 |  1000/2123 batches | lr 0.3125 | loss  2.348 | ppl     10.46
[2022-04-10 13:50:34.902] E035 |  1200/2123 batches | lr 0.3125 | loss  2.292 | ppl      9.89
[2022-04-10 13:50:38.305] E035 |  1400/2123 batches | lr 0.3125 | loss  2.368 | ppl     10.68
[2022-04-10 13:50:41.712] E035 |  1600/2123 batches | lr 0.3125 | loss  2.350 | ppl     10.49
[2022-04-10 13:50:45.099] E035 |  1800/2123 batches | lr 0.3125 | loss  2.350 | ppl     10.49
[2022-04-10 13:50:48.485] E035 |  2000/2123 batches | lr 0.3125 | loss  2.355 | ppl     10.54
[2022-04-10 13:50:50.571] E035 |  2123/2123 batches | lr 0.3125 | loss  2.346 | ppl     10.45
[2022-04-10 13:51:00.138] End E035 | valid loss  2.625; ppl     13.81 | accu 0.3918 = 223094/569360
[2022-04-10 13:51:02.906] End E035 |  test loss  3.443; ppl     31.29 | accu 0.3063 = 50150/163740 ../data/adolescent_valid.txt
[2022-04-10 13:51:05.892] End E035 |  test loss  4.020; ppl     55.68 | accu 0.2202 = 39036/177240 ../data/adult_test.txt
[2022-04-10 13:51:05.893] Save: model.pt... 
[2022-04-10 13:51:05.901] Save: model.pt...Done. best_val_loss: 2.6250
[2022-04-10 13:51:05.901] Epoch 036/40 ==================================================
[2022-04-10 13:51:09.784] E036 |   200/2123 batches | lr 0.3125 | loss  2.342 | ppl     10.40
[2022-04-10 13:51:13.823] E036 |   400/2123 batches | lr 0.3125 | loss  2.319 | ppl     10.17
[2022-04-10 13:51:17.880] E036 |   600/2123 batches | lr 0.3125 | loss  2.338 | ppl     10.36
[2022-04-10 13:51:21.888] E036 |   800/2123 batches | lr 0.3125 | loss  2.371 | ppl     10.71
[2022-04-10 13:51:25.900] E036 |  1000/2123 batches | lr 0.3125 | loss  2.347 | ppl     10.45
[2022-04-10 13:51:29.940] E036 |  1200/2123 batches | lr 0.3125 | loss  2.288 | ppl      9.85
[2022-04-10 13:51:33.964] E036 |  1400/2123 batches | lr 0.3125 | loss  2.369 | ppl     10.69
[2022-04-10 13:51:37.973] E036 |  1600/2123 batches | lr 0.3125 | loss  2.350 | ppl     10.49
[2022-04-10 13:51:41.975] E036 |  1800/2123 batches | lr 0.3125 | loss  2.349 | ppl     10.47
[2022-04-10 13:51:45.986] E036 |  2000/2123 batches | lr 0.3125 | loss  2.352 | ppl     10.50
[2022-04-10 13:51:48.450] E036 |  2123/2123 batches | lr 0.3125 | loss  2.347 | ppl     10.45
[2022-04-10 13:51:57.992] End E036 | valid loss  2.624; ppl     13.80 | accu 0.3920 = 223181/569360
[2022-04-10 13:52:00.746] End E036 |  test loss  3.443; ppl     31.28 | accu 0.3061 = 50119/163740 ../data/adolescent_valid.txt
[2022-04-10 13:52:03.712] End E036 |  test loss  4.019; ppl     55.64 | accu 0.2203 = 39053/177240 ../data/adult_test.txt
[2022-04-10 13:52:03.712] Save: model.pt... 
[2022-04-10 13:52:03.720] Save: model.pt...Done. best_val_loss: 2.6245
[2022-04-10 13:52:03.721] Epoch 037/40 ==================================================
[2022-04-10 13:52:07.136] E037 |   200/2123 batches | lr 0.3125 | loss  2.341 | ppl     10.39
[2022-04-10 13:52:10.555] E037 |   400/2123 batches | lr 0.3125 | loss  2.321 | ppl     10.18
[2022-04-10 13:52:13.928] E037 |   600/2123 batches | lr 0.3125 | loss  2.338 | ppl     10.36
[2022-04-10 13:52:17.311] E037 |   800/2123 batches | lr 0.3125 | loss  2.371 | ppl     10.71
[2022-04-10 13:52:20.694] E037 |  1000/2123 batches | lr 0.3125 | loss  2.346 | ppl     10.44
[2022-04-10 13:52:24.141] E037 |  1200/2123 batches | lr 0.3125 | loss  2.290 | ppl      9.88
[2022-04-10 13:52:27.516] E037 |  1400/2123 batches | lr 0.3125 | loss  2.369 | ppl     10.69
[2022-04-10 13:52:30.913] E037 |  1600/2123 batches | lr 0.3125 | loss  2.350 | ppl     10.48
[2022-04-10 13:52:34.323] E037 |  1800/2123 batches | lr 0.3125 | loss  2.353 | ppl     10.51
[2022-04-10 13:52:37.759] E037 |  2000/2123 batches | lr 0.3125 | loss  2.351 | ppl     10.49
[2022-04-10 13:52:39.838] E037 |  2123/2123 batches | lr 0.3125 | loss  2.342 | ppl     10.40
[2022-04-10 13:52:49.387] End E037 | valid loss  2.624; ppl     13.79 | accu 0.3921 = 223242/569360
[2022-04-10 13:52:52.141] End E037 |  test loss  3.442; ppl     31.26 | accu 0.3061 = 50125/163740 ../data/adolescent_valid.txt
[2022-04-10 13:52:55.121] End E037 |  test loss  4.019; ppl     55.65 | accu 0.2202 = 39036/177240 ../data/adult_test.txt
[2022-04-10 13:52:55.121] Save: model.pt... 
[2022-04-10 13:52:55.127] Save: model.pt...Done. best_val_loss: 2.6236
[2022-04-10 13:52:55.127] Epoch 038/40 ==================================================
[2022-04-10 13:52:58.554] E038 |   200/2123 batches | lr 0.3125 | loss  2.342 | ppl     10.40
[2022-04-10 13:53:01.953] E038 |   400/2123 batches | lr 0.3125 | loss  2.317 | ppl     10.14
[2022-04-10 13:53:05.346] E038 |   600/2123 batches | lr 0.3125 | loss  2.338 | ppl     10.36
[2022-04-10 13:53:08.730] E038 |   800/2123 batches | lr 0.3125 | loss  2.368 | ppl     10.68
[2022-04-10 13:53:12.143] E038 |  1000/2123 batches | lr 0.3125 | loss  2.344 | ppl     10.42
[2022-04-10 13:53:15.554] E038 |  1200/2123 batches | lr 0.3125 | loss  2.289 | ppl      9.86
[2022-04-10 13:53:18.971] E038 |  1400/2123 batches | lr 0.3125 | loss  2.369 | ppl     10.69
[2022-04-10 13:53:22.399] E038 |  1600/2123 batches | lr 0.3125 | loss  2.350 | ppl     10.48
[2022-04-10 13:53:25.805] E038 |  1800/2123 batches | lr 0.3125 | loss  2.348 | ppl     10.47
[2022-04-10 13:53:29.216] E038 |  2000/2123 batches | lr 0.3125 | loss  2.349 | ppl     10.48
[2022-04-10 13:53:31.310] E038 |  2123/2123 batches | lr 0.3125 | loss  2.348 | ppl     10.46
[2022-04-10 13:53:40.958] End E038 | valid loss  2.624; ppl     13.78 | accu 0.3921 = 223218/569360
[2022-04-10 13:53:43.721] End E038 |  test loss  3.443; ppl     31.28 | accu 0.3061 = 50128/163740 ../data/adolescent_valid.txt
[2022-04-10 13:53:46.717] End E038 |  test loss  4.020; ppl     55.68 | accu 0.2202 = 39034/177240 ../data/adult_test.txt
[2022-04-10 13:53:46.718] Save: model.pt... 
[2022-04-10 13:53:46.726] Save: model.pt...Done. best_val_loss: 2.6235
[2022-04-10 13:53:46.726] Epoch 039/40 ==================================================
[2022-04-10 13:53:50.136] E039 |   200/2123 batches | lr 0.3125 | loss  2.343 | ppl     10.42
[2022-04-10 13:53:53.538] E039 |   400/2123 batches | lr 0.3125 | loss  2.318 | ppl     10.15
[2022-04-10 13:53:56.929] E039 |   600/2123 batches | lr 0.3125 | loss  2.336 | ppl     10.34
[2022-04-10 13:54:00.351] E039 |   800/2123 batches | lr 0.3125 | loss  2.366 | ppl     10.65
[2022-04-10 13:54:03.947] E039 |  1000/2123 batches | lr 0.3125 | loss  2.346 | ppl     10.44
[2022-04-10 13:54:07.982] E039 |  1200/2123 batches | lr 0.3125 | loss  2.290 | ppl      9.87
[2022-04-10 13:54:11.936] E039 |  1400/2123 batches | lr 0.3125 | loss  2.371 | ppl     10.71
[2022-04-10 13:54:15.956] E039 |  1600/2123 batches | lr 0.3125 | loss  2.346 | ppl     10.44
[2022-04-10 13:54:19.985] E039 |  1800/2123 batches | lr 0.3125 | loss  2.350 | ppl     10.49
[2022-04-10 13:54:24.031] E039 |  2000/2123 batches | lr 0.3125 | loss  2.350 | ppl     10.48
[2022-04-10 13:54:26.203] E039 |  2123/2123 batches | lr 0.3125 | loss  2.345 | ppl     10.43
[2022-04-10 13:54:35.895] End E039 | valid loss  2.624; ppl     13.78 | accu 0.3921 = 223274/569360
[2022-04-10 13:54:38.663] End E039 |  test loss  3.444; ppl     31.32 | accu 0.3063 = 50161/163740 ../data/adolescent_valid.txt
[2022-04-10 13:54:41.656] End E039 |  test loss  4.020; ppl     55.70 | accu 0.2204 = 39058/177240 ../data/adult_test.txt
[2022-04-10 13:54:41.656] Epoch 040/40 ==================================================
[2022-04-10 13:54:45.057] E040 |   200/2123 batches | lr 0.1562 | loss  2.340 | ppl     10.39
[2022-04-10 13:54:48.463] E040 |   400/2123 batches | lr 0.1562 | loss  2.319 | ppl     10.17
[2022-04-10 13:54:51.874] E040 |   600/2123 batches | lr 0.1562 | loss  2.338 | ppl     10.36
[2022-04-10 13:54:55.311] E040 |   800/2123 batches | lr 0.1562 | loss  2.369 | ppl     10.68
[2022-04-10 13:54:59.184] E040 |  1000/2123 batches | lr 0.1562 | loss  2.345 | ppl     10.43
[2022-04-10 13:55:02.635] E040 |  1200/2123 batches | lr 0.1562 | loss  2.287 | ppl      9.84
[2022-04-10 13:55:06.018] E040 |  1400/2123 batches | lr 0.1562 | loss  2.366 | ppl     10.66
[2022-04-10 13:55:09.451] E040 |  1600/2123 batches | lr 0.1562 | loss  2.347 | ppl     10.46
[2022-04-10 13:55:12.833] E040 |  1800/2123 batches | lr 0.1562 | loss  2.348 | ppl     10.47
[2022-04-10 13:55:16.223] E040 |  2000/2123 batches | lr 0.1562 | loss  2.346 | ppl     10.45
[2022-04-10 13:55:18.329] E040 |  2123/2123 batches | lr 0.1562 | loss  2.345 | ppl     10.43
[2022-04-10 13:55:28.020] End E040 | valid loss  2.623; ppl     13.77 | accu 0.3923 = 223368/569360
[2022-04-10 13:55:30.806] End E040 |  test loss  3.442; ppl     31.26 | accu 0.3061 = 50118/163740 ../data/adolescent_valid.txt
[2022-04-10 13:55:33.803] End E040 |  test loss  4.018; ppl     55.60 | accu 0.2202 = 39035/177240 ../data/adult_test.txt
[2022-04-10 13:55:33.803] Save: model.pt... 
[2022-04-10 13:55:33.812] Save: model.pt...Done. best_val_loss: 2.6225
[2022-04-10 13:55:36.590] End. test loss  3.44; ppl    31.26 | accu 0.3061 = 50118/163740 ../data/adolescent_valid.txt
[2022-04-10 13:55:39.559] End. test loss  4.02; ppl    55.60 | accu 0.2202 = 39035/177240 ../data/adult_test.txt
[2022-04-10 13:55:39.559] =========================================================================================
