[2022-04-10 17:10:57.744] corpus.train_file_list: 1
[2022-04-10 17:10:57.744]         ../data/cbt_train.txt
[2022-04-10 17:10:57.744] corpus.valid_file_list: 1
[2022-04-10 17:10:57.744]         ../data/cbt_valid.txt
[2022-04-10 17:10:57.744] corpus.test_file_list: 2
[2022-04-10 17:10:57.744]         ../data/adolescent_valid.txt
[2022-04-10 17:10:57.744]         ../data/adult_test.txt
[2022-04-10 17:10:57.744] corpus.subword_vocab_size: 5000
[2022-04-10 17:10:57.744] corpus.subword_model.train(2 files)...
[2022-04-10 17:10:57.745]         ../data/cbt_train.txt
[2022-04-10 17:10:57.745]         ../data/cbt_valid.txt
[2022-04-10 17:10:58.542] corpus.subword_model.train(2 files)...Done
[2022-04-10 17:10:58.542] corpus tokenize...
[2022-04-10 17:11:01.164]         train tokens: 800279  ../data/cbt_train.txt
[2022-04-10 17:11:02.194]         valid tokens: 304375  ../data/cbt_valid.txt
[2022-04-10 17:11:02.535]         test  tokens:  92020  ../data/adolescent_valid.txt
[2022-04-10 17:11:02.820]         test  tokens: 100916  ../data/adult_test.txt
[2022-04-10 17:11:02.821] corpus.ntokens      : 4845
[2022-04-10 17:11:02.821] corpus.char_count   : 86
[2022-04-10 17:11:02.821] corpus.char_cnt_dict: 86
[2022-04-10 17:11:02.821] corpus.char_id_dict : 86
[2022-04-10 17:11:02.828] corpus.batchify(1 files, batch_size=20)...
[2022-04-10 17:11:02.829]         tokens_all: 800279
[2022-04-10 17:11:02.829]         batched   :  40013
[2022-04-10 17:11:02.829]         ../data/cbt_train.txt
[2022-04-10 17:11:02.833] corpus.batchify(1 files, batch_size=20)...
[2022-04-10 17:11:02.833]         tokens_all: 304375
[2022-04-10 17:11:02.833]         batched   :  15218
[2022-04-10 17:11:02.833]         ../data/cbt_valid.txt
[2022-04-10 17:11:02.835] corpus.batchify(1 files, batch_size=20)...
[2022-04-10 17:11:02.835]         tokens_all:  92020
[2022-04-10 17:11:02.835]         batched   :   4601
[2022-04-10 17:11:02.835]         ../data/adolescent_valid.txt
[2022-04-10 17:11:02.837] corpus.batchify(1 files, batch_size=20)...
[2022-04-10 17:11:02.837]         tokens_all: 100916
[2022-04-10 17:11:02.837]         batched   :   5045
[2022-04-10 17:11:02.837]         ../data/adult_test.txt
[2022-04-10 17:11:02.885] RNNModel.rnn_type: LSTM
[2022-04-10 17:11:02.886] RNNModel.ntoken  : 4845
[2022-04-10 17:11:02.886] RNNModel.ninp    : 200
[2022-04-10 17:11:02.886] RNNModel.nhid    : 200
[2022-04-10 17:11:02.886] RNNModel.nlayers : 2
[2022-04-10 17:11:02.886] RNNModel.dropout : 0.2
[2022-04-10 17:11:02.886] RNNModel.tie_weights: False
[2022-04-10 17:11:02.886] RNNModel.char_mode  : 
[2022-04-10 17:11:02.886] RNNModel.char_cnt   : 87
[2022-04-10 17:11:02.886] RNNModel.char_emsize: 25
[2022-04-10 17:11:02.886] RNNModel.char_nhid  : 200
[2022-04-10 17:11:02.886] RNNModel will not use char-encoding
[2022-04-10 17:11:02.890] Epoch 001/40 ==================================================
[2022-04-10 17:11:06.708] E001 |   200/1143 batches | lr 20.0000 | loss  6.122 | ppl    455.73
[2022-04-10 17:11:10.383] E001 |   400/1143 batches | lr 20.0000 | loss  5.303 | ppl    200.88
[2022-04-10 17:11:14.064] E001 |   600/1143 batches | lr 20.0000 | loss  4.919 | ppl    136.82
[2022-04-10 17:11:17.730] E001 |   800/1143 batches | lr 20.0000 | loss  4.785 | ppl    119.76
[2022-04-10 17:11:21.435] E001 |  1000/1143 batches | lr 20.0000 | loss  4.642 | ppl    103.78
[2022-04-10 17:11:24.078] E001 |  1143/1143 batches | lr 20.0000 | loss  4.618 | ppl    101.29
[2022-04-10 17:11:29.383] End E001 | valid loss  4.926; ppl    137.77 | accu 0.1899 = 57789/304340
[2022-04-10 17:11:31.043] End E001 |  test loss  6.275; ppl    531.21 | accu 0.0994 = 9144/92000 ../data/adolescent_valid.txt
[2022-04-10 17:11:32.846] End E001 |  test loss  7.106; ppl   1219.36 | accu 0.0497 = 5013/100880 ../data/adult_test.txt
[2022-04-10 17:11:32.846] Save: model.pt... 
[2022-04-10 17:11:32.869] Save: model.pt...Done. best_val_loss: 4.9256
[2022-04-10 17:11:32.869] Epoch 002/40 ==================================================
[2022-04-10 17:11:36.605] E002 |   200/1143 batches | lr 20.0000 | loss  4.482 | ppl     88.38
[2022-04-10 17:11:40.301] E002 |   400/1143 batches | lr 20.0000 | loss  4.508 | ppl     90.70
[2022-04-10 17:11:44.462] E002 |   600/1143 batches | lr 20.0000 | loss  4.378 | ppl     79.66
[2022-04-10 17:11:48.470] E002 |   800/1143 batches | lr 20.0000 | loss  4.365 | ppl     78.63
[2022-04-10 17:11:52.203] E002 |  1000/1143 batches | lr 20.0000 | loss  4.296 | ppl     73.39
[2022-04-10 17:11:54.858] E002 |  1143/1143 batches | lr 20.0000 | loss  4.303 | ppl     73.92
[2022-04-10 17:12:00.188] End E002 | valid loss  4.749; ppl    115.43 | accu 0.2087 = 63516/304340
[2022-04-10 17:12:01.833] End E002 |  test loss  6.173; ppl    479.59 | accu 0.1162 = 10686/92000 ../data/adolescent_valid.txt
[2022-04-10 17:12:03.593] End E002 |  test loss  7.089; ppl   1198.21 | accu 0.0622 = 6275/100880 ../data/adult_test.txt
[2022-04-10 17:12:03.593] Save: model.pt... 
[2022-04-10 17:12:03.616] Save: model.pt...Done. best_val_loss: 4.7487
[2022-04-10 17:12:03.617] Epoch 003/40 ==================================================
[2022-04-10 17:12:07.432] E003 |   200/1143 batches | lr 20.0000 | loss  4.213 | ppl     67.54
[2022-04-10 17:12:11.160] E003 |   400/1143 batches | lr 20.0000 | loss  4.270 | ppl     71.54
[2022-04-10 17:12:14.877] E003 |   600/1143 batches | lr 20.0000 | loss  4.169 | ppl     64.68
[2022-04-10 17:12:18.903] E003 |   800/1143 batches | lr 20.0000 | loss  4.181 | ppl     65.43
[2022-04-10 17:12:23.063] E003 |  1000/1143 batches | lr 20.0000 | loss  4.126 | ppl     61.90
[2022-04-10 17:12:25.718] E003 |  1143/1143 batches | lr 20.0000 | loss  4.141 | ppl     62.88
[2022-04-10 17:12:31.118] End E003 | valid loss  4.669; ppl    106.60 | accu 0.2190 = 66661/304340
[2022-04-10 17:12:32.762] End E003 |  test loss  6.097; ppl    444.68 | accu 0.1247 = 11476/92000 ../data/adolescent_valid.txt
[2022-04-10 17:12:34.552] End E003 |  test loss  6.998; ppl   1094.18 | accu 0.0663 = 6692/100880 ../data/adult_test.txt
[2022-04-10 17:12:34.552] Save: model.pt... 
[2022-04-10 17:12:34.569] Save: model.pt...Done. best_val_loss: 4.6690
[2022-04-10 17:12:34.570] Epoch 004/40 ==================================================
[2022-04-10 17:12:38.302] E004 |   200/1143 batches | lr 20.0000 | loss  4.060 | ppl     57.96
[2022-04-10 17:12:42.012] E004 |   400/1143 batches | lr 20.0000 | loss  4.127 | ppl     62.00
[2022-04-10 17:12:45.720] E004 |   600/1143 batches | lr 20.0000 | loss  4.037 | ppl     56.66
[2022-04-10 17:12:49.428] E004 |   800/1143 batches | lr 20.0000 | loss  4.058 | ppl     57.88
[2022-04-10 17:12:53.142] E004 |  1000/1143 batches | lr 20.0000 | loss  4.013 | ppl     55.34
[2022-04-10 17:12:55.797] E004 |  1143/1143 batches | lr 20.0000 | loss  4.033 | ppl     56.41
[2022-04-10 17:13:01.130] End E004 | valid loss  4.623; ppl    101.77 | accu 0.2239 = 68147/304340
[2022-04-10 17:13:02.731] End E004 |  test loss  6.058; ppl    427.54 | accu 0.1257 = 11567/92000 ../data/adolescent_valid.txt
[2022-04-10 17:13:04.468] End E004 |  test loss  6.984; ppl   1079.27 | accu 0.0690 = 6960/100880 ../data/adult_test.txt
[2022-04-10 17:13:04.468] Save: model.pt... 
[2022-04-10 17:13:04.491] Save: model.pt...Done. best_val_loss: 4.6228
[2022-04-10 17:13:04.491] Epoch 005/40 ==================================================
[2022-04-10 17:13:08.292] E005 |   200/1143 batches | lr 20.0000 | loss  3.956 | ppl     52.25
[2022-04-10 17:13:11.992] E005 |   400/1143 batches | lr 20.0000 | loss  4.021 | ppl     55.74
[2022-04-10 17:13:15.712] E005 |   600/1143 batches | lr 20.0000 | loss  3.948 | ppl     51.84
[2022-04-10 17:13:19.411] E005 |   800/1143 batches | lr 20.0000 | loss  3.975 | ppl     53.23
[2022-04-10 17:13:23.109] E005 |  1000/1143 batches | lr 20.0000 | loss  3.933 | ppl     51.04
[2022-04-10 17:13:25.750] E005 |  1143/1143 batches | lr 20.0000 | loss  3.948 | ppl     51.82
[2022-04-10 17:13:31.218] End E005 | valid loss  4.614; ppl    100.88 | accu 0.2272 = 69146/304340
[2022-04-10 17:13:32.874] End E005 |  test loss  6.068; ppl    431.76 | accu 0.1289 = 11861/92000 ../data/adolescent_valid.txt
[2022-04-10 17:13:34.676] End E005 |  test loss  7.002; ppl   1098.78 | accu 0.0687 = 6926/100880 ../data/adult_test.txt
[2022-04-10 17:13:34.676] Save: model.pt... 
[2022-04-10 17:13:34.694] Save: model.pt...Done. best_val_loss: 4.6139
[2022-04-10 17:13:34.694] Epoch 006/40 ==================================================
[2022-04-10 17:13:38.402] E006 |   200/1143 batches | lr 20.0000 | loss  3.876 | ppl     48.21
[2022-04-10 17:13:42.142] E006 |   400/1143 batches | lr 20.0000 | loss  3.947 | ppl     51.76
[2022-04-10 17:13:45.859] E006 |   600/1143 batches | lr 20.0000 | loss  3.879 | ppl     48.40
[2022-04-10 17:13:49.553] E006 |   800/1143 batches | lr 20.0000 | loss  3.907 | ppl     49.77
[2022-04-10 17:13:53.245] E006 |  1000/1143 batches | lr 20.0000 | loss  3.866 | ppl     47.77
[2022-04-10 17:13:55.909] E006 |  1143/1143 batches | lr 20.0000 | loss  3.885 | ppl     48.66
[2022-04-10 17:14:01.213] End E006 | valid loss  4.585; ppl     97.96 | accu 0.2327 = 70820/304340
[2022-04-10 17:14:02.827] End E006 |  test loss  6.055; ppl    426.45 | accu 0.1317 = 12113/92000 ../data/adolescent_valid.txt
[2022-04-10 17:14:04.584] End E006 |  test loss  7.034; ppl   1134.41 | accu 0.0719 = 7257/100880 ../data/adult_test.txt
[2022-04-10 17:14:04.584] Save: model.pt... 
[2022-04-10 17:14:04.607] Save: model.pt...Done. best_val_loss: 4.5845
[2022-04-10 17:14:04.607] Epoch 007/40 ==================================================
[2022-04-10 17:14:08.322] E007 |   200/1143 batches | lr 20.0000 | loss  3.817 | ppl     45.46
[2022-04-10 17:14:12.034] E007 |   400/1143 batches | lr 20.0000 | loss  3.888 | ppl     48.80
[2022-04-10 17:14:15.753] E007 |   600/1143 batches | lr 20.0000 | loss  3.829 | ppl     46.02
[2022-04-10 17:14:19.507] E007 |   800/1143 batches | lr 20.0000 | loss  3.858 | ppl     47.39
[2022-04-10 17:14:23.292] E007 |  1000/1143 batches | lr 20.0000 | loss  3.824 | ppl     45.81
[2022-04-10 17:14:25.985] E007 |  1143/1143 batches | lr 20.0000 | loss  3.836 | ppl     46.33
[2022-04-10 17:14:31.402] End E007 | valid loss  4.580; ppl     97.53 | accu 0.2364 = 71949/304340
[2022-04-10 17:14:33.059] End E007 |  test loss  6.076; ppl    435.30 | accu 0.1358 = 12494/92000 ../data/adolescent_valid.txt
[2022-04-10 17:14:34.879] End E007 |  test loss  7.110; ppl   1224.59 | accu 0.0719 = 7255/100880 ../data/adult_test.txt
[2022-04-10 17:14:34.879] Save: model.pt... 
[2022-04-10 17:14:34.897] Save: model.pt...Done. best_val_loss: 4.5802
[2022-04-10 17:14:34.898] Epoch 008/40 ==================================================
[2022-04-10 17:14:38.615] E008 |   200/1143 batches | lr 20.0000 | loss  3.773 | ppl     43.50
[2022-04-10 17:14:42.317] E008 |   400/1143 batches | lr 20.0000 | loss  3.845 | ppl     46.74
[2022-04-10 17:14:46.033] E008 |   600/1143 batches | lr 20.0000 | loss  3.788 | ppl     44.17
[2022-04-10 17:14:49.769] E008 |   800/1143 batches | lr 20.0000 | loss  3.819 | ppl     45.57
[2022-04-10 17:14:53.443] E008 |  1000/1143 batches | lr 20.0000 | loss  3.785 | ppl     44.05
[2022-04-10 17:14:56.095] E008 |  1143/1143 batches | lr 20.0000 | loss  3.802 | ppl     44.80
[2022-04-10 17:15:01.402] End E008 | valid loss  4.569; ppl     96.49 | accu 0.2387 = 72658/304340
[2022-04-10 17:15:02.998] End E008 |  test loss  6.072; ppl    433.38 | accu 0.1374 = 12637/92000 ../data/adolescent_valid.txt
[2022-04-10 17:15:04.743] End E008 |  test loss  7.097; ppl   1207.92 | accu 0.0747 = 7538/100880 ../data/adult_test.txt
[2022-04-10 17:15:04.743] Save: model.pt... 
[2022-04-10 17:15:04.761] Save: model.pt...Done. best_val_loss: 4.5694
[2022-04-10 17:15:04.761] Epoch 009/40 ==================================================
[2022-04-10 17:15:08.458] E009 |   200/1143 batches | lr 20.0000 | loss  3.735 | ppl     41.87
[2022-04-10 17:15:12.171] E009 |   400/1143 batches | lr 20.0000 | loss  3.810 | ppl     45.15
[2022-04-10 17:15:15.893] E009 |   600/1143 batches | lr 20.0000 | loss  3.754 | ppl     42.68
[2022-04-10 17:15:19.648] E009 |   800/1143 batches | lr 20.0000 | loss  3.789 | ppl     44.23
[2022-04-10 17:15:23.367] E009 |  1000/1143 batches | lr 20.0000 | loss  3.754 | ppl     42.71
[2022-04-10 17:15:26.056] E009 |  1143/1143 batches | lr 20.0000 | loss  3.777 | ppl     43.70
[2022-04-10 17:15:31.463] End E009 | valid loss  4.571; ppl     96.62 | accu 0.2392 = 72786/304340
[2022-04-10 17:15:33.116] End E009 |  test loss  6.080; ppl    437.12 | accu 0.1387 = 12763/92000 ../data/adolescent_valid.txt
[2022-04-10 17:15:34.921] End E009 |  test loss  7.137; ppl   1258.07 | accu 0.0762 = 7691/100880 ../data/adult_test.txt
[2022-04-10 17:15:34.922] Epoch 010/40 ==================================================
[2022-04-10 17:15:38.722] E010 |   200/1143 batches | lr 10.0000 | loss  3.677 | ppl     39.54
[2022-04-10 17:15:42.685] E010 |   400/1143 batches | lr 10.0000 | loss  3.714 | ppl     41.02
[2022-04-10 17:15:46.559] E010 |   600/1143 batches | lr 10.0000 | loss  3.636 | ppl     37.93
[2022-04-10 17:15:50.298] E010 |   800/1143 batches | lr 10.0000 | loss  3.657 | ppl     38.76
[2022-04-10 17:15:54.015] E010 |  1000/1143 batches | lr 10.0000 | loss  3.602 | ppl     36.68
[2022-04-10 17:15:56.685] E010 |  1143/1143 batches | lr 10.0000 | loss  3.605 | ppl     36.77
[2022-04-10 17:16:02.000] End E010 | valid loss  4.529; ppl     92.67 | accu 0.2485 = 75629/304340
[2022-04-10 17:16:03.624] End E010 |  test loss  6.087; ppl    439.94 | accu 0.1470 = 13520/92000 ../data/adolescent_valid.txt
[2022-04-10 17:16:05.386] End E010 |  test loss  7.186; ppl   1321.14 | accu 0.0774 = 7812/100880 ../data/adult_test.txt
[2022-04-10 17:16:05.386] Save: model.pt... 
[2022-04-10 17:16:05.409] Save: model.pt...Done. best_val_loss: 4.5290
[2022-04-10 17:16:05.409] Epoch 011/40 ==================================================
[2022-04-10 17:16:09.119] E011 |   200/1143 batches | lr 10.0000 | loss  3.592 | ppl     36.30
[2022-04-10 17:16:12.881] E011 |   400/1143 batches | lr 10.0000 | loss  3.650 | ppl     38.49
[2022-04-10 17:16:16.659] E011 |   600/1143 batches | lr 10.0000 | loss  3.588 | ppl     36.16
[2022-04-10 17:16:20.371] E011 |   800/1143 batches | lr 10.0000 | loss  3.616 | ppl     37.17
[2022-04-10 17:16:24.108] E011 |  1000/1143 batches | lr 10.0000 | loss  3.575 | ppl     35.70
[2022-04-10 17:16:26.807] E011 |  1143/1143 batches | lr 10.0000 | loss  3.581 | ppl     35.90
[2022-04-10 17:16:32.193] End E011 | valid loss  4.531; ppl     92.83 | accu 0.2491 = 75812/304340
[2022-04-10 17:16:33.839] End E011 |  test loss  6.098; ppl    445.09 | accu 0.1471 = 13536/92000 ../data/adolescent_valid.txt
[2022-04-10 17:16:35.670] End E011 |  test loss  7.206; ppl   1346.82 | accu 0.0779 = 7861/100880 ../data/adult_test.txt
[2022-04-10 17:16:35.670] Epoch 012/40 ==================================================
[2022-04-10 17:16:39.433] E012 |   200/1143 batches | lr 5.0000 | loss  3.551 | ppl     34.84
[2022-04-10 17:16:43.172] E012 |   400/1143 batches | lr 5.0000 | loss  3.594 | ppl     36.38
[2022-04-10 17:16:46.920] E012 |   600/1143 batches | lr 5.0000 | loss  3.528 | ppl     34.05
[2022-04-10 17:16:50.644] E012 |   800/1143 batches | lr 5.0000 | loss  3.544 | ppl     34.61
[2022-04-10 17:16:54.403] E012 |  1000/1143 batches | lr 5.0000 | loss  3.490 | ppl     32.80
[2022-04-10 17:16:57.082] E012 |  1143/1143 batches | lr 5.0000 | loss  3.491 | ppl     32.82
[2022-04-10 17:17:02.373] End E012 | valid loss  4.519; ppl     91.78 | accu 0.2522 = 76752/304340
[2022-04-10 17:17:03.964] End E012 |  test loss  6.122; ppl    455.91 | accu 0.1493 = 13736/92000 ../data/adolescent_valid.txt
[2022-04-10 17:17:05.706] End E012 |  test loss  7.267; ppl   1431.81 | accu 0.0787 = 7938/100880 ../data/adult_test.txt
[2022-04-10 17:17:05.706] Save: model.pt... 
[2022-04-10 17:17:05.728] Save: model.pt...Done. best_val_loss: 4.5193
[2022-04-10 17:17:05.728] Epoch 013/40 ==================================================
[2022-04-10 17:17:09.465] E013 |   200/1143 batches | lr 5.0000 | loss  3.500 | ppl     33.10
[2022-04-10 17:17:13.206] E013 |   400/1143 batches | lr 5.0000 | loss  3.554 | ppl     34.96
[2022-04-10 17:17:16.953] E013 |   600/1143 batches | lr 5.0000 | loss  3.496 | ppl     32.99
[2022-04-10 17:17:20.686] E013 |   800/1143 batches | lr 5.0000 | loss  3.517 | ppl     33.69
[2022-04-10 17:17:24.691] E013 |  1000/1143 batches | lr 5.0000 | loss  3.475 | ppl     32.30
[2022-04-10 17:17:27.371] E013 |  1143/1143 batches | lr 5.0000 | loss  3.471 | ppl     32.16
[2022-04-10 17:17:32.790] End E013 | valid loss  4.520; ppl     91.86 | accu 0.2534 = 77110/304340
[2022-04-10 17:17:34.456] End E013 |  test loss  6.153; ppl    470.13 | accu 0.1504 = 13833/92000 ../data/adolescent_valid.txt
[2022-04-10 17:17:36.276] End E013 |  test loss  7.277; ppl   1446.96 | accu 0.0786 = 7933/100880 ../data/adult_test.txt
[2022-04-10 17:17:36.277] Epoch 014/40 ==================================================
[2022-04-10 17:17:40.057] E014 |   200/1143 batches | lr 2.5000 | loss  3.477 | ppl     32.35
[2022-04-10 17:17:43.811] E014 |   400/1143 batches | lr 2.5000 | loss  3.529 | ppl     34.09
[2022-04-10 17:17:47.566] E014 |   600/1143 batches | lr 2.5000 | loss  3.463 | ppl     31.90
[2022-04-10 17:17:51.319] E014 |   800/1143 batches | lr 2.5000 | loss  3.481 | ppl     32.49
[2022-04-10 17:17:55.173] E014 |  1000/1143 batches | lr 2.5000 | loss  3.429 | ppl     30.83
[2022-04-10 17:17:57.848] E014 |  1143/1143 batches | lr 2.5000 | loss  3.426 | ppl     30.76
[2022-04-10 17:18:03.140] End E014 | valid loss  4.518; ppl     91.67 | accu 0.2551 = 77633/304340
[2022-04-10 17:18:04.745] End E014 |  test loss  6.152; ppl    469.50 | accu 0.1511 = 13901/92000 ../data/adolescent_valid.txt
[2022-04-10 17:18:06.493] End E014 |  test loss  7.318; ppl   1506.72 | accu 0.0784 = 7910/100880 ../data/adult_test.txt
[2022-04-10 17:18:06.493] Save: model.pt... 
[2022-04-10 17:18:06.516] Save: model.pt...Done. best_val_loss: 4.5182
[2022-04-10 17:18:06.516] Epoch 015/40 ==================================================
[2022-04-10 17:18:10.827] E015 |   200/1143 batches | lr 2.5000 | loss  3.449 | ppl     31.47
[2022-04-10 17:18:14.573] E015 |   400/1143 batches | lr 2.5000 | loss  3.510 | ppl     33.44
[2022-04-10 17:18:18.725] E015 |   600/1143 batches | lr 2.5000 | loss  3.451 | ppl     31.52
[2022-04-10 17:18:23.096] E015 |   800/1143 batches | lr 2.5000 | loss  3.464 | ppl     31.95
[2022-04-10 17:18:27.487] E015 |  1000/1143 batches | lr 2.5000 | loss  3.417 | ppl     30.48
[2022-04-10 17:18:30.636] E015 |  1143/1143 batches | lr 2.5000 | loss  3.423 | ppl     30.65
[2022-04-10 17:18:37.371] End E015 | valid loss  4.517; ppl     91.53 | accu 0.2553 = 77708/304340
[2022-04-10 17:18:39.420] End E015 |  test loss  6.157; ppl    471.79 | accu 0.1520 = 13988/92000 ../data/adolescent_valid.txt
[2022-04-10 17:18:41.662] End E015 |  test loss  7.318; ppl   1507.93 | accu 0.0795 = 8022/100880 ../data/adult_test.txt
[2022-04-10 17:18:41.662] Save: model.pt... 
[2022-04-10 17:18:41.681] Save: model.pt...Done. best_val_loss: 4.5167
[2022-04-10 17:18:41.681] Epoch 016/40 ==================================================
[2022-04-10 17:18:46.211] E016 |   200/1143 batches | lr 2.5000 | loss  3.436 | ppl     31.06
[2022-04-10 17:18:50.673] E016 |   400/1143 batches | lr 2.5000 | loss  3.492 | ppl     32.85
[2022-04-10 17:18:54.561] E016 |   600/1143 batches | lr 2.5000 | loss  3.435 | ppl     31.02
[2022-04-10 17:18:58.303] E016 |   800/1143 batches | lr 2.5000 | loss  3.459 | ppl     31.79
[2022-04-10 17:19:02.125] E016 |  1000/1143 batches | lr 2.5000 | loss  3.411 | ppl     30.29
[2022-04-10 17:19:04.925] E016 |  1143/1143 batches | lr 2.5000 | loss  3.412 | ppl     30.32
[2022-04-10 17:19:11.571] End E016 | valid loss  4.518; ppl     91.65 | accu 0.2556 = 77792/304340
[2022-04-10 17:19:13.556] End E016 |  test loss  6.162; ppl    474.33 | accu 0.1516 = 13945/92000 ../data/adolescent_valid.txt
[2022-04-10 17:19:15.746] End E016 |  test loss  7.327; ppl   1521.35 | accu 0.0792 = 7987/100880 ../data/adult_test.txt
[2022-04-10 17:19:15.746] Epoch 017/40 ==================================================
[2022-04-10 17:19:20.133] E017 |   200/1143 batches | lr 1.2500 | loss  3.429 | ppl     30.85
[2022-04-10 17:19:24.542] E017 |   400/1143 batches | lr 1.2500 | loss  3.482 | ppl     32.52
[2022-04-10 17:19:28.931] E017 |   600/1143 batches | lr 1.2500 | loss  3.419 | ppl     30.55
[2022-04-10 17:19:32.827] E017 |   800/1143 batches | lr 1.2500 | loss  3.437 | ppl     31.09
[2022-04-10 17:19:36.674] E017 |  1000/1143 batches | lr 1.2500 | loss  3.388 | ppl     29.61
[2022-04-10 17:19:39.346] E017 |  1143/1143 batches | lr 1.2500 | loss  3.386 | ppl     29.53
[2022-04-10 17:19:44.758] End E017 | valid loss  4.515; ppl     91.37 | accu 0.2560 = 77910/304340
[2022-04-10 17:19:46.424] End E017 |  test loss  6.161; ppl    473.73 | accu 0.1522 = 13998/92000 ../data/adolescent_valid.txt
[2022-04-10 17:19:48.231] End E017 |  test loss  7.337; ppl   1535.66 | accu 0.0791 = 7982/100880 ../data/adult_test.txt
[2022-04-10 17:19:48.232] Save: model.pt... 
[2022-04-10 17:19:48.255] Save: model.pt...Done. best_val_loss: 4.5150
[2022-04-10 17:19:48.255] Epoch 018/40 ==================================================
[2022-04-10 17:19:52.064] E018 |   200/1143 batches | lr 1.2500 | loss  3.416 | ppl     30.44
[2022-04-10 17:19:55.823] E018 |   400/1143 batches | lr 1.2500 | loss  3.472 | ppl     32.20
[2022-04-10 17:19:59.709] E018 |   600/1143 batches | lr 1.2500 | loss  3.410 | ppl     30.27
[2022-04-10 17:20:03.456] E018 |   800/1143 batches | lr 1.2500 | loss  3.427 | ppl     30.77
[2022-04-10 17:20:07.394] E018 |  1000/1143 batches | lr 1.2500 | loss  3.384 | ppl     29.49
[2022-04-10 17:20:10.175] E018 |  1143/1143 batches | lr 1.2500 | loss  3.388 | ppl     29.62
[2022-04-10 17:20:15.504] End E018 | valid loss  4.514; ppl     91.31 | accu 0.2563 = 78007/304340
[2022-04-10 17:20:17.118] End E018 |  test loss  6.167; ppl    476.93 | accu 0.1521 = 13995/92000 ../data/adolescent_valid.txt
[2022-04-10 17:20:18.870] End E018 |  test loss  7.337; ppl   1535.64 | accu 0.0785 = 7915/100880 ../data/adult_test.txt
[2022-04-10 17:20:18.870] Save: model.pt... 
[2022-04-10 17:20:18.887] Save: model.pt...Done. best_val_loss: 4.5143
[2022-04-10 17:20:18.888] Epoch 019/40 ==================================================
[2022-04-10 17:20:22.705] E019 |   200/1143 batches | lr 1.2500 | loss  3.405 | ppl     30.12
[2022-04-10 17:20:26.460] E019 |   400/1143 batches | lr 1.2500 | loss  3.461 | ppl     31.86
[2022-04-10 17:20:30.181] E019 |   600/1143 batches | lr 1.2500 | loss  3.404 | ppl     30.08
[2022-04-10 17:20:33.922] E019 |   800/1143 batches | lr 1.2500 | loss  3.425 | ppl     30.73
[2022-04-10 17:20:37.689] E019 |  1000/1143 batches | lr 1.2500 | loss  3.383 | ppl     29.45
[2022-04-10 17:20:40.368] E019 |  1143/1143 batches | lr 1.2500 | loss  3.383 | ppl     29.46
[2022-04-10 17:20:45.762] End E019 | valid loss  4.517; ppl     91.57 | accu 0.2569 = 78188/304340
[2022-04-10 17:20:47.410] End E019 |  test loss  6.168; ppl    477.23 | accu 0.1519 = 13976/92000 ../data/adolescent_valid.txt
[2022-04-10 17:20:49.221] End E019 |  test loss  7.340; ppl   1540.95 | accu 0.0789 = 7955/100880 ../data/adult_test.txt
[2022-04-10 17:20:49.221] Epoch 020/40 ==================================================
[2022-04-10 17:20:53.021] E020 |   200/1143 batches | lr 0.6250 | loss  3.398 | ppl     29.90
[2022-04-10 17:20:56.772] E020 |   400/1143 batches | lr 0.6250 | loss  3.455 | ppl     31.65
[2022-04-10 17:21:00.506] E020 |   600/1143 batches | lr 0.6250 | loss  3.395 | ppl     29.83
[2022-04-10 17:21:04.262] E020 |   800/1143 batches | lr 0.6250 | loss  3.412 | ppl     30.32
[2022-04-10 17:21:08.018] E020 |  1000/1143 batches | lr 0.6250 | loss  3.368 | ppl     29.03
[2022-04-10 17:21:10.691] E020 |  1143/1143 batches | lr 0.6250 | loss  3.372 | ppl     29.14
[2022-04-10 17:21:16.019] End E020 | valid loss  4.511; ppl     91.01 | accu 0.2575 = 78378/304340
[2022-04-10 17:21:17.636] End E020 |  test loss  6.161; ppl    473.98 | accu 0.1522 = 14001/92000 ../data/adolescent_valid.txt
[2022-04-10 17:21:19.402] End E020 |  test loss  7.332; ppl   1527.87 | accu 0.0796 = 8035/100880 ../data/adult_test.txt
[2022-04-10 17:21:19.402] Save: model.pt... 
[2022-04-10 17:21:19.425] Save: model.pt...Done. best_val_loss: 4.5110
[2022-04-10 17:21:19.426] Epoch 021/40 ==================================================
[2022-04-10 17:21:23.211] E021 |   200/1143 batches | lr 0.6250 | loss  3.395 | ppl     29.83
[2022-04-10 17:21:27.002] E021 |   400/1143 batches | lr 0.6250 | loss  3.447 | ppl     31.42
[2022-04-10 17:21:30.753] E021 |   600/1143 batches | lr 0.6250 | loss  3.394 | ppl     29.79
[2022-04-10 17:21:34.551] E021 |   800/1143 batches | lr 0.6250 | loss  3.411 | ppl     30.29
[2022-04-10 17:21:38.291] E021 |  1000/1143 batches | lr 0.6250 | loss  3.365 | ppl     28.93
[2022-04-10 17:21:40.975] E021 |  1143/1143 batches | lr 0.6250 | loss  3.371 | ppl     29.09
[2022-04-10 17:21:46.389] End E021 | valid loss  4.511; ppl     91.04 | accu 0.2573 = 78297/304340
[2022-04-10 17:21:48.043] End E021 |  test loss  6.164; ppl    475.22 | accu 0.1523 = 14011/92000 ../data/adolescent_valid.txt
[2022-04-10 17:21:49.864] End E021 |  test loss  7.340; ppl   1540.02 | accu 0.0792 = 7990/100880 ../data/adult_test.txt
[2022-04-10 17:21:49.864] Epoch 022/40 ==================================================
[2022-04-10 17:21:53.614] E022 |   200/1143 batches | lr 0.3125 | loss  3.389 | ppl     29.65
[2022-04-10 17:21:57.356] E022 |   400/1143 batches | lr 0.3125 | loss  3.444 | ppl     31.31
[2022-04-10 17:22:01.113] E022 |   600/1143 batches | lr 0.3125 | loss  3.393 | ppl     29.74
[2022-04-10 17:22:04.856] E022 |   800/1143 batches | lr 0.3125 | loss  3.407 | ppl     30.16
[2022-04-10 17:22:08.658] E022 |  1000/1143 batches | lr 0.3125 | loss  3.358 | ppl     28.73
[2022-04-10 17:22:11.366] E022 |  1143/1143 batches | lr 0.3125 | loss  3.361 | ppl     28.81
[2022-04-10 17:22:16.664] End E022 | valid loss  4.509; ppl     90.86 | accu 0.2576 = 78395/304340
[2022-04-10 17:22:18.249] End E022 |  test loss  6.159; ppl    472.99 | accu 0.1525 = 14033/92000 ../data/adolescent_valid.txt
[2022-04-10 17:22:20.006] End E022 |  test loss  7.333; ppl   1530.32 | accu 0.0794 = 8014/100880 ../data/adult_test.txt
[2022-04-10 17:22:20.006] Save: model.pt... 
[2022-04-10 17:22:20.029] Save: model.pt...Done. best_val_loss: 4.5093
[2022-04-10 17:22:20.029] Epoch 023/40 ==================================================
[2022-04-10 17:22:23.776] E023 |   200/1143 batches | lr 0.3125 | loss  3.387 | ppl     29.58
[2022-04-10 17:22:27.509] E023 |   400/1143 batches | lr 0.3125 | loss  3.441 | ppl     31.22
[2022-04-10 17:22:31.247] E023 |   600/1143 batches | lr 0.3125 | loss  3.388 | ppl     29.62
[2022-04-10 17:22:34.988] E023 |   800/1143 batches | lr 0.3125 | loss  3.406 | ppl     30.16
[2022-04-10 17:22:38.732] E023 |  1000/1143 batches | lr 0.3125 | loss  3.360 | ppl     28.78
[2022-04-10 17:22:41.747] E023 |  1143/1143 batches | lr 0.3125 | loss  3.363 | ppl     28.89
[2022-04-10 17:22:48.469] End E023 | valid loss  4.510; ppl     90.88 | accu 0.2579 = 78482/304340
[2022-04-10 17:22:50.538] End E023 |  test loss  6.160; ppl    473.48 | accu 0.1527 = 14048/92000 ../data/adolescent_valid.txt
[2022-04-10 17:22:52.787] End E023 |  test loss  7.334; ppl   1531.25 | accu 0.0797 = 8044/100880 ../data/adult_test.txt
[2022-04-10 17:22:52.787] Epoch 024/40 ==================================================
[2022-04-10 17:22:56.923] E024 |   200/1143 batches | lr 0.1562 | loss  3.387 | ppl     29.58
[2022-04-10 17:23:00.701] E024 |   400/1143 batches | lr 0.1562 | loss  3.441 | ppl     31.21
[2022-04-10 17:23:04.494] E024 |   600/1143 batches | lr 0.1562 | loss  3.384 | ppl     29.49
[2022-04-10 17:23:08.380] E024 |   800/1143 batches | lr 0.1562 | loss  3.397 | ppl     29.88
[2022-04-10 17:23:12.871] E024 |  1000/1143 batches | lr 0.1562 | loss  3.356 | ppl     28.68
[2022-04-10 17:23:16.031] E024 |  1143/1143 batches | lr 0.1562 | loss  3.356 | ppl     28.67
[2022-04-10 17:23:22.629] End E024 | valid loss  4.508; ppl     90.75 | accu 0.2580 = 78528/304340
[2022-04-10 17:23:24.606] End E024 |  test loss  6.156; ppl    471.57 | accu 0.1529 = 14066/92000 ../data/adolescent_valid.txt
[2022-04-10 17:23:26.787] End E024 |  test loss  7.325; ppl   1518.50 | accu 0.0798 = 8052/100880 ../data/adult_test.txt
[2022-04-10 17:23:26.787] Save: model.pt... 
[2022-04-10 17:23:26.805] Save: model.pt...Done. best_val_loss: 4.5081
[2022-04-10 17:23:26.805] Epoch 025/40 ==================================================
[2022-04-10 17:23:31.217] E025 |   200/1143 batches | lr 0.1562 | loss  3.383 | ppl     29.47
[2022-04-10 17:23:35.613] E025 |   400/1143 batches | lr 0.1562 | loss  3.439 | ppl     31.14
[2022-04-10 17:23:40.035] E025 |   600/1143 batches | lr 0.1562 | loss  3.385 | ppl     29.51
[2022-04-10 17:23:44.448] E025 |   800/1143 batches | lr 0.1562 | loss  3.398 | ppl     29.91
[2022-04-10 17:23:48.890] E025 |  1000/1143 batches | lr 0.1562 | loss  3.354 | ppl     28.63
[2022-04-10 17:23:52.053] E025 |  1143/1143 batches | lr 0.1562 | loss  3.355 | ppl     28.64
[2022-04-10 17:23:58.597] End E025 | valid loss  4.507; ppl     90.69 | accu 0.2581 = 78544/304340
[2022-04-10 17:24:00.267] End E025 |  test loss  6.156; ppl    471.60 | accu 0.1527 = 14045/92000 ../data/adolescent_valid.txt
[2022-04-10 17:24:02.095] End E025 |  test loss  7.326; ppl   1519.63 | accu 0.0797 = 8038/100880 ../data/adult_test.txt
[2022-04-10 17:24:02.095] Save: model.pt... 
[2022-04-10 17:24:02.118] Save: model.pt...Done. best_val_loss: 4.5074
[2022-04-10 17:24:02.118] Epoch 026/40 ==================================================
[2022-04-10 17:24:05.918] E026 |   200/1143 batches | lr 0.1562 | loss  3.387 | ppl     29.59
[2022-04-10 17:24:09.880] E026 |   400/1143 batches | lr 0.1562 | loss  3.435 | ppl     31.03
[2022-04-10 17:24:13.626] E026 |   600/1143 batches | lr 0.1562 | loss  3.382 | ppl     29.42
[2022-04-10 17:24:17.838] E026 |   800/1143 batches | lr 0.1562 | loss  3.399 | ppl     29.94
[2022-04-10 17:24:21.631] E026 |  1000/1143 batches | lr 0.1562 | loss  3.353 | ppl     28.58
[2022-04-10 17:24:24.438] E026 |  1143/1143 batches | lr 0.1562 | loss  3.358 | ppl     28.73
[2022-04-10 17:24:29.767] End E026 | valid loss  4.508; ppl     90.74 | accu 0.2581 = 78560/304340
[2022-04-10 17:24:31.364] End E026 |  test loss  6.157; ppl    472.09 | accu 0.1526 = 14041/92000 ../data/adolescent_valid.txt
[2022-04-10 17:24:33.120] End E026 |  test loss  7.328; ppl   1522.46 | accu 0.0799 = 8059/100880 ../data/adult_test.txt
[2022-04-10 17:24:33.120] Epoch 027/40 ==================================================
[2022-04-10 17:24:36.867] E027 |   200/1143 batches | lr 0.0781 | loss  3.381 | ppl     29.41
[2022-04-10 17:24:40.604] E027 |   400/1143 batches | lr 0.0781 | loss  3.438 | ppl     31.12
[2022-04-10 17:24:44.349] E027 |   600/1143 batches | lr 0.0781 | loss  3.383 | ppl     29.46
[2022-04-10 17:24:48.334] E027 |   800/1143 batches | lr 0.0781 | loss  3.396 | ppl     29.84
[2022-04-10 17:24:52.742] E027 |  1000/1143 batches | lr 0.0781 | loss  3.353 | ppl     28.58
[2022-04-10 17:24:55.897] E027 |  1143/1143 batches | lr 0.0781 | loss  3.353 | ppl     28.60
[2022-04-10 17:25:02.618] End E027 | valid loss  4.507; ppl     90.66 | accu 0.2581 = 78545/304340
[2022-04-10 17:25:04.684] End E027 |  test loss  6.155; ppl    471.08 | accu 0.1527 = 14047/92000 ../data/adolescent_valid.txt
[2022-04-10 17:25:06.934] End E027 |  test loss  7.325; ppl   1517.32 | accu 0.0796 = 8027/100880 ../data/adult_test.txt
[2022-04-10 17:25:06.934] Save: model.pt... 
[2022-04-10 17:25:06.958] Save: model.pt...Done. best_val_loss: 4.5071
[2022-04-10 17:25:06.958] Epoch 028/40 ==================================================
[2022-04-10 17:25:11.594] E028 |   200/1143 batches | lr 0.0781 | loss  3.380 | ppl     29.38
[2022-04-10 17:25:15.929] E028 |   400/1143 batches | lr 0.0781 | loss  3.434 | ppl     31.01
[2022-04-10 17:25:19.721] E028 |   600/1143 batches | lr 0.0781 | loss  3.381 | ppl     29.39
[2022-04-10 17:25:23.519] E028 |   800/1143 batches | lr 0.0781 | loss  3.396 | ppl     29.84
[2022-04-10 17:25:27.325] E028 |  1000/1143 batches | lr 0.0781 | loss  3.355 | ppl     28.65
[2022-04-10 17:25:30.021] E028 |  1143/1143 batches | lr 0.0781 | loss  3.354 | ppl     28.62
[2022-04-10 17:25:35.353] End E028 | valid loss  4.507; ppl     90.62 | accu 0.2581 = 78550/304340
[2022-04-10 17:25:36.965] End E028 |  test loss  6.154; ppl    470.49 | accu 0.1527 = 14050/92000 ../data/adolescent_valid.txt
[2022-04-10 17:25:38.722] End E028 |  test loss  7.323; ppl   1515.10 | accu 0.0797 = 8041/100880 ../data/adult_test.txt
[2022-04-10 17:25:38.722] Save: model.pt... 
[2022-04-10 17:25:38.740] Save: model.pt...Done. best_val_loss: 4.5066
[2022-04-10 17:25:38.740] Epoch 029/40 ==================================================
[2022-04-10 17:25:42.472] E029 |   200/1143 batches | lr 0.0781 | loss  3.378 | ppl     29.32
[2022-04-10 17:25:46.231] E029 |   400/1143 batches | lr 0.0781 | loss  3.438 | ppl     31.11
[2022-04-10 17:25:50.013] E029 |   600/1143 batches | lr 0.0781 | loss  3.380 | ppl     29.39
[2022-04-10 17:25:53.810] E029 |   800/1143 batches | lr 0.0781 | loss  3.396 | ppl     29.85
[2022-04-10 17:25:57.602] E029 |  1000/1143 batches | lr 0.0781 | loss  3.353 | ppl     28.58
[2022-04-10 17:26:00.306] E029 |  1143/1143 batches | lr 0.0781 | loss  3.352 | ppl     28.55
[2022-04-10 17:26:05.720] End E029 | valid loss  4.507; ppl     90.61 | accu 0.2582 = 78576/304340
[2022-04-10 17:26:07.375] End E029 |  test loss  6.154; ppl    470.61 | accu 0.1529 = 14069/92000 ../data/adolescent_valid.txt
[2022-04-10 17:26:09.183] End E029 |  test loss  7.325; ppl   1518.16 | accu 0.0797 = 8043/100880 ../data/adult_test.txt
[2022-04-10 17:26:09.183] Save: model.pt... 
[2022-04-10 17:26:09.201] Save: model.pt...Done. best_val_loss: 4.5066
[2022-04-10 17:26:09.202] Epoch 030/40 ==================================================
[2022-04-10 17:26:12.995] E030 |   200/1143 batches | lr 0.0781 | loss  3.381 | ppl     29.39
[2022-04-10 17:26:16.748] E030 |   400/1143 batches | lr 0.0781 | loss  3.436 | ppl     31.06
[2022-04-10 17:26:20.498] E030 |   600/1143 batches | lr 0.0781 | loss  3.376 | ppl     29.25
[2022-04-10 17:26:24.243] E030 |   800/1143 batches | lr 0.0781 | loss  3.394 | ppl     29.80
[2022-04-10 17:26:28.466] E030 |  1000/1143 batches | lr 0.0781 | loss  3.353 | ppl     28.58
[2022-04-10 17:26:31.624] E030 |  1143/1143 batches | lr 0.0781 | loss  3.350 | ppl     28.51
[2022-04-10 17:26:38.237] End E030 | valid loss  4.507; ppl     90.62 | accu 0.2581 = 78541/304340
[2022-04-10 17:26:40.226] End E030 |  test loss  6.154; ppl    470.45 | accu 0.1528 = 14055/92000 ../data/adolescent_valid.txt
[2022-04-10 17:26:42.413] End E030 |  test loss  7.325; ppl   1517.49 | accu 0.0798 = 8047/100880 ../data/adult_test.txt
[2022-04-10 17:26:42.413] Epoch 031/40 ==================================================
[2022-04-10 17:26:46.818] E031 |   200/1143 batches | lr 0.0391 | loss  3.383 | ppl     29.47
[2022-04-10 17:26:50.849] E031 |   400/1143 batches | lr 0.0391 | loss  3.436 | ppl     31.05
[2022-04-10 17:26:54.585] E031 |   600/1143 batches | lr 0.0391 | loss  3.380 | ppl     29.37
[2022-04-10 17:26:58.343] E031 |   800/1143 batches | lr 0.0391 | loss  3.394 | ppl     29.78
[2022-04-10 17:27:02.085] E031 |  1000/1143 batches | lr 0.0391 | loss  3.349 | ppl     28.47
[2022-04-10 17:27:04.812] E031 |  1143/1143 batches | lr 0.0391 | loss  3.353 | ppl     28.59
[2022-04-10 17:27:10.220] End E031 | valid loss  4.506; ppl     90.58 | accu 0.2582 = 78590/304340
[2022-04-10 17:27:11.884] End E031 |  test loss  6.153; ppl    470.03 | accu 0.1528 = 14059/92000 ../data/adolescent_valid.txt
[2022-04-10 17:27:13.694] End E031 |  test loss  7.323; ppl   1515.31 | accu 0.0797 = 8045/100880 ../data/adult_test.txt
[2022-04-10 17:27:13.694] Save: model.pt... 
[2022-04-10 17:27:13.718] Save: model.pt...Done. best_val_loss: 4.5062
[2022-04-10 17:27:13.718] Epoch 032/40 ==================================================
[2022-04-10 17:27:17.483] E032 |   200/1143 batches | lr 0.0391 | loss  3.381 | ppl     29.39
[2022-04-10 17:27:21.232] E032 |   400/1143 batches | lr 0.0391 | loss  3.436 | ppl     31.06
[2022-04-10 17:27:25.095] E032 |   600/1143 batches | lr 0.0391 | loss  3.378 | ppl     29.31
[2022-04-10 17:27:29.477] E032 |   800/1143 batches | lr 0.0391 | loss  3.394 | ppl     29.78
[2022-04-10 17:27:33.649] E032 |  1000/1143 batches | lr 0.0391 | loss  3.349 | ppl     28.47
[2022-04-10 17:27:36.325] E032 |  1143/1143 batches | lr 0.0391 | loss  3.350 | ppl     28.51
[2022-04-10 17:27:41.664] End E032 | valid loss  4.506; ppl     90.57 | accu 0.2582 = 78585/304340
[2022-04-10 17:27:43.274] End E032 |  test loss  6.152; ppl    469.74 | accu 0.1527 = 14047/92000 ../data/adolescent_valid.txt
[2022-04-10 17:27:45.025] End E032 |  test loss  7.323; ppl   1514.35 | accu 0.0798 = 8053/100880 ../data/adult_test.txt
[2022-04-10 17:27:45.025] Save: model.pt... 
[2022-04-10 17:27:45.043] Save: model.pt...Done. best_val_loss: 4.5061
[2022-04-10 17:27:45.043] Epoch 033/40 ==================================================
[2022-04-10 17:27:48.804] E033 |   200/1143 batches | lr 0.0391 | loss  3.377 | ppl     29.28
[2022-04-10 17:27:52.734] E033 |   400/1143 batches | lr 0.0391 | loss  3.431 | ppl     30.90
[2022-04-10 17:27:56.470] E033 |   600/1143 batches | lr 0.0391 | loss  3.380 | ppl     29.37
[2022-04-10 17:28:00.246] E033 |   800/1143 batches | lr 0.0391 | loss  3.397 | ppl     29.89
[2022-04-10 17:28:04.020] E033 |  1000/1143 batches | lr 0.0391 | loss  3.351 | ppl     28.53
[2022-04-10 17:28:06.709] E033 |  1143/1143 batches | lr 0.0391 | loss  3.353 | ppl     28.58
[2022-04-10 17:28:12.125] End E033 | valid loss  4.506; ppl     90.57 | accu 0.2582 = 78580/304340
[2022-04-10 17:28:13.792] End E033 |  test loss  6.152; ppl    469.82 | accu 0.1528 = 14054/92000 ../data/adolescent_valid.txt
[2022-04-10 17:28:15.599] End E033 |  test loss  7.323; ppl   1514.62 | accu 0.0797 = 8039/100880 ../data/adult_test.txt
[2022-04-10 17:28:15.599] Epoch 034/40 ==================================================
[2022-04-10 17:28:19.360] E034 |   200/1143 batches | lr 0.0195 | loss  3.378 | ppl     29.31
[2022-04-10 17:28:23.111] E034 |   400/1143 batches | lr 0.0195 | loss  3.431 | ppl     30.89
[2022-04-10 17:28:26.834] E034 |   600/1143 batches | lr 0.0195 | loss  3.378 | ppl     29.31
[2022-04-10 17:28:30.567] E034 |   800/1143 batches | lr 0.0195 | loss  3.394 | ppl     29.80
[2022-04-10 17:28:34.295] E034 |  1000/1143 batches | lr 0.0195 | loss  3.349 | ppl     28.48
[2022-04-10 17:28:36.969] E034 |  1143/1143 batches | lr 0.0195 | loss  3.347 | ppl     28.43
[2022-04-10 17:28:42.298] End E034 | valid loss  4.506; ppl     90.55 | accu 0.2583 = 78601/304340
[2022-04-10 17:28:43.920] End E034 |  test loss  6.152; ppl    469.61 | accu 0.1528 = 14059/92000 ../data/adolescent_valid.txt
[2022-04-10 17:28:45.680] End E034 |  test loss  7.322; ppl   1513.21 | accu 0.0797 = 8037/100880 ../data/adult_test.txt
[2022-04-10 17:28:45.680] Save: model.pt... 
[2022-04-10 17:28:45.702] Save: model.pt...Done. best_val_loss: 4.5059
[2022-04-10 17:28:45.703] Epoch 035/40 ==================================================
[2022-04-10 17:28:49.486] E035 |   200/1143 batches | lr 0.0195 | loss  3.376 | ppl     29.25
[2022-04-10 17:28:53.248] E035 |   400/1143 batches | lr 0.0195 | loss  3.432 | ppl     30.93
[2022-04-10 17:28:57.026] E035 |   600/1143 batches | lr 0.0195 | loss  3.381 | ppl     29.40
[2022-04-10 17:29:00.780] E035 |   800/1143 batches | lr 0.0195 | loss  3.397 | ppl     29.86
[2022-04-10 17:29:04.544] E035 |  1000/1143 batches | lr 0.0195 | loss  3.347 | ppl     28.42
[2022-04-10 17:29:07.216] E035 |  1143/1143 batches | lr 0.0195 | loss  3.349 | ppl     28.46
[2022-04-10 17:29:12.602] End E035 | valid loss  4.506; ppl     90.55 | accu 0.2583 = 78600/304340
[2022-04-10 17:29:14.257] End E035 |  test loss  6.152; ppl    469.59 | accu 0.1528 = 14056/92000 ../data/adolescent_valid.txt
[2022-04-10 17:29:16.065] End E035 |  test loss  7.321; ppl   1512.24 | accu 0.0798 = 8046/100880 ../data/adult_test.txt
[2022-04-10 17:29:16.065] Save: model.pt... 
[2022-04-10 17:29:16.082] Save: model.pt...Done. best_val_loss: 4.5059
[2022-04-10 17:29:16.082] Epoch 036/40 ==================================================
[2022-04-10 17:29:19.881] E036 |   200/1143 batches | lr 0.0195 | loss  3.378 | ppl     29.31
[2022-04-10 17:29:23.610] E036 |   400/1143 batches | lr 0.0195 | loss  3.433 | ppl     30.97
[2022-04-10 17:29:27.436] E036 |   600/1143 batches | lr 0.0195 | loss  3.380 | ppl     29.38
[2022-04-10 17:29:31.212] E036 |   800/1143 batches | lr 0.0195 | loss  3.393 | ppl     29.74
[2022-04-10 17:29:34.974] E036 |  1000/1143 batches | lr 0.0195 | loss  3.349 | ppl     28.48
[2022-04-10 17:29:37.646] E036 |  1143/1143 batches | lr 0.0195 | loss  3.354 | ppl     28.63
[2022-04-10 17:29:42.952] End E036 | valid loss  4.506; ppl     90.54 | accu 0.2582 = 78595/304340
[2022-04-10 17:29:44.586] End E036 |  test loss  6.152; ppl    469.62 | accu 0.1528 = 14061/92000 ../data/adolescent_valid.txt
[2022-04-10 17:29:46.346] End E036 |  test loss  7.321; ppl   1511.99 | accu 0.0797 = 8040/100880 ../data/adult_test.txt
[2022-04-10 17:29:46.346] Save: model.pt... 
[2022-04-10 17:29:46.369] Save: model.pt...Done. best_val_loss: 4.5058
[2022-04-10 17:29:46.369] Epoch 037/40 ==================================================
[2022-04-10 17:29:50.143] E037 |   200/1143 batches | lr 0.0195 | loss  3.378 | ppl     29.32
[2022-04-10 17:29:53.898] E037 |   400/1143 batches | lr 0.0195 | loss  3.433 | ppl     30.96
[2022-04-10 17:29:57.683] E037 |   600/1143 batches | lr 0.0195 | loss  3.377 | ppl     29.27
[2022-04-10 17:30:01.429] E037 |   800/1143 batches | lr 0.0195 | loss  3.392 | ppl     29.73
[2022-04-10 17:30:05.203] E037 |  1000/1143 batches | lr 0.0195 | loss  3.352 | ppl     28.57
[2022-04-10 17:30:07.977] E037 |  1143/1143 batches | lr 0.0195 | loss  3.349 | ppl     28.47
[2022-04-10 17:30:13.420] End E037 | valid loss  4.506; ppl     90.53 | accu 0.2583 = 78596/304340
[2022-04-10 17:30:15.076] End E037 |  test loss  6.152; ppl    469.51 | accu 0.1528 = 14060/92000 ../data/adolescent_valid.txt
[2022-04-10 17:30:16.898] End E037 |  test loss  7.321; ppl   1511.34 | accu 0.0797 = 8042/100880 ../data/adult_test.txt
[2022-04-10 17:30:16.898] Save: model.pt... 
[2022-04-10 17:30:16.916] Save: model.pt...Done. best_val_loss: 4.5057
[2022-04-10 17:30:16.916] Epoch 038/40 ==================================================
[2022-04-10 17:30:20.707] E038 |   200/1143 batches | lr 0.0195 | loss  3.377 | ppl     29.28
[2022-04-10 17:30:24.471] E038 |   400/1143 batches | lr 0.0195 | loss  3.431 | ppl     30.92
[2022-04-10 17:30:28.247] E038 |   600/1143 batches | lr 0.0195 | loss  3.374 | ppl     29.21
[2022-04-10 17:30:31.992] E038 |   800/1143 batches | lr 0.0195 | loss  3.394 | ppl     29.79
[2022-04-10 17:30:35.737] E038 |  1000/1143 batches | lr 0.0195 | loss  3.350 | ppl     28.51
[2022-04-10 17:30:38.407] E038 |  1143/1143 batches | lr 0.0195 | loss  3.354 | ppl     28.62
[2022-04-10 17:30:43.704] End E038 | valid loss  4.506; ppl     90.54 | accu 0.2582 = 78580/304340
[2022-04-10 17:30:45.306] End E038 |  test loss  6.152; ppl    469.65 | accu 0.1528 = 14062/92000 ../data/adolescent_valid.txt
[2022-04-10 17:30:47.064] End E038 |  test loss  7.321; ppl   1511.94 | accu 0.0797 = 8039/100880 ../data/adult_test.txt
[2022-04-10 17:30:47.065] Epoch 039/40 ==================================================
[2022-04-10 17:30:50.804] E039 |   200/1143 batches | lr 0.0098 | loss  3.380 | ppl     29.36
[2022-04-10 17:30:54.527] E039 |   400/1143 batches | lr 0.0098 | loss  3.433 | ppl     30.95
[2022-04-10 17:30:58.269] E039 |   600/1143 batches | lr 0.0098 | loss  3.378 | ppl     29.31
[2022-04-10 17:31:02.001] E039 |   800/1143 batches | lr 0.0098 | loss  3.394 | ppl     29.78
[2022-04-10 17:31:05.726] E039 |  1000/1143 batches | lr 0.0098 | loss  3.355 | ppl     28.66
[2022-04-10 17:31:08.395] E039 |  1143/1143 batches | lr 0.0098 | loss  3.353 | ppl     28.58
[2022-04-10 17:31:13.794] End E039 | valid loss  4.506; ppl     90.53 | accu 0.2583 = 78605/304340
[2022-04-10 17:31:15.441] End E039 |  test loss  6.152; ppl    469.65 | accu 0.1528 = 14061/92000 ../data/adolescent_valid.txt
[2022-04-10 17:31:17.246] End E039 |  test loss  7.321; ppl   1511.72 | accu 0.0797 = 8041/100880 ../data/adult_test.txt
[2022-04-10 17:31:17.246] Epoch 040/40 ==================================================
[2022-04-10 17:31:20.989] E040 |   200/1143 batches | lr 0.0049 | loss  3.378 | ppl     29.33
[2022-04-10 17:31:24.717] E040 |   400/1143 batches | lr 0.0049 | loss  3.434 | ppl     31.00
[2022-04-10 17:31:28.459] E040 |   600/1143 batches | lr 0.0049 | loss  3.375 | ppl     29.24
[2022-04-10 17:31:32.180] E040 |   800/1143 batches | lr 0.0049 | loss  3.397 | ppl     29.87
[2022-04-10 17:31:35.918] E040 |  1000/1143 batches | lr 0.0049 | loss  3.349 | ppl     28.47
[2022-04-10 17:31:38.591] E040 |  1143/1143 batches | lr 0.0049 | loss  3.350 | ppl     28.51
[2022-04-10 17:31:43.865] End E040 | valid loss  4.506; ppl     90.53 | accu 0.2583 = 78615/304340
[2022-04-10 17:31:45.453] End E040 |  test loss  6.152; ppl    469.62 | accu 0.1529 = 14063/92000 ../data/adolescent_valid.txt
[2022-04-10 17:31:47.189] End E040 |  test loss  7.321; ppl   1511.59 | accu 0.0798 = 8048/100880 ../data/adult_test.txt
[2022-04-10 17:31:47.189] Save: model.pt... 
[2022-04-10 17:31:47.212] Save: model.pt...Done. best_val_loss: 4.5057
[2022-04-10 17:31:48.851] End. test loss  6.15; ppl   469.62 | accu 0.1529 = 14063/92000 ../data/adolescent_valid.txt
[2022-04-10 17:31:50.583] End. test loss  7.32; ppl  1511.59 | accu 0.0798 = 8048/100880 ../data/adult_test.txt
[2022-04-10 17:31:50.584] =========================================================================================
