[2022-04-10 18:27:46.629] corpus.train_file_list: 1
[2022-04-10 18:27:46.629]         ../data/cbt_train.txt
[2022-04-10 18:27:46.629] corpus.valid_file_list: 1
[2022-04-10 18:27:46.629]         ../data/cbt_valid.txt
[2022-04-10 18:27:46.629] corpus.test_file_list: 2
[2022-04-10 18:27:46.629]         ../data/adolescent_valid.txt
[2022-04-10 18:27:46.629]         ../data/adult_test.txt
[2022-04-10 18:27:46.629] corpus.subword_vocab_size: 10000
[2022-04-10 18:27:46.629] corpus.subword_model.train(2 files)...
[2022-04-10 18:27:46.629]         ../data/cbt_train.txt
[2022-04-10 18:27:46.629]         ../data/cbt_valid.txt
[2022-04-10 18:27:47.655] corpus.subword_model.train(2 files)...Done
[2022-04-10 18:27:47.655] corpus tokenize...
[2022-04-10 18:27:50.227]         train tokens: 762400  ../data/cbt_train.txt
[2022-04-10 18:27:51.262]         valid tokens: 287643  ../data/cbt_valid.txt
[2022-04-10 18:27:51.600]         test  tokens:  86279  ../data/adolescent_valid.txt
[2022-04-10 18:27:51.887]         test  tokens:  92698  ../data/adult_test.txt
[2022-04-10 18:27:51.887] corpus.ntokens      : 9429
[2022-04-10 18:27:51.887] corpus.char_count   : 86
[2022-04-10 18:27:51.887] corpus.char_cnt_dict: 86
[2022-04-10 18:27:51.887] corpus.char_id_dict : 86
[2022-04-10 18:27:51.892] corpus.batchify(1 files, batch_size=20)...
[2022-04-10 18:27:51.892]         tokens_all: 762400
[2022-04-10 18:27:51.892]         batched   :  38120
[2022-04-10 18:27:51.892]         ../data/cbt_train.txt
[2022-04-10 18:27:51.896] corpus.batchify(1 files, batch_size=20)...
[2022-04-10 18:27:51.896]         tokens_all: 287643
[2022-04-10 18:27:51.896]         batched   :  14382
[2022-04-10 18:27:51.896]         ../data/cbt_valid.txt
[2022-04-10 18:27:51.898] corpus.batchify(1 files, batch_size=20)...
[2022-04-10 18:27:51.898]         tokens_all:  86279
[2022-04-10 18:27:51.898]         batched   :   4313
[2022-04-10 18:27:51.898]         ../data/adolescent_valid.txt
[2022-04-10 18:27:51.899] corpus.batchify(1 files, batch_size=20)...
[2022-04-10 18:27:51.899]         tokens_all:  92698
[2022-04-10 18:27:51.900]         batched   :   4634
[2022-04-10 18:27:51.900]         ../data/adult_test.txt
[2022-04-10 18:27:51.963] RNNModel.rnn_type: LSTM
[2022-04-10 18:27:51.963] RNNModel.ntoken  : 9429
[2022-04-10 18:27:51.963] RNNModel.ninp    : 200
[2022-04-10 18:27:51.963] RNNModel.nhid    : 200
[2022-04-10 18:27:51.963] RNNModel.nlayers : 2
[2022-04-10 18:27:51.963] RNNModel.dropout : 0.2
[2022-04-10 18:27:51.963] RNNModel.tie_weights: False
[2022-04-10 18:27:51.963] RNNModel.char_mode  : CNN
[2022-04-10 18:27:51.963] RNNModel.char_cnt   : 87
[2022-04-10 18:27:51.963] RNNModel.char_emsize: 25
[2022-04-10 18:27:51.963] RNNModel.char_nhid  : 200
[2022-04-10 18:27:51.964] RNNModel.char_embeds: created
[2022-04-10 18:27:51.964] RNNModel.char_cnn3  : created
[2022-04-10 18:27:51.969] Epoch 001/40 ==================================================
[2022-04-10 18:27:59.293] E001 |   200/1089 batches | lr 20.0000 | loss  6.337 | ppl    565.10
[2022-04-10 18:28:07.004] E001 |   400/1089 batches | lr 20.0000 | loss  5.348 | ppl    210.25
[2022-04-10 18:28:14.308] E001 |   600/1089 batches | lr 20.0000 | loss  4.891 | ppl    133.13
[2022-04-10 18:28:21.602] E001 |   800/1089 batches | lr 20.0000 | loss  4.790 | ppl    120.26
[2022-04-10 18:28:28.903] E001 |  1000/1089 batches | lr 20.0000 | loss  4.685 | ppl    108.36
[2022-04-10 18:28:32.131] E001 |  1089/1089 batches | lr 20.0000 | loss  4.601 | ppl     99.56
[2022-04-10 18:28:38.184] End E001 | valid loss  5.020; ppl    151.43 | accu 0.1874 = 53898/287620
[2022-04-10 18:28:39.976] End E001 |  test loss  6.606; ppl    739.43 | accu 0.1067 = 9201/86240 ../data/adolescent_valid.txt
[2022-04-10 18:28:41.888] End E001 |  test loss  7.765; ppl   2356.09 | accu 0.0405 = 3751/92660 ../data/adult_test.txt
[2022-04-10 18:28:41.888] Save: model.pt... 
[2022-04-10 18:28:41.935] Save: model.pt...Done. best_val_loss: 5.0201
[2022-04-10 18:28:41.935] Epoch 002/40 ==================================================
[2022-04-10 18:28:49.202] E002 |   200/1089 batches | lr 20.0000 | loss  4.511 | ppl     91.00
[2022-04-10 18:28:56.463] E002 |   400/1089 batches | lr 20.0000 | loss  4.544 | ppl     94.08
[2022-04-10 18:29:03.713] E002 |   600/1089 batches | lr 20.0000 | loss  4.372 | ppl     79.16
[2022-04-10 18:29:10.954] E002 |   800/1089 batches | lr 20.0000 | loss  4.391 | ppl     80.71
[2022-04-10 18:29:18.224] E002 |  1000/1089 batches | lr 20.0000 | loss  4.358 | ppl     78.08
[2022-04-10 18:29:21.481] E002 |  1089/1089 batches | lr 20.0000 | loss  4.304 | ppl     74.02
[2022-04-10 18:29:27.482] End E002 | valid loss  4.815; ppl    123.33 | accu 0.2145 = 61693/287620
[2022-04-10 18:29:29.279] End E002 |  test loss  6.474; ppl    647.80 | accu 0.1196 = 10313/86240 ../data/adolescent_valid.txt
[2022-04-10 18:29:31.198] End E002 |  test loss  7.674; ppl   2152.29 | accu 0.0558 = 5170/92660 ../data/adult_test.txt
[2022-04-10 18:29:31.198] Save: model.pt... 
[2022-04-10 18:29:31.244] Save: model.pt...Done. best_val_loss: 4.8148
[2022-04-10 18:29:31.244] Epoch 003/40 ==================================================
[2022-04-10 18:29:38.523] E003 |   200/1089 batches | lr 20.0000 | loss  4.249 | ppl     70.00
[2022-04-10 18:29:45.782] E003 |   400/1089 batches | lr 20.0000 | loss  4.324 | ppl     75.52
[2022-04-10 18:29:53.062] E003 |   600/1089 batches | lr 20.0000 | loss  4.177 | ppl     65.19
[2022-04-10 18:30:00.391] E003 |   800/1089 batches | lr 20.0000 | loss  4.214 | ppl     67.59
[2022-04-10 18:30:07.638] E003 |  1000/1089 batches | lr 20.0000 | loss  4.199 | ppl     66.62
[2022-04-10 18:30:10.880] E003 |  1089/1089 batches | lr 20.0000 | loss  4.144 | ppl     63.08
[2022-04-10 18:30:16.894] End E003 | valid loss  4.766; ppl    117.40 | accu 0.2216 = 63749/287620
[2022-04-10 18:30:18.695] End E003 |  test loss  6.492; ppl    659.84 | accu 0.1199 = 10342/86240 ../data/adolescent_valid.txt
[2022-04-10 18:30:20.638] End E003 |  test loss  7.703; ppl   2215.19 | accu 0.0526 = 4871/92660 ../data/adult_test.txt
[2022-04-10 18:30:20.638] Save: model.pt... 
[2022-04-10 18:30:20.683] Save: model.pt...Done. best_val_loss: 4.7656
[2022-04-10 18:30:20.684] Epoch 004/40 ==================================================
[2022-04-10 18:30:27.936] E004 |   200/1089 batches | lr 20.0000 | loss  4.104 | ppl     60.60
[2022-04-10 18:30:35.262] E004 |   400/1089 batches | lr 20.0000 | loss  4.193 | ppl     66.20
[2022-04-10 18:30:42.498] E004 |   600/1089 batches | lr 20.0000 | loss  4.054 | ppl     57.62
[2022-04-10 18:30:49.750] E004 |   800/1089 batches | lr 20.0000 | loss  4.099 | ppl     60.30
[2022-04-10 18:30:57.013] E004 |  1000/1089 batches | lr 20.0000 | loss  4.093 | ppl     59.93
[2022-04-10 18:31:00.269] E004 |  1089/1089 batches | lr 20.0000 | loss  4.042 | ppl     56.92
[2022-04-10 18:31:06.272] End E004 | valid loss  4.713; ppl    111.39 | accu 0.2273 = 65382/287620
[2022-04-10 18:31:08.079] End E004 |  test loss  6.415; ppl    610.86 | accu 0.1243 = 10721/86240 ../data/adolescent_valid.txt
[2022-04-10 18:31:10.012] End E004 |  test loss  7.624; ppl   2047.68 | accu 0.0548 = 5075/92660 ../data/adult_test.txt
[2022-04-10 18:31:10.013] Save: model.pt... 
[2022-04-10 18:31:10.056] Save: model.pt...Done. best_val_loss: 4.7131
[2022-04-10 18:31:10.056] Epoch 005/40 ==================================================
[2022-04-10 18:31:17.881] E005 |   200/1089 batches | lr 20.0000 | loss  4.002 | ppl     54.72
[2022-04-10 18:31:25.142] E005 |   400/1089 batches | lr 20.0000 | loss  4.098 | ppl     60.25
[2022-04-10 18:31:32.449] E005 |   600/1089 batches | lr 20.0000 | loss  3.965 | ppl     52.73
[2022-04-10 18:31:39.680] E005 |   800/1089 batches | lr 20.0000 | loss  4.011 | ppl     55.18
[2022-04-10 18:31:46.943] E005 |  1000/1089 batches | lr 20.0000 | loss  4.015 | ppl     55.41
[2022-04-10 18:31:50.217] E005 |  1089/1089 batches | lr 20.0000 | loss  3.958 | ppl     52.37
[2022-04-10 18:31:56.266] End E005 | valid loss  4.697; ppl    109.57 | accu 0.2323 = 66801/287620
[2022-04-10 18:31:58.079] End E005 |  test loss  6.458; ppl    637.65 | accu 0.1268 = 10936/86240 ../data/adolescent_valid.txt
[2022-04-10 18:32:00.011] End E005 |  test loss  7.765; ppl   2356.44 | accu 0.0574 = 5322/92660 ../data/adult_test.txt
[2022-04-10 18:32:00.011] Save: model.pt... 
[2022-04-10 18:32:00.043] Save: model.pt...Done. best_val_loss: 4.6966
[2022-04-10 18:32:00.043] Epoch 006/40 ==================================================
[2022-04-10 18:32:07.305] E006 |   200/1089 batches | lr 20.0000 | loss  3.924 | ppl     50.59
[2022-04-10 18:32:14.538] E006 |   400/1089 batches | lr 20.0000 | loss  4.020 | ppl     55.70
[2022-04-10 18:32:21.823] E006 |   600/1089 batches | lr 20.0000 | loss  3.890 | ppl     48.93
[2022-04-10 18:32:29.100] E006 |   800/1089 batches | lr 20.0000 | loss  3.943 | ppl     51.55
[2022-04-10 18:32:36.394] E006 |  1000/1089 batches | lr 20.0000 | loss  3.949 | ppl     51.90
[2022-04-10 18:32:39.629] E006 |  1089/1089 batches | lr 20.0000 | loss  3.892 | ppl     48.99
[2022-04-10 18:32:45.637] End E006 | valid loss  4.694; ppl    109.28 | accu 0.2315 = 66581/287620
[2022-04-10 18:32:47.430] End E006 |  test loss  6.465; ppl    642.53 | accu 0.1253 = 10807/86240 ../data/adolescent_valid.txt
[2022-04-10 18:32:49.362] End E006 |  test loss  7.785; ppl   2405.22 | accu 0.0571 = 5291/92660 ../data/adult_test.txt
[2022-04-10 18:32:49.362] Save: model.pt... 
[2022-04-10 18:32:49.405] Save: model.pt...Done. best_val_loss: 4.6939
[2022-04-10 18:32:49.405] Epoch 007/40 ==================================================
[2022-04-10 18:32:56.740] E007 |   200/1089 batches | lr 20.0000 | loss  3.859 | ppl     47.42
[2022-04-10 18:33:04.038] E007 |   400/1089 batches | lr 20.0000 | loss  3.958 | ppl     52.36
[2022-04-10 18:33:11.296] E007 |   600/1089 batches | lr 20.0000 | loss  3.836 | ppl     46.34
[2022-04-10 18:33:18.561] E007 |   800/1089 batches | lr 20.0000 | loss  3.884 | ppl     48.64
[2022-04-10 18:33:25.953] E007 |  1000/1089 batches | lr 20.0000 | loss  3.895 | ppl     49.15
[2022-04-10 18:33:29.241] E007 |  1089/1089 batches | lr 20.0000 | loss  3.842 | ppl     46.61
[2022-04-10 18:33:35.311] End E007 | valid loss  4.676; ppl    107.29 | accu 0.2360 = 67879/287620
[2022-04-10 18:33:37.102] End E007 |  test loss  6.510; ppl    671.54 | accu 0.1257 = 10844/86240 ../data/adolescent_valid.txt
[2022-04-10 18:33:39.037] End E007 |  test loss  7.772; ppl   2373.64 | accu 0.0607 = 5625/92660 ../data/adult_test.txt
[2022-04-10 18:33:39.037] Save: model.pt... 
[2022-04-10 18:33:39.087] Save: model.pt...Done. best_val_loss: 4.6755
[2022-04-10 18:33:39.087] Epoch 008/40 ==================================================
[2022-04-10 18:33:46.450] E008 |   200/1089 batches | lr 20.0000 | loss  3.806 | ppl     44.97
[2022-04-10 18:33:53.830] E008 |   400/1089 batches | lr 20.0000 | loss  3.907 | ppl     49.73
[2022-04-10 18:34:01.277] E008 |   600/1089 batches | lr 20.0000 | loss  3.786 | ppl     44.07
[2022-04-10 18:34:08.751] E008 |   800/1089 batches | lr 20.0000 | loss  3.841 | ppl     46.56
[2022-04-10 18:34:16.180] E008 |  1000/1089 batches | lr 20.0000 | loss  3.846 | ppl     46.79
[2022-04-10 18:34:19.431] E008 |  1089/1089 batches | lr 20.0000 | loss  3.792 | ppl     44.35
[2022-04-10 18:34:25.453] End E008 | valid loss  4.681; ppl    107.85 | accu 0.2375 = 68301/287620
[2022-04-10 18:34:27.255] End E008 |  test loss  6.513; ppl    673.84 | accu 0.1290 = 11121/86240 ../data/adolescent_valid.txt
[2022-04-10 18:34:29.189] End E008 |  test loss  7.829; ppl   2511.64 | accu 0.0462 = 4285/92660 ../data/adult_test.txt
[2022-04-10 18:34:29.189] Epoch 009/40 ==================================================
[2022-04-10 18:34:37.310] E009 |   200/1089 batches | lr 10.0000 | loss  3.725 | ppl     41.46
[2022-04-10 18:34:45.808] E009 |   400/1089 batches | lr 10.0000 | loss  3.786 | ppl     44.08
[2022-04-10 18:34:54.296] E009 |   600/1089 batches | lr 10.0000 | loss  3.651 | ppl     38.50
[2022-04-10 18:35:02.785] E009 |   800/1089 batches | lr 10.0000 | loss  3.690 | ppl     40.03
[2022-04-10 18:35:11.248] E009 |  1000/1089 batches | lr 10.0000 | loss  3.673 | ppl     39.35
[2022-04-10 18:35:15.036] E009 |  1089/1089 batches | lr 10.0000 | loss  3.606 | ppl     36.83
[2022-04-10 18:35:22.332] End E009 | valid loss  4.626; ppl    102.07 | accu 0.2481 = 71358/287620
[2022-04-10 18:35:24.514] End E009 |  test loss  6.519; ppl    677.62 | accu 0.1364 = 11765/86240 ../data/adolescent_valid.txt
[2022-04-10 18:35:26.845] End E009 |  test loss  7.837; ppl   2532.82 | accu 0.0542 = 5018/92660 ../data/adult_test.txt
[2022-04-10 18:35:26.845] Save: model.pt... 
[2022-04-10 18:35:26.889] Save: model.pt...Done. best_val_loss: 4.6257
[2022-04-10 18:35:26.889] Epoch 010/40 ==================================================
[2022-04-10 18:35:35.209] E010 |   200/1089 batches | lr 10.0000 | loss  3.640 | ppl     38.08
[2022-04-10 18:35:42.531] E010 |   400/1089 batches | lr 10.0000 | loss  3.724 | ppl     41.44
[2022-04-10 18:35:49.809] E010 |   600/1089 batches | lr 10.0000 | loss  3.602 | ppl     36.68
[2022-04-10 18:35:57.308] E010 |   800/1089 batches | lr 10.0000 | loss  3.645 | ppl     38.29
[2022-04-10 18:36:04.800] E010 |  1000/1089 batches | lr 10.0000 | loss  3.643 | ppl     38.22
[2022-04-10 18:36:08.397] E010 |  1089/1089 batches | lr 10.0000 | loss  3.583 | ppl     35.97
[2022-04-10 18:36:15.685] End E010 | valid loss  4.640; ppl    103.50 | accu 0.2499 = 71883/287620
[2022-04-10 18:36:17.833] End E010 |  test loss  6.542; ppl    693.98 | accu 0.1345 = 11602/86240 ../data/adolescent_valid.txt
[2022-04-10 18:36:20.144] End E010 |  test loss  7.945; ppl   2822.65 | accu 0.0581 = 5388/92660 ../data/adult_test.txt
[2022-04-10 18:36:20.145] Epoch 011/40 ==================================================
[2022-04-10 18:36:28.456] E011 |   200/1089 batches | lr 5.0000 | loss  3.586 | ppl     36.09
[2022-04-10 18:36:36.948] E011 |   400/1089 batches | lr 5.0000 | loss  3.656 | ppl     38.71
[2022-04-10 18:36:45.440] E011 |   600/1089 batches | lr 5.0000 | loss  3.528 | ppl     34.05
[2022-04-10 18:36:53.758] E011 |   800/1089 batches | lr 5.0000 | loss  3.559 | ppl     35.14
[2022-04-10 18:37:01.062] E011 |  1000/1089 batches | lr 5.0000 | loss  3.544 | ppl     34.62
[2022-04-10 18:37:04.331] E011 |  1089/1089 batches | lr 5.0000 | loss  3.478 | ppl     32.40
[2022-04-10 18:37:10.340] End E011 | valid loss  4.609; ppl    100.37 | accu 0.2565 = 73785/287620
[2022-04-10 18:37:12.131] End E011 |  test loss  6.539; ppl    691.37 | accu 0.1382 = 11918/86240 ../data/adolescent_valid.txt
[2022-04-10 18:37:14.044] End E011 |  test loss  7.942; ppl   2812.32 | accu 0.0633 = 5865/92660 ../data/adult_test.txt
[2022-04-10 18:37:14.044] Save: model.pt... 
[2022-04-10 18:37:14.086] Save: model.pt...Done. best_val_loss: 4.6089
[2022-04-10 18:37:14.087] Epoch 012/40 ==================================================
[2022-04-10 18:37:21.556] E012 |   200/1089 batches | lr 5.0000 | loss  3.537 | ppl     34.36
[2022-04-10 18:37:29.015] E012 |   400/1089 batches | lr 5.0000 | loss  3.617 | ppl     37.24
[2022-04-10 18:37:36.492] E012 |   600/1089 batches | lr 5.0000 | loss  3.498 | ppl     33.06
[2022-04-10 18:37:44.280] E012 |   800/1089 batches | lr 5.0000 | loss  3.535 | ppl     34.30
[2022-04-10 18:37:52.206] E012 |  1000/1089 batches | lr 5.0000 | loss  3.531 | ppl     34.15
[2022-04-10 18:37:55.820] E012 |  1089/1089 batches | lr 5.0000 | loss  3.466 | ppl     32.00
[2022-04-10 18:38:03.071] End E012 | valid loss  4.609; ppl    100.41 | accu 0.2573 = 74016/287620
[2022-04-10 18:38:05.231] End E012 |  test loss  6.565; ppl    709.51 | accu 0.1385 = 11948/86240 ../data/adolescent_valid.txt
[2022-04-10 18:38:07.571] End E012 |  test loss  7.950; ppl   2835.31 | accu 0.0635 = 5885/92660 ../data/adult_test.txt
[2022-04-10 18:38:07.571] Epoch 013/40 ==================================================
[2022-04-10 18:38:15.925] E013 |   200/1089 batches | lr 2.5000 | loss  3.509 | ppl     33.41
[2022-04-10 18:38:24.337] E013 |   400/1089 batches | lr 2.5000 | loss  3.583 | ppl     35.99
[2022-04-10 18:38:32.888] E013 |   600/1089 batches | lr 2.5000 | loss  3.461 | ppl     31.83
[2022-04-10 18:38:41.367] E013 |   800/1089 batches | lr 2.5000 | loss  3.490 | ppl     32.78
[2022-04-10 18:38:49.512] E013 |  1000/1089 batches | lr 2.5000 | loss  3.476 | ppl     32.32
[2022-04-10 18:38:53.303] E013 |  1089/1089 batches | lr 2.5000 | loss  3.412 | ppl     30.34
[2022-04-10 18:38:59.296] End E013 | valid loss  4.608; ppl    100.24 | accu 0.2598 = 74738/287620
[2022-04-10 18:39:01.098] End E013 |  test loss  6.571; ppl    714.09 | accu 0.1408 = 12146/86240 ../data/adolescent_valid.txt
[2022-04-10 18:39:03.036] End E013 |  test loss  7.965; ppl   2878.42 | accu 0.0647 = 5991/92660 ../data/adult_test.txt
[2022-04-10 18:39:03.036] Save: model.pt... 
[2022-04-10 18:39:03.078] Save: model.pt...Done. best_val_loss: 4.6076
[2022-04-10 18:39:03.078] Epoch 014/40 ==================================================
[2022-04-10 18:39:10.766] E014 |   200/1089 batches | lr 2.5000 | loss  3.483 | ppl     32.56
[2022-04-10 18:39:18.332] E014 |   400/1089 batches | lr 2.5000 | loss  3.561 | ppl     35.22
[2022-04-10 18:39:26.260] E014 |   600/1089 batches | lr 2.5000 | loss  3.440 | ppl     31.19
[2022-04-10 18:39:34.118] E014 |   800/1089 batches | lr 2.5000 | loss  3.475 | ppl     32.31
[2022-04-10 18:39:41.978] E014 |  1000/1089 batches | lr 2.5000 | loss  3.472 | ppl     32.19
[2022-04-10 18:39:45.610] E014 |  1089/1089 batches | lr 2.5000 | loss  3.403 | ppl     30.06
[2022-04-10 18:39:52.899] End E014 | valid loss  4.611; ppl    100.56 | accu 0.2603 = 74875/287620
[2022-04-10 18:39:55.124] End E014 |  test loss  6.579; ppl    719.56 | accu 0.1411 = 12170/86240 ../data/adolescent_valid.txt
[2022-04-10 18:39:57.462] End E014 |  test loss  8.011; ppl   3012.75 | accu 0.0653 = 6048/92660 ../data/adult_test.txt
[2022-04-10 18:39:57.463] Epoch 015/40 ==================================================
[2022-04-10 18:40:05.166] E015 |   200/1089 batches | lr 1.2500 | loss  3.468 | ppl     32.07
[2022-04-10 18:40:12.846] E015 |   400/1089 batches | lr 1.2500 | loss  3.544 | ppl     34.62
[2022-04-10 18:40:20.439] E015 |   600/1089 batches | lr 1.2500 | loss  3.424 | ppl     30.71
[2022-04-10 18:40:28.114] E015 |   800/1089 batches | lr 1.2500 | loss  3.452 | ppl     31.56
[2022-04-10 18:40:35.732] E015 |  1000/1089 batches | lr 1.2500 | loss  3.439 | ppl     31.16
[2022-04-10 18:40:39.144] E015 |  1089/1089 batches | lr 1.2500 | loss  3.374 | ppl     29.20
[2022-04-10 18:40:45.204] End E015 | valid loss  4.606; ppl    100.05 | accu 0.2609 = 75047/287620
[2022-04-10 18:40:47.001] End E015 |  test loss  6.580; ppl    720.75 | accu 0.1422 = 12266/86240 ../data/adolescent_valid.txt
[2022-04-10 18:40:48.935] End E015 |  test loss  8.006; ppl   2998.31 | accu 0.0636 = 5893/92660 ../data/adult_test.txt
[2022-04-10 18:40:48.935] Save: model.pt... 
[2022-04-10 18:40:48.978] Save: model.pt...Done. best_val_loss: 4.6056
[2022-04-10 18:40:48.978] Epoch 016/40 ==================================================
[2022-04-10 18:40:56.574] E016 |   200/1089 batches | lr 1.2500 | loss  3.450 | ppl     31.51
[2022-04-10 18:41:04.192] E016 |   400/1089 batches | lr 1.2500 | loss  3.530 | ppl     34.13
[2022-04-10 18:41:11.834] E016 |   600/1089 batches | lr 1.2500 | loss  3.411 | ppl     30.29
[2022-04-10 18:41:19.451] E016 |   800/1089 batches | lr 1.2500 | loss  3.444 | ppl     31.31
[2022-04-10 18:41:27.066] E016 |  1000/1089 batches | lr 1.2500 | loss  3.438 | ppl     31.11
[2022-04-10 18:41:30.450] E016 |  1089/1089 batches | lr 1.2500 | loss  3.373 | ppl     29.17
[2022-04-10 18:41:36.448] End E016 | valid loss  4.609; ppl    100.35 | accu 0.2611 = 75107/287620
[2022-04-10 18:41:38.221] End E016 |  test loss  6.592; ppl    729.07 | accu 0.1416 = 12208/86240 ../data/adolescent_valid.txt
[2022-04-10 18:41:40.126] End E016 |  test loss  8.017; ppl   3032.44 | accu 0.0630 = 5839/92660 ../data/adult_test.txt
[2022-04-10 18:41:40.126] Epoch 017/40 ==================================================
[2022-04-10 18:41:47.695] E017 |   200/1089 batches | lr 0.6250 | loss  3.446 | ppl     31.37
[2022-04-10 18:41:55.254] E017 |   400/1089 batches | lr 0.6250 | loss  3.522 | ppl     33.84
[2022-04-10 18:42:02.848] E017 |   600/1089 batches | lr 0.6250 | loss  3.405 | ppl     30.10
[2022-04-10 18:42:10.403] E017 |   800/1089 batches | lr 0.6250 | loss  3.429 | ppl     30.86
[2022-04-10 18:42:17.987] E017 |  1000/1089 batches | lr 0.6250 | loss  3.421 | ppl     30.61
[2022-04-10 18:42:21.315] E017 |  1089/1089 batches | lr 0.6250 | loss  3.355 | ppl     28.64
[2022-04-10 18:42:27.272] End E017 | valid loss  4.606; ppl    100.10 | accu 0.2613 = 75154/287620
[2022-04-10 18:42:29.049] End E017 |  test loss  6.591; ppl    728.34 | accu 0.1423 = 12274/86240 ../data/adolescent_valid.txt
[2022-04-10 18:42:30.948] End E017 |  test loss  8.020; ppl   3041.49 | accu 0.0635 = 5880/92660 ../data/adult_test.txt
[2022-04-10 18:42:30.948] Epoch 018/40 ==================================================
[2022-04-10 18:42:38.476] E018 |   200/1089 batches | lr 0.3125 | loss  3.440 | ppl     31.18
[2022-04-10 18:42:46.048] E018 |   400/1089 batches | lr 0.3125 | loss  3.517 | ppl     33.67
[2022-04-10 18:42:53.611] E018 |   600/1089 batches | lr 0.3125 | loss  3.396 | ppl     29.85
[2022-04-10 18:43:01.169] E018 |   800/1089 batches | lr 0.3125 | loss  3.428 | ppl     30.80
[2022-04-10 18:43:08.752] E018 |  1000/1089 batches | lr 0.3125 | loss  3.413 | ppl     30.35
[2022-04-10 18:43:12.098] E018 |  1089/1089 batches | lr 0.3125 | loss  3.353 | ppl     28.58
[2022-04-10 18:43:18.071] End E018 | valid loss  4.603; ppl     99.81 | accu 0.2610 = 75062/287620
[2022-04-10 18:43:19.848] End E018 |  test loss  6.587; ppl    725.53 | accu 0.1423 = 12274/86240 ../data/adolescent_valid.txt
[2022-04-10 18:43:21.738] End E018 |  test loss  8.016; ppl   3030.46 | accu 0.0621 = 5753/92660 ../data/adult_test.txt
[2022-04-10 18:43:21.738] Save: model.pt... 
[2022-04-10 18:43:21.780] Save: model.pt...Done. best_val_loss: 4.6032
[2022-04-10 18:43:21.781] Epoch 019/40 ==================================================
[2022-04-10 18:43:29.332] E019 |   200/1089 batches | lr 0.3125 | loss  3.433 | ppl     30.97
[2022-04-10 18:43:36.920] E019 |   400/1089 batches | lr 0.3125 | loss  3.507 | ppl     33.35
[2022-04-10 18:43:44.513] E019 |   600/1089 batches | lr 0.3125 | loss  3.393 | ppl     29.75
[2022-04-10 18:43:52.098] E019 |   800/1089 batches | lr 0.3125 | loss  3.422 | ppl     30.63
[2022-04-10 18:43:59.723] E019 |  1000/1089 batches | lr 0.3125 | loss  3.411 | ppl     30.28
[2022-04-10 18:44:03.074] E019 |  1089/1089 batches | lr 0.3125 | loss  3.343 | ppl     28.31
[2022-04-10 18:44:09.085] End E019 | valid loss  4.604; ppl     99.88 | accu 0.2613 = 75154/287620
[2022-04-10 18:44:10.882] End E019 |  test loss  6.592; ppl    728.91 | accu 0.1426 = 12298/86240 ../data/adolescent_valid.txt
[2022-04-10 18:44:12.800] End E019 |  test loss  8.018; ppl   3035.30 | accu 0.0624 = 5782/92660 ../data/adult_test.txt
[2022-04-10 18:44:12.800] Epoch 020/40 ==================================================
[2022-04-10 18:44:20.290] E020 |   200/1089 batches | lr 0.1562 | loss  3.433 | ppl     30.96
[2022-04-10 18:44:27.812] E020 |   400/1089 batches | lr 0.1562 | loss  3.509 | ppl     33.42
[2022-04-10 18:44:35.333] E020 |   600/1089 batches | lr 0.1562 | loss  3.390 | ppl     29.66
[2022-04-10 18:44:42.871] E020 |   800/1089 batches | lr 0.1562 | loss  3.418 | ppl     30.52
[2022-04-10 18:44:50.374] E020 |  1000/1089 batches | lr 0.1562 | loss  3.407 | ppl     30.18
[2022-04-10 18:44:53.745] E020 |  1089/1089 batches | lr 0.1562 | loss  3.347 | ppl     28.41
[2022-04-10 18:44:59.703] End E020 | valid loss  4.602; ppl     99.66 | accu 0.2612 = 75135/287620
[2022-04-10 18:45:01.490] End E020 |  test loss  6.585; ppl    724.43 | accu 0.1425 = 12292/86240 ../data/adolescent_valid.txt
[2022-04-10 18:45:03.385] End E020 |  test loss  8.013; ppl   3020.30 | accu 0.0622 = 5761/92660 ../data/adult_test.txt
[2022-04-10 18:45:03.385] Save: model.pt... 
[2022-04-10 18:45:03.426] Save: model.pt...Done. best_val_loss: 4.6018
[2022-04-10 18:45:03.427] Epoch 021/40 ==================================================
[2022-04-10 18:45:10.930] E021 |   200/1089 batches | lr 0.1562 | loss  3.429 | ppl     30.84
[2022-04-10 18:45:18.488] E021 |   400/1089 batches | lr 0.1562 | loss  3.504 | ppl     33.25
[2022-04-10 18:45:25.995] E021 |   600/1089 batches | lr 0.1562 | loss  3.391 | ppl     29.70
[2022-04-10 18:45:33.523] E021 |   800/1089 batches | lr 0.1562 | loss  3.419 | ppl     30.54
[2022-04-10 18:45:41.133] E021 |  1000/1089 batches | lr 0.1562 | loss  3.409 | ppl     30.23
[2022-04-10 18:45:44.647] E021 |  1089/1089 batches | lr 0.1562 | loss  3.347 | ppl     28.41
[2022-04-10 18:45:50.762] End E021 | valid loss  4.601; ppl     99.59 | accu 0.2612 = 75126/287620
[2022-04-10 18:45:52.580] End E021 |  test loss  6.586; ppl    724.96 | accu 0.1428 = 12315/86240 ../data/adolescent_valid.txt
[2022-04-10 18:45:54.510] End E021 |  test loss  8.011; ppl   3012.76 | accu 0.0625 = 5787/92660 ../data/adult_test.txt
[2022-04-10 18:45:54.510] Save: model.pt... 
[2022-04-10 18:45:54.552] Save: model.pt...Done. best_val_loss: 4.6011
[2022-04-10 18:45:54.552] Epoch 022/40 ==================================================
[2022-04-10 18:46:02.089] E022 |   200/1089 batches | lr 0.1562 | loss  3.426 | ppl     30.76
[2022-04-10 18:46:09.670] E022 |   400/1089 batches | lr 0.1562 | loss  3.507 | ppl     33.33
[2022-04-10 18:46:17.216] E022 |   600/1089 batches | lr 0.1562 | loss  3.389 | ppl     29.64
[2022-04-10 18:46:25.352] E022 |   800/1089 batches | lr 0.1562 | loss  3.418 | ppl     30.51
[2022-04-10 18:46:33.174] E022 |  1000/1089 batches | lr 0.1562 | loss  3.408 | ppl     30.22
[2022-04-10 18:46:36.555] E022 |  1089/1089 batches | lr 0.1562 | loss  3.343 | ppl     28.30
[2022-04-10 18:46:42.537] End E022 | valid loss  4.601; ppl     99.61 | accu 0.2613 = 75156/287620
[2022-04-10 18:46:44.322] End E022 |  test loss  6.584; ppl    723.44 | accu 0.1426 = 12298/86240 ../data/adolescent_valid.txt
[2022-04-10 18:46:46.221] End E022 |  test loss  8.009; ppl   3006.42 | accu 0.0626 = 5802/92660 ../data/adult_test.txt
[2022-04-10 18:46:46.221] Epoch 023/40 ==================================================
[2022-04-10 18:46:53.778] E023 |   200/1089 batches | lr 0.0781 | loss  3.427 | ppl     30.77
[2022-04-10 18:47:01.335] E023 |   400/1089 batches | lr 0.0781 | loss  3.506 | ppl     33.31
[2022-04-10 18:47:08.640] E023 |   600/1089 batches | lr 0.0781 | loss  3.387 | ppl     29.57
[2022-04-10 18:47:15.923] E023 |   800/1089 batches | lr 0.0781 | loss  3.414 | ppl     30.40
[2022-04-10 18:47:23.510] E023 |  1000/1089 batches | lr 0.0781 | loss  3.404 | ppl     30.10
[2022-04-10 18:47:26.857] E023 |  1089/1089 batches | lr 0.0781 | loss  3.341 | ppl     28.26
[2022-04-10 18:47:32.832] End E023 | valid loss  4.601; ppl     99.54 | accu 0.2612 = 75121/287620
[2022-04-10 18:47:34.606] End E023 |  test loss  6.584; ppl    723.11 | accu 0.1425 = 12289/86240 ../data/adolescent_valid.txt
[2022-04-10 18:47:36.508] End E023 |  test loss  8.005; ppl   2996.17 | accu 0.0623 = 5776/92660 ../data/adult_test.txt
[2022-04-10 18:47:36.508] Save: model.pt... 
[2022-04-10 18:47:36.550] Save: model.pt...Done. best_val_loss: 4.6006
[2022-04-10 18:47:36.550] Epoch 024/40 ==================================================
[2022-04-10 18:47:44.084] E024 |   200/1089 batches | lr 0.0781 | loss  3.423 | ppl     30.65
[2022-04-10 18:47:51.618] E024 |   400/1089 batches | lr 0.0781 | loss  3.504 | ppl     33.26
[2022-04-10 18:47:59.167] E024 |   600/1089 batches | lr 0.0781 | loss  3.386 | ppl     29.56
[2022-04-10 18:48:06.641] E024 |   800/1089 batches | lr 0.0781 | loss  3.414 | ppl     30.39
[2022-04-10 18:48:14.158] E024 |  1000/1089 batches | lr 0.0781 | loss  3.406 | ppl     30.15
[2022-04-10 18:48:17.498] E024 |  1089/1089 batches | lr 0.0781 | loss  3.338 | ppl     28.16
[2022-04-10 18:48:23.467] End E024 | valid loss  4.600; ppl     99.51 | accu 0.2612 = 75137/287620
[2022-04-10 18:48:25.247] End E024 |  test loss  6.584; ppl    723.25 | accu 0.1424 = 12277/86240 ../data/adolescent_valid.txt
[2022-04-10 18:48:27.160] End E024 |  test loss  8.005; ppl   2996.59 | accu 0.0626 = 5798/92660 ../data/adult_test.txt
[2022-04-10 18:48:27.160] Save: model.pt... 
[2022-04-10 18:48:27.190] Save: model.pt...Done. best_val_loss: 4.6003
[2022-04-10 18:48:27.190] Epoch 025/40 ==================================================
[2022-04-10 18:48:34.692] E025 |   200/1089 batches | lr 0.0781 | loss  3.425 | ppl     30.72
[2022-04-10 18:48:42.223] E025 |   400/1089 batches | lr 0.0781 | loss  3.502 | ppl     33.19
[2022-04-10 18:48:49.737] E025 |   600/1089 batches | lr 0.0781 | loss  3.386 | ppl     29.56
[2022-04-10 18:48:57.269] E025 |   800/1089 batches | lr 0.0781 | loss  3.416 | ppl     30.46
[2022-04-10 18:49:04.759] E025 |  1000/1089 batches | lr 0.0781 | loss  3.404 | ppl     30.09
[2022-04-10 18:49:08.117] E025 |  1089/1089 batches | lr 0.0781 | loss  3.338 | ppl     28.17
[2022-04-10 18:49:14.093] End E025 | valid loss  4.600; ppl     99.52 | accu 0.2613 = 75146/287620
[2022-04-10 18:49:15.872] End E025 |  test loss  6.583; ppl    722.71 | accu 0.1425 = 12292/86240 ../data/adolescent_valid.txt
[2022-04-10 18:49:17.787] End E025 |  test loss  8.007; ppl   3002.84 | accu 0.0625 = 5795/92660 ../data/adult_test.txt
[2022-04-10 18:49:17.787] Epoch 026/40 ==================================================
[2022-04-10 18:49:25.267] E026 |   200/1089 batches | lr 0.0391 | loss  3.424 | ppl     30.70
[2022-04-10 18:49:32.807] E026 |   400/1089 batches | lr 0.0391 | loss  3.502 | ppl     33.18
[2022-04-10 18:49:40.303] E026 |   600/1089 batches | lr 0.0391 | loss  3.387 | ppl     29.59
[2022-04-10 18:49:47.829] E026 |   800/1089 batches | lr 0.0391 | loss  3.412 | ppl     30.33
[2022-04-10 18:49:55.345] E026 |  1000/1089 batches | lr 0.0391 | loss  3.405 | ppl     30.12
[2022-04-10 18:49:58.936] E026 |  1089/1089 batches | lr 0.0391 | loss  3.340 | ppl     28.23
[2022-04-10 18:50:06.135] End E026 | valid loss  4.600; ppl     99.47 | accu 0.2613 = 75154/287620
[2022-04-10 18:50:08.290] End E026 |  test loss  6.582; ppl    722.27 | accu 0.1425 = 12288/86240 ../data/adolescent_valid.txt
[2022-04-10 18:50:10.582] End E026 |  test loss  8.004; ppl   2992.39 | accu 0.0623 = 5770/92660 ../data/adult_test.txt
[2022-04-10 18:50:10.582] Save: model.pt... 
[2022-04-10 18:50:10.624] Save: model.pt...Done. best_val_loss: 4.5998
[2022-04-10 18:50:10.624] Epoch 027/40 ==================================================
[2022-04-10 18:50:19.165] E027 |   200/1089 batches | lr 0.0391 | loss  3.423 | ppl     30.67
[2022-04-10 18:50:27.781] E027 |   400/1089 batches | lr 0.0391 | loss  3.504 | ppl     33.25
[2022-04-10 18:50:36.442] E027 |   600/1089 batches | lr 0.0391 | loss  3.384 | ppl     29.50
[2022-04-10 18:50:44.253] E027 |   800/1089 batches | lr 0.0391 | loss  3.410 | ppl     30.27
[2022-04-10 18:50:51.860] E027 |  1000/1089 batches | lr 0.0391 | loss  3.405 | ppl     30.12
[2022-04-10 18:50:55.230] E027 |  1089/1089 batches | lr 0.0391 | loss  3.341 | ppl     28.24
[2022-04-10 18:51:01.201] End E027 | valid loss  4.600; ppl     99.44 | accu 0.2612 = 75124/287620
[2022-04-10 18:51:02.989] End E027 |  test loss  6.582; ppl    722.04 | accu 0.1424 = 12281/86240 ../data/adolescent_valid.txt
[2022-04-10 18:51:04.904] End E027 |  test loss  8.002; ppl   2987.79 | accu 0.0624 = 5778/92660 ../data/adult_test.txt
[2022-04-10 18:51:04.904] Save: model.pt... 
[2022-04-10 18:51:04.934] Save: model.pt...Done. best_val_loss: 4.5996
[2022-04-10 18:51:04.935] Epoch 028/40 ==================================================
[2022-04-10 18:51:12.450] E028 |   200/1089 batches | lr 0.0391 | loss  3.423 | ppl     30.67
[2022-04-10 18:51:19.962] E028 |   400/1089 batches | lr 0.0391 | loss  3.500 | ppl     33.13
[2022-04-10 18:51:27.483] E028 |   600/1089 batches | lr 0.0391 | loss  3.385 | ppl     29.52
[2022-04-10 18:51:35.007] E028 |   800/1089 batches | lr 0.0391 | loss  3.414 | ppl     30.40
[2022-04-10 18:51:42.532] E028 |  1000/1089 batches | lr 0.0391 | loss  3.405 | ppl     30.12
[2022-04-10 18:51:45.858] E028 |  1089/1089 batches | lr 0.0391 | loss  3.340 | ppl     28.21
[2022-04-10 18:51:51.798] End E028 | valid loss  4.600; ppl     99.47 | accu 0.2613 = 75147/287620
[2022-04-10 18:51:53.568] End E028 |  test loss  6.582; ppl    722.32 | accu 0.1425 = 12288/86240 ../data/adolescent_valid.txt
[2022-04-10 18:51:55.470] End E028 |  test loss  8.004; ppl   2994.00 | accu 0.0623 = 5777/92660 ../data/adult_test.txt
[2022-04-10 18:51:55.470] Epoch 029/40 ==================================================
[2022-04-10 18:52:02.948] E029 |   200/1089 batches | lr 0.0195 | loss  3.425 | ppl     30.71
[2022-04-10 18:52:10.490] E029 |   400/1089 batches | lr 0.0195 | loss  3.500 | ppl     33.12
[2022-04-10 18:52:18.073] E029 |   600/1089 batches | lr 0.0195 | loss  3.384 | ppl     29.49
[2022-04-10 18:52:25.680] E029 |   800/1089 batches | lr 0.0195 | loss  3.411 | ppl     30.29
[2022-04-10 18:52:33.271] E029 |  1000/1089 batches | lr 0.0195 | loss  3.403 | ppl     30.04
[2022-04-10 18:52:36.649] E029 |  1089/1089 batches | lr 0.0195 | loss  3.339 | ppl     28.18
[2022-04-10 18:52:42.617] End E029 | valid loss  4.600; ppl     99.46 | accu 0.2612 = 75139/287620
[2022-04-10 18:52:44.391] End E029 |  test loss  6.582; ppl    722.06 | accu 0.1425 = 12286/86240 ../data/adolescent_valid.txt
[2022-04-10 18:52:46.294] End E029 |  test loss  8.003; ppl   2990.93 | accu 0.0623 = 5774/92660 ../data/adult_test.txt
[2022-04-10 18:52:46.294] Epoch 030/40 ==================================================
[2022-04-10 18:52:53.840] E030 |   200/1089 batches | lr 0.0098 | loss  3.424 | ppl     30.69
[2022-04-10 18:53:01.458] E030 |   400/1089 batches | lr 0.0098 | loss  3.501 | ppl     33.15
[2022-04-10 18:53:09.030] E030 |   600/1089 batches | lr 0.0098 | loss  3.387 | ppl     29.56
[2022-04-10 18:53:16.571] E030 |   800/1089 batches | lr 0.0098 | loss  3.409 | ppl     30.24
[2022-04-10 18:53:24.065] E030 |  1000/1089 batches | lr 0.0098 | loss  3.401 | ppl     30.01
[2022-04-10 18:53:27.398] E030 |  1089/1089 batches | lr 0.0098 | loss  3.341 | ppl     28.26
[2022-04-10 18:53:33.352] End E030 | valid loss  4.600; ppl     99.45 | accu 0.2613 = 75144/287620
[2022-04-10 18:53:35.121] End E030 |  test loss  6.582; ppl    722.04 | accu 0.1425 = 12293/86240 ../data/adolescent_valid.txt
[2022-04-10 18:53:37.021] End E030 |  test loss  8.003; ppl   2989.75 | accu 0.0623 = 5777/92660 ../data/adult_test.txt
[2022-04-10 18:53:37.021] Epoch 031/40 ==================================================
[2022-04-10 18:53:44.499] E031 |   200/1089 batches | lr 0.0049 | loss  3.422 | ppl     30.63
[2022-04-10 18:53:52.020] E031 |   400/1089 batches | lr 0.0049 | loss  3.496 | ppl     32.99
[2022-04-10 18:53:59.659] E031 |   600/1089 batches | lr 0.0049 | loss  3.382 | ppl     29.42
[2022-04-10 18:54:08.329] E031 |   800/1089 batches | lr 0.0049 | loss  3.410 | ppl     30.27
[2022-04-10 18:54:16.976] E031 |  1000/1089 batches | lr 0.0049 | loss  3.404 | ppl     30.08
[2022-04-10 18:54:20.817] E031 |  1089/1089 batches | lr 0.0049 | loss  3.341 | ppl     28.25
[2022-04-10 18:54:28.040] End E031 | valid loss  4.600; ppl     99.44 | accu 0.2612 = 75134/287620
[2022-04-10 18:54:30.193] End E031 |  test loss  6.582; ppl    722.02 | accu 0.1425 = 12290/86240 ../data/adolescent_valid.txt
[2022-04-10 18:54:32.485] End E031 |  test loss  8.003; ppl   2989.09 | accu 0.0624 = 5778/92660 ../data/adult_test.txt
[2022-04-10 18:54:32.485] Save: model.pt... 
[2022-04-10 18:54:32.527] Save: model.pt...Done. best_val_loss: 4.5996
[2022-04-10 18:54:32.527] Epoch 032/40 ==================================================
[2022-04-10 18:54:40.548] E032 |   200/1089 batches | lr 0.0049 | loss  3.424 | ppl     30.68
[2022-04-10 18:54:48.158] E032 |   400/1089 batches | lr 0.0049 | loss  3.498 | ppl     33.04
[2022-04-10 18:54:55.744] E032 |   600/1089 batches | lr 0.0049 | loss  3.384 | ppl     29.48
[2022-04-10 18:55:03.364] E032 |   800/1089 batches | lr 0.0049 | loss  3.413 | ppl     30.36
[2022-04-10 18:55:10.938] E032 |  1000/1089 batches | lr 0.0049 | loss  3.402 | ppl     30.03
[2022-04-10 18:55:14.332] E032 |  1089/1089 batches | lr 0.0049 | loss  3.345 | ppl     28.35
[2022-04-10 18:55:20.296] End E032 | valid loss  4.600; ppl     99.44 | accu 0.2612 = 75136/287620
[2022-04-10 18:55:22.078] End E032 |  test loss  6.582; ppl    721.92 | accu 0.1426 = 12294/86240 ../data/adolescent_valid.txt
[2022-04-10 18:55:24.011] End E032 |  test loss  8.002; ppl   2987.81 | accu 0.0624 = 5782/92660 ../data/adult_test.txt
[2022-04-10 18:55:24.011] Save: model.pt... 
[2022-04-10 18:55:24.055] Save: model.pt...Done. best_val_loss: 4.5995
[2022-04-10 18:55:24.056] Epoch 033/40 ==================================================
[2022-04-10 18:55:31.612] E033 |   200/1089 batches | lr 0.0049 | loss  3.421 | ppl     30.60
[2022-04-10 18:55:39.629] E033 |   400/1089 batches | lr 0.0049 | loss  3.502 | ppl     33.17
[2022-04-10 18:55:48.300] E033 |   600/1089 batches | lr 0.0049 | loss  3.383 | ppl     29.46
[2022-04-10 18:55:56.047] E033 |   800/1089 batches | lr 0.0049 | loss  3.413 | ppl     30.34
[2022-04-10 18:56:03.630] E033 |  1000/1089 batches | lr 0.0049 | loss  3.402 | ppl     30.03
[2022-04-10 18:56:07.001] E033 |  1089/1089 batches | lr 0.0049 | loss  3.341 | ppl     28.25
[2022-04-10 18:56:12.979] End E033 | valid loss  4.599; ppl     99.43 | accu 0.2612 = 75138/287620
[2022-04-10 18:56:14.751] End E033 |  test loss  6.582; ppl    721.90 | accu 0.1425 = 12289/86240 ../data/adolescent_valid.txt
[2022-04-10 18:56:16.657] End E033 |  test loss  8.002; ppl   2987.38 | accu 0.0624 = 5786/92660 ../data/adult_test.txt
[2022-04-10 18:56:16.658] Save: model.pt... 
[2022-04-10 18:56:16.699] Save: model.pt...Done. best_val_loss: 4.5995
[2022-04-10 18:56:16.700] Epoch 034/40 ==================================================
[2022-04-10 18:56:24.104] E034 |   200/1089 batches | lr 0.0049 | loss  3.424 | ppl     30.68
[2022-04-10 18:56:31.676] E034 |   400/1089 batches | lr 0.0049 | loss  3.499 | ppl     33.09
[2022-04-10 18:56:39.266] E034 |   600/1089 batches | lr 0.0049 | loss  3.382 | ppl     29.44
[2022-04-10 18:56:46.817] E034 |   800/1089 batches | lr 0.0049 | loss  3.408 | ppl     30.20
[2022-04-10 18:56:54.393] E034 |  1000/1089 batches | lr 0.0049 | loss  3.403 | ppl     30.05
[2022-04-10 18:56:57.780] E034 |  1089/1089 batches | lr 0.0049 | loss  3.340 | ppl     28.22
[2022-04-10 18:57:03.755] End E034 | valid loss  4.599; ppl     99.43 | accu 0.2613 = 75142/287620
[2022-04-10 18:57:05.530] End E034 |  test loss  6.582; ppl    721.81 | accu 0.1425 = 12292/86240 ../data/adolescent_valid.txt
[2022-04-10 18:57:07.443] End E034 |  test loss  8.002; ppl   2986.61 | accu 0.0624 = 5786/92660 ../data/adult_test.txt
[2022-04-10 18:57:07.443] Save: model.pt... 
[2022-04-10 18:57:07.485] Save: model.pt...Done. best_val_loss: 4.5994
[2022-04-10 18:57:07.485] Epoch 035/40 ==================================================
[2022-04-10 18:57:15.039] E035 |   200/1089 batches | lr 0.0049 | loss  3.424 | ppl     30.69
[2022-04-10 18:57:22.655] E035 |   400/1089 batches | lr 0.0049 | loss  3.500 | ppl     33.11
[2022-04-10 18:57:30.228] E035 |   600/1089 batches | lr 0.0049 | loss  3.383 | ppl     29.47
[2022-04-10 18:57:37.799] E035 |   800/1089 batches | lr 0.0049 | loss  3.411 | ppl     30.29
[2022-04-10 18:57:45.379] E035 |  1000/1089 batches | lr 0.0049 | loss  3.405 | ppl     30.11
[2022-04-10 18:57:48.772] E035 |  1089/1089 batches | lr 0.0049 | loss  3.339 | ppl     28.20
[2022-04-10 18:57:54.722] End E035 | valid loss  4.599; ppl     99.43 | accu 0.2612 = 75131/287620
[2022-04-10 18:57:56.488] End E035 |  test loss  6.582; ppl    721.74 | accu 0.1425 = 12287/86240 ../data/adolescent_valid.txt
[2022-04-10 18:57:58.386] End E035 |  test loss  8.002; ppl   2985.96 | accu 0.0624 = 5783/92660 ../data/adult_test.txt
[2022-04-10 18:57:58.386] Save: model.pt... 
[2022-04-10 18:57:58.428] Save: model.pt...Done. best_val_loss: 4.5994
[2022-04-10 18:57:58.428] Epoch 036/40 ==================================================
[2022-04-10 18:58:05.953] E036 |   200/1089 batches | lr 0.0049 | loss  3.422 | ppl     30.63
[2022-04-10 18:58:13.763] E036 |   400/1089 batches | lr 0.0049 | loss  3.500 | ppl     33.12
[2022-04-10 18:58:21.278] E036 |   600/1089 batches | lr 0.0049 | loss  3.385 | ppl     29.51
[2022-04-10 18:58:28.807] E036 |   800/1089 batches | lr 0.0049 | loss  3.413 | ppl     30.34
[2022-04-10 18:58:36.325] E036 |  1000/1089 batches | lr 0.0049 | loss  3.406 | ppl     30.15
[2022-04-10 18:58:39.677] E036 |  1089/1089 batches | lr 0.0049 | loss  3.340 | ppl     28.22
[2022-04-10 18:58:45.642] End E036 | valid loss  4.599; ppl     99.42 | accu 0.2612 = 75129/287620
[2022-04-10 18:58:47.415] End E036 |  test loss  6.582; ppl    721.76 | accu 0.1425 = 12291/86240 ../data/adolescent_valid.txt
[2022-04-10 18:58:49.313] End E036 |  test loss  8.001; ppl   2985.16 | accu 0.0624 = 5784/92660 ../data/adult_test.txt
[2022-04-10 18:58:49.313] Save: model.pt... 
[2022-04-10 18:58:49.355] Save: model.pt...Done. best_val_loss: 4.5994
[2022-04-10 18:58:49.355] Epoch 037/40 ==================================================
[2022-04-10 18:58:56.839] E037 |   200/1089 batches | lr 0.0049 | loss  3.423 | ppl     30.66
[2022-04-10 18:59:04.354] E037 |   400/1089 batches | lr 0.0049 | loss  3.499 | ppl     33.09
[2022-04-10 18:59:11.862] E037 |   600/1089 batches | lr 0.0049 | loss  3.384 | ppl     29.48
[2022-04-10 18:59:19.388] E037 |   800/1089 batches | lr 0.0049 | loss  3.411 | ppl     30.30
[2022-04-10 18:59:26.877] E037 |  1000/1089 batches | lr 0.0049 | loss  3.400 | ppl     29.95
[2022-04-10 18:59:30.230] E037 |  1089/1089 batches | lr 0.0049 | loss  3.336 | ppl     28.11
[2022-04-10 18:59:36.194] End E037 | valid loss  4.599; ppl     99.43 | accu 0.2612 = 75121/287620
[2022-04-10 18:59:37.972] End E037 |  test loss  6.582; ppl    721.83 | accu 0.1425 = 12289/86240 ../data/adolescent_valid.txt
[2022-04-10 18:59:39.871] End E037 |  test loss  8.002; ppl   2985.86 | accu 0.0624 = 5785/92660 ../data/adult_test.txt
[2022-04-10 18:59:39.871] Epoch 038/40 ==================================================
[2022-04-10 18:59:48.353] E038 |   200/1089 batches | lr 0.0024 | loss  3.421 | ppl     30.59
[2022-04-10 18:59:56.344] E038 |   400/1089 batches | lr 0.0024 | loss  3.502 | ppl     33.17
[2022-04-10 19:00:03.976] E038 |   600/1089 batches | lr 0.0024 | loss  3.384 | ppl     29.49
[2022-04-10 19:00:11.590] E038 |   800/1089 batches | lr 0.0024 | loss  3.412 | ppl     30.32
[2022-04-10 19:00:19.195] E038 |  1000/1089 batches | lr 0.0024 | loss  3.402 | ppl     30.01
[2022-04-10 19:00:22.563] E038 |  1089/1089 batches | lr 0.0024 | loss  3.343 | ppl     28.31
[2022-04-10 19:00:28.525] End E038 | valid loss  4.599; ppl     99.43 | accu 0.2612 = 75127/287620
[2022-04-10 19:00:30.299] End E038 |  test loss  6.582; ppl    721.83 | accu 0.1425 = 12287/86240 ../data/adolescent_valid.txt
[2022-04-10 19:00:32.204] End E038 |  test loss  8.002; ppl   2985.73 | accu 0.0624 = 5785/92660 ../data/adult_test.txt
[2022-04-10 19:00:32.204] Epoch 039/40 ==================================================
[2022-04-10 19:00:39.727] E039 |   200/1089 batches | lr 0.0012 | loss  3.419 | ppl     30.54
[2022-04-10 19:00:47.307] E039 |   400/1089 batches | lr 0.0012 | loss  3.497 | ppl     33.01
[2022-04-10 19:00:54.919] E039 |   600/1089 batches | lr 0.0012 | loss  3.381 | ppl     29.40
[2022-04-10 19:01:02.502] E039 |   800/1089 batches | lr 0.0012 | loss  3.413 | ppl     30.36
[2022-04-10 19:01:10.079] E039 |  1000/1089 batches | lr 0.0012 | loss  3.401 | ppl     30.01
[2022-04-10 19:01:13.433] E039 |  1089/1089 batches | lr 0.0012 | loss  3.338 | ppl     28.17
[2022-04-10 19:01:19.399] End E039 | valid loss  4.599; ppl     99.43 | accu 0.2612 = 75131/287620
[2022-04-10 19:01:21.164] End E039 |  test loss  6.582; ppl    721.84 | accu 0.1425 = 12287/86240 ../data/adolescent_valid.txt
[2022-04-10 19:01:23.058] End E039 |  test loss  8.002; ppl   2985.78 | accu 0.0624 = 5786/92660 ../data/adult_test.txt
[2022-04-10 19:01:23.058] Epoch 040/40 ==================================================
[2022-04-10 19:01:30.583] E040 |   200/1089 batches | lr 0.0006 | loss  3.421 | ppl     30.60
[2022-04-10 19:01:38.162] E040 |   400/1089 batches | lr 0.0006 | loss  3.497 | ppl     33.01
[2022-04-10 19:01:45.925] E040 |   600/1089 batches | lr 0.0006 | loss  3.385 | ppl     29.51
[2022-04-10 19:01:53.538] E040 |   800/1089 batches | lr 0.0006 | loss  3.413 | ppl     30.35
[2022-04-10 19:02:01.077] E040 |  1000/1089 batches | lr 0.0006 | loss  3.402 | ppl     30.01
[2022-04-10 19:02:04.447] E040 |  1089/1089 batches | lr 0.0006 | loss  3.343 | ppl     28.30
[2022-04-10 19:02:10.428] End E040 | valid loss  4.599; ppl     99.43 | accu 0.2612 = 75131/287620
[2022-04-10 19:02:12.207] End E040 |  test loss  6.582; ppl    721.84 | accu 0.1425 = 12289/86240 ../data/adolescent_valid.txt
[2022-04-10 19:02:14.105] End E040 |  test loss  8.002; ppl   2985.72 | accu 0.0624 = 5785/92660 ../data/adult_test.txt
[2022-04-10 19:02:15.905] End. test loss  6.58; ppl   721.76 | accu 0.1425 = 12291/86240 ../data/adolescent_valid.txt
[2022-04-10 19:02:17.807] End. test loss  8.00; ppl  2985.16 | accu 0.0624 = 5784/92660 ../data/adult_test.txt
[2022-04-10 19:02:17.807] =========================================================================================
