[2022-04-11 04:23:02.353] corpus.train_file_list: 2
[2022-04-11 04:23:02.353]         ../data/sample_500k/cbt_train.txt
[2022-04-11 04:23:02.353]         ../data/sample_500k/adolescent_train.txt
[2022-04-11 04:23:02.353] corpus.valid_file_list: 2
[2022-04-11 04:23:02.353]         ../data/sample_500k/cbt_valid.txt
[2022-04-11 04:23:02.353]         ../data/sample_500k/adolescent_valid.txt
[2022-04-11 04:23:02.353] corpus.test_file_list: 3
[2022-04-11 04:23:02.353]         ../data/sample_500k/adult_test.txt
[2022-04-11 04:23:02.353]         ../data/sample_500k/adolescent_valid.txt
[2022-04-11 04:23:02.353]         ../data/sample_500k/cbt_valid.txt
[2022-04-11 04:23:02.353] corpus.subword_vocab_size: 10000
[2022-04-11 04:23:02.354] corpus.subword_model.train(4 files)...
[2022-04-11 04:23:02.354]         ../data/sample_500k/cbt_train.txt
[2022-04-11 04:23:02.354]         ../data/sample_500k/adolescent_train.txt
[2022-04-11 04:23:02.354]         ../data/sample_500k/cbt_valid.txt
[2022-04-11 04:23:02.354]         ../data/sample_500k/adolescent_valid.txt
[2022-04-11 04:23:03.800] corpus.subword_model.train(4 files)...Done
[2022-04-11 04:23:03.800] corpus tokenize...
[2022-04-11 04:23:05.779]         train tokens: 552315  ../data/sample_500k/cbt_train.txt
[2022-04-11 04:23:08.817]         train tokens: 615545  ../data/sample_500k/adolescent_train.txt
[2022-04-11 04:23:09.241]         valid tokens: 123137  ../data/sample_500k/cbt_valid.txt
[2022-04-11 04:23:09.941]         valid tokens: 145663  ../data/sample_500k/adolescent_valid.txt
[2022-04-11 04:23:12.060]         test  tokens: 771085  ../data/sample_500k/adult_test.txt
[2022-04-11 04:23:12.717]         test  tokens: 145663  ../data/sample_500k/adolescent_valid.txt
[2022-04-11 04:23:13.145]         test  tokens: 123137  ../data/sample_500k/cbt_valid.txt
[2022-04-11 04:23:13.146] corpus.ntokens      : 9813
[2022-04-11 04:23:13.146] corpus.char_count   : 120
[2022-04-11 04:23:13.146] corpus.char_cnt_dict: 120
[2022-04-11 04:23:13.146] corpus.char_id_dict : 120
[2022-04-11 04:23:13.162] corpus.batchify(2 files, batch_size=20)...
[2022-04-11 04:23:13.162]         tokens_all: 1167860
[2022-04-11 04:23:13.162]         batched   :  58393
[2022-04-11 04:23:13.162]         ../data/sample_500k/cbt_train.txt
[2022-04-11 04:23:13.162]         ../data/sample_500k/adolescent_train.txt
[2022-04-11 04:23:13.169] corpus.batchify(2 files, batch_size=20)...
[2022-04-11 04:23:13.169]         tokens_all: 268800
[2022-04-11 04:23:13.169]         batched   :  13440
[2022-04-11 04:23:13.169]         ../data/sample_500k/cbt_valid.txt
[2022-04-11 04:23:13.169]         ../data/sample_500k/adolescent_valid.txt
[2022-04-11 04:23:13.175] corpus.batchify(1 files, batch_size=20)...
[2022-04-11 04:23:13.175]         tokens_all: 771085
[2022-04-11 04:23:13.175]         batched   :  38554
[2022-04-11 04:23:13.175]         ../data/sample_500k/adult_test.txt
[2022-04-11 04:23:13.178] corpus.batchify(1 files, batch_size=20)...
[2022-04-11 04:23:13.178]         tokens_all: 145663
[2022-04-11 04:23:13.178]         batched   :   7283
[2022-04-11 04:23:13.178]         ../data/sample_500k/adolescent_valid.txt
[2022-04-11 04:23:13.180] corpus.batchify(1 files, batch_size=20)...
[2022-04-11 04:23:13.180]         tokens_all: 123137
[2022-04-11 04:23:13.180]         batched   :   6156
[2022-04-11 04:23:13.180]         ../data/sample_500k/cbt_valid.txt
[2022-04-11 04:23:13.249] RNNModel.rnn_type: LSTM
[2022-04-11 04:23:13.250] RNNModel.ntoken  : 9813
[2022-04-11 04:23:13.250] RNNModel.ninp    : 200
[2022-04-11 04:23:13.250] RNNModel.nhid    : 200
[2022-04-11 04:23:13.250] RNNModel.nlayers : 2
[2022-04-11 04:23:13.250] RNNModel.dropout : 0.2
[2022-04-11 04:23:13.250] RNNModel.tie_weights: False
[2022-04-11 04:23:13.250] RNNModel.char_mode  : 
[2022-04-11 04:23:13.250] RNNModel.char_cnt   : 121
[2022-04-11 04:23:13.250] RNNModel.char_emsize: 25
[2022-04-11 04:23:13.250] RNNModel.char_nhid  : 200
[2022-04-11 04:23:13.250] RNNModel will not use char-encoding
[2022-04-11 04:23:13.260] Epoch 001/40 ==================================================
[2022-04-11 04:23:17.589] E001 |   200/1668 batches | lr 20.0000 | loss  6.799 | ppl    897.36
[2022-04-11 04:23:22.005] E001 |   400/1668 batches | lr 20.0000 | loss  6.083 | ppl    438.48
[2022-04-11 04:23:26.379] E001 |   600/1668 batches | lr 20.0000 | loss  5.574 | ppl    263.46
[2022-04-11 04:23:30.859] E001 |   800/1668 batches | lr 20.0000 | loss  5.328 | ppl    206.07
[2022-04-11 04:23:35.395] E001 |  1000/1668 batches | lr 20.0000 | loss  5.209 | ppl    182.95
[2022-04-11 04:23:39.933] E001 |  1200/1668 batches | lr 20.0000 | loss  5.081 | ppl    161.00
[2022-04-11 04:23:44.456] E001 |  1400/1668 batches | lr 20.0000 | loss  5.070 | ppl    159.16
[2022-04-11 04:23:48.860] E001 |  1600/1668 batches | lr 20.0000 | loss  4.927 | ppl    137.97
[2022-04-11 04:23:50.368] E001 |  1668/1668 batches | lr 20.0000 | loss  4.931 | ppl    138.58
[2022-04-11 04:23:55.824] End E001 | valid loss  5.070; ppl    159.15 | accu 0.1892 = 50840/268780
[2022-04-11 04:24:11.518] End E001 |  test loss  6.872; ppl    965.21 | accu 0.0812 = 62613/771060 ../data/sample_500k/adult_test.txt
[2022-04-11 04:24:14.439] End E001 |  test loss  5.192; ppl    179.79 | accu 0.1925 = 28042/145640 ../data/sample_500k/adolescent_valid.txt
[2022-04-11 04:24:16.984] End E001 |  test loss  4.940; ppl    139.75 | accu 0.1815 = 22338/123100 ../data/sample_500k/cbt_valid.txt
[2022-04-11 04:24:16.985] Save: model.pt... 
[2022-04-11 04:24:17.029] Save: model.pt...Done. best_val_loss: 5.0698
[2022-04-11 04:24:17.029] Epoch 002/40 ==================================================
[2022-04-11 04:24:21.502] E002 |   200/1668 batches | lr 20.0000 | loss  4.883 | ppl    132.06
[2022-04-11 04:24:25.926] E002 |   400/1668 batches | lr 20.0000 | loss  4.883 | ppl    132.07
[2022-04-11 04:24:30.313] E002 |   600/1668 batches | lr 20.0000 | loss  4.808 | ppl    122.50
[2022-04-11 04:24:34.781] E002 |   800/1668 batches | lr 20.0000 | loss  4.753 | ppl    115.95
[2022-04-11 04:24:39.156] E002 |  1000/1668 batches | lr 20.0000 | loss  4.735 | ppl    113.90
[2022-04-11 04:24:43.466] E002 |  1200/1668 batches | lr 20.0000 | loss  4.676 | ppl    107.32
[2022-04-11 04:24:47.725] E002 |  1400/1668 batches | lr 20.0000 | loss  4.710 | ppl    111.00
[2022-04-11 04:24:52.127] E002 |  1600/1668 batches | lr 20.0000 | loss  4.612 | ppl    100.68
[2022-04-11 04:24:53.645] E002 |  1668/1668 batches | lr 20.0000 | loss  4.628 | ppl    102.35
[2022-04-11 04:24:59.124] End E002 | valid loss  4.857; ppl    128.66 | accu 0.2065 = 55497/268780
[2022-04-11 04:25:14.792] End E002 |  test loss  7.124; ppl   1241.70 | accu 0.0342 = 26408/771060 ../data/sample_500k/adult_test.txt
[2022-04-11 04:25:17.725] End E002 |  test loss  4.966; ppl    143.46 | accu 0.2123 = 30922/145640 ../data/sample_500k/adolescent_valid.txt
[2022-04-11 04:25:20.182] End E002 |  test loss  4.739; ppl    114.28 | accu 0.1973 = 24291/123100 ../data/sample_500k/cbt_valid.txt
[2022-04-11 04:25:20.182] Save: model.pt... 
[2022-04-11 04:25:20.222] Save: model.pt...Done. best_val_loss: 4.8572
[2022-04-11 04:25:20.223] Epoch 003/40 ==================================================
[2022-04-11 04:25:24.534] E003 |   200/1668 batches | lr 20.0000 | loss  4.603 | ppl     99.80
[2022-04-11 04:25:28.899] E003 |   400/1668 batches | lr 20.0000 | loss  4.633 | ppl    102.78
[2022-04-11 04:25:33.178] E003 |   600/1668 batches | lr 20.0000 | loss  4.581 | ppl     97.63
[2022-04-11 04:25:37.462] E003 |   800/1668 batches | lr 20.0000 | loss  4.542 | ppl     93.90
[2022-04-11 04:25:41.728] E003 |  1000/1668 batches | lr 20.0000 | loss  4.537 | ppl     93.43
[2022-04-11 04:25:46.045] E003 |  1200/1668 batches | lr 20.0000 | loss  4.491 | ppl     89.18
[2022-04-11 04:25:50.320] E003 |  1400/1668 batches | lr 20.0000 | loss  4.531 | ppl     92.87
[2022-04-11 04:25:54.625] E003 |  1600/1668 batches | lr 20.0000 | loss  4.451 | ppl     85.67
[2022-04-11 04:25:56.100] E003 |  1668/1668 batches | lr 20.0000 | loss  4.468 | ppl     87.16
[2022-04-11 04:26:01.424] End E003 | valid loss  4.773; ppl    118.26 | accu 0.2136 = 57398/268780
[2022-04-11 04:26:17.872] End E003 |  test loss  6.880; ppl    972.99 | accu 0.0726 = 55995/771060 ../data/sample_500k/adult_test.txt
[2022-04-11 04:26:20.775] End E003 |  test loss  4.880; ppl    131.63 | accu 0.2182 = 31784/145640 ../data/sample_500k/adolescent_valid.txt
[2022-04-11 04:26:23.229] End E003 |  test loss  4.650; ppl    104.59 | accu 0.2068 = 25452/123100 ../data/sample_500k/cbt_valid.txt
[2022-04-11 04:26:23.229] Save: model.pt... 
[2022-04-11 04:26:23.267] Save: model.pt...Done. best_val_loss: 4.7729
[2022-04-11 04:26:23.268] Epoch 004/40 ==================================================
[2022-04-11 04:26:27.727] E004 |   200/1668 batches | lr 20.0000 | loss  4.448 | ppl     85.50
[2022-04-11 04:26:32.094] E004 |   400/1668 batches | lr 20.0000 | loss  4.480 | ppl     88.20
[2022-04-11 04:26:36.423] E004 |   600/1668 batches | lr 20.0000 | loss  4.451 | ppl     85.71
[2022-04-11 04:26:40.776] E004 |   800/1668 batches | lr 20.0000 | loss  4.412 | ppl     82.45
[2022-04-11 04:26:45.226] E004 |  1000/1668 batches | lr 20.0000 | loss  4.407 | ppl     82.04
[2022-04-11 04:26:49.571] E004 |  1200/1668 batches | lr 20.0000 | loss  4.371 | ppl     79.10
[2022-04-11 04:26:53.884] E004 |  1400/1668 batches | lr 20.0000 | loss  4.410 | ppl     82.24
[2022-04-11 04:26:58.207] E004 |  1600/1668 batches | lr 20.0000 | loss  4.343 | ppl     76.95
[2022-04-11 04:26:59.673] E004 |  1668/1668 batches | lr 20.0000 | loss  4.361 | ppl     78.33
[2022-04-11 04:27:05.077] End E004 | valid loss  4.725; ppl    112.71 | accu 0.2204 = 59232/268780
[2022-04-11 04:27:20.789] End E004 |  test loss  7.443; ppl   1708.05 | accu 0.0496 = 38229/771060 ../data/sample_500k/adult_test.txt
[2022-04-11 04:27:23.754] End E004 |  test loss  4.832; ppl    125.51 | accu 0.2239 = 32615/145640 ../data/sample_500k/adolescent_valid.txt
[2022-04-11 04:27:26.263] End E004 |  test loss  4.597; ppl     99.21 | accu 0.2158 = 26567/123100 ../data/sample_500k/cbt_valid.txt
[2022-04-11 04:27:26.264] Save: model.pt... 
[2022-04-11 04:27:26.303] Save: model.pt...Done. best_val_loss: 4.7248
[2022-04-11 04:27:26.303] Epoch 005/40 ==================================================
[2022-04-11 04:27:30.741] E005 |   200/1668 batches | lr 20.0000 | loss  4.347 | ppl     77.23
[2022-04-11 04:27:35.105] E005 |   400/1668 batches | lr 20.0000 | loss  4.381 | ppl     79.89
[2022-04-11 04:27:39.370] E005 |   600/1668 batches | lr 20.0000 | loss  4.363 | ppl     78.50
[2022-04-11 04:27:43.589] E005 |   800/1668 batches | lr 20.0000 | loss  4.324 | ppl     75.52
[2022-04-11 04:27:47.923] E005 |  1000/1668 batches | lr 20.0000 | loss  4.319 | ppl     75.10
[2022-04-11 04:27:52.358] E005 |  1200/1668 batches | lr 20.0000 | loss  4.282 | ppl     72.38
[2022-04-11 04:27:56.802] E005 |  1400/1668 batches | lr 20.0000 | loss  4.330 | ppl     75.96
[2022-04-11 04:28:01.150] E005 |  1600/1668 batches | lr 20.0000 | loss  4.263 | ppl     70.99
[2022-04-11 04:28:02.618] E005 |  1668/1668 batches | lr 20.0000 | loss  4.292 | ppl     73.11
[2022-04-11 04:28:08.017] End E005 | valid loss  4.690; ppl    108.90 | accu 0.2219 = 59635/268780
[2022-04-11 04:28:23.709] End E005 |  test loss  7.227; ppl   1376.47 | accu 0.0429 = 33057/771060 ../data/sample_500k/adult_test.txt
[2022-04-11 04:28:26.690] End E005 |  test loss  4.796; ppl    121.08 | accu 0.2262 = 32938/145640 ../data/sample_500k/adolescent_valid.txt
[2022-04-11 04:28:29.213] End E005 |  test loss  4.561; ppl     95.70 | accu 0.2169 = 26705/123100 ../data/sample_500k/cbt_valid.txt
[2022-04-11 04:28:29.214] Save: model.pt... 
[2022-04-11 04:28:29.252] Save: model.pt...Done. best_val_loss: 4.6905
[2022-04-11 04:28:29.252] Epoch 006/40 ==================================================
[2022-04-11 04:28:33.723] E006 |   200/1668 batches | lr 20.0000 | loss  4.268 | ppl     71.36
[2022-04-11 04:28:38.093] E006 |   400/1668 batches | lr 20.0000 | loss  4.302 | ppl     73.87
[2022-04-11 04:28:42.460] E006 |   600/1668 batches | lr 20.0000 | loss  4.297 | ppl     73.51
[2022-04-11 04:28:46.875] E006 |   800/1668 batches | lr 20.0000 | loss  4.256 | ppl     70.56
[2022-04-11 04:28:51.273] E006 |  1000/1668 batches | lr 20.0000 | loss  4.249 | ppl     70.04
[2022-04-11 04:28:55.622] E006 |  1200/1668 batches | lr 20.0000 | loss  4.221 | ppl     68.10
[2022-04-11 04:28:59.956] E006 |  1400/1668 batches | lr 20.0000 | loss  4.263 | ppl     71.04
[2022-04-11 04:29:04.357] E006 |  1600/1668 batches | lr 20.0000 | loss  4.204 | ppl     66.92
[2022-04-11 04:29:05.827] E006 |  1668/1668 batches | lr 20.0000 | loss  4.226 | ppl     68.43
[2022-04-11 04:29:11.215] End E006 | valid loss  4.674; ppl    107.08 | accu 0.2251 = 60500/268780
[2022-04-11 04:29:27.145] End E006 |  test loss  6.775; ppl    875.75 | accu 0.1006 = 77562/771060 ../data/sample_500k/adult_test.txt
[2022-04-11 04:29:30.263] End E006 |  test loss  4.777; ppl    118.72 | accu 0.2282 = 33235/145640 ../data/sample_500k/adolescent_valid.txt
[2022-04-11 04:29:32.824] End E006 |  test loss  4.547; ppl     94.36 | accu 0.2216 = 27277/123100 ../data/sample_500k/cbt_valid.txt
[2022-04-11 04:29:32.824] Save: model.pt... 
[2022-04-11 04:29:32.871] Save: model.pt...Done. best_val_loss: 4.6736
[2022-04-11 04:29:32.871] Epoch 007/40 ==================================================
[2022-04-11 04:29:37.204] E007 |   200/1668 batches | lr 20.0000 | loss  4.210 | ppl     67.35
[2022-04-11 04:29:41.434] E007 |   400/1668 batches | lr 20.0000 | loss  4.251 | ppl     70.17
[2022-04-11 04:29:46.111] E007 |   600/1668 batches | lr 20.0000 | loss  4.250 | ppl     70.14
[2022-04-11 04:29:50.475] E007 |   800/1668 batches | lr 20.0000 | loss  4.202 | ppl     66.85
[2022-04-11 04:29:54.749] E007 |  1000/1668 batches | lr 20.0000 | loss  4.197 | ppl     66.48
[2022-04-11 04:29:59.015] E007 |  1200/1668 batches | lr 20.0000 | loss  4.174 | ppl     65.00
[2022-04-11 04:30:03.519] E007 |  1400/1668 batches | lr 20.0000 | loss  4.219 | ppl     67.95
[2022-04-11 04:30:08.320] E007 |  1600/1668 batches | lr 20.0000 | loss  4.160 | ppl     64.10
[2022-04-11 04:30:09.838] E007 |  1668/1668 batches | lr 20.0000 | loss  4.186 | ppl     65.76
[2022-04-11 04:30:15.377] End E007 | valid loss  4.673; ppl    107.03 | accu 0.2261 = 60766/268780
[2022-04-11 04:30:31.466] End E007 |  test loss  6.839; ppl    933.27 | accu 0.1012 = 78055/771060 ../data/sample_500k/adult_test.txt
[2022-04-11 04:30:34.490] End E007 |  test loss  4.789; ppl    120.18 | accu 0.2285 = 33283/145640 ../data/sample_500k/adolescent_valid.txt
[2022-04-11 04:30:37.024] End E007 |  test loss  4.535; ppl     93.26 | accu 0.2230 = 27452/123100 ../data/sample_500k/cbt_valid.txt
[2022-04-11 04:30:37.024] Save: model.pt... 
[2022-04-11 04:30:37.063] Save: model.pt...Done. best_val_loss: 4.6731
[2022-04-11 04:30:37.063] Epoch 008/40 ==================================================
[2022-04-11 04:30:41.523] E008 |   200/1668 batches | lr 20.0000 | loss  4.166 | ppl     64.48
[2022-04-11 04:30:46.008] E008 |   400/1668 batches | lr 20.0000 | loss  4.208 | ppl     67.21
[2022-04-11 04:30:50.379] E008 |   600/1668 batches | lr 20.0000 | loss  4.207 | ppl     67.16
[2022-04-11 04:30:54.799] E008 |   800/1668 batches | lr 20.0000 | loss  4.169 | ppl     64.67
[2022-04-11 04:30:59.347] E008 |  1000/1668 batches | lr 20.0000 | loss  4.155 | ppl     63.72
[2022-04-11 04:31:03.810] E008 |  1200/1668 batches | lr 20.0000 | loss  4.134 | ppl     62.42
[2022-04-11 04:31:08.309] E008 |  1400/1668 batches | lr 20.0000 | loss  4.176 | ppl     65.09
[2022-04-11 04:31:12.764] E008 |  1600/1668 batches | lr 20.0000 | loss  4.122 | ppl     61.71
[2022-04-11 04:31:14.283] E008 |  1668/1668 batches | lr 20.0000 | loss  4.151 | ppl     63.52
[2022-04-11 04:31:19.695] End E008 | valid loss  4.653; ppl    104.90 | accu 0.2279 = 61246/268780
[2022-04-11 04:31:35.733] End E008 |  test loss  6.747; ppl    851.43 | accu 0.1045 = 80594/771060 ../data/sample_500k/adult_test.txt
[2022-04-11 04:31:38.643] End E008 |  test loss  4.761; ppl    116.85 | accu 0.2292 = 33378/145640 ../data/sample_500k/adolescent_valid.txt
[2022-04-11 04:31:41.120] End E008 |  test loss  4.521; ppl     91.93 | accu 0.2266 = 27899/123100 ../data/sample_500k/cbt_valid.txt
[2022-04-11 04:31:41.120] Save: model.pt... 
[2022-04-11 04:31:41.159] Save: model.pt...Done. best_val_loss: 4.6530
[2022-04-11 04:31:41.159] Epoch 009/40 ==================================================
[2022-04-11 04:31:45.498] E009 |   200/1668 batches | lr 20.0000 | loss  4.129 | ppl     62.14
[2022-04-11 04:31:49.806] E009 |   400/1668 batches | lr 20.0000 | loss  4.173 | ppl     64.94
[2022-04-11 04:31:54.270] E009 |   600/1668 batches | lr 20.0000 | loss  4.177 | ppl     65.16
[2022-04-11 04:31:58.619] E009 |   800/1668 batches | lr 20.0000 | loss  4.132 | ppl     62.32
[2022-04-11 04:32:02.928] E009 |  1000/1668 batches | lr 20.0000 | loss  4.121 | ppl     61.64
[2022-04-11 04:32:07.239] E009 |  1200/1668 batches | lr 20.0000 | loss  4.096 | ppl     60.10
[2022-04-11 04:32:11.550] E009 |  1400/1668 batches | lr 20.0000 | loss  4.144 | ppl     63.05
[2022-04-11 04:32:15.971] E009 |  1600/1668 batches | lr 20.0000 | loss  4.089 | ppl     59.67
[2022-04-11 04:32:17.540] E009 |  1668/1668 batches | lr 20.0000 | loss  4.123 | ppl     61.73
[2022-04-11 04:32:22.876] End E009 | valid loss  4.659; ppl    105.49 | accu 0.2277 = 61213/268780
[2022-04-11 04:32:39.116] End E009 |  test loss  6.899; ppl    991.19 | accu 0.1026 = 79095/771060 ../data/sample_500k/adult_test.txt
[2022-04-11 04:32:42.105] End E009 |  test loss  4.765; ppl    117.37 | accu 0.2317 = 33748/145640 ../data/sample_500k/adolescent_valid.txt
[2022-04-11 04:32:44.605] End E009 |  test loss  4.527; ppl     92.51 | accu 0.2234 = 27496/123100 ../data/sample_500k/cbt_valid.txt
[2022-04-11 04:32:44.605] Epoch 010/40 ==================================================
[2022-04-11 04:32:48.959] E010 |   200/1668 batches | lr 10.0000 | loss  4.076 | ppl     58.94
[2022-04-11 04:32:53.335] E010 |   400/1668 batches | lr 10.0000 | loss  4.087 | ppl     59.57
[2022-04-11 04:32:57.723] E010 |   600/1668 batches | lr 10.0000 | loss  4.077 | ppl     59.00
[2022-04-11 04:33:02.136] E010 |   800/1668 batches | lr 10.0000 | loss  4.017 | ppl     55.53
[2022-04-11 04:33:06.527] E010 |  1000/1668 batches | lr 10.0000 | loss  3.988 | ppl     53.92
[2022-04-11 04:33:10.942] E010 |  1200/1668 batches | lr 10.0000 | loss  3.954 | ppl     52.12
[2022-04-11 04:33:15.386] E010 |  1400/1668 batches | lr 10.0000 | loss  3.984 | ppl     53.73
[2022-04-11 04:33:19.782] E010 |  1600/1668 batches | lr 10.0000 | loss  3.919 | ppl     50.38
[2022-04-11 04:33:21.273] E010 |  1668/1668 batches | lr 10.0000 | loss  3.946 | ppl     51.73
[2022-04-11 04:33:26.674] End E010 | valid loss  4.593; ppl     98.76 | accu 0.2368 = 63660/268780
[2022-04-11 04:33:42.479] End E010 |  test loss  6.787; ppl    886.11 | accu 0.1101 = 84881/771060 ../data/sample_500k/adult_test.txt
[2022-04-11 04:33:45.849] End E010 |  test loss  4.708; ppl    110.85 | accu 0.2389 = 34794/145640 ../data/sample_500k/adolescent_valid.txt
[2022-04-11 04:33:48.553] End E010 |  test loss  4.455; ppl     86.09 | accu 0.2342 = 28832/123100 ../data/sample_500k/cbt_valid.txt
[2022-04-11 04:33:48.553] Save: model.pt... 
[2022-04-11 04:33:48.591] Save: model.pt...Done. best_val_loss: 4.5927
[2022-04-11 04:33:48.591] Epoch 011/40 ==================================================
[2022-04-11 04:33:53.064] E011 |   200/1668 batches | lr 10.0000 | loss  3.987 | ppl     53.88
[2022-04-11 04:33:57.558] E011 |   400/1668 batches | lr 10.0000 | loss  4.018 | ppl     55.61
[2022-04-11 04:34:02.221] E011 |   600/1668 batches | lr 10.0000 | loss  4.017 | ppl     55.53
[2022-04-11 04:34:06.864] E011 |   800/1668 batches | lr 10.0000 | loss  3.967 | ppl     52.85
[2022-04-11 04:34:11.382] E011 |  1000/1668 batches | lr 10.0000 | loss  3.945 | ppl     51.67
[2022-04-11 04:34:15.661] E011 |  1200/1668 batches | lr 10.0000 | loss  3.913 | ppl     50.06
[2022-04-11 04:34:20.116] E011 |  1400/1668 batches | lr 10.0000 | loss  3.951 | ppl     51.97
[2022-04-11 04:34:24.582] E011 |  1600/1668 batches | lr 10.0000 | loss  3.896 | ppl     49.21
[2022-04-11 04:34:26.207] E011 |  1668/1668 batches | lr 10.0000 | loss  3.930 | ppl     50.91
[2022-04-11 04:34:31.928] End E011 | valid loss  4.588; ppl     98.28 | accu 0.2369 = 63665/268780
[2022-04-11 04:34:47.603] End E011 |  test loss  6.787; ppl    886.55 | accu 0.1104 = 85139/771060 ../data/sample_500k/adult_test.txt
[2022-04-11 04:34:50.597] End E011 |  test loss  4.701; ppl    110.11 | accu 0.2390 = 34801/145640 ../data/sample_500k/adolescent_valid.txt
[2022-04-11 04:34:53.096] End E011 |  test loss  4.452; ppl     85.77 | accu 0.2343 = 28840/123100 ../data/sample_500k/cbt_valid.txt
[2022-04-11 04:34:53.097] Save: model.pt... 
[2022-04-11 04:34:53.135] Save: model.pt...Done. best_val_loss: 4.5878
[2022-04-11 04:34:53.135] Epoch 012/40 ==================================================
[2022-04-11 04:34:57.588] E012 |   200/1668 batches | lr 10.0000 | loss  3.951 | ppl     51.96
[2022-04-11 04:35:02.090] E012 |   400/1668 batches | lr 10.0000 | loss  3.983 | ppl     53.68
[2022-04-11 04:35:06.542] E012 |   600/1668 batches | lr 10.0000 | loss  3.989 | ppl     53.99
[2022-04-11 04:35:11.030] E012 |   800/1668 batches | lr 10.0000 | loss  3.937 | ppl     51.27
[2022-04-11 04:35:15.433] E012 |  1000/1668 batches | lr 10.0000 | loss  3.919 | ppl     50.33
[2022-04-11 04:35:19.816] E012 |  1200/1668 batches | lr 10.0000 | loss  3.890 | ppl     48.89
[2022-04-11 04:35:24.349] E012 |  1400/1668 batches | lr 10.0000 | loss  3.925 | ppl     50.64
[2022-04-11 04:35:28.829] E012 |  1600/1668 batches | lr 10.0000 | loss  3.876 | ppl     48.23
[2022-04-11 04:35:30.323] E012 |  1668/1668 batches | lr 10.0000 | loss  3.907 | ppl     49.73
[2022-04-11 04:35:35.716] End E012 | valid loss  4.584; ppl     97.90 | accu 0.2382 = 64034/268780
[2022-04-11 04:35:51.640] End E012 |  test loss  6.846; ppl    940.49 | accu 0.1099 = 84748/771060 ../data/sample_500k/adult_test.txt
[2022-04-11 04:35:54.641] End E012 |  test loss  4.698; ppl    109.77 | accu 0.2401 = 34968/145640 ../data/sample_500k/adolescent_valid.txt
[2022-04-11 04:35:57.167] End E012 |  test loss  4.447; ppl     85.40 | accu 0.2358 = 29027/123100 ../data/sample_500k/cbt_valid.txt
[2022-04-11 04:35:57.168] Save: model.pt... 
[2022-04-11 04:35:57.207] Save: model.pt...Done. best_val_loss: 4.5839
[2022-04-11 04:35:57.208] Epoch 013/40 ==================================================
[2022-04-11 04:36:01.786] E013 |   200/1668 batches | lr 10.0000 | loss  3.919 | ppl     50.36
[2022-04-11 04:36:06.336] E013 |   400/1668 batches | lr 10.0000 | loss  3.955 | ppl     52.17
[2022-04-11 04:36:10.801] E013 |   600/1668 batches | lr 10.0000 | loss  3.968 | ppl     52.90
[2022-04-11 04:36:15.222] E013 |   800/1668 batches | lr 10.0000 | loss  3.916 | ppl     50.21
[2022-04-11 04:36:19.660] E013 |  1000/1668 batches | lr 10.0000 | loss  3.893 | ppl     49.05
[2022-04-11 04:36:24.212] E013 |  1200/1668 batches | lr 10.0000 | loss  3.868 | ppl     47.85
[2022-04-11 04:36:28.941] E013 |  1400/1668 batches | lr 10.0000 | loss  3.907 | ppl     49.77
[2022-04-11 04:36:33.646] E013 |  1600/1668 batches | lr 10.0000 | loss  3.855 | ppl     47.22
[2022-04-11 04:36:35.211] E013 |  1668/1668 batches | lr 10.0000 | loss  3.894 | ppl     49.09
[2022-04-11 04:36:40.666] End E013 | valid loss  4.582; ppl     97.69 | accu 0.2380 = 63970/268780
[2022-04-11 04:36:56.585] End E013 |  test loss  6.833; ppl    927.56 | accu 0.1110 = 85619/771060 ../data/sample_500k/adult_test.txt
[2022-04-11 04:36:59.568] End E013 |  test loss  4.694; ppl    109.29 | accu 0.2412 = 35123/145640 ../data/sample_500k/adolescent_valid.txt
[2022-04-11 04:37:02.089] End E013 |  test loss  4.449; ppl     85.51 | accu 0.2343 = 28848/123100 ../data/sample_500k/cbt_valid.txt
[2022-04-11 04:37:02.090] Save: model.pt... 
[2022-04-11 04:37:02.128] Save: model.pt...Done. best_val_loss: 4.5818
[2022-04-11 04:37:02.129] Epoch 014/40 ==================================================
[2022-04-11 04:37:06.633] E014 |   200/1668 batches | lr 10.0000 | loss  3.897 | ppl     49.26
[2022-04-11 04:37:11.030] E014 |   400/1668 batches | lr 10.0000 | loss  3.933 | ppl     51.07
[2022-04-11 04:37:15.606] E014 |   600/1668 batches | lr 10.0000 | loss  3.941 | ppl     51.49
[2022-04-11 04:37:20.241] E014 |   800/1668 batches | lr 10.0000 | loss  3.892 | ppl     49.02
[2022-04-11 04:37:24.705] E014 |  1000/1668 batches | lr 10.0000 | loss  3.875 | ppl     48.17
[2022-04-11 04:37:29.101] E014 |  1200/1668 batches | lr 10.0000 | loss  3.846 | ppl     46.81
[2022-04-11 04:37:33.545] E014 |  1400/1668 batches | lr 10.0000 | loss  3.887 | ppl     48.79
[2022-04-11 04:37:37.910] E014 |  1600/1668 batches | lr 10.0000 | loss  3.838 | ppl     46.43
[2022-04-11 04:37:39.491] E014 |  1668/1668 batches | lr 10.0000 | loss  3.876 | ppl     48.21
[2022-04-11 04:37:44.809] End E014 | valid loss  4.589; ppl     98.43 | accu 0.2381 = 64003/268780
[2022-04-11 04:38:00.858] End E014 |  test loss  6.832; ppl    926.71 | accu 0.1126 = 86846/771060 ../data/sample_500k/adult_test.txt
[2022-04-11 04:38:03.898] End E014 |  test loss  4.709; ppl    110.92 | accu 0.2408 = 35063/145640 ../data/sample_500k/adolescent_valid.txt
[2022-04-11 04:38:06.855] End E014 |  test loss  4.448; ppl     85.43 | accu 0.2351 = 28936/123100 ../data/sample_500k/cbt_valid.txt
[2022-04-11 04:38:06.856] Epoch 015/40 ==================================================
[2022-04-11 04:38:11.234] E015 |   200/1668 batches | lr 5.0000 | loss  3.870 | ppl     47.96
[2022-04-11 04:38:15.538] E015 |   400/1668 batches | lr 5.0000 | loss  3.896 | ppl     49.21
[2022-04-11 04:38:20.127] E015 |   600/1668 batches | lr 5.0000 | loss  3.896 | ppl     49.19
[2022-04-11 04:38:24.494] E015 |   800/1668 batches | lr 5.0000 | loss  3.839 | ppl     46.49
[2022-04-11 04:38:28.978] E015 |  1000/1668 batches | lr 5.0000 | loss  3.802 | ppl     44.78
[2022-04-11 04:38:33.326] E015 |  1200/1668 batches | lr 5.0000 | loss  3.771 | ppl     43.43
[2022-04-11 04:38:37.773] E015 |  1400/1668 batches | lr 5.0000 | loss  3.803 | ppl     44.82
[2022-04-11 04:38:42.219] E015 |  1600/1668 batches | lr 5.0000 | loss  3.750 | ppl     42.54
[2022-04-11 04:38:43.711] E015 |  1668/1668 batches | lr 5.0000 | loss  3.783 | ppl     43.96
[2022-04-11 04:38:49.003] End E015 | valid loss  4.568; ppl     96.31 | accu 0.2420 = 65052/268780
[2022-04-11 04:39:05.282] End E015 |  test loss  6.770; ppl    871.10 | accu 0.1159 = 89360/771060 ../data/sample_500k/adult_test.txt
[2022-04-11 04:39:08.234] End E015 |  test loss  4.689; ppl    108.71 | accu 0.2435 = 35468/145640 ../data/sample_500k/adolescent_valid.txt
[2022-04-11 04:39:10.748] End E015 |  test loss  4.424; ppl     83.44 | accu 0.2403 = 29582/123100 ../data/sample_500k/cbt_valid.txt
[2022-04-11 04:39:10.748] Save: model.pt... 
[2022-04-11 04:39:10.794] Save: model.pt...Done. best_val_loss: 4.5675
[2022-04-11 04:39:10.794] Epoch 016/40 ==================================================
[2022-04-11 04:39:15.226] E016 |   200/1668 batches | lr 5.0000 | loss  3.827 | ppl     45.91
[2022-04-11 04:39:19.679] E016 |   400/1668 batches | lr 5.0000 | loss  3.857 | ppl     47.32
[2022-04-11 04:39:24.138] E016 |   600/1668 batches | lr 5.0000 | loss  3.862 | ppl     47.56
[2022-04-11 04:39:28.575] E016 |   800/1668 batches | lr 5.0000 | loss  3.815 | ppl     45.39
[2022-04-11 04:39:32.970] E016 |  1000/1668 batches | lr 5.0000 | loss  3.781 | ppl     43.88
[2022-04-11 04:39:37.330] E016 |  1200/1668 batches | lr 5.0000 | loss  3.754 | ppl     42.70
[2022-04-11 04:39:41.678] E016 |  1400/1668 batches | lr 5.0000 | loss  3.787 | ppl     44.13
[2022-04-11 04:39:46.052] E016 |  1600/1668 batches | lr 5.0000 | loss  3.740 | ppl     42.08
[2022-04-11 04:39:47.602] E016 |  1668/1668 batches | lr 5.0000 | loss  3.770 | ppl     43.40
[2022-04-11 04:39:52.861] End E016 | valid loss  4.566; ppl     96.14 | accu 0.2432 = 65363/268780
[2022-04-11 04:40:08.993] End E016 |  test loss  6.786; ppl    885.67 | accu 0.1160 = 89480/771060 ../data/sample_500k/adult_test.txt
[2022-04-11 04:40:11.945] End E016 |  test loss  4.687; ppl    108.57 | accu 0.2440 = 35536/145640 ../data/sample_500k/adolescent_valid.txt
[2022-04-11 04:40:14.496] End E016 |  test loss  4.422; ppl     83.28 | accu 0.2417 = 29749/123100 ../data/sample_500k/cbt_valid.txt
[2022-04-11 04:40:14.496] Save: model.pt... 
[2022-04-11 04:40:14.543] Save: model.pt...Done. best_val_loss: 4.5658
[2022-04-11 04:40:14.543] Epoch 017/40 ==================================================
[2022-04-11 04:40:19.247] E017 |   200/1668 batches | lr 5.0000 | loss  3.804 | ppl     44.88
[2022-04-11 04:40:23.608] E017 |   400/1668 batches | lr 5.0000 | loss  3.839 | ppl     46.47
[2022-04-11 04:40:28.074] E017 |   600/1668 batches | lr 5.0000 | loss  3.845 | ppl     46.77
[2022-04-11 04:40:32.478] E017 |   800/1668 batches | lr 5.0000 | loss  3.799 | ppl     44.66
[2022-04-11 04:40:36.822] E017 |  1000/1668 batches | lr 5.0000 | loss  3.764 | ppl     43.12
[2022-04-11 04:40:41.220] E017 |  1200/1668 batches | lr 5.0000 | loss  3.737 | ppl     41.98
[2022-04-11 04:40:45.711] E017 |  1400/1668 batches | lr 5.0000 | loss  3.778 | ppl     43.72
[2022-04-11 04:40:50.251] E017 |  1600/1668 batches | lr 5.0000 | loss  3.729 | ppl     41.63
[2022-04-11 04:40:51.781] E017 |  1668/1668 batches | lr 5.0000 | loss  3.763 | ppl     43.07
[2022-04-11 04:40:57.435] End E017 | valid loss  4.565; ppl     96.10 | accu 0.2434 = 65414/268780
[2022-04-11 04:41:13.233] End E017 |  test loss  6.748; ppl    852.77 | accu 0.1169 = 90169/771060 ../data/sample_500k/adult_test.txt
[2022-04-11 04:41:16.170] End E017 |  test loss  4.687; ppl    108.52 | accu 0.2450 = 35685/145640 ../data/sample_500k/adolescent_valid.txt
[2022-04-11 04:41:18.624] End E017 |  test loss  4.422; ppl     83.28 | accu 0.2414 = 29714/123100 ../data/sample_500k/cbt_valid.txt
[2022-04-11 04:41:18.625] Save: model.pt... 
[2022-04-11 04:41:18.663] Save: model.pt...Done. best_val_loss: 4.5654
[2022-04-11 04:41:18.663] Epoch 018/40 ==================================================
[2022-04-11 04:41:23.194] E018 |   200/1668 batches | lr 5.0000 | loss  3.785 | ppl     44.06
[2022-04-11 04:41:27.737] E018 |   400/1668 batches | lr 5.0000 | loss  3.823 | ppl     45.72
[2022-04-11 04:41:32.140] E018 |   600/1668 batches | lr 5.0000 | loss  3.828 | ppl     45.99
[2022-04-11 04:41:36.573] E018 |   800/1668 batches | lr 5.0000 | loss  3.781 | ppl     43.85
[2022-04-11 04:41:41.089] E018 |  1000/1668 batches | lr 5.0000 | loss  3.754 | ppl     42.71
[2022-04-11 04:41:45.466] E018 |  1200/1668 batches | lr 5.0000 | loss  3.729 | ppl     41.63
[2022-04-11 04:41:49.961] E018 |  1400/1668 batches | lr 5.0000 | loss  3.767 | ppl     43.25
[2022-04-11 04:41:54.472] E018 |  1600/1668 batches | lr 5.0000 | loss  3.715 | ppl     41.05
[2022-04-11 04:41:55.985] E018 |  1668/1668 batches | lr 5.0000 | loss  3.751 | ppl     42.55
[2022-04-11 04:42:01.711] End E018 | valid loss  4.562; ppl     95.80 | accu 0.2446 = 65747/268780
[2022-04-11 04:42:17.730] End E018 |  test loss  6.759; ppl    862.01 | accu 0.1178 = 90825/771060 ../data/sample_500k/adult_test.txt
[2022-04-11 04:42:20.764] End E018 |  test loss  4.682; ppl    108.04 | accu 0.2460 = 35834/145640 ../data/sample_500k/adolescent_valid.txt
[2022-04-11 04:42:23.235] End E018 |  test loss  4.421; ppl     83.15 | accu 0.2427 = 29874/123100 ../data/sample_500k/cbt_valid.txt
[2022-04-11 04:42:23.235] Save: model.pt... 
[2022-04-11 04:42:23.273] Save: model.pt...Done. best_val_loss: 4.5622
[2022-04-11 04:42:23.273] Epoch 019/40 ==================================================
[2022-04-11 04:42:27.836] E019 |   200/1668 batches | lr 5.0000 | loss  3.775 | ppl     43.59
[2022-04-11 04:42:32.439] E019 |   400/1668 batches | lr 5.0000 | loss  3.806 | ppl     44.97
[2022-04-11 04:42:36.973] E019 |   600/1668 batches | lr 5.0000 | loss  3.819 | ppl     45.56
[2022-04-11 04:42:41.427] E019 |   800/1668 batches | lr 5.0000 | loss  3.774 | ppl     43.55
[2022-04-11 04:42:45.852] E019 |  1000/1668 batches | lr 5.0000 | loss  3.745 | ppl     42.29
[2022-04-11 04:42:50.355] E019 |  1200/1668 batches | lr 5.0000 | loss  3.716 | ppl     41.12
[2022-04-11 04:42:54.769] E019 |  1400/1668 batches | lr 5.0000 | loss  3.756 | ppl     42.79
[2022-04-11 04:42:59.203] E019 |  1600/1668 batches | lr 5.0000 | loss  3.707 | ppl     40.74
[2022-04-11 04:43:00.734] E019 |  1668/1668 batches | lr 5.0000 | loss  3.744 | ppl     42.27
[2022-04-11 04:43:06.143] End E019 | valid loss  4.565; ppl     96.04 | accu 0.2434 = 65417/268780
[2022-04-11 04:43:21.603] End E019 |  test loss  6.755; ppl    858.65 | accu 0.1173 = 90427/771060 ../data/sample_500k/adult_test.txt
[2022-04-11 04:43:24.560] End E019 |  test loss  4.686; ppl    108.37 | accu 0.2449 = 35667/145640 ../data/sample_500k/adolescent_valid.txt
[2022-04-11 04:43:27.019] End E019 |  test loss  4.421; ppl     83.15 | accu 0.2417 = 29751/123100 ../data/sample_500k/cbt_valid.txt
[2022-04-11 04:43:27.019] Epoch 020/40 ==================================================
[2022-04-11 04:43:31.341] E020 |   200/1668 batches | lr 2.5000 | loss  3.765 | ppl     43.15
[2022-04-11 04:43:35.725] E020 |   400/1668 batches | lr 2.5000 | loss  3.793 | ppl     44.39
[2022-04-11 04:43:40.129] E020 |   600/1668 batches | lr 2.5000 | loss  3.796 | ppl     44.53
[2022-04-11 04:43:44.578] E020 |   800/1668 batches | lr 2.5000 | loss  3.746 | ppl     42.36
[2022-04-11 04:43:49.045] E020 |  1000/1668 batches | lr 2.5000 | loss  3.710 | ppl     40.84
[2022-04-11 04:43:53.477] E020 |  1200/1668 batches | lr 2.5000 | loss  3.678 | ppl     39.57
[2022-04-11 04:43:57.963] E020 |  1400/1668 batches | lr 2.5000 | loss  3.714 | ppl     41.03
[2022-04-11 04:44:02.432] E020 |  1600/1668 batches | lr 2.5000 | loss  3.658 | ppl     38.78
[2022-04-11 04:44:03.926] E020 |  1668/1668 batches | lr 2.5000 | loss  3.697 | ppl     40.32
[2022-04-11 04:44:09.344] End E020 | valid loss  4.558; ppl     95.44 | accu 0.2465 = 66254/268780
[2022-04-11 04:44:25.003] End E020 |  test loss  6.739; ppl    844.37 | accu 0.1188 = 91587/771060 ../data/sample_500k/adult_test.txt
[2022-04-11 04:44:27.934] End E020 |  test loss  4.684; ppl    108.18 | accu 0.2472 = 35997/145640 ../data/sample_500k/adolescent_valid.txt
[2022-04-11 04:44:30.424] End E020 |  test loss  4.412; ppl     82.40 | accu 0.2452 = 30190/123100 ../data/sample_500k/cbt_valid.txt
[2022-04-11 04:44:30.425] Save: model.pt... 
[2022-04-11 04:44:30.463] Save: model.pt...Done. best_val_loss: 4.5585
[2022-04-11 04:44:30.463] Epoch 021/40 ==================================================
[2022-04-11 04:44:34.843] E021 |   200/1668 batches | lr 2.5000 | loss  3.745 | ppl     42.33
[2022-04-11 04:44:39.254] E021 |   400/1668 batches | lr 2.5000 | loss  3.770 | ppl     43.39
[2022-04-11 04:44:43.606] E021 |   600/1668 batches | lr 2.5000 | loss  3.781 | ppl     43.86
[2022-04-11 04:44:48.033] E021 |   800/1668 batches | lr 2.5000 | loss  3.733 | ppl     41.81
[2022-04-11 04:44:52.347] E021 |  1000/1668 batches | lr 2.5000 | loss  3.697 | ppl     40.31
[2022-04-11 04:44:56.683] E021 |  1200/1668 batches | lr 2.5000 | loss  3.671 | ppl     39.31
[2022-04-11 04:45:01.036] E021 |  1400/1668 batches | lr 2.5000 | loss  3.707 | ppl     40.72
[2022-04-11 04:45:05.526] E021 |  1600/1668 batches | lr 2.5000 | loss  3.655 | ppl     38.66
[2022-04-11 04:45:06.993] E021 |  1668/1668 batches | lr 2.5000 | loss  3.694 | ppl     40.19
[2022-04-11 04:45:12.299] End E021 | valid loss  4.553; ppl     94.96 | accu 0.2465 = 66243/268780
[2022-04-11 04:45:27.693] End E021 |  test loss  6.740; ppl    845.48 | accu 0.1192 = 91907/771060 ../data/sample_500k/adult_test.txt
[2022-04-11 04:45:30.622] End E021 |  test loss  4.676; ppl    107.38 | accu 0.2473 = 36010/145640 ../data/sample_500k/adolescent_valid.txt
[2022-04-11 04:45:33.061] End E021 |  test loss  4.409; ppl     82.20 | accu 0.2452 = 30178/123100 ../data/sample_500k/cbt_valid.txt
[2022-04-11 04:45:33.062] Save: model.pt... 
[2022-04-11 04:45:33.100] Save: model.pt...Done. best_val_loss: 4.5535
[2022-04-11 04:45:33.100] Epoch 022/40 ==================================================
[2022-04-11 04:45:37.469] E022 |   200/1668 batches | lr 2.5000 | loss  3.726 | ppl     41.53
[2022-04-11 04:45:41.817] E022 |   400/1668 batches | lr 2.5000 | loss  3.764 | ppl     43.11
[2022-04-11 04:45:46.233] E022 |   600/1668 batches | lr 2.5000 | loss  3.776 | ppl     43.65
[2022-04-11 04:45:50.595] E022 |   800/1668 batches | lr 2.5000 | loss  3.721 | ppl     41.31
[2022-04-11 04:45:54.973] E022 |  1000/1668 batches | lr 2.5000 | loss  3.690 | ppl     40.05
[2022-04-11 04:45:59.343] E022 |  1200/1668 batches | lr 2.5000 | loss  3.664 | ppl     39.03
[2022-04-11 04:46:03.753] E022 |  1400/1668 batches | lr 2.5000 | loss  3.702 | ppl     40.54
[2022-04-11 04:46:08.122] E022 |  1600/1668 batches | lr 2.5000 | loss  3.652 | ppl     38.57
[2022-04-11 04:46:09.612] E022 |  1668/1668 batches | lr 2.5000 | loss  3.686 | ppl     39.90
[2022-04-11 04:46:14.975] End E022 | valid loss  4.554; ppl     95.02 | accu 0.2464 = 66214/268780
[2022-04-11 04:46:30.640] End E022 |  test loss  6.746; ppl    850.37 | accu 0.1191 = 91835/771060 ../data/sample_500k/adult_test.txt
[2022-04-11 04:46:33.565] End E022 |  test loss  4.676; ppl    107.31 | accu 0.2473 = 36024/145640 ../data/sample_500k/adolescent_valid.txt
[2022-04-11 04:46:36.090] End E022 |  test loss  4.410; ppl     82.29 | accu 0.2450 = 30163/123100 ../data/sample_500k/cbt_valid.txt
[2022-04-11 04:46:36.090] Epoch 023/40 ==================================================
[2022-04-11 04:46:40.479] E023 |   200/1668 batches | lr 1.2500 | loss  3.729 | ppl     41.64
[2022-04-11 04:46:44.809] E023 |   400/1668 batches | lr 1.2500 | loss  3.759 | ppl     42.91
[2022-04-11 04:46:49.267] E023 |   600/1668 batches | lr 1.2500 | loss  3.759 | ppl     42.92
[2022-04-11 04:46:53.612] E023 |   800/1668 batches | lr 1.2500 | loss  3.708 | ppl     40.75
[2022-04-11 04:46:58.027] E023 |  1000/1668 batches | lr 1.2500 | loss  3.671 | ppl     39.30
[2022-04-11 04:47:02.485] E023 |  1200/1668 batches | lr 1.2500 | loss  3.647 | ppl     38.38
[2022-04-11 04:47:06.935] E023 |  1400/1668 batches | lr 1.2500 | loss  3.678 | ppl     39.58
[2022-04-11 04:47:11.342] E023 |  1600/1668 batches | lr 1.2500 | loss  3.627 | ppl     37.61
[2022-04-11 04:47:12.845] E023 |  1668/1668 batches | lr 1.2500 | loss  3.664 | ppl     39.01
[2022-04-11 04:47:18.138] End E023 | valid loss  4.553; ppl     94.92 | accu 0.2477 = 66584/268780
[2022-04-11 04:47:34.272] End E023 |  test loss  6.722; ppl    830.69 | accu 0.1198 = 92369/771060 ../data/sample_500k/adult_test.txt
[2022-04-11 04:47:37.244] End E023 |  test loss  4.681; ppl    107.85 | accu 0.2483 = 36164/145640 ../data/sample_500k/adolescent_valid.txt
[2022-04-11 04:47:39.761] End E023 |  test loss  4.408; ppl     82.14 | accu 0.2461 = 30301/123100 ../data/sample_500k/cbt_valid.txt
[2022-04-11 04:47:39.761] Save: model.pt... 
[2022-04-11 04:47:39.798] Save: model.pt...Done. best_val_loss: 4.5530
[2022-04-11 04:47:39.798] Epoch 024/40 ==================================================
[2022-04-11 04:47:44.285] E024 |   200/1668 batches | lr 1.2500 | loss  3.716 | ppl     41.12
[2022-04-11 04:47:48.742] E024 |   400/1668 batches | lr 1.2500 | loss  3.746 | ppl     42.35
[2022-04-11 04:47:53.206] E024 |   600/1668 batches | lr 1.2500 | loss  3.751 | ppl     42.55
[2022-04-11 04:47:57.588] E024 |   800/1668 batches | lr 1.2500 | loss  3.700 | ppl     40.43
[2022-04-11 04:48:02.010] E024 |  1000/1668 batches | lr 1.2500 | loss  3.673 | ppl     39.36
[2022-04-11 04:48:06.358] E024 |  1200/1668 batches | lr 1.2500 | loss  3.641 | ppl     38.12
[2022-04-11 04:48:10.771] E024 |  1400/1668 batches | lr 1.2500 | loss  3.677 | ppl     39.52
[2022-04-11 04:48:15.110] E024 |  1600/1668 batches | lr 1.2500 | loss  3.620 | ppl     37.34
[2022-04-11 04:48:16.597] E024 |  1668/1668 batches | lr 1.2500 | loss  3.661 | ppl     38.91
[2022-04-11 04:48:22.015] End E024 | valid loss  4.551; ppl     94.73 | accu 0.2478 = 66592/268780
[2022-04-11 04:48:37.659] End E024 |  test loss  6.732; ppl    838.86 | accu 0.1198 = 92409/771060 ../data/sample_500k/adult_test.txt
[2022-04-11 04:48:40.656] End E024 |  test loss  4.674; ppl    107.17 | accu 0.2484 = 36173/145640 ../data/sample_500k/adolescent_valid.txt
[2022-04-11 04:48:43.503] End E024 |  test loss  4.406; ppl     81.91 | accu 0.2466 = 30362/123100 ../data/sample_500k/cbt_valid.txt
[2022-04-11 04:48:43.503] Save: model.pt... 
[2022-04-11 04:48:43.548] Save: model.pt...Done. best_val_loss: 4.5510
[2022-04-11 04:48:43.548] Epoch 025/40 ==================================================
[2022-04-11 04:48:48.004] E025 |   200/1668 batches | lr 1.2500 | loss  3.707 | ppl     40.72
[2022-04-11 04:48:52.670] E025 |   400/1668 batches | lr 1.2500 | loss  3.739 | ppl     42.07
[2022-04-11 04:48:57.172] E025 |   600/1668 batches | lr 1.2500 | loss  3.750 | ppl     42.52
[2022-04-11 04:49:01.614] E025 |   800/1668 batches | lr 1.2500 | loss  3.697 | ppl     40.31
[2022-04-11 04:49:06.058] E025 |  1000/1668 batches | lr 1.2500 | loss  3.663 | ppl     38.98
[2022-04-11 04:49:10.449] E025 |  1200/1668 batches | lr 1.2500 | loss  3.637 | ppl     37.99
[2022-04-11 04:49:14.878] E025 |  1400/1668 batches | lr 1.2500 | loss  3.673 | ppl     39.37
[2022-04-11 04:49:19.331] E025 |  1600/1668 batches | lr 1.2500 | loss  3.619 | ppl     37.30
[2022-04-11 04:49:20.831] E025 |  1668/1668 batches | lr 1.2500 | loss  3.653 | ppl     38.60
[2022-04-11 04:49:26.237] End E025 | valid loss  4.551; ppl     94.71 | accu 0.2477 = 66567/268780
[2022-04-11 04:49:42.112] End E025 |  test loss  6.733; ppl    839.32 | accu 0.1193 = 91950/771060 ../data/sample_500k/adult_test.txt
[2022-04-11 04:49:45.077] End E025 |  test loss  4.675; ppl    107.28 | accu 0.2481 = 36129/145640 ../data/sample_500k/adolescent_valid.txt
[2022-04-11 04:49:47.537] End E025 |  test loss  4.404; ppl     81.81 | accu 0.2471 = 30413/123100 ../data/sample_500k/cbt_valid.txt
[2022-04-11 04:49:47.538] Save: model.pt... 
[2022-04-11 04:49:47.577] Save: model.pt...Done. best_val_loss: 4.5508
[2022-04-11 04:49:47.577] Epoch 026/40 ==================================================
[2022-04-11 04:49:52.227] E026 |   200/1668 batches | lr 1.2500 | loss  3.714 | ppl     41.01
[2022-04-11 04:49:56.917] E026 |   400/1668 batches | lr 1.2500 | loss  3.736 | ppl     41.92
[2022-04-11 04:50:01.364] E026 |   600/1668 batches | lr 1.2500 | loss  3.739 | ppl     42.05
[2022-04-11 04:50:05.827] E026 |   800/1668 batches | lr 1.2500 | loss  3.691 | ppl     40.08
[2022-04-11 04:50:10.133] E026 |  1000/1668 batches | lr 1.2500 | loss  3.662 | ppl     38.95
[2022-04-11 04:50:14.591] E026 |  1200/1668 batches | lr 1.2500 | loss  3.631 | ppl     37.74
[2022-04-11 04:50:18.987] E026 |  1400/1668 batches | lr 1.2500 | loss  3.671 | ppl     39.30
[2022-04-11 04:50:23.437] E026 |  1600/1668 batches | lr 1.2500 | loss  3.616 | ppl     37.18
[2022-04-11 04:50:24.978] E026 |  1668/1668 batches | lr 1.2500 | loss  3.661 | ppl     38.92
[2022-04-11 04:50:30.376] End E026 | valid loss  4.551; ppl     94.69 | accu 0.2482 = 66709/268780
[2022-04-11 04:50:46.477] End E026 |  test loss  6.731; ppl    837.86 | accu 0.1200 = 92513/771060 ../data/sample_500k/adult_test.txt
[2022-04-11 04:50:49.576] End E026 |  test loss  4.674; ppl    107.15 | accu 0.2492 = 36294/145640 ../data/sample_500k/adolescent_valid.txt
[2022-04-11 04:50:52.099] End E026 |  test loss  4.403; ppl     81.70 | accu 0.2470 = 30402/123100 ../data/sample_500k/cbt_valid.txt
[2022-04-11 04:50:52.099] Save: model.pt... 
[2022-04-11 04:50:52.137] Save: model.pt...Done. best_val_loss: 4.5506
[2022-04-11 04:50:52.137] Epoch 027/40 ==================================================
[2022-04-11 04:50:56.611] E027 |   200/1668 batches | lr 1.2500 | loss  3.697 | ppl     40.33
[2022-04-11 04:51:01.051] E027 |   400/1668 batches | lr 1.2500 | loss  3.728 | ppl     41.62
[2022-04-11 04:51:05.481] E027 |   600/1668 batches | lr 1.2500 | loss  3.734 | ppl     41.85
[2022-04-11 04:51:09.882] E027 |   800/1668 batches | lr 1.2500 | loss  3.692 | ppl     40.11
[2022-04-11 04:51:14.560] E027 |  1000/1668 batches | lr 1.2500 | loss  3.660 | ppl     38.87
[2022-04-11 04:51:19.017] E027 |  1200/1668 batches | lr 1.2500 | loss  3.631 | ppl     37.75
[2022-04-11 04:51:23.403] E027 |  1400/1668 batches | lr 1.2500 | loss  3.668 | ppl     39.18
[2022-04-11 04:51:27.950] E027 |  1600/1668 batches | lr 1.2500 | loss  3.616 | ppl     37.19
[2022-04-11 04:51:29.453] E027 |  1668/1668 batches | lr 1.2500 | loss  3.659 | ppl     38.82
[2022-04-11 04:51:34.841] End E027 | valid loss  4.550; ppl     94.65 | accu 0.2480 = 66670/268780
[2022-04-11 04:51:50.788] End E027 |  test loss  6.737; ppl    843.19 | accu 0.1196 = 92234/771060 ../data/sample_500k/adult_test.txt
[2022-04-11 04:51:53.756] End E027 |  test loss  4.674; ppl    107.15 | accu 0.2490 = 36262/145640 ../data/sample_500k/adolescent_valid.txt
[2022-04-11 04:51:56.273] End E027 |  test loss  4.402; ppl     81.59 | accu 0.2469 = 30388/123100 ../data/sample_500k/cbt_valid.txt
[2022-04-11 04:51:56.274] Save: model.pt... 
[2022-04-11 04:51:56.314] Save: model.pt...Done. best_val_loss: 4.5502
[2022-04-11 04:51:56.314] Epoch 028/40 ==================================================
[2022-04-11 04:52:00.712] E028 |   200/1668 batches | lr 1.2500 | loss  3.692 | ppl     40.12
[2022-04-11 04:52:05.123] E028 |   400/1668 batches | lr 1.2500 | loss  3.726 | ppl     41.50
[2022-04-11 04:52:09.466] E028 |   600/1668 batches | lr 1.2500 | loss  3.732 | ppl     41.74
[2022-04-11 04:52:13.923] E028 |   800/1668 batches | lr 1.2500 | loss  3.689 | ppl     40.01
[2022-04-11 04:52:18.341] E028 |  1000/1668 batches | lr 1.2500 | loss  3.653 | ppl     38.61
[2022-04-11 04:52:22.762] E028 |  1200/1668 batches | lr 1.2500 | loss  3.626 | ppl     37.56
[2022-04-11 04:52:27.176] E028 |  1400/1668 batches | lr 1.2500 | loss  3.663 | ppl     38.99
[2022-04-11 04:52:31.679] E028 |  1600/1668 batches | lr 1.2500 | loss  3.612 | ppl     37.04
[2022-04-11 04:52:33.206] E028 |  1668/1668 batches | lr 1.2500 | loss  3.653 | ppl     38.61
[2022-04-11 04:52:38.596] End E028 | valid loss  4.550; ppl     94.66 | accu 0.2483 = 66731/268780
[2022-04-11 04:52:54.529] End E028 |  test loss  6.724; ppl    832.49 | accu 0.1199 = 92452/771060 ../data/sample_500k/adult_test.txt
[2022-04-11 04:52:57.504] End E028 |  test loss  4.676; ppl    107.29 | accu 0.2491 = 36275/145640 ../data/sample_500k/adolescent_valid.txt
[2022-04-11 04:52:59.980] End E028 |  test loss  4.400; ppl     81.47 | accu 0.2472 = 30427/123100 ../data/sample_500k/cbt_valid.txt
[2022-04-11 04:52:59.981] Epoch 029/40 ==================================================
[2022-04-11 04:53:04.534] E029 |   200/1668 batches | lr 0.6250 | loss  3.692 | ppl     40.14
[2022-04-11 04:53:09.005] E029 |   400/1668 batches | lr 0.6250 | loss  3.728 | ppl     41.58
[2022-04-11 04:53:13.411] E029 |   600/1668 batches | lr 0.6250 | loss  3.731 | ppl     41.72
[2022-04-11 04:53:17.793] E029 |   800/1668 batches | lr 0.6250 | loss  3.679 | ppl     39.59
[2022-04-11 04:53:22.180] E029 |  1000/1668 batches | lr 0.6250 | loss  3.649 | ppl     38.43
[2022-04-11 04:53:26.575] E029 |  1200/1668 batches | lr 0.6250 | loss  3.621 | ppl     37.36
[2022-04-11 04:53:31.033] E029 |  1400/1668 batches | lr 0.6250 | loss  3.654 | ppl     38.61
[2022-04-11 04:53:35.600] E029 |  1600/1668 batches | lr 0.6250 | loss  3.598 | ppl     36.52
[2022-04-11 04:53:37.165] E029 |  1668/1668 batches | lr 0.6250 | loss  3.640 | ppl     38.09
[2022-04-11 04:53:42.626] End E029 | valid loss  4.551; ppl     94.76 | accu 0.2489 = 66887/268780
[2022-04-11 04:53:58.907] End E029 |  test loss  6.716; ppl    825.23 | accu 0.1197 = 92274/771060 ../data/sample_500k/adult_test.txt
[2022-04-11 04:54:01.894] End E029 |  test loss  4.675; ppl    107.18 | accu 0.2498 = 36377/145640 ../data/sample_500k/adolescent_valid.txt
[2022-04-11 04:54:04.425] End E029 |  test loss  4.404; ppl     81.76 | accu 0.2475 = 30473/123100 ../data/sample_500k/cbt_valid.txt
[2022-04-11 04:54:04.425] Epoch 030/40 ==================================================
[2022-04-11 04:54:08.998] E030 |   200/1668 batches | lr 0.3125 | loss  3.693 | ppl     40.17
[2022-04-11 04:54:13.567] E030 |   400/1668 batches | lr 0.3125 | loss  3.729 | ppl     41.65
[2022-04-11 04:54:18.041] E030 |   600/1668 batches | lr 0.3125 | loss  3.729 | ppl     41.63
[2022-04-11 04:54:22.502] E030 |   800/1668 batches | lr 0.3125 | loss  3.676 | ppl     39.48
[2022-04-11 04:54:27.089] E030 |  1000/1668 batches | lr 0.3125 | loss  3.642 | ppl     38.18
[2022-04-11 04:54:31.589] E030 |  1200/1668 batches | lr 0.3125 | loss  3.612 | ppl     37.04
[2022-04-11 04:54:35.968] E030 |  1400/1668 batches | lr 0.3125 | loss  3.648 | ppl     38.41
[2022-04-11 04:54:40.570] E030 |  1600/1668 batches | lr 0.3125 | loss  3.592 | ppl     36.32
[2022-04-11 04:54:42.043] E030 |  1668/1668 batches | lr 0.3125 | loss  3.635 | ppl     37.89
[2022-04-11 04:54:47.663] End E030 | valid loss  4.551; ppl     94.72 | accu 0.2492 = 66992/268780
[2022-04-11 04:55:03.550] End E030 |  test loss  6.704; ppl    815.78 | accu 0.1197 = 92327/771060 ../data/sample_500k/adult_test.txt
[2022-04-11 04:55:06.554] End E030 |  test loss  4.675; ppl    107.21 | accu 0.2504 = 36468/145640 ../data/sample_500k/adolescent_valid.txt
[2022-04-11 04:55:09.068] End E030 |  test loss  4.402; ppl     81.63 | accu 0.2478 = 30501/123100 ../data/sample_500k/cbt_valid.txt
[2022-04-11 04:55:09.068] Epoch 031/40 ==================================================
[2022-04-11 04:55:13.533] E031 |   200/1668 batches | lr 0.1562 | loss  3.690 | ppl     40.05
[2022-04-11 04:55:17.877] E031 |   400/1668 batches | lr 0.1562 | loss  3.729 | ppl     41.62
[2022-04-11 04:55:22.389] E031 |   600/1668 batches | lr 0.1562 | loss  3.725 | ppl     41.47
[2022-04-11 04:55:26.926] E031 |   800/1668 batches | lr 0.1562 | loss  3.678 | ppl     39.58
[2022-04-11 04:55:31.325] E031 |  1000/1668 batches | lr 0.1562 | loss  3.639 | ppl     38.06
[2022-04-11 04:55:36.031] E031 |  1200/1668 batches | lr 0.1562 | loss  3.610 | ppl     36.96
[2022-04-11 04:55:40.650] E031 |  1400/1668 batches | lr 0.1562 | loss  3.644 | ppl     38.24
[2022-04-11 04:55:45.054] E031 |  1600/1668 batches | lr 0.1562 | loss  3.585 | ppl     36.05
[2022-04-11 04:55:46.531] E031 |  1668/1668 batches | lr 0.1562 | loss  3.625 | ppl     37.51
[2022-04-11 04:55:51.852] End E031 | valid loss  4.550; ppl     94.62 | accu 0.2498 = 67142/268780
[2022-04-11 04:56:07.622] End E031 |  test loss  6.701; ppl    812.88 | accu 0.1198 = 92405/771060 ../data/sample_500k/adult_test.txt
[2022-04-11 04:56:10.607] End E031 |  test loss  4.675; ppl    107.26 | accu 0.2509 = 36544/145640 ../data/sample_500k/adolescent_valid.txt
[2022-04-11 04:56:13.097] End E031 |  test loss  4.399; ppl     81.40 | accu 0.2485 = 30591/123100 ../data/sample_500k/cbt_valid.txt
[2022-04-11 04:56:13.098] Save: model.pt... 
[2022-04-11 04:56:13.136] Save: model.pt...Done. best_val_loss: 4.5498
[2022-04-11 04:56:13.136] Epoch 032/40 ==================================================
[2022-04-11 04:56:17.555] E032 |   200/1668 batches | lr 0.1562 | loss  3.690 | ppl     40.04
[2022-04-11 04:56:21.998] E032 |   400/1668 batches | lr 0.1562 | loss  3.723 | ppl     41.38
[2022-04-11 04:56:26.625] E032 |   600/1668 batches | lr 0.1562 | loss  3.723 | ppl     41.38
[2022-04-11 04:56:31.003] E032 |   800/1668 batches | lr 0.1562 | loss  3.676 | ppl     39.51
[2022-04-11 04:56:35.497] E032 |  1000/1668 batches | lr 0.1562 | loss  3.637 | ppl     37.99
[2022-04-11 04:56:39.997] E032 |  1200/1668 batches | lr 0.1562 | loss  3.610 | ppl     36.98
[2022-04-11 04:56:44.418] E032 |  1400/1668 batches | lr 0.1562 | loss  3.645 | ppl     38.30
[2022-04-11 04:56:48.821] E032 |  1600/1668 batches | lr 0.1562 | loss  3.590 | ppl     36.23
[2022-04-11 04:56:50.325] E032 |  1668/1668 batches | lr 0.1562 | loss  3.630 | ppl     37.72
[2022-04-11 04:56:55.698] End E032 | valid loss  4.550; ppl     94.61 | accu 0.2498 = 67141/268780
[2022-04-11 04:57:11.405] End E032 |  test loss  6.697; ppl    809.95 | accu 0.1199 = 92487/771060 ../data/sample_500k/adult_test.txt
[2022-04-11 04:57:14.365] End E032 |  test loss  4.675; ppl    107.27 | accu 0.2509 = 36547/145640 ../data/sample_500k/adolescent_valid.txt
[2022-04-11 04:57:16.862] End E032 |  test loss  4.399; ppl     81.39 | accu 0.2485 = 30595/123100 ../data/sample_500k/cbt_valid.txt
[2022-04-11 04:57:16.862] Save: model.pt... 
[2022-04-11 04:57:16.902] Save: model.pt...Done. best_val_loss: 4.5497
[2022-04-11 04:57:16.902] Epoch 033/40 ==================================================
[2022-04-11 04:57:21.305] E033 |   200/1668 batches | lr 0.1562 | loss  3.680 | ppl     39.63
[2022-04-11 04:57:25.736] E033 |   400/1668 batches | lr 0.1562 | loss  3.723 | ppl     41.41
[2022-04-11 04:57:30.223] E033 |   600/1668 batches | lr 0.1562 | loss  3.725 | ppl     41.47
[2022-04-11 04:57:34.658] E033 |   800/1668 batches | lr 0.1562 | loss  3.674 | ppl     39.41
[2022-04-11 04:57:39.104] E033 |  1000/1668 batches | lr 0.1562 | loss  3.634 | ppl     37.87
[2022-04-11 04:57:43.569] E033 |  1200/1668 batches | lr 0.1562 | loss  3.609 | ppl     36.91
[2022-04-11 04:57:47.950] E033 |  1400/1668 batches | lr 0.1562 | loss  3.647 | ppl     38.37
[2022-04-11 04:57:52.380] E033 |  1600/1668 batches | lr 0.1562 | loss  3.586 | ppl     36.08
[2022-04-11 04:57:53.873] E033 |  1668/1668 batches | lr 0.1562 | loss  3.629 | ppl     37.68
[2022-04-11 04:57:59.213] End E033 | valid loss  4.550; ppl     94.60 | accu 0.2498 = 67138/268780
[2022-04-11 04:58:14.945] End E033 |  test loss  6.703; ppl    814.54 | accu 0.1200 = 92501/771060 ../data/sample_500k/adult_test.txt
[2022-04-11 04:58:17.917] End E033 |  test loss  4.675; ppl    107.27 | accu 0.2509 = 36546/145640 ../data/sample_500k/adolescent_valid.txt
[2022-04-11 04:58:20.406] End E033 |  test loss  4.399; ppl     81.38 | accu 0.2485 = 30586/123100 ../data/sample_500k/cbt_valid.txt
[2022-04-11 04:58:20.406] Save: model.pt... 
[2022-04-11 04:58:20.445] Save: model.pt...Done. best_val_loss: 4.5496
[2022-04-11 04:58:20.445] Epoch 034/40 ==================================================
[2022-04-11 04:58:24.889] E034 |   200/1668 batches | lr 0.1562 | loss  3.682 | ppl     39.72
[2022-04-11 04:58:29.234] E034 |   400/1668 batches | lr 0.1562 | loss  3.721 | ppl     41.30
[2022-04-11 04:58:33.625] E034 |   600/1668 batches | lr 0.1562 | loss  3.720 | ppl     41.25
[2022-04-11 04:58:38.054] E034 |   800/1668 batches | lr 0.1562 | loss  3.671 | ppl     39.28
[2022-04-11 04:58:42.522] E034 |  1000/1668 batches | lr 0.1562 | loss  3.636 | ppl     37.95
[2022-04-11 04:58:47.048] E034 |  1200/1668 batches | lr 0.1562 | loss  3.611 | ppl     37.00
[2022-04-11 04:58:51.550] E034 |  1400/1668 batches | lr 0.1562 | loss  3.649 | ppl     38.45
[2022-04-11 04:58:56.054] E034 |  1600/1668 batches | lr 0.1562 | loss  3.586 | ppl     36.08
[2022-04-11 04:58:57.537] E034 |  1668/1668 batches | lr 0.1562 | loss  3.637 | ppl     37.99
[2022-04-11 04:59:03.173] End E034 | valid loss  4.550; ppl     94.60 | accu 0.2496 = 67095/268780
[2022-04-11 04:59:19.143] End E034 |  test loss  6.698; ppl    810.78 | accu 0.1199 = 92475/771060 ../data/sample_500k/adult_test.txt
[2022-04-11 04:59:22.041] End E034 |  test loss  4.675; ppl    107.24 | accu 0.2508 = 36532/145640 ../data/sample_500k/adolescent_valid.txt
[2022-04-11 04:59:24.539] End E034 |  test loss  4.399; ppl     81.41 | accu 0.2483 = 30562/123100 ../data/sample_500k/cbt_valid.txt
[2022-04-11 04:59:24.539] Epoch 035/40 ==================================================
[2022-04-11 04:59:29.059] E035 |   200/1668 batches | lr 0.0781 | loss  3.686 | ppl     39.87
[2022-04-11 04:59:33.532] E035 |   400/1668 batches | lr 0.0781 | loss  3.720 | ppl     41.28
[2022-04-11 04:59:38.065] E035 |   600/1668 batches | lr 0.0781 | loss  3.717 | ppl     41.15
[2022-04-11 04:59:42.719] E035 |   800/1668 batches | lr 0.0781 | loss  3.674 | ppl     39.40
[2022-04-11 04:59:47.259] E035 |  1000/1668 batches | lr 0.0781 | loss  3.633 | ppl     37.81
[2022-04-11 04:59:51.762] E035 |  1200/1668 batches | lr 0.0781 | loss  3.608 | ppl     36.89
[2022-04-11 04:59:56.207] E035 |  1400/1668 batches | lr 0.0781 | loss  3.643 | ppl     38.20
[2022-04-11 05:00:00.609] E035 |  1600/1668 batches | lr 0.0781 | loss  3.587 | ppl     36.11
[2022-04-11 05:00:02.211] E035 |  1668/1668 batches | lr 0.0781 | loss  3.614 | ppl     37.13
[2022-04-11 05:00:07.636] End E035 | valid loss  4.549; ppl     94.54 | accu 0.2500 = 67187/268780
[2022-04-11 05:00:23.264] End E035 |  test loss  6.689; ppl    803.20 | accu 0.1200 = 92543/771060 ../data/sample_500k/adult_test.txt
[2022-04-11 05:00:26.184] End E035 |  test loss  4.675; ppl    107.27 | accu 0.2513 = 36595/145640 ../data/sample_500k/adolescent_valid.txt
[2022-04-11 05:00:28.635] End E035 |  test loss  4.398; ppl     81.29 | accu 0.2483 = 30571/123100 ../data/sample_500k/cbt_valid.txt
[2022-04-11 05:00:28.635] Save: model.pt... 
[2022-04-11 05:00:28.674] Save: model.pt...Done. best_val_loss: 4.5491
[2022-04-11 05:00:28.674] Epoch 036/40 ==================================================
[2022-04-11 05:00:33.090] E036 |   200/1668 batches | lr 0.0781 | loss  3.678 | ppl     39.57
[2022-04-11 05:00:37.513] E036 |   400/1668 batches | lr 0.0781 | loss  3.723 | ppl     41.40
[2022-04-11 05:00:41.940] E036 |   600/1668 batches | lr 0.0781 | loss  3.721 | ppl     41.29
[2022-04-11 05:00:46.274] E036 |   800/1668 batches | lr 0.0781 | loss  3.674 | ppl     39.39
[2022-04-11 05:00:50.678] E036 |  1000/1668 batches | lr 0.0781 | loss  3.636 | ppl     37.92
[2022-04-11 05:00:55.142] E036 |  1200/1668 batches | lr 0.0781 | loss  3.608 | ppl     36.90
[2022-04-11 05:00:59.482] E036 |  1400/1668 batches | lr 0.0781 | loss  3.644 | ppl     38.25
[2022-04-11 05:01:03.984] E036 |  1600/1668 batches | lr 0.0781 | loss  3.591 | ppl     36.28
[2022-04-11 05:01:05.549] E036 |  1668/1668 batches | lr 0.0781 | loss  3.623 | ppl     37.46
[2022-04-11 05:01:10.923] End E036 | valid loss  4.549; ppl     94.49 | accu 0.2501 = 67214/268780
[2022-04-11 05:01:27.387] End E036 |  test loss  6.693; ppl    806.48 | accu 0.1200 = 92534/771060 ../data/sample_500k/adult_test.txt
[2022-04-11 05:01:30.595] End E036 |  test loss  4.674; ppl    107.17 | accu 0.2512 = 36589/145640 ../data/sample_500k/adolescent_valid.txt
[2022-04-11 05:01:33.130] End E036 |  test loss  4.398; ppl     81.27 | accu 0.2487 = 30621/123100 ../data/sample_500k/cbt_valid.txt
[2022-04-11 05:01:33.130] Save: model.pt... 
[2022-04-11 05:01:33.170] Save: model.pt...Done. best_val_loss: 4.5485
[2022-04-11 05:01:33.170] Epoch 037/40 ==================================================
[2022-04-11 05:01:37.625] E037 |   200/1668 batches | lr 0.0781 | loss  3.684 | ppl     39.81
[2022-04-11 05:01:42.095] E037 |   400/1668 batches | lr 0.0781 | loss  3.718 | ppl     41.19
[2022-04-11 05:01:46.631] E037 |   600/1668 batches | lr 0.0781 | loss  3.719 | ppl     41.20
[2022-04-11 05:01:50.974] E037 |   800/1668 batches | lr 0.0781 | loss  3.671 | ppl     39.29
[2022-04-11 05:01:55.429] E037 |  1000/1668 batches | lr 0.0781 | loss  3.631 | ppl     37.74
[2022-04-11 05:01:59.879] E037 |  1200/1668 batches | lr 0.0781 | loss  3.604 | ppl     36.75
[2022-04-11 05:02:04.370] E037 |  1400/1668 batches | lr 0.0781 | loss  3.643 | ppl     38.22
[2022-04-11 05:02:08.892] E037 |  1600/1668 batches | lr 0.0781 | loss  3.588 | ppl     36.17
[2022-04-11 05:02:10.411] E037 |  1668/1668 batches | lr 0.0781 | loss  3.625 | ppl     37.51
[2022-04-11 05:02:15.725] End E037 | valid loss  4.548; ppl     94.48 | accu 0.2501 = 67214/268780
[2022-04-11 05:02:31.277] End E037 |  test loss  6.691; ppl    805.53 | accu 0.1200 = 92550/771060 ../data/sample_500k/adult_test.txt
[2022-04-11 05:02:34.226] End E037 |  test loss  4.675; ppl    107.19 | accu 0.2513 = 36594/145640 ../data/sample_500k/adolescent_valid.txt
[2022-04-11 05:02:36.710] End E037 |  test loss  4.397; ppl     81.24 | accu 0.2488 = 30624/123100 ../data/sample_500k/cbt_valid.txt
[2022-04-11 05:02:36.710] Save: model.pt... 
[2022-04-11 05:02:36.748] Save: model.pt...Done. best_val_loss: 4.5484
[2022-04-11 05:02:36.748] Epoch 038/40 ==================================================
[2022-04-11 05:02:41.230] E038 |   200/1668 batches | lr 0.0781 | loss  3.678 | ppl     39.57
[2022-04-11 05:02:45.592] E038 |   400/1668 batches | lr 0.0781 | loss  3.716 | ppl     41.09
[2022-04-11 05:02:49.942] E038 |   600/1668 batches | lr 0.0781 | loss  3.719 | ppl     41.24
[2022-04-11 05:02:54.412] E038 |   800/1668 batches | lr 0.0781 | loss  3.669 | ppl     39.23
[2022-04-11 05:02:58.788] E038 |  1000/1668 batches | lr 0.0781 | loss  3.633 | ppl     37.84
[2022-04-11 05:03:03.148] E038 |  1200/1668 batches | lr 0.0781 | loss  3.602 | ppl     36.67
[2022-04-11 05:03:07.540] E038 |  1400/1668 batches | lr 0.0781 | loss  3.641 | ppl     38.13
[2022-04-11 05:03:11.888] E038 |  1600/1668 batches | lr 0.0781 | loss  3.587 | ppl     36.12
[2022-04-11 05:03:13.359] E038 |  1668/1668 batches | lr 0.0781 | loss  3.625 | ppl     37.54
[2022-04-11 05:03:18.829] End E038 | valid loss  4.548; ppl     94.47 | accu 0.2501 = 67219/268780
[2022-04-11 05:03:36.092] End E038 |  test loss  6.687; ppl    801.77 | accu 0.1202 = 92644/771060 ../data/sample_500k/adult_test.txt
[2022-04-11 05:03:39.049] End E038 |  test loss  4.674; ppl    107.16 | accu 0.2513 = 36600/145640 ../data/sample_500k/adolescent_valid.txt
[2022-04-11 05:03:41.560] End E038 |  test loss  4.397; ppl     81.24 | accu 0.2488 = 30623/123100 ../data/sample_500k/cbt_valid.txt
[2022-04-11 05:03:41.561] Save: model.pt... 
[2022-04-11 05:03:41.604] Save: model.pt...Done. best_val_loss: 4.5483
[2022-04-11 05:03:41.604] Epoch 039/40 ==================================================
[2022-04-11 05:03:46.048] E039 |   200/1668 batches | lr 0.0781 | loss  3.676 | ppl     39.50
[2022-04-11 05:03:50.502] E039 |   400/1668 batches | lr 0.0781 | loss  3.715 | ppl     41.08
[2022-04-11 05:03:54.876] E039 |   600/1668 batches | lr 0.0781 | loss  3.720 | ppl     41.28
[2022-04-11 05:03:59.298] E039 |   800/1668 batches | lr 0.0781 | loss  3.670 | ppl     39.26
[2022-04-11 05:04:03.712] E039 |  1000/1668 batches | lr 0.0781 | loss  3.632 | ppl     37.79
[2022-04-11 05:04:08.062] E039 |  1200/1668 batches | lr 0.0781 | loss  3.603 | ppl     36.70
[2022-04-11 05:04:12.414] E039 |  1400/1668 batches | lr 0.0781 | loss  3.642 | ppl     38.15
[2022-04-11 05:04:16.756] E039 |  1600/1668 batches | lr 0.0781 | loss  3.588 | ppl     36.16
[2022-04-11 05:04:18.220] E039 |  1668/1668 batches | lr 0.0781 | loss  3.626 | ppl     37.57
[2022-04-11 05:04:23.491] End E039 | valid loss  4.548; ppl     94.44 | accu 0.2500 = 67186/268780
[2022-04-11 05:04:39.106] End E039 |  test loss  6.684; ppl    799.27 | accu 0.1201 = 92588/771060 ../data/sample_500k/adult_test.txt
[2022-04-11 05:04:42.094] End E039 |  test loss  4.674; ppl    107.16 | accu 0.2512 = 36581/145640 ../data/sample_500k/adolescent_valid.txt
[2022-04-11 05:04:44.582] End E039 |  test loss  4.397; ppl     81.19 | accu 0.2485 = 30591/123100 ../data/sample_500k/cbt_valid.txt
[2022-04-11 05:04:44.582] Save: model.pt... 
[2022-04-11 05:04:44.621] Save: model.pt...Done. best_val_loss: 4.5479
[2022-04-11 05:04:44.621] Epoch 040/40 ==================================================
[2022-04-11 05:04:49.064] E040 |   200/1668 batches | lr 0.0781 | loss  3.675 | ppl     39.46
[2022-04-11 05:04:53.531] E040 |   400/1668 batches | lr 0.0781 | loss  3.715 | ppl     41.05
[2022-04-11 05:04:57.897] E040 |   600/1668 batches | lr 0.0781 | loss  3.715 | ppl     41.05
[2022-04-11 05:05:02.371] E040 |   800/1668 batches | lr 0.0781 | loss  3.668 | ppl     39.16
[2022-04-11 05:05:06.761] E040 |  1000/1668 batches | lr 0.0781 | loss  3.636 | ppl     37.94
[2022-04-11 05:05:11.156] E040 |  1200/1668 batches | lr 0.0781 | loss  3.605 | ppl     36.78
[2022-04-11 05:05:15.538] E040 |  1400/1668 batches | lr 0.0781 | loss  3.639 | ppl     38.07
[2022-04-11 05:05:19.881] E040 |  1600/1668 batches | lr 0.0781 | loss  3.586 | ppl     36.09
[2022-04-11 05:05:21.359] E040 |  1668/1668 batches | lr 0.0781 | loss  3.626 | ppl     37.55
[2022-04-11 05:05:26.645] End E040 | valid loss  4.549; ppl     94.53 | accu 0.2500 = 67187/268780
[2022-04-11 05:05:42.001] End E040 |  test loss  6.685; ppl    800.55 | accu 0.1200 = 92539/771060 ../data/sample_500k/adult_test.txt
[2022-04-11 05:05:44.911] End E040 |  test loss  4.675; ppl    107.26 | accu 0.2513 = 36601/145640 ../data/sample_500k/adolescent_valid.txt
[2022-04-11 05:05:47.360] End E040 |  test loss  4.397; ppl     81.25 | accu 0.2485 = 30587/123100 ../data/sample_500k/cbt_valid.txt
[2022-04-11 05:06:02.782] End. test loss  6.68; ppl   799.27 | accu 0.1201 = 92588/771060 ../data/sample_500k/adult_test.txt
[2022-04-11 05:06:05.719] End. test loss  4.67; ppl   107.16 | accu 0.2512 = 36581/145640 ../data/sample_500k/adolescent_valid.txt
[2022-04-11 05:06:08.141] End. test loss  4.40; ppl    81.19 | accu 0.2485 = 30591/123100 ../data/sample_500k/cbt_valid.txt
[2022-04-11 05:06:08.141] =========================================================================================
[2022-04-11 05:06:08.141] valid_loss
[2022-04-11 05:06:08.141]  5.07, 4.86, 4.77, 4.72, 4.69, 4.67, 4.67, 4.65, 4.66, 4.59, 4.59, 4.58, 4.58, 4.59, 4.57, 4.57, 4.57, 4.56, 4.56, 4.56, 4.55, 4.55, 4.55, 4.55, 4.55, 4.55, 4.55, 4.55, 4.55, 4.55, 4.55, 4.55, 4.55, 4.55, 4.55, 4.55, 4.55, 4.55, 4.55, 4.55
[2022-04-11 05:06:08.142] valid_loss ppl
[2022-04-11 05:06:08.142]   159.15,  128.66,  118.26,  112.71,  108.90,  107.08,  107.03,  104.90,  105.49,   98.76,   98.28,   97.90,   97.69,   98.43,   96.31,   96.14,   96.10,   95.80,   96.04,   95.44,   94.96,   95.02,   94.92,   94.73,   94.71,   94.69,   94.65,   94.66,   94.76,   94.72,   94.62,   94.61,   94.60,   94.60,   94.54,   94.49,   94.48,   94.47,   94.44,   94.53
[2022-04-11 05:06:08.142] test_loss of ../data/sample_500k/adult_test.txt
[2022-04-11 05:06:08.142]  6.87, 7.12, 6.88, 7.44, 7.23, 6.78, 6.84, 6.75, 6.90, 6.79, 6.79, 6.85, 6.83, 6.83, 6.77, 6.79, 6.75, 6.76, 6.76, 6.74, 6.74, 6.75, 6.72, 6.73, 6.73, 6.73, 6.74, 6.72, 6.72, 6.70, 6.70, 6.70, 6.70, 6.70, 6.69, 6.69, 6.69, 6.69, 6.68, 6.69
[2022-04-11 05:06:08.142] test_loss of ../data/sample_500k/adult_test.txt ppl
[2022-04-11 05:06:08.142]   965.21, 1241.70,  972.99, 1708.05, 1376.47,  875.75,  933.27,  851.43,  991.19,  886.11,  886.55,  940.49,  927.56,  926.71,  871.10,  885.67,  852.77,  862.01,  858.65,  844.37,  845.48,  850.37,  830.69,  838.86,  839.32,  837.86,  843.19,  832.49,  825.23,  815.78,  812.88,  809.95,  814.54,  810.78,  803.20,  806.48,  805.53,  801.77,  799.27,  800.55
[2022-04-11 05:06:08.142] test_loss of ../data/sample_500k/adolescent_valid.txt
[2022-04-11 05:06:08.142]  5.19, 4.97, 4.88, 4.83, 4.80, 4.78, 4.79, 4.76, 4.77, 4.71, 4.70, 4.70, 4.69, 4.71, 4.69, 4.69, 4.69, 4.68, 4.69, 4.68, 4.68, 4.68, 4.68, 4.67, 4.68, 4.67, 4.67, 4.68, 4.67, 4.67, 4.68, 4.68, 4.68, 4.68, 4.68, 4.67, 4.67, 4.67, 4.67, 4.68
[2022-04-11 05:06:08.142] test_loss of ../data/sample_500k/adolescent_valid.txt ppl
[2022-04-11 05:06:08.142]   179.79,  143.46,  131.63,  125.51,  121.08,  118.72,  120.18,  116.85,  117.37,  110.85,  110.11,  109.77,  109.29,  110.92,  108.71,  108.57,  108.52,  108.04,  108.37,  108.18,  107.38,  107.31,  107.85,  107.17,  107.28,  107.15,  107.15,  107.29,  107.18,  107.21,  107.26,  107.27,  107.27,  107.24,  107.27,  107.17,  107.19,  107.16,  107.16,  107.26
[2022-04-11 05:06:08.142] test_loss of ../data/sample_500k/cbt_valid.txt
[2022-04-11 05:06:08.142]  4.94, 4.74, 4.65, 4.60, 4.56, 4.55, 4.54, 4.52, 4.53, 4.46, 4.45, 4.45, 4.45, 4.45, 4.42, 4.42, 4.42, 4.42, 4.42, 4.41, 4.41, 4.41, 4.41, 4.41, 4.40, 4.40, 4.40, 4.40, 4.40, 4.40, 4.40, 4.40, 4.40, 4.40, 4.40, 4.40, 4.40, 4.40, 4.40, 4.40
[2022-04-11 05:06:08.142] test_loss of ../data/sample_500k/cbt_valid.txt ppl
[2022-04-11 05:06:08.142]   139.75,  114.28,  104.59,   99.21,   95.70,   94.36,   93.26,   91.93,   92.51,   86.09,   85.77,   85.40,   85.51,   85.43,   83.44,   83.28,   83.28,   83.15,   83.15,   82.40,   82.20,   82.29,   82.14,   81.91,   81.81,   81.70,   81.59,   81.47,   81.76,   81.63,   81.40,   81.39,   81.38,   81.41,   81.29,   81.27,   81.24,   81.24,   81.19,   81.25
