[2022-04-11 01:54:27.051] corpus.train_file_list: 2
[2022-04-11 01:54:27.051]         ../data/sample_500k/cbt_train.txt
[2022-04-11 01:54:27.051]         ../data/sample_500k/adolescent_train.txt
[2022-04-11 01:54:27.051] corpus.valid_file_list: 2
[2022-04-11 01:54:27.051]         ../data/sample_500k/cbt_valid.txt
[2022-04-11 01:54:27.051]         ../data/sample_500k/adolescent_valid.txt
[2022-04-11 01:54:27.051] corpus.test_file_list: 3
[2022-04-11 01:54:27.051]         ../data/sample_500k/adult_test.txt
[2022-04-11 01:54:27.051]         ../data/sample_500k/adolescent_valid.txt
[2022-04-11 01:54:27.051]         ../data/sample_500k/cbt_valid.txt
[2022-04-11 01:54:27.051] corpus.subword_vocab_size: 500
[2022-04-11 01:54:27.052] corpus.subword_model.train(4 files)...
[2022-04-11 01:54:27.052]         ../data/sample_500k/cbt_train.txt
[2022-04-11 01:54:27.052]         ../data/sample_500k/adolescent_train.txt
[2022-04-11 01:54:27.052]         ../data/sample_500k/cbt_valid.txt
[2022-04-11 01:54:27.052]         ../data/sample_500k/adolescent_valid.txt
[2022-04-11 01:54:27.659] corpus.subword_model.train(4 files)...Done
[2022-04-11 01:54:27.659] corpus tokenize...
[2022-04-11 01:54:29.878]         train tokens: 860047  ../data/sample_500k/cbt_train.txt
[2022-04-11 01:54:33.083]         train tokens: 977391  ../data/sample_500k/adolescent_train.txt
[2022-04-11 01:54:33.543]         valid tokens: 191046  ../data/sample_500k/cbt_valid.txt
[2022-04-11 01:54:34.258]         valid tokens: 225912  ../data/sample_500k/adolescent_valid.txt
[2022-04-11 01:54:36.674]         test  tokens: 1259759  ../data/sample_500k/adult_test.txt
[2022-04-11 01:54:37.391]         test  tokens: 225912  ../data/sample_500k/adolescent_valid.txt
[2022-04-11 01:54:37.854]         test  tokens: 191046  ../data/sample_500k/cbt_valid.txt
[2022-04-11 01:54:37.854] corpus.ntokens      : 496
[2022-04-11 01:54:37.854] corpus.char_count   : 120
[2022-04-11 01:54:37.854] corpus.char_cnt_dict: 120
[2022-04-11 01:54:37.855] corpus.char_id_dict : 120
[2022-04-11 01:54:37.875] corpus.batchify(2 files, batch_size=20)...
[2022-04-11 01:54:37.875]         tokens_all: 1837438
[2022-04-11 01:54:37.875]         batched   :  91871
[2022-04-11 01:54:37.875]         ../data/sample_500k/cbt_train.txt
[2022-04-11 01:54:37.875]         ../data/sample_500k/adolescent_train.txt
[2022-04-11 01:54:37.881] corpus.batchify(2 files, batch_size=20)...
[2022-04-11 01:54:37.881]         tokens_all: 416958
[2022-04-11 01:54:37.881]         batched   :  20847
[2022-04-11 01:54:37.881]         ../data/sample_500k/cbt_valid.txt
[2022-04-11 01:54:37.881]         ../data/sample_500k/adolescent_valid.txt
[2022-04-11 01:54:37.889] corpus.batchify(1 files, batch_size=20)...
[2022-04-11 01:54:37.890]         tokens_all: 1259759
[2022-04-11 01:54:37.890]         batched   :  62987
[2022-04-11 01:54:37.890]         ../data/sample_500k/adult_test.txt
[2022-04-11 01:54:37.894] corpus.batchify(1 files, batch_size=20)...
[2022-04-11 01:54:37.894]         tokens_all: 225912
[2022-04-11 01:54:37.895]         batched   :  11295
[2022-04-11 01:54:37.895]         ../data/sample_500k/adolescent_valid.txt
[2022-04-11 01:54:37.897] corpus.batchify(1 files, batch_size=20)...
[2022-04-11 01:54:37.897]         tokens_all: 191046
[2022-04-11 01:54:37.897]         batched   :   9552
[2022-04-11 01:54:37.897]         ../data/sample_500k/cbt_valid.txt
[2022-04-11 01:54:37.907] RNNModel.rnn_type: LSTM
[2022-04-11 01:54:37.907] RNNModel.ntoken  : 496
[2022-04-11 01:54:37.907] RNNModel.ninp    : 200
[2022-04-11 01:54:37.907] RNNModel.nhid    : 200
[2022-04-11 01:54:37.907] RNNModel.nlayers : 2
[2022-04-11 01:54:37.907] RNNModel.dropout : 0.2
[2022-04-11 01:54:37.907] RNNModel.tie_weights: False
[2022-04-11 01:54:37.907] RNNModel.char_mode  : 
[2022-04-11 01:54:37.908] RNNModel.char_cnt   : 121
[2022-04-11 01:54:37.908] RNNModel.char_emsize: 25
[2022-04-11 01:54:37.908] RNNModel.char_nhid  : 200
[2022-04-11 01:54:37.908] RNNModel will not use char-encoding
[2022-04-11 01:54:37.910] Epoch 001/40 ==================================================
[2022-04-11 01:54:41.427] E001 |   200/2624 batches | lr 20.0000 | loss  5.369 | ppl    214.61
[2022-04-11 01:54:44.919] E001 |   400/2624 batches | lr 20.0000 | loss  4.918 | ppl    136.69
[2022-04-11 01:54:48.419] E001 |   600/2624 batches | lr 20.0000 | loss  4.550 | ppl     94.60
[2022-04-11 01:54:51.908] E001 |   800/2624 batches | lr 20.0000 | loss  4.252 | ppl     70.25
[2022-04-11 01:54:55.444] E001 |  1000/2624 batches | lr 20.0000 | loss  4.038 | ppl     56.69
[2022-04-11 01:54:58.915] E001 |  1200/2624 batches | lr 20.0000 | loss  3.944 | ppl     51.65
[2022-04-11 01:55:02.468] E001 |  1400/2624 batches | lr 20.0000 | loss  3.792 | ppl     44.35
[2022-04-11 01:55:06.042] E001 |  1600/2624 batches | lr 20.0000 | loss  3.764 | ppl     43.10
[2022-04-11 01:55:09.555] E001 |  1800/2624 batches | lr 20.0000 | loss  3.682 | ppl     39.72
[2022-04-11 01:55:13.129] E001 |  2000/2624 batches | lr 20.0000 | loss  3.637 | ppl     37.96
[2022-04-11 01:55:16.711] E001 |  2200/2624 batches | lr 20.0000 | loss  3.631 | ppl     37.76
[2022-04-11 01:55:20.249] E001 |  2400/2624 batches | lr 20.0000 | loss  3.595 | ppl     36.43
[2022-04-11 01:55:23.855] E001 |  2600/2624 batches | lr 20.0000 | loss  3.554 | ppl     34.94
[2022-04-11 01:55:24.269] E001 |  2624/2624 batches | lr 20.0000 | loss  3.629 | ppl     37.67
[2022-04-11 01:55:31.554] End E001 | valid loss  3.707; ppl     40.75 | accu 0.2272 = 94732/416920
[2022-04-11 01:55:53.486] End E001 |  test loss  4.589; ppl     98.35 | accu 0.1144 = 144080/1259720 ../data/sample_500k/adult_test.txt
[2022-04-11 01:55:57.441] End E001 |  test loss  3.663; ppl     38.97 | accu 0.2402 = 54251/225880 ../data/sample_500k/adolescent_valid.txt
[2022-04-11 01:56:00.755] End E001 |  test loss  3.761; ppl     42.98 | accu 0.2119 = 40470/191020 ../data/sample_500k/cbt_valid.txt
[2022-04-11 01:56:00.755] Save: model.pt... 
[2022-04-11 01:56:00.765] Save: model.pt...Done. best_val_loss: 3.7075
[2022-04-11 01:56:00.765] Epoch 002/40 ==================================================
[2022-04-11 01:56:04.306] E002 |   200/2624 batches | lr 20.0000 | loss  3.538 | ppl     34.41
[2022-04-11 01:56:07.845] E002 |   400/2624 batches | lr 20.0000 | loss  3.548 | ppl     34.74
[2022-04-11 01:56:11.381] E002 |   600/2624 batches | lr 20.0000 | loss  3.549 | ppl     34.79
[2022-04-11 01:56:14.878] E002 |   800/2624 batches | lr 20.0000 | loss  3.497 | ppl     33.02
[2022-04-11 01:56:18.443] E002 |  1000/2624 batches | lr 20.0000 | loss  3.474 | ppl     32.25
[2022-04-11 01:56:22.140] E002 |  1200/2624 batches | lr 20.0000 | loss  3.488 | ppl     32.74
[2022-04-11 01:56:25.723] E002 |  1400/2624 batches | lr 20.0000 | loss  3.413 | ppl     30.35
[2022-04-11 01:56:29.238] E002 |  1600/2624 batches | lr 20.0000 | loss  3.450 | ppl     31.50
[2022-04-11 01:56:32.763] E002 |  1800/2624 batches | lr 20.0000 | loss  3.411 | ppl     30.28
[2022-04-11 01:56:36.268] E002 |  2000/2624 batches | lr 20.0000 | loss  3.406 | ppl     30.15
[2022-04-11 01:56:39.800] E002 |  2200/2624 batches | lr 20.0000 | loss  3.422 | ppl     30.64
[2022-04-11 01:56:43.303] E002 |  2400/2624 batches | lr 20.0000 | loss  3.419 | ppl     30.53
[2022-04-11 01:56:46.822] E002 |  2600/2624 batches | lr 20.0000 | loss  3.397 | ppl     29.89
[2022-04-11 01:56:47.235] E002 |  2624/2624 batches | lr 20.0000 | loss  3.470 | ppl     32.13
[2022-04-11 01:56:54.521] End E002 | valid loss  3.496; ppl     33.00 | accu 0.2633 = 109769/416920
[2022-04-11 01:57:16.544] End E002 |  test loss  4.651; ppl    104.65 | accu 0.1304 = 164219/1259720 ../data/sample_500k/adult_test.txt
[2022-04-11 01:57:20.477] End E002 |  test loss  3.587; ppl     36.12 | accu 0.2461 = 55595/225880 ../data/sample_500k/adolescent_valid.txt
[2022-04-11 01:57:23.805] End E002 |  test loss  3.391; ppl     29.70 | accu 0.2830 = 54055/191020 ../data/sample_500k/cbt_valid.txt
[2022-04-11 01:57:23.806] Save: model.pt... 
[2022-04-11 01:57:23.815] Save: model.pt...Done. best_val_loss: 3.4965
[2022-04-11 01:57:23.815] Epoch 003/40 ==================================================
[2022-04-11 01:57:27.387] E003 |   200/2624 batches | lr 20.0000 | loss  3.400 | ppl     29.96
[2022-04-11 01:57:30.929] E003 |   400/2624 batches | lr 20.0000 | loss  3.415 | ppl     30.43
[2022-04-11 01:57:34.467] E003 |   600/2624 batches | lr 20.0000 | loss  3.437 | ppl     31.11
[2022-04-11 01:57:38.024] E003 |   800/2624 batches | lr 20.0000 | loss  3.397 | ppl     29.88
[2022-04-11 01:57:41.590] E003 |  1000/2624 batches | lr 20.0000 | loss  3.377 | ppl     29.29
[2022-04-11 01:57:45.198] E003 |  1200/2624 batches | lr 20.0000 | loss  3.402 | ppl     30.02
[2022-04-11 01:57:48.696] E003 |  1400/2624 batches | lr 20.0000 | loss  3.336 | ppl     28.09
[2022-04-11 01:57:52.358] E003 |  1600/2624 batches | lr 20.0000 | loss  3.373 | ppl     29.17
[2022-04-11 01:57:55.908] E003 |  1800/2624 batches | lr 20.0000 | loss  3.340 | ppl     28.21
[2022-04-11 01:57:59.418] E003 |  2000/2624 batches | lr 20.0000 | loss  3.340 | ppl     28.22
[2022-04-11 01:58:02.932] E003 |  2200/2624 batches | lr 20.0000 | loss  3.361 | ppl     28.81
[2022-04-11 01:58:06.606] E003 |  2400/2624 batches | lr 20.0000 | loss  3.368 | ppl     29.02
[2022-04-11 01:58:10.130] E003 |  2600/2624 batches | lr 20.0000 | loss  3.345 | ppl     28.37
[2022-04-11 01:58:10.557] E003 |  2624/2624 batches | lr 20.0000 | loss  3.420 | ppl     30.58
[2022-04-11 01:58:17.972] End E003 | valid loss  3.435; ppl     31.02 | accu 0.2743 = 114377/416920
[2022-04-11 01:58:40.003] End E003 |  test loss  6.260; ppl    523.47 | accu 0.0862 = 108538/1259720 ../data/sample_500k/adult_test.txt
[2022-04-11 01:58:43.949] End E003 |  test loss  3.507; ppl     33.33 | accu 0.2616 = 59085/225880 ../data/sample_500k/adolescent_valid.txt
[2022-04-11 01:58:47.283] End E003 |  test loss  3.349; ppl     28.47 | accu 0.2897 = 55334/191020 ../data/sample_500k/cbt_valid.txt
[2022-04-11 01:58:47.283] Save: model.pt... 
[2022-04-11 01:58:47.293] Save: model.pt...Done. best_val_loss: 3.4346
[2022-04-11 01:58:47.293] Epoch 004/40 ==================================================
[2022-04-11 01:58:50.876] E004 |   200/2624 batches | lr 20.0000 | loss  3.352 | ppl     28.56
[2022-04-11 01:58:54.437] E004 |   400/2624 batches | lr 20.0000 | loss  3.375 | ppl     29.21
[2022-04-11 01:58:57.995] E004 |   600/2624 batches | lr 20.0000 | loss  3.391 | ppl     29.71
[2022-04-11 01:59:01.572] E004 |   800/2624 batches | lr 20.0000 | loss  3.361 | ppl     28.83
[2022-04-11 01:59:05.111] E004 |  1000/2624 batches | lr 20.0000 | loss  3.351 | ppl     28.53
[2022-04-11 01:59:08.688] E004 |  1200/2624 batches | lr 20.0000 | loss  3.367 | ppl     28.98
[2022-04-11 01:59:12.317] E004 |  1400/2624 batches | lr 20.0000 | loss  3.302 | ppl     27.16
[2022-04-11 01:59:15.893] E004 |  1600/2624 batches | lr 20.0000 | loss  3.344 | ppl     28.34
[2022-04-11 01:59:19.401] E004 |  1800/2624 batches | lr 20.0000 | loss  3.311 | ppl     27.42
[2022-04-11 01:59:22.993] E004 |  2000/2624 batches | lr 20.0000 | loss  3.313 | ppl     27.47
[2022-04-11 01:59:26.539] E004 |  2200/2624 batches | lr 20.0000 | loss  3.331 | ppl     27.96
[2022-04-11 01:59:30.114] E004 |  2400/2624 batches | lr 20.0000 | loss  3.342 | ppl     28.28
[2022-04-11 01:59:33.627] E004 |  2600/2624 batches | lr 20.0000 | loss  3.317 | ppl     27.58
[2022-04-11 01:59:34.058] E004 |  2624/2624 batches | lr 20.0000 | loss  3.389 | ppl     29.64
[2022-04-11 01:59:41.514] End E004 | valid loss  3.383; ppl     29.45 | accu 0.2832 = 118068/416920
[2022-04-11 02:00:03.519] End E004 |  test loss  6.769; ppl    870.10 | accu 0.0862 = 108613/1259720 ../data/sample_500k/adult_test.txt
[2022-04-11 02:00:07.482] End E004 |  test loss  3.429; ppl     30.85 | accu 0.2746 = 62025/225880 ../data/sample_500k/adolescent_valid.txt
[2022-04-11 02:00:10.823] End E004 |  test loss  3.349; ppl     28.46 | accu 0.2898 = 55349/191020 ../data/sample_500k/cbt_valid.txt
[2022-04-11 02:00:10.823] Save: model.pt... 
[2022-04-11 02:00:10.832] Save: model.pt...Done. best_val_loss: 3.3828
[2022-04-11 02:00:10.832] Epoch 005/40 ==================================================
[2022-04-11 02:00:14.474] E005 |   200/2624 batches | lr 20.0000 | loss  3.328 | ppl     27.88
[2022-04-11 02:00:18.177] E005 |   400/2624 batches | lr 20.0000 | loss  3.361 | ppl     28.82
[2022-04-11 02:00:21.866] E005 |   600/2624 batches | lr 20.0000 | loss  3.374 | ppl     29.18
[2022-04-11 02:00:25.494] E005 |   800/2624 batches | lr 20.0000 | loss  3.344 | ppl     28.33
[2022-04-11 02:00:29.092] E005 |  1000/2624 batches | lr 20.0000 | loss  3.332 | ppl     27.99
[2022-04-11 02:00:32.614] E005 |  1200/2624 batches | lr 20.0000 | loss  3.347 | ppl     28.42
[2022-04-11 02:00:36.145] E005 |  1400/2624 batches | lr 20.0000 | loss  3.280 | ppl     26.59
[2022-04-11 02:00:39.706] E005 |  1600/2624 batches | lr 20.0000 | loss  3.330 | ppl     27.92
[2022-04-11 02:00:43.209] E005 |  1800/2624 batches | lr 20.0000 | loss  3.300 | ppl     27.10
[2022-04-11 02:00:46.741] E005 |  2000/2624 batches | lr 20.0000 | loss  3.301 | ppl     27.15
[2022-04-11 02:00:50.250] E005 |  2200/2624 batches | lr 20.0000 | loss  3.318 | ppl     27.62
[2022-04-11 02:00:53.810] E005 |  2400/2624 batches | lr 20.0000 | loss  3.330 | ppl     27.94
[2022-04-11 02:00:57.331] E005 |  2600/2624 batches | lr 20.0000 | loss  3.310 | ppl     27.39
[2022-04-11 02:00:57.758] E005 |  2624/2624 batches | lr 20.0000 | loss  3.382 | ppl     29.44
[2022-04-11 02:01:05.129] End E005 | valid loss  3.361; ppl     28.83 | accu 0.2861 = 119279/416920
[2022-04-11 02:01:27.109] End E005 |  test loss  5.446; ppl    231.89 | accu 0.1210 = 152466/1259720 ../data/sample_500k/adult_test.txt
[2022-04-11 02:01:31.072] End E005 |  test loss  3.418; ppl     30.52 | accu 0.2753 = 62195/225880 ../data/sample_500k/adolescent_valid.txt
[2022-04-11 02:01:34.422] End E005 |  test loss  3.304; ppl     27.21 | accu 0.2961 = 56554/191020 ../data/sample_500k/cbt_valid.txt
[2022-04-11 02:01:34.422] Save: model.pt... 
[2022-04-11 02:01:34.432] Save: model.pt...Done. best_val_loss: 3.3614
[2022-04-11 02:01:34.432] Epoch 006/40 ==================================================
[2022-04-11 02:01:37.967] E006 |   200/2624 batches | lr 20.0000 | loss  3.315 | ppl     27.53
[2022-04-11 02:01:41.498] E006 |   400/2624 batches | lr 20.0000 | loss  3.337 | ppl     28.13
[2022-04-11 02:01:45.031] E006 |   600/2624 batches | lr 20.0000 | loss  3.365 | ppl     28.92
[2022-04-11 02:01:48.568] E006 |   800/2624 batches | lr 20.0000 | loss  3.329 | ppl     27.92
[2022-04-11 02:01:52.093] E006 |  1000/2624 batches | lr 20.0000 | loss  3.316 | ppl     27.56
[2022-04-11 02:01:55.606] E006 |  1200/2624 batches | lr 20.0000 | loss  3.333 | ppl     28.03
[2022-04-11 02:01:59.139] E006 |  1400/2624 batches | lr 20.0000 | loss  3.277 | ppl     26.50
[2022-04-11 02:02:02.661] E006 |  1600/2624 batches | lr 20.0000 | loss  3.322 | ppl     27.71
[2022-04-11 02:02:06.191] E006 |  1800/2624 batches | lr 20.0000 | loss  3.290 | ppl     26.84
[2022-04-11 02:02:09.683] E006 |  2000/2624 batches | lr 20.0000 | loss  3.289 | ppl     26.82
[2022-04-11 02:02:13.239] E006 |  2200/2624 batches | lr 20.0000 | loss  3.315 | ppl     27.51
[2022-04-11 02:02:16.759] E006 |  2400/2624 batches | lr 20.0000 | loss  3.319 | ppl     27.63
[2022-04-11 02:02:20.305] E006 |  2600/2624 batches | lr 20.0000 | loss  3.302 | ppl     27.16
[2022-04-11 02:02:20.764] E006 |  2624/2624 batches | lr 20.0000 | loss  3.365 | ppl     28.92
[2022-04-11 02:02:28.108] End E006 | valid loss  3.391; ppl     29.71 | accu 0.2797 = 116593/416920
[2022-04-11 02:02:50.104] End E006 |  test loss  4.338; ppl     76.57 | accu 0.1693 = 213213/1259720 ../data/sample_500k/adult_test.txt
[2022-04-11 02:02:54.095] End E006 |  test loss  3.470; ppl     32.15 | accu 0.2648 = 59818/225880 ../data/sample_500k/adolescent_valid.txt
[2022-04-11 02:02:57.451] End E006 |  test loss  3.300; ppl     27.12 | accu 0.2966 = 56652/191020 ../data/sample_500k/cbt_valid.txt
[2022-04-11 02:02:57.451] Epoch 007/40 ==================================================
[2022-04-11 02:03:00.976] E007 |   200/2624 batches | lr 10.0000 | loss  3.290 | ppl     26.84
[2022-04-11 02:03:04.516] E007 |   400/2624 batches | lr 10.0000 | loss  3.286 | ppl     26.74
[2022-04-11 02:03:08.092] E007 |   600/2624 batches | lr 10.0000 | loss  3.295 | ppl     26.96
[2022-04-11 02:03:11.665] E007 |   800/2624 batches | lr 10.0000 | loss  3.257 | ppl     25.98
[2022-04-11 02:03:15.178] E007 |  1000/2624 batches | lr 10.0000 | loss  3.237 | ppl     25.46
[2022-04-11 02:03:18.672] E007 |  1200/2624 batches | lr 10.0000 | loss  3.238 | ppl     25.48
[2022-04-11 02:03:22.305] E007 |  1400/2624 batches | lr 10.0000 | loss  3.177 | ppl     23.97
[2022-04-11 02:03:25.977] E007 |  1600/2624 batches | lr 10.0000 | loss  3.213 | ppl     24.86
[2022-04-11 02:03:29.545] E007 |  1800/2624 batches | lr 10.0000 | loss  3.182 | ppl     24.10
[2022-04-11 02:03:33.101] E007 |  2000/2624 batches | lr 10.0000 | loss  3.176 | ppl     23.94
[2022-04-11 02:03:36.641] E007 |  2200/2624 batches | lr 10.0000 | loss  3.190 | ppl     24.28
[2022-04-11 02:03:40.211] E007 |  2400/2624 batches | lr 10.0000 | loss  3.199 | ppl     24.50
[2022-04-11 02:03:43.922] E007 |  2600/2624 batches | lr 10.0000 | loss  3.180 | ppl     24.04
[2022-04-11 02:03:44.340] E007 |  2624/2624 batches | lr 10.0000 | loss  3.253 | ppl     25.87
[2022-04-11 02:03:51.640] End E007 | valid loss  3.276; ppl     26.46 | accu 0.3014 = 125645/416920
[2022-04-11 02:04:13.624] End E007 |  test loss  4.723; ppl    112.47 | accu 0.1620 = 204062/1259720 ../data/sample_500k/adult_test.txt
[2022-04-11 02:04:17.673] End E007 |  test loss  3.326; ppl     27.83 | accu 0.2926 = 66101/225880 ../data/sample_500k/adolescent_valid.txt
[2022-04-11 02:04:21.038] End E007 |  test loss  3.218; ppl     24.97 | accu 0.3112 = 59445/191020 ../data/sample_500k/cbt_valid.txt
[2022-04-11 02:04:21.039] Save: model.pt... 
[2022-04-11 02:04:21.048] Save: model.pt...Done. best_val_loss: 3.2757
[2022-04-11 02:04:21.048] Epoch 008/40 ==================================================
[2022-04-11 02:04:24.666] E008 |   200/2624 batches | lr 10.0000 | loss  3.197 | ppl     24.46
[2022-04-11 02:04:28.344] E008 |   400/2624 batches | lr 10.0000 | loss  3.223 | ppl     25.11
[2022-04-11 02:04:31.881] E008 |   600/2624 batches | lr 10.0000 | loss  3.241 | ppl     25.56
[2022-04-11 02:04:35.414] E008 |   800/2624 batches | lr 10.0000 | loss  3.209 | ppl     24.75
[2022-04-11 02:04:38.953] E008 |  1000/2624 batches | lr 10.0000 | loss  3.188 | ppl     24.24
[2022-04-11 02:04:42.505] E008 |  1200/2624 batches | lr 10.0000 | loss  3.202 | ppl     24.58
[2022-04-11 02:04:46.012] E008 |  1400/2624 batches | lr 10.0000 | loss  3.143 | ppl     23.18
[2022-04-11 02:04:49.629] E008 |  1600/2624 batches | lr 10.0000 | loss  3.183 | ppl     24.12
[2022-04-11 02:04:53.177] E008 |  1800/2624 batches | lr 10.0000 | loss  3.153 | ppl     23.42
[2022-04-11 02:04:56.725] E008 |  2000/2624 batches | lr 10.0000 | loss  3.154 | ppl     23.42
[2022-04-11 02:05:00.264] E008 |  2200/2624 batches | lr 10.0000 | loss  3.168 | ppl     23.76
[2022-04-11 02:05:03.789] E008 |  2400/2624 batches | lr 10.0000 | loss  3.180 | ppl     24.05
[2022-04-11 02:05:07.331] E008 |  2600/2624 batches | lr 10.0000 | loss  3.160 | ppl     23.57
[2022-04-11 02:05:07.747] E008 |  2624/2624 batches | lr 10.0000 | loss  3.237 | ppl     25.46
[2022-04-11 02:05:15.107] End E008 | valid loss  3.249; ppl     25.76 | accu 0.3059 = 127540/416920
[2022-04-11 02:05:37.052] End E008 |  test loss  4.645; ppl    104.07 | accu 0.1759 = 221577/1259720 ../data/sample_500k/adult_test.txt
[2022-04-11 02:05:41.053] End E008 |  test loss  3.297; ppl     27.02 | accu 0.2979 = 67289/225880 ../data/sample_500k/adolescent_valid.txt
[2022-04-11 02:05:44.383] End E008 |  test loss  3.201; ppl     24.56 | accu 0.3142 = 60024/191020 ../data/sample_500k/cbt_valid.txt
[2022-04-11 02:05:44.383] Save: model.pt... 
[2022-04-11 02:05:44.392] Save: model.pt...Done. best_val_loss: 3.2487
[2022-04-11 02:05:44.393] Epoch 009/40 ==================================================
[2022-04-11 02:05:47.902] E009 |   200/2624 batches | lr 10.0000 | loss  3.169 | ppl     23.78
[2022-04-11 02:05:51.485] E009 |   400/2624 batches | lr 10.0000 | loss  3.200 | ppl     24.54
[2022-04-11 02:05:55.027] E009 |   600/2624 batches | lr 10.0000 | loss  3.218 | ppl     24.98
[2022-04-11 02:05:58.561] E009 |   800/2624 batches | lr 10.0000 | loss  3.191 | ppl     24.32
[2022-04-11 02:06:02.074] E009 |  1000/2624 batches | lr 10.0000 | loss  3.174 | ppl     23.91
[2022-04-11 02:06:05.650] E009 |  1200/2624 batches | lr 10.0000 | loss  3.184 | ppl     24.15
[2022-04-11 02:06:09.183] E009 |  1400/2624 batches | lr 10.0000 | loss  3.123 | ppl     22.72
[2022-04-11 02:06:12.730] E009 |  1600/2624 batches | lr 10.0000 | loss  3.169 | ppl     23.78
[2022-04-11 02:06:16.272] E009 |  1800/2624 batches | lr 10.0000 | loss  3.136 | ppl     23.00
[2022-04-11 02:06:19.805] E009 |  2000/2624 batches | lr 10.0000 | loss  3.135 | ppl     22.99
[2022-04-11 02:06:23.327] E009 |  2200/2624 batches | lr 10.0000 | loss  3.160 | ppl     23.56
[2022-04-11 02:06:26.881] E009 |  2400/2624 batches | lr 10.0000 | loss  3.168 | ppl     23.77
[2022-04-11 02:06:30.420] E009 |  2600/2624 batches | lr 10.0000 | loss  3.150 | ppl     23.33
[2022-04-11 02:06:30.834] E009 |  2624/2624 batches | lr 10.0000 | loss  3.226 | ppl     25.18
[2022-04-11 02:06:38.131] End E009 | valid loss  3.282; ppl     26.62 | accu 0.3008 = 125429/416920
[2022-04-11 02:07:00.251] End E009 |  test loss  4.351; ppl     77.59 | accu 0.1956 = 246341/1259720 ../data/sample_500k/adult_test.txt
[2022-04-11 02:07:04.229] End E009 |  test loss  3.366; ppl     28.96 | accu 0.2876 = 64962/225880 ../data/sample_500k/adolescent_valid.txt
[2022-04-11 02:07:07.591] End E009 |  test loss  3.188; ppl     24.24 | accu 0.3156 = 60283/191020 ../data/sample_500k/cbt_valid.txt
[2022-04-11 02:07:07.591] Epoch 010/40 ==================================================
[2022-04-11 02:07:11.142] E010 |   200/2624 batches | lr 5.0000 | loss  3.151 | ppl     23.36
[2022-04-11 02:07:14.705] E010 |   400/2624 batches | lr 5.0000 | loss  3.180 | ppl     24.05
[2022-04-11 02:07:18.270] E010 |   600/2624 batches | lr 5.0000 | loss  3.193 | ppl     24.36
[2022-04-11 02:07:21.802] E010 |   800/2624 batches | lr 5.0000 | loss  3.159 | ppl     23.54
[2022-04-11 02:07:25.336] E010 |  1000/2624 batches | lr 5.0000 | loss  3.136 | ppl     23.02
[2022-04-11 02:07:28.872] E010 |  1200/2624 batches | lr 5.0000 | loss  3.142 | ppl     23.16
[2022-04-11 02:07:32.407] E010 |  1400/2624 batches | lr 5.0000 | loss  3.081 | ppl     21.77
[2022-04-11 02:07:35.948] E010 |  1600/2624 batches | lr 5.0000 | loss  3.118 | ppl     22.59
[2022-04-11 02:07:39.460] E010 |  1800/2624 batches | lr 5.0000 | loss  3.092 | ppl     22.02
[2022-04-11 02:07:43.088] E010 |  2000/2624 batches | lr 5.0000 | loss  3.084 | ppl     21.85
[2022-04-11 02:07:46.598] E010 |  2200/2624 batches | lr 5.0000 | loss  3.103 | ppl     22.26
[2022-04-11 02:07:50.197] E010 |  2400/2624 batches | lr 5.0000 | loss  3.110 | ppl     22.43
[2022-04-11 02:07:53.704] E010 |  2600/2624 batches | lr 5.0000 | loss  3.093 | ppl     22.05
[2022-04-11 02:07:54.140] E010 |  2624/2624 batches | lr 5.0000 | loss  3.155 | ppl     23.45
[2022-04-11 02:08:01.438] End E010 | valid loss  3.192; ppl     24.34 | accu 0.3157 = 131640/416920
[2022-04-11 02:08:23.439] End E010 |  test loss  4.344; ppl     77.00 | accu 0.2038 = 256668/1259720 ../data/sample_500k/adult_test.txt
[2022-04-11 02:08:27.385] End E010 |  test loss  3.228; ppl     25.23 | accu 0.3108 = 70206/225880 ../data/sample_500k/adolescent_valid.txt
[2022-04-11 02:08:30.722] End E010 |  test loss  3.155; ppl     23.45 | accu 0.3207 = 61254/191020 ../data/sample_500k/cbt_valid.txt
[2022-04-11 02:08:30.722] Save: model.pt... 
[2022-04-11 02:08:30.731] Save: model.pt...Done. best_val_loss: 3.1920
[2022-04-11 02:08:30.731] Epoch 011/40 ==================================================
[2022-04-11 02:08:34.249] E011 |   200/2624 batches | lr 5.0000 | loss  3.116 | ppl     22.55
[2022-04-11 02:08:37.766] E011 |   400/2624 batches | lr 5.0000 | loss  3.146 | ppl     23.25
[2022-04-11 02:08:41.333] E011 |   600/2624 batches | lr 5.0000 | loss  3.163 | ppl     23.65
[2022-04-11 02:08:44.853] E011 |   800/2624 batches | lr 5.0000 | loss  3.131 | ppl     22.89
[2022-04-11 02:08:48.378] E011 |  1000/2624 batches | lr 5.0000 | loss  3.118 | ppl     22.61
[2022-04-11 02:08:51.933] E011 |  1200/2624 batches | lr 5.0000 | loss  3.120 | ppl     22.64
[2022-04-11 02:08:55.470] E011 |  1400/2624 batches | lr 5.0000 | loss  3.067 | ppl     21.47
[2022-04-11 02:08:59.070] E011 |  1600/2624 batches | lr 5.0000 | loss  3.104 | ppl     22.28
[2022-04-11 02:09:02.705] E011 |  1800/2624 batches | lr 5.0000 | loss  3.080 | ppl     21.75
[2022-04-11 02:09:06.237] E011 |  2000/2624 batches | lr 5.0000 | loss  3.075 | ppl     21.65
[2022-04-11 02:09:09.774] E011 |  2200/2624 batches | lr 5.0000 | loss  3.094 | ppl     22.07
[2022-04-11 02:09:13.328] E011 |  2400/2624 batches | lr 5.0000 | loss  3.105 | ppl     22.32
[2022-04-11 02:09:16.872] E011 |  2600/2624 batches | lr 5.0000 | loss  3.083 | ppl     21.81
[2022-04-11 02:09:17.293] E011 |  2624/2624 batches | lr 5.0000 | loss  3.168 | ppl     23.75
[2022-04-11 02:09:24.601] End E011 | valid loss  3.181; ppl     24.07 | accu 0.3179 = 132525/416920
[2022-04-11 02:09:46.588] End E011 |  test loss  4.232; ppl     68.86 | accu 0.2128 = 268115/1259720 ../data/sample_500k/adult_test.txt
[2022-04-11 02:09:50.524] End E011 |  test loss  3.218; ppl     24.97 | accu 0.3132 = 70740/225880 ../data/sample_500k/adolescent_valid.txt
[2022-04-11 02:09:53.841] End E011 |  test loss  3.142; ppl     23.15 | accu 0.3227 = 61643/191020 ../data/sample_500k/cbt_valid.txt
[2022-04-11 02:09:53.841] Save: model.pt... 
[2022-04-11 02:09:53.851] Save: model.pt...Done. best_val_loss: 3.1810
[2022-04-11 02:09:53.851] Epoch 012/40 ==================================================
[2022-04-11 02:09:57.390] E012 |   200/2624 batches | lr 5.0000 | loss  3.108 | ppl     22.38
[2022-04-11 02:10:00.906] E012 |   400/2624 batches | lr 5.0000 | loss  3.132 | ppl     22.91
[2022-04-11 02:10:04.431] E012 |   600/2624 batches | lr 5.0000 | loss  3.151 | ppl     23.35
[2022-04-11 02:10:07.980] E012 |   800/2624 batches | lr 5.0000 | loss  3.122 | ppl     22.68
[2022-04-11 02:10:11.518] E012 |  1000/2624 batches | lr 5.0000 | loss  3.106 | ppl     22.34
[2022-04-11 02:10:15.110] E012 |  1200/2624 batches | lr 5.0000 | loss  3.112 | ppl     22.46
[2022-04-11 02:10:18.655] E012 |  1400/2624 batches | lr 5.0000 | loss  3.056 | ppl     21.24
[2022-04-11 02:10:22.230] E012 |  1600/2624 batches | lr 5.0000 | loss  3.094 | ppl     22.07
[2022-04-11 02:10:25.763] E012 |  1800/2624 batches | lr 5.0000 | loss  3.066 | ppl     21.46
[2022-04-11 02:10:29.274] E012 |  2000/2624 batches | lr 5.0000 | loss  3.067 | ppl     21.49
[2022-04-11 02:10:32.821] E012 |  2200/2624 batches | lr 5.0000 | loss  3.087 | ppl     21.91
[2022-04-11 02:10:36.350] E012 |  2400/2624 batches | lr 5.0000 | loss  3.097 | ppl     22.13
[2022-04-11 02:10:39.912] E012 |  2600/2624 batches | lr 5.0000 | loss  3.078 | ppl     21.72
[2022-04-11 02:10:40.338] E012 |  2624/2624 batches | lr 5.0000 | loss  3.152 | ppl     23.39
[2022-04-11 02:10:47.722] End E012 | valid loss  3.181; ppl     24.08 | accu 0.3172 = 132237/416920
[2022-04-11 02:11:09.826] End E012 |  test loss  4.224; ppl     68.33 | accu 0.2123 = 267382/1259720 ../data/sample_500k/adult_test.txt
[2022-04-11 02:11:13.812] End E012 |  test loss  3.219; ppl     25.01 | accu 0.3116 = 70379/225880 ../data/sample_500k/adolescent_valid.txt
[2022-04-11 02:11:17.140] End E012 |  test loss  3.138; ppl     23.05 | accu 0.3237 = 61836/191020 ../data/sample_500k/cbt_valid.txt
[2022-04-11 02:11:17.140] Epoch 013/40 ==================================================
[2022-04-11 02:11:20.711] E013 |   200/2624 batches | lr 2.5000 | loss  3.095 | ppl     22.08
[2022-04-11 02:11:24.266] E013 |   400/2624 batches | lr 2.5000 | loss  3.133 | ppl     22.93
[2022-04-11 02:11:27.834] E013 |   600/2624 batches | lr 2.5000 | loss  3.156 | ppl     23.49
[2022-04-11 02:11:31.392] E013 |   800/2624 batches | lr 2.5000 | loss  3.124 | ppl     22.73
[2022-04-11 02:11:34.947] E013 |  1000/2624 batches | lr 2.5000 | loss  3.099 | ppl     22.18
[2022-04-11 02:11:38.464] E013 |  1200/2624 batches | lr 2.5000 | loss  3.095 | ppl     22.09
[2022-04-11 02:11:41.982] E013 |  1400/2624 batches | lr 2.5000 | loss  3.035 | ppl     20.81
[2022-04-11 02:11:45.502] E013 |  1600/2624 batches | lr 2.5000 | loss  3.072 | ppl     21.58
[2022-04-11 02:11:49.030] E013 |  1800/2624 batches | lr 2.5000 | loss  3.046 | ppl     21.02
[2022-04-11 02:11:52.611] E013 |  2000/2624 batches | lr 2.5000 | loss  3.042 | ppl     20.94
[2022-04-11 02:11:56.149] E013 |  2200/2624 batches | lr 2.5000 | loss  3.061 | ppl     21.34
[2022-04-11 02:11:59.699] E013 |  2400/2624 batches | lr 2.5000 | loss  3.070 | ppl     21.54
[2022-04-11 02:12:03.293] E013 |  2600/2624 batches | lr 2.5000 | loss  3.051 | ppl     21.13
[2022-04-11 02:12:03.715] E013 |  2624/2624 batches | lr 2.5000 | loss  3.126 | ppl     22.79
[2022-04-11 02:12:11.130] End E013 | valid loss  3.158; ppl     23.53 | accu 0.3220 = 134248/416920
[2022-04-11 02:12:33.215] End E013 |  test loss  4.196; ppl     66.43 | accu 0.2177 = 274255/1259720 ../data/sample_500k/adult_test.txt
[2022-04-11 02:12:37.182] End E013 |  test loss  3.197; ppl     24.45 | accu 0.3168 = 71562/225880 ../data/sample_500k/adolescent_valid.txt
[2022-04-11 02:12:40.535] End E013 |  test loss  3.118; ppl     22.61 | accu 0.3273 = 62524/191020 ../data/sample_500k/cbt_valid.txt
[2022-04-11 02:12:40.535] Save: model.pt... 
[2022-04-11 02:12:40.545] Save: model.pt...Done. best_val_loss: 3.1582
[2022-04-11 02:12:40.545] Epoch 014/40 ==================================================
[2022-04-11 02:12:44.042] E014 |   200/2624 batches | lr 2.5000 | loss  3.072 | ppl     21.58
[2022-04-11 02:12:47.582] E014 |   400/2624 batches | lr 2.5000 | loss  3.110 | ppl     22.43
[2022-04-11 02:12:51.136] E014 |   600/2624 batches | lr 2.5000 | loss  3.129 | ppl     22.86
[2022-04-11 02:12:54.671] E014 |   800/2624 batches | lr 2.5000 | loss  3.095 | ppl     22.09
[2022-04-11 02:12:58.173] E014 |  1000/2624 batches | lr 2.5000 | loss  3.081 | ppl     21.77
[2022-04-11 02:13:01.697] E014 |  1200/2624 batches | lr 2.5000 | loss  3.081 | ppl     21.78
[2022-04-11 02:13:05.479] E014 |  1400/2624 batches | lr 2.5000 | loss  3.026 | ppl     20.60
[2022-04-11 02:13:09.010] E014 |  1600/2624 batches | lr 2.5000 | loss  3.061 | ppl     21.35
[2022-04-11 02:13:12.534] E014 |  1800/2624 batches | lr 2.5000 | loss  3.039 | ppl     20.89
[2022-04-11 02:13:16.136] E014 |  2000/2624 batches | lr 2.5000 | loss  3.034 | ppl     20.77
[2022-04-11 02:13:19.658] E014 |  2200/2624 batches | lr 2.5000 | loss  3.051 | ppl     21.14
[2022-04-11 02:13:23.221] E014 |  2400/2624 batches | lr 2.5000 | loss  3.067 | ppl     21.48
[2022-04-11 02:13:26.752] E014 |  2600/2624 batches | lr 2.5000 | loss  3.048 | ppl     21.06
[2022-04-11 02:13:27.178] E014 |  2624/2624 batches | lr 2.5000 | loss  3.115 | ppl     22.53
[2022-04-11 02:13:34.528] End E014 | valid loss  3.157; ppl     23.49 | accu 0.3221 = 134292/416920
[2022-04-11 02:13:56.477] End E014 |  test loss  4.191; ppl     66.12 | accu 0.2188 = 275666/1259720 ../data/sample_500k/adult_test.txt
[2022-04-11 02:14:00.458] End E014 |  test loss  3.197; ppl     24.46 | accu 0.3167 = 71546/225880 ../data/sample_500k/adolescent_valid.txt
[2022-04-11 02:14:03.816] End E014 |  test loss  3.114; ppl     22.52 | accu 0.3278 = 62621/191020 ../data/sample_500k/cbt_valid.txt
[2022-04-11 02:14:03.816] Save: model.pt... 
[2022-04-11 02:14:03.826] Save: model.pt...Done. best_val_loss: 3.1568
[2022-04-11 02:14:03.826] Epoch 015/40 ==================================================
[2022-04-11 02:14:07.394] E015 |   200/2624 batches | lr 2.5000 | loss  3.066 | ppl     21.45
[2022-04-11 02:14:10.958] E015 |   400/2624 batches | lr 2.5000 | loss  3.102 | ppl     22.25
[2022-04-11 02:14:14.507] E015 |   600/2624 batches | lr 2.5000 | loss  3.130 | ppl     22.88
[2022-04-11 02:14:18.025] E015 |   800/2624 batches | lr 2.5000 | loss  3.099 | ppl     22.19
[2022-04-11 02:14:21.524] E015 |  1000/2624 batches | lr 2.5000 | loss  3.079 | ppl     21.73
[2022-04-11 02:14:25.154] E015 |  1200/2624 batches | lr 2.5000 | loss  3.077 | ppl     21.69
[2022-04-11 02:14:28.750] E015 |  1400/2624 batches | lr 2.5000 | loss  3.020 | ppl     20.50
[2022-04-11 02:14:32.421] E015 |  1600/2624 batches | lr 2.5000 | loss  3.058 | ppl     21.29
[2022-04-11 02:14:35.938] E015 |  1800/2624 batches | lr 2.5000 | loss  3.035 | ppl     20.81
[2022-04-11 02:14:39.454] E015 |  2000/2624 batches | lr 2.5000 | loss  3.032 | ppl     20.73
[2022-04-11 02:14:42.991] E015 |  2200/2624 batches | lr 2.5000 | loss  3.052 | ppl     21.15
[2022-04-11 02:14:46.533] E015 |  2400/2624 batches | lr 2.5000 | loss  3.066 | ppl     21.46
[2022-04-11 02:14:50.090] E015 |  2600/2624 batches | lr 2.5000 | loss  3.046 | ppl     21.04
[2022-04-11 02:14:50.520] E015 |  2624/2624 batches | lr 2.5000 | loss  3.116 | ppl     22.55
[2022-04-11 02:14:57.823] End E015 | valid loss  3.156; ppl     23.47 | accu 0.3222 = 134323/416920
[2022-04-11 02:15:19.819] End E015 |  test loss  4.175; ppl     65.06 | accu 0.2206 = 277923/1259720 ../data/sample_500k/adult_test.txt
[2022-04-11 02:15:23.815] End E015 |  test loss  3.198; ppl     24.49 | accu 0.3167 = 71533/225880 ../data/sample_500k/adolescent_valid.txt
[2022-04-11 02:15:27.167] End E015 |  test loss  3.112; ppl     22.47 | accu 0.3279 = 62626/191020 ../data/sample_500k/cbt_valid.txt
[2022-04-11 02:15:27.168] Save: model.pt... 
[2022-04-11 02:15:27.177] Save: model.pt...Done. best_val_loss: 3.1555
[2022-04-11 02:15:27.178] Epoch 016/40 ==================================================
[2022-04-11 02:15:30.805] E016 |   200/2624 batches | lr 2.5000 | loss  3.064 | ppl     21.41
[2022-04-11 02:15:34.336] E016 |   400/2624 batches | lr 2.5000 | loss  3.092 | ppl     22.02
[2022-04-11 02:15:37.950] E016 |   600/2624 batches | lr 2.5000 | loss  3.113 | ppl     22.50
[2022-04-11 02:15:41.510] E016 |   800/2624 batches | lr 2.5000 | loss  3.082 | ppl     21.81
[2022-04-11 02:15:45.061] E016 |  1000/2624 batches | lr 2.5000 | loss  3.066 | ppl     21.46
[2022-04-11 02:15:48.550] E016 |  1200/2624 batches | lr 2.5000 | loss  3.070 | ppl     21.54
[2022-04-11 02:15:52.089] E016 |  1400/2624 batches | lr 2.5000 | loss  3.011 | ppl     20.31
[2022-04-11 02:15:55.679] E016 |  1600/2624 batches | lr 2.5000 | loss  3.053 | ppl     21.17
[2022-04-11 02:15:59.198] E016 |  1800/2624 batches | lr 2.5000 | loss  3.026 | ppl     20.62
[2022-04-11 02:16:02.733] E016 |  2000/2624 batches | lr 2.5000 | loss  3.027 | ppl     20.64
[2022-04-11 02:16:06.309] E016 |  2200/2624 batches | lr 2.5000 | loss  3.047 | ppl     21.06
[2022-04-11 02:16:09.820] E016 |  2400/2624 batches | lr 2.5000 | loss  3.058 | ppl     21.28
[2022-04-11 02:16:13.334] E016 |  2600/2624 batches | lr 2.5000 | loss  3.042 | ppl     20.96
[2022-04-11 02:16:13.750] E016 |  2624/2624 batches | lr 2.5000 | loss  3.111 | ppl     22.44
[2022-04-11 02:16:21.049] End E016 | valid loss  3.147; ppl     23.27 | accu 0.3232 = 134750/416920
[2022-04-11 02:16:43.061] End E016 |  test loss  4.190; ppl     66.03 | accu 0.2204 = 277675/1259720 ../data/sample_500k/adult_test.txt
[2022-04-11 02:16:47.034] End E016 |  test loss  3.183; ppl     24.12 | accu 0.3187 = 71985/225880 ../data/sample_500k/adolescent_valid.txt
[2022-04-11 02:16:50.357] End E016 |  test loss  3.110; ppl     22.42 | accu 0.3278 = 62625/191020 ../data/sample_500k/cbt_valid.txt
[2022-04-11 02:16:50.357] Save: model.pt... 
[2022-04-11 02:16:50.367] Save: model.pt...Done. best_val_loss: 3.1471
[2022-04-11 02:16:50.367] Epoch 017/40 ==================================================
[2022-04-11 02:16:53.883] E017 |   200/2624 batches | lr 2.5000 | loss  3.054 | ppl     21.21
[2022-04-11 02:16:57.393] E017 |   400/2624 batches | lr 2.5000 | loss  3.092 | ppl     22.02
[2022-04-11 02:17:00.907] E017 |   600/2624 batches | lr 2.5000 | loss  3.121 | ppl     22.67
[2022-04-11 02:17:04.443] E017 |   800/2624 batches | lr 2.5000 | loss  3.096 | ppl     22.10
[2022-04-11 02:17:08.010] E017 |  1000/2624 batches | lr 2.5000 | loss  3.074 | ppl     21.62
[2022-04-11 02:17:11.528] E017 |  1200/2624 batches | lr 2.5000 | loss  3.068 | ppl     21.51
[2022-04-11 02:17:15.066] E017 |  1400/2624 batches | lr 2.5000 | loss  3.009 | ppl     20.26
[2022-04-11 02:17:18.605] E017 |  1600/2624 batches | lr 2.5000 | loss  3.050 | ppl     21.11
[2022-04-11 02:17:22.158] E017 |  1800/2624 batches | lr 2.5000 | loss  3.029 | ppl     20.67
[2022-04-11 02:17:25.717] E017 |  2000/2624 batches | lr 2.5000 | loss  3.026 | ppl     20.61
[2022-04-11 02:17:29.268] E017 |  2200/2624 batches | lr 2.5000 | loss  3.043 | ppl     20.96
[2022-04-11 02:17:32.808] E017 |  2400/2624 batches | lr 2.5000 | loss  3.054 | ppl     21.20
[2022-04-11 02:17:36.333] E017 |  2600/2624 batches | lr 2.5000 | loss  3.043 | ppl     20.98
[2022-04-11 02:17:36.754] E017 |  2624/2624 batches | lr 2.5000 | loss  3.106 | ppl     22.33
[2022-04-11 02:17:44.047] End E017 | valid loss  3.150; ppl     23.34 | accu 0.3232 = 134766/416920
[2022-04-11 02:18:06.064] End E017 |  test loss  4.167; ppl     64.55 | accu 0.2206 = 277875/1259720 ../data/sample_500k/adult_test.txt
[2022-04-11 02:18:10.005] End E017 |  test loss  3.196; ppl     24.43 | accu 0.3183 = 71889/225880 ../data/sample_500k/adolescent_valid.txt
[2022-04-11 02:18:13.336] End E017 |  test loss  3.109; ppl     22.39 | accu 0.3276 = 62578/191020 ../data/sample_500k/cbt_valid.txt
[2022-04-11 02:18:13.336] Epoch 018/40 ==================================================
[2022-04-11 02:18:16.833] E018 |   200/2624 batches | lr 1.2500 | loss  3.058 | ppl     21.28
[2022-04-11 02:18:20.380] E018 |   400/2624 batches | lr 1.2500 | loss  3.093 | ppl     22.05
[2022-04-11 02:18:23.889] E018 |   600/2624 batches | lr 1.2500 | loss  3.118 | ppl     22.61
[2022-04-11 02:18:27.465] E018 |   800/2624 batches | lr 1.2500 | loss  3.087 | ppl     21.92
[2022-04-11 02:18:30.994] E018 |  1000/2624 batches | lr 1.2500 | loss  3.072 | ppl     21.59
[2022-04-11 02:18:34.517] E018 |  1200/2624 batches | lr 1.2500 | loss  3.060 | ppl     21.32
[2022-04-11 02:18:38.115] E018 |  1400/2624 batches | lr 1.2500 | loss  3.001 | ppl     20.10
[2022-04-11 02:18:41.637] E018 |  1600/2624 batches | lr 1.2500 | loss  3.041 | ppl     20.92
[2022-04-11 02:18:45.217] E018 |  1800/2624 batches | lr 1.2500 | loss  3.016 | ppl     20.41
[2022-04-11 02:18:48.729] E018 |  2000/2624 batches | lr 1.2500 | loss  3.008 | ppl     20.25
[2022-04-11 02:18:52.248] E018 |  2200/2624 batches | lr 1.2500 | loss  3.026 | ppl     20.61
[2022-04-11 02:18:55.818] E018 |  2400/2624 batches | lr 1.2500 | loss  3.037 | ppl     20.83
[2022-04-11 02:18:59.326] E018 |  2600/2624 batches | lr 1.2500 | loss  3.024 | ppl     20.58
[2022-04-11 02:18:59.750] E018 |  2624/2624 batches | lr 1.2500 | loss  3.094 | ppl     22.06
[2022-04-11 02:19:07.050] End E018 | valid loss  3.143; ppl     23.18 | accu 0.3244 = 135267/416920
[2022-04-11 02:19:29.336] End E018 |  test loss  4.167; ppl     64.53 | accu 0.2223 = 280001/1259720 ../data/sample_500k/adult_test.txt
[2022-04-11 02:19:33.310] End E018 |  test loss  3.186; ppl     24.19 | accu 0.3194 = 72144/225880 ../data/sample_500k/adolescent_valid.txt
[2022-04-11 02:19:36.653] End E018 |  test loss  3.100; ppl     22.21 | accu 0.3296 = 62959/191020 ../data/sample_500k/cbt_valid.txt
[2022-04-11 02:19:36.653] Save: model.pt... 
[2022-04-11 02:19:36.663] Save: model.pt...Done. best_val_loss: 3.1435
[2022-04-11 02:19:36.663] Epoch 019/40 ==================================================
[2022-04-11 02:19:40.213] E019 |   200/2624 batches | lr 1.2500 | loss  3.050 | ppl     21.11
[2022-04-11 02:19:43.713] E019 |   400/2624 batches | lr 1.2500 | loss  3.083 | ppl     21.81
[2022-04-11 02:19:47.217] E019 |   600/2624 batches | lr 1.2500 | loss  3.111 | ppl     22.45
[2022-04-11 02:19:50.759] E019 |   800/2624 batches | lr 1.2500 | loss  3.081 | ppl     21.77
[2022-04-11 02:19:54.248] E019 |  1000/2624 batches | lr 1.2500 | loss  3.059 | ppl     21.32
[2022-04-11 02:19:57.751] E019 |  1200/2624 batches | lr 1.2500 | loss  3.056 | ppl     21.24
[2022-04-11 02:20:01.277] E019 |  1400/2624 batches | lr 1.2500 | loss  2.998 | ppl     20.05
[2022-04-11 02:20:04.820] E019 |  1600/2624 batches | lr 1.2500 | loss  3.036 | ppl     20.82
[2022-04-11 02:20:08.335] E019 |  1800/2624 batches | lr 1.2500 | loss  3.019 | ppl     20.48
[2022-04-11 02:20:11.861] E019 |  2000/2624 batches | lr 1.2500 | loss  3.022 | ppl     20.53
[2022-04-11 02:20:15.405] E019 |  2200/2624 batches | lr 1.2500 | loss  3.046 | ppl     21.03
[2022-04-11 02:20:18.990] E019 |  2400/2624 batches | lr 1.2500 | loss  3.057 | ppl     21.26
[2022-04-11 02:20:22.570] E019 |  2600/2624 batches | lr 1.2500 | loss  3.038 | ppl     20.87
[2022-04-11 02:20:22.997] E019 |  2624/2624 batches | lr 1.2500 | loss  3.101 | ppl     22.22
[2022-04-11 02:20:30.336] End E019 | valid loss  3.143; ppl     23.17 | accu 0.3247 = 135372/416920
[2022-04-11 02:20:52.231] End E019 |  test loss  4.156; ppl     63.81 | accu 0.2229 = 280788/1259720 ../data/sample_500k/adult_test.txt
[2022-04-11 02:20:56.201] End E019 |  test loss  3.185; ppl     24.16 | accu 0.3196 = 72189/225880 ../data/sample_500k/adolescent_valid.txt
[2022-04-11 02:20:59.556] End E019 |  test loss  3.097; ppl     22.13 | accu 0.3301 = 63059/191020 ../data/sample_500k/cbt_valid.txt
[2022-04-11 02:20:59.556] Save: model.pt... 
[2022-04-11 02:20:59.566] Save: model.pt...Done. best_val_loss: 3.1427
[2022-04-11 02:20:59.566] Epoch 020/40 ==================================================
[2022-04-11 02:21:03.148] E020 |   200/2624 batches | lr 1.2500 | loss  3.044 | ppl     20.99
[2022-04-11 02:21:06.747] E020 |   400/2624 batches | lr 1.2500 | loss  3.072 | ppl     21.58
[2022-04-11 02:21:10.272] E020 |   600/2624 batches | lr 1.2500 | loss  3.091 | ppl     22.01
[2022-04-11 02:21:13.795] E020 |   800/2624 batches | lr 1.2500 | loss  3.062 | ppl     21.36
[2022-04-11 02:21:17.302] E020 |  1000/2624 batches | lr 1.2500 | loss  3.052 | ppl     21.16
[2022-04-11 02:21:20.822] E020 |  1200/2624 batches | lr 1.2500 | loss  3.049 | ppl     21.09
[2022-04-11 02:21:24.325] E020 |  1400/2624 batches | lr 1.2500 | loss  3.001 | ppl     20.10
[2022-04-11 02:21:27.844] E020 |  1600/2624 batches | lr 1.2500 | loss  3.033 | ppl     20.77
[2022-04-11 02:21:31.350] E020 |  1800/2624 batches | lr 1.2500 | loss  3.007 | ppl     20.22
[2022-04-11 02:21:34.895] E020 |  2000/2624 batches | lr 1.2500 | loss  3.008 | ppl     20.25
[2022-04-11 02:21:38.413] E020 |  2200/2624 batches | lr 1.2500 | loss  3.027 | ppl     20.64
[2022-04-11 02:21:41.945] E020 |  2400/2624 batches | lr 1.2500 | loss  3.040 | ppl     20.91
[2022-04-11 02:21:45.477] E020 |  2600/2624 batches | lr 1.2500 | loss  3.023 | ppl     20.54
[2022-04-11 02:21:45.911] E020 |  2624/2624 batches | lr 1.2500 | loss  3.095 | ppl     22.09
[2022-04-11 02:21:53.227] End E020 | valid loss  3.137; ppl     23.04 | accu 0.3255 = 135719/416920
[2022-04-11 02:22:15.169] End E020 |  test loss  4.157; ppl     63.91 | accu 0.2231 = 281019/1259720 ../data/sample_500k/adult_test.txt
[2022-04-11 02:22:19.120] End E020 |  test loss  3.184; ppl     24.13 | accu 0.3200 = 72282/225880 ../data/sample_500k/adolescent_valid.txt
[2022-04-11 02:22:22.448] End E020 |  test loss  3.096; ppl     22.12 | accu 0.3302 = 63081/191020 ../data/sample_500k/cbt_valid.txt
[2022-04-11 02:22:22.448] Save: model.pt... 
[2022-04-11 02:22:22.458] Save: model.pt...Done. best_val_loss: 3.1372
[2022-04-11 02:22:22.458] Epoch 021/40 ==================================================
[2022-04-11 02:22:26.021] E021 |   200/2624 batches | lr 1.2500 | loss  3.040 | ppl     20.90
[2022-04-11 02:22:29.557] E021 |   400/2624 batches | lr 1.2500 | loss  3.076 | ppl     21.67
[2022-04-11 02:22:33.096] E021 |   600/2624 batches | lr 1.2500 | loss  3.102 | ppl     22.25
[2022-04-11 02:22:36.630] E021 |   800/2624 batches | lr 1.2500 | loss  3.074 | ppl     21.62
[2022-04-11 02:22:40.165] E021 |  1000/2624 batches | lr 1.2500 | loss  3.060 | ppl     21.33
[2022-04-11 02:22:43.672] E021 |  1200/2624 batches | lr 1.2500 | loss  3.048 | ppl     21.07
[2022-04-11 02:22:47.208] E021 |  1400/2624 batches | lr 1.2500 | loss  2.989 | ppl     19.86
[2022-04-11 02:22:50.734] E021 |  1600/2624 batches | lr 1.2500 | loss  3.030 | ppl     20.70
[2022-04-11 02:22:54.374] E021 |  1800/2624 batches | lr 1.2500 | loss  3.006 | ppl     20.20
[2022-04-11 02:22:57.933] E021 |  2000/2624 batches | lr 1.2500 | loss  3.007 | ppl     20.22
[2022-04-11 02:23:01.492] E021 |  2200/2624 batches | lr 1.2500 | loss  3.022 | ppl     20.54
[2022-04-11 02:23:05.021] E021 |  2400/2624 batches | lr 1.2500 | loss  3.038 | ppl     20.87
[2022-04-11 02:23:08.552] E021 |  2600/2624 batches | lr 1.2500 | loss  3.020 | ppl     20.48
[2022-04-11 02:23:08.968] E021 |  2624/2624 batches | lr 1.2500 | loss  3.095 | ppl     22.09
[2022-04-11 02:23:16.306] End E021 | valid loss  3.135; ppl     23.00 | accu 0.3263 = 136031/416920
[2022-04-11 02:23:38.352] End E021 |  test loss  4.164; ppl     64.31 | accu 0.2232 = 281124/1259720 ../data/sample_500k/adult_test.txt
[2022-04-11 02:23:42.345] End E021 |  test loss  3.174; ppl     23.90 | accu 0.3220 = 72724/225880 ../data/sample_500k/adolescent_valid.txt
[2022-04-11 02:23:45.700] End E021 |  test loss  3.095; ppl     22.10 | accu 0.3308 = 63197/191020 ../data/sample_500k/cbt_valid.txt
[2022-04-11 02:23:45.701] Save: model.pt... 
[2022-04-11 02:23:45.710] Save: model.pt...Done. best_val_loss: 3.1354
[2022-04-11 02:23:45.710] Epoch 022/40 ==================================================
[2022-04-11 02:23:49.222] E022 |   200/2624 batches | lr 1.2500 | loss  3.038 | ppl     20.86
[2022-04-11 02:23:52.731] E022 |   400/2624 batches | lr 1.2500 | loss  3.071 | ppl     21.57
[2022-04-11 02:23:56.250] E022 |   600/2624 batches | lr 1.2500 | loss  3.102 | ppl     22.25
[2022-04-11 02:23:59.754] E022 |   800/2624 batches | lr 1.2500 | loss  3.070 | ppl     21.53
[2022-04-11 02:24:03.486] E022 |  1000/2624 batches | lr 1.2500 | loss  3.056 | ppl     21.24
[2022-04-11 02:24:07.018] E022 |  1200/2624 batches | lr 1.2500 | loss  3.046 | ppl     21.02
[2022-04-11 02:24:10.609] E022 |  1400/2624 batches | lr 1.2500 | loss  2.992 | ppl     19.93
[2022-04-11 02:24:14.162] E022 |  1600/2624 batches | lr 1.2500 | loss  3.030 | ppl     20.71
[2022-04-11 02:24:17.706] E022 |  1800/2624 batches | lr 1.2500 | loss  3.006 | ppl     20.21
[2022-04-11 02:24:21.266] E022 |  2000/2624 batches | lr 1.2500 | loss  3.005 | ppl     20.20
[2022-04-11 02:24:24.860] E022 |  2200/2624 batches | lr 1.2500 | loss  3.024 | ppl     20.57
[2022-04-11 02:24:28.472] E022 |  2400/2624 batches | lr 1.2500 | loss  3.031 | ppl     20.73
[2022-04-11 02:24:32.047] E022 |  2600/2624 batches | lr 1.2500 | loss  3.019 | ppl     20.47
[2022-04-11 02:24:32.467] E022 |  2624/2624 batches | lr 1.2500 | loss  3.088 | ppl     21.93
[2022-04-11 02:24:39.809] End E022 | valid loss  3.135; ppl     22.98 | accu 0.3261 = 135971/416920
[2022-04-11 02:25:01.831] End E022 |  test loss  4.163; ppl     64.24 | accu 0.2235 = 281514/1259720 ../data/sample_500k/adult_test.txt
[2022-04-11 02:25:05.780] End E022 |  test loss  3.176; ppl     23.95 | accu 0.3212 = 72550/225880 ../data/sample_500k/adolescent_valid.txt
[2022-04-11 02:25:09.090] End E022 |  test loss  3.094; ppl     22.07 | accu 0.3307 = 63172/191020 ../data/sample_500k/cbt_valid.txt
[2022-04-11 02:25:09.091] Save: model.pt... 
[2022-04-11 02:25:09.100] Save: model.pt...Done. best_val_loss: 3.1347
[2022-04-11 02:25:09.100] Epoch 023/40 ==================================================
[2022-04-11 02:25:12.611] E023 |   200/2624 batches | lr 1.2500 | loss  3.037 | ppl     20.83
[2022-04-11 02:25:16.114] E023 |   400/2624 batches | lr 1.2500 | loss  3.071 | ppl     21.57
[2022-04-11 02:25:19.636] E023 |   600/2624 batches | lr 1.2500 | loss  3.101 | ppl     22.21
[2022-04-11 02:25:23.140] E023 |   800/2624 batches | lr 1.2500 | loss  3.068 | ppl     21.51
[2022-04-11 02:25:26.698] E023 |  1000/2624 batches | lr 1.2500 | loss  3.053 | ppl     21.19
[2022-04-11 02:25:30.240] E023 |  1200/2624 batches | lr 1.2500 | loss  3.042 | ppl     20.95
[2022-04-11 02:25:33.841] E023 |  1400/2624 batches | lr 1.2500 | loss  2.992 | ppl     19.92
[2022-04-11 02:25:37.404] E023 |  1600/2624 batches | lr 1.2500 | loss  3.025 | ppl     20.60
[2022-04-11 02:25:40.944] E023 |  1800/2624 batches | lr 1.2500 | loss  3.002 | ppl     20.13
[2022-04-11 02:25:44.455] E023 |  2000/2624 batches | lr 1.2500 | loss  3.001 | ppl     20.12
[2022-04-11 02:25:47.953] E023 |  2200/2624 batches | lr 1.2500 | loss  3.019 | ppl     20.47
[2022-04-11 02:25:51.442] E023 |  2400/2624 batches | lr 1.2500 | loss  3.035 | ppl     20.80
[2022-04-11 02:25:55.037] E023 |  2600/2624 batches | lr 1.2500 | loss  3.020 | ppl     20.49
[2022-04-11 02:25:55.463] E023 |  2624/2624 batches | lr 1.2500 | loss  3.080 | ppl     21.75
[2022-04-11 02:26:02.817] End E023 | valid loss  3.132; ppl     22.93 | accu 0.3260 = 135920/416920
[2022-04-11 02:26:25.018] End E023 |  test loss  4.158; ppl     63.94 | accu 0.2236 = 281719/1259720 ../data/sample_500k/adult_test.txt
[2022-04-11 02:26:28.961] End E023 |  test loss  3.172; ppl     23.85 | accu 0.3214 = 72598/225880 ../data/sample_500k/adolescent_valid.txt
[2022-04-11 02:26:32.321] End E023 |  test loss  3.093; ppl     22.05 | accu 0.3303 = 63103/191020 ../data/sample_500k/cbt_valid.txt
[2022-04-11 02:26:32.321] Save: model.pt... 
[2022-04-11 02:26:32.331] Save: model.pt...Done. best_val_loss: 3.1322
[2022-04-11 02:26:32.331] Epoch 024/40 ==================================================
[2022-04-11 02:26:35.884] E024 |   200/2624 batches | lr 1.2500 | loss  3.032 | ppl     20.74
[2022-04-11 02:26:39.394] E024 |   400/2624 batches | lr 1.2500 | loss  3.070 | ppl     21.53
[2022-04-11 02:26:42.926] E024 |   600/2624 batches | lr 1.2500 | loss  3.094 | ppl     22.05
[2022-04-11 02:26:46.457] E024 |   800/2624 batches | lr 1.2500 | loss  3.062 | ppl     21.38
[2022-04-11 02:26:49.978] E024 |  1000/2624 batches | lr 1.2500 | loss  3.052 | ppl     21.16
[2022-04-11 02:26:53.554] E024 |  1200/2624 batches | lr 1.2500 | loss  3.041 | ppl     20.93
[2022-04-11 02:26:57.178] E024 |  1400/2624 batches | lr 1.2500 | loss  2.988 | ppl     19.84
[2022-04-11 02:27:00.738] E024 |  1600/2624 batches | lr 1.2500 | loss  3.023 | ppl     20.56
[2022-04-11 02:27:04.229] E024 |  1800/2624 batches | lr 1.2500 | loss  2.999 | ppl     20.07
[2022-04-11 02:27:07.784] E024 |  2000/2624 batches | lr 1.2500 | loss  3.001 | ppl     20.10
[2022-04-11 02:27:11.307] E024 |  2200/2624 batches | lr 1.2500 | loss  3.019 | ppl     20.48
[2022-04-11 02:27:14.827] E024 |  2400/2624 batches | lr 1.2500 | loss  3.031 | ppl     20.71
[2022-04-11 02:27:18.361] E024 |  2600/2624 batches | lr 1.2500 | loss  3.018 | ppl     20.45
[2022-04-11 02:27:18.778] E024 |  2624/2624 batches | lr 1.2500 | loss  3.082 | ppl     21.79
[2022-04-11 02:27:26.128] End E024 | valid loss  3.134; ppl     22.96 | accu 0.3261 = 135967/416920
[2022-04-11 02:27:48.129] End E024 |  test loss  4.157; ppl     63.86 | accu 0.2240 = 282138/1259720 ../data/sample_500k/adult_test.txt
[2022-04-11 02:27:52.088] End E024 |  test loss  3.173; ppl     23.87 | accu 0.3219 = 72703/225880 ../data/sample_500k/adolescent_valid.txt
[2022-04-11 02:27:55.406] End E024 |  test loss  3.093; ppl     22.03 | accu 0.3307 = 63178/191020 ../data/sample_500k/cbt_valid.txt
[2022-04-11 02:27:55.406] Epoch 025/40 ==================================================
[2022-04-11 02:27:58.902] E025 |   200/2624 batches | lr 0.6250 | loss  3.033 | ppl     20.76
[2022-04-11 02:28:02.422] E025 |   400/2624 batches | lr 0.6250 | loss  3.070 | ppl     21.54
[2022-04-11 02:28:05.956] E025 |   600/2624 batches | lr 0.6250 | loss  3.105 | ppl     22.30
[2022-04-11 02:28:09.486] E025 |   800/2624 batches | lr 0.6250 | loss  3.077 | ppl     21.70
[2022-04-11 02:28:13.019] E025 |  1000/2624 batches | lr 0.6250 | loss  3.060 | ppl     21.33
[2022-04-11 02:28:16.546] E025 |  1200/2624 batches | lr 0.6250 | loss  3.053 | ppl     21.17
[2022-04-11 02:28:20.081] E025 |  1400/2624 batches | lr 0.6250 | loss  2.996 | ppl     20.01
[2022-04-11 02:28:23.616] E025 |  1600/2624 batches | lr 0.6250 | loss  3.035 | ppl     20.81
[2022-04-11 02:28:27.125] E025 |  1800/2624 batches | lr 0.6250 | loss  3.008 | ppl     20.24
[2022-04-11 02:28:30.628] E025 |  2000/2624 batches | lr 0.6250 | loss  3.010 | ppl     20.28
[2022-04-11 02:28:34.128] E025 |  2200/2624 batches | lr 0.6250 | loss  3.026 | ppl     20.61
[2022-04-11 02:28:37.682] E025 |  2400/2624 batches | lr 0.6250 | loss  3.036 | ppl     20.83
[2022-04-11 02:28:41.223] E025 |  2600/2624 batches | lr 0.6250 | loss  3.026 | ppl     20.61
[2022-04-11 02:28:41.654] E025 |  2624/2624 batches | lr 0.6250 | loss  3.083 | ppl     21.83
[2022-04-11 02:28:49.063] End E025 | valid loss  3.133; ppl     22.94 | accu 0.3262 = 135985/416920
[2022-04-11 02:29:11.173] End E025 |  test loss  4.152; ppl     63.54 | accu 0.2247 = 282997/1259720 ../data/sample_500k/adult_test.txt
[2022-04-11 02:29:15.241] End E025 |  test loss  3.179; ppl     24.03 | accu 0.3202 = 72330/225880 ../data/sample_500k/adolescent_valid.txt
[2022-04-11 02:29:18.645] End E025 |  test loss  3.089; ppl     21.95 | accu 0.3319 = 63398/191020 ../data/sample_500k/cbt_valid.txt
[2022-04-11 02:29:18.645] Epoch 026/40 ==================================================
[2022-04-11 02:29:22.281] E026 |   200/2624 batches | lr 0.3125 | loss  3.034 | ppl     20.78
[2022-04-11 02:29:25.889] E026 |   400/2624 batches | lr 0.3125 | loss  3.061 | ppl     21.36
[2022-04-11 02:29:29.630] E026 |   600/2624 batches | lr 0.3125 | loss  3.083 | ppl     21.83
[2022-04-11 02:29:33.351] E026 |   800/2624 batches | lr 0.3125 | loss  3.050 | ppl     21.12
[2022-04-11 02:29:36.993] E026 |  1000/2624 batches | lr 0.3125 | loss  3.039 | ppl     20.88
[2022-04-11 02:29:40.641] E026 |  1200/2624 batches | lr 0.3125 | loss  3.035 | ppl     20.79
[2022-04-11 02:29:44.293] E026 |  1400/2624 batches | lr 0.3125 | loss  2.981 | ppl     19.71
[2022-04-11 02:29:47.869] E026 |  1600/2624 batches | lr 0.3125 | loss  3.016 | ppl     20.42
[2022-04-11 02:29:51.443] E026 |  1800/2624 batches | lr 0.3125 | loss  2.992 | ppl     19.93
[2022-04-11 02:29:54.962] E026 |  2000/2624 batches | lr 0.3125 | loss  2.991 | ppl     19.91
[2022-04-11 02:29:58.558] E026 |  2200/2624 batches | lr 0.3125 | loss  3.008 | ppl     20.24
[2022-04-11 02:30:02.109] E026 |  2400/2624 batches | lr 0.3125 | loss  3.019 | ppl     20.47
[2022-04-11 02:30:05.669] E026 |  2600/2624 batches | lr 0.3125 | loss  3.005 | ppl     20.18
[2022-04-11 02:30:06.099] E026 |  2624/2624 batches | lr 0.3125 | loss  3.074 | ppl     21.64
[2022-04-11 02:30:13.420] End E026 | valid loss  3.127; ppl     22.82 | accu 0.3274 = 136516/416920
[2022-04-11 02:30:36.051] End E026 |  test loss  4.152; ppl     63.55 | accu 0.2252 = 283649/1259720 ../data/sample_500k/adult_test.txt
[2022-04-11 02:30:40.187] End E026 |  test loss  3.165; ppl     23.70 | accu 0.3230 = 72952/225880 ../data/sample_500k/adolescent_valid.txt
[2022-04-11 02:30:43.626] End E026 |  test loss  3.087; ppl     21.91 | accu 0.3323 = 63468/191020 ../data/sample_500k/cbt_valid.txt
[2022-04-11 02:30:43.627] Save: model.pt... 
[2022-04-11 02:30:43.637] Save: model.pt...Done. best_val_loss: 3.1275
[2022-04-11 02:30:43.637] Epoch 027/40 ==================================================
[2022-04-11 02:30:47.257] E027 |   200/2624 batches | lr 0.3125 | loss  3.026 | ppl     20.62
[2022-04-11 02:30:50.836] E027 |   400/2624 batches | lr 0.3125 | loss  3.058 | ppl     21.29
[2022-04-11 02:30:54.359] E027 |   600/2624 batches | lr 0.3125 | loss  3.088 | ppl     21.94
[2022-04-11 02:30:57.902] E027 |   800/2624 batches | lr 0.3125 | loss  3.055 | ppl     21.21
[2022-04-11 02:31:01.428] E027 |  1000/2624 batches | lr 0.3125 | loss  3.050 | ppl     21.13
[2022-04-11 02:31:04.913] E027 |  1200/2624 batches | lr 0.3125 | loss  3.041 | ppl     20.93
[2022-04-11 02:31:08.435] E027 |  1400/2624 batches | lr 0.3125 | loss  2.994 | ppl     19.96
[2022-04-11 02:31:12.046] E027 |  1600/2624 batches | lr 0.3125 | loss  3.035 | ppl     20.81
[2022-04-11 02:31:15.609] E027 |  1800/2624 batches | lr 0.3125 | loss  3.003 | ppl     20.15
[2022-04-11 02:31:19.143] E027 |  2000/2624 batches | lr 0.3125 | loss  3.001 | ppl     20.11
[2022-04-11 02:31:22.780] E027 |  2200/2624 batches | lr 0.3125 | loss  3.019 | ppl     20.47
[2022-04-11 02:31:26.295] E027 |  2400/2624 batches | lr 0.3125 | loss  3.034 | ppl     20.78
[2022-04-11 02:31:29.833] E027 |  2600/2624 batches | lr 0.3125 | loss  3.021 | ppl     20.51
[2022-04-11 02:31:30.260] E027 |  2624/2624 batches | lr 0.3125 | loss  3.096 | ppl     22.12
[2022-04-11 02:31:37.675] End E027 | valid loss  3.131; ppl     22.89 | accu 0.3269 = 136306/416920
[2022-04-11 02:31:59.647] End E027 |  test loss  4.146; ppl     63.20 | accu 0.2252 = 283702/1259720 ../data/sample_500k/adult_test.txt
[2022-04-11 02:32:03.633] End E027 |  test loss  3.171; ppl     23.84 | accu 0.3220 = 72736/225880 ../data/sample_500k/adolescent_valid.txt
[2022-04-11 02:32:06.991] End E027 |  test loss  3.086; ppl     21.88 | accu 0.3325 = 63507/191020 ../data/sample_500k/cbt_valid.txt
[2022-04-11 02:32:06.992] Epoch 028/40 ==================================================
[2022-04-11 02:32:10.587] E028 |   200/2624 batches | lr 0.1562 | loss  3.030 | ppl     20.69
[2022-04-11 02:32:14.164] E028 |   400/2624 batches | lr 0.1562 | loss  3.062 | ppl     21.37
[2022-04-11 02:32:17.743] E028 |   600/2624 batches | lr 0.1562 | loss  3.090 | ppl     21.97
[2022-04-11 02:32:21.416] E028 |   800/2624 batches | lr 0.1562 | loss  3.058 | ppl     21.29
[2022-04-11 02:32:24.998] E028 |  1000/2624 batches | lr 0.1562 | loss  3.047 | ppl     21.05
[2022-04-11 02:32:28.525] E028 |  1200/2624 batches | lr 0.1562 | loss  3.032 | ppl     20.73
[2022-04-11 02:32:32.045] E028 |  1400/2624 batches | lr 0.1562 | loss  2.976 | ppl     19.62
[2022-04-11 02:32:35.553] E028 |  1600/2624 batches | lr 0.1562 | loss  3.015 | ppl     20.39
[2022-04-11 02:32:39.076] E028 |  1800/2624 batches | lr 0.1562 | loss  2.989 | ppl     19.87
[2022-04-11 02:32:42.614] E028 |  2000/2624 batches | lr 0.1562 | loss  2.991 | ppl     19.90
[2022-04-11 02:32:46.220] E028 |  2200/2624 batches | lr 0.1562 | loss  3.004 | ppl     20.17
[2022-04-11 02:32:49.771] E028 |  2400/2624 batches | lr 0.1562 | loss  3.018 | ppl     20.45
[2022-04-11 02:32:53.311] E028 |  2600/2624 batches | lr 0.1562 | loss  3.004 | ppl     20.17
[2022-04-11 02:32:53.733] E028 |  2624/2624 batches | lr 0.1562 | loss  3.080 | ppl     21.77
[2022-04-11 02:33:01.182] End E028 | valid loss  3.126; ppl     22.78 | accu 0.3278 = 136648/416920
[2022-04-11 02:33:23.244] End E028 |  test loss  4.147; ppl     63.25 | accu 0.2255 = 284012/1259720 ../data/sample_500k/adult_test.txt
[2022-04-11 02:33:27.248] End E028 |  test loss  3.165; ppl     23.69 | accu 0.3232 = 73002/225880 ../data/sample_500k/adolescent_valid.txt
[2022-04-11 02:33:30.610] End E028 |  test loss  3.085; ppl     21.87 | accu 0.3323 = 63483/191020 ../data/sample_500k/cbt_valid.txt
[2022-04-11 02:33:30.610] Save: model.pt... 
[2022-04-11 02:33:30.621] Save: model.pt...Done. best_val_loss: 3.1260
[2022-04-11 02:33:30.621] Epoch 029/40 ==================================================
[2022-04-11 02:33:34.134] E029 |   200/2624 batches | lr 0.1562 | loss  3.022 | ppl     20.54
[2022-04-11 02:33:37.663] E029 |   400/2624 batches | lr 0.1562 | loss  3.054 | ppl     21.20
[2022-04-11 02:33:41.172] E029 |   600/2624 batches | lr 0.1562 | loss  3.075 | ppl     21.66
[2022-04-11 02:33:44.686] E029 |   800/2624 batches | lr 0.1562 | loss  3.048 | ppl     21.07
[2022-04-11 02:33:48.223] E029 |  1000/2624 batches | lr 0.1562 | loss  3.035 | ppl     20.81
[2022-04-11 02:33:51.732] E029 |  1200/2624 batches | lr 0.1562 | loss  3.030 | ppl     20.69
[2022-04-11 02:33:55.494] E029 |  1400/2624 batches | lr 0.1562 | loss  2.975 | ppl     19.60
[2022-04-11 02:33:59.059] E029 |  1600/2624 batches | lr 0.1562 | loss  3.013 | ppl     20.36
[2022-04-11 02:34:02.684] E029 |  1800/2624 batches | lr 0.1562 | loss  2.991 | ppl     19.90
[2022-04-11 02:34:06.223] E029 |  2000/2624 batches | lr 0.1562 | loss  2.989 | ppl     19.86
[2022-04-11 02:34:09.765] E029 |  2200/2624 batches | lr 0.1562 | loss  3.004 | ppl     20.16
[2022-04-11 02:34:13.383] E029 |  2400/2624 batches | lr 0.1562 | loss  3.015 | ppl     20.38
[2022-04-11 02:34:16.921] E029 |  2600/2624 batches | lr 0.1562 | loss  3.004 | ppl     20.16
[2022-04-11 02:34:17.340] E029 |  2624/2624 batches | lr 0.1562 | loss  3.081 | ppl     21.78
[2022-04-11 02:34:24.730] End E029 | valid loss  3.125; ppl     22.76 | accu 0.3278 = 136661/416920
[2022-04-11 02:34:46.747] End E029 |  test loss  4.145; ppl     63.15 | accu 0.2254 = 283978/1259720 ../data/sample_500k/adult_test.txt
[2022-04-11 02:34:50.722] End E029 |  test loss  3.166; ppl     23.71 | accu 0.3230 = 72957/225880 ../data/sample_500k/adolescent_valid.txt
[2022-04-11 02:34:54.092] End E029 |  test loss  3.085; ppl     21.86 | accu 0.3324 = 63497/191020 ../data/sample_500k/cbt_valid.txt
[2022-04-11 02:34:54.093] Save: model.pt... 
[2022-04-11 02:34:54.102] Save: model.pt...Done. best_val_loss: 3.1251
[2022-04-11 02:34:54.102] Epoch 030/40 ==================================================
[2022-04-11 02:34:57.655] E030 |   200/2624 batches | lr 0.1562 | loss  3.024 | ppl     20.58
[2022-04-11 02:35:01.417] E030 |   400/2624 batches | lr 0.1562 | loss  3.061 | ppl     21.35
[2022-04-11 02:35:04.925] E030 |   600/2624 batches | lr 0.1562 | loss  3.100 | ppl     22.20
[2022-04-11 02:35:08.451] E030 |   800/2624 batches | lr 0.1562 | loss  3.068 | ppl     21.49
[2022-04-11 02:35:11.982] E030 |  1000/2624 batches | lr 0.1562 | loss  3.056 | ppl     21.24
[2022-04-11 02:35:15.548] E030 |  1200/2624 batches | lr 0.1562 | loss  3.041 | ppl     20.92
[2022-04-11 02:35:19.154] E030 |  1400/2624 batches | lr 0.1562 | loss  2.995 | ppl     19.98
[2022-04-11 02:35:22.760] E030 |  1600/2624 batches | lr 0.1562 | loss  3.030 | ppl     20.69
[2022-04-11 02:35:26.324] E030 |  1800/2624 batches | lr 0.1562 | loss  3.009 | ppl     20.26
[2022-04-11 02:35:29.858] E030 |  2000/2624 batches | lr 0.1562 | loss  3.012 | ppl     20.32
[2022-04-11 02:35:33.384] E030 |  2200/2624 batches | lr 0.1562 | loss  3.032 | ppl     20.75
[2022-04-11 02:35:36.907] E030 |  2400/2624 batches | lr 0.1562 | loss  3.043 | ppl     20.96
[2022-04-11 02:35:40.439] E030 |  2600/2624 batches | lr 0.1562 | loss  3.032 | ppl     20.75
[2022-04-11 02:35:40.867] E030 |  2624/2624 batches | lr 0.1562 | loss  3.092 | ppl     22.01
[2022-04-11 02:35:48.288] End E030 | valid loss  3.129; ppl     22.84 | accu 0.3270 = 136343/416920
[2022-04-11 02:36:10.390] End E030 |  test loss  4.140; ppl     62.82 | accu 0.2253 = 283836/1259720 ../data/sample_500k/adult_test.txt
[2022-04-11 02:36:14.383] End E030 |  test loss  3.166; ppl     23.72 | accu 0.3225 = 72842/225880 ../data/sample_500k/adolescent_valid.txt
[2022-04-11 02:36:17.734] End E030 |  test loss  3.084; ppl     21.84 | accu 0.3327 = 63546/191020 ../data/sample_500k/cbt_valid.txt
[2022-04-11 02:36:17.734] Epoch 031/40 ==================================================
[2022-04-11 02:36:21.264] E031 |   200/2624 batches | lr 0.0781 | loss  3.031 | ppl     20.71
[2022-04-11 02:36:24.885] E031 |   400/2624 batches | lr 0.0781 | loss  3.055 | ppl     21.21
[2022-04-11 02:36:28.501] E031 |   600/2624 batches | lr 0.0781 | loss  3.078 | ppl     21.70
[2022-04-11 02:36:32.144] E031 |   800/2624 batches | lr 0.0781 | loss  3.047 | ppl     21.04
[2022-04-11 02:36:35.764] E031 |  1000/2624 batches | lr 0.0781 | loss  3.037 | ppl     20.83
[2022-04-11 02:36:39.335] E031 |  1200/2624 batches | lr 0.0781 | loss  3.029 | ppl     20.68
[2022-04-11 02:36:42.872] E031 |  1400/2624 batches | lr 0.0781 | loss  2.980 | ppl     19.70
[2022-04-11 02:36:46.458] E031 |  1600/2624 batches | lr 0.0781 | loss  3.014 | ppl     20.38
[2022-04-11 02:36:49.986] E031 |  1800/2624 batches | lr 0.0781 | loss  2.987 | ppl     19.82
[2022-04-11 02:36:53.486] E031 |  2000/2624 batches | lr 0.0781 | loss  2.989 | ppl     19.86
[2022-04-11 02:36:57.029] E031 |  2200/2624 batches | lr 0.0781 | loss  3.006 | ppl     20.21
[2022-04-11 02:37:00.560] E031 |  2400/2624 batches | lr 0.0781 | loss  3.017 | ppl     20.42
[2022-04-11 02:37:04.088] E031 |  2600/2624 batches | lr 0.0781 | loss  3.003 | ppl     20.14
[2022-04-11 02:37:04.504] E031 |  2624/2624 batches | lr 0.0781 | loss  3.081 | ppl     21.79
[2022-04-11 02:37:11.840] End E031 | valid loss  3.125; ppl     22.76 | accu 0.3275 = 136553/416920
[2022-04-11 02:37:33.995] End E031 |  test loss  4.141; ppl     62.84 | accu 0.2257 = 284279/1259720 ../data/sample_500k/adult_test.txt
[2022-04-11 02:37:37.987] End E031 |  test loss  3.164; ppl     23.67 | accu 0.3230 = 72957/225880 ../data/sample_500k/adolescent_valid.txt
[2022-04-11 02:37:41.315] End E031 |  test loss  3.084; ppl     21.84 | accu 0.3323 = 63482/191020 ../data/sample_500k/cbt_valid.txt
[2022-04-11 02:37:41.316] Epoch 032/40 ==================================================
[2022-04-11 02:37:44.905] E032 |   200/2624 batches | lr 0.0391 | loss  3.022 | ppl     20.54
[2022-04-11 02:37:48.455] E032 |   400/2624 batches | lr 0.0391 | loss  3.061 | ppl     21.35
[2022-04-11 02:37:52.106] E032 |   600/2624 batches | lr 0.0391 | loss  3.085 | ppl     21.88
[2022-04-11 02:37:55.706] E032 |   800/2624 batches | lr 0.0391 | loss  3.057 | ppl     21.26
[2022-04-11 02:37:59.259] E032 |  1000/2624 batches | lr 0.0391 | loss  3.045 | ppl     21.01
[2022-04-11 02:38:02.864] E032 |  1200/2624 batches | lr 0.0391 | loss  3.027 | ppl     20.65
[2022-04-11 02:38:06.431] E032 |  1400/2624 batches | lr 0.0391 | loss  2.979 | ppl     19.67
[2022-04-11 02:38:09.984] E032 |  1600/2624 batches | lr 0.0391 | loss  3.014 | ppl     20.38
[2022-04-11 02:38:13.598] E032 |  1800/2624 batches | lr 0.0391 | loss  2.987 | ppl     19.83
[2022-04-11 02:38:17.130] E032 |  2000/2624 batches | lr 0.0391 | loss  2.987 | ppl     19.82
[2022-04-11 02:38:20.700] E032 |  2200/2624 batches | lr 0.0391 | loss  3.005 | ppl     20.18
[2022-04-11 02:38:24.253] E032 |  2400/2624 batches | lr 0.0391 | loss  3.027 | ppl     20.63
[2022-04-11 02:38:27.848] E032 |  2600/2624 batches | lr 0.0391 | loss  3.016 | ppl     20.42
[2022-04-11 02:38:28.265] E032 |  2624/2624 batches | lr 0.0391 | loss  3.087 | ppl     21.92
[2022-04-11 02:38:35.584] End E032 | valid loss  3.128; ppl     22.83 | accu 0.3270 = 136333/416920
[2022-04-11 02:38:57.808] End E032 |  test loss  4.138; ppl     62.69 | accu 0.2257 = 284306/1259720 ../data/sample_500k/adult_test.txt
[2022-04-11 02:39:01.882] End E032 |  test loss  3.165; ppl     23.68 | accu 0.3229 = 72945/225880 ../data/sample_500k/adolescent_valid.txt
[2022-04-11 02:39:05.250] End E032 |  test loss  3.083; ppl     21.83 | accu 0.3323 = 63477/191020 ../data/sample_500k/cbt_valid.txt
[2022-04-11 02:39:05.251] Epoch 033/40 ==================================================
[2022-04-11 02:39:08.806] E033 |   200/2624 batches | lr 0.0195 | loss  3.025 | ppl     20.60
[2022-04-11 02:39:12.360] E033 |   400/2624 batches | lr 0.0195 | loss  3.059 | ppl     21.31
[2022-04-11 02:39:15.909] E033 |   600/2624 batches | lr 0.0195 | loss  3.087 | ppl     21.90
[2022-04-11 02:39:19.463] E033 |   800/2624 batches | lr 0.0195 | loss  3.057 | ppl     21.27
[2022-04-11 02:39:23.026] E033 |  1000/2624 batches | lr 0.0195 | loss  3.041 | ppl     20.94
[2022-04-11 02:39:26.554] E033 |  1200/2624 batches | lr 0.0195 | loss  3.025 | ppl     20.60
[2022-04-11 02:39:30.182] E033 |  1400/2624 batches | lr 0.0195 | loss  2.976 | ppl     19.61
[2022-04-11 02:39:33.723] E033 |  1600/2624 batches | lr 0.0195 | loss  3.015 | ppl     20.39
[2022-04-11 02:39:37.257] E033 |  1800/2624 batches | lr 0.0195 | loss  2.988 | ppl     19.85
[2022-04-11 02:39:40.771] E033 |  2000/2624 batches | lr 0.0195 | loss  2.989 | ppl     19.86
[2022-04-11 02:39:44.279] E033 |  2200/2624 batches | lr 0.0195 | loss  3.001 | ppl     20.11
[2022-04-11 02:39:47.770] E033 |  2400/2624 batches | lr 0.0195 | loss  3.016 | ppl     20.41
[2022-04-11 02:39:51.287] E033 |  2600/2624 batches | lr 0.0195 | loss  3.004 | ppl     20.16
[2022-04-11 02:39:51.707] E033 |  2624/2624 batches | lr 0.0195 | loss  3.082 | ppl     21.80
[2022-04-11 02:39:59.047] End E033 | valid loss  3.128; ppl     22.84 | accu 0.3270 = 136341/416920
[2022-04-11 02:40:21.066] End E033 |  test loss  4.138; ppl     62.68 | accu 0.2257 = 284325/1259720 ../data/sample_500k/adult_test.txt
[2022-04-11 02:40:25.023] End E033 |  test loss  3.165; ppl     23.69 | accu 0.3230 = 72950/225880 ../data/sample_500k/adolescent_valid.txt
[2022-04-11 02:40:28.340] End E033 |  test loss  3.083; ppl     21.83 | accu 0.3324 = 63495/191020 ../data/sample_500k/cbt_valid.txt
[2022-04-11 02:40:28.340] Epoch 034/40 ==================================================
[2022-04-11 02:40:31.907] E034 |   200/2624 batches | lr 0.0098 | loss  3.028 | ppl     20.65
[2022-04-11 02:40:35.447] E034 |   400/2624 batches | lr 0.0098 | loss  3.060 | ppl     21.33
[2022-04-11 02:40:39.110] E034 |   600/2624 batches | lr 0.0098 | loss  3.087 | ppl     21.92
[2022-04-11 02:40:42.705] E034 |   800/2624 batches | lr 0.0098 | loss  3.056 | ppl     21.25
[2022-04-11 02:40:46.241] E034 |  1000/2624 batches | lr 0.0098 | loss  3.043 | ppl     20.97
[2022-04-11 02:40:49.791] E034 |  1200/2624 batches | lr 0.0098 | loss  3.026 | ppl     20.62
[2022-04-11 02:40:53.319] E034 |  1400/2624 batches | lr 0.0098 | loss  2.975 | ppl     19.59
[2022-04-11 02:40:56.955] E034 |  1600/2624 batches | lr 0.0098 | loss  3.012 | ppl     20.33
[2022-04-11 02:41:00.560] E034 |  1800/2624 batches | lr 0.0098 | loss  3.000 | ppl     20.08
[2022-04-11 02:41:04.073] E034 |  2000/2624 batches | lr 0.0098 | loss  2.998 | ppl     20.05
[2022-04-11 02:41:07.576] E034 |  2200/2624 batches | lr 0.0098 | loss  3.020 | ppl     20.50
[2022-04-11 02:41:11.100] E034 |  2400/2624 batches | lr 0.0098 | loss  3.029 | ppl     20.67
[2022-04-11 02:41:14.609] E034 |  2600/2624 batches | lr 0.0098 | loss  3.016 | ppl     20.40
[2022-04-11 02:41:15.057] E034 |  2624/2624 batches | lr 0.0098 | loss  3.079 | ppl     21.73
[2022-04-11 02:41:22.419] End E034 | valid loss  3.128; ppl     22.83 | accu 0.3269 = 136308/416920
[2022-04-11 02:41:44.355] End E034 |  test loss  4.137; ppl     62.61 | accu 0.2257 = 284337/1259720 ../data/sample_500k/adult_test.txt
[2022-04-11 02:41:48.307] End E034 |  test loss  3.165; ppl     23.69 | accu 0.3229 = 72928/225880 ../data/sample_500k/adolescent_valid.txt
[2022-04-11 02:41:51.652] End E034 |  test loss  3.083; ppl     21.83 | accu 0.3322 = 63465/191020 ../data/sample_500k/cbt_valid.txt
[2022-04-11 02:41:51.652] Epoch 035/40 ==================================================
[2022-04-11 02:41:55.200] E035 |   200/2624 batches | lr 0.0049 | loss  3.024 | ppl     20.57
[2022-04-11 02:41:58.865] E035 |   400/2624 batches | lr 0.0049 | loss  3.058 | ppl     21.29
[2022-04-11 02:42:02.491] E035 |   600/2624 batches | lr 0.0049 | loss  3.090 | ppl     21.98
[2022-04-11 02:42:06.072] E035 |   800/2624 batches | lr 0.0049 | loss  3.057 | ppl     21.27
[2022-04-11 02:42:09.621] E035 |  1000/2624 batches | lr 0.0049 | loss  3.040 | ppl     20.91
[2022-04-11 02:42:13.246] E035 |  1200/2624 batches | lr 0.0049 | loss  3.027 | ppl     20.63
[2022-04-11 02:42:16.882] E035 |  1400/2624 batches | lr 0.0049 | loss  2.979 | ppl     19.66
[2022-04-11 02:42:20.523] E035 |  1600/2624 batches | lr 0.0049 | loss  3.012 | ppl     20.32
[2022-04-11 02:42:24.074] E035 |  1800/2624 batches | lr 0.0049 | loss  2.995 | ppl     19.98
[2022-04-11 02:42:27.622] E035 |  2000/2624 batches | lr 0.0049 | loss  2.999 | ppl     20.07
[2022-04-11 02:42:31.131] E035 |  2200/2624 batches | lr 0.0049 | loss  3.017 | ppl     20.44
[2022-04-11 02:42:34.720] E035 |  2400/2624 batches | lr 0.0049 | loss  3.024 | ppl     20.58
[2022-04-11 02:42:38.263] E035 |  2600/2624 batches | lr 0.0049 | loss  3.014 | ppl     20.38
[2022-04-11 02:42:38.682] E035 |  2624/2624 batches | lr 0.0049 | loss  3.078 | ppl     21.71
[2022-04-11 02:42:46.089] End E035 | valid loss  3.128; ppl     22.83 | accu 0.3269 = 136298/416920
[2022-04-11 02:43:07.937] End E035 |  test loss  4.136; ppl     62.57 | accu 0.2257 = 284344/1259720 ../data/sample_500k/adult_test.txt
[2022-04-11 02:43:12.101] End E035 |  test loss  3.165; ppl     23.68 | accu 0.3227 = 72898/225880 ../data/sample_500k/adolescent_valid.txt
[2022-04-11 02:43:15.479] End E035 |  test loss  3.083; ppl     21.83 | accu 0.3323 = 63474/191020 ../data/sample_500k/cbt_valid.txt
[2022-04-11 02:43:15.479] Epoch 036/40 ==================================================
[2022-04-11 02:43:19.015] E036 |   200/2624 batches | lr 0.0024 | loss  3.022 | ppl     20.53
[2022-04-11 02:43:22.601] E036 |   400/2624 batches | lr 0.0024 | loss  3.057 | ppl     21.26
[2022-04-11 02:43:26.131] E036 |   600/2624 batches | lr 0.0024 | loss  3.086 | ppl     21.89
[2022-04-11 02:43:29.674] E036 |   800/2624 batches | lr 0.0024 | loss  3.056 | ppl     21.23
[2022-04-11 02:43:33.153] E036 |  1000/2624 batches | lr 0.0024 | loss  3.041 | ppl     20.93
[2022-04-11 02:43:36.658] E036 |  1200/2624 batches | lr 0.0024 | loss  3.026 | ppl     20.61
[2022-04-11 02:43:40.155] E036 |  1400/2624 batches | lr 0.0024 | loss  2.979 | ppl     19.67
[2022-04-11 02:43:43.635] E036 |  1600/2624 batches | lr 0.0024 | loss  3.015 | ppl     20.39
[2022-04-11 02:43:47.130] E036 |  1800/2624 batches | lr 0.0024 | loss  2.996 | ppl     20.01
[2022-04-11 02:43:50.649] E036 |  2000/2624 batches | lr 0.0024 | loss  3.000 | ppl     20.08
[2022-04-11 02:43:54.151] E036 |  2200/2624 batches | lr 0.0024 | loss  3.017 | ppl     20.42
[2022-04-11 02:43:57.718] E036 |  2400/2624 batches | lr 0.0024 | loss  3.028 | ppl     20.65
[2022-04-11 02:44:01.258] E036 |  2600/2624 batches | lr 0.0024 | loss  3.017 | ppl     20.42
[2022-04-11 02:44:01.673] E036 |  2624/2624 batches | lr 0.0024 | loss  3.087 | ppl     21.91
[2022-04-11 02:44:08.920] End E036 | valid loss  3.128; ppl     22.82 | accu 0.3269 = 136309/416920
[2022-04-11 02:44:30.785] End E036 |  test loss  4.136; ppl     62.56 | accu 0.2257 = 284364/1259720 ../data/sample_500k/adult_test.txt
[2022-04-11 02:44:34.744] End E036 |  test loss  3.165; ppl     23.68 | accu 0.3227 = 72895/225880 ../data/sample_500k/adolescent_valid.txt
[2022-04-11 02:44:38.096] End E036 |  test loss  3.083; ppl     21.82 | accu 0.3324 = 63486/191020 ../data/sample_500k/cbt_valid.txt
[2022-04-11 02:44:38.097] Epoch 037/40 ==================================================
[2022-04-11 02:44:41.678] E037 |   200/2624 batches | lr 0.0012 | loss  3.027 | ppl     20.64
[2022-04-11 02:44:45.189] E037 |   400/2624 batches | lr 0.0012 | loss  3.059 | ppl     21.31
[2022-04-11 02:44:48.709] E037 |   600/2624 batches | lr 0.0012 | loss  3.086 | ppl     21.89
[2022-04-11 02:44:52.207] E037 |   800/2624 batches | lr 0.0012 | loss  3.057 | ppl     21.26
[2022-04-11 02:44:55.764] E037 |  1000/2624 batches | lr 0.0012 | loss  3.042 | ppl     20.96
[2022-04-11 02:44:59.315] E037 |  1200/2624 batches | lr 0.0012 | loss  3.027 | ppl     20.63
[2022-04-11 02:45:02.871] E037 |  1400/2624 batches | lr 0.0012 | loss  2.976 | ppl     19.60
[2022-04-11 02:45:06.534] E037 |  1600/2624 batches | lr 0.0012 | loss  3.011 | ppl     20.31
[2022-04-11 02:45:10.059] E037 |  1800/2624 batches | lr 0.0012 | loss  2.996 | ppl     20.00
[2022-04-11 02:45:13.598] E037 |  2000/2624 batches | lr 0.0012 | loss  2.997 | ppl     20.03
[2022-04-11 02:45:17.138] E037 |  2200/2624 batches | lr 0.0012 | loss  3.016 | ppl     20.40
[2022-04-11 02:45:20.670] E037 |  2400/2624 batches | lr 0.0012 | loss  3.028 | ppl     20.66
[2022-04-11 02:45:24.200] E037 |  2600/2624 batches | lr 0.0012 | loss  3.017 | ppl     20.42
[2022-04-11 02:45:24.624] E037 |  2624/2624 batches | lr 0.0012 | loss  3.078 | ppl     21.72
[2022-04-11 02:45:31.937] End E037 | valid loss  3.128; ppl     22.82 | accu 0.3270 = 136339/416920
[2022-04-11 02:45:54.004] End E037 |  test loss  4.136; ppl     62.55 | accu 0.2257 = 284368/1259720 ../data/sample_500k/adult_test.txt
[2022-04-11 02:45:57.962] End E037 |  test loss  3.165; ppl     23.68 | accu 0.3228 = 72915/225880 ../data/sample_500k/adolescent_valid.txt
[2022-04-11 02:46:01.294] End E037 |  test loss  3.083; ppl     21.82 | accu 0.3324 = 63486/191020 ../data/sample_500k/cbt_valid.txt
[2022-04-11 02:46:01.295] Epoch 038/40 ==================================================
[2022-04-11 02:46:04.828] E038 |   200/2624 batches | lr 0.0006 | loss  3.027 | ppl     20.63
[2022-04-11 02:46:08.388] E038 |   400/2624 batches | lr 0.0006 | loss  3.050 | ppl     21.11
[2022-04-11 02:46:11.949] E038 |   600/2624 batches | lr 0.0006 | loss  3.075 | ppl     21.66
[2022-04-11 02:46:15.463] E038 |   800/2624 batches | lr 0.0006 | loss  3.045 | ppl     21.00
[2022-04-11 02:46:19.036] E038 |  1000/2624 batches | lr 0.0006 | loss  3.034 | ppl     20.78
[2022-04-11 02:46:22.596] E038 |  1200/2624 batches | lr 0.0006 | loss  3.025 | ppl     20.60
[2022-04-11 02:46:26.184] E038 |  1400/2624 batches | lr 0.0006 | loss  2.980 | ppl     19.68
[2022-04-11 02:46:29.730] E038 |  1600/2624 batches | lr 0.0006 | loss  3.012 | ppl     20.33
[2022-04-11 02:46:33.268] E038 |  1800/2624 batches | lr 0.0006 | loss  2.997 | ppl     20.02
[2022-04-11 02:46:36.788] E038 |  2000/2624 batches | lr 0.0006 | loss  3.001 | ppl     20.11
[2022-04-11 02:46:40.348] E038 |  2200/2624 batches | lr 0.0006 | loss  3.015 | ppl     20.39
[2022-04-11 02:46:43.855] E038 |  2400/2624 batches | lr 0.0006 | loss  3.031 | ppl     20.72
[2022-04-11 02:46:47.411] E038 |  2600/2624 batches | lr 0.0006 | loss  3.017 | ppl     20.43
[2022-04-11 02:46:47.831] E038 |  2624/2624 batches | lr 0.0006 | loss  3.076 | ppl     21.67
[2022-04-11 02:46:55.166] End E038 | valid loss  3.128; ppl     22.82 | accu 0.3270 = 136340/416920
[2022-04-11 02:47:17.064] End E038 |  test loss  4.136; ppl     62.55 | accu 0.2257 = 284374/1259720 ../data/sample_500k/adult_test.txt
[2022-04-11 02:47:21.014] End E038 |  test loss  3.165; ppl     23.68 | accu 0.3228 = 72916/225880 ../data/sample_500k/adolescent_valid.txt
[2022-04-11 02:47:24.335] End E038 |  test loss  3.083; ppl     21.82 | accu 0.3323 = 63485/191020 ../data/sample_500k/cbt_valid.txt
[2022-04-11 02:47:24.335] Epoch 039/40 ==================================================
[2022-04-11 02:47:27.879] E039 |   200/2624 batches | lr 0.0003 | loss  3.023 | ppl     20.55
[2022-04-11 02:47:31.472] E039 |   400/2624 batches | lr 0.0003 | loss  3.054 | ppl     21.20
[2022-04-11 02:47:35.196] E039 |   600/2624 batches | lr 0.0003 | loss  3.073 | ppl     21.60
[2022-04-11 02:47:38.712] E039 |   800/2624 batches | lr 0.0003 | loss  3.046 | ppl     21.02
[2022-04-11 02:47:42.291] E039 |  1000/2624 batches | lr 0.0003 | loss  3.033 | ppl     20.75
[2022-04-11 02:47:45.859] E039 |  1200/2624 batches | lr 0.0003 | loss  3.024 | ppl     20.57
[2022-04-11 02:47:49.381] E039 |  1400/2624 batches | lr 0.0003 | loss  2.975 | ppl     19.59
[2022-04-11 02:47:52.939] E039 |  1600/2624 batches | lr 0.0003 | loss  3.017 | ppl     20.43
[2022-04-11 02:47:56.487] E039 |  1800/2624 batches | lr 0.0003 | loss  2.988 | ppl     19.84
[2022-04-11 02:48:00.032] E039 |  2000/2624 batches | lr 0.0003 | loss  2.988 | ppl     19.84
[2022-04-11 02:48:03.567] E039 |  2200/2624 batches | lr 0.0003 | loss  3.001 | ppl     20.10
[2022-04-11 02:48:07.112] E039 |  2400/2624 batches | lr 0.0003 | loss  3.015 | ppl     20.39
[2022-04-11 02:48:10.641] E039 |  2600/2624 batches | lr 0.0003 | loss  3.001 | ppl     20.10
[2022-04-11 02:48:11.062] E039 |  2624/2624 batches | lr 0.0003 | loss  3.074 | ppl     21.63
[2022-04-11 02:48:18.592] End E039 | valid loss  3.128; ppl     22.82 | accu 0.3270 = 136341/416920
[2022-04-11 02:48:40.828] End E039 |  test loss  4.136; ppl     62.55 | accu 0.2257 = 284379/1259720 ../data/sample_500k/adult_test.txt
[2022-04-11 02:48:44.776] End E039 |  test loss  3.165; ppl     23.68 | accu 0.3228 = 72923/225880 ../data/sample_500k/adolescent_valid.txt
[2022-04-11 02:48:48.115] End E039 |  test loss  3.083; ppl     21.82 | accu 0.3323 = 63484/191020 ../data/sample_500k/cbt_valid.txt
[2022-04-11 02:48:48.115] Epoch 040/40 ==================================================
[2022-04-11 02:48:51.620] E040 |   200/2624 batches | lr 0.0002 | loss  3.019 | ppl     20.46
[2022-04-11 02:48:55.185] E040 |   400/2624 batches | lr 0.0002 | loss  3.061 | ppl     21.34
[2022-04-11 02:48:58.778] E040 |   600/2624 batches | lr 0.0002 | loss  3.087 | ppl     21.90
[2022-04-11 02:49:02.374] E040 |   800/2624 batches | lr 0.0002 | loss  3.056 | ppl     21.23
[2022-04-11 02:49:05.895] E040 |  1000/2624 batches | lr 0.0002 | loss  3.040 | ppl     20.90
[2022-04-11 02:49:09.543] E040 |  1200/2624 batches | lr 0.0002 | loss  3.026 | ppl     20.61
[2022-04-11 02:49:13.105] E040 |  1400/2624 batches | lr 0.0002 | loss  2.977 | ppl     19.64
[2022-04-11 02:49:16.675] E040 |  1600/2624 batches | lr 0.0002 | loss  3.012 | ppl     20.32
[2022-04-11 02:49:20.172] E040 |  1800/2624 batches | lr 0.0002 | loss  2.989 | ppl     19.87
[2022-04-11 02:49:23.718] E040 |  2000/2624 batches | lr 0.0002 | loss  2.987 | ppl     19.83
[2022-04-11 02:49:27.242] E040 |  2200/2624 batches | lr 0.0002 | loss  3.004 | ppl     20.16
[2022-04-11 02:49:30.788] E040 |  2400/2624 batches | lr 0.0002 | loss  3.016 | ppl     20.41
[2022-04-11 02:49:34.367] E040 |  2600/2624 batches | lr 0.0002 | loss  3.018 | ppl     20.45
[2022-04-11 02:49:34.792] E040 |  2624/2624 batches | lr 0.0002 | loss  3.079 | ppl     21.74
[2022-04-11 02:49:42.159] End E040 | valid loss  3.128; ppl     22.82 | accu 0.3270 = 136340/416920
[2022-04-11 02:50:04.060] End E040 |  test loss  4.136; ppl     62.55 | accu 0.2257 = 284380/1259720 ../data/sample_500k/adult_test.txt
[2022-04-11 02:50:08.087] End E040 |  test loss  3.165; ppl     23.68 | accu 0.3228 = 72920/225880 ../data/sample_500k/adolescent_valid.txt
[2022-04-11 02:50:11.498] End E040 |  test loss  3.083; ppl     21.82 | accu 0.3324 = 63486/191020 ../data/sample_500k/cbt_valid.txt
[2022-04-11 02:50:33.708] End. test loss  4.15; ppl    63.15 | accu 0.2254 = 283978/1259720 ../data/sample_500k/adult_test.txt
[2022-04-11 02:50:37.751] End. test loss  3.17; ppl    23.71 | accu 0.3230 = 72957/225880 ../data/sample_500k/adolescent_valid.txt
[2022-04-11 02:50:41.116] End. test loss  3.08; ppl    21.86 | accu 0.3324 = 63497/191020 ../data/sample_500k/cbt_valid.txt
[2022-04-11 02:50:41.116] =========================================================================================
[2022-04-11 02:50:41.116] valid_loss
[2022-04-11 02:50:41.116]  3.71, 3.50, 3.43, 3.38, 3.36, 3.39, 3.28, 3.25, 3.28, 3.19, 3.18, 3.18, 3.16, 3.16, 3.16, 3.15, 3.15, 3.14, 3.14, 3.14, 3.14, 3.13, 3.13, 3.13, 3.13, 3.13, 3.13, 3.13, 3.13, 3.13, 3.13, 3.13, 3.13, 3.13, 3.13, 3.13, 3.13, 3.13, 3.13, 3.13
[2022-04-11 02:50:41.116] valid_loss ppl
[2022-04-11 02:50:41.116]    40.75,   33.00,   31.02,   29.45,   28.83,   29.71,   26.46,   25.76,   26.62,   24.34,   24.07,   24.08,   23.53,   23.49,   23.47,   23.27,   23.34,   23.18,   23.17,   23.04,   23.00,   22.98,   22.93,   22.96,   22.94,   22.82,   22.89,   22.78,   22.76,   22.84,   22.76,   22.83,   22.84,   22.83,   22.83,   22.82,   22.82,   22.82,   22.82,   22.82
[2022-04-11 02:50:41.116] test_loss of ../data/sample_500k/adult_test.txt
[2022-04-11 02:50:41.117]  4.59, 4.65, 6.26, 6.77, 5.45, 4.34, 4.72, 4.65, 4.35, 4.34, 4.23, 4.22, 4.20, 4.19, 4.18, 4.19, 4.17, 4.17, 4.16, 4.16, 4.16, 4.16, 4.16, 4.16, 4.15, 4.15, 4.15, 4.15, 4.15, 4.14, 4.14, 4.14, 4.14, 4.14, 4.14, 4.14, 4.14, 4.14, 4.14, 4.14
[2022-04-11 02:50:41.117] test_loss of ../data/sample_500k/adult_test.txt ppl
[2022-04-11 02:50:41.117]    98.35,  104.65,  523.47,  870.10,  231.89,   76.57,  112.47,  104.07,   77.59,   77.00,   68.86,   68.33,   66.43,   66.12,   65.06,   66.03,   64.55,   64.53,   63.81,   63.91,   64.31,   64.24,   63.94,   63.86,   63.54,   63.55,   63.20,   63.25,   63.15,   62.82,   62.84,   62.69,   62.68,   62.61,   62.57,   62.56,   62.55,   62.55,   62.55,   62.55
[2022-04-11 02:50:41.117] test_loss of ../data/sample_500k/adolescent_valid.txt
[2022-04-11 02:50:41.117]  3.66, 3.59, 3.51, 3.43, 3.42, 3.47, 3.33, 3.30, 3.37, 3.23, 3.22, 3.22, 3.20, 3.20, 3.20, 3.18, 3.20, 3.19, 3.18, 3.18, 3.17, 3.18, 3.17, 3.17, 3.18, 3.17, 3.17, 3.17, 3.17, 3.17, 3.16, 3.16, 3.17, 3.16, 3.16, 3.16, 3.16, 3.16, 3.16, 3.16
[2022-04-11 02:50:41.117] test_loss of ../data/sample_500k/adolescent_valid.txt ppl
[2022-04-11 02:50:41.117]    38.97,   36.12,   33.33,   30.85,   30.52,   32.15,   27.83,   27.02,   28.96,   25.23,   24.97,   25.01,   24.45,   24.46,   24.49,   24.12,   24.43,   24.19,   24.16,   24.13,   23.90,   23.95,   23.85,   23.87,   24.03,   23.70,   23.84,   23.69,   23.71,   23.72,   23.67,   23.68,   23.69,   23.69,   23.68,   23.68,   23.68,   23.68,   23.68,   23.68
[2022-04-11 02:50:41.117] test_loss of ../data/sample_500k/cbt_valid.txt
[2022-04-11 02:50:41.117]  3.76, 3.39, 3.35, 3.35, 3.30, 3.30, 3.22, 3.20, 3.19, 3.16, 3.14, 3.14, 3.12, 3.11, 3.11, 3.11, 3.11, 3.10, 3.10, 3.10, 3.10, 3.09, 3.09, 3.09, 3.09, 3.09, 3.09, 3.09, 3.08, 3.08, 3.08, 3.08, 3.08, 3.08, 3.08, 3.08, 3.08, 3.08, 3.08, 3.08
[2022-04-11 02:50:41.117] test_loss of ../data/sample_500k/cbt_valid.txt ppl
[2022-04-11 02:50:41.117]    42.98,   29.70,   28.47,   28.46,   27.21,   27.12,   24.97,   24.56,   24.24,   23.45,   23.15,   23.05,   22.61,   22.52,   22.47,   22.42,   22.39,   22.21,   22.13,   22.12,   22.10,   22.07,   22.05,   22.03,   21.95,   21.91,   21.88,   21.87,   21.86,   21.84,   21.84,   21.83,   21.83,   21.83,   21.83,   21.82,   21.82,   21.82,   21.82,   21.82
