[2022-04-10 23:12:22.249] corpus.train_file_list: 2
[2022-04-10 23:12:22.249]         ../data/sample_500k/cbt_train.txt
[2022-04-10 23:12:22.249]         ../data/sample_500k/adolescent_train.txt
[2022-04-10 23:12:22.249] corpus.valid_file_list: 2
[2022-04-10 23:12:22.249]         ../data/sample_500k/cbt_valid.txt
[2022-04-10 23:12:22.250]         ../data/sample_500k/adolescent_valid.txt
[2022-04-10 23:12:22.250] corpus.test_file_list: 3
[2022-04-10 23:12:22.250]         ../data/sample_500k/adult_test.txt
[2022-04-10 23:12:22.250]         ../data/sample_500k/adolescent_valid.txt
[2022-04-10 23:12:22.250]         ../data/sample_500k/cbt_valid.txt
[2022-04-10 23:12:22.250] corpus.subword_vocab_size: 0
[2022-04-10 23:12:22.250] corpus.subword_model = None. Corpus will not use subword.
[2022-04-10 23:12:22.250] corpus tokenize...
[2022-04-10 23:12:22.962]         train tokens: 511735  ../data/sample_500k/cbt_train.txt
[2022-04-10 23:12:24.149]         train tokens: 467267  ../data/sample_500k/adolescent_train.txt
[2022-04-10 23:12:24.292]         valid tokens: 115417  ../data/sample_500k/cbt_valid.txt
[2022-04-10 23:12:24.576]         valid tokens: 112256  ../data/sample_500k/adolescent_valid.txt
[2022-04-10 23:12:25.221]         test  tokens: 506878  ../data/sample_500k/adult_test.txt
[2022-04-10 23:12:25.476]         test  tokens: 112256  ../data/sample_500k/adolescent_valid.txt
[2022-04-10 23:12:25.633]         test  tokens: 115417  ../data/sample_500k/cbt_valid.txt
[2022-04-10 23:12:25.633] corpus.ntokens      : 100726
[2022-04-10 23:12:25.634] corpus.char_count   : 166
[2022-04-10 23:12:25.634] corpus.char_cnt_dict: 166
[2022-04-10 23:12:25.634] corpus.char_id_dict : 166
[2022-04-10 23:12:25.648] corpus.batchify(2 files, batch_size=20)...
[2022-04-10 23:12:25.649]         tokens_all: 979002
[2022-04-10 23:12:25.649]         batched   :  48950
[2022-04-10 23:12:25.649]         ../data/sample_500k/cbt_train.txt
[2022-04-10 23:12:25.649]         ../data/sample_500k/adolescent_train.txt
[2022-04-10 23:12:27.407] corpus.batchify(2 files, batch_size=20)...
[2022-04-10 23:12:27.407]         tokens_all: 227673
[2022-04-10 23:12:27.407]         batched   :  11383
[2022-04-10 23:12:27.407]         ../data/sample_500k/cbt_valid.txt
[2022-04-10 23:12:27.407]         ../data/sample_500k/adolescent_valid.txt
[2022-04-10 23:12:27.414] corpus.batchify(1 files, batch_size=20)...
[2022-04-10 23:12:27.414]         tokens_all: 506878
[2022-04-10 23:12:27.414]         batched   :  25343
[2022-04-10 23:12:27.414]         ../data/sample_500k/adult_test.txt
[2022-04-10 23:12:27.416] corpus.batchify(1 files, batch_size=20)...
[2022-04-10 23:12:27.416]         tokens_all: 112256
[2022-04-10 23:12:27.416]         batched   :   5612
[2022-04-10 23:12:27.416]         ../data/sample_500k/adolescent_valid.txt
[2022-04-10 23:12:27.418] corpus.batchify(1 files, batch_size=20)...
[2022-04-10 23:12:27.418]         tokens_all: 115417
[2022-04-10 23:12:27.418]         batched   :   5770
[2022-04-10 23:12:27.418]         ../data/sample_500k/cbt_valid.txt
[2022-04-10 23:12:28.095] RNNModel.rnn_type: LSTM
[2022-04-10 23:12:28.095] RNNModel.ntoken  : 100726
[2022-04-10 23:12:28.095] RNNModel.ninp    : 200
[2022-04-10 23:12:28.095] RNNModel.nhid    : 200
[2022-04-10 23:12:28.095] RNNModel.nlayers : 2
[2022-04-10 23:12:28.095] RNNModel.dropout : 0.2
[2022-04-10 23:12:28.095] RNNModel.tie_weights: False
[2022-04-10 23:12:28.095] RNNModel.char_mode  : 
[2022-04-10 23:12:28.095] RNNModel.char_cnt   : 167
[2022-04-10 23:12:28.095] RNNModel.char_emsize: 25
[2022-04-10 23:12:28.096] RNNModel.char_nhid  : 200
[2022-04-10 23:12:28.096] RNNModel will not use char-encoding
[2022-04-10 23:12:28.296] Epoch 001/40 ==================================================
[2022-04-10 23:12:41.639] E001 |   200/1398 batches | lr 20.0000 | loss  8.116 | ppl   3348.19
[2022-04-10 23:12:54.915] E001 |   400/1398 batches | lr 20.0000 | loss  6.959 | ppl   1052.44
[2022-04-10 23:13:08.129] E001 |   600/1398 batches | lr 20.0000 | loss  6.422 | ppl    615.50
[2022-04-10 23:13:21.383] E001 |   800/1398 batches | lr 20.0000 | loss  6.232 | ppl    508.95
[2022-04-10 23:13:34.611] E001 |  1000/1398 batches | lr 20.0000 | loss  6.000 | ppl    403.63
[2022-04-10 23:13:47.869] E001 |  1200/1398 batches | lr 20.0000 | loss  5.861 | ppl    350.97
[2022-04-10 23:14:00.985] E001 |  1398/1398 batches | lr 20.0000 | loss  5.713 | ppl    302.84
[2022-04-10 23:14:09.945] End E001 | valid loss  5.804; ppl    331.73 | accu 0.1842 = 41935/227640
[2022-04-10 23:14:30.085] End E001 |  test loss  8.476; ppl   4796.13 | accu 0.0639 = 32392/506840 ../data/sample_500k/adult_test.txt
[2022-04-10 23:14:34.493] End E001 |  test loss  6.497; ppl    663.10 | accu 0.1775 = 19924/112220 ../data/sample_500k/adolescent_valid.txt
[2022-04-10 23:14:39.016] End E001 |  test loss  5.129; ppl    168.90 | accu 0.1907 = 22004/115380 ../data/sample_500k/cbt_valid.txt
[2022-04-10 23:14:39.016] Save: model.pt... 
[2022-04-10 23:14:39.703] Save: model.pt...Done. best_val_loss: 5.8043
[2022-04-10 23:14:39.703] Epoch 002/40 ==================================================
[2022-04-10 23:14:52.915] E002 |   200/1398 batches | lr 20.0000 | loss  5.626 | ppl    277.67
[2022-04-10 23:15:06.125] E002 |   400/1398 batches | lr 20.0000 | loss  5.560 | ppl    259.82
[2022-04-10 23:15:19.307] E002 |   600/1398 batches | lr 20.0000 | loss  5.436 | ppl    229.48
[2022-04-10 23:15:32.570] E002 |   800/1398 batches | lr 20.0000 | loss  5.493 | ppl    243.03
[2022-04-10 23:15:45.800] E002 |  1000/1398 batches | lr 20.0000 | loss  5.395 | ppl    220.28
[2022-04-10 23:15:59.034] E002 |  1200/1398 batches | lr 20.0000 | loss  5.329 | ppl    206.15
[2022-04-10 23:16:12.139] E002 |  1398/1398 batches | lr 20.0000 | loss  5.249 | ppl    190.36
[2022-04-10 23:16:21.130] End E002 | valid loss  5.604; ppl    271.58 | accu 0.1929 = 43911/227640
[2022-04-10 23:16:41.174] End E002 |  test loss  8.524; ppl   5033.98 | accu 0.0682 = 34550/506840 ../data/sample_500k/adult_test.txt
[2022-04-10 23:16:45.595] End E002 |  test loss  6.441; ppl    626.91 | accu 0.1693 = 18996/112220 ../data/sample_500k/adolescent_valid.txt
[2022-04-10 23:16:50.134] End E002 |  test loss  4.893; ppl    133.30 | accu 0.2067 = 23854/115380 ../data/sample_500k/cbt_valid.txt
[2022-04-10 23:16:50.134] Save: model.pt... 
[2022-04-10 23:16:50.797] Save: model.pt...Done. best_val_loss: 5.6043
[2022-04-10 23:16:50.798] Epoch 003/40 ==================================================
[2022-04-10 23:17:04.073] E003 |   200/1398 batches | lr 20.0000 | loss  5.248 | ppl    190.25
[2022-04-10 23:17:17.307] E003 |   400/1398 batches | lr 20.0000 | loss  5.212 | ppl    183.45
[2022-04-10 23:17:30.582] E003 |   600/1398 batches | lr 20.0000 | loss  5.113 | ppl    166.10
[2022-04-10 23:17:43.885] E003 |   800/1398 batches | lr 20.0000 | loss  5.198 | ppl    180.84
[2022-04-10 23:17:57.162] E003 |  1000/1398 batches | lr 20.0000 | loss  5.124 | ppl    167.93
[2022-04-10 23:18:10.473] E003 |  1200/1398 batches | lr 20.0000 | loss  5.058 | ppl    157.23
[2022-04-10 23:18:23.592] E003 |  1398/1398 batches | lr 20.0000 | loss  5.008 | ppl    149.59
[2022-04-10 23:18:32.667] End E003 | valid loss  5.429; ppl    227.99 | accu 0.2087 = 47504/227640
[2022-04-10 23:18:52.758] End E003 |  test loss  8.556; ppl   5198.51 | accu 0.0687 = 34812/506840 ../data/sample_500k/adult_test.txt
[2022-04-10 23:18:57.183] End E003 |  test loss  6.093; ppl    442.81 | accu 0.2009 = 22544/112220 ../data/sample_500k/adolescent_valid.txt
[2022-04-10 23:19:01.699] End E003 |  test loss  4.785; ppl    119.75 | accu 0.2161 = 24938/115380 ../data/sample_500k/cbt_valid.txt
[2022-04-10 23:19:01.699] Save: model.pt... 
[2022-04-10 23:19:02.356] Save: model.pt...Done. best_val_loss: 5.4293
[2022-04-10 23:19:02.356] Epoch 004/40 ==================================================
[2022-04-10 23:19:15.621] E004 |   200/1398 batches | lr 20.0000 | loss  5.011 | ppl    149.99
[2022-04-10 23:19:28.921] E004 |   400/1398 batches | lr 20.0000 | loss  5.002 | ppl    148.74
[2022-04-10 23:19:42.232] E004 |   600/1398 batches | lr 20.0000 | loss  4.916 | ppl    136.41
[2022-04-10 23:19:55.654] E004 |   800/1398 batches | lr 20.0000 | loss  5.004 | ppl    148.94
[2022-04-10 23:20:09.084] E004 |  1000/1398 batches | lr 20.0000 | loss  4.939 | ppl    139.66
[2022-04-10 23:20:22.484] E004 |  1200/1398 batches | lr 20.0000 | loss  4.884 | ppl    132.14
[2022-04-10 23:20:35.782] E004 |  1398/1398 batches | lr 20.0000 | loss  4.835 | ppl    125.86
[2022-04-10 23:20:44.799] End E004 | valid loss  5.396; ppl    220.62 | accu 0.2098 = 47764/227640
[2022-04-10 23:21:04.892] End E004 |  test loss  8.629; ppl   5593.89 | accu 0.0668 = 33865/506840 ../data/sample_500k/adult_test.txt
[2022-04-10 23:21:09.319] End E004 |  test loss  6.083; ppl    438.53 | accu 0.1989 = 22316/112220 ../data/sample_500k/adolescent_valid.txt
[2022-04-10 23:21:13.827] End E004 |  test loss  4.729; ppl    113.21 | accu 0.2203 = 25420/115380 ../data/sample_500k/cbt_valid.txt
[2022-04-10 23:21:13.827] Save: model.pt... 
[2022-04-10 23:21:14.504] Save: model.pt...Done. best_val_loss: 5.3965
[2022-04-10 23:21:14.504] Epoch 005/40 ==================================================
[2022-04-10 23:21:27.899] E005 |   200/1398 batches | lr 20.0000 | loss  4.851 | ppl    127.81
[2022-04-10 23:21:41.285] E005 |   400/1398 batches | lr 20.0000 | loss  4.843 | ppl    126.87
[2022-04-10 23:21:54.759] E005 |   600/1398 batches | lr 20.0000 | loss  4.770 | ppl    117.88
[2022-04-10 23:22:08.239] E005 |   800/1398 batches | lr 20.0000 | loss  4.863 | ppl    129.44
[2022-04-10 23:22:21.754] E005 |  1000/1398 batches | lr 20.0000 | loss  4.795 | ppl    120.88
[2022-04-10 23:22:35.392] E005 |  1200/1398 batches | lr 20.0000 | loss  4.744 | ppl    114.85
[2022-04-10 23:22:48.815] E005 |  1398/1398 batches | lr 20.0000 | loss  4.702 | ppl    110.18
[2022-04-10 23:22:57.907] End E005 | valid loss  5.375; ppl    215.97 | accu 0.2117 = 48188/227640
[2022-04-10 23:23:18.061] End E005 |  test loss  8.881; ppl   7191.22 | accu 0.0494 = 25033/506840 ../data/sample_500k/adult_test.txt
[2022-04-10 23:23:22.488] End E005 |  test loss  6.066; ppl    431.12 | accu 0.2003 = 22481/112220 ../data/sample_500k/adolescent_valid.txt
[2022-04-10 23:23:27.012] End E005 |  test loss  4.705; ppl    110.45 | accu 0.2225 = 25677/115380 ../data/sample_500k/cbt_valid.txt
[2022-04-10 23:23:27.013] Save: model.pt... 
[2022-04-10 23:23:27.684] Save: model.pt...Done. best_val_loss: 5.3751
[2022-04-10 23:23:27.684] Epoch 006/40 ==================================================
[2022-04-10 23:23:41.218] E006 |   200/1398 batches | lr 20.0000 | loss  4.720 | ppl    112.15
[2022-04-10 23:23:54.750] E006 |   400/1398 batches | lr 20.0000 | loss  4.716 | ppl    111.70
[2022-04-10 23:24:08.290] E006 |   600/1398 batches | lr 20.0000 | loss  4.645 | ppl    104.05
[2022-04-10 23:24:21.882] E006 |   800/1398 batches | lr 20.0000 | loss  4.740 | ppl    114.47
[2022-04-10 23:24:35.474] E006 |  1000/1398 batches | lr 20.0000 | loss  4.675 | ppl    107.26
[2022-04-10 23:24:49.019] E006 |  1200/1398 batches | lr 20.0000 | loss  4.623 | ppl    101.80
[2022-04-10 23:25:02.446] E006 |  1398/1398 batches | lr 20.0000 | loss  4.590 | ppl     98.48
[2022-04-10 23:25:11.461] End E006 | valid loss  5.372; ppl    215.28 | accu 0.2141 = 48747/227640
[2022-04-10 23:25:31.482] End E006 |  test loss  8.944; ppl   7665.07 | accu 0.0669 = 33888/506840 ../data/sample_500k/adult_test.txt
[2022-04-10 23:25:35.928] End E006 |  test loss  6.080; ppl    436.94 | accu 0.2020 = 22674/112220 ../data/sample_500k/adolescent_valid.txt
[2022-04-10 23:25:40.439] End E006 |  test loss  4.685; ppl    108.27 | accu 0.2259 = 26063/115380 ../data/sample_500k/cbt_valid.txt
[2022-04-10 23:25:40.440] Save: model.pt... 
[2022-04-10 23:25:41.117] Save: model.pt...Done. best_val_loss: 5.3719
[2022-04-10 23:25:41.117] Epoch 007/40 ==================================================
[2022-04-10 23:25:54.678] E007 |   200/1398 batches | lr 20.0000 | loss  4.611 | ppl    100.59
[2022-04-10 23:26:08.229] E007 |   400/1398 batches | lr 20.0000 | loss  4.609 | ppl    100.43
[2022-04-10 23:26:21.763] E007 |   600/1398 batches | lr 20.0000 | loss  4.549 | ppl     94.57
[2022-04-10 23:26:35.301] E007 |   800/1398 batches | lr 20.0000 | loss  4.639 | ppl    103.45
[2022-04-10 23:26:48.873] E007 |  1000/1398 batches | lr 20.0000 | loss  4.575 | ppl     97.07
[2022-04-10 23:27:02.431] E007 |  1200/1398 batches | lr 20.0000 | loss  4.524 | ppl     92.23
[2022-04-10 23:27:15.848] E007 |  1398/1398 batches | lr 20.0000 | loss  4.496 | ppl     89.64
[2022-04-10 23:27:24.840] End E007 | valid loss  5.381; ppl    217.20 | accu 0.2149 = 48922/227640
[2022-04-10 23:27:44.809] End E007 |  test loss  8.908; ppl   7394.20 | accu 0.0676 = 34285/506840 ../data/sample_500k/adult_test.txt
[2022-04-10 23:27:49.237] End E007 |  test loss  6.116; ppl    452.96 | accu 0.2026 = 22732/112220 ../data/sample_500k/adolescent_valid.txt
[2022-04-10 23:27:53.770] End E007 |  test loss  4.668; ppl    106.53 | accu 0.2266 = 26145/115380 ../data/sample_500k/cbt_valid.txt
[2022-04-10 23:27:53.771] Epoch 008/40 ==================================================
[2022-04-10 23:28:07.316] E008 |   200/1398 batches | lr 10.0000 | loss  4.479 | ppl     88.14
[2022-04-10 23:28:20.863] E008 |   400/1398 batches | lr 10.0000 | loss  4.450 | ppl     85.61
[2022-04-10 23:28:34.396] E008 |   600/1398 batches | lr 10.0000 | loss  4.362 | ppl     78.38
[2022-04-10 23:28:47.972] E008 |   800/1398 batches | lr 10.0000 | loss  4.442 | ppl     84.95
[2022-04-10 23:29:01.509] E008 |  1000/1398 batches | lr 10.0000 | loss  4.366 | ppl     78.75
[2022-04-10 23:29:15.059] E008 |  1200/1398 batches | lr 10.0000 | loss  4.301 | ppl     73.79
[2022-04-10 23:29:28.472] E008 |  1398/1398 batches | lr 10.0000 | loss  4.263 | ppl     71.05
[2022-04-10 23:29:37.474] End E008 | valid loss  5.329; ppl    206.15 | accu 0.2242 = 51043/227640
[2022-04-10 23:29:57.475] End E008 |  test loss  9.117; ppl   9106.85 | accu 0.0644 = 32644/506840 ../data/sample_500k/adult_test.txt
[2022-04-10 23:30:01.896] End E008 |  test loss  6.061; ppl    428.78 | accu 0.2117 = 23759/112220 ../data/sample_500k/adolescent_valid.txt
[2022-04-10 23:30:06.424] End E008 |  test loss  4.617; ppl    101.22 | accu 0.2368 = 27317/115380 ../data/sample_500k/cbt_valid.txt
[2022-04-10 23:30:06.424] Save: model.pt... 
[2022-04-10 23:30:07.090] Save: model.pt...Done. best_val_loss: 5.3286
[2022-04-10 23:30:07.090] Epoch 009/40 ==================================================
[2022-04-10 23:30:20.647] E009 |   200/1398 batches | lr 10.0000 | loss  4.361 | ppl     78.31
[2022-04-10 23:30:34.175] E009 |   400/1398 batches | lr 10.0000 | loss  4.345 | ppl     77.05
[2022-04-10 23:30:47.747] E009 |   600/1398 batches | lr 10.0000 | loss  4.276 | ppl     71.95
[2022-04-10 23:31:01.404] E009 |   800/1398 batches | lr 10.0000 | loss  4.358 | ppl     78.07
[2022-04-10 23:31:14.982] E009 |  1000/1398 batches | lr 10.0000 | loss  4.292 | ppl     73.12
[2022-04-10 23:31:28.538] E009 |  1200/1398 batches | lr 10.0000 | loss  4.236 | ppl     69.14
[2022-04-10 23:31:41.944] E009 |  1398/1398 batches | lr 10.0000 | loss  4.208 | ppl     67.24
[2022-04-10 23:31:50.956] End E009 | valid loss  5.340; ppl    208.58 | accu 0.2246 = 51137/227640
[2022-04-10 23:32:11.072] End E009 |  test loss  9.104; ppl   8994.32 | accu 0.0667 = 33821/506840 ../data/sample_500k/adult_test.txt
[2022-04-10 23:32:15.494] End E009 |  test loss  6.082; ppl    438.07 | accu 0.2116 = 23751/112220 ../data/sample_500k/adolescent_valid.txt
[2022-04-10 23:32:20.022] End E009 |  test loss  4.618; ppl    101.31 | accu 0.2372 = 27365/115380 ../data/sample_500k/cbt_valid.txt
[2022-04-10 23:32:20.022] Epoch 010/40 ==================================================
[2022-04-10 23:32:33.576] E010 |   200/1398 batches | lr 5.0000 | loss  4.287 | ppl     72.74
[2022-04-10 23:32:47.123] E010 |   400/1398 batches | lr 5.0000 | loss  4.259 | ppl     70.74
[2022-04-10 23:33:00.734] E010 |   600/1398 batches | lr 5.0000 | loss  4.181 | ppl     65.44
[2022-04-10 23:33:14.270] E010 |   800/1398 batches | lr 5.0000 | loss  4.249 | ppl     70.06
[2022-04-10 23:33:27.843] E010 |  1000/1398 batches | lr 5.0000 | loss  4.184 | ppl     65.60
[2022-04-10 23:33:41.371] E010 |  1200/1398 batches | lr 5.0000 | loss  4.116 | ppl     61.30
[2022-04-10 23:33:54.910] E010 |  1398/1398 batches | lr 5.0000 | loss  4.082 | ppl     59.25
[2022-04-10 23:34:03.984] End E010 | valid loss  5.338; ppl    208.15 | accu 0.2283 = 51963/227640
[2022-04-10 23:34:24.208] End E010 |  test loss  9.231; ppl  10210.84 | accu 0.0651 = 32979/506840 ../data/sample_500k/adult_test.txt
[2022-04-10 23:34:28.676] End E010 |  test loss  6.107; ppl    448.92 | accu 0.2140 = 24020/112220 ../data/sample_500k/adolescent_valid.txt
[2022-04-10 23:34:33.191] End E010 |  test loss  4.591; ppl     98.61 | accu 0.2420 = 27926/115380 ../data/sample_500k/cbt_valid.txt
[2022-04-10 23:34:33.191] Epoch 011/40 ==================================================
[2022-04-10 23:34:46.752] E011 |   200/1398 batches | lr 2.5000 | loss  4.228 | ppl     68.58
[2022-04-10 23:35:00.274] E011 |   400/1398 batches | lr 2.5000 | loss  4.203 | ppl     66.91
[2022-04-10 23:35:13.831] E011 |   600/1398 batches | lr 2.5000 | loss  4.122 | ppl     61.68
[2022-04-10 23:35:27.368] E011 |   800/1398 batches | lr 2.5000 | loss  4.187 | ppl     65.83
[2022-04-10 23:35:40.893] E011 |  1000/1398 batches | lr 2.5000 | loss  4.119 | ppl     61.51
[2022-04-10 23:35:54.424] E011 |  1200/1398 batches | lr 2.5000 | loss  4.050 | ppl     57.42
[2022-04-10 23:36:07.940] E011 |  1398/1398 batches | lr 2.5000 | loss  4.011 | ppl     55.19
[2022-04-10 23:36:17.060] End E011 | valid loss  5.335; ppl    207.57 | accu 0.2298 = 52301/227640
[2022-04-10 23:36:37.277] End E011 |  test loss  9.227; ppl  10167.83 | accu 0.0685 = 34710/506840 ../data/sample_500k/adult_test.txt
[2022-04-10 23:36:41.685] End E011 |  test loss  6.116; ppl    452.98 | accu 0.2148 = 24110/112220 ../data/sample_500k/adolescent_valid.txt
[2022-04-10 23:36:46.200] End E011 |  test loss  4.577; ppl     97.25 | accu 0.2441 = 28169/115380 ../data/sample_500k/cbt_valid.txt
[2022-04-10 23:36:46.200] Epoch 012/40 ==================================================
[2022-04-10 23:36:59.785] E012 |   200/1398 batches | lr 1.2500 | loss  4.194 | ppl     66.32
[2022-04-10 23:37:13.325] E012 |   400/1398 batches | lr 1.2500 | loss  4.171 | ppl     64.76
[2022-04-10 23:37:26.869] E012 |   600/1398 batches | lr 1.2500 | loss  4.094 | ppl     59.97
[2022-04-10 23:37:40.406] E012 |   800/1398 batches | lr 1.2500 | loss  4.154 | ppl     63.66
[2022-04-10 23:37:53.962] E012 |  1000/1398 batches | lr 1.2500 | loss  4.085 | ppl     59.47
[2022-04-10 23:38:07.517] E012 |  1200/1398 batches | lr 1.2500 | loss  4.018 | ppl     55.58
[2022-04-10 23:38:21.001] E012 |  1398/1398 batches | lr 1.2500 | loss  3.975 | ppl     53.28
[2022-04-10 23:38:30.086] End E012 | valid loss  5.340; ppl    208.61 | accu 0.2302 = 52396/227640
[2022-04-10 23:38:50.193] End E012 |  test loss  9.275; ppl  10662.70 | accu 0.0676 = 34256/506840 ../data/sample_500k/adult_test.txt
[2022-04-10 23:38:54.634] End E012 |  test loss  6.135; ppl    461.69 | accu 0.2148 = 24101/112220 ../data/sample_500k/adolescent_valid.txt
[2022-04-10 23:38:59.149] End E012 |  test loss  4.568; ppl     96.38 | accu 0.2449 = 28261/115380 ../data/sample_500k/cbt_valid.txt
[2022-04-10 23:38:59.150] Epoch 013/40 ==================================================
[2022-04-10 23:39:12.728] E013 |   200/1398 batches | lr 0.6250 | loss  4.178 | ppl     65.23
[2022-04-10 23:39:26.314] E013 |   400/1398 batches | lr 0.6250 | loss  4.154 | ppl     63.68
[2022-04-10 23:39:39.865] E013 |   600/1398 batches | lr 0.6250 | loss  4.075 | ppl     58.85
[2022-04-10 23:39:53.408] E013 |   800/1398 batches | lr 0.6250 | loss  4.135 | ppl     62.51
[2022-04-10 23:40:06.953] E013 |  1000/1398 batches | lr 0.6250 | loss  4.066 | ppl     58.35
[2022-04-10 23:40:20.526] E013 |  1200/1398 batches | lr 0.6250 | loss  4.000 | ppl     54.60
[2022-04-10 23:40:33.941] E013 |  1398/1398 batches | lr 0.6250 | loss  3.958 | ppl     52.34
[2022-04-10 23:40:42.955] End E013 | valid loss  5.337; ppl    207.90 | accu 0.2307 = 52525/227640
[2022-04-10 23:41:03.031] End E013 |  test loss  9.259; ppl  10495.70 | accu 0.0686 = 34750/506840 ../data/sample_500k/adult_test.txt
[2022-04-10 23:41:07.463] End E013 |  test loss  6.134; ppl    461.50 | accu 0.2156 = 24196/112220 ../data/sample_500k/adolescent_valid.txt
[2022-04-10 23:41:12.018] End E013 |  test loss  4.562; ppl     95.74 | accu 0.2453 = 28303/115380 ../data/sample_500k/cbt_valid.txt
[2022-04-10 23:41:12.018] Epoch 014/40 ==================================================
[2022-04-10 23:41:25.560] E014 |   200/1398 batches | lr 0.3125 | loss  4.169 | ppl     64.64
[2022-04-10 23:41:39.130] E014 |   400/1398 batches | lr 0.3125 | loss  4.146 | ppl     63.17
[2022-04-10 23:41:52.717] E014 |   600/1398 batches | lr 0.3125 | loss  4.069 | ppl     58.48
[2022-04-10 23:42:06.288] E014 |   800/1398 batches | lr 0.3125 | loss  4.126 | ppl     61.93
[2022-04-10 23:42:19.824] E014 |  1000/1398 batches | lr 0.3125 | loss  4.060 | ppl     57.99
[2022-04-10 23:42:33.396] E014 |  1200/1398 batches | lr 0.3125 | loss  3.991 | ppl     54.09
[2022-04-10 23:42:46.865] E014 |  1398/1398 batches | lr 0.3125 | loss  3.947 | ppl     51.80
[2022-04-10 23:42:55.947] End E014 | valid loss  5.331; ppl    206.73 | accu 0.2313 = 52650/227640
[2022-04-10 23:43:16.041] End E014 |  test loss  9.248; ppl  10381.68 | accu 0.0689 = 34930/506840 ../data/sample_500k/adult_test.txt
[2022-04-10 23:43:20.452] End E014 |  test loss  6.128; ppl    458.68 | accu 0.2159 = 24227/112220 ../data/sample_500k/adolescent_valid.txt
[2022-04-10 23:43:24.981] End E014 |  test loss  4.556; ppl     95.25 | accu 0.2460 = 28383/115380 ../data/sample_500k/cbt_valid.txt
[2022-04-10 23:43:24.982] Epoch 015/40 ==================================================
[2022-04-10 23:43:38.515] E015 |   200/1398 batches | lr 0.1562 | loss  4.162 | ppl     64.21
[2022-04-10 23:43:52.036] E015 |   400/1398 batches | lr 0.1562 | loss  4.139 | ppl     62.77
[2022-04-10 23:44:05.546] E015 |   600/1398 batches | lr 0.1562 | loss  4.063 | ppl     58.14
[2022-04-10 23:44:19.101] E015 |   800/1398 batches | lr 0.1562 | loss  4.123 | ppl     61.76
[2022-04-10 23:44:32.655] E015 |  1000/1398 batches | lr 0.1562 | loss  4.057 | ppl     57.80
[2022-04-10 23:44:46.171] E015 |  1200/1398 batches | lr 0.1562 | loss  3.987 | ppl     53.88
[2022-04-10 23:44:59.566] E015 |  1398/1398 batches | lr 0.1562 | loss  3.942 | ppl     51.52
[2022-04-10 23:45:08.599] End E015 | valid loss  5.327; ppl    205.73 | accu 0.2317 = 52735/227640
[2022-04-10 23:45:28.686] End E015 |  test loss  9.244; ppl  10347.46 | accu 0.0689 = 34912/506840 ../data/sample_500k/adult_test.txt
[2022-04-10 23:45:33.115] End E015 |  test loss  6.121; ppl    455.49 | accu 0.2162 = 24261/112220 ../data/sample_500k/adolescent_valid.txt
[2022-04-10 23:45:37.641] End E015 |  test loss  4.554; ppl     94.99 | accu 0.2465 = 28446/115380 ../data/sample_500k/cbt_valid.txt
[2022-04-10 23:45:37.641] Save: model.pt... 
[2022-04-10 23:45:38.349] Save: model.pt...Done. best_val_loss: 5.3266
[2022-04-10 23:45:38.349] Epoch 016/40 ==================================================
[2022-04-10 23:45:51.902] E016 |   200/1398 batches | lr 0.1562 | loss  4.161 | ppl     64.12
[2022-04-10 23:46:05.409] E016 |   400/1398 batches | lr 0.1562 | loss  4.131 | ppl     62.24
[2022-04-10 23:46:18.932] E016 |   600/1398 batches | lr 0.1562 | loss  4.061 | ppl     58.01
[2022-04-10 23:46:32.534] E016 |   800/1398 batches | lr 0.1562 | loss  4.122 | ppl     61.67
[2022-04-10 23:46:46.099] E016 |  1000/1398 batches | lr 0.1562 | loss  4.055 | ppl     57.67
[2022-04-10 23:46:59.607] E016 |  1200/1398 batches | lr 0.1562 | loss  3.986 | ppl     53.82
[2022-04-10 23:47:13.061] E016 |  1398/1398 batches | lr 0.1562 | loss  3.941 | ppl     51.48
[2022-04-10 23:47:22.103] End E016 | valid loss  5.326; ppl    205.72 | accu 0.2316 = 52711/227640
[2022-04-10 23:47:42.206] End E016 |  test loss  9.246; ppl  10363.22 | accu 0.0690 = 34973/506840 ../data/sample_500k/adult_test.txt
[2022-04-10 23:47:46.627] End E016 |  test loss  6.122; ppl    455.84 | accu 0.2161 = 24255/112220 ../data/sample_500k/adolescent_valid.txt
[2022-04-10 23:47:51.139] End E016 |  test loss  4.553; ppl     94.90 | accu 0.2464 = 28432/115380 ../data/sample_500k/cbt_valid.txt
[2022-04-10 23:47:51.139] Save: model.pt... 
[2022-04-10 23:47:51.793] Save: model.pt...Done. best_val_loss: 5.3265
[2022-04-10 23:47:51.794] Epoch 017/40 ==================================================
[2022-04-10 23:48:05.363] E017 |   200/1398 batches | lr 0.1562 | loss  4.155 | ppl     63.74
[2022-04-10 23:48:18.907] E017 |   400/1398 batches | lr 0.1562 | loss  4.128 | ppl     62.03
[2022-04-10 23:48:32.473] E017 |   600/1398 batches | lr 0.1562 | loss  4.058 | ppl     57.86
[2022-04-10 23:48:46.015] E017 |   800/1398 batches | lr 0.1562 | loss  4.118 | ppl     61.46
[2022-04-10 23:48:59.611] E017 |  1000/1398 batches | lr 0.1562 | loss  4.051 | ppl     57.45
[2022-04-10 23:49:13.151] E017 |  1200/1398 batches | lr 0.1562 | loss  3.983 | ppl     53.66
[2022-04-10 23:49:26.620] E017 |  1398/1398 batches | lr 0.1562 | loss  3.942 | ppl     51.52
[2022-04-10 23:49:35.641] End E017 | valid loss  5.327; ppl    205.78 | accu 0.2317 = 52735/227640
[2022-04-10 23:49:55.729] End E017 |  test loss  9.249; ppl  10392.15 | accu 0.0691 = 35033/506840 ../data/sample_500k/adult_test.txt
[2022-04-10 23:50:00.145] End E017 |  test loss  6.123; ppl    456.13 | accu 0.2162 = 24262/112220 ../data/sample_500k/adolescent_valid.txt
[2022-04-10 23:50:04.653] End E017 |  test loss  4.553; ppl     94.90 | accu 0.2467 = 28466/115380 ../data/sample_500k/cbt_valid.txt
[2022-04-10 23:50:04.654] Epoch 018/40 ==================================================
[2022-04-10 23:50:18.199] E018 |   200/1398 batches | lr 0.0781 | loss  4.152 | ppl     63.54
[2022-04-10 23:50:31.740] E018 |   400/1398 batches | lr 0.0781 | loss  4.126 | ppl     61.94
[2022-04-10 23:50:45.277] E018 |   600/1398 batches | lr 0.0781 | loss  4.054 | ppl     57.65
[2022-04-10 23:50:58.777] E018 |   800/1398 batches | lr 0.0781 | loss  4.117 | ppl     61.38
[2022-04-10 23:51:12.312] E018 |  1000/1398 batches | lr 0.0781 | loss  4.050 | ppl     57.38
[2022-04-10 23:51:25.829] E018 |  1200/1398 batches | lr 0.0781 | loss  3.979 | ppl     53.48
[2022-04-10 23:51:39.247] E018 |  1398/1398 batches | lr 0.0781 | loss  3.938 | ppl     51.33
[2022-04-10 23:51:48.274] End E018 | valid loss  5.327; ppl    205.74 | accu 0.2318 = 52758/227640
[2022-04-10 23:52:08.370] End E018 |  test loss  9.246; ppl  10364.51 | accu 0.0692 = 35059/506840 ../data/sample_500k/adult_test.txt
[2022-04-10 23:52:12.881] End E018 |  test loss  6.123; ppl    456.23 | accu 0.2162 = 24258/112220 ../data/sample_500k/adolescent_valid.txt
[2022-04-10 23:52:17.420] End E018 |  test loss  4.552; ppl     94.84 | accu 0.2468 = 28478/115380 ../data/sample_500k/cbt_valid.txt
[2022-04-10 23:52:17.421] Epoch 019/40 ==================================================
[2022-04-10 23:52:30.946] E019 |   200/1398 batches | lr 0.0391 | loss  4.153 | ppl     63.63
[2022-04-10 23:52:44.501] E019 |   400/1398 batches | lr 0.0391 | loss  4.129 | ppl     62.10
[2022-04-10 23:52:58.039] E019 |   600/1398 batches | lr 0.0391 | loss  4.052 | ppl     57.50
[2022-04-10 23:53:11.586] E019 |   800/1398 batches | lr 0.0391 | loss  4.114 | ppl     61.19
[2022-04-10 23:53:25.104] E019 |  1000/1398 batches | lr 0.0391 | loss  4.044 | ppl     57.04
[2022-04-10 23:53:38.667] E019 |  1200/1398 batches | lr 0.0391 | loss  3.982 | ppl     53.62
[2022-04-10 23:53:52.075] E019 |  1398/1398 batches | lr 0.0391 | loss  3.937 | ppl     51.25
[2022-04-10 23:54:01.102] End E019 | valid loss  5.325; ppl    205.44 | accu 0.2319 = 52782/227640
[2022-04-10 23:54:21.122] End E019 |  test loss  9.244; ppl  10338.93 | accu 0.0692 = 35095/506840 ../data/sample_500k/adult_test.txt
[2022-04-10 23:54:25.550] End E019 |  test loss  6.120; ppl    455.05 | accu 0.2162 = 24259/112220 ../data/sample_500k/adolescent_valid.txt
[2022-04-10 23:54:30.075] End E019 |  test loss  4.552; ppl     94.82 | accu 0.2469 = 28493/115380 ../data/sample_500k/cbt_valid.txt
[2022-04-10 23:54:30.075] Save: model.pt... 
[2022-04-10 23:54:30.768] Save: model.pt...Done. best_val_loss: 5.3252
[2022-04-10 23:54:30.769] Epoch 020/40 ==================================================
[2022-04-10 23:54:44.299] E020 |   200/1398 batches | lr 0.0391 | loss  4.152 | ppl     63.55
[2022-04-10 23:54:57.851] E020 |   400/1398 batches | lr 0.0391 | loss  4.124 | ppl     61.78
[2022-04-10 23:55:11.356] E020 |   600/1398 batches | lr 0.0391 | loss  4.055 | ppl     57.68
[2022-04-10 23:55:24.863] E020 |   800/1398 batches | lr 0.0391 | loss  4.114 | ppl     61.19
[2022-04-10 23:55:38.441] E020 |  1000/1398 batches | lr 0.0391 | loss  4.046 | ppl     57.18
[2022-04-10 23:55:51.992] E020 |  1200/1398 batches | lr 0.0391 | loss  3.980 | ppl     53.49
[2022-04-10 23:56:05.397] E020 |  1398/1398 batches | lr 0.0391 | loss  3.938 | ppl     51.30
[2022-04-10 23:56:14.417] End E020 | valid loss  5.325; ppl    205.35 | accu 0.2318 = 52769/227640
[2022-04-10 23:56:34.469] End E020 |  test loss  9.242; ppl  10321.91 | accu 0.0692 = 35075/506840 ../data/sample_500k/adult_test.txt
[2022-04-10 23:56:38.888] End E020 |  test loss  6.120; ppl    454.88 | accu 0.2161 = 24250/112220 ../data/sample_500k/adolescent_valid.txt
[2022-04-10 23:56:43.417] End E020 |  test loss  4.551; ppl     94.77 | accu 0.2470 = 28504/115380 ../data/sample_500k/cbt_valid.txt
[2022-04-10 23:56:43.417] Save: model.pt... 
[2022-04-10 23:56:44.056] Save: model.pt...Done. best_val_loss: 5.3247
[2022-04-10 23:56:44.056] Epoch 021/40 ==================================================
[2022-04-10 23:56:57.585] E021 |   200/1398 batches | lr 0.0391 | loss  4.150 | ppl     63.46
[2022-04-10 23:57:11.125] E021 |   400/1398 batches | lr 0.0391 | loss  4.124 | ppl     61.79
[2022-04-10 23:57:24.663] E021 |   600/1398 batches | lr 0.0391 | loss  4.052 | ppl     57.51
[2022-04-10 23:57:38.176] E021 |   800/1398 batches | lr 0.0391 | loss  4.111 | ppl     61.00
[2022-04-10 23:57:51.692] E021 |  1000/1398 batches | lr 0.0391 | loss  4.046 | ppl     57.20
[2022-04-10 23:58:05.237] E021 |  1200/1398 batches | lr 0.0391 | loss  3.980 | ppl     53.51
[2022-04-10 23:58:18.606] E021 |  1398/1398 batches | lr 0.0391 | loss  3.935 | ppl     51.17
[2022-04-10 23:58:27.593] End E021 | valid loss  5.325; ppl    205.38 | accu 0.2319 = 52800/227640
[2022-04-10 23:58:47.652] End E021 |  test loss  9.244; ppl  10342.37 | accu 0.0692 = 35060/506840 ../data/sample_500k/adult_test.txt
[2022-04-10 23:58:52.083] End E021 |  test loss  6.120; ppl    454.96 | accu 0.2162 = 24261/112220 ../data/sample_500k/adolescent_valid.txt
[2022-04-10 23:58:56.604] End E021 |  test loss  4.551; ppl     94.77 | accu 0.2471 = 28513/115380 ../data/sample_500k/cbt_valid.txt
[2022-04-10 23:58:56.604] Epoch 022/40 ==================================================
[2022-04-10 23:59:10.149] E022 |   200/1398 batches | lr 0.0195 | loss  4.150 | ppl     63.42
[2022-04-10 23:59:23.653] E022 |   400/1398 batches | lr 0.0195 | loss  4.123 | ppl     61.75
[2022-04-10 23:59:37.156] E022 |   600/1398 batches | lr 0.0195 | loss  4.055 | ppl     57.67
[2022-04-10 23:59:50.727] E022 |   800/1398 batches | lr 0.0195 | loss  4.114 | ppl     61.17
[2022-04-11 00:00:04.275] E022 |  1000/1398 batches | lr 0.0195 | loss  4.045 | ppl     57.09
[2022-04-11 00:00:17.788] E022 |  1200/1398 batches | lr 0.0195 | loss  3.976 | ppl     53.30
[2022-04-11 00:00:31.170] E022 |  1398/1398 batches | lr 0.0195 | loss  3.936 | ppl     51.21
[2022-04-11 00:00:40.172] End E022 | valid loss  5.324; ppl    205.25 | accu 0.2319 = 52798/227640
[2022-04-11 00:01:00.245] End E022 |  test loss  9.244; ppl  10340.87 | accu 0.0692 = 35058/506840 ../data/sample_500k/adult_test.txt
[2022-04-11 00:01:04.665] End E022 |  test loss  6.119; ppl    454.46 | accu 0.2162 = 24265/112220 ../data/sample_500k/adolescent_valid.txt
[2022-04-11 00:01:09.198] End E022 |  test loss  4.551; ppl     94.76 | accu 0.2470 = 28502/115380 ../data/sample_500k/cbt_valid.txt
[2022-04-11 00:01:09.198] Save: model.pt... 
[2022-04-11 00:01:09.857] Save: model.pt...Done. best_val_loss: 5.3242
[2022-04-11 00:01:09.857] Epoch 023/40 ==================================================
[2022-04-11 00:01:23.393] E023 |   200/1398 batches | lr 0.0195 | loss  4.153 | ppl     63.64
[2022-04-11 00:01:36.891] E023 |   400/1398 batches | lr 0.0195 | loss  4.122 | ppl     61.69
[2022-04-11 00:01:50.399] E023 |   600/1398 batches | lr 0.0195 | loss  4.050 | ppl     57.37
[2022-04-11 00:02:03.915] E023 |   800/1398 batches | lr 0.0195 | loss  4.110 | ppl     60.95
[2022-04-11 00:02:17.470] E023 |  1000/1398 batches | lr 0.0195 | loss  4.046 | ppl     57.16
[2022-04-11 00:02:30.994] E023 |  1200/1398 batches | lr 0.0195 | loss  3.976 | ppl     53.29
[2022-04-11 00:02:44.391] E023 |  1398/1398 batches | lr 0.0195 | loss  3.937 | ppl     51.24
[2022-04-11 00:02:53.424] End E023 | valid loss  5.324; ppl    205.27 | accu 0.2319 = 52785/227640
[2022-04-11 00:03:13.616] End E023 |  test loss  9.244; ppl  10340.53 | accu 0.0692 = 35055/506840 ../data/sample_500k/adult_test.txt
[2022-04-11 00:03:18.041] End E023 |  test loss  6.119; ppl    454.54 | accu 0.2163 = 24271/112220 ../data/sample_500k/adolescent_valid.txt
[2022-04-11 00:03:22.549] End E023 |  test loss  4.551; ppl     94.76 | accu 0.2469 = 28486/115380 ../data/sample_500k/cbt_valid.txt
[2022-04-11 00:03:22.549] Epoch 024/40 ==================================================
[2022-04-11 00:03:36.082] E024 |   200/1398 batches | lr 0.0098 | loss  4.149 | ppl     63.36
[2022-04-11 00:03:49.625] E024 |   400/1398 batches | lr 0.0098 | loss  4.121 | ppl     61.64
[2022-04-11 00:04:03.206] E024 |   600/1398 batches | lr 0.0098 | loss  4.050 | ppl     57.40
[2022-04-11 00:04:16.760] E024 |   800/1398 batches | lr 0.0098 | loss  4.110 | ppl     60.96
[2022-04-11 00:04:30.308] E024 |  1000/1398 batches | lr 0.0098 | loss  4.047 | ppl     57.24
[2022-04-11 00:04:43.842] E024 |  1200/1398 batches | lr 0.0098 | loss  3.976 | ppl     53.32
[2022-04-11 00:04:57.271] E024 |  1398/1398 batches | lr 0.0098 | loss  3.934 | ppl     51.13
[2022-04-11 00:05:06.309] End E024 | valid loss  5.324; ppl    205.28 | accu 0.2319 = 52783/227640
[2022-04-11 00:05:26.356] End E024 |  test loss  9.244; ppl  10344.01 | accu 0.0691 = 35035/506840 ../data/sample_500k/adult_test.txt
[2022-04-11 00:05:30.789] End E024 |  test loss  6.119; ppl    454.60 | accu 0.2162 = 24266/112220 ../data/sample_500k/adolescent_valid.txt
[2022-04-11 00:05:35.307] End E024 |  test loss  4.551; ppl     94.76 | accu 0.2469 = 28489/115380 ../data/sample_500k/cbt_valid.txt
[2022-04-11 00:05:35.308] Epoch 025/40 ==================================================
[2022-04-11 00:05:48.817] E025 |   200/1398 batches | lr 0.0049 | loss  4.150 | ppl     63.46
[2022-04-11 00:06:02.374] E025 |   400/1398 batches | lr 0.0049 | loss  4.122 | ppl     61.68
[2022-04-11 00:06:15.904] E025 |   600/1398 batches | lr 0.0049 | loss  4.049 | ppl     57.36
[2022-04-11 00:06:29.444] E025 |   800/1398 batches | lr 0.0049 | loss  4.112 | ppl     61.07
[2022-04-11 00:06:42.998] E025 |  1000/1398 batches | lr 0.0049 | loss  4.047 | ppl     57.23
[2022-04-11 00:06:56.554] E025 |  1200/1398 batches | lr 0.0049 | loss  3.976 | ppl     53.29
[2022-04-11 00:07:09.960] E025 |  1398/1398 batches | lr 0.0049 | loss  3.937 | ppl     51.28
[2022-04-11 00:07:18.993] End E025 | valid loss  5.324; ppl    205.22 | accu 0.2319 = 52799/227640
[2022-04-11 00:07:39.032] End E025 |  test loss  9.244; ppl  10340.05 | accu 0.0691 = 35033/506840 ../data/sample_500k/adult_test.txt
[2022-04-11 00:07:43.442] End E025 |  test loss  6.119; ppl    454.39 | accu 0.2162 = 24266/112220 ../data/sample_500k/adolescent_valid.txt
[2022-04-11 00:07:47.969] End E025 |  test loss  4.551; ppl     94.75 | accu 0.2471 = 28506/115380 ../data/sample_500k/cbt_valid.txt
[2022-04-11 00:07:47.969] Save: model.pt... 
[2022-04-11 00:07:48.627] Save: model.pt...Done. best_val_loss: 5.3241
[2022-04-11 00:07:48.627] Epoch 026/40 ==================================================
[2022-04-11 00:08:02.187] E026 |   200/1398 batches | lr 0.0049 | loss  4.151 | ppl     63.52
[2022-04-11 00:08:15.743] E026 |   400/1398 batches | lr 0.0049 | loss  4.122 | ppl     61.65
[2022-04-11 00:08:29.253] E026 |   600/1398 batches | lr 0.0049 | loss  4.053 | ppl     57.56
[2022-04-11 00:08:42.785] E026 |   800/1398 batches | lr 0.0049 | loss  4.110 | ppl     60.94
[2022-04-11 00:08:56.313] E026 |  1000/1398 batches | lr 0.0049 | loss  4.047 | ppl     57.20
[2022-04-11 00:09:09.845] E026 |  1200/1398 batches | lr 0.0049 | loss  3.974 | ppl     53.22
[2022-04-11 00:09:23.230] E026 |  1398/1398 batches | lr 0.0049 | loss  3.936 | ppl     51.23
[2022-04-11 00:09:32.232] End E026 | valid loss  5.324; ppl    205.18 | accu 0.2319 = 52793/227640
[2022-04-11 00:09:52.406] End E026 |  test loss  9.244; ppl  10337.73 | accu 0.0691 = 35038/506840 ../data/sample_500k/adult_test.txt
[2022-04-11 00:09:56.848] End E026 |  test loss  6.119; ppl    454.22 | accu 0.2162 = 24265/112220 ../data/sample_500k/adolescent_valid.txt
[2022-04-11 00:10:01.421] End E026 |  test loss  4.551; ppl     94.75 | accu 0.2470 = 28503/115380 ../data/sample_500k/cbt_valid.txt
[2022-04-11 00:10:01.421] Save: model.pt... 
[2022-04-11 00:10:02.108] Save: model.pt...Done. best_val_loss: 5.3239
[2022-04-11 00:10:02.108] Epoch 027/40 ==================================================
[2022-04-11 00:10:15.680] E027 |   200/1398 batches | lr 0.0049 | loss  4.151 | ppl     63.49
[2022-04-11 00:10:29.246] E027 |   400/1398 batches | lr 0.0049 | loss  4.119 | ppl     61.50
[2022-04-11 00:10:42.760] E027 |   600/1398 batches | lr 0.0049 | loss  4.050 | ppl     57.42
[2022-04-11 00:10:56.391] E027 |   800/1398 batches | lr 0.0049 | loss  4.107 | ppl     60.77
[2022-04-11 00:11:09.920] E027 |  1000/1398 batches | lr 0.0049 | loss  4.044 | ppl     57.07
[2022-04-11 00:11:23.484] E027 |  1200/1398 batches | lr 0.0049 | loss  3.972 | ppl     53.08
[2022-04-11 00:11:36.864] E027 |  1398/1398 batches | lr 0.0049 | loss  3.937 | ppl     51.24
[2022-04-11 00:11:45.865] End E027 | valid loss  5.324; ppl    205.14 | accu 0.2320 = 52805/227640
[2022-04-11 00:12:05.899] End E027 |  test loss  9.244; ppl  10337.97 | accu 0.0691 = 35039/506840 ../data/sample_500k/adult_test.txt
[2022-04-11 00:12:10.329] End E027 |  test loss  6.118; ppl    454.05 | accu 0.2162 = 24264/112220 ../data/sample_500k/adolescent_valid.txt
[2022-04-11 00:12:14.864] End E027 |  test loss  4.551; ppl     94.75 | accu 0.2471 = 28513/115380 ../data/sample_500k/cbt_valid.txt
[2022-04-11 00:12:14.864] Save: model.pt... 
[2022-04-11 00:12:15.558] Save: model.pt...Done. best_val_loss: 5.3237
[2022-04-11 00:12:15.558] Epoch 028/40 ==================================================
[2022-04-11 00:12:29.117] E028 |   200/1398 batches | lr 0.0049 | loss  4.148 | ppl     63.32
[2022-04-11 00:12:42.637] E028 |   400/1398 batches | lr 0.0049 | loss  4.121 | ppl     61.63
[2022-04-11 00:12:56.183] E028 |   600/1398 batches | lr 0.0049 | loss  4.050 | ppl     57.39
[2022-04-11 00:13:09.701] E028 |   800/1398 batches | lr 0.0049 | loss  4.114 | ppl     61.20
[2022-04-11 00:13:23.230] E028 |  1000/1398 batches | lr 0.0049 | loss  4.046 | ppl     57.17
[2022-04-11 00:13:36.757] E028 |  1200/1398 batches | lr 0.0049 | loss  3.976 | ppl     53.31
[2022-04-11 00:13:50.163] E028 |  1398/1398 batches | lr 0.0049 | loss  3.940 | ppl     51.43
[2022-04-11 00:13:59.185] End E028 | valid loss  5.324; ppl    205.14 | accu 0.2320 = 52804/227640
[2022-04-11 00:14:19.323] End E028 |  test loss  9.244; ppl  10342.32 | accu 0.0691 = 35035/506840 ../data/sample_500k/adult_test.txt
[2022-04-11 00:14:23.740] End E028 |  test loss  6.118; ppl    454.04 | accu 0.2162 = 24264/112220 ../data/sample_500k/adolescent_valid.txt
[2022-04-11 00:14:28.289] End E028 |  test loss  4.551; ppl     94.74 | accu 0.2471 = 28513/115380 ../data/sample_500k/cbt_valid.txt
[2022-04-11 00:14:28.289] Save: model.pt... 
[2022-04-11 00:14:28.957] Save: model.pt...Done. best_val_loss: 5.3237
[2022-04-11 00:14:28.957] Epoch 029/40 ==================================================
[2022-04-11 00:14:42.486] E029 |   200/1398 batches | lr 0.0049 | loss  4.149 | ppl     63.34
[2022-04-11 00:14:55.991] E029 |   400/1398 batches | lr 0.0049 | loss  4.119 | ppl     61.48
[2022-04-11 00:15:09.534] E029 |   600/1398 batches | lr 0.0049 | loss  4.051 | ppl     57.44
[2022-04-11 00:15:23.050] E029 |   800/1398 batches | lr 0.0049 | loss  4.111 | ppl     61.02
[2022-04-11 00:15:36.562] E029 |  1000/1398 batches | lr 0.0049 | loss  4.045 | ppl     57.14
[2022-04-11 00:15:50.070] E029 |  1200/1398 batches | lr 0.0049 | loss  3.976 | ppl     53.31
[2022-04-11 00:16:03.470] E029 |  1398/1398 batches | lr 0.0049 | loss  3.939 | ppl     51.34
[2022-04-11 00:16:12.506] End E029 | valid loss  5.324; ppl    205.15 | accu 0.2320 = 52803/227640
[2022-04-11 00:16:32.634] End E029 |  test loss  9.244; ppl  10342.83 | accu 0.0691 = 35037/506840 ../data/sample_500k/adult_test.txt
[2022-04-11 00:16:37.130] End E029 |  test loss  6.118; ppl    454.11 | accu 0.2162 = 24260/112220 ../data/sample_500k/adolescent_valid.txt
[2022-04-11 00:16:41.660] End E029 |  test loss  4.551; ppl     94.74 | accu 0.2471 = 28513/115380 ../data/sample_500k/cbt_valid.txt
[2022-04-11 00:16:41.660] Epoch 030/40 ==================================================
[2022-04-11 00:16:55.199] E030 |   200/1398 batches | lr 0.0024 | loss  4.150 | ppl     63.45
[2022-04-11 00:17:08.682] E030 |   400/1398 batches | lr 0.0024 | loss  4.123 | ppl     61.76
[2022-04-11 00:17:22.230] E030 |   600/1398 batches | lr 0.0024 | loss  4.049 | ppl     57.35
[2022-04-11 00:17:35.756] E030 |   800/1398 batches | lr 0.0024 | loss  4.110 | ppl     60.96
[2022-04-11 00:17:49.276] E030 |  1000/1398 batches | lr 0.0024 | loss  4.047 | ppl     57.25
[2022-04-11 00:18:02.812] E030 |  1200/1398 batches | lr 0.0024 | loss  3.974 | ppl     53.21
[2022-04-11 00:18:16.217] E030 |  1398/1398 batches | lr 0.0024 | loss  3.935 | ppl     51.16
[2022-04-11 00:18:25.261] End E030 | valid loss  5.324; ppl    205.15 | accu 0.2319 = 52797/227640
[2022-04-11 00:18:45.384] End E030 |  test loss  9.244; ppl  10342.81 | accu 0.0691 = 35036/506840 ../data/sample_500k/adult_test.txt
[2022-04-11 00:18:49.833] End E030 |  test loss  6.118; ppl    454.13 | accu 0.2161 = 24255/112220 ../data/sample_500k/adolescent_valid.txt
[2022-04-11 00:18:54.360] End E030 |  test loss  4.551; ppl     94.74 | accu 0.2471 = 28514/115380 ../data/sample_500k/cbt_valid.txt
[2022-04-11 00:18:54.360] Epoch 031/40 ==================================================
[2022-04-11 00:19:07.870] E031 |   200/1398 batches | lr 0.0012 | loss  4.148 | ppl     63.30
[2022-04-11 00:19:21.390] E031 |   400/1398 batches | lr 0.0012 | loss  4.122 | ppl     61.67
[2022-04-11 00:19:34.967] E031 |   600/1398 batches | lr 0.0012 | loss  4.054 | ppl     57.61
[2022-04-11 00:19:48.564] E031 |   800/1398 batches | lr 0.0012 | loss  4.111 | ppl     61.02
[2022-04-11 00:20:02.115] E031 |  1000/1398 batches | lr 0.0012 | loss  4.047 | ppl     57.24
[2022-04-11 00:20:15.790] E031 |  1200/1398 batches | lr 0.0012 | loss  3.976 | ppl     53.33
[2022-04-11 00:20:29.191] E031 |  1398/1398 batches | lr 0.0012 | loss  3.935 | ppl     51.19
[2022-04-11 00:20:38.224] End E031 | valid loss  5.324; ppl    205.15 | accu 0.2319 = 52801/227640
[2022-04-11 00:20:58.328] End E031 |  test loss  9.244; ppl  10340.86 | accu 0.0691 = 35042/506840 ../data/sample_500k/adult_test.txt
[2022-04-11 00:21:02.762] End E031 |  test loss  6.118; ppl    454.11 | accu 0.2161 = 24256/112220 ../data/sample_500k/adolescent_valid.txt
[2022-04-11 00:21:07.304] End E031 |  test loss  4.551; ppl     94.74 | accu 0.2472 = 28519/115380 ../data/sample_500k/cbt_valid.txt
[2022-04-11 00:21:07.304] Epoch 032/40 ==================================================
[2022-04-11 00:21:20.795] E032 |   200/1398 batches | lr 0.0006 | loss  4.148 | ppl     63.28
[2022-04-11 00:21:34.327] E032 |   400/1398 batches | lr 0.0006 | loss  4.119 | ppl     61.48
[2022-04-11 00:21:47.849] E032 |   600/1398 batches | lr 0.0006 | loss  4.054 | ppl     57.60
[2022-04-11 00:22:01.399] E032 |   800/1398 batches | lr 0.0006 | loss  4.110 | ppl     60.92
[2022-04-11 00:22:14.924] E032 |  1000/1398 batches | lr 0.0006 | loss  4.046 | ppl     57.17
[2022-04-11 00:22:28.486] E032 |  1200/1398 batches | lr 0.0006 | loss  3.976 | ppl     53.33
[2022-04-11 00:22:41.862] E032 |  1398/1398 batches | lr 0.0006 | loss  3.935 | ppl     51.16
[2022-04-11 00:22:50.932] End E032 | valid loss  5.324; ppl    205.15 | accu 0.2319 = 52801/227640
[2022-04-11 00:23:11.042] End E032 |  test loss  9.244; ppl  10340.85 | accu 0.0691 = 35041/506840 ../data/sample_500k/adult_test.txt
[2022-04-11 00:23:15.477] End E032 |  test loss  6.118; ppl    454.11 | accu 0.2161 = 24254/112220 ../data/sample_500k/adolescent_valid.txt
[2022-04-11 00:23:20.031] End E032 |  test loss  4.551; ppl     94.74 | accu 0.2472 = 28519/115380 ../data/sample_500k/cbt_valid.txt
[2022-04-11 00:23:20.031] Epoch 033/40 ==================================================
[2022-04-11 00:23:33.567] E033 |   200/1398 batches | lr 0.0003 | loss  4.148 | ppl     63.28
[2022-04-11 00:23:47.140] E033 |   400/1398 batches | lr 0.0003 | loss  4.120 | ppl     61.57
[2022-04-11 00:24:00.718] E033 |   600/1398 batches | lr 0.0003 | loss  4.051 | ppl     57.47
[2022-04-11 00:24:14.287] E033 |   800/1398 batches | lr 0.0003 | loss  4.109 | ppl     60.90
[2022-04-11 00:24:27.864] E033 |  1000/1398 batches | lr 0.0003 | loss  4.043 | ppl     57.01
[2022-04-11 00:24:41.426] E033 |  1200/1398 batches | lr 0.0003 | loss  3.975 | ppl     53.23
[2022-04-11 00:24:54.810] E033 |  1398/1398 batches | lr 0.0003 | loss  3.937 | ppl     51.25
[2022-04-11 00:25:03.814] End E033 | valid loss  5.324; ppl    205.14 | accu 0.2319 = 52799/227640
[2022-04-11 00:25:23.847] End E033 |  test loss  9.244; ppl  10340.50 | accu 0.0691 = 35042/506840 ../data/sample_500k/adult_test.txt
[2022-04-11 00:25:28.295] End E033 |  test loss  6.118; ppl    454.10 | accu 0.2161 = 24256/112220 ../data/sample_500k/adolescent_valid.txt
[2022-04-11 00:25:32.831] End E033 |  test loss  4.551; ppl     94.74 | accu 0.2472 = 28518/115380 ../data/sample_500k/cbt_valid.txt
[2022-04-11 00:25:32.832] Epoch 034/40 ==================================================
[2022-04-11 00:25:46.367] E034 |   200/1398 batches | lr 0.0002 | loss  4.146 | ppl     63.18
[2022-04-11 00:25:59.869] E034 |   400/1398 batches | lr 0.0002 | loss  4.123 | ppl     61.75
[2022-04-11 00:26:13.395] E034 |   600/1398 batches | lr 0.0002 | loss  4.051 | ppl     57.48
[2022-04-11 00:26:26.904] E034 |   800/1398 batches | lr 0.0002 | loss  4.110 | ppl     60.95
[2022-04-11 00:26:40.429] E034 |  1000/1398 batches | lr 0.0002 | loss  4.047 | ppl     57.20
[2022-04-11 00:26:53.949] E034 |  1200/1398 batches | lr 0.0002 | loss  3.974 | ppl     53.18
[2022-04-11 00:27:07.342] E034 |  1398/1398 batches | lr 0.0002 | loss  3.936 | ppl     51.23
[2022-04-11 00:27:16.313] End E034 | valid loss  5.324; ppl    205.14 | accu 0.2319 = 52799/227640
[2022-04-11 00:27:36.325] End E034 |  test loss  9.244; ppl  10340.29 | accu 0.0691 = 35044/506840 ../data/sample_500k/adult_test.txt
[2022-04-11 00:27:40.758] End E034 |  test loss  6.118; ppl    454.09 | accu 0.2161 = 24256/112220 ../data/sample_500k/adolescent_valid.txt
[2022-04-11 00:27:45.279] End E034 |  test loss  4.551; ppl     94.74 | accu 0.2472 = 28518/115380 ../data/sample_500k/cbt_valid.txt
[2022-04-11 00:27:45.279] Epoch 035/40 ==================================================
[2022-04-11 00:27:58.795] E035 |   200/1398 batches | lr 0.0001 | loss  4.149 | ppl     63.37
[2022-04-11 00:28:12.305] E035 |   400/1398 batches | lr 0.0001 | loss  4.122 | ppl     61.69
[2022-04-11 00:28:25.807] E035 |   600/1398 batches | lr 0.0001 | loss  4.053 | ppl     57.56
[2022-04-11 00:28:39.297] E035 |   800/1398 batches | lr 0.0001 | loss  4.112 | ppl     61.07
[2022-04-11 00:28:52.812] E035 |  1000/1398 batches | lr 0.0001 | loss  4.047 | ppl     57.22
[2022-04-11 00:29:06.335] E035 |  1200/1398 batches | lr 0.0001 | loss  3.979 | ppl     53.44
[2022-04-11 00:29:19.727] E035 |  1398/1398 batches | lr 0.0001 | loss  3.934 | ppl     51.13
[2022-04-11 00:29:28.731] End E035 | valid loss  5.324; ppl    205.14 | accu 0.2319 = 52798/227640
[2022-04-11 00:29:48.767] End E035 |  test loss  9.244; ppl  10340.26 | accu 0.0691 = 35043/506840 ../data/sample_500k/adult_test.txt
[2022-04-11 00:29:53.187] End E035 |  test loss  6.118; ppl    454.09 | accu 0.2161 = 24256/112220 ../data/sample_500k/adolescent_valid.txt
[2022-04-11 00:29:57.702] End E035 |  test loss  4.551; ppl     94.74 | accu 0.2472 = 28518/115380 ../data/sample_500k/cbt_valid.txt
[2022-04-11 00:29:57.702] Epoch 036/40 ==================================================
[2022-04-11 00:30:11.214] E036 |   200/1398 batches | lr 0.0000 | loss  4.149 | ppl     63.36
[2022-04-11 00:30:24.729] E036 |   400/1398 batches | lr 0.0000 | loss  4.118 | ppl     61.44
[2022-04-11 00:30:38.241] E036 |   600/1398 batches | lr 0.0000 | loss  4.049 | ppl     57.35
[2022-04-11 00:30:51.805] E036 |   800/1398 batches | lr 0.0000 | loss  4.110 | ppl     60.97
[2022-04-11 00:31:05.378] E036 |  1000/1398 batches | lr 0.0000 | loss  4.040 | ppl     56.85
[2022-04-11 00:31:18.956] E036 |  1200/1398 batches | lr 0.0000 | loss  3.975 | ppl     53.27
[2022-04-11 00:31:32.362] E036 |  1398/1398 batches | lr 0.0000 | loss  3.939 | ppl     51.38
[2022-04-11 00:31:41.363] End E036 | valid loss  5.324; ppl    205.14 | accu 0.2319 = 52798/227640
[2022-04-11 00:32:01.382] End E036 |  test loss  9.244; ppl  10340.25 | accu 0.0691 = 35043/506840 ../data/sample_500k/adult_test.txt
[2022-04-11 00:32:05.809] End E036 |  test loss  6.118; ppl    454.09 | accu 0.2161 = 24256/112220 ../data/sample_500k/adolescent_valid.txt
[2022-04-11 00:32:10.317] End E036 |  test loss  4.551; ppl     94.74 | accu 0.2472 = 28518/115380 ../data/sample_500k/cbt_valid.txt
[2022-04-11 00:32:10.317] Epoch 037/40 ==================================================
[2022-04-11 00:32:23.836] E037 |   200/1398 batches | lr 0.0000 | loss  4.150 | ppl     63.46
[2022-04-11 00:32:37.374] E037 |   400/1398 batches | lr 0.0000 | loss  4.124 | ppl     61.80
[2022-04-11 00:32:50.892] E037 |   600/1398 batches | lr 0.0000 | loss  4.055 | ppl     57.68
[2022-04-11 00:33:04.409] E037 |   800/1398 batches | lr 0.0000 | loss  4.109 | ppl     60.90
[2022-04-11 00:33:17.911] E037 |  1000/1398 batches | lr 0.0000 | loss  4.048 | ppl     57.29
[2022-04-11 00:33:31.486] E037 |  1200/1398 batches | lr 0.0000 | loss  3.976 | ppl     53.32
[2022-04-11 00:33:44.881] E037 |  1398/1398 batches | lr 0.0000 | loss  3.933 | ppl     51.09
[2022-04-11 00:33:53.911] End E037 | valid loss  5.324; ppl    205.14 | accu 0.2319 = 52797/227640
[2022-04-11 00:34:13.949] End E037 |  test loss  9.244; ppl  10340.27 | accu 0.0691 = 35042/506840 ../data/sample_500k/adult_test.txt
[2022-04-11 00:34:18.377] End E037 |  test loss  6.118; ppl    454.09 | accu 0.2161 = 24256/112220 ../data/sample_500k/adolescent_valid.txt
[2022-04-11 00:34:22.899] End E037 |  test loss  4.551; ppl     94.74 | accu 0.2472 = 28519/115380 ../data/sample_500k/cbt_valid.txt
[2022-04-11 00:34:22.900] Epoch 038/40 ==================================================
[2022-04-11 00:34:36.441] E038 |   200/1398 batches | lr 0.0000 | loss  4.150 | ppl     63.41
[2022-04-11 00:34:49.965] E038 |   400/1398 batches | lr 0.0000 | loss  4.125 | ppl     61.88
[2022-04-11 00:35:03.496] E038 |   600/1398 batches | lr 0.0000 | loss  4.051 | ppl     57.45
[2022-04-11 00:35:17.011] E038 |   800/1398 batches | lr 0.0000 | loss  4.109 | ppl     60.90
[2022-04-11 00:35:30.536] E038 |  1000/1398 batches | lr 0.0000 | loss  4.044 | ppl     57.04
[2022-04-11 00:35:44.075] E038 |  1200/1398 batches | lr 0.0000 | loss  3.975 | ppl     53.27
[2022-04-11 00:35:57.484] E038 |  1398/1398 batches | lr 0.0000 | loss  3.935 | ppl     51.14
[2022-04-11 00:36:06.514] End E038 | valid loss  5.324; ppl    205.14 | accu 0.2319 = 52798/227640
[2022-04-11 00:36:26.598] End E038 |  test loss  9.244; ppl  10340.28 | accu 0.0691 = 35042/506840 ../data/sample_500k/adult_test.txt
[2022-04-11 00:36:31.040] End E038 |  test loss  6.118; ppl    454.09 | accu 0.2161 = 24256/112220 ../data/sample_500k/adolescent_valid.txt
[2022-04-11 00:36:35.590] End E038 |  test loss  4.551; ppl     94.74 | accu 0.2472 = 28519/115380 ../data/sample_500k/cbt_valid.txt
[2022-04-11 00:36:35.590] Epoch 039/40 ==================================================
[2022-04-11 00:36:49.111] E039 |   200/1398 batches | lr 0.0000 | loss  4.150 | ppl     63.44
[2022-04-11 00:37:02.680] E039 |   400/1398 batches | lr 0.0000 | loss  4.122 | ppl     61.68
[2022-04-11 00:37:16.232] E039 |   600/1398 batches | lr 0.0000 | loss  4.051 | ppl     57.48
[2022-04-11 00:37:29.761] E039 |   800/1398 batches | lr 0.0000 | loss  4.110 | ppl     60.95
[2022-04-11 00:37:43.284] E039 |  1000/1398 batches | lr 0.0000 | loss  4.041 | ppl     56.91
[2022-04-11 00:37:56.874] E039 |  1200/1398 batches | lr 0.0000 | loss  3.975 | ppl     53.26
[2022-04-11 00:38:10.301] E039 |  1398/1398 batches | lr 0.0000 | loss  3.935 | ppl     51.18
[2022-04-11 00:38:19.362] End E039 | valid loss  5.324; ppl    205.14 | accu 0.2319 = 52798/227640
[2022-04-11 00:38:39.843] End E039 |  test loss  9.244; ppl  10340.29 | accu 0.0691 = 35042/506840 ../data/sample_500k/adult_test.txt
[2022-04-11 00:38:44.394] End E039 |  test loss  6.118; ppl    454.09 | accu 0.2161 = 24256/112220 ../data/sample_500k/adolescent_valid.txt
[2022-04-11 00:38:48.942] End E039 |  test loss  4.551; ppl     94.74 | accu 0.2472 = 28519/115380 ../data/sample_500k/cbt_valid.txt
[2022-04-11 00:38:48.942] Epoch 040/40 ==================================================
[2022-04-11 00:39:02.563] E040 |   200/1398 batches | lr 0.0000 | loss  4.148 | ppl     63.29
[2022-04-11 00:39:16.070] E040 |   400/1398 batches | lr 0.0000 | loss  4.122 | ppl     61.67
[2022-04-11 00:39:29.627] E040 |   600/1398 batches | lr 0.0000 | loss  4.050 | ppl     57.39
[2022-04-11 00:39:43.182] E040 |   800/1398 batches | lr 0.0000 | loss  4.112 | ppl     61.04
[2022-04-11 00:39:56.758] E040 |  1000/1398 batches | lr 0.0000 | loss  4.045 | ppl     57.11
[2022-04-11 00:40:10.281] E040 |  1200/1398 batches | lr 0.0000 | loss  3.975 | ppl     53.26
[2022-04-11 00:40:23.714] E040 |  1398/1398 batches | lr 0.0000 | loss  3.937 | ppl     51.27
[2022-04-11 00:40:32.779] End E040 | valid loss  5.324; ppl    205.14 | accu 0.2319 = 52798/227640
[2022-04-11 00:40:52.892] End E040 |  test loss  9.244; ppl  10340.29 | accu 0.0691 = 35042/506840 ../data/sample_500k/adult_test.txt
[2022-04-11 00:40:57.301] End E040 |  test loss  6.118; ppl    454.09 | accu 0.2161 = 24256/112220 ../data/sample_500k/adolescent_valid.txt
[2022-04-11 00:41:01.822] End E040 |  test loss  4.551; ppl     94.74 | accu 0.2472 = 28519/115380 ../data/sample_500k/cbt_valid.txt
[2022-04-11 00:41:22.106] End. test loss  9.24; ppl 10342.32 | accu 0.0691 = 35035/506840 ../data/sample_500k/adult_test.txt
[2022-04-11 00:41:26.523] End. test loss  6.12; ppl   454.04 | accu 0.2162 = 24264/112220 ../data/sample_500k/adolescent_valid.txt
[2022-04-11 00:41:31.045] End. test loss  4.55; ppl    94.74 | accu 0.2471 = 28513/115380 ../data/sample_500k/cbt_valid.txt
[2022-04-11 00:41:31.045] =========================================================================================
[2022-04-11 00:41:31.045] valid_loss
[2022-04-11 00:41:31.045]  5.80, 5.60, 5.43, 5.40, 5.38, 5.37, 5.38, 5.33, 5.34, 5.34, 5.34, 5.34, 5.34, 5.33, 5.33, 5.33, 5.33, 5.33, 5.33, 5.32, 5.32, 5.32, 5.32, 5.32, 5.32, 5.32, 5.32, 5.32, 5.32, 5.32, 5.32, 5.32, 5.32, 5.32, 5.32, 5.32, 5.32, 5.32, 5.32, 5.32
[2022-04-11 00:41:31.045] valid_loss ppl
[2022-04-11 00:41:31.045]   331.73,  271.58,  227.99,  220.62,  215.97,  215.28,  217.20,  206.15,  208.58,  208.15,  207.57,  208.61,  207.90,  206.73,  205.73,  205.72,  205.78,  205.74,  205.44,  205.35,  205.38,  205.25,  205.27,  205.28,  205.22,  205.18,  205.14,  205.14,  205.15,  205.15,  205.15,  205.15,  205.14,  205.14,  205.14,  205.14,  205.14,  205.14,  205.14,  205.14
[2022-04-11 00:41:31.045] test_loss of ../data/sample_500k/adult_test.txt
[2022-04-11 00:41:31.045]  8.48, 8.52, 8.56, 8.63, 8.88, 8.94, 8.91, 9.12, 9.10, 9.23, 9.23, 9.27, 9.26, 9.25, 9.24, 9.25, 9.25, 9.25, 9.24, 9.24, 9.24, 9.24, 9.24, 9.24, 9.24, 9.24, 9.24, 9.24, 9.24, 9.24, 9.24, 9.24, 9.24, 9.24, 9.24, 9.24, 9.24, 9.24, 9.24, 9.24
[2022-04-11 00:41:31.045] test_loss of ../data/sample_500k/adult_test.txt ppl
[2022-04-11 00:41:31.046]  4796.13, 5033.98, 5198.51, 5593.89, 7191.22, 7665.07, 7394.20, 9106.85, 8994.32,10210.84,10167.83,10662.70,10495.70,10381.68,10347.46,10363.22,10392.15,10364.51,10338.93,10321.91,10342.37,10340.87,10340.53,10344.01,10340.05,10337.73,10337.97,10342.32,10342.83,10342.81,10340.86,10340.85,10340.50,10340.29,10340.26,10340.25,10340.27,10340.28,10340.29,10340.29
[2022-04-11 00:41:31.046] test_loss of ../data/sample_500k/adolescent_valid.txt
[2022-04-11 00:41:31.046]  6.50, 6.44, 6.09, 6.08, 6.07, 6.08, 6.12, 6.06, 6.08, 6.11, 6.12, 6.13, 6.13, 6.13, 6.12, 6.12, 6.12, 6.12, 6.12, 6.12, 6.12, 6.12, 6.12, 6.12, 6.12, 6.12, 6.12, 6.12, 6.12, 6.12, 6.12, 6.12, 6.12, 6.12, 6.12, 6.12, 6.12, 6.12, 6.12, 6.12
[2022-04-11 00:41:31.046] test_loss of ../data/sample_500k/adolescent_valid.txt ppl
[2022-04-11 00:41:31.046]   663.10,  626.91,  442.81,  438.53,  431.12,  436.94,  452.96,  428.78,  438.07,  448.92,  452.98,  461.69,  461.50,  458.68,  455.49,  455.84,  456.13,  456.23,  455.05,  454.88,  454.96,  454.46,  454.54,  454.60,  454.39,  454.22,  454.05,  454.04,  454.11,  454.13,  454.11,  454.11,  454.10,  454.09,  454.09,  454.09,  454.09,  454.09,  454.09,  454.09
[2022-04-11 00:41:31.046] test_loss of ../data/sample_500k/cbt_valid.txt
[2022-04-11 00:41:31.046]  5.13, 4.89, 4.79, 4.73, 4.70, 4.68, 4.67, 4.62, 4.62, 4.59, 4.58, 4.57, 4.56, 4.56, 4.55, 4.55, 4.55, 4.55, 4.55, 4.55, 4.55, 4.55, 4.55, 4.55, 4.55, 4.55, 4.55, 4.55, 4.55, 4.55, 4.55, 4.55, 4.55, 4.55, 4.55, 4.55, 4.55, 4.55, 4.55, 4.55
[2022-04-11 00:41:31.046] test_loss of ../data/sample_500k/cbt_valid.txt ppl
[2022-04-11 00:41:31.046]   168.90,  133.30,  119.75,  113.21,  110.45,  108.27,  106.53,  101.22,  101.31,   98.61,   97.25,   96.38,   95.74,   95.25,   94.99,   94.90,   94.90,   94.84,   94.82,   94.77,   94.77,   94.76,   94.76,   94.76,   94.75,   94.75,   94.75,   94.74,   94.74,   94.74,   94.74,   94.74,   94.74,   94.74,   94.74,   94.74,   94.74,   94.74,   94.74,   94.74
