[2022-04-11 03:40:33.654] corpus.train_file_list: 2
[2022-04-11 03:40:33.654]         ../data/sample_500k/cbt_train.txt
[2022-04-11 03:40:33.655]         ../data/sample_500k/adolescent_train.txt
[2022-04-11 03:40:33.655] corpus.valid_file_list: 2
[2022-04-11 03:40:33.655]         ../data/sample_500k/cbt_valid.txt
[2022-04-11 03:40:33.655]         ../data/sample_500k/adolescent_valid.txt
[2022-04-11 03:40:33.655] corpus.test_file_list: 3
[2022-04-11 03:40:33.655]         ../data/sample_500k/adult_test.txt
[2022-04-11 03:40:33.655]         ../data/sample_500k/adolescent_valid.txt
[2022-04-11 03:40:33.655]         ../data/sample_500k/cbt_valid.txt
[2022-04-11 03:40:33.655] corpus.subword_vocab_size: 5000
[2022-04-11 03:40:33.655] corpus.subword_model.train(4 files)...
[2022-04-11 03:40:33.655]         ../data/sample_500k/cbt_train.txt
[2022-04-11 03:40:33.655]         ../data/sample_500k/adolescent_train.txt
[2022-04-11 03:40:33.655]         ../data/sample_500k/cbt_valid.txt
[2022-04-11 03:40:33.655]         ../data/sample_500k/adolescent_valid.txt
[2022-04-11 03:40:34.833] corpus.subword_model.train(4 files)...Done
[2022-04-11 03:40:34.834] corpus tokenize...
[2022-04-11 03:40:36.987]         train tokens: 584866  ../data/sample_500k/cbt_train.txt
[2022-04-11 03:40:40.640]         train tokens: 662996  ../data/sample_500k/adolescent_train.txt
[2022-04-11 03:40:41.105]         valid tokens: 130851  ../data/sample_500k/cbt_valid.txt
[2022-04-11 03:40:41.940]         valid tokens: 156536  ../data/sample_500k/adolescent_valid.txt
[2022-04-11 03:40:44.252]         test  tokens: 852555  ../data/sample_500k/adult_test.txt
[2022-04-11 03:40:44.968]         test  tokens: 156536  ../data/sample_500k/adolescent_valid.txt
[2022-04-11 03:40:45.416]         test  tokens: 130851  ../data/sample_500k/cbt_valid.txt
[2022-04-11 03:40:45.417] corpus.ntokens      : 4953
[2022-04-11 03:40:45.417] corpus.char_count   : 120
[2022-04-11 03:40:45.417] corpus.char_cnt_dict: 120
[2022-04-11 03:40:45.417] corpus.char_id_dict : 120
[2022-04-11 03:40:45.442] corpus.batchify(2 files, batch_size=20)...
[2022-04-11 03:40:45.442]         tokens_all: 1247862
[2022-04-11 03:40:45.442]         batched   :  62393
[2022-04-11 03:40:45.442]         ../data/sample_500k/cbt_train.txt
[2022-04-11 03:40:45.442]         ../data/sample_500k/adolescent_train.txt
[2022-04-11 03:40:45.455] corpus.batchify(2 files, batch_size=20)...
[2022-04-11 03:40:45.455]         tokens_all: 287387
[2022-04-11 03:40:45.455]         batched   :  14369
[2022-04-11 03:40:45.455]         ../data/sample_500k/cbt_valid.txt
[2022-04-11 03:40:45.455]         ../data/sample_500k/adolescent_valid.txt
[2022-04-11 03:40:45.462] corpus.batchify(1 files, batch_size=20)...
[2022-04-11 03:40:45.462]         tokens_all: 852555
[2022-04-11 03:40:45.462]         batched   :  42627
[2022-04-11 03:40:45.462]         ../data/sample_500k/adult_test.txt
[2022-04-11 03:40:45.466] corpus.batchify(1 files, batch_size=20)...
[2022-04-11 03:40:45.466]         tokens_all: 156536
[2022-04-11 03:40:45.466]         batched   :   7826
[2022-04-11 03:40:45.467]         ../data/sample_500k/adolescent_valid.txt
[2022-04-11 03:40:45.468] corpus.batchify(1 files, batch_size=20)...
[2022-04-11 03:40:45.468]         tokens_all: 130851
[2022-04-11 03:40:45.468]         batched   :   6542
[2022-04-11 03:40:45.468]         ../data/sample_500k/cbt_valid.txt
[2022-04-11 03:40:45.516] RNNModel.rnn_type: LSTM
[2022-04-11 03:40:45.517] RNNModel.ntoken  : 4953
[2022-04-11 03:40:45.517] RNNModel.ninp    : 200
[2022-04-11 03:40:45.517] RNNModel.nhid    : 200
[2022-04-11 03:40:45.517] RNNModel.nlayers : 2
[2022-04-11 03:40:45.517] RNNModel.dropout : 0.2
[2022-04-11 03:40:45.517] RNNModel.tie_weights: False
[2022-04-11 03:40:45.517] RNNModel.char_mode  : 
[2022-04-11 03:40:45.517] RNNModel.char_cnt   : 121
[2022-04-11 03:40:45.517] RNNModel.char_emsize: 25
[2022-04-11 03:40:45.517] RNNModel.char_nhid  : 200
[2022-04-11 03:40:45.517] RNNModel will not use char-encoding
[2022-04-11 03:40:45.523] Epoch 001/40 ==================================================
[2022-04-11 03:40:49.338] E001 |   200/1782 batches | lr 20.0000 | loss  6.603 | ppl    737.37
[2022-04-11 03:40:53.525] E001 |   400/1782 batches | lr 20.0000 | loss  5.970 | ppl    391.46
[2022-04-11 03:40:57.593] E001 |   600/1782 batches | lr 20.0000 | loss  5.464 | ppl    236.14
[2022-04-11 03:41:01.509] E001 |   800/1782 batches | lr 20.0000 | loss  5.247 | ppl    189.96
[2022-04-11 03:41:05.615] E001 |  1000/1782 batches | lr 20.0000 | loss  5.098 | ppl    163.77
[2022-04-11 03:41:09.547] E001 |  1200/1782 batches | lr 20.0000 | loss  5.005 | ppl    149.22
[2022-04-11 03:41:13.775] E001 |  1400/1782 batches | lr 20.0000 | loss  4.939 | ppl    139.60
[2022-04-11 03:41:17.707] E001 |  1600/1782 batches | lr 20.0000 | loss  4.866 | ppl    129.75
[2022-04-11 03:41:21.230] E001 |  1782/1782 batches | lr 20.0000 | loss  4.774 | ppl    118.35
[2022-04-11 03:41:26.559] End E001 | valid loss  5.058; ppl    157.24 | accu 0.1649 = 47397/287360
[2022-04-11 03:41:42.932] End E001 |  test loss  6.384; ppl    592.32 | accu 0.0801 = 68324/852520 ../data/sample_500k/adult_test.txt
[2022-04-11 03:41:45.947] End E001 |  test loss  5.208; ppl    182.75 | accu 0.1518 = 23760/156500 ../data/sample_500k/adolescent_valid.txt
[2022-04-11 03:41:48.460] End E001 |  test loss  4.879; ppl    131.55 | accu 0.1804 = 23598/130820 ../data/sample_500k/cbt_valid.txt
[2022-04-11 03:41:48.460] Save: model.pt... 
[2022-04-11 03:41:48.487] Save: model.pt...Done. best_val_loss: 5.0578
[2022-04-11 03:41:48.487] Epoch 002/40 ==================================================
[2022-04-11 03:41:52.530] E002 |   200/1782 batches | lr 20.0000 | loss  4.806 | ppl    122.19
[2022-04-11 03:41:56.707] E002 |   400/1782 batches | lr 20.0000 | loss  4.782 | ppl    119.39
[2022-04-11 03:42:00.757] E002 |   600/1782 batches | lr 20.0000 | loss  4.685 | ppl    108.33
[2022-04-11 03:42:04.783] E002 |   800/1782 batches | lr 20.0000 | loss  4.655 | ppl    105.13
[2022-04-11 03:42:08.751] E002 |  1000/1782 batches | lr 20.0000 | loss  4.615 | ppl    100.96
[2022-04-11 03:42:12.708] E002 |  1200/1782 batches | lr 20.0000 | loss  4.589 | ppl     98.44
[2022-04-11 03:42:16.820] E002 |  1400/1782 batches | lr 20.0000 | loss  4.565 | ppl     96.03
[2022-04-11 03:42:21.021] E002 |  1600/1782 batches | lr 20.0000 | loss  4.535 | ppl     93.24
[2022-04-11 03:42:24.849] E002 |  1782/1782 batches | lr 20.0000 | loss  4.477 | ppl     88.00
[2022-04-11 03:42:30.224] End E002 | valid loss  4.793; ppl    120.63 | accu 0.1923 = 55271/287360
[2022-04-11 03:42:46.790] End E002 |  test loss  6.178; ppl    482.19 | accu 0.0906 = 77211/852520 ../data/sample_500k/adult_test.txt
[2022-04-11 03:42:49.840] End E002 |  test loss  4.910; ppl    135.58 | accu 0.1868 = 29238/156500 ../data/sample_500k/adolescent_valid.txt
[2022-04-11 03:42:52.388] End E002 |  test loss  4.673; ppl    106.97 | accu 0.1957 = 25606/130820 ../data/sample_500k/cbt_valid.txt
[2022-04-11 03:42:52.388] Save: model.pt... 
[2022-04-11 03:42:52.415] Save: model.pt...Done. best_val_loss: 4.7927
[2022-04-11 03:42:52.415] Epoch 003/40 ==================================================
[2022-04-11 03:42:56.340] E003 |   200/1782 batches | lr 20.0000 | loss  4.532 | ppl     92.98
[2022-04-11 03:43:00.325] E003 |   400/1782 batches | lr 20.0000 | loss  4.534 | ppl     93.17
[2022-04-11 03:43:04.303] E003 |   600/1782 batches | lr 20.0000 | loss  4.462 | ppl     86.66
[2022-04-11 03:43:08.191] E003 |   800/1782 batches | lr 20.0000 | loss  4.442 | ppl     84.96
[2022-04-11 03:43:12.045] E003 |  1000/1782 batches | lr 20.0000 | loss  4.413 | ppl     82.52
[2022-04-11 03:43:15.952] E003 |  1200/1782 batches | lr 20.0000 | loss  4.401 | ppl     81.53
[2022-04-11 03:43:19.819] E003 |  1400/1782 batches | lr 20.0000 | loss  4.389 | ppl     80.59
[2022-04-11 03:43:23.778] E003 |  1600/1782 batches | lr 20.0000 | loss  4.373 | ppl     79.26
[2022-04-11 03:43:27.266] E003 |  1782/1782 batches | lr 20.0000 | loss  4.324 | ppl     75.49
[2022-04-11 03:43:32.622] End E003 | valid loss  4.719; ppl    112.01 | accu 0.1980 = 56891/287360
[2022-04-11 03:43:48.901] End E003 |  test loss  6.135; ppl    461.55 | accu 0.1024 = 87334/852520 ../data/sample_500k/adult_test.txt
[2022-04-11 03:43:51.856] End E003 |  test loss  4.846; ppl    127.23 | accu 0.1894 = 29636/156500 ../data/sample_500k/adolescent_valid.txt
[2022-04-11 03:43:54.316] End E003 |  test loss  4.572; ppl     96.75 | accu 0.2070 = 27082/130820 ../data/sample_500k/cbt_valid.txt
[2022-04-11 03:43:54.317] Save: model.pt... 
[2022-04-11 03:43:54.339] Save: model.pt...Done. best_val_loss: 4.7186
[2022-04-11 03:43:54.339] Epoch 004/40 ==================================================
[2022-04-11 03:43:58.233] E004 |   200/1782 batches | lr 20.0000 | loss  4.386 | ppl     80.32
[2022-04-11 03:44:02.091] E004 |   400/1782 batches | lr 20.0000 | loss  4.397 | ppl     81.19
[2022-04-11 03:44:06.006] E004 |   600/1782 batches | lr 20.0000 | loss  4.340 | ppl     76.68
[2022-04-11 03:44:09.828] E004 |   800/1782 batches | lr 20.0000 | loss  4.317 | ppl     74.95
[2022-04-11 03:44:13.722] E004 |  1000/1782 batches | lr 20.0000 | loss  4.295 | ppl     73.30
[2022-04-11 03:44:17.623] E004 |  1200/1782 batches | lr 20.0000 | loss  4.286 | ppl     72.68
[2022-04-11 03:44:21.553] E004 |  1400/1782 batches | lr 20.0000 | loss  4.275 | ppl     71.86
[2022-04-11 03:44:25.598] E004 |  1600/1782 batches | lr 20.0000 | loss  4.274 | ppl     71.83
[2022-04-11 03:44:29.144] E004 |  1782/1782 batches | lr 20.0000 | loss  4.231 | ppl     68.76
[2022-04-11 03:44:34.540] End E004 | valid loss  4.747; ppl    115.28 | accu 0.1905 = 54737/287360
[2022-04-11 03:44:51.342] End E004 |  test loss  6.145; ppl    466.45 | accu 0.1087 = 92686/852520 ../data/sample_500k/adult_test.txt
[2022-04-11 03:44:54.499] End E004 |  test loss  4.917; ppl    136.56 | accu 0.1761 = 27562/156500 ../data/sample_500k/adolescent_valid.txt
[2022-04-11 03:44:56.996] End E004 |  test loss  4.503; ppl     90.29 | accu 0.2141 = 28004/130820 ../data/sample_500k/cbt_valid.txt
[2022-04-11 03:44:56.997] Epoch 005/40 ==================================================
[2022-04-11 03:45:00.927] E005 |   200/1782 batches | lr 10.0000 | loss  4.279 | ppl     72.14
[2022-04-11 03:45:04.806] E005 |   400/1782 batches | lr 10.0000 | loss  4.265 | ppl     71.16
[2022-04-11 03:45:09.003] E005 |   600/1782 batches | lr 10.0000 | loss  4.206 | ppl     67.06
[2022-04-11 03:45:13.328] E005 |   800/1782 batches | lr 10.0000 | loss  4.167 | ppl     64.51
[2022-04-11 03:45:17.385] E005 |  1000/1782 batches | lr 10.0000 | loss  4.134 | ppl     62.41
[2022-04-11 03:45:21.289] E005 |  1200/1782 batches | lr 10.0000 | loss  4.113 | ppl     61.15
[2022-04-11 03:45:25.629] E005 |  1400/1782 batches | lr 10.0000 | loss  4.100 | ppl     60.34
[2022-04-11 03:45:29.566] E005 |  1600/1782 batches | lr 10.0000 | loss  4.093 | ppl     59.92
[2022-04-11 03:45:33.191] E005 |  1782/1782 batches | lr 10.0000 | loss  4.050 | ppl     57.42
[2022-04-11 03:45:38.666] End E005 | valid loss  4.574; ppl     96.93 | accu 0.2171 = 62381/287360
[2022-04-11 03:45:55.008] End E005 |  test loss  6.103; ppl    447.20 | accu 0.1192 = 101653/852520 ../data/sample_500k/adult_test.txt
[2022-04-11 03:45:57.995] End E005 |  test loss  4.719; ppl    112.03 | accu 0.2063 = 32280/156500 ../data/sample_500k/adolescent_valid.txt
[2022-04-11 03:46:00.506] End E005 |  test loss  4.405; ppl     81.85 | accu 0.2298 = 30068/130820 ../data/sample_500k/cbt_valid.txt
[2022-04-11 03:46:00.506] Save: model.pt... 
[2022-04-11 03:46:00.529] Save: model.pt...Done. best_val_loss: 4.5740
[2022-04-11 03:46:00.530] Epoch 006/40 ==================================================
[2022-04-11 03:46:04.473] E006 |   200/1782 batches | lr 10.0000 | loss  4.168 | ppl     64.62
[2022-04-11 03:46:08.437] E006 |   400/1782 batches | lr 10.0000 | loss  4.180 | ppl     65.36
[2022-04-11 03:46:12.304] E006 |   600/1782 batches | lr 10.0000 | loss  4.130 | ppl     62.16
[2022-04-11 03:46:16.246] E006 |   800/1782 batches | lr 10.0000 | loss  4.102 | ppl     60.49
[2022-04-11 03:46:20.187] E006 |  1000/1782 batches | lr 10.0000 | loss  4.072 | ppl     58.68
[2022-04-11 03:46:24.254] E006 |  1200/1782 batches | lr 10.0000 | loss  4.062 | ppl     58.10
[2022-04-11 03:46:28.279] E006 |  1400/1782 batches | lr 10.0000 | loss  4.052 | ppl     57.52
[2022-04-11 03:46:32.383] E006 |  1600/1782 batches | lr 10.0000 | loss  4.051 | ppl     57.44
[2022-04-11 03:46:36.226] E006 |  1782/1782 batches | lr 10.0000 | loss  4.012 | ppl     55.25
[2022-04-11 03:46:41.821] End E006 | valid loss  4.528; ppl     92.58 | accu 0.2236 = 64245/287360
[2022-04-11 03:46:58.381] End E006 |  test loss  6.082; ppl    437.93 | accu 0.1234 = 105231/852520 ../data/sample_500k/adult_test.txt
[2022-04-11 03:47:01.410] End E006 |  test loss  4.673; ppl    107.03 | accu 0.2138 = 33458/156500 ../data/sample_500k/adolescent_valid.txt
[2022-04-11 03:47:03.928] End E006 |  test loss  4.380; ppl     79.83 | accu 0.2326 = 30430/130820 ../data/sample_500k/cbt_valid.txt
[2022-04-11 03:47:03.928] Save: model.pt... 
[2022-04-11 03:47:03.952] Save: model.pt...Done. best_val_loss: 4.5281
[2022-04-11 03:47:03.952] Epoch 007/40 ==================================================
[2022-04-11 03:47:07.988] E007 |   200/1782 batches | lr 10.0000 | loss  4.117 | ppl     61.40
[2022-04-11 03:47:11.909] E007 |   400/1782 batches | lr 10.0000 | loss  4.132 | ppl     62.32
[2022-04-11 03:47:15.953] E007 |   600/1782 batches | lr 10.0000 | loss  4.085 | ppl     59.41
[2022-04-11 03:47:19.980] E007 |   800/1782 batches | lr 10.0000 | loss  4.063 | ppl     58.14
[2022-04-11 03:47:24.051] E007 |  1000/1782 batches | lr 10.0000 | loss  4.030 | ppl     56.27
[2022-04-11 03:47:28.095] E007 |  1200/1782 batches | lr 10.0000 | loss  4.022 | ppl     55.79
[2022-04-11 03:47:32.058] E007 |  1400/1782 batches | lr 10.0000 | loss  4.017 | ppl     55.55
[2022-04-11 03:47:35.977] E007 |  1600/1782 batches | lr 10.0000 | loss  4.017 | ppl     55.54
[2022-04-11 03:47:39.537] E007 |  1782/1782 batches | lr 10.0000 | loss  3.983 | ppl     53.65
[2022-04-11 03:47:45.030] End E007 | valid loss  4.449; ppl     85.54 | accu 0.2330 = 66963/287360
[2022-04-11 03:48:01.655] End E007 |  test loss  6.073; ppl    433.94 | accu 0.1242 = 105885/852520 ../data/sample_500k/adult_test.txt
[2022-04-11 03:48:04.687] End E007 |  test loss  4.540; ppl     93.72 | accu 0.2289 = 35823/156500 ../data/sample_500k/adolescent_valid.txt
[2022-04-11 03:48:07.209] End E007 |  test loss  4.363; ppl     78.50 | accu 0.2347 = 30701/130820 ../data/sample_500k/cbt_valid.txt
[2022-04-11 03:48:07.209] Save: model.pt... 
[2022-04-11 03:48:07.233] Save: model.pt...Done. best_val_loss: 4.4490
[2022-04-11 03:48:07.233] Epoch 008/40 ==================================================
[2022-04-11 03:48:11.284] E008 |   200/1782 batches | lr 10.0000 | loss  4.078 | ppl     59.04
[2022-04-11 03:48:15.335] E008 |   400/1782 batches | lr 10.0000 | loss  4.091 | ppl     59.78
[2022-04-11 03:48:19.069] E008 |   600/1782 batches | lr 10.0000 | loss  4.055 | ppl     57.69
[2022-04-11 03:48:22.839] E008 |   800/1782 batches | lr 10.0000 | loss  4.026 | ppl     56.02
[2022-04-11 03:48:26.646] E008 |  1000/1782 batches | lr 10.0000 | loss  3.998 | ppl     54.46
[2022-04-11 03:48:30.480] E008 |  1200/1782 batches | lr 10.0000 | loss  3.987 | ppl     53.87
[2022-04-11 03:48:34.507] E008 |  1400/1782 batches | lr 10.0000 | loss  3.988 | ppl     53.94
[2022-04-11 03:48:38.464] E008 |  1600/1782 batches | lr 10.0000 | loss  3.990 | ppl     54.05
[2022-04-11 03:48:42.097] E008 |  1782/1782 batches | lr 10.0000 | loss  3.953 | ppl     52.10
[2022-04-11 03:48:47.645] End E008 | valid loss  4.458; ppl     86.32 | accu 0.2318 = 66611/287360
[2022-04-11 03:49:04.108] End E008 |  test loss  6.103; ppl    447.05 | accu 0.1260 = 107405/852520 ../data/sample_500k/adult_test.txt
[2022-04-11 03:49:07.176] End E008 |  test loss  4.557; ppl     95.27 | accu 0.2272 = 35560/156500 ../data/sample_500k/adolescent_valid.txt
[2022-04-11 03:49:09.657] End E008 |  test loss  4.347; ppl     77.28 | accu 0.2365 = 30940/130820 ../data/sample_500k/cbt_valid.txt
[2022-04-11 03:49:09.657] Epoch 009/40 ==================================================
[2022-04-11 03:49:13.602] E009 |   200/1782 batches | lr 5.0000 | loss  4.040 | ppl     56.85
[2022-04-11 03:49:17.543] E009 |   400/1782 batches | lr 5.0000 | loss  4.047 | ppl     57.24
[2022-04-11 03:49:21.416] E009 |   600/1782 batches | lr 5.0000 | loss  3.998 | ppl     54.48
[2022-04-11 03:49:25.366] E009 |   800/1782 batches | lr 5.0000 | loss  3.961 | ppl     52.52
[2022-04-11 03:49:29.304] E009 |  1000/1782 batches | lr 5.0000 | loss  3.920 | ppl     50.42
[2022-04-11 03:49:33.375] E009 |  1200/1782 batches | lr 5.0000 | loss  3.910 | ppl     49.91
[2022-04-11 03:49:37.310] E009 |  1400/1782 batches | lr 5.0000 | loss  3.901 | ppl     49.44
[2022-04-11 03:49:41.323] E009 |  1600/1782 batches | lr 5.0000 | loss  3.891 | ppl     48.98
[2022-04-11 03:49:44.960] E009 |  1782/1782 batches | lr 5.0000 | loss  3.855 | ppl     47.22
[2022-04-11 03:49:50.974] End E009 | valid loss  4.399; ppl     81.37 | accu 0.2411 = 69279/287360
[2022-04-11 03:50:08.153] End E009 |  test loss  6.082; ppl    438.10 | accu 0.1318 = 112334/852520 ../data/sample_500k/adult_test.txt
[2022-04-11 03:50:11.069] End E009 |  test loss  4.498; ppl     89.87 | accu 0.2375 = 37171/156500 ../data/sample_500k/adolescent_valid.txt
[2022-04-11 03:50:13.471] End E009 |  test loss  4.310; ppl     74.43 | accu 0.2424 = 31710/130820 ../data/sample_500k/cbt_valid.txt
[2022-04-11 03:50:13.471] Save: model.pt... 
[2022-04-11 03:50:13.498] Save: model.pt...Done. best_val_loss: 4.3990
[2022-04-11 03:50:13.498] Epoch 010/40 ==================================================
[2022-04-11 03:50:17.325] E010 |   200/1782 batches | lr 5.0000 | loss  3.983 | ppl     53.69
[2022-04-11 03:50:21.296] E010 |   400/1782 batches | lr 5.0000 | loss  4.001 | ppl     54.64
[2022-04-11 03:50:25.446] E010 |   600/1782 batches | lr 5.0000 | loss  3.959 | ppl     52.40
[2022-04-11 03:50:29.506] E010 |   800/1782 batches | lr 5.0000 | loss  3.929 | ppl     50.88
[2022-04-11 03:50:33.358] E010 |  1000/1782 batches | lr 5.0000 | loss  3.896 | ppl     49.22
[2022-04-11 03:50:37.394] E010 |  1200/1782 batches | lr 5.0000 | loss  3.888 | ppl     48.81
[2022-04-11 03:50:41.321] E010 |  1400/1782 batches | lr 5.0000 | loss  3.881 | ppl     48.47
[2022-04-11 03:50:45.256] E010 |  1600/1782 batches | lr 5.0000 | loss  3.876 | ppl     48.21
[2022-04-11 03:50:48.831] E010 |  1782/1782 batches | lr 5.0000 | loss  3.843 | ppl     46.66
[2022-04-11 03:50:54.169] End E010 | valid loss  4.373; ppl     79.31 | accu 0.2443 = 70203/287360
[2022-04-11 03:51:10.393] End E010 |  test loss  6.077; ppl    435.93 | accu 0.1331 = 113512/852520 ../data/sample_500k/adult_test.txt
[2022-04-11 03:51:13.327] End E010 |  test loss  4.452; ppl     85.80 | accu 0.2435 = 38114/156500 ../data/sample_500k/adolescent_valid.txt
[2022-04-11 03:51:15.762] End E010 |  test loss  4.298; ppl     73.56 | accu 0.2431 = 31797/130820 ../data/sample_500k/cbt_valid.txt
[2022-04-11 03:51:15.762] Save: model.pt... 
[2022-04-11 03:51:15.785] Save: model.pt...Done. best_val_loss: 4.3734
[2022-04-11 03:51:15.785] Epoch 011/40 ==================================================
[2022-04-11 03:51:19.833] E011 |   200/1782 batches | lr 5.0000 | loss  3.957 | ppl     52.31
[2022-04-11 03:51:23.855] E011 |   400/1782 batches | lr 5.0000 | loss  3.977 | ppl     53.38
[2022-04-11 03:51:27.874] E011 |   600/1782 batches | lr 5.0000 | loss  3.938 | ppl     51.34
[2022-04-11 03:51:31.733] E011 |   800/1782 batches | lr 5.0000 | loss  3.909 | ppl     49.85
[2022-04-11 03:51:35.686] E011 |  1000/1782 batches | lr 5.0000 | loss  3.870 | ppl     47.94
[2022-04-11 03:51:39.595] E011 |  1200/1782 batches | lr 5.0000 | loss  3.866 | ppl     47.76
[2022-04-11 03:51:43.529] E011 |  1400/1782 batches | lr 5.0000 | loss  3.862 | ppl     47.57
[2022-04-11 03:51:47.541] E011 |  1600/1782 batches | lr 5.0000 | loss  3.861 | ppl     47.52
[2022-04-11 03:51:51.215] E011 |  1782/1782 batches | lr 5.0000 | loss  3.830 | ppl     46.05
[2022-04-11 03:51:56.980] End E011 | valid loss  4.377; ppl     79.58 | accu 0.2442 = 70184/287360
[2022-04-11 03:52:13.969] End E011 |  test loss  6.084; ppl    438.75 | accu 0.1334 = 113767/852520 ../data/sample_500k/adult_test.txt
[2022-04-11 03:52:17.455] End E011 |  test loss  4.461; ppl     86.58 | accu 0.2429 = 38012/156500 ../data/sample_500k/adolescent_valid.txt
[2022-04-11 03:52:20.202] End E011 |  test loss  4.297; ppl     73.45 | accu 0.2436 = 31874/130820 ../data/sample_500k/cbt_valid.txt
[2022-04-11 03:52:20.203] Epoch 012/40 ==================================================
[2022-04-11 03:52:24.146] E012 |   200/1782 batches | lr 2.5000 | loss  3.942 | ppl     51.53
[2022-04-11 03:52:28.099] E012 |   400/1782 batches | lr 2.5000 | loss  3.957 | ppl     52.28
[2022-04-11 03:52:32.137] E012 |   600/1782 batches | lr 2.5000 | loss  3.913 | ppl     50.05
[2022-04-11 03:52:36.243] E012 |   800/1782 batches | lr 2.5000 | loss  3.879 | ppl     48.36
[2022-04-11 03:52:40.332] E012 |  1000/1782 batches | lr 2.5000 | loss  3.837 | ppl     46.39
[2022-04-11 03:52:44.359] E012 |  1200/1782 batches | lr 2.5000 | loss  3.824 | ppl     45.80
[2022-04-11 03:52:48.494] E012 |  1400/1782 batches | lr 2.5000 | loss  3.817 | ppl     45.46
[2022-04-11 03:52:52.487] E012 |  1600/1782 batches | lr 2.5000 | loss  3.808 | ppl     45.07
[2022-04-11 03:52:56.033] E012 |  1782/1782 batches | lr 2.5000 | loss  3.775 | ppl     43.59
[2022-04-11 03:53:01.431] End E012 | valid loss  4.350; ppl     77.47 | accu 0.2482 = 71322/287360
[2022-04-11 03:53:17.825] End E012 |  test loss  6.081; ppl    437.58 | accu 0.1355 = 115501/852520 ../data/sample_500k/adult_test.txt
[2022-04-11 03:53:20.813] End E012 |  test loss  4.432; ppl     84.09 | accu 0.2482 = 38845/156500 ../data/sample_500k/adolescent_valid.txt
[2022-04-11 03:53:23.310] End E012 |  test loss  4.269; ppl     71.44 | accu 0.2464 = 32240/130820 ../data/sample_500k/cbt_valid.txt
[2022-04-11 03:53:23.310] Save: model.pt... 
[2022-04-11 03:53:23.333] Save: model.pt...Done. best_val_loss: 4.3499
[2022-04-11 03:53:23.333] Epoch 013/40 ==================================================
[2022-04-11 03:53:27.286] E013 |   200/1782 batches | lr 2.5000 | loss  3.908 | ppl     49.82
[2022-04-11 03:53:31.411] E013 |   400/1782 batches | lr 2.5000 | loss  3.931 | ppl     50.94
[2022-04-11 03:53:35.414] E013 |   600/1782 batches | lr 2.5000 | loss  3.893 | ppl     49.07
[2022-04-11 03:53:39.535] E013 |   800/1782 batches | lr 2.5000 | loss  3.860 | ppl     47.45
[2022-04-11 03:53:43.661] E013 |  1000/1782 batches | lr 2.5000 | loss  3.820 | ppl     45.62
[2022-04-11 03:53:47.722] E013 |  1200/1782 batches | lr 2.5000 | loss  3.810 | ppl     45.16
[2022-04-11 03:53:51.784] E013 |  1400/1782 batches | lr 2.5000 | loss  3.808 | ppl     45.04
[2022-04-11 03:53:55.887] E013 |  1600/1782 batches | lr 2.5000 | loss  3.802 | ppl     44.81
[2022-04-11 03:53:59.528] E013 |  1782/1782 batches | lr 2.5000 | loss  3.770 | ppl     43.39
[2022-04-11 03:54:04.933] End E013 | valid loss  4.349; ppl     77.44 | accu 0.2482 = 71332/287360
[2022-04-11 03:54:22.010] End E013 |  test loss  6.091; ppl    441.93 | accu 0.1357 = 115655/852520 ../data/sample_500k/adult_test.txt
[2022-04-11 03:54:25.209] End E013 |  test loss  4.432; ppl     84.10 | accu 0.2482 = 38847/156500 ../data/sample_500k/adolescent_valid.txt
[2022-04-11 03:54:27.659] End E013 |  test loss  4.268; ppl     71.39 | accu 0.2462 = 32214/130820 ../data/sample_500k/cbt_valid.txt
[2022-04-11 03:54:27.659] Save: model.pt... 
[2022-04-11 03:54:27.682] Save: model.pt...Done. best_val_loss: 4.3495
[2022-04-11 03:54:27.682] Epoch 014/40 ==================================================
[2022-04-11 03:54:31.590] E014 |   200/1782 batches | lr 2.5000 | loss  3.897 | ppl     49.28
[2022-04-11 03:54:35.743] E014 |   400/1782 batches | lr 2.5000 | loss  3.914 | ppl     50.12
[2022-04-11 03:54:39.756] E014 |   600/1782 batches | lr 2.5000 | loss  3.881 | ppl     48.46
[2022-04-11 03:54:43.860] E014 |   800/1782 batches | lr 2.5000 | loss  3.847 | ppl     46.88
[2022-04-11 03:54:47.888] E014 |  1000/1782 batches | lr 2.5000 | loss  3.812 | ppl     45.22
[2022-04-11 03:54:51.835] E014 |  1200/1782 batches | lr 2.5000 | loss  3.802 | ppl     44.80
[2022-04-11 03:54:55.736] E014 |  1400/1782 batches | lr 2.5000 | loss  3.800 | ppl     44.71
[2022-04-11 03:54:59.700] E014 |  1600/1782 batches | lr 2.5000 | loss  3.793 | ppl     44.39
[2022-04-11 03:55:03.245] E014 |  1782/1782 batches | lr 2.5000 | loss  3.767 | ppl     43.26
[2022-04-11 03:55:08.686] End E014 | valid loss  4.343; ppl     76.92 | accu 0.2492 = 71607/287360
[2022-04-11 03:55:25.094] End E014 |  test loss  6.087; ppl    440.21 | accu 0.1357 = 115723/852520 ../data/sample_500k/adult_test.txt
[2022-04-11 03:55:28.316] End E014 |  test loss  4.418; ppl     82.97 | accu 0.2494 = 39034/156500 ../data/sample_500k/adolescent_valid.txt
[2022-04-11 03:55:30.837] End E014 |  test loss  4.266; ppl     71.21 | accu 0.2474 = 32370/130820 ../data/sample_500k/cbt_valid.txt
[2022-04-11 03:55:30.838] Save: model.pt... 
[2022-04-11 03:55:30.861] Save: model.pt...Done. best_val_loss: 4.3427
[2022-04-11 03:55:30.861] Epoch 015/40 ==================================================
[2022-04-11 03:55:34.869] E015 |   200/1782 batches | lr 2.5000 | loss  3.882 | ppl     48.54
[2022-04-11 03:55:38.921] E015 |   400/1782 batches | lr 2.5000 | loss  3.900 | ppl     49.42
[2022-04-11 03:55:42.952] E015 |   600/1782 batches | lr 2.5000 | loss  3.866 | ppl     47.76
[2022-04-11 03:55:46.868] E015 |   800/1782 batches | lr 2.5000 | loss  3.839 | ppl     46.47
[2022-04-11 03:55:50.825] E015 |  1000/1782 batches | lr 2.5000 | loss  3.804 | ppl     44.87
[2022-04-11 03:55:54.763] E015 |  1200/1782 batches | lr 2.5000 | loss  3.793 | ppl     44.39
[2022-04-11 03:55:58.734] E015 |  1400/1782 batches | lr 2.5000 | loss  3.791 | ppl     44.30
[2022-04-11 03:56:02.676] E015 |  1600/1782 batches | lr 2.5000 | loss  3.789 | ppl     44.19
[2022-04-11 03:56:06.245] E015 |  1782/1782 batches | lr 2.5000 | loss  3.752 | ppl     42.62
[2022-04-11 03:56:11.630] End E015 | valid loss  4.340; ppl     76.70 | accu 0.2496 = 71724/287360
[2022-04-11 03:56:28.196] End E015 |  test loss  6.099; ppl    445.60 | accu 0.1356 = 115606/852520 ../data/sample_500k/adult_test.txt
[2022-04-11 03:56:31.213] End E015 |  test loss  4.424; ppl     83.47 | accu 0.2491 = 38987/156500 ../data/sample_500k/adolescent_valid.txt
[2022-04-11 03:56:34.125] End E015 |  test loss  4.260; ppl     70.80 | accu 0.2476 = 32386/130820 ../data/sample_500k/cbt_valid.txt
[2022-04-11 03:56:34.125] Save: model.pt... 
[2022-04-11 03:56:34.153] Save: model.pt...Done. best_val_loss: 4.3399
[2022-04-11 03:56:34.153] Epoch 016/40 ==================================================
[2022-04-11 03:56:38.636] E016 |   200/1782 batches | lr 2.5000 | loss  3.875 | ppl     48.18
[2022-04-11 03:56:42.583] E016 |   400/1782 batches | lr 2.5000 | loss  3.891 | ppl     48.94
[2022-04-11 03:56:46.522] E016 |   600/1782 batches | lr 2.5000 | loss  3.863 | ppl     47.63
[2022-04-11 03:56:50.504] E016 |   800/1782 batches | lr 2.5000 | loss  3.827 | ppl     45.92
[2022-04-11 03:56:54.704] E016 |  1000/1782 batches | lr 2.5000 | loss  3.793 | ppl     44.39
[2022-04-11 03:56:58.758] E016 |  1200/1782 batches | lr 2.5000 | loss  3.784 | ppl     44.01
[2022-04-11 03:57:02.899] E016 |  1400/1782 batches | lr 2.5000 | loss  3.783 | ppl     43.94
[2022-04-11 03:57:06.933] E016 |  1600/1782 batches | lr 2.5000 | loss  3.783 | ppl     43.95
[2022-04-11 03:57:10.579] E016 |  1782/1782 batches | lr 2.5000 | loss  3.753 | ppl     42.65
[2022-04-11 03:57:16.430] End E016 | valid loss  4.338; ppl     76.58 | accu 0.2498 = 71777/287360
[2022-04-11 03:57:32.717] End E016 |  test loss  6.081; ppl    437.61 | accu 0.1362 = 116106/852520 ../data/sample_500k/adult_test.txt
[2022-04-11 03:57:35.678] End E016 |  test loss  4.417; ppl     82.87 | accu 0.2495 = 39050/156500 ../data/sample_500k/adolescent_valid.txt
[2022-04-11 03:57:38.147] End E016 |  test loss  4.257; ppl     70.61 | accu 0.2487 = 32530/130820 ../data/sample_500k/cbt_valid.txt
[2022-04-11 03:57:38.147] Save: model.pt... 
[2022-04-11 03:57:38.170] Save: model.pt...Done. best_val_loss: 4.3384
[2022-04-11 03:57:38.170] Epoch 017/40 ==================================================
[2022-04-11 03:57:42.176] E017 |   200/1782 batches | lr 2.5000 | loss  3.863 | ppl     47.62
[2022-04-11 03:57:46.199] E017 |   400/1782 batches | lr 2.5000 | loss  3.881 | ppl     48.49
[2022-04-11 03:57:50.209] E017 |   600/1782 batches | lr 2.5000 | loss  3.849 | ppl     46.95
[2022-04-11 03:57:54.406] E017 |   800/1782 batches | lr 2.5000 | loss  3.819 | ppl     45.57
[2022-04-11 03:57:58.672] E017 |  1000/1782 batches | lr 2.5000 | loss  3.783 | ppl     43.93
[2022-04-11 03:58:02.945] E017 |  1200/1782 batches | lr 2.5000 | loss  3.778 | ppl     43.73
[2022-04-11 03:58:06.911] E017 |  1400/1782 batches | lr 2.5000 | loss  3.778 | ppl     43.74
[2022-04-11 03:58:10.911] E017 |  1600/1782 batches | lr 2.5000 | loss  3.779 | ppl     43.79
[2022-04-11 03:58:14.531] E017 |  1782/1782 batches | lr 2.5000 | loss  3.746 | ppl     42.34
[2022-04-11 03:58:20.064] End E017 | valid loss  4.341; ppl     76.77 | accu 0.2502 = 71903/287360
[2022-04-11 03:58:36.874] End E017 |  test loss  6.082; ppl    437.89 | accu 0.1370 = 116775/852520 ../data/sample_500k/adult_test.txt
[2022-04-11 03:58:39.841] End E017 |  test loss  4.420; ppl     83.06 | accu 0.2507 = 39229/156500 ../data/sample_500k/adolescent_valid.txt
[2022-04-11 03:58:42.301] End E017 |  test loss  4.258; ppl     70.69 | accu 0.2483 = 32480/130820 ../data/sample_500k/cbt_valid.txt
[2022-04-11 03:58:42.301] Epoch 018/40 ==================================================
[2022-04-11 03:58:46.372] E018 |   200/1782 batches | lr 1.2500 | loss  3.863 | ppl     47.59
[2022-04-11 03:58:50.286] E018 |   400/1782 batches | lr 1.2500 | loss  3.875 | ppl     48.19
[2022-04-11 03:58:54.319] E018 |   600/1782 batches | lr 1.2500 | loss  3.841 | ppl     46.59
[2022-04-11 03:58:58.388] E018 |   800/1782 batches | lr 1.2500 | loss  3.803 | ppl     44.84
[2022-04-11 03:59:02.402] E018 |  1000/1782 batches | lr 1.2500 | loss  3.765 | ppl     43.15
[2022-04-11 03:59:06.475] E018 |  1200/1782 batches | lr 1.2500 | loss  3.758 | ppl     42.84
[2022-04-11 03:59:10.477] E018 |  1400/1782 batches | lr 1.2500 | loss  3.751 | ppl     42.56
[2022-04-11 03:59:14.432] E018 |  1600/1782 batches | lr 1.2500 | loss  3.750 | ppl     42.53
[2022-04-11 03:59:17.896] E018 |  1782/1782 batches | lr 1.2500 | loss  3.713 | ppl     40.97
[2022-04-11 03:59:23.405] End E018 | valid loss  4.330; ppl     75.94 | accu 0.2518 = 72346/287360
[2022-04-11 03:59:39.850] End E018 |  test loss  6.077; ppl    435.92 | accu 0.1379 = 117563/852520 ../data/sample_500k/adult_test.txt
[2022-04-11 03:59:42.894] End E018 |  test loss  4.410; ppl     82.28 | accu 0.2523 = 39480/156500 ../data/sample_500k/adolescent_valid.txt
[2022-04-11 03:59:45.521] End E018 |  test loss  4.246; ppl     69.81 | accu 0.2498 = 32681/130820 ../data/sample_500k/cbt_valid.txt
[2022-04-11 03:59:45.522] Save: model.pt... 
[2022-04-11 03:59:45.549] Save: model.pt...Done. best_val_loss: 4.3299
[2022-04-11 03:59:45.550] Epoch 019/40 ==================================================
[2022-04-11 03:59:49.694] E019 |   200/1782 batches | lr 1.2500 | loss  3.844 | ppl     46.69
[2022-04-11 03:59:53.753] E019 |   400/1782 batches | lr 1.2500 | loss  3.863 | ppl     47.59
[2022-04-11 03:59:57.781] E019 |   600/1782 batches | lr 1.2500 | loss  3.830 | ppl     46.07
[2022-04-11 04:00:01.761] E019 |   800/1782 batches | lr 1.2500 | loss  3.796 | ppl     44.54
[2022-04-11 04:00:05.853] E019 |  1000/1782 batches | lr 1.2500 | loss  3.758 | ppl     42.85
[2022-04-11 04:00:09.847] E019 |  1200/1782 batches | lr 1.2500 | loss  3.753 | ppl     42.65
[2022-04-11 04:00:13.983] E019 |  1400/1782 batches | lr 1.2500 | loss  3.748 | ppl     42.45
[2022-04-11 04:00:17.958] E019 |  1600/1782 batches | lr 1.2500 | loss  3.744 | ppl     42.27
[2022-04-11 04:00:21.622] E019 |  1782/1782 batches | lr 1.2500 | loss  3.715 | ppl     41.07
[2022-04-11 04:00:27.133] End E019 | valid loss  4.326; ppl     75.67 | accu 0.2514 = 72254/287360
[2022-04-11 04:00:43.509] End E019 |  test loss  6.075; ppl    435.01 | accu 0.1376 = 117299/852520 ../data/sample_500k/adult_test.txt
[2022-04-11 04:00:46.492] End E019 |  test loss  4.405; ppl     81.90 | accu 0.2520 = 39434/156500 ../data/sample_500k/adolescent_valid.txt
[2022-04-11 04:00:49.018] End E019 |  test loss  4.244; ppl     69.68 | accu 0.2495 = 32645/130820 ../data/sample_500k/cbt_valid.txt
[2022-04-11 04:00:49.018] Save: model.pt... 
[2022-04-11 04:00:49.042] Save: model.pt...Done. best_val_loss: 4.3264
[2022-04-11 04:00:49.042] Epoch 020/40 ==================================================
[2022-04-11 04:00:53.059] E020 |   200/1782 batches | lr 1.2500 | loss  3.837 | ppl     46.39
[2022-04-11 04:00:57.185] E020 |   400/1782 batches | lr 1.2500 | loss  3.855 | ppl     47.24
[2022-04-11 04:01:01.130] E020 |   600/1782 batches | lr 1.2500 | loss  3.824 | ppl     45.80
[2022-04-11 04:01:05.135] E020 |   800/1782 batches | lr 1.2500 | loss  3.794 | ppl     44.43
[2022-04-11 04:01:09.127] E020 |  1000/1782 batches | lr 1.2500 | loss  3.755 | ppl     42.72
[2022-04-11 04:01:13.173] E020 |  1200/1782 batches | lr 1.2500 | loss  3.750 | ppl     42.54
[2022-04-11 04:01:17.215] E020 |  1400/1782 batches | lr 1.2500 | loss  3.747 | ppl     42.38
[2022-04-11 04:01:21.295] E020 |  1600/1782 batches | lr 1.2500 | loss  3.743 | ppl     42.22
[2022-04-11 04:01:24.992] E020 |  1782/1782 batches | lr 1.2500 | loss  3.713 | ppl     40.99
[2022-04-11 04:01:30.458] End E020 | valid loss  4.322; ppl     75.34 | accu 0.2522 = 72472/287360
[2022-04-11 04:01:46.774] End E020 |  test loss  6.075; ppl    434.75 | accu 0.1381 = 117695/852520 ../data/sample_500k/adult_test.txt
[2022-04-11 04:01:49.776] End E020 |  test loss  4.399; ppl     81.39 | accu 0.2531 = 39614/156500 ../data/sample_500k/adolescent_valid.txt
[2022-04-11 04:01:52.236] End E020 |  test loss  4.242; ppl     69.55 | accu 0.2499 = 32695/130820 ../data/sample_500k/cbt_valid.txt
[2022-04-11 04:01:52.236] Save: model.pt... 
[2022-04-11 04:01:52.260] Save: model.pt...Done. best_val_loss: 4.3220
[2022-04-11 04:01:52.260] Epoch 021/40 ==================================================
[2022-04-11 04:01:56.375] E021 |   200/1782 batches | lr 1.2500 | loss  3.831 | ppl     46.11
[2022-04-11 04:02:00.324] E021 |   400/1782 batches | lr 1.2500 | loss  3.851 | ppl     47.03
[2022-04-11 04:02:04.335] E021 |   600/1782 batches | lr 1.2500 | loss  3.820 | ppl     45.62
[2022-04-11 04:02:08.265] E021 |   800/1782 batches | lr 1.2500 | loss  3.786 | ppl     44.07
[2022-04-11 04:02:12.254] E021 |  1000/1782 batches | lr 1.2500 | loss  3.752 | ppl     42.62
[2022-04-11 04:02:16.500] E021 |  1200/1782 batches | lr 1.2500 | loss  3.743 | ppl     42.24
[2022-04-11 04:02:20.793] E021 |  1400/1782 batches | lr 1.2500 | loss  3.742 | ppl     42.20
[2022-04-11 04:02:24.740] E021 |  1600/1782 batches | lr 1.2500 | loss  3.740 | ppl     42.11
[2022-04-11 04:02:28.354] E021 |  1782/1782 batches | lr 1.2500 | loss  3.710 | ppl     40.87
[2022-04-11 04:02:34.363] End E021 | valid loss  4.322; ppl     75.34 | accu 0.2524 = 72535/287360
[2022-04-11 04:02:50.794] End E021 |  test loss  6.082; ppl    437.97 | accu 0.1382 = 117810/852520 ../data/sample_500k/adult_test.txt
[2022-04-11 04:02:53.802] End E021 |  test loss  4.399; ppl     81.41 | accu 0.2531 = 39610/156500 ../data/sample_500k/adolescent_valid.txt
[2022-04-11 04:02:56.405] End E021 |  test loss  4.242; ppl     69.54 | accu 0.2503 = 32741/130820 ../data/sample_500k/cbt_valid.txt
[2022-04-11 04:02:56.406] Epoch 022/40 ==================================================
[2022-04-11 04:03:00.445] E022 |   200/1782 batches | lr 0.6250 | loss  3.829 | ppl     46.00
[2022-04-11 04:03:04.435] E022 |   400/1782 batches | lr 0.6250 | loss  3.853 | ppl     47.14
[2022-04-11 04:03:08.432] E022 |   600/1782 batches | lr 0.6250 | loss  3.814 | ppl     45.33
[2022-04-11 04:03:12.463] E022 |   800/1782 batches | lr 0.6250 | loss  3.779 | ppl     43.78
[2022-04-11 04:03:16.373] E022 |  1000/1782 batches | lr 0.6250 | loss  3.743 | ppl     42.24
[2022-04-11 04:03:20.370] E022 |  1200/1782 batches | lr 0.6250 | loss  3.733 | ppl     41.80
[2022-04-11 04:03:24.355] E022 |  1400/1782 batches | lr 0.6250 | loss  3.728 | ppl     41.62
[2022-04-11 04:03:28.279] E022 |  1600/1782 batches | lr 0.6250 | loss  3.724 | ppl     41.43
[2022-04-11 04:03:31.845] E022 |  1782/1782 batches | lr 0.6250 | loss  3.696 | ppl     40.30
[2022-04-11 04:03:37.287] End E022 | valid loss  4.317; ppl     74.99 | accu 0.2529 = 72676/287360
[2022-04-11 04:03:53.742] End E022 |  test loss  6.072; ppl    433.49 | accu 0.1386 = 118198/852520 ../data/sample_500k/adult_test.txt
[2022-04-11 04:03:56.948] End E022 |  test loss  4.398; ppl     81.28 | accu 0.2535 = 39678/156500 ../data/sample_500k/adolescent_valid.txt
[2022-04-11 04:03:59.912] End E022 |  test loss  4.235; ppl     69.04 | accu 0.2507 = 32793/130820 ../data/sample_500k/cbt_valid.txt
[2022-04-11 04:03:59.912] Save: model.pt... 
[2022-04-11 04:03:59.944] Save: model.pt...Done. best_val_loss: 4.3174
[2022-04-11 04:03:59.944] Epoch 023/40 ==================================================
[2022-04-11 04:04:03.928] E023 |   200/1782 batches | lr 0.6250 | loss  3.822 | ppl     45.71
[2022-04-11 04:04:08.034] E023 |   400/1782 batches | lr 0.6250 | loss  3.843 | ppl     46.66
[2022-04-11 04:04:12.121] E023 |   600/1782 batches | lr 0.6250 | loss  3.808 | ppl     45.05
[2022-04-11 04:04:16.153] E023 |   800/1782 batches | lr 0.6250 | loss  3.776 | ppl     43.66
[2022-04-11 04:04:20.199] E023 |  1000/1782 batches | lr 0.6250 | loss  3.736 | ppl     41.94
[2022-04-11 04:04:24.328] E023 |  1200/1782 batches | lr 0.6250 | loss  3.726 | ppl     41.51
[2022-04-11 04:04:28.457] E023 |  1400/1782 batches | lr 0.6250 | loss  3.727 | ppl     41.56
[2022-04-11 04:04:32.411] E023 |  1600/1782 batches | lr 0.6250 | loss  3.722 | ppl     41.37
[2022-04-11 04:04:36.277] E023 |  1782/1782 batches | lr 0.6250 | loss  3.696 | ppl     40.29
[2022-04-11 04:04:41.704] End E023 | valid loss  4.317; ppl     74.99 | accu 0.2533 = 72781/287360
[2022-04-11 04:04:58.982] End E023 |  test loss  6.076; ppl    435.37 | accu 0.1386 = 118135/852520 ../data/sample_500k/adult_test.txt
[2022-04-11 04:05:02.143] End E023 |  test loss  4.398; ppl     81.28 | accu 0.2541 = 39768/156500 ../data/sample_500k/adolescent_valid.txt
[2022-04-11 04:05:04.669] End E023 |  test loss  4.235; ppl     69.04 | accu 0.2510 = 32832/130820 ../data/sample_500k/cbt_valid.txt
[2022-04-11 04:05:04.669] Save: model.pt... 
[2022-04-11 04:05:04.692] Save: model.pt...Done. best_val_loss: 4.3174
[2022-04-11 04:05:04.692] Epoch 024/40 ==================================================
[2022-04-11 04:05:08.771] E024 |   200/1782 batches | lr 0.6250 | loss  3.818 | ppl     45.52
[2022-04-11 04:05:12.789] E024 |   400/1782 batches | lr 0.6250 | loss  3.833 | ppl     46.20
[2022-04-11 04:05:16.836] E024 |   600/1782 batches | lr 0.6250 | loss  3.803 | ppl     44.84
[2022-04-11 04:05:20.780] E024 |   800/1782 batches | lr 0.6250 | loss  3.772 | ppl     43.47
[2022-04-11 04:05:24.822] E024 |  1000/1782 batches | lr 0.6250 | loss  3.734 | ppl     41.87
[2022-04-11 04:05:28.888] E024 |  1200/1782 batches | lr 0.6250 | loss  3.729 | ppl     41.65
[2022-04-11 04:05:32.896] E024 |  1400/1782 batches | lr 0.6250 | loss  3.725 | ppl     41.49
[2022-04-11 04:05:37.038] E024 |  1600/1782 batches | lr 0.6250 | loss  3.724 | ppl     41.42
[2022-04-11 04:05:40.725] E024 |  1782/1782 batches | lr 0.6250 | loss  3.696 | ppl     40.29
[2022-04-11 04:05:46.230] End E024 | valid loss  4.316; ppl     74.90 | accu 0.2532 = 72760/287360
[2022-04-11 04:06:03.190] End E024 |  test loss  6.078; ppl    436.34 | accu 0.1387 = 118264/852520 ../data/sample_500k/adult_test.txt
[2022-04-11 04:06:06.484] End E024 |  test loss  4.396; ppl     81.14 | accu 0.2541 = 39762/156500 ../data/sample_500k/adolescent_valid.txt
[2022-04-11 04:06:08.956] End E024 |  test loss  4.234; ppl     68.97 | accu 0.2510 = 32836/130820 ../data/sample_500k/cbt_valid.txt
[2022-04-11 04:06:08.956] Save: model.pt... 
[2022-04-11 04:06:08.981] Save: model.pt...Done. best_val_loss: 4.3162
[2022-04-11 04:06:08.981] Epoch 025/40 ==================================================
[2022-04-11 04:06:13.170] E025 |   200/1782 batches | lr 0.6250 | loss  3.813 | ppl     45.31
[2022-04-11 04:06:17.216] E025 |   400/1782 batches | lr 0.6250 | loss  3.835 | ppl     46.28
[2022-04-11 04:06:21.224] E025 |   600/1782 batches | lr 0.6250 | loss  3.801 | ppl     44.75
[2022-04-11 04:06:25.296] E025 |   800/1782 batches | lr 0.6250 | loss  3.770 | ppl     43.39
[2022-04-11 04:06:29.203] E025 |  1000/1782 batches | lr 0.6250 | loss  3.732 | ppl     41.74
[2022-04-11 04:06:33.203] E025 |  1200/1782 batches | lr 0.6250 | loss  3.726 | ppl     41.51
[2022-04-11 04:06:37.285] E025 |  1400/1782 batches | lr 0.6250 | loss  3.724 | ppl     41.44
[2022-04-11 04:06:41.320] E025 |  1600/1782 batches | lr 0.6250 | loss  3.719 | ppl     41.21
[2022-04-11 04:06:44.923] E025 |  1782/1782 batches | lr 0.6250 | loss  3.695 | ppl     40.23
[2022-04-11 04:06:50.717] End E025 | valid loss  4.315; ppl     74.82 | accu 0.2535 = 72855/287360
[2022-04-11 04:07:07.738] End E025 |  test loss  6.079; ppl    436.38 | accu 0.1387 = 118250/852520 ../data/sample_500k/adult_test.txt
[2022-04-11 04:07:10.745] End E025 |  test loss  4.395; ppl     81.05 | accu 0.2541 = 39768/156500 ../data/sample_500k/adolescent_valid.txt
[2022-04-11 04:07:13.393] End E025 |  test loss  4.233; ppl     68.92 | accu 0.2516 = 32918/130820 ../data/sample_500k/cbt_valid.txt
[2022-04-11 04:07:13.393] Save: model.pt... 
[2022-04-11 04:07:13.421] Save: model.pt...Done. best_val_loss: 4.3151
[2022-04-11 04:07:13.421] Epoch 026/40 ==================================================
[2022-04-11 04:07:17.475] E026 |   200/1782 batches | lr 0.6250 | loss  3.813 | ppl     45.31
[2022-04-11 04:07:21.386] E026 |   400/1782 batches | lr 0.6250 | loss  3.835 | ppl     46.31
[2022-04-11 04:07:25.263] E026 |   600/1782 batches | lr 0.6250 | loss  3.799 | ppl     44.65
[2022-04-11 04:07:29.197] E026 |   800/1782 batches | lr 0.6250 | loss  3.769 | ppl     43.35
[2022-04-11 04:07:33.121] E026 |  1000/1782 batches | lr 0.6250 | loss  3.730 | ppl     41.66
[2022-04-11 04:07:37.013] E026 |  1200/1782 batches | lr 0.6250 | loss  3.723 | ppl     41.37
[2022-04-11 04:07:41.024] E026 |  1400/1782 batches | lr 0.6250 | loss  3.723 | ppl     41.37
[2022-04-11 04:07:44.913] E026 |  1600/1782 batches | lr 0.6250 | loss  3.718 | ppl     41.18
[2022-04-11 04:07:48.426] E026 |  1782/1782 batches | lr 0.6250 | loss  3.688 | ppl     39.98
[2022-04-11 04:07:53.695] End E026 | valid loss  4.315; ppl     74.83 | accu 0.2537 = 72909/287360
[2022-04-11 04:08:09.625] End E026 |  test loss  6.079; ppl    436.41 | accu 0.1387 = 118262/852520 ../data/sample_500k/adult_test.txt
[2022-04-11 04:08:12.586] End E026 |  test loss  4.396; ppl     81.12 | accu 0.2546 = 39847/156500 ../data/sample_500k/adolescent_valid.txt
[2022-04-11 04:08:15.021] End E026 |  test loss  4.232; ppl     68.89 | accu 0.2514 = 32893/130820 ../data/sample_500k/cbt_valid.txt
[2022-04-11 04:08:15.021] Epoch 027/40 ==================================================
[2022-04-11 04:08:18.896] E027 |   200/1782 batches | lr 0.3125 | loss  3.810 | ppl     45.13
[2022-04-11 04:08:22.810] E027 |   400/1782 batches | lr 0.3125 | loss  3.828 | ppl     45.99
[2022-04-11 04:08:26.800] E027 |   600/1782 batches | lr 0.3125 | loss  3.800 | ppl     44.72
[2022-04-11 04:08:30.756] E027 |   800/1782 batches | lr 0.3125 | loss  3.763 | ppl     43.09
[2022-04-11 04:08:34.610] E027 |  1000/1782 batches | lr 0.3125 | loss  3.724 | ppl     41.42
[2022-04-11 04:08:38.496] E027 |  1200/1782 batches | lr 0.3125 | loss  3.720 | ppl     41.24
[2022-04-11 04:08:42.383] E027 |  1400/1782 batches | lr 0.3125 | loss  3.717 | ppl     41.14
[2022-04-11 04:08:46.300] E027 |  1600/1782 batches | lr 0.3125 | loss  3.708 | ppl     40.77
[2022-04-11 04:08:49.795] E027 |  1782/1782 batches | lr 0.3125 | loss  3.681 | ppl     39.69
[2022-04-11 04:08:55.077] End E027 | valid loss  4.311; ppl     74.55 | accu 0.2540 = 72996/287360
[2022-04-11 04:09:11.032] End E027 |  test loss  6.064; ppl    430.22 | accu 0.1389 = 118456/852520 ../data/sample_500k/adult_test.txt
[2022-04-11 04:09:13.941] End E027 |  test loss  4.392; ppl     80.82 | accu 0.2546 = 39848/156500 ../data/sample_500k/adolescent_valid.txt
[2022-04-11 04:09:16.364] End E027 |  test loss  4.229; ppl     68.62 | accu 0.2520 = 32964/130820 ../data/sample_500k/cbt_valid.txt
[2022-04-11 04:09:16.364] Save: model.pt... 
[2022-04-11 04:09:16.386] Save: model.pt...Done. best_val_loss: 4.3115
[2022-04-11 04:09:16.387] Epoch 028/40 ==================================================
[2022-04-11 04:09:20.289] E028 |   200/1782 batches | lr 0.3125 | loss  3.810 | ppl     45.17
[2022-04-11 04:09:24.182] E028 |   400/1782 batches | lr 0.3125 | loss  3.832 | ppl     46.15
[2022-04-11 04:09:28.052] E028 |   600/1782 batches | lr 0.3125 | loss  3.793 | ppl     44.41
[2022-04-11 04:09:31.956] E028 |   800/1782 batches | lr 0.3125 | loss  3.761 | ppl     42.99
[2022-04-11 04:09:35.869] E028 |  1000/1782 batches | lr 0.3125 | loss  3.722 | ppl     41.36
[2022-04-11 04:09:39.731] E028 |  1200/1782 batches | lr 0.3125 | loss  3.719 | ppl     41.21
[2022-04-11 04:09:43.574] E028 |  1400/1782 batches | lr 0.3125 | loss  3.714 | ppl     41.03
[2022-04-11 04:09:47.442] E028 |  1600/1782 batches | lr 0.3125 | loss  3.710 | ppl     40.84
[2022-04-11 04:09:50.949] E028 |  1782/1782 batches | lr 0.3125 | loss  3.683 | ppl     39.77
[2022-04-11 04:09:56.240] End E028 | valid loss  4.311; ppl     74.53 | accu 0.2541 = 73014/287360
[2022-04-11 04:10:12.120] End E028 |  test loss  6.066; ppl    431.03 | accu 0.1389 = 118454/852520 ../data/sample_500k/adult_test.txt
[2022-04-11 04:10:15.040] End E028 |  test loss  4.393; ppl     80.85 | accu 0.2547 = 39857/156500 ../data/sample_500k/adolescent_valid.txt
[2022-04-11 04:10:17.459] End E028 |  test loss  4.227; ppl     68.54 | accu 0.2520 = 32969/130820 ../data/sample_500k/cbt_valid.txt
[2022-04-11 04:10:17.459] Save: model.pt... 
[2022-04-11 04:10:17.482] Save: model.pt...Done. best_val_loss: 4.3112
[2022-04-11 04:10:17.482] Epoch 029/40 ==================================================
[2022-04-11 04:10:21.398] E029 |   200/1782 batches | lr 0.3125 | loss  3.807 | ppl     45.02
[2022-04-11 04:10:25.300] E029 |   400/1782 batches | lr 0.3125 | loss  3.830 | ppl     46.04
[2022-04-11 04:10:29.164] E029 |   600/1782 batches | lr 0.3125 | loss  3.793 | ppl     44.40
[2022-04-11 04:10:33.063] E029 |   800/1782 batches | lr 0.3125 | loss  3.761 | ppl     42.99
[2022-04-11 04:10:36.907] E029 |  1000/1782 batches | lr 0.3125 | loss  3.723 | ppl     41.39
[2022-04-11 04:10:40.764] E029 |  1200/1782 batches | lr 0.3125 | loss  3.719 | ppl     41.24
[2022-04-11 04:10:44.686] E029 |  1400/1782 batches | lr 0.3125 | loss  3.714 | ppl     41.01
[2022-04-11 04:10:48.630] E029 |  1600/1782 batches | lr 0.3125 | loss  3.706 | ppl     40.70
[2022-04-11 04:10:52.159] E029 |  1782/1782 batches | lr 0.3125 | loss  3.682 | ppl     39.73
[2022-04-11 04:10:57.454] End E029 | valid loss  4.311; ppl     74.51 | accu 0.2541 = 73013/287360
[2022-04-11 04:11:13.361] End E029 |  test loss  6.067; ppl    431.46 | accu 0.1389 = 118416/852520 ../data/sample_500k/adult_test.txt
[2022-04-11 04:11:16.300] End E029 |  test loss  4.392; ppl     80.79 | accu 0.2548 = 39878/156500 ../data/sample_500k/adolescent_valid.txt
[2022-04-11 04:11:18.765] End E029 |  test loss  4.228; ppl     68.57 | accu 0.2518 = 32943/130820 ../data/sample_500k/cbt_valid.txt
[2022-04-11 04:11:18.765] Save: model.pt... 
[2022-04-11 04:11:18.783] Save: model.pt...Done. best_val_loss: 4.3110
[2022-04-11 04:11:18.783] Epoch 030/40 ==================================================
[2022-04-11 04:11:22.853] E030 |   200/1782 batches | lr 0.3125 | loss  3.802 | ppl     44.77
[2022-04-11 04:11:26.829] E030 |   400/1782 batches | lr 0.3125 | loss  3.825 | ppl     45.82
[2022-04-11 04:11:30.794] E030 |   600/1782 batches | lr 0.3125 | loss  3.792 | ppl     44.35
[2022-04-11 04:11:34.835] E030 |   800/1782 batches | lr 0.3125 | loss  3.760 | ppl     42.93
[2022-04-11 04:11:38.909] E030 |  1000/1782 batches | lr 0.3125 | loss  3.720 | ppl     41.28
[2022-04-11 04:11:43.102] E030 |  1200/1782 batches | lr 0.3125 | loss  3.716 | ppl     41.09
[2022-04-11 04:11:47.106] E030 |  1400/1782 batches | lr 0.3125 | loss  3.715 | ppl     41.04
[2022-04-11 04:11:51.160] E030 |  1600/1782 batches | lr 0.3125 | loss  3.708 | ppl     40.78
[2022-04-11 04:11:54.717] E030 |  1782/1782 batches | lr 0.3125 | loss  3.678 | ppl     39.58
[2022-04-11 04:12:00.173] End E030 | valid loss  4.311; ppl     74.52 | accu 0.2542 = 73038/287360
[2022-04-11 04:12:16.282] End E030 |  test loss  6.071; ppl    433.01 | accu 0.1390 = 118525/852520 ../data/sample_500k/adult_test.txt
[2022-04-11 04:12:19.241] End E030 |  test loss  4.392; ppl     80.81 | accu 0.2549 = 39894/156500 ../data/sample_500k/adolescent_valid.txt
[2022-04-11 04:12:21.695] End E030 |  test loss  4.228; ppl     68.56 | accu 0.2519 = 32949/130820 ../data/sample_500k/cbt_valid.txt
[2022-04-11 04:12:21.695] Epoch 031/40 ==================================================
[2022-04-11 04:12:25.703] E031 |   200/1782 batches | lr 0.1562 | loss  3.804 | ppl     44.88
[2022-04-11 04:12:29.765] E031 |   400/1782 batches | lr 0.1562 | loss  3.826 | ppl     45.87
[2022-04-11 04:12:33.895] E031 |   600/1782 batches | lr 0.1562 | loss  3.792 | ppl     44.33
[2022-04-11 04:12:38.066] E031 |   800/1782 batches | lr 0.1562 | loss  3.759 | ppl     42.91
[2022-04-11 04:12:42.142] E031 |  1000/1782 batches | lr 0.1562 | loss  3.720 | ppl     41.25
[2022-04-11 04:12:46.301] E031 |  1200/1782 batches | lr 0.1562 | loss  3.713 | ppl     40.96
[2022-04-11 04:12:50.630] E031 |  1400/1782 batches | lr 0.1562 | loss  3.709 | ppl     40.83
[2022-04-11 04:12:54.503] E031 |  1600/1782 batches | lr 0.1562 | loss  3.706 | ppl     40.69
[2022-04-11 04:12:58.095] E031 |  1782/1782 batches | lr 0.1562 | loss  3.672 | ppl     39.34
[2022-04-11 04:13:03.374] End E031 | valid loss  4.309; ppl     74.37 | accu 0.2543 = 73071/287360
[2022-04-11 04:13:19.244] End E031 |  test loss  6.064; ppl    429.95 | accu 0.1389 = 118446/852520 ../data/sample_500k/adult_test.txt
[2022-04-11 04:13:22.160] End E031 |  test loss  4.390; ppl     80.68 | accu 0.2549 = 39886/156500 ../data/sample_500k/adolescent_valid.txt
[2022-04-11 04:13:24.589] End E031 |  test loss  4.225; ppl     68.38 | accu 0.2520 = 32970/130820 ../data/sample_500k/cbt_valid.txt
[2022-04-11 04:13:24.589] Save: model.pt... 
[2022-04-11 04:13:24.611] Save: model.pt...Done. best_val_loss: 4.3090
[2022-04-11 04:13:24.611] Epoch 032/40 ==================================================
[2022-04-11 04:13:28.487] E032 |   200/1782 batches | lr 0.1562 | loss  3.805 | ppl     44.94
[2022-04-11 04:13:32.391] E032 |   400/1782 batches | lr 0.1562 | loss  3.826 | ppl     45.86
[2022-04-11 04:13:36.244] E032 |   600/1782 batches | lr 0.1562 | loss  3.789 | ppl     44.22
[2022-04-11 04:13:40.173] E032 |   800/1782 batches | lr 0.1562 | loss  3.755 | ppl     42.75
[2022-04-11 04:13:44.027] E032 |  1000/1782 batches | lr 0.1562 | loss  3.714 | ppl     41.00
[2022-04-11 04:13:47.872] E032 |  1200/1782 batches | lr 0.1562 | loss  3.712 | ppl     40.95
[2022-04-11 04:13:51.833] E032 |  1400/1782 batches | lr 0.1562 | loss  3.710 | ppl     40.86
[2022-04-11 04:13:55.710] E032 |  1600/1782 batches | lr 0.1562 | loss  3.704 | ppl     40.62
[2022-04-11 04:13:59.206] E032 |  1782/1782 batches | lr 0.1562 | loss  3.677 | ppl     39.53
[2022-04-11 04:14:04.572] End E032 | valid loss  4.309; ppl     74.38 | accu 0.2542 = 73036/287360
[2022-04-11 04:14:20.455] End E032 |  test loss  6.060; ppl    428.46 | accu 0.1390 = 118492/852520 ../data/sample_500k/adult_test.txt
[2022-04-11 04:14:23.350] End E032 |  test loss  4.391; ppl     80.69 | accu 0.2547 = 39855/156500 ../data/sample_500k/adolescent_valid.txt
[2022-04-11 04:14:25.891] End E032 |  test loss  4.225; ppl     68.37 | accu 0.2520 = 32963/130820 ../data/sample_500k/cbt_valid.txt
[2022-04-11 04:14:25.891] Epoch 033/40 ==================================================
[2022-04-11 04:14:29.883] E033 |   200/1782 batches | lr 0.0781 | loss  3.802 | ppl     44.79
[2022-04-11 04:14:33.840] E033 |   400/1782 batches | lr 0.0781 | loss  3.826 | ppl     45.89
[2022-04-11 04:14:37.786] E033 |   600/1782 batches | lr 0.0781 | loss  3.788 | ppl     44.16
[2022-04-11 04:14:41.760] E033 |   800/1782 batches | lr 0.0781 | loss  3.757 | ppl     42.83
[2022-04-11 04:14:45.683] E033 |  1000/1782 batches | lr 0.0781 | loss  3.715 | ppl     41.06
[2022-04-11 04:14:49.635] E033 |  1200/1782 batches | lr 0.0781 | loss  3.707 | ppl     40.75
[2022-04-11 04:14:53.480] E033 |  1400/1782 batches | lr 0.0781 | loss  3.708 | ppl     40.76
[2022-04-11 04:14:57.375] E033 |  1600/1782 batches | lr 0.0781 | loss  3.701 | ppl     40.50
[2022-04-11 04:15:00.885] E033 |  1782/1782 batches | lr 0.0781 | loss  3.675 | ppl     39.44
[2022-04-11 04:15:06.198] End E033 | valid loss  4.309; ppl     74.35 | accu 0.2543 = 73082/287360
[2022-04-11 04:15:22.153] End E033 |  test loss  6.057; ppl    427.29 | accu 0.1390 = 118511/852520 ../data/sample_500k/adult_test.txt
[2022-04-11 04:15:25.110] End E033 |  test loss  4.391; ppl     80.72 | accu 0.2547 = 39856/156500 ../data/sample_500k/adolescent_valid.txt
[2022-04-11 04:15:27.532] End E033 |  test loss  4.224; ppl     68.30 | accu 0.2523 = 33006/130820 ../data/sample_500k/cbt_valid.txt
[2022-04-11 04:15:27.532] Save: model.pt... 
[2022-04-11 04:15:27.554] Save: model.pt...Done. best_val_loss: 4.3087
[2022-04-11 04:15:27.554] Epoch 034/40 ==================================================
[2022-04-11 04:15:31.541] E034 |   200/1782 batches | lr 0.0781 | loss  3.800 | ppl     44.71
[2022-04-11 04:15:35.497] E034 |   400/1782 batches | lr 0.0781 | loss  3.824 | ppl     45.79
[2022-04-11 04:15:39.359] E034 |   600/1782 batches | lr 0.0781 | loss  3.787 | ppl     44.12
[2022-04-11 04:15:43.272] E034 |   800/1782 batches | lr 0.0781 | loss  3.753 | ppl     42.65
[2022-04-11 04:15:47.281] E034 |  1000/1782 batches | lr 0.0781 | loss  3.717 | ppl     41.16
[2022-04-11 04:15:51.149] E034 |  1200/1782 batches | lr 0.0781 | loss  3.708 | ppl     40.76
[2022-04-11 04:15:55.015] E034 |  1400/1782 batches | lr 0.0781 | loss  3.708 | ppl     40.76
[2022-04-11 04:15:58.923] E034 |  1600/1782 batches | lr 0.0781 | loss  3.702 | ppl     40.52
[2022-04-11 04:16:02.503] E034 |  1782/1782 batches | lr 0.0781 | loss  3.672 | ppl     39.35
[2022-04-11 04:16:07.785] End E034 | valid loss  4.309; ppl     74.33 | accu 0.2543 = 73075/287360
[2022-04-11 04:16:23.700] End E034 |  test loss  6.059; ppl    428.03 | accu 0.1390 = 118538/852520 ../data/sample_500k/adult_test.txt
[2022-04-11 04:16:26.650] End E034 |  test loss  4.391; ppl     80.71 | accu 0.2547 = 39853/156500 ../data/sample_500k/adolescent_valid.txt
[2022-04-11 04:16:29.080] End E034 |  test loss  4.224; ppl     68.27 | accu 0.2523 = 33001/130820 ../data/sample_500k/cbt_valid.txt
[2022-04-11 04:16:29.080] Save: model.pt... 
[2022-04-11 04:16:29.102] Save: model.pt...Done. best_val_loss: 4.3085
[2022-04-11 04:16:29.103] Epoch 035/40 ==================================================
[2022-04-11 04:16:32.974] E035 |   200/1782 batches | lr 0.0781 | loss  3.802 | ppl     44.78
[2022-04-11 04:16:36.864] E035 |   400/1782 batches | lr 0.0781 | loss  3.821 | ppl     45.64
[2022-04-11 04:16:40.724] E035 |   600/1782 batches | lr 0.0781 | loss  3.788 | ppl     44.18
[2022-04-11 04:16:44.548] E035 |   800/1782 batches | lr 0.0781 | loss  3.753 | ppl     42.63
[2022-04-11 04:16:48.454] E035 |  1000/1782 batches | lr 0.0781 | loss  3.714 | ppl     41.03
[2022-04-11 04:16:52.426] E035 |  1200/1782 batches | lr 0.0781 | loss  3.708 | ppl     40.76
[2022-04-11 04:16:56.287] E035 |  1400/1782 batches | lr 0.0781 | loss  3.710 | ppl     40.83
[2022-04-11 04:17:00.142] E035 |  1600/1782 batches | lr 0.0781 | loss  3.698 | ppl     40.36
[2022-04-11 04:17:03.786] E035 |  1782/1782 batches | lr 0.0781 | loss  3.674 | ppl     39.42
[2022-04-11 04:17:09.079] End E035 | valid loss  4.308; ppl     74.27 | accu 0.2543 = 73090/287360
[2022-04-11 04:17:24.977] End E035 |  test loss  6.057; ppl    426.90 | accu 0.1391 = 118566/852520 ../data/sample_500k/adult_test.txt
[2022-04-11 04:17:27.937] End E035 |  test loss  4.390; ppl     80.62 | accu 0.2546 = 39846/156500 ../data/sample_500k/adolescent_valid.txt
[2022-04-11 04:17:30.428] End E035 |  test loss  4.223; ppl     68.25 | accu 0.2524 = 33019/130820 ../data/sample_500k/cbt_valid.txt
[2022-04-11 04:17:30.428] Save: model.pt... 
[2022-04-11 04:17:30.451] Save: model.pt...Done. best_val_loss: 4.3078
[2022-04-11 04:17:30.452] Epoch 036/40 ==================================================
[2022-04-11 04:17:34.481] E036 |   200/1782 batches | lr 0.0781 | loss  3.802 | ppl     44.78
[2022-04-11 04:17:38.570] E036 |   400/1782 batches | lr 0.0781 | loss  3.821 | ppl     45.63
[2022-04-11 04:17:42.499] E036 |   600/1782 batches | lr 0.0781 | loss  3.785 | ppl     44.05
[2022-04-11 04:17:46.743] E036 |   800/1782 batches | lr 0.0781 | loss  3.754 | ppl     42.70
[2022-04-11 04:17:50.812] E036 |  1000/1782 batches | lr 0.0781 | loss  3.713 | ppl     40.97
[2022-04-11 04:17:54.820] E036 |  1200/1782 batches | lr 0.0781 | loss  3.711 | ppl     40.88
[2022-04-11 04:17:59.020] E036 |  1400/1782 batches | lr 0.0781 | loss  3.705 | ppl     40.67
[2022-04-11 04:18:03.175] E036 |  1600/1782 batches | lr 0.0781 | loss  3.700 | ppl     40.47
[2022-04-11 04:18:06.772] E036 |  1782/1782 batches | lr 0.0781 | loss  3.673 | ppl     39.36
[2022-04-11 04:18:12.188] End E036 | valid loss  4.308; ppl     74.33 | accu 0.2543 = 73075/287360
[2022-04-11 04:18:28.308] End E036 |  test loss  6.058; ppl    427.64 | accu 0.1391 = 118602/852520 ../data/sample_500k/adult_test.txt
[2022-04-11 04:18:31.269] End E036 |  test loss  4.391; ppl     80.74 | accu 0.2546 = 39847/156500 ../data/sample_500k/adolescent_valid.txt
[2022-04-11 04:18:33.749] End E036 |  test loss  4.223; ppl     68.25 | accu 0.2523 = 33005/130820 ../data/sample_500k/cbt_valid.txt
[2022-04-11 04:18:33.749] Epoch 037/40 ==================================================
[2022-04-11 04:18:37.811] E037 |   200/1782 batches | lr 0.0391 | loss  3.798 | ppl     44.61
[2022-04-11 04:18:41.754] E037 |   400/1782 batches | lr 0.0391 | loss  3.825 | ppl     45.83
[2022-04-11 04:18:45.737] E037 |   600/1782 batches | lr 0.0391 | loss  3.784 | ppl     44.00
[2022-04-11 04:18:49.707] E037 |   800/1782 batches | lr 0.0391 | loss  3.752 | ppl     42.62
[2022-04-11 04:18:53.622] E037 |  1000/1782 batches | lr 0.0391 | loss  3.715 | ppl     41.06
[2022-04-11 04:18:57.608] E037 |  1200/1782 batches | lr 0.0391 | loss  3.706 | ppl     40.68
[2022-04-11 04:19:01.483] E037 |  1400/1782 batches | lr 0.0391 | loss  3.706 | ppl     40.70
[2022-04-11 04:19:05.377] E037 |  1600/1782 batches | lr 0.0391 | loss  3.700 | ppl     40.46
[2022-04-11 04:19:08.907] E037 |  1782/1782 batches | lr 0.0391 | loss  3.674 | ppl     39.40
[2022-04-11 04:19:14.223] End E037 | valid loss  4.308; ppl     74.27 | accu 0.2543 = 73090/287360
[2022-04-11 04:19:30.156] End E037 |  test loss  6.057; ppl    427.06 | accu 0.1391 = 118613/852520 ../data/sample_500k/adult_test.txt
[2022-04-11 04:19:33.067] End E037 |  test loss  4.390; ppl     80.65 | accu 0.2548 = 39870/156500 ../data/sample_500k/adolescent_valid.txt
[2022-04-11 04:19:35.518] End E037 |  test loss  4.223; ppl     68.22 | accu 0.2523 = 33008/130820 ../data/sample_500k/cbt_valid.txt
[2022-04-11 04:19:35.518] Save: model.pt... 
[2022-04-11 04:19:35.541] Save: model.pt...Done. best_val_loss: 4.3077
[2022-04-11 04:19:35.541] Epoch 038/40 ==================================================
[2022-04-11 04:19:39.577] E038 |   200/1782 batches | lr 0.0391 | loss  3.800 | ppl     44.70
[2022-04-11 04:19:43.447] E038 |   400/1782 batches | lr 0.0391 | loss  3.819 | ppl     45.58
[2022-04-11 04:19:47.346] E038 |   600/1782 batches | lr 0.0391 | loss  3.786 | ppl     44.08
[2022-04-11 04:19:51.510] E038 |   800/1782 batches | lr 0.0391 | loss  3.753 | ppl     42.63
[2022-04-11 04:19:55.525] E038 |  1000/1782 batches | lr 0.0391 | loss  3.715 | ppl     41.07
[2022-04-11 04:19:59.390] E038 |  1200/1782 batches | lr 0.0391 | loss  3.706 | ppl     40.71
[2022-04-11 04:20:03.323] E038 |  1400/1782 batches | lr 0.0391 | loss  3.706 | ppl     40.71
[2022-04-11 04:20:07.199] E038 |  1600/1782 batches | lr 0.0391 | loss  3.698 | ppl     40.38
[2022-04-11 04:20:10.722] E038 |  1782/1782 batches | lr 0.0391 | loss  3.673 | ppl     39.38
[2022-04-11 04:20:16.029] End E038 | valid loss  4.307; ppl     74.25 | accu 0.2543 = 73088/287360
[2022-04-11 04:20:31.983] End E038 |  test loss  6.056; ppl    426.69 | accu 0.1391 = 118624/852520 ../data/sample_500k/adult_test.txt
[2022-04-11 04:20:34.920] End E038 |  test loss  4.390; ppl     80.62 | accu 0.2547 = 39863/156500 ../data/sample_500k/adolescent_valid.txt
[2022-04-11 04:20:37.359] End E038 |  test loss  4.223; ppl     68.21 | accu 0.2523 = 33006/130820 ../data/sample_500k/cbt_valid.txt
[2022-04-11 04:20:37.359] Save: model.pt... 
[2022-04-11 04:20:37.383] Save: model.pt...Done. best_val_loss: 4.3075
[2022-04-11 04:20:37.383] Epoch 039/40 ==================================================
[2022-04-11 04:20:41.418] E039 |   200/1782 batches | lr 0.0391 | loss  3.797 | ppl     44.55
[2022-04-11 04:20:45.395] E039 |   400/1782 batches | lr 0.0391 | loss  3.822 | ppl     45.70
[2022-04-11 04:20:49.236] E039 |   600/1782 batches | lr 0.0391 | loss  3.785 | ppl     44.05
[2022-04-11 04:20:53.245] E039 |   800/1782 batches | lr 0.0391 | loss  3.752 | ppl     42.59
[2022-04-11 04:20:57.112] E039 |  1000/1782 batches | lr 0.0391 | loss  3.715 | ppl     41.07
[2022-04-11 04:21:01.110] E039 |  1200/1782 batches | lr 0.0391 | loss  3.706 | ppl     40.71
[2022-04-11 04:21:04.988] E039 |  1400/1782 batches | lr 0.0391 | loss  3.706 | ppl     40.71
[2022-04-11 04:21:08.909] E039 |  1600/1782 batches | lr 0.0391 | loss  3.696 | ppl     40.28
[2022-04-11 04:21:12.436] E039 |  1782/1782 batches | lr 0.0391 | loss  3.671 | ppl     39.28
[2022-04-11 04:21:17.732] End E039 | valid loss  4.308; ppl     74.27 | accu 0.2543 = 73087/287360
[2022-04-11 04:21:33.779] End E039 |  test loss  6.056; ppl    426.50 | accu 0.1391 = 118602/852520 ../data/sample_500k/adult_test.txt
[2022-04-11 04:21:36.714] End E039 |  test loss  4.390; ppl     80.67 | accu 0.2548 = 39870/156500 ../data/sample_500k/adolescent_valid.txt
[2022-04-11 04:21:39.164] End E039 |  test loss  4.223; ppl     68.21 | accu 0.2523 = 33012/130820 ../data/sample_500k/cbt_valid.txt
[2022-04-11 04:21:39.165] Epoch 040/40 ==================================================
[2022-04-11 04:21:43.064] E040 |   200/1782 batches | lr 0.0195 | loss  3.803 | ppl     44.83
[2022-04-11 04:21:46.971] E040 |   400/1782 batches | lr 0.0195 | loss  3.823 | ppl     45.74
[2022-04-11 04:21:51.052] E040 |   600/1782 batches | lr 0.0195 | loss  3.786 | ppl     44.07
[2022-04-11 04:21:55.220] E040 |   800/1782 batches | lr 0.0195 | loss  3.754 | ppl     42.68
[2022-04-11 04:21:59.157] E040 |  1000/1782 batches | lr 0.0195 | loss  3.714 | ppl     41.03
[2022-04-11 04:22:03.136] E040 |  1200/1782 batches | lr 0.0195 | loss  3.704 | ppl     40.60
[2022-04-11 04:22:07.013] E040 |  1400/1782 batches | lr 0.0195 | loss  3.707 | ppl     40.72
[2022-04-11 04:22:10.882] E040 |  1600/1782 batches | lr 0.0195 | loss  3.698 | ppl     40.37
[2022-04-11 04:22:14.461] E040 |  1782/1782 batches | lr 0.0195 | loss  3.669 | ppl     39.21
[2022-04-11 04:22:19.757] End E040 | valid loss  4.307; ppl     74.25 | accu 0.2544 = 73098/287360
[2022-04-11 04:22:35.663] End E040 |  test loss  6.055; ppl    426.20 | accu 0.1392 = 118653/852520 ../data/sample_500k/adult_test.txt
[2022-04-11 04:22:38.574] End E040 |  test loss  4.390; ppl     80.65 | accu 0.2548 = 39881/156500 ../data/sample_500k/adolescent_valid.txt
[2022-04-11 04:22:41.001] End E040 |  test loss  4.222; ppl     68.19 | accu 0.2523 = 33009/130820 ../data/sample_500k/cbt_valid.txt
[2022-04-11 04:22:41.001] Save: model.pt... 
[2022-04-11 04:22:41.024] Save: model.pt...Done. best_val_loss: 4.3075
[2022-04-11 04:22:56.960] End. test loss  6.05; ppl   426.20 | accu 0.1392 = 118653/852520 ../data/sample_500k/adult_test.txt
[2022-04-11 04:22:59.886] End. test loss  4.39; ppl    80.65 | accu 0.2548 = 39881/156500 ../data/sample_500k/adolescent_valid.txt
[2022-04-11 04:23:02.344] End. test loss  4.22; ppl    68.19 | accu 0.2523 = 33009/130820 ../data/sample_500k/cbt_valid.txt
[2022-04-11 04:23:02.345] =========================================================================================
[2022-04-11 04:23:02.345] valid_loss
[2022-04-11 04:23:02.345]  5.06, 4.79, 4.72, 4.75, 4.57, 4.53, 4.45, 4.46, 4.40, 4.37, 4.38, 4.35, 4.35, 4.34, 4.34, 4.34, 4.34, 4.33, 4.33, 4.32, 4.32, 4.32, 4.32, 4.32, 4.32, 4.32, 4.31, 4.31, 4.31, 4.31, 4.31, 4.31, 4.31, 4.31, 4.31, 4.31, 4.31, 4.31, 4.31, 4.31
[2022-04-11 04:23:02.345] valid_loss ppl
[2022-04-11 04:23:02.345]   157.24,  120.63,  112.01,  115.28,   96.93,   92.58,   85.54,   86.32,   81.37,   79.31,   79.58,   77.47,   77.44,   76.92,   76.70,   76.58,   76.77,   75.94,   75.67,   75.34,   75.34,   74.99,   74.99,   74.90,   74.82,   74.83,   74.55,   74.53,   74.51,   74.52,   74.37,   74.38,   74.35,   74.33,   74.27,   74.33,   74.27,   74.25,   74.27,   74.25
[2022-04-11 04:23:02.345] test_loss of ../data/sample_500k/adult_test.txt
[2022-04-11 04:23:02.345]  6.38, 6.18, 6.13, 6.15, 6.10, 6.08, 6.07, 6.10, 6.08, 6.08, 6.08, 6.08, 6.09, 6.09, 6.10, 6.08, 6.08, 6.08, 6.08, 6.07, 6.08, 6.07, 6.08, 6.08, 6.08, 6.08, 6.06, 6.07, 6.07, 6.07, 6.06, 6.06, 6.06, 6.06, 6.06, 6.06, 6.06, 6.06, 6.06, 6.05
[2022-04-11 04:23:02.345] test_loss of ../data/sample_500k/adult_test.txt ppl
[2022-04-11 04:23:02.345]   592.32,  482.19,  461.55,  466.45,  447.20,  437.93,  433.94,  447.05,  438.10,  435.93,  438.75,  437.58,  441.93,  440.21,  445.60,  437.61,  437.89,  435.92,  435.01,  434.75,  437.97,  433.49,  435.37,  436.34,  436.38,  436.41,  430.22,  431.03,  431.46,  433.01,  429.95,  428.46,  427.29,  428.03,  426.90,  427.64,  427.06,  426.69,  426.50,  426.20
[2022-04-11 04:23:02.345] test_loss of ../data/sample_500k/adolescent_valid.txt
[2022-04-11 04:23:02.345]  5.21, 4.91, 4.85, 4.92, 4.72, 4.67, 4.54, 4.56, 4.50, 4.45, 4.46, 4.43, 4.43, 4.42, 4.42, 4.42, 4.42, 4.41, 4.41, 4.40, 4.40, 4.40, 4.40, 4.40, 4.40, 4.40, 4.39, 4.39, 4.39, 4.39, 4.39, 4.39, 4.39, 4.39, 4.39, 4.39, 4.39, 4.39, 4.39, 4.39
[2022-04-11 04:23:02.346] test_loss of ../data/sample_500k/adolescent_valid.txt ppl
[2022-04-11 04:23:02.346]   182.75,  135.58,  127.23,  136.56,  112.03,  107.03,   93.72,   95.27,   89.87,   85.80,   86.58,   84.09,   84.10,   82.97,   83.47,   82.87,   83.06,   82.28,   81.90,   81.39,   81.41,   81.28,   81.28,   81.14,   81.05,   81.12,   80.82,   80.85,   80.79,   80.81,   80.68,   80.69,   80.72,   80.71,   80.62,   80.74,   80.65,   80.62,   80.67,   80.65
[2022-04-11 04:23:02.346] test_loss of ../data/sample_500k/cbt_valid.txt
[2022-04-11 04:23:02.346]  4.88, 4.67, 4.57, 4.50, 4.40, 4.38, 4.36, 4.35, 4.31, 4.30, 4.30, 4.27, 4.27, 4.27, 4.26, 4.26, 4.26, 4.25, 4.24, 4.24, 4.24, 4.23, 4.23, 4.23, 4.23, 4.23, 4.23, 4.23, 4.23, 4.23, 4.23, 4.22, 4.22, 4.22, 4.22, 4.22, 4.22, 4.22, 4.22, 4.22
[2022-04-11 04:23:02.346] test_loss of ../data/sample_500k/cbt_valid.txt ppl
[2022-04-11 04:23:02.346]   131.55,  106.97,   96.75,   90.29,   81.85,   79.83,   78.50,   77.28,   74.43,   73.56,   73.45,   71.44,   71.39,   71.21,   70.80,   70.61,   70.69,   69.81,   69.68,   69.55,   69.54,   69.04,   69.04,   68.97,   68.92,   68.89,   68.62,   68.54,   68.57,   68.56,   68.38,   68.37,   68.30,   68.27,   68.25,   68.25,   68.22,   68.21,   68.21,   68.19
