[2022-04-11 06:50:19.185] corpus.train_file_list: 2
[2022-04-11 06:50:19.185]         ../data/sample_500k/cbt_train.txt
[2022-04-11 06:50:19.185]         ../data/sample_500k/adolescent_train.txt
[2022-04-11 06:50:19.186] corpus.valid_file_list: 2
[2022-04-11 06:50:19.186]         ../data/sample_500k/cbt_valid.txt
[2022-04-11 06:50:19.186]         ../data/sample_500k/adolescent_valid.txt
[2022-04-11 06:50:19.186] corpus.test_file_list: 3
[2022-04-11 06:50:19.186]         ../data/sample_500k/adult_test.txt
[2022-04-11 06:50:19.186]         ../data/sample_500k/adolescent_valid.txt
[2022-04-11 06:50:19.186]         ../data/sample_500k/cbt_valid.txt
[2022-04-11 06:50:19.186] corpus.subword_vocab_size: 0
[2022-04-11 06:50:19.186] corpus.subword_model = None. Corpus will not use subword.
[2022-04-11 06:50:19.186] corpus tokenize...
[2022-04-11 06:50:20.012]         train tokens: 511735  ../data/sample_500k/cbt_train.txt
[2022-04-11 06:50:21.416]         train tokens: 467267  ../data/sample_500k/adolescent_train.txt
[2022-04-11 06:50:21.582]         valid tokens: 115417  ../data/sample_500k/cbt_valid.txt
[2022-04-11 06:50:21.883]         valid tokens: 112256  ../data/sample_500k/adolescent_valid.txt
[2022-04-11 06:50:22.596]         test  tokens: 506878  ../data/sample_500k/adult_test.txt
[2022-04-11 06:50:22.849]         test  tokens: 112256  ../data/sample_500k/adolescent_valid.txt
[2022-04-11 06:50:22.999]         test  tokens: 115417  ../data/sample_500k/cbt_valid.txt
[2022-04-11 06:50:22.999] corpus.ntokens      : 100726
[2022-04-11 06:50:22.999] corpus.char_count   : 166
[2022-04-11 06:50:22.999] corpus.char_cnt_dict: 166
[2022-04-11 06:50:22.999] corpus.char_id_dict : 166
[2022-04-11 06:50:23.024] corpus.batchify(2 files, batch_size=20)...
[2022-04-11 06:50:23.025]         tokens_all: 979002
[2022-04-11 06:50:23.025]         batched   :  48950
[2022-04-11 06:50:23.025]         ../data/sample_500k/cbt_train.txt
[2022-04-11 06:50:23.025]         ../data/sample_500k/adolescent_train.txt
[2022-04-11 06:50:23.035] corpus.batchify(2 files, batch_size=20)...
[2022-04-11 06:50:23.036]         tokens_all: 227673
[2022-04-11 06:50:23.036]         batched   :  11383
[2022-04-11 06:50:23.036]         ../data/sample_500k/cbt_valid.txt
[2022-04-11 06:50:23.036]         ../data/sample_500k/adolescent_valid.txt
[2022-04-11 06:50:23.050] corpus.batchify(1 files, batch_size=20)...
[2022-04-11 06:50:23.050]         tokens_all: 506878
[2022-04-11 06:50:23.050]         batched   :  25343
[2022-04-11 06:50:23.050]         ../data/sample_500k/adult_test.txt
[2022-04-11 06:50:23.053] corpus.batchify(1 files, batch_size=20)...
[2022-04-11 06:50:23.053]         tokens_all: 112256
[2022-04-11 06:50:23.053]         batched   :   5612
[2022-04-11 06:50:23.053]         ../data/sample_500k/adolescent_valid.txt
[2022-04-11 06:50:23.055] corpus.batchify(1 files, batch_size=20)...
[2022-04-11 06:50:23.055]         tokens_all: 115417
[2022-04-11 06:50:23.055]         batched   :   5770
[2022-04-11 06:50:23.055]         ../data/sample_500k/cbt_valid.txt
[2022-04-11 06:50:23.790] RNNModel.rnn_type: LSTM
[2022-04-11 06:50:23.790] RNNModel.ntoken  : 100726
[2022-04-11 06:50:23.790] RNNModel.ninp    : 200
[2022-04-11 06:50:23.790] RNNModel.nhid    : 200
[2022-04-11 06:50:23.791] RNNModel.nlayers : 2
[2022-04-11 06:50:23.791] RNNModel.dropout : 0.2
[2022-04-11 06:50:23.791] RNNModel.tie_weights: False
[2022-04-11 06:50:23.791] RNNModel.char_mode  : LSTM
[2022-04-11 06:50:23.791] RNNModel.char_cnt   : 167
[2022-04-11 06:50:23.791] RNNModel.char_emsize: 25
[2022-04-11 06:50:23.791] RNNModel.char_nhid  : 200
[2022-04-11 06:50:23.791] RNNModel.char_embeds: created
[2022-04-11 06:50:23.795] RNNModel.char_lstm       : created
[2022-04-11 06:50:23.795] RNNModel.char_lstm_linear: created
[2022-04-11 06:50:23.832] Epoch 001/40 ==================================================
[2022-04-11 06:51:47.332] E001 |   200/1398 batches | lr 20.0000 | loss  8.147 | ppl   3454.60
[2022-04-11 06:53:09.916] E001 |   400/1398 batches | lr 20.0000 | loss  6.978 | ppl   1072.48
[2022-04-11 06:54:33.151] E001 |   600/1398 batches | lr 20.0000 | loss  6.373 | ppl    585.91
[2022-04-11 06:55:57.571] E001 |   800/1398 batches | lr 20.0000 | loss  6.127 | ppl    458.15
[2022-04-11 06:57:21.709] E001 |  1000/1398 batches | lr 20.0000 | loss  5.918 | ppl    371.54
[2022-04-11 06:58:42.382] E001 |  1200/1398 batches | lr 20.0000 | loss  5.768 | ppl    320.01
[2022-04-11 07:00:04.032] E001 |  1398/1398 batches | lr 20.0000 | loss  5.629 | ppl    278.45
[2022-04-11 07:00:33.093] End E001 | valid loss  5.744; ppl    312.44 | accu 0.1855 = 42230/227640
[2022-04-11 07:01:35.678] End E001 |  test loss  8.313; ppl   4077.62 | accu 0.0662 = 33532/506840 ../data/sample_500k/adult_test.txt
[2022-04-11 07:01:49.845] End E001 |  test loss  6.373; ppl    585.82 | accu 0.1803 = 20237/112220 ../data/sample_500k/adolescent_valid.txt
[2022-04-11 07:02:03.944] End E001 |  test loss  5.134; ppl    169.67 | accu 0.1904 = 21974/115380 ../data/sample_500k/cbt_valid.txt
[2022-04-11 07:02:03.944] Save: model.pt... 
[2022-04-11 07:02:04.613] Save: model.pt...Done. best_val_loss: 5.7444
[2022-04-11 07:02:04.613] Epoch 002/40 ==================================================
[2022-04-11 07:03:28.054] E002 |   200/1398 batches | lr 20.0000 | loss  5.560 | ppl    259.72
[2022-04-11 07:04:49.742] E002 |   400/1398 batches | lr 20.0000 | loss  5.496 | ppl    243.63
[2022-04-11 07:06:12.299] E002 |   600/1398 batches | lr 20.0000 | loss  5.369 | ppl    214.60
[2022-04-11 07:07:36.452] E002 |   800/1398 batches | lr 20.0000 | loss  5.423 | ppl    226.52
[2022-04-11 07:08:59.441] E002 |  1000/1398 batches | lr 20.0000 | loss  5.339 | ppl    208.33
[2022-04-11 07:10:21.496] E002 |  1200/1398 batches | lr 20.0000 | loss  5.259 | ppl    192.21
[2022-04-11 07:11:42.704] E002 |  1398/1398 batches | lr 20.0000 | loss  5.200 | ppl    181.35
[2022-04-11 07:12:11.156] End E002 | valid loss  5.462; ppl    235.46 | accu 0.2031 = 46230/227640
[2022-04-11 07:13:14.268] End E002 |  test loss  8.205; ppl   3660.23 | accu 0.0819 = 41533/506840 ../data/sample_500k/adult_test.txt
[2022-04-11 07:13:28.252] End E002 |  test loss  6.035; ppl    417.95 | accu 0.2061 = 23131/112220 ../data/sample_500k/adolescent_valid.txt
[2022-04-11 07:13:42.387] End E002 |  test loss  4.905; ppl    134.98 | accu 0.2001 = 23083/115380 ../data/sample_500k/cbt_valid.txt
[2022-04-11 07:13:42.387] Save: model.pt... 
[2022-04-11 07:13:43.052] Save: model.pt...Done. best_val_loss: 5.4616
[2022-04-11 07:13:43.052] Epoch 003/40 ==================================================
[2022-04-11 07:15:06.254] E003 |   200/1398 batches | lr 20.0000 | loss  5.192 | ppl    179.75
[2022-04-11 07:16:26.624] E003 |   400/1398 batches | lr 20.0000 | loss  5.168 | ppl    175.61
[2022-04-11 07:17:49.460] E003 |   600/1398 batches | lr 20.0000 | loss  5.075 | ppl    160.02
[2022-04-11 07:19:13.309] E003 |   800/1398 batches | lr 20.0000 | loss  5.161 | ppl    174.35
[2022-04-11 07:20:37.981] E003 |  1000/1398 batches | lr 20.0000 | loss  5.092 | ppl    162.73
[2022-04-11 07:21:59.322] E003 |  1200/1398 batches | lr 20.0000 | loss  5.030 | ppl    153.01
[2022-04-11 07:23:18.069] E003 |  1398/1398 batches | lr 20.0000 | loss  4.974 | ppl    144.61
[2022-04-11 07:23:44.552] End E003 | valid loss  5.361; ppl    212.85 | accu 0.2144 = 48808/227640
[2022-04-11 07:24:44.852] End E003 |  test loss  8.186; ppl   3590.48 | accu 0.0832 = 42180/506840 ../data/sample_500k/adult_test.txt
[2022-04-11 07:24:58.081] End E003 |  test loss  5.956; ppl    386.14 | accu 0.2143 = 24054/112220 ../data/sample_500k/adolescent_valid.txt
[2022-04-11 07:25:11.632] End E003 |  test loss  4.783; ppl    119.44 | accu 0.2143 = 24723/115380 ../data/sample_500k/cbt_valid.txt
[2022-04-11 07:25:11.632] Save: model.pt... 
[2022-04-11 07:25:12.274] Save: model.pt...Done. best_val_loss: 5.3606
[2022-04-11 07:25:12.274] Epoch 004/40 ==================================================
[2022-04-11 07:26:34.418] E004 |   200/1398 batches | lr 20.0000 | loss  4.989 | ppl    146.80
[2022-04-11 07:27:54.110] E004 |   400/1398 batches | lr 20.0000 | loss  4.979 | ppl    145.38
[2022-04-11 07:29:16.281] E004 |   600/1398 batches | lr 20.0000 | loss  4.896 | ppl    133.73
[2022-04-11 07:30:38.486] E004 |   800/1398 batches | lr 20.0000 | loss  4.991 | ppl    147.09
[2022-04-11 07:32:01.876] E004 |  1000/1398 batches | lr 20.0000 | loss  4.926 | ppl    137.87
[2022-04-11 07:33:24.036] E004 |  1200/1398 batches | lr 20.0000 | loss  4.866 | ppl    129.77
[2022-04-11 07:34:44.203] E004 |  1398/1398 batches | lr 20.0000 | loss  4.821 | ppl    124.03
[2022-04-11 07:35:10.823] End E004 | valid loss  5.304; ppl    201.11 | accu 0.2172 = 49447/227640
[2022-04-11 07:36:10.873] End E004 |  test loss  8.122; ppl   3369.25 | accu 0.0878 = 44513/506840 ../data/sample_500k/adult_test.txt
[2022-04-11 07:36:24.123] End E004 |  test loss  5.897; ppl    364.00 | accu 0.2140 = 24019/112220 ../data/sample_500k/adolescent_valid.txt
[2022-04-11 07:36:37.908] End E004 |  test loss  4.728; ppl    113.04 | accu 0.2205 = 25436/115380 ../data/sample_500k/cbt_valid.txt
[2022-04-11 07:36:37.908] Save: model.pt... 
[2022-04-11 07:36:38.646] Save: model.pt...Done. best_val_loss: 5.3038
[2022-04-11 07:36:38.647] Epoch 005/40 ==================================================
[2022-04-11 07:38:01.756] E005 |   200/1398 batches | lr 20.0000 | loss  4.843 | ppl    126.79
[2022-04-11 07:39:21.141] E005 |   400/1398 batches | lr 20.0000 | loss  4.841 | ppl    126.61
[2022-04-11 07:40:41.919] E005 |   600/1398 batches | lr 20.0000 | loss  4.763 | ppl    117.10
[2022-04-11 07:42:05.977] E005 |   800/1398 batches | lr 20.0000 | loss  4.861 | ppl    129.12
[2022-04-11 07:43:30.819] E005 |  1000/1398 batches | lr 20.0000 | loss  4.797 | ppl    121.18
[2022-04-11 07:44:54.181] E005 |  1200/1398 batches | lr 20.0000 | loss  4.738 | ppl    114.26
[2022-04-11 07:46:14.794] E005 |  1398/1398 batches | lr 20.0000 | loss  4.702 | ppl    110.21
[2022-04-11 07:46:41.867] End E005 | valid loss  5.315; ppl    203.26 | accu 0.2175 = 49509/227640
[2022-04-11 07:47:41.659] End E005 |  test loss  8.220; ppl   3714.88 | accu 0.0873 = 44231/506840 ../data/sample_500k/adult_test.txt
[2022-04-11 07:47:56.602] End E005 |  test loss  5.947; ppl    382.61 | accu 0.2114 = 23727/112220 ../data/sample_500k/adolescent_valid.txt
[2022-04-11 07:48:10.145] End E005 |  test loss  4.701; ppl    110.03 | accu 0.2233 = 25768/115380 ../data/sample_500k/cbt_valid.txt
[2022-04-11 07:48:10.146] Epoch 006/40 ==================================================
[2022-04-11 07:49:32.341] E006 |   200/1398 batches | lr 10.0000 | loss  4.676 | ppl    107.32
[2022-04-11 07:50:51.729] E006 |   400/1398 batches | lr 10.0000 | loss  4.643 | ppl    103.82
[2022-04-11 07:52:15.496] E006 |   600/1398 batches | lr 10.0000 | loss  4.551 | ppl     94.73
[2022-04-11 07:53:41.711] E006 |   800/1398 batches | lr 10.0000 | loss  4.637 | ppl    103.26
[2022-04-11 07:55:07.558] E006 |  1000/1398 batches | lr 10.0000 | loss  4.565 | ppl     96.09
[2022-04-11 07:56:26.298] E006 |  1200/1398 batches | lr 10.0000 | loss  4.495 | ppl     89.58
[2022-04-11 07:57:45.626] E006 |  1398/1398 batches | lr 10.0000 | loss  4.450 | ppl     85.60
[2022-04-11 07:58:12.234] End E006 | valid loss  5.213; ppl    183.70 | accu 0.2299 = 52339/227640
[2022-04-11 07:59:11.422] End E006 |  test loss  8.218; ppl   3706.18 | accu 0.0910 = 46130/506840 ../data/sample_500k/adult_test.txt
[2022-04-11 07:59:24.491] End E006 |  test loss  5.825; ppl    338.75 | accu 0.2271 = 25487/112220 ../data/sample_500k/adolescent_valid.txt
[2022-04-11 07:59:37.877] End E006 |  test loss  4.621; ppl    101.62 | accu 0.2324 = 26809/115380 ../data/sample_500k/cbt_valid.txt
[2022-04-11 07:59:37.878] Save: model.pt... 
[2022-04-11 07:59:38.494] Save: model.pt...Done. best_val_loss: 5.2133
[2022-04-11 07:59:38.494] Epoch 007/40 ==================================================
[2022-04-11 08:01:00.912] E007 |   200/1398 batches | lr 10.0000 | loss  4.554 | ppl     95.01
[2022-04-11 08:02:19.208] E007 |   400/1398 batches | lr 10.0000 | loss  4.539 | ppl     93.57
[2022-04-11 08:03:38.577] E007 |   600/1398 batches | lr 10.0000 | loss  4.462 | ppl     86.67
[2022-04-11 08:05:03.889] E007 |   800/1398 batches | lr 10.0000 | loss  4.553 | ppl     94.90
[2022-04-11 08:06:29.860] E007 |  1000/1398 batches | lr 10.0000 | loss  4.485 | ppl     88.71
[2022-04-11 08:07:51.213] E007 |  1200/1398 batches | lr 10.0000 | loss  4.423 | ppl     83.32
[2022-04-11 08:09:11.632] E007 |  1398/1398 batches | lr 10.0000 | loss  4.386 | ppl     80.34
[2022-04-11 08:09:38.360] End E007 | valid loss  5.201; ppl    181.40 | accu 0.2294 = 52211/227640
[2022-04-11 08:10:38.114] End E007 |  test loss  8.220; ppl   3712.90 | accu 0.0911 = 46170/506840 ../data/sample_500k/adult_test.txt
[2022-04-11 08:10:51.246] End E007 |  test loss  5.804; ppl    331.74 | accu 0.2259 = 25352/112220 ../data/sample_500k/adolescent_valid.txt
[2022-04-11 08:11:04.730] End E007 |  test loss  4.614; ppl    100.91 | accu 0.2327 = 26847/115380 ../data/sample_500k/cbt_valid.txt
[2022-04-11 08:11:04.731] Save: model.pt... 
[2022-04-11 08:11:05.333] Save: model.pt...Done. best_val_loss: 5.2007
[2022-04-11 08:11:05.333] Epoch 008/40 ==================================================
[2022-04-11 08:12:26.456] E008 |   200/1398 batches | lr 10.0000 | loss  4.477 | ppl     88.01
[2022-04-11 08:13:44.667] E008 |   400/1398 batches | lr 10.0000 | loss  4.463 | ppl     86.74
[2022-04-11 08:15:04.132] E008 |   600/1398 batches | lr 10.0000 | loss  4.393 | ppl     80.86
[2022-04-11 08:16:25.929] E008 |   800/1398 batches | lr 10.0000 | loss  4.483 | ppl     88.49
[2022-04-11 08:17:47.469] E008 |  1000/1398 batches | lr 10.0000 | loss  4.426 | ppl     83.57
[2022-04-11 08:19:06.356] E008 |  1200/1398 batches | lr 10.0000 | loss  4.365 | ppl     78.68
[2022-04-11 08:20:24.837] E008 |  1398/1398 batches | lr 10.0000 | loss  4.327 | ppl     75.74
[2022-04-11 08:20:51.454] End E008 | valid loss  5.198; ppl    180.93 | accu 0.2326 = 52952/227640
[2022-04-11 08:21:50.839] End E008 |  test loss  8.271; ppl   3908.91 | accu 0.0890 = 45117/506840 ../data/sample_500k/adult_test.txt
[2022-04-11 08:22:03.928] End E008 |  test loss  5.808; ppl    332.93 | accu 0.2291 = 25704/112220 ../data/sample_500k/adolescent_valid.txt
[2022-04-11 08:22:17.375] End E008 |  test loss  4.606; ppl    100.09 | accu 0.2358 = 27208/115380 ../data/sample_500k/cbt_valid.txt
[2022-04-11 08:22:17.375] Save: model.pt... 
[2022-04-11 08:22:17.986] Save: model.pt...Done. best_val_loss: 5.1981
[2022-04-11 08:22:17.986] Epoch 009/40 ==================================================
[2022-04-11 08:23:38.411] E009 |   200/1398 batches | lr 10.0000 | loss  4.414 | ppl     82.58
[2022-04-11 08:24:56.586] E009 |   400/1398 batches | lr 10.0000 | loss  4.402 | ppl     81.61
[2022-04-11 08:26:18.819] E009 |   600/1398 batches | lr 10.0000 | loss  4.336 | ppl     76.44
[2022-04-11 08:27:43.722] E009 |   800/1398 batches | lr 10.0000 | loss  4.426 | ppl     83.59
[2022-04-11 08:29:09.915] E009 |  1000/1398 batches | lr 10.0000 | loss  4.367 | ppl     78.79
[2022-04-11 08:30:30.057] E009 |  1200/1398 batches | lr 10.0000 | loss  4.306 | ppl     74.14
[2022-04-11 08:31:48.238] E009 |  1398/1398 batches | lr 10.0000 | loss  4.277 | ppl     72.02
[2022-04-11 08:32:14.993] End E009 | valid loss  5.195; ppl    180.43 | accu 0.2316 = 52726/227640
[2022-04-11 08:33:14.344] End E009 |  test loss  8.254; ppl   3842.63 | accu 0.0929 = 47096/506840 ../data/sample_500k/adult_test.txt
[2022-04-11 08:33:27.474] End E009 |  test loss  5.808; ppl    333.07 | accu 0.2281 = 25594/112220 ../data/sample_500k/adolescent_valid.txt
[2022-04-11 08:33:40.853] End E009 |  test loss  4.600; ppl     99.49 | accu 0.2349 = 27107/115380 ../data/sample_500k/cbt_valid.txt
[2022-04-11 08:33:40.853] Save: model.pt... 
[2022-04-11 08:33:41.468] Save: model.pt...Done. best_val_loss: 5.1953
[2022-04-11 08:33:41.468] Epoch 010/40 ==================================================
[2022-04-11 08:35:01.795] E010 |   200/1398 batches | lr 10.0000 | loss  4.357 | ppl     78.03
[2022-04-11 08:36:19.980] E010 |   400/1398 batches | lr 10.0000 | loss  4.341 | ppl     76.82
[2022-04-11 08:37:39.759] E010 |   600/1398 batches | lr 10.0000 | loss  4.283 | ppl     72.47
[2022-04-11 08:39:03.478] E010 |   800/1398 batches | lr 10.0000 | loss  4.372 | ppl     79.22
[2022-04-11 08:40:27.016] E010 |  1000/1398 batches | lr 10.0000 | loss  4.314 | ppl     74.72
[2022-04-11 08:41:45.571] E010 |  1200/1398 batches | lr 10.0000 | loss  4.260 | ppl     70.78
[2022-04-11 08:43:03.960] E010 |  1398/1398 batches | lr 10.0000 | loss  4.229 | ppl     68.66
[2022-04-11 08:43:30.589] End E010 | valid loss  5.216; ppl    184.14 | accu 0.2302 = 52413/227640
[2022-04-11 08:44:30.059] End E010 |  test loss  8.285; ppl   3962.58 | accu 0.0912 = 46202/506840 ../data/sample_500k/adult_test.txt
[2022-04-11 08:44:43.171] End E010 |  test loss  5.842; ppl    344.38 | accu 0.2259 = 25351/112220 ../data/sample_500k/adolescent_valid.txt
[2022-04-11 08:44:56.625] End E010 |  test loss  4.607; ppl    100.23 | accu 0.2346 = 27071/115380 ../data/sample_500k/cbt_valid.txt
[2022-04-11 08:44:56.625] Epoch 011/40 ==================================================
[2022-04-11 08:46:17.042] E011 |   200/1398 batches | lr 5.0000 | loss  4.292 | ppl     73.13
[2022-04-11 08:47:35.454] E011 |   400/1398 batches | lr 5.0000 | loss  4.260 | ppl     70.82
[2022-04-11 08:48:55.174] E011 |   600/1398 batches | lr 5.0000 | loss  4.188 | ppl     65.87
[2022-04-11 08:50:16.624] E011 |   800/1398 batches | lr 5.0000 | loss  4.262 | ppl     70.98
[2022-04-11 08:51:38.375] E011 |  1000/1398 batches | lr 5.0000 | loss  4.197 | ppl     66.48
[2022-04-11 08:52:57.962] E011 |  1200/1398 batches | lr 5.0000 | loss  4.129 | ppl     62.14
[2022-04-11 08:54:16.099] E011 |  1398/1398 batches | lr 5.0000 | loss  4.091 | ppl     59.81
[2022-04-11 08:54:49.839] End E011 | valid loss  5.189; ppl    179.31 | accu 0.2359 = 53706/227640
[2022-04-11 08:56:05.111] End E011 |  test loss  8.404; ppl   4462.85 | accu 0.0887 = 44969/506840 ../data/sample_500k/adult_test.txt
[2022-04-11 08:56:21.613] End E011 |  test loss  5.824; ppl    338.37 | accu 0.2311 = 25936/112220 ../data/sample_500k/adolescent_valid.txt
[2022-04-11 08:56:38.560] End E011 |  test loss  4.574; ppl     96.91 | accu 0.2406 = 27761/115380 ../data/sample_500k/cbt_valid.txt
[2022-04-11 08:56:38.561] Save: model.pt... 
[2022-04-11 08:56:39.180] Save: model.pt...Done. best_val_loss: 5.1891
[2022-04-11 08:56:39.180] Epoch 012/40 ==================================================
[2022-04-11 08:58:04.894] E012 |   200/1398 batches | lr 5.0000 | loss  4.227 | ppl     68.48
[2022-04-11 08:59:27.319] E012 |   400/1398 batches | lr 5.0000 | loss  4.207 | ppl     67.15
[2022-04-11 09:00:46.660] E012 |   600/1398 batches | lr 5.0000 | loss  4.140 | ppl     62.83
[2022-04-11 09:02:09.062] E012 |   800/1398 batches | lr 5.0000 | loss  4.221 | ppl     68.12
[2022-04-11 09:03:31.229] E012 |  1000/1398 batches | lr 5.0000 | loss  4.163 | ppl     64.29
[2022-04-11 09:04:50.092] E012 |  1200/1398 batches | lr 5.0000 | loss  4.099 | ppl     60.29
[2022-04-11 09:06:08.840] E012 |  1398/1398 batches | lr 5.0000 | loss  4.066 | ppl     58.32
[2022-04-11 09:06:35.465] End E012 | valid loss  5.186; ppl    178.72 | accu 0.2358 = 53669/227640
[2022-04-11 09:07:34.727] End E012 |  test loss  8.410; ppl   4492.31 | accu 0.0890 = 45086/506840 ../data/sample_500k/adult_test.txt
[2022-04-11 09:07:47.797] End E012 |  test loss  5.824; ppl    338.22 | accu 0.2308 = 25896/112220 ../data/sample_500k/adolescent_valid.txt
[2022-04-11 09:08:01.220] End E012 |  test loss  4.567; ppl     96.26 | accu 0.2405 = 27748/115380 ../data/sample_500k/cbt_valid.txt
[2022-04-11 09:08:01.220] Save: model.pt... 
[2022-04-11 09:08:01.839] Save: model.pt...Done. best_val_loss: 5.1858
[2022-04-11 09:08:01.839] Epoch 013/40 ==================================================
[2022-04-11 09:09:21.550] E013 |   200/1398 batches | lr 5.0000 | loss  4.188 | ppl     65.91
[2022-04-11 09:10:44.380] E013 |   400/1398 batches | lr 5.0000 | loss  4.168 | ppl     64.61
[2022-04-11 09:12:05.855] E013 |   600/1398 batches | lr 5.0000 | loss  4.107 | ppl     60.78
[2022-04-11 09:13:27.128] E013 |   800/1398 batches | lr 5.0000 | loss  4.188 | ppl     65.90
[2022-04-11 09:14:47.945] E013 |  1000/1398 batches | lr 5.0000 | loss  4.132 | ppl     62.31
[2022-04-11 09:16:07.209] E013 |  1200/1398 batches | lr 5.0000 | loss  4.075 | ppl     58.86
[2022-04-11 09:17:25.427] E013 |  1398/1398 batches | lr 5.0000 | loss  4.043 | ppl     57.02
[2022-04-11 09:17:52.092] End E013 | valid loss  5.188; ppl    179.16 | accu 0.2364 = 53809/227640
[2022-04-11 09:18:51.486] End E013 |  test loss  8.404; ppl   4465.62 | accu 0.0908 = 46003/506840 ../data/sample_500k/adult_test.txt
[2022-04-11 09:19:04.584] End E013 |  test loss  5.829; ppl    340.16 | accu 0.2314 = 25972/112220 ../data/sample_500k/adolescent_valid.txt
[2022-04-11 09:19:17.993] End E013 |  test loss  4.566; ppl     96.14 | accu 0.2409 = 27795/115380 ../data/sample_500k/cbt_valid.txt
[2022-04-11 09:19:17.994] Epoch 014/40 ==================================================
[2022-04-11 09:20:38.627] E014 |   200/1398 batches | lr 2.5000 | loss  4.159 | ppl     64.03
[2022-04-11 09:21:57.663] E014 |   400/1398 batches | lr 2.5000 | loss  4.132 | ppl     62.29
[2022-04-11 09:23:19.729] E014 |   600/1398 batches | lr 2.5000 | loss  4.063 | ppl     58.17
[2022-04-11 09:24:41.456] E014 |   800/1398 batches | lr 2.5000 | loss  4.129 | ppl     62.13
[2022-04-11 09:26:02.767] E014 |  1000/1398 batches | lr 2.5000 | loss  4.072 | ppl     58.69
[2022-04-11 09:27:23.189] E014 |  1200/1398 batches | lr 2.5000 | loss  4.005 | ppl     54.86
[2022-04-11 09:28:41.554] E014 |  1398/1398 batches | lr 2.5000 | loss  3.972 | ppl     53.10
[2022-04-11 09:29:08.166] End E014 | valid loss  5.181; ppl    177.81 | accu 0.2388 = 54350/227640
[2022-04-11 09:30:07.356] End E014 |  test loss  8.453; ppl   4687.40 | accu 0.0907 = 45966/506840 ../data/sample_500k/adult_test.txt
[2022-04-11 09:30:20.480] End E014 |  test loss  5.831; ppl    340.73 | accu 0.2330 = 26150/112220 ../data/sample_500k/adolescent_valid.txt
[2022-04-11 09:30:33.945] End E014 |  test loss  4.550; ppl     94.66 | accu 0.2439 = 28145/115380 ../data/sample_500k/cbt_valid.txt
[2022-04-11 09:30:33.945] Save: model.pt... 
[2022-04-11 09:30:34.554] Save: model.pt...Done. best_val_loss: 5.1807
[2022-04-11 09:30:34.555] Epoch 015/40 ==================================================
[2022-04-11 09:31:55.343] E015 |   200/1398 batches | lr 2.5000 | loss  4.124 | ppl     61.79
[2022-04-11 09:33:13.935] E015 |   400/1398 batches | lr 2.5000 | loss  4.102 | ppl     60.44
[2022-04-11 09:34:33.367] E015 |   600/1398 batches | lr 2.5000 | loss  4.037 | ppl     56.67
[2022-04-11 09:35:55.791] E015 |   800/1398 batches | lr 2.5000 | loss  4.112 | ppl     61.09
[2022-04-11 09:37:16.915] E015 |  1000/1398 batches | lr 2.5000 | loss  4.058 | ppl     57.87
[2022-04-11 09:38:35.813] E015 |  1200/1398 batches | lr 2.5000 | loss  3.996 | ppl     54.35
[2022-04-11 09:39:54.074] E015 |  1398/1398 batches | lr 2.5000 | loss  3.964 | ppl     52.66
[2022-04-11 09:40:20.682] End E015 | valid loss  5.179; ppl    177.53 | accu 0.2388 = 54356/227640
[2022-04-11 09:41:19.825] End E015 |  test loss  8.438; ppl   4620.79 | accu 0.0910 = 46110/506840 ../data/sample_500k/adult_test.txt
[2022-04-11 09:41:32.826] End E015 |  test loss  5.829; ppl    339.90 | accu 0.2322 = 26060/112220 ../data/sample_500k/adolescent_valid.txt
[2022-04-11 09:41:46.300] End E015 |  test loss  4.550; ppl     94.61 | accu 0.2449 = 28254/115380 ../data/sample_500k/cbt_valid.txt
[2022-04-11 09:41:46.301] Save: model.pt... 
[2022-04-11 09:41:46.909] Save: model.pt...Done. best_val_loss: 5.1792
[2022-04-11 09:41:46.910] Epoch 016/40 ==================================================
[2022-04-11 09:43:07.895] E016 |   200/1398 batches | lr 2.5000 | loss  4.104 | ppl     60.59
[2022-04-11 09:44:26.183] E016 |   400/1398 batches | lr 2.5000 | loss  4.080 | ppl     59.15
[2022-04-11 09:45:47.506] E016 |   600/1398 batches | lr 2.5000 | loss  4.018 | ppl     55.62
[2022-04-11 09:47:09.643] E016 |   800/1398 batches | lr 2.5000 | loss  4.093 | ppl     59.91
[2022-04-11 09:48:30.715] E016 |  1000/1398 batches | lr 2.5000 | loss  4.036 | ppl     56.60
[2022-04-11 09:49:49.771] E016 |  1200/1398 batches | lr 2.5000 | loss  3.979 | ppl     53.47
[2022-04-11 09:51:08.104] E016 |  1398/1398 batches | lr 2.5000 | loss  3.949 | ppl     51.91
[2022-04-11 09:51:34.762] End E016 | valid loss  5.192; ppl    179.76 | accu 0.2386 = 54324/227640
[2022-04-11 09:52:34.108] End E016 |  test loss  8.469; ppl   4762.85 | accu 0.0905 = 45892/506840 ../data/sample_500k/adult_test.txt
[2022-04-11 09:52:47.186] End E016 |  test loss  5.854; ppl    348.62 | accu 0.2325 = 26091/112220 ../data/sample_500k/adolescent_valid.txt
[2022-04-11 09:53:00.605] End E016 |  test loss  4.549; ppl     94.57 | accu 0.2445 = 28209/115380 ../data/sample_500k/cbt_valid.txt
[2022-04-11 09:53:00.606] Epoch 017/40 ==================================================
[2022-04-11 09:54:21.500] E017 |   200/1398 batches | lr 1.2500 | loss  4.092 | ppl     59.85
[2022-04-11 09:55:41.575] E017 |   400/1398 batches | lr 1.2500 | loss  4.061 | ppl     58.04
[2022-04-11 09:57:00.954] E017 |   600/1398 batches | lr 1.2500 | loss  3.996 | ppl     54.41
[2022-04-11 09:58:22.411] E017 |   800/1398 batches | lr 1.2500 | loss  4.067 | ppl     58.40
[2022-04-11 09:59:43.336] E017 |  1000/1398 batches | lr 1.2500 | loss  4.010 | ppl     55.12
[2022-04-11 10:01:02.306] E017 |  1200/1398 batches | lr 1.2500 | loss  3.942 | ppl     51.52
[2022-04-11 10:02:20.923] E017 |  1398/1398 batches | lr 1.2500 | loss  3.912 | ppl     50.00
[2022-04-11 10:02:47.616] End E017 | valid loss  5.181; ppl    177.91 | accu 0.2397 = 54560/227640
[2022-04-11 10:03:46.958] End E017 |  test loss  8.496; ppl   4897.26 | accu 0.0907 = 45966/506840 ../data/sample_500k/adult_test.txt
[2022-04-11 10:04:00.035] End E017 |  test loss  5.841; ppl    344.01 | accu 0.2334 = 26191/112220 ../data/sample_500k/adolescent_valid.txt
[2022-04-11 10:04:13.439] End E017 |  test loss  4.542; ppl     93.88 | accu 0.2454 = 28318/115380 ../data/sample_500k/cbt_valid.txt
[2022-04-11 10:04:13.439] Epoch 018/40 ==================================================
[2022-04-11 10:05:33.894] E018 |   200/1398 batches | lr 0.6250 | loss  4.078 | ppl     59.04
[2022-04-11 10:06:52.048] E018 |   400/1398 batches | lr 0.6250 | loss  4.052 | ppl     57.50
[2022-04-11 10:08:11.389] E018 |   600/1398 batches | lr 0.6250 | loss  3.987 | ppl     53.89
[2022-04-11 10:09:34.344] E018 |   800/1398 batches | lr 0.6250 | loss  4.054 | ppl     57.66
[2022-04-11 10:10:58.999] E018 |  1000/1398 batches | lr 0.6250 | loss  3.996 | ppl     54.38
[2022-04-11 10:12:18.021] E018 |  1200/1398 batches | lr 0.6250 | loss  3.929 | ppl     50.87
[2022-04-11 10:13:37.021] E018 |  1398/1398 batches | lr 0.6250 | loss  3.892 | ppl     49.01
[2022-04-11 10:14:03.678] End E018 | valid loss  5.178; ppl    177.36 | accu 0.2401 = 54667/227640
[2022-04-11 10:15:03.048] End E018 |  test loss  8.508; ppl   4953.36 | accu 0.0916 = 46412/506840 ../data/sample_500k/adult_test.txt
[2022-04-11 10:15:16.148] End E018 |  test loss  5.839; ppl    343.43 | accu 0.2337 = 26229/112220 ../data/sample_500k/adolescent_valid.txt
[2022-04-11 10:15:29.525] End E018 |  test loss  4.538; ppl     93.47 | accu 0.2462 = 28402/115380 ../data/sample_500k/cbt_valid.txt
[2022-04-11 10:15:29.525] Save: model.pt... 
[2022-04-11 10:15:30.116] Save: model.pt...Done. best_val_loss: 5.1782
[2022-04-11 10:15:30.116] Epoch 019/40 ==================================================
[2022-04-11 10:16:50.823] E019 |   200/1398 batches | lr 0.6250 | loss  4.069 | ppl     58.49
[2022-04-11 10:18:08.930] E019 |   400/1398 batches | lr 0.6250 | loss  4.039 | ppl     56.78
[2022-04-11 10:19:28.337] E019 |   600/1398 batches | lr 0.6250 | loss  3.973 | ppl     53.17
[2022-04-11 10:20:49.359] E019 |   800/1398 batches | lr 0.6250 | loss  4.045 | ppl     57.11
[2022-04-11 10:22:10.284] E019 |  1000/1398 batches | lr 0.6250 | loss  3.990 | ppl     54.04
[2022-04-11 10:23:29.311] E019 |  1200/1398 batches | lr 0.6250 | loss  3.923 | ppl     50.55
[2022-04-11 10:24:47.452] E019 |  1398/1398 batches | lr 0.6250 | loss  3.891 | ppl     48.98
[2022-04-11 10:25:14.207] End E019 | valid loss  5.181; ppl    177.94 | accu 0.2406 = 54775/227640
[2022-04-11 10:26:13.703] End E019 |  test loss  8.509; ppl   4958.34 | accu 0.0917 = 46499/506840 ../data/sample_500k/adult_test.txt
[2022-04-11 10:26:26.791] End E019 |  test loss  5.848; ppl    346.43 | accu 0.2342 = 26284/112220 ../data/sample_500k/adolescent_valid.txt
[2022-04-11 10:26:40.219] End E019 |  test loss  4.536; ppl     93.29 | accu 0.2465 = 28439/115380 ../data/sample_500k/cbt_valid.txt
[2022-04-11 10:26:40.219] Epoch 020/40 ==================================================
[2022-04-11 10:28:00.536] E020 |   200/1398 batches | lr 0.3125 | loss  4.065 | ppl     58.28
[2022-04-11 10:29:19.014] E020 |   400/1398 batches | lr 0.3125 | loss  4.039 | ppl     56.79
[2022-04-11 10:30:39.383] E020 |   600/1398 batches | lr 0.3125 | loss  3.970 | ppl     53.00
[2022-04-11 10:32:02.608] E020 |   800/1398 batches | lr 0.3125 | loss  4.039 | ppl     56.79
[2022-04-11 10:33:23.323] E020 |  1000/1398 batches | lr 0.3125 | loss  3.981 | ppl     53.59
[2022-04-11 10:34:41.987] E020 |  1200/1398 batches | lr 0.3125 | loss  3.921 | ppl     50.46
[2022-04-11 10:36:00.292] E020 |  1398/1398 batches | lr 0.3125 | loss  3.881 | ppl     48.47
[2022-04-11 10:36:26.938] End E020 | valid loss  5.177; ppl    177.22 | accu 0.2407 = 54784/227640
[2022-04-11 10:37:26.328] End E020 |  test loss  8.505; ppl   4940.40 | accu 0.0917 = 46461/506840 ../data/sample_500k/adult_test.txt
[2022-04-11 10:37:39.363] End E020 |  test loss  5.842; ppl    344.32 | accu 0.2341 = 26274/112220 ../data/sample_500k/adolescent_valid.txt
[2022-04-11 10:37:52.808] End E020 |  test loss  4.533; ppl     93.08 | accu 0.2467 = 28468/115380 ../data/sample_500k/cbt_valid.txt
[2022-04-11 10:37:52.808] Save: model.pt... 
[2022-04-11 10:37:53.400] Save: model.pt...Done. best_val_loss: 5.1774
[2022-04-11 10:37:53.400] Epoch 021/40 ==================================================
[2022-04-11 10:39:14.882] E021 |   200/1398 batches | lr 0.3125 | loss  4.061 | ppl     58.03
[2022-04-11 10:40:32.388] E021 |   400/1398 batches | lr 0.3125 | loss  4.030 | ppl     56.26
[2022-04-11 10:41:53.633] E021 |   600/1398 batches | lr 0.3125 | loss  3.968 | ppl     52.89
[2022-04-11 10:43:16.241] E021 |   800/1398 batches | lr 0.3125 | loss  4.034 | ppl     56.48
[2022-04-11 10:44:36.664] E021 |  1000/1398 batches | lr 0.3125 | loss  3.977 | ppl     53.35
[2022-04-11 10:45:55.476] E021 |  1200/1398 batches | lr 0.3125 | loss  3.917 | ppl     50.23
[2022-04-11 10:47:14.091] E021 |  1398/1398 batches | lr 0.3125 | loss  3.878 | ppl     48.35
[2022-04-11 10:47:40.750] End E021 | valid loss  5.177; ppl    177.17 | accu 0.2407 = 54796/227640
[2022-04-11 10:48:40.171] End E021 |  test loss  8.504; ppl   4933.40 | accu 0.0923 = 46775/506840 ../data/sample_500k/adult_test.txt
[2022-04-11 10:48:53.268] End E021 |  test loss  5.842; ppl    344.30 | accu 0.2339 = 26248/112220 ../data/sample_500k/adolescent_valid.txt
[2022-04-11 10:49:06.699] End E021 |  test loss  4.533; ppl     93.05 | accu 0.2472 = 28519/115380 ../data/sample_500k/cbt_valid.txt
[2022-04-11 10:49:06.699] Save: model.pt... 
[2022-04-11 10:49:07.299] Save: model.pt...Done. best_val_loss: 5.1771
[2022-04-11 10:49:07.299] Epoch 022/40 ==================================================
[2022-04-11 10:50:28.201] E022 |   200/1398 batches | lr 0.3125 | loss  4.056 | ppl     57.75
[2022-04-11 10:51:46.385] E022 |   400/1398 batches | lr 0.3125 | loss  4.028 | ppl     56.17
[2022-04-11 10:53:05.876] E022 |   600/1398 batches | lr 0.3125 | loss  3.962 | ppl     52.57
[2022-04-11 10:54:27.730] E022 |   800/1398 batches | lr 0.3125 | loss  4.029 | ppl     56.22
[2022-04-11 10:55:53.717] E022 |  1000/1398 batches | lr 0.3125 | loss  3.976 | ppl     53.29
[2022-04-11 10:57:14.767] E022 |  1200/1398 batches | lr 0.3125 | loss  3.911 | ppl     49.94
[2022-04-11 10:58:32.931] E022 |  1398/1398 batches | lr 0.3125 | loss  3.875 | ppl     48.20
[2022-04-11 10:58:59.606] End E022 | valid loss  5.177; ppl    177.24 | accu 0.2406 = 54774/227640
[2022-04-11 10:59:58.816] End E022 |  test loss  8.506; ppl   4942.46 | accu 0.0920 = 46642/506840 ../data/sample_500k/adult_test.txt
[2022-04-11 11:00:11.893] End E022 |  test loss  5.842; ppl    344.47 | accu 0.2339 = 26248/112220 ../data/sample_500k/adolescent_valid.txt
[2022-04-11 11:00:25.315] End E022 |  test loss  4.534; ppl     93.09 | accu 0.2468 = 28476/115380 ../data/sample_500k/cbt_valid.txt
[2022-04-11 11:00:25.315] Epoch 023/40 ==================================================
[2022-04-11 11:01:45.735] E023 |   200/1398 batches | lr 0.1562 | loss  4.055 | ppl     57.70
[2022-04-11 11:03:04.419] E023 |   400/1398 batches | lr 0.1562 | loss  4.027 | ppl     56.10
[2022-04-11 11:04:24.166] E023 |   600/1398 batches | lr 0.1562 | loss  3.961 | ppl     52.48
[2022-04-11 11:05:45.525] E023 |   800/1398 batches | lr 0.1562 | loss  4.026 | ppl     56.05
[2022-04-11 11:07:07.653] E023 |  1000/1398 batches | lr 0.1562 | loss  3.969 | ppl     52.94
[2022-04-11 11:08:26.272] E023 |  1200/1398 batches | lr 0.1562 | loss  3.908 | ppl     49.80
[2022-04-11 11:09:45.470] E023 |  1398/1398 batches | lr 0.1562 | loss  3.870 | ppl     47.96
[2022-04-11 11:10:12.098] End E023 | valid loss  5.178; ppl    177.25 | accu 0.2407 = 54797/227640
[2022-04-11 11:11:11.340] End E023 |  test loss  8.505; ppl   4937.56 | accu 0.0924 = 46854/506840 ../data/sample_500k/adult_test.txt
[2022-04-11 11:11:24.408] End E023 |  test loss  5.843; ppl    344.85 | accu 0.2341 = 26268/112220 ../data/sample_500k/adolescent_valid.txt
[2022-04-11 11:11:37.817] End E023 |  test loss  4.532; ppl     92.98 | accu 0.2469 = 28485/115380 ../data/sample_500k/cbt_valid.txt
[2022-04-11 11:11:37.817] Epoch 024/40 ==================================================
[2022-04-11 11:12:58.303] E024 |   200/1398 batches | lr 0.0781 | loss  4.052 | ppl     57.49
[2022-04-11 11:14:17.146] E024 |   400/1398 batches | lr 0.0781 | loss  4.025 | ppl     55.98
[2022-04-11 11:15:36.511] E024 |   600/1398 batches | lr 0.0781 | loss  3.957 | ppl     52.30
[2022-04-11 11:16:58.260] E024 |   800/1398 batches | lr 0.0781 | loss  4.027 | ppl     56.08
[2022-04-11 11:18:18.937] E024 |  1000/1398 batches | lr 0.0781 | loss  3.967 | ppl     52.83
[2022-04-11 11:19:38.068] E024 |  1200/1398 batches | lr 0.0781 | loss  3.903 | ppl     49.53
[2022-04-11 11:20:56.061] E024 |  1398/1398 batches | lr 0.0781 | loss  3.868 | ppl     47.86
[2022-04-11 11:21:22.723] End E024 | valid loss  5.176; ppl    177.02 | accu 0.2408 = 54813/227640
[2022-04-11 11:22:22.249] End E024 |  test loss  8.503; ppl   4929.24 | accu 0.0928 = 47055/506840 ../data/sample_500k/adult_test.txt
[2022-04-11 11:22:38.700] End E024 |  test loss  5.841; ppl    344.29 | accu 0.2344 = 26299/112220 ../data/sample_500k/adolescent_valid.txt
[2022-04-11 11:22:55.653] End E024 |  test loss  4.531; ppl     92.89 | accu 0.2468 = 28481/115380 ../data/sample_500k/cbt_valid.txt
[2022-04-11 11:22:55.653] Save: model.pt... 
[2022-04-11 11:22:56.248] Save: model.pt...Done. best_val_loss: 5.1763
[2022-04-11 11:22:56.248] Epoch 025/40 ==================================================
[2022-04-11 11:24:20.756] E025 |   200/1398 batches | lr 0.0781 | loss  4.046 | ppl     57.17
[2022-04-11 11:25:39.165] E025 |   400/1398 batches | lr 0.0781 | loss  4.023 | ppl     55.87
[2022-04-11 11:26:58.621] E025 |   600/1398 batches | lr 0.0781 | loss  3.957 | ppl     52.31
[2022-04-11 11:28:20.479] E025 |   800/1398 batches | lr 0.0781 | loss  4.024 | ppl     55.92
[2022-04-11 11:29:41.417] E025 |  1000/1398 batches | lr 0.0781 | loss  3.971 | ppl     53.06
[2022-04-11 11:31:01.257] E025 |  1200/1398 batches | lr 0.0781 | loss  3.903 | ppl     49.56
[2022-04-11 11:32:19.433] E025 |  1398/1398 batches | lr 0.0781 | loss  3.870 | ppl     47.92
[2022-04-11 11:32:46.086] End E025 | valid loss  5.176; ppl    177.04 | accu 0.2407 = 54800/227640
[2022-04-11 11:33:45.257] End E025 |  test loss  8.501; ppl   4919.93 | accu 0.0930 = 47112/506840 ../data/sample_500k/adult_test.txt
[2022-04-11 11:33:58.309] End E025 |  test loss  5.842; ppl    344.33 | accu 0.2343 = 26296/112220 ../data/sample_500k/adolescent_valid.txt
[2022-04-11 11:34:11.722] End E025 |  test loss  4.532; ppl     92.90 | accu 0.2468 = 28481/115380 ../data/sample_500k/cbt_valid.txt
[2022-04-11 11:34:11.722] Epoch 026/40 ==================================================
[2022-04-11 11:35:32.027] E026 |   200/1398 batches | lr 0.0391 | loss  4.050 | ppl     57.38
[2022-04-11 11:36:50.755] E026 |   400/1398 batches | lr 0.0391 | loss  4.022 | ppl     55.81
[2022-04-11 11:38:11.213] E026 |   600/1398 batches | lr 0.0391 | loss  3.959 | ppl     52.38
[2022-04-11 11:39:32.577] E026 |   800/1398 batches | lr 0.0391 | loss  4.024 | ppl     55.95
[2022-04-11 11:40:53.669] E026 |  1000/1398 batches | lr 0.0391 | loss  3.968 | ppl     52.89
[2022-04-11 11:42:12.495] E026 |  1200/1398 batches | lr 0.0391 | loss  3.903 | ppl     49.56
[2022-04-11 11:43:31.134] E026 |  1398/1398 batches | lr 0.0391 | loss  3.867 | ppl     47.79
[2022-04-11 11:43:57.631] End E026 | valid loss  5.176; ppl    176.99 | accu 0.2408 = 54814/227640
[2022-04-11 11:44:57.022] End E026 |  test loss  8.500; ppl   4915.06 | accu 0.0930 = 47154/506840 ../data/sample_500k/adult_test.txt
[2022-04-11 11:45:10.083] End E026 |  test loss  5.842; ppl    344.30 | accu 0.2343 = 26295/112220 ../data/sample_500k/adolescent_valid.txt
[2022-04-11 11:45:23.514] End E026 |  test loss  4.531; ppl     92.85 | accu 0.2469 = 28492/115380 ../data/sample_500k/cbt_valid.txt
[2022-04-11 11:45:23.515] Save: model.pt... 
[2022-04-11 11:45:24.108] Save: model.pt...Done. best_val_loss: 5.1761
[2022-04-11 11:45:24.108] Epoch 027/40 ==================================================
[2022-04-11 11:46:44.803] E027 |   200/1398 batches | lr 0.0391 | loss  4.048 | ppl     57.27
[2022-04-11 11:48:02.970] E027 |   400/1398 batches | lr 0.0391 | loss  4.019 | ppl     55.66
[2022-04-11 11:49:22.949] E027 |   600/1398 batches | lr 0.0391 | loss  3.956 | ppl     52.24
[2022-04-11 11:50:44.699] E027 |   800/1398 batches | lr 0.0391 | loss  4.022 | ppl     55.82
[2022-04-11 11:52:05.517] E027 |  1000/1398 batches | lr 0.0391 | loss  3.964 | ppl     52.64
[2022-04-11 11:53:24.613] E027 |  1200/1398 batches | lr 0.0391 | loss  3.904 | ppl     49.62
[2022-04-11 11:54:42.580] E027 |  1398/1398 batches | lr 0.0391 | loss  3.868 | ppl     47.84
[2022-04-11 11:55:09.196] End E027 | valid loss  5.176; ppl    176.97 | accu 0.2407 = 54792/227640
[2022-04-11 11:56:08.373] End E027 |  test loss  8.501; ppl   4920.09 | accu 0.0930 = 47126/506840 ../data/sample_500k/adult_test.txt
[2022-04-11 11:56:21.403] End E027 |  test loss  5.841; ppl    344.26 | accu 0.2342 = 26287/112220 ../data/sample_500k/adolescent_valid.txt
[2022-04-11 11:56:34.782] End E027 |  test loss  4.531; ppl     92.84 | accu 0.2468 = 28475/115380 ../data/sample_500k/cbt_valid.txt
[2022-04-11 11:56:34.782] Save: model.pt... 
[2022-04-11 11:56:35.380] Save: model.pt...Done. best_val_loss: 5.1760
[2022-04-11 11:56:35.380] Epoch 028/40 ==================================================
[2022-04-11 11:57:57.033] E028 |   200/1398 batches | lr 0.0391 | loss  4.048 | ppl     57.26
[2022-04-11 11:59:17.289] E028 |   400/1398 batches | lr 0.0391 | loss  4.017 | ppl     55.51
[2022-04-11 12:00:36.935] E028 |   600/1398 batches | lr 0.0391 | loss  3.956 | ppl     52.26
[2022-04-11 12:01:58.411] E028 |   800/1398 batches | lr 0.0391 | loss  4.021 | ppl     55.78
[2022-04-11 12:03:19.548] E028 |  1000/1398 batches | lr 0.0391 | loss  3.966 | ppl     52.76
[2022-04-11 12:04:38.512] E028 |  1200/1398 batches | lr 0.0391 | loss  3.902 | ppl     49.50
[2022-04-11 12:06:00.993] E028 |  1398/1398 batches | lr 0.0391 | loss  3.867 | ppl     47.80
[2022-04-11 12:06:27.577] End E028 | valid loss  5.176; ppl    176.90 | accu 0.2407 = 54795/227640
[2022-04-11 12:07:26.726] End E028 |  test loss  8.502; ppl   4922.20 | accu 0.0930 = 47146/506840 ../data/sample_500k/adult_test.txt
[2022-04-11 12:07:39.779] End E028 |  test loss  5.841; ppl    344.01 | accu 0.2344 = 26305/112220 ../data/sample_500k/adolescent_valid.txt
[2022-04-11 12:07:53.133] End E028 |  test loss  4.531; ppl     92.84 | accu 0.2467 = 28461/115380 ../data/sample_500k/cbt_valid.txt
[2022-04-11 12:07:53.133] Save: model.pt... 
[2022-04-11 12:07:53.730] Save: model.pt...Done. best_val_loss: 5.1756
[2022-04-11 12:07:53.730] Epoch 029/40 ==================================================
[2022-04-11 12:09:14.312] E029 |   200/1398 batches | lr 0.0391 | loss  4.047 | ppl     57.20
[2022-04-11 12:10:32.454] E029 |   400/1398 batches | lr 0.0391 | loss  4.021 | ppl     55.77
[2022-04-11 12:11:51.836] E029 |   600/1398 batches | lr 0.0391 | loss  3.953 | ppl     52.11
[2022-04-11 12:13:14.264] E029 |   800/1398 batches | lr 0.0391 | loss  4.022 | ppl     55.84
[2022-04-11 12:14:36.969] E029 |  1000/1398 batches | lr 0.0391 | loss  3.966 | ppl     52.77
[2022-04-11 12:15:55.741] E029 |  1200/1398 batches | lr 0.0391 | loss  3.903 | ppl     49.56
[2022-04-11 12:17:13.814] E029 |  1398/1398 batches | lr 0.0391 | loss  3.866 | ppl     47.77
[2022-04-11 12:17:40.383] End E029 | valid loss  5.176; ppl    176.90 | accu 0.2408 = 54811/227640
[2022-04-11 12:18:39.453] End E029 |  test loss  8.501; ppl   4917.62 | accu 0.0931 = 47175/506840 ../data/sample_500k/adult_test.txt
[2022-04-11 12:18:52.484] End E029 |  test loss  5.841; ppl    344.04 | accu 0.2345 = 26320/112220 ../data/sample_500k/adolescent_valid.txt
[2022-04-11 12:19:05.897] End E029 |  test loss  4.531; ppl     92.83 | accu 0.2468 = 28475/115380 ../data/sample_500k/cbt_valid.txt
[2022-04-11 12:19:05.897] Save: model.pt... 
[2022-04-11 12:19:06.494] Save: model.pt...Done. best_val_loss: 5.1756
[2022-04-11 12:19:06.494] Epoch 030/40 ==================================================
[2022-04-11 12:20:29.810] E030 |   200/1398 batches | lr 0.0391 | loss  4.045 | ppl     57.13
[2022-04-11 12:21:50.851] E030 |   400/1398 batches | lr 0.0391 | loss  4.017 | ppl     55.56
[2022-04-11 12:23:12.909] E030 |   600/1398 batches | lr 0.0391 | loss  3.953 | ppl     52.12
[2022-04-11 12:24:34.174] E030 |   800/1398 batches | lr 0.0391 | loss  4.023 | ppl     55.85
[2022-04-11 12:25:54.770] E030 |  1000/1398 batches | lr 0.0391 | loss  3.964 | ppl     52.66
[2022-04-11 12:27:13.715] E030 |  1200/1398 batches | lr 0.0391 | loss  3.904 | ppl     49.62
[2022-04-11 12:28:31.809] E030 |  1398/1398 batches | lr 0.0391 | loss  3.867 | ppl     47.78
[2022-04-11 12:28:58.460] End E030 | valid loss  5.176; ppl    176.90 | accu 0.2408 = 54822/227640
[2022-04-11 12:29:57.515] End E030 |  test loss  8.502; ppl   4923.65 | accu 0.0930 = 47132/506840 ../data/sample_500k/adult_test.txt
[2022-04-11 12:30:10.581] End E030 |  test loss  5.841; ppl    344.08 | accu 0.2346 = 26322/112220 ../data/sample_500k/adolescent_valid.txt
[2022-04-11 12:30:23.997] End E030 |  test loss  4.531; ppl     92.81 | accu 0.2468 = 28477/115380 ../data/sample_500k/cbt_valid.txt
[2022-04-11 12:30:23.997] Epoch 031/40 ==================================================
[2022-04-11 12:31:45.677] E031 |   200/1398 batches | lr 0.0195 | loss  4.043 | ppl     57.01
[2022-04-11 12:33:04.619] E031 |   400/1398 batches | lr 0.0195 | loss  4.017 | ppl     55.55
[2022-04-11 12:34:23.883] E031 |   600/1398 batches | lr 0.0195 | loss  3.956 | ppl     52.24
[2022-04-11 12:35:45.148] E031 |   800/1398 batches | lr 0.0195 | loss  4.024 | ppl     55.94
[2022-04-11 12:37:06.172] E031 |  1000/1398 batches | lr 0.0195 | loss  3.967 | ppl     52.80
[2022-04-11 12:38:25.484] E031 |  1200/1398 batches | lr 0.0195 | loss  3.901 | ppl     49.44
[2022-04-11 12:39:43.743] E031 |  1398/1398 batches | lr 0.0195 | loss  3.869 | ppl     47.91
[2022-04-11 12:40:10.307] End E031 | valid loss  5.176; ppl    176.98 | accu 0.2409 = 54836/227640
[2022-04-11 12:41:09.615] End E031 |  test loss  8.502; ppl   4922.32 | accu 0.0930 = 47139/506840 ../data/sample_500k/adult_test.txt
[2022-04-11 12:41:22.622] End E031 |  test loss  5.842; ppl    344.43 | accu 0.2345 = 26315/112220 ../data/sample_500k/adolescent_valid.txt
[2022-04-11 12:41:36.011] End E031 |  test loss  4.530; ppl     92.80 | accu 0.2470 = 28497/115380 ../data/sample_500k/cbt_valid.txt
[2022-04-11 12:41:36.011] Epoch 032/40 ==================================================
[2022-04-11 12:42:57.235] E032 |   200/1398 batches | lr 0.0098 | loss  4.044 | ppl     57.03
[2022-04-11 12:44:15.927] E032 |   400/1398 batches | lr 0.0098 | loss  4.015 | ppl     55.41
[2022-04-11 12:45:37.993] E032 |   600/1398 batches | lr 0.0098 | loss  3.955 | ppl     52.21
[2022-04-11 12:47:00.146] E032 |   800/1398 batches | lr 0.0098 | loss  4.022 | ppl     55.80
[2022-04-11 12:48:21.605] E032 |  1000/1398 batches | lr 0.0098 | loss  3.964 | ppl     52.66
[2022-04-11 12:49:40.313] E032 |  1200/1398 batches | lr 0.0098 | loss  3.900 | ppl     49.41
[2022-04-11 12:50:58.419] E032 |  1398/1398 batches | lr 0.0098 | loss  3.866 | ppl     47.74
[2022-04-11 12:51:24.891] End E032 | valid loss  5.176; ppl    176.95 | accu 0.2409 = 54838/227640
[2022-04-11 12:52:23.988] End E032 |  test loss  8.502; ppl   4924.33 | accu 0.0930 = 47146/506840 ../data/sample_500k/adult_test.txt
[2022-04-11 12:52:37.028] End E032 |  test loss  5.842; ppl    344.34 | accu 0.2345 = 26310/112220 ../data/sample_500k/adolescent_valid.txt
[2022-04-11 12:52:50.461] End E032 |  test loss  4.530; ppl     92.79 | accu 0.2471 = 28511/115380 ../data/sample_500k/cbt_valid.txt
[2022-04-11 12:52:50.461] Epoch 033/40 ==================================================
[2022-04-11 12:54:10.830] E033 |   200/1398 batches | lr 0.0049 | loss  4.048 | ppl     57.26
[2022-04-11 12:55:28.922] E033 |   400/1398 batches | lr 0.0049 | loss  4.017 | ppl     55.56
[2022-04-11 12:56:48.098] E033 |   600/1398 batches | lr 0.0049 | loss  3.956 | ppl     52.24
[2022-04-11 12:58:08.983] E033 |   800/1398 batches | lr 0.0049 | loss  4.022 | ppl     55.81
[2022-04-11 12:59:30.202] E033 |  1000/1398 batches | lr 0.0049 | loss  3.964 | ppl     52.67
[2022-04-11 13:00:50.684] E033 |  1200/1398 batches | lr 0.0049 | loss  3.900 | ppl     49.42
[2022-04-11 13:02:11.345] E033 |  1398/1398 batches | lr 0.0049 | loss  3.869 | ppl     47.90
[2022-04-11 13:02:37.717] End E033 | valid loss  5.176; ppl    176.89 | accu 0.2409 = 54835/227640
[2022-04-11 13:03:37.030] End E033 |  test loss  8.502; ppl   4922.89 | accu 0.0930 = 47152/506840 ../data/sample_500k/adult_test.txt
[2022-04-11 13:03:50.081] End E033 |  test loss  5.841; ppl    344.12 | accu 0.2344 = 26308/112220 ../data/sample_500k/adolescent_valid.txt
[2022-04-11 13:04:03.486] End E033 |  test loss  4.530; ppl     92.78 | accu 0.2471 = 28515/115380 ../data/sample_500k/cbt_valid.txt
[2022-04-11 13:04:03.486] Save: model.pt... 
[2022-04-11 13:04:04.098] Save: model.pt...Done. best_val_loss: 5.1755
[2022-04-11 13:04:04.098] Epoch 034/40 ==================================================
[2022-04-11 13:05:24.560] E034 |   200/1398 batches | lr 0.0049 | loss  4.045 | ppl     57.11
[2022-04-11 13:06:44.539] E034 |   400/1398 batches | lr 0.0049 | loss  4.017 | ppl     55.55
[2022-04-11 13:08:05.319] E034 |   600/1398 batches | lr 0.0049 | loss  3.954 | ppl     52.16
[2022-04-11 13:09:26.653] E034 |   800/1398 batches | lr 0.0049 | loss  4.022 | ppl     55.84
[2022-04-11 13:10:47.833] E034 |  1000/1398 batches | lr 0.0049 | loss  3.966 | ppl     52.75
[2022-04-11 13:12:06.361] E034 |  1200/1398 batches | lr 0.0049 | loss  3.900 | ppl     49.38
[2022-04-11 13:13:24.969] E034 |  1398/1398 batches | lr 0.0049 | loss  3.866 | ppl     47.73
[2022-04-11 13:13:51.617] End E034 | valid loss  5.175; ppl    176.86 | accu 0.2409 = 54834/227640
[2022-04-11 13:14:50.996] End E034 |  test loss  8.501; ppl   4919.51 | accu 0.0931 = 47162/506840 ../data/sample_500k/adult_test.txt
[2022-04-11 13:15:04.092] End E034 |  test loss  5.841; ppl    344.03 | accu 0.2344 = 26309/112220 ../data/sample_500k/adolescent_valid.txt
[2022-04-11 13:15:17.530] End E034 |  test loss  4.530; ppl     92.78 | accu 0.2471 = 28512/115380 ../data/sample_500k/cbt_valid.txt
[2022-04-11 13:15:17.530] Save: model.pt... 
[2022-04-11 13:15:18.140] Save: model.pt...Done. best_val_loss: 5.1753
[2022-04-11 13:15:18.140] Epoch 035/40 ==================================================
[2022-04-11 13:16:38.571] E035 |   200/1398 batches | lr 0.0049 | loss  4.050 | ppl     57.37
[2022-04-11 13:17:56.751] E035 |   400/1398 batches | lr 0.0049 | loss  4.017 | ppl     55.54
[2022-04-11 13:19:16.089] E035 |   600/1398 batches | lr 0.0049 | loss  3.953 | ppl     52.09
[2022-04-11 13:20:38.458] E035 |   800/1398 batches | lr 0.0049 | loss  4.025 | ppl     55.95
[2022-04-11 13:21:59.360] E035 |  1000/1398 batches | lr 0.0049 | loss  3.961 | ppl     52.51
[2022-04-11 13:23:18.220] E035 |  1200/1398 batches | lr 0.0049 | loss  3.899 | ppl     49.36
[2022-04-11 13:24:36.249] E035 |  1398/1398 batches | lr 0.0049 | loss  3.865 | ppl     47.69
[2022-04-11 13:25:02.841] End E035 | valid loss  5.175; ppl    176.85 | accu 0.2409 = 54831/227640
[2022-04-11 13:26:02.077] End E035 |  test loss  8.501; ppl   4919.81 | accu 0.0930 = 47145/506840 ../data/sample_500k/adult_test.txt
[2022-04-11 13:26:15.402] End E035 |  test loss  5.841; ppl    344.02 | accu 0.2345 = 26315/112220 ../data/sample_500k/adolescent_valid.txt
[2022-04-11 13:26:28.800] End E035 |  test loss  4.530; ppl     92.77 | accu 0.2471 = 28515/115380 ../data/sample_500k/cbt_valid.txt
[2022-04-11 13:26:28.800] Save: model.pt... 
[2022-04-11 13:26:29.407] Save: model.pt...Done. best_val_loss: 5.1753
[2022-04-11 13:26:29.407] Epoch 036/40 ==================================================
[2022-04-11 13:27:50.586] E036 |   200/1398 batches | lr 0.0049 | loss  4.048 | ppl     57.26
[2022-04-11 13:29:08.758] E036 |   400/1398 batches | lr 0.0049 | loss  4.016 | ppl     55.47
[2022-04-11 13:30:28.676] E036 |   600/1398 batches | lr 0.0049 | loss  3.957 | ppl     52.27
[2022-04-11 13:31:50.459] E036 |   800/1398 batches | lr 0.0049 | loss  4.020 | ppl     55.71
[2022-04-11 13:33:11.938] E036 |  1000/1398 batches | lr 0.0049 | loss  3.963 | ppl     52.62
[2022-04-11 13:34:32.549] E036 |  1200/1398 batches | lr 0.0049 | loss  3.899 | ppl     49.35
[2022-04-11 13:35:50.971] E036 |  1398/1398 batches | lr 0.0049 | loss  3.865 | ppl     47.69
[2022-04-11 13:36:17.580] End E036 | valid loss  5.175; ppl    176.86 | accu 0.2409 = 54836/227640
[2022-04-11 13:37:16.847] End E036 |  test loss  8.501; ppl   4921.05 | accu 0.0930 = 47136/506840 ../data/sample_500k/adult_test.txt
[2022-04-11 13:37:29.886] End E036 |  test loss  5.841; ppl    344.04 | accu 0.2345 = 26315/112220 ../data/sample_500k/adolescent_valid.txt
[2022-04-11 13:37:43.305] End E036 |  test loss  4.530; ppl     92.77 | accu 0.2471 = 28515/115380 ../data/sample_500k/cbt_valid.txt
[2022-04-11 13:37:43.305] Epoch 037/40 ==================================================
[2022-04-11 13:39:03.986] E037 |   200/1398 batches | lr 0.0024 | loss  4.045 | ppl     57.14
[2022-04-11 13:40:22.184] E037 |   400/1398 batches | lr 0.0024 | loss  4.018 | ppl     55.58
[2022-04-11 13:41:42.214] E037 |   600/1398 batches | lr 0.0024 | loss  3.956 | ppl     52.25
[2022-04-11 13:43:03.893] E037 |   800/1398 batches | lr 0.0024 | loss  4.020 | ppl     55.68
[2022-04-11 13:44:25.450] E037 |  1000/1398 batches | lr 0.0024 | loss  3.963 | ppl     52.62
[2022-04-11 13:45:44.389] E037 |  1200/1398 batches | lr 0.0024 | loss  3.899 | ppl     49.37
[2022-04-11 13:47:02.965] E037 |  1398/1398 batches | lr 0.0024 | loss  3.868 | ppl     47.85
[2022-04-11 13:47:29.492] End E037 | valid loss  5.175; ppl    176.83 | accu 0.2408 = 54826/227640
[2022-04-11 13:48:28.668] End E037 |  test loss  8.501; ppl   4921.21 | accu 0.0930 = 47133/506840 ../data/sample_500k/adult_test.txt
[2022-04-11 13:48:41.708] End E037 |  test loss  5.840; ppl    343.95 | accu 0.2344 = 26309/112220 ../data/sample_500k/adolescent_valid.txt
[2022-04-11 13:48:55.119] End E037 |  test loss  4.530; ppl     92.77 | accu 0.2471 = 28505/115380 ../data/sample_500k/cbt_valid.txt
[2022-04-11 13:48:55.119] Save: model.pt... 
[2022-04-11 13:48:55.716] Save: model.pt...Done. best_val_loss: 5.1752
[2022-04-11 13:48:55.716] Epoch 038/40 ==================================================
[2022-04-11 13:50:16.012] E038 |   200/1398 batches | lr 0.0024 | loss  4.044 | ppl     57.06
[2022-04-11 13:51:34.120] E038 |   400/1398 batches | lr 0.0024 | loss  4.018 | ppl     55.56
[2022-04-11 13:52:53.987] E038 |   600/1398 batches | lr 0.0024 | loss  3.953 | ppl     52.10
[2022-04-11 13:54:15.730] E038 |   800/1398 batches | lr 0.0024 | loss  4.022 | ppl     55.82
[2022-04-11 13:55:36.968] E038 |  1000/1398 batches | lr 0.0024 | loss  3.962 | ppl     52.57
[2022-04-11 13:56:56.014] E038 |  1200/1398 batches | lr 0.0024 | loss  3.901 | ppl     49.47
[2022-04-11 13:58:13.977] E038 |  1398/1398 batches | lr 0.0024 | loss  3.866 | ppl     47.77
[2022-04-11 13:58:40.385] End E038 | valid loss  5.175; ppl    176.82 | accu 0.2408 = 54822/227640
[2022-04-11 13:59:39.477] End E038 |  test loss  8.501; ppl   4920.23 | accu 0.0930 = 47135/506840 ../data/sample_500k/adult_test.txt
[2022-04-11 13:59:52.481] End E038 |  test loss  5.840; ppl    343.90 | accu 0.2344 = 26306/112220 ../data/sample_500k/adolescent_valid.txt
[2022-04-11 14:00:05.851] End E038 |  test loss  4.530; ppl     92.77 | accu 0.2471 = 28508/115380 ../data/sample_500k/cbt_valid.txt
[2022-04-11 14:00:05.851] Save: model.pt... 
[2022-04-11 14:00:06.454] Save: model.pt...Done. best_val_loss: 5.1751
[2022-04-11 14:00:06.455] Epoch 039/40 ==================================================
[2022-04-11 14:01:27.125] E039 |   200/1398 batches | lr 0.0024 | loss  4.044 | ppl     57.06
[2022-04-11 14:02:50.455] E039 |   400/1398 batches | lr 0.0024 | loss  4.017 | ppl     55.53
[2022-04-11 14:04:14.640] E039 |   600/1398 batches | lr 0.0024 | loss  3.953 | ppl     52.11
[2022-04-11 14:05:36.662] E039 |   800/1398 batches | lr 0.0024 | loss  4.018 | ppl     55.59
[2022-04-11 14:06:57.358] E039 |  1000/1398 batches | lr 0.0024 | loss  3.965 | ppl     52.71
[2022-04-11 14:08:15.885] E039 |  1200/1398 batches | lr 0.0024 | loss  3.901 | ppl     49.46
[2022-04-11 14:09:34.091] E039 |  1398/1398 batches | lr 0.0024 | loss  3.868 | ppl     47.84
[2022-04-11 14:10:00.799] End E039 | valid loss  5.175; ppl    176.83 | accu 0.2408 = 54819/227640
[2022-04-11 14:11:00.125] End E039 |  test loss  8.501; ppl   4920.61 | accu 0.0930 = 47130/506840 ../data/sample_500k/adult_test.txt
[2022-04-11 14:11:13.198] End E039 |  test loss  5.841; ppl    343.95 | accu 0.2344 = 26304/112220 ../data/sample_500k/adolescent_valid.txt
[2022-04-11 14:11:26.660] End E039 |  test loss  4.530; ppl     92.77 | accu 0.2471 = 28509/115380 ../data/sample_500k/cbt_valid.txt
[2022-04-11 14:11:26.660] Epoch 040/40 ==================================================
[2022-04-11 14:12:47.562] E040 |   200/1398 batches | lr 0.0012 | loss  4.045 | ppl     57.13
[2022-04-11 14:14:06.045] E040 |   400/1398 batches | lr 0.0012 | loss  4.016 | ppl     55.47
[2022-04-11 14:15:28.069] E040 |   600/1398 batches | lr 0.0012 | loss  3.954 | ppl     52.15
[2022-04-11 14:16:54.250] E040 |   800/1398 batches | lr 0.0012 | loss  4.022 | ppl     55.81
[2022-04-11 14:18:16.155] E040 |  1000/1398 batches | lr 0.0012 | loss  3.967 | ppl     52.80
[2022-04-11 14:19:34.406] E040 |  1200/1398 batches | lr 0.0012 | loss  3.900 | ppl     49.40
[2022-04-11 14:20:52.375] E040 |  1398/1398 batches | lr 0.0012 | loss  3.867 | ppl     47.79
[2022-04-11 14:21:18.988] End E040 | valid loss  5.175; ppl    176.83 | accu 0.2408 = 54817/227640
[2022-04-11 14:22:18.256] End E040 |  test loss  8.501; ppl   4920.35 | accu 0.0930 = 47136/506840 ../data/sample_500k/adult_test.txt
[2022-04-11 14:22:31.324] End E040 |  test loss  5.840; ppl    343.95 | accu 0.2344 = 26304/112220 ../data/sample_500k/adolescent_valid.txt
[2022-04-11 14:22:44.718] End E040 |  test loss  4.530; ppl     92.76 | accu 0.2471 = 28507/115380 ../data/sample_500k/cbt_valid.txt
[2022-04-11 14:23:43.957] End. test loss  8.50; ppl  4920.23 | accu 0.0930 = 47135/506840 ../data/sample_500k/adult_test.txt
[2022-04-11 14:23:57.120] End. test loss  5.84; ppl   343.90 | accu 0.2344 = 26306/112220 ../data/sample_500k/adolescent_valid.txt
[2022-04-11 14:24:10.573] End. test loss  4.53; ppl    92.77 | accu 0.2471 = 28508/115380 ../data/sample_500k/cbt_valid.txt
[2022-04-11 14:24:10.573] =========================================================================================
[2022-04-11 14:24:10.574] valid_loss
[2022-04-11 14:24:10.574]  5.74, 5.46, 5.36, 5.30, 5.31, 5.21, 5.20, 5.20, 5.20, 5.22, 5.19, 5.19, 5.19, 5.18, 5.18, 5.19, 5.18, 5.18, 5.18, 5.18, 5.18, 5.18, 5.18, 5.18, 5.18, 5.18, 5.18, 5.18, 5.18, 5.18, 5.18, 5.18, 5.18, 5.18, 5.18, 5.18, 5.18, 5.18, 5.18, 5.18
[2022-04-11 14:24:10.574] valid_loss ppl
[2022-04-11 14:24:10.574]   312.44,  235.46,  212.85,  201.11,  203.26,  183.70,  181.40,  180.93,  180.43,  184.14,  179.31,  178.72,  179.16,  177.81,  177.53,  179.76,  177.91,  177.36,  177.94,  177.22,  177.17,  177.24,  177.25,  177.02,  177.04,  176.99,  176.97,  176.90,  176.90,  176.90,  176.98,  176.95,  176.89,  176.86,  176.85,  176.86,  176.83,  176.82,  176.83,  176.83
[2022-04-11 14:24:10.574] test_loss of ../data/sample_500k/adult_test.txt
[2022-04-11 14:24:10.574]  8.31, 8.21, 8.19, 8.12, 8.22, 8.22, 8.22, 8.27, 8.25, 8.28, 8.40, 8.41, 8.40, 8.45, 8.44, 8.47, 8.50, 8.51, 8.51, 8.51, 8.50, 8.51, 8.50, 8.50, 8.50, 8.50, 8.50, 8.50, 8.50, 8.50, 8.50, 8.50, 8.50, 8.50, 8.50, 8.50, 8.50, 8.50, 8.50, 8.50
[2022-04-11 14:24:10.574] test_loss of ../data/sample_500k/adult_test.txt ppl
[2022-04-11 14:24:10.574]  4077.62, 3660.23, 3590.48, 3369.25, 3714.88, 3706.18, 3712.90, 3908.91, 3842.63, 3962.58, 4462.85, 4492.31, 4465.62, 4687.40, 4620.79, 4762.85, 4897.26, 4953.36, 4958.34, 4940.40, 4933.40, 4942.46, 4937.56, 4929.24, 4919.93, 4915.06, 4920.09, 4922.20, 4917.62, 4923.65, 4922.32, 4924.33, 4922.89, 4919.51, 4919.81, 4921.05, 4921.21, 4920.23, 4920.61, 4920.35
[2022-04-11 14:24:10.574] test_loss of ../data/sample_500k/adolescent_valid.txt
[2022-04-11 14:24:10.574]  6.37, 6.04, 5.96, 5.90, 5.95, 5.83, 5.80, 5.81, 5.81, 5.84, 5.82, 5.82, 5.83, 5.83, 5.83, 5.85, 5.84, 5.84, 5.85, 5.84, 5.84, 5.84, 5.84, 5.84, 5.84, 5.84, 5.84, 5.84, 5.84, 5.84, 5.84, 5.84, 5.84, 5.84, 5.84, 5.84, 5.84, 5.84, 5.84, 5.84
[2022-04-11 14:24:10.574] test_loss of ../data/sample_500k/adolescent_valid.txt ppl
[2022-04-11 14:24:10.574]   585.82,  417.95,  386.14,  364.00,  382.61,  338.75,  331.74,  332.93,  333.07,  344.38,  338.37,  338.22,  340.16,  340.73,  339.90,  348.62,  344.01,  343.43,  346.43,  344.32,  344.30,  344.47,  344.85,  344.29,  344.33,  344.30,  344.26,  344.01,  344.04,  344.08,  344.43,  344.34,  344.12,  344.03,  344.02,  344.04,  343.95,  343.90,  343.95,  343.95
[2022-04-11 14:24:10.574] test_loss of ../data/sample_500k/cbt_valid.txt
[2022-04-11 14:24:10.574]  5.13, 4.91, 4.78, 4.73, 4.70, 4.62, 4.61, 4.61, 4.60, 4.61, 4.57, 4.57, 4.57, 4.55, 4.55, 4.55, 4.54, 4.54, 4.54, 4.53, 4.53, 4.53, 4.53, 4.53, 4.53, 4.53, 4.53, 4.53, 4.53, 4.53, 4.53, 4.53, 4.53, 4.53, 4.53, 4.53, 4.53, 4.53, 4.53, 4.53
[2022-04-11 14:24:10.574] test_loss of ../data/sample_500k/cbt_valid.txt ppl
[2022-04-11 14:24:10.575]   169.67,  134.98,  119.44,  113.04,  110.03,  101.62,  100.91,  100.09,   99.49,  100.23,   96.91,   96.26,   96.14,   94.66,   94.61,   94.57,   93.88,   93.47,   93.29,   93.08,   93.05,   93.09,   92.98,   92.89,   92.90,   92.85,   92.84,   92.84,   92.83,   92.81,   92.80,   92.79,   92.78,   92.78,   92.77,   92.77,   92.77,   92.77,   92.77,   92.76
