[2022-04-11 05:06:09.503] corpus.train_file_list: 2
[2022-04-11 05:06:09.503]         ../data/sample_500k/cbt_train.txt
[2022-04-11 05:06:09.503]         ../data/sample_500k/adolescent_train.txt
[2022-04-11 05:06:09.503] corpus.valid_file_list: 2
[2022-04-11 05:06:09.503]         ../data/sample_500k/cbt_valid.txt
[2022-04-11 05:06:09.503]         ../data/sample_500k/adolescent_valid.txt
[2022-04-11 05:06:09.503] corpus.test_file_list: 3
[2022-04-11 05:06:09.503]         ../data/sample_500k/adult_test.txt
[2022-04-11 05:06:09.503]         ../data/sample_500k/adolescent_valid.txt
[2022-04-11 05:06:09.503]         ../data/sample_500k/cbt_valid.txt
[2022-04-11 05:06:09.503] corpus.subword_vocab_size: 0
[2022-04-11 05:06:09.503] corpus.subword_model = None. Corpus will not use subword.
[2022-04-11 05:06:09.503] corpus tokenize...
[2022-04-11 05:06:10.234]         train tokens: 511735  ../data/sample_500k/cbt_train.txt
[2022-04-11 05:06:11.318]         train tokens: 467267  ../data/sample_500k/adolescent_train.txt
[2022-04-11 05:06:11.472]         valid tokens: 115417  ../data/sample_500k/cbt_valid.txt
[2022-04-11 05:06:11.735]         valid tokens: 112256  ../data/sample_500k/adolescent_valid.txt
[2022-04-11 05:06:12.369]         test  tokens: 506878  ../data/sample_500k/adult_test.txt
[2022-04-11 05:06:12.597]         test  tokens: 112256  ../data/sample_500k/adolescent_valid.txt
[2022-04-11 05:06:12.738]         test  tokens: 115417  ../data/sample_500k/cbt_valid.txt
[2022-04-11 05:06:12.738] corpus.ntokens      : 100726
[2022-04-11 05:06:12.738] corpus.char_count   : 166
[2022-04-11 05:06:12.738] corpus.char_cnt_dict: 166
[2022-04-11 05:06:12.738] corpus.char_id_dict : 166
[2022-04-11 05:06:12.752] corpus.batchify(2 files, batch_size=20)...
[2022-04-11 05:06:12.753]         tokens_all: 979002
[2022-04-11 05:06:12.753]         batched   :  48950
[2022-04-11 05:06:12.753]         ../data/sample_500k/cbt_train.txt
[2022-04-11 05:06:12.753]         ../data/sample_500k/adolescent_train.txt
[2022-04-11 05:06:14.522] corpus.batchify(2 files, batch_size=20)...
[2022-04-11 05:06:14.522]         tokens_all: 227673
[2022-04-11 05:06:14.523]         batched   :  11383
[2022-04-11 05:06:14.523]         ../data/sample_500k/cbt_valid.txt
[2022-04-11 05:06:14.523]         ../data/sample_500k/adolescent_valid.txt
[2022-04-11 05:06:14.530] corpus.batchify(1 files, batch_size=20)...
[2022-04-11 05:06:14.530]         tokens_all: 506878
[2022-04-11 05:06:14.530]         batched   :  25343
[2022-04-11 05:06:14.530]         ../data/sample_500k/adult_test.txt
[2022-04-11 05:06:14.532] corpus.batchify(1 files, batch_size=20)...
[2022-04-11 05:06:14.532]         tokens_all: 112256
[2022-04-11 05:06:14.532]         batched   :   5612
[2022-04-11 05:06:14.532]         ../data/sample_500k/adolescent_valid.txt
[2022-04-11 05:06:14.534] corpus.batchify(1 files, batch_size=20)...
[2022-04-11 05:06:14.534]         tokens_all: 115417
[2022-04-11 05:06:14.534]         batched   :   5770
[2022-04-11 05:06:14.534]         ../data/sample_500k/cbt_valid.txt
[2022-04-11 05:06:15.244] RNNModel.rnn_type: LSTM
[2022-04-11 05:06:15.244] RNNModel.ntoken  : 100726
[2022-04-11 05:06:15.244] RNNModel.ninp    : 200
[2022-04-11 05:06:15.244] RNNModel.nhid    : 200
[2022-04-11 05:06:15.244] RNNModel.nlayers : 2
[2022-04-11 05:06:15.244] RNNModel.dropout : 0.2
[2022-04-11 05:06:15.244] RNNModel.tie_weights: False
[2022-04-11 05:06:15.244] RNNModel.char_mode  : CNN
[2022-04-11 05:06:15.244] RNNModel.char_cnt   : 167
[2022-04-11 05:06:15.244] RNNModel.char_emsize: 25
[2022-04-11 05:06:15.244] RNNModel.char_nhid  : 200
[2022-04-11 05:06:15.245] RNNModel.char_embeds: created
[2022-04-11 05:06:15.246] RNNModel.char_cnn3  : created
[2022-04-11 05:06:15.441] Epoch 001/40 ==================================================
[2022-04-11 05:06:31.654] E001 |   200/1398 batches | lr 20.0000 | loss  8.129 | ppl   3391.55
[2022-04-11 05:06:47.690] E001 |   400/1398 batches | lr 20.0000 | loss  6.886 | ppl    978.16
[2022-04-11 05:07:03.942] E001 |   600/1398 batches | lr 20.0000 | loss  6.289 | ppl    538.65
[2022-04-11 05:07:20.399] E001 |   800/1398 batches | lr 20.0000 | loss  6.106 | ppl    448.48
[2022-04-11 05:07:36.610] E001 |  1000/1398 batches | lr 20.0000 | loss  5.909 | ppl    368.30
[2022-04-11 05:07:52.876] E001 |  1200/1398 batches | lr 20.0000 | loss  5.769 | ppl    320.32
[2022-04-11 05:08:09.000] E001 |  1398/1398 batches | lr 20.0000 | loss  5.646 | ppl    283.10
[2022-04-11 05:08:18.438] End E001 | valid loss  5.741; ppl    311.35 | accu 0.1771 = 40309/227640
[2022-04-11 05:08:39.623] End E001 |  test loss  8.351; ppl   4234.77 | accu 0.0605 = 30664/506840 ../data/sample_500k/adult_test.txt
[2022-04-11 05:08:44.293] End E001 |  test loss  6.342; ppl    567.86 | accu 0.1755 = 19691/112220 ../data/sample_500k/adolescent_valid.txt
[2022-04-11 05:08:49.135] End E001 |  test loss  5.158; ppl    173.86 | accu 0.1785 = 20594/115380 ../data/sample_500k/cbt_valid.txt
[2022-04-11 05:08:49.135] Save: model.pt... 
[2022-04-11 05:08:49.865] Save: model.pt...Done. best_val_loss: 5.7409
[2022-04-11 05:08:49.865] Epoch 002/40 ==================================================
[2022-04-11 05:09:06.107] E002 |   200/1398 batches | lr 20.0000 | loss  5.582 | ppl    265.48
[2022-04-11 05:09:22.365] E002 |   400/1398 batches | lr 20.0000 | loss  5.516 | ppl    248.64
[2022-04-11 05:09:38.697] E002 |   600/1398 batches | lr 20.0000 | loss  5.393 | ppl    219.93
[2022-04-11 05:09:54.944] E002 |   800/1398 batches | lr 20.0000 | loss  5.452 | ppl    233.18
[2022-04-11 05:10:11.224] E002 |  1000/1398 batches | lr 20.0000 | loss  5.375 | ppl    215.97
[2022-04-11 05:10:27.523] E002 |  1200/1398 batches | lr 20.0000 | loss  5.300 | ppl    200.32
[2022-04-11 05:10:43.626] E002 |  1398/1398 batches | lr 20.0000 | loss  5.244 | ppl    189.46
[2022-04-11 05:10:53.171] End E002 | valid loss  5.495; ppl    243.51 | accu 0.2002 = 45575/227640
[2022-04-11 05:11:14.211] End E002 |  test loss  9.791; ppl  17868.86 | accu 0.0176 = 8936/506840 ../data/sample_500k/adult_test.txt
[2022-04-11 05:11:18.854] End E002 |  test loss  6.085; ppl    439.04 | accu 0.2011 = 22563/112220 ../data/sample_500k/adolescent_valid.txt
[2022-04-11 05:11:23.589] End E002 |  test loss  4.930; ppl    138.33 | accu 0.1985 = 22907/115380 ../data/sample_500k/cbt_valid.txt
[2022-04-11 05:11:23.589] Save: model.pt... 
[2022-04-11 05:11:24.284] Save: model.pt...Done. best_val_loss: 5.4951
[2022-04-11 05:11:24.284] Epoch 003/40 ==================================================
[2022-04-11 05:11:40.510] E003 |   200/1398 batches | lr 20.0000 | loss  5.235 | ppl    187.81
[2022-04-11 05:11:56.724] E003 |   400/1398 batches | lr 20.0000 | loss  5.218 | ppl    184.59
[2022-04-11 05:12:12.937] E003 |   600/1398 batches | lr 20.0000 | loss  5.113 | ppl    166.25
[2022-04-11 05:12:29.342] E003 |   800/1398 batches | lr 20.0000 | loss  5.206 | ppl    182.44
[2022-04-11 05:12:45.440] E003 |  1000/1398 batches | lr 20.0000 | loss  5.142 | ppl    170.99
[2022-04-11 05:13:01.755] E003 |  1200/1398 batches | lr 20.0000 | loss  5.079 | ppl    160.64
[2022-04-11 05:13:17.969] E003 |  1398/1398 batches | lr 20.0000 | loss  5.032 | ppl    153.22
[2022-04-11 05:13:27.422] End E003 | valid loss  5.402; ppl    221.90 | accu 0.2051 = 46694/227640
[2022-04-11 05:13:48.235] End E003 |  test loss  8.589; ppl   5374.75 | accu 0.0599 = 30346/506840 ../data/sample_500k/adult_test.txt
[2022-04-11 05:13:52.822] End E003 |  test loss  6.006; ppl    405.72 | accu 0.2042 = 22910/112220 ../data/sample_500k/adolescent_valid.txt
[2022-04-11 05:13:57.623] End E003 |  test loss  4.816; ppl    123.53 | accu 0.2060 = 23769/115380 ../data/sample_500k/cbt_valid.txt
[2022-04-11 05:13:57.623] Save: model.pt... 
[2022-04-11 05:13:58.270] Save: model.pt...Done. best_val_loss: 5.4022
[2022-04-11 05:13:58.270] Epoch 004/40 ==================================================
[2022-04-11 05:14:14.484] E004 |   200/1398 batches | lr 20.0000 | loss  5.045 | ppl    155.26
[2022-04-11 05:14:30.764] E004 |   400/1398 batches | lr 20.0000 | loss  5.040 | ppl    154.45
[2022-04-11 05:14:46.981] E004 |   600/1398 batches | lr 20.0000 | loss  4.947 | ppl    140.73
[2022-04-11 05:15:03.276] E004 |   800/1398 batches | lr 20.0000 | loss  5.050 | ppl    155.99
[2022-04-11 05:15:19.709] E004 |  1000/1398 batches | lr 20.0000 | loss  4.983 | ppl    145.89
[2022-04-11 05:15:36.037] E004 |  1200/1398 batches | lr 20.0000 | loss  4.919 | ppl    136.91
[2022-04-11 05:15:52.297] E004 |  1398/1398 batches | lr 20.0000 | loss  4.878 | ppl    131.40
[2022-04-11 05:16:01.660] End E004 | valid loss  5.336; ppl    207.60 | accu 0.2123 = 48324/227640
[2022-04-11 05:16:22.465] End E004 |  test loss  9.167; ppl   9574.19 | accu 0.0279 = 14142/506840 ../data/sample_500k/adult_test.txt
[2022-04-11 05:16:27.049] End E004 |  test loss  5.935; ppl    378.08 | accu 0.2098 = 23545/112220 ../data/sample_500k/adolescent_valid.txt
[2022-04-11 05:16:31.734] End E004 |  test loss  4.754; ppl    116.07 | accu 0.2149 = 24799/115380 ../data/sample_500k/cbt_valid.txt
[2022-04-11 05:16:31.735] Save: model.pt... 
[2022-04-11 05:16:32.393] Save: model.pt...Done. best_val_loss: 5.3356
[2022-04-11 05:16:32.393] Epoch 005/40 ==================================================
[2022-04-11 05:16:48.650] E005 |   200/1398 batches | lr 20.0000 | loss  4.901 | ppl    134.47
[2022-04-11 05:17:04.926] E005 |   400/1398 batches | lr 20.0000 | loss  4.895 | ppl    133.56
[2022-04-11 05:17:21.236] E005 |   600/1398 batches | lr 20.0000 | loss  4.815 | ppl    123.35
[2022-04-11 05:17:37.624] E005 |   800/1398 batches | lr 20.0000 | loss  4.918 | ppl    136.71
[2022-04-11 05:17:53.976] E005 |  1000/1398 batches | lr 20.0000 | loss  4.855 | ppl    128.36
[2022-04-11 05:18:10.252] E005 |  1200/1398 batches | lr 20.0000 | loss  4.794 | ppl    120.76
[2022-04-11 05:18:26.477] E005 |  1398/1398 batches | lr 20.0000 | loss  4.761 | ppl    116.83
[2022-04-11 05:18:35.840] End E005 | valid loss  5.297; ppl    199.81 | accu 0.2154 = 49038/227640
[2022-04-11 05:18:56.695] End E005 |  test loss  8.197; ppl   3630.38 | accu 0.0899 = 45559/506840 ../data/sample_500k/adult_test.txt
[2022-04-11 05:19:01.289] End E005 |  test loss  5.905; ppl    366.88 | accu 0.2128 = 23880/112220 ../data/sample_500k/adolescent_valid.txt
[2022-04-11 05:19:05.964] End E005 |  test loss  4.709; ppl    110.95 | accu 0.2177 = 25121/115380 ../data/sample_500k/cbt_valid.txt
[2022-04-11 05:19:05.964] Save: model.pt... 
[2022-04-11 05:19:06.623] Save: model.pt...Done. best_val_loss: 5.2974
[2022-04-11 05:19:06.623] Epoch 006/40 ==================================================
[2022-04-11 05:19:22.941] E006 |   200/1398 batches | lr 20.0000 | loss  4.787 | ppl    119.89
[2022-04-11 05:19:39.192] E006 |   400/1398 batches | lr 20.0000 | loss  4.782 | ppl    119.34
[2022-04-11 05:19:55.495] E006 |   600/1398 batches | lr 20.0000 | loss  4.709 | ppl    110.97
[2022-04-11 05:20:12.007] E006 |   800/1398 batches | lr 20.0000 | loss  4.807 | ppl    122.41
[2022-04-11 05:20:28.418] E006 |  1000/1398 batches | lr 20.0000 | loss  4.745 | ppl    114.99
[2022-04-11 05:20:44.968] E006 |  1200/1398 batches | lr 20.0000 | loss  4.691 | ppl    108.92
[2022-04-11 05:21:01.258] E006 |  1398/1398 batches | lr 20.0000 | loss  4.657 | ppl    105.33
[2022-04-11 05:21:10.775] End E006 | valid loss  5.288; ppl    197.94 | accu 0.2180 = 49631/227640
[2022-04-11 05:21:31.607] End E006 |  test loss  9.248; ppl  10381.47 | accu 0.0263 = 13314/506840 ../data/sample_500k/adult_test.txt
[2022-04-11 05:21:36.210] End E006 |  test loss  5.913; ppl    369.90 | accu 0.2142 = 24032/112220 ../data/sample_500k/adolescent_valid.txt
[2022-04-11 05:21:40.993] End E006 |  test loss  4.685; ppl    108.33 | accu 0.2218 = 25586/115380 ../data/sample_500k/cbt_valid.txt
[2022-04-11 05:21:40.993] Save: model.pt... 
[2022-04-11 05:21:41.645] Save: model.pt...Done. best_val_loss: 5.2880
[2022-04-11 05:21:41.645] Epoch 007/40 ==================================================
[2022-04-11 05:21:57.996] E007 |   200/1398 batches | lr 20.0000 | loss  4.696 | ppl    109.47
[2022-04-11 05:22:14.360] E007 |   400/1398 batches | lr 20.0000 | loss  4.688 | ppl    108.59
[2022-04-11 05:22:30.738] E007 |   600/1398 batches | lr 20.0000 | loss  4.616 | ppl    101.09
[2022-04-11 05:22:47.166] E007 |   800/1398 batches | lr 20.0000 | loss  4.710 | ppl    111.03
[2022-04-11 05:23:03.621] E007 |  1000/1398 batches | lr 20.0000 | loss  4.650 | ppl    104.61
[2022-04-11 05:23:20.031] E007 |  1200/1398 batches | lr 20.0000 | loss  4.597 | ppl     99.19
[2022-04-11 05:23:36.215] E007 |  1398/1398 batches | lr 20.0000 | loss  4.572 | ppl     96.72
[2022-04-11 05:23:45.836] End E007 | valid loss  5.291; ppl    198.49 | accu 0.2174 = 49489/227640
[2022-04-11 05:24:06.829] End E007 |  test loss  8.351; ppl   4233.03 | accu 0.0854 = 43268/506840 ../data/sample_500k/adult_test.txt
[2022-04-11 05:24:11.411] End E007 |  test loss  5.939; ppl    379.62 | accu 0.2106 = 23629/112220 ../data/sample_500k/adolescent_valid.txt
[2022-04-11 05:24:16.114] End E007 |  test loss  4.670; ppl    106.70 | accu 0.2234 = 25771/115380 ../data/sample_500k/cbt_valid.txt
[2022-04-11 05:24:16.114] Epoch 008/40 ==================================================
[2022-04-11 05:24:32.023] E008 |   200/1398 batches | lr 10.0000 | loss  4.555 | ppl     95.14
[2022-04-11 05:24:47.991] E008 |   400/1398 batches | lr 10.0000 | loss  4.516 | ppl     91.45
[2022-04-11 05:25:04.333] E008 |   600/1398 batches | lr 10.0000 | loss  4.426 | ppl     83.63
[2022-04-11 05:25:20.757] E008 |   800/1398 batches | lr 10.0000 | loss  4.506 | ppl     90.59
[2022-04-11 05:25:37.263] E008 |  1000/1398 batches | lr 10.0000 | loss  4.436 | ppl     84.43
[2022-04-11 05:25:53.595] E008 |  1200/1398 batches | lr 10.0000 | loss  4.371 | ppl     79.15
[2022-04-11 05:26:10.087] E008 |  1398/1398 batches | lr 10.0000 | loss  4.334 | ppl     76.23
[2022-04-11 05:26:19.537] End E008 | valid loss  5.203; ppl    181.80 | accu 0.2295 = 52237/227640
[2022-04-11 05:26:40.462] End E008 |  test loss  8.428; ppl   4571.52 | accu 0.0888 = 45012/506840 ../data/sample_500k/adult_test.txt
[2022-04-11 05:26:45.081] End E008 |  test loss  5.838; ppl    343.11 | accu 0.2241 = 25149/112220 ../data/sample_500k/adolescent_valid.txt
[2022-04-11 05:26:49.812] End E008 |  test loss  4.588; ppl     98.28 | accu 0.2346 = 27064/115380 ../data/sample_500k/cbt_valid.txt
[2022-04-11 05:26:49.812] Save: model.pt... 
[2022-04-11 05:26:50.486] Save: model.pt...Done. best_val_loss: 5.2029
[2022-04-11 05:26:50.486] Epoch 009/40 ==================================================
[2022-04-11 05:27:06.908] E009 |   200/1398 batches | lr 10.0000 | loss  4.442 | ppl     84.95
[2022-04-11 05:27:23.348] E009 |   400/1398 batches | lr 10.0000 | loss  4.415 | ppl     82.71
[2022-04-11 05:27:39.701] E009 |   600/1398 batches | lr 10.0000 | loss  4.346 | ppl     77.17
[2022-04-11 05:27:56.134] E009 |   800/1398 batches | lr 10.0000 | loss  4.436 | ppl     84.43
[2022-04-11 05:28:12.720] E009 |  1000/1398 batches | lr 10.0000 | loss  4.371 | ppl     79.14
[2022-04-11 05:28:29.235] E009 |  1200/1398 batches | lr 10.0000 | loss  4.311 | ppl     74.53
[2022-04-11 05:28:45.562] E009 |  1398/1398 batches | lr 10.0000 | loss  4.281 | ppl     72.31
[2022-04-11 05:28:55.039] End E009 | valid loss  5.198; ppl    180.90 | accu 0.2305 = 52462/227640
[2022-04-11 05:29:16.377] End E009 |  test loss  8.470; ppl   4771.32 | accu 0.0876 = 44414/506840 ../data/sample_500k/adult_test.txt
[2022-04-11 05:29:21.032] End E009 |  test loss  5.838; ppl    342.93 | accu 0.2251 = 25263/112220 ../data/sample_500k/adolescent_valid.txt
[2022-04-11 05:29:25.764] End E009 |  test loss  4.578; ppl     97.30 | accu 0.2353 = 27154/115380 ../data/sample_500k/cbt_valid.txt
[2022-04-11 05:29:25.764] Save: model.pt... 
[2022-04-11 05:29:26.433] Save: model.pt...Done. best_val_loss: 5.1979
[2022-04-11 05:29:26.434] Epoch 010/40 ==================================================
[2022-04-11 05:29:42.937] E010 |   200/1398 batches | lr 10.0000 | loss  4.374 | ppl     79.40
[2022-04-11 05:29:59.548] E010 |   400/1398 batches | lr 10.0000 | loss  4.355 | ppl     77.88
[2022-04-11 05:30:15.998] E010 |   600/1398 batches | lr 10.0000 | loss  4.287 | ppl     72.73
[2022-04-11 05:30:32.478] E010 |   800/1398 batches | lr 10.0000 | loss  4.376 | ppl     79.51
[2022-04-11 05:30:49.050] E010 |  1000/1398 batches | lr 10.0000 | loss  4.315 | ppl     74.79
[2022-04-11 05:31:05.487] E010 |  1200/1398 batches | lr 10.0000 | loss  4.261 | ppl     70.85
[2022-04-11 05:31:22.058] E010 |  1398/1398 batches | lr 10.0000 | loss  4.232 | ppl     68.88
[2022-04-11 05:31:31.736] End E010 | valid loss  5.203; ppl    181.81 | accu 0.2314 = 52678/227640
[2022-04-11 05:31:52.846] End E010 |  test loss  8.852; ppl   6988.88 | accu 0.0516 = 26177/506840 ../data/sample_500k/adult_test.txt
[2022-04-11 05:31:57.472] End E010 |  test loss  5.852; ppl    347.76 | accu 0.2252 = 25277/112220 ../data/sample_500k/adolescent_valid.txt
[2022-04-11 05:32:02.201] End E010 |  test loss  4.574; ppl     96.95 | accu 0.2372 = 27368/115380 ../data/sample_500k/cbt_valid.txt
[2022-04-11 05:32:02.201] Epoch 011/40 ==================================================
[2022-04-11 05:32:18.811] E011 |   200/1398 batches | lr 5.0000 | loss  4.310 | ppl     74.46
[2022-04-11 05:32:35.322] E011 |   400/1398 batches | lr 5.0000 | loss  4.277 | ppl     72.05
[2022-04-11 05:32:51.860] E011 |   600/1398 batches | lr 5.0000 | loss  4.196 | ppl     66.45
[2022-04-11 05:33:08.355] E011 |   800/1398 batches | lr 5.0000 | loss  4.271 | ppl     71.57
[2022-04-11 05:33:24.973] E011 |  1000/1398 batches | lr 5.0000 | loss  4.205 | ppl     67.03
[2022-04-11 05:33:41.463] E011 |  1200/1398 batches | lr 5.0000 | loss  4.139 | ppl     62.71
[2022-04-11 05:33:57.802] E011 |  1398/1398 batches | lr 5.0000 | loss  4.104 | ppl     60.60
[2022-04-11 05:34:07.282] End E011 | valid loss  5.178; ppl    177.36 | accu 0.2357 = 53656/227640
[2022-04-11 05:34:28.334] End E011 |  test loss  8.592; ppl   5388.35 | accu 0.0782 = 39650/506840 ../data/sample_500k/adult_test.txt
[2022-04-11 05:34:32.950] End E011 |  test loss  5.829; ppl    340.09 | accu 0.2291 = 25708/112220 ../data/sample_500k/adolescent_valid.txt
[2022-04-11 05:34:37.851] End E011 |  test loss  4.546; ppl     94.24 | accu 0.2419 = 27914/115380 ../data/sample_500k/cbt_valid.txt
[2022-04-11 05:34:37.852] Save: model.pt... 
[2022-04-11 05:34:38.547] Save: model.pt...Done. best_val_loss: 5.1782
[2022-04-11 05:34:38.547] Epoch 012/40 ==================================================
[2022-04-11 05:34:55.057] E012 |   200/1398 batches | lr 5.0000 | loss  4.247 | ppl     69.91
[2022-04-11 05:35:11.527] E012 |   400/1398 batches | lr 5.0000 | loss  4.218 | ppl     67.90
[2022-04-11 05:35:28.087] E012 |   600/1398 batches | lr 5.0000 | loss  4.153 | ppl     63.61
[2022-04-11 05:35:44.625] E012 |   800/1398 batches | lr 5.0000 | loss  4.228 | ppl     68.61
[2022-04-11 05:36:01.239] E012 |  1000/1398 batches | lr 5.0000 | loss  4.167 | ppl     64.52
[2022-04-11 05:36:17.696] E012 |  1200/1398 batches | lr 5.0000 | loss  4.107 | ppl     60.74
[2022-04-11 05:36:34.058] E012 |  1398/1398 batches | lr 5.0000 | loss  4.077 | ppl     58.96
[2022-04-11 05:36:43.660] End E012 | valid loss  5.177; ppl    177.16 | accu 0.2361 = 53756/227640
[2022-04-11 05:37:05.085] End E012 |  test loss  8.575; ppl   5298.88 | accu 0.0852 = 43194/506840 ../data/sample_500k/adult_test.txt
[2022-04-11 05:37:09.769] End E012 |  test loss  5.824; ppl    338.18 | accu 0.2289 = 25682/112220 ../data/sample_500k/adolescent_valid.txt
[2022-04-11 05:37:14.529] End E012 |  test loss  4.546; ppl     94.27 | accu 0.2434 = 28084/115380 ../data/sample_500k/cbt_valid.txt
[2022-04-11 05:37:14.530] Save: model.pt... 
[2022-04-11 05:37:15.222] Save: model.pt...Done. best_val_loss: 5.1770
[2022-04-11 05:37:15.222] Epoch 013/40 ==================================================
[2022-04-11 05:37:31.503] E013 |   200/1398 batches | lr 5.0000 | loss  4.208 | ppl     67.22
[2022-04-11 05:37:47.166] E013 |   400/1398 batches | lr 5.0000 | loss  4.184 | ppl     65.65
[2022-04-11 05:38:03.548] E013 |   600/1398 batches | lr 5.0000 | loss  4.121 | ppl     61.63
[2022-04-11 05:38:20.069] E013 |   800/1398 batches | lr 5.0000 | loss  4.197 | ppl     66.51
[2022-04-11 05:38:36.518] E013 |  1000/1398 batches | lr 5.0000 | loss  4.138 | ppl     62.66
[2022-04-11 05:38:53.029] E013 |  1200/1398 batches | lr 5.0000 | loss  4.081 | ppl     59.18
[2022-04-11 05:39:09.356] E013 |  1398/1398 batches | lr 5.0000 | loss  4.060 | ppl     57.97
[2022-04-11 05:39:18.901] End E013 | valid loss  5.183; ppl    178.15 | accu 0.2372 = 53996/227640
[2022-04-11 05:39:39.912] End E013 |  test loss  8.664; ppl   5789.26 | accu 0.0703 = 35610/506840 ../data/sample_500k/adult_test.txt
[2022-04-11 05:39:44.569] End E013 |  test loss  5.846; ppl    346.01 | accu 0.2294 = 25747/112220 ../data/sample_500k/adolescent_valid.txt
[2022-04-11 05:39:49.304] End E013 |  test loss  4.538; ppl     93.52 | accu 0.2447 = 28233/115380 ../data/sample_500k/cbt_valid.txt
[2022-04-11 05:39:49.304] Epoch 014/40 ==================================================
[2022-04-11 05:40:05.668] E014 |   200/1398 batches | lr 2.5000 | loss  4.179 | ppl     65.28
[2022-04-11 05:40:22.149] E014 |   400/1398 batches | lr 2.5000 | loss  4.146 | ppl     63.20
[2022-04-11 05:40:38.705] E014 |   600/1398 batches | lr 2.5000 | loss  4.076 | ppl     58.91
[2022-04-11 05:40:55.176] E014 |   800/1398 batches | lr 2.5000 | loss  4.146 | ppl     63.15
[2022-04-11 05:41:11.376] E014 |  1000/1398 batches | lr 2.5000 | loss  4.082 | ppl     59.24
[2022-04-11 05:41:27.598] E014 |  1200/1398 batches | lr 2.5000 | loss  4.022 | ppl     55.81
[2022-04-11 05:41:43.962] E014 |  1398/1398 batches | lr 2.5000 | loss  3.985 | ppl     53.81
[2022-04-11 05:41:53.503] End E014 | valid loss  5.170; ppl    175.89 | accu 0.2398 = 54591/227640
[2022-04-11 05:42:14.686] End E014 |  test loss  8.582; ppl   5336.29 | accu 0.0865 = 43844/506840 ../data/sample_500k/adult_test.txt
[2022-04-11 05:42:19.345] End E014 |  test loss  5.832; ppl    341.10 | accu 0.2321 = 26047/112220 ../data/sample_500k/adolescent_valid.txt
[2022-04-11 05:42:24.128] End E014 |  test loss  4.528; ppl     92.53 | accu 0.2475 = 28551/115380 ../data/sample_500k/cbt_valid.txt
[2022-04-11 05:42:24.128] Save: model.pt... 
[2022-04-11 05:42:24.834] Save: model.pt...Done. best_val_loss: 5.1698
[2022-04-11 05:42:24.834] Epoch 015/40 ==================================================
[2022-04-11 05:42:41.232] E015 |   200/1398 batches | lr 2.5000 | loss  4.144 | ppl     63.08
[2022-04-11 05:42:57.728] E015 |   400/1398 batches | lr 2.5000 | loss  4.118 | ppl     61.46
[2022-04-11 05:43:14.217] E015 |   600/1398 batches | lr 2.5000 | loss  4.049 | ppl     57.35
[2022-04-11 05:43:30.719] E015 |   800/1398 batches | lr 2.5000 | loss  4.124 | ppl     61.80
[2022-04-11 05:43:47.077] E015 |  1000/1398 batches | lr 2.5000 | loss  4.065 | ppl     58.25
[2022-04-11 05:44:03.537] E015 |  1200/1398 batches | lr 2.5000 | loss  4.004 | ppl     54.81
[2022-04-11 05:44:19.890] E015 |  1398/1398 batches | lr 2.5000 | loss  3.975 | ppl     53.25
[2022-04-11 05:44:29.410] End E015 | valid loss  5.171; ppl    176.13 | accu 0.2403 = 54710/227640
[2022-04-11 05:44:50.568] End E015 |  test loss  8.569; ppl   5263.85 | accu 0.0855 = 43343/506840 ../data/sample_500k/adult_test.txt
[2022-04-11 05:44:55.197] End E015 |  test loss  5.838; ppl    343.22 | accu 0.2325 = 26093/112220 ../data/sample_500k/adolescent_valid.txt
[2022-04-11 05:44:59.901] End E015 |  test loss  4.524; ppl     92.22 | accu 0.2476 = 28571/115380 ../data/sample_500k/cbt_valid.txt
[2022-04-11 05:44:59.902] Epoch 016/40 ==================================================
[2022-04-11 05:45:16.388] E016 |   200/1398 batches | lr 1.2500 | loss  4.131 | ppl     62.22
[2022-04-11 05:45:32.830] E016 |   400/1398 batches | lr 1.2500 | loss  4.099 | ppl     60.30
[2022-04-11 05:45:49.323] E016 |   600/1398 batches | lr 1.2500 | loss  4.030 | ppl     56.28
[2022-04-11 05:46:05.802] E016 |   800/1398 batches | lr 1.2500 | loss  4.095 | ppl     60.02
[2022-04-11 05:46:22.492] E016 |  1000/1398 batches | lr 1.2500 | loss  4.038 | ppl     56.72
[2022-04-11 05:46:38.850] E016 |  1200/1398 batches | lr 1.2500 | loss  3.973 | ppl     53.15
[2022-04-11 05:46:55.207] E016 |  1398/1398 batches | lr 1.2500 | loss  3.936 | ppl     51.23
[2022-04-11 05:47:04.762] End E016 | valid loss  5.170; ppl    175.94 | accu 0.2414 = 54960/227640
[2022-04-11 05:47:26.199] End E016 |  test loss  8.580; ppl   5321.65 | accu 0.0851 = 43129/506840 ../data/sample_500k/adult_test.txt
[2022-04-11 05:47:30.885] End E016 |  test loss  5.841; ppl    344.04 | accu 0.2337 = 26221/112220 ../data/sample_500k/adolescent_valid.txt
[2022-04-11 05:47:35.669] End E016 |  test loss  4.520; ppl     91.80 | accu 0.2488 = 28706/115380 ../data/sample_500k/cbt_valid.txt
[2022-04-11 05:47:35.669] Epoch 017/40 ==================================================
[2022-04-11 05:47:52.328] E017 |   200/1398 batches | lr 0.6250 | loss  4.121 | ppl     61.59
[2022-04-11 05:48:08.614] E017 |   400/1398 batches | lr 0.6250 | loss  4.082 | ppl     59.27
[2022-04-11 05:48:25.127] E017 |   600/1398 batches | lr 0.6250 | loss  4.012 | ppl     55.28
[2022-04-11 05:48:41.585] E017 |   800/1398 batches | lr 0.6250 | loss  4.083 | ppl     59.31
[2022-04-11 05:48:58.127] E017 |  1000/1398 batches | lr 0.6250 | loss  4.021 | ppl     55.74
[2022-04-11 05:49:14.288] E017 |  1200/1398 batches | lr 0.6250 | loss  3.957 | ppl     52.33
[2022-04-11 05:49:30.573] E017 |  1398/1398 batches | lr 0.6250 | loss  3.921 | ppl     50.45
[2022-04-11 05:49:40.035] End E017 | valid loss  5.165; ppl    174.97 | accu 0.2423 = 55150/227640
[2022-04-11 05:50:01.503] End E017 |  test loss  8.556; ppl   5196.88 | accu 0.0847 = 42947/506840 ../data/sample_500k/adult_test.txt
[2022-04-11 05:50:06.108] End E017 |  test loss  5.836; ppl    342.39 | accu 0.2343 = 26292/112220 ../data/sample_500k/adolescent_valid.txt
[2022-04-11 05:50:10.797] End E017 |  test loss  4.514; ppl     91.26 | accu 0.2499 = 28831/115380 ../data/sample_500k/cbt_valid.txt
[2022-04-11 05:50:10.797] Save: model.pt... 
[2022-04-11 05:50:11.466] Save: model.pt...Done. best_val_loss: 5.1646
[2022-04-11 05:50:11.466] Epoch 018/40 ==================================================
[2022-04-11 05:50:27.970] E018 |   200/1398 batches | lr 0.6250 | loss  4.104 | ppl     60.59
[2022-04-11 05:50:44.430] E018 |   400/1398 batches | lr 0.6250 | loss  4.076 | ppl     58.89
[2022-04-11 05:51:00.937] E018 |   600/1398 batches | lr 0.6250 | loss  4.006 | ppl     54.94
[2022-04-11 05:51:17.389] E018 |   800/1398 batches | lr 0.6250 | loss  4.076 | ppl     58.88
[2022-04-11 05:51:33.934] E018 |  1000/1398 batches | lr 0.6250 | loss  4.016 | ppl     55.48
[2022-04-11 05:51:50.433] E018 |  1200/1398 batches | lr 0.6250 | loss  3.951 | ppl     51.98
[2022-04-11 05:52:06.937] E018 |  1398/1398 batches | lr 0.6250 | loss  3.917 | ppl     50.24
[2022-04-11 05:52:16.562] End E018 | valid loss  5.166; ppl    175.29 | accu 0.2424 = 55183/227640
[2022-04-11 05:52:37.791] End E018 |  test loss  8.562; ppl   5231.15 | accu 0.0864 = 43767/506840 ../data/sample_500k/adult_test.txt
[2022-04-11 05:52:42.461] End E018 |  test loss  5.839; ppl    343.48 | accu 0.2345 = 26314/112220 ../data/sample_500k/adolescent_valid.txt
[2022-04-11 05:52:47.196] End E018 |  test loss  4.514; ppl     91.28 | accu 0.2500 = 28850/115380 ../data/sample_500k/cbt_valid.txt
[2022-04-11 05:52:47.196] Epoch 019/40 ==================================================
[2022-04-11 05:53:03.560] E019 |   200/1398 batches | lr 0.3125 | loss  4.104 | ppl     60.60
[2022-04-11 05:53:19.909] E019 |   400/1398 batches | lr 0.3125 | loss  4.071 | ppl     58.63
[2022-04-11 05:53:36.341] E019 |   600/1398 batches | lr 0.3125 | loss  4.000 | ppl     54.63
[2022-04-11 05:53:52.766] E019 |   800/1398 batches | lr 0.3125 | loss  4.066 | ppl     58.35
[2022-04-11 05:54:09.264] E019 |  1000/1398 batches | lr 0.3125 | loss  4.008 | ppl     55.01
[2022-04-11 05:54:25.810] E019 |  1200/1398 batches | lr 0.3125 | loss  3.942 | ppl     51.50
[2022-04-11 05:54:42.022] E019 |  1398/1398 batches | lr 0.3125 | loss  3.909 | ppl     49.84
[2022-04-11 05:54:51.596] End E019 | valid loss  5.164; ppl    174.93 | accu 0.2427 = 55256/227640
[2022-04-11 05:55:12.900] End E019 |  test loss  8.536; ppl   5097.21 | accu 0.0831 = 42131/506840 ../data/sample_500k/adult_test.txt
[2022-04-11 05:55:17.516] End E019 |  test loss  5.838; ppl    343.00 | accu 0.2344 = 26302/112220 ../data/sample_500k/adolescent_valid.txt
[2022-04-11 05:55:22.233] End E019 |  test loss  4.511; ppl     91.04 | accu 0.2508 = 28939/115380 ../data/sample_500k/cbt_valid.txt
[2022-04-11 05:55:22.233] Save: model.pt... 
[2022-04-11 05:55:22.900] Save: model.pt...Done. best_val_loss: 5.1644
[2022-04-11 05:55:22.900] Epoch 020/40 ==================================================
[2022-04-11 05:55:39.491] E020 |   200/1398 batches | lr 0.3125 | loss  4.096 | ppl     60.09
[2022-04-11 05:55:55.986] E020 |   400/1398 batches | lr 0.3125 | loss  4.067 | ppl     58.39
[2022-04-11 05:56:12.557] E020 |   600/1398 batches | lr 0.3125 | loss  3.997 | ppl     54.41
[2022-04-11 05:56:28.993] E020 |   800/1398 batches | lr 0.3125 | loss  4.062 | ppl     58.08
[2022-04-11 05:56:45.407] E020 |  1000/1398 batches | lr 0.3125 | loss  4.006 | ppl     54.94
[2022-04-11 05:57:01.853] E020 |  1200/1398 batches | lr 0.3125 | loss  3.942 | ppl     51.50
[2022-04-11 05:57:18.181] E020 |  1398/1398 batches | lr 0.3125 | loss  3.910 | ppl     49.90
[2022-04-11 05:57:27.529] End E020 | valid loss  5.164; ppl    174.92 | accu 0.2429 = 55299/227640
[2022-04-11 05:57:48.444] End E020 |  test loss  8.533; ppl   5079.55 | accu 0.0820 = 41562/506840 ../data/sample_500k/adult_test.txt
[2022-04-11 05:57:53.085] End E020 |  test loss  5.839; ppl    343.29 | accu 0.2347 = 26337/112220 ../data/sample_500k/adolescent_valid.txt
[2022-04-11 05:57:57.856] End E020 |  test loss  4.510; ppl     90.95 | accu 0.2510 = 28963/115380 ../data/sample_500k/cbt_valid.txt
[2022-04-11 05:57:57.856] Save: model.pt... 
[2022-04-11 05:57:58.526] Save: model.pt...Done. best_val_loss: 5.1643
[2022-04-11 05:57:58.526] Epoch 021/40 ==================================================
[2022-04-11 05:58:15.040] E021 |   200/1398 batches | lr 0.3125 | loss  4.092 | ppl     59.84
[2022-04-11 05:58:31.509] E021 |   400/1398 batches | lr 0.3125 | loss  4.060 | ppl     57.96
[2022-04-11 05:58:47.991] E021 |   600/1398 batches | lr 0.3125 | loss  3.991 | ppl     54.11
[2022-04-11 05:59:04.480] E021 |   800/1398 batches | lr 0.3125 | loss  4.059 | ppl     57.92
[2022-04-11 05:59:21.211] E021 |  1000/1398 batches | lr 0.3125 | loss  4.005 | ppl     54.86
[2022-04-11 05:59:37.665] E021 |  1200/1398 batches | lr 0.3125 | loss  3.937 | ppl     51.24
[2022-04-11 05:59:54.082] E021 |  1398/1398 batches | lr 0.3125 | loss  3.907 | ppl     49.75
[2022-04-11 06:00:03.582] End E021 | valid loss  5.163; ppl    174.63 | accu 0.2428 = 55270/227640
[2022-04-11 06:00:24.673] End E021 |  test loss  8.538; ppl   5107.61 | accu 0.0861 = 43649/506840 ../data/sample_500k/adult_test.txt
[2022-04-11 06:00:29.277] End E021 |  test loss  5.836; ppl    342.32 | accu 0.2346 = 26330/112220 ../data/sample_500k/adolescent_valid.txt
[2022-04-11 06:00:34.005] End E021 |  test loss  4.510; ppl     90.92 | accu 0.2507 = 28922/115380 ../data/sample_500k/cbt_valid.txt
[2022-04-11 06:00:34.005] Save: model.pt... 
[2022-04-11 06:00:34.692] Save: model.pt...Done. best_val_loss: 5.1627
[2022-04-11 06:00:34.692] Epoch 022/40 ==================================================
[2022-04-11 06:00:51.468] E022 |   200/1398 batches | lr 0.3125 | loss  4.087 | ppl     59.59
[2022-04-11 06:01:08.043] E022 |   400/1398 batches | lr 0.3125 | loss  4.056 | ppl     57.72
[2022-04-11 06:01:24.285] E022 |   600/1398 batches | lr 0.3125 | loss  3.990 | ppl     54.04
[2022-04-11 06:01:40.675] E022 |   800/1398 batches | lr 0.3125 | loss  4.059 | ppl     57.94
[2022-04-11 06:01:57.112] E022 |  1000/1398 batches | lr 0.3125 | loss  4.003 | ppl     54.79
[2022-04-11 06:02:13.517] E022 |  1200/1398 batches | lr 0.3125 | loss  3.936 | ppl     51.19
[2022-04-11 06:02:29.969] E022 |  1398/1398 batches | lr 0.3125 | loss  3.904 | ppl     49.59
[2022-04-11 06:02:39.591] End E022 | valid loss  5.164; ppl    174.80 | accu 0.2428 = 55279/227640
[2022-04-11 06:03:01.214] End E022 |  test loss  8.526; ppl   5045.93 | accu 0.0836 = 42391/506840 ../data/sample_500k/adult_test.txt
[2022-04-11 06:03:06.023] End E022 |  test loss  5.837; ppl    342.87 | accu 0.2348 = 26346/112220 ../data/sample_500k/adolescent_valid.txt
[2022-04-11 06:03:10.742] End E022 |  test loss  4.510; ppl     90.94 | accu 0.2507 = 28927/115380 ../data/sample_500k/cbt_valid.txt
[2022-04-11 06:03:10.743] Epoch 023/40 ==================================================
[2022-04-11 06:03:27.163] E023 |   200/1398 batches | lr 0.1562 | loss  4.088 | ppl     59.63
[2022-04-11 06:03:43.754] E023 |   400/1398 batches | lr 0.1562 | loss  4.053 | ppl     57.58
[2022-04-11 06:04:00.195] E023 |   600/1398 batches | lr 0.1562 | loss  3.989 | ppl     54.00
[2022-04-11 06:04:16.641] E023 |   800/1398 batches | lr 0.1562 | loss  4.053 | ppl     57.57
[2022-04-11 06:04:33.187] E023 |  1000/1398 batches | lr 0.1562 | loss  3.997 | ppl     54.43
[2022-04-11 06:04:49.753] E023 |  1200/1398 batches | lr 0.1562 | loss  3.933 | ppl     51.07
[2022-04-11 06:05:05.808] E023 |  1398/1398 batches | lr 0.1562 | loss  3.901 | ppl     49.45
[2022-04-11 06:05:15.279] End E023 | valid loss  5.161; ppl    174.41 | accu 0.2431 = 55344/227640
[2022-04-11 06:05:36.656] End E023 |  test loss  8.504; ppl   4933.02 | accu 0.0816 = 41370/506840 ../data/sample_500k/adult_test.txt
[2022-04-11 06:05:41.354] End E023 |  test loss  5.835; ppl    342.13 | accu 0.2350 = 26367/112220 ../data/sample_500k/adolescent_valid.txt
[2022-04-11 06:05:46.120] End E023 |  test loss  4.508; ppl     90.74 | accu 0.2512 = 28985/115380 ../data/sample_500k/cbt_valid.txt
[2022-04-11 06:05:46.121] Save: model.pt... 
[2022-04-11 06:05:46.803] Save: model.pt...Done. best_val_loss: 5.1614
[2022-04-11 06:05:46.803] Epoch 024/40 ==================================================
[2022-04-11 06:06:03.263] E024 |   200/1398 batches | lr 0.1562 | loss  4.084 | ppl     59.39
[2022-04-11 06:06:19.660] E024 |   400/1398 batches | lr 0.1562 | loss  4.049 | ppl     57.36
[2022-04-11 06:06:36.096] E024 |   600/1398 batches | lr 0.1562 | loss  3.984 | ppl     53.75
[2022-04-11 06:06:52.515] E024 |   800/1398 batches | lr 0.1562 | loss  4.052 | ppl     57.48
[2022-04-11 06:07:08.892] E024 |  1000/1398 batches | lr 0.1562 | loss  3.996 | ppl     54.36
[2022-04-11 06:07:25.289] E024 |  1200/1398 batches | lr 0.1562 | loss  3.930 | ppl     50.90
[2022-04-11 06:07:41.476] E024 |  1398/1398 batches | lr 0.1562 | loss  3.899 | ppl     49.35
[2022-04-11 06:07:50.946] End E024 | valid loss  5.162; ppl    174.45 | accu 0.2431 = 55334/227640
[2022-04-11 06:08:12.623] End E024 |  test loss  8.512; ppl   4973.42 | accu 0.0842 = 42671/506840 ../data/sample_500k/adult_test.txt
[2022-04-11 06:08:17.313] End E024 |  test loss  5.835; ppl    342.17 | accu 0.2349 = 26355/112220 ../data/sample_500k/adolescent_valid.txt
[2022-04-11 06:08:22.057] End E024 |  test loss  4.508; ppl     90.76 | accu 0.2511 = 28967/115380 ../data/sample_500k/cbt_valid.txt
[2022-04-11 06:08:22.057] Epoch 025/40 ==================================================
[2022-04-11 06:08:38.498] E025 |   200/1398 batches | lr 0.0781 | loss  4.079 | ppl     59.06
[2022-04-11 06:08:54.896] E025 |   400/1398 batches | lr 0.0781 | loss  4.051 | ppl     57.44
[2022-04-11 06:09:11.339] E025 |   600/1398 batches | lr 0.0781 | loss  3.984 | ppl     53.76
[2022-04-11 06:09:27.972] E025 |   800/1398 batches | lr 0.0781 | loss  4.050 | ppl     57.41
[2022-04-11 06:09:44.460] E025 |  1000/1398 batches | lr 0.0781 | loss  3.991 | ppl     54.12
[2022-04-11 06:10:01.016] E025 |  1200/1398 batches | lr 0.0781 | loss  3.931 | ppl     50.96
[2022-04-11 06:10:17.485] E025 |  1398/1398 batches | lr 0.0781 | loss  3.899 | ppl     49.36
[2022-04-11 06:10:26.974] End E025 | valid loss  5.159; ppl    174.06 | accu 0.2432 = 55359/227640
[2022-04-11 06:10:48.175] End E025 |  test loss  8.503; ppl   4929.77 | accu 0.0845 = 42831/506840 ../data/sample_500k/adult_test.txt
[2022-04-11 06:10:53.046] End E025 |  test loss  5.832; ppl    341.05 | accu 0.2349 = 26358/112220 ../data/sample_500k/adolescent_valid.txt
[2022-04-11 06:10:58.051] End E025 |  test loss  4.507; ppl     90.65 | accu 0.2514 = 29002/115380 ../data/sample_500k/cbt_valid.txt
[2022-04-11 06:10:58.052] Save: model.pt... 
[2022-04-11 06:10:58.719] Save: model.pt...Done. best_val_loss: 5.1594
[2022-04-11 06:10:58.719] Epoch 026/40 ==================================================
[2022-04-11 06:11:14.577] E026 |   200/1398 batches | lr 0.0781 | loss  4.082 | ppl     59.28
[2022-04-11 06:11:31.118] E026 |   400/1398 batches | lr 0.0781 | loss  4.051 | ppl     57.43
[2022-04-11 06:11:47.566] E026 |   600/1398 batches | lr 0.0781 | loss  3.986 | ppl     53.82
[2022-04-11 06:12:04.015] E026 |   800/1398 batches | lr 0.0781 | loss  4.047 | ppl     57.24
[2022-04-11 06:12:20.505] E026 |  1000/1398 batches | lr 0.0781 | loss  3.993 | ppl     54.21
[2022-04-11 06:12:36.937] E026 |  1200/1398 batches | lr 0.0781 | loss  3.930 | ppl     50.91
[2022-04-11 06:12:52.854] E026 |  1398/1398 batches | lr 0.0781 | loss  3.900 | ppl     49.38
[2022-04-11 06:13:02.368] End E026 | valid loss  5.159; ppl    174.07 | accu 0.2434 = 55401/227640
[2022-04-11 06:13:23.500] End E026 |  test loss  8.501; ppl   4917.77 | accu 0.0846 = 42887/506840 ../data/sample_500k/adult_test.txt
[2022-04-11 06:13:28.131] End E026 |  test loss  5.832; ppl    341.12 | accu 0.2352 = 26389/112220 ../data/sample_500k/adolescent_valid.txt
[2022-04-11 06:13:32.989] End E026 |  test loss  4.507; ppl     90.63 | accu 0.2515 = 29016/115380 ../data/sample_500k/cbt_valid.txt
[2022-04-11 06:13:32.989] Epoch 027/40 ==================================================
[2022-04-11 06:13:49.482] E027 |   200/1398 batches | lr 0.0391 | loss  4.077 | ppl     58.94
[2022-04-11 06:14:05.883] E027 |   400/1398 batches | lr 0.0391 | loss  4.052 | ppl     57.53
[2022-04-11 06:14:22.241] E027 |   600/1398 batches | lr 0.0391 | loss  3.983 | ppl     53.68
[2022-04-11 06:14:38.691] E027 |   800/1398 batches | lr 0.0391 | loss  4.048 | ppl     57.26
[2022-04-11 06:14:55.170] E027 |  1000/1398 batches | lr 0.0391 | loss  3.993 | ppl     54.21
[2022-04-11 06:15:11.426] E027 |  1200/1398 batches | lr 0.0391 | loss  3.925 | ppl     50.67
[2022-04-11 06:15:27.712] E027 |  1398/1398 batches | lr 0.0391 | loss  3.892 | ppl     49.00
[2022-04-11 06:15:37.271] End E027 | valid loss  5.159; ppl    174.00 | accu 0.2435 = 55420/227640
[2022-04-11 06:15:58.368] End E027 |  test loss  8.494; ppl   4887.25 | accu 0.0848 = 42996/506840 ../data/sample_500k/adult_test.txt
[2022-04-11 06:16:03.019] End E027 |  test loss  5.832; ppl    340.90 | accu 0.2353 = 26401/112220 ../data/sample_500k/adolescent_valid.txt
[2022-04-11 06:16:07.874] End E027 |  test loss  4.507; ppl     90.61 | accu 0.2513 = 29000/115380 ../data/sample_500k/cbt_valid.txt
[2022-04-11 06:16:07.875] Save: model.pt... 
[2022-04-11 06:16:08.539] Save: model.pt...Done. best_val_loss: 5.1590
[2022-04-11 06:16:08.539] Epoch 028/40 ==================================================
[2022-04-11 06:16:24.911] E028 |   200/1398 batches | lr 0.0391 | loss  4.075 | ppl     58.83
[2022-04-11 06:16:41.495] E028 |   400/1398 batches | lr 0.0391 | loss  4.047 | ppl     57.24
[2022-04-11 06:16:58.118] E028 |   600/1398 batches | lr 0.0391 | loss  3.984 | ppl     53.72
[2022-04-11 06:17:14.710] E028 |   800/1398 batches | lr 0.0391 | loss  4.050 | ppl     57.38
[2022-04-11 06:17:31.113] E028 |  1000/1398 batches | lr 0.0391 | loss  3.991 | ppl     54.12
[2022-04-11 06:17:47.538] E028 |  1200/1398 batches | lr 0.0391 | loss  3.925 | ppl     50.68
[2022-04-11 06:18:03.849] E028 |  1398/1398 batches | lr 0.0391 | loss  3.895 | ppl     49.17
[2022-04-11 06:18:13.337] End E028 | valid loss  5.159; ppl    173.93 | accu 0.2437 = 55465/227640
[2022-04-11 06:18:35.132] End E028 |  test loss  8.494; ppl   4887.71 | accu 0.0848 = 42966/506840 ../data/sample_500k/adult_test.txt
[2022-04-11 06:18:39.796] End E028 |  test loss  5.831; ppl    340.68 | accu 0.2357 = 26447/112220 ../data/sample_500k/adolescent_valid.txt
[2022-04-11 06:18:44.555] End E028 |  test loss  4.506; ppl     90.60 | accu 0.2515 = 29015/115380 ../data/sample_500k/cbt_valid.txt
[2022-04-11 06:18:44.555] Save: model.pt... 
[2022-04-11 06:18:45.237] Save: model.pt...Done. best_val_loss: 5.1587
[2022-04-11 06:18:45.237] Epoch 029/40 ==================================================
[2022-04-11 06:19:01.777] E029 |   200/1398 batches | lr 0.0391 | loss  4.076 | ppl     58.93
[2022-04-11 06:19:18.272] E029 |   400/1398 batches | lr 0.0391 | loss  4.045 | ppl     57.14
[2022-04-11 06:19:34.684] E029 |   600/1398 batches | lr 0.0391 | loss  3.979 | ppl     53.47
[2022-04-11 06:19:51.196] E029 |   800/1398 batches | lr 0.0391 | loss  4.048 | ppl     57.28
[2022-04-11 06:20:07.778] E029 |  1000/1398 batches | lr 0.0391 | loss  3.994 | ppl     54.26
[2022-04-11 06:20:24.188] E029 |  1200/1398 batches | lr 0.0391 | loss  3.927 | ppl     50.77
[2022-04-11 06:20:40.447] E029 |  1398/1398 batches | lr 0.0391 | loss  3.898 | ppl     49.29
[2022-04-11 06:20:50.075] End E029 | valid loss  5.159; ppl    174.00 | accu 0.2436 = 55464/227640
[2022-04-11 06:21:11.087] End E029 |  test loss  8.495; ppl   4891.90 | accu 0.0849 = 43054/506840 ../data/sample_500k/adult_test.txt
[2022-04-11 06:21:15.701] End E029 |  test loss  5.832; ppl    340.94 | accu 0.2357 = 26447/112220 ../data/sample_500k/adolescent_valid.txt
[2022-04-11 06:21:20.650] End E029 |  test loss  4.506; ppl     90.60 | accu 0.2515 = 29013/115380 ../data/sample_500k/cbt_valid.txt
[2022-04-11 06:21:20.651] Epoch 030/40 ==================================================
[2022-04-11 06:21:37.197] E030 |   200/1398 batches | lr 0.0195 | loss  4.079 | ppl     59.07
[2022-04-11 06:21:53.593] E030 |   400/1398 batches | lr 0.0195 | loss  4.047 | ppl     57.24
[2022-04-11 06:22:10.083] E030 |   600/1398 batches | lr 0.0195 | loss  3.980 | ppl     53.54
[2022-04-11 06:22:26.548] E030 |   800/1398 batches | lr 0.0195 | loss  4.047 | ppl     57.20
[2022-04-11 06:22:43.006] E030 |  1000/1398 batches | lr 0.0195 | loss  3.991 | ppl     54.08
[2022-04-11 06:22:59.364] E030 |  1200/1398 batches | lr 0.0195 | loss  3.928 | ppl     50.82
[2022-04-11 06:23:15.710] E030 |  1398/1398 batches | lr 0.0195 | loss  3.896 | ppl     49.19
[2022-04-11 06:23:25.175] End E030 | valid loss  5.159; ppl    174.01 | accu 0.2437 = 55477/227640
[2022-04-11 06:23:46.556] End E030 |  test loss  8.492; ppl   4874.12 | accu 0.0846 = 42888/506840 ../data/sample_500k/adult_test.txt
[2022-04-11 06:23:51.245] End E030 |  test loss  5.832; ppl    340.95 | accu 0.2356 = 26443/112220 ../data/sample_500k/adolescent_valid.txt
[2022-04-11 06:23:55.943] End E030 |  test loss  4.507; ppl     90.61 | accu 0.2515 = 29018/115380 ../data/sample_500k/cbt_valid.txt
[2022-04-11 06:23:55.943] Epoch 031/40 ==================================================
[2022-04-11 06:24:12.354] E031 |   200/1398 batches | lr 0.0098 | loss  4.079 | ppl     59.06
[2022-04-11 06:24:28.724] E031 |   400/1398 batches | lr 0.0098 | loss  4.047 | ppl     57.22
[2022-04-11 06:24:45.079] E031 |   600/1398 batches | lr 0.0098 | loss  3.983 | ppl     53.69
[2022-04-11 06:25:01.289] E031 |   800/1398 batches | lr 0.0098 | loss  4.047 | ppl     57.20
[2022-04-11 06:25:17.894] E031 |  1000/1398 batches | lr 0.0098 | loss  3.993 | ppl     54.21
[2022-04-11 06:25:34.296] E031 |  1200/1398 batches | lr 0.0098 | loss  3.926 | ppl     50.68
[2022-04-11 06:25:50.593] E031 |  1398/1398 batches | lr 0.0098 | loss  3.891 | ppl     48.97
[2022-04-11 06:26:00.134] End E031 | valid loss  5.159; ppl    174.00 | accu 0.2436 = 55464/227640
[2022-04-11 06:26:21.275] End E031 |  test loss  8.490; ppl   4864.73 | accu 0.0844 = 42798/506840 ../data/sample_500k/adult_test.txt
[2022-04-11 06:26:25.893] End E031 |  test loss  5.832; ppl    340.95 | accu 0.2356 = 26440/112220 ../data/sample_500k/adolescent_valid.txt
[2022-04-11 06:26:30.683] End E031 |  test loss  4.506; ppl     90.60 | accu 0.2514 = 29009/115380 ../data/sample_500k/cbt_valid.txt
[2022-04-11 06:26:30.683] Epoch 032/40 ==================================================
[2022-04-11 06:26:47.060] E032 |   200/1398 batches | lr 0.0049 | loss  4.081 | ppl     59.19
[2022-04-11 06:27:03.461] E032 |   400/1398 batches | lr 0.0049 | loss  4.045 | ppl     57.14
[2022-04-11 06:27:19.922] E032 |   600/1398 batches | lr 0.0049 | loss  3.981 | ppl     53.55
[2022-04-11 06:27:36.394] E032 |   800/1398 batches | lr 0.0049 | loss  4.044 | ppl     57.05
[2022-04-11 06:27:52.817] E032 |  1000/1398 batches | lr 0.0049 | loss  3.990 | ppl     54.07
[2022-04-11 06:28:09.026] E032 |  1200/1398 batches | lr 0.0049 | loss  3.929 | ppl     50.85
[2022-04-11 06:28:25.460] E032 |  1398/1398 batches | lr 0.0049 | loss  3.895 | ppl     49.18
[2022-04-11 06:28:34.883] End E032 | valid loss  5.159; ppl    173.98 | accu 0.2437 = 55472/227640
[2022-04-11 06:28:56.126] End E032 |  test loss  8.490; ppl   4866.93 | accu 0.0845 = 42842/506840 ../data/sample_500k/adult_test.txt
[2022-04-11 06:29:00.749] End E032 |  test loss  5.832; ppl    340.88 | accu 0.2356 = 26440/112220 ../data/sample_500k/adolescent_valid.txt
[2022-04-11 06:29:05.512] End E032 |  test loss  4.506; ppl     90.59 | accu 0.2515 = 29019/115380 ../data/sample_500k/cbt_valid.txt
[2022-04-11 06:29:05.512] Epoch 033/40 ==================================================
[2022-04-11 06:29:21.910] E033 |   200/1398 batches | lr 0.0024 | loss  4.079 | ppl     59.09
[2022-04-11 06:29:38.443] E033 |   400/1398 batches | lr 0.0024 | loss  4.046 | ppl     57.18
[2022-04-11 06:29:54.852] E033 |   600/1398 batches | lr 0.0024 | loss  3.981 | ppl     53.56
[2022-04-11 06:30:11.348] E033 |   800/1398 batches | lr 0.0024 | loss  4.050 | ppl     57.39
[2022-04-11 06:30:27.727] E033 |  1000/1398 batches | lr 0.0024 | loss  3.990 | ppl     54.04
[2022-04-11 06:30:44.291] E033 |  1200/1398 batches | lr 0.0024 | loss  3.925 | ppl     50.64
[2022-04-11 06:31:00.529] E033 |  1398/1398 batches | lr 0.0024 | loss  3.894 | ppl     49.10
[2022-04-11 06:31:10.049] End E033 | valid loss  5.159; ppl    173.92 | accu 0.2437 = 55472/227640
[2022-04-11 06:31:31.116] End E033 |  test loss  8.491; ppl   4870.99 | accu 0.0848 = 42979/506840 ../data/sample_500k/adult_test.txt
[2022-04-11 06:31:35.742] End E033 |  test loss  5.831; ppl    340.66 | accu 0.2356 = 26444/112220 ../data/sample_500k/adolescent_valid.txt
[2022-04-11 06:31:40.458] End E033 |  test loss  4.506; ppl     90.59 | accu 0.2515 = 29018/115380 ../data/sample_500k/cbt_valid.txt
[2022-04-11 06:31:40.459] Save: model.pt... 
[2022-04-11 06:31:41.128] Save: model.pt...Done. best_val_loss: 5.1586
[2022-04-11 06:31:41.128] Epoch 034/40 ==================================================
[2022-04-11 06:31:57.446] E034 |   200/1398 batches | lr 0.0024 | loss  4.079 | ppl     59.09
[2022-04-11 06:32:13.869] E034 |   400/1398 batches | lr 0.0024 | loss  4.048 | ppl     57.28
[2022-04-11 06:32:30.207] E034 |   600/1398 batches | lr 0.0024 | loss  3.979 | ppl     53.49
[2022-04-11 06:32:46.682] E034 |   800/1398 batches | lr 0.0024 | loss  4.047 | ppl     57.22
[2022-04-11 06:33:03.165] E034 |  1000/1398 batches | lr 0.0024 | loss  3.993 | ppl     54.24
[2022-04-11 06:33:19.595] E034 |  1200/1398 batches | lr 0.0024 | loss  3.924 | ppl     50.62
[2022-04-11 06:33:35.841] E034 |  1398/1398 batches | lr 0.0024 | loss  3.896 | ppl     49.19
[2022-04-11 06:33:45.288] End E034 | valid loss  5.159; ppl    173.91 | accu 0.2437 = 55469/227640
[2022-04-11 06:34:06.526] End E034 |  test loss  8.491; ppl   4869.67 | accu 0.0848 = 42971/506840 ../data/sample_500k/adult_test.txt
[2022-04-11 06:34:11.144] End E034 |  test loss  5.831; ppl    340.63 | accu 0.2356 = 26443/112220 ../data/sample_500k/adolescent_valid.txt
[2022-04-11 06:34:15.888] End E034 |  test loss  4.506; ppl     90.59 | accu 0.2515 = 29016/115380 ../data/sample_500k/cbt_valid.txt
[2022-04-11 06:34:15.888] Save: model.pt... 
[2022-04-11 06:34:16.560] Save: model.pt...Done. best_val_loss: 5.1585
[2022-04-11 06:34:16.561] Epoch 035/40 ==================================================
[2022-04-11 06:34:32.959] E035 |   200/1398 batches | lr 0.0024 | loss  4.078 | ppl     59.03
[2022-04-11 06:34:49.382] E035 |   400/1398 batches | lr 0.0024 | loss  4.048 | ppl     57.27
[2022-04-11 06:35:05.619] E035 |   600/1398 batches | lr 0.0024 | loss  3.980 | ppl     53.51
[2022-04-11 06:35:22.125] E035 |   800/1398 batches | lr 0.0024 | loss  4.046 | ppl     57.15
[2022-04-11 06:35:38.641] E035 |  1000/1398 batches | lr 0.0024 | loss  3.988 | ppl     53.96
[2022-04-11 06:35:55.082] E035 |  1200/1398 batches | lr 0.0024 | loss  3.922 | ppl     50.52
[2022-04-11 06:36:11.333] E035 |  1398/1398 batches | lr 0.0024 | loss  3.895 | ppl     49.16
[2022-04-11 06:36:20.798] End E035 | valid loss  5.159; ppl    173.91 | accu 0.2437 = 55478/227640
[2022-04-11 06:36:41.733] End E035 |  test loss  8.490; ppl   4864.83 | accu 0.0847 = 42913/506840 ../data/sample_500k/adult_test.txt
[2022-04-11 06:36:46.363] End E035 |  test loss  5.831; ppl    340.64 | accu 0.2356 = 26443/112220 ../data/sample_500k/adolescent_valid.txt
[2022-04-11 06:36:51.093] End E035 |  test loss  4.506; ppl     90.59 | accu 0.2515 = 29019/115380 ../data/sample_500k/cbt_valid.txt
[2022-04-11 06:36:51.093] Epoch 036/40 ==================================================
[2022-04-11 06:37:07.489] E036 |   200/1398 batches | lr 0.0012 | loss  4.077 | ppl     59.00
[2022-04-11 06:37:23.994] E036 |   400/1398 batches | lr 0.0012 | loss  4.046 | ppl     57.17
[2022-04-11 06:37:40.417] E036 |   600/1398 batches | lr 0.0012 | loss  3.983 | ppl     53.68
[2022-04-11 06:37:56.961] E036 |   800/1398 batches | lr 0.0012 | loss  4.048 | ppl     57.29
[2022-04-11 06:38:13.534] E036 |  1000/1398 batches | lr 0.0012 | loss  3.990 | ppl     54.04
[2022-04-11 06:38:29.911] E036 |  1200/1398 batches | lr 0.0012 | loss  3.922 | ppl     50.51
[2022-04-11 06:38:46.172] E036 |  1398/1398 batches | lr 0.0012 | loss  3.890 | ppl     48.92
[2022-04-11 06:38:55.698] End E036 | valid loss  5.158; ppl    173.90 | accu 0.2437 = 55476/227640
[2022-04-11 06:39:17.134] End E036 |  test loss  8.491; ppl   4868.33 | accu 0.0848 = 42977/506840 ../data/sample_500k/adult_test.txt
[2022-04-11 06:39:21.809] End E036 |  test loss  5.831; ppl    340.61 | accu 0.2356 = 26444/112220 ../data/sample_500k/adolescent_valid.txt
[2022-04-11 06:39:26.554] End E036 |  test loss  4.506; ppl     90.58 | accu 0.2515 = 29017/115380 ../data/sample_500k/cbt_valid.txt
[2022-04-11 06:39:26.555] Save: model.pt... 
[2022-04-11 06:39:27.241] Save: model.pt...Done. best_val_loss: 5.1585
[2022-04-11 06:39:27.241] Epoch 037/40 ==================================================
[2022-04-11 06:39:43.702] E037 |   200/1398 batches | lr 0.0012 | loss  4.076 | ppl     58.91
[2022-04-11 06:40:00.134] E037 |   400/1398 batches | lr 0.0012 | loss  4.047 | ppl     57.25
[2022-04-11 06:40:16.645] E037 |   600/1398 batches | lr 0.0012 | loss  3.982 | ppl     53.61
[2022-04-11 06:40:33.197] E037 |   800/1398 batches | lr 0.0012 | loss  4.047 | ppl     57.20
[2022-04-11 06:40:49.770] E037 |  1000/1398 batches | lr 0.0012 | loss  3.991 | ppl     54.08
[2022-04-11 06:41:06.276] E037 |  1200/1398 batches | lr 0.0012 | loss  3.924 | ppl     50.61
[2022-04-11 06:41:22.517] E037 |  1398/1398 batches | lr 0.0012 | loss  3.893 | ppl     49.08
[2022-04-11 06:41:32.030] End E037 | valid loss  5.158; ppl    173.88 | accu 0.2437 = 55468/227640
[2022-04-11 06:41:53.026] End E037 |  test loss  8.490; ppl   4867.78 | accu 0.0848 = 42984/506840 ../data/sample_500k/adult_test.txt
[2022-04-11 06:41:57.694] End E037 |  test loss  5.831; ppl    340.54 | accu 0.2356 = 26438/112220 ../data/sample_500k/adolescent_valid.txt
[2022-04-11 06:42:02.440] End E037 |  test loss  4.506; ppl     90.58 | accu 0.2515 = 29013/115380 ../data/sample_500k/cbt_valid.txt
[2022-04-11 06:42:02.440] Save: model.pt... 
[2022-04-11 06:42:03.131] Save: model.pt...Done. best_val_loss: 5.1584
[2022-04-11 06:42:03.131] Epoch 038/40 ==================================================
[2022-04-11 06:42:19.550] E038 |   200/1398 batches | lr 0.0012 | loss  4.078 | ppl     59.02
[2022-04-11 06:42:36.167] E038 |   400/1398 batches | lr 0.0012 | loss  4.044 | ppl     57.08
[2022-04-11 06:42:52.577] E038 |   600/1398 batches | lr 0.0012 | loss  3.981 | ppl     53.57
[2022-04-11 06:43:09.081] E038 |   800/1398 batches | lr 0.0012 | loss  4.045 | ppl     57.11
[2022-04-11 06:43:25.559] E038 |  1000/1398 batches | lr 0.0012 | loss  3.990 | ppl     54.08
[2022-04-11 06:43:41.959] E038 |  1200/1398 batches | lr 0.0012 | loss  3.926 | ppl     50.68
[2022-04-11 06:43:58.172] E038 |  1398/1398 batches | lr 0.0012 | loss  3.894 | ppl     49.11
[2022-04-11 06:44:07.632] End E038 | valid loss  5.158; ppl    173.89 | accu 0.2437 = 55472/227640
[2022-04-11 06:44:28.684] End E038 |  test loss  8.490; ppl   4867.21 | accu 0.0848 = 42978/506840 ../data/sample_500k/adult_test.txt
[2022-04-11 06:44:33.357] End E038 |  test loss  5.831; ppl    340.57 | accu 0.2356 = 26442/112220 ../data/sample_500k/adolescent_valid.txt
[2022-04-11 06:44:38.088] End E038 |  test loss  4.506; ppl     90.58 | accu 0.2515 = 29015/115380 ../data/sample_500k/cbt_valid.txt
[2022-04-11 06:44:38.088] Epoch 039/40 ==================================================
[2022-04-11 06:44:54.455] E039 |   200/1398 batches | lr 0.0006 | loss  4.080 | ppl     59.16
[2022-04-11 06:45:10.909] E039 |   400/1398 batches | lr 0.0006 | loss  4.047 | ppl     57.24
[2022-04-11 06:45:27.368] E039 |   600/1398 batches | lr 0.0006 | loss  3.981 | ppl     53.55
[2022-04-11 06:45:43.822] E039 |   800/1398 batches | lr 0.0006 | loss  4.047 | ppl     57.23
[2022-04-11 06:46:00.235] E039 |  1000/1398 batches | lr 0.0006 | loss  3.991 | ppl     54.08
[2022-04-11 06:46:16.655] E039 |  1200/1398 batches | lr 0.0006 | loss  3.927 | ppl     50.77
[2022-04-11 06:46:32.852] E039 |  1398/1398 batches | lr 0.0006 | loss  3.893 | ppl     49.06
[2022-04-11 06:46:42.717] End E039 | valid loss  5.158; ppl    173.88 | accu 0.2437 = 55473/227640
[2022-04-11 06:47:03.717] End E039 |  test loss  8.490; ppl   4867.18 | accu 0.0848 = 42973/506840 ../data/sample_500k/adult_test.txt
[2022-04-11 06:47:08.356] End E039 |  test loss  5.831; ppl    340.55 | accu 0.2356 = 26443/112220 ../data/sample_500k/adolescent_valid.txt
[2022-04-11 06:47:13.063] End E039 |  test loss  4.506; ppl     90.58 | accu 0.2515 = 29016/115380 ../data/sample_500k/cbt_valid.txt
[2022-04-11 06:47:13.063] Epoch 040/40 ==================================================
[2022-04-11 06:47:29.509] E040 |   200/1398 batches | lr 0.0003 | loss  4.077 | ppl     58.94
[2022-04-11 06:47:45.981] E040 |   400/1398 batches | lr 0.0003 | loss  4.049 | ppl     57.35
[2022-04-11 06:48:02.367] E040 |   600/1398 batches | lr 0.0003 | loss  3.981 | ppl     53.59
[2022-04-11 06:48:18.896] E040 |   800/1398 batches | lr 0.0003 | loss  4.046 | ppl     57.16
[2022-04-11 06:48:35.335] E040 |  1000/1398 batches | lr 0.0003 | loss  3.988 | ppl     53.95
[2022-04-11 06:48:51.737] E040 |  1200/1398 batches | lr 0.0003 | loss  3.926 | ppl     50.72
[2022-04-11 06:49:07.982] E040 |  1398/1398 batches | lr 0.0003 | loss  3.894 | ppl     49.10
[2022-04-11 06:49:17.385] End E040 | valid loss  5.158; ppl    173.88 | accu 0.2437 = 55468/227640
[2022-04-11 06:49:38.196] End E040 |  test loss  8.490; ppl   4866.99 | accu 0.0848 = 42992/506840 ../data/sample_500k/adult_test.txt
[2022-04-11 06:49:42.805] End E040 |  test loss  5.831; ppl    340.53 | accu 0.2356 = 26441/112220 ../data/sample_500k/adolescent_valid.txt
[2022-04-11 06:49:47.562] End E040 |  test loss  4.506; ppl     90.58 | accu 0.2515 = 29014/115380 ../data/sample_500k/cbt_valid.txt
[2022-04-11 06:49:47.562] Save: model.pt... 
[2022-04-11 06:49:48.245] Save: model.pt...Done. best_val_loss: 5.1584
[2022-04-11 06:50:09.772] End. test loss  8.49; ppl  4866.99 | accu 0.0848 = 42992/506840 ../data/sample_500k/adult_test.txt
[2022-04-11 06:50:14.435] End. test loss  5.83; ppl   340.53 | accu 0.2356 = 26441/112220 ../data/sample_500k/adolescent_valid.txt
[2022-04-11 06:50:19.174] End. test loss  4.51; ppl    90.58 | accu 0.2515 = 29014/115380 ../data/sample_500k/cbt_valid.txt
[2022-04-11 06:50:19.174] =========================================================================================
[2022-04-11 06:50:19.174] valid_loss
[2022-04-11 06:50:19.174]  5.74, 5.50, 5.40, 5.34, 5.30, 5.29, 5.29, 5.20, 5.20, 5.20, 5.18, 5.18, 5.18, 5.17, 5.17, 5.17, 5.16, 5.17, 5.16, 5.16, 5.16, 5.16, 5.16, 5.16, 5.16, 5.16, 5.16, 5.16, 5.16, 5.16, 5.16, 5.16, 5.16, 5.16, 5.16, 5.16, 5.16, 5.16, 5.16, 5.16
[2022-04-11 06:50:19.174] valid_loss ppl
[2022-04-11 06:50:19.174]   311.35,  243.51,  221.90,  207.60,  199.81,  197.94,  198.49,  181.80,  180.90,  181.81,  177.36,  177.16,  178.15,  175.89,  176.13,  175.94,  174.97,  175.29,  174.93,  174.92,  174.63,  174.80,  174.41,  174.45,  174.06,  174.07,  174.00,  173.93,  174.00,  174.01,  174.00,  173.98,  173.92,  173.91,  173.91,  173.90,  173.88,  173.89,  173.88,  173.88
[2022-04-11 06:50:19.174] test_loss of ../data/sample_500k/adult_test.txt
[2022-04-11 06:50:19.174]  8.35, 9.79, 8.59, 9.17, 8.20, 9.25, 8.35, 8.43, 8.47, 8.85, 8.59, 8.58, 8.66, 8.58, 8.57, 8.58, 8.56, 8.56, 8.54, 8.53, 8.54, 8.53, 8.50, 8.51, 8.50, 8.50, 8.49, 8.49, 8.50, 8.49, 8.49, 8.49, 8.49, 8.49, 8.49, 8.49, 8.49, 8.49, 8.49, 8.49
[2022-04-11 06:50:19.174] test_loss of ../data/sample_500k/adult_test.txt ppl
[2022-04-11 06:50:19.175]  4234.77,17868.86, 5374.75, 9574.19, 3630.38,10381.47, 4233.03, 4571.52, 4771.32, 6988.88, 5388.35, 5298.88, 5789.26, 5336.29, 5263.85, 5321.65, 5196.88, 5231.15, 5097.21, 5079.55, 5107.61, 5045.93, 4933.02, 4973.42, 4929.77, 4917.77, 4887.25, 4887.71, 4891.90, 4874.12, 4864.73, 4866.93, 4870.99, 4869.67, 4864.83, 4868.33, 4867.78, 4867.21, 4867.18, 4866.99
[2022-04-11 06:50:19.175] test_loss of ../data/sample_500k/adolescent_valid.txt
[2022-04-11 06:50:19.175]  6.34, 6.08, 6.01, 5.94, 5.91, 5.91, 5.94, 5.84, 5.84, 5.85, 5.83, 5.82, 5.85, 5.83, 5.84, 5.84, 5.84, 5.84, 5.84, 5.84, 5.84, 5.84, 5.84, 5.84, 5.83, 5.83, 5.83, 5.83, 5.83, 5.83, 5.83, 5.83, 5.83, 5.83, 5.83, 5.83, 5.83, 5.83, 5.83, 5.83
[2022-04-11 06:50:19.175] test_loss of ../data/sample_500k/adolescent_valid.txt ppl
[2022-04-11 06:50:19.175]   567.86,  439.04,  405.72,  378.08,  366.88,  369.90,  379.62,  343.11,  342.93,  347.76,  340.09,  338.18,  346.01,  341.10,  343.22,  344.04,  342.39,  343.48,  343.00,  343.29,  342.32,  342.87,  342.13,  342.17,  341.05,  341.12,  340.90,  340.68,  340.94,  340.95,  340.95,  340.88,  340.66,  340.63,  340.64,  340.61,  340.54,  340.57,  340.55,  340.53
[2022-04-11 06:50:19.175] test_loss of ../data/sample_500k/cbt_valid.txt
[2022-04-11 06:50:19.175]  5.16, 4.93, 4.82, 4.75, 4.71, 4.69, 4.67, 4.59, 4.58, 4.57, 4.55, 4.55, 4.54, 4.53, 4.52, 4.52, 4.51, 4.51, 4.51, 4.51, 4.51, 4.51, 4.51, 4.51, 4.51, 4.51, 4.51, 4.51, 4.51, 4.51, 4.51, 4.51, 4.51, 4.51, 4.51, 4.51, 4.51, 4.51, 4.51, 4.51
[2022-04-11 06:50:19.175] test_loss of ../data/sample_500k/cbt_valid.txt ppl
[2022-04-11 06:50:19.175]   173.86,  138.33,  123.53,  116.07,  110.95,  108.33,  106.70,   98.28,   97.30,   96.95,   94.24,   94.27,   93.52,   92.53,   92.22,   91.80,   91.26,   91.28,   91.04,   90.95,   90.92,   90.94,   90.74,   90.76,   90.65,   90.63,   90.61,   90.60,   90.60,   90.61,   90.60,   90.59,   90.59,   90.59,   90.59,   90.58,   90.58,   90.58,   90.58,   90.58
