[2022-04-10 01:02:45.812] corpus.train_file_list: 1
[2022-04-10 01:02:45.812]         ../data/adolescent_train.txt
[2022-04-10 01:02:45.812] corpus.valid_file_list: 1
[2022-04-10 01:02:45.812]         ../data/adolescent_valid.txt
[2022-04-10 01:02:45.812] corpus.test_file_list: 2
[2022-04-10 01:02:45.812]         ../data/cbt_valid.txt
[2022-04-10 01:02:45.812]         ../data/adult_test.txt
[2022-04-10 01:02:45.812] corpus.subword_vocab_size: 0
[2022-04-10 01:02:45.812] corpus.subword_model = None. Corpus will not use subword.
[2022-04-10 01:02:45.812] corpus tokenize...
[2022-04-10 01:02:46.258]         train tokens: 241771  ../data/adolescent_train.txt
[2022-04-10 01:02:46.369]         valid tokens:  64138  ../data/adolescent_valid.txt
[2022-04-10 01:02:46.727]         test  tokens: 269037  ../data/cbt_valid.txt
[2022-04-10 01:02:46.797]         test  tokens:  60655  ../data/adult_test.txt
[2022-04-10 01:02:46.797] corpus.ntokens      : 42642
[2022-04-10 01:02:46.797] corpus.char_count   : 105
[2022-04-10 01:02:46.797] corpus.char_cnt_dict: 105
[2022-04-10 01:02:46.797] corpus.char_id_dict : 105
[2022-04-10 01:02:46.800] corpus.batchify(1 files, batch_size=20)...
[2022-04-10 01:02:46.800]         tokens_all: 241771
[2022-04-10 01:02:46.800]         batched   :  12088
[2022-04-10 01:02:46.800]         ../data/adolescent_train.txt
[2022-04-10 01:02:46.801] corpus.batchify(1 files, batch_size=20)...
[2022-04-10 01:02:46.801]         tokens_all:  64138
[2022-04-10 01:02:46.801]         batched   :   3206
[2022-04-10 01:02:46.801]         ../data/adolescent_valid.txt
[2022-04-10 01:02:46.803] corpus.batchify(1 files, batch_size=20)...
[2022-04-10 01:02:46.803]         tokens_all: 269037
[2022-04-10 01:02:46.803]         batched   :  13451
[2022-04-10 01:02:46.803]         ../data/cbt_valid.txt
[2022-04-10 01:02:46.804] corpus.batchify(1 files, batch_size=20)...
[2022-04-10 01:02:46.804]         tokens_all:  60655
[2022-04-10 01:02:46.805]         batched   :   3032
[2022-04-10 01:02:46.805]         ../data/adult_test.txt
[2022-04-10 01:02:47.089] RNNModel.rnn_type: LSTM
[2022-04-10 01:02:47.089] RNNModel.ntoken  : 42642
[2022-04-10 01:02:47.090] RNNModel.ninp    : 200
[2022-04-10 01:02:47.090] RNNModel.nhid    : 200
[2022-04-10 01:02:47.090] RNNModel.nlayers : 2
[2022-04-10 01:02:47.090] RNNModel.dropout : 0.2
[2022-04-10 01:02:47.090] RNNModel.tie_weights: False
[2022-04-10 01:02:47.090] RNNModel.char_mode  : CNN
[2022-04-10 01:02:47.090] RNNModel.char_cnt   : 106
[2022-04-10 01:02:47.090] RNNModel.char_emsize: 25
[2022-04-10 01:02:47.090] RNNModel.char_nhid  : 200
[2022-04-10 01:02:47.090] RNNModel.char_embeds: created
[2022-04-10 01:02:47.091] RNNModel.char_cnn3  : created
[2022-04-10 01:02:47.109] Epoch 001/40 ==================================================
[2022-04-10 01:02:57.560] E001 |   200/345 batches | lr 20.0000 | loss  7.824 | ppl   2499.09
[2022-04-10 01:03:05.134] E001 |   345/345 batches | lr 20.0000 | loss  7.098 | ppl   1209.45
[2022-04-10 01:03:06.987] End E001 | valid loss  6.817; ppl    913.53 | accu 0.1365 = 8747/64100
[2022-04-10 01:03:14.267] End E001 |  test loss  7.696; ppl   2200.55 | accu 0.0984 = 26464/269000 ../data/cbt_valid.txt
[2022-04-10 01:03:15.924] End E001 |  test loss  8.433; ppl   4596.45 | accu 0.0599 = 3630/60620 ../data/adult_test.txt
[2022-04-10 01:03:15.924] Save: model.pt... 
[2022-04-10 01:03:16.185] Save: model.pt...Done. best_val_loss: 6.8173
[2022-04-10 01:03:16.185] Epoch 002/40 ==================================================
[2022-04-10 01:03:26.552] E002 |   200/345 batches | lr 20.0000 | loss  6.582 | ppl    721.69
[2022-04-10 01:03:34.102] E002 |   345/345 batches | lr 20.0000 | loss  6.287 | ppl    537.52
[2022-04-10 01:03:35.963] End E002 | valid loss  6.372; ppl    585.32 | accu 0.1482 = 9497/64100
[2022-04-10 01:03:43.285] End E002 |  test loss  7.646; ppl   2092.48 | accu 0.0795 = 21379/269000 ../data/cbt_valid.txt
[2022-04-10 01:03:44.951] End E002 |  test loss  8.832; ppl   6849.17 | accu 0.0169 = 1023/60620 ../data/adult_test.txt
[2022-04-10 01:03:44.951] Save: model.pt... 
[2022-04-10 01:03:45.218] Save: model.pt...Done. best_val_loss: 6.3722
[2022-04-10 01:03:45.218] Epoch 003/40 ==================================================
[2022-04-10 01:03:55.677] E003 |   200/345 batches | lr 20.0000 | loss  6.094 | ppl    443.26
[2022-04-10 01:04:03.352] E003 |   345/345 batches | lr 20.0000 | loss  5.944 | ppl    381.29
[2022-04-10 01:04:05.164] End E003 | valid loss  6.211; ppl    498.15 | accu 0.1684 = 10796/64100
[2022-04-10 01:04:12.482] End E003 |  test loss  7.892; ppl   2676.14 | accu 0.0710 = 19103/269000 ../data/cbt_valid.txt
[2022-04-10 01:04:14.145] End E003 |  test loss  9.539; ppl  13885.79 | accu 0.0054 = 328/60620 ../data/adult_test.txt
[2022-04-10 01:04:14.145] Save: model.pt... 
[2022-04-10 01:04:14.411] Save: model.pt...Done. best_val_loss: 6.2109
[2022-04-10 01:04:14.411] Epoch 004/40 ==================================================
[2022-04-10 01:04:24.798] E004 |   200/345 batches | lr 20.0000 | loss  5.827 | ppl    339.32
[2022-04-10 01:04:32.538] E004 |   345/345 batches | lr 20.0000 | loss  5.707 | ppl    300.90
[2022-04-10 01:04:34.390] End E004 | valid loss  6.090; ppl    441.43 | accu 0.1911 = 12248/64100
[2022-04-10 01:04:41.723] End E004 |  test loss  8.296; ppl   4008.20 | accu 0.0827 = 22250/269000 ../data/cbt_valid.txt
[2022-04-10 01:04:43.386] End E004 |  test loss 10.788; ppl  48446.30 | accu 0.0061 = 368/60620 ../data/adult_test.txt
[2022-04-10 01:04:43.386] Save: model.pt... 
[2022-04-10 01:04:43.645] Save: model.pt...Done. best_val_loss: 6.0900
[2022-04-10 01:04:43.645] Epoch 005/40 ==================================================
[2022-04-10 01:04:54.179] E005 |   200/345 batches | lr 20.0000 | loss  5.606 | ppl    271.95
[2022-04-10 01:05:01.829] E005 |   345/345 batches | lr 20.0000 | loss  5.504 | ppl    245.78
[2022-04-10 01:05:03.671] End E005 | valid loss  6.079; ppl    436.38 | accu 0.1853 = 11879/64100
[2022-04-10 01:05:11.011] End E005 |  test loss  8.102; ppl   3301.29 | accu 0.0833 = 22417/269000 ../data/cbt_valid.txt
[2022-04-10 01:05:12.659] End E005 |  test loss 10.212; ppl  27238.73 | accu 0.0126 = 765/60620 ../data/adult_test.txt
[2022-04-10 01:05:12.659] Save: model.pt... 
[2022-04-10 01:05:12.929] Save: model.pt...Done. best_val_loss: 6.0785
[2022-04-10 01:05:12.929] Epoch 006/40 ==================================================
[2022-04-10 01:05:23.424] E006 |   200/345 batches | lr 20.0000 | loss  5.414 | ppl    224.51
[2022-04-10 01:05:31.196] E006 |   345/345 batches | lr 20.0000 | loss  5.329 | ppl    206.19
[2022-04-10 01:05:33.046] End E006 | valid loss  6.041; ppl    420.49 | accu 0.2037 = 13054/64100
[2022-04-10 01:05:40.365] End E006 |  test loss  8.178; ppl   3560.15 | accu 0.0880 = 23672/269000 ../data/cbt_valid.txt
[2022-04-10 01:05:42.042] End E006 |  test loss 10.500; ppl  36331.25 | accu 0.0108 = 652/60620 ../data/adult_test.txt
[2022-04-10 01:05:42.042] Save: model.pt... 
[2022-04-10 01:05:42.303] Save: model.pt...Done. best_val_loss: 6.0414
[2022-04-10 01:05:42.304] Epoch 007/40 ==================================================
[2022-04-10 01:05:52.848] E007 |   200/345 batches | lr 20.0000 | loss  5.254 | ppl    191.32
[2022-04-10 01:06:00.494] E007 |   345/345 batches | lr 20.0000 | loss  5.176 | ppl    176.90
[2022-04-10 01:06:02.348] End E007 | valid loss  6.058; ppl    427.59 | accu 0.1947 = 12483/64100
[2022-04-10 01:06:09.650] End E007 |  test loss  8.238; ppl   3781.96 | accu 0.0828 = 22265/269000 ../data/cbt_valid.txt
[2022-04-10 01:06:11.336] End E007 |  test loss 10.889; ppl  53577.89 | accu 0.0027 = 162/60620 ../data/adult_test.txt
[2022-04-10 01:06:11.336] Epoch 008/40 ==================================================
[2022-04-10 01:06:21.885] E008 |   200/345 batches | lr 10.0000 | loss  4.979 | ppl    145.29
[2022-04-10 01:06:29.518] E008 |   345/345 batches | lr 10.0000 | loss  4.840 | ppl    126.51
[2022-04-10 01:06:31.363] End E008 | valid loss  6.013; ppl    408.87 | accu 0.2083 = 13350/64100
[2022-04-10 01:06:38.685] End E008 |  test loss  8.591; ppl   5381.48 | accu 0.0865 = 23264/269000 ../data/cbt_valid.txt
[2022-04-10 01:06:40.355] End E008 |  test loss 12.038; ppl 169067.96 | accu 0.0004 = 27/60620 ../data/adult_test.txt
[2022-04-10 01:06:40.355] Save: model.pt... 
[2022-04-10 01:06:40.619] Save: model.pt...Done. best_val_loss: 6.0134
[2022-04-10 01:06:40.619] Epoch 009/40 ==================================================
[2022-04-10 01:06:51.079] E009 |   200/345 batches | lr 10.0000 | loss  4.843 | ppl    126.90
[2022-04-10 01:06:58.761] E009 |   345/345 batches | lr 10.0000 | loss  4.741 | ppl    114.52
[2022-04-10 01:07:00.614] End E009 | valid loss  6.021; ppl    411.79 | accu 0.2082 = 13347/64100
[2022-04-10 01:07:08.006] End E009 |  test loss  8.779; ppl   6498.64 | accu 0.0874 = 23503/269000 ../data/cbt_valid.txt
[2022-04-10 01:07:09.687] End E009 |  test loss 12.702; ppl 328343.30 | accu 0.0019 = 113/60620 ../data/adult_test.txt
[2022-04-10 01:07:09.687] Epoch 010/40 ==================================================
[2022-04-10 01:07:20.187] E010 |   200/345 batches | lr 5.0000 | loss  4.694 | ppl    109.27
[2022-04-10 01:07:27.965] E010 |   345/345 batches | lr 5.0000 | loss  4.552 | ppl     94.84
[2022-04-10 01:07:29.906] End E010 | valid loss  6.002; ppl    404.07 | accu 0.2137 = 13699/64100
[2022-04-10 01:07:37.321] End E010 |  test loss  9.075; ppl   8735.64 | accu 0.0901 = 24243/269000 ../data/cbt_valid.txt
[2022-04-10 01:07:38.987] End E010 |  test loss 13.415; ppl 670034.77 | accu 0.0044 = 266/60620 ../data/adult_test.txt
[2022-04-10 01:07:38.987] Save: model.pt... 
[2022-04-10 01:07:39.256] Save: model.pt...Done. best_val_loss: 6.0016
[2022-04-10 01:07:39.256] Epoch 011/40 ==================================================
[2022-04-10 01:07:49.730] E011 |   200/345 batches | lr 5.0000 | loss  4.614 | ppl    100.84
[2022-04-10 01:07:57.395] E011 |   345/345 batches | lr 5.0000 | loss  4.497 | ppl     89.75
[2022-04-10 01:07:59.242] End E011 | valid loss  6.014; ppl    409.05 | accu 0.2148 = 13768/64100
[2022-04-10 01:08:06.617] End E011 |  test loss  9.341; ppl  11396.31 | accu 0.0892 = 24006/269000 ../data/cbt_valid.txt
[2022-04-10 01:08:08.265] End E011 |  test loss 13.771; ppl 956265.15 | accu 0.0090 = 545/60620 ../data/adult_test.txt
[2022-04-10 01:08:08.265] Epoch 012/40 ==================================================
[2022-04-10 01:08:18.710] E012 |   200/345 batches | lr 2.5000 | loss  4.538 | ppl     93.50
[2022-04-10 01:08:26.336] E012 |   345/345 batches | lr 2.5000 | loss  4.396 | ppl     81.10
[2022-04-10 01:08:28.186] End E012 | valid loss  6.012; ppl    408.18 | accu 0.2165 = 13877/64100
[2022-04-10 01:08:35.519] End E012 |  test loss  9.470; ppl  12965.54 | accu 0.0898 = 24167/269000 ../data/cbt_valid.txt
[2022-04-10 01:08:37.170] End E012 |  test loss 14.005; ppl 1208613.67 | accu 0.0097 = 588/60620 ../data/adult_test.txt
[2022-04-10 01:08:37.170] Epoch 013/40 ==================================================
[2022-04-10 01:08:47.639] E013 |   200/345 batches | lr 1.2500 | loss  4.491 | ppl     89.18
[2022-04-10 01:08:55.291] E013 |   345/345 batches | lr 1.2500 | loss  4.343 | ppl     76.91
[2022-04-10 01:08:57.139] End E013 | valid loss  6.005; ppl    405.65 | accu 0.2181 = 13978/64100
[2022-04-10 01:09:04.498] End E013 |  test loss  9.483; ppl  13130.43 | accu 0.0915 = 24607/269000 ../data/cbt_valid.txt
[2022-04-10 01:09:06.184] End E013 |  test loss 13.680; ppl 873083.07 | accu 0.0153 = 925/60620 ../data/adult_test.txt
[2022-04-10 01:09:06.185] Epoch 014/40 ==================================================
[2022-04-10 01:09:16.728] E014 |   200/345 batches | lr 0.6250 | loss  4.464 | ppl     86.82
[2022-04-10 01:09:24.404] E014 |   345/345 batches | lr 0.6250 | loss  4.315 | ppl     74.79
[2022-04-10 01:09:26.253] End E014 | valid loss  6.003; ppl    404.55 | accu 0.2180 = 13974/64100
[2022-04-10 01:09:33.566] End E014 |  test loss  9.513; ppl  13528.98 | accu 0.0917 = 24669/269000 ../data/cbt_valid.txt
[2022-04-10 01:09:35.246] End E014 |  test loss 13.683; ppl 876106.61 | accu 0.0172 = 1043/60620 ../data/adult_test.txt
[2022-04-10 01:09:35.247] Epoch 015/40 ==================================================
[2022-04-10 01:09:45.791] E015 |   200/345 batches | lr 0.3125 | loss  4.450 | ppl     85.59
[2022-04-10 01:09:53.432] E015 |   345/345 batches | lr 0.3125 | loss  4.300 | ppl     73.67
[2022-04-10 01:09:55.281] End E015 | valid loss  6.002; ppl    404.16 | accu 0.2186 = 14011/64100
[2022-04-10 01:10:02.669] End E015 |  test loss  9.510; ppl  13498.77 | accu 0.0919 = 24711/269000 ../data/cbt_valid.txt
[2022-04-10 01:10:04.351] End E015 |  test loss 13.675; ppl 868669.74 | accu 0.0176 = 1068/60620 ../data/adult_test.txt
[2022-04-10 01:10:04.351] Epoch 016/40 ==================================================
[2022-04-10 01:10:14.273] E016 |   200/345 batches | lr 0.1562 | loss  4.443 | ppl     85.01
[2022-04-10 01:10:21.703] E016 |   345/345 batches | lr 0.1562 | loss  4.291 | ppl     73.04
[2022-04-10 01:10:23.558] End E016 | valid loss  6.002; ppl    404.17 | accu 0.2186 = 14010/64100
[2022-04-10 01:10:30.882] End E016 |  test loss  9.494; ppl  13283.84 | accu 0.0921 = 24783/269000 ../data/cbt_valid.txt
[2022-04-10 01:10:32.538] End E016 |  test loss 13.638; ppl 837339.98 | accu 0.0181 = 1100/60620 ../data/adult_test.txt
[2022-04-10 01:10:32.538] Epoch 017/40 ==================================================
[2022-04-10 01:10:43.002] E017 |   200/345 batches | lr 0.0781 | loss  4.437 | ppl     84.55
[2022-04-10 01:10:50.615] E017 |   345/345 batches | lr 0.0781 | loss  4.289 | ppl     72.91
[2022-04-10 01:10:52.463] End E017 | valid loss  6.001; ppl    404.03 | accu 0.2183 = 13994/64100
[2022-04-10 01:10:59.785] End E017 |  test loss  9.482; ppl  13127.90 | accu 0.0922 = 24800/269000 ../data/cbt_valid.txt
[2022-04-10 01:11:01.444] End E017 |  test loss 13.607; ppl 811608.52 | accu 0.0186 = 1129/60620 ../data/adult_test.txt
[2022-04-10 01:11:01.444] Save: model.pt... 
[2022-04-10 01:11:01.716] Save: model.pt...Done. best_val_loss: 6.0015
[2022-04-10 01:11:01.716] Epoch 018/40 ==================================================
[2022-04-10 01:11:12.219] E018 |   200/345 batches | lr 0.0781 | loss  4.436 | ppl     84.40
[2022-04-10 01:11:19.881] E018 |   345/345 batches | lr 0.0781 | loss  4.287 | ppl     72.71
[2022-04-10 01:11:21.718] End E018 | valid loss  6.002; ppl    404.11 | accu 0.2183 = 13995/64100
[2022-04-10 01:11:29.044] End E018 |  test loss  9.491; ppl  13245.10 | accu 0.0921 = 24771/269000 ../data/cbt_valid.txt
[2022-04-10 01:11:30.718] End E018 |  test loss 13.654; ppl 850580.47 | accu 0.0179 = 1087/60620 ../data/adult_test.txt
[2022-04-10 01:11:30.718] Epoch 019/40 ==================================================
[2022-04-10 01:11:41.121] E019 |   200/345 batches | lr 0.0391 | loss  4.432 | ppl     84.12
[2022-04-10 01:11:48.799] E019 |   345/345 batches | lr 0.0391 | loss  4.289 | ppl     72.87
[2022-04-10 01:11:50.662] End E019 | valid loss  6.001; ppl    403.67 | accu 0.2185 = 14004/64100
[2022-04-10 01:11:57.966] End E019 |  test loss  9.486; ppl  13176.57 | accu 0.0921 = 24782/269000 ../data/cbt_valid.txt
[2022-04-10 01:11:59.636] End E019 |  test loss 13.648; ppl 845713.91 | accu 0.0180 = 1093/60620 ../data/adult_test.txt
[2022-04-10 01:11:59.636] Save: model.pt... 
[2022-04-10 01:11:59.902] Save: model.pt...Done. best_val_loss: 6.0006
[2022-04-10 01:11:59.902] Epoch 020/40 ==================================================
[2022-04-10 01:12:10.430] E020 |   200/345 batches | lr 0.0391 | loss  4.432 | ppl     84.12
[2022-04-10 01:12:18.045] E020 |   345/345 batches | lr 0.0391 | loss  4.283 | ppl     72.48
[2022-04-10 01:12:19.916] End E020 | valid loss  6.001; ppl    403.73 | accu 0.2185 = 14004/64100
[2022-04-10 01:12:27.323] End E020 |  test loss  9.492; ppl  13253.38 | accu 0.0921 = 24780/269000 ../data/cbt_valid.txt
[2022-04-10 01:12:28.985] End E020 |  test loss 13.676; ppl 869882.29 | accu 0.0177 = 1071/60620 ../data/adult_test.txt
[2022-04-10 01:12:28.985] Epoch 021/40 ==================================================
[2022-04-10 01:12:39.539] E021 |   200/345 batches | lr 0.0195 | loss  4.430 | ppl     83.95
[2022-04-10 01:12:47.203] E021 |   345/345 batches | lr 0.0195 | loss  4.283 | ppl     72.48
[2022-04-10 01:12:49.080] End E021 | valid loss  6.001; ppl    403.83 | accu 0.2185 = 14007/64100
[2022-04-10 01:12:56.399] End E021 |  test loss  9.493; ppl  13262.34 | accu 0.0921 = 24784/269000 ../data/cbt_valid.txt
[2022-04-10 01:12:58.047] End E021 |  test loss 13.679; ppl 872127.54 | accu 0.0178 = 1077/60620 ../data/adult_test.txt
[2022-04-10 01:12:58.047] Epoch 022/40 ==================================================
[2022-04-10 01:13:07.927] E022 |   200/345 batches | lr 0.0098 | loss  4.432 | ppl     84.14
[2022-04-10 01:13:15.124] E022 |   345/345 batches | lr 0.0098 | loss  4.285 | ppl     72.58
[2022-04-10 01:13:16.983] End E022 | valid loss  6.001; ppl    403.76 | accu 0.2184 = 13999/64100
[2022-04-10 01:13:24.291] End E022 |  test loss  9.492; ppl  13258.72 | accu 0.0921 = 24777/269000 ../data/cbt_valid.txt
[2022-04-10 01:13:25.947] End E022 |  test loss 13.680; ppl 873125.50 | accu 0.0177 = 1073/60620 ../data/adult_test.txt
[2022-04-10 01:13:25.947] Epoch 023/40 ==================================================
[2022-04-10 01:13:35.841] E023 |   200/345 batches | lr 0.0049 | loss  4.432 | ppl     84.14
[2022-04-10 01:13:43.041] E023 |   345/345 batches | lr 0.0049 | loss  4.282 | ppl     72.39
[2022-04-10 01:13:44.881] End E023 | valid loss  6.001; ppl    403.81 | accu 0.2184 = 13997/64100
[2022-04-10 01:13:52.189] End E023 |  test loss  9.492; ppl  13250.64 | accu 0.0921 = 24785/269000 ../data/cbt_valid.txt
[2022-04-10 01:13:53.852] End E023 |  test loss 13.678; ppl 871281.09 | accu 0.0177 = 1073/60620 ../data/adult_test.txt
[2022-04-10 01:13:53.852] Epoch 024/40 ==================================================
[2022-04-10 01:14:03.215] E024 |   200/345 batches | lr 0.0024 | loss  4.432 | ppl     84.07
[2022-04-10 01:14:10.012] E024 |   345/345 batches | lr 0.0024 | loss  4.282 | ppl     72.35
[2022-04-10 01:14:11.773] End E024 | valid loss  6.001; ppl    403.86 | accu 0.2184 = 13999/64100
[2022-04-10 01:14:19.085] End E024 |  test loss  9.492; ppl  13250.33 | accu 0.0921 = 24783/269000 ../data/cbt_valid.txt
[2022-04-10 01:14:20.749] End E024 |  test loss 13.677; ppl 870377.80 | accu 0.0177 = 1075/60620 ../data/adult_test.txt
[2022-04-10 01:14:20.750] Epoch 025/40 ==================================================
[2022-04-10 01:14:30.627] E025 |   200/345 batches | lr 0.0012 | loss  4.431 | ppl     84.05
[2022-04-10 01:14:37.837] E025 |   345/345 batches | lr 0.0012 | loss  4.284 | ppl     72.52
[2022-04-10 01:14:39.682] End E025 | valid loss  6.001; ppl    403.84 | accu 0.2184 = 13998/64100
[2022-04-10 01:14:47.003] End E025 |  test loss  9.491; ppl  13246.47 | accu 0.0921 = 24780/269000 ../data/cbt_valid.txt
[2022-04-10 01:14:48.659] End E025 |  test loss 13.676; ppl 869869.01 | accu 0.0178 = 1077/60620 ../data/adult_test.txt
[2022-04-10 01:14:48.659] Epoch 026/40 ==================================================
[2022-04-10 01:14:58.489] E026 |   200/345 batches | lr 0.0006 | loss  4.434 | ppl     84.26
[2022-04-10 01:15:06.036] E026 |   345/345 batches | lr 0.0006 | loss  4.283 | ppl     72.44
[2022-04-10 01:15:07.883] End E026 | valid loss  6.001; ppl    403.85 | accu 0.2184 = 13998/64100
[2022-04-10 01:15:15.203] End E026 |  test loss  9.491; ppl  13246.36 | accu 0.0921 = 24781/269000 ../data/cbt_valid.txt
[2022-04-10 01:15:16.863] End E026 |  test loss 13.676; ppl 869969.36 | accu 0.0178 = 1077/60620 ../data/adult_test.txt
[2022-04-10 01:15:16.863] Epoch 027/40 ==================================================
[2022-04-10 01:15:27.416] E027 |   200/345 batches | lr 0.0003 | loss  4.433 | ppl     84.18
[2022-04-10 01:15:35.073] E027 |   345/345 batches | lr 0.0003 | loss  4.283 | ppl     72.49
[2022-04-10 01:15:36.918] End E027 | valid loss  6.001; ppl    403.85 | accu 0.2184 = 13998/64100
[2022-04-10 01:15:44.227] End E027 |  test loss  9.491; ppl  13246.40 | accu 0.0921 = 24780/269000 ../data/cbt_valid.txt
[2022-04-10 01:15:45.892] End E027 |  test loss 13.676; ppl 869928.28 | accu 0.0178 = 1077/60620 ../data/adult_test.txt
[2022-04-10 01:15:45.893] Epoch 028/40 ==================================================
[2022-04-10 01:15:56.326] E028 |   200/345 batches | lr 0.0002 | loss  4.430 | ppl     83.90
[2022-04-10 01:16:04.010] E028 |   345/345 batches | lr 0.0002 | loss  4.281 | ppl     72.35
[2022-04-10 01:16:05.874] End E028 | valid loss  6.001; ppl    403.85 | accu 0.2184 = 13998/64100
[2022-04-10 01:16:13.182] End E028 |  test loss  9.491; ppl  13246.33 | accu 0.0921 = 24780/269000 ../data/cbt_valid.txt
[2022-04-10 01:16:14.843] End E028 |  test loss 13.676; ppl 869940.28 | accu 0.0178 = 1077/60620 ../data/adult_test.txt
[2022-04-10 01:16:14.843] Epoch 029/40 ==================================================
[2022-04-10 01:16:25.401] E029 |   200/345 batches | lr 0.0001 | loss  4.429 | ppl     83.88
[2022-04-10 01:16:33.061] E029 |   345/345 batches | lr 0.0001 | loss  4.280 | ppl     72.25
[2022-04-10 01:16:34.912] End E029 | valid loss  6.001; ppl    403.85 | accu 0.2184 = 13998/64100
[2022-04-10 01:16:42.226] End E029 |  test loss  9.491; ppl  13246.36 | accu 0.0921 = 24781/269000 ../data/cbt_valid.txt
[2022-04-10 01:16:43.871] End E029 |  test loss 13.676; ppl 869976.91 | accu 0.0178 = 1077/60620 ../data/adult_test.txt
[2022-04-10 01:16:43.872] Epoch 030/40 ==================================================
[2022-04-10 01:16:54.366] E030 |   200/345 batches | lr 0.0000 | loss  4.431 | ppl     84.00
[2022-04-10 01:17:02.020] E030 |   345/345 batches | lr 0.0000 | loss  4.285 | ppl     72.58
[2022-04-10 01:17:03.853] End E030 | valid loss  6.001; ppl    403.85 | accu 0.2184 = 13998/64100
[2022-04-10 01:17:11.161] End E030 |  test loss  9.491; ppl  13246.31 | accu 0.0921 = 24781/269000 ../data/cbt_valid.txt
[2022-04-10 01:17:12.829] End E030 |  test loss 13.676; ppl 869985.18 | accu 0.0178 = 1077/60620 ../data/adult_test.txt
[2022-04-10 01:17:12.830] Epoch 031/40 ==================================================
[2022-04-10 01:17:23.114] E031 |   200/345 batches | lr 0.0000 | loss  4.430 | ppl     83.89
[2022-04-10 01:17:30.640] E031 |   345/345 batches | lr 0.0000 | loss  4.277 | ppl     72.00
[2022-04-10 01:17:32.496] End E031 | valid loss  6.001; ppl    403.85 | accu 0.2184 = 13998/64100
[2022-04-10 01:17:39.880] End E031 |  test loss  9.491; ppl  13246.31 | accu 0.0921 = 24781/269000 ../data/cbt_valid.txt
[2022-04-10 01:17:41.551] End E031 |  test loss 13.676; ppl 869998.61 | accu 0.0178 = 1077/60620 ../data/adult_test.txt
[2022-04-10 01:17:41.551] Epoch 032/40 ==================================================
[2022-04-10 01:17:52.082] E032 |   200/345 batches | lr 0.0000 | loss  4.430 | ppl     83.93
[2022-04-10 01:17:59.829] E032 |   345/345 batches | lr 0.0000 | loss  4.282 | ppl     72.42
[2022-04-10 01:18:01.676] End E032 | valid loss  6.001; ppl    403.85 | accu 0.2184 = 13998/64100
[2022-04-10 01:18:08.991] End E032 |  test loss  9.491; ppl  13246.28 | accu 0.0921 = 24781/269000 ../data/cbt_valid.txt
[2022-04-10 01:18:10.648] End E032 |  test loss 13.676; ppl 869996.74 | accu 0.0178 = 1077/60620 ../data/adult_test.txt
[2022-04-10 01:18:10.649] Epoch 033/40 ==================================================
[2022-04-10 01:18:21.303] E033 |   200/345 batches | lr 0.0000 | loss  4.433 | ppl     84.15
[2022-04-10 01:18:28.905] E033 |   345/345 batches | lr 0.0000 | loss  4.284 | ppl     72.53
[2022-04-10 01:18:30.749] End E033 | valid loss  6.001; ppl    403.85 | accu 0.2184 = 13998/64100
[2022-04-10 01:18:38.058] End E033 |  test loss  9.491; ppl  13246.28 | accu 0.0921 = 24781/269000 ../data/cbt_valid.txt
[2022-04-10 01:18:39.708] End E033 |  test loss 13.676; ppl 869997.63 | accu 0.0178 = 1077/60620 ../data/adult_test.txt
[2022-04-10 01:18:39.708] Epoch 034/40 ==================================================
[2022-04-10 01:18:50.199] E034 |   200/345 batches | lr 0.0000 | loss  4.430 | ppl     83.95
[2022-04-10 01:18:57.813] E034 |   345/345 batches | lr 0.0000 | loss  4.284 | ppl     72.57
[2022-04-10 01:18:59.646] End E034 | valid loss  6.001; ppl    403.85 | accu 0.2184 = 13998/64100
[2022-04-10 01:19:06.933] End E034 |  test loss  9.491; ppl  13246.28 | accu 0.0921 = 24781/269000 ../data/cbt_valid.txt
[2022-04-10 01:19:08.602] End E034 |  test loss 13.676; ppl 869998.58 | accu 0.0178 = 1077/60620 ../data/adult_test.txt
[2022-04-10 01:19:08.603] Epoch 035/40 ==================================================
[2022-04-10 01:19:19.103] E035 |   200/345 batches | lr 0.0000 | loss  4.429 | ppl     83.87
[2022-04-10 01:19:26.753] E035 |   345/345 batches | lr 0.0000 | loss  4.282 | ppl     72.40
[2022-04-10 01:19:28.619] End E035 | valid loss  6.001; ppl    403.85 | accu 0.2184 = 13998/64100
[2022-04-10 01:19:35.946] End E035 |  test loss  9.491; ppl  13246.28 | accu 0.0921 = 24781/269000 ../data/cbt_valid.txt
[2022-04-10 01:19:37.596] End E035 |  test loss 13.676; ppl 869998.51 | accu 0.0178 = 1077/60620 ../data/adult_test.txt
[2022-04-10 01:19:37.597] Epoch 036/40 ==================================================
[2022-04-10 01:19:48.102] E036 |   200/345 batches | lr 0.0000 | loss  4.431 | ppl     84.05
[2022-04-10 01:19:55.787] E036 |   345/345 batches | lr 0.0000 | loss  4.282 | ppl     72.40
[2022-04-10 01:19:57.633] End E036 | valid loss  6.001; ppl    403.85 | accu 0.2184 = 13998/64100
[2022-04-10 01:20:05.003] End E036 |  test loss  9.491; ppl  13246.28 | accu 0.0921 = 24781/269000 ../data/cbt_valid.txt
[2022-04-10 01:20:06.707] End E036 |  test loss 13.676; ppl 869998.69 | accu 0.0178 = 1077/60620 ../data/adult_test.txt
[2022-04-10 01:20:06.707] Epoch 037/40 ==================================================
[2022-04-10 01:20:17.148] E037 |   200/345 batches | lr 0.0000 | loss  4.431 | ppl     84.05
[2022-04-10 01:20:24.763] E037 |   345/345 batches | lr 0.0000 | loss  4.284 | ppl     72.51
[2022-04-10 01:20:26.621] End E037 | valid loss  6.001; ppl    403.85 | accu 0.2184 = 13998/64100
[2022-04-10 01:20:34.684] End E037 |  test loss  9.491; ppl  13246.28 | accu 0.0921 = 24781/269000 ../data/cbt_valid.txt
[2022-04-10 01:20:36.335] End E037 |  test loss 13.676; ppl 869998.56 | accu 0.0178 = 1077/60620 ../data/adult_test.txt
[2022-04-10 01:20:36.335] Epoch 038/40 ==================================================
[2022-04-10 01:20:46.835] E038 |   200/345 batches | lr 0.0000 | loss  4.431 | ppl     83.99
[2022-04-10 01:20:54.697] E038 |   345/345 batches | lr 0.0000 | loss  4.281 | ppl     72.29
[2022-04-10 01:20:56.861] End E038 | valid loss  6.001; ppl    403.85 | accu 0.2184 = 13998/64100
[2022-04-10 01:21:04.507] End E038 |  test loss  9.491; ppl  13246.28 | accu 0.0921 = 24781/269000 ../data/cbt_valid.txt
[2022-04-10 01:21:06.183] End E038 |  test loss 13.676; ppl 869998.52 | accu 0.0178 = 1077/60620 ../data/adult_test.txt
[2022-04-10 01:21:06.183] Epoch 039/40 ==================================================
[2022-04-10 01:21:16.716] E039 |   200/345 batches | lr 0.0000 | loss  4.431 | ppl     84.05
[2022-04-10 01:21:24.539] E039 |   345/345 batches | lr 0.0000 | loss  4.281 | ppl     72.29
[2022-04-10 01:21:26.438] End E039 | valid loss  6.001; ppl    403.85 | accu 0.2184 = 13998/64100
[2022-04-10 01:21:34.077] End E039 |  test loss  9.491; ppl  13246.28 | accu 0.0921 = 24781/269000 ../data/cbt_valid.txt
[2022-04-10 01:21:35.782] End E039 |  test loss 13.676; ppl 869998.43 | accu 0.0178 = 1077/60620 ../data/adult_test.txt
[2022-04-10 01:21:35.782] Epoch 040/40 ==================================================
[2022-04-10 01:21:45.755] E040 |   200/345 batches | lr 0.0000 | loss  4.430 | ppl     83.93
[2022-04-10 01:21:53.119] E040 |   345/345 batches | lr 0.0000 | loss  4.284 | ppl     72.50
[2022-04-10 01:21:54.980] End E040 | valid loss  6.001; ppl    403.85 | accu 0.2184 = 13998/64100
[2022-04-10 01:22:02.366] End E040 |  test loss  9.491; ppl  13246.28 | accu 0.0921 = 24781/269000 ../data/cbt_valid.txt
[2022-04-10 01:22:04.047] End E040 |  test loss 13.676; ppl 869998.58 | accu 0.0178 = 1077/60620 ../data/adult_test.txt
[2022-04-10 01:22:11.593] End. test loss  9.49; ppl 13176.57 | accu 0.0921 = 24782/269000 ../data/cbt_valid.txt
[2022-04-10 01:22:13.481] End. test loss 13.65; ppl 845713.91 | accu 0.0180 = 1093/60620 ../data/adult_test.txt
[2022-04-10 01:22:13.482] =========================================================================================
