[2022-04-10 03:09:49.278] corpus.train_file_list: 1
[2022-04-10 03:09:49.278]         ../data/adolescent_train.txt
[2022-04-10 03:09:49.278] corpus.valid_file_list: 1
[2022-04-10 03:09:49.278]         ../data/adolescent_valid.txt
[2022-04-10 03:09:49.278] corpus.test_file_list: 2
[2022-04-10 03:09:49.278]         ../data/cbt_valid.txt
[2022-04-10 03:09:49.278]         ../data/adult_test.txt
[2022-04-10 03:09:49.278] corpus.subword_vocab_size: 1000
[2022-04-10 03:09:49.278] corpus.subword_model.train(2 files)...
[2022-04-10 03:09:49.278]         ../data/adolescent_train.txt
[2022-04-10 03:09:49.278]         ../data/adolescent_valid.txt
[2022-04-10 03:09:49.685] corpus.subword_model.train(2 files)...Done
[2022-04-10 03:09:49.685] corpus tokenize...
[2022-04-10 03:09:51.105]         train tokens: 431720  ../data/adolescent_train.txt
[2022-04-10 03:09:51.458]         valid tokens: 111349  ../data/adolescent_valid.txt
[2022-04-10 03:09:52.595]         test  tokens: 413252  ../data/cbt_valid.txt
[2022-04-10 03:09:52.904]         test  tokens: 124616  ../data/adult_test.txt
[2022-04-10 03:09:52.904] corpus.ntokens      : 990
[2022-04-10 03:09:52.904] corpus.char_count   : 97
[2022-04-10 03:09:52.904] corpus.char_cnt_dict: 97
[2022-04-10 03:09:52.904] corpus.char_id_dict : 97
[2022-04-10 03:09:52.907] corpus.batchify(1 files, batch_size=20)...
[2022-04-10 03:09:52.908]         tokens_all: 431720
[2022-04-10 03:09:52.908]         batched   :  21586
[2022-04-10 03:09:52.908]         ../data/adolescent_train.txt
[2022-04-10 03:09:52.909] corpus.batchify(1 files, batch_size=20)...
[2022-04-10 03:09:52.910]         tokens_all: 111349
[2022-04-10 03:09:52.910]         batched   :   5567
[2022-04-10 03:09:52.910]         ../data/adolescent_valid.txt
[2022-04-10 03:09:52.913] corpus.batchify(1 files, batch_size=20)...
[2022-04-10 03:09:52.913]         tokens_all: 413252
[2022-04-10 03:09:52.913]         batched   :  20662
[2022-04-10 03:09:52.913]         ../data/cbt_valid.txt
[2022-04-10 03:09:52.915] corpus.batchify(1 files, batch_size=20)...
[2022-04-10 03:09:52.915]         tokens_all: 124616
[2022-04-10 03:09:52.915]         batched   :   6230
[2022-04-10 03:09:52.916]         ../data/adult_test.txt
[2022-04-10 03:09:52.928] RNNModel.rnn_type: LSTM
[2022-04-10 03:09:52.928] RNNModel.ntoken  : 990
[2022-04-10 03:09:52.928] RNNModel.ninp    : 200
[2022-04-10 03:09:52.929] RNNModel.nhid    : 200
[2022-04-10 03:09:52.929] RNNModel.nlayers : 2
[2022-04-10 03:09:52.929] RNNModel.dropout : 0.2
[2022-04-10 03:09:52.929] RNNModel.tie_weights: False
[2022-04-10 03:09:52.929] RNNModel.char_mode  : CNN
[2022-04-10 03:09:52.929] RNNModel.char_cnt   : 98
[2022-04-10 03:09:52.929] RNNModel.char_emsize: 25
[2022-04-10 03:09:52.929] RNNModel.char_nhid  : 200
[2022-04-10 03:09:52.929] RNNModel.char_embeds: created
[2022-04-10 03:09:52.929] RNNModel.char_cnn3  : created
[2022-04-10 03:09:52.932] Epoch 001/40 ==================================================
[2022-04-10 03:09:59.285] E001 |   200/616 batches | lr 20.0000 | loss  5.881 | ppl    358.18
[2022-04-10 03:10:05.760] E001 |   400/616 batches | lr 20.0000 | loss  5.333 | ppl    206.96
[2022-04-10 03:10:12.175] E001 |   600/616 batches | lr 20.0000 | loss  4.921 | ppl    137.08
[2022-04-10 03:10:12.687] E001 |   616/616 batches | lr 20.0000 | loss  4.783 | ppl    119.51
[2022-04-10 03:10:14.826] End E001 | valid loss  4.890; ppl    133.00 | accu 0.1355 = 15080/111320
[2022-04-10 03:10:22.379] End E001 |  test loss  5.346; ppl    209.69 | accu 0.0860 = 35519/413220 ../data/cbt_valid.txt
[2022-04-10 03:10:24.678] End E001 |  test loss  6.000; ppl    403.52 | accu 0.0161 = 2002/124580 ../data/adult_test.txt
[2022-04-10 03:10:24.678] Save: model.pt... 
[2022-04-10 03:10:24.690] Save: model.pt...Done. best_val_loss: 4.8904
[2022-04-10 03:10:24.690] Epoch 002/40 ==================================================
[2022-04-10 03:10:31.119] E002 |   200/616 batches | lr 20.0000 | loss  4.657 | ppl    105.32
[2022-04-10 03:10:37.577] E002 |   400/616 batches | lr 20.0000 | loss  4.436 | ppl     84.45
[2022-04-10 03:10:44.047] E002 |   600/616 batches | lr 20.0000 | loss  4.310 | ppl     74.46
[2022-04-10 03:10:44.563] E002 |   616/616 batches | lr 20.0000 | loss  4.295 | ppl     73.34
[2022-04-10 03:10:46.711] End E002 | valid loss  4.499; ppl     89.97 | accu 0.1756 = 19544/111320
[2022-04-10 03:10:54.148] End E002 |  test loss  5.154; ppl    173.14 | accu 0.1149 = 47493/413220 ../data/cbt_valid.txt
[2022-04-10 03:10:56.397] End E002 |  test loss  6.109; ppl    450.05 | accu 0.0387 = 4820/124580 ../data/adult_test.txt
[2022-04-10 03:10:56.397] Save: model.pt... 
[2022-04-10 03:10:56.408] Save: model.pt...Done. best_val_loss: 4.4994
[2022-04-10 03:10:56.408] Epoch 003/40 ==================================================
[2022-04-10 03:11:02.839] E003 |   200/616 batches | lr 20.0000 | loss  4.249 | ppl     70.00
[2022-04-10 03:11:09.307] E003 |   400/616 batches | lr 20.0000 | loss  4.150 | ppl     63.45
[2022-04-10 03:11:15.759] E003 |   600/616 batches | lr 20.0000 | loss  4.098 | ppl     60.23
[2022-04-10 03:11:16.274] E003 |   616/616 batches | lr 20.0000 | loss  4.163 | ppl     64.29
[2022-04-10 03:11:18.446] End E003 | valid loss  4.368; ppl     78.87 | accu 0.1954 = 21755/111320
[2022-04-10 03:11:26.158] End E003 |  test loss  5.220; ppl    184.87 | accu 0.1243 = 51383/413220 ../data/cbt_valid.txt
[2022-04-10 03:11:28.535] End E003 |  test loss  6.455; ppl    635.60 | accu 0.0405 = 5042/124580 ../data/adult_test.txt
[2022-04-10 03:11:28.535] Save: model.pt... 
[2022-04-10 03:11:28.547] Save: model.pt...Done. best_val_loss: 4.3678
[2022-04-10 03:11:28.547] Epoch 004/40 ==================================================
[2022-04-10 03:11:34.919] E004 |   200/616 batches | lr 20.0000 | loss  4.099 | ppl     60.25
[2022-04-10 03:11:41.363] E004 |   400/616 batches | lr 20.0000 | loss  4.028 | ppl     56.16
[2022-04-10 03:11:47.818] E004 |   600/616 batches | lr 20.0000 | loss  4.008 | ppl     55.04
[2022-04-10 03:11:48.333] E004 |   616/616 batches | lr 20.0000 | loss  4.043 | ppl     56.97
[2022-04-10 03:11:50.498] End E004 | valid loss  4.284; ppl     72.56 | accu 0.2043 = 22740/111320
[2022-04-10 03:11:58.002] End E004 |  test loss  5.072; ppl    159.48 | accu 0.1385 = 57217/413220 ../data/cbt_valid.txt
[2022-04-10 03:12:00.270] End E004 |  test loss  6.308; ppl    549.03 | accu 0.0488 = 6083/124580 ../data/adult_test.txt
[2022-04-10 03:12:00.271] Save: model.pt... 
[2022-04-10 03:12:00.279] Save: model.pt...Done. best_val_loss: 4.2844
[2022-04-10 03:12:00.279] Epoch 005/40 ==================================================
[2022-04-10 03:12:06.643] E005 |   200/616 batches | lr 20.0000 | loss  3.998 | ppl     54.51
[2022-04-10 03:12:13.134] E005 |   400/616 batches | lr 20.0000 | loss  3.953 | ppl     52.07
[2022-04-10 03:12:19.606] E005 |   600/616 batches | lr 20.0000 | loss  3.932 | ppl     51.02
[2022-04-10 03:12:20.146] E005 |   616/616 batches | lr 20.0000 | loss  4.047 | ppl     57.23
[2022-04-10 03:12:22.288] End E005 | valid loss  4.251; ppl     70.17 | accu 0.2093 = 23298/111320
[2022-04-10 03:12:29.990] End E005 |  test loss  4.964; ppl    143.21 | accu 0.1467 = 60617/413220 ../data/cbt_valid.txt
[2022-04-10 03:12:32.305] End E005 |  test loss  6.041; ppl    420.45 | accu 0.0536 = 6674/124580 ../data/adult_test.txt
[2022-04-10 03:12:32.305] Save: model.pt... 
[2022-04-10 03:12:32.317] Save: model.pt...Done. best_val_loss: 4.2510
[2022-04-10 03:12:32.317] Epoch 006/40 ==================================================
[2022-04-10 03:12:38.744] E006 |   200/616 batches | lr 20.0000 | loss  3.950 | ppl     51.96
[2022-04-10 03:12:45.216] E006 |   400/616 batches | lr 20.0000 | loss  3.896 | ppl     49.23
[2022-04-10 03:12:51.662] E006 |   600/616 batches | lr 20.0000 | loss  3.887 | ppl     48.76
[2022-04-10 03:12:52.175] E006 |   616/616 batches | lr 20.0000 | loss  3.951 | ppl     51.97
[2022-04-10 03:12:54.311] End E006 | valid loss  4.221; ppl     68.10 | accu 0.2156 = 23999/111320
[2022-04-10 03:13:01.843] End E006 |  test loss  5.040; ppl    154.50 | accu 0.1423 = 58789/413220 ../data/cbt_valid.txt
[2022-04-10 03:13:04.082] End E006 |  test loss  6.176; ppl    480.94 | accu 0.0528 = 6582/124580 ../data/adult_test.txt
[2022-04-10 03:13:04.083] Save: model.pt... 
[2022-04-10 03:13:04.091] Save: model.pt...Done. best_val_loss: 4.2210
[2022-04-10 03:13:04.091] Epoch 007/40 ==================================================
[2022-04-10 03:13:10.483] E007 |   200/616 batches | lr 20.0000 | loss  3.914 | ppl     50.10
[2022-04-10 03:13:16.933] E007 |   400/616 batches | lr 20.0000 | loss  3.859 | ppl     47.42
[2022-04-10 03:13:23.399] E007 |   600/616 batches | lr 20.0000 | loss  3.858 | ppl     47.38
[2022-04-10 03:13:23.911] E007 |   616/616 batches | lr 20.0000 | loss  3.905 | ppl     49.63
[2022-04-10 03:13:26.097] End E007 | valid loss  4.259; ppl     70.76 | accu 0.2063 = 22960/111320
[2022-04-10 03:13:33.816] End E007 |  test loss  5.103; ppl    164.56 | accu 0.1336 = 55195/413220 ../data/cbt_valid.txt
[2022-04-10 03:13:36.161] End E007 |  test loss  6.294; ppl    541.34 | accu 0.0425 = 5291/124580 ../data/adult_test.txt
[2022-04-10 03:13:36.162] Epoch 008/40 ==================================================
[2022-04-10 03:13:42.551] E008 |   200/616 batches | lr 10.0000 | loss  3.769 | ppl     43.34
[2022-04-10 03:13:49.014] E008 |   400/616 batches | lr 10.0000 | loss  3.676 | ppl     39.51
[2022-04-10 03:13:55.479] E008 |   600/616 batches | lr 10.0000 | loss  3.642 | ppl     38.17
[2022-04-10 03:13:55.996] E008 |   616/616 batches | lr 10.0000 | loss  3.692 | ppl     40.13
[2022-04-10 03:13:58.165] End E008 | valid loss  4.081; ppl     59.21 | accu 0.2366 = 26343/111320
[2022-04-10 03:14:05.664] End E008 |  test loss  5.066; ppl    158.55 | accu 0.1560 = 64452/413220 ../data/cbt_valid.txt
[2022-04-10 03:14:07.919] End E008 |  test loss  6.286; ppl    537.14 | accu 0.0617 = 7690/124580 ../data/adult_test.txt
[2022-04-10 03:14:07.919] Save: model.pt... 
[2022-04-10 03:14:07.931] Save: model.pt...Done. best_val_loss: 4.0811
[2022-04-10 03:14:07.931] Epoch 009/40 ==================================================
[2022-04-10 03:14:14.322] E009 |   200/616 batches | lr 10.0000 | loss  3.670 | ppl     39.26
[2022-04-10 03:14:20.802] E009 |   400/616 batches | lr 10.0000 | loss  3.613 | ppl     37.06
[2022-04-10 03:14:27.307] E009 |   600/616 batches | lr 10.0000 | loss  3.593 | ppl     36.33
[2022-04-10 03:14:27.821] E009 |   616/616 batches | lr 10.0000 | loss  3.651 | ppl     38.50
[2022-04-10 03:14:29.908] End E009 | valid loss  4.050; ppl     57.41 | accu 0.2414 = 26877/111320
[2022-04-10 03:14:37.679] End E009 |  test loss  5.074; ppl    159.83 | accu 0.1579 = 65268/413220 ../data/cbt_valid.txt
[2022-04-10 03:14:40.010] End E009 |  test loss  6.252; ppl    519.10 | accu 0.0682 = 8496/124580 ../data/adult_test.txt
[2022-04-10 03:14:40.010] Save: model.pt... 
[2022-04-10 03:14:40.022] Save: model.pt...Done. best_val_loss: 4.0502
[2022-04-10 03:14:40.022] Epoch 010/40 ==================================================
[2022-04-10 03:14:46.438] E010 |   200/616 batches | lr 10.0000 | loss  3.632 | ppl     37.78
[2022-04-10 03:14:52.927] E010 |   400/616 batches | lr 10.0000 | loss  3.569 | ppl     35.49
[2022-04-10 03:14:59.413] E010 |   600/616 batches | lr 10.0000 | loss  3.561 | ppl     35.20
[2022-04-10 03:14:59.951] E010 |   616/616 batches | lr 10.0000 | loss  3.613 | ppl     37.09
[2022-04-10 03:15:02.017] End E010 | valid loss  4.036; ppl     56.58 | accu 0.2455 = 27328/111320
[2022-04-10 03:15:09.493] End E010 |  test loss  5.066; ppl    158.54 | accu 0.1572 = 64954/413220 ../data/cbt_valid.txt
[2022-04-10 03:15:11.741] End E010 |  test loss  6.305; ppl    547.20 | accu 0.0663 = 8255/124580 ../data/adult_test.txt
[2022-04-10 03:15:11.741] Save: model.pt... 
[2022-04-10 03:15:11.753] Save: model.pt...Done. best_val_loss: 4.0356
[2022-04-10 03:15:11.753] Epoch 011/40 ==================================================
[2022-04-10 03:15:18.157] E011 |   200/616 batches | lr 10.0000 | loss  3.596 | ppl     36.43
[2022-04-10 03:15:24.663] E011 |   400/616 batches | lr 10.0000 | loss  3.543 | ppl     34.56
[2022-04-10 03:15:31.128] E011 |   600/616 batches | lr 10.0000 | loss  3.537 | ppl     34.35
[2022-04-10 03:15:31.643] E011 |   616/616 batches | lr 10.0000 | loss  3.591 | ppl     36.27
[2022-04-10 03:15:33.792] End E011 | valid loss  4.027; ppl     56.10 | accu 0.2465 = 27438/111320
[2022-04-10 03:15:41.493] End E011 |  test loss  5.054; ppl    156.68 | accu 0.1591 = 65743/413220 ../data/cbt_valid.txt
[2022-04-10 03:15:43.789] End E011 |  test loss  6.300; ppl    544.74 | accu 0.0694 = 8643/124580 ../data/adult_test.txt
[2022-04-10 03:15:43.789] Save: model.pt... 
[2022-04-10 03:15:43.801] Save: model.pt...Done. best_val_loss: 4.0271
[2022-04-10 03:15:43.801] Epoch 012/40 ==================================================
[2022-04-10 03:15:50.211] E012 |   200/616 batches | lr 10.0000 | loss  3.563 | ppl     35.27
[2022-04-10 03:15:56.685] E012 |   400/616 batches | lr 10.0000 | loss  3.522 | ppl     33.86
[2022-04-10 03:16:03.194] E012 |   600/616 batches | lr 10.0000 | loss  3.508 | ppl     33.37
[2022-04-10 03:16:03.718] E012 |   616/616 batches | lr 10.0000 | loss  3.577 | ppl     35.76
[2022-04-10 03:16:05.882] End E012 | valid loss  4.022; ppl     55.82 | accu 0.2477 = 27573/111320
[2022-04-10 03:16:13.362] End E012 |  test loss  5.041; ppl    154.70 | accu 0.1626 = 67196/413220 ../data/cbt_valid.txt
[2022-04-10 03:16:15.626] End E012 |  test loss  6.230; ppl    507.86 | accu 0.0712 = 8865/124580 ../data/adult_test.txt
[2022-04-10 03:16:15.626] Save: model.pt... 
[2022-04-10 03:16:15.634] Save: model.pt...Done. best_val_loss: 4.0222
[2022-04-10 03:16:15.634] Epoch 013/40 ==================================================
[2022-04-10 03:16:22.014] E013 |   200/616 batches | lr 10.0000 | loss  3.543 | ppl     34.58
[2022-04-10 03:16:28.495] E013 |   400/616 batches | lr 10.0000 | loss  3.492 | ppl     32.86
[2022-04-10 03:16:34.986] E013 |   600/616 batches | lr 10.0000 | loss  3.489 | ppl     32.74
[2022-04-10 03:16:35.501] E013 |   616/616 batches | lr 10.0000 | loss  3.544 | ppl     34.59
[2022-04-10 03:16:37.650] End E013 | valid loss  4.015; ppl     55.44 | accu 0.2489 = 27702/111320
[2022-04-10 03:16:45.387] End E013 |  test loss  5.036; ppl    153.87 | accu 0.1630 = 67361/413220 ../data/cbt_valid.txt
[2022-04-10 03:16:47.702] End E013 |  test loss  6.294; ppl    541.44 | accu 0.0703 = 8762/124580 ../data/adult_test.txt
[2022-04-10 03:16:47.702] Save: model.pt... 
[2022-04-10 03:16:47.714] Save: model.pt...Done. best_val_loss: 4.0153
[2022-04-10 03:16:47.714] Epoch 014/40 ==================================================
[2022-04-10 03:16:54.157] E014 |   200/616 batches | lr 10.0000 | loss  3.523 | ppl     33.87
[2022-04-10 03:17:00.631] E014 |   400/616 batches | lr 10.0000 | loss  3.474 | ppl     32.26
[2022-04-10 03:17:07.114] E014 |   600/616 batches | lr 10.0000 | loss  3.473 | ppl     32.23
[2022-04-10 03:17:07.628] E014 |   616/616 batches | lr 10.0000 | loss  3.519 | ppl     33.74
[2022-04-10 03:17:09.792] End E014 | valid loss  4.009; ppl     55.07 | accu 0.2518 = 28025/111320
[2022-04-10 03:17:17.346] End E014 |  test loss  5.047; ppl    155.54 | accu 0.1640 = 67776/413220 ../data/cbt_valid.txt
[2022-04-10 03:17:19.584] End E014 |  test loss  6.294; ppl    541.34 | accu 0.0738 = 9190/124580 ../data/adult_test.txt
[2022-04-10 03:17:19.585] Save: model.pt... 
[2022-04-10 03:17:19.593] Save: model.pt...Done. best_val_loss: 4.0085
[2022-04-10 03:17:19.593] Epoch 015/40 ==================================================
[2022-04-10 03:17:26.023] E015 |   200/616 batches | lr 10.0000 | loss  3.502 | ppl     33.19
[2022-04-10 03:17:32.484] E015 |   400/616 batches | lr 10.0000 | loss  3.458 | ppl     31.75
[2022-04-10 03:17:38.946] E015 |   600/616 batches | lr 10.0000 | loss  3.455 | ppl     31.67
[2022-04-10 03:17:39.476] E015 |   616/616 batches | lr 10.0000 | loss  3.509 | ppl     33.41
[2022-04-10 03:17:41.636] End E015 | valid loss  4.001; ppl     54.67 | accu 0.2517 = 28018/111320
[2022-04-10 03:17:49.292] End E015 |  test loss  5.058; ppl    157.22 | accu 0.1641 = 67819/413220 ../data/cbt_valid.txt
[2022-04-10 03:17:51.614] End E015 |  test loss  6.348; ppl    571.45 | accu 0.0717 = 8929/124580 ../data/adult_test.txt
[2022-04-10 03:17:51.614] Save: model.pt... 
[2022-04-10 03:17:51.626] Save: model.pt...Done. best_val_loss: 4.0013
[2022-04-10 03:17:51.626] Epoch 016/40 ==================================================
[2022-04-10 03:17:58.046] E016 |   200/616 batches | lr 10.0000 | loss  3.487 | ppl     32.69
[2022-04-10 03:18:04.498] E016 |   400/616 batches | lr 10.0000 | loss  3.445 | ppl     31.35
[2022-04-10 03:18:10.970] E016 |   600/616 batches | lr 10.0000 | loss  3.439 | ppl     31.15
[2022-04-10 03:18:11.485] E016 |   616/616 batches | lr 10.0000 | loss  3.492 | ppl     32.86
[2022-04-10 03:18:13.639] End E016 | valid loss  3.998; ppl     54.46 | accu 0.2521 = 28064/111320
[2022-04-10 03:18:21.147] End E016 |  test loss  5.102; ppl    164.33 | accu 0.1638 = 67678/413220 ../data/cbt_valid.txt
[2022-04-10 03:18:23.401] End E016 |  test loss  6.413; ppl    610.02 | accu 0.0727 = 9062/124580 ../data/adult_test.txt
[2022-04-10 03:18:23.401] Save: model.pt... 
[2022-04-10 03:18:23.409] Save: model.pt...Done. best_val_loss: 3.9975
[2022-04-10 03:18:23.410] Epoch 017/40 ==================================================
[2022-04-10 03:18:29.763] E017 |   200/616 batches | lr 10.0000 | loss  3.468 | ppl     32.08
[2022-04-10 03:18:36.202] E017 |   400/616 batches | lr 10.0000 | loss  3.431 | ppl     30.91
[2022-04-10 03:18:42.664] E017 |   600/616 batches | lr 10.0000 | loss  3.424 | ppl     30.70
[2022-04-10 03:18:43.178] E017 |   616/616 batches | lr 10.0000 | loss  3.491 | ppl     32.81
[2022-04-10 03:18:45.338] End E017 | valid loss  4.001; ppl     54.67 | accu 0.2524 = 28095/111320
[2022-04-10 03:18:53.025] End E017 |  test loss  5.106; ppl    165.01 | accu 0.1658 = 68526/413220 ../data/cbt_valid.txt
[2022-04-10 03:18:55.362] End E017 |  test loss  6.529; ppl    684.78 | accu 0.0723 = 9004/124580 ../data/adult_test.txt
[2022-04-10 03:18:55.362] Epoch 018/40 ==================================================
[2022-04-10 03:19:01.822] E018 |   200/616 batches | lr 5.0000 | loss  3.423 | ppl     30.65
[2022-04-10 03:19:08.281] E018 |   400/616 batches | lr 5.0000 | loss  3.349 | ppl     28.47
[2022-04-10 03:19:14.734] E018 |   600/616 batches | lr 5.0000 | loss  3.330 | ppl     27.93
[2022-04-10 03:19:15.252] E018 |   616/616 batches | lr 5.0000 | loss  3.377 | ppl     29.29
[2022-04-10 03:19:17.395] End E018 | valid loss  3.961; ppl     52.52 | accu 0.2589 = 28826/111320
[2022-04-10 03:19:24.902] End E018 |  test loss  5.165; ppl    175.10 | accu 0.1675 = 69232/413220 ../data/cbt_valid.txt
[2022-04-10 03:19:27.149] End E018 |  test loss  6.623; ppl    752.56 | accu 0.0739 = 9211/124580 ../data/adult_test.txt
[2022-04-10 03:19:27.149] Save: model.pt... 
[2022-04-10 03:19:27.161] Save: model.pt...Done. best_val_loss: 3.9612
[2022-04-10 03:19:27.161] Epoch 019/40 ==================================================
[2022-04-10 03:19:33.556] E019 |   200/616 batches | lr 5.0000 | loss  3.376 | ppl     29.27
[2022-04-10 03:19:40.008] E019 |   400/616 batches | lr 5.0000 | loss  3.326 | ppl     27.84
[2022-04-10 03:19:46.469] E019 |   600/616 batches | lr 5.0000 | loss  3.314 | ppl     27.50
[2022-04-10 03:19:46.985] E019 |   616/616 batches | lr 5.0000 | loss  3.363 | ppl     28.88
[2022-04-10 03:19:49.136] End E019 | valid loss  3.962; ppl     52.54 | accu 0.2588 = 28812/111320
[2022-04-10 03:19:56.842] End E019 |  test loss  5.070; ppl    159.18 | accu 0.1714 = 70836/413220 ../data/cbt_valid.txt
[2022-04-10 03:19:59.140] End E019 |  test loss  6.414; ppl    610.33 | accu 0.0780 = 9712/124580 ../data/adult_test.txt
[2022-04-10 03:19:59.140] Epoch 020/40 ==================================================
[2022-04-10 03:20:05.551] E020 |   200/616 batches | lr 2.5000 | loss  3.344 | ppl     28.33
[2022-04-10 03:20:12.034] E020 |   400/616 batches | lr 2.5000 | loss  3.281 | ppl     26.61
[2022-04-10 03:20:18.491] E020 |   600/616 batches | lr 2.5000 | loss  3.258 | ppl     26.00
[2022-04-10 03:20:19.006] E020 |   616/616 batches | lr 2.5000 | loss  3.312 | ppl     27.44
[2022-04-10 03:20:21.166] End E020 | valid loss  3.941; ppl     51.45 | accu 0.2635 = 29334/111320
[2022-04-10 03:20:28.558] End E020 |  test loss  5.223; ppl    185.52 | accu 0.1700 = 70259/413220 ../data/cbt_valid.txt
[2022-04-10 03:20:30.809] End E020 |  test loss  6.728; ppl    835.72 | accu 0.0744 = 9263/124580 ../data/adult_test.txt
[2022-04-10 03:20:30.810] Save: model.pt... 
[2022-04-10 03:20:30.821] Save: model.pt...Done. best_val_loss: 3.9406
[2022-04-10 03:20:30.821] Epoch 021/40 ==================================================
[2022-04-10 03:20:37.233] E021 |   200/616 batches | lr 2.5000 | loss  3.324 | ppl     27.76
[2022-04-10 03:20:43.712] E021 |   400/616 batches | lr 2.5000 | loss  3.271 | ppl     26.33
[2022-04-10 03:20:50.190] E021 |   600/616 batches | lr 2.5000 | loss  3.249 | ppl     25.77
[2022-04-10 03:20:50.706] E021 |   616/616 batches | lr 2.5000 | loss  3.299 | ppl     27.08
[2022-04-10 03:20:52.870] End E021 | valid loss  3.938; ppl     51.32 | accu 0.2644 = 29438/111320
[2022-04-10 03:21:00.606] End E021 |  test loss  5.199; ppl    181.12 | accu 0.1707 = 70538/413220 ../data/cbt_valid.txt
[2022-04-10 03:21:02.921] End E021 |  test loss  6.672; ppl    789.73 | accu 0.0747 = 9312/124580 ../data/adult_test.txt
[2022-04-10 03:21:02.921] Save: model.pt... 
[2022-04-10 03:21:02.930] Save: model.pt...Done. best_val_loss: 3.9380
[2022-04-10 03:21:02.930] Epoch 022/40 ==================================================
[2022-04-10 03:21:09.307] E022 |   200/616 batches | lr 2.5000 | loss  3.314 | ppl     27.49
[2022-04-10 03:21:15.756] E022 |   400/616 batches | lr 2.5000 | loss  3.260 | ppl     26.05
[2022-04-10 03:21:22.230] E022 |   600/616 batches | lr 2.5000 | loss  3.244 | ppl     25.64
[2022-04-10 03:21:22.744] E022 |   616/616 batches | lr 2.5000 | loss  3.293 | ppl     26.92
[2022-04-10 03:21:24.894] End E022 | valid loss  3.934; ppl     51.12 | accu 0.2660 = 29608/111320
[2022-04-10 03:21:32.344] End E022 |  test loss  5.230; ppl    186.74 | accu 0.1705 = 70460/413220 ../data/cbt_valid.txt
[2022-04-10 03:21:34.568] End E022 |  test loss  6.723; ppl    831.17 | accu 0.0758 = 9441/124580 ../data/adult_test.txt
[2022-04-10 03:21:34.569] Save: model.pt... 
[2022-04-10 03:21:34.580] Save: model.pt...Done. best_val_loss: 3.9341
[2022-04-10 03:21:34.580] Epoch 023/40 ==================================================
[2022-04-10 03:21:40.939] E023 |   200/616 batches | lr 2.5000 | loss  3.299 | ppl     27.09
[2022-04-10 03:21:47.450] E023 |   400/616 batches | lr 2.5000 | loss  3.254 | ppl     25.88
[2022-04-10 03:21:54.035] E023 |   600/616 batches | lr 2.5000 | loss  3.240 | ppl     25.53
[2022-04-10 03:21:54.563] E023 |   616/616 batches | lr 2.5000 | loss  3.277 | ppl     26.49
[2022-04-10 03:21:56.664] End E023 | valid loss  3.935; ppl     51.18 | accu 0.2652 = 29525/111320
[2022-04-10 03:22:04.369] End E023 |  test loss  5.229; ppl    186.59 | accu 0.1700 = 70248/413220 ../data/cbt_valid.txt
[2022-04-10 03:22:06.681] End E023 |  test loss  6.721; ppl    829.89 | accu 0.0746 = 9291/124580 ../data/adult_test.txt
[2022-04-10 03:22:06.681] Epoch 024/40 ==================================================
[2022-04-10 03:22:13.132] E024 |   200/616 batches | lr 1.2500 | loss  3.289 | ppl     26.82
[2022-04-10 03:22:19.606] E024 |   400/616 batches | lr 1.2500 | loss  3.227 | ppl     25.19
[2022-04-10 03:22:26.136] E024 |   600/616 batches | lr 1.2500 | loss  3.212 | ppl     24.83
[2022-04-10 03:22:26.654] E024 |   616/616 batches | lr 1.2500 | loss  3.253 | ppl     25.88
[2022-04-10 03:22:28.814] End E024 | valid loss  3.931; ppl     50.95 | accu 0.2668 = 29695/111320
[2022-04-10 03:22:36.315] End E024 |  test loss  5.282; ppl    196.70 | accu 0.1696 = 70094/413220 ../data/cbt_valid.txt
[2022-04-10 03:22:38.573] End E024 |  test loss  6.834; ppl    928.75 | accu 0.0749 = 9330/124580 ../data/adult_test.txt
[2022-04-10 03:22:38.573] Save: model.pt... 
[2022-04-10 03:22:38.585] Save: model.pt...Done. best_val_loss: 3.9309
[2022-04-10 03:22:38.585] Epoch 025/40 ==================================================
[2022-04-10 03:22:44.985] E025 |   200/616 batches | lr 1.2500 | loss  3.277 | ppl     26.50
[2022-04-10 03:22:51.485] E025 |   400/616 batches | lr 1.2500 | loss  3.227 | ppl     25.20
[2022-04-10 03:22:57.961] E025 |   600/616 batches | lr 1.2500 | loss  3.211 | ppl     24.80
[2022-04-10 03:22:58.477] E025 |   616/616 batches | lr 1.2500 | loss  3.252 | ppl     25.85
[2022-04-10 03:23:00.659] End E025 | valid loss  3.931; ppl     50.95 | accu 0.2669 = 29710/111320
[2022-04-10 03:23:08.382] End E025 |  test loss  5.278; ppl    196.05 | accu 0.1703 = 70380/413220 ../data/cbt_valid.txt
[2022-04-10 03:23:10.731] End E025 |  test loss  6.856; ppl    949.15 | accu 0.0744 = 9269/124580 ../data/adult_test.txt
[2022-04-10 03:23:10.732] Save: model.pt... 
[2022-04-10 03:23:10.741] Save: model.pt...Done. best_val_loss: 3.9309
[2022-04-10 03:23:10.741] Epoch 026/40 ==================================================
[2022-04-10 03:23:17.152] E026 |   200/616 batches | lr 1.2500 | loss  3.270 | ppl     26.31
[2022-04-10 03:23:23.625] E026 |   400/616 batches | lr 1.2500 | loss  3.217 | ppl     24.95
[2022-04-10 03:23:30.111] E026 |   600/616 batches | lr 1.2500 | loss  3.207 | ppl     24.72
[2022-04-10 03:23:30.627] E026 |   616/616 batches | lr 1.2500 | loss  3.267 | ppl     26.23
[2022-04-10 03:23:32.787] End E026 | valid loss  3.928; ppl     50.79 | accu 0.2672 = 29743/111320
[2022-04-10 03:23:40.296] End E026 |  test loss  5.265; ppl    193.38 | accu 0.1706 = 70478/413220 ../data/cbt_valid.txt
[2022-04-10 03:23:42.539] End E026 |  test loss  6.827; ppl    922.87 | accu 0.0756 = 9417/124580 ../data/adult_test.txt
[2022-04-10 03:23:42.539] Save: model.pt... 
[2022-04-10 03:23:42.551] Save: model.pt...Done. best_val_loss: 3.9278
[2022-04-10 03:23:42.551] Epoch 027/40 ==================================================
[2022-04-10 03:23:48.960] E027 |   200/616 batches | lr 1.2500 | loss  3.265 | ppl     26.17
[2022-04-10 03:23:55.434] E027 |   400/616 batches | lr 1.2500 | loss  3.214 | ppl     24.87
[2022-04-10 03:24:01.901] E027 |   600/616 batches | lr 1.2500 | loss  3.203 | ppl     24.61
[2022-04-10 03:24:02.418] E027 |   616/616 batches | lr 1.2500 | loss  3.246 | ppl     25.68
[2022-04-10 03:24:04.562] End E027 | valid loss  3.926; ppl     50.71 | accu 0.2677 = 29801/111320
[2022-04-10 03:24:12.246] End E027 |  test loss  5.274; ppl    195.24 | accu 0.1702 = 70339/413220 ../data/cbt_valid.txt
[2022-04-10 03:24:14.558] End E027 |  test loss  6.831; ppl    925.88 | accu 0.0751 = 9354/124580 ../data/adult_test.txt
[2022-04-10 03:24:14.558] Save: model.pt... 
[2022-04-10 03:24:14.566] Save: model.pt...Done. best_val_loss: 3.9261
[2022-04-10 03:24:14.566] Epoch 028/40 ==================================================
[2022-04-10 03:24:21.023] E028 |   200/616 batches | lr 1.2500 | loss  3.260 | ppl     26.05
[2022-04-10 03:24:27.610] E028 |   400/616 batches | lr 1.2500 | loss  3.211 | ppl     24.79
[2022-04-10 03:24:34.103] E028 |   600/616 batches | lr 1.2500 | loss  3.201 | ppl     24.57
[2022-04-10 03:24:34.618] E028 |   616/616 batches | lr 1.2500 | loss  3.244 | ppl     25.63
[2022-04-10 03:24:36.771] End E028 | valid loss  3.925; ppl     50.66 | accu 0.2673 = 29751/111320
[2022-04-10 03:24:44.280] End E028 |  test loss  5.282; ppl    196.80 | accu 0.1702 = 70332/413220 ../data/cbt_valid.txt
[2022-04-10 03:24:46.527] End E028 |  test loss  6.849; ppl    943.30 | accu 0.0755 = 9408/124580 ../data/adult_test.txt
[2022-04-10 03:24:46.527] Save: model.pt... 
[2022-04-10 03:24:46.539] Save: model.pt...Done. best_val_loss: 3.9251
[2022-04-10 03:24:46.539] Epoch 029/40 ==================================================
[2022-04-10 03:24:52.935] E029 |   200/616 batches | lr 1.2500 | loss  3.257 | ppl     25.97
[2022-04-10 03:24:59.415] E029 |   400/616 batches | lr 1.2500 | loss  3.207 | ppl     24.69
[2022-04-10 03:25:05.921] E029 |   600/616 batches | lr 1.2500 | loss  3.191 | ppl     24.32
[2022-04-10 03:25:06.437] E029 |   616/616 batches | lr 1.2500 | loss  3.239 | ppl     25.52
[2022-04-10 03:25:08.584] End E029 | valid loss  3.925; ppl     50.67 | accu 0.2678 = 29812/111320
[2022-04-10 03:25:16.265] End E029 |  test loss  5.252; ppl    190.87 | accu 0.1706 = 70487/413220 ../data/cbt_valid.txt
[2022-04-10 03:25:18.575] End E029 |  test loss  6.791; ppl    889.83 | accu 0.0754 = 9393/124580 ../data/adult_test.txt
[2022-04-10 03:25:18.576] Epoch 030/40 ==================================================
[2022-04-10 03:25:24.979] E030 |   200/616 batches | lr 0.6250 | loss  3.251 | ppl     25.81
[2022-04-10 03:25:31.443] E030 |   400/616 batches | lr 0.6250 | loss  3.199 | ppl     24.50
[2022-04-10 03:25:37.907] E030 |   600/616 batches | lr 0.6250 | loss  3.183 | ppl     24.13
[2022-04-10 03:25:38.420] E030 |   616/616 batches | lr 0.6250 | loss  3.221 | ppl     25.06
[2022-04-10 03:25:40.587] End E030 | valid loss  3.924; ppl     50.58 | accu 0.2683 = 29868/111320
[2022-04-10 03:25:48.027] End E030 |  test loss  5.275; ppl    195.44 | accu 0.1704 = 70400/413220 ../data/cbt_valid.txt
[2022-04-10 03:25:50.262] End E030 |  test loss  6.855; ppl    948.46 | accu 0.0750 = 9349/124580 ../data/adult_test.txt
[2022-04-10 03:25:50.262] Save: model.pt... 
[2022-04-10 03:25:50.273] Save: model.pt...Done. best_val_loss: 3.9236
[2022-04-10 03:25:50.273] Epoch 031/40 ==================================================
[2022-04-10 03:25:56.659] E031 |   200/616 batches | lr 0.6250 | loss  3.244 | ppl     25.64
[2022-04-10 03:26:03.114] E031 |   400/616 batches | lr 0.6250 | loss  3.193 | ppl     24.37
[2022-04-10 03:26:09.586] E031 |   600/616 batches | lr 0.6250 | loss  3.180 | ppl     24.05
[2022-04-10 03:26:10.106] E031 |   616/616 batches | lr 0.6250 | loss  3.218 | ppl     24.98
[2022-04-10 03:26:12.241] End E031 | valid loss  3.924; ppl     50.60 | accu 0.2682 = 29851/111320
[2022-04-10 03:26:19.911] End E031 |  test loss  5.280; ppl    196.41 | accu 0.1712 = 70732/413220 ../data/cbt_valid.txt
[2022-04-10 03:26:22.232] End E031 |  test loss  6.885; ppl    977.90 | accu 0.0757 = 9432/124580 ../data/adult_test.txt
[2022-04-10 03:26:22.232] Epoch 032/40 ==================================================
[2022-04-10 03:26:28.580] E032 |   200/616 batches | lr 0.3125 | loss  3.242 | ppl     25.59
[2022-04-10 03:26:35.027] E032 |   400/616 batches | lr 0.3125 | loss  3.188 | ppl     24.25
[2022-04-10 03:26:41.539] E032 |   600/616 batches | lr 0.3125 | loss  3.172 | ppl     23.85
[2022-04-10 03:26:42.070] E032 |   616/616 batches | lr 0.3125 | loss  3.220 | ppl     25.04
[2022-04-10 03:26:44.215] End E032 | valid loss  3.923; ppl     50.54 | accu 0.2683 = 29869/111320
[2022-04-10 03:26:51.711] End E032 |  test loss  5.305; ppl    201.25 | accu 0.1704 = 70402/413220 ../data/cbt_valid.txt
[2022-04-10 03:26:53.964] End E032 |  test loss  6.936; ppl   1028.95 | accu 0.0749 = 9336/124580 ../data/adult_test.txt
[2022-04-10 03:26:53.964] Save: model.pt... 
[2022-04-10 03:26:53.975] Save: model.pt...Done. best_val_loss: 3.9227
[2022-04-10 03:26:53.975] Epoch 033/40 ==================================================
[2022-04-10 03:27:00.337] E033 |   200/616 batches | lr 0.3125 | loss  3.238 | ppl     25.50
[2022-04-10 03:27:06.836] E033 |   400/616 batches | lr 0.3125 | loss  3.185 | ppl     24.16
[2022-04-10 03:27:13.326] E033 |   600/616 batches | lr 0.3125 | loss  3.174 | ppl     23.90
[2022-04-10 03:27:13.840] E033 |   616/616 batches | lr 0.3125 | loss  3.213 | ppl     24.86
[2022-04-10 03:27:16.003] End E033 | valid loss  3.921; ppl     50.46 | accu 0.2690 = 29941/111320
[2022-04-10 03:27:23.658] End E033 |  test loss  5.308; ppl    201.94 | accu 0.1700 = 70260/413220 ../data/cbt_valid.txt
[2022-04-10 03:27:25.969] End E033 |  test loss  6.946; ppl   1038.74 | accu 0.0746 = 9291/124580 ../data/adult_test.txt
[2022-04-10 03:27:25.969] Save: model.pt... 
[2022-04-10 03:27:25.980] Save: model.pt...Done. best_val_loss: 3.9212
[2022-04-10 03:27:25.980] Epoch 034/40 ==================================================
[2022-04-10 03:27:32.439] E034 |   200/616 batches | lr 0.3125 | loss  3.237 | ppl     25.47
[2022-04-10 03:27:38.898] E034 |   400/616 batches | lr 0.3125 | loss  3.183 | ppl     24.11
[2022-04-10 03:27:45.383] E034 |   600/616 batches | lr 0.3125 | loss  3.171 | ppl     23.83
[2022-04-10 03:27:45.898] E034 |   616/616 batches | lr 0.3125 | loss  3.209 | ppl     24.76
[2022-04-10 03:27:48.049] End E034 | valid loss  3.922; ppl     50.52 | accu 0.2688 = 29926/111320
[2022-04-10 03:27:55.545] End E034 |  test loss  5.324; ppl    205.19 | accu 0.1698 = 70185/413220 ../data/cbt_valid.txt
[2022-04-10 03:27:57.785] End E034 |  test loss  6.982; ppl   1076.86 | accu 0.0742 = 9244/124580 ../data/adult_test.txt
[2022-04-10 03:27:57.785] Epoch 035/40 ==================================================
[2022-04-10 03:28:04.119] E035 |   200/616 batches | lr 0.1562 | loss  3.235 | ppl     25.41
[2022-04-10 03:28:10.594] E035 |   400/616 batches | lr 0.1562 | loss  3.179 | ppl     24.03
[2022-04-10 03:28:17.071] E035 |   600/616 batches | lr 0.1562 | loss  3.169 | ppl     23.79
[2022-04-10 03:28:17.586] E035 |   616/616 batches | lr 0.1562 | loss  3.204 | ppl     24.63
[2022-04-10 03:28:19.749] End E035 | valid loss  3.922; ppl     50.49 | accu 0.2685 = 29885/111320
[2022-04-10 03:28:27.475] End E035 |  test loss  5.296; ppl    199.52 | accu 0.1705 = 70443/413220 ../data/cbt_valid.txt
[2022-04-10 03:28:29.779] End E035 |  test loss  6.924; ppl   1016.28 | accu 0.0749 = 9327/124580 ../data/adult_test.txt
[2022-04-10 03:28:29.779] Epoch 036/40 ==================================================
[2022-04-10 03:28:36.220] E036 |   200/616 batches | lr 0.0781 | loss  3.233 | ppl     25.36
[2022-04-10 03:28:42.701] E036 |   400/616 batches | lr 0.0781 | loss  3.180 | ppl     24.04
[2022-04-10 03:28:49.182] E036 |   600/616 batches | lr 0.0781 | loss  3.163 | ppl     23.65
[2022-04-10 03:28:49.696] E036 |   616/616 batches | lr 0.0781 | loss  3.209 | ppl     24.74
[2022-04-10 03:28:51.846] End E036 | valid loss  3.921; ppl     50.46 | accu 0.2689 = 29929/111320
[2022-04-10 03:28:59.368] End E036 |  test loss  5.310; ppl    202.35 | accu 0.1702 = 70311/413220 ../data/cbt_valid.txt
[2022-04-10 03:29:01.620] End E036 |  test loss  6.949; ppl   1041.67 | accu 0.0748 = 9324/124580 ../data/adult_test.txt
[2022-04-10 03:29:01.620] Epoch 037/40 ==================================================
[2022-04-10 03:29:07.971] E037 |   200/616 batches | lr 0.0391 | loss  3.232 | ppl     25.33
[2022-04-10 03:29:14.448] E037 |   400/616 batches | lr 0.0391 | loss  3.182 | ppl     24.09
[2022-04-10 03:29:20.911] E037 |   600/616 batches | lr 0.0391 | loss  3.162 | ppl     23.61
[2022-04-10 03:29:21.440] E037 |   616/616 batches | lr 0.0391 | loss  3.198 | ppl     24.49
[2022-04-10 03:29:23.599] End E037 | valid loss  3.921; ppl     50.46 | accu 0.2689 = 29938/111320
[2022-04-10 03:29:31.322] End E037 |  test loss  5.308; ppl    201.97 | accu 0.1701 = 70286/413220 ../data/cbt_valid.txt
[2022-04-10 03:29:33.640] End E037 |  test loss  6.945; ppl   1038.17 | accu 0.0749 = 9337/124580 ../data/adult_test.txt
[2022-04-10 03:29:33.640] Save: model.pt... 
[2022-04-10 03:29:33.652] Save: model.pt...Done. best_val_loss: 3.9211
[2022-04-10 03:29:33.652] Epoch 038/40 ==================================================
[2022-04-10 03:29:39.875] E038 |   200/616 batches | lr 0.0391 | loss  3.233 | ppl     25.36
[2022-04-10 03:29:46.359] E038 |   400/616 batches | lr 0.0391 | loss  3.177 | ppl     23.97
[2022-04-10 03:29:52.821] E038 |   600/616 batches | lr 0.0391 | loss  3.167 | ppl     23.73
[2022-04-10 03:29:53.343] E038 |   616/616 batches | lr 0.0391 | loss  3.208 | ppl     24.72
[2022-04-10 03:29:55.474] End E038 | valid loss  3.921; ppl     50.45 | accu 0.2687 = 29908/111320
[2022-04-10 03:30:03.009] End E038 |  test loss  5.305; ppl    201.37 | accu 0.1700 = 70267/413220 ../data/cbt_valid.txt
[2022-04-10 03:30:05.269] End E038 |  test loss  6.939; ppl   1031.27 | accu 0.0749 = 9334/124580 ../data/adult_test.txt
[2022-04-10 03:30:05.269] Save: model.pt... 
[2022-04-10 03:30:05.281] Save: model.pt...Done. best_val_loss: 3.9209
[2022-04-10 03:30:05.281] Epoch 039/40 ==================================================
[2022-04-10 03:30:11.677] E039 |   200/616 batches | lr 0.0391 | loss  3.233 | ppl     25.34
[2022-04-10 03:30:18.144] E039 |   400/616 batches | lr 0.0391 | loss  3.178 | ppl     24.00
[2022-04-10 03:30:24.632] E039 |   600/616 batches | lr 0.0391 | loss  3.160 | ppl     23.57
[2022-04-10 03:30:25.156] E039 |   616/616 batches | lr 0.0391 | loss  3.198 | ppl     24.49
[2022-04-10 03:30:27.310] End E039 | valid loss  3.921; ppl     50.43 | accu 0.2689 = 29932/111320
[2022-04-10 03:30:35.002] End E039 |  test loss  5.302; ppl    200.68 | accu 0.1700 = 70264/413220 ../data/cbt_valid.txt
[2022-04-10 03:30:37.318] End E039 |  test loss  6.929; ppl   1021.89 | accu 0.0750 = 9347/124580 ../data/adult_test.txt
[2022-04-10 03:30:37.318] Save: model.pt... 
[2022-04-10 03:30:37.326] Save: model.pt...Done. best_val_loss: 3.9206
[2022-04-10 03:30:37.326] Epoch 040/40 ==================================================
[2022-04-10 03:30:43.718] E040 |   200/616 batches | lr 0.0391 | loss  3.231 | ppl     25.31
[2022-04-10 03:30:50.236] E040 |   400/616 batches | lr 0.0391 | loss  3.177 | ppl     23.97
[2022-04-10 03:30:56.746] E040 |   600/616 batches | lr 0.0391 | loss  3.164 | ppl     23.66
[2022-04-10 03:30:57.264] E040 |   616/616 batches | lr 0.0391 | loss  3.206 | ppl     24.67
[2022-04-10 03:30:59.430] End E040 | valid loss  3.921; ppl     50.43 | accu 0.2689 = 29930/111320
[2022-04-10 03:31:06.954] End E040 |  test loss  5.303; ppl    200.89 | accu 0.1701 = 70297/413220 ../data/cbt_valid.txt
[2022-04-10 03:31:09.188] End E040 |  test loss  6.935; ppl   1027.73 | accu 0.0749 = 9332/124580 ../data/adult_test.txt
[2022-04-10 03:31:09.189] Save: model.pt... 
[2022-04-10 03:31:09.200] Save: model.pt...Done. best_val_loss: 3.9206
[2022-04-10 03:31:16.911] End. test loss  5.30; ppl   200.89 | accu 0.1701 = 70297/413220 ../data/cbt_valid.txt
[2022-04-10 03:31:19.212] End. test loss  6.94; ppl  1027.73 | accu 0.0749 = 9332/124580 ../data/adult_test.txt
[2022-04-10 03:31:19.212] =========================================================================================
