[2022-04-10 03:31:19.220] corpus.train_file_list: 1
[2022-04-10 03:31:19.220]         ../data/adolescent_train.txt
[2022-04-10 03:31:19.220] corpus.valid_file_list: 1
[2022-04-10 03:31:19.220]         ../data/adolescent_valid.txt
[2022-04-10 03:31:19.220] corpus.test_file_list: 2
[2022-04-10 03:31:19.220]         ../data/cbt_valid.txt
[2022-04-10 03:31:19.220]         ../data/adult_test.txt
[2022-04-10 03:31:19.220] corpus.subword_vocab_size: 5000
[2022-04-10 03:31:19.220] corpus.subword_model.train(2 files)...
[2022-04-10 03:31:19.220]         ../data/adolescent_train.txt
[2022-04-10 03:31:19.220]         ../data/adolescent_valid.txt
[2022-04-10 03:31:19.944] corpus.subword_model.train(2 files)...Done
[2022-04-10 03:31:19.944] corpus tokenize...
[2022-04-10 03:31:21.255]         train tokens: 323793  ../data/adolescent_train.txt
[2022-04-10 03:31:21.600]         valid tokens:  85653  ../data/adolescent_valid.txt
[2022-04-10 03:31:22.729]         test  tokens: 337791  ../data/cbt_valid.txt
[2022-04-10 03:31:23.013]         test  tokens:  97090  ../data/adult_test.txt
[2022-04-10 03:31:23.013] corpus.ntokens      : 4878
[2022-04-10 03:31:23.013] corpus.char_count   : 97
[2022-04-10 03:31:23.014] corpus.char_cnt_dict: 97
[2022-04-10 03:31:23.014] corpus.char_id_dict : 97
[2022-04-10 03:31:23.017] corpus.batchify(1 files, batch_size=20)...
[2022-04-10 03:31:23.017]         tokens_all: 323793
[2022-04-10 03:31:23.018]         batched   :  16189
[2022-04-10 03:31:23.018]         ../data/adolescent_train.txt
[2022-04-10 03:31:23.020] corpus.batchify(1 files, batch_size=20)...
[2022-04-10 03:31:23.020]         tokens_all:  85653
[2022-04-10 03:31:23.020]         batched   :   4282
[2022-04-10 03:31:23.020]         ../data/adolescent_valid.txt
[2022-04-10 03:31:23.023] corpus.batchify(1 files, batch_size=20)...
[2022-04-10 03:31:23.023]         tokens_all: 337791
[2022-04-10 03:31:23.023]         batched   :  16889
[2022-04-10 03:31:23.023]         ../data/cbt_valid.txt
[2022-04-10 03:31:23.024] corpus.batchify(1 files, batch_size=20)...
[2022-04-10 03:31:23.024]         tokens_all:  97090
[2022-04-10 03:31:23.024]         batched   :   4854
[2022-04-10 03:31:23.024]         ../data/adult_test.txt
[2022-04-10 03:31:23.072] RNNModel.rnn_type: LSTM
[2022-04-10 03:31:23.072] RNNModel.ntoken  : 4878
[2022-04-10 03:31:23.072] RNNModel.ninp    : 200
[2022-04-10 03:31:23.072] RNNModel.nhid    : 200
[2022-04-10 03:31:23.072] RNNModel.nlayers : 2
[2022-04-10 03:31:23.072] RNNModel.dropout : 0.2
[2022-04-10 03:31:23.072] RNNModel.tie_weights: False
[2022-04-10 03:31:23.072] RNNModel.char_mode  : 
[2022-04-10 03:31:23.072] RNNModel.char_cnt   : 98
[2022-04-10 03:31:23.072] RNNModel.char_emsize: 25
[2022-04-10 03:31:23.073] RNNModel.char_nhid  : 200
[2022-04-10 03:31:23.073] RNNModel will not use char-encoding
[2022-04-10 03:31:23.076] Epoch 001/40 ==================================================
[2022-04-10 03:31:26.857] E001 |   200/462 batches | lr 20.0000 | loss  6.628 | ppl    755.79
[2022-04-10 03:31:30.640] E001 |   400/462 batches | lr 20.0000 | loss  6.010 | ppl    407.39
[2022-04-10 03:31:31.788] E001 |   462/462 batches | lr 20.0000 | loss  5.745 | ppl    312.62
[2022-04-10 03:31:33.304] End E001 | valid loss  5.793; ppl    328.02 | accu 0.1411 = 12079/85620
[2022-04-10 03:31:39.227] End E001 |  test loss  6.394; ppl    598.19 | accu 0.0909 = 30700/337760 ../data/cbt_valid.txt
[2022-04-10 03:31:40.932] End E001 |  test loss  7.569; ppl   1936.87 | accu 0.0058 = 563/97060 ../data/adult_test.txt
[2022-04-10 03:31:40.932] Save: model.pt... 
[2022-04-10 03:31:40.958] Save: model.pt...Done. best_val_loss: 5.7931
[2022-04-10 03:31:40.959] Epoch 002/40 ==================================================
[2022-04-10 03:31:44.639] E002 |   200/462 batches | lr 20.0000 | loss  5.574 | ppl    263.54
[2022-04-10 03:31:48.351] E002 |   400/462 batches | lr 20.0000 | loss  5.331 | ppl    206.55
[2022-04-10 03:31:49.483] E002 |   462/462 batches | lr 20.0000 | loss  5.234 | ppl    187.54
[2022-04-10 03:31:51.002] End E002 | valid loss  5.439; ppl    230.22 | accu 0.1717 = 14703/85620
[2022-04-10 03:31:56.892] End E002 |  test loss  6.212; ppl    498.94 | accu 0.0890 = 30061/337760 ../data/cbt_valid.txt
[2022-04-10 03:31:58.617] End E002 |  test loss  7.735; ppl   2287.89 | accu 0.0018 = 174/97060 ../data/adult_test.txt
[2022-04-10 03:31:58.617] Save: model.pt... 
[2022-04-10 03:31:58.646] Save: model.pt...Done. best_val_loss: 5.4390
[2022-04-10 03:31:58.646] Epoch 003/40 ==================================================
[2022-04-10 03:32:02.349] E003 |   200/462 batches | lr 20.0000 | loss  5.183 | ppl    178.23
[2022-04-10 03:32:06.092] E003 |   400/462 batches | lr 20.0000 | loss  5.023 | ppl    151.88
[2022-04-10 03:32:07.227] E003 |   462/462 batches | lr 20.0000 | loss  4.973 | ppl    144.48
[2022-04-10 03:32:08.726] End E003 | valid loss  5.305; ppl    201.28 | accu 0.1800 = 15413/85620
[2022-04-10 03:32:14.606] End E003 |  test loss  6.510; ppl    671.95 | accu 0.0860 = 29047/337760 ../data/cbt_valid.txt
[2022-04-10 03:32:16.312] End E003 |  test loss  8.613; ppl   5504.36 | accu 0.0001 = 9/97060 ../data/adult_test.txt
[2022-04-10 03:32:16.312] Save: model.pt... 
[2022-04-10 03:32:16.335] Save: model.pt...Done. best_val_loss: 5.3047
[2022-04-10 03:32:16.335] Epoch 004/40 ==================================================
[2022-04-10 03:32:20.034] E004 |   200/462 batches | lr 20.0000 | loss  4.955 | ppl    141.95
[2022-04-10 03:32:23.746] E004 |   400/462 batches | lr 20.0000 | loss  4.829 | ppl    125.08
[2022-04-10 03:32:24.877] E004 |   462/462 batches | lr 20.0000 | loss  4.802 | ppl    121.76
[2022-04-10 03:32:26.400] End E004 | valid loss  5.243; ppl    189.21 | accu 0.1851 = 15850/85620
[2022-04-10 03:32:32.290] End E004 |  test loss  6.437; ppl    624.35 | accu 0.0881 = 29766/337760 ../data/cbt_valid.txt
[2022-04-10 03:32:33.984] End E004 |  test loss  8.545; ppl   5140.58 | accu 0.0001 = 14/97060 ../data/adult_test.txt
[2022-04-10 03:32:33.985] Save: model.pt... 
[2022-04-10 03:32:34.003] Save: model.pt...Done. best_val_loss: 5.2429
[2022-04-10 03:32:34.003] Epoch 005/40 ==================================================
[2022-04-10 03:32:37.707] E005 |   200/462 batches | lr 20.0000 | loss  4.786 | ppl    119.80
[2022-04-10 03:32:41.394] E005 |   400/462 batches | lr 20.0000 | loss  4.679 | ppl    107.64
[2022-04-10 03:32:42.535] E005 |   462/462 batches | lr 20.0000 | loss  4.665 | ppl    106.13
[2022-04-10 03:32:44.041] End E005 | valid loss  5.194; ppl    180.20 | accu 0.1876 = 16061/85620
[2022-04-10 03:32:50.095] End E005 |  test loss  6.333; ppl    562.87 | accu 0.0901 = 30423/337760 ../data/cbt_valid.txt
[2022-04-10 03:32:51.837] End E005 |  test loss  8.311; ppl   4070.27 | accu 0.0020 = 195/97060 ../data/adult_test.txt
[2022-04-10 03:32:51.837] Save: model.pt... 
[2022-04-10 03:32:51.857] Save: model.pt...Done. best_val_loss: 5.1941
[2022-04-10 03:32:51.857] Epoch 006/40 ==================================================
[2022-04-10 03:32:55.601] E006 |   200/462 batches | lr 20.0000 | loss  4.658 | ppl    105.44
[2022-04-10 03:32:59.293] E006 |   400/462 batches | lr 20.0000 | loss  4.559 | ppl     95.46
[2022-04-10 03:33:00.436] E006 |   462/462 batches | lr 20.0000 | loss  4.548 | ppl     94.45
[2022-04-10 03:33:01.940] End E006 | valid loss  5.151; ppl    172.59 | accu 0.1928 = 16510/85620
[2022-04-10 03:33:07.840] End E006 |  test loss  6.516; ppl    675.61 | accu 0.0958 = 32346/337760 ../data/cbt_valid.txt
[2022-04-10 03:33:09.527] End E006 |  test loss  8.959; ppl   7777.27 | accu 0.0007 = 64/97060 ../data/adult_test.txt
[2022-04-10 03:33:09.527] Save: model.pt... 
[2022-04-10 03:33:09.550] Save: model.pt...Done. best_val_loss: 5.1509
[2022-04-10 03:33:09.550] Epoch 007/40 ==================================================
[2022-04-10 03:33:13.244] E007 |   200/462 batches | lr 20.0000 | loss  4.544 | ppl     94.08
[2022-04-10 03:33:16.952] E007 |   400/462 batches | lr 20.0000 | loss  4.452 | ppl     85.77
[2022-04-10 03:33:18.093] E007 |   462/462 batches | lr 20.0000 | loss  4.448 | ppl     85.47
[2022-04-10 03:33:19.603] End E007 | valid loss  5.154; ppl    173.14 | accu 0.1940 = 16609/85620
[2022-04-10 03:33:25.494] End E007 |  test loss  6.534; ppl    687.84 | accu 0.0961 = 32449/337760 ../data/cbt_valid.txt
[2022-04-10 03:33:27.176] End E007 |  test loss  8.839; ppl   6900.72 | accu 0.0017 = 163/97060 ../data/adult_test.txt
[2022-04-10 03:33:27.176] Epoch 008/40 ==================================================
[2022-04-10 03:33:30.878] E008 |   200/462 batches | lr 10.0000 | loss  4.369 | ppl     78.93
[2022-04-10 03:33:34.605] E008 |   400/462 batches | lr 10.0000 | loss  4.215 | ppl     67.68
[2022-04-10 03:33:35.760] E008 |   462/462 batches | lr 10.0000 | loss  4.180 | ppl     65.35
[2022-04-10 03:33:37.258] End E008 | valid loss  5.109; ppl    165.57 | accu 0.2008 = 17195/85620
[2022-04-10 03:33:43.307] End E008 |  test loss  6.640; ppl    764.97 | accu 0.0963 = 32531/337760 ../data/cbt_valid.txt
[2022-04-10 03:33:45.065] End E008 |  test loss  9.314; ppl  11090.85 | accu 0.0028 = 271/97060 ../data/adult_test.txt
[2022-04-10 03:33:45.066] Save: model.pt... 
[2022-04-10 03:33:45.086] Save: model.pt...Done. best_val_loss: 5.1094
[2022-04-10 03:33:45.086] Epoch 009/40 ==================================================
[2022-04-10 03:33:48.812] E009 |   200/462 batches | lr 10.0000 | loss  4.256 | ppl     70.56
[2022-04-10 03:33:52.571] E009 |   400/462 batches | lr 10.0000 | loss  4.148 | ppl     63.32
[2022-04-10 03:33:53.722] E009 |   462/462 batches | lr 10.0000 | loss  4.133 | ppl     62.36
[2022-04-10 03:33:55.257] End E009 | valid loss  5.103; ppl    164.59 | accu 0.2000 = 17125/85620
[2022-04-10 03:34:01.191] End E009 |  test loss  6.604; ppl    737.81 | accu 0.0995 = 33593/337760 ../data/cbt_valid.txt
[2022-04-10 03:34:02.871] End E009 |  test loss  9.266; ppl  10569.75 | accu 0.0035 = 335/97060 ../data/adult_test.txt
[2022-04-10 03:34:02.872] Save: model.pt... 
[2022-04-10 03:34:02.895] Save: model.pt...Done. best_val_loss: 5.1035
[2022-04-10 03:34:02.895] Epoch 010/40 ==================================================
[2022-04-10 03:34:06.654] E010 |   200/462 batches | lr 10.0000 | loss  4.190 | ppl     66.05
[2022-04-10 03:34:10.364] E010 |   400/462 batches | lr 10.0000 | loss  4.088 | ppl     59.65
[2022-04-10 03:34:11.509] E010 |   462/462 batches | lr 10.0000 | loss  4.084 | ppl     59.36
[2022-04-10 03:34:13.007] End E010 | valid loss  5.121; ppl    167.57 | accu 0.2027 = 17351/85620
[2022-04-10 03:34:18.883] End E010 |  test loss  6.718; ppl    827.41 | accu 0.0986 = 33288/337760 ../data/cbt_valid.txt
[2022-04-10 03:34:20.586] End E010 |  test loss  9.548; ppl  14022.23 | accu 0.0030 = 287/97060 ../data/adult_test.txt
[2022-04-10 03:34:20.586] Epoch 011/40 ==================================================
[2022-04-10 03:34:24.311] E011 |   200/462 batches | lr 5.0000 | loss  4.105 | ppl     60.66
[2022-04-10 03:34:28.105] E011 |   400/462 batches | lr 5.0000 | loss  3.965 | ppl     52.73
[2022-04-10 03:34:29.266] E011 |   462/462 batches | lr 5.0000 | loss  3.936 | ppl     51.21
[2022-04-10 03:34:30.789] End E011 | valid loss  5.095; ppl    163.28 | accu 0.2062 = 17658/85620
[2022-04-10 03:34:36.864] End E011 |  test loss  6.789; ppl    888.22 | accu 0.0991 = 33468/337760 ../data/cbt_valid.txt
[2022-04-10 03:34:38.619] End E011 |  test loss  9.638; ppl  15336.53 | accu 0.0043 = 414/97060 ../data/adult_test.txt
[2022-04-10 03:34:38.619] Save: model.pt... 
[2022-04-10 03:34:38.642] Save: model.pt...Done. best_val_loss: 5.0955
[2022-04-10 03:34:38.642] Epoch 012/40 ==================================================
[2022-04-10 03:34:42.429] E012 |   200/462 batches | lr 5.0000 | loss  4.044 | ppl     57.04
[2022-04-10 03:34:46.169] E012 |   400/462 batches | lr 5.0000 | loss  3.931 | ppl     50.96
[2022-04-10 03:34:47.334] E012 |   462/462 batches | lr 5.0000 | loss  3.911 | ppl     49.94
[2022-04-10 03:34:48.829] End E012 | valid loss  5.102; ppl    164.30 | accu 0.2074 = 17759/85620
[2022-04-10 03:34:54.735] End E012 |  test loss  6.977; ppl   1071.23 | accu 0.0985 = 33270/337760 ../data/cbt_valid.txt
[2022-04-10 03:34:56.432] End E012 |  test loss 10.148; ppl  25532.46 | accu 0.0028 = 268/97060 ../data/adult_test.txt
[2022-04-10 03:34:56.432] Epoch 013/40 ==================================================
[2022-04-10 03:35:00.159] E013 |   200/462 batches | lr 2.5000 | loss  3.997 | ppl     54.41
[2022-04-10 03:35:03.899] E013 |   400/462 batches | lr 2.5000 | loss  3.861 | ppl     47.53
[2022-04-10 03:35:05.065] E013 |   462/462 batches | lr 2.5000 | loss  3.832 | ppl     46.14
[2022-04-10 03:35:06.591] End E013 | valid loss  5.102; ppl    164.29 | accu 0.2095 = 17936/85620
[2022-04-10 03:35:12.495] End E013 |  test loss  6.987; ppl   1082.13 | accu 0.0996 = 33654/337760 ../data/cbt_valid.txt
[2022-04-10 03:35:14.173] End E013 |  test loss 10.166; ppl  26001.28 | accu 0.0034 = 332/97060 ../data/adult_test.txt
[2022-04-10 03:35:14.173] Epoch 014/40 ==================================================
[2022-04-10 03:35:17.907] E014 |   200/462 batches | lr 1.2500 | loss  3.960 | ppl     52.43
[2022-04-10 03:35:21.623] E014 |   400/462 batches | lr 1.2500 | loss  3.829 | ppl     46.00
[2022-04-10 03:35:22.784] E014 |   462/462 batches | lr 1.2500 | loss  3.790 | ppl     44.28
[2022-04-10 03:35:24.284] End E014 | valid loss  5.102; ppl    164.35 | accu 0.2095 = 17941/85620
[2022-04-10 03:35:30.359] End E014 |  test loss  7.063; ppl   1167.57 | accu 0.0996 = 33639/337760 ../data/cbt_valid.txt
[2022-04-10 03:35:32.105] End E014 |  test loss 10.312; ppl  30104.51 | accu 0.0035 = 342/97060 ../data/adult_test.txt
[2022-04-10 03:35:32.105] Epoch 015/40 ==================================================
[2022-04-10 03:35:35.831] E015 |   200/462 batches | lr 0.6250 | loss  3.940 | ppl     51.44
[2022-04-10 03:35:39.541] E015 |   400/462 batches | lr 0.6250 | loss  3.806 | ppl     44.95
[2022-04-10 03:35:40.701] E015 |   462/462 batches | lr 0.6250 | loss  3.772 | ppl     43.48
[2022-04-10 03:35:42.200] End E015 | valid loss  5.103; ppl    164.52 | accu 0.2096 = 17949/85620
[2022-04-10 03:35:48.171] End E015 |  test loss  7.045; ppl   1147.46 | accu 0.0997 = 33664/337760 ../data/cbt_valid.txt
[2022-04-10 03:35:49.852] End E015 |  test loss 10.258; ppl  28510.79 | accu 0.0037 = 363/97060 ../data/adult_test.txt
[2022-04-10 03:35:49.853] Epoch 016/40 ==================================================
[2022-04-10 03:35:53.593] E016 |   200/462 batches | lr 0.3125 | loss  3.932 | ppl     51.01
[2022-04-10 03:35:57.314] E016 |   400/462 batches | lr 0.3125 | loss  3.795 | ppl     44.46
[2022-04-10 03:35:58.473] E016 |   462/462 batches | lr 0.3125 | loss  3.759 | ppl     42.89
[2022-04-10 03:35:59.983] End E016 | valid loss  5.104; ppl    164.72 | accu 0.2097 = 17953/85620
[2022-04-10 03:36:05.873] End E016 |  test loss  7.060; ppl   1163.88 | accu 0.0998 = 33698/337760 ../data/cbt_valid.txt
[2022-04-10 03:36:07.556] End E016 |  test loss 10.298; ppl  29666.65 | accu 0.0037 = 358/97060 ../data/adult_test.txt
[2022-04-10 03:36:07.557] Epoch 017/40 ==================================================
[2022-04-10 03:36:11.336] E017 |   200/462 batches | lr 0.1562 | loss  3.929 | ppl     50.88
[2022-04-10 03:36:15.065] E017 |   400/462 batches | lr 0.1562 | loss  3.791 | ppl     44.32
[2022-04-10 03:36:16.225] E017 |   462/462 batches | lr 0.1562 | loss  3.752 | ppl     42.60
[2022-04-10 03:36:17.738] End E017 | valid loss  5.103; ppl    164.48 | accu 0.2096 = 17949/85620
[2022-04-10 03:36:23.810] End E017 |  test loss  7.054; ppl   1157.97 | accu 0.0996 = 33631/337760 ../data/cbt_valid.txt
[2022-04-10 03:36:25.566] End E017 |  test loss 10.283; ppl  29243.63 | accu 0.0037 = 360/97060 ../data/adult_test.txt
[2022-04-10 03:36:25.566] Epoch 018/40 ==================================================
[2022-04-10 03:36:29.342] E018 |   200/462 batches | lr 0.0781 | loss  3.922 | ppl     50.48
[2022-04-10 03:36:33.054] E018 |   400/462 batches | lr 0.0781 | loss  3.788 | ppl     44.17
[2022-04-10 03:36:34.216] E018 |   462/462 batches | lr 0.0781 | loss  3.745 | ppl     42.30
[2022-04-10 03:36:35.732] End E018 | valid loss  5.103; ppl    164.47 | accu 0.2095 = 17936/85620
[2022-04-10 03:36:41.634] End E018 |  test loss  7.058; ppl   1161.67 | accu 0.0994 = 33570/337760 ../data/cbt_valid.txt
[2022-04-10 03:36:43.326] End E018 |  test loss 10.286; ppl  29310.17 | accu 0.0038 = 364/97060 ../data/adult_test.txt
[2022-04-10 03:36:43.326] Epoch 019/40 ==================================================
[2022-04-10 03:36:47.092] E019 |   200/462 batches | lr 0.0391 | loss  3.924 | ppl     50.59
[2022-04-10 03:36:50.869] E019 |   400/462 batches | lr 0.0391 | loss  3.783 | ppl     43.95
[2022-04-10 03:36:52.025] E019 |   462/462 batches | lr 0.0391 | loss  3.749 | ppl     42.49
[2022-04-10 03:36:53.530] End E019 | valid loss  5.103; ppl    164.50 | accu 0.2097 = 17953/85620
[2022-04-10 03:36:59.422] End E019 |  test loss  7.060; ppl   1164.58 | accu 0.0994 = 33576/337760 ../data/cbt_valid.txt
[2022-04-10 03:37:01.129] End E019 |  test loss 10.286; ppl  29312.27 | accu 0.0038 = 364/97060 ../data/adult_test.txt
[2022-04-10 03:37:01.129] Epoch 020/40 ==================================================
[2022-04-10 03:37:04.857] E020 |   200/462 batches | lr 0.0195 | loss  3.922 | ppl     50.52
[2022-04-10 03:37:08.597] E020 |   400/462 batches | lr 0.0195 | loss  3.785 | ppl     44.05
[2022-04-10 03:37:09.749] E020 |   462/462 batches | lr 0.0195 | loss  3.752 | ppl     42.60
[2022-04-10 03:37:11.267] End E020 | valid loss  5.103; ppl    164.47 | accu 0.2098 = 17962/85620
[2022-04-10 03:37:17.336] End E020 |  test loss  7.058; ppl   1161.55 | accu 0.0994 = 33567/337760 ../data/cbt_valid.txt
[2022-04-10 03:37:19.079] End E020 |  test loss 10.280; ppl  29150.53 | accu 0.0038 = 366/97060 ../data/adult_test.txt
[2022-04-10 03:37:19.079] Epoch 021/40 ==================================================
[2022-04-10 03:37:22.823] E021 |   200/462 batches | lr 0.0098 | loss  3.921 | ppl     50.47
[2022-04-10 03:37:26.566] E021 |   400/462 batches | lr 0.0098 | loss  3.782 | ppl     43.92
[2022-04-10 03:37:27.710] E021 |   462/462 batches | lr 0.0098 | loss  3.750 | ppl     42.50
[2022-04-10 03:37:29.219] End E021 | valid loss  5.103; ppl    164.45 | accu 0.2098 = 17967/85620
[2022-04-10 03:37:35.116] End E021 |  test loss  7.056; ppl   1159.90 | accu 0.0994 = 33580/337760 ../data/cbt_valid.txt
[2022-04-10 03:37:36.795] End E021 |  test loss 10.277; ppl  29047.28 | accu 0.0038 = 370/97060 ../data/adult_test.txt
[2022-04-10 03:37:36.795] Epoch 022/40 ==================================================
[2022-04-10 03:37:40.561] E022 |   200/462 batches | lr 0.0049 | loss  3.920 | ppl     50.40
[2022-04-10 03:37:44.287] E022 |   400/462 batches | lr 0.0049 | loss  3.783 | ppl     43.93
[2022-04-10 03:37:45.475] E022 |   462/462 batches | lr 0.0049 | loss  3.744 | ppl     42.28
[2022-04-10 03:37:46.982] End E022 | valid loss  5.102; ppl    164.43 | accu 0.2099 = 17970/85620
[2022-04-10 03:37:52.905] End E022 |  test loss  7.055; ppl   1158.73 | accu 0.0994 = 33585/337760 ../data/cbt_valid.txt
[2022-04-10 03:37:54.591] End E022 |  test loss 10.275; ppl  29001.86 | accu 0.0038 = 370/97060 ../data/adult_test.txt
[2022-04-10 03:37:54.591] Epoch 023/40 ==================================================
[2022-04-10 03:37:58.325] E023 |   200/462 batches | lr 0.0024 | loss  3.920 | ppl     50.42
[2022-04-10 03:38:02.077] E023 |   400/462 batches | lr 0.0024 | loss  3.783 | ppl     43.94
[2022-04-10 03:38:03.228] E023 |   462/462 batches | lr 0.0024 | loss  3.744 | ppl     42.25
[2022-04-10 03:38:04.736] End E023 | valid loss  5.102; ppl    164.43 | accu 0.2099 = 17970/85620
[2022-04-10 03:38:10.838] End E023 |  test loss  7.055; ppl   1158.66 | accu 0.0994 = 33578/337760 ../data/cbt_valid.txt
[2022-04-10 03:38:12.588] End E023 |  test loss 10.275; ppl  28990.73 | accu 0.0038 = 370/97060 ../data/adult_test.txt
[2022-04-10 03:38:12.589] Epoch 024/40 ==================================================
[2022-04-10 03:38:16.310] E024 |   200/462 batches | lr 0.0012 | loss  3.918 | ppl     50.28
[2022-04-10 03:38:20.028] E024 |   400/462 batches | lr 0.0012 | loss  3.784 | ppl     44.00
[2022-04-10 03:38:21.180] E024 |   462/462 batches | lr 0.0012 | loss  3.748 | ppl     42.43
[2022-04-10 03:38:22.687] End E024 | valid loss  5.102; ppl    164.43 | accu 0.2099 = 17969/85620
[2022-04-10 03:38:28.592] End E024 |  test loss  7.055; ppl   1158.52 | accu 0.0994 = 33577/337760 ../data/cbt_valid.txt
[2022-04-10 03:38:30.285] End E024 |  test loss 10.275; ppl  28984.39 | accu 0.0038 = 370/97060 ../data/adult_test.txt
[2022-04-10 03:38:30.285] Epoch 025/40 ==================================================
[2022-04-10 03:38:34.007] E025 |   200/462 batches | lr 0.0006 | loss  3.917 | ppl     50.23
[2022-04-10 03:38:37.754] E025 |   400/462 batches | lr 0.0006 | loss  3.785 | ppl     44.02
[2022-04-10 03:38:38.904] E025 |   462/462 batches | lr 0.0006 | loss  3.750 | ppl     42.52
[2022-04-10 03:38:40.424] End E025 | valid loss  5.102; ppl    164.42 | accu 0.2099 = 17970/85620
[2022-04-10 03:38:46.336] End E025 |  test loss  7.055; ppl   1158.45 | accu 0.0994 = 33578/337760 ../data/cbt_valid.txt
[2022-04-10 03:38:48.037] End E025 |  test loss 10.274; ppl  28980.43 | accu 0.0038 = 370/97060 ../data/adult_test.txt
[2022-04-10 03:38:48.037] Epoch 026/40 ==================================================
[2022-04-10 03:38:51.834] E026 |   200/462 batches | lr 0.0003 | loss  3.920 | ppl     50.40
[2022-04-10 03:38:55.566] E026 |   400/462 batches | lr 0.0003 | loss  3.784 | ppl     44.01
[2022-04-10 03:38:56.719] E026 |   462/462 batches | lr 0.0003 | loss  3.748 | ppl     42.44
[2022-04-10 03:38:58.240] End E026 | valid loss  5.102; ppl    164.42 | accu 0.2099 = 17968/85620
[2022-04-10 03:39:04.312] End E026 |  test loss  7.055; ppl   1158.42 | accu 0.0994 = 33577/337760 ../data/cbt_valid.txt
[2022-04-10 03:39:06.069] End E026 |  test loss 10.274; ppl  28978.86 | accu 0.0038 = 370/97060 ../data/adult_test.txt
[2022-04-10 03:39:06.069] Epoch 027/40 ==================================================
[2022-04-10 03:39:09.800] E027 |   200/462 batches | lr 0.0002 | loss  3.919 | ppl     50.35
[2022-04-10 03:39:13.574] E027 |   400/462 batches | lr 0.0002 | loss  3.784 | ppl     44.01
[2022-04-10 03:39:14.724] E027 |   462/462 batches | lr 0.0002 | loss  3.747 | ppl     42.41
[2022-04-10 03:39:16.249] End E027 | valid loss  5.102; ppl    164.42 | accu 0.2099 = 17969/85620
[2022-04-10 03:39:22.173] End E027 |  test loss  7.055; ppl   1158.38 | accu 0.0994 = 33577/337760 ../data/cbt_valid.txt
[2022-04-10 03:39:23.867] End E027 |  test loss 10.274; ppl  28977.17 | accu 0.0038 = 370/97060 ../data/adult_test.txt
[2022-04-10 03:39:23.868] Epoch 028/40 ==================================================
[2022-04-10 03:39:27.612] E028 |   200/462 batches | lr 0.0001 | loss  3.915 | ppl     50.14
[2022-04-10 03:39:31.354] E028 |   400/462 batches | lr 0.0001 | loss  3.782 | ppl     43.92
[2022-04-10 03:39:32.505] E028 |   462/462 batches | lr 0.0001 | loss  3.745 | ppl     42.30
[2022-04-10 03:39:34.022] End E028 | valid loss  5.102; ppl    164.43 | accu 0.2099 = 17969/85620
[2022-04-10 03:39:39.944] End E028 |  test loss  7.055; ppl   1158.38 | accu 0.0994 = 33578/337760 ../data/cbt_valid.txt
[2022-04-10 03:39:41.633] End E028 |  test loss 10.274; ppl  28976.95 | accu 0.0038 = 370/97060 ../data/adult_test.txt
[2022-04-10 03:39:41.633] Epoch 029/40 ==================================================
[2022-04-10 03:39:45.435] E029 |   200/462 batches | lr 0.0000 | loss  3.916 | ppl     50.20
[2022-04-10 03:39:49.153] E029 |   400/462 batches | lr 0.0000 | loss  3.786 | ppl     44.08
[2022-04-10 03:39:50.308] E029 |   462/462 batches | lr 0.0000 | loss  3.747 | ppl     42.39
[2022-04-10 03:39:51.812] End E029 | valid loss  5.102; ppl    164.43 | accu 0.2099 = 17969/85620
[2022-04-10 03:39:57.896] End E029 |  test loss  7.055; ppl   1158.37 | accu 0.0994 = 33578/337760 ../data/cbt_valid.txt
[2022-04-10 03:39:59.645] End E029 |  test loss 10.274; ppl  28976.42 | accu 0.0038 = 370/97060 ../data/adult_test.txt
[2022-04-10 03:39:59.645] Epoch 030/40 ==================================================
[2022-04-10 03:40:03.398] E030 |   200/462 batches | lr 0.0000 | loss  3.920 | ppl     50.39
[2022-04-10 03:40:07.159] E030 |   400/462 batches | lr 0.0000 | loss  3.785 | ppl     44.02
[2022-04-10 03:40:08.324] E030 |   462/462 batches | lr 0.0000 | loss  3.742 | ppl     42.16
[2022-04-10 03:40:09.825] End E030 | valid loss  5.102; ppl    164.43 | accu 0.2099 = 17969/85620
[2022-04-10 03:40:15.787] End E030 |  test loss  7.055; ppl   1158.37 | accu 0.0994 = 33578/337760 ../data/cbt_valid.txt
[2022-04-10 03:40:17.478] End E030 |  test loss 10.274; ppl  28976.18 | accu 0.0038 = 370/97060 ../data/adult_test.txt
[2022-04-10 03:40:17.479] Epoch 031/40 ==================================================
[2022-04-10 03:40:21.213] E031 |   200/462 batches | lr 0.0000 | loss  3.918 | ppl     50.29
[2022-04-10 03:40:24.933] E031 |   400/462 batches | lr 0.0000 | loss  3.782 | ppl     43.92
[2022-04-10 03:40:26.099] E031 |   462/462 batches | lr 0.0000 | loss  3.748 | ppl     42.44
[2022-04-10 03:40:27.594] End E031 | valid loss  5.102; ppl    164.43 | accu 0.2099 = 17969/85620
[2022-04-10 03:40:33.507] End E031 |  test loss  7.055; ppl   1158.36 | accu 0.0994 = 33578/337760 ../data/cbt_valid.txt
[2022-04-10 03:40:35.202] End E031 |  test loss 10.274; ppl  28976.08 | accu 0.0038 = 370/97060 ../data/adult_test.txt
[2022-04-10 03:40:35.202] Epoch 032/40 ==================================================
[2022-04-10 03:40:38.941] E032 |   200/462 batches | lr 0.0000 | loss  3.920 | ppl     50.41
[2022-04-10 03:40:42.668] E032 |   400/462 batches | lr 0.0000 | loss  3.784 | ppl     43.99
[2022-04-10 03:40:43.831] E032 |   462/462 batches | lr 0.0000 | loss  3.747 | ppl     42.39
[2022-04-10 03:40:45.348] End E032 | valid loss  5.102; ppl    164.43 | accu 0.2099 = 17969/85620
[2022-04-10 03:40:51.400] End E032 |  test loss  7.055; ppl   1158.36 | accu 0.0994 = 33578/337760 ../data/cbt_valid.txt
[2022-04-10 03:40:53.143] End E032 |  test loss 10.274; ppl  28976.04 | accu 0.0038 = 370/97060 ../data/adult_test.txt
[2022-04-10 03:40:53.143] Epoch 033/40 ==================================================
[2022-04-10 03:40:56.894] E033 |   200/462 batches | lr 0.0000 | loss  3.921 | ppl     50.43
[2022-04-10 03:41:00.654] E033 |   400/462 batches | lr 0.0000 | loss  3.784 | ppl     43.97
[2022-04-10 03:41:01.826] E033 |   462/462 batches | lr 0.0000 | loss  3.740 | ppl     42.12
[2022-04-10 03:41:03.332] End E033 | valid loss  5.102; ppl    164.43 | accu 0.2099 = 17969/85620
[2022-04-10 03:41:09.235] End E033 |  test loss  7.055; ppl   1158.36 | accu 0.0994 = 33578/337760 ../data/cbt_valid.txt
[2022-04-10 03:41:10.936] End E033 |  test loss 10.274; ppl  28976.03 | accu 0.0038 = 370/97060 ../data/adult_test.txt
[2022-04-10 03:41:10.937] Epoch 034/40 ==================================================
[2022-04-10 03:41:14.737] E034 |   200/462 batches | lr 0.0000 | loss  3.919 | ppl     50.35
[2022-04-10 03:41:18.481] E034 |   400/462 batches | lr 0.0000 | loss  3.780 | ppl     43.81
[2022-04-10 03:41:19.643] E034 |   462/462 batches | lr 0.0000 | loss  3.746 | ppl     42.35
[2022-04-10 03:41:21.165] End E034 | valid loss  5.102; ppl    164.43 | accu 0.2099 = 17969/85620
[2022-04-10 03:41:27.048] End E034 |  test loss  7.055; ppl   1158.36 | accu 0.0994 = 33578/337760 ../data/cbt_valid.txt
[2022-04-10 03:41:28.732] End E034 |  test loss 10.274; ppl  28976.02 | accu 0.0038 = 370/97060 ../data/adult_test.txt
[2022-04-10 03:41:28.733] Epoch 035/40 ==================================================
[2022-04-10 03:41:32.466] E035 |   200/462 batches | lr 0.0000 | loss  3.920 | ppl     50.42
[2022-04-10 03:41:36.207] E035 |   400/462 batches | lr 0.0000 | loss  3.783 | ppl     43.97
[2022-04-10 03:41:37.363] E035 |   462/462 batches | lr 0.0000 | loss  3.745 | ppl     42.30
[2022-04-10 03:41:38.873] End E035 | valid loss  5.102; ppl    164.43 | accu 0.2099 = 17969/85620
[2022-04-10 03:41:44.898] End E035 |  test loss  7.055; ppl   1158.36 | accu 0.0994 = 33578/337760 ../data/cbt_valid.txt
[2022-04-10 03:41:46.653] End E035 |  test loss 10.274; ppl  28976.02 | accu 0.0038 = 370/97060 ../data/adult_test.txt
[2022-04-10 03:41:46.653] Epoch 036/40 ==================================================
[2022-04-10 03:41:50.406] E036 |   200/462 batches | lr 0.0000 | loss  3.915 | ppl     50.17
[2022-04-10 03:41:54.134] E036 |   400/462 batches | lr 0.0000 | loss  3.786 | ppl     44.09
[2022-04-10 03:41:55.298] E036 |   462/462 batches | lr 0.0000 | loss  3.740 | ppl     42.11
[2022-04-10 03:41:56.803] End E036 | valid loss  5.102; ppl    164.43 | accu 0.2099 = 17969/85620
[2022-04-10 03:42:02.677] End E036 |  test loss  7.055; ppl   1158.36 | accu 0.0994 = 33578/337760 ../data/cbt_valid.txt
[2022-04-10 03:42:04.356] End E036 |  test loss 10.274; ppl  28976.02 | accu 0.0038 = 370/97060 ../data/adult_test.txt
[2022-04-10 03:42:04.356] Epoch 037/40 ==================================================
[2022-04-10 03:42:08.086] E037 |   200/462 batches | lr 0.0000 | loss  3.917 | ppl     50.26
[2022-04-10 03:42:11.894] E037 |   400/462 batches | lr 0.0000 | loss  3.782 | ppl     43.91
[2022-04-10 03:42:13.057] E037 |   462/462 batches | lr 0.0000 | loss  3.749 | ppl     42.50
[2022-04-10 03:42:14.563] End E037 | valid loss  5.102; ppl    164.43 | accu 0.2099 = 17969/85620
[2022-04-10 03:42:20.507] End E037 |  test loss  7.055; ppl   1158.36 | accu 0.0994 = 33578/337760 ../data/cbt_valid.txt
[2022-04-10 03:42:22.198] End E037 |  test loss 10.274; ppl  28976.02 | accu 0.0038 = 370/97060 ../data/adult_test.txt
[2022-04-10 03:42:22.198] Epoch 038/40 ==================================================
[2022-04-10 03:42:25.945] E038 |   200/462 batches | lr 0.0000 | loss  3.918 | ppl     50.30
[2022-04-10 03:42:29.754] E038 |   400/462 batches | lr 0.0000 | loss  3.782 | ppl     43.91
[2022-04-10 03:42:30.924] E038 |   462/462 batches | lr 0.0000 | loss  3.751 | ppl     42.57
[2022-04-10 03:42:32.440] End E038 | valid loss  5.102; ppl    164.43 | accu 0.2099 = 17969/85620
[2022-04-10 03:42:38.522] End E038 |  test loss  7.055; ppl   1158.36 | accu 0.0994 = 33578/337760 ../data/cbt_valid.txt
[2022-04-10 03:42:40.279] End E038 |  test loss 10.274; ppl  28976.02 | accu 0.0038 = 370/97060 ../data/adult_test.txt
[2022-04-10 03:42:40.280] Epoch 039/40 ==================================================
[2022-04-10 03:42:44.010] E039 |   200/462 batches | lr 0.0000 | loss  3.923 | ppl     50.53
[2022-04-10 03:42:47.745] E039 |   400/462 batches | lr 0.0000 | loss  3.784 | ppl     43.99
[2022-04-10 03:42:48.894] E039 |   462/462 batches | lr 0.0000 | loss  3.745 | ppl     42.30
[2022-04-10 03:42:50.416] End E039 | valid loss  5.102; ppl    164.43 | accu 0.2099 = 17969/85620
[2022-04-10 03:42:56.306] End E039 |  test loss  7.055; ppl   1158.36 | accu 0.0994 = 33578/337760 ../data/cbt_valid.txt
[2022-04-10 03:42:57.990] End E039 |  test loss 10.274; ppl  28976.02 | accu 0.0038 = 370/97060 ../data/adult_test.txt
[2022-04-10 03:42:57.990] Epoch 040/40 ==================================================
[2022-04-10 03:43:01.701] E040 |   200/462 batches | lr 0.0000 | loss  3.919 | ppl     50.34
[2022-04-10 03:43:05.475] E040 |   400/462 batches | lr 0.0000 | loss  3.783 | ppl     43.93
[2022-04-10 03:43:06.624] E040 |   462/462 batches | lr 0.0000 | loss  3.745 | ppl     42.32
[2022-04-10 03:43:08.137] End E040 | valid loss  5.102; ppl    164.43 | accu 0.2099 = 17969/85620
[2022-04-10 03:43:14.028] End E040 |  test loss  7.055; ppl   1158.36 | accu 0.0994 = 33578/337760 ../data/cbt_valid.txt
[2022-04-10 03:43:15.713] End E040 |  test loss 10.274; ppl  28976.02 | accu 0.0038 = 370/97060 ../data/adult_test.txt
[2022-04-10 03:43:21.674] End. test loss  6.79; ppl   888.22 | accu 0.0991 = 33468/337760 ../data/cbt_valid.txt
[2022-04-10 03:43:23.434] End. test loss  9.64; ppl 15336.53 | accu 0.0043 = 414/97060 ../data/adult_test.txt
[2022-04-10 03:43:23.435] =========================================================================================
