[2022-04-10 02:55:03.664] corpus.train_file_list: 1
[2022-04-10 02:55:03.664]         ../data/adolescent_train.txt
[2022-04-10 02:55:03.665] corpus.valid_file_list: 1
[2022-04-10 02:55:03.665]         ../data/adolescent_valid.txt
[2022-04-10 02:55:03.665] corpus.test_file_list: 2
[2022-04-10 02:55:03.665]         ../data/cbt_valid.txt
[2022-04-10 02:55:03.665]         ../data/adult_test.txt
[2022-04-10 02:55:03.665] corpus.subword_vocab_size: 1000
[2022-04-10 02:55:03.665] corpus.subword_model.train(2 files)...
[2022-04-10 02:55:03.665]         ../data/adolescent_train.txt
[2022-04-10 02:55:03.665]         ../data/adolescent_valid.txt
[2022-04-10 02:55:04.079] corpus.subword_model.train(2 files)...Done
[2022-04-10 02:55:04.079] corpus tokenize...
[2022-04-10 02:55:05.532]         train tokens: 431720  ../data/adolescent_train.txt
[2022-04-10 02:55:05.888]         valid tokens: 111349  ../data/adolescent_valid.txt
[2022-04-10 02:55:07.032]         test  tokens: 413252  ../data/cbt_valid.txt
[2022-04-10 02:55:07.339]         test  tokens: 124616  ../data/adult_test.txt
[2022-04-10 02:55:07.340] corpus.ntokens      : 990
[2022-04-10 02:55:07.340] corpus.char_count   : 97
[2022-04-10 02:55:07.340] corpus.char_cnt_dict: 97
[2022-04-10 02:55:07.340] corpus.char_id_dict : 97
[2022-04-10 02:55:07.344] corpus.batchify(1 files, batch_size=20)...
[2022-04-10 02:55:07.344]         tokens_all: 431720
[2022-04-10 02:55:07.344]         batched   :  21586
[2022-04-10 02:55:07.344]         ../data/adolescent_train.txt
[2022-04-10 02:55:07.348] corpus.batchify(1 files, batch_size=20)...
[2022-04-10 02:55:07.349]         tokens_all: 111349
[2022-04-10 02:55:07.349]         batched   :   5567
[2022-04-10 02:55:07.349]         ../data/adolescent_valid.txt
[2022-04-10 02:55:07.352] corpus.batchify(1 files, batch_size=20)...
[2022-04-10 02:55:07.352]         tokens_all: 413252
[2022-04-10 02:55:07.352]         batched   :  20662
[2022-04-10 02:55:07.352]         ../data/cbt_valid.txt
[2022-04-10 02:55:07.354] corpus.batchify(1 files, batch_size=20)...
[2022-04-10 02:55:07.354]         tokens_all: 124616
[2022-04-10 02:55:07.354]         batched   :   6230
[2022-04-10 02:55:07.355]         ../data/adult_test.txt
[2022-04-10 02:55:07.366] RNNModel.rnn_type: LSTM
[2022-04-10 02:55:07.366] RNNModel.ntoken  : 990
[2022-04-10 02:55:07.366] RNNModel.ninp    : 200
[2022-04-10 02:55:07.366] RNNModel.nhid    : 200
[2022-04-10 02:55:07.367] RNNModel.nlayers : 2
[2022-04-10 02:55:07.367] RNNModel.dropout : 0.2
[2022-04-10 02:55:07.367] RNNModel.tie_weights: False
[2022-04-10 02:55:07.367] RNNModel.char_mode  : 
[2022-04-10 02:55:07.367] RNNModel.char_cnt   : 98
[2022-04-10 02:55:07.367] RNNModel.char_emsize: 25
[2022-04-10 02:55:07.367] RNNModel.char_nhid  : 200
[2022-04-10 02:55:07.367] RNNModel will not use char-encoding
[2022-04-10 02:55:07.370] Epoch 001/40 ==================================================
[2022-04-10 02:55:10.829] E001 |   200/616 batches | lr 20.0000 | loss  5.887 | ppl    360.44
[2022-04-10 02:55:14.249] E001 |   400/616 batches | lr 20.0000 | loss  5.434 | ppl    229.03
[2022-04-10 02:55:17.675] E001 |   600/616 batches | lr 20.0000 | loss  5.053 | ppl    156.54
[2022-04-10 02:55:17.950] E001 |   616/616 batches | lr 20.0000 | loss  4.919 | ppl    136.89
[2022-04-10 02:55:19.849] End E001 | valid loss  4.991; ppl    147.10 | accu 0.1262 = 14051/111320
[2022-04-10 02:55:26.928] End E001 |  test loss  5.515; ppl    248.37 | accu 0.0725 = 29940/413220 ../data/cbt_valid.txt
[2022-04-10 02:55:29.027] End E001 |  test loss  6.211; ppl    498.26 | accu 0.0144 = 1800/124580 ../data/adult_test.txt
[2022-04-10 02:55:29.028] Save: model.pt... 
[2022-04-10 02:55:29.040] Save: model.pt...Done. best_val_loss: 4.9911
[2022-04-10 02:55:29.040] Epoch 002/40 ==================================================
[2022-04-10 02:55:32.476] E002 |   200/616 batches | lr 20.0000 | loss  4.790 | ppl    120.29
[2022-04-10 02:55:35.900] E002 |   400/616 batches | lr 20.0000 | loss  4.579 | ppl     97.45
[2022-04-10 02:55:39.315] E002 |   600/616 batches | lr 20.0000 | loss  4.430 | ppl     83.96
[2022-04-10 02:55:39.588] E002 |   616/616 batches | lr 20.0000 | loss  4.408 | ppl     82.09
[2022-04-10 02:55:41.510] End E002 | valid loss  4.561; ppl     95.64 | accu 0.1694 = 18854/111320
[2022-04-10 02:55:48.588] End E002 |  test loss  5.253; ppl    191.19 | accu 0.1039 = 42923/413220 ../data/cbt_valid.txt
[2022-04-10 02:55:50.735] End E002 |  test loss  6.348; ppl    571.57 | accu 0.0262 = 3258/124580 ../data/adult_test.txt
[2022-04-10 02:55:50.735] Save: model.pt... 
[2022-04-10 02:55:50.747] Save: model.pt...Done. best_val_loss: 4.5606
[2022-04-10 02:55:50.747] Epoch 003/40 ==================================================
[2022-04-10 02:55:54.158] E003 |   200/616 batches | lr 20.0000 | loss  4.321 | ppl     75.26
[2022-04-10 02:55:57.608] E003 |   400/616 batches | lr 20.0000 | loss  4.179 | ppl     65.28
[2022-04-10 02:56:01.052] E003 |   600/616 batches | lr 20.0000 | loss  4.091 | ppl     59.83
[2022-04-10 02:56:01.324] E003 |   616/616 batches | lr 20.0000 | loss  4.091 | ppl     59.80
[2022-04-10 02:56:03.239] End E003 | valid loss  4.330; ppl     75.95 | accu 0.2038 = 22688/111320
[2022-04-10 02:56:10.285] End E003 |  test loss  5.326; ppl    205.55 | accu 0.1255 = 51864/413220 ../data/cbt_valid.txt
[2022-04-10 02:56:12.379] End E003 |  test loss  6.716; ppl    825.25 | accu 0.0351 = 4370/124580 ../data/adult_test.txt
[2022-04-10 02:56:12.379] Save: model.pt... 
[2022-04-10 02:56:12.390] Save: model.pt...Done. best_val_loss: 4.3301
[2022-04-10 02:56:12.390] Epoch 004/40 ==================================================
[2022-04-10 02:56:15.846] E004 |   200/616 batches | lr 20.0000 | loss  4.047 | ppl     57.23
[2022-04-10 02:56:19.304] E004 |   400/616 batches | lr 20.0000 | loss  3.942 | ppl     51.55
[2022-04-10 02:56:22.789] E004 |   600/616 batches | lr 20.0000 | loss  3.896 | ppl     49.20
[2022-04-10 02:56:23.061] E004 |   616/616 batches | lr 20.0000 | loss  3.933 | ppl     51.03
[2022-04-10 02:56:24.947] End E004 | valid loss  4.202; ppl     66.81 | accu 0.2195 = 24431/111320
[2022-04-10 02:56:31.987] End E004 |  test loss  5.040; ppl    154.47 | accu 0.1455 = 60141/413220 ../data/cbt_valid.txt
[2022-04-10 02:56:34.096] End E004 |  test loss  6.155; ppl    471.02 | accu 0.0625 = 7782/124580 ../data/adult_test.txt
[2022-04-10 02:56:34.096] Save: model.pt... 
[2022-04-10 02:56:34.104] Save: model.pt...Done. best_val_loss: 4.2018
[2022-04-10 02:56:34.104] Epoch 005/40 ==================================================
[2022-04-10 02:56:37.645] E005 |   200/616 batches | lr 20.0000 | loss  3.887 | ppl     48.77
[2022-04-10 02:56:41.098] E005 |   400/616 batches | lr 20.0000 | loss  3.810 | ppl     45.14
[2022-04-10 02:56:44.552] E005 |   600/616 batches | lr 20.0000 | loss  3.777 | ppl     43.69
[2022-04-10 02:56:44.838] E005 |   616/616 batches | lr 20.0000 | loss  3.828 | ppl     45.95
[2022-04-10 02:56:46.742] End E005 | valid loss  4.134; ppl     62.44 | accu 0.2289 = 25480/111320
[2022-04-10 02:56:53.801] End E005 |  test loss  5.034; ppl    153.51 | accu 0.1527 = 63086/413220 ../data/cbt_valid.txt
[2022-04-10 02:56:55.923] End E005 |  test loss  6.256; ppl    521.03 | accu 0.0645 = 8031/124580 ../data/adult_test.txt
[2022-04-10 02:56:55.923] Save: model.pt... 
[2022-04-10 02:56:55.931] Save: model.pt...Done. best_val_loss: 4.1343
[2022-04-10 02:56:55.931] Epoch 006/40 ==================================================
[2022-04-10 02:56:59.503] E006 |   200/616 batches | lr 20.0000 | loss  3.792 | ppl     44.33
[2022-04-10 02:57:02.994] E006 |   400/616 batches | lr 20.0000 | loss  3.725 | ppl     41.46
[2022-04-10 02:57:06.465] E006 |   600/616 batches | lr 20.0000 | loss  3.706 | ppl     40.68
[2022-04-10 02:57:06.741] E006 |   616/616 batches | lr 20.0000 | loss  3.748 | ppl     42.43
[2022-04-10 02:57:08.647] End E006 | valid loss  4.104; ppl     60.55 | accu 0.2359 = 26260/111320
[2022-04-10 02:57:15.674] End E006 |  test loss  5.190; ppl    179.55 | accu 0.1489 = 61522/413220 ../data/cbt_valid.txt
[2022-04-10 02:57:17.783] End E006 |  test loss  6.657; ppl    778.32 | accu 0.0579 = 7213/124580 ../data/adult_test.txt
[2022-04-10 02:57:17.783] Save: model.pt... 
[2022-04-10 02:57:17.795] Save: model.pt...Done. best_val_loss: 4.1035
[2022-04-10 02:57:17.795] Epoch 007/40 ==================================================
[2022-04-10 02:57:21.286] E007 |   200/616 batches | lr 20.0000 | loss  3.727 | ppl     41.56
[2022-04-10 02:57:24.783] E007 |   400/616 batches | lr 20.0000 | loss  3.670 | ppl     39.24
[2022-04-10 02:57:28.286] E007 |   600/616 batches | lr 20.0000 | loss  3.654 | ppl     38.64
[2022-04-10 02:57:28.568] E007 |   616/616 batches | lr 20.0000 | loss  3.701 | ppl     40.48
[2022-04-10 02:57:30.492] End E007 | valid loss  4.067; ppl     58.41 | accu 0.2419 = 26931/111320
[2022-04-10 02:57:37.549] End E007 |  test loss  5.115; ppl    166.46 | accu 0.1558 = 64392/413220 ../data/cbt_valid.txt
[2022-04-10 02:57:39.672] End E007 |  test loss  6.599; ppl    734.22 | accu 0.0632 = 7869/124580 ../data/adult_test.txt
[2022-04-10 02:57:39.672] Save: model.pt... 
[2022-04-10 02:57:39.680] Save: model.pt...Done. best_val_loss: 4.0674
[2022-04-10 02:57:39.680] Epoch 008/40 ==================================================
[2022-04-10 02:57:43.161] E008 |   200/616 batches | lr 20.0000 | loss  3.679 | ppl     39.61
[2022-04-10 02:57:46.645] E008 |   400/616 batches | lr 20.0000 | loss  3.622 | ppl     37.43
[2022-04-10 02:57:50.117] E008 |   600/616 batches | lr 20.0000 | loss  3.613 | ppl     37.08
[2022-04-10 02:57:50.392] E008 |   616/616 batches | lr 20.0000 | loss  3.676 | ppl     39.49
[2022-04-10 02:57:52.294] End E008 | valid loss  4.051; ppl     57.48 | accu 0.2444 = 27211/111320
[2022-04-10 02:57:59.315] End E008 |  test loss  5.120; ppl    167.34 | accu 0.1544 = 63786/413220 ../data/cbt_valid.txt
[2022-04-10 02:58:01.425] End E008 |  test loss  6.482; ppl    653.51 | accu 0.0661 = 8232/124580 ../data/adult_test.txt
[2022-04-10 02:58:01.425] Save: model.pt... 
[2022-04-10 02:58:01.433] Save: model.pt...Done. best_val_loss: 4.0515
[2022-04-10 02:58:01.433] Epoch 009/40 ==================================================
[2022-04-10 02:58:04.962] E009 |   200/616 batches | lr 20.0000 | loss  3.645 | ppl     38.27
[2022-04-10 02:58:08.429] E009 |   400/616 batches | lr 20.0000 | loss  3.594 | ppl     36.36
[2022-04-10 02:58:11.923] E009 |   600/616 batches | lr 20.0000 | loss  3.590 | ppl     36.24
[2022-04-10 02:58:12.197] E009 |   616/616 batches | lr 20.0000 | loss  3.657 | ppl     38.75
[2022-04-10 02:58:14.096] End E009 | valid loss  4.041; ppl     56.88 | accu 0.2466 = 27454/111320
[2022-04-10 02:58:21.143] End E009 |  test loss  5.241; ppl    188.91 | accu 0.1567 = 64756/413220 ../data/cbt_valid.txt
[2022-04-10 02:58:23.240] End E009 |  test loss  7.019; ppl   1117.22 | accu 0.0619 = 7712/124580 ../data/adult_test.txt
[2022-04-10 02:58:23.240] Save: model.pt... 
[2022-04-10 02:58:23.251] Save: model.pt...Done. best_val_loss: 4.0409
[2022-04-10 02:58:23.251] Epoch 010/40 ==================================================
[2022-04-10 02:58:26.741] E010 |   200/616 batches | lr 20.0000 | loss  3.617 | ppl     37.23
[2022-04-10 02:58:30.242] E010 |   400/616 batches | lr 20.0000 | loss  3.574 | ppl     35.65
[2022-04-10 02:58:33.698] E010 |   600/616 batches | lr 20.0000 | loss  3.569 | ppl     35.46
[2022-04-10 02:58:33.984] E010 |   616/616 batches | lr 20.0000 | loss  3.621 | ppl     37.38
[2022-04-10 02:58:35.894] End E010 | valid loss  4.034; ppl     56.49 | accu 0.2452 = 27291/111320
[2022-04-10 02:58:42.893] End E010 |  test loss  5.114; ppl    166.34 | accu 0.1583 = 65425/413220 ../data/cbt_valid.txt
[2022-04-10 02:58:45.021] End E010 |  test loss  6.504; ppl    668.10 | accu 0.0681 = 8482/124580 ../data/adult_test.txt
[2022-04-10 02:58:45.021] Save: model.pt... 
[2022-04-10 02:58:45.029] Save: model.pt...Done. best_val_loss: 4.0341
[2022-04-10 02:58:45.030] Epoch 011/40 ==================================================
[2022-04-10 02:58:48.486] E011 |   200/616 batches | lr 20.0000 | loss  3.597 | ppl     36.48
[2022-04-10 02:58:52.035] E011 |   400/616 batches | lr 20.0000 | loss  3.551 | ppl     34.84
[2022-04-10 02:58:55.536] E011 |   600/616 batches | lr 20.0000 | loss  3.550 | ppl     34.82
[2022-04-10 02:58:55.817] E011 |   616/616 batches | lr 20.0000 | loss  3.614 | ppl     37.11
[2022-04-10 02:58:57.720] End E011 | valid loss  4.033; ppl     56.45 | accu 0.2485 = 27664/111320
[2022-04-10 02:59:04.825] End E011 |  test loss  5.248; ppl    190.15 | accu 0.1554 = 64233/413220 ../data/cbt_valid.txt
[2022-04-10 02:59:06.959] End E011 |  test loss  6.784; ppl    883.36 | accu 0.0638 = 7954/124580 ../data/adult_test.txt
[2022-04-10 02:59:06.959] Save: model.pt... 
[2022-04-10 02:59:06.971] Save: model.pt...Done. best_val_loss: 4.0333
[2022-04-10 02:59:06.971] Epoch 012/40 ==================================================
[2022-04-10 02:59:10.496] E012 |   200/616 batches | lr 20.0000 | loss  3.578 | ppl     35.82
[2022-04-10 02:59:13.958] E012 |   400/616 batches | lr 20.0000 | loss  3.537 | ppl     34.36
[2022-04-10 02:59:17.447] E012 |   600/616 batches | lr 20.0000 | loss  3.535 | ppl     34.28
[2022-04-10 02:59:17.723] E012 |   616/616 batches | lr 20.0000 | loss  3.612 | ppl     37.05
[2022-04-10 02:59:19.611] End E012 | valid loss  4.034; ppl     56.51 | accu 0.2483 = 27637/111320
[2022-04-10 02:59:26.652] End E012 |  test loss  5.035; ppl    153.72 | accu 0.1623 = 67071/413220 ../data/cbt_valid.txt
[2022-04-10 02:59:28.756] End E012 |  test loss  6.299; ppl    543.92 | accu 0.0747 = 9302/124580 ../data/adult_test.txt
[2022-04-10 02:59:28.756] Epoch 013/40 ==================================================
[2022-04-10 02:59:32.257] E013 |   200/616 batches | lr 10.0000 | loss  3.520 | ppl     33.78
[2022-04-10 02:59:35.736] E013 |   400/616 batches | lr 10.0000 | loss  3.425 | ppl     30.73
[2022-04-10 02:59:39.237] E013 |   600/616 batches | lr 10.0000 | loss  3.393 | ppl     29.76
[2022-04-10 02:59:39.515] E013 |   616/616 batches | lr 10.0000 | loss  3.431 | ppl     30.91
[2022-04-10 02:59:41.443] End E013 | valid loss  3.976; ppl     53.31 | accu 0.2596 = 28899/111320
[2022-04-10 02:59:48.495] End E013 |  test loss  5.153; ppl    172.92 | accu 0.1665 = 68815/413220 ../data/cbt_valid.txt
[2022-04-10 02:59:50.621] End E013 |  test loss  6.755; ppl    858.35 | accu 0.0719 = 8959/124580 ../data/adult_test.txt
[2022-04-10 02:59:50.621] Save: model.pt... 
[2022-04-10 02:59:50.629] Save: model.pt...Done. best_val_loss: 3.9761
[2022-04-10 02:59:50.630] Epoch 014/40 ==================================================
[2022-04-10 02:59:54.158] E014 |   200/616 batches | lr 10.0000 | loss  3.443 | ppl     31.29
[2022-04-10 02:59:57.657] E014 |   400/616 batches | lr 10.0000 | loss  3.381 | ppl     29.40
[2022-04-10 03:00:01.140] E014 |   600/616 batches | lr 10.0000 | loss  3.363 | ppl     28.87
[2022-04-10 03:00:01.418] E014 |   616/616 batches | lr 10.0000 | loss  3.416 | ppl     30.44
[2022-04-10 03:00:03.319] End E014 | valid loss  3.962; ppl     52.58 | accu 0.2614 = 29100/111320
[2022-04-10 03:00:10.299] End E014 |  test loss  5.220; ppl    184.85 | accu 0.1638 = 67688/413220 ../data/cbt_valid.txt
[2022-04-10 03:00:12.388] End E014 |  test loss  6.871; ppl    963.63 | accu 0.0721 = 8980/124580 ../data/adult_test.txt
[2022-04-10 03:00:12.389] Save: model.pt... 
[2022-04-10 03:00:12.400] Save: model.pt...Done. best_val_loss: 3.9623
[2022-04-10 03:00:12.400] Epoch 015/40 ==================================================
[2022-04-10 03:00:15.851] E015 |   200/616 batches | lr 10.0000 | loss  3.414 | ppl     30.38
[2022-04-10 03:00:19.320] E015 |   400/616 batches | lr 10.0000 | loss  3.357 | ppl     28.71
[2022-04-10 03:00:22.796] E015 |   600/616 batches | lr 10.0000 | loss  3.348 | ppl     28.45
[2022-04-10 03:00:23.083] E015 |   616/616 batches | lr 10.0000 | loss  3.389 | ppl     29.64
[2022-04-10 03:00:24.977] End E015 | valid loss  3.961; ppl     52.53 | accu 0.2622 = 29188/111320
[2022-04-10 03:00:31.987] End E015 |  test loss  5.175; ppl    176.72 | accu 0.1653 = 68310/413220 ../data/cbt_valid.txt
[2022-04-10 03:00:34.101] End E015 |  test loss  6.821; ppl    916.77 | accu 0.0728 = 9073/124580 ../data/adult_test.txt
[2022-04-10 03:00:34.101] Save: model.pt... 
[2022-04-10 03:00:34.109] Save: model.pt...Done. best_val_loss: 3.9613
[2022-04-10 03:00:34.109] Epoch 016/40 ==================================================
[2022-04-10 03:00:37.613] E016 |   200/616 batches | lr 10.0000 | loss  3.394 | ppl     29.77
[2022-04-10 03:00:41.121] E016 |   400/616 batches | lr 10.0000 | loss  3.340 | ppl     28.23
[2022-04-10 03:00:44.590] E016 |   600/616 batches | lr 10.0000 | loss  3.338 | ppl     28.16
[2022-04-10 03:00:44.864] E016 |   616/616 batches | lr 10.0000 | loss  3.394 | ppl     29.77
[2022-04-10 03:00:46.772] End E016 | valid loss  3.962; ppl     52.56 | accu 0.2634 = 29320/111320
[2022-04-10 03:00:53.819] End E016 |  test loss  5.208; ppl    182.69 | accu 0.1655 = 68407/413220 ../data/cbt_valid.txt
[2022-04-10 03:00:55.939] End E016 |  test loss  6.853; ppl    946.60 | accu 0.0718 = 8942/124580 ../data/adult_test.txt
[2022-04-10 03:00:55.940] Epoch 017/40 ==================================================
[2022-04-10 03:00:59.458] E017 |   200/616 batches | lr 5.0000 | loss  3.362 | ppl     28.84
[2022-04-10 03:01:02.942] E017 |   400/616 batches | lr 5.0000 | loss  3.281 | ppl     26.60
[2022-04-10 03:01:06.467] E017 |   600/616 batches | lr 5.0000 | loss  3.256 | ppl     25.95
[2022-04-10 03:01:06.742] E017 |   616/616 batches | lr 5.0000 | loss  3.308 | ppl     27.32
[2022-04-10 03:01:08.624] End E017 | valid loss  3.941; ppl     51.45 | accu 0.2666 = 29682/111320
[2022-04-10 03:01:15.603] End E017 |  test loss  5.266; ppl    193.70 | accu 0.1665 = 68794/413220 ../data/cbt_valid.txt
[2022-04-10 03:01:17.692] End E017 |  test loss  7.043; ppl   1144.62 | accu 0.0721 = 8987/124580 ../data/adult_test.txt
[2022-04-10 03:01:17.692] Save: model.pt... 
[2022-04-10 03:01:17.704] Save: model.pt...Done. best_val_loss: 3.9406
[2022-04-10 03:01:17.704] Epoch 018/40 ==================================================
[2022-04-10 03:01:21.228] E018 |   200/616 batches | lr 5.0000 | loss  3.322 | ppl     27.72
[2022-04-10 03:01:24.814] E018 |   400/616 batches | lr 5.0000 | loss  3.258 | ppl     25.99
[2022-04-10 03:01:28.314] E018 |   600/616 batches | lr 5.0000 | loss  3.245 | ppl     25.66
[2022-04-10 03:01:28.595] E018 |   616/616 batches | lr 5.0000 | loss  3.291 | ppl     26.87
[2022-04-10 03:01:30.509] End E018 | valid loss  3.938; ppl     51.34 | accu 0.2679 = 29821/111320
[2022-04-10 03:01:37.496] End E018 |  test loss  5.254; ppl    191.36 | accu 0.1683 = 69557/413220 ../data/cbt_valid.txt
[2022-04-10 03:01:39.596] End E018 |  test loss  6.965; ppl   1058.91 | accu 0.0744 = 9269/124580 ../data/adult_test.txt
[2022-04-10 03:01:39.597] Save: model.pt... 
[2022-04-10 03:01:39.605] Save: model.pt...Done. best_val_loss: 3.9385
[2022-04-10 03:01:39.605] Epoch 019/40 ==================================================
[2022-04-10 03:01:43.089] E019 |   200/616 batches | lr 5.0000 | loss  3.302 | ppl     27.17
[2022-04-10 03:01:46.571] E019 |   400/616 batches | lr 5.0000 | loss  3.242 | ppl     25.60
[2022-04-10 03:01:50.051] E019 |   600/616 batches | lr 5.0000 | loss  3.238 | ppl     25.48
[2022-04-10 03:01:50.327] E019 |   616/616 batches | lr 5.0000 | loss  3.286 | ppl     26.74
[2022-04-10 03:01:52.220] End E019 | valid loss  3.939; ppl     51.36 | accu 0.2681 = 29850/111320
[2022-04-10 03:01:59.251] End E019 |  test loss  5.298; ppl    199.99 | accu 0.1692 = 69901/413220 ../data/cbt_valid.txt
[2022-04-10 03:02:01.351] End E019 |  test loss  7.123; ppl   1239.78 | accu 0.0732 = 9124/124580 ../data/adult_test.txt
[2022-04-10 03:02:01.351] Epoch 020/40 ==================================================
[2022-04-10 03:02:04.811] E020 |   200/616 batches | lr 2.5000 | loss  3.284 | ppl     26.69
[2022-04-10 03:02:08.285] E020 |   400/616 batches | lr 2.5000 | loss  3.216 | ppl     24.92
[2022-04-10 03:02:11.754] E020 |   600/616 batches | lr 2.5000 | loss  3.191 | ppl     24.31
[2022-04-10 03:02:12.040] E020 |   616/616 batches | lr 2.5000 | loss  3.242 | ppl     25.57
[2022-04-10 03:02:13.933] End E020 | valid loss  3.927; ppl     50.77 | accu 0.2709 = 30152/111320
[2022-04-10 03:02:20.998] End E020 |  test loss  5.315; ppl    203.28 | accu 0.1692 = 69935/413220 ../data/cbt_valid.txt
[2022-04-10 03:02:23.114] End E020 |  test loss  7.132; ppl   1251.04 | accu 0.0743 = 9257/124580 ../data/adult_test.txt
[2022-04-10 03:02:23.114] Save: model.pt... 
[2022-04-10 03:02:23.126] Save: model.pt...Done. best_val_loss: 3.9273
[2022-04-10 03:02:23.126] Epoch 021/40 ==================================================
[2022-04-10 03:02:26.643] E021 |   200/616 batches | lr 2.5000 | loss  3.265 | ppl     26.17
[2022-04-10 03:02:30.150] E021 |   400/616 batches | lr 2.5000 | loss  3.206 | ppl     24.68
[2022-04-10 03:02:33.615] E021 |   600/616 batches | lr 2.5000 | loss  3.184 | ppl     24.14
[2022-04-10 03:02:33.892] E021 |   616/616 batches | lr 2.5000 | loss  3.231 | ppl     25.30
[2022-04-10 03:02:35.813] End E021 | valid loss  3.927; ppl     50.75 | accu 0.2712 = 30186/111320
[2022-04-10 03:02:42.846] End E021 |  test loss  5.329; ppl    206.29 | accu 0.1690 = 69818/413220 ../data/cbt_valid.txt
[2022-04-10 03:02:44.955] End E021 |  test loss  7.147; ppl   1269.82 | accu 0.0731 = 9112/124580 ../data/adult_test.txt
[2022-04-10 03:02:44.955] Save: model.pt... 
[2022-04-10 03:02:44.963] Save: model.pt...Done. best_val_loss: 3.9270
[2022-04-10 03:02:44.963] Epoch 022/40 ==================================================
[2022-04-10 03:02:48.471] E022 |   200/616 batches | lr 2.5000 | loss  3.256 | ppl     25.95
[2022-04-10 03:02:52.016] E022 |   400/616 batches | lr 2.5000 | loss  3.196 | ppl     24.43
[2022-04-10 03:02:55.512] E022 |   600/616 batches | lr 2.5000 | loss  3.183 | ppl     24.11
[2022-04-10 03:02:55.794] E022 |   616/616 batches | lr 2.5000 | loss  3.217 | ppl     24.96
[2022-04-10 03:02:57.699] End E022 | valid loss  3.925; ppl     50.67 | accu 0.2717 = 30246/111320
[2022-04-10 03:03:04.754] End E022 |  test loss  5.358; ppl    212.28 | accu 0.1685 = 69611/413220 ../data/cbt_valid.txt
[2022-04-10 03:03:06.895] End E022 |  test loss  7.240; ppl   1394.59 | accu 0.0722 = 9000/124580 ../data/adult_test.txt
[2022-04-10 03:03:06.895] Save: model.pt... 
[2022-04-10 03:03:06.906] Save: model.pt...Done. best_val_loss: 3.9254
[2022-04-10 03:03:06.906] Epoch 023/40 ==================================================
[2022-04-10 03:03:10.379] E023 |   200/616 batches | lr 2.5000 | loss  3.246 | ppl     25.70
[2022-04-10 03:03:13.857] E023 |   400/616 batches | lr 2.5000 | loss  3.184 | ppl     24.14
[2022-04-10 03:03:17.322] E023 |   600/616 batches | lr 2.5000 | loss  3.178 | ppl     24.00
[2022-04-10 03:03:17.594] E023 |   616/616 batches | lr 2.5000 | loss  3.223 | ppl     25.10
[2022-04-10 03:03:19.489] End E023 | valid loss  3.924; ppl     50.58 | accu 0.2715 = 30219/111320
[2022-04-10 03:03:26.539] End E023 |  test loss  5.351; ppl    210.87 | accu 0.1687 = 69694/413220 ../data/cbt_valid.txt
[2022-04-10 03:03:28.640] End E023 |  test loss  7.249; ppl   1406.59 | accu 0.0718 = 8940/124580 ../data/adult_test.txt
[2022-04-10 03:03:28.640] Save: model.pt... 
[2022-04-10 03:03:28.648] Save: model.pt...Done. best_val_loss: 3.9235
[2022-04-10 03:03:28.648] Epoch 024/40 ==================================================
[2022-04-10 03:03:32.173] E024 |   200/616 batches | lr 2.5000 | loss  3.239 | ppl     25.50
[2022-04-10 03:03:35.659] E024 |   400/616 batches | lr 2.5000 | loss  3.182 | ppl     24.10
[2022-04-10 03:03:39.130] E024 |   600/616 batches | lr 2.5000 | loss  3.170 | ppl     23.82
[2022-04-10 03:03:39.405] E024 |   616/616 batches | lr 2.5000 | loss  3.224 | ppl     25.13
[2022-04-10 03:03:41.304] End E024 | valid loss  3.924; ppl     50.62 | accu 0.2715 = 30227/111320
[2022-04-10 03:03:48.457] End E024 |  test loss  5.351; ppl    210.87 | accu 0.1689 = 69791/413220 ../data/cbt_valid.txt
[2022-04-10 03:03:50.571] End E024 |  test loss  7.293; ppl   1470.44 | accu 0.0722 = 8990/124580 ../data/adult_test.txt
[2022-04-10 03:03:50.571] Epoch 025/40 ==================================================
[2022-04-10 03:03:54.054] E025 |   200/616 batches | lr 1.2500 | loss  3.232 | ppl     25.32
[2022-04-10 03:03:57.561] E025 |   400/616 batches | lr 1.2500 | loss  3.166 | ppl     23.71
[2022-04-10 03:04:01.044] E025 |   600/616 batches | lr 1.2500 | loss  3.151 | ppl     23.36
[2022-04-10 03:04:01.321] E025 |   616/616 batches | lr 1.2500 | loss  3.194 | ppl     24.39
[2022-04-10 03:04:03.240] End E025 | valid loss  3.923; ppl     50.56 | accu 0.2715 = 30228/111320
[2022-04-10 03:04:10.284] End E025 |  test loss  5.423; ppl    226.48 | accu 0.1681 = 69468/413220 ../data/cbt_valid.txt
[2022-04-10 03:04:12.387] End E025 |  test loss  7.493; ppl   1795.99 | accu 0.0695 = 8664/124580 ../data/adult_test.txt
[2022-04-10 03:04:12.387] Save: model.pt... 
[2022-04-10 03:04:12.398] Save: model.pt...Done. best_val_loss: 3.9232
[2022-04-10 03:04:12.398] Epoch 026/40 ==================================================
[2022-04-10 03:04:15.893] E026 |   200/616 batches | lr 1.2500 | loss  3.221 | ppl     25.06
[2022-04-10 03:04:19.421] E026 |   400/616 batches | lr 1.2500 | loss  3.159 | ppl     23.54
[2022-04-10 03:04:22.955] E026 |   600/616 batches | lr 1.2500 | loss  3.150 | ppl     23.33
[2022-04-10 03:04:23.246] E026 |   616/616 batches | lr 1.2500 | loss  3.189 | ppl     24.27
[2022-04-10 03:04:25.210] End E026 | valid loss  3.921; ppl     50.47 | accu 0.2719 = 30270/111320
[2022-04-10 03:04:32.327] End E026 |  test loss  5.393; ppl    219.81 | accu 0.1690 = 69842/413220 ../data/cbt_valid.txt
[2022-04-10 03:04:34.444] End E026 |  test loss  7.365; ppl   1579.67 | accu 0.0710 = 8846/124580 ../data/adult_test.txt
[2022-04-10 03:04:34.444] Save: model.pt... 
[2022-04-10 03:04:34.456] Save: model.pt...Done. best_val_loss: 3.9213
[2022-04-10 03:04:34.456] Epoch 027/40 ==================================================
[2022-04-10 03:04:38.066] E027 |   200/616 batches | lr 1.2500 | loss  3.214 | ppl     24.88
[2022-04-10 03:04:41.543] E027 |   400/616 batches | lr 1.2500 | loss  3.155 | ppl     23.45
[2022-04-10 03:04:45.070] E027 |   600/616 batches | lr 1.2500 | loss  3.147 | ppl     23.26
[2022-04-10 03:04:45.347] E027 |   616/616 batches | lr 1.2500 | loss  3.196 | ppl     24.44
[2022-04-10 03:04:47.252] End E027 | valid loss  3.919; ppl     50.36 | accu 0.2726 = 30347/111320
[2022-04-10 03:04:54.300] End E027 |  test loss  5.371; ppl    215.01 | accu 0.1691 = 69867/413220 ../data/cbt_valid.txt
[2022-04-10 03:04:56.423] End E027 |  test loss  7.320; ppl   1509.76 | accu 0.0720 = 8966/124580 ../data/adult_test.txt
[2022-04-10 03:04:56.423] Save: model.pt... 
[2022-04-10 03:04:56.434] Save: model.pt...Done. best_val_loss: 3.9192
[2022-04-10 03:04:56.434] Epoch 028/40 ==================================================
[2022-04-10 03:04:59.936] E028 |   200/616 batches | lr 1.2500 | loss  3.212 | ppl     24.83
[2022-04-10 03:05:03.425] E028 |   400/616 batches | lr 1.2500 | loss  3.152 | ppl     23.39
[2022-04-10 03:05:06.886] E028 |   600/616 batches | lr 1.2500 | loss  3.143 | ppl     23.17
[2022-04-10 03:05:07.161] E028 |   616/616 batches | lr 1.2500 | loss  3.188 | ppl     24.25
[2022-04-10 03:05:09.056] End E028 | valid loss  3.919; ppl     50.33 | accu 0.2724 = 30321/111320
[2022-04-10 03:05:16.081] End E028 |  test loss  5.374; ppl    215.73 | accu 0.1692 = 69923/413220 ../data/cbt_valid.txt
[2022-04-10 03:05:18.175] End E028 |  test loss  7.298; ppl   1477.92 | accu 0.0718 = 8944/124580 ../data/adult_test.txt
[2022-04-10 03:05:18.176] Save: model.pt... 
[2022-04-10 03:05:18.184] Save: model.pt...Done. best_val_loss: 3.9185
[2022-04-10 03:05:18.184] Epoch 029/40 ==================================================
[2022-04-10 03:05:21.669] E029 |   200/616 batches | lr 1.2500 | loss  3.207 | ppl     24.70
[2022-04-10 03:05:25.159] E029 |   400/616 batches | lr 1.2500 | loss  3.150 | ppl     23.34
[2022-04-10 03:05:28.619] E029 |   600/616 batches | lr 1.2500 | loss  3.142 | ppl     23.16
[2022-04-10 03:05:28.896] E029 |   616/616 batches | lr 1.2500 | loss  3.184 | ppl     24.15
[2022-04-10 03:05:30.809] End E029 | valid loss  3.917; ppl     50.26 | accu 0.2730 = 30389/111320
[2022-04-10 03:05:37.857] End E029 |  test loss  5.348; ppl    210.25 | accu 0.1694 = 69999/413220 ../data/cbt_valid.txt
[2022-04-10 03:05:39.983] End E029 |  test loss  7.243; ppl   1398.80 | accu 0.0724 = 9023/124580 ../data/adult_test.txt
[2022-04-10 03:05:39.984] Save: model.pt... 
[2022-04-10 03:05:39.993] Save: model.pt...Done. best_val_loss: 3.9171
[2022-04-10 03:05:39.993] Epoch 030/40 ==================================================
[2022-04-10 03:05:43.470] E030 |   200/616 batches | lr 1.2500 | loss  3.203 | ppl     24.61
[2022-04-10 03:05:46.954] E030 |   400/616 batches | lr 1.2500 | loss  3.146 | ppl     23.24
[2022-04-10 03:05:50.425] E030 |   600/616 batches | lr 1.2500 | loss  3.138 | ppl     23.06
[2022-04-10 03:05:50.702] E030 |   616/616 batches | lr 1.2500 | loss  3.177 | ppl     23.97
[2022-04-10 03:05:52.611] End E030 | valid loss  3.918; ppl     50.30 | accu 0.2731 = 30402/111320
[2022-04-10 03:05:59.630] End E030 |  test loss  5.401; ppl    221.66 | accu 0.1682 = 69499/413220 ../data/cbt_valid.txt
[2022-04-10 03:06:01.766] End E030 |  test loss  7.381; ppl   1605.08 | accu 0.0701 = 8738/124580 ../data/adult_test.txt
[2022-04-10 03:06:01.766] Epoch 031/40 ==================================================
[2022-04-10 03:06:05.248] E031 |   200/616 batches | lr 0.6250 | loss  3.199 | ppl     24.52
[2022-04-10 03:06:08.711] E031 |   400/616 batches | lr 0.6250 | loss  3.140 | ppl     23.11
[2022-04-10 03:06:12.184] E031 |   600/616 batches | lr 0.6250 | loss  3.129 | ppl     22.85
[2022-04-10 03:06:12.461] E031 |   616/616 batches | lr 0.6250 | loss  3.169 | ppl     23.79
[2022-04-10 03:06:14.342] End E031 | valid loss  3.919; ppl     50.34 | accu 0.2726 = 30350/111320
[2022-04-10 03:06:21.406] End E031 |  test loss  5.359; ppl    212.60 | accu 0.1694 = 69995/413220 ../data/cbt_valid.txt
[2022-04-10 03:06:23.514] End E031 |  test loss  7.281; ppl   1452.73 | accu 0.0719 = 8952/124580 ../data/adult_test.txt
[2022-04-10 03:06:23.515] Epoch 032/40 ==================================================
[2022-04-10 03:06:27.016] E032 |   200/616 batches | lr 0.3125 | loss  3.197 | ppl     24.46
[2022-04-10 03:06:30.503] E032 |   400/616 batches | lr 0.3125 | loss  3.132 | ppl     22.91
[2022-04-10 03:06:33.970] E032 |   600/616 batches | lr 0.3125 | loss  3.120 | ppl     22.64
[2022-04-10 03:06:34.245] E032 |   616/616 batches | lr 0.3125 | loss  3.175 | ppl     23.94
[2022-04-10 03:06:36.157] End E032 | valid loss  3.918; ppl     50.32 | accu 0.2733 = 30422/111320
[2022-04-10 03:06:43.192] End E032 |  test loss  5.374; ppl    215.64 | accu 0.1689 = 69793/413220 ../data/cbt_valid.txt
[2022-04-10 03:06:45.308] End E032 |  test loss  7.315; ppl   1502.74 | accu 0.0714 = 8896/124580 ../data/adult_test.txt
[2022-04-10 03:06:45.308] Epoch 033/40 ==================================================
[2022-04-10 03:06:48.777] E033 |   200/616 batches | lr 0.1562 | loss  3.193 | ppl     24.36
[2022-04-10 03:06:52.281] E033 |   400/616 batches | lr 0.1562 | loss  3.134 | ppl     22.96
[2022-04-10 03:06:55.774] E033 |   600/616 batches | lr 0.1562 | loss  3.119 | ppl     22.62
[2022-04-10 03:06:56.090] E033 |   616/616 batches | lr 0.1562 | loss  3.169 | ppl     23.78
[2022-04-10 03:06:57.995] End E033 | valid loss  3.917; ppl     50.24 | accu 0.2735 = 30444/111320
[2022-04-10 03:07:05.047] End E033 |  test loss  5.379; ppl    216.82 | accu 0.1687 = 69707/413220 ../data/cbt_valid.txt
[2022-04-10 03:07:07.179] End E033 |  test loss  7.327; ppl   1520.72 | accu 0.0710 = 8842/124580 ../data/adult_test.txt
[2022-04-10 03:07:07.180] Save: model.pt... 
[2022-04-10 03:07:07.191] Save: model.pt...Done. best_val_loss: 3.9169
[2022-04-10 03:07:07.191] Epoch 034/40 ==================================================
[2022-04-10 03:07:10.684] E034 |   200/616 batches | lr 0.1562 | loss  3.193 | ppl     24.36
[2022-04-10 03:07:14.157] E034 |   400/616 batches | lr 0.1562 | loss  3.132 | ppl     22.92
[2022-04-10 03:07:17.697] E034 |   600/616 batches | lr 0.1562 | loss  3.118 | ppl     22.59
[2022-04-10 03:07:17.976] E034 |   616/616 batches | lr 0.1562 | loss  3.160 | ppl     23.57
[2022-04-10 03:07:19.897] End E034 | valid loss  3.916; ppl     50.22 | accu 0.2733 = 30427/111320
[2022-04-10 03:07:27.007] End E034 |  test loss  5.379; ppl    216.75 | accu 0.1686 = 69660/413220 ../data/cbt_valid.txt
[2022-04-10 03:07:29.109] End E034 |  test loss  7.328; ppl   1521.65 | accu 0.0710 = 8850/124580 ../data/adult_test.txt
[2022-04-10 03:07:29.109] Save: model.pt... 
[2022-04-10 03:07:29.117] Save: model.pt...Done. best_val_loss: 3.9164
[2022-04-10 03:07:29.118] Epoch 035/40 ==================================================
[2022-04-10 03:07:32.592] E035 |   200/616 batches | lr 0.1562 | loss  3.191 | ppl     24.31
[2022-04-10 03:07:36.074] E035 |   400/616 batches | lr 0.1562 | loss  3.129 | ppl     22.85
[2022-04-10 03:07:39.552] E035 |   600/616 batches | lr 0.1562 | loss  3.115 | ppl     22.53
[2022-04-10 03:07:39.829] E035 |   616/616 batches | lr 0.1562 | loss  3.157 | ppl     23.49
[2022-04-10 03:07:41.751] End E035 | valid loss  3.916; ppl     50.21 | accu 0.2733 = 30424/111320
[2022-04-10 03:07:48.782] End E035 |  test loss  5.385; ppl    218.10 | accu 0.1684 = 69590/413220 ../data/cbt_valid.txt
[2022-04-10 03:07:50.893] End E035 |  test loss  7.332; ppl   1528.59 | accu 0.0710 = 8839/124580 ../data/adult_test.txt
[2022-04-10 03:07:50.893] Save: model.pt... 
[2022-04-10 03:07:50.905] Save: model.pt...Done. best_val_loss: 3.9161
[2022-04-10 03:07:50.905] Epoch 036/40 ==================================================
[2022-04-10 03:07:54.413] E036 |   200/616 batches | lr 0.1562 | loss  3.190 | ppl     24.29
[2022-04-10 03:07:57.901] E036 |   400/616 batches | lr 0.1562 | loss  3.133 | ppl     22.93
[2022-04-10 03:08:01.387] E036 |   600/616 batches | lr 0.1562 | loss  3.117 | ppl     22.58
[2022-04-10 03:08:01.664] E036 |   616/616 batches | lr 0.1562 | loss  3.155 | ppl     23.45
[2022-04-10 03:08:03.571] End E036 | valid loss  3.916; ppl     50.20 | accu 0.2734 = 30434/111320
[2022-04-10 03:08:10.607] End E036 |  test loss  5.385; ppl    218.11 | accu 0.1685 = 69616/413220 ../data/cbt_valid.txt
[2022-04-10 03:08:12.707] End E036 |  test loss  7.331; ppl   1527.32 | accu 0.0710 = 8841/124580 ../data/adult_test.txt
[2022-04-10 03:08:12.707] Save: model.pt... 
[2022-04-10 03:08:12.716] Save: model.pt...Done. best_val_loss: 3.9159
[2022-04-10 03:08:12.716] Epoch 037/40 ==================================================
[2022-04-10 03:08:16.221] E037 |   200/616 batches | lr 0.1562 | loss  3.190 | ppl     24.29
[2022-04-10 03:08:19.679] E037 |   400/616 batches | lr 0.1562 | loss  3.128 | ppl     22.83
[2022-04-10 03:08:23.141] E037 |   600/616 batches | lr 0.1562 | loss  3.120 | ppl     22.65
[2022-04-10 03:08:23.428] E037 |   616/616 batches | lr 0.1562 | loss  3.164 | ppl     23.66
[2022-04-10 03:08:25.340] End E037 | valid loss  3.916; ppl     50.18 | accu 0.2736 = 30456/111320
[2022-04-10 03:08:32.347] End E037 |  test loss  5.389; ppl    218.99 | accu 0.1685 = 69631/413220 ../data/cbt_valid.txt
[2022-04-10 03:08:34.470] End E037 |  test loss  7.341; ppl   1542.34 | accu 0.0708 = 8825/124580 ../data/adult_test.txt
[2022-04-10 03:08:34.470] Save: model.pt... 
[2022-04-10 03:08:34.481] Save: model.pt...Done. best_val_loss: 3.9156
[2022-04-10 03:08:34.481] Epoch 038/40 ==================================================
[2022-04-10 03:08:37.959] E038 |   200/616 batches | lr 0.1562 | loss  3.188 | ppl     24.24
[2022-04-10 03:08:41.493] E038 |   400/616 batches | lr 0.1562 | loss  3.130 | ppl     22.87
[2022-04-10 03:08:44.968] E038 |   600/616 batches | lr 0.1562 | loss  3.114 | ppl     22.51
[2022-04-10 03:08:45.251] E038 |   616/616 batches | lr 0.1562 | loss  3.150 | ppl     23.34
[2022-04-10 03:08:47.146] End E038 | valid loss  3.916; ppl     50.22 | accu 0.2737 = 30471/111320
[2022-04-10 03:08:54.229] End E038 |  test loss  5.394; ppl    220.01 | accu 0.1684 = 69576/413220 ../data/cbt_valid.txt
[2022-04-10 03:08:56.360] End E038 |  test loss  7.354; ppl   1562.65 | accu 0.0707 = 8805/124580 ../data/adult_test.txt
[2022-04-10 03:08:56.360] Epoch 039/40 ==================================================
[2022-04-10 03:08:59.839] E039 |   200/616 batches | lr 0.0781 | loss  3.191 | ppl     24.32
[2022-04-10 03:09:03.337] E039 |   400/616 batches | lr 0.0781 | loss  3.127 | ppl     22.80
[2022-04-10 03:09:06.833] E039 |   600/616 batches | lr 0.0781 | loss  3.119 | ppl     22.63
[2022-04-10 03:09:07.109] E039 |   616/616 batches | lr 0.0781 | loss  3.153 | ppl     23.42
[2022-04-10 03:09:09.023] End E039 | valid loss  3.916; ppl     50.20 | accu 0.2739 = 30489/111320
[2022-04-10 03:09:16.095] End E039 |  test loss  5.389; ppl    218.90 | accu 0.1684 = 69601/413220 ../data/cbt_valid.txt
[2022-04-10 03:09:18.206] End E039 |  test loss  7.340; ppl   1540.62 | accu 0.0708 = 8819/124580 ../data/adult_test.txt
[2022-04-10 03:09:18.206] Epoch 040/40 ==================================================
[2022-04-10 03:09:21.695] E040 |   200/616 batches | lr 0.0391 | loss  3.189 | ppl     24.27
[2022-04-10 03:09:25.201] E040 |   400/616 batches | lr 0.0391 | loss  3.126 | ppl     22.78
[2022-04-10 03:09:28.724] E040 |   600/616 batches | lr 0.0391 | loss  3.111 | ppl     22.44
[2022-04-10 03:09:29.002] E040 |   616/616 batches | lr 0.0391 | loss  3.167 | ppl     23.74
[2022-04-10 03:09:30.922] End E040 | valid loss  3.916; ppl     50.19 | accu 0.2738 = 30479/111320
[2022-04-10 03:09:37.955] End E040 |  test loss  5.391; ppl    219.51 | accu 0.1684 = 69568/413220 ../data/cbt_valid.txt
[2022-04-10 03:09:40.080] End E040 |  test loss  7.346; ppl   1549.37 | accu 0.0706 = 8800/124580 ../data/adult_test.txt
[2022-04-10 03:09:47.166] End. test loss  5.39; ppl   218.99 | accu 0.1685 = 69631/413220 ../data/cbt_valid.txt
[2022-04-10 03:09:49.273] End. test loss  7.34; ppl  1542.34 | accu 0.0708 = 8825/124580 ../data/adult_test.txt
[2022-04-10 03:09:49.273] =========================================================================================
