[2022-04-10 03:43:23.441] corpus.train_file_list: 1
[2022-04-10 03:43:23.441]         ../data/adolescent_train.txt
[2022-04-10 03:43:23.441] corpus.valid_file_list: 1
[2022-04-10 03:43:23.441]         ../data/adolescent_valid.txt
[2022-04-10 03:43:23.441] corpus.test_file_list: 2
[2022-04-10 03:43:23.441]         ../data/cbt_valid.txt
[2022-04-10 03:43:23.441]         ../data/adult_test.txt
[2022-04-10 03:43:23.441] corpus.subword_vocab_size: 5000
[2022-04-10 03:43:23.441] corpus.subword_model.train(2 files)...
[2022-04-10 03:43:23.442]         ../data/adolescent_train.txt
[2022-04-10 03:43:23.442]         ../data/adolescent_valid.txt
[2022-04-10 03:43:24.181] corpus.subword_model.train(2 files)...Done
[2022-04-10 03:43:24.181] corpus tokenize...
[2022-04-10 03:43:25.513]         train tokens: 323793  ../data/adolescent_train.txt
[2022-04-10 03:43:25.850]         valid tokens:  85653  ../data/adolescent_valid.txt
[2022-04-10 03:43:26.944]         test  tokens: 337791  ../data/cbt_valid.txt
[2022-04-10 03:43:27.231]         test  tokens:  97090  ../data/adult_test.txt
[2022-04-10 03:43:27.231] corpus.ntokens      : 4878
[2022-04-10 03:43:27.231] corpus.char_count   : 97
[2022-04-10 03:43:27.231] corpus.char_cnt_dict: 97
[2022-04-10 03:43:27.231] corpus.char_id_dict : 97
[2022-04-10 03:43:27.234] corpus.batchify(1 files, batch_size=20)...
[2022-04-10 03:43:27.234]         tokens_all: 323793
[2022-04-10 03:43:27.234]         batched   :  16189
[2022-04-10 03:43:27.234]         ../data/adolescent_train.txt
[2022-04-10 03:43:27.236] corpus.batchify(1 files, batch_size=20)...
[2022-04-10 03:43:27.236]         tokens_all:  85653
[2022-04-10 03:43:27.237]         batched   :   4282
[2022-04-10 03:43:27.237]         ../data/adolescent_valid.txt
[2022-04-10 03:43:27.239] corpus.batchify(1 files, batch_size=20)...
[2022-04-10 03:43:27.240]         tokens_all: 337791
[2022-04-10 03:43:27.240]         batched   :  16889
[2022-04-10 03:43:27.240]         ../data/cbt_valid.txt
[2022-04-10 03:43:27.241] corpus.batchify(1 files, batch_size=20)...
[2022-04-10 03:43:27.241]         tokens_all:  97090
[2022-04-10 03:43:27.242]         batched   :   4854
[2022-04-10 03:43:27.242]         ../data/adult_test.txt
[2022-04-10 03:43:27.277] RNNModel.rnn_type: LSTM
[2022-04-10 03:43:27.278] RNNModel.ntoken  : 4878
[2022-04-10 03:43:27.278] RNNModel.ninp    : 200
[2022-04-10 03:43:27.278] RNNModel.nhid    : 200
[2022-04-10 03:43:27.278] RNNModel.nlayers : 2
[2022-04-10 03:43:27.278] RNNModel.dropout : 0.2
[2022-04-10 03:43:27.278] RNNModel.tie_weights: False
[2022-04-10 03:43:27.278] RNNModel.char_mode  : CNN
[2022-04-10 03:43:27.278] RNNModel.char_cnt   : 98
[2022-04-10 03:43:27.278] RNNModel.char_emsize: 25
[2022-04-10 03:43:27.278] RNNModel.char_nhid  : 200
[2022-04-10 03:43:27.278] RNNModel.char_embeds: created
[2022-04-10 03:43:27.279] RNNModel.char_cnn3  : created
[2022-04-10 03:43:27.282] Epoch 001/40 ==================================================
[2022-04-10 03:43:33.851] E001 |   200/462 batches | lr 20.0000 | loss  6.626 | ppl    754.50
[2022-04-10 03:43:40.794] E001 |   400/462 batches | lr 20.0000 | loss  5.946 | ppl    382.21
[2022-04-10 03:43:42.934] E001 |   462/462 batches | lr 20.0000 | loss  5.661 | ppl    287.46
[2022-04-10 03:43:44.645] End E001 | valid loss  5.660; ppl    287.16 | accu 0.1537 = 13164/85620
[2022-04-10 03:43:51.097] End E001 |  test loss  6.348; ppl    571.31 | accu 0.0774 = 26136/337760 ../data/cbt_valid.txt
[2022-04-10 03:43:52.931] End E001 |  test loss  7.786; ppl   2406.32 | accu 0.0071 = 685/97060 ../data/adult_test.txt
[2022-04-10 03:43:52.931] Save: model.pt... 
[2022-04-10 03:43:52.955] Save: model.pt...Done. best_val_loss: 5.6600
[2022-04-10 03:43:52.955] Epoch 002/40 ==================================================
[2022-04-10 03:43:59.692] E002 |   200/462 batches | lr 20.0000 | loss  5.507 | ppl    246.41
[2022-04-10 03:44:06.646] E002 |   400/462 batches | lr 20.0000 | loss  5.272 | ppl    194.80
[2022-04-10 03:44:08.784] E002 |   462/462 batches | lr 20.0000 | loss  5.205 | ppl    182.15
[2022-04-10 03:44:10.556] End E002 | valid loss  5.400; ppl    221.34 | accu 0.1680 = 14382/85620
[2022-04-10 03:44:17.194] End E002 |  test loss  6.189; ppl    487.18 | accu 0.0847 = 28615/337760 ../data/cbt_valid.txt
[2022-04-10 03:44:19.095] End E002 |  test loss  7.937; ppl   2799.01 | accu 0.0001 = 5/97060 ../data/adult_test.txt
[2022-04-10 03:44:19.095] Save: model.pt... 
[2022-04-10 03:44:19.119] Save: model.pt...Done. best_val_loss: 5.3997
[2022-04-10 03:44:19.120] Epoch 003/40 ==================================================
[2022-04-10 03:44:26.057] E003 |   200/462 batches | lr 20.0000 | loss  5.146 | ppl    171.75
[2022-04-10 03:44:33.036] E003 |   400/462 batches | lr 20.0000 | loss  4.990 | ppl    146.99
[2022-04-10 03:44:35.185] E003 |   462/462 batches | lr 20.0000 | loss  4.952 | ppl    141.50
[2022-04-10 03:44:36.952] End E003 | valid loss  5.277; ppl    195.84 | accu 0.1791 = 15335/85620
[2022-04-10 03:44:43.397] End E003 |  test loss  6.134; ppl    461.10 | accu 0.0915 = 30891/337760 ../data/cbt_valid.txt
[2022-04-10 03:44:45.254] End E003 |  test loss  8.066; ppl   3183.57 | accu 0.0023 = 225/97060 ../data/adult_test.txt
[2022-04-10 03:44:45.254] Save: model.pt... 
[2022-04-10 03:44:45.278] Save: model.pt...Done. best_val_loss: 5.2773
[2022-04-10 03:44:45.278] Epoch 004/40 ==================================================
[2022-04-10 03:44:52.180] E004 |   200/462 batches | lr 20.0000 | loss  4.929 | ppl    138.23
[2022-04-10 03:44:59.151] E004 |   400/462 batches | lr 20.0000 | loss  4.809 | ppl    122.66
[2022-04-10 03:45:01.307] E004 |   462/462 batches | lr 20.0000 | loss  4.787 | ppl    119.92
[2022-04-10 03:45:03.085] End E004 | valid loss  5.199; ppl    181.00 | accu 0.1825 = 15627/85620
[2022-04-10 03:45:09.736] End E004 |  test loss  6.213; ppl    499.31 | accu 0.0883 = 29833/337760 ../data/cbt_valid.txt
[2022-04-10 03:45:11.654] End E004 |  test loss  8.192; ppl   3612.83 | accu 0.0016 = 155/97060 ../data/adult_test.txt
[2022-04-10 03:45:11.655] Save: model.pt... 
[2022-04-10 03:45:11.674] Save: model.pt...Done. best_val_loss: 5.1985
[2022-04-10 03:45:11.674] Epoch 005/40 ==================================================
[2022-04-10 03:45:18.645] E005 |   200/462 batches | lr 20.0000 | loss  4.780 | ppl    119.13
[2022-04-10 03:45:25.718] E005 |   400/462 batches | lr 20.0000 | loss  4.676 | ppl    107.34
[2022-04-10 03:45:27.901] E005 |   462/462 batches | lr 20.0000 | loss  4.671 | ppl    106.77
[2022-04-10 03:45:29.672] End E005 | valid loss  5.171; ppl    176.16 | accu 0.1853 = 15863/85620
[2022-04-10 03:45:36.134] End E005 |  test loss  6.170; ppl    478.41 | accu 0.0899 = 30381/337760 ../data/cbt_valid.txt
[2022-04-10 03:45:37.984] End E005 |  test loss  8.120; ppl   3361.38 | accu 0.0017 = 166/97060 ../data/adult_test.txt
[2022-04-10 03:45:37.984] Save: model.pt... 
[2022-04-10 03:45:38.009] Save: model.pt...Done. best_val_loss: 5.1714
[2022-04-10 03:45:38.009] Epoch 006/40 ==================================================
[2022-04-10 03:45:45.011] E006 |   200/462 batches | lr 20.0000 | loss  4.658 | ppl    105.47
[2022-04-10 03:45:52.031] E006 |   400/462 batches | lr 20.0000 | loss  4.573 | ppl     96.85
[2022-04-10 03:45:54.202] E006 |   462/462 batches | lr 20.0000 | loss  4.575 | ppl     97.07
[2022-04-10 03:45:56.001] End E006 | valid loss  5.144; ppl    171.38 | accu 0.1902 = 16281/85620
[2022-04-10 03:46:02.638] End E006 |  test loss  6.323; ppl    557.04 | accu 0.0922 = 31141/337760 ../data/cbt_valid.txt
[2022-04-10 03:46:04.540] End E006 |  test loss  8.566; ppl   5250.39 | accu 0.0015 = 146/97060 ../data/adult_test.txt
[2022-04-10 03:46:04.540] Save: model.pt... 
[2022-04-10 03:46:04.566] Save: model.pt...Done. best_val_loss: 5.1439
[2022-04-10 03:46:04.566] Epoch 007/40 ==================================================
[2022-04-10 03:46:11.609] E007 |   200/462 batches | lr 20.0000 | loss  4.562 | ppl     95.79
[2022-04-10 03:46:18.613] E007 |   400/462 batches | lr 20.0000 | loss  4.478 | ppl     88.03
[2022-04-10 03:46:20.791] E007 |   462/462 batches | lr 20.0000 | loss  4.485 | ppl     88.68
[2022-04-10 03:46:22.554] End E007 | valid loss  5.125; ppl    168.20 | accu 0.1902 = 16286/85620
[2022-04-10 03:46:28.992] End E007 |  test loss  6.367; ppl    582.42 | accu 0.0929 = 31392/337760 ../data/cbt_valid.txt
[2022-04-10 03:46:30.837] End E007 |  test loss  8.771; ppl   6441.71 | accu 0.0021 = 205/97060 ../data/adult_test.txt
[2022-04-10 03:46:30.837] Save: model.pt... 
[2022-04-10 03:46:30.861] Save: model.pt...Done. best_val_loss: 5.1251
[2022-04-10 03:46:30.861] Epoch 008/40 ==================================================
[2022-04-10 03:46:37.825] E008 |   200/462 batches | lr 20.0000 | loss  4.480 | ppl     88.21
[2022-04-10 03:46:44.832] E008 |   400/462 batches | lr 20.0000 | loss  4.407 | ppl     81.99
[2022-04-10 03:46:47.028] E008 |   462/462 batches | lr 20.0000 | loss  4.408 | ppl     82.08
[2022-04-10 03:46:48.805] End E008 | valid loss  5.118; ppl    167.05 | accu 0.1917 = 16413/85620
[2022-04-10 03:46:55.449] End E008 |  test loss  6.240; ppl    512.97 | accu 0.0950 = 32072/337760 ../data/cbt_valid.txt
[2022-04-10 03:46:57.356] End E008 |  test loss  8.502; ppl   4923.57 | accu 0.0043 = 413/97060 ../data/adult_test.txt
[2022-04-10 03:46:57.356] Save: model.pt... 
[2022-04-10 03:46:57.381] Save: model.pt...Done. best_val_loss: 5.1183
[2022-04-10 03:46:57.381] Epoch 009/40 ==================================================
[2022-04-10 03:47:04.236] E009 |   200/462 batches | lr 20.0000 | loss  4.408 | ppl     82.12
[2022-04-10 03:47:11.229] E009 |   400/462 batches | lr 20.0000 | loss  4.336 | ppl     76.39
[2022-04-10 03:47:13.406] E009 |   462/462 batches | lr 20.0000 | loss  4.349 | ppl     77.37
[2022-04-10 03:47:15.192] End E009 | valid loss  5.119; ppl    167.10 | accu 0.1944 = 16644/85620
[2022-04-10 03:47:21.634] End E009 |  test loss  6.359; ppl    577.90 | accu 0.0939 = 31703/337760 ../data/cbt_valid.txt
[2022-04-10 03:47:23.477] End E009 |  test loss  8.811; ppl   6704.33 | accu 0.0040 = 384/97060 ../data/adult_test.txt
[2022-04-10 03:47:23.478] Epoch 010/40 ==================================================
[2022-04-10 03:47:30.426] E010 |   200/462 batches | lr 10.0000 | loss  4.258 | ppl     70.68
[2022-04-10 03:47:37.417] E010 |   400/462 batches | lr 10.0000 | loss  4.116 | ppl     61.33
[2022-04-10 03:47:39.625] E010 |   462/462 batches | lr 10.0000 | loss  4.090 | ppl     59.73
[2022-04-10 03:47:41.339] End E010 | valid loss  5.071; ppl    159.29 | accu 0.2059 = 17629/85620
[2022-04-10 03:47:47.951] End E010 |  test loss  6.449; ppl    632.19 | accu 0.1009 = 34077/337760 ../data/cbt_valid.txt
[2022-04-10 03:47:49.854] End E010 |  test loss  9.443; ppl  12616.42 | accu 0.0050 = 485/97060 ../data/adult_test.txt
[2022-04-10 03:47:49.854] Save: model.pt... 
[2022-04-10 03:47:49.878] Save: model.pt...Done. best_val_loss: 5.0707
[2022-04-10 03:47:49.878] Epoch 011/40 ==================================================
[2022-04-10 03:47:56.901] E011 |   200/462 batches | lr 10.0000 | loss  4.152 | ppl     63.57
[2022-04-10 03:48:03.950] E011 |   400/462 batches | lr 10.0000 | loss  4.055 | ppl     57.69
[2022-04-10 03:48:06.147] E011 |   462/462 batches | lr 10.0000 | loss  4.050 | ppl     57.39
[2022-04-10 03:48:07.912] End E011 | valid loss  5.080; ppl    160.72 | accu 0.2053 = 17574/85620
[2022-04-10 03:48:14.336] End E011 |  test loss  6.563; ppl    708.61 | accu 0.1017 = 34355/337760 ../data/cbt_valid.txt
[2022-04-10 03:48:16.189] End E011 |  test loss  9.642; ppl  15391.14 | accu 0.0042 = 412/97060 ../data/adult_test.txt
[2022-04-10 03:48:16.189] Epoch 012/40 ==================================================
[2022-04-10 03:48:23.118] E012 |   200/462 batches | lr 5.0000 | loss  4.065 | ppl     58.27
[2022-04-10 03:48:30.118] E012 |   400/462 batches | lr 5.0000 | loss  3.929 | ppl     50.85
[2022-04-10 03:48:32.292] E012 |   462/462 batches | lr 5.0000 | loss  3.893 | ppl     49.07
[2022-04-10 03:48:34.066] End E012 | valid loss  5.076; ppl    160.12 | accu 0.2082 = 17825/85620
[2022-04-10 03:48:40.712] End E012 |  test loss  6.747; ppl    851.86 | accu 0.1040 = 35121/337760 ../data/cbt_valid.txt
[2022-04-10 03:48:42.614] End E012 |  test loss 10.394; ppl  32655.89 | accu 0.0039 = 382/97060 ../data/adult_test.txt
[2022-04-10 03:48:42.614] Epoch 013/40 ==================================================
[2022-04-10 03:48:49.580] E013 |   200/462 batches | lr 2.5000 | loss  3.996 | ppl     54.36
[2022-04-10 03:48:56.638] E013 |   400/462 batches | lr 2.5000 | loss  3.861 | ppl     47.50
[2022-04-10 03:48:58.837] E013 |   462/462 batches | lr 2.5000 | loss  3.823 | ppl     45.74
[2022-04-10 03:49:00.632] End E013 | valid loss  5.076; ppl    160.06 | accu 0.2103 = 18002/85620
[2022-04-10 03:49:07.081] End E013 |  test loss  6.812; ppl    908.87 | accu 0.1047 = 35367/337760 ../data/cbt_valid.txt
[2022-04-10 03:49:08.921] End E013 |  test loss 10.634; ppl  41521.16 | accu 0.0042 = 407/97060 ../data/adult_test.txt
[2022-04-10 03:49:08.921] Epoch 014/40 ==================================================
[2022-04-10 03:49:15.946] E014 |   200/462 batches | lr 1.2500 | loss  3.954 | ppl     52.12
[2022-04-10 03:49:23.029] E014 |   400/462 batches | lr 1.2500 | loss  3.821 | ppl     45.63
[2022-04-10 03:49:25.219] E014 |   462/462 batches | lr 1.2500 | loss  3.780 | ppl     43.81
[2022-04-10 03:49:26.999] End E014 | valid loss  5.069; ppl    159.03 | accu 0.2109 = 18054/85620
[2022-04-10 03:49:33.658] End E014 |  test loss  6.820; ppl    916.18 | accu 0.1051 = 35506/337760 ../data/cbt_valid.txt
[2022-04-10 03:49:35.582] End E014 |  test loss 10.635; ppl  41550.61 | accu 0.0044 = 423/97060 ../data/adult_test.txt
[2022-04-10 03:49:35.582] Save: model.pt... 
[2022-04-10 03:49:35.606] Save: model.pt...Done. best_val_loss: 5.0691
[2022-04-10 03:49:35.606] Epoch 015/40 ==================================================
[2022-04-10 03:49:42.641] E015 |   200/462 batches | lr 1.2500 | loss  3.939 | ppl     51.39
[2022-04-10 03:49:49.678] E015 |   400/462 batches | lr 1.2500 | loss  3.811 | ppl     45.20
[2022-04-10 03:49:51.879] E015 |   462/462 batches | lr 1.2500 | loss  3.771 | ppl     43.44
[2022-04-10 03:49:53.665] End E015 | valid loss  5.065; ppl    158.31 | accu 0.2104 = 18018/85620
[2022-04-10 03:50:00.129] End E015 |  test loss  6.829; ppl    924.08 | accu 0.1050 = 35478/337760 ../data/cbt_valid.txt
[2022-04-10 03:50:02.073] End E015 |  test loss 10.787; ppl  48367.29 | accu 0.0043 = 413/97060 ../data/adult_test.txt
[2022-04-10 03:50:02.073] Save: model.pt... 
[2022-04-10 03:50:02.091] Save: model.pt...Done. best_val_loss: 5.0646
[2022-04-10 03:50:02.091] Epoch 016/40 ==================================================
[2022-04-10 03:50:09.130] E016 |   200/462 batches | lr 1.2500 | loss  3.920 | ppl     50.38
[2022-04-10 03:50:16.181] E016 |   400/462 batches | lr 1.2500 | loss  3.803 | ppl     44.82
[2022-04-10 03:50:18.372] E016 |   462/462 batches | lr 1.2500 | loss  3.766 | ppl     43.19
[2022-04-10 03:50:20.156] End E016 | valid loss  5.067; ppl    158.70 | accu 0.2108 = 18045/85620
[2022-04-10 03:50:26.768] End E016 |  test loss  6.843; ppl    937.61 | accu 0.1053 = 35567/337760 ../data/cbt_valid.txt
[2022-04-10 03:50:28.674] End E016 |  test loss 10.790; ppl  48537.74 | accu 0.0043 = 421/97060 ../data/adult_test.txt
[2022-04-10 03:50:28.674] Epoch 017/40 ==================================================
[2022-04-10 03:50:35.713] E017 |   200/462 batches | lr 0.6250 | loss  3.906 | ppl     49.71
[2022-04-10 03:50:42.751] E017 |   400/462 batches | lr 0.6250 | loss  3.780 | ppl     43.80
[2022-04-10 03:50:44.931] E017 |   462/462 batches | lr 0.6250 | loss  3.748 | ppl     42.46
[2022-04-10 03:50:46.635] End E017 | valid loss  5.065; ppl    158.32 | accu 0.2103 = 18007/85620
[2022-04-10 03:50:53.120] End E017 |  test loss  6.838; ppl    932.75 | accu 0.1054 = 35598/337760 ../data/cbt_valid.txt
[2022-04-10 03:50:54.972] End E017 |  test loss 10.773; ppl  47696.20 | accu 0.0045 = 440/97060 ../data/adult_test.txt
[2022-04-10 03:50:54.972] Epoch 018/40 ==================================================
[2022-04-10 03:51:01.953] E018 |   200/462 batches | lr 0.3125 | loss  3.898 | ppl     49.29
[2022-04-10 03:51:08.971] E018 |   400/462 batches | lr 0.3125 | loss  3.772 | ppl     43.48
[2022-04-10 03:51:11.149] E018 |   462/462 batches | lr 0.3125 | loss  3.737 | ppl     41.95
[2022-04-10 03:51:12.928] End E018 | valid loss  5.063; ppl    158.13 | accu 0.2104 = 18012/85620
[2022-04-10 03:51:19.597] End E018 |  test loss  6.839; ppl    933.38 | accu 0.1056 = 35652/337760 ../data/cbt_valid.txt
[2022-04-10 03:51:21.504] End E018 |  test loss 10.759; ppl  47047.34 | accu 0.0046 = 448/97060 ../data/adult_test.txt
[2022-04-10 03:51:21.504] Save: model.pt... 
[2022-04-10 03:51:21.529] Save: model.pt...Done. best_val_loss: 5.0634
[2022-04-10 03:51:21.530] Epoch 019/40 ==================================================
[2022-04-10 03:51:28.548] E019 |   200/462 batches | lr 0.3125 | loss  3.893 | ppl     49.06
[2022-04-10 03:51:35.611] E019 |   400/462 batches | lr 0.3125 | loss  3.771 | ppl     43.41
[2022-04-10 03:51:37.785] E019 |   462/462 batches | lr 0.3125 | loss  3.729 | ppl     41.65
[2022-04-10 03:51:39.567] End E019 | valid loss  5.064; ppl    158.29 | accu 0.2106 = 18033/85620
[2022-04-10 03:51:46.058] End E019 |  test loss  6.841; ppl    935.43 | accu 0.1055 = 35649/337760 ../data/cbt_valid.txt
[2022-04-10 03:51:47.907] End E019 |  test loss 10.767; ppl  47410.15 | accu 0.0045 = 435/97060 ../data/adult_test.txt
[2022-04-10 03:51:47.907] Epoch 020/40 ==================================================
[2022-04-10 03:51:54.896] E020 |   200/462 batches | lr 0.1562 | loss  3.888 | ppl     48.82
[2022-04-10 03:52:01.969] E020 |   400/462 batches | lr 0.1562 | loss  3.761 | ppl     43.00
[2022-04-10 03:52:04.148] E020 |   462/462 batches | lr 0.1562 | loss  3.731 | ppl     41.74
[2022-04-10 03:52:05.945] End E020 | valid loss  5.066; ppl    158.51 | accu 0.2109 = 18055/85620
[2022-04-10 03:52:12.631] End E020 |  test loss  6.862; ppl    955.01 | accu 0.1054 = 35605/337760 ../data/cbt_valid.txt
[2022-04-10 03:52:14.530] End E020 |  test loss 10.800; ppl  49011.53 | accu 0.0045 = 437/97060 ../data/adult_test.txt
[2022-04-10 03:52:14.531] Epoch 021/40 ==================================================
[2022-04-10 03:52:21.489] E021 |   200/462 batches | lr 0.0781 | loss  3.885 | ppl     48.69
[2022-04-10 03:52:28.536] E021 |   400/462 batches | lr 0.0781 | loss  3.759 | ppl     42.88
[2022-04-10 03:52:30.718] E021 |   462/462 batches | lr 0.0781 | loss  3.730 | ppl     41.68
[2022-04-10 03:52:32.484] End E021 | valid loss  5.065; ppl    158.44 | accu 0.2109 = 18058/85620
[2022-04-10 03:52:38.925] End E021 |  test loss  6.864; ppl    957.36 | accu 0.1051 = 35509/337760 ../data/cbt_valid.txt
[2022-04-10 03:52:40.780] End E021 |  test loss 10.794; ppl  48740.26 | accu 0.0045 = 440/97060 ../data/adult_test.txt
[2022-04-10 03:52:40.781] Epoch 022/40 ==================================================
[2022-04-10 03:52:47.790] E022 |   200/462 batches | lr 0.0391 | loss  3.885 | ppl     48.66
[2022-04-10 03:52:54.857] E022 |   400/462 batches | lr 0.0391 | loss  3.757 | ppl     42.80
[2022-04-10 03:52:57.054] E022 |   462/462 batches | lr 0.0391 | loss  3.727 | ppl     41.57
[2022-04-10 03:52:58.829] End E022 | valid loss  5.066; ppl    158.49 | accu 0.2110 = 18067/85620
[2022-04-10 03:53:05.493] End E022 |  test loss  6.869; ppl    962.06 | accu 0.1051 = 35500/337760 ../data/cbt_valid.txt
[2022-04-10 03:53:07.407] End E022 |  test loss 10.808; ppl  49432.03 | accu 0.0045 = 440/97060 ../data/adult_test.txt
[2022-04-10 03:53:07.407] Epoch 023/40 ==================================================
[2022-04-10 03:53:14.430] E023 |   200/462 batches | lr 0.0195 | loss  3.884 | ppl     48.62
[2022-04-10 03:53:21.496] E023 |   400/462 batches | lr 0.0195 | loss  3.759 | ppl     42.90
[2022-04-10 03:53:23.677] E023 |   462/462 batches | lr 0.0195 | loss  3.728 | ppl     41.59
[2022-04-10 03:53:25.458] End E023 | valid loss  5.065; ppl    158.32 | accu 0.2110 = 18067/85620
[2022-04-10 03:53:31.924] End E023 |  test loss  6.867; ppl    960.39 | accu 0.1050 = 35472/337760 ../data/cbt_valid.txt
[2022-04-10 03:53:33.770] End E023 |  test loss 10.803; ppl  49158.59 | accu 0.0046 = 442/97060 ../data/adult_test.txt
[2022-04-10 03:53:33.771] Epoch 024/40 ==================================================
[2022-04-10 03:53:40.774] E024 |   200/462 batches | lr 0.0098 | loss  3.885 | ppl     48.68
[2022-04-10 03:53:47.893] E024 |   400/462 batches | lr 0.0098 | loss  3.758 | ppl     42.86
[2022-04-10 03:53:50.123] E024 |   462/462 batches | lr 0.0098 | loss  3.726 | ppl     41.49
[2022-04-10 03:53:51.946] End E024 | valid loss  5.065; ppl    158.34 | accu 0.2109 = 18057/85620
[2022-04-10 03:53:58.647] End E024 |  test loss  6.867; ppl    960.35 | accu 0.1050 = 35457/337760 ../data/cbt_valid.txt
[2022-04-10 03:54:00.560] End E024 |  test loss 10.804; ppl  49234.48 | accu 0.0045 = 441/97060 ../data/adult_test.txt
[2022-04-10 03:54:00.560] Epoch 025/40 ==================================================
[2022-04-10 03:54:07.589] E025 |   200/462 batches | lr 0.0049 | loss  3.886 | ppl     48.70
[2022-04-10 03:54:14.650] E025 |   400/462 batches | lr 0.0049 | loss  3.756 | ppl     42.77
[2022-04-10 03:54:16.861] E025 |   462/462 batches | lr 0.0049 | loss  3.721 | ppl     41.30
[2022-04-10 03:54:18.652] End E025 | valid loss  5.065; ppl    158.34 | accu 0.2109 = 18060/85620
[2022-04-10 03:54:25.244] End E025 |  test loss  6.868; ppl    960.77 | accu 0.1050 = 35454/337760 ../data/cbt_valid.txt
[2022-04-10 03:54:27.087] End E025 |  test loss 10.805; ppl  49259.94 | accu 0.0045 = 441/97060 ../data/adult_test.txt
[2022-04-10 03:54:27.087] Epoch 026/40 ==================================================
[2022-04-10 03:54:34.094] E026 |   200/462 batches | lr 0.0024 | loss  3.886 | ppl     48.70
[2022-04-10 03:54:41.173] E026 |   400/462 batches | lr 0.0024 | loss  3.757 | ppl     42.83
[2022-04-10 03:54:43.383] E026 |   462/462 batches | lr 0.0024 | loss  3.723 | ppl     41.40
[2022-04-10 03:54:45.157] End E026 | valid loss  5.065; ppl    158.34 | accu 0.2109 = 18060/85620
[2022-04-10 03:54:51.800] End E026 |  test loss  6.868; ppl    960.57 | accu 0.1050 = 35450/337760 ../data/cbt_valid.txt
[2022-04-10 03:54:53.713] End E026 |  test loss 10.804; ppl  49220.20 | accu 0.0046 = 442/97060 ../data/adult_test.txt
[2022-04-10 03:54:53.713] Epoch 027/40 ==================================================
[2022-04-10 03:55:00.796] E027 |   200/462 batches | lr 0.0012 | loss  3.884 | ppl     48.62
[2022-04-10 03:55:07.876] E027 |   400/462 batches | lr 0.0012 | loss  3.757 | ppl     42.81
[2022-04-10 03:55:10.064] E027 |   462/462 batches | lr 0.0012 | loss  3.722 | ppl     41.35
[2022-04-10 03:55:11.834] End E027 | valid loss  5.065; ppl    158.35 | accu 0.2109 = 18059/85620
[2022-04-10 03:55:18.325] End E027 |  test loss  6.868; ppl    960.60 | accu 0.1049 = 35446/337760 ../data/cbt_valid.txt
[2022-04-10 03:55:20.197] End E027 |  test loss 10.804; ppl  49215.11 | accu 0.0046 = 443/97060 ../data/adult_test.txt
[2022-04-10 03:55:20.197] Epoch 028/40 ==================================================
[2022-04-10 03:55:27.170] E028 |   200/462 batches | lr 0.0006 | loss  3.880 | ppl     48.45
[2022-04-10 03:55:34.261] E028 |   400/462 batches | lr 0.0006 | loss  3.754 | ppl     42.69
[2022-04-10 03:55:36.474] E028 |   462/462 batches | lr 0.0006 | loss  3.724 | ppl     41.41
[2022-04-10 03:55:38.251] End E028 | valid loss  5.065; ppl    158.35 | accu 0.2110 = 18062/85620
[2022-04-10 03:55:44.885] End E028 |  test loss  6.867; ppl    960.53 | accu 0.1049 = 35443/337760 ../data/cbt_valid.txt
[2022-04-10 03:55:46.805] End E028 |  test loss 10.804; ppl  49209.82 | accu 0.0046 = 443/97060 ../data/adult_test.txt
[2022-04-10 03:55:46.806] Epoch 029/40 ==================================================
[2022-04-10 03:55:53.854] E029 |   200/462 batches | lr 0.0003 | loss  3.885 | ppl     48.66
[2022-04-10 03:56:00.917] E029 |   400/462 batches | lr 0.0003 | loss  3.754 | ppl     42.71
[2022-04-10 03:56:03.105] E029 |   462/462 batches | lr 0.0003 | loss  3.721 | ppl     41.32
[2022-04-10 03:56:04.875] End E029 | valid loss  5.065; ppl    158.35 | accu 0.2109 = 18061/85620
[2022-04-10 03:56:11.384] End E029 |  test loss  6.867; ppl    960.50 | accu 0.1049 = 35444/337760 ../data/cbt_valid.txt
[2022-04-10 03:56:13.226] End E029 |  test loss 10.804; ppl  49207.15 | accu 0.0046 = 443/97060 ../data/adult_test.txt
[2022-04-10 03:56:13.226] Epoch 030/40 ==================================================
[2022-04-10 03:56:20.185] E030 |   200/462 batches | lr 0.0002 | loss  3.885 | ppl     48.67
[2022-04-10 03:56:27.206] E030 |   400/462 batches | lr 0.0002 | loss  3.756 | ppl     42.79
[2022-04-10 03:56:29.384] E030 |   462/462 batches | lr 0.0002 | loss  3.721 | ppl     41.32
[2022-04-10 03:56:31.159] End E030 | valid loss  5.065; ppl    158.35 | accu 0.2109 = 18061/85620
[2022-04-10 03:56:37.783] End E030 |  test loss  6.867; ppl    960.49 | accu 0.1049 = 35444/337760 ../data/cbt_valid.txt
[2022-04-10 03:56:39.689] End E030 |  test loss 10.804; ppl  49204.95 | accu 0.0046 = 443/97060 ../data/adult_test.txt
[2022-04-10 03:56:39.689] Epoch 031/40 ==================================================
[2022-04-10 03:56:46.677] E031 |   200/462 batches | lr 0.0001 | loss  3.884 | ppl     48.63
[2022-04-10 03:56:53.679] E031 |   400/462 batches | lr 0.0001 | loss  3.757 | ppl     42.80
[2022-04-10 03:56:55.853] E031 |   462/462 batches | lr 0.0001 | loss  3.719 | ppl     41.23
[2022-04-10 03:56:57.636] End E031 | valid loss  5.065; ppl    158.35 | accu 0.2109 = 18061/85620
[2022-04-10 03:57:04.076] End E031 |  test loss  6.867; ppl    960.48 | accu 0.1049 = 35444/337760 ../data/cbt_valid.txt
[2022-04-10 03:57:05.936] End E031 |  test loss 10.804; ppl  49203.75 | accu 0.0046 = 443/97060 ../data/adult_test.txt
[2022-04-10 03:57:05.936] Epoch 032/40 ==================================================
[2022-04-10 03:57:12.858] E032 |   200/462 batches | lr 0.0000 | loss  3.883 | ppl     48.56
[2022-04-10 03:57:19.901] E032 |   400/462 batches | lr 0.0000 | loss  3.758 | ppl     42.85
[2022-04-10 03:57:22.098] E032 |   462/462 batches | lr 0.0000 | loss  3.721 | ppl     41.31
[2022-04-10 03:57:23.868] End E032 | valid loss  5.065; ppl    158.35 | accu 0.2109 = 18061/85620
[2022-04-10 03:57:30.485] End E032 |  test loss  6.867; ppl    960.47 | accu 0.1049 = 35443/337760 ../data/cbt_valid.txt
[2022-04-10 03:57:32.417] End E032 |  test loss 10.804; ppl  49202.00 | accu 0.0046 = 443/97060 ../data/adult_test.txt
[2022-04-10 03:57:32.417] Epoch 033/40 ==================================================
[2022-04-10 03:57:38.924] E033 |   200/462 batches | lr 0.0000 | loss  3.887 | ppl     48.78
[2022-04-10 03:57:45.698] E033 |   400/462 batches | lr 0.0000 | loss  3.755 | ppl     42.75
[2022-04-10 03:57:47.875] E033 |   462/462 batches | lr 0.0000 | loss  3.725 | ppl     41.46
[2022-04-10 03:57:49.650] End E033 | valid loss  5.065; ppl    158.35 | accu 0.2109 = 18061/85620
[2022-04-10 03:57:56.117] End E033 |  test loss  6.867; ppl    960.46 | accu 0.1049 = 35443/337760 ../data/cbt_valid.txt
[2022-04-10 03:57:57.971] End E033 |  test loss 10.804; ppl  49201.15 | accu 0.0046 = 443/97060 ../data/adult_test.txt
[2022-04-10 03:57:57.971] Epoch 034/40 ==================================================
[2022-04-10 03:58:04.951] E034 |   200/462 batches | lr 0.0000 | loss  3.885 | ppl     48.65
[2022-04-10 03:58:12.005] E034 |   400/462 batches | lr 0.0000 | loss  3.758 | ppl     42.84
[2022-04-10 03:58:14.234] E034 |   462/462 batches | lr 0.0000 | loss  3.723 | ppl     41.40
[2022-04-10 03:58:16.043] End E034 | valid loss  5.065; ppl    158.35 | accu 0.2109 = 18061/85620
[2022-04-10 03:58:22.680] End E034 |  test loss  6.867; ppl    960.46 | accu 0.1049 = 35443/337760 ../data/cbt_valid.txt
[2022-04-10 03:58:24.610] End E034 |  test loss 10.804; ppl  49200.77 | accu 0.0046 = 443/97060 ../data/adult_test.txt
[2022-04-10 03:58:24.610] Epoch 035/40 ==================================================
[2022-04-10 03:58:31.606] E035 |   200/462 batches | lr 0.0000 | loss  3.882 | ppl     48.53
[2022-04-10 03:58:38.688] E035 |   400/462 batches | lr 0.0000 | loss  3.757 | ppl     42.83
[2022-04-10 03:58:40.873] E035 |   462/462 batches | lr 0.0000 | loss  3.729 | ppl     41.62
[2022-04-10 03:58:42.654] End E035 | valid loss  5.065; ppl    158.35 | accu 0.2109 = 18061/85620
[2022-04-10 03:58:49.132] End E035 |  test loss  6.867; ppl    960.46 | accu 0.1049 = 35443/337760 ../data/cbt_valid.txt
[2022-04-10 03:58:50.989] End E035 |  test loss 10.804; ppl  49200.68 | accu 0.0046 = 443/97060 ../data/adult_test.txt
[2022-04-10 03:58:50.989] Epoch 036/40 ==================================================
[2022-04-10 03:58:57.993] E036 |   200/462 batches | lr 0.0000 | loss  3.884 | ppl     48.63
[2022-04-10 03:59:05.027] E036 |   400/462 batches | lr 0.0000 | loss  3.754 | ppl     42.68
[2022-04-10 03:59:07.195] E036 |   462/462 batches | lr 0.0000 | loss  3.721 | ppl     41.31
[2022-04-10 03:59:09.009] End E036 | valid loss  5.065; ppl    158.35 | accu 0.2109 = 18061/85620
[2022-04-10 03:59:15.778] End E036 |  test loss  6.867; ppl    960.46 | accu 0.1049 = 35443/337760 ../data/cbt_valid.txt
[2022-04-10 03:59:17.691] End E036 |  test loss 10.804; ppl  49200.65 | accu 0.0046 = 443/97060 ../data/adult_test.txt
[2022-04-10 03:59:17.691] Epoch 037/40 ==================================================
[2022-04-10 03:59:24.670] E037 |   200/462 batches | lr 0.0000 | loss  3.887 | ppl     48.75
[2022-04-10 03:59:31.780] E037 |   400/462 batches | lr 0.0000 | loss  3.757 | ppl     42.82
[2022-04-10 03:59:33.945] E037 |   462/462 batches | lr 0.0000 | loss  3.726 | ppl     41.52
[2022-04-10 03:59:35.742] End E037 | valid loss  5.065; ppl    158.35 | accu 0.2109 = 18061/85620
[2022-04-10 03:59:42.514] End E037 |  test loss  6.867; ppl    960.46 | accu 0.1049 = 35443/337760 ../data/cbt_valid.txt
[2022-04-10 03:59:44.441] End E037 |  test loss 10.804; ppl  49200.63 | accu 0.0046 = 443/97060 ../data/adult_test.txt
[2022-04-10 03:59:44.441] Epoch 038/40 ==================================================
[2022-04-10 03:59:51.442] E038 |   200/462 batches | lr 0.0000 | loss  3.884 | ppl     48.60
[2022-04-10 03:59:58.545] E038 |   400/462 batches | lr 0.0000 | loss  3.758 | ppl     42.84
[2022-04-10 04:00:00.734] E038 |   462/462 batches | lr 0.0000 | loss  3.721 | ppl     41.30
[2022-04-10 04:00:02.525] End E038 | valid loss  5.065; ppl    158.35 | accu 0.2109 = 18061/85620
[2022-04-10 04:00:09.199] End E038 |  test loss  6.867; ppl    960.46 | accu 0.1049 = 35443/337760 ../data/cbt_valid.txt
[2022-04-10 04:00:11.111] End E038 |  test loss 10.804; ppl  49200.63 | accu 0.0046 = 443/97060 ../data/adult_test.txt
[2022-04-10 04:00:11.111] Epoch 039/40 ==================================================
[2022-04-10 04:00:18.044] E039 |   200/462 batches | lr 0.0000 | loss  3.882 | ppl     48.53
[2022-04-10 04:00:25.075] E039 |   400/462 batches | lr 0.0000 | loss  3.757 | ppl     42.81
[2022-04-10 04:00:27.316] E039 |   462/462 batches | lr 0.0000 | loss  3.720 | ppl     41.25
[2022-04-10 04:00:29.103] End E039 | valid loss  5.065; ppl    158.35 | accu 0.2109 = 18061/85620
[2022-04-10 04:00:35.641] End E039 |  test loss  6.867; ppl    960.46 | accu 0.1049 = 35443/337760 ../data/cbt_valid.txt
[2022-04-10 04:00:37.486] End E039 |  test loss 10.804; ppl  49200.63 | accu 0.0046 = 443/97060 ../data/adult_test.txt
[2022-04-10 04:00:37.486] Epoch 040/40 ==================================================
[2022-04-10 04:00:44.472] E040 |   200/462 batches | lr 0.0000 | loss  3.891 | ppl     48.96
[2022-04-10 04:00:51.497] E040 |   400/462 batches | lr 0.0000 | loss  3.756 | ppl     42.76
[2022-04-10 04:00:53.669] E040 |   462/462 batches | lr 0.0000 | loss  3.722 | ppl     41.34
[2022-04-10 04:00:55.470] End E040 | valid loss  5.065; ppl    158.35 | accu 0.2109 = 18061/85620
[2022-04-10 04:01:02.133] End E040 |  test loss  6.867; ppl    960.46 | accu 0.1049 = 35443/337760 ../data/cbt_valid.txt
[2022-04-10 04:01:04.048] End E040 |  test loss 10.804; ppl  49200.62 | accu 0.0046 = 443/97060 ../data/adult_test.txt
[2022-04-10 04:01:10.765] End. test loss  6.84; ppl   933.38 | accu 0.1056 = 35652/337760 ../data/cbt_valid.txt
[2022-04-10 04:01:12.680] End. test loss 10.76; ppl 47047.34 | accu 0.0046 = 448/97060 ../data/adult_test.txt
[2022-04-10 04:01:12.681] =========================================================================================
