[2022-04-10 02:30:42.042] corpus.train_file_list: 1
[2022-04-10 02:30:42.042]         ../data/adolescent_train.txt
[2022-04-10 02:30:42.042] corpus.valid_file_list: 1
[2022-04-10 02:30:42.042]         ../data/adolescent_valid.txt
[2022-04-10 02:30:42.042] corpus.test_file_list: 2
[2022-04-10 02:30:42.042]         ../data/cbt_valid.txt
[2022-04-10 02:30:42.042]         ../data/adult_test.txt
[2022-04-10 02:30:42.042] corpus.subword_vocab_size: 500
[2022-04-10 02:30:42.043] corpus.subword_model.train(2 files)...
[2022-04-10 02:30:42.043]         ../data/adolescent_train.txt
[2022-04-10 02:30:42.043]         ../data/adolescent_valid.txt
[2022-04-10 02:30:42.382] corpus.subword_model.train(2 files)...Done
[2022-04-10 02:30:42.382] corpus tokenize...
[2022-04-10 02:30:43.853]         train tokens: 499326  ../data/adolescent_train.txt
[2022-04-10 02:30:44.229]         valid tokens: 128875  ../data/adolescent_valid.txt
[2022-04-10 02:30:45.435]         test  tokens: 466811  ../data/cbt_valid.txt
[2022-04-10 02:30:45.798]         test  tokens: 140636  ../data/adult_test.txt
[2022-04-10 02:30:45.798] corpus.ntokens      : 494
[2022-04-10 02:30:45.798] corpus.char_count   : 97
[2022-04-10 02:30:45.798] corpus.char_cnt_dict: 97
[2022-04-10 02:30:45.798] corpus.char_id_dict : 97
[2022-04-10 02:30:45.801] corpus.batchify(1 files, batch_size=20)...
[2022-04-10 02:30:45.801]         tokens_all: 499326
[2022-04-10 02:30:45.802]         batched   :  24966
[2022-04-10 02:30:45.802]         ../data/adolescent_train.txt
[2022-04-10 02:30:45.803] corpus.batchify(1 files, batch_size=20)...
[2022-04-10 02:30:45.803]         tokens_all: 128875
[2022-04-10 02:30:45.803]         batched   :   6443
[2022-04-10 02:30:45.803]         ../data/adolescent_valid.txt
[2022-04-10 02:30:45.806] corpus.batchify(1 files, batch_size=20)...
[2022-04-10 02:30:45.806]         tokens_all: 466811
[2022-04-10 02:30:45.806]         batched   :  23340
[2022-04-10 02:30:45.806]         ../data/cbt_valid.txt
[2022-04-10 02:30:45.807] corpus.batchify(1 files, batch_size=20)...
[2022-04-10 02:30:45.807]         tokens_all: 140636
[2022-04-10 02:30:45.807]         batched   :   7031
[2022-04-10 02:30:45.807]         ../data/adult_test.txt
[2022-04-10 02:30:45.817] RNNModel.rnn_type: LSTM
[2022-04-10 02:30:45.817] RNNModel.ntoken  : 494
[2022-04-10 02:30:45.817] RNNModel.ninp    : 200
[2022-04-10 02:30:45.817] RNNModel.nhid    : 200
[2022-04-10 02:30:45.817] RNNModel.nlayers : 2
[2022-04-10 02:30:45.817] RNNModel.dropout : 0.2
[2022-04-10 02:30:45.817] RNNModel.tie_weights: False
[2022-04-10 02:30:45.818] RNNModel.char_mode  : CNN
[2022-04-10 02:30:45.818] RNNModel.char_cnt   : 98
[2022-04-10 02:30:45.818] RNNModel.char_emsize: 25
[2022-04-10 02:30:45.818] RNNModel.char_nhid  : 200
[2022-04-10 02:30:45.818] RNNModel.char_embeds: created
[2022-04-10 02:30:45.818] RNNModel.char_cnn3  : created
[2022-04-10 02:30:45.821] Epoch 001/40 ==================================================
[2022-04-10 02:30:51.943] E001 |   200/713 batches | lr 20.0000 | loss  5.412 | ppl    224.05
[2022-04-10 02:30:58.301] E001 |   400/713 batches | lr 20.0000 | loss  4.904 | ppl    134.89
[2022-04-10 02:31:04.672] E001 |   600/713 batches | lr 20.0000 | loss  4.481 | ppl     88.30
[2022-04-10 02:31:08.302] E001 |   713/713 batches | lr 20.0000 | loss  4.219 | ppl     67.94
[2022-04-10 02:31:10.740] End E001 | valid loss  4.311; ppl     74.52 | accu 0.1553 = 20011/128840
[2022-04-10 02:31:19.371] End E001 |  test loss  4.675; ppl    107.27 | accu 0.1309 = 61100/466780 ../data/cbt_valid.txt
[2022-04-10 02:31:21.987] End E001 |  test loss  5.132; ppl    169.32 | accu 0.0724 = 10177/140600 ../data/adult_test.txt
[2022-04-10 02:31:21.987] Save: model.pt... 
[2022-04-10 02:31:21.997] Save: model.pt...Done. best_val_loss: 4.3110
[2022-04-10 02:31:21.997] Epoch 002/40 ==================================================
[2022-04-10 02:31:28.209] E002 |   200/713 batches | lr 20.0000 | loss  4.084 | ppl     59.38
[2022-04-10 02:31:34.598] E002 |   400/713 batches | lr 20.0000 | loss  3.920 | ppl     50.39
[2022-04-10 02:31:41.011] E002 |   600/713 batches | lr 20.0000 | loss  3.834 | ppl     46.27
[2022-04-10 02:31:44.614] E002 |   713/713 batches | lr 20.0000 | loss  3.776 | ppl     43.63
[2022-04-10 02:31:47.058] End E002 | valid loss  3.962; ppl     52.55 | accu 0.2101 = 27072/128840
[2022-04-10 02:31:55.412] End E002 |  test loss  4.601; ppl     99.60 | accu 0.1398 = 65243/466780 ../data/cbt_valid.txt
[2022-04-10 02:31:58.008] End E002 |  test loss  5.348; ppl    210.09 | accu 0.0709 = 9975/140600 ../data/adult_test.txt
[2022-04-10 02:31:58.008] Save: model.pt... 
[2022-04-10 02:31:58.018] Save: model.pt...Done. best_val_loss: 3.9618
[2022-04-10 02:31:58.018] Epoch 003/40 ==================================================
[2022-04-10 02:32:04.333] E003 |   200/713 batches | lr 20.0000 | loss  3.770 | ppl     43.39
[2022-04-10 02:32:10.738] E003 |   400/713 batches | lr 20.0000 | loss  3.683 | ppl     39.76
[2022-04-10 02:32:17.120] E003 |   600/713 batches | lr 20.0000 | loss  3.659 | ppl     38.83
[2022-04-10 02:32:20.733] E003 |   713/713 batches | lr 20.0000 | loss  3.635 | ppl     37.90
[2022-04-10 02:32:23.180] End E003 | valid loss  3.860; ppl     47.47 | accu 0.2252 = 29017/128840
[2022-04-10 02:32:31.564] End E003 |  test loss  4.399; ppl     81.37 | accu 0.1686 = 78708/466780 ../data/cbt_valid.txt
[2022-04-10 02:32:34.076] End E003 |  test loss  4.971; ppl    144.13 | accu 0.0997 = 14021/140600 ../data/adult_test.txt
[2022-04-10 02:32:34.076] Save: model.pt... 
[2022-04-10 02:32:34.083] Save: model.pt...Done. best_val_loss: 3.8600
[2022-04-10 02:32:34.083] Epoch 004/40 ==================================================
[2022-04-10 02:32:40.379] E004 |   200/713 batches | lr 20.0000 | loss  3.650 | ppl     38.46
[2022-04-10 02:32:46.761] E004 |   400/713 batches | lr 20.0000 | loss  3.577 | ppl     35.78
[2022-04-10 02:32:53.169] E004 |   600/713 batches | lr 20.0000 | loss  3.588 | ppl     36.15
[2022-04-10 02:32:56.789] E004 |   713/713 batches | lr 20.0000 | loss  3.558 | ppl     35.09
[2022-04-10 02:32:59.226] End E004 | valid loss  3.813; ppl     45.27 | accu 0.2320 = 29892/128840
[2022-04-10 02:33:07.878] End E004 |  test loss  4.495; ppl     89.60 | accu 0.1664 = 77651/466780 ../data/cbt_valid.txt
[2022-04-10 02:33:10.482] End E004 |  test loss  5.308; ppl    202.02 | accu 0.0893 = 12560/140600 ../data/adult_test.txt
[2022-04-10 02:33:10.482] Save: model.pt... 
[2022-04-10 02:33:10.492] Save: model.pt...Done. best_val_loss: 3.8127
[2022-04-10 02:33:10.493] Epoch 005/40 ==================================================
[2022-04-10 02:33:16.820] E005 |   200/713 batches | lr 20.0000 | loss  3.591 | ppl     36.27
[2022-04-10 02:33:23.238] E005 |   400/713 batches | lr 20.0000 | loss  3.525 | ppl     33.94
[2022-04-10 02:33:29.680] E005 |   600/713 batches | lr 20.0000 | loss  3.530 | ppl     34.12
[2022-04-10 02:33:33.298] E005 |   713/713 batches | lr 20.0000 | loss  3.509 | ppl     33.42
[2022-04-10 02:33:35.743] End E005 | valid loss  3.785; ppl     44.03 | accu 0.2375 = 30595/128840
[2022-04-10 02:33:44.132] End E005 |  test loss  4.388; ppl     80.44 | accu 0.1733 = 80872/466780 ../data/cbt_valid.txt
[2022-04-10 02:33:47.164] End E005 |  test loss  5.018; ppl    151.10 | accu 0.1035 = 14554/140600 ../data/adult_test.txt
[2022-04-10 02:33:47.164] Save: model.pt... 
[2022-04-10 02:33:47.173] Save: model.pt...Done. best_val_loss: 3.7848
[2022-04-10 02:33:47.173] Epoch 006/40 ==================================================
[2022-04-10 02:33:54.105] E006 |   200/713 batches | lr 20.0000 | loss  3.541 | ppl     34.50
[2022-04-10 02:34:00.548] E006 |   400/713 batches | lr 20.0000 | loss  3.486 | ppl     32.66
[2022-04-10 02:34:06.967] E006 |   600/713 batches | lr 20.0000 | loss  3.483 | ppl     32.54
[2022-04-10 02:34:10.578] E006 |   713/713 batches | lr 20.0000 | loss  3.478 | ppl     32.38
[2022-04-10 02:34:13.006] End E006 | valid loss  3.734; ppl     41.85 | accu 0.2459 = 31677/128840
[2022-04-10 02:34:21.420] End E006 |  test loss  4.368; ppl     78.89 | accu 0.1862 = 86908/466780 ../data/cbt_valid.txt
[2022-04-10 02:34:23.948] End E006 |  test loss  5.016; ppl    150.88 | accu 0.1069 = 15035/140600 ../data/adult_test.txt
[2022-04-10 02:34:23.948] Save: model.pt... 
[2022-04-10 02:34:23.958] Save: model.pt...Done. best_val_loss: 3.7342
[2022-04-10 02:34:23.958] Epoch 007/40 ==================================================
[2022-04-10 02:34:30.087] E007 |   200/713 batches | lr 20.0000 | loss  3.502 | ppl     33.17
[2022-04-10 02:34:36.348] E007 |   400/713 batches | lr 20.0000 | loss  3.440 | ppl     31.20
[2022-04-10 02:34:42.659] E007 |   600/713 batches | lr 20.0000 | loss  3.445 | ppl     31.36
[2022-04-10 02:34:46.267] E007 |   713/713 batches | lr 20.0000 | loss  3.438 | ppl     31.11
[2022-04-10 02:34:48.708] End E007 | valid loss  3.719; ppl     41.21 | accu 0.2497 = 32173/128840
[2022-04-10 02:34:57.340] End E007 |  test loss  4.342; ppl     76.86 | accu 0.1873 = 87442/466780 ../data/cbt_valid.txt
[2022-04-10 02:34:59.922] End E007 |  test loss  4.957; ppl    142.16 | accu 0.1140 = 16026/140600 ../data/adult_test.txt
[2022-04-10 02:34:59.922] Save: model.pt... 
[2022-04-10 02:34:59.935] Save: model.pt...Done. best_val_loss: 3.7186
[2022-04-10 02:34:59.935] Epoch 008/40 ==================================================
[2022-04-10 02:35:06.247] E008 |   200/713 batches | lr 20.0000 | loss  3.465 | ppl     31.96
[2022-04-10 02:35:12.638] E008 |   400/713 batches | lr 20.0000 | loss  3.416 | ppl     30.46
[2022-04-10 02:35:19.026] E008 |   600/713 batches | lr 20.0000 | loss  3.423 | ppl     30.67
[2022-04-10 02:35:22.639] E008 |   713/713 batches | lr 20.0000 | loss  3.409 | ppl     30.24
[2022-04-10 02:35:25.084] End E008 | valid loss  3.692; ppl     40.11 | accu 0.2530 = 32599/128840
[2022-04-10 02:35:33.464] End E008 |  test loss  4.350; ppl     77.50 | accu 0.1858 = 86706/466780 ../data/cbt_valid.txt
[2022-04-10 02:35:36.055] End E008 |  test loss  4.993; ppl    147.45 | accu 0.1128 = 15862/140600 ../data/adult_test.txt
[2022-04-10 02:35:36.055] Save: model.pt... 
[2022-04-10 02:35:36.065] Save: model.pt...Done. best_val_loss: 3.6916
[2022-04-10 02:35:36.065] Epoch 009/40 ==================================================
[2022-04-10 02:35:42.391] E009 |   200/713 batches | lr 20.0000 | loss  3.440 | ppl     31.18
[2022-04-10 02:35:48.785] E009 |   400/713 batches | lr 20.0000 | loss  3.386 | ppl     29.54
[2022-04-10 02:35:55.197] E009 |   600/713 batches | lr 20.0000 | loss  3.393 | ppl     29.75
[2022-04-10 02:35:58.807] E009 |   713/713 batches | lr 20.0000 | loss  3.386 | ppl     29.55
[2022-04-10 02:36:01.244] End E009 | valid loss  3.716; ppl     41.11 | accu 0.2479 = 31933/128840
[2022-04-10 02:36:09.604] End E009 |  test loss  4.288; ppl     72.80 | accu 0.1996 = 93178/466780 ../data/cbt_valid.txt
[2022-04-10 02:36:12.134] End E009 |  test loss  4.929; ppl    138.22 | accu 0.1192 = 16764/140600 ../data/adult_test.txt
[2022-04-10 02:36:12.134] Epoch 010/40 ==================================================
[2022-04-10 02:36:18.395] E010 |   200/713 batches | lr 10.0000 | loss  3.338 | ppl     28.16
[2022-04-10 02:36:24.748] E010 |   400/713 batches | lr 10.0000 | loss  3.246 | ppl     25.70
[2022-04-10 02:36:31.103] E010 |   600/713 batches | lr 10.0000 | loss  3.233 | ppl     25.36
[2022-04-10 02:36:34.688] E010 |   713/713 batches | lr 10.0000 | loss  3.219 | ppl     25.01
[2022-04-10 02:36:37.093] End E010 | valid loss  3.603; ppl     36.71 | accu 0.2665 = 34338/128840
[2022-04-10 02:36:45.797] End E010 |  test loss  4.258; ppl     70.67 | accu 0.2069 = 96562/466780 ../data/cbt_valid.txt
[2022-04-10 02:36:48.390] End E010 |  test loss  4.976; ppl    144.90 | accu 0.1264 = 17770/140600 ../data/adult_test.txt
[2022-04-10 02:36:48.390] Save: model.pt... 
[2022-04-10 02:36:48.400] Save: model.pt...Done. best_val_loss: 3.6030
[2022-04-10 02:36:48.400] Epoch 011/40 ==================================================
[2022-04-10 02:36:54.688] E011 |   200/713 batches | lr 10.0000 | loss  3.263 | ppl     26.12
[2022-04-10 02:37:01.064] E011 |   400/713 batches | lr 10.0000 | loss  3.203 | ppl     24.61
[2022-04-10 02:37:07.429] E011 |   600/713 batches | lr 10.0000 | loss  3.199 | ppl     24.52
[2022-04-10 02:37:11.033] E011 |   713/713 batches | lr 10.0000 | loss  3.190 | ppl     24.29
[2022-04-10 02:37:13.460] End E011 | valid loss  3.565; ppl     35.33 | accu 0.2753 = 35470/128840
[2022-04-10 02:37:21.836] End E011 |  test loss  4.297; ppl     73.49 | accu 0.2033 = 94899/466780 ../data/cbt_valid.txt
[2022-04-10 02:37:24.332] End E011 |  test loss  5.058; ppl    157.26 | accu 0.1224 = 17209/140600 ../data/adult_test.txt
[2022-04-10 02:37:24.332] Save: model.pt... 
[2022-04-10 02:37:24.342] Save: model.pt...Done. best_val_loss: 3.5648
[2022-04-10 02:37:24.342] Epoch 012/40 ==================================================
[2022-04-10 02:37:30.605] E012 |   200/713 batches | lr 10.0000 | loss  3.233 | ppl     25.34
[2022-04-10 02:37:36.956] E012 |   400/713 batches | lr 10.0000 | loss  3.177 | ppl     23.97
[2022-04-10 02:37:43.334] E012 |   600/713 batches | lr 10.0000 | loss  3.180 | ppl     24.04
[2022-04-10 02:37:46.934] E012 |   713/713 batches | lr 10.0000 | loss  3.168 | ppl     23.76
[2022-04-10 02:37:49.355] End E012 | valid loss  3.544; ppl     34.59 | accu 0.2792 = 35973/128840
[2022-04-10 02:37:57.727] End E012 |  test loss  4.312; ppl     74.57 | accu 0.1999 = 93305/466780 ../data/cbt_valid.txt
[2022-04-10 02:38:00.232] End E012 |  test loss  5.084; ppl    161.40 | accu 0.1238 = 17407/140600 ../data/adult_test.txt
[2022-04-10 02:38:00.233] Save: model.pt... 
[2022-04-10 02:38:00.240] Save: model.pt...Done. best_val_loss: 3.5437
[2022-04-10 02:38:00.240] Epoch 013/40 ==================================================
[2022-04-10 02:38:06.584] E013 |   200/713 batches | lr 10.0000 | loss  3.211 | ppl     24.80
[2022-04-10 02:38:12.951] E013 |   400/713 batches | lr 10.0000 | loss  3.155 | ppl     23.45
[2022-04-10 02:38:19.329] E013 |   600/713 batches | lr 10.0000 | loss  3.161 | ppl     23.60
[2022-04-10 02:38:22.926] E013 |   713/713 batches | lr 10.0000 | loss  3.155 | ppl     23.45
[2022-04-10 02:38:25.380] End E013 | valid loss  3.539; ppl     34.43 | accu 0.2798 = 36054/128840
[2022-04-10 02:38:34.039] End E013 |  test loss  4.300; ppl     73.72 | accu 0.2009 = 93791/466780 ../data/cbt_valid.txt
[2022-04-10 02:38:36.651] End E013 |  test loss  5.123; ppl    167.86 | accu 0.1223 = 17195/140600 ../data/adult_test.txt
[2022-04-10 02:38:36.651] Save: model.pt... 
[2022-04-10 02:38:36.661] Save: model.pt...Done. best_val_loss: 3.5390
[2022-04-10 02:38:36.661] Epoch 014/40 ==================================================
[2022-04-10 02:38:42.940] E014 |   200/713 batches | lr 10.0000 | loss  3.191 | ppl     24.30
[2022-04-10 02:38:49.306] E014 |   400/713 batches | lr 10.0000 | loss  3.140 | ppl     23.10
[2022-04-10 02:38:55.671] E014 |   600/713 batches | lr 10.0000 | loss  3.144 | ppl     23.20
[2022-04-10 02:38:59.272] E014 |   713/713 batches | lr 10.0000 | loss  3.141 | ppl     23.12
[2022-04-10 02:39:01.725] End E014 | valid loss  3.530; ppl     34.13 | accu 0.2812 = 36226/128840
[2022-04-10 02:39:10.077] End E014 |  test loss  4.318; ppl     75.01 | accu 0.2015 = 94068/466780 ../data/cbt_valid.txt
[2022-04-10 02:39:12.587] End E014 |  test loss  5.086; ppl    161.80 | accu 0.1240 = 17438/140600 ../data/adult_test.txt
[2022-04-10 02:39:12.587] Save: model.pt... 
[2022-04-10 02:39:12.595] Save: model.pt...Done. best_val_loss: 3.5303
[2022-04-10 02:39:12.595] Epoch 015/40 ==================================================
[2022-04-10 02:39:18.898] E015 |   200/713 batches | lr 10.0000 | loss  3.175 | ppl     23.92
[2022-04-10 02:39:25.298] E015 |   400/713 batches | lr 10.0000 | loss  3.124 | ppl     22.74
[2022-04-10 02:39:31.672] E015 |   600/713 batches | lr 10.0000 | loss  3.128 | ppl     22.84
[2022-04-10 02:39:35.276] E015 |   713/713 batches | lr 10.0000 | loss  3.123 | ppl     22.72
[2022-04-10 02:39:37.709] End E015 | valid loss  3.542; ppl     34.52 | accu 0.2807 = 36171/128840
[2022-04-10 02:39:46.095] End E015 |  test loss  4.299; ppl     73.66 | accu 0.2037 = 95087/466780 ../data/cbt_valid.txt
[2022-04-10 02:39:48.604] End E015 |  test loss  5.116; ppl    166.64 | accu 0.1215 = 17087/140600 ../data/adult_test.txt
[2022-04-10 02:39:48.604] Epoch 016/40 ==================================================
[2022-04-10 02:39:54.897] E016 |   200/713 batches | lr 5.0000 | loss  3.136 | ppl     23.02
[2022-04-10 02:40:01.303] E016 |   400/713 batches | lr 5.0000 | loss  3.062 | ppl     21.37
[2022-04-10 02:40:07.687] E016 |   600/713 batches | lr 5.0000 | loss  3.052 | ppl     21.17
[2022-04-10 02:40:11.286] E016 |   713/713 batches | lr 5.0000 | loss  3.036 | ppl     20.82
[2022-04-10 02:40:13.720] End E016 | valid loss  3.490; ppl     32.78 | accu 0.2924 = 37669/128840
[2022-04-10 02:40:22.349] End E016 |  test loss  4.419; ppl     82.98 | accu 0.2011 = 93853/466780 ../data/cbt_valid.txt
[2022-04-10 02:40:24.952] End E016 |  test loss  5.432; ppl    228.69 | accu 0.1167 = 16409/140600 ../data/adult_test.txt
[2022-04-10 02:40:24.952] Save: model.pt... 
[2022-04-10 02:40:24.963] Save: model.pt...Done. best_val_loss: 3.4898
[2022-04-10 02:40:24.963] Epoch 017/40 ==================================================
[2022-04-10 02:40:31.250] E017 |   200/713 batches | lr 5.0000 | loss  3.099 | ppl     22.18
[2022-04-10 02:40:37.583] E017 |   400/713 batches | lr 5.0000 | loss  3.039 | ppl     20.88
[2022-04-10 02:40:43.948] E017 |   600/713 batches | lr 5.0000 | loss  3.036 | ppl     20.82
[2022-04-10 02:40:47.546] E017 |   713/713 batches | lr 5.0000 | loss  3.024 | ppl     20.57
[2022-04-10 02:40:49.982] End E017 | valid loss  3.526; ppl     34.00 | accu 0.2814 = 36250/128840
[2022-04-10 02:40:58.403] End E017 |  test loss  4.273; ppl     71.75 | accu 0.2118 = 98875/466780 ../data/cbt_valid.txt
[2022-04-10 02:41:00.937] End E017 |  test loss  5.207; ppl    182.49 | accu 0.1244 = 17496/140600 ../data/adult_test.txt
[2022-04-10 02:41:00.937] Epoch 018/40 ==================================================
[2022-04-10 02:41:07.214] E018 |   200/713 batches | lr 2.5000 | loss  3.070 | ppl     21.53
[2022-04-10 02:41:13.591] E018 |   400/713 batches | lr 2.5000 | loss  3.003 | ppl     20.15
[2022-04-10 02:41:19.934] E018 |   600/713 batches | lr 2.5000 | loss  2.992 | ppl     19.92
[2022-04-10 02:41:23.521] E018 |   713/713 batches | lr 2.5000 | loss  2.976 | ppl     19.61
[2022-04-10 02:41:25.964] End E018 | valid loss  3.466; ppl     32.02 | accu 0.2963 = 38174/128840
[2022-04-10 02:41:34.588] End E018 |  test loss  4.418; ppl     82.91 | accu 0.2042 = 95296/466780 ../data/cbt_valid.txt
[2022-04-10 02:41:37.188] End E018 |  test loss  5.523; ppl    250.27 | accu 0.1172 = 16477/140600 ../data/adult_test.txt
[2022-04-10 02:41:37.188] Save: model.pt... 
[2022-04-10 02:41:37.198] Save: model.pt...Done. best_val_loss: 3.4664
[2022-04-10 02:41:37.198] Epoch 019/40 ==================================================
[2022-04-10 02:41:43.691] E019 |   200/713 batches | lr 2.5000 | loss  3.049 | ppl     21.09
[2022-04-10 02:41:50.151] E019 |   400/713 batches | lr 2.5000 | loss  2.989 | ppl     19.87
[2022-04-10 02:41:56.563] E019 |   600/713 batches | lr 2.5000 | loss  2.984 | ppl     19.77
[2022-04-10 02:42:00.158] E019 |   713/713 batches | lr 2.5000 | loss  2.974 | ppl     19.57
[2022-04-10 02:42:02.611] End E019 | valid loss  3.459; ppl     31.79 | accu 0.2976 = 38342/128840
[2022-04-10 02:42:10.975] End E019 |  test loss  4.528; ppl     92.61 | accu 0.2019 = 94251/466780 ../data/cbt_valid.txt
[2022-04-10 02:42:13.551] End E019 |  test loss  5.738; ppl    310.31 | accu 0.1136 = 15974/140600 ../data/adult_test.txt
[2022-04-10 02:42:13.551] Save: model.pt... 
[2022-04-10 02:42:13.561] Save: model.pt...Done. best_val_loss: 3.4593
[2022-04-10 02:42:13.561] Epoch 020/40 ==================================================
[2022-04-10 02:42:19.891] E020 |   200/713 batches | lr 2.5000 | loss  3.037 | ppl     20.83
[2022-04-10 02:42:26.244] E020 |   400/713 batches | lr 2.5000 | loss  2.977 | ppl     19.64
[2022-04-10 02:42:32.625] E020 |   600/713 batches | lr 2.5000 | loss  2.978 | ppl     19.65
[2022-04-10 02:42:36.224] E020 |   713/713 batches | lr 2.5000 | loss  2.968 | ppl     19.45
[2022-04-10 02:42:38.649] End E020 | valid loss  3.464; ppl     31.93 | accu 0.2950 = 38013/128840
[2022-04-10 02:42:47.019] End E020 |  test loss  4.390; ppl     80.61 | accu 0.2084 = 97256/466780 ../data/cbt_valid.txt
[2022-04-10 02:42:49.532] End E020 |  test loss  5.503; ppl    245.48 | accu 0.1174 = 16510/140600 ../data/adult_test.txt
[2022-04-10 02:42:49.532] Epoch 021/40 ==================================================
[2022-04-10 02:42:55.836] E021 |   200/713 batches | lr 1.2500 | loss  3.023 | ppl     20.56
[2022-04-10 02:43:02.205] E021 |   400/713 batches | lr 1.2500 | loss  2.961 | ppl     19.32
[2022-04-10 02:43:08.563] E021 |   600/713 batches | lr 1.2500 | loss  2.955 | ppl     19.20
[2022-04-10 02:43:12.175] E021 |   713/713 batches | lr 1.2500 | loss  2.940 | ppl     18.93
[2022-04-10 02:43:14.616] End E021 | valid loss  3.448; ppl     31.44 | accu 0.2997 = 38617/128840
[2022-04-10 02:43:23.216] End E021 |  test loss  4.567; ppl     96.30 | accu 0.2008 = 93747/466780 ../data/cbt_valid.txt
[2022-04-10 02:43:25.814] End E021 |  test loss  5.798; ppl    329.63 | accu 0.1129 = 15869/140600 ../data/adult_test.txt
[2022-04-10 02:43:25.814] Save: model.pt... 
[2022-04-10 02:43:25.824] Save: model.pt...Done. best_val_loss: 3.4481
[2022-04-10 02:43:25.824] Epoch 022/40 ==================================================
[2022-04-10 02:43:32.130] E022 |   200/713 batches | lr 1.2500 | loss  3.014 | ppl     20.38
[2022-04-10 02:43:38.504] E022 |   400/713 batches | lr 1.2500 | loss  2.955 | ppl     19.21
[2022-04-10 02:43:44.881] E022 |   600/713 batches | lr 1.2500 | loss  2.955 | ppl     19.20
[2022-04-10 02:43:48.478] E022 |   713/713 batches | lr 1.2500 | loss  2.940 | ppl     18.92
[2022-04-10 02:43:50.931] End E022 | valid loss  3.450; ppl     31.50 | accu 0.2993 = 38558/128840
[2022-04-10 02:43:59.283] End E022 |  test loss  4.536; ppl     93.35 | accu 0.2034 = 94965/466780 ../data/cbt_valid.txt
[2022-04-10 02:44:01.803] End E022 |  test loss  5.795; ppl    328.68 | accu 0.1129 = 15867/140600 ../data/adult_test.txt
[2022-04-10 02:44:01.803] Epoch 023/40 ==================================================
[2022-04-10 02:44:08.104] E023 |   200/713 batches | lr 0.6250 | loss  3.007 | ppl     20.23
[2022-04-10 02:44:14.467] E023 |   400/713 batches | lr 0.6250 | loss  2.945 | ppl     19.00
[2022-04-10 02:44:20.856] E023 |   600/713 batches | lr 0.6250 | loss  2.939 | ppl     18.89
[2022-04-10 02:44:24.427] E023 |   713/713 batches | lr 0.6250 | loss  2.930 | ppl     18.72
[2022-04-10 02:44:27.156] End E023 | valid loss  3.443; ppl     31.29 | accu 0.3004 = 38703/128840
[2022-04-10 02:44:35.629] End E023 |  test loss  4.573; ppl     96.84 | accu 0.2025 = 94544/466780 ../data/cbt_valid.txt
[2022-04-10 02:44:38.149] End E023 |  test loss  5.852; ppl    347.83 | accu 0.1125 = 15817/140600 ../data/adult_test.txt
[2022-04-10 02:44:38.149] Save: model.pt... 
[2022-04-10 02:44:38.160] Save: model.pt...Done. best_val_loss: 3.4434
[2022-04-10 02:44:38.160] Epoch 024/40 ==================================================
[2022-04-10 02:44:44.429] E024 |   200/713 batches | lr 0.6250 | loss  3.001 | ppl     20.10
[2022-04-10 02:44:50.780] E024 |   400/713 batches | lr 0.6250 | loss  2.943 | ppl     18.97
[2022-04-10 02:44:57.135] E024 |   600/713 batches | lr 0.6250 | loss  2.938 | ppl     18.88
[2022-04-10 02:45:00.733] E024 |   713/713 batches | lr 0.6250 | loss  2.921 | ppl     18.56
[2022-04-10 02:45:03.167] End E024 | valid loss  3.442; ppl     31.26 | accu 0.3006 = 38735/128840
[2022-04-10 02:45:11.867] End E024 |  test loss  4.581; ppl     97.59 | accu 0.2013 = 93955/466780 ../data/cbt_valid.txt
[2022-04-10 02:45:14.497] End E024 |  test loss  5.848; ppl    346.55 | accu 0.1124 = 15802/140600 ../data/adult_test.txt
[2022-04-10 02:45:14.497] Save: model.pt... 
[2022-04-10 02:45:14.507] Save: model.pt...Done. best_val_loss: 3.4424
[2022-04-10 02:45:14.507] Epoch 025/40 ==================================================
[2022-04-10 02:45:20.813] E025 |   200/713 batches | lr 0.6250 | loss  2.998 | ppl     20.04
[2022-04-10 02:45:27.172] E025 |   400/713 batches | lr 0.6250 | loss  2.940 | ppl     18.91
[2022-04-10 02:45:33.525] E025 |   600/713 batches | lr 0.6250 | loss  2.937 | ppl     18.86
[2022-04-10 02:45:37.113] E025 |   713/713 batches | lr 0.6250 | loss  2.925 | ppl     18.64
[2022-04-10 02:45:39.539] End E025 | valid loss  3.441; ppl     31.20 | accu 0.3013 = 38816/128840
[2022-04-10 02:45:47.959] End E025 |  test loss  4.578; ppl     97.33 | accu 0.2022 = 94363/466780 ../data/cbt_valid.txt
[2022-04-10 02:45:50.494] End E025 |  test loss  5.860; ppl    350.57 | accu 0.1125 = 15812/140600 ../data/adult_test.txt
[2022-04-10 02:45:50.495] Save: model.pt... 
[2022-04-10 02:45:50.505] Save: model.pt...Done. best_val_loss: 3.4406
[2022-04-10 02:45:50.505] Epoch 026/40 ==================================================
[2022-04-10 02:45:56.797] E026 |   200/713 batches | lr 0.6250 | loss  2.995 | ppl     19.98
[2022-04-10 02:46:03.154] E026 |   400/713 batches | lr 0.6250 | loss  2.937 | ppl     18.86
[2022-04-10 02:46:09.513] E026 |   600/713 batches | lr 0.6250 | loss  2.931 | ppl     18.76
[2022-04-10 02:46:13.118] E026 |   713/713 batches | lr 0.6250 | loss  2.919 | ppl     18.53
[2022-04-10 02:46:15.551] End E026 | valid loss  3.441; ppl     31.20 | accu 0.3013 = 38822/128840
[2022-04-10 02:46:24.003] End E026 |  test loss  4.622; ppl    101.67 | accu 0.2014 = 93997/466780 ../data/cbt_valid.txt
[2022-04-10 02:46:26.514] End E026 |  test loss  5.988; ppl    398.66 | accu 0.1100 = 15470/140600 ../data/adult_test.txt
[2022-04-10 02:46:26.514] Epoch 027/40 ==================================================
[2022-04-10 02:46:32.744] E027 |   200/713 batches | lr 0.3125 | loss  2.993 | ppl     19.96
[2022-04-10 02:46:39.108] E027 |   400/713 batches | lr 0.3125 | loss  2.934 | ppl     18.81
[2022-04-10 02:46:45.495] E027 |   600/713 batches | lr 0.3125 | loss  2.929 | ppl     18.71
[2022-04-10 02:46:49.085] E027 |   713/713 batches | lr 0.3125 | loss  2.915 | ppl     18.45
[2022-04-10 02:46:51.519] End E027 | valid loss  3.439; ppl     31.14 | accu 0.3019 = 38893/128840
[2022-04-10 02:47:00.090] End E027 |  test loss  4.616; ppl    101.08 | accu 0.2021 = 94356/466780 ../data/cbt_valid.txt
[2022-04-10 02:47:02.661] End E027 |  test loss  5.988; ppl    398.81 | accu 0.1100 = 15464/140600 ../data/adult_test.txt
[2022-04-10 02:47:02.661] Save: model.pt... 
[2022-04-10 02:47:02.672] Save: model.pt...Done. best_val_loss: 3.4386
[2022-04-10 02:47:02.672] Epoch 028/40 ==================================================
[2022-04-10 02:47:08.988] E028 |   200/713 batches | lr 0.3125 | loss  2.988 | ppl     19.84
[2022-04-10 02:47:15.355] E028 |   400/713 batches | lr 0.3125 | loss  2.930 | ppl     18.72
[2022-04-10 02:47:21.731] E028 |   600/713 batches | lr 0.3125 | loss  2.928 | ppl     18.69
[2022-04-10 02:47:25.330] E028 |   713/713 batches | lr 0.3125 | loss  2.908 | ppl     18.32
[2022-04-10 02:47:27.752] End E028 | valid loss  3.436; ppl     31.08 | accu 0.3018 = 38879/128840
[2022-04-10 02:47:36.113] End E028 |  test loss  4.611; ppl    100.60 | accu 0.2021 = 94337/466780 ../data/cbt_valid.txt
[2022-04-10 02:47:38.623] End E028 |  test loss  5.976; ppl    393.84 | accu 0.1102 = 15493/140600 ../data/adult_test.txt
[2022-04-10 02:47:38.623] Save: model.pt... 
[2022-04-10 02:47:38.633] Save: model.pt...Done. best_val_loss: 3.4365
[2022-04-10 02:47:38.633] Epoch 029/40 ==================================================
[2022-04-10 02:47:44.951] E029 |   200/713 batches | lr 0.3125 | loss  2.985 | ppl     19.79
[2022-04-10 02:47:51.330] E029 |   400/713 batches | lr 0.3125 | loss  2.929 | ppl     18.71
[2022-04-10 02:47:57.704] E029 |   600/713 batches | lr 0.3125 | loss  2.923 | ppl     18.59
[2022-04-10 02:48:01.322] E029 |   713/713 batches | lr 0.3125 | loss  2.914 | ppl     18.42
[2022-04-10 02:48:03.751] End E029 | valid loss  3.437; ppl     31.08 | accu 0.3021 = 38929/128840
[2022-04-10 02:48:12.171] End E029 |  test loss  4.606; ppl    100.13 | accu 0.2023 = 94409/466780 ../data/cbt_valid.txt
[2022-04-10 02:48:14.687] End E029 |  test loss  5.965; ppl    389.70 | accu 0.1104 = 15517/140600 ../data/adult_test.txt
[2022-04-10 02:48:14.687] Epoch 030/40 ==================================================
[2022-04-10 02:48:20.996] E030 |   200/713 batches | lr 0.1562 | loss  2.985 | ppl     19.79
[2022-04-10 02:48:27.365] E030 |   400/713 batches | lr 0.1562 | loss  2.926 | ppl     18.65
[2022-04-10 02:48:33.709] E030 |   600/713 batches | lr 0.1562 | loss  2.925 | ppl     18.63
[2022-04-10 02:48:37.308] E030 |   713/713 batches | lr 0.1562 | loss  2.908 | ppl     18.32
[2022-04-10 02:48:39.734] End E030 | valid loss  3.436; ppl     31.07 | accu 0.3019 = 38895/128840
[2022-04-10 02:48:48.399] End E030 |  test loss  4.618; ppl    101.29 | accu 0.2022 = 94362/466780 ../data/cbt_valid.txt
[2022-04-10 02:48:50.997] End E030 |  test loss  6.009; ppl    407.03 | accu 0.1095 = 15399/140600 ../data/adult_test.txt
[2022-04-10 02:48:50.997] Save: model.pt... 
[2022-04-10 02:48:51.007] Save: model.pt...Done. best_val_loss: 3.4363
[2022-04-10 02:48:51.007] Epoch 031/40 ==================================================
[2022-04-10 02:48:57.317] E031 |   200/713 batches | lr 0.1562 | loss  2.984 | ppl     19.77
[2022-04-10 02:49:03.665] E031 |   400/713 batches | lr 0.1562 | loss  2.926 | ppl     18.66
[2022-04-10 02:49:10.006] E031 |   600/713 batches | lr 0.1562 | loss  2.922 | ppl     18.58
[2022-04-10 02:49:13.596] E031 |   713/713 batches | lr 0.1562 | loss  2.912 | ppl     18.39
[2022-04-10 02:49:16.049] End E031 | valid loss  3.436; ppl     31.07 | accu 0.3018 = 38890/128840
[2022-04-10 02:49:24.438] End E031 |  test loss  4.639; ppl    103.41 | accu 0.2018 = 94219/466780 ../data/cbt_valid.txt
[2022-04-10 02:49:26.972] End E031 |  test loss  6.059; ppl    427.91 | accu 0.1089 = 15307/140600 ../data/adult_test.txt
[2022-04-10 02:49:26.973] Epoch 032/40 ==================================================
[2022-04-10 02:49:33.272] E032 |   200/713 batches | lr 0.0781 | loss  2.986 | ppl     19.82
[2022-04-10 02:49:39.641] E032 |   400/713 batches | lr 0.0781 | loss  2.923 | ppl     18.60
[2022-04-10 02:49:46.015] E032 |   600/713 batches | lr 0.0781 | loss  2.918 | ppl     18.50
[2022-04-10 02:49:49.628] E032 |   713/713 batches | lr 0.0781 | loss  2.907 | ppl     18.31
[2022-04-10 02:49:52.055] End E032 | valid loss  3.435; ppl     31.05 | accu 0.3021 = 38917/128840
[2022-04-10 02:50:00.438] End E032 |  test loss  4.625; ppl    102.00 | accu 0.2023 = 94409/466780 ../data/cbt_valid.txt
[2022-04-10 02:50:02.955] End E032 |  test loss  6.031; ppl    415.97 | accu 0.1092 = 15353/140600 ../data/adult_test.txt
[2022-04-10 02:50:02.955] Save: model.pt... 
[2022-04-10 02:50:02.966] Save: model.pt...Done. best_val_loss: 3.4355
[2022-04-10 02:50:02.966] Epoch 033/40 ==================================================
[2022-04-10 02:50:09.268] E033 |   200/713 batches | lr 0.0781 | loss  2.981 | ppl     19.71
[2022-04-10 02:50:15.618] E033 |   400/713 batches | lr 0.0781 | loss  2.924 | ppl     18.61
[2022-04-10 02:50:21.947] E033 |   600/713 batches | lr 0.0781 | loss  2.920 | ppl     18.54
[2022-04-10 02:50:25.534] E033 |   713/713 batches | lr 0.0781 | loss  2.910 | ppl     18.35
[2022-04-10 02:50:27.980] End E033 | valid loss  3.435; ppl     31.04 | accu 0.3021 = 38921/128840
[2022-04-10 02:50:36.714] End E033 |  test loss  4.627; ppl    102.24 | accu 0.2023 = 94420/466780 ../data/cbt_valid.txt
[2022-04-10 02:50:39.323] End E033 |  test loss  6.032; ppl    416.68 | accu 0.1092 = 15351/140600 ../data/adult_test.txt
[2022-04-10 02:50:39.323] Save: model.pt... 
[2022-04-10 02:50:39.333] Save: model.pt...Done. best_val_loss: 3.4354
[2022-04-10 02:50:39.333] Epoch 034/40 ==================================================
[2022-04-10 02:50:45.642] E034 |   200/713 batches | lr 0.0781 | loss  2.983 | ppl     19.74
[2022-04-10 02:50:52.005] E034 |   400/713 batches | lr 0.0781 | loss  2.925 | ppl     18.64
[2022-04-10 02:50:58.359] E034 |   600/713 batches | lr 0.0781 | loss  2.919 | ppl     18.53
[2022-04-10 02:51:01.947] E034 |   713/713 batches | lr 0.0781 | loss  2.910 | ppl     18.36
[2022-04-10 02:51:04.387] End E034 | valid loss  3.435; ppl     31.04 | accu 0.3021 = 38928/128840
[2022-04-10 02:51:12.778] End E034 |  test loss  4.619; ppl    101.41 | accu 0.2023 = 94424/466780 ../data/cbt_valid.txt
[2022-04-10 02:51:15.388] End E034 |  test loss  6.021; ppl    412.12 | accu 0.1094 = 15378/140600 ../data/adult_test.txt
[2022-04-10 02:51:15.389] Save: model.pt... 
[2022-04-10 02:51:15.396] Save: model.pt...Done. best_val_loss: 3.4353
[2022-04-10 02:51:15.396] Epoch 035/40 ==================================================
[2022-04-10 02:51:21.631] E035 |   200/713 batches | lr 0.0781 | loss  2.982 | ppl     19.72
[2022-04-10 02:51:27.978] E035 |   400/713 batches | lr 0.0781 | loss  2.924 | ppl     18.62
[2022-04-10 02:51:34.389] E035 |   600/713 batches | lr 0.0781 | loss  2.920 | ppl     18.53
[2022-04-10 02:51:37.985] E035 |   713/713 batches | lr 0.0781 | loss  2.907 | ppl     18.30
[2022-04-10 02:51:40.478] End E035 | valid loss  3.435; ppl     31.04 | accu 0.3019 = 38900/128840
[2022-04-10 02:51:48.912] End E035 |  test loss  4.617; ppl    101.20 | accu 0.2026 = 94555/466780 ../data/cbt_valid.txt
[2022-04-10 02:51:51.446] End E035 |  test loss  6.012; ppl    408.13 | accu 0.1097 = 15421/140600 ../data/adult_test.txt
[2022-04-10 02:51:51.446] Save: model.pt... 
[2022-04-10 02:51:51.457] Save: model.pt...Done. best_val_loss: 3.4352
[2022-04-10 02:51:51.457] Epoch 036/40 ==================================================
[2022-04-10 02:51:57.732] E036 |   200/713 batches | lr 0.0781 | loss  2.981 | ppl     19.71
[2022-04-10 02:52:04.217] E036 |   400/713 batches | lr 0.0781 | loss  2.924 | ppl     18.62
[2022-04-10 02:52:10.611] E036 |   600/713 batches | lr 0.0781 | loss  2.919 | ppl     18.52
[2022-04-10 02:52:14.214] E036 |   713/713 batches | lr 0.0781 | loss  2.904 | ppl     18.24
[2022-04-10 02:52:16.658] End E036 | valid loss  3.435; ppl     31.03 | accu 0.3022 = 38936/128840
[2022-04-10 02:52:25.289] End E036 |  test loss  4.637; ppl    103.24 | accu 0.2021 = 94334/466780 ../data/cbt_valid.txt
[2022-04-10 02:52:27.891] End E036 |  test loss  6.062; ppl    429.25 | accu 0.1089 = 15309/140600 ../data/adult_test.txt
[2022-04-10 02:52:27.891] Save: model.pt... 
[2022-04-10 02:52:27.901] Save: model.pt...Done. best_val_loss: 3.4349
[2022-04-10 02:52:27.901] Epoch 037/40 ==================================================
[2022-04-10 02:52:34.202] E037 |   200/713 batches | lr 0.0781 | loss  2.981 | ppl     19.71
[2022-04-10 02:52:40.588] E037 |   400/713 batches | lr 0.0781 | loss  2.922 | ppl     18.58
[2022-04-10 02:52:46.942] E037 |   600/713 batches | lr 0.0781 | loss  2.922 | ppl     18.58
[2022-04-10 02:52:50.530] E037 |   713/713 batches | lr 0.0781 | loss  2.909 | ppl     18.34
[2022-04-10 02:52:52.967] End E037 | valid loss  3.435; ppl     31.02 | accu 0.3022 = 38934/128840
[2022-04-10 02:53:01.348] End E037 |  test loss  4.635; ppl    103.06 | accu 0.2021 = 94353/466780 ../data/cbt_valid.txt
[2022-04-10 02:53:03.948] End E037 |  test loss  6.057; ppl    427.17 | accu 0.1090 = 15327/140600 ../data/adult_test.txt
[2022-04-10 02:53:03.948] Save: model.pt... 
[2022-04-10 02:53:03.958] Save: model.pt...Done. best_val_loss: 3.4346
[2022-04-10 02:53:03.958] Epoch 038/40 ==================================================
[2022-04-10 02:53:10.261] E038 |   200/713 batches | lr 0.0781 | loss  2.979 | ppl     19.68
[2022-04-10 02:53:16.648] E038 |   400/713 batches | lr 0.0781 | loss  2.921 | ppl     18.56
[2022-04-10 02:53:23.022] E038 |   600/713 batches | lr 0.0781 | loss  2.916 | ppl     18.47
[2022-04-10 02:53:26.617] E038 |   713/713 batches | lr 0.0781 | loss  2.905 | ppl     18.27
[2022-04-10 02:53:29.063] End E038 | valid loss  3.435; ppl     31.02 | accu 0.3021 = 38917/128840
[2022-04-10 02:53:37.487] End E038 |  test loss  4.635; ppl    103.08 | accu 0.2022 = 94382/466780 ../data/cbt_valid.txt
[2022-04-10 02:53:40.011] End E038 |  test loss  6.061; ppl    428.73 | accu 0.1088 = 15293/140600 ../data/adult_test.txt
[2022-04-10 02:53:40.011] Epoch 039/40 ==================================================
[2022-04-10 02:53:46.328] E039 |   200/713 batches | lr 0.0391 | loss  2.979 | ppl     19.66
[2022-04-10 02:53:52.707] E039 |   400/713 batches | lr 0.0391 | loss  2.920 | ppl     18.55
[2022-04-10 02:53:59.090] E039 |   600/713 batches | lr 0.0391 | loss  2.917 | ppl     18.49
[2022-04-10 02:54:02.678] E039 |   713/713 batches | lr 0.0391 | loss  2.906 | ppl     18.28
[2022-04-10 02:54:05.134] End E039 | valid loss  3.435; ppl     31.03 | accu 0.3023 = 38945/128840
[2022-04-10 02:54:13.788] End E039 |  test loss  4.637; ppl    103.22 | accu 0.2022 = 94370/466780 ../data/cbt_valid.txt
[2022-04-10 02:54:16.386] End E039 |  test loss  6.067; ppl    431.53 | accu 0.1087 = 15286/140600 ../data/adult_test.txt
[2022-04-10 02:54:16.386] Epoch 040/40 ==================================================
[2022-04-10 02:54:22.684] E040 |   200/713 batches | lr 0.0195 | loss  2.979 | ppl     19.67
[2022-04-10 02:54:29.074] E040 |   400/713 batches | lr 0.0195 | loss  2.922 | ppl     18.57
[2022-04-10 02:54:35.442] E040 |   600/713 batches | lr 0.0195 | loss  2.918 | ppl     18.51
[2022-04-10 02:54:39.039] E040 |   713/713 batches | lr 0.0195 | loss  2.905 | ppl     18.26
[2022-04-10 02:54:41.483] End E040 | valid loss  3.435; ppl     31.02 | accu 0.3023 = 38949/128840
[2022-04-10 02:54:49.913] End E040 |  test loss  4.633; ppl    102.81 | accu 0.2023 = 94408/466780 ../data/cbt_valid.txt
[2022-04-10 02:54:52.440] End E040 |  test loss  6.058; ppl    427.69 | accu 0.1088 = 15304/140600 ../data/adult_test.txt
[2022-04-10 02:55:01.083] End. test loss  4.64; ppl   103.06 | accu 0.2021 = 94353/466780 ../data/cbt_valid.txt
[2022-04-10 02:55:03.659] End. test loss  6.06; ppl   427.17 | accu 0.1090 = 15327/140600 ../data/adult_test.txt
[2022-04-10 02:55:03.660] =========================================================================================
