[2022-04-10 00:47:25.956] corpus.train_file_list: 1
[2022-04-10 00:47:25.956]         ../data/adolescent_train.txt
[2022-04-10 00:47:25.956] corpus.valid_file_list: 1
[2022-04-10 00:47:25.956]         ../data/adolescent_valid.txt
[2022-04-10 00:47:25.956] corpus.test_file_list: 2
[2022-04-10 00:47:25.956]         ../data/cbt_valid.txt
[2022-04-10 00:47:25.956]         ../data/adult_test.txt
[2022-04-10 00:47:25.956] corpus.subword_vocab_size: 0
[2022-04-10 00:47:25.956] corpus.subword_model = None. Corpus will not use subword.
[2022-04-10 00:47:25.957] corpus tokenize...
[2022-04-10 00:47:26.433]         train tokens: 241771  ../data/adolescent_train.txt
[2022-04-10 00:47:26.543]         valid tokens:  64138  ../data/adolescent_valid.txt
[2022-04-10 00:47:26.884]         test  tokens: 269037  ../data/cbt_valid.txt
[2022-04-10 00:47:26.954]         test  tokens:  60655  ../data/adult_test.txt
[2022-04-10 00:47:26.954] corpus.ntokens      : 42642
[2022-04-10 00:47:26.954] corpus.char_count   : 105
[2022-04-10 00:47:26.954] corpus.char_cnt_dict: 105
[2022-04-10 00:47:26.954] corpus.char_id_dict : 105
[2022-04-10 00:47:26.958] corpus.batchify(1 files, batch_size=20)...
[2022-04-10 00:47:26.958]         tokens_all: 241771
[2022-04-10 00:47:26.958]         batched   :  12088
[2022-04-10 00:47:26.958]         ../data/adolescent_train.txt
[2022-04-10 00:47:28.843] corpus.batchify(1 files, batch_size=20)...
[2022-04-10 00:47:28.845]         tokens_all:  64138
[2022-04-10 00:47:28.845]         batched   :   3206
[2022-04-10 00:47:28.845]         ../data/adolescent_valid.txt
[2022-04-10 00:47:28.849] corpus.batchify(1 files, batch_size=20)...
[2022-04-10 00:47:28.849]         tokens_all: 269037
[2022-04-10 00:47:28.849]         batched   :  13451
[2022-04-10 00:47:28.849]         ../data/cbt_valid.txt
[2022-04-10 00:47:28.851] corpus.batchify(1 files, batch_size=20)...
[2022-04-10 00:47:28.851]         tokens_all:  60655
[2022-04-10 00:47:28.851]         batched   :   3032
[2022-04-10 00:47:28.851]         ../data/adult_test.txt
[2022-04-10 00:47:29.149] RNNModel.rnn_type: LSTM
[2022-04-10 00:47:29.149] RNNModel.ntoken  : 42642
[2022-04-10 00:47:29.149] RNNModel.ninp    : 200
[2022-04-10 00:47:29.149] RNNModel.nhid    : 200
[2022-04-10 00:47:29.149] RNNModel.nlayers : 2
[2022-04-10 00:47:29.149] RNNModel.dropout : 0.2
[2022-04-10 00:47:29.149] RNNModel.tie_weights: False
[2022-04-10 00:47:29.149] RNNModel.char_mode  : 
[2022-04-10 00:47:29.149] RNNModel.char_cnt   : 106
[2022-04-10 00:47:29.149] RNNModel.char_emsize: 25
[2022-04-10 00:47:29.149] RNNModel.char_nhid  : 200
[2022-04-10 00:47:29.149] RNNModel will not use char-encoding
[2022-04-10 00:47:29.375] Epoch 001/40 ==================================================
[2022-04-10 00:47:36.727] E001 |   200/345 batches | lr 20.0000 | loss  7.825 | ppl   2503.13
[2022-04-10 00:47:41.988] E001 |   345/345 batches | lr 20.0000 | loss  7.199 | ppl   1338.71
[2022-04-10 00:47:43.645] End E001 | valid loss  7.005; ppl   1101.61 | accu 0.1037 = 6649/64100
[2022-04-10 00:47:50.491] End E001 |  test loss  7.778; ppl   2388.12 | accu 0.0618 = 16612/269000 ../data/cbt_valid.txt
[2022-04-10 00:47:52.049] End E001 |  test loss  8.485; ppl   4840.73 | accu 0.0168 = 1017/60620 ../data/adult_test.txt
[2022-04-10 00:47:52.049] Save: model.pt... 
[2022-04-10 00:47:52.310] Save: model.pt...Done. best_val_loss: 7.0045
[2022-04-10 00:47:52.310] Epoch 002/40 ==================================================
[2022-04-10 00:47:59.485] E002 |   200/345 batches | lr 20.0000 | loss  6.790 | ppl    889.14
[2022-04-10 00:48:04.675] E002 |   345/345 batches | lr 20.0000 | loss  6.472 | ppl    646.56
[2022-04-10 00:48:06.334] End E002 | valid loss  6.555; ppl    702.95 | accu 0.1368 = 8772/64100
[2022-04-10 00:48:13.154] End E002 |  test loss  7.745; ppl   2309.15 | accu 0.0635 = 17088/269000 ../data/cbt_valid.txt
[2022-04-10 00:48:14.699] End E002 |  test loss  9.386; ppl  11923.78 | accu 0.0001 = 5/60620 ../data/adult_test.txt
[2022-04-10 00:48:14.699] Save: model.pt... 
[2022-04-10 00:48:14.981] Save: model.pt...Done. best_val_loss: 6.5553
[2022-04-10 00:48:14.981] Epoch 003/40 ==================================================
[2022-04-10 00:48:22.215] E003 |   200/345 batches | lr 20.0000 | loss  6.264 | ppl    525.52
[2022-04-10 00:48:27.435] E003 |   345/345 batches | lr 20.0000 | loss  6.099 | ppl    445.46
[2022-04-10 00:48:29.088] End E003 | valid loss  6.334; ppl    563.53 | accu 0.1772 = 11360/64100
[2022-04-10 00:48:35.940] End E003 |  test loss  8.142; ppl   3436.44 | accu 0.0718 = 19303/269000 ../data/cbt_valid.txt
[2022-04-10 00:48:37.483] End E003 |  test loss 10.778; ppl  47966.28 | accu 0.0000 = 3/60620 ../data/adult_test.txt
[2022-04-10 00:48:37.484] Save: model.pt... 
[2022-04-10 00:48:37.760] Save: model.pt...Done. best_val_loss: 6.3342
[2022-04-10 00:48:37.760] Epoch 004/40 ==================================================
[2022-04-10 00:48:44.971] E004 |   200/345 batches | lr 20.0000 | loss  5.952 | ppl    384.55
[2022-04-10 00:48:50.203] E004 |   345/345 batches | lr 20.0000 | loss  5.827 | ppl    339.27
[2022-04-10 00:48:51.850] End E004 | valid loss  6.237; ppl    511.21 | accu 0.1868 = 11972/64100
[2022-04-10 00:48:58.706] End E004 |  test loss  7.991; ppl   2954.52 | accu 0.0833 = 22397/269000 ../data/cbt_valid.txt
[2022-04-10 00:49:00.251] End E004 |  test loss 10.448; ppl  34459.05 | accu 0.0003 = 21/60620 ../data/adult_test.txt
[2022-04-10 00:49:00.252] Save: model.pt... 
[2022-04-10 00:49:00.532] Save: model.pt...Done. best_val_loss: 6.2368
[2022-04-10 00:49:00.533] Epoch 005/40 ==================================================
[2022-04-10 00:49:07.787] E005 |   200/345 batches | lr 20.0000 | loss  5.710 | ppl    301.92
[2022-04-10 00:49:13.046] E005 |   345/345 batches | lr 20.0000 | loss  5.597 | ppl    269.58
[2022-04-10 00:49:14.688] End E005 | valid loss  6.231; ppl    508.22 | accu 0.1830 = 11730/64100
[2022-04-10 00:49:21.524] End E005 |  test loss  8.281; ppl   3946.32 | accu 0.0785 = 21120/269000 ../data/cbt_valid.txt
[2022-04-10 00:49:23.078] End E005 |  test loss 11.122; ppl  67620.57 | accu 0.0002 = 13/60620 ../data/adult_test.txt
[2022-04-10 00:49:23.078] Save: model.pt... 
[2022-04-10 00:49:23.347] Save: model.pt...Done. best_val_loss: 6.2309
[2022-04-10 00:49:23.347] Epoch 006/40 ==================================================
[2022-04-10 00:49:30.657] E006 |   200/345 batches | lr 20.0000 | loss  5.498 | ppl    244.27
[2022-04-10 00:49:35.961] E006 |   345/345 batches | lr 20.0000 | loss  5.407 | ppl    222.93
[2022-04-10 00:49:37.606] End E006 | valid loss  6.237; ppl    511.38 | accu 0.1907 = 12224/64100
[2022-04-10 00:49:44.435] End E006 |  test loss  8.414; ppl   4507.64 | accu 0.0806 = 21694/269000 ../data/cbt_valid.txt
[2022-04-10 00:49:45.989] End E006 |  test loss 11.500; ppl  98712.14 | accu 0.0002 = 11/60620 ../data/adult_test.txt
[2022-04-10 00:49:45.989] Epoch 007/40 ==================================================
[2022-04-10 00:49:53.303] E007 |   200/345 batches | lr 10.0000 | loss  5.202 | ppl    181.55
[2022-04-10 00:49:58.604] E007 |   345/345 batches | lr 10.0000 | loss  5.063 | ppl    158.06
[2022-04-10 00:50:00.267] End E007 | valid loss  6.240; ppl    512.86 | accu 0.1922 = 12323/64100
[2022-04-10 00:50:07.106] End E007 |  test loss  8.822; ppl   6778.51 | accu 0.0802 = 21567/269000 ../data/cbt_valid.txt
[2022-04-10 00:50:08.649] End E007 |  test loss 12.266; ppl 212317.39 | accu 0.0001 = 9/60620 ../data/adult_test.txt
[2022-04-10 00:50:08.649] Epoch 008/40 ==================================================
[2022-04-10 00:50:15.953] E008 |   200/345 batches | lr 5.0000 | loss  5.012 | ppl    150.26
[2022-04-10 00:50:21.254] E008 |   345/345 batches | lr 5.0000 | loss  4.866 | ppl    129.85
[2022-04-10 00:50:22.917] End E008 | valid loss  6.249; ppl    517.27 | accu 0.1961 = 12572/64100
[2022-04-10 00:50:29.810] End E008 |  test loss  9.088; ppl   8845.04 | accu 0.0824 = 22175/269000 ../data/cbt_valid.txt
[2022-04-10 00:50:31.377] End E008 |  test loss 12.830; ppl 373281.16 | accu 0.0001 = 6/60620 ../data/adult_test.txt
[2022-04-10 00:50:31.377] Epoch 009/40 ==================================================
[2022-04-10 00:50:38.713] E009 |   200/345 batches | lr 2.5000 | loss  4.910 | ppl    135.70
[2022-04-10 00:50:44.029] E009 |   345/345 batches | lr 2.5000 | loss  4.757 | ppl    116.36
[2022-04-10 00:50:45.688] End E009 | valid loss  6.253; ppl    519.68 | accu 0.1986 = 12732/64100
[2022-04-10 00:50:52.507] End E009 |  test loss  9.296; ppl  10894.07 | accu 0.0822 = 22111/269000 ../data/cbt_valid.txt
[2022-04-10 00:50:54.041] End E009 |  test loss 13.333; ppl 617119.97 | accu 0.0009 = 57/60620 ../data/adult_test.txt
[2022-04-10 00:50:54.041] Epoch 010/40 ==================================================
[2022-04-10 00:51:01.373] E010 |   200/345 batches | lr 1.2500 | loss  4.853 | ppl    128.08
[2022-04-10 00:51:06.674] E010 |   345/345 batches | lr 1.2500 | loss  4.701 | ppl    110.09
[2022-04-10 00:51:08.324] End E010 | valid loss  6.253; ppl    519.78 | accu 0.2002 = 12830/64100
[2022-04-10 00:51:15.156] End E010 |  test loss  9.484; ppl  13145.97 | accu 0.0825 = 22205/269000 ../data/cbt_valid.txt
[2022-04-10 00:51:16.711] End E010 |  test loss 13.804; ppl 988640.95 | accu 0.0012 = 71/60620 ../data/adult_test.txt
[2022-04-10 00:51:16.711] Epoch 011/40 ==================================================
[2022-04-10 00:51:24.020] E011 |   200/345 batches | lr 0.6250 | loss  4.825 | ppl    124.64
[2022-04-10 00:51:29.328] E011 |   345/345 batches | lr 0.6250 | loss  4.672 | ppl    106.96
[2022-04-10 00:51:30.998] End E011 | valid loss  6.256; ppl    521.18 | accu 0.1998 = 12810/64100
[2022-04-10 00:51:37.839] End E011 |  test loss  9.555; ppl  14113.21 | accu 0.0827 = 22239/269000 ../data/cbt_valid.txt
[2022-04-10 00:51:39.387] End E011 |  test loss 13.959; ppl 1154261.91 | accu 0.0014 = 84/60620 ../data/adult_test.txt
[2022-04-10 00:51:39.387] Epoch 012/40 ==================================================
[2022-04-10 00:51:46.712] E012 |   200/345 batches | lr 0.3125 | loss  4.810 | ppl    122.72
[2022-04-10 00:51:52.014] E012 |   345/345 batches | lr 0.3125 | loss  4.653 | ppl    104.93
[2022-04-10 00:51:53.666] End E012 | valid loss  6.254; ppl    519.96 | accu 0.2001 = 12828/64100
[2022-04-10 00:52:00.519] End E012 |  test loss  9.547; ppl  13999.74 | accu 0.0825 = 22203/269000 ../data/cbt_valid.txt
[2022-04-10 00:52:02.074] End E012 |  test loss 13.952; ppl 1146203.55 | accu 0.0014 = 83/60620 ../data/adult_test.txt
[2022-04-10 00:52:02.074] Epoch 013/40 ==================================================
[2022-04-10 00:52:09.395] E013 |   200/345 batches | lr 0.1562 | loss  4.803 | ppl    121.89
[2022-04-10 00:52:14.705] E013 |   345/345 batches | lr 0.1562 | loss  4.649 | ppl    104.50
[2022-04-10 00:52:16.371] End E013 | valid loss  6.252; ppl    519.11 | accu 0.2004 = 12846/64100
[2022-04-10 00:52:23.215] End E013 |  test loss  9.533; ppl  13813.71 | accu 0.0826 = 22225/269000 ../data/cbt_valid.txt
[2022-04-10 00:52:24.763] End E013 |  test loss 13.936; ppl 1127943.55 | accu 0.0015 = 92/60620 ../data/adult_test.txt
[2022-04-10 00:52:24.763] Epoch 014/40 ==================================================
[2022-04-10 00:52:32.078] E014 |   200/345 batches | lr 0.0781 | loss  4.799 | ppl    121.43
[2022-04-10 00:52:37.380] E014 |   345/345 batches | lr 0.0781 | loss  4.645 | ppl    104.02
[2022-04-10 00:52:39.038] End E014 | valid loss  6.252; ppl    518.79 | accu 0.2004 = 12847/64100
[2022-04-10 00:52:45.887] End E014 |  test loss  9.541; ppl  13915.19 | accu 0.0825 = 22205/269000 ../data/cbt_valid.txt
[2022-04-10 00:52:47.426] End E014 |  test loss 13.951; ppl 1145583.98 | accu 0.0015 = 91/60620 ../data/adult_test.txt
[2022-04-10 00:52:47.426] Epoch 015/40 ==================================================
[2022-04-10 00:52:54.771] E015 |   200/345 batches | lr 0.0391 | loss  4.795 | ppl    120.85
[2022-04-10 00:53:00.099] E015 |   345/345 batches | lr 0.0391 | loss  4.643 | ppl    103.84
[2022-04-10 00:53:01.761] End E015 | valid loss  6.251; ppl    518.45 | accu 0.2005 = 12852/64100
[2022-04-10 00:53:08.627] End E015 |  test loss  9.536; ppl  13854.65 | accu 0.0826 = 22225/269000 ../data/cbt_valid.txt
[2022-04-10 00:53:10.196] End E015 |  test loss 13.940; ppl 1132993.15 | accu 0.0016 = 95/60620 ../data/adult_test.txt
[2022-04-10 00:53:10.196] Epoch 016/40 ==================================================
[2022-04-10 00:53:17.529] E016 |   200/345 batches | lr 0.0195 | loss  4.795 | ppl    120.96
[2022-04-10 00:53:22.848] E016 |   345/345 batches | lr 0.0195 | loss  4.642 | ppl    103.72
[2022-04-10 00:53:24.499] End E016 | valid loss  6.251; ppl    518.49 | accu 0.2005 = 12851/64100
[2022-04-10 00:53:31.391] End E016 |  test loss  9.536; ppl  13849.56 | accu 0.0826 = 22227/269000 ../data/cbt_valid.txt
[2022-04-10 00:53:32.950] End E016 |  test loss 13.939; ppl 1131314.91 | accu 0.0016 = 96/60620 ../data/adult_test.txt
[2022-04-10 00:53:32.950] Epoch 017/40 ==================================================
[2022-04-10 00:53:40.325] E017 |   200/345 batches | lr 0.0098 | loss  4.794 | ppl    120.84
[2022-04-10 00:53:45.661] E017 |   345/345 batches | lr 0.0098 | loss  4.641 | ppl    103.60
[2022-04-10 00:53:47.306] End E017 | valid loss  6.251; ppl    518.37 | accu 0.2006 = 12856/64100
[2022-04-10 00:53:54.175] End E017 |  test loss  9.535; ppl  13837.83 | accu 0.0826 = 22227/269000 ../data/cbt_valid.txt
[2022-04-10 00:53:55.748] End E017 |  test loss 13.937; ppl 1129033.05 | accu 0.0016 = 96/60620 ../data/adult_test.txt
[2022-04-10 00:53:55.749] Epoch 018/40 ==================================================
[2022-04-10 00:54:03.125] E018 |   200/345 batches | lr 0.0049 | loss  4.794 | ppl    120.73
[2022-04-10 00:54:08.468] E018 |   345/345 batches | lr 0.0049 | loss  4.641 | ppl    103.69
[2022-04-10 00:54:10.136] End E018 | valid loss  6.251; ppl    518.29 | accu 0.2006 = 12856/64100
[2022-04-10 00:54:16.969] End E018 |  test loss  9.534; ppl  13820.10 | accu 0.0826 = 22230/269000 ../data/cbt_valid.txt
[2022-04-10 00:54:18.520] End E018 |  test loss 13.934; ppl 1126119.32 | accu 0.0016 = 96/60620 ../data/adult_test.txt
[2022-04-10 00:54:18.520] Epoch 019/40 ==================================================
[2022-04-10 00:54:25.895] E019 |   200/345 batches | lr 0.0024 | loss  4.792 | ppl    120.53
[2022-04-10 00:54:31.207] E019 |   345/345 batches | lr 0.0024 | loss  4.639 | ppl    103.42
[2022-04-10 00:54:32.872] End E019 | valid loss  6.250; ppl    518.24 | accu 0.2006 = 12857/64100
[2022-04-10 00:54:39.716] End E019 |  test loss  9.534; ppl  13817.09 | accu 0.0827 = 22234/269000 ../data/cbt_valid.txt
[2022-04-10 00:54:41.265] End E019 |  test loss 13.934; ppl 1125823.30 | accu 0.0016 = 96/60620 ../data/adult_test.txt
[2022-04-10 00:54:41.265] Epoch 020/40 ==================================================
[2022-04-10 00:54:48.584] E020 |   200/345 batches | lr 0.0012 | loss  4.793 | ppl    120.67
[2022-04-10 00:54:53.875] E020 |   345/345 batches | lr 0.0012 | loss  4.640 | ppl    103.51
[2022-04-10 00:54:55.533] End E020 | valid loss  6.250; ppl    518.23 | accu 0.2006 = 12860/64100
[2022-04-10 00:55:02.368] End E020 |  test loss  9.534; ppl  13815.06 | accu 0.0827 = 22237/269000 ../data/cbt_valid.txt
[2022-04-10 00:55:03.902] End E020 |  test loss 13.934; ppl 1125512.78 | accu 0.0016 = 97/60620 ../data/adult_test.txt
[2022-04-10 00:55:03.902] Epoch 021/40 ==================================================
[2022-04-10 00:55:11.257] E021 |   200/345 batches | lr 0.0006 | loss  4.794 | ppl    120.84
[2022-04-10 00:55:16.574] E021 |   345/345 batches | lr 0.0006 | loss  4.640 | ppl    103.53
[2022-04-10 00:55:18.216] End E021 | valid loss  6.250; ppl    518.24 | accu 0.2006 = 12860/64100
[2022-04-10 00:55:25.035] End E021 |  test loss  9.533; ppl  13814.14 | accu 0.0827 = 22237/269000 ../data/cbt_valid.txt
[2022-04-10 00:55:26.585] End E021 |  test loss 13.934; ppl 1125285.04 | accu 0.0016 = 97/60620 ../data/adult_test.txt
[2022-04-10 00:55:26.585] Epoch 022/40 ==================================================
[2022-04-10 00:55:33.901] E022 |   200/345 batches | lr 0.0003 | loss  4.795 | ppl    120.94
[2022-04-10 00:55:39.197] E022 |   345/345 batches | lr 0.0003 | loss  4.638 | ppl    103.29
[2022-04-10 00:55:40.839] End E022 | valid loss  6.250; ppl    518.23 | accu 0.2006 = 12860/64100
[2022-04-10 00:55:47.660] End E022 |  test loss  9.533; ppl  13813.35 | accu 0.0827 = 22238/269000 ../data/cbt_valid.txt
[2022-04-10 00:55:49.200] End E022 |  test loss 13.933; ppl 1125156.58 | accu 0.0016 = 97/60620 ../data/adult_test.txt
[2022-04-10 00:55:49.200] Epoch 023/40 ==================================================
[2022-04-10 00:55:56.505] E023 |   200/345 batches | lr 0.0002 | loss  4.793 | ppl    120.69
[2022-04-10 00:56:01.805] E023 |   345/345 batches | lr 0.0002 | loss  4.639 | ppl    103.42
[2022-04-10 00:56:03.468] End E023 | valid loss  6.250; ppl    518.23 | accu 0.2006 = 12860/64100
[2022-04-10 00:56:10.302] End E023 |  test loss  9.533; ppl  13813.16 | accu 0.0827 = 22239/269000 ../data/cbt_valid.txt
[2022-04-10 00:56:11.850] End E023 |  test loss 13.933; ppl 1125135.72 | accu 0.0016 = 97/60620 ../data/adult_test.txt
[2022-04-10 00:56:11.850] Epoch 024/40 ==================================================
[2022-04-10 00:56:19.158] E024 |   200/345 batches | lr 0.0001 | loss  4.797 | ppl    121.13
[2022-04-10 00:56:24.476] E024 |   345/345 batches | lr 0.0001 | loss  4.641 | ppl    103.65
[2022-04-10 00:56:26.133] End E024 | valid loss  6.250; ppl    518.23 | accu 0.2006 = 12861/64100
[2022-04-10 00:56:32.957] End E024 |  test loss  9.533; ppl  13813.10 | accu 0.0827 = 22239/269000 ../data/cbt_valid.txt
[2022-04-10 00:56:34.492] End E024 |  test loss 13.933; ppl 1125124.01 | accu 0.0016 = 97/60620 ../data/adult_test.txt
[2022-04-10 00:56:34.492] Epoch 025/40 ==================================================
[2022-04-10 00:56:41.805] E025 |   200/345 batches | lr 0.0000 | loss  4.796 | ppl    120.99
[2022-04-10 00:56:47.099] E025 |   345/345 batches | lr 0.0000 | loss  4.641 | ppl    103.62
[2022-04-10 00:56:48.753] End E025 | valid loss  6.250; ppl    518.23 | accu 0.2006 = 12861/64100
[2022-04-10 00:56:55.575] End E025 |  test loss  9.533; ppl  13813.03 | accu 0.0827 = 22239/269000 ../data/cbt_valid.txt
[2022-04-10 00:56:57.106] End E025 |  test loss 13.933; ppl 1125112.64 | accu 0.0016 = 97/60620 ../data/adult_test.txt
[2022-04-10 00:56:57.107] Epoch 026/40 ==================================================
[2022-04-10 00:57:04.425] E026 |   200/345 batches | lr 0.0000 | loss  4.795 | ppl    120.90
[2022-04-10 00:57:09.726] E026 |   345/345 batches | lr 0.0000 | loss  4.640 | ppl    103.53
[2022-04-10 00:57:11.384] End E026 | valid loss  6.250; ppl    518.23 | accu 0.2006 = 12861/64100
[2022-04-10 00:57:18.184] End E026 |  test loss  9.533; ppl  13813.03 | accu 0.0827 = 22239/269000 ../data/cbt_valid.txt
[2022-04-10 00:57:19.737] End E026 |  test loss 13.933; ppl 1125114.17 | accu 0.0016 = 97/60620 ../data/adult_test.txt
[2022-04-10 00:57:19.737] Epoch 027/40 ==================================================
[2022-04-10 00:57:27.067] E027 |   200/345 batches | lr 0.0000 | loss  4.792 | ppl    120.51
[2022-04-10 00:57:32.373] E027 |   345/345 batches | lr 0.0000 | loss  4.641 | ppl    103.62
[2022-04-10 00:57:34.011] End E027 | valid loss  6.250; ppl    518.23 | accu 0.2006 = 12861/64100
[2022-04-10 00:57:40.848] End E027 |  test loss  9.533; ppl  13813.01 | accu 0.0827 = 22239/269000 ../data/cbt_valid.txt
[2022-04-10 00:57:42.395] End E027 |  test loss 13.933; ppl 1125110.79 | accu 0.0016 = 97/60620 ../data/adult_test.txt
[2022-04-10 00:57:42.395] Epoch 028/40 ==================================================
[2022-04-10 00:57:49.698] E028 |   200/345 batches | lr 0.0000 | loss  4.795 | ppl    120.87
[2022-04-10 00:57:55.004] E028 |   345/345 batches | lr 0.0000 | loss  4.643 | ppl    103.81
[2022-04-10 00:57:56.659] End E028 | valid loss  6.250; ppl    518.23 | accu 0.2006 = 12861/64100
[2022-04-10 00:58:03.483] End E028 |  test loss  9.533; ppl  13812.99 | accu 0.0827 = 22239/269000 ../data/cbt_valid.txt
[2022-04-10 00:58:05.038] End E028 |  test loss 13.933; ppl 1125108.00 | accu 0.0016 = 97/60620 ../data/adult_test.txt
[2022-04-10 00:58:05.038] Epoch 029/40 ==================================================
[2022-04-10 00:58:12.347] E029 |   200/345 batches | lr 0.0000 | loss  4.793 | ppl    120.66
[2022-04-10 00:58:17.643] E029 |   345/345 batches | lr 0.0000 | loss  4.641 | ppl    103.61
[2022-04-10 00:58:19.295] End E029 | valid loss  6.250; ppl    518.23 | accu 0.2006 = 12861/64100
[2022-04-10 00:58:26.237] End E029 |  test loss  9.533; ppl  13812.99 | accu 0.0827 = 22239/269000 ../data/cbt_valid.txt
[2022-04-10 00:58:27.769] End E029 |  test loss 13.933; ppl 1125107.97 | accu 0.0016 = 97/60620 ../data/adult_test.txt
[2022-04-10 00:58:27.770] Epoch 030/40 ==================================================
[2022-04-10 00:58:35.103] E030 |   200/345 batches | lr 0.0000 | loss  4.792 | ppl    120.49
[2022-04-10 00:58:40.403] E030 |   345/345 batches | lr 0.0000 | loss  4.640 | ppl    103.57
[2022-04-10 00:58:42.073] End E030 | valid loss  6.250; ppl    518.23 | accu 0.2006 = 12861/64100
[2022-04-10 00:58:48.903] End E030 |  test loss  9.533; ppl  13812.99 | accu 0.0827 = 22239/269000 ../data/cbt_valid.txt
[2022-04-10 00:58:50.448] End E030 |  test loss 13.933; ppl 1125107.63 | accu 0.0016 = 97/60620 ../data/adult_test.txt
[2022-04-10 00:58:50.448] Epoch 031/40 ==================================================
[2022-04-10 00:58:57.821] E031 |   200/345 batches | lr 0.0000 | loss  4.795 | ppl    120.89
[2022-04-10 00:59:03.130] E031 |   345/345 batches | lr 0.0000 | loss  4.641 | ppl    103.64
[2022-04-10 00:59:04.784] End E031 | valid loss  6.250; ppl    518.23 | accu 0.2006 = 12861/64100
[2022-04-10 00:59:11.626] End E031 |  test loss  9.533; ppl  13812.99 | accu 0.0827 = 22239/269000 ../data/cbt_valid.txt
[2022-04-10 00:59:13.177] End E031 |  test loss 13.933; ppl 1125107.75 | accu 0.0016 = 97/60620 ../data/adult_test.txt
[2022-04-10 00:59:13.177] Epoch 032/40 ==================================================
[2022-04-10 00:59:20.531] E032 |   200/345 batches | lr 0.0000 | loss  4.795 | ppl    120.94
[2022-04-10 00:59:25.845] E032 |   345/345 batches | lr 0.0000 | loss  4.641 | ppl    103.65
[2022-04-10 00:59:27.491] End E032 | valid loss  6.250; ppl    518.23 | accu 0.2006 = 12861/64100
[2022-04-10 00:59:34.329] End E032 |  test loss  9.533; ppl  13812.99 | accu 0.0827 = 22239/269000 ../data/cbt_valid.txt
[2022-04-10 00:59:35.882] End E032 |  test loss 13.933; ppl 1125107.56 | accu 0.0016 = 97/60620 ../data/adult_test.txt
[2022-04-10 00:59:35.882] Epoch 033/40 ==================================================
[2022-04-10 00:59:43.213] E033 |   200/345 batches | lr 0.0000 | loss  4.795 | ppl    120.93
[2022-04-10 00:59:48.532] E033 |   345/345 batches | lr 0.0000 | loss  4.638 | ppl    103.29
[2022-04-10 00:59:50.188] End E033 | valid loss  6.250; ppl    518.23 | accu 0.2006 = 12861/64100
[2022-04-10 00:59:57.069] End E033 |  test loss  9.533; ppl  13812.99 | accu 0.0827 = 22239/269000 ../data/cbt_valid.txt
[2022-04-10 00:59:58.652] End E033 |  test loss 13.933; ppl 1125107.69 | accu 0.0016 = 97/60620 ../data/adult_test.txt
[2022-04-10 00:59:58.652] Epoch 034/40 ==================================================
[2022-04-10 01:00:05.987] E034 |   200/345 batches | lr 0.0000 | loss  4.794 | ppl    120.80
[2022-04-10 01:00:11.293] E034 |   345/345 batches | lr 0.0000 | loss  4.638 | ppl    103.37
[2022-04-10 01:00:12.948] End E034 | valid loss  6.250; ppl    518.23 | accu 0.2006 = 12861/64100
[2022-04-10 01:00:19.782] End E034 |  test loss  9.533; ppl  13812.99 | accu 0.0827 = 22239/269000 ../data/cbt_valid.txt
[2022-04-10 01:00:21.338] End E034 |  test loss 13.933; ppl 1125107.78 | accu 0.0016 = 97/60620 ../data/adult_test.txt
[2022-04-10 01:00:21.338] Epoch 035/40 ==================================================
[2022-04-10 01:00:28.644] E035 |   200/345 batches | lr 0.0000 | loss  4.793 | ppl    120.71
[2022-04-10 01:00:33.949] E035 |   345/345 batches | lr 0.0000 | loss  4.643 | ppl    103.81
[2022-04-10 01:00:35.608] End E035 | valid loss  6.250; ppl    518.23 | accu 0.2006 = 12861/64100
[2022-04-10 01:00:42.441] End E035 |  test loss  9.533; ppl  13812.99 | accu 0.0827 = 22239/269000 ../data/cbt_valid.txt
[2022-04-10 01:00:43.980] End E035 |  test loss 13.933; ppl 1125107.62 | accu 0.0016 = 97/60620 ../data/adult_test.txt
[2022-04-10 01:00:43.980] Epoch 036/40 ==================================================
[2022-04-10 01:00:51.304] E036 |   200/345 batches | lr 0.0000 | loss  4.794 | ppl    120.76
[2022-04-10 01:00:56.617] E036 |   345/345 batches | lr 0.0000 | loss  4.640 | ppl    103.59
[2022-04-10 01:00:58.266] End E036 | valid loss  6.250; ppl    518.23 | accu 0.2006 = 12861/64100
[2022-04-10 01:01:05.152] End E036 |  test loss  9.533; ppl  13812.99 | accu 0.0827 = 22239/269000 ../data/cbt_valid.txt
[2022-04-10 01:01:06.685] End E036 |  test loss 13.933; ppl 1125107.70 | accu 0.0016 = 97/60620 ../data/adult_test.txt
[2022-04-10 01:01:06.685] Epoch 037/40 ==================================================
[2022-04-10 01:01:14.010] E037 |   200/345 batches | lr 0.0000 | loss  4.792 | ppl    120.58
[2022-04-10 01:01:19.323] E037 |   345/345 batches | lr 0.0000 | loss  4.642 | ppl    103.75
[2022-04-10 01:01:20.981] End E037 | valid loss  6.250; ppl    518.23 | accu 0.2006 = 12861/64100
[2022-04-10 01:01:27.861] End E037 |  test loss  9.533; ppl  13812.99 | accu 0.0827 = 22239/269000 ../data/cbt_valid.txt
[2022-04-10 01:01:29.417] End E037 |  test loss 13.933; ppl 1125107.66 | accu 0.0016 = 97/60620 ../data/adult_test.txt
[2022-04-10 01:01:29.417] Epoch 038/40 ==================================================
[2022-04-10 01:01:36.752] E038 |   200/345 batches | lr 0.0000 | loss  4.793 | ppl    120.69
[2022-04-10 01:01:42.059] E038 |   345/345 batches | lr 0.0000 | loss  4.642 | ppl    103.79
[2022-04-10 01:01:43.693] End E038 | valid loss  6.250; ppl    518.23 | accu 0.2006 = 12861/64100
[2022-04-10 01:01:50.509] End E038 |  test loss  9.533; ppl  13812.99 | accu 0.0827 = 22239/269000 ../data/cbt_valid.txt
[2022-04-10 01:01:52.054] End E038 |  test loss 13.933; ppl 1125107.77 | accu 0.0016 = 97/60620 ../data/adult_test.txt
[2022-04-10 01:01:52.055] Epoch 039/40 ==================================================
[2022-04-10 01:01:59.358] E039 |   200/345 batches | lr 0.0000 | loss  4.792 | ppl    120.55
[2022-04-10 01:02:04.662] E039 |   345/345 batches | lr 0.0000 | loss  4.640 | ppl    103.53
[2022-04-10 01:02:06.328] End E039 | valid loss  6.250; ppl    518.23 | accu 0.2006 = 12861/64100
[2022-04-10 01:02:13.164] End E039 |  test loss  9.533; ppl  13812.99 | accu 0.0827 = 22239/269000 ../data/cbt_valid.txt
[2022-04-10 01:02:14.708] End E039 |  test loss 13.933; ppl 1125107.64 | accu 0.0016 = 97/60620 ../data/adult_test.txt
[2022-04-10 01:02:14.708] Epoch 040/40 ==================================================
[2022-04-10 01:02:22.004] E040 |   200/345 batches | lr 0.0000 | loss  4.794 | ppl    120.79
[2022-04-10 01:02:27.310] E040 |   345/345 batches | lr 0.0000 | loss  4.639 | ppl    103.43
[2022-04-10 01:02:28.956] End E040 | valid loss  6.250; ppl    518.23 | accu 0.2006 = 12861/64100
[2022-04-10 01:02:35.787] End E040 |  test loss  9.533; ppl  13812.99 | accu 0.0827 = 22239/269000 ../data/cbt_valid.txt
[2022-04-10 01:02:37.333] End E040 |  test loss 13.933; ppl 1125107.67 | accu 0.0016 = 97/60620 ../data/adult_test.txt
[2022-04-10 01:02:44.251] End. test loss  8.28; ppl  3946.32 | accu 0.0785 = 21120/269000 ../data/cbt_valid.txt
[2022-04-10 01:02:45.806] End. test loss 11.12; ppl 67620.57 | accu 0.0002 = 13/60620 ../data/adult_test.txt
[2022-04-10 01:02:45.806] =========================================================================================
