[2022-04-10 02:13:53.936] corpus.train_file_list: 1
[2022-04-10 02:13:53.936]         ../data/adolescent_train.txt
[2022-04-10 02:13:53.936] corpus.valid_file_list: 1
[2022-04-10 02:13:53.937]         ../data/adolescent_valid.txt
[2022-04-10 02:13:53.937] corpus.test_file_list: 2
[2022-04-10 02:13:53.937]         ../data/cbt_valid.txt
[2022-04-10 02:13:53.937]         ../data/adult_test.txt
[2022-04-10 02:13:53.937] corpus.subword_vocab_size: 500
[2022-04-10 02:13:53.937] corpus.subword_model.train(2 files)...
[2022-04-10 02:13:53.937]         ../data/adolescent_train.txt
[2022-04-10 02:13:53.937]         ../data/adolescent_valid.txt
[2022-04-10 02:13:54.272] corpus.subword_model.train(2 files)...Done
[2022-04-10 02:13:54.272] corpus tokenize...
[2022-04-10 02:13:55.755]         train tokens: 499326  ../data/adolescent_train.txt
[2022-04-10 02:13:56.112]         valid tokens: 128875  ../data/adolescent_valid.txt
[2022-04-10 02:13:57.281]         test  tokens: 466811  ../data/cbt_valid.txt
[2022-04-10 02:13:57.602]         test  tokens: 140636  ../data/adult_test.txt
[2022-04-10 02:13:57.602] corpus.ntokens      : 494
[2022-04-10 02:13:57.602] corpus.char_count   : 97
[2022-04-10 02:13:57.602] corpus.char_cnt_dict: 97
[2022-04-10 02:13:57.603] corpus.char_id_dict : 97
[2022-04-10 02:13:57.607] corpus.batchify(1 files, batch_size=20)...
[2022-04-10 02:13:57.607]         tokens_all: 499326
[2022-04-10 02:13:57.608]         batched   :  24966
[2022-04-10 02:13:57.608]         ../data/adolescent_train.txt
[2022-04-10 02:13:57.610] corpus.batchify(1 files, batch_size=20)...
[2022-04-10 02:13:57.610]         tokens_all: 128875
[2022-04-10 02:13:57.610]         batched   :   6443
[2022-04-10 02:13:57.610]         ../data/adolescent_valid.txt
[2022-04-10 02:13:57.614] corpus.batchify(1 files, batch_size=20)...
[2022-04-10 02:13:57.614]         tokens_all: 466811
[2022-04-10 02:13:57.614]         batched   :  23340
[2022-04-10 02:13:57.614]         ../data/cbt_valid.txt
[2022-04-10 02:13:57.615] corpus.batchify(1 files, batch_size=20)...
[2022-04-10 02:13:57.615]         tokens_all: 140636
[2022-04-10 02:13:57.616]         batched   :   7031
[2022-04-10 02:13:57.616]         ../data/adult_test.txt
[2022-04-10 02:13:57.627] RNNModel.rnn_type: LSTM
[2022-04-10 02:13:57.627] RNNModel.ntoken  : 494
[2022-04-10 02:13:57.627] RNNModel.ninp    : 200
[2022-04-10 02:13:57.627] RNNModel.nhid    : 200
[2022-04-10 02:13:57.628] RNNModel.nlayers : 2
[2022-04-10 02:13:57.628] RNNModel.dropout : 0.2
[2022-04-10 02:13:57.628] RNNModel.tie_weights: False
[2022-04-10 02:13:57.628] RNNModel.char_mode  : 
[2022-04-10 02:13:57.628] RNNModel.char_cnt   : 98
[2022-04-10 02:13:57.628] RNNModel.char_emsize: 25
[2022-04-10 02:13:57.628] RNNModel.char_nhid  : 200
[2022-04-10 02:13:57.628] RNNModel will not use char-encoding
[2022-04-10 02:13:57.630] Epoch 001/40 ==================================================
[2022-04-10 02:14:01.188] E001 |   200/713 batches | lr 20.0000 | loss  5.409 | ppl    223.51
[2022-04-10 02:14:04.605] E001 |   400/713 batches | lr 20.0000 | loss  4.910 | ppl    135.66
[2022-04-10 02:14:08.077] E001 |   600/713 batches | lr 20.0000 | loss  4.580 | ppl     97.53
[2022-04-10 02:14:10.021] E001 |   713/713 batches | lr 20.0000 | loss  4.363 | ppl     78.49
[2022-04-10 02:14:12.214] End E001 | valid loss  4.425; ppl     83.50 | accu 0.1368 = 17627/128840
[2022-04-10 02:14:20.181] End E001 |  test loss  4.843; ppl    126.83 | accu 0.1059 = 49424/466780 ../data/cbt_valid.txt
[2022-04-10 02:14:22.553] End E001 |  test loss  5.303; ppl    200.86 | accu 0.0515 = 7243/140600 ../data/adult_test.txt
[2022-04-10 02:14:22.553] Save: model.pt... 
[2022-04-10 02:14:22.563] Save: model.pt...Done. best_val_loss: 4.4249
[2022-04-10 02:14:22.563] Epoch 002/40 ==================================================
[2022-04-10 02:14:26.079] E002 |   200/713 batches | lr 20.0000 | loss  4.201 | ppl     66.77
[2022-04-10 02:14:29.512] E002 |   400/713 batches | lr 20.0000 | loss  3.980 | ppl     53.52
[2022-04-10 02:14:32.971] E002 |   600/713 batches | lr 20.0000 | loss  3.841 | ppl     46.58
[2022-04-10 02:14:34.927] E002 |   713/713 batches | lr 20.0000 | loss  3.760 | ppl     42.96
[2022-04-10 02:14:37.110] End E002 | valid loss  3.939; ppl     51.36 | accu 0.2150 = 27701/128840
[2022-04-10 02:14:45.049] End E002 |  test loss  4.533; ppl     93.07 | accu 0.1580 = 73765/466780 ../data/cbt_valid.txt
[2022-04-10 02:14:47.425] End E002 |  test loss  5.289; ppl    198.23 | accu 0.0745 = 10473/140600 ../data/adult_test.txt
[2022-04-10 02:14:47.425] Save: model.pt... 
[2022-04-10 02:14:47.434] Save: model.pt...Done. best_val_loss: 3.9388
[2022-04-10 02:14:47.434] Epoch 003/40 ==================================================
[2022-04-10 02:14:50.889] E003 |   200/713 batches | lr 20.0000 | loss  3.732 | ppl     41.77
[2022-04-10 02:14:54.330] E003 |   400/713 batches | lr 20.0000 | loss  3.624 | ppl     37.48
[2022-04-10 02:14:57.770] E003 |   600/713 batches | lr 20.0000 | loss  3.572 | ppl     35.60
[2022-04-10 02:14:59.718] E003 |   713/713 batches | lr 20.0000 | loss  3.547 | ppl     34.70
[2022-04-10 02:15:01.926] End E003 | valid loss  3.789; ppl     44.21 | accu 0.2380 = 30661/128840
[2022-04-10 02:15:09.860] End E003 |  test loss  4.405; ppl     81.89 | accu 0.1775 = 82861/466780 ../data/cbt_valid.txt
[2022-04-10 02:15:12.259] End E003 |  test loss  5.150; ppl    172.44 | accu 0.0936 = 13157/140600 ../data/adult_test.txt
[2022-04-10 02:15:12.259] Save: model.pt... 
[2022-04-10 02:15:12.269] Save: model.pt...Done. best_val_loss: 3.7889
[2022-04-10 02:15:12.269] Epoch 004/40 ==================================================
[2022-04-10 02:15:15.813] E004 |   200/713 batches | lr 20.0000 | loss  3.555 | ppl     35.00
[2022-04-10 02:15:19.262] E004 |   400/713 batches | lr 20.0000 | loss  3.474 | ppl     32.28
[2022-04-10 02:15:22.715] E004 |   600/713 batches | lr 20.0000 | loss  3.452 | ppl     31.58
[2022-04-10 02:15:24.653] E004 |   713/713 batches | lr 20.0000 | loss  3.442 | ppl     31.26
[2022-04-10 02:15:26.860] End E004 | valid loss  3.705; ppl     40.64 | accu 0.2529 = 32589/128840
[2022-04-10 02:15:34.818] End E004 |  test loss  4.437; ppl     84.52 | accu 0.1765 = 82395/466780 ../data/cbt_valid.txt
[2022-04-10 02:15:37.190] End E004 |  test loss  5.318; ppl    203.90 | accu 0.0909 = 12780/140600 ../data/adult_test.txt
[2022-04-10 02:15:37.190] Save: model.pt... 
[2022-04-10 02:15:37.197] Save: model.pt...Done. best_val_loss: 3.7048
[2022-04-10 02:15:37.197] Epoch 005/40 ==================================================
[2022-04-10 02:15:40.651] E005 |   200/713 batches | lr 20.0000 | loss  3.463 | ppl     31.90
[2022-04-10 02:15:44.119] E005 |   400/713 batches | lr 20.0000 | loss  3.398 | ppl     29.91
[2022-04-10 02:15:47.573] E005 |   600/713 batches | lr 20.0000 | loss  3.387 | ppl     29.58
[2022-04-10 02:15:49.515] E005 |   713/713 batches | lr 20.0000 | loss  3.381 | ppl     29.41
[2022-04-10 02:15:51.711] End E005 | valid loss  3.671; ppl     39.30 | accu 0.2592 = 33399/128840
[2022-04-10 02:15:59.635] End E005 |  test loss  4.350; ppl     77.51 | accu 0.1901 = 88750/466780 ../data/cbt_valid.txt
[2022-04-10 02:16:02.026] End E005 |  test loss  5.164; ppl    174.79 | accu 0.1049 = 14751/140600 ../data/adult_test.txt
[2022-04-10 02:16:02.026] Save: model.pt... 
[2022-04-10 02:16:02.036] Save: model.pt...Done. best_val_loss: 3.6713
[2022-04-10 02:16:02.036] Epoch 006/40 ==================================================
[2022-04-10 02:16:05.513] E006 |   200/713 batches | lr 20.0000 | loss  3.412 | ppl     30.31
[2022-04-10 02:16:08.956] E006 |   400/713 batches | lr 20.0000 | loss  3.350 | ppl     28.51
[2022-04-10 02:16:12.434] E006 |   600/713 batches | lr 20.0000 | loss  3.345 | ppl     28.35
[2022-04-10 02:16:14.393] E006 |   713/713 batches | lr 20.0000 | loss  3.342 | ppl     28.27
[2022-04-10 02:16:16.587] End E006 | valid loss  3.651; ppl     38.52 | accu 0.2635 = 33949/128840
[2022-04-10 02:16:24.464] End E006 |  test loss  4.378; ppl     79.72 | accu 0.1901 = 88724/466780 ../data/cbt_valid.txt
[2022-04-10 02:16:26.851] End E006 |  test loss  5.304; ppl    201.13 | accu 0.1048 = 14738/140600 ../data/adult_test.txt
[2022-04-10 02:16:26.852] Save: model.pt... 
[2022-04-10 02:16:26.859] Save: model.pt...Done. best_val_loss: 3.6511
[2022-04-10 02:16:26.859] Epoch 007/40 ==================================================
[2022-04-10 02:16:30.338] E007 |   200/713 batches | lr 20.0000 | loss  3.373 | ppl     29.16
[2022-04-10 02:16:33.787] E007 |   400/713 batches | lr 20.0000 | loss  3.318 | ppl     27.61
[2022-04-10 02:16:37.290] E007 |   600/713 batches | lr 20.0000 | loss  3.313 | ppl     27.45
[2022-04-10 02:16:39.238] E007 |   713/713 batches | lr 20.0000 | loss  3.309 | ppl     27.35
[2022-04-10 02:16:41.452] End E007 | valid loss  3.641; ppl     38.15 | accu 0.2660 = 34274/128840
[2022-04-10 02:16:49.380] End E007 |  test loss  4.393; ppl     80.90 | accu 0.1909 = 89127/466780 ../data/cbt_valid.txt
[2022-04-10 02:16:51.785] End E007 |  test loss  5.238; ppl    188.38 | accu 0.1092 = 15360/140600 ../data/adult_test.txt
[2022-04-10 02:16:51.785] Save: model.pt... 
[2022-04-10 02:16:51.795] Save: model.pt...Done. best_val_loss: 3.6415
[2022-04-10 02:16:51.795] Epoch 008/40 ==================================================
[2022-04-10 02:16:55.279] E008 |   200/713 batches | lr 20.0000 | loss  3.348 | ppl     28.44
[2022-04-10 02:16:58.746] E008 |   400/713 batches | lr 20.0000 | loss  3.291 | ppl     26.86
[2022-04-10 02:17:02.218] E008 |   600/713 batches | lr 20.0000 | loss  3.294 | ppl     26.96
[2022-04-10 02:17:04.149] E008 |   713/713 batches | lr 20.0000 | loss  3.296 | ppl     27.00
[2022-04-10 02:17:06.354] End E008 | valid loss  3.634; ppl     37.86 | accu 0.2675 = 34469/128840
[2022-04-10 02:17:14.235] End E008 |  test loss  4.333; ppl     76.18 | accu 0.1985 = 92673/466780 ../data/cbt_valid.txt
[2022-04-10 02:17:16.607] End E008 |  test loss  5.104; ppl    164.63 | accu 0.1176 = 16530/140600 ../data/adult_test.txt
[2022-04-10 02:17:16.608] Save: model.pt... 
[2022-04-10 02:17:16.614] Save: model.pt...Done. best_val_loss: 3.6339
[2022-04-10 02:17:16.615] Epoch 009/40 ==================================================
[2022-04-10 02:17:20.083] E009 |   200/713 batches | lr 20.0000 | loss  3.324 | ppl     27.76
[2022-04-10 02:17:23.594] E009 |   400/713 batches | lr 20.0000 | loss  3.270 | ppl     26.31
[2022-04-10 02:17:27.059] E009 |   600/713 batches | lr 20.0000 | loss  3.275 | ppl     26.45
[2022-04-10 02:17:29.013] E009 |   713/713 batches | lr 20.0000 | loss  3.283 | ppl     26.66
[2022-04-10 02:17:31.198] End E009 | valid loss  3.618; ppl     37.26 | accu 0.2722 = 35070/128840
[2022-04-10 02:17:39.095] End E009 |  test loss  4.453; ppl     85.85 | accu 0.1931 = 90132/466780 ../data/cbt_valid.txt
[2022-04-10 02:17:41.474] End E009 |  test loss  5.373; ppl    215.49 | accu 0.1070 = 15045/140600 ../data/adult_test.txt
[2022-04-10 02:17:41.474] Save: model.pt... 
[2022-04-10 02:17:41.482] Save: model.pt...Done. best_val_loss: 3.6180
[2022-04-10 02:17:41.482] Epoch 010/40 ==================================================
[2022-04-10 02:17:44.942] E010 |   200/713 batches | lr 20.0000 | loss  3.313 | ppl     27.47
[2022-04-10 02:17:48.426] E010 |   400/713 batches | lr 20.0000 | loss  3.263 | ppl     26.14
[2022-04-10 02:17:51.880] E010 |   600/713 batches | lr 20.0000 | loss  3.263 | ppl     26.14
[2022-04-10 02:17:53.870] E010 |   713/713 batches | lr 20.0000 | loss  3.265 | ppl     26.18
[2022-04-10 02:17:56.061] End E010 | valid loss  3.622; ppl     37.40 | accu 0.2711 = 34932/128840
[2022-04-10 02:18:03.970] End E010 |  test loss  4.544; ppl     94.07 | accu 0.1876 = 87557/466780 ../data/cbt_valid.txt
[2022-04-10 02:18:06.358] End E010 |  test loss  5.601; ppl    270.63 | accu 0.1065 = 14978/140600 ../data/adult_test.txt
[2022-04-10 02:18:06.358] Epoch 011/40 ==================================================
[2022-04-10 02:18:09.791] E011 |   200/713 batches | lr 10.0000 | loss  3.252 | ppl     25.83
[2022-04-10 02:18:13.250] E011 |   400/713 batches | lr 10.0000 | loss  3.154 | ppl     23.42
[2022-04-10 02:18:16.679] E011 |   600/713 batches | lr 10.0000 | loss  3.140 | ppl     23.10
[2022-04-10 02:18:18.623] E011 |   713/713 batches | lr 10.0000 | loss  3.126 | ppl     22.78
[2022-04-10 02:18:20.814] End E011 | valid loss  3.535; ppl     34.28 | accu 0.2869 = 36961/128840
[2022-04-10 02:18:28.696] End E011 |  test loss  4.523; ppl     92.12 | accu 0.1986 = 92718/466780 ../data/cbt_valid.txt
[2022-04-10 02:18:31.070] End E011 |  test loss  5.596; ppl    269.27 | accu 0.1131 = 15904/140600 ../data/adult_test.txt
[2022-04-10 02:18:31.070] Save: model.pt... 
[2022-04-10 02:18:31.080] Save: model.pt...Done. best_val_loss: 3.5345
[2022-04-10 02:18:31.080] Epoch 012/40 ==================================================
[2022-04-10 02:18:34.530] E012 |   200/713 batches | lr 10.0000 | loss  3.173 | ppl     23.88
[2022-04-10 02:18:37.960] E012 |   400/713 batches | lr 10.0000 | loss  3.114 | ppl     22.51
[2022-04-10 02:18:41.415] E012 |   600/713 batches | lr 10.0000 | loss  3.105 | ppl     22.31
[2022-04-10 02:18:43.348] E012 |   713/713 batches | lr 10.0000 | loss  3.102 | ppl     22.24
[2022-04-10 02:18:45.538] End E012 | valid loss  3.521; ppl     33.81 | accu 0.2877 = 37064/128840
[2022-04-10 02:18:53.434] End E012 |  test loss  4.552; ppl     94.80 | accu 0.1993 = 93047/466780 ../data/cbt_valid.txt
[2022-04-10 02:18:55.855] End E012 |  test loss  5.691; ppl    296.26 | accu 0.1127 = 15840/140600 ../data/adult_test.txt
[2022-04-10 02:18:55.855] Save: model.pt... 
[2022-04-10 02:18:55.865] Save: model.pt...Done. best_val_loss: 3.5208
[2022-04-10 02:18:55.865] Epoch 013/40 ==================================================
[2022-04-10 02:18:59.337] E013 |   200/713 batches | lr 10.0000 | loss  3.153 | ppl     23.40
[2022-04-10 02:19:02.779] E013 |   400/713 batches | lr 10.0000 | loss  3.093 | ppl     22.04
[2022-04-10 02:19:06.289] E013 |   600/713 batches | lr 10.0000 | loss  3.091 | ppl     22.00
[2022-04-10 02:19:08.233] E013 |   713/713 batches | lr 10.0000 | loss  3.081 | ppl     21.78
[2022-04-10 02:19:10.448] End E013 | valid loss  3.509; ppl     33.41 | accu 0.2896 = 37315/128840
[2022-04-10 02:19:18.359] End E013 |  test loss  4.513; ppl     91.18 | accu 0.2023 = 94422/466780 ../data/cbt_valid.txt
[2022-04-10 02:19:20.759] End E013 |  test loss  5.651; ppl    284.63 | accu 0.1136 = 15966/140600 ../data/adult_test.txt
[2022-04-10 02:19:20.759] Save: model.pt... 
[2022-04-10 02:19:20.766] Save: model.pt...Done. best_val_loss: 3.5089
[2022-04-10 02:19:20.766] Epoch 014/40 ==================================================
[2022-04-10 02:19:24.215] E014 |   200/713 batches | lr 10.0000 | loss  3.131 | ppl     22.91
[2022-04-10 02:19:27.722] E014 |   400/713 batches | lr 10.0000 | loss  3.076 | ppl     21.68
[2022-04-10 02:19:31.219] E014 |   600/713 batches | lr 10.0000 | loss  3.074 | ppl     21.63
[2022-04-10 02:19:33.157] E014 |   713/713 batches | lr 10.0000 | loss  3.075 | ppl     21.66
[2022-04-10 02:19:35.335] End E014 | valid loss  3.509; ppl     33.43 | accu 0.2904 = 37412/128840
[2022-04-10 02:19:43.203] End E014 |  test loss  4.558; ppl     95.38 | accu 0.2023 = 94422/466780 ../data/cbt_valid.txt
[2022-04-10 02:19:45.589] End E014 |  test loss  5.744; ppl    312.33 | accu 0.1139 = 16017/140600 ../data/adult_test.txt
[2022-04-10 02:19:45.589] Epoch 015/40 ==================================================
[2022-04-10 02:19:49.041] E015 |   200/713 batches | lr 5.0000 | loss  3.103 | ppl     22.27
[2022-04-10 02:19:52.481] E015 |   400/713 batches | lr 5.0000 | loss  3.023 | ppl     20.55
[2022-04-10 02:19:55.910] E015 |   600/713 batches | lr 5.0000 | loss  3.010 | ppl     20.29
[2022-04-10 02:19:57.836] E015 |   713/713 batches | lr 5.0000 | loss  2.997 | ppl     20.03
[2022-04-10 02:20:00.035] End E015 | valid loss  3.480; ppl     32.47 | accu 0.2956 = 38091/128840
[2022-04-10 02:20:07.944] End E015 |  test loss  4.463; ppl     86.75 | accu 0.2076 = 96901/466780 ../data/cbt_valid.txt
[2022-04-10 02:20:10.335] End E015 |  test loss  5.585; ppl    266.32 | accu 0.1186 = 16669/140600 ../data/adult_test.txt
[2022-04-10 02:20:10.335] Save: model.pt... 
[2022-04-10 02:20:10.345] Save: model.pt...Done. best_val_loss: 3.4803
[2022-04-10 02:20:10.345] Epoch 016/40 ==================================================
[2022-04-10 02:20:13.776] E016 |   200/713 batches | lr 5.0000 | loss  3.067 | ppl     21.49
[2022-04-10 02:20:17.286] E016 |   400/713 batches | lr 5.0000 | loss  3.002 | ppl     20.13
[2022-04-10 02:20:20.782] E016 |   600/713 batches | lr 5.0000 | loss  3.000 | ppl     20.09
[2022-04-10 02:20:22.729] E016 |   713/713 batches | lr 5.0000 | loss  2.986 | ppl     19.81
[2022-04-10 02:20:24.938] End E016 | valid loss  3.474; ppl     32.26 | accu 0.2978 = 38364/128840
[2022-04-10 02:20:32.881] End E016 |  test loss  4.580; ppl     97.48 | accu 0.2058 = 96077/466780 ../data/cbt_valid.txt
[2022-04-10 02:20:35.258] End E016 |  test loss  5.828; ppl    339.71 | accu 0.1154 = 16225/140600 ../data/adult_test.txt
[2022-04-10 02:20:35.259] Save: model.pt... 
[2022-04-10 02:20:35.265] Save: model.pt...Done. best_val_loss: 3.4739
[2022-04-10 02:20:35.265] Epoch 017/40 ==================================================
[2022-04-10 02:20:38.795] E017 |   200/713 batches | lr 5.0000 | loss  3.046 | ppl     21.04
[2022-04-10 02:20:42.290] E017 |   400/713 batches | lr 5.0000 | loss  2.989 | ppl     19.87
[2022-04-10 02:20:45.813] E017 |   600/713 batches | lr 5.0000 | loss  2.984 | ppl     19.76
[2022-04-10 02:20:47.764] E017 |   713/713 batches | lr 5.0000 | loss  2.987 | ppl     19.83
[2022-04-10 02:20:49.943] End E017 | valid loss  3.466; ppl     32.01 | accu 0.2978 = 38372/128840
[2022-04-10 02:20:57.877] End E017 |  test loss  4.554; ppl     94.97 | accu 0.2067 = 96493/466780 ../data/cbt_valid.txt
[2022-04-10 02:21:00.269] End E017 |  test loss  5.802; ppl    330.96 | accu 0.1162 = 16342/140600 ../data/adult_test.txt
[2022-04-10 02:21:00.269] Save: model.pt... 
[2022-04-10 02:21:00.279] Save: model.pt...Done. best_val_loss: 3.4659
[2022-04-10 02:21:00.279] Epoch 018/40 ==================================================
[2022-04-10 02:21:03.717] E018 |   200/713 batches | lr 5.0000 | loss  3.038 | ppl     20.86
[2022-04-10 02:21:07.187] E018 |   400/713 batches | lr 5.0000 | loss  2.981 | ppl     19.70
[2022-04-10 02:21:10.638] E018 |   600/713 batches | lr 5.0000 | loss  2.977 | ppl     19.62
[2022-04-10 02:21:12.589] E018 |   713/713 batches | lr 5.0000 | loss  2.974 | ppl     19.56
[2022-04-10 02:21:14.761] End E018 | valid loss  3.466; ppl     32.00 | accu 0.2979 = 38379/128840
[2022-04-10 02:21:22.642] End E018 |  test loss  4.499; ppl     89.89 | accu 0.2087 = 97407/466780 ../data/cbt_valid.txt
[2022-04-10 02:21:25.008] End E018 |  test loss  5.687; ppl    295.12 | accu 0.1188 = 16701/140600 ../data/adult_test.txt
[2022-04-10 02:21:25.009] Save: model.pt... 
[2022-04-10 02:21:25.016] Save: model.pt...Done. best_val_loss: 3.4657
[2022-04-10 02:21:25.016] Epoch 019/40 ==================================================
[2022-04-10 02:21:28.461] E019 |   200/713 batches | lr 5.0000 | loss  3.025 | ppl     20.60
[2022-04-10 02:21:31.903] E019 |   400/713 batches | lr 5.0000 | loss  2.965 | ppl     19.40
[2022-04-10 02:21:35.386] E019 |   600/713 batches | lr 5.0000 | loss  2.970 | ppl     19.49
[2022-04-10 02:21:37.325] E019 |   713/713 batches | lr 5.0000 | loss  2.968 | ppl     19.45
[2022-04-10 02:21:39.617] End E019 | valid loss  3.462; ppl     31.89 | accu 0.2988 = 38501/128840
[2022-04-10 02:21:47.566] End E019 |  test loss  4.583; ppl     97.84 | accu 0.2078 = 96976/466780 ../data/cbt_valid.txt
[2022-04-10 02:21:49.972] End E019 |  test loss  5.901; ppl    365.32 | accu 0.1152 = 16201/140600 ../data/adult_test.txt
[2022-04-10 02:21:49.973] Save: model.pt... 
[2022-04-10 02:21:49.983] Save: model.pt...Done. best_val_loss: 3.4624
[2022-04-10 02:21:49.983] Epoch 020/40 ==================================================
[2022-04-10 02:21:53.486] E020 |   200/713 batches | lr 5.0000 | loss  3.018 | ppl     20.44
[2022-04-10 02:21:56.950] E020 |   400/713 batches | lr 5.0000 | loss  2.963 | ppl     19.36
[2022-04-10 02:22:00.457] E020 |   600/713 batches | lr 5.0000 | loss  2.965 | ppl     19.40
[2022-04-10 02:22:02.398] E020 |   713/713 batches | lr 5.0000 | loss  2.959 | ppl     19.28
[2022-04-10 02:22:04.600] End E020 | valid loss  3.465; ppl     31.99 | accu 0.2990 = 38522/128840
[2022-04-10 02:22:12.486] End E020 |  test loss  4.535; ppl     93.24 | accu 0.2081 = 97150/466780 ../data/cbt_valid.txt
[2022-04-10 02:22:14.854] End E020 |  test loss  5.742; ppl    311.68 | accu 0.1191 = 16740/140600 ../data/adult_test.txt
[2022-04-10 02:22:14.854] Epoch 021/40 ==================================================
[2022-04-10 02:22:18.302] E021 |   200/713 batches | lr 2.5000 | loss  3.008 | ppl     20.24
[2022-04-10 02:22:21.732] E021 |   400/713 batches | lr 2.5000 | loss  2.938 | ppl     18.87
[2022-04-10 02:22:25.175] E021 |   600/713 batches | lr 2.5000 | loss  2.929 | ppl     18.70
[2022-04-10 02:22:27.113] E021 |   713/713 batches | lr 2.5000 | loss  2.924 | ppl     18.61
[2022-04-10 02:22:29.294] End E021 | valid loss  3.449; ppl     31.45 | accu 0.3021 = 38921/128840
[2022-04-10 02:22:37.158] End E021 |  test loss  4.634; ppl    102.93 | accu 0.2082 = 97190/466780 ../data/cbt_valid.txt
[2022-04-10 02:22:39.528] End E021 |  test loss  6.059; ppl    427.98 | accu 0.1131 = 15899/140600 ../data/adult_test.txt
[2022-04-10 02:22:39.528] Save: model.pt... 
[2022-04-10 02:22:39.539] Save: model.pt...Done. best_val_loss: 3.4485
[2022-04-10 02:22:39.539] Epoch 022/40 ==================================================
[2022-04-10 02:22:43.007] E022 |   200/713 batches | lr 2.5000 | loss  2.986 | ppl     19.80
[2022-04-10 02:22:46.536] E022 |   400/713 batches | lr 2.5000 | loss  2.926 | ppl     18.65
[2022-04-10 02:22:50.004] E022 |   600/713 batches | lr 2.5000 | loss  2.921 | ppl     18.57
[2022-04-10 02:22:51.954] E022 |   713/713 batches | lr 2.5000 | loss  2.914 | ppl     18.43
[2022-04-10 02:22:54.144] End E022 | valid loss  3.449; ppl     31.47 | accu 0.3026 = 38986/128840
[2022-04-10 02:23:02.110] End E022 |  test loss  4.612; ppl    100.73 | accu 0.2086 = 97360/466780 ../data/cbt_valid.txt
[2022-04-10 02:23:04.498] End E022 |  test loss  6.008; ppl    406.60 | accu 0.1146 = 16107/140600 ../data/adult_test.txt
[2022-04-10 02:23:04.498] Epoch 023/40 ==================================================
[2022-04-10 02:23:07.972] E023 |   200/713 batches | lr 1.2500 | loss  2.980 | ppl     19.68
[2022-04-10 02:23:11.461] E023 |   400/713 batches | lr 1.2500 | loss  2.913 | ppl     18.41
[2022-04-10 02:23:14.901] E023 |   600/713 batches | lr 1.2500 | loss  2.905 | ppl     18.27
[2022-04-10 02:23:16.865] E023 |   713/713 batches | lr 1.2500 | loss  2.896 | ppl     18.10
[2022-04-10 02:23:19.052] End E023 | valid loss  3.441; ppl     31.20 | accu 0.3034 = 39093/128840
[2022-04-10 02:23:26.966] End E023 |  test loss  4.590; ppl     98.47 | accu 0.2099 = 97972/466780 ../data/cbt_valid.txt
[2022-04-10 02:23:29.326] End E023 |  test loss  5.966; ppl    389.78 | accu 0.1156 = 16251/140600 ../data/adult_test.txt
[2022-04-10 02:23:29.327] Save: model.pt... 
[2022-04-10 02:23:29.336] Save: model.pt...Done. best_val_loss: 3.4405
[2022-04-10 02:23:29.336] Epoch 024/40 ==================================================
[2022-04-10 02:23:32.808] E024 |   200/713 batches | lr 1.2500 | loss  2.965 | ppl     19.39
[2022-04-10 02:23:36.256] E024 |   400/713 batches | lr 1.2500 | loss  2.904 | ppl     18.25
[2022-04-10 02:23:39.697] E024 |   600/713 batches | lr 1.2500 | loss  2.904 | ppl     18.25
[2022-04-10 02:23:41.651] E024 |   713/713 batches | lr 1.2500 | loss  2.895 | ppl     18.08
[2022-04-10 02:23:43.856] End E024 | valid loss  3.441; ppl     31.21 | accu 0.3033 = 39081/128840
[2022-04-10 02:23:51.774] End E024 |  test loss  4.635; ppl    102.99 | accu 0.2093 = 97718/466780 ../data/cbt_valid.txt
[2022-04-10 02:23:54.137] End E024 |  test loss  6.101; ppl    446.22 | accu 0.1132 = 15911/140600 ../data/adult_test.txt
[2022-04-10 02:23:54.137] Epoch 025/40 ==================================================
[2022-04-10 02:23:57.625] E025 |   200/713 batches | lr 0.6250 | loss  2.964 | ppl     19.37
[2022-04-10 02:24:01.102] E025 |   400/713 batches | lr 0.6250 | loss  2.893 | ppl     18.04
[2022-04-10 02:24:04.558] E025 |   600/713 batches | lr 0.6250 | loss  2.889 | ppl     17.98
[2022-04-10 02:24:06.519] E025 |   713/713 batches | lr 0.6250 | loss  2.884 | ppl     17.89
[2022-04-10 02:24:08.697] End E025 | valid loss  3.439; ppl     31.17 | accu 0.3035 = 39099/128840
[2022-04-10 02:24:16.613] End E025 |  test loss  4.652; ppl    104.83 | accu 0.2095 = 97776/466780 ../data/cbt_valid.txt
[2022-04-10 02:24:18.993] End E025 |  test loss  6.147; ppl    467.40 | accu 0.1128 = 15860/140600 ../data/adult_test.txt
[2022-04-10 02:24:18.993] Save: model.pt... 
[2022-04-10 02:24:19.003] Save: model.pt...Done. best_val_loss: 3.4395
[2022-04-10 02:24:19.003] Epoch 026/40 ==================================================
[2022-04-10 02:24:22.471] E026 |   200/713 batches | lr 0.6250 | loss  2.958 | ppl     19.26
[2022-04-10 02:24:26.021] E026 |   400/713 batches | lr 0.6250 | loss  2.895 | ppl     18.09
[2022-04-10 02:24:29.466] E026 |   600/713 batches | lr 0.6250 | loss  2.887 | ppl     17.93
[2022-04-10 02:24:31.443] E026 |   713/713 batches | lr 0.6250 | loss  2.881 | ppl     17.82
[2022-04-10 02:24:33.627] End E026 | valid loss  3.439; ppl     31.14 | accu 0.3041 = 39180/128840
[2022-04-10 02:24:41.569] End E026 |  test loss  4.649; ppl    104.47 | accu 0.2090 = 97573/466780 ../data/cbt_valid.txt
[2022-04-10 02:24:43.958] End E026 |  test loss  6.106; ppl    448.38 | accu 0.1134 = 15941/140600 ../data/adult_test.txt
[2022-04-10 02:24:43.959] Save: model.pt... 
[2022-04-10 02:24:43.969] Save: model.pt...Done. best_val_loss: 3.4385
[2022-04-10 02:24:43.969] Epoch 027/40 ==================================================
[2022-04-10 02:24:47.509] E027 |   200/713 batches | lr 0.6250 | loss  2.953 | ppl     19.16
[2022-04-10 02:24:51.009] E027 |   400/713 batches | lr 0.6250 | loss  2.895 | ppl     18.08
[2022-04-10 02:24:54.464] E027 |   600/713 batches | lr 0.6250 | loss  2.885 | ppl     17.90
[2022-04-10 02:24:56.438] E027 |   713/713 batches | lr 0.6250 | loss  2.879 | ppl     17.80
[2022-04-10 02:24:58.646] End E027 | valid loss  3.437; ppl     31.10 | accu 0.3039 = 39158/128840
[2022-04-10 02:25:06.608] End E027 |  test loss  4.648; ppl    104.37 | accu 0.2093 = 97695/466780 ../data/cbt_valid.txt
[2022-04-10 02:25:08.999] End E027 |  test loss  6.140; ppl    463.86 | accu 0.1127 = 15848/140600 ../data/adult_test.txt
[2022-04-10 02:25:09.000] Save: model.pt... 
[2022-04-10 02:25:09.007] Save: model.pt...Done. best_val_loss: 3.4371
[2022-04-10 02:25:09.007] Epoch 028/40 ==================================================
[2022-04-10 02:25:12.499] E028 |   200/713 batches | lr 0.6250 | loss  2.954 | ppl     19.18
[2022-04-10 02:25:15.935] E028 |   400/713 batches | lr 0.6250 | loss  2.889 | ppl     17.97
[2022-04-10 02:25:19.379] E028 |   600/713 batches | lr 0.6250 | loss  2.888 | ppl     17.95
[2022-04-10 02:25:21.317] E028 |   713/713 batches | lr 0.6250 | loss  2.877 | ppl     17.76
[2022-04-10 02:25:23.516] End E028 | valid loss  3.436; ppl     31.06 | accu 0.3043 = 39210/128840
[2022-04-10 02:25:31.437] End E028 |  test loss  4.636; ppl    103.16 | accu 0.2093 = 97717/466780 ../data/cbt_valid.txt
[2022-04-10 02:25:33.826] End E028 |  test loss  6.090; ppl    441.51 | accu 0.1136 = 15971/140600 ../data/adult_test.txt
[2022-04-10 02:25:33.827] Save: model.pt... 
[2022-04-10 02:25:33.836] Save: model.pt...Done. best_val_loss: 3.4358
[2022-04-10 02:25:33.836] Epoch 029/40 ==================================================
[2022-04-10 02:25:37.291] E029 |   200/713 batches | lr 0.6250 | loss  2.947 | ppl     19.05
[2022-04-10 02:25:40.734] E029 |   400/713 batches | lr 0.6250 | loss  2.887 | ppl     17.93
[2022-04-10 02:25:44.175] E029 |   600/713 batches | lr 0.6250 | loss  2.883 | ppl     17.86
[2022-04-10 02:25:46.132] E029 |   713/713 batches | lr 0.6250 | loss  2.880 | ppl     17.81
[2022-04-10 02:25:48.318] End E029 | valid loss  3.436; ppl     31.06 | accu 0.3049 = 39280/128840
[2022-04-10 02:25:56.262] End E029 |  test loss  4.656; ppl    105.20 | accu 0.2093 = 97695/466780 ../data/cbt_valid.txt
[2022-04-10 02:25:58.630] End E029 |  test loss  6.142; ppl    464.79 | accu 0.1131 = 15906/140600 ../data/adult_test.txt
[2022-04-10 02:25:58.631] Epoch 030/40 ==================================================
[2022-04-10 02:26:02.071] E030 |   200/713 batches | lr 0.3125 | loss  2.944 | ppl     18.99
[2022-04-10 02:26:05.527] E030 |   400/713 batches | lr 0.3125 | loss  2.883 | ppl     17.87
[2022-04-10 02:26:08.950] E030 |   600/713 batches | lr 0.3125 | loss  2.881 | ppl     17.83
[2022-04-10 02:26:10.914] E030 |   713/713 batches | lr 0.3125 | loss  2.871 | ppl     17.65
[2022-04-10 02:26:13.089] End E030 | valid loss  3.437; ppl     31.08 | accu 0.3048 = 39264/128840
[2022-04-10 02:26:21.015] End E030 |  test loss  4.633; ppl    102.86 | accu 0.2102 = 98113/466780 ../data/cbt_valid.txt
[2022-04-10 02:26:23.411] End E030 |  test loss  6.107; ppl    448.89 | accu 0.1137 = 15981/140600 ../data/adult_test.txt
[2022-04-10 02:26:23.411] Epoch 031/40 ==================================================
[2022-04-10 02:26:26.871] E031 |   200/713 batches | lr 0.1562 | loss  2.941 | ppl     18.94
[2022-04-10 02:26:30.324] E031 |   400/713 batches | lr 0.1562 | loss  2.881 | ppl     17.84
[2022-04-10 02:26:33.775] E031 |   600/713 batches | lr 0.1562 | loss  2.877 | ppl     17.77
[2022-04-10 02:26:35.762] E031 |   713/713 batches | lr 0.1562 | loss  2.866 | ppl     17.56
[2022-04-10 02:26:37.942] End E031 | valid loss  3.436; ppl     31.06 | accu 0.3048 = 39270/128840
[2022-04-10 02:26:45.840] End E031 |  test loss  4.660; ppl    105.63 | accu 0.2096 = 97831/466780 ../data/cbt_valid.txt
[2022-04-10 02:26:48.206] End E031 |  test loss  6.172; ppl    479.19 | accu 0.1124 = 15797/140600 ../data/adult_test.txt
[2022-04-10 02:26:48.206] Epoch 032/40 ==================================================
[2022-04-10 02:26:51.671] E032 |   200/713 batches | lr 0.0781 | loss  2.942 | ppl     18.96
[2022-04-10 02:26:55.113] E032 |   400/713 batches | lr 0.0781 | loss  2.879 | ppl     17.80
[2022-04-10 02:26:58.542] E032 |   600/713 batches | lr 0.0781 | loss  2.876 | ppl     17.74
[2022-04-10 02:27:00.490] E032 |   713/713 batches | lr 0.0781 | loss  2.863 | ppl     17.51
[2022-04-10 02:27:02.659] End E032 | valid loss  3.435; ppl     31.03 | accu 0.3050 = 39291/128840
[2022-04-10 02:27:10.535] End E032 |  test loss  4.648; ppl    104.35 | accu 0.2096 = 97840/466780 ../data/cbt_valid.txt
[2022-04-10 02:27:12.890] End E032 |  test loss  6.137; ppl    462.77 | accu 0.1129 = 15875/140600 ../data/adult_test.txt
[2022-04-10 02:27:12.890] Save: model.pt... 
[2022-04-10 02:27:12.900] Save: model.pt...Done. best_val_loss: 3.4351
[2022-04-10 02:27:12.900] Epoch 033/40 ==================================================
[2022-04-10 02:27:16.378] E033 |   200/713 batches | lr 0.0781 | loss  2.947 | ppl     19.04
[2022-04-10 02:27:19.879] E033 |   400/713 batches | lr 0.0781 | loss  2.878 | ppl     17.78
[2022-04-10 02:27:23.363] E033 |   600/713 batches | lr 0.0781 | loss  2.873 | ppl     17.68
[2022-04-10 02:27:25.342] E033 |   713/713 batches | lr 0.0781 | loss  2.869 | ppl     17.62
[2022-04-10 02:27:27.527] End E033 | valid loss  3.435; ppl     31.02 | accu 0.3053 = 39332/128840
[2022-04-10 02:27:35.460] End E033 |  test loss  4.647; ppl    104.27 | accu 0.2095 = 97801/466780 ../data/cbt_valid.txt
[2022-04-10 02:27:37.851] End E033 |  test loss  6.135; ppl    461.71 | accu 0.1129 = 15879/140600 ../data/adult_test.txt
[2022-04-10 02:27:37.851] Save: model.pt... 
[2022-04-10 02:27:37.861] Save: model.pt...Done. best_val_loss: 3.4345
[2022-04-10 02:27:37.861] Epoch 034/40 ==================================================
[2022-04-10 02:27:41.320] E034 |   200/713 batches | lr 0.0781 | loss  2.940 | ppl     18.92
[2022-04-10 02:27:44.763] E034 |   400/713 batches | lr 0.0781 | loss  2.879 | ppl     17.79
[2022-04-10 02:27:48.227] E034 |   600/713 batches | lr 0.0781 | loss  2.874 | ppl     17.71
[2022-04-10 02:27:50.190] E034 |   713/713 batches | lr 0.0781 | loss  2.869 | ppl     17.62
[2022-04-10 02:27:52.376] End E034 | valid loss  3.435; ppl     31.03 | accu 0.3052 = 39324/128840
[2022-04-10 02:28:00.280] End E034 |  test loss  4.655; ppl    105.13 | accu 0.2095 = 97769/466780 ../data/cbt_valid.txt
[2022-04-10 02:28:02.673] End E034 |  test loss  6.156; ppl    471.68 | accu 0.1127 = 15845/140600 ../data/adult_test.txt
[2022-04-10 02:28:02.673] Epoch 035/40 ==================================================
[2022-04-10 02:28:06.111] E035 |   200/713 batches | lr 0.0391 | loss  2.946 | ppl     19.02
[2022-04-10 02:28:09.559] E035 |   400/713 batches | lr 0.0391 | loss  2.880 | ppl     17.81
[2022-04-10 02:28:12.995] E035 |   600/713 batches | lr 0.0391 | loss  2.871 | ppl     17.65
[2022-04-10 02:28:14.941] E035 |   713/713 batches | lr 0.0391 | loss  2.865 | ppl     17.54
[2022-04-10 02:28:17.141] End E035 | valid loss  3.435; ppl     31.02 | accu 0.3052 = 39322/128840
[2022-04-10 02:28:25.067] End E035 |  test loss  4.647; ppl    104.23 | accu 0.2096 = 97846/466780 ../data/cbt_valid.txt
[2022-04-10 02:28:27.453] End E035 |  test loss  6.137; ppl    462.76 | accu 0.1129 = 15877/140600 ../data/adult_test.txt
[2022-04-10 02:28:27.453] Epoch 036/40 ==================================================
[2022-04-10 02:28:30.920] E036 |   200/713 batches | lr 0.0195 | loss  2.943 | ppl     18.98
[2022-04-10 02:28:34.353] E036 |   400/713 batches | lr 0.0195 | loss  2.881 | ppl     17.82
[2022-04-10 02:28:37.800] E036 |   600/713 batches | lr 0.0195 | loss  2.871 | ppl     17.66
[2022-04-10 02:28:39.742] E036 |   713/713 batches | lr 0.0195 | loss  2.863 | ppl     17.51
[2022-04-10 02:28:41.936] End E036 | valid loss  3.434; ppl     31.01 | accu 0.3053 = 39334/128840
[2022-04-10 02:28:49.854] End E036 |  test loss  4.647; ppl    104.24 | accu 0.2095 = 97800/466780 ../data/cbt_valid.txt
[2022-04-10 02:28:52.237] End E036 |  test loss  6.134; ppl    461.22 | accu 0.1129 = 15880/140600 ../data/adult_test.txt
[2022-04-10 02:28:52.238] Save: model.pt... 
[2022-04-10 02:28:52.247] Save: model.pt...Done. best_val_loss: 3.4342
[2022-04-10 02:28:52.247] Epoch 037/40 ==================================================
[2022-04-10 02:28:55.724] E037 |   200/713 batches | lr 0.0195 | loss  2.940 | ppl     18.92
[2022-04-10 02:28:59.172] E037 |   400/713 batches | lr 0.0195 | loss  2.879 | ppl     17.79
[2022-04-10 02:29:02.639] E037 |   600/713 batches | lr 0.0195 | loss  2.873 | ppl     17.69
[2022-04-10 02:29:04.597] E037 |   713/713 batches | lr 0.0195 | loss  2.864 | ppl     17.54
[2022-04-10 02:29:06.791] End E037 | valid loss  3.434; ppl     31.00 | accu 0.3053 = 39340/128840
[2022-04-10 02:29:14.722] End E037 |  test loss  4.643; ppl    103.86 | accu 0.2095 = 97783/466780 ../data/cbt_valid.txt
[2022-04-10 02:29:17.114] End E037 |  test loss  6.124; ppl    456.65 | accu 0.1131 = 15900/140600 ../data/adult_test.txt
[2022-04-10 02:29:17.114] Save: model.pt... 
[2022-04-10 02:29:17.121] Save: model.pt...Done. best_val_loss: 3.4340
[2022-04-10 02:29:17.121] Epoch 038/40 ==================================================
[2022-04-10 02:29:20.633] E038 |   200/713 batches | lr 0.0195 | loss  2.940 | ppl     18.91
[2022-04-10 02:29:24.097] E038 |   400/713 batches | lr 0.0195 | loss  2.878 | ppl     17.78
[2022-04-10 02:29:27.535] E038 |   600/713 batches | lr 0.0195 | loss  2.876 | ppl     17.74
[2022-04-10 02:29:29.480] E038 |   713/713 batches | lr 0.0195 | loss  2.865 | ppl     17.55
[2022-04-10 02:29:31.639] End E038 | valid loss  3.434; ppl     31.00 | accu 0.3052 = 39319/128840
[2022-04-10 02:29:39.546] End E038 |  test loss  4.640; ppl    103.51 | accu 0.2097 = 97877/466780 ../data/cbt_valid.txt
[2022-04-10 02:29:41.913] End E038 |  test loss  6.119; ppl    454.48 | accu 0.1132 = 15915/140600 ../data/adult_test.txt
[2022-04-10 02:29:41.913] Epoch 039/40 ==================================================
[2022-04-10 02:29:45.420] E039 |   200/713 batches | lr 0.0098 | loss  2.942 | ppl     18.96
[2022-04-10 02:29:48.874] E039 |   400/713 batches | lr 0.0098 | loss  2.879 | ppl     17.79
[2022-04-10 02:29:52.404] E039 |   600/713 batches | lr 0.0098 | loss  2.874 | ppl     17.71
[2022-04-10 02:29:54.349] E039 |   713/713 batches | lr 0.0098 | loss  2.866 | ppl     17.57
[2022-04-10 02:29:56.564] End E039 | valid loss  3.434; ppl     30.99 | accu 0.3053 = 39330/128840
[2022-04-10 02:30:04.437] End E039 |  test loss  4.640; ppl    103.53 | accu 0.2096 = 97823/466780 ../data/cbt_valid.txt
[2022-04-10 02:30:06.808] End E039 |  test loss  6.116; ppl    453.11 | accu 0.1132 = 15917/140600 ../data/adult_test.txt
[2022-04-10 02:30:06.809] Save: model.pt... 
[2022-04-10 02:30:06.818] Save: model.pt...Done. best_val_loss: 3.4338
[2022-04-10 02:30:06.819] Epoch 040/40 ==================================================
[2022-04-10 02:30:10.314] E040 |   200/713 batches | lr 0.0098 | loss  2.943 | ppl     18.97
[2022-04-10 02:30:13.793] E040 |   400/713 batches | lr 0.0098 | loss  2.878 | ppl     17.79
[2022-04-10 02:30:17.319] E040 |   600/713 batches | lr 0.0098 | loss  2.874 | ppl     17.71
[2022-04-10 02:30:19.260] E040 |   713/713 batches | lr 0.0098 | loss  2.865 | ppl     17.55
[2022-04-10 02:30:21.459] End E040 | valid loss  3.434; ppl     30.99 | accu 0.3052 = 39327/128840
[2022-04-10 02:30:29.349] End E040 |  test loss  4.639; ppl    103.40 | accu 0.2096 = 97818/466780 ../data/cbt_valid.txt
[2022-04-10 02:30:31.715] End E040 |  test loss  6.113; ppl    451.50 | accu 0.1133 = 15924/140600 ../data/adult_test.txt
[2022-04-10 02:30:31.716] Save: model.pt... 
[2022-04-10 02:30:31.725] Save: model.pt...Done. best_val_loss: 3.4337
[2022-04-10 02:30:39.646] End. test loss  4.64; ppl   103.40 | accu 0.2096 = 97818/466780 ../data/cbt_valid.txt
[2022-04-10 02:30:42.037] End. test loss  6.11; ppl   451.50 | accu 0.1133 = 15924/140600 ../data/adult_test.txt
[2022-04-10 02:30:42.037] =========================================================================================
