[2022-04-10 01:43:17.911] corpus.train_file_list: 1
[2022-04-10 01:43:17.911]         ../data/adolescent_train.txt
[2022-04-10 01:43:17.911] corpus.valid_file_list: 1
[2022-04-10 01:43:17.911]         ../data/adolescent_valid.txt
[2022-04-10 01:43:17.911] corpus.test_file_list: 2
[2022-04-10 01:43:17.912]         ../data/cbt_valid.txt
[2022-04-10 01:43:17.912]         ../data/adult_test.txt
[2022-04-10 01:43:17.912] corpus.subword_vocab_size: 200
[2022-04-10 01:43:17.912] corpus.subword_model.train(2 files)...
[2022-04-10 01:43:17.912]         ../data/adolescent_train.txt
[2022-04-10 01:43:17.912]         ../data/adolescent_valid.txt
[2022-04-10 01:43:18.141] corpus.subword_model.train(2 files)...Done
[2022-04-10 01:43:18.142] corpus tokenize...
[2022-04-10 01:43:19.727]         train tokens: 639416  ../data/adolescent_train.txt
[2022-04-10 01:43:20.128]         valid tokens: 165848  ../data/adolescent_valid.txt
[2022-04-10 01:43:21.377]         test  tokens: 591522  ../data/cbt_valid.txt
[2022-04-10 01:43:21.722]         test  tokens: 177097  ../data/adult_test.txt
[2022-04-10 01:43:21.722] corpus.ntokens      : 196
[2022-04-10 01:43:21.723] corpus.char_count   : 97
[2022-04-10 01:43:21.723] corpus.char_cnt_dict: 97
[2022-04-10 01:43:21.723] corpus.char_id_dict : 97
[2022-04-10 01:43:21.727] corpus.batchify(1 files, batch_size=20)...
[2022-04-10 01:43:21.727]         tokens_all: 639416
[2022-04-10 01:43:21.727]         batched   :  31970
[2022-04-10 01:43:21.727]         ../data/adolescent_train.txt
[2022-04-10 01:43:21.730] corpus.batchify(1 files, batch_size=20)...
[2022-04-10 01:43:21.731]         tokens_all: 165848
[2022-04-10 01:43:21.731]         batched   :   8292
[2022-04-10 01:43:21.731]         ../data/adolescent_valid.txt
[2022-04-10 01:43:21.735] corpus.batchify(1 files, batch_size=20)...
[2022-04-10 01:43:21.735]         tokens_all: 591522
[2022-04-10 01:43:21.735]         batched   :  29576
[2022-04-10 01:43:21.735]         ../data/cbt_valid.txt
[2022-04-10 01:43:21.737] corpus.batchify(1 files, batch_size=20)...
[2022-04-10 01:43:21.738]         tokens_all: 177097
[2022-04-10 01:43:21.738]         batched   :   8854
[2022-04-10 01:43:21.738]         ../data/adult_test.txt
[2022-04-10 01:43:21.745] RNNModel.rnn_type: LSTM
[2022-04-10 01:43:21.745] RNNModel.ntoken  : 196
[2022-04-10 01:43:21.746] RNNModel.ninp    : 200
[2022-04-10 01:43:21.746] RNNModel.nhid    : 200
[2022-04-10 01:43:21.746] RNNModel.nlayers : 2
[2022-04-10 01:43:21.746] RNNModel.dropout : 0.2
[2022-04-10 01:43:21.746] RNNModel.tie_weights: False
[2022-04-10 01:43:21.746] RNNModel.char_mode  : CNN
[2022-04-10 01:43:21.746] RNNModel.char_cnt   : 98
[2022-04-10 01:43:21.746] RNNModel.char_emsize: 25
[2022-04-10 01:43:21.746] RNNModel.char_nhid  : 200
[2022-04-10 01:43:21.746] RNNModel.char_embeds: created
[2022-04-10 01:43:21.747] RNNModel.char_cnn3  : created
[2022-04-10 01:43:21.749] Epoch 001/40 ==================================================
[2022-04-10 01:43:27.924] E001 |   200/913 batches | lr 20.0000 | loss  4.560 | ppl     95.58
[2022-04-10 01:43:34.158] E001 |   400/913 batches | lr 20.0000 | loss  4.006 | ppl     54.92
[2022-04-10 01:43:40.485] E001 |   600/913 batches | lr 20.0000 | loss  3.556 | ppl     35.01
[2022-04-10 01:43:46.791] E001 |   800/913 batches | lr 20.0000 | loss  3.335 | ppl     28.08
[2022-04-10 01:43:50.354] E001 |   913/913 batches | lr 20.0000 | loss  3.245 | ppl     25.67
[2022-04-10 01:43:53.437] End E001 | valid loss  3.301; ppl     27.15 | accu 0.2415 = 40038/165820
[2022-04-10 01:44:04.244] End E001 |  test loss  3.621; ppl     37.38 | accu 0.2154 = 127426/591500 ../data/cbt_valid.txt
[2022-04-10 01:44:07.486] End E001 |  test loss  3.986; ppl     53.83 | accu 0.1480 = 26210/177060 ../data/adult_test.txt
[2022-04-10 01:44:07.486] Save: model.pt... 
[2022-04-10 01:44:07.497] Save: model.pt...Done. best_val_loss: 3.3013
[2022-04-10 01:44:07.497] Epoch 002/40 ==================================================
[2022-04-10 01:44:13.698] E002 |   200/913 batches | lr 20.0000 | loss  3.216 | ppl     24.94
[2022-04-10 01:44:20.007] E002 |   400/913 batches | lr 20.0000 | loss  3.133 | ppl     22.94
[2022-04-10 01:44:26.323] E002 |   600/913 batches | lr 20.0000 | loss  3.072 | ppl     21.57
[2022-04-10 01:44:32.626] E002 |   800/913 batches | lr 20.0000 | loss  3.022 | ppl     20.54
[2022-04-10 01:44:36.209] E002 |   913/913 batches | lr 20.0000 | loss  3.009 | ppl     20.26
[2022-04-10 01:44:39.284] End E002 | valid loss  3.103; ppl     22.26 | accu 0.2826 = 46859/165820
[2022-04-10 01:44:50.105] End E002 |  test loss  3.509; ppl     33.40 | accu 0.2394 = 141633/591500 ../data/cbt_valid.txt
[2022-04-10 01:44:53.337] End E002 |  test loss  3.907; ppl     49.77 | accu 0.1639 = 29020/177060 ../data/adult_test.txt
[2022-04-10 01:44:53.337] Save: model.pt... 
[2022-04-10 01:44:53.348] Save: model.pt...Done. best_val_loss: 3.1028
[2022-04-10 01:44:53.348] Epoch 003/40 ==================================================
[2022-04-10 01:44:59.558] E003 |   200/913 batches | lr 20.0000 | loss  3.032 | ppl     20.73
[2022-04-10 01:45:05.869] E003 |   400/913 batches | lr 20.0000 | loss  2.972 | ppl     19.53
[2022-04-10 01:45:12.132] E003 |   600/913 batches | lr 20.0000 | loss  2.947 | ppl     19.05
[2022-04-10 01:45:18.399] E003 |   800/913 batches | lr 20.0000 | loss  2.922 | ppl     18.57
[2022-04-10 01:45:21.932] E003 |   913/913 batches | lr 20.0000 | loss  2.905 | ppl     18.27
[2022-04-10 01:45:25.025] End E003 | valid loss  3.030; ppl     20.69 | accu 0.2956 = 49024/165820
[2022-04-10 01:45:35.893] End E003 |  test loss  3.463; ppl     31.92 | accu 0.2547 = 150651/591500 ../data/cbt_valid.txt
[2022-04-10 01:45:39.137] End E003 |  test loss  3.888; ppl     48.79 | accu 0.1747 = 30930/177060 ../data/adult_test.txt
[2022-04-10 01:45:39.137] Save: model.pt... 
[2022-04-10 01:45:39.147] Save: model.pt...Done. best_val_loss: 3.0296
[2022-04-10 01:45:39.147] Epoch 004/40 ==================================================
[2022-04-10 01:45:45.339] E004 |   200/913 batches | lr 20.0000 | loss  2.939 | ppl     18.89
[2022-04-10 01:45:51.629] E004 |   400/913 batches | lr 20.0000 | loss  2.892 | ppl     18.03
[2022-04-10 01:45:57.882] E004 |   600/913 batches | lr 20.0000 | loss  2.873 | ppl     17.69
[2022-04-10 01:46:04.161] E004 |   800/913 batches | lr 20.0000 | loss  2.852 | ppl     17.32
[2022-04-10 01:46:07.714] E004 |   913/913 batches | lr 20.0000 | loss  2.846 | ppl     17.22
[2022-04-10 01:46:10.782] End E004 | valid loss  2.991; ppl     19.91 | accu 0.3037 = 50365/165820
[2022-04-10 01:46:21.527] End E004 |  test loss  3.421; ppl     30.59 | accu 0.2607 = 154208/591500 ../data/cbt_valid.txt
[2022-04-10 01:46:24.756] End E004 |  test loss  3.825; ppl     45.83 | accu 0.1893 = 33519/177060 ../data/adult_test.txt
[2022-04-10 01:46:24.757] Save: model.pt... 
[2022-04-10 01:46:24.763] Save: model.pt...Done. best_val_loss: 2.9912
[2022-04-10 01:46:24.763] Epoch 005/40 ==================================================
[2022-04-10 01:46:30.959] E005 |   200/913 batches | lr 20.0000 | loss  2.880 | ppl     17.82
[2022-04-10 01:46:37.224] E005 |   400/913 batches | lr 20.0000 | loss  2.834 | ppl     17.02
[2022-04-10 01:46:43.477] E005 |   600/913 batches | lr 20.0000 | loss  2.828 | ppl     16.91
[2022-04-10 01:46:49.743] E005 |   800/913 batches | lr 20.0000 | loss  2.802 | ppl     16.48
[2022-04-10 01:46:53.290] E005 |   913/913 batches | lr 20.0000 | loss  2.808 | ppl     16.57
[2022-04-10 01:46:56.380] End E005 | valid loss  2.958; ppl     19.25 | accu 0.3106 = 51499/165820
[2022-04-10 01:47:07.066] End E005 |  test loss  3.398; ppl     29.92 | accu 0.2660 = 157342/591500 ../data/cbt_valid.txt
[2022-04-10 01:47:10.273] End E005 |  test loss  3.839; ppl     46.47 | accu 0.1870 = 33114/177060 ../data/adult_test.txt
[2022-04-10 01:47:10.273] Save: model.pt... 
[2022-04-10 01:47:10.283] Save: model.pt...Done. best_val_loss: 2.9577
[2022-04-10 01:47:10.284] Epoch 006/40 ==================================================
[2022-04-10 01:47:16.453] E006 |   200/913 batches | lr 20.0000 | loss  2.839 | ppl     17.09
[2022-04-10 01:47:22.703] E006 |   400/913 batches | lr 20.0000 | loss  2.800 | ppl     16.45
[2022-04-10 01:47:28.968] E006 |   600/913 batches | lr 20.0000 | loss  2.789 | ppl     16.27
[2022-04-10 01:47:35.219] E006 |   800/913 batches | lr 20.0000 | loss  2.766 | ppl     15.89
[2022-04-10 01:47:38.777] E006 |   913/913 batches | lr 20.0000 | loss  2.775 | ppl     16.04
[2022-04-10 01:47:41.862] End E006 | valid loss  2.924; ppl     18.61 | accu 0.3178 = 52694/165820
[2022-04-10 01:47:52.631] End E006 |  test loss  3.394; ppl     29.79 | accu 0.2705 = 159977/591500 ../data/cbt_valid.txt
[2022-04-10 01:47:55.873] End E006 |  test loss  3.820; ppl     45.58 | accu 0.1948 = 34491/177060 ../data/adult_test.txt
[2022-04-10 01:47:55.873] Save: model.pt... 
[2022-04-10 01:47:55.884] Save: model.pt...Done. best_val_loss: 2.9237
[2022-04-10 01:47:55.884] Epoch 007/40 ==================================================
[2022-04-10 01:48:02.046] E007 |   200/913 batches | lr 20.0000 | loss  2.810 | ppl     16.61
[2022-04-10 01:48:08.291] E007 |   400/913 batches | lr 20.0000 | loss  2.767 | ppl     15.91
[2022-04-10 01:48:14.544] E007 |   600/913 batches | lr 20.0000 | loss  2.760 | ppl     15.80
[2022-04-10 01:48:20.834] E007 |   800/913 batches | lr 20.0000 | loss  2.747 | ppl     15.60
[2022-04-10 01:48:24.383] E007 |   913/913 batches | lr 20.0000 | loss  2.754 | ppl     15.70
[2022-04-10 01:48:27.484] End E007 | valid loss  2.921; ppl     18.56 | accu 0.3147 = 52191/165820
[2022-04-10 01:48:38.344] End E007 |  test loss  3.379; ppl     29.35 | accu 0.2684 = 158773/591500 ../data/cbt_valid.txt
[2022-04-10 01:48:41.578] End E007 |  test loss  3.827; ppl     45.94 | accu 0.1925 = 34089/177060 ../data/adult_test.txt
[2022-04-10 01:48:41.578] Save: model.pt... 
[2022-04-10 01:48:41.589] Save: model.pt...Done. best_val_loss: 2.9208
[2022-04-10 01:48:41.589] Epoch 008/40 ==================================================
[2022-04-10 01:48:47.794] E008 |   200/913 batches | lr 20.0000 | loss  2.789 | ppl     16.27
[2022-04-10 01:48:54.030] E008 |   400/913 batches | lr 20.0000 | loss  2.746 | ppl     15.58
[2022-04-10 01:49:00.294] E008 |   600/913 batches | lr 20.0000 | loss  2.739 | ppl     15.47
[2022-04-10 01:49:06.575] E008 |   800/913 batches | lr 20.0000 | loss  2.726 | ppl     15.27
[2022-04-10 01:49:10.115] E008 |   913/913 batches | lr 20.0000 | loss  2.734 | ppl     15.39
[2022-04-10 01:49:13.196] End E008 | valid loss  2.934; ppl     18.79 | accu 0.3131 = 51925/165820
[2022-04-10 01:49:23.940] End E008 |  test loss  3.432; ppl     30.93 | accu 0.2622 = 155115/591500 ../data/cbt_valid.txt
[2022-04-10 01:49:27.183] End E008 |  test loss  3.956; ppl     52.24 | accu 0.1820 = 32220/177060 ../data/adult_test.txt
[2022-04-10 01:49:27.183] Epoch 009/40 ==================================================
[2022-04-10 01:49:33.351] E009 |   200/913 batches | lr 10.0000 | loss  2.715 | ppl     15.10
[2022-04-10 01:49:39.577] E009 |   400/913 batches | lr 10.0000 | loss  2.649 | ppl     14.14
[2022-04-10 01:49:45.820] E009 |   600/913 batches | lr 10.0000 | loss  2.630 | ppl     13.87
[2022-04-10 01:49:52.056] E009 |   800/913 batches | lr 10.0000 | loss  2.601 | ppl     13.48
[2022-04-10 01:49:55.585] E009 |   913/913 batches | lr 10.0000 | loss  2.599 | ppl     13.46
[2022-04-10 01:49:58.669] End E009 | valid loss  2.861; ppl     17.47 | accu 0.3313 = 54942/165820
[2022-04-10 01:50:09.469] End E009 |  test loss  3.469; ppl     32.11 | accu 0.2706 = 160089/591500 ../data/cbt_valid.txt
[2022-04-10 01:50:12.708] End E009 |  test loss  4.169; ppl     64.67 | accu 0.1798 = 31836/177060 ../data/adult_test.txt
[2022-04-10 01:50:12.709] Save: model.pt... 
[2022-04-10 01:50:12.718] Save: model.pt...Done. best_val_loss: 2.8606
[2022-04-10 01:50:12.719] Epoch 010/40 ==================================================
[2022-04-10 01:50:18.912] E010 |   200/913 batches | lr 10.0000 | loss  2.649 | ppl     14.14
[2022-04-10 01:50:25.179] E010 |   400/913 batches | lr 10.0000 | loss  2.608 | ppl     13.57
[2022-04-10 01:50:31.443] E010 |   600/913 batches | lr 10.0000 | loss  2.602 | ppl     13.49
[2022-04-10 01:50:37.687] E010 |   800/913 batches | lr 10.0000 | loss  2.580 | ppl     13.20
[2022-04-10 01:50:41.204] E010 |   913/913 batches | lr 10.0000 | loss  2.585 | ppl     13.27
[2022-04-10 01:50:44.267] End E010 | valid loss  2.809; ppl     16.59 | accu 0.3409 = 56535/165820
[2022-04-10 01:50:55.011] End E010 |  test loss  3.300; ppl     27.12 | accu 0.2881 = 170418/591500 ../data/cbt_valid.txt
[2022-04-10 01:50:58.235] End E010 |  test loss  3.834; ppl     46.24 | accu 0.1992 = 35276/177060 ../data/adult_test.txt
[2022-04-10 01:50:58.235] Save: model.pt... 
[2022-04-10 01:50:58.245] Save: model.pt...Done. best_val_loss: 2.8086
[2022-04-10 01:50:58.246] Epoch 011/40 ==================================================
[2022-04-10 01:51:04.377] E011 |   200/913 batches | lr 10.0000 | loss  2.627 | ppl     13.84
[2022-04-10 01:51:10.600] E011 |   400/913 batches | lr 10.0000 | loss  2.586 | ppl     13.28
[2022-04-10 01:51:16.842] E011 |   600/913 batches | lr 10.0000 | loss  2.588 | ppl     13.30
[2022-04-10 01:51:23.119] E011 |   800/913 batches | lr 10.0000 | loss  2.565 | ppl     13.00
[2022-04-10 01:51:26.660] E011 |   913/913 batches | lr 10.0000 | loss  2.570 | ppl     13.07
[2022-04-10 01:51:29.722] End E011 | valid loss  2.797; ppl     16.39 | accu 0.3436 = 56969/165820
[2022-04-10 01:51:40.524] End E011 |  test loss  3.354; ppl     28.62 | accu 0.2812 = 166308/591500 ../data/cbt_valid.txt
[2022-04-10 01:51:43.743] End E011 |  test loss  4.044; ppl     57.03 | accu 0.1871 = 33134/177060 ../data/adult_test.txt
[2022-04-10 01:51:43.743] Save: model.pt... 
[2022-04-10 01:51:43.754] Save: model.pt...Done. best_val_loss: 2.7969
[2022-04-10 01:51:43.754] Epoch 012/40 ==================================================
[2022-04-10 01:51:49.913] E012 |   200/913 batches | lr 10.0000 | loss  2.612 | ppl     13.63
[2022-04-10 01:51:56.161] E012 |   400/913 batches | lr 10.0000 | loss  2.576 | ppl     13.14
[2022-04-10 01:52:02.408] E012 |   600/913 batches | lr 10.0000 | loss  2.572 | ppl     13.10
[2022-04-10 01:52:08.667] E012 |   800/913 batches | lr 10.0000 | loss  2.553 | ppl     12.85
[2022-04-10 01:52:12.199] E012 |   913/913 batches | lr 10.0000 | loss  2.560 | ppl     12.94
[2022-04-10 01:52:15.260] End E012 | valid loss  2.792; ppl     16.31 | accu 0.3460 = 57381/165820
[2022-04-10 01:52:26.003] End E012 |  test loss  3.365; ppl     28.94 | accu 0.2830 = 167415/591500 ../data/cbt_valid.txt
[2022-04-10 01:52:29.230] End E012 |  test loss  4.033; ppl     56.41 | accu 0.1892 = 33508/177060 ../data/adult_test.txt
[2022-04-10 01:52:29.230] Save: model.pt... 
[2022-04-10 01:52:29.241] Save: model.pt...Done. best_val_loss: 2.7918
[2022-04-10 01:52:29.241] Epoch 013/40 ==================================================
[2022-04-10 01:52:35.408] E013 |   200/913 batches | lr 10.0000 | loss  2.604 | ppl     13.52
[2022-04-10 01:52:41.670] E013 |   400/913 batches | lr 10.0000 | loss  2.564 | ppl     12.98
[2022-04-10 01:52:47.904] E013 |   600/913 batches | lr 10.0000 | loss  2.559 | ppl     12.92
[2022-04-10 01:52:54.155] E013 |   800/913 batches | lr 10.0000 | loss  2.548 | ppl     12.78
[2022-04-10 01:52:57.694] E013 |   913/913 batches | lr 10.0000 | loss  2.551 | ppl     12.82
[2022-04-10 01:53:00.766] End E013 | valid loss  2.798; ppl     16.40 | accu 0.3450 = 57206/165820
[2022-04-10 01:53:11.509] End E013 |  test loss  3.384; ppl     29.49 | accu 0.2853 = 168783/591500 ../data/cbt_valid.txt
[2022-04-10 01:53:14.736] End E013 |  test loss  4.056; ppl     57.74 | accu 0.1918 = 33953/177060 ../data/adult_test.txt
[2022-04-10 01:53:14.736] Epoch 014/40 ==================================================
[2022-04-10 01:53:20.889] E014 |   200/913 batches | lr 5.0000 | loss  2.572 | ppl     13.09
[2022-04-10 01:53:27.148] E014 |   400/913 batches | lr 5.0000 | loss  2.515 | ppl     12.37
[2022-04-10 01:53:33.373] E014 |   600/913 batches | lr 5.0000 | loss  2.508 | ppl     12.28
[2022-04-10 01:53:39.546] E014 |   800/913 batches | lr 5.0000 | loss  2.482 | ppl     11.96
[2022-04-10 01:53:43.074] E014 |   913/913 batches | lr 5.0000 | loss  2.482 | ppl     11.97
[2022-04-10 01:53:46.163] End E014 | valid loss  2.758; ppl     15.78 | accu 0.3542 = 58734/165820
[2022-04-10 01:53:56.911] End E014 |  test loss  3.346; ppl     28.39 | accu 0.2909 = 172085/591500 ../data/cbt_valid.txt
[2022-04-10 01:54:00.139] End E014 |  test loss  4.068; ppl     58.42 | accu 0.1944 = 34415/177060 ../data/adult_test.txt
[2022-04-10 01:54:00.139] Save: model.pt... 
[2022-04-10 01:54:00.149] Save: model.pt...Done. best_val_loss: 2.7585
[2022-04-10 01:54:00.149] Epoch 015/40 ==================================================
[2022-04-10 01:54:06.338] E015 |   200/913 batches | lr 5.0000 | loss  2.539 | ppl     12.67
[2022-04-10 01:54:12.592] E015 |   400/913 batches | lr 5.0000 | loss  2.495 | ppl     12.13
[2022-04-10 01:54:18.858] E015 |   600/913 batches | lr 5.0000 | loss  2.497 | ppl     12.14
[2022-04-10 01:54:25.122] E015 |   800/913 batches | lr 5.0000 | loss  2.476 | ppl     11.90
[2022-04-10 01:54:28.637] E015 |   913/913 batches | lr 5.0000 | loss  2.477 | ppl     11.90
[2022-04-10 01:54:31.759] End E015 | valid loss  2.749; ppl     15.63 | accu 0.3566 = 59136/165820
[2022-04-10 01:54:42.479] End E015 |  test loss  3.360; ppl     28.79 | accu 0.2917 = 172533/591500 ../data/cbt_valid.txt
[2022-04-10 01:54:45.717] End E015 |  test loss  4.145; ppl     63.10 | accu 0.1925 = 34076/177060 ../data/adult_test.txt
[2022-04-10 01:54:45.717] Save: model.pt... 
[2022-04-10 01:54:45.728] Save: model.pt...Done. best_val_loss: 2.7492
[2022-04-10 01:54:45.728] Epoch 016/40 ==================================================
[2022-04-10 01:54:51.855] E016 |   200/913 batches | lr 5.0000 | loss  2.529 | ppl     12.54
[2022-04-10 01:54:58.071] E016 |   400/913 batches | lr 5.0000 | loss  2.487 | ppl     12.02
[2022-04-10 01:55:04.304] E016 |   600/913 batches | lr 5.0000 | loss  2.488 | ppl     12.04
[2022-04-10 01:55:10.576] E016 |   800/913 batches | lr 5.0000 | loss  2.467 | ppl     11.79
[2022-04-10 01:55:14.124] E016 |   913/913 batches | lr 5.0000 | loss  2.470 | ppl     11.82
[2022-04-10 01:55:17.211] End E016 | valid loss  2.832; ppl     16.99 | accu 0.3456 = 57303/165820
[2022-04-10 01:55:27.958] End E016 |  test loss  3.607; ppl     36.86 | accu 0.2784 = 164686/591500 ../data/cbt_valid.txt
[2022-04-10 01:55:31.219] End E016 |  test loss  4.638; ppl    103.34 | accu 0.1763 = 31223/177060 ../data/adult_test.txt
[2022-04-10 01:55:31.219] Epoch 017/40 ==================================================
[2022-04-10 01:55:37.386] E017 |   200/913 batches | lr 2.5000 | loss  2.512 | ppl     12.33
[2022-04-10 01:55:43.617] E017 |   400/913 batches | lr 2.5000 | loss  2.463 | ppl     11.74
[2022-04-10 01:55:49.848] E017 |   600/913 batches | lr 2.5000 | loss  2.459 | ppl     11.69
[2022-04-10 01:55:56.079] E017 |   800/913 batches | lr 2.5000 | loss  2.430 | ppl     11.36
[2022-04-10 01:55:59.607] E017 |   913/913 batches | lr 2.5000 | loss  2.433 | ppl     11.40
[2022-04-10 01:56:02.705] End E017 | valid loss  2.737; ppl     15.43 | accu 0.3603 = 59751/165820
[2022-04-10 01:56:13.452] End E017 |  test loss  3.397; ppl     29.88 | accu 0.2907 = 171933/591500 ../data/cbt_valid.txt
[2022-04-10 01:56:16.696] End E017 |  test loss  4.201; ppl     66.77 | accu 0.1927 = 34117/177060 ../data/adult_test.txt
[2022-04-10 01:56:16.696] Save: model.pt... 
[2022-04-10 01:56:16.706] Save: model.pt...Done. best_val_loss: 2.7366
[2022-04-10 01:56:16.706] Epoch 018/40 ==================================================
[2022-04-10 01:56:22.895] E018 |   200/913 batches | lr 2.5000 | loss  2.498 | ppl     12.16
[2022-04-10 01:56:29.143] E018 |   400/913 batches | lr 2.5000 | loss  2.455 | ppl     11.65
[2022-04-10 01:56:35.405] E018 |   600/913 batches | lr 2.5000 | loss  2.450 | ppl     11.59
[2022-04-10 01:56:41.629] E018 |   800/913 batches | lr 2.5000 | loss  2.431 | ppl     11.38
[2022-04-10 01:56:45.153] E018 |   913/913 batches | lr 2.5000 | loss  2.436 | ppl     11.43
[2022-04-10 01:56:48.222] End E018 | valid loss  2.733; ppl     15.37 | accu 0.3626 = 60132/165820
[2022-04-10 01:56:58.965] End E018 |  test loss  3.390; ppl     29.68 | accu 0.2935 = 173619/591500 ../data/cbt_valid.txt
[2022-04-10 01:57:02.215] End E018 |  test loss  4.317; ppl     74.95 | accu 0.1895 = 33545/177060 ../data/adult_test.txt
[2022-04-10 01:57:02.215] Save: model.pt... 
[2022-04-10 01:57:02.222] Save: model.pt...Done. best_val_loss: 2.7325
[2022-04-10 01:57:02.222] Epoch 019/40 ==================================================
[2022-04-10 01:57:08.483] E019 |   200/913 batches | lr 2.5000 | loss  2.491 | ppl     12.07
[2022-04-10 01:57:14.697] E019 |   400/913 batches | lr 2.5000 | loss  2.448 | ppl     11.56
[2022-04-10 01:57:20.953] E019 |   600/913 batches | lr 2.5000 | loss  2.450 | ppl     11.58
[2022-04-10 01:57:27.241] E019 |   800/913 batches | lr 2.5000 | loss  2.430 | ppl     11.36
[2022-04-10 01:57:30.785] E019 |   913/913 batches | lr 2.5000 | loss  2.432 | ppl     11.38
[2022-04-10 01:57:33.868] End E019 | valid loss  2.730; ppl     15.33 | accu 0.3631 = 60207/165820
[2022-04-10 01:57:44.676] End E019 |  test loss  3.359; ppl     28.75 | accu 0.2956 = 174871/591500 ../data/cbt_valid.txt
[2022-04-10 01:57:47.913] End E019 |  test loss  4.178; ppl     65.23 | accu 0.1947 = 34481/177060 ../data/adult_test.txt
[2022-04-10 01:57:47.913] Save: model.pt... 
[2022-04-10 01:57:47.923] Save: model.pt...Done. best_val_loss: 2.7298
[2022-04-10 01:57:47.923] Epoch 020/40 ==================================================
[2022-04-10 01:57:53.777] E020 |   200/913 batches | lr 2.5000 | loss  2.485 | ppl     12.01
[2022-04-10 01:57:59.719] E020 |   400/913 batches | lr 2.5000 | loss  2.443 | ppl     11.51
[2022-04-10 01:58:05.916] E020 |   600/913 batches | lr 2.5000 | loss  2.443 | ppl     11.51
[2022-04-10 01:58:12.209] E020 |   800/913 batches | lr 2.5000 | loss  2.424 | ppl     11.29
[2022-04-10 01:58:15.756] E020 |   913/913 batches | lr 2.5000 | loss  2.427 | ppl     11.32
[2022-04-10 01:58:18.835] End E020 | valid loss  2.734; ppl     15.39 | accu 0.3614 = 59924/165820
[2022-04-10 01:58:29.577] End E020 |  test loss  3.388; ppl     29.59 | accu 0.2943 = 174074/591500 ../data/cbt_valid.txt
[2022-04-10 01:58:32.826] End E020 |  test loss  4.202; ppl     66.83 | accu 0.1948 = 34483/177060 ../data/adult_test.txt
[2022-04-10 01:58:32.826] Epoch 021/40 ==================================================
[2022-04-10 01:58:38.999] E021 |   200/913 batches | lr 1.2500 | loss  2.475 | ppl     11.88
[2022-04-10 01:58:45.225] E021 |   400/913 batches | lr 1.2500 | loss  2.430 | ppl     11.36
[2022-04-10 01:58:51.437] E021 |   600/913 batches | lr 1.2500 | loss  2.427 | ppl     11.33
[2022-04-10 01:58:57.677] E021 |   800/913 batches | lr 1.2500 | loss  2.403 | ppl     11.06
[2022-04-10 01:59:01.208] E021 |   913/913 batches | lr 1.2500 | loss  2.407 | ppl     11.10
[2022-04-10 01:59:04.267] End E021 | valid loss  2.724; ppl     15.23 | accu 0.3650 = 60518/165820
[2022-04-10 01:59:15.083] End E021 |  test loss  3.381; ppl     29.39 | accu 0.2964 = 175303/591500 ../data/cbt_valid.txt
[2022-04-10 01:59:18.326] End E021 |  test loss  4.258; ppl     70.68 | accu 0.1930 = 34164/177060 ../data/adult_test.txt
[2022-04-10 01:59:18.327] Save: model.pt... 
[2022-04-10 01:59:18.337] Save: model.pt...Done. best_val_loss: 2.7235
[2022-04-10 01:59:18.337] Epoch 022/40 ==================================================
[2022-04-10 01:59:24.551] E022 |   200/913 batches | lr 1.2500 | loss  2.468 | ppl     11.79
[2022-04-10 01:59:30.837] E022 |   400/913 batches | lr 1.2500 | loss  2.426 | ppl     11.31
[2022-04-10 01:59:37.109] E022 |   600/913 batches | lr 1.2500 | loss  2.428 | ppl     11.33
[2022-04-10 01:59:43.402] E022 |   800/913 batches | lr 1.2500 | loss  2.408 | ppl     11.11
[2022-04-10 01:59:46.931] E022 |   913/913 batches | lr 1.2500 | loss  2.409 | ppl     11.12
[2022-04-10 01:59:49.992] End E022 | valid loss  2.721; ppl     15.19 | accu 0.3652 = 60553/165820
[2022-04-10 02:00:00.744] End E022 |  test loss  3.335; ppl     28.08 | accu 0.2986 = 176596/591500 ../data/cbt_valid.txt
[2022-04-10 02:00:03.971] End E022 |  test loss  4.118; ppl     61.44 | accu 0.1983 = 35106/177060 ../data/adult_test.txt
[2022-04-10 02:00:03.971] Save: model.pt... 
[2022-04-10 02:00:03.981] Save: model.pt...Done. best_val_loss: 2.7208
[2022-04-10 02:00:03.981] Epoch 023/40 ==================================================
[2022-04-10 02:00:10.158] E023 |   200/913 batches | lr 1.2500 | loss  2.463 | ppl     11.74
[2022-04-10 02:00:16.405] E023 |   400/913 batches | lr 1.2500 | loss  2.421 | ppl     11.26
[2022-04-10 02:00:22.677] E023 |   600/913 batches | lr 1.2500 | loss  2.426 | ppl     11.31
[2022-04-10 02:00:28.992] E023 |   800/913 batches | lr 1.2500 | loss  2.403 | ppl     11.05
[2022-04-10 02:00:32.522] E023 |   913/913 batches | lr 1.2500 | loss  2.410 | ppl     11.14
[2022-04-10 02:00:35.627] End E023 | valid loss  2.718; ppl     15.15 | accu 0.3656 = 60619/165820
[2022-04-10 02:00:46.402] End E023 |  test loss  3.359; ppl     28.75 | accu 0.2976 = 176044/591500 ../data/cbt_valid.txt
[2022-04-10 02:00:49.627] End E023 |  test loss  4.178; ppl     65.26 | accu 0.1969 = 34862/177060 ../data/adult_test.txt
[2022-04-10 02:00:49.628] Save: model.pt... 
[2022-04-10 02:00:49.638] Save: model.pt...Done. best_val_loss: 2.7182
[2022-04-10 02:00:49.639] Epoch 024/40 ==================================================
[2022-04-10 02:00:55.903] E024 |   200/913 batches | lr 1.2500 | loss  2.458 | ppl     11.68
[2022-04-10 02:01:02.147] E024 |   400/913 batches | lr 1.2500 | loss  2.423 | ppl     11.27
[2022-04-10 02:01:08.394] E024 |   600/913 batches | lr 1.2500 | loss  2.418 | ppl     11.22
[2022-04-10 02:01:14.622] E024 |   800/913 batches | lr 1.2500 | loss  2.401 | ppl     11.04
[2022-04-10 02:01:18.144] E024 |   913/913 batches | lr 1.2500 | loss  2.398 | ppl     11.00
[2022-04-10 02:01:21.232] End E024 | valid loss  2.719; ppl     15.16 | accu 0.3658 = 60653/165820
[2022-04-10 02:01:32.054] End E024 |  test loss  3.364; ppl     28.90 | accu 0.2971 = 175756/591500 ../data/cbt_valid.txt
[2022-04-10 02:01:35.288] End E024 |  test loss  4.213; ppl     67.54 | accu 0.1953 = 34582/177060 ../data/adult_test.txt
[2022-04-10 02:01:35.288] Epoch 025/40 ==================================================
[2022-04-10 02:01:41.469] E025 |   200/913 batches | lr 0.6250 | loss  2.460 | ppl     11.71
[2022-04-10 02:01:47.723] E025 |   400/913 batches | lr 0.6250 | loss  2.414 | ppl     11.17
[2022-04-10 02:01:53.977] E025 |   600/913 batches | lr 0.6250 | loss  2.415 | ppl     11.19
[2022-04-10 02:02:00.228] E025 |   800/913 batches | lr 0.6250 | loss  2.390 | ppl     10.91
[2022-04-10 02:02:03.738] E025 |   913/913 batches | lr 0.6250 | loss  2.394 | ppl     10.96
[2022-04-10 02:02:06.841] End E025 | valid loss  2.716; ppl     15.13 | accu 0.3664 = 60753/165820
[2022-04-10 02:02:17.624] End E025 |  test loss  3.362; ppl     28.85 | accu 0.2980 = 176250/591500 ../data/cbt_valid.txt
[2022-04-10 02:02:20.867] End E025 |  test loss  4.229; ppl     68.67 | accu 0.1954 = 34590/177060 ../data/adult_test.txt
[2022-04-10 02:02:20.868] Save: model.pt... 
[2022-04-10 02:02:20.878] Save: model.pt...Done. best_val_loss: 2.7165
[2022-04-10 02:02:20.878] Epoch 026/40 ==================================================
[2022-04-10 02:02:27.019] E026 |   200/913 batches | lr 0.6250 | loss  2.451 | ppl     11.61
[2022-04-10 02:02:33.249] E026 |   400/913 batches | lr 0.6250 | loss  2.409 | ppl     11.12
[2022-04-10 02:02:39.498] E026 |   600/913 batches | lr 0.6250 | loss  2.414 | ppl     11.18
[2022-04-10 02:02:45.727] E026 |   800/913 batches | lr 0.6250 | loss  2.397 | ppl     10.99
[2022-04-10 02:02:49.249] E026 |   913/913 batches | lr 0.6250 | loss  2.397 | ppl     10.99
[2022-04-10 02:02:52.332] End E026 | valid loss  2.717; ppl     15.14 | accu 0.3662 = 60730/165820
[2022-04-10 02:03:03.063] End E026 |  test loss  3.349; ppl     28.47 | accu 0.2993 = 177030/591500 ../data/cbt_valid.txt
[2022-04-10 02:03:06.302] End E026 |  test loss  4.187; ppl     65.80 | accu 0.1973 = 34926/177060 ../data/adult_test.txt
[2022-04-10 02:03:06.302] Epoch 027/40 ==================================================
[2022-04-10 02:03:12.479] E027 |   200/913 batches | lr 0.3125 | loss  2.450 | ppl     11.59
[2022-04-10 02:03:18.734] E027 |   400/913 batches | lr 0.3125 | loss  2.412 | ppl     11.16
[2022-04-10 02:03:24.991] E027 |   600/913 batches | lr 0.3125 | loss  2.407 | ppl     11.11
[2022-04-10 02:03:31.216] E027 |   800/913 batches | lr 0.3125 | loss  2.389 | ppl     10.90
[2022-04-10 02:03:34.739] E027 |   913/913 batches | lr 0.3125 | loss  2.385 | ppl     10.85
[2022-04-10 02:03:37.817] End E027 | valid loss  2.716; ppl     15.12 | accu 0.3669 = 60836/165820
[2022-04-10 02:03:48.544] End E027 |  test loss  3.353; ppl     28.59 | accu 0.2997 = 177263/591500 ../data/cbt_valid.txt
[2022-04-10 02:03:51.772] End E027 |  test loss  4.219; ppl     67.99 | accu 0.1962 = 34743/177060 ../data/adult_test.txt
[2022-04-10 02:03:51.773] Save: model.pt... 
[2022-04-10 02:03:51.783] Save: model.pt...Done. best_val_loss: 2.7159
[2022-04-10 02:03:51.783] Epoch 028/40 ==================================================
[2022-04-10 02:03:57.947] E028 |   200/913 batches | lr 0.3125 | loss  2.450 | ppl     11.59
[2022-04-10 02:04:04.186] E028 |   400/913 batches | lr 0.3125 | loss  2.404 | ppl     11.07
[2022-04-10 02:04:10.467] E028 |   600/913 batches | lr 0.3125 | loss  2.407 | ppl     11.10
[2022-04-10 02:04:16.717] E028 |   800/913 batches | lr 0.3125 | loss  2.384 | ppl     10.84
[2022-04-10 02:04:20.156] E028 |   913/913 batches | lr 0.3125 | loss  2.387 | ppl     10.88
[2022-04-10 02:04:23.200] End E028 | valid loss  2.716; ppl     15.11 | accu 0.3670 = 60850/165820
[2022-04-10 02:04:34.181] End E028 |  test loss  3.353; ppl     28.59 | accu 0.2998 = 177313/591500 ../data/cbt_valid.txt
[2022-04-10 02:04:37.432] End E028 |  test loss  4.221; ppl     68.08 | accu 0.1965 = 34790/177060 ../data/adult_test.txt
[2022-04-10 02:04:37.433] Save: model.pt... 
[2022-04-10 02:04:37.443] Save: model.pt...Done. best_val_loss: 2.7156
[2022-04-10 02:04:37.443] Epoch 029/40 ==================================================
[2022-04-10 02:04:43.344] E029 |   200/913 batches | lr 0.3125 | loss  2.448 | ppl     11.56
[2022-04-10 02:04:49.567] E029 |   400/913 batches | lr 0.3125 | loss  2.404 | ppl     11.07
[2022-04-10 02:04:55.841] E029 |   600/913 batches | lr 0.3125 | loss  2.405 | ppl     11.08
[2022-04-10 02:05:02.118] E029 |   800/913 batches | lr 0.3125 | loss  2.386 | ppl     10.87
[2022-04-10 02:05:05.707] E029 |   913/913 batches | lr 0.3125 | loss  2.388 | ppl     10.90
[2022-04-10 02:05:08.775] End E029 | valid loss  2.716; ppl     15.12 | accu 0.3669 = 60833/165820
[2022-04-10 02:05:19.535] End E029 |  test loss  3.348; ppl     28.44 | accu 0.3002 = 177560/591500 ../data/cbt_valid.txt
[2022-04-10 02:05:22.779] End E029 |  test loss  4.214; ppl     67.64 | accu 0.1966 = 34812/177060 ../data/adult_test.txt
[2022-04-10 02:05:22.779] Epoch 030/40 ==================================================
[2022-04-10 02:05:28.910] E030 |   200/913 batches | lr 0.1562 | loss  2.445 | ppl     11.53
[2022-04-10 02:05:35.157] E030 |   400/913 batches | lr 0.1562 | loss  2.402 | ppl     11.05
[2022-04-10 02:05:41.394] E030 |   600/913 batches | lr 0.1562 | loss  2.403 | ppl     11.06
[2022-04-10 02:05:47.634] E030 |   800/913 batches | lr 0.1562 | loss  2.383 | ppl     10.84
[2022-04-10 02:05:51.179] E030 |   913/913 batches | lr 0.1562 | loss  2.382 | ppl     10.83
[2022-04-10 02:05:54.241] End E030 | valid loss  2.714; ppl     15.09 | accu 0.3673 = 60906/165820
[2022-04-10 02:06:05.014] End E030 |  test loss  3.362; ppl     28.85 | accu 0.2994 = 177084/591500 ../data/cbt_valid.txt
[2022-04-10 02:06:08.247] End E030 |  test loss  4.247; ppl     69.89 | accu 0.1952 = 34558/177060 ../data/adult_test.txt
[2022-04-10 02:06:08.247] Save: model.pt... 
[2022-04-10 02:06:08.257] Save: model.pt...Done. best_val_loss: 2.7141
[2022-04-10 02:06:08.257] Epoch 031/40 ==================================================
[2022-04-10 02:06:14.404] E031 |   200/913 batches | lr 0.1562 | loss  2.444 | ppl     11.52
[2022-04-10 02:06:20.653] E031 |   400/913 batches | lr 0.1562 | loss  2.402 | ppl     11.05
[2022-04-10 02:06:26.915] E031 |   600/913 batches | lr 0.1562 | loss  2.403 | ppl     11.06
[2022-04-10 02:06:33.161] E031 |   800/913 batches | lr 0.1562 | loss  2.382 | ppl     10.82
[2022-04-10 02:06:36.697] E031 |   913/913 batches | lr 0.1562 | loss  2.383 | ppl     10.84
[2022-04-10 02:06:39.724] End E031 | valid loss  2.713; ppl     15.07 | accu 0.3676 = 60958/165820
[2022-04-10 02:06:50.463] End E031 |  test loss  3.354; ppl     28.61 | accu 0.2997 = 177272/591500 ../data/cbt_valid.txt
[2022-04-10 02:06:53.683] End E031 |  test loss  4.216; ppl     67.79 | accu 0.1963 = 34754/177060 ../data/adult_test.txt
[2022-04-10 02:06:53.684] Save: model.pt... 
[2022-04-10 02:06:53.694] Save: model.pt...Done. best_val_loss: 2.7130
[2022-04-10 02:06:53.694] Epoch 032/40 ==================================================
[2022-04-10 02:06:59.897] E032 |   200/913 batches | lr 0.1562 | loss  2.442 | ppl     11.50
[2022-04-10 02:07:06.150] E032 |   400/913 batches | lr 0.1562 | loss  2.402 | ppl     11.05
[2022-04-10 02:07:12.384] E032 |   600/913 batches | lr 0.1562 | loss  2.405 | ppl     11.08
[2022-04-10 02:07:18.636] E032 |   800/913 batches | lr 0.1562 | loss  2.383 | ppl     10.83
[2022-04-10 02:07:22.163] E032 |   913/913 batches | lr 0.1562 | loss  2.384 | ppl     10.85
[2022-04-10 02:07:25.273] End E032 | valid loss  2.711; ppl     15.05 | accu 0.3679 = 61006/165820
[2022-04-10 02:07:36.004] End E032 |  test loss  3.377; ppl     29.28 | accu 0.2985 = 176561/591500 ../data/cbt_valid.txt
[2022-04-10 02:07:39.228] End E032 |  test loss  4.273; ppl     71.70 | accu 0.1944 = 34425/177060 ../data/adult_test.txt
[2022-04-10 02:07:39.228] Save: model.pt... 
[2022-04-10 02:07:39.239] Save: model.pt...Done. best_val_loss: 2.7115
[2022-04-10 02:07:39.239] Epoch 033/40 ==================================================
[2022-04-10 02:07:45.437] E033 |   200/913 batches | lr 0.1562 | loss  2.445 | ppl     11.53
[2022-04-10 02:07:51.670] E033 |   400/913 batches | lr 0.1562 | loss  2.404 | ppl     11.06
[2022-04-10 02:07:57.924] E033 |   600/913 batches | lr 0.1562 | loss  2.402 | ppl     11.05
[2022-04-10 02:08:04.194] E033 |   800/913 batches | lr 0.1562 | loss  2.381 | ppl     10.81
[2022-04-10 02:08:07.722] E033 |   913/913 batches | lr 0.1562 | loss  2.385 | ppl     10.86
[2022-04-10 02:08:10.817] End E033 | valid loss  2.711; ppl     15.05 | accu 0.3678 = 60993/165820
[2022-04-10 02:08:21.597] End E033 |  test loss  3.370; ppl     29.07 | accu 0.2991 = 176906/591500 ../data/cbt_valid.txt
[2022-04-10 02:08:24.829] End E033 |  test loss  4.262; ppl     70.99 | accu 0.1948 = 34491/177060 ../data/adult_test.txt
[2022-04-10 02:08:24.829] Save: model.pt... 
[2022-04-10 02:08:24.839] Save: model.pt...Done. best_val_loss: 2.7114
[2022-04-10 02:08:24.839] Epoch 034/40 ==================================================
[2022-04-10 02:08:31.020] E034 |   200/913 batches | lr 0.1562 | loss  2.444 | ppl     11.52
[2022-04-10 02:08:37.330] E034 |   400/913 batches | lr 0.1562 | loss  2.400 | ppl     11.02
[2022-04-10 02:08:43.576] E034 |   600/913 batches | lr 0.1562 | loss  2.396 | ppl     10.98
[2022-04-10 02:08:49.667] E034 |   800/913 batches | lr 0.1562 | loss  2.380 | ppl     10.80
[2022-04-10 02:08:53.229] E034 |   913/913 batches | lr 0.1562 | loss  2.383 | ppl     10.84
[2022-04-10 02:08:56.310] End E034 | valid loss  2.712; ppl     15.06 | accu 0.3678 = 60988/165820
[2022-04-10 02:09:07.092] End E034 |  test loss  3.370; ppl     29.09 | accu 0.2991 = 176917/591500 ../data/cbt_valid.txt
[2022-04-10 02:09:10.349] End E034 |  test loss  4.260; ppl     70.83 | accu 0.1950 = 34526/177060 ../data/adult_test.txt
[2022-04-10 02:09:10.350] Epoch 035/40 ==================================================
[2022-04-10 02:09:16.526] E035 |   200/913 batches | lr 0.0781 | loss  2.440 | ppl     11.47
[2022-04-10 02:09:22.585] E035 |   400/913 batches | lr 0.0781 | loss  2.398 | ppl     11.00
[2022-04-10 02:09:28.589] E035 |   600/913 batches | lr 0.0781 | loss  2.398 | ppl     11.00
[2022-04-10 02:09:34.552] E035 |   800/913 batches | lr 0.0781 | loss  2.382 | ppl     10.82
[2022-04-10 02:09:37.919] E035 |   913/913 batches | lr 0.0781 | loss  2.382 | ppl     10.83
[2022-04-10 02:09:41.000] End E035 | valid loss  2.712; ppl     15.06 | accu 0.3680 = 61025/165820
[2022-04-10 02:09:51.704] End E035 |  test loss  3.362; ppl     28.86 | accu 0.2993 = 177058/591500 ../data/cbt_valid.txt
[2022-04-10 02:09:54.930] End E035 |  test loss  4.239; ppl     69.37 | accu 0.1959 = 34694/177060 ../data/adult_test.txt
[2022-04-10 02:09:54.931] Epoch 036/40 ==================================================
[2022-04-10 02:10:00.815] E036 |   200/913 batches | lr 0.0391 | loss  2.440 | ppl     11.48
[2022-04-10 02:10:06.782] E036 |   400/913 batches | lr 0.0391 | loss  2.400 | ppl     11.03
[2022-04-10 02:10:12.792] E036 |   600/913 batches | lr 0.0391 | loss  2.399 | ppl     11.01
[2022-04-10 02:10:18.753] E036 |   800/913 batches | lr 0.0391 | loss  2.379 | ppl     10.79
[2022-04-10 02:10:22.137] E036 |   913/913 batches | lr 0.0391 | loss  2.381 | ppl     10.82
[2022-04-10 02:10:25.216] End E036 | valid loss  2.712; ppl     15.06 | accu 0.3680 = 61018/165820
[2022-04-10 02:10:35.862] End E036 |  test loss  3.366; ppl     28.97 | accu 0.2991 = 176941/591500 ../data/cbt_valid.txt
[2022-04-10 02:10:39.091] End E036 |  test loss  4.252; ppl     70.24 | accu 0.1953 = 34587/177060 ../data/adult_test.txt
[2022-04-10 02:10:39.091] Epoch 037/40 ==================================================
[2022-04-10 02:10:44.976] E037 |   200/913 batches | lr 0.0195 | loss  2.441 | ppl     11.48
[2022-04-10 02:10:51.007] E037 |   400/913 batches | lr 0.0195 | loss  2.399 | ppl     11.01
[2022-04-10 02:10:57.264] E037 |   600/913 batches | lr 0.0195 | loss  2.396 | ppl     10.98
[2022-04-10 02:11:03.541] E037 |   800/913 batches | lr 0.0195 | loss  2.379 | ppl     10.80
[2022-04-10 02:11:07.087] E037 |   913/913 batches | lr 0.0195 | loss  2.380 | ppl     10.81
[2022-04-10 02:11:10.190] End E037 | valid loss  2.712; ppl     15.05 | accu 0.3682 = 61049/165820
[2022-04-10 02:11:20.869] End E037 |  test loss  3.366; ppl     28.96 | accu 0.2992 = 177000/591500 ../data/cbt_valid.txt
[2022-04-10 02:11:24.085] End E037 |  test loss  4.250; ppl     70.12 | accu 0.1954 = 34605/177060 ../data/adult_test.txt
[2022-04-10 02:11:24.085] Epoch 038/40 ==================================================
[2022-04-10 02:11:30.261] E038 |   200/913 batches | lr 0.0098 | loss  2.442 | ppl     11.50
[2022-04-10 02:11:36.227] E038 |   400/913 batches | lr 0.0098 | loss  2.402 | ppl     11.04
[2022-04-10 02:11:42.189] E038 |   600/913 batches | lr 0.0098 | loss  2.402 | ppl     11.05
[2022-04-10 02:11:48.397] E038 |   800/913 batches | lr 0.0098 | loss  2.381 | ppl     10.82
[2022-04-10 02:11:51.924] E038 |   913/913 batches | lr 0.0098 | loss  2.379 | ppl     10.79
[2022-04-10 02:11:55.008] End E038 | valid loss  2.711; ppl     15.05 | accu 0.3682 = 61051/165820
[2022-04-10 02:12:05.619] End E038 |  test loss  3.367; ppl     29.00 | accu 0.2992 = 176956/591500 ../data/cbt_valid.txt
[2022-04-10 02:12:08.855] End E038 |  test loss  4.254; ppl     70.36 | accu 0.1954 = 34590/177060 ../data/adult_test.txt
[2022-04-10 02:12:08.855] Epoch 039/40 ==================================================
[2022-04-10 02:12:15.039] E039 |   200/913 batches | lr 0.0049 | loss  2.441 | ppl     11.48
[2022-04-10 02:12:21.296] E039 |   400/913 batches | lr 0.0049 | loss  2.398 | ppl     11.00
[2022-04-10 02:12:27.577] E039 |   600/913 batches | lr 0.0049 | loss  2.396 | ppl     10.98
[2022-04-10 02:12:33.834] E039 |   800/913 batches | lr 0.0049 | loss  2.380 | ppl     10.81
[2022-04-10 02:12:37.366] E039 |   913/913 batches | lr 0.0049 | loss  2.377 | ppl     10.77
[2022-04-10 02:12:40.437] End E039 | valid loss  2.712; ppl     15.06 | accu 0.3681 = 61035/165820
[2022-04-10 02:12:51.044] End E039 |  test loss  3.366; ppl     28.97 | accu 0.2992 = 176981/591500 ../data/cbt_valid.txt
[2022-04-10 02:12:54.272] End E039 |  test loss  4.253; ppl     70.35 | accu 0.1953 = 34581/177060 ../data/adult_test.txt
[2022-04-10 02:12:54.272] Epoch 040/40 ==================================================
[2022-04-10 02:13:00.442] E040 |   200/913 batches | lr 0.0024 | loss  2.444 | ppl     11.51
[2022-04-10 02:13:06.706] E040 |   400/913 batches | lr 0.0024 | loss  2.400 | ppl     11.02
[2022-04-10 02:13:12.982] E040 |   600/913 batches | lr 0.0024 | loss  2.398 | ppl     11.00
[2022-04-10 02:13:19.282] E040 |   800/913 batches | lr 0.0024 | loss  2.378 | ppl     10.78
[2022-04-10 02:13:22.866] E040 |   913/913 batches | lr 0.0024 | loss  2.381 | ppl     10.81
[2022-04-10 02:13:25.953] End E040 | valid loss  2.712; ppl     15.05 | accu 0.3681 = 61045/165820
[2022-04-10 02:13:36.562] End E040 |  test loss  3.367; ppl     28.98 | accu 0.2992 = 176959/591500 ../data/cbt_valid.txt
[2022-04-10 02:13:39.792] End E040 |  test loss  4.254; ppl     70.39 | accu 0.1953 = 34580/177060 ../data/adult_test.txt
[2022-04-10 02:13:50.696] End. test loss  3.37; ppl    29.07 | accu 0.2991 = 176906/591500 ../data/cbt_valid.txt
[2022-04-10 02:13:53.931] End. test loss  4.26; ppl    70.99 | accu 0.1948 = 34491/177060 ../data/adult_test.txt
[2022-04-10 02:13:53.931] =========================================================================================
