[2022-04-10 04:01:12.686] corpus.train_file_list: 1
[2022-04-10 04:01:12.686]         ../data/adolescent_train.txt
[2022-04-10 04:01:12.686] corpus.valid_file_list: 1
[2022-04-10 04:01:12.686]         ../data/adolescent_valid.txt
[2022-04-10 04:01:12.686] corpus.test_file_list: 2
[2022-04-10 04:01:12.687]         ../data/cbt_valid.txt
[2022-04-10 04:01:12.687]         ../data/adult_test.txt
[2022-04-10 04:01:12.687] corpus.subword_vocab_size: 10000
[2022-04-10 04:01:12.687] corpus.subword_model.train(2 files)...
[2022-04-10 04:01:12.687]         ../data/adolescent_train.txt
[2022-04-10 04:01:12.687]         ../data/adolescent_valid.txt
[2022-04-10 04:01:13.614] corpus.subword_model.train(2 files)...Done
[2022-04-10 04:01:13.615] corpus tokenize...
[2022-04-10 04:01:14.894]         train tokens: 297695  ../data/adolescent_train.txt
[2022-04-10 04:01:15.244]         valid tokens:  79428  ../data/adolescent_valid.txt
[2022-04-10 04:01:16.342]         test  tokens: 319701  ../data/cbt_valid.txt
[2022-04-10 04:01:16.617]         test  tokens:  89185  ../data/adult_test.txt
[2022-04-10 04:01:16.618] corpus.ntokens      : 9535
[2022-04-10 04:01:16.618] corpus.char_count   : 97
[2022-04-10 04:01:16.618] corpus.char_cnt_dict: 97
[2022-04-10 04:01:16.618] corpus.char_id_dict : 97
[2022-04-10 04:01:16.621] corpus.batchify(1 files, batch_size=20)...
[2022-04-10 04:01:16.621]         tokens_all: 297695
[2022-04-10 04:01:16.621]         batched   :  14884
[2022-04-10 04:01:16.621]         ../data/adolescent_train.txt
[2022-04-10 04:01:16.623] corpus.batchify(1 files, batch_size=20)...
[2022-04-10 04:01:16.623]         tokens_all:  79428
[2022-04-10 04:01:16.623]         batched   :   3971
[2022-04-10 04:01:16.623]         ../data/adolescent_valid.txt
[2022-04-10 04:01:16.625] corpus.batchify(1 files, batch_size=20)...
[2022-04-10 04:01:16.625]         tokens_all: 319701
[2022-04-10 04:01:16.625]         batched   :  15985
[2022-04-10 04:01:16.625]         ../data/cbt_valid.txt
[2022-04-10 04:01:16.627] corpus.batchify(1 files, batch_size=20)...
[2022-04-10 04:01:16.627]         tokens_all:  89185
[2022-04-10 04:01:16.627]         batched   :   4459
[2022-04-10 04:01:16.627]         ../data/adult_test.txt
[2022-04-10 04:01:16.716] RNNModel.rnn_type: LSTM
[2022-04-10 04:01:16.716] RNNModel.ntoken  : 9535
[2022-04-10 04:01:16.716] RNNModel.ninp    : 200
[2022-04-10 04:01:16.716] RNNModel.nhid    : 200
[2022-04-10 04:01:16.716] RNNModel.nlayers : 2
[2022-04-10 04:01:16.716] RNNModel.dropout : 0.2
[2022-04-10 04:01:16.716] RNNModel.tie_weights: False
[2022-04-10 04:01:16.717] RNNModel.char_mode  : 
[2022-04-10 04:01:16.717] RNNModel.char_cnt   : 98
[2022-04-10 04:01:16.717] RNNModel.char_emsize: 25
[2022-04-10 04:01:16.717] RNNModel.char_nhid  : 200
[2022-04-10 04:01:16.717] RNNModel will not use char-encoding
[2022-04-10 04:01:16.722] Epoch 001/40 ==================================================
[2022-04-10 04:01:21.052] E001 |   200/425 batches | lr 20.0000 | loss  6.806 | ppl    902.96
[2022-04-10 04:01:25.227] E001 |   400/425 batches | lr 20.0000 | loss  6.069 | ppl    432.10
[2022-04-10 04:01:25.747] E001 |   425/425 batches | lr 20.0000 | loss  5.846 | ppl    345.72
[2022-04-10 04:01:27.264] End E001 | valid loss  5.927; ppl    375.04 | accu 0.1265 = 10042/79400
[2022-04-10 04:01:33.313] End E001 |  test loss  6.583; ppl    722.78 | accu 0.0834 = 26650/319680 ../data/cbt_valid.txt
[2022-04-10 04:01:34.985] End E001 |  test loss  7.901; ppl   2698.85 | accu 0.0055 = 491/89160 ../data/adult_test.txt
[2022-04-10 04:01:34.986] Save: model.pt... 
[2022-04-10 04:01:35.031] Save: model.pt...Done. best_val_loss: 5.9270
[2022-04-10 04:01:35.032] Epoch 002/40 ==================================================
[2022-04-10 04:01:39.185] E002 |   200/425 batches | lr 20.0000 | loss  5.663 | ppl    288.09
[2022-04-10 04:01:43.342] E002 |   400/425 batches | lr 20.0000 | loss  5.413 | ppl    224.26
[2022-04-10 04:01:43.895] E002 |   425/425 batches | lr 20.0000 | loss  5.386 | ppl    218.43
[2022-04-10 04:01:45.371] End E002 | valid loss  5.569; ppl    262.15 | accu 0.1692 = 13432/79400
[2022-04-10 04:01:51.491] End E002 |  test loss  6.516; ppl    675.74 | accu 0.0755 = 24131/319680 ../data/cbt_valid.txt
[2022-04-10 04:01:53.208] End E002 |  test loss  8.245; ppl   3808.66 | accu 0.0036 = 320/89160 ../data/adult_test.txt
[2022-04-10 04:01:53.208] Save: model.pt... 
[2022-04-10 04:01:53.252] Save: model.pt...Done. best_val_loss: 5.5689
[2022-04-10 04:01:53.252] Epoch 003/40 ==================================================
[2022-04-10 04:01:57.388] E003 |   200/425 batches | lr 20.0000 | loss  5.291 | ppl    198.57
[2022-04-10 04:02:01.522] E003 |   400/425 batches | lr 20.0000 | loss  5.126 | ppl    168.27
[2022-04-10 04:02:02.033] E003 |   425/425 batches | lr 20.0000 | loss  5.126 | ppl    168.35
[2022-04-10 04:02:03.509] End E003 | valid loss  5.414; ppl    224.58 | accu 0.1841 = 14619/79400
[2022-04-10 04:02:09.465] End E003 |  test loss  6.420; ppl    614.03 | accu 0.0906 = 28973/319680 ../data/cbt_valid.txt
[2022-04-10 04:02:11.129] End E003 |  test loss  8.312; ppl   4071.40 | accu 0.0078 = 691/89160 ../data/adult_test.txt
[2022-04-10 04:02:11.129] Save: model.pt... 
[2022-04-10 04:02:11.162] Save: model.pt...Done. best_val_loss: 5.4142
[2022-04-10 04:02:11.162] Epoch 004/40 ==================================================
[2022-04-10 04:02:15.324] E004 |   200/425 batches | lr 20.0000 | loss  5.066 | ppl    158.60
[2022-04-10 04:02:19.431] E004 |   400/425 batches | lr 20.0000 | loss  4.920 | ppl    137.05
[2022-04-10 04:02:19.950] E004 |   425/425 batches | lr 20.0000 | loss  4.921 | ppl    137.17
[2022-04-10 04:02:21.430] End E004 | valid loss  5.374; ppl    215.68 | accu 0.1889 = 14998/79400
[2022-04-10 04:02:27.317] End E004 |  test loss  6.723; ppl    831.10 | accu 0.0824 = 26344/319680 ../data/cbt_valid.txt
[2022-04-10 04:02:28.946] End E004 |  test loss  8.798; ppl   6618.17 | accu 0.0034 = 302/89160 ../data/adult_test.txt
[2022-04-10 04:02:28.946] Save: model.pt... 
[2022-04-10 04:02:28.988] Save: model.pt...Done. best_val_loss: 5.3738
[2022-04-10 04:02:28.989] Epoch 005/40 ==================================================
[2022-04-10 04:02:33.200] E005 |   200/425 batches | lr 20.0000 | loss  4.885 | ppl    132.29
[2022-04-10 04:02:37.338] E005 |   400/425 batches | lr 20.0000 | loss  4.750 | ppl    115.60
[2022-04-10 04:02:37.852] E005 |   425/425 batches | lr 20.0000 | loss  4.789 | ppl    120.17
[2022-04-10 04:02:39.323] End E005 | valid loss  5.325; ppl    205.47 | accu 0.1929 = 15320/79400
[2022-04-10 04:02:45.409] End E005 |  test loss  6.649; ppl    772.06 | accu 0.0850 = 27185/319680 ../data/cbt_valid.txt
[2022-04-10 04:02:47.111] End E005 |  test loss  8.591; ppl   5382.00 | accu 0.0026 = 235/89160 ../data/adult_test.txt
[2022-04-10 04:02:47.111] Save: model.pt... 
[2022-04-10 04:02:47.142] Save: model.pt...Done. best_val_loss: 5.3253
[2022-04-10 04:02:47.142] Epoch 006/40 ==================================================
[2022-04-10 04:02:51.309] E006 |   200/425 batches | lr 20.0000 | loss  4.735 | ppl    113.90
[2022-04-10 04:02:55.460] E006 |   400/425 batches | lr 20.0000 | loss  4.619 | ppl    101.37
[2022-04-10 04:02:55.985] E006 |   425/425 batches | lr 20.0000 | loss  4.640 | ppl    103.51
[2022-04-10 04:02:57.489] End E006 | valid loss  5.300; ppl    200.43 | accu 0.1988 = 15783/79400
[2022-04-10 04:03:03.482] End E006 |  test loss  6.682; ppl    798.30 | accu 0.0861 = 27531/319680 ../data/cbt_valid.txt
[2022-04-10 04:03:05.145] End E006 |  test loss  8.939; ppl   7625.95 | accu 0.0021 = 185/89160 ../data/adult_test.txt
[2022-04-10 04:03:05.145] Save: model.pt... 
[2022-04-10 04:03:05.189] Save: model.pt...Done. best_val_loss: 5.3005
[2022-04-10 04:03:05.189] Epoch 007/40 ==================================================
[2022-04-10 04:03:09.345] E007 |   200/425 batches | lr 20.0000 | loss  4.609 | ppl    100.34
[2022-04-10 04:03:13.523] E007 |   400/425 batches | lr 20.0000 | loss  4.501 | ppl     90.15
[2022-04-10 04:03:14.041] E007 |   425/425 batches | lr 20.0000 | loss  4.522 | ppl     92.01
[2022-04-10 04:03:15.538] End E007 | valid loss  5.335; ppl    207.52 | accu 0.1892 = 15019/79400
[2022-04-10 04:03:21.461] End E007 |  test loss  6.790; ppl    889.24 | accu 0.0821 = 26241/319680 ../data/cbt_valid.txt
[2022-04-10 04:03:23.109] End E007 |  test loss  9.443; ppl  12613.94 | accu 0.0011 = 96/89160 ../data/adult_test.txt
[2022-04-10 04:03:23.110] Epoch 008/40 ==================================================
[2022-04-10 04:03:27.279] E008 |   200/425 batches | lr 10.0000 | loss  4.410 | ppl     82.27
[2022-04-10 04:03:31.478] E008 |   400/425 batches | lr 10.0000 | loss  4.242 | ppl     69.53
[2022-04-10 04:03:32.021] E008 |   425/425 batches | lr 10.0000 | loss  4.235 | ppl     69.09
[2022-04-10 04:03:33.495] End E008 | valid loss  5.298; ppl    199.84 | accu 0.2054 = 16311/79400
[2022-04-10 04:03:39.588] End E008 |  test loss  7.204; ppl   1344.79 | accu 0.0907 = 28994/319680 ../data/cbt_valid.txt
[2022-04-10 04:03:41.303] End E008 |  test loss 10.679; ppl  43431.60 | accu 0.0002 = 15/89160 ../data/adult_test.txt
[2022-04-10 04:03:41.304] Save: model.pt... 
[2022-04-10 04:03:41.334] Save: model.pt...Done. best_val_loss: 5.2975
[2022-04-10 04:03:41.335] Epoch 009/40 ==================================================
[2022-04-10 04:03:45.529] E009 |   200/425 batches | lr 10.0000 | loss  4.290 | ppl     72.97
[2022-04-10 04:03:49.698] E009 |   400/425 batches | lr 10.0000 | loss  4.162 | ppl     64.23
[2022-04-10 04:03:50.242] E009 |   425/425 batches | lr 10.0000 | loss  4.173 | ppl     64.91
[2022-04-10 04:03:51.715] End E009 | valid loss  5.318; ppl    203.91 | accu 0.2057 = 16336/79400
[2022-04-10 04:03:57.648] End E009 |  test loss  7.216; ppl   1361.37 | accu 0.0927 = 29643/319680 ../data/cbt_valid.txt
[2022-04-10 04:03:59.290] End E009 |  test loss 10.613; ppl  40651.89 | accu 0.0004 = 36/89160 ../data/adult_test.txt
[2022-04-10 04:03:59.290] Epoch 010/40 ==================================================
[2022-04-10 04:04:03.499] E010 |   200/425 batches | lr 5.0000 | loss  4.185 | ppl     65.69
[2022-04-10 04:04:07.692] E010 |   400/425 batches | lr 5.0000 | loss  4.024 | ppl     55.92
[2022-04-10 04:04:08.208] E010 |   425/425 batches | lr 5.0000 | loss  4.003 | ppl     54.75
[2022-04-10 04:04:09.681] End E010 | valid loss  5.320; ppl    204.31 | accu 0.2097 = 16647/79400
[2022-04-10 04:04:15.574] End E010 |  test loss  7.480; ppl   1772.41 | accu 0.0958 = 30639/319680 ../data/cbt_valid.txt
[2022-04-10 04:04:17.234] End E010 |  test loss 11.305; ppl  81230.07 | accu 0.0007 = 58/89160 ../data/adult_test.txt
[2022-04-10 04:04:17.235] Epoch 011/40 ==================================================
[2022-04-10 04:04:21.402] E011 |   200/425 batches | lr 2.5000 | loss  4.115 | ppl     61.23
[2022-04-10 04:04:25.641] E011 |   400/425 batches | lr 2.5000 | loss  3.942 | ppl     51.54
[2022-04-10 04:04:26.157] E011 |   425/425 batches | lr 2.5000 | loss  3.925 | ppl     50.63
[2022-04-10 04:04:27.617] End E011 | valid loss  5.322; ppl    204.73 | accu 0.2120 = 16831/79400
[2022-04-10 04:04:33.646] End E011 |  test loss  7.608; ppl   2014.52 | accu 0.0962 = 30750/319680 ../data/cbt_valid.txt
[2022-04-10 04:04:35.366] End E011 |  test loss 11.566; ppl 105473.68 | accu 0.0008 = 67/89160 ../data/adult_test.txt
[2022-04-10 04:04:35.367] Epoch 012/40 ==================================================
[2022-04-10 04:04:39.565] E012 |   200/425 batches | lr 1.2500 | loss  4.074 | ppl     58.79
[2022-04-10 04:04:43.724] E012 |   400/425 batches | lr 1.2500 | loss  3.900 | ppl     49.42
[2022-04-10 04:04:44.240] E012 |   425/425 batches | lr 1.2500 | loss  3.875 | ppl     48.17
[2022-04-10 04:04:45.732] End E012 | valid loss  5.322; ppl    204.78 | accu 0.2129 = 16906/79400
[2022-04-10 04:04:51.640] End E012 |  test loss  7.671; ppl   2145.14 | accu 0.0975 = 31180/319680 ../data/cbt_valid.txt
[2022-04-10 04:04:53.283] End E012 |  test loss 11.825; ppl 136670.92 | accu 0.0007 = 60/89160 ../data/adult_test.txt
[2022-04-10 04:04:53.283] Epoch 013/40 ==================================================
[2022-04-10 04:04:57.446] E013 |   200/425 batches | lr 0.6250 | loss  4.051 | ppl     57.43
[2022-04-10 04:05:01.651] E013 |   400/425 batches | lr 0.6250 | loss  3.881 | ppl     48.45
[2022-04-10 04:05:02.167] E013 |   425/425 batches | lr 0.6250 | loss  3.849 | ppl     46.95
[2022-04-10 04:05:03.649] End E013 | valid loss  5.317; ppl    203.75 | accu 0.2132 = 16931/79400
[2022-04-10 04:05:09.563] End E013 |  test loss  7.638; ppl   2075.65 | accu 0.0975 = 31155/319680 ../data/cbt_valid.txt
[2022-04-10 04:05:11.216] End E013 |  test loss 11.729; ppl 124152.10 | accu 0.0006 = 53/89160 ../data/adult_test.txt
[2022-04-10 04:05:11.216] Epoch 014/40 ==================================================
[2022-04-10 04:05:15.415] E014 |   200/425 batches | lr 0.3125 | loss  4.037 | ppl     56.63
[2022-04-10 04:05:19.574] E014 |   400/425 batches | lr 0.3125 | loss  3.866 | ppl     47.75
[2022-04-10 04:05:20.099] E014 |   425/425 batches | lr 0.3125 | loss  3.850 | ppl     47.00
[2022-04-10 04:05:21.577] End E014 | valid loss  5.313; ppl    202.94 | accu 0.2131 = 16918/79400
[2022-04-10 04:05:27.654] End E014 |  test loss  7.652; ppl   2104.10 | accu 0.0975 = 31172/319680 ../data/cbt_valid.txt
[2022-04-10 04:05:29.361] End E014 |  test loss 11.783; ppl 131039.88 | accu 0.0005 = 44/89160 ../data/adult_test.txt
[2022-04-10 04:05:29.361] Epoch 015/40 ==================================================
[2022-04-10 04:05:33.526] E015 |   200/425 batches | lr 0.1562 | loss  4.030 | ppl     56.28
[2022-04-10 04:05:37.705] E015 |   400/425 batches | lr 0.1562 | loss  3.862 | ppl     47.55
[2022-04-10 04:05:38.222] E015 |   425/425 batches | lr 0.1562 | loss  3.837 | ppl     46.40
[2022-04-10 04:05:39.700] End E015 | valid loss  5.310; ppl    202.34 | accu 0.2129 = 16901/79400
[2022-04-10 04:05:45.620] End E015 |  test loss  7.640; ppl   2079.90 | accu 0.0973 = 31117/319680 ../data/cbt_valid.txt
[2022-04-10 04:05:47.261] End E015 |  test loss 11.778; ppl 130395.55 | accu 0.0005 = 45/89160 ../data/adult_test.txt
[2022-04-10 04:05:47.261] Epoch 016/40 ==================================================
[2022-04-10 04:05:51.462] E016 |   200/425 batches | lr 0.0781 | loss  4.031 | ppl     56.30
[2022-04-10 04:05:55.647] E016 |   400/425 batches | lr 0.0781 | loss  3.855 | ppl     47.21
[2022-04-10 04:05:56.178] E016 |   425/425 batches | lr 0.0781 | loss  3.826 | ppl     45.89
[2022-04-10 04:05:57.644] End E016 | valid loss  5.310; ppl    202.33 | accu 0.2127 = 16890/79400
[2022-04-10 04:06:03.567] End E016 |  test loss  7.636; ppl   2070.67 | accu 0.0973 = 31101/319680 ../data/cbt_valid.txt
[2022-04-10 04:06:05.232] End E016 |  test loss 11.771; ppl 129392.01 | accu 0.0005 = 45/89160 ../data/adult_test.txt
[2022-04-10 04:06:05.232] Epoch 017/40 ==================================================
[2022-04-10 04:06:09.387] E017 |   200/425 batches | lr 0.0391 | loss  4.026 | ppl     56.06
[2022-04-10 04:06:13.592] E017 |   400/425 batches | lr 0.0391 | loss  3.855 | ppl     47.25
[2022-04-10 04:06:14.108] E017 |   425/425 batches | lr 0.0391 | loss  3.835 | ppl     46.28
[2022-04-10 04:06:15.611] End E017 | valid loss  5.310; ppl    202.30 | accu 0.2130 = 16909/79400
[2022-04-10 04:06:21.698] End E017 |  test loss  7.632; ppl   2063.42 | accu 0.0972 = 31070/319680 ../data/cbt_valid.txt
[2022-04-10 04:06:23.411] End E017 |  test loss 11.760; ppl 128074.73 | accu 0.0005 = 46/89160 ../data/adult_test.txt
[2022-04-10 04:06:23.411] Epoch 018/40 ==================================================
[2022-04-10 04:06:27.608] E018 |   200/425 batches | lr 0.0195 | loss  4.029 | ppl     56.18
[2022-04-10 04:06:31.810] E018 |   400/425 batches | lr 0.0195 | loss  3.855 | ppl     47.21
[2022-04-10 04:06:32.327] E018 |   425/425 batches | lr 0.0195 | loss  3.834 | ppl     46.24
[2022-04-10 04:06:33.811] End E018 | valid loss  5.310; ppl    202.26 | accu 0.2129 = 16906/79400
[2022-04-10 04:06:39.747] End E018 |  test loss  7.630; ppl   2058.86 | accu 0.0971 = 31053/319680 ../data/cbt_valid.txt
[2022-04-10 04:06:41.419] End E018 |  test loss 11.756; ppl 127526.34 | accu 0.0005 = 48/89160 ../data/adult_test.txt
[2022-04-10 04:06:41.419] Epoch 019/40 ==================================================
[2022-04-10 04:06:45.672] E019 |   200/425 batches | lr 0.0098 | loss  4.025 | ppl     55.97
[2022-04-10 04:06:49.834] E019 |   400/425 batches | lr 0.0098 | loss  3.852 | ppl     47.09
[2022-04-10 04:06:50.362] E019 |   425/425 batches | lr 0.0098 | loss  3.829 | ppl     46.00
[2022-04-10 04:06:51.845] End E019 | valid loss  5.309; ppl    202.22 | accu 0.2129 = 16903/79400
[2022-04-10 04:06:57.753] End E019 |  test loss  7.629; ppl   2057.62 | accu 0.0971 = 31044/319680 ../data/cbt_valid.txt
[2022-04-10 04:06:59.393] End E019 |  test loss 11.756; ppl 127566.92 | accu 0.0005 = 47/89160 ../data/adult_test.txt
[2022-04-10 04:06:59.393] Epoch 020/40 ==================================================
[2022-04-10 04:07:03.612] E020 |   200/425 batches | lr 0.0049 | loss  4.023 | ppl     55.89
[2022-04-10 04:07:07.786] E020 |   400/425 batches | lr 0.0049 | loss  3.854 | ppl     47.19
[2022-04-10 04:07:08.300] E020 |   425/425 batches | lr 0.0049 | loss  3.835 | ppl     46.29
[2022-04-10 04:07:09.780] End E020 | valid loss  5.309; ppl    202.21 | accu 0.2128 = 16900/79400
[2022-04-10 04:07:15.910] End E020 |  test loss  7.629; ppl   2057.85 | accu 0.0971 = 31035/319680 ../data/cbt_valid.txt
[2022-04-10 04:07:17.612] End E020 |  test loss 11.757; ppl 127613.69 | accu 0.0005 = 47/89160 ../data/adult_test.txt
[2022-04-10 04:07:17.612] Epoch 021/40 ==================================================
[2022-04-10 04:07:21.801] E021 |   200/425 batches | lr 0.0024 | loss  4.026 | ppl     56.06
[2022-04-10 04:07:25.989] E021 |   400/425 batches | lr 0.0024 | loss  3.849 | ppl     46.95
[2022-04-10 04:07:26.513] E021 |   425/425 batches | lr 0.0024 | loss  3.834 | ppl     46.25
[2022-04-10 04:07:27.988] End E021 | valid loss  5.309; ppl    202.21 | accu 0.2129 = 16902/79400
[2022-04-10 04:07:33.939] End E021 |  test loss  7.629; ppl   2057.53 | accu 0.0971 = 31033/319680 ../data/cbt_valid.txt
[2022-04-10 04:07:35.558] End E021 |  test loss 11.757; ppl 127595.74 | accu 0.0005 = 47/89160 ../data/adult_test.txt
[2022-04-10 04:07:35.558] Epoch 022/40 ==================================================
[2022-04-10 04:07:39.727] E022 |   200/425 batches | lr 0.0012 | loss  4.026 | ppl     56.04
[2022-04-10 04:07:43.939] E022 |   400/425 batches | lr 0.0012 | loss  3.853 | ppl     47.12
[2022-04-10 04:07:44.462] E022 |   425/425 batches | lr 0.0012 | loss  3.837 | ppl     46.39
[2022-04-10 04:07:45.945] End E022 | valid loss  5.309; ppl    202.20 | accu 0.2129 = 16902/79400
[2022-04-10 04:07:51.923] End E022 |  test loss  7.629; ppl   2056.82 | accu 0.0971 = 31032/319680 ../data/cbt_valid.txt
[2022-04-10 04:07:53.597] End E022 |  test loss 11.756; ppl 127535.90 | accu 0.0005 = 47/89160 ../data/adult_test.txt
[2022-04-10 04:07:53.597] Epoch 023/40 ==================================================
[2022-04-10 04:07:57.783] E023 |   200/425 batches | lr 0.0006 | loss  4.026 | ppl     56.05
[2022-04-10 04:08:01.953] E023 |   400/425 batches | lr 0.0006 | loss  3.854 | ppl     47.18
[2022-04-10 04:08:02.487] E023 |   425/425 batches | lr 0.0006 | loss  3.826 | ppl     45.90
[2022-04-10 04:08:03.957] End E023 | valid loss  5.309; ppl    202.20 | accu 0.2129 = 16902/79400
[2022-04-10 04:08:10.067] End E023 |  test loss  7.629; ppl   2056.61 | accu 0.0971 = 31034/319680 ../data/cbt_valid.txt
[2022-04-10 04:08:11.772] End E023 |  test loss 11.756; ppl 127505.20 | accu 0.0005 = 48/89160 ../data/adult_test.txt
[2022-04-10 04:08:11.772] Epoch 024/40 ==================================================
[2022-04-10 04:08:15.957] E024 |   200/425 batches | lr 0.0003 | loss  4.026 | ppl     56.04
[2022-04-10 04:08:20.144] E024 |   400/425 batches | lr 0.0003 | loss  3.851 | ppl     47.05
[2022-04-10 04:08:20.665] E024 |   425/425 batches | lr 0.0003 | loss  3.830 | ppl     46.07
[2022-04-10 04:08:22.137] End E024 | valid loss  5.309; ppl    202.20 | accu 0.2129 = 16901/79400
[2022-04-10 04:08:28.021] End E024 |  test loss  7.629; ppl   2056.58 | accu 0.0971 = 31033/319680 ../data/cbt_valid.txt
[2022-04-10 04:08:29.652] End E024 |  test loss 11.756; ppl 127504.44 | accu 0.0005 = 48/89160 ../data/adult_test.txt
[2022-04-10 04:08:29.653] Epoch 025/40 ==================================================
[2022-04-10 04:08:33.850] E025 |   200/425 batches | lr 0.0002 | loss  4.025 | ppl     55.98
[2022-04-10 04:08:38.051] E025 |   400/425 batches | lr 0.0002 | loss  3.853 | ppl     47.13
[2022-04-10 04:08:38.601] E025 |   425/425 batches | lr 0.0002 | loss  3.829 | ppl     46.04
[2022-04-10 04:08:40.089] End E025 | valid loss  5.309; ppl    202.20 | accu 0.2129 = 16901/79400
[2022-04-10 04:08:46.028] End E025 |  test loss  7.629; ppl   2056.54 | accu 0.0971 = 31032/319680 ../data/cbt_valid.txt
[2022-04-10 04:08:47.671] End E025 |  test loss 11.756; ppl 127501.31 | accu 0.0005 = 48/89160 ../data/adult_test.txt
[2022-04-10 04:08:47.672] Epoch 026/40 ==================================================
[2022-04-10 04:08:51.865] E026 |   200/425 batches | lr 0.0001 | loss  4.022 | ppl     55.82
[2022-04-10 04:08:56.057] E026 |   400/425 batches | lr 0.0001 | loss  3.853 | ppl     47.13
[2022-04-10 04:08:56.573] E026 |   425/425 batches | lr 0.0001 | loss  3.821 | ppl     45.64
[2022-04-10 04:08:58.052] End E026 | valid loss  5.309; ppl    202.20 | accu 0.2129 = 16901/79400
[2022-04-10 04:09:04.198] End E026 |  test loss  7.629; ppl   2056.53 | accu 0.0971 = 31032/319680 ../data/cbt_valid.txt
[2022-04-10 04:09:05.917] End E026 |  test loss 11.756; ppl 127500.62 | accu 0.0005 = 48/89160 ../data/adult_test.txt
[2022-04-10 04:09:05.917] Epoch 027/40 ==================================================
[2022-04-10 04:09:10.101] E027 |   200/425 batches | lr 0.0000 | loss  4.023 | ppl     55.86
[2022-04-10 04:09:14.263] E027 |   400/425 batches | lr 0.0000 | loss  3.852 | ppl     47.07
[2022-04-10 04:09:14.784] E027 |   425/425 batches | lr 0.0000 | loss  3.824 | ppl     45.80
[2022-04-10 04:09:16.279] End E027 | valid loss  5.309; ppl    202.20 | accu 0.2129 = 16902/79400
[2022-04-10 04:09:22.202] End E027 |  test loss  7.629; ppl   2056.51 | accu 0.0971 = 31032/319680 ../data/cbt_valid.txt
[2022-04-10 04:09:23.846] End E027 |  test loss 11.756; ppl 127497.86 | accu 0.0005 = 48/89160 ../data/adult_test.txt
[2022-04-10 04:09:23.847] Epoch 028/40 ==================================================
[2022-04-10 04:09:28.017] E028 |   200/425 batches | lr 0.0000 | loss  4.026 | ppl     56.06
[2022-04-10 04:09:32.191] E028 |   400/425 batches | lr 0.0000 | loss  3.852 | ppl     47.10
[2022-04-10 04:09:32.707] E028 |   425/425 batches | lr 0.0000 | loss  3.833 | ppl     46.21
[2022-04-10 04:09:34.176] End E028 | valid loss  5.309; ppl    202.20 | accu 0.2129 = 16902/79400
[2022-04-10 04:09:40.072] End E028 |  test loss  7.629; ppl   2056.50 | accu 0.0971 = 31032/319680 ../data/cbt_valid.txt
[2022-04-10 04:09:41.709] End E028 |  test loss 11.756; ppl 127496.38 | accu 0.0005 = 48/89160 ../data/adult_test.txt
[2022-04-10 04:09:41.709] Epoch 029/40 ==================================================
[2022-04-10 04:09:45.880] E029 |   200/425 batches | lr 0.0000 | loss  4.024 | ppl     55.91
[2022-04-10 04:09:50.055] E029 |   400/425 batches | lr 0.0000 | loss  3.855 | ppl     47.21
[2022-04-10 04:09:50.577] E029 |   425/425 batches | lr 0.0000 | loss  3.830 | ppl     46.04
[2022-04-10 04:09:52.051] End E029 | valid loss  5.309; ppl    202.20 | accu 0.2129 = 16902/79400
[2022-04-10 04:09:58.133] End E029 |  test loss  7.629; ppl   2056.50 | accu 0.0971 = 31032/319680 ../data/cbt_valid.txt
[2022-04-10 04:09:59.843] End E029 |  test loss 11.756; ppl 127495.93 | accu 0.0005 = 48/89160 ../data/adult_test.txt
[2022-04-10 04:09:59.843] Epoch 030/40 ==================================================
[2022-04-10 04:10:04.056] E030 |   200/425 batches | lr 0.0000 | loss  4.026 | ppl     56.02
[2022-04-10 04:10:08.252] E030 |   400/425 batches | lr 0.0000 | loss  3.852 | ppl     47.07
[2022-04-10 04:10:08.781] E030 |   425/425 batches | lr 0.0000 | loss  3.829 | ppl     46.00
[2022-04-10 04:10:10.292] End E030 | valid loss  5.309; ppl    202.20 | accu 0.2129 = 16902/79400
[2022-04-10 04:10:16.209] End E030 |  test loss  7.629; ppl   2056.49 | accu 0.0971 = 31032/319680 ../data/cbt_valid.txt
[2022-04-10 04:10:17.856] End E030 |  test loss 11.756; ppl 127495.77 | accu 0.0005 = 48/89160 ../data/adult_test.txt
[2022-04-10 04:10:17.857] Epoch 031/40 ==================================================
[2022-04-10 04:10:22.024] E031 |   200/425 batches | lr 0.0000 | loss  4.026 | ppl     56.04
[2022-04-10 04:10:26.207] E031 |   400/425 batches | lr 0.0000 | loss  3.854 | ppl     47.16
[2022-04-10 04:10:26.725] E031 |   425/425 batches | lr 0.0000 | loss  3.822 | ppl     45.70
[2022-04-10 04:10:28.200] End E031 | valid loss  5.309; ppl    202.20 | accu 0.2129 = 16902/79400
[2022-04-10 04:10:34.093] End E031 |  test loss  7.629; ppl   2056.49 | accu 0.0971 = 31032/319680 ../data/cbt_valid.txt
[2022-04-10 04:10:35.743] End E031 |  test loss 11.756; ppl 127495.73 | accu 0.0005 = 48/89160 ../data/adult_test.txt
[2022-04-10 04:10:35.744] Epoch 032/40 ==================================================
[2022-04-10 04:10:39.930] E032 |   200/425 batches | lr 0.0000 | loss  4.024 | ppl     55.90
[2022-04-10 04:10:44.106] E032 |   400/425 batches | lr 0.0000 | loss  3.851 | ppl     47.04
[2022-04-10 04:10:44.627] E032 |   425/425 batches | lr 0.0000 | loss  3.827 | ppl     45.94
[2022-04-10 04:10:46.117] End E032 | valid loss  5.309; ppl    202.20 | accu 0.2129 = 16902/79400
[2022-04-10 04:10:52.226] End E032 |  test loss  7.629; ppl   2056.49 | accu 0.0971 = 31032/319680 ../data/cbt_valid.txt
[2022-04-10 04:10:53.947] End E032 |  test loss 11.756; ppl 127495.73 | accu 0.0005 = 48/89160 ../data/adult_test.txt
[2022-04-10 04:10:53.948] Epoch 033/40 ==================================================
[2022-04-10 04:10:58.115] E033 |   200/425 batches | lr 0.0000 | loss  4.026 | ppl     56.05
[2022-04-10 04:11:02.308] E033 |   400/425 batches | lr 0.0000 | loss  3.854 | ppl     47.17
[2022-04-10 04:11:02.825] E033 |   425/425 batches | lr 0.0000 | loss  3.822 | ppl     45.68
[2022-04-10 04:11:04.308] End E033 | valid loss  5.309; ppl    202.20 | accu 0.2129 = 16902/79400
[2022-04-10 04:11:10.240] End E033 |  test loss  7.629; ppl   2056.49 | accu 0.0971 = 31032/319680 ../data/cbt_valid.txt
[2022-04-10 04:11:11.896] End E033 |  test loss 11.756; ppl 127495.73 | accu 0.0005 = 48/89160 ../data/adult_test.txt
[2022-04-10 04:11:11.897] Epoch 034/40 ==================================================
[2022-04-10 04:11:16.083] E034 |   200/425 batches | lr 0.0000 | loss  4.023 | ppl     55.90
[2022-04-10 04:11:20.265] E034 |   400/425 batches | lr 0.0000 | loss  3.853 | ppl     47.12
[2022-04-10 04:11:20.784] E034 |   425/425 batches | lr 0.0000 | loss  3.827 | ppl     45.91
[2022-04-10 04:11:22.267] End E034 | valid loss  5.309; ppl    202.20 | accu 0.2129 = 16902/79400
[2022-04-10 04:11:28.189] End E034 |  test loss  7.629; ppl   2056.49 | accu 0.0971 = 31032/319680 ../data/cbt_valid.txt
[2022-04-10 04:11:29.827] End E034 |  test loss 11.756; ppl 127495.73 | accu 0.0005 = 48/89160 ../data/adult_test.txt
[2022-04-10 04:11:29.827] Epoch 035/40 ==================================================
[2022-04-10 04:11:34.015] E035 |   200/425 batches | lr 0.0000 | loss  4.025 | ppl     55.98
[2022-04-10 04:11:38.237] E035 |   400/425 batches | lr 0.0000 | loss  3.854 | ppl     47.20
[2022-04-10 04:11:38.757] E035 |   425/425 batches | lr 0.0000 | loss  3.826 | ppl     45.88
[2022-04-10 04:11:40.264] End E035 | valid loss  5.309; ppl    202.20 | accu 0.2129 = 16902/79400
[2022-04-10 04:11:46.371] End E035 |  test loss  7.629; ppl   2056.49 | accu 0.0971 = 31032/319680 ../data/cbt_valid.txt
[2022-04-10 04:11:48.080] End E035 |  test loss 11.756; ppl 127495.73 | accu 0.0005 = 48/89160 ../data/adult_test.txt
[2022-04-10 04:11:48.081] Epoch 036/40 ==================================================
[2022-04-10 04:11:52.256] E036 |   200/425 batches | lr 0.0000 | loss  4.024 | ppl     55.92
[2022-04-10 04:11:56.433] E036 |   400/425 batches | lr 0.0000 | loss  3.854 | ppl     47.19
[2022-04-10 04:11:56.951] E036 |   425/425 batches | lr 0.0000 | loss  3.832 | ppl     46.14
[2022-04-10 04:11:58.441] End E036 | valid loss  5.309; ppl    202.20 | accu 0.2129 = 16902/79400
[2022-04-10 04:12:04.361] End E036 |  test loss  7.629; ppl   2056.49 | accu 0.0971 = 31032/319680 ../data/cbt_valid.txt
[2022-04-10 04:12:06.015] End E036 |  test loss 11.756; ppl 127495.73 | accu 0.0005 = 48/89160 ../data/adult_test.txt
[2022-04-10 04:12:06.015] Epoch 037/40 ==================================================
[2022-04-10 04:12:10.203] E037 |   200/425 batches | lr 0.0000 | loss  4.027 | ppl     56.07
[2022-04-10 04:12:14.376] E037 |   400/425 batches | lr 0.0000 | loss  3.853 | ppl     47.13
[2022-04-10 04:12:14.907] E037 |   425/425 batches | lr 0.0000 | loss  3.826 | ppl     45.87
[2022-04-10 04:12:16.388] End E037 | valid loss  5.309; ppl    202.20 | accu 0.2129 = 16902/79400
[2022-04-10 04:12:22.314] End E037 |  test loss  7.629; ppl   2056.49 | accu 0.0971 = 31032/319680 ../data/cbt_valid.txt
[2022-04-10 04:12:23.970] End E037 |  test loss 11.756; ppl 127495.73 | accu 0.0005 = 48/89160 ../data/adult_test.txt
[2022-04-10 04:12:23.970] Epoch 038/40 ==================================================
[2022-04-10 04:12:28.139] E038 |   200/425 batches | lr 0.0000 | loss  4.027 | ppl     56.09
[2022-04-10 04:12:32.332] E038 |   400/425 batches | lr 0.0000 | loss  3.852 | ppl     47.09
[2022-04-10 04:12:32.857] E038 |   425/425 batches | lr 0.0000 | loss  3.832 | ppl     46.16
[2022-04-10 04:12:34.347] End E038 | valid loss  5.309; ppl    202.20 | accu 0.2129 = 16902/79400
[2022-04-10 04:12:40.483] End E038 |  test loss  7.629; ppl   2056.49 | accu 0.0971 = 31032/319680 ../data/cbt_valid.txt
[2022-04-10 04:12:42.193] End E038 |  test loss 11.756; ppl 127495.72 | accu 0.0005 = 48/89160 ../data/adult_test.txt
[2022-04-10 04:12:42.194] Epoch 039/40 ==================================================
[2022-04-10 04:12:46.382] E039 |   200/425 batches | lr 0.0000 | loss  4.028 | ppl     56.12
[2022-04-10 04:12:50.591] E039 |   400/425 batches | lr 0.0000 | loss  3.851 | ppl     47.06
[2022-04-10 04:12:51.108] E039 |   425/425 batches | lr 0.0000 | loss  3.823 | ppl     45.76
[2022-04-10 04:12:52.588] End E039 | valid loss  5.309; ppl    202.20 | accu 0.2129 = 16902/79400
[2022-04-10 04:12:58.515] End E039 |  test loss  7.629; ppl   2056.49 | accu 0.0971 = 31032/319680 ../data/cbt_valid.txt
[2022-04-10 04:13:00.172] End E039 |  test loss 11.756; ppl 127495.73 | accu 0.0005 = 48/89160 ../data/adult_test.txt
[2022-04-10 04:13:00.172] Epoch 040/40 ==================================================
[2022-04-10 04:13:04.320] E040 |   200/425 batches | lr 0.0000 | loss  4.023 | ppl     55.89
[2022-04-10 04:13:08.492] E040 |   400/425 batches | lr 0.0000 | loss  3.854 | ppl     47.19
[2022-04-10 04:13:09.009] E040 |   425/425 batches | lr 0.0000 | loss  3.822 | ppl     45.68
[2022-04-10 04:13:10.502] End E040 | valid loss  5.309; ppl    202.20 | accu 0.2129 = 16902/79400
[2022-04-10 04:13:16.408] End E040 |  test loss  7.629; ppl   2056.49 | accu 0.0971 = 31032/319680 ../data/cbt_valid.txt
[2022-04-10 04:13:18.050] End E040 |  test loss 11.756; ppl 127495.73 | accu 0.0005 = 48/89160 ../data/adult_test.txt
[2022-04-10 04:13:24.062] End. test loss  7.20; ppl  1344.79 | accu 0.0907 = 28994/319680 ../data/cbt_valid.txt
[2022-04-10 04:13:25.777] End. test loss 10.68; ppl 43431.60 | accu 0.0002 = 15/89160 ../data/adult_test.txt
[2022-04-10 04:13:25.777] =========================================================================================
