[2022-04-10 01:22:13.486] corpus.train_file_list: 1
[2022-04-10 01:22:13.486]         ../data/adolescent_train.txt
[2022-04-10 01:22:13.486] corpus.valid_file_list: 1
[2022-04-10 01:22:13.486]         ../data/adolescent_valid.txt
[2022-04-10 01:22:13.487] corpus.test_file_list: 2
[2022-04-10 01:22:13.487]         ../data/cbt_valid.txt
[2022-04-10 01:22:13.487]         ../data/adult_test.txt
[2022-04-10 01:22:13.487] corpus.subword_vocab_size: 200
[2022-04-10 01:22:13.487] corpus.subword_model.train(2 files)...
[2022-04-10 01:22:13.487]         ../data/adolescent_train.txt
[2022-04-10 01:22:13.487]         ../data/adolescent_valid.txt
[2022-04-10 01:22:13.733] corpus.subword_model.train(2 files)...Done
[2022-04-10 01:22:13.733] corpus tokenize...
[2022-04-10 01:22:15.352]         train tokens: 639416  ../data/adolescent_train.txt
[2022-04-10 01:22:15.732]         valid tokens: 165848  ../data/adolescent_valid.txt
[2022-04-10 01:22:16.985]         test  tokens: 591522  ../data/cbt_valid.txt
[2022-04-10 01:22:17.324]         test  tokens: 177097  ../data/adult_test.txt
[2022-04-10 01:22:17.324] corpus.ntokens      : 196
[2022-04-10 01:22:17.324] corpus.char_count   : 97
[2022-04-10 01:22:17.324] corpus.char_cnt_dict: 97
[2022-04-10 01:22:17.324] corpus.char_id_dict : 97
[2022-04-10 01:22:17.328] corpus.batchify(1 files, batch_size=20)...
[2022-04-10 01:22:17.328]         tokens_all: 639416
[2022-04-10 01:22:17.328]         batched   :  31970
[2022-04-10 01:22:17.328]         ../data/adolescent_train.txt
[2022-04-10 01:22:17.331] corpus.batchify(1 files, batch_size=20)...
[2022-04-10 01:22:17.331]         tokens_all: 165848
[2022-04-10 01:22:17.331]         batched   :   8292
[2022-04-10 01:22:17.331]         ../data/adolescent_valid.txt
[2022-04-10 01:22:17.335] corpus.batchify(1 files, batch_size=20)...
[2022-04-10 01:22:17.335]         tokens_all: 591522
[2022-04-10 01:22:17.335]         batched   :  29576
[2022-04-10 01:22:17.335]         ../data/cbt_valid.txt
[2022-04-10 01:22:17.337] corpus.batchify(1 files, batch_size=20)...
[2022-04-10 01:22:17.337]         tokens_all: 177097
[2022-04-10 01:22:17.337]         batched   :   8854
[2022-04-10 01:22:17.337]         ../data/adult_test.txt
[2022-04-10 01:22:17.344] RNNModel.rnn_type: LSTM
[2022-04-10 01:22:17.345] RNNModel.ntoken  : 196
[2022-04-10 01:22:17.345] RNNModel.ninp    : 200
[2022-04-10 01:22:17.345] RNNModel.nhid    : 200
[2022-04-10 01:22:17.345] RNNModel.nlayers : 2
[2022-04-10 01:22:17.345] RNNModel.dropout : 0.2
[2022-04-10 01:22:17.345] RNNModel.tie_weights: False
[2022-04-10 01:22:17.345] RNNModel.char_mode  : 
[2022-04-10 01:22:17.345] RNNModel.char_cnt   : 98
[2022-04-10 01:22:17.345] RNNModel.char_emsize: 25
[2022-04-10 01:22:17.345] RNNModel.char_nhid  : 200
[2022-04-10 01:22:17.345] RNNModel will not use char-encoding
[2022-04-10 01:22:17.347] Epoch 001/40 ==================================================
[2022-04-10 01:22:20.755] E001 |   200/913 batches | lr 20.0000 | loss  4.578 | ppl     97.34
[2022-04-10 01:22:24.285] E001 |   400/913 batches | lr 20.0000 | loss  4.118 | ppl     61.42
[2022-04-10 01:22:27.845] E001 |   600/913 batches | lr 20.0000 | loss  3.665 | ppl     39.04
[2022-04-10 01:22:31.232] E001 |   800/913 batches | lr 20.0000 | loss  3.394 | ppl     29.78
[2022-04-10 01:22:33.132] E001 |   913/913 batches | lr 20.0000 | loss  3.273 | ppl     26.38
[2022-04-10 01:22:35.932] End E001 | valid loss  3.310; ppl     27.37 | accu 0.2391 = 39642/165820
[2022-04-10 01:22:45.824] End E001 |  test loss  3.660; ppl     38.88 | accu 0.2148 = 127075/591500 ../data/cbt_valid.txt
[2022-04-10 01:22:48.769] End E001 |  test loss  3.982; ppl     53.61 | accu 0.1511 = 26747/177060 ../data/adult_test.txt
[2022-04-10 01:22:48.769] Save: model.pt... 
[2022-04-10 01:22:48.780] Save: model.pt...Done. best_val_loss: 3.3096
[2022-04-10 01:22:48.780] Epoch 002/40 ==================================================
[2022-04-10 01:22:52.146] E002 |   200/913 batches | lr 20.0000 | loss  3.210 | ppl     24.79
[2022-04-10 01:22:55.525] E002 |   400/913 batches | lr 20.0000 | loss  3.105 | ppl     22.30
[2022-04-10 01:22:58.872] E002 |   600/913 batches | lr 20.0000 | loss  3.036 | ppl     20.82
[2022-04-10 01:23:02.281] E002 |   800/913 batches | lr 20.0000 | loss  2.974 | ppl     19.58
[2022-04-10 01:23:04.177] E002 |   913/913 batches | lr 20.0000 | loss  2.956 | ppl     19.23
[2022-04-10 01:23:06.973] End E002 | valid loss  3.059; ppl     21.30 | accu 0.2895 = 48006/165820
[2022-04-10 01:23:16.878] End E002 |  test loss  3.462; ppl     31.87 | accu 0.2486 = 147038/591500 ../data/cbt_valid.txt
[2022-04-10 01:23:19.820] End E002 |  test loss  3.892; ppl     49.01 | accu 0.1739 = 30790/177060 ../data/adult_test.txt
[2022-04-10 01:23:19.820] Save: model.pt... 
[2022-04-10 01:23:19.830] Save: model.pt...Done. best_val_loss: 3.0587
[2022-04-10 01:23:19.830] Epoch 003/40 ==================================================
[2022-04-10 01:23:23.219] E003 |   200/913 batches | lr 20.0000 | loss  2.971 | ppl     19.52
[2022-04-10 01:23:26.606] E003 |   400/913 batches | lr 20.0000 | loss  2.916 | ppl     18.46
[2022-04-10 01:23:29.981] E003 |   600/913 batches | lr 20.0000 | loss  2.885 | ppl     17.90
[2022-04-10 01:23:33.359] E003 |   800/913 batches | lr 20.0000 | loss  2.854 | ppl     17.35
[2022-04-10 01:23:35.266] E003 |   913/913 batches | lr 20.0000 | loss  2.854 | ppl     17.35
[2022-04-10 01:23:38.041] End E003 | valid loss  2.972; ppl     19.53 | accu 0.3103 = 51459/165820
[2022-04-10 01:23:48.026] End E003 |  test loss  3.464; ppl     31.94 | accu 0.2536 = 150021/591500 ../data/cbt_valid.txt
[2022-04-10 01:23:50.982] End E003 |  test loss  3.971; ppl     53.03 | accu 0.1718 = 30414/177060 ../data/adult_test.txt
[2022-04-10 01:23:50.982] Save: model.pt... 
[2022-04-10 01:23:50.992] Save: model.pt...Done. best_val_loss: 2.9717
[2022-04-10 01:23:50.992] Epoch 004/40 ==================================================
[2022-04-10 01:23:54.377] E004 |   200/913 batches | lr 20.0000 | loss  2.881 | ppl     17.83
[2022-04-10 01:23:57.763] E004 |   400/913 batches | lr 20.0000 | loss  2.837 | ppl     17.06
[2022-04-10 01:24:01.149] E004 |   600/913 batches | lr 20.0000 | loss  2.818 | ppl     16.75
[2022-04-10 01:24:04.523] E004 |   800/913 batches | lr 20.0000 | loss  2.796 | ppl     16.38
[2022-04-10 01:24:06.422] E004 |   913/913 batches | lr 20.0000 | loss  2.809 | ppl     16.60
[2022-04-10 01:24:09.213] End E004 | valid loss  2.935; ppl     18.83 | accu 0.3132 = 51943/165820
[2022-04-10 01:24:19.091] End E004 |  test loss  3.462; ppl     31.87 | accu 0.2571 = 152077/591500 ../data/cbt_valid.txt
[2022-04-10 01:24:22.033] End E004 |  test loss  3.996; ppl     54.38 | accu 0.1733 = 30682/177060 ../data/adult_test.txt
[2022-04-10 01:24:22.033] Save: model.pt... 
[2022-04-10 01:24:22.043] Save: model.pt...Done. best_val_loss: 2.9353
[2022-04-10 01:24:22.043] Epoch 005/40 ==================================================
[2022-04-10 01:24:25.495] E005 |   200/913 batches | lr 20.0000 | loss  2.836 | ppl     17.05
[2022-04-10 01:24:28.854] E005 |   400/913 batches | lr 20.0000 | loss  2.796 | ppl     16.37
[2022-04-10 01:24:32.248] E005 |   600/913 batches | lr 20.0000 | loss  2.784 | ppl     16.19
[2022-04-10 01:24:35.621] E005 |   800/913 batches | lr 20.0000 | loss  2.767 | ppl     15.91
[2022-04-10 01:24:37.538] E005 |   913/913 batches | lr 20.0000 | loss  2.777 | ppl     16.06
[2022-04-10 01:24:40.341] End E005 | valid loss  2.921; ppl     18.56 | accu 0.3189 = 52888/165820
[2022-04-10 01:24:50.278] End E005 |  test loss  3.418; ppl     30.51 | accu 0.2662 = 157447/591500 ../data/cbt_valid.txt
[2022-04-10 01:24:53.232] End E005 |  test loss  3.874; ppl     48.15 | accu 0.1876 = 33209/177060 ../data/adult_test.txt
[2022-04-10 01:24:53.233] Save: model.pt... 
[2022-04-10 01:24:53.239] Save: model.pt...Done. best_val_loss: 2.9209
[2022-04-10 01:24:53.239] Epoch 006/40 ==================================================
[2022-04-10 01:24:56.641] E006 |   200/913 batches | lr 20.0000 | loss  2.811 | ppl     16.62
[2022-04-10 01:25:00.028] E006 |   400/913 batches | lr 20.0000 | loss  2.767 | ppl     15.92
[2022-04-10 01:25:03.485] E006 |   600/913 batches | lr 20.0000 | loss  2.762 | ppl     15.83
[2022-04-10 01:25:06.877] E006 |   800/913 batches | lr 20.0000 | loss  2.746 | ppl     15.59
[2022-04-10 01:25:08.790] E006 |   913/913 batches | lr 20.0000 | loss  2.757 | ppl     15.76
[2022-04-10 01:25:11.611] End E006 | valid loss  2.898; ppl     18.13 | accu 0.3228 = 53519/165820
[2022-04-10 01:25:21.505] End E006 |  test loss  3.412; ppl     30.33 | accu 0.2657 = 157144/591500 ../data/cbt_valid.txt
[2022-04-10 01:25:24.462] End E006 |  test loss  3.902; ppl     49.50 | accu 0.1838 = 32535/177060 ../data/adult_test.txt
[2022-04-10 01:25:24.463] Save: model.pt... 
[2022-04-10 01:25:24.473] Save: model.pt...Done. best_val_loss: 2.8977
[2022-04-10 01:25:24.473] Epoch 007/40 ==================================================
[2022-04-10 01:25:27.884] E007 |   200/913 batches | lr 20.0000 | loss  2.788 | ppl     16.24
[2022-04-10 01:25:31.300] E007 |   400/913 batches | lr 20.0000 | loss  2.752 | ppl     15.67
[2022-04-10 01:25:34.692] E007 |   600/913 batches | lr 20.0000 | loss  2.746 | ppl     15.58
[2022-04-10 01:25:38.068] E007 |   800/913 batches | lr 20.0000 | loss  2.732 | ppl     15.36
[2022-04-10 01:25:40.073] E007 |   913/913 batches | lr 20.0000 | loss  2.737 | ppl     15.44
[2022-04-10 01:25:42.847] End E007 | valid loss  2.903; ppl     18.22 | accu 0.3243 = 53768/165820
[2022-04-10 01:25:52.738] End E007 |  test loss  3.385; ppl     29.51 | accu 0.2695 = 159412/591500 ../data/cbt_valid.txt
[2022-04-10 01:25:55.714] End E007 |  test loss  3.882; ppl     48.53 | accu 0.1880 = 33295/177060 ../data/adult_test.txt
[2022-04-10 01:25:55.714] Epoch 008/40 ==================================================
[2022-04-10 01:25:59.139] E008 |   200/913 batches | lr 10.0000 | loss  2.724 | ppl     15.24
[2022-04-10 01:26:02.525] E008 |   400/913 batches | lr 10.0000 | loss  2.656 | ppl     14.24
[2022-04-10 01:26:05.891] E008 |   600/913 batches | lr 10.0000 | loss  2.635 | ppl     13.95
[2022-04-10 01:26:09.232] E008 |   800/913 batches | lr 10.0000 | loss  2.608 | ppl     13.57
[2022-04-10 01:26:11.145] E008 |   913/913 batches | lr 10.0000 | loss  2.604 | ppl     13.52
[2022-04-10 01:26:13.918] End E008 | valid loss  2.814; ppl     16.68 | accu 0.3420 = 56705/165820
[2022-04-10 01:26:23.823] End E008 |  test loss  3.543; ppl     34.56 | accu 0.2696 = 159487/591500 ../data/cbt_valid.txt
[2022-04-10 01:26:26.838] End E008 |  test loss  4.518; ppl     91.63 | accu 0.1726 = 30559/177060 ../data/adult_test.txt
[2022-04-10 01:26:26.839] Save: model.pt... 
[2022-04-10 01:26:26.848] Save: model.pt...Done. best_val_loss: 2.8142
[2022-04-10 01:26:26.849] Epoch 009/40 ==================================================
[2022-04-10 01:26:30.222] E009 |   200/913 batches | lr 10.0000 | loss  2.656 | ppl     14.24
[2022-04-10 01:26:33.587] E009 |   400/913 batches | lr 10.0000 | loss  2.609 | ppl     13.59
[2022-04-10 01:26:36.952] E009 |   600/913 batches | lr 10.0000 | loss  2.599 | ppl     13.45
[2022-04-10 01:26:40.361] E009 |   800/913 batches | lr 10.0000 | loss  2.584 | ppl     13.25
[2022-04-10 01:26:42.268] E009 |   913/913 batches | lr 10.0000 | loss  2.588 | ppl     13.30
[2022-04-10 01:26:45.079] End E009 | valid loss  2.804; ppl     16.51 | accu 0.3443 = 57095/165820
[2022-04-10 01:26:54.980] End E009 |  test loss  3.373; ppl     29.15 | accu 0.2810 = 166183/591500 ../data/cbt_valid.txt
[2022-04-10 01:26:57.939] End E009 |  test loss  4.021; ppl     55.73 | accu 0.1883 = 33340/177060 ../data/adult_test.txt
[2022-04-10 01:26:57.939] Save: model.pt... 
[2022-04-10 01:26:57.949] Save: model.pt...Done. best_val_loss: 2.8037
[2022-04-10 01:26:57.949] Epoch 010/40 ==================================================
[2022-04-10 01:27:01.345] E010 |   200/913 batches | lr 10.0000 | loss  2.630 | ppl     13.88
[2022-04-10 01:27:04.714] E010 |   400/913 batches | lr 10.0000 | loss  2.594 | ppl     13.38
[2022-04-10 01:27:08.080] E010 |   600/913 batches | lr 10.0000 | loss  2.588 | ppl     13.30
[2022-04-10 01:27:11.458] E010 |   800/913 batches | lr 10.0000 | loss  2.566 | ppl     13.01
[2022-04-10 01:27:13.362] E010 |   913/913 batches | lr 10.0000 | loss  2.577 | ppl     13.15
[2022-04-10 01:27:16.142] End E010 | valid loss  2.805; ppl     16.53 | accu 0.3441 = 57056/165820
[2022-04-10 01:27:26.082] End E010 |  test loss  3.438; ppl     31.14 | accu 0.2761 = 163299/591500 ../data/cbt_valid.txt
[2022-04-10 01:27:29.052] End E010 |  test loss  4.126; ppl     61.94 | accu 0.1862 = 32977/177060 ../data/adult_test.txt
[2022-04-10 01:27:29.052] Epoch 011/40 ==================================================
[2022-04-10 01:27:32.418] E011 |   200/913 batches | lr 5.0000 | loss  2.596 | ppl     13.41
[2022-04-10 01:27:35.814] E011 |   400/913 batches | lr 5.0000 | loss  2.544 | ppl     12.73
[2022-04-10 01:27:39.167] E011 |   600/913 batches | lr 5.0000 | loss  2.530 | ppl     12.55
[2022-04-10 01:27:42.547] E011 |   800/913 batches | lr 5.0000 | loss  2.507 | ppl     12.26
[2022-04-10 01:27:44.438] E011 |   913/913 batches | lr 5.0000 | loss  2.505 | ppl     12.25
[2022-04-10 01:27:47.227] End E011 | valid loss  2.768; ppl     15.92 | accu 0.3554 = 58934/165820
[2022-04-10 01:27:57.137] End E011 |  test loss  3.694; ppl     40.22 | accu 0.2772 = 163949/591500 ../data/cbt_valid.txt
[2022-04-10 01:28:00.113] End E011 |  test loss  7.902; ppl   2703.68 | accu 0.0907 = 16064/177060 ../data/adult_test.txt
[2022-04-10 01:28:00.113] Save: model.pt... 
[2022-04-10 01:28:00.123] Save: model.pt...Done. best_val_loss: 2.7677
[2022-04-10 01:28:00.123] Epoch 012/40 ==================================================
[2022-04-10 01:28:03.481] E012 |   200/913 batches | lr 5.0000 | loss  2.563 | ppl     12.97
[2022-04-10 01:28:06.960] E012 |   400/913 batches | lr 5.0000 | loss  2.522 | ppl     12.45
[2022-04-10 01:28:10.335] E012 |   600/913 batches | lr 5.0000 | loss  2.513 | ppl     12.34
[2022-04-10 01:28:13.756] E012 |   800/913 batches | lr 5.0000 | loss  2.495 | ppl     12.12
[2022-04-10 01:28:15.677] E012 |   913/913 batches | lr 5.0000 | loss  2.493 | ppl     12.10
[2022-04-10 01:28:18.482] End E012 | valid loss  2.762; ppl     15.84 | accu 0.3571 = 59220/165820
[2022-04-10 01:28:28.426] End E012 |  test loss  3.782; ppl     43.92 | accu 0.2733 = 161660/591500 ../data/cbt_valid.txt
[2022-04-10 01:28:31.398] End E012 |  test loss  7.248; ppl   1405.32 | accu 0.1062 = 18806/177060 ../data/adult_test.txt
[2022-04-10 01:28:31.398] Save: model.pt... 
[2022-04-10 01:28:31.404] Save: model.pt...Done. best_val_loss: 2.7623
[2022-04-10 01:28:31.404] Epoch 013/40 ==================================================
[2022-04-10 01:28:34.783] E013 |   200/913 batches | lr 5.0000 | loss  2.548 | ppl     12.79
[2022-04-10 01:28:38.174] E013 |   400/913 batches | lr 5.0000 | loss  2.507 | ppl     12.27
[2022-04-10 01:28:41.536] E013 |   600/913 batches | lr 5.0000 | loss  2.502 | ppl     12.20
[2022-04-10 01:28:44.939] E013 |   800/913 batches | lr 5.0000 | loss  2.484 | ppl     11.99
[2022-04-10 01:28:46.860] E013 |   913/913 batches | lr 5.0000 | loss  2.490 | ppl     12.06
[2022-04-10 01:28:49.697] End E013 | valid loss  2.773; ppl     16.01 | accu 0.3541 = 58718/165820
[2022-04-10 01:28:59.639] End E013 |  test loss  3.786; ppl     44.09 | accu 0.2714 = 160552/591500 ../data/cbt_valid.txt
[2022-04-10 01:29:02.619] End E013 |  test loss  6.279; ppl    533.05 | accu 0.1316 = 23303/177060 ../data/adult_test.txt
[2022-04-10 01:29:02.619] Epoch 014/40 ==================================================
[2022-04-10 01:29:06.030] E014 |   200/913 batches | lr 2.5000 | loss  2.534 | ppl     12.60
[2022-04-10 01:29:09.392] E014 |   400/913 batches | lr 2.5000 | loss  2.483 | ppl     11.98
[2022-04-10 01:29:12.816] E014 |   600/913 batches | lr 2.5000 | loss  2.473 | ppl     11.86
[2022-04-10 01:29:16.239] E014 |   800/913 batches | lr 2.5000 | loss  2.454 | ppl     11.63
[2022-04-10 01:29:18.172] E014 |   913/913 batches | lr 2.5000 | loss  2.453 | ppl     11.62
[2022-04-10 01:29:21.027] End E014 | valid loss  2.746; ppl     15.57 | accu 0.3601 = 59716/165820
[2022-04-10 01:29:31.125] End E014 |  test loss  3.864; ppl     47.68 | accu 0.2736 = 161833/591500 ../data/cbt_valid.txt
[2022-04-10 01:29:34.125] End E014 |  test loss  7.624; ppl   2045.84 | accu 0.0988 = 17493/177060 ../data/adult_test.txt
[2022-04-10 01:29:34.125] Save: model.pt... 
[2022-04-10 01:29:34.137] Save: model.pt...Done. best_val_loss: 2.7455
[2022-04-10 01:29:34.137] Epoch 015/40 ==================================================
[2022-04-10 01:29:37.580] E015 |   200/913 batches | lr 2.5000 | loss  2.514 | ppl     12.35
[2022-04-10 01:29:40.987] E015 |   400/913 batches | lr 2.5000 | loss  2.472 | ppl     11.85
[2022-04-10 01:29:44.409] E015 |   600/913 batches | lr 2.5000 | loss  2.465 | ppl     11.77
[2022-04-10 01:29:47.826] E015 |   800/913 batches | lr 2.5000 | loss  2.449 | ppl     11.57
[2022-04-10 01:29:49.759] E015 |   913/913 batches | lr 2.5000 | loss  2.446 | ppl     11.54
[2022-04-10 01:29:52.606] End E015 | valid loss  2.745; ppl     15.57 | accu 0.3600 = 59701/165820
[2022-04-10 01:30:02.695] End E015 |  test loss  3.728; ppl     41.60 | accu 0.2785 = 164750/591500 ../data/cbt_valid.txt
[2022-04-10 01:30:05.721] End E015 |  test loss  5.823; ppl    337.85 | accu 0.1476 = 26139/177060 ../data/adult_test.txt
[2022-04-10 01:30:05.721] Save: model.pt... 
[2022-04-10 01:30:05.731] Save: model.pt...Done. best_val_loss: 2.7452
[2022-04-10 01:30:05.731] Epoch 016/40 ==================================================
[2022-04-10 01:30:09.116] E016 |   200/913 batches | lr 2.5000 | loss  2.505 | ppl     12.24
[2022-04-10 01:30:12.488] E016 |   400/913 batches | lr 2.5000 | loss  2.465 | ppl     11.76
[2022-04-10 01:30:15.874] E016 |   600/913 batches | lr 2.5000 | loss  2.458 | ppl     11.68
[2022-04-10 01:30:19.230] E016 |   800/913 batches | lr 2.5000 | loss  2.441 | ppl     11.49
[2022-04-10 01:30:21.148] E016 |   913/913 batches | lr 2.5000 | loss  2.441 | ppl     11.48
[2022-04-10 01:30:23.938] End E016 | valid loss  2.735; ppl     15.41 | accu 0.3626 = 60134/165820
[2022-04-10 01:30:33.867] End E016 |  test loss  3.819; ppl     45.57 | accu 0.2778 = 164344/591500 ../data/cbt_valid.txt
[2022-04-10 01:30:36.853] End E016 |  test loss  7.700; ppl   2208.43 | accu 0.0968 = 17139/177060 ../data/adult_test.txt
[2022-04-10 01:30:36.853] Save: model.pt... 
[2022-04-10 01:30:36.863] Save: model.pt...Done. best_val_loss: 2.7353
[2022-04-10 01:30:36.863] Epoch 017/40 ==================================================
[2022-04-10 01:30:40.246] E017 |   200/913 batches | lr 2.5000 | loss  2.502 | ppl     12.21
[2022-04-10 01:30:43.616] E017 |   400/913 batches | lr 2.5000 | loss  2.458 | ppl     11.68
[2022-04-10 01:30:47.029] E017 |   600/913 batches | lr 2.5000 | loss  2.454 | ppl     11.63
[2022-04-10 01:30:50.414] E017 |   800/913 batches | lr 2.5000 | loss  2.441 | ppl     11.48
[2022-04-10 01:30:52.329] E017 |   913/913 batches | lr 2.5000 | loss  2.437 | ppl     11.44
[2022-04-10 01:30:55.141] End E017 | valid loss  2.744; ppl     15.55 | accu 0.3604 = 59763/165820
[2022-04-10 01:31:05.069] End E017 |  test loss  3.986; ppl     53.82 | accu 0.2708 = 160193/591500 ../data/cbt_valid.txt
[2022-04-10 01:31:08.027] End E017 |  test loss  8.820; ppl   6765.50 | accu 0.0713 = 12624/177060 ../data/adult_test.txt
[2022-04-10 01:31:08.027] Epoch 018/40 ==================================================
[2022-04-10 01:31:11.423] E018 |   200/913 batches | lr 1.2500 | loss  2.492 | ppl     12.09
[2022-04-10 01:31:14.814] E018 |   400/913 batches | lr 1.2500 | loss  2.451 | ppl     11.60
[2022-04-10 01:31:18.182] E018 |   600/913 batches | lr 1.2500 | loss  2.438 | ppl     11.45
[2022-04-10 01:31:21.624] E018 |   800/913 batches | lr 1.2500 | loss  2.420 | ppl     11.25
[2022-04-10 01:31:23.568] E018 |   913/913 batches | lr 1.2500 | loss  2.421 | ppl     11.25
[2022-04-10 01:31:26.433] End E018 | valid loss  2.725; ppl     15.25 | accu 0.3664 = 60752/165820
[2022-04-10 01:31:36.363] End E018 |  test loss  3.913; ppl     50.05 | accu 0.2767 = 163645/591500 ../data/cbt_valid.txt
[2022-04-10 01:31:39.312] End E018 |  test loss  8.504; ppl   4933.70 | accu 0.0800 = 14166/177060 ../data/adult_test.txt
[2022-04-10 01:31:39.312] Save: model.pt... 
[2022-04-10 01:31:39.324] Save: model.pt...Done. best_val_loss: 2.7245
[2022-04-10 01:31:39.324] Epoch 019/40 ==================================================
[2022-04-10 01:31:42.693] E019 |   200/913 batches | lr 1.2500 | loss  2.483 | ppl     11.97
[2022-04-10 01:31:46.054] E019 |   400/913 batches | lr 1.2500 | loss  2.440 | ppl     11.47
[2022-04-10 01:31:49.434] E019 |   600/913 batches | lr 1.2500 | loss  2.436 | ppl     11.43
[2022-04-10 01:31:52.788] E019 |   800/913 batches | lr 1.2500 | loss  2.419 | ppl     11.23
[2022-04-10 01:31:54.677] E019 |   913/913 batches | lr 1.2500 | loss  2.416 | ppl     11.21
[2022-04-10 01:31:57.449] End E019 | valid loss  2.725; ppl     15.25 | accu 0.3658 = 60662/165820
[2022-04-10 01:32:07.423] End E019 |  test loss  4.042; ppl     56.96 | accu 0.2717 = 160691/591500 ../data/cbt_valid.txt
[2022-04-10 01:32:10.399] End E019 |  test loss  8.937; ppl   7609.07 | accu 0.0710 = 12563/177060 ../data/adult_test.txt
[2022-04-10 01:32:10.399] Epoch 020/40 ==================================================
[2022-04-10 01:32:13.754] E020 |   200/913 batches | lr 0.6250 | loss  2.477 | ppl     11.90
[2022-04-10 01:32:17.124] E020 |   400/913 batches | lr 0.6250 | loss  2.434 | ppl     11.40
[2022-04-10 01:32:20.496] E020 |   600/913 batches | lr 0.6250 | loss  2.425 | ppl     11.31
[2022-04-10 01:32:23.861] E020 |   800/913 batches | lr 0.6250 | loss  2.405 | ppl     11.08
[2022-04-10 01:32:25.801] E020 |   913/913 batches | lr 0.6250 | loss  2.411 | ppl     11.15
[2022-04-10 01:32:28.630] End E020 | valid loss  2.720; ppl     15.17 | accu 0.3673 = 60904/165820
[2022-04-10 01:32:38.635] End E020 |  test loss  3.911; ppl     49.93 | accu 0.2772 = 163947/591500 ../data/cbt_valid.txt
[2022-04-10 01:32:41.614] End E020 |  test loss  7.660; ppl   2122.60 | accu 0.0983 = 17404/177060 ../data/adult_test.txt
[2022-04-10 01:32:41.614] Save: model.pt... 
[2022-04-10 01:32:41.623] Save: model.pt...Done. best_val_loss: 2.7195
[2022-04-10 01:32:41.624] Epoch 021/40 ==================================================
[2022-04-10 01:32:45.023] E021 |   200/913 batches | lr 0.6250 | loss  2.472 | ppl     11.84
[2022-04-10 01:32:48.387] E021 |   400/913 batches | lr 0.6250 | loss  2.427 | ppl     11.33
[2022-04-10 01:32:51.774] E021 |   600/913 batches | lr 0.6250 | loss  2.425 | ppl     11.30
[2022-04-10 01:32:55.162] E021 |   800/913 batches | lr 0.6250 | loss  2.407 | ppl     11.10
[2022-04-10 01:32:57.146] E021 |   913/913 batches | lr 0.6250 | loss  2.407 | ppl     11.10
[2022-04-10 01:32:59.954] End E021 | valid loss  2.719; ppl     15.17 | accu 0.3671 = 60875/165820
[2022-04-10 01:33:09.852] End E021 |  test loss  3.885; ppl     48.67 | accu 0.2777 = 164269/591500 ../data/cbt_valid.txt
[2022-04-10 01:33:12.802] End E021 |  test loss  7.182; ppl   1315.92 | accu 0.1109 = 19644/177060 ../data/adult_test.txt
[2022-04-10 01:33:12.802] Save: model.pt... 
[2022-04-10 01:33:12.808] Save: model.pt...Done. best_val_loss: 2.7192
[2022-04-10 01:33:12.809] Epoch 022/40 ==================================================
[2022-04-10 01:33:16.206] E022 |   200/913 batches | lr 0.6250 | loss  2.470 | ppl     11.82
[2022-04-10 01:33:19.584] E022 |   400/913 batches | lr 0.6250 | loss  2.426 | ppl     11.32
[2022-04-10 01:33:22.942] E022 |   600/913 batches | lr 0.6250 | loss  2.419 | ppl     11.23
[2022-04-10 01:33:26.339] E022 |   800/913 batches | lr 0.6250 | loss  2.403 | ppl     11.06
[2022-04-10 01:33:28.224] E022 |   913/913 batches | lr 0.6250 | loss  2.403 | ppl     11.05
[2022-04-10 01:33:31.090] End E022 | valid loss  2.720; ppl     15.18 | accu 0.3669 = 60847/165820
[2022-04-10 01:33:41.012] End E022 |  test loss  3.967; ppl     52.85 | accu 0.2751 = 162732/591500 ../data/cbt_valid.txt
[2022-04-10 01:33:43.974] End E022 |  test loss  7.875; ppl   2630.05 | accu 0.0939 = 16631/177060 ../data/adult_test.txt
[2022-04-10 01:33:43.974] Epoch 023/40 ==================================================
[2022-04-10 01:33:47.365] E023 |   200/913 batches | lr 0.3125 | loss  2.466 | ppl     11.78
[2022-04-10 01:33:50.735] E023 |   400/913 batches | lr 0.3125 | loss  2.424 | ppl     11.29
[2022-04-10 01:33:54.108] E023 |   600/913 batches | lr 0.3125 | loss  2.420 | ppl     11.25
[2022-04-10 01:33:57.550] E023 |   800/913 batches | lr 0.3125 | loss  2.397 | ppl     10.99
[2022-04-10 01:33:59.455] E023 |   913/913 batches | lr 0.3125 | loss  2.400 | ppl     11.03
[2022-04-10 01:34:02.270] End E023 | valid loss  2.717; ppl     15.14 | accu 0.3679 = 61008/165820
[2022-04-10 01:34:12.202] End E023 |  test loss  3.950; ppl     51.93 | accu 0.2766 = 163616/591500 ../data/cbt_valid.txt
[2022-04-10 01:34:15.168] End E023 |  test loss  8.168; ppl   3526.10 | accu 0.0871 = 15418/177060 ../data/adult_test.txt
[2022-04-10 01:34:15.168] Save: model.pt... 
[2022-04-10 01:34:15.178] Save: model.pt...Done. best_val_loss: 2.7174
[2022-04-10 01:34:15.179] Epoch 024/40 ==================================================
[2022-04-10 01:34:18.587] E024 |   200/913 batches | lr 0.3125 | loss  2.465 | ppl     11.76
[2022-04-10 01:34:21.957] E024 |   400/913 batches | lr 0.3125 | loss  2.419 | ppl     11.24
[2022-04-10 01:34:25.448] E024 |   600/913 batches | lr 0.3125 | loss  2.414 | ppl     11.18
[2022-04-10 01:34:28.814] E024 |   800/913 batches | lr 0.3125 | loss  2.398 | ppl     11.01
[2022-04-10 01:34:30.734] E024 |   913/913 batches | lr 0.3125 | loss  2.401 | ppl     11.04
[2022-04-10 01:34:33.542] End E024 | valid loss  2.717; ppl     15.13 | accu 0.3679 = 61007/165820
[2022-04-10 01:34:43.504] End E024 |  test loss  3.937; ppl     51.28 | accu 0.2766 = 163635/591500 ../data/cbt_valid.txt
[2022-04-10 01:34:46.484] End E024 |  test loss  7.700; ppl   2207.59 | accu 0.0981 = 17361/177060 ../data/adult_test.txt
[2022-04-10 01:34:46.484] Save: model.pt... 
[2022-04-10 01:34:46.494] Save: model.pt...Done. best_val_loss: 2.7167
[2022-04-10 01:34:46.494] Epoch 025/40 ==================================================
[2022-04-10 01:34:49.859] E025 |   200/913 batches | lr 0.3125 | loss  2.463 | ppl     11.74
[2022-04-10 01:34:53.224] E025 |   400/913 batches | lr 0.3125 | loss  2.422 | ppl     11.27
[2022-04-10 01:34:56.618] E025 |   600/913 batches | lr 0.3125 | loss  2.417 | ppl     11.21
[2022-04-10 01:35:00.043] E025 |   800/913 batches | lr 0.3125 | loss  2.396 | ppl     10.98
[2022-04-10 01:35:01.983] E025 |   913/913 batches | lr 0.3125 | loss  2.402 | ppl     11.04
[2022-04-10 01:35:04.788] End E025 | valid loss  2.717; ppl     15.13 | accu 0.3681 = 61044/165820
[2022-04-10 01:35:14.739] End E025 |  test loss  3.970; ppl     52.97 | accu 0.2758 = 163108/591500 ../data/cbt_valid.txt
[2022-04-10 01:35:17.709] End E025 |  test loss  8.102; ppl   3300.79 | accu 0.0885 = 15671/177060 ../data/adult_test.txt
[2022-04-10 01:35:17.710] Save: model.pt... 
[2022-04-10 01:35:17.719] Save: model.pt...Done. best_val_loss: 2.7167
[2022-04-10 01:35:17.719] Epoch 026/40 ==================================================
[2022-04-10 01:35:21.160] E026 |   200/913 batches | lr 0.3125 | loss  2.462 | ppl     11.73
[2022-04-10 01:35:24.549] E026 |   400/913 batches | lr 0.3125 | loss  2.418 | ppl     11.22
[2022-04-10 01:35:27.923] E026 |   600/913 batches | lr 0.3125 | loss  2.415 | ppl     11.19
[2022-04-10 01:35:31.290] E026 |   800/913 batches | lr 0.3125 | loss  2.399 | ppl     11.01
[2022-04-10 01:35:33.193] E026 |   913/913 batches | lr 0.3125 | loss  2.398 | ppl     11.00
[2022-04-10 01:35:36.008] End E026 | valid loss  2.715; ppl     15.10 | accu 0.3685 = 61106/165820
[2022-04-10 01:35:45.921] End E026 |  test loss  4.044; ppl     57.07 | accu 0.2735 = 161753/591500 ../data/cbt_valid.txt
[2022-04-10 01:35:48.881] End E026 |  test loss  8.597; ppl   5415.49 | accu 0.0776 = 13742/177060 ../data/adult_test.txt
[2022-04-10 01:35:48.881] Save: model.pt... 
[2022-04-10 01:35:48.891] Save: model.pt...Done. best_val_loss: 2.7148
[2022-04-10 01:35:48.891] Epoch 027/40 ==================================================
[2022-04-10 01:35:52.241] E027 |   200/913 batches | lr 0.3125 | loss  2.459 | ppl     11.70
[2022-04-10 01:35:55.702] E027 |   400/913 batches | lr 0.3125 | loss  2.420 | ppl     11.24
[2022-04-10 01:35:59.061] E027 |   600/913 batches | lr 0.3125 | loss  2.415 | ppl     11.18
[2022-04-10 01:36:02.444] E027 |   800/913 batches | lr 0.3125 | loss  2.395 | ppl     10.96
[2022-04-10 01:36:04.338] E027 |   913/913 batches | lr 0.3125 | loss  2.399 | ppl     11.01
[2022-04-10 01:36:07.116] End E027 | valid loss  2.715; ppl     15.10 | accu 0.3685 = 61101/165820
[2022-04-10 01:36:17.021] End E027 |  test loss  4.032; ppl     56.37 | accu 0.2740 = 162089/591500 ../data/cbt_valid.txt
[2022-04-10 01:36:19.982] End E027 |  test loss  8.435; ppl   4604.50 | accu 0.0812 = 14385/177060 ../data/adult_test.txt
[2022-04-10 01:36:19.983] Save: model.pt... 
[2022-04-10 01:36:19.993] Save: model.pt...Done. best_val_loss: 2.7147
[2022-04-10 01:36:19.993] Epoch 028/40 ==================================================
[2022-04-10 01:36:23.350] E028 |   200/913 batches | lr 0.3125 | loss  2.459 | ppl     11.69
[2022-04-10 01:36:26.728] E028 |   400/913 batches | lr 0.3125 | loss  2.414 | ppl     11.18
[2022-04-10 01:36:30.091] E028 |   600/913 batches | lr 0.3125 | loss  2.411 | ppl     11.15
[2022-04-10 01:36:33.461] E028 |   800/913 batches | lr 0.3125 | loss  2.396 | ppl     10.98
[2022-04-10 01:36:35.402] E028 |   913/913 batches | lr 0.3125 | loss  2.395 | ppl     10.97
[2022-04-10 01:36:38.179] End E028 | valid loss  2.714; ppl     15.08 | accu 0.3686 = 61117/165820
[2022-04-10 01:36:48.102] End E028 |  test loss  3.997; ppl     54.43 | accu 0.2752 = 162807/591500 ../data/cbt_valid.txt
[2022-04-10 01:36:51.074] End E028 |  test loss  8.120; ppl   3360.76 | accu 0.0881 = 15598/177060 ../data/adult_test.txt
[2022-04-10 01:36:51.074] Save: model.pt... 
[2022-04-10 01:36:51.081] Save: model.pt...Done. best_val_loss: 2.7137
[2022-04-10 01:36:51.081] Epoch 029/40 ==================================================
[2022-04-10 01:36:54.435] E029 |   200/913 batches | lr 0.3125 | loss  2.459 | ppl     11.70
[2022-04-10 01:36:57.813] E029 |   400/913 batches | lr 0.3125 | loss  2.415 | ppl     11.19
[2022-04-10 01:37:01.194] E029 |   600/913 batches | lr 0.3125 | loss  2.410 | ppl     11.13
[2022-04-10 01:37:04.581] E029 |   800/913 batches | lr 0.3125 | loss  2.399 | ppl     11.01
[2022-04-10 01:37:06.520] E029 |   913/913 batches | lr 0.3125 | loss  2.397 | ppl     10.99
[2022-04-10 01:37:09.299] End E029 | valid loss  2.714; ppl     15.08 | accu 0.3685 = 61109/165820
[2022-04-10 01:37:19.285] End E029 |  test loss  3.944; ppl     51.60 | accu 0.2767 = 163677/591500 ../data/cbt_valid.txt
[2022-04-10 01:37:22.275] End E029 |  test loss  7.552; ppl   1905.34 | accu 0.1013 = 17936/177060 ../data/adult_test.txt
[2022-04-10 01:37:22.275] Save: model.pt... 
[2022-04-10 01:37:22.285] Save: model.pt...Done. best_val_loss: 2.7137
[2022-04-10 01:37:22.285] Epoch 030/40 ==================================================
[2022-04-10 01:37:25.690] E030 |   200/913 batches | lr 0.3125 | loss  2.457 | ppl     11.67
[2022-04-10 01:37:29.064] E030 |   400/913 batches | lr 0.3125 | loss  2.413 | ppl     11.17
[2022-04-10 01:37:32.444] E030 |   600/913 batches | lr 0.3125 | loss  2.407 | ppl     11.10
[2022-04-10 01:37:35.848] E030 |   800/913 batches | lr 0.3125 | loss  2.394 | ppl     10.96
[2022-04-10 01:37:37.773] E030 |   913/913 batches | lr 0.3125 | loss  2.396 | ppl     10.98
[2022-04-10 01:37:40.568] End E030 | valid loss  2.714; ppl     15.08 | accu 0.3688 = 61157/165820
[2022-04-10 01:37:50.490] End E030 |  test loss  3.950; ppl     51.93 | accu 0.2767 = 163675/591500 ../data/cbt_valid.txt
[2022-04-10 01:37:53.449] End E030 |  test loss  7.589; ppl   1975.56 | accu 0.1008 = 17853/177060 ../data/adult_test.txt
[2022-04-10 01:37:53.449] Save: model.pt... 
[2022-04-10 01:37:53.456] Save: model.pt...Done. best_val_loss: 2.7136
[2022-04-10 01:37:53.456] Epoch 031/40 ==================================================
[2022-04-10 01:37:56.877] E031 |   200/913 batches | lr 0.3125 | loss  2.456 | ppl     11.66
[2022-04-10 01:38:00.263] E031 |   400/913 batches | lr 0.3125 | loss  2.414 | ppl     11.17
[2022-04-10 01:38:03.641] E031 |   600/913 batches | lr 0.3125 | loss  2.411 | ppl     11.14
[2022-04-10 01:38:07.086] E031 |   800/913 batches | lr 0.3125 | loss  2.392 | ppl     10.93
[2022-04-10 01:38:09.039] E031 |   913/913 batches | lr 0.3125 | loss  2.396 | ppl     10.98
[2022-04-10 01:38:11.846] End E031 | valid loss  2.714; ppl     15.08 | accu 0.3686 = 61119/165820
[2022-04-10 01:38:21.772] End E031 |  test loss  3.960; ppl     52.48 | accu 0.2762 = 163399/591500 ../data/cbt_valid.txt
[2022-04-10 01:38:24.723] End E031 |  test loss  7.428; ppl   1682.02 | accu 0.1047 = 18531/177060 ../data/adult_test.txt
[2022-04-10 01:38:24.724] Epoch 032/40 ==================================================
[2022-04-10 01:38:28.115] E032 |   200/913 batches | lr 0.1562 | loss  2.457 | ppl     11.67
[2022-04-10 01:38:31.473] E032 |   400/913 batches | lr 0.1562 | loss  2.415 | ppl     11.19
[2022-04-10 01:38:34.864] E032 |   600/913 batches | lr 0.1562 | loss  2.410 | ppl     11.13
[2022-04-10 01:38:38.284] E032 |   800/913 batches | lr 0.1562 | loss  2.393 | ppl     10.95
[2022-04-10 01:38:40.182] E032 |   913/913 batches | lr 0.1562 | loss  2.392 | ppl     10.94
[2022-04-10 01:38:42.960] End E032 | valid loss  2.713; ppl     15.07 | accu 0.3690 = 61186/165820
[2022-04-10 01:38:52.842] End E032 |  test loss  3.975; ppl     53.25 | accu 0.2758 = 163129/591500 ../data/cbt_valid.txt
[2022-04-10 01:38:55.810] End E032 |  test loss  7.736; ppl   2289.67 | accu 0.0965 = 17087/177060 ../data/adult_test.txt
[2022-04-10 01:38:55.810] Save: model.pt... 
[2022-04-10 01:38:55.820] Save: model.pt...Done. best_val_loss: 2.7125
[2022-04-10 01:38:55.820] Epoch 033/40 ==================================================
[2022-04-10 01:38:59.214] E033 |   200/913 batches | lr 0.1562 | loss  2.456 | ppl     11.66
[2022-04-10 01:39:02.646] E033 |   400/913 batches | lr 0.1562 | loss  2.413 | ppl     11.17
[2022-04-10 01:39:06.031] E033 |   600/913 batches | lr 0.1562 | loss  2.407 | ppl     11.10
[2022-04-10 01:39:09.406] E033 |   800/913 batches | lr 0.1562 | loss  2.392 | ppl     10.94
[2022-04-10 01:39:11.310] E033 |   913/913 batches | lr 0.1562 | loss  2.394 | ppl     10.96
[2022-04-10 01:39:14.105] End E033 | valid loss  2.712; ppl     15.06 | accu 0.3692 = 61221/165820
[2022-04-10 01:39:24.053] End E033 |  test loss  3.991; ppl     54.09 | accu 0.2756 = 162992/591500 ../data/cbt_valid.txt
[2022-04-10 01:39:27.038] End E033 |  test loss  7.729; ppl   2274.09 | accu 0.0970 = 17167/177060 ../data/adult_test.txt
[2022-04-10 01:39:27.038] Save: model.pt... 
[2022-04-10 01:39:27.049] Save: model.pt...Done. best_val_loss: 2.7119
[2022-04-10 01:39:27.049] Epoch 034/40 ==================================================
[2022-04-10 01:39:30.432] E034 |   200/913 batches | lr 0.1562 | loss  2.453 | ppl     11.62
[2022-04-10 01:39:33.779] E034 |   400/913 batches | lr 0.1562 | loss  2.412 | ppl     11.15
[2022-04-10 01:39:37.210] E034 |   600/913 batches | lr 0.1562 | loss  2.410 | ppl     11.13
[2022-04-10 01:39:40.594] E034 |   800/913 batches | lr 0.1562 | loss  2.391 | ppl     10.92
[2022-04-10 01:39:42.508] E034 |   913/913 batches | lr 0.1562 | loss  2.395 | ppl     10.97
[2022-04-10 01:39:45.316] End E034 | valid loss  2.712; ppl     15.06 | accu 0.3694 = 61254/165820
[2022-04-10 01:39:55.166] End E034 |  test loss  4.000; ppl     54.62 | accu 0.2753 = 162844/591500 ../data/cbt_valid.txt
[2022-04-10 01:39:58.106] End E034 |  test loss  7.752; ppl   2327.17 | accu 0.0966 = 17108/177060 ../data/adult_test.txt
[2022-04-10 01:39:58.106] Save: model.pt... 
[2022-04-10 01:39:58.113] Save: model.pt...Done. best_val_loss: 2.7118
[2022-04-10 01:39:58.113] Epoch 035/40 ==================================================
[2022-04-10 01:40:01.509] E035 |   200/913 batches | lr 0.1562 | loss  2.453 | ppl     11.63
[2022-04-10 01:40:04.871] E035 |   400/913 batches | lr 0.1562 | loss  2.408 | ppl     11.11
[2022-04-10 01:40:08.265] E035 |   600/913 batches | lr 0.1562 | loss  2.407 | ppl     11.10
[2022-04-10 01:40:11.705] E035 |   800/913 batches | lr 0.1562 | loss  2.389 | ppl     10.91
[2022-04-10 01:40:13.601] E035 |   913/913 batches | lr 0.1562 | loss  2.395 | ppl     10.96
[2022-04-10 01:40:16.417] End E035 | valid loss  2.712; ppl     15.06 | accu 0.3693 = 61237/165820
[2022-04-10 01:40:26.401] End E035 |  test loss  4.009; ppl     55.09 | accu 0.2751 = 162740/591500 ../data/cbt_valid.txt
[2022-04-10 01:40:29.360] End E035 |  test loss  7.803; ppl   2448.82 | accu 0.0957 = 16948/177060 ../data/adult_test.txt
[2022-04-10 01:40:29.361] Save: model.pt... 
[2022-04-10 01:40:29.371] Save: model.pt...Done. best_val_loss: 2.7117
[2022-04-10 01:40:29.371] Epoch 036/40 ==================================================
[2022-04-10 01:40:32.802] E036 |   200/913 batches | lr 0.1562 | loss  2.451 | ppl     11.60
[2022-04-10 01:40:36.216] E036 |   400/913 batches | lr 0.1562 | loss  2.412 | ppl     11.15
[2022-04-10 01:40:39.569] E036 |   600/913 batches | lr 0.1562 | loss  2.403 | ppl     11.06
[2022-04-10 01:40:42.987] E036 |   800/913 batches | lr 0.1562 | loss  2.391 | ppl     10.93
[2022-04-10 01:40:44.889] E036 |   913/913 batches | lr 0.1562 | loss  2.391 | ppl     10.92
[2022-04-10 01:40:47.694] End E036 | valid loss  2.711; ppl     15.05 | accu 0.3690 = 61183/165820
[2022-04-10 01:40:57.647] End E036 |  test loss  3.981; ppl     53.59 | accu 0.2758 = 163113/591500 ../data/cbt_valid.txt
[2022-04-10 01:41:00.629] End E036 |  test loss  7.457; ppl   1731.55 | accu 0.1045 = 18502/177060 ../data/adult_test.txt
[2022-04-10 01:41:00.629] Save: model.pt... 
[2022-04-10 01:41:00.636] Save: model.pt...Done. best_val_loss: 2.7113
[2022-04-10 01:41:00.636] Epoch 037/40 ==================================================
[2022-04-10 01:41:04.016] E037 |   200/913 batches | lr 0.1562 | loss  2.450 | ppl     11.59
[2022-04-10 01:41:07.502] E037 |   400/913 batches | lr 0.1562 | loss  2.408 | ppl     11.11
[2022-04-10 01:41:10.862] E037 |   600/913 batches | lr 0.1562 | loss  2.405 | ppl     11.08
[2022-04-10 01:41:14.219] E037 |   800/913 batches | lr 0.1562 | loss  2.391 | ppl     10.93
[2022-04-10 01:41:16.131] E037 |   913/913 batches | lr 0.1562 | loss  2.389 | ppl     10.90
[2022-04-10 01:41:18.894] End E037 | valid loss  2.711; ppl     15.05 | accu 0.3691 = 61197/165820
[2022-04-10 01:41:28.791] End E037 |  test loss  3.964; ppl     52.67 | accu 0.2762 = 163399/591500 ../data/cbt_valid.txt
[2022-04-10 01:41:31.758] End E037 |  test loss  7.318; ppl   1506.56 | accu 0.1079 = 19106/177060 ../data/adult_test.txt
[2022-04-10 01:41:31.758] Save: model.pt... 
[2022-04-10 01:41:31.768] Save: model.pt...Done. best_val_loss: 2.7113
[2022-04-10 01:41:31.769] Epoch 038/40 ==================================================
[2022-04-10 01:41:35.133] E038 |   200/913 batches | lr 0.1562 | loss  2.451 | ppl     11.60
[2022-04-10 01:41:38.523] E038 |   400/913 batches | lr 0.1562 | loss  2.406 | ppl     11.09
[2022-04-10 01:41:41.887] E038 |   600/913 batches | lr 0.1562 | loss  2.404 | ppl     11.06
[2022-04-10 01:41:45.269] E038 |   800/913 batches | lr 0.1562 | loss  2.388 | ppl     10.89
[2022-04-10 01:41:47.173] E038 |   913/913 batches | lr 0.1562 | loss  2.391 | ppl     10.92
[2022-04-10 01:41:49.955] End E038 | valid loss  2.711; ppl     15.05 | accu 0.3695 = 61269/165820
[2022-04-10 01:41:59.898] End E038 |  test loss  3.959; ppl     52.41 | accu 0.2766 = 163630/591500 ../data/cbt_valid.txt
[2022-04-10 01:42:02.884] End E038 |  test loss  7.315; ppl   1502.70 | accu 0.1080 = 19118/177060 ../data/adult_test.txt
[2022-04-10 01:42:02.885] Save: model.pt... 
[2022-04-10 01:42:02.896] Save: model.pt...Done. best_val_loss: 2.7112
[2022-04-10 01:42:02.897] Epoch 039/40 ==================================================
[2022-04-10 01:42:06.256] E039 |   200/913 batches | lr 0.1562 | loss  2.450 | ppl     11.59
[2022-04-10 01:42:09.622] E039 |   400/913 batches | lr 0.1562 | loss  2.410 | ppl     11.13
[2022-04-10 01:42:12.991] E039 |   600/913 batches | lr 0.1562 | loss  2.404 | ppl     11.07
[2022-04-10 01:42:16.356] E039 |   800/913 batches | lr 0.1562 | loss  2.387 | ppl     10.88
[2022-04-10 01:42:18.248] E039 |   913/913 batches | lr 0.1562 | loss  2.390 | ppl     10.91
[2022-04-10 01:42:21.040] End E039 | valid loss  2.711; ppl     15.04 | accu 0.3696 = 61280/165820
[2022-04-10 01:42:30.985] End E039 |  test loss  3.999; ppl     54.56 | accu 0.2755 = 162935/591500 ../data/cbt_valid.txt
[2022-04-10 01:42:33.937] End E039 |  test loss  7.554; ppl   1909.28 | accu 0.1017 = 18010/177060 ../data/adult_test.txt
[2022-04-10 01:42:33.938] Save: model.pt... 
[2022-04-10 01:42:33.944] Save: model.pt...Done. best_val_loss: 2.7110
[2022-04-10 01:42:33.944] Epoch 040/40 ==================================================
[2022-04-10 01:42:37.319] E040 |   200/913 batches | lr 0.1562 | loss  2.452 | ppl     11.61
[2022-04-10 01:42:40.717] E040 |   400/913 batches | lr 0.1562 | loss  2.411 | ppl     11.14
[2022-04-10 01:42:44.105] E040 |   600/913 batches | lr 0.1562 | loss  2.406 | ppl     11.09
[2022-04-10 01:42:47.474] E040 |   800/913 batches | lr 0.1562 | loss  2.387 | ppl     10.88
[2022-04-10 01:42:49.369] E040 |   913/913 batches | lr 0.1562 | loss  2.392 | ppl     10.93
[2022-04-10 01:42:52.150] End E040 | valid loss  2.711; ppl     15.04 | accu 0.3696 = 61283/165820
[2022-04-10 01:43:02.062] End E040 |  test loss  3.985; ppl     53.77 | accu 0.2759 = 163176/591500 ../data/cbt_valid.txt
[2022-04-10 01:43:05.037] End E040 |  test loss  7.540; ppl   1881.04 | accu 0.1017 = 18005/177060 ../data/adult_test.txt
[2022-04-10 01:43:05.038] Save: model.pt... 
[2022-04-10 01:43:05.048] Save: model.pt...Done. best_val_loss: 2.7105
[2022-04-10 01:43:14.992] End. test loss  3.98; ppl    53.77 | accu 0.2759 = 163176/591500 ../data/cbt_valid.txt
[2022-04-10 01:43:17.906] End. test loss  7.54; ppl  1881.04 | accu 0.1017 = 18005/177060 ../data/adult_test.txt
[2022-04-10 01:43:17.906] =========================================================================================
